<?xml version="1.0" encoding="UTF-8"?>
<testsuite xmlns:xsi="http://www.w3.org/2001/XMLSchema-instance" xsi:noNamespaceSchemaLocation="https://maven.apache.org/surefire/maven-surefire-plugin/xsd/surefire-test-report-3.0.xsd" version="3.0" name="org.conjur.jenkins.jwtauthimpl.JwtTokenTest" time="1.314" tests="10" errors="0" skipped="0" failures="0">
  <properties>
    <property name="hudson.udp" value="-1"/>
    <property name="java.specification.version" value="17"/>
    <property name="sun.jnu.encoding" value="UTF-8"/>
    <property name="java.class.path" value="/Users/sameer.shaik/MyWorkSpace/17OctV2.2.3-New-BitBucketIssueFixed/conjur-credentials-plugin/target/test-classes:/Users/sameer.shaik/MyWorkSpace/17OctV2.2.3-New-BitBucketIssueFixed/conjur-credentials-plugin/target/classes:/Users/sameer.shaik/.m2/repository/org/jenkins-ci/plugins/cloudbees-folder/6.740.ve4f4ffa_dea_54/cloudbees-folder-6.740.ve4f4ffa_dea_54.jar:/Users/sameer.shaik/.m2/repository/org/jenkins-ci/plugins/credentials/1087.1089.v2f1b_9a_b_040e4/credentials-1087.1089.v2f1b_9a_b_040e4.jar:/Users/sameer.shaik/.m2/repository/org/jenkins-ci/plugins/structs/324.va_f5d6774f3a_d/structs-324.va_f5d6774f3a_d.jar:/Users/sameer.shaik/.m2/repository/org/antlr/antlr4-runtime/4.9.3/antlr4-runtime-4.9.3.jar:/Users/sameer.shaik/.m2/repository/org/jenkins-ci/plugins/credentials-binding/523.vd859a_4b_122e6/credentials-binding-523.vd859a_4b_122e6.jar:/Users/sameer.shaik/.m2/repository/org/jenkins-ci/plugins/plain-credentials/139.ved2b_9cf7587b/plain-credentials-139.ved2b_9cf7587b.jar:/Users/sameer.shaik/.m2/repository/org/jenkins-ci/plugins/workflow/workflow-step-api/639.v6eca_cd8c04a_a_/workflow-step-api-639.v6eca_cd8c04a_a_.jar:/Users/sameer.shaik/.m2/repository/org/jenkins-ci/plugins/ssh-credentials/277.280.v1e86b_7d0056b_/ssh-credentials-277.280.v1e86b_7d0056b_.jar:/Users/sameer.shaik/.m2/repository/org/jenkins-ci/plugins/trilead-api/1.67.vc3938a_35172f/trilead-api-1.67.vc3938a_35172f.jar:/Users/sameer.shaik/.m2/repository/org/jenkins-ci/trilead-ssh2/build-217-jenkins-27/trilead-ssh2-build-217-jenkins-27.jar:/Users/sameer.shaik/.m2/repository/net/i2p/crypto/eddsa/0.3.0/eddsa-0.3.0.jar:/Users/sameer.shaik/.m2/repository/com/google/crypto/tink/tink/1.5.0/tink-1.5.0.jar:/Users/sameer.shaik/.m2/repository/com/google/protobuf/protobuf-java/3.11.1/protobuf-java-3.11.1.jar:/Users/sameer.shaik/.m2/repository/org/kohsuke/trilead-putty-extension/1.2/trilead-putty-extension-1.2.jar:/Users/sameer.shaik/.m2/repository/org/jenkins-ci/modules/instance-identity/2.2/instance-identity-2.2.jar:/Users/sameer.shaik/.m2/repository/io/github/stephenc/crypto/self-signed-cert-generator/1.0.0/self-signed-cert-generator-1.0.0.jar:/Users/sameer.shaik/.m2/repository/org/jetbrains/kotlin/kotlin-stdlib-common/1.6.20/kotlin-stdlib-common-1.6.20.jar:/Users/sameer.shaik/.m2/repository/com/squareup/okhttp3/okhttp/4.10.0/okhttp-4.10.0.jar:/Users/sameer.shaik/.m2/repository/com/squareup/okio/okio-jvm/3.0.0/okio-jvm-3.0.0.jar:/Users/sameer.shaik/.m2/repository/org/jetbrains/kotlin/kotlin-stdlib-jdk8/1.5.31/kotlin-stdlib-jdk8-1.5.31.jar:/Users/sameer.shaik/.m2/repository/org/jetbrains/kotlin/kotlin-stdlib-jdk7/1.5.31/kotlin-stdlib-jdk7-1.5.31.jar:/Users/sameer.shaik/.m2/repository/org/jetbrains/kotlin/kotlin-stdlib/1.6.20/kotlin-stdlib-1.6.20.jar:/Users/sameer.shaik/.m2/repository/org/jetbrains/annotations/13.0/annotations-13.0.jar:/Users/sameer.shaik/.m2/repository/com/fasterxml/jackson/core/jackson-databind/2.14.0/jackson-databind-2.14.0.jar:/Users/sameer.shaik/.m2/repository/com/fasterxml/jackson/core/jackson-annotations/2.14.0/jackson-annotations-2.14.0.jar:/Users/sameer.shaik/.m2/repository/com/fasterxml/jackson/core/jackson-core/2.14.0/jackson-core-2.14.0.jar:/Users/sameer.shaik/.m2/repository/org/jenkins-ci/plugins/jackson2-api/2.13.4.20221013-295.v8e29ea_354141/jackson2-api-2.13.4.20221013-295.v8e29ea_354141.jar:/Users/sameer.shaik/.m2/repository/com/fasterxml/jackson/datatype/jackson-datatype-jsr310/2.13.4/jackson-datatype-jsr310-2.13.4.jar:/Users/sameer.shaik/.m2/repository/com/fasterxml/jackson/datatype/jackson-datatype-jdk8/2.13.4/jackson-datatype-jdk8-2.13.4.jar:/Users/sameer.shaik/.m2/repository/com/fasterxml/jackson/datatype/jackson-datatype-json-org/2.13.4/jackson-datatype-json-org-2.13.4.jar:/Users/sameer.shaik/.m2/repository/org/json/json/20190722/json-20190722.jar:/Users/sameer.shaik/.m2/repository/com/fasterxml/jackson/module/jackson-module-parameter-names/2.13.4/jackson-module-parameter-names-2.13.4.jar:/Users/sameer.shaik/.m2/repository/com/fasterxml/jackson/module/jackson-module-jaxb-annotations/2.13.4/jackson-module-jaxb-annotations-2.13.4.jar:/Users/sameer.shaik/.m2/repository/com/fasterxml/jackson/dataformat/jackson-dataformat-cbor/2.13.4/jackson-dataformat-cbor-2.13.4.jar:/Users/sameer.shaik/.m2/repository/com/fasterxml/jackson/dataformat/jackson-dataformat-xml/2.13.4/jackson-dataformat-xml-2.13.4.jar:/Users/sameer.shaik/.m2/repository/org/codehaus/woodstox/stax2-api/4.2.1/stax2-api-4.2.1.jar:/Users/sameer.shaik/.m2/repository/com/fasterxml/woodstox/woodstox-core/6.3.1/woodstox-core-6.3.1.jar:/Users/sameer.shaik/.m2/repository/com/fasterxml/jackson/dataformat/jackson-dataformat-yaml/2.13.4/jackson-dataformat-yaml-2.13.4.jar:/Users/sameer.shaik/.m2/repository/io/jenkins/plugins/javax-activation-api/1.2.0-5/javax-activation-api-1.2.0-5.jar:/Users/sameer.shaik/.m2/repository/com/sun/activation/javax.activation/1.2.0/javax.activation-1.2.0.jar:/Users/sameer.shaik/.m2/repository/io/jenkins/plugins/jaxb/2.3.6-1/jaxb-2.3.6-1.jar:/Users/sameer.shaik/.m2/repository/com/sun/xml/bind/jaxb-impl/2.3.6/jaxb-impl-2.3.6.jar:/Users/sameer.shaik/.m2/repository/javax/xml/bind/jaxb-api/2.3.1/jaxb-api-2.3.1.jar:/Users/sameer.shaik/.m2/repository/io/jenkins/plugins/snakeyaml-api/1.30.2-76.vc104f7ce9870/snakeyaml-api-1.30.2-76.vc104f7ce9870.jar:/Users/sameer.shaik/.m2/repository/org/yaml/snakeyaml/1.30/snakeyaml-1.30.jar:/Users/sameer.shaik/.m2/repository/org/bitbucket/b_c/jose4j/0.7.9/jose4j-0.7.9.jar:/Users/sameer.shaik/.m2/repository/com/google/code/gson/gson/2.8.9/gson-2.8.9.jar:/Users/sameer.shaik/.m2/repository/org/jenkins-ci/plugins/workflow/workflow-basic-steps/994.vd57e3ca_46d24/workflow-basic-steps-994.vd57e3ca_46d24.jar:/Users/sameer.shaik/.m2/repository/org/jenkins-ci/plugins/mailer/435.438.v5b_81173f5b_a_1/mailer-435.438.v5b_81173f5b_a_1.jar:/Users/sameer.shaik/.m2/repository/org/jenkins-ci/plugins/display-url-api/2.3.6/display-url-api-2.3.6.jar:/Users/sameer.shaik/.m2/repository/org/jenkins-ci/plugins/workflow/workflow-api/1200.v8005c684b_a_c6/workflow-api-1200.v8005c684b_a_c6.jar:/Users/sameer.shaik/.m2/repository/org/jenkins-ci/plugins/apache-httpcomponents-client-4-api/4.5.13-138.v4e7d9a_7b_a_e61/apache-httpcomponents-client-4-api-4.5.13-138.v4e7d9a_7b_a_e61.jar:/Users/sameer.shaik/.m2/repository/org/apache/httpcomponents/httpcore/4.4.15/httpcore-4.4.15.jar:/Users/sameer.shaik/.m2/repository/org/apache/httpcomponents/httpcore-nio/4.4.15/httpcore-nio-4.4.15.jar:/Users/sameer.shaik/.m2/repository/org/apache/httpcomponents/httpclient/4.5.13/httpclient-4.5.13.jar:/Users/sameer.shaik/.m2/repository/org/apache/httpcomponents/httpmime/4.5.13/httpmime-4.5.13.jar:/Users/sameer.shaik/.m2/repository/org/apache/httpcomponents/fluent-hc/4.5.13/fluent-hc-4.5.13.jar:/Users/sameer.shaik/.m2/repository/org/apache/httpcomponents/httpclient-cache/4.5.13/httpclient-cache-4.5.13.jar:/Users/sameer.shaik/.m2/repository/org/apache/httpcomponents/httpasyncclient/4.1.4/httpasyncclient-4.1.4.jar:/Users/sameer.shaik/.m2/repository/org/apache/httpcomponents/httpasyncclient-cache/4.1.4/httpasyncclient-cache-4.1.4.jar:/Users/sameer.shaik/.m2/repository/io/jenkins/plugins/jakarta-mail-api/2.0.1-2/jakarta-mail-api-2.0.1-2.jar:/Users/sameer.shaik/.m2/repository/com/sun/mail/jakarta.mail/2.0.1/jakarta.mail-2.0.1.jar:/Users/sameer.shaik/.m2/repository/io/jenkins/plugins/jakarta-activation-api/2.0.1-2/jakarta-activation-api-2.0.1-2.jar:/Users/sameer.shaik/.m2/repository/com/sun/activation/jakarta.activation/2.0.1/jakarta.activation-2.0.1.jar:/Users/sameer.shaik/.m2/repository/org/jenkins-ci/plugins/workflow/workflow-cps/2729.vea_17b_79ed57a_/workflow-cps-2729.vea_17b_79ed57a_.jar:/Users/sameer.shaik/.m2/repository/org/jenkins-ci/plugins/workflow/workflow-support/839.v35e2736cfd5c/workflow-support-839.v35e2736cfd5c.jar:/Users/sameer.shaik/.m2/repository/io/jenkins/plugins/caffeine-api/2.9.3-65.v6a_47d0f4d1fe/caffeine-api-2.9.3-65.v6a_47d0f4d1fe.jar:/Users/sameer.shaik/.m2/repository/com/github/ben-manes/caffeine/caffeine/2.9.3/caffeine-2.9.3.jar:/Users/sameer.shaik/.m2/repository/org/jboss/marshalling/jboss-marshalling-river/2.1.0.Final/jboss-marshalling-river-2.1.0.Final.jar:/Users/sameer.shaik/.m2/repository/org/jboss/marshalling/jboss-marshalling/2.1.0.Final/jboss-marshalling-2.1.0.Final.jar:/Users/sameer.shaik/.m2/repository/org/jenkins-ci/plugins/workflow/workflow-scm-step/400.v6b_89a_1317c9a_/workflow-scm-step-400.v6b_89a_1317c9a_.jar:/Users/sameer.shaik/.m2/repository/org/jenkins-ci/plugins/script-security/1183.v774b_0b_0a_a_451/script-security-1183.v774b_0b_0a_a_451.jar:/Users/sameer.shaik/.m2/repository/org/kohsuke/groovy-sandbox/1.27/groovy-sandbox-1.27.jar:/Users/sameer.shaik/.m2/repository/org/jenkins-ci/plugins/scm-api/621.vda_a_b_055e58f7/scm-api-621.vda_a_b_055e58f7.jar:/Users/sameer.shaik/.m2/repository/com/cloudbees/groovy-cps/1.32/groovy-cps-1.32.jar:/Users/sameer.shaik/.m2/repository/org/jenkins-ci/ui/ace-editor/1.1/ace-editor-1.1.jar:/Users/sameer.shaik/.m2/repository/com/cloudbees/diff4j/1.3/diff4j-1.3.jar:/Users/sameer.shaik/.m2/repository/org/jenkins-ci/plugins/workflow/workflow-durable-task-step/1190.vc93d7d457042/workflow-durable-task-step-1190.vc93d7d457042.jar:/Users/sameer.shaik/.m2/repository/org/jenkins-ci/plugins/durable-task/500.v8927d9fd99d8/durable-task-500.v8927d9fd99d8.jar:/Users/sameer.shaik/.m2/repository/io/jenkins/plugins/lib-durable-task/25.v6c906af81ee2/lib-durable-task-25.v6c906af81ee2.jar:/Users/sameer.shaik/.m2/repository/org/jenkins-ci/plugins/workflow/workflow-job/1189.va_d37a_e9e4eda_/workflow-job-1189.va_d37a_e9e4eda_.jar:/Users/sameer.shaik/.m2/repository/junit/junit/4.13.2/junit-4.13.2.jar:/Users/sameer.shaik/.m2/repository/org/hamcrest/hamcrest-core/2.2/hamcrest-core-2.2.jar:/Users/sameer.shaik/.m2/repository/org/mockito/mockito-inline/3.11.2/mockito-inline-3.11.2.jar:/Users/sameer.shaik/.m2/repository/org/mockito/mockito-core/4.8.0/mockito-core-4.8.0.jar:/Users/sameer.shaik/.m2/repository/net/bytebuddy/byte-buddy/1.12.14/byte-buddy-1.12.14.jar:/Users/sameer.shaik/.m2/repository/net/bytebuddy/byte-buddy-agent/1.12.14/byte-buddy-agent-1.12.14.jar:/Users/sameer.shaik/.m2/repository/org/objenesis/objenesis/3.3/objenesis-3.3.jar:/Users/sameer.shaik/.m2/repository/org/javassist/javassist/3.24.1-GA/javassist-3.24.1-GA.jar:/Users/sameer.shaik/.m2/repository/ch/qos/logback/logback-classic/1.4.7/logback-classic-1.4.7.jar:/Users/sameer.shaik/.m2/repository/ch/qos/logback/logback-core/1.4.7/logback-core-1.4.7.jar:/Users/sameer.shaik/.m2/repository/org/assertj/assertj-core/3.15.0/assertj-core-3.15.0.jar:/Users/sameer.shaik/.m2/repository/org/slf4j/slf4j-api/2.0.4/slf4j-api-2.0.4.jar:/Users/sameer.shaik/.m2/repository/com/thoughtworks/xstream/xstream/1.4.20/xstream-1.4.20.jar:/Users/sameer.shaik/.m2/repository/io/github/x-stream/mxparser/1.2.2/mxparser-1.2.2.jar:/Users/sameer.shaik/.m2/repository/xmlpull/xmlpull/1.1.3.1/xmlpull-1.1.3.1.jar:/Users/sameer.shaik/.m2/repository/org/jenkins-ci/main/jenkins-core/2.346.3/jenkins-core-2.346.3.jar:/Users/sameer.shaik/.m2/repository/org/jenkins-ci/main/cli/2.346.3/cli-2.346.3.jar:/Users/sameer.shaik/.m2/repository/org/jenkins-ci/main/remoting/4.13.3/remoting-4.13.3.jar:/Users/sameer.shaik/.m2/repository/antlr/antlr/2.7.7/antlr-2.7.7.jar:/Users/sameer.shaik/.m2/repository/args4j/args4j/2.33/args4j-2.33.jar:/Users/sameer.shaik/.m2/repository/com/github/spotbugs/spotbugs-annotations/4.6.0/spotbugs-annotations-4.6.0.jar:/Users/sameer.shaik/.m2/repository/com/google/guava/guava/31.1-jre/guava-31.1-jre.jar:/Users/sameer.shaik/.m2/repository/com/google/guava/failureaccess/1.0.1/failureaccess-1.0.1.jar:/Users/sameer.shaik/.m2/repository/com/google/guava/listenablefuture/9999.0-empty-to-avoid-conflict-with-guava/listenablefuture-9999.0-empty-to-avoid-conflict-with-guava.jar:/Users/sameer.shaik/.m2/repository/com/google/code/findbugs/jsr305/3.0.1/jsr305-3.0.1.jar:/Users/sameer.shaik/.m2/repository/com/google/inject/guice/5.0.1/guice-5.0.1.jar:/Users/sameer.shaik/.m2/repository/javax/inject/javax.inject/1/javax.inject-1.jar:/Users/sameer.shaik/.m2/repository/com/infradna/tool/bridge-method-annotation/1.23/bridge-method-annotation-1.23.jar:/Users/sameer.shaik/.m2/repository/com/jcraft/jzlib/1.1.3-kohsuke-1/jzlib-1.1.3-kohsuke-1.jar:/Users/sameer.shaik/.m2/repository/com/sun/solaris/embedded_su4j/1.1/embedded_su4j-1.1.jar:/Users/sameer.shaik/.m2/repository/com/sun/xml/txw2/txw2/20110809/txw2-20110809.jar:/Users/sameer.shaik/.m2/repository/relaxngDatatype/relaxngDatatype/20020414/relaxngDatatype-20020414.jar:/Users/sameer.shaik/.m2/repository/commons-beanutils/commons-beanutils/1.9.4/commons-beanutils-1.9.4.jar:/Users/sameer.shaik/.m2/repository/commons-codec/commons-codec/1.15/commons-codec-1.15.jar:/Users/sameer.shaik/.m2/repository/commons-collections/commons-collections/3.2.2/commons-collections-3.2.2.jar:/Users/sameer.shaik/.m2/repository/commons-fileupload/commons-fileupload/1.4/commons-fileupload-1.4.jar:/Users/sameer.shaik/.m2/repository/commons-httpclient/commons-httpclient/3.1-jenkins-3/commons-httpclient-3.1-jenkins-3.jar:/Users/sameer.shaik/.m2/repository/commons-io/commons-io/2.11.0/commons-io-2.11.0.jar:/Users/sameer.shaik/.m2/repository/commons-jelly/commons-jelly-tags-fmt/1.0/commons-jelly-tags-fmt-1.0.jar:/Users/sameer.shaik/.m2/repository/commons-jelly/commons-jelly-tags-xml/1.1/commons-jelly-tags-xml-1.1.jar:/Users/sameer.shaik/.m2/repository/commons-lang/commons-lang/2.6/commons-lang-2.6.jar:/Users/sameer.shaik/.m2/repository/io/jenkins/stapler/jenkins-stapler-support/1.1/jenkins-stapler-support-1.1.jar:/Users/sameer.shaik/.m2/repository/jakarta/servlet/jsp/jstl/jakarta.servlet.jsp.jstl-api/1.2.7/jakarta.servlet.jsp.jstl-api-1.2.7.jar:/Users/sameer.shaik/.m2/repository/jaxen/jaxen/1.2.0/jaxen-1.2.0.jar:/Users/sameer.shaik/.m2/repository/jline/jline/2.14.6/jline-2.14.6.jar:/Users/sameer.shaik/.m2/repository/net/java/dev/jna/jna/5.11.0/jna-5.11.0.jar:/Users/sameer.shaik/.m2/repository/net/java/sezpoz/sezpoz/1.13/sezpoz-1.13.jar:/Users/sameer.shaik/.m2/repository/net/sf/kxml/kxml2/2.3.0/kxml2-2.3.0.jar:/Users/sameer.shaik/.m2/repository/org/apache/ant/ant/1.10.12/ant-1.10.12.jar:/Users/sameer.shaik/.m2/repository/org/apache/ant/ant-launcher/1.10.12/ant-launcher-1.10.12.jar:/Users/sameer.shaik/.m2/repository/org/apache/commons/commons-compress/1.21/commons-compress-1.21.jar:/Users/sameer.shaik/.m2/repository/org/codehaus/groovy/groovy-all/2.4.21/groovy-all-2.4.21.jar:/Users/sameer.shaik/.m2/repository/org/connectbot/jbcrypt/jbcrypt/1.0.0/jbcrypt-1.0.0.jar:/Users/sameer.shaik/.m2/repository/org/fusesource/jansi/jansi/1.11/jansi-1.11.jar:/Users/sameer.shaik/.m2/repository/org/jenkins-ci/annotation-indexer/1.16/annotation-indexer-1.16.jar:/Users/sameer.shaik/.m2/repository/org/jenkins-ci/commons-jexl/1.1-jenkins-20111212/commons-jexl-1.1-jenkins-20111212.jar:/Users/sameer.shaik/.m2/repository/org/jenkins-ci/crypto-util/1.7/crypto-util-1.7.jar:/Users/sameer.shaik/.m2/repository/org/jenkins-ci/memory-monitor/1.11/memory-monitor-1.11.jar:/Users/sameer.shaik/.m2/repository/org/jenkins-ci/symbol-annotation/1.1/symbol-annotation-1.1.jar:/Users/sameer.shaik/.m2/repository/org/jenkins-ci/task-reactor/1.7/task-reactor-1.7.jar:/Users/sameer.shaik/.m2/repository/org/jenkins-ci/version-number/1.10/version-number-1.10.jar:/Users/sameer.shaik/.m2/repository/org/jfree/jfreechart/1.0.19/jfreechart-1.0.19.jar:/Users/sameer.shaik/.m2/repository/org/jfree/jcommon/1.0.23/jcommon-1.0.23.jar:/Users/sameer.shaik/.m2/repository/org/jvnet/hudson/commons-jelly-tags-define/1.0.1-hudson-20071021/commons-jelly-tags-define-1.0.1-hudson-20071021.jar:/Users/sameer.shaik/.m2/repository/org/jvnet/localizer/localizer/1.31/localizer-1.31.jar:/Users/sameer.shaik/.m2/repository/org/jvnet/robust-http-client/robust-http-client/1.2/robust-http-client-1.2.jar:/Users/sameer.shaik/.m2/repository/org/jvnet/winp/winp/1.28/winp-1.28.jar:/Users/sameer.shaik/.m2/repository/org/kohsuke/access-modifier-annotation/1.27/access-modifier-annotation-1.27.jar:/Users/sameer.shaik/.m2/repository/org/kohsuke/windows-package-checker/1.2/windows-package-checker-1.2.jar:/Users/sameer.shaik/.m2/repository/org/kohsuke/jinterop/j-interop/2.0.8-kohsuke-1/j-interop-2.0.8-kohsuke-1.jar:/Users/sameer.shaik/.m2/repository/org/kohsuke/jinterop/j-interopdeps/2.0.8-kohsuke-1/j-interopdeps-2.0.8-kohsuke-1.jar:/Users/sameer.shaik/.m2/repository/org/samba/jcifs/jcifs/1.3.18-kohsuke-1/jcifs-1.3.18-kohsuke-1.jar:/Users/sameer.shaik/.m2/repository/org/kohsuke/stapler/json-lib/2.4-jenkins-3/json-lib-2.4-jenkins-3.jar:/Users/sameer.shaik/.m2/repository/net/sf/ezmorph/ezmorph/1.0.6/ezmorph-1.0.6.jar:/Users/sameer.shaik/.m2/repository/org/kohsuke/stapler/stapler/1669.v95a_4b_919a_b_a_2/stapler-1669.v95a_4b_919a_b_a_2.jar:/Users/sameer.shaik/.m2/repository/commons-discovery/commons-discovery/0.5/commons-discovery-0.5.jar:/Users/sameer.shaik/.m2/repository/javax/annotation/javax.annotation-api/1.3.2/javax.annotation-api-1.3.2.jar:/Users/sameer.shaik/.m2/repository/jakarta/annotation/jakarta.annotation-api/2.0.0/jakarta.annotation-api-2.0.0.jar:/Users/sameer.shaik/.m2/repository/org/jvnet/tiger-types/2.2/tiger-types-2.2.jar:/Users/sameer.shaik/.m2/repository/org/kohsuke/stapler/stapler-adjunct-codemirror/1.3/stapler-adjunct-codemirror-1.3.jar:/Users/sameer.shaik/.m2/repository/org/kohsuke/stapler/stapler-adjunct-timeline/1.5/stapler-adjunct-timeline-1.5.jar:/Users/sameer.shaik/.m2/repository/org/kohsuke/stapler/stapler-groovy/1669.v95a_4b_919a_b_a_2/stapler-groovy-1669.v95a_4b_919a_b_a_2.jar:/Users/sameer.shaik/.m2/repository/org/kohsuke/stapler/stapler-jelly/1669.v95a_4b_919a_b_a_2/stapler-jelly-1669.v95a_4b_919a_b_a_2.jar:/Users/sameer.shaik/.m2/repository/org/dom4j/dom4j/2.1.3/dom4j-2.1.3.jar:/Users/sameer.shaik/.m2/repository/org/jenkins-ci/commons-jelly/1.1-jenkins-20220125/commons-jelly-1.1-jenkins-20220125.jar:/Users/sameer.shaik/.m2/repository/org/ow2/asm/asm/9.3/asm-9.3.jar:/Users/sameer.shaik/.m2/repository/org/ow2/asm/asm-analysis/9.3/asm-analysis-9.3.jar:/Users/sameer.shaik/.m2/repository/org/ow2/asm/asm-commons/9.3/asm-commons-9.3.jar:/Users/sameer.shaik/.m2/repository/org/ow2/asm/asm-tree/9.3/asm-tree-9.3.jar:/Users/sameer.shaik/.m2/repository/org/ow2/asm/asm-util/9.3/asm-util-9.3.jar:/Users/sameer.shaik/.m2/repository/org/slf4j/jcl-over-slf4j/1.7.36/jcl-over-slf4j-1.7.36.jar:/Users/sameer.shaik/.m2/repository/org/slf4j/log4j-over-slf4j/1.7.36/log4j-over-slf4j-1.7.36.jar:/Users/sameer.shaik/.m2/repository/org/springframework/security/spring-security-web/5.6.3/spring-security-web-5.6.3.jar:/Users/sameer.shaik/.m2/repository/org/springframework/security/spring-security-core/5.6.3/spring-security-core-5.6.3.jar:/Users/sameer.shaik/.m2/repository/org/springframework/security/spring-security-crypto/5.6.3/spring-security-crypto-5.6.3.jar:/Users/sameer.shaik/.m2/repository/org/springframework/spring-core/5.3.20/spring-core-5.3.20.jar:/Users/sameer.shaik/.m2/repository/org/springframework/spring-aop/5.3.20/spring-aop-5.3.20.jar:/Users/sameer.shaik/.m2/repository/org/springframework/spring-beans/5.3.20/spring-beans-5.3.20.jar:/Users/sameer.shaik/.m2/repository/org/springframework/spring-context/5.3.20/spring-context-5.3.20.jar:/Users/sameer.shaik/.m2/repository/org/springframework/spring-expression/5.3.20/spring-expression-5.3.20.jar:/Users/sameer.shaik/.m2/repository/org/springframework/spring-web/5.3.20/spring-web-5.3.20.jar:/Users/sameer.shaik/.m2/repository/xpp3/xpp3/1.1.4c/xpp3-1.1.4c.jar:/Users/sameer.shaik/.m2/repository/org/jenkins-ci/main/jenkins-war/2.346.3/jenkins-war-2.346.3.war:/Users/sameer.shaik/.m2/repository/org/jenkins-ci/modules/launchd-slave-installer/1.2/launchd-slave-installer-1.2.jar:/Users/sameer.shaik/.m2/repository/org/jenkins-ci/modules/slave-installer/1.7/slave-installer-1.7.jar:/Users/sameer.shaik/.m2/repository/org/jenkins-ci/modules/systemd-slave-installer/1.1/systemd-slave-installer-1.1.jar:/Users/sameer.shaik/.m2/repository/org/jenkins-ci/modules/upstart-slave-installer/1.1/upstart-slave-installer-1.1.jar:/Users/sameer.shaik/.m2/repository/org/jenkins-ci/modules/windows-slave-installer/2.0/windows-slave-installer-2.0.jar:/Users/sameer.shaik/.m2/repository/org/slf4j/slf4j-jdk14/1.7.36/slf4j-jdk14-1.7.36.jar:/Users/sameer.shaik/.m2/repository/javax/servlet/javax.servlet-api/3.1.0/javax.servlet-api-3.1.0.jar:/Users/sameer.shaik/.m2/repository/net/jcip/jcip-annotations/1.0/jcip-annotations-1.0.jar:/Users/sameer.shaik/.m2/repository/org/codehaus/mojo/animal-sniffer-annotations/1.22/animal-sniffer-annotations-1.22.jar:/Users/sameer.shaik/.m2/repository/commons-logging/commons-logging/1.2/commons-logging-1.2.jar:/Users/sameer.shaik/.m2/repository/org/jenkins-ci/main/jenkins-test-harness/1847.v10c7a_4c2e344/jenkins-test-harness-1847.v10c7a_4c2e344.jar:/Users/sameer.shaik/.m2/repository/org/jenkins-ci/main/jenkins-test-harness-htmlunit/115.v76ea_b_b_b_2e167/jenkins-test-harness-htmlunit-115.v76ea_b_b_b_2e167.jar:/Users/sameer.shaik/.m2/repository/commons-net/commons-net/3.8.0/commons-net-3.8.0.jar:/Users/sameer.shaik/.m2/repository/org/brotli/dec/0.1.2/dec-0.1.2.jar:/Users/sameer.shaik/.m2/repository/com/shapesecurity/salvation2/3.0.1/salvation2-3.0.1.jar:/Users/sameer.shaik/.m2/repository/io/jenkins/lib/support-log-formatter/1.1/support-log-formatter-1.1.jar:/Users/sameer.shaik/.m2/repository/org/eclipse/jetty/jetty-security/9.4.48.v20220622/jetty-security-9.4.48.v20220622.jar:/Users/sameer.shaik/.m2/repository/org/eclipse/jetty/jetty-server/9.4.48.v20220622/jetty-server-9.4.48.v20220622.jar:/Users/sameer.shaik/.m2/repository/org/eclipse/jetty/jetty-io/9.4.48.v20220622/jetty-io-9.4.48.v20220622.jar:/Users/sameer.shaik/.m2/repository/org/eclipse/jetty/jetty-webapp/9.4.48.v20220622/jetty-webapp-9.4.48.v20220622.jar:/Users/sameer.shaik/.m2/repository/org/eclipse/jetty/jetty-xml/9.4.48.v20220622/jetty-xml-9.4.48.v20220622.jar:/Users/sameer.shaik/.m2/repository/org/eclipse/jetty/jetty-util/9.4.48.v20220622/jetty-util-9.4.48.v20220622.jar:/Users/sameer.shaik/.m2/repository/org/eclipse/jetty/jetty-servlet/9.4.48.v20220622/jetty-servlet-9.4.48.v20220622.jar:/Users/sameer.shaik/.m2/repository/org/eclipse/jetty/jetty-util-ajax/9.4.48.v20220622/jetty-util-ajax-9.4.48.v20220622.jar:/Users/sameer.shaik/.m2/repository/org/eclipse/jetty/websocket/websocket-api/9.4.48.v20220622/websocket-api-9.4.48.v20220622.jar:/Users/sameer.shaik/.m2/repository/org/eclipse/jetty/websocket/websocket-server/9.4.48.v20220622/websocket-server-9.4.48.v20220622.jar:/Users/sameer.shaik/.m2/repository/org/eclipse/jetty/websocket/websocket-common/9.4.48.v20220622/websocket-common-9.4.48.v20220622.jar:/Users/sameer.shaik/.m2/repository/org/eclipse/jetty/websocket/websocket-client/9.4.48.v20220622/websocket-client-9.4.48.v20220622.jar:/Users/sameer.shaik/.m2/repository/org/eclipse/jetty/jetty-client/9.4.48.v20220622/jetty-client-9.4.48.v20220622.jar:/Users/sameer.shaik/.m2/repository/org/eclipse/jetty/websocket/websocket-servlet/9.4.48.v20220622/websocket-servlet-9.4.48.v20220622.jar:/Users/sameer.shaik/.m2/repository/org/eclipse/jetty/jetty-http/9.4.48.v20220622/jetty-http-9.4.48.v20220622.jar:/Users/sameer.shaik/.m2/repository/org/hamcrest/hamcrest/2.2/hamcrest-2.2.jar:/Users/sameer.shaik/.m2/repository/org/hamcrest/hamcrest-library/2.2/hamcrest-library-2.2.jar:/Users/sameer.shaik/.m2/repository/org/junit/jupiter/junit-jupiter-api/5.9.1/junit-jupiter-api-5.9.1.jar:/Users/sameer.shaik/.m2/repository/org/opentest4j/opentest4j/1.2.0/opentest4j-1.2.0.jar:/Users/sameer.shaik/.m2/repository/org/junit/platform/junit-platform-commons/1.9.1/junit-platform-commons-1.9.1.jar:/Users/sameer.shaik/.m2/repository/org/jvnet/hudson/embedded-rhino-debugger/1.2/embedded-rhino-debugger-1.2.jar:/Users/sameer.shaik/.m2/repository/org/netbeans/modules/org-netbeans-insane/RELEASE150/org-netbeans-insane-RELEASE150.jar:/Users/sameer.shaik/.m2/repository/org/openjdk/jmh/jmh-core/1.35/jmh-core-1.35.jar:/Users/sameer.shaik/.m2/repository/net/sf/jopt-simple/jopt-simple/5.0.4/jopt-simple-5.0.4.jar:/Users/sameer.shaik/.m2/repository/org/apache/commons/commons-math3/3.2/commons-math3-3.2.jar:/Users/sameer.shaik/.m2/repository/org/openjdk/jmh/jmh-generator-annprocess/1.35/jmh-generator-annprocess-1.35.jar:/Users/sameer.shaik/.m2/repository/org/jenkins-ci/test-annotations/1.4/test-annotations-1.4.jar:/Users/sameer.shaik/.m2/repository/org/junit/jupiter/junit-jupiter/5.9.1/junit-jupiter-5.9.1.jar:/Users/sameer.shaik/.m2/repository/org/junit/jupiter/junit-jupiter-params/5.9.1/junit-jupiter-params-5.9.1.jar:/Users/sameer.shaik/.m2/repository/org/junit/jupiter/junit-jupiter-engine/5.9.1/junit-jupiter-engine-5.9.1.jar:/Users/sameer.shaik/.m2/repository/org/junit/vintage/junit-vintage-engine/5.9.1/junit-vintage-engine-5.9.1.jar:/Users/sameer.shaik/.m2/repository/org/junit/platform/junit-platform-engine/1.9.1/junit-platform-engine-1.9.1.jar:/Users/sameer.shaik/.m2/repository/org/apiguardian/apiguardian-api/1.1.2/apiguardian-api-1.1.2.jar:"/>
    <property name="java.vm.vendor" value="OpenLogic"/>
    <property name="sun.arch.data.model" value="64"/>
    <property name="java.vendor.url" value="https://openlogic.com/"/>
    <property name="user.timezone" value="Asia/Kolkata"/>
    <property name="os.name" value="Mac OS X"/>
    <property name="java.vm.specification.version" value="17"/>
    <property name="sun.java.launcher" value="SUN_STANDARD"/>
    <property name="user.country" value="US"/>
    <property name="sun.boot.library.path" value="/Library/Java/JavaVirtualMachines/openlogic-openjdk-17.jdk/Contents/Home/lib"/>
    <property name="sun.java.command" value="/Users/sameer.shaik/MyWorkSpace/17OctV2.2.3-New-BitBucketIssueFixed/conjur-credentials-plugin/target/surefire/surefirebooter-20241022181310871_85.jar /Users/sameer.shaik/MyWorkSpace/17OctV2.2.3-New-BitBucketIssueFixed/conjur-credentials-plugin/target/surefire 2024-10-22T18-13-08_961-jvmRun1 surefire-20241022181310871_83tmp surefire_10-20241022181310871_84tmp"/>
    <property name="jdk.debug" value="release"/>
    <property name="surefire.test.class.path" value="/Users/sameer.shaik/MyWorkSpace/17OctV2.2.3-New-BitBucketIssueFixed/conjur-credentials-plugin/target/test-classes:/Users/sameer.shaik/MyWorkSpace/17OctV2.2.3-New-BitBucketIssueFixed/conjur-credentials-plugin/target/classes:/Users/sameer.shaik/.m2/repository/org/jenkins-ci/plugins/cloudbees-folder/6.740.ve4f4ffa_dea_54/cloudbees-folder-6.740.ve4f4ffa_dea_54.jar:/Users/sameer.shaik/.m2/repository/org/jenkins-ci/plugins/credentials/1087.1089.v2f1b_9a_b_040e4/credentials-1087.1089.v2f1b_9a_b_040e4.jar:/Users/sameer.shaik/.m2/repository/org/jenkins-ci/plugins/structs/324.va_f5d6774f3a_d/structs-324.va_f5d6774f3a_d.jar:/Users/sameer.shaik/.m2/repository/org/antlr/antlr4-runtime/4.9.3/antlr4-runtime-4.9.3.jar:/Users/sameer.shaik/.m2/repository/org/jenkins-ci/plugins/credentials-binding/523.vd859a_4b_122e6/credentials-binding-523.vd859a_4b_122e6.jar:/Users/sameer.shaik/.m2/repository/org/jenkins-ci/plugins/plain-credentials/139.ved2b_9cf7587b/plain-credentials-139.ved2b_9cf7587b.jar:/Users/sameer.shaik/.m2/repository/org/jenkins-ci/plugins/workflow/workflow-step-api/639.v6eca_cd8c04a_a_/workflow-step-api-639.v6eca_cd8c04a_a_.jar:/Users/sameer.shaik/.m2/repository/org/jenkins-ci/plugins/ssh-credentials/277.280.v1e86b_7d0056b_/ssh-credentials-277.280.v1e86b_7d0056b_.jar:/Users/sameer.shaik/.m2/repository/org/jenkins-ci/plugins/trilead-api/1.67.vc3938a_35172f/trilead-api-1.67.vc3938a_35172f.jar:/Users/sameer.shaik/.m2/repository/org/jenkins-ci/trilead-ssh2/build-217-jenkins-27/trilead-ssh2-build-217-jenkins-27.jar:/Users/sameer.shaik/.m2/repository/net/i2p/crypto/eddsa/0.3.0/eddsa-0.3.0.jar:/Users/sameer.shaik/.m2/repository/com/google/crypto/tink/tink/1.5.0/tink-1.5.0.jar:/Users/sameer.shaik/.m2/repository/com/google/protobuf/protobuf-java/3.11.1/protobuf-java-3.11.1.jar:/Users/sameer.shaik/.m2/repository/org/kohsuke/trilead-putty-extension/1.2/trilead-putty-extension-1.2.jar:/Users/sameer.shaik/.m2/repository/org/jenkins-ci/modules/instance-identity/2.2/instance-identity-2.2.jar:/Users/sameer.shaik/.m2/repository/io/github/stephenc/crypto/self-signed-cert-generator/1.0.0/self-signed-cert-generator-1.0.0.jar:/Users/sameer.shaik/.m2/repository/org/jetbrains/kotlin/kotlin-stdlib-common/1.6.20/kotlin-stdlib-common-1.6.20.jar:/Users/sameer.shaik/.m2/repository/com/squareup/okhttp3/okhttp/4.10.0/okhttp-4.10.0.jar:/Users/sameer.shaik/.m2/repository/com/squareup/okio/okio-jvm/3.0.0/okio-jvm-3.0.0.jar:/Users/sameer.shaik/.m2/repository/org/jetbrains/kotlin/kotlin-stdlib-jdk8/1.5.31/kotlin-stdlib-jdk8-1.5.31.jar:/Users/sameer.shaik/.m2/repository/org/jetbrains/kotlin/kotlin-stdlib-jdk7/1.5.31/kotlin-stdlib-jdk7-1.5.31.jar:/Users/sameer.shaik/.m2/repository/org/jetbrains/kotlin/kotlin-stdlib/1.6.20/kotlin-stdlib-1.6.20.jar:/Users/sameer.shaik/.m2/repository/org/jetbrains/annotations/13.0/annotations-13.0.jar:/Users/sameer.shaik/.m2/repository/com/fasterxml/jackson/core/jackson-databind/2.14.0/jackson-databind-2.14.0.jar:/Users/sameer.shaik/.m2/repository/com/fasterxml/jackson/core/jackson-annotations/2.14.0/jackson-annotations-2.14.0.jar:/Users/sameer.shaik/.m2/repository/com/fasterxml/jackson/core/jackson-core/2.14.0/jackson-core-2.14.0.jar:/Users/sameer.shaik/.m2/repository/org/jenkins-ci/plugins/jackson2-api/2.13.4.20221013-295.v8e29ea_354141/jackson2-api-2.13.4.20221013-295.v8e29ea_354141.jar:/Users/sameer.shaik/.m2/repository/com/fasterxml/jackson/datatype/jackson-datatype-jsr310/2.13.4/jackson-datatype-jsr310-2.13.4.jar:/Users/sameer.shaik/.m2/repository/com/fasterxml/jackson/datatype/jackson-datatype-jdk8/2.13.4/jackson-datatype-jdk8-2.13.4.jar:/Users/sameer.shaik/.m2/repository/com/fasterxml/jackson/datatype/jackson-datatype-json-org/2.13.4/jackson-datatype-json-org-2.13.4.jar:/Users/sameer.shaik/.m2/repository/org/json/json/20190722/json-20190722.jar:/Users/sameer.shaik/.m2/repository/com/fasterxml/jackson/module/jackson-module-parameter-names/2.13.4/jackson-module-parameter-names-2.13.4.jar:/Users/sameer.shaik/.m2/repository/com/fasterxml/jackson/module/jackson-module-jaxb-annotations/2.13.4/jackson-module-jaxb-annotations-2.13.4.jar:/Users/sameer.shaik/.m2/repository/com/fasterxml/jackson/dataformat/jackson-dataformat-cbor/2.13.4/jackson-dataformat-cbor-2.13.4.jar:/Users/sameer.shaik/.m2/repository/com/fasterxml/jackson/dataformat/jackson-dataformat-xml/2.13.4/jackson-dataformat-xml-2.13.4.jar:/Users/sameer.shaik/.m2/repository/org/codehaus/woodstox/stax2-api/4.2.1/stax2-api-4.2.1.jar:/Users/sameer.shaik/.m2/repository/com/fasterxml/woodstox/woodstox-core/6.3.1/woodstox-core-6.3.1.jar:/Users/sameer.shaik/.m2/repository/com/fasterxml/jackson/dataformat/jackson-dataformat-yaml/2.13.4/jackson-dataformat-yaml-2.13.4.jar:/Users/sameer.shaik/.m2/repository/io/jenkins/plugins/javax-activation-api/1.2.0-5/javax-activation-api-1.2.0-5.jar:/Users/sameer.shaik/.m2/repository/com/sun/activation/javax.activation/1.2.0/javax.activation-1.2.0.jar:/Users/sameer.shaik/.m2/repository/io/jenkins/plugins/jaxb/2.3.6-1/jaxb-2.3.6-1.jar:/Users/sameer.shaik/.m2/repository/com/sun/xml/bind/jaxb-impl/2.3.6/jaxb-impl-2.3.6.jar:/Users/sameer.shaik/.m2/repository/javax/xml/bind/jaxb-api/2.3.1/jaxb-api-2.3.1.jar:/Users/sameer.shaik/.m2/repository/io/jenkins/plugins/snakeyaml-api/1.30.2-76.vc104f7ce9870/snakeyaml-api-1.30.2-76.vc104f7ce9870.jar:/Users/sameer.shaik/.m2/repository/org/yaml/snakeyaml/1.30/snakeyaml-1.30.jar:/Users/sameer.shaik/.m2/repository/org/bitbucket/b_c/jose4j/0.7.9/jose4j-0.7.9.jar:/Users/sameer.shaik/.m2/repository/com/google/code/gson/gson/2.8.9/gson-2.8.9.jar:/Users/sameer.shaik/.m2/repository/org/jenkins-ci/plugins/workflow/workflow-basic-steps/994.vd57e3ca_46d24/workflow-basic-steps-994.vd57e3ca_46d24.jar:/Users/sameer.shaik/.m2/repository/org/jenkins-ci/plugins/mailer/435.438.v5b_81173f5b_a_1/mailer-435.438.v5b_81173f5b_a_1.jar:/Users/sameer.shaik/.m2/repository/org/jenkins-ci/plugins/display-url-api/2.3.6/display-url-api-2.3.6.jar:/Users/sameer.shaik/.m2/repository/org/jenkins-ci/plugins/workflow/workflow-api/1200.v8005c684b_a_c6/workflow-api-1200.v8005c684b_a_c6.jar:/Users/sameer.shaik/.m2/repository/org/jenkins-ci/plugins/apache-httpcomponents-client-4-api/4.5.13-138.v4e7d9a_7b_a_e61/apache-httpcomponents-client-4-api-4.5.13-138.v4e7d9a_7b_a_e61.jar:/Users/sameer.shaik/.m2/repository/org/apache/httpcomponents/httpcore/4.4.15/httpcore-4.4.15.jar:/Users/sameer.shaik/.m2/repository/org/apache/httpcomponents/httpcore-nio/4.4.15/httpcore-nio-4.4.15.jar:/Users/sameer.shaik/.m2/repository/org/apache/httpcomponents/httpclient/4.5.13/httpclient-4.5.13.jar:/Users/sameer.shaik/.m2/repository/org/apache/httpcomponents/httpmime/4.5.13/httpmime-4.5.13.jar:/Users/sameer.shaik/.m2/repository/org/apache/httpcomponents/fluent-hc/4.5.13/fluent-hc-4.5.13.jar:/Users/sameer.shaik/.m2/repository/org/apache/httpcomponents/httpclient-cache/4.5.13/httpclient-cache-4.5.13.jar:/Users/sameer.shaik/.m2/repository/org/apache/httpcomponents/httpasyncclient/4.1.4/httpasyncclient-4.1.4.jar:/Users/sameer.shaik/.m2/repository/org/apache/httpcomponents/httpasyncclient-cache/4.1.4/httpasyncclient-cache-4.1.4.jar:/Users/sameer.shaik/.m2/repository/io/jenkins/plugins/jakarta-mail-api/2.0.1-2/jakarta-mail-api-2.0.1-2.jar:/Users/sameer.shaik/.m2/repository/com/sun/mail/jakarta.mail/2.0.1/jakarta.mail-2.0.1.jar:/Users/sameer.shaik/.m2/repository/io/jenkins/plugins/jakarta-activation-api/2.0.1-2/jakarta-activation-api-2.0.1-2.jar:/Users/sameer.shaik/.m2/repository/com/sun/activation/jakarta.activation/2.0.1/jakarta.activation-2.0.1.jar:/Users/sameer.shaik/.m2/repository/org/jenkins-ci/plugins/workflow/workflow-cps/2729.vea_17b_79ed57a_/workflow-cps-2729.vea_17b_79ed57a_.jar:/Users/sameer.shaik/.m2/repository/org/jenkins-ci/plugins/workflow/workflow-support/839.v35e2736cfd5c/workflow-support-839.v35e2736cfd5c.jar:/Users/sameer.shaik/.m2/repository/io/jenkins/plugins/caffeine-api/2.9.3-65.v6a_47d0f4d1fe/caffeine-api-2.9.3-65.v6a_47d0f4d1fe.jar:/Users/sameer.shaik/.m2/repository/com/github/ben-manes/caffeine/caffeine/2.9.3/caffeine-2.9.3.jar:/Users/sameer.shaik/.m2/repository/org/jboss/marshalling/jboss-marshalling-river/2.1.0.Final/jboss-marshalling-river-2.1.0.Final.jar:/Users/sameer.shaik/.m2/repository/org/jboss/marshalling/jboss-marshalling/2.1.0.Final/jboss-marshalling-2.1.0.Final.jar:/Users/sameer.shaik/.m2/repository/org/jenkins-ci/plugins/workflow/workflow-scm-step/400.v6b_89a_1317c9a_/workflow-scm-step-400.v6b_89a_1317c9a_.jar:/Users/sameer.shaik/.m2/repository/org/jenkins-ci/plugins/script-security/1183.v774b_0b_0a_a_451/script-security-1183.v774b_0b_0a_a_451.jar:/Users/sameer.shaik/.m2/repository/org/kohsuke/groovy-sandbox/1.27/groovy-sandbox-1.27.jar:/Users/sameer.shaik/.m2/repository/org/jenkins-ci/plugins/scm-api/621.vda_a_b_055e58f7/scm-api-621.vda_a_b_055e58f7.jar:/Users/sameer.shaik/.m2/repository/com/cloudbees/groovy-cps/1.32/groovy-cps-1.32.jar:/Users/sameer.shaik/.m2/repository/org/jenkins-ci/ui/ace-editor/1.1/ace-editor-1.1.jar:/Users/sameer.shaik/.m2/repository/com/cloudbees/diff4j/1.3/diff4j-1.3.jar:/Users/sameer.shaik/.m2/repository/org/jenkins-ci/plugins/workflow/workflow-durable-task-step/1190.vc93d7d457042/workflow-durable-task-step-1190.vc93d7d457042.jar:/Users/sameer.shaik/.m2/repository/org/jenkins-ci/plugins/durable-task/500.v8927d9fd99d8/durable-task-500.v8927d9fd99d8.jar:/Users/sameer.shaik/.m2/repository/io/jenkins/plugins/lib-durable-task/25.v6c906af81ee2/lib-durable-task-25.v6c906af81ee2.jar:/Users/sameer.shaik/.m2/repository/org/jenkins-ci/plugins/workflow/workflow-job/1189.va_d37a_e9e4eda_/workflow-job-1189.va_d37a_e9e4eda_.jar:/Users/sameer.shaik/.m2/repository/junit/junit/4.13.2/junit-4.13.2.jar:/Users/sameer.shaik/.m2/repository/org/hamcrest/hamcrest-core/2.2/hamcrest-core-2.2.jar:/Users/sameer.shaik/.m2/repository/org/mockito/mockito-inline/3.11.2/mockito-inline-3.11.2.jar:/Users/sameer.shaik/.m2/repository/org/mockito/mockito-core/4.8.0/mockito-core-4.8.0.jar:/Users/sameer.shaik/.m2/repository/net/bytebuddy/byte-buddy/1.12.14/byte-buddy-1.12.14.jar:/Users/sameer.shaik/.m2/repository/net/bytebuddy/byte-buddy-agent/1.12.14/byte-buddy-agent-1.12.14.jar:/Users/sameer.shaik/.m2/repository/org/objenesis/objenesis/3.3/objenesis-3.3.jar:/Users/sameer.shaik/.m2/repository/org/javassist/javassist/3.24.1-GA/javassist-3.24.1-GA.jar:/Users/sameer.shaik/.m2/repository/ch/qos/logback/logback-classic/1.4.7/logback-classic-1.4.7.jar:/Users/sameer.shaik/.m2/repository/ch/qos/logback/logback-core/1.4.7/logback-core-1.4.7.jar:/Users/sameer.shaik/.m2/repository/org/assertj/assertj-core/3.15.0/assertj-core-3.15.0.jar:/Users/sameer.shaik/.m2/repository/org/slf4j/slf4j-api/2.0.4/slf4j-api-2.0.4.jar:/Users/sameer.shaik/.m2/repository/com/thoughtworks/xstream/xstream/1.4.20/xstream-1.4.20.jar:/Users/sameer.shaik/.m2/repository/io/github/x-stream/mxparser/1.2.2/mxparser-1.2.2.jar:/Users/sameer.shaik/.m2/repository/xmlpull/xmlpull/1.1.3.1/xmlpull-1.1.3.1.jar:/Users/sameer.shaik/.m2/repository/org/jenkins-ci/main/jenkins-core/2.346.3/jenkins-core-2.346.3.jar:/Users/sameer.shaik/.m2/repository/org/jenkins-ci/main/cli/2.346.3/cli-2.346.3.jar:/Users/sameer.shaik/.m2/repository/org/jenkins-ci/main/remoting/4.13.3/remoting-4.13.3.jar:/Users/sameer.shaik/.m2/repository/antlr/antlr/2.7.7/antlr-2.7.7.jar:/Users/sameer.shaik/.m2/repository/args4j/args4j/2.33/args4j-2.33.jar:/Users/sameer.shaik/.m2/repository/com/github/spotbugs/spotbugs-annotations/4.6.0/spotbugs-annotations-4.6.0.jar:/Users/sameer.shaik/.m2/repository/com/google/guava/guava/31.1-jre/guava-31.1-jre.jar:/Users/sameer.shaik/.m2/repository/com/google/guava/failureaccess/1.0.1/failureaccess-1.0.1.jar:/Users/sameer.shaik/.m2/repository/com/google/guava/listenablefuture/9999.0-empty-to-avoid-conflict-with-guava/listenablefuture-9999.0-empty-to-avoid-conflict-with-guava.jar:/Users/sameer.shaik/.m2/repository/com/google/code/findbugs/jsr305/3.0.1/jsr305-3.0.1.jar:/Users/sameer.shaik/.m2/repository/com/google/inject/guice/5.0.1/guice-5.0.1.jar:/Users/sameer.shaik/.m2/repository/javax/inject/javax.inject/1/javax.inject-1.jar:/Users/sameer.shaik/.m2/repository/com/infradna/tool/bridge-method-annotation/1.23/bridge-method-annotation-1.23.jar:/Users/sameer.shaik/.m2/repository/com/jcraft/jzlib/1.1.3-kohsuke-1/jzlib-1.1.3-kohsuke-1.jar:/Users/sameer.shaik/.m2/repository/com/sun/solaris/embedded_su4j/1.1/embedded_su4j-1.1.jar:/Users/sameer.shaik/.m2/repository/com/sun/xml/txw2/txw2/20110809/txw2-20110809.jar:/Users/sameer.shaik/.m2/repository/relaxngDatatype/relaxngDatatype/20020414/relaxngDatatype-20020414.jar:/Users/sameer.shaik/.m2/repository/commons-beanutils/commons-beanutils/1.9.4/commons-beanutils-1.9.4.jar:/Users/sameer.shaik/.m2/repository/commons-codec/commons-codec/1.15/commons-codec-1.15.jar:/Users/sameer.shaik/.m2/repository/commons-collections/commons-collections/3.2.2/commons-collections-3.2.2.jar:/Users/sameer.shaik/.m2/repository/commons-fileupload/commons-fileupload/1.4/commons-fileupload-1.4.jar:/Users/sameer.shaik/.m2/repository/commons-httpclient/commons-httpclient/3.1-jenkins-3/commons-httpclient-3.1-jenkins-3.jar:/Users/sameer.shaik/.m2/repository/commons-io/commons-io/2.11.0/commons-io-2.11.0.jar:/Users/sameer.shaik/.m2/repository/commons-jelly/commons-jelly-tags-fmt/1.0/commons-jelly-tags-fmt-1.0.jar:/Users/sameer.shaik/.m2/repository/commons-jelly/commons-jelly-tags-xml/1.1/commons-jelly-tags-xml-1.1.jar:/Users/sameer.shaik/.m2/repository/commons-lang/commons-lang/2.6/commons-lang-2.6.jar:/Users/sameer.shaik/.m2/repository/io/jenkins/stapler/jenkins-stapler-support/1.1/jenkins-stapler-support-1.1.jar:/Users/sameer.shaik/.m2/repository/jakarta/servlet/jsp/jstl/jakarta.servlet.jsp.jstl-api/1.2.7/jakarta.servlet.jsp.jstl-api-1.2.7.jar:/Users/sameer.shaik/.m2/repository/jaxen/jaxen/1.2.0/jaxen-1.2.0.jar:/Users/sameer.shaik/.m2/repository/jline/jline/2.14.6/jline-2.14.6.jar:/Users/sameer.shaik/.m2/repository/net/java/dev/jna/jna/5.11.0/jna-5.11.0.jar:/Users/sameer.shaik/.m2/repository/net/java/sezpoz/sezpoz/1.13/sezpoz-1.13.jar:/Users/sameer.shaik/.m2/repository/net/sf/kxml/kxml2/2.3.0/kxml2-2.3.0.jar:/Users/sameer.shaik/.m2/repository/org/apache/ant/ant/1.10.12/ant-1.10.12.jar:/Users/sameer.shaik/.m2/repository/org/apache/ant/ant-launcher/1.10.12/ant-launcher-1.10.12.jar:/Users/sameer.shaik/.m2/repository/org/apache/commons/commons-compress/1.21/commons-compress-1.21.jar:/Users/sameer.shaik/.m2/repository/org/codehaus/groovy/groovy-all/2.4.21/groovy-all-2.4.21.jar:/Users/sameer.shaik/.m2/repository/org/connectbot/jbcrypt/jbcrypt/1.0.0/jbcrypt-1.0.0.jar:/Users/sameer.shaik/.m2/repository/org/fusesource/jansi/jansi/1.11/jansi-1.11.jar:/Users/sameer.shaik/.m2/repository/org/jenkins-ci/annotation-indexer/1.16/annotation-indexer-1.16.jar:/Users/sameer.shaik/.m2/repository/org/jenkins-ci/commons-jexl/1.1-jenkins-20111212/commons-jexl-1.1-jenkins-20111212.jar:/Users/sameer.shaik/.m2/repository/org/jenkins-ci/crypto-util/1.7/crypto-util-1.7.jar:/Users/sameer.shaik/.m2/repository/org/jenkins-ci/memory-monitor/1.11/memory-monitor-1.11.jar:/Users/sameer.shaik/.m2/repository/org/jenkins-ci/symbol-annotation/1.1/symbol-annotation-1.1.jar:/Users/sameer.shaik/.m2/repository/org/jenkins-ci/task-reactor/1.7/task-reactor-1.7.jar:/Users/sameer.shaik/.m2/repository/org/jenkins-ci/version-number/1.10/version-number-1.10.jar:/Users/sameer.shaik/.m2/repository/org/jfree/jfreechart/1.0.19/jfreechart-1.0.19.jar:/Users/sameer.shaik/.m2/repository/org/jfree/jcommon/1.0.23/jcommon-1.0.23.jar:/Users/sameer.shaik/.m2/repository/org/jvnet/hudson/commons-jelly-tags-define/1.0.1-hudson-20071021/commons-jelly-tags-define-1.0.1-hudson-20071021.jar:/Users/sameer.shaik/.m2/repository/org/jvnet/localizer/localizer/1.31/localizer-1.31.jar:/Users/sameer.shaik/.m2/repository/org/jvnet/robust-http-client/robust-http-client/1.2/robust-http-client-1.2.jar:/Users/sameer.shaik/.m2/repository/org/jvnet/winp/winp/1.28/winp-1.28.jar:/Users/sameer.shaik/.m2/repository/org/kohsuke/access-modifier-annotation/1.27/access-modifier-annotation-1.27.jar:/Users/sameer.shaik/.m2/repository/org/kohsuke/windows-package-checker/1.2/windows-package-checker-1.2.jar:/Users/sameer.shaik/.m2/repository/org/kohsuke/jinterop/j-interop/2.0.8-kohsuke-1/j-interop-2.0.8-kohsuke-1.jar:/Users/sameer.shaik/.m2/repository/org/kohsuke/jinterop/j-interopdeps/2.0.8-kohsuke-1/j-interopdeps-2.0.8-kohsuke-1.jar:/Users/sameer.shaik/.m2/repository/org/samba/jcifs/jcifs/1.3.18-kohsuke-1/jcifs-1.3.18-kohsuke-1.jar:/Users/sameer.shaik/.m2/repository/org/kohsuke/stapler/json-lib/2.4-jenkins-3/json-lib-2.4-jenkins-3.jar:/Users/sameer.shaik/.m2/repository/net/sf/ezmorph/ezmorph/1.0.6/ezmorph-1.0.6.jar:/Users/sameer.shaik/.m2/repository/org/kohsuke/stapler/stapler/1669.v95a_4b_919a_b_a_2/stapler-1669.v95a_4b_919a_b_a_2.jar:/Users/sameer.shaik/.m2/repository/commons-discovery/commons-discovery/0.5/commons-discovery-0.5.jar:/Users/sameer.shaik/.m2/repository/javax/annotation/javax.annotation-api/1.3.2/javax.annotation-api-1.3.2.jar:/Users/sameer.shaik/.m2/repository/jakarta/annotation/jakarta.annotation-api/2.0.0/jakarta.annotation-api-2.0.0.jar:/Users/sameer.shaik/.m2/repository/org/jvnet/tiger-types/2.2/tiger-types-2.2.jar:/Users/sameer.shaik/.m2/repository/org/kohsuke/stapler/stapler-adjunct-codemirror/1.3/stapler-adjunct-codemirror-1.3.jar:/Users/sameer.shaik/.m2/repository/org/kohsuke/stapler/stapler-adjunct-timeline/1.5/stapler-adjunct-timeline-1.5.jar:/Users/sameer.shaik/.m2/repository/org/kohsuke/stapler/stapler-groovy/1669.v95a_4b_919a_b_a_2/stapler-groovy-1669.v95a_4b_919a_b_a_2.jar:/Users/sameer.shaik/.m2/repository/org/kohsuke/stapler/stapler-jelly/1669.v95a_4b_919a_b_a_2/stapler-jelly-1669.v95a_4b_919a_b_a_2.jar:/Users/sameer.shaik/.m2/repository/org/dom4j/dom4j/2.1.3/dom4j-2.1.3.jar:/Users/sameer.shaik/.m2/repository/org/jenkins-ci/commons-jelly/1.1-jenkins-20220125/commons-jelly-1.1-jenkins-20220125.jar:/Users/sameer.shaik/.m2/repository/org/ow2/asm/asm/9.3/asm-9.3.jar:/Users/sameer.shaik/.m2/repository/org/ow2/asm/asm-analysis/9.3/asm-analysis-9.3.jar:/Users/sameer.shaik/.m2/repository/org/ow2/asm/asm-commons/9.3/asm-commons-9.3.jar:/Users/sameer.shaik/.m2/repository/org/ow2/asm/asm-tree/9.3/asm-tree-9.3.jar:/Users/sameer.shaik/.m2/repository/org/ow2/asm/asm-util/9.3/asm-util-9.3.jar:/Users/sameer.shaik/.m2/repository/org/slf4j/jcl-over-slf4j/1.7.36/jcl-over-slf4j-1.7.36.jar:/Users/sameer.shaik/.m2/repository/org/slf4j/log4j-over-slf4j/1.7.36/log4j-over-slf4j-1.7.36.jar:/Users/sameer.shaik/.m2/repository/org/springframework/security/spring-security-web/5.6.3/spring-security-web-5.6.3.jar:/Users/sameer.shaik/.m2/repository/org/springframework/security/spring-security-core/5.6.3/spring-security-core-5.6.3.jar:/Users/sameer.shaik/.m2/repository/org/springframework/security/spring-security-crypto/5.6.3/spring-security-crypto-5.6.3.jar:/Users/sameer.shaik/.m2/repository/org/springframework/spring-core/5.3.20/spring-core-5.3.20.jar:/Users/sameer.shaik/.m2/repository/org/springframework/spring-aop/5.3.20/spring-aop-5.3.20.jar:/Users/sameer.shaik/.m2/repository/org/springframework/spring-beans/5.3.20/spring-beans-5.3.20.jar:/Users/sameer.shaik/.m2/repository/org/springframework/spring-context/5.3.20/spring-context-5.3.20.jar:/Users/sameer.shaik/.m2/repository/org/springframework/spring-expression/5.3.20/spring-expression-5.3.20.jar:/Users/sameer.shaik/.m2/repository/org/springframework/spring-web/5.3.20/spring-web-5.3.20.jar:/Users/sameer.shaik/.m2/repository/xpp3/xpp3/1.1.4c/xpp3-1.1.4c.jar:/Users/sameer.shaik/.m2/repository/org/jenkins-ci/main/jenkins-war/2.346.3/jenkins-war-2.346.3.war:/Users/sameer.shaik/.m2/repository/org/jenkins-ci/modules/launchd-slave-installer/1.2/launchd-slave-installer-1.2.jar:/Users/sameer.shaik/.m2/repository/org/jenkins-ci/modules/slave-installer/1.7/slave-installer-1.7.jar:/Users/sameer.shaik/.m2/repository/org/jenkins-ci/modules/systemd-slave-installer/1.1/systemd-slave-installer-1.1.jar:/Users/sameer.shaik/.m2/repository/org/jenkins-ci/modules/upstart-slave-installer/1.1/upstart-slave-installer-1.1.jar:/Users/sameer.shaik/.m2/repository/org/jenkins-ci/modules/windows-slave-installer/2.0/windows-slave-installer-2.0.jar:/Users/sameer.shaik/.m2/repository/org/slf4j/slf4j-jdk14/1.7.36/slf4j-jdk14-1.7.36.jar:/Users/sameer.shaik/.m2/repository/javax/servlet/javax.servlet-api/3.1.0/javax.servlet-api-3.1.0.jar:/Users/sameer.shaik/.m2/repository/net/jcip/jcip-annotations/1.0/jcip-annotations-1.0.jar:/Users/sameer.shaik/.m2/repository/org/codehaus/mojo/animal-sniffer-annotations/1.22/animal-sniffer-annotations-1.22.jar:/Users/sameer.shaik/.m2/repository/commons-logging/commons-logging/1.2/commons-logging-1.2.jar:/Users/sameer.shaik/.m2/repository/org/jenkins-ci/main/jenkins-test-harness/1847.v10c7a_4c2e344/jenkins-test-harness-1847.v10c7a_4c2e344.jar:/Users/sameer.shaik/.m2/repository/org/jenkins-ci/main/jenkins-test-harness-htmlunit/115.v76ea_b_b_b_2e167/jenkins-test-harness-htmlunit-115.v76ea_b_b_b_2e167.jar:/Users/sameer.shaik/.m2/repository/commons-net/commons-net/3.8.0/commons-net-3.8.0.jar:/Users/sameer.shaik/.m2/repository/org/brotli/dec/0.1.2/dec-0.1.2.jar:/Users/sameer.shaik/.m2/repository/com/shapesecurity/salvation2/3.0.1/salvation2-3.0.1.jar:/Users/sameer.shaik/.m2/repository/io/jenkins/lib/support-log-formatter/1.1/support-log-formatter-1.1.jar:/Users/sameer.shaik/.m2/repository/org/eclipse/jetty/jetty-security/9.4.48.v20220622/jetty-security-9.4.48.v20220622.jar:/Users/sameer.shaik/.m2/repository/org/eclipse/jetty/jetty-server/9.4.48.v20220622/jetty-server-9.4.48.v20220622.jar:/Users/sameer.shaik/.m2/repository/org/eclipse/jetty/jetty-io/9.4.48.v20220622/jetty-io-9.4.48.v20220622.jar:/Users/sameer.shaik/.m2/repository/org/eclipse/jetty/jetty-webapp/9.4.48.v20220622/jetty-webapp-9.4.48.v20220622.jar:/Users/sameer.shaik/.m2/repository/org/eclipse/jetty/jetty-xml/9.4.48.v20220622/jetty-xml-9.4.48.v20220622.jar:/Users/sameer.shaik/.m2/repository/org/eclipse/jetty/jetty-util/9.4.48.v20220622/jetty-util-9.4.48.v20220622.jar:/Users/sameer.shaik/.m2/repository/org/eclipse/jetty/jetty-servlet/9.4.48.v20220622/jetty-servlet-9.4.48.v20220622.jar:/Users/sameer.shaik/.m2/repository/org/eclipse/jetty/jetty-util-ajax/9.4.48.v20220622/jetty-util-ajax-9.4.48.v20220622.jar:/Users/sameer.shaik/.m2/repository/org/eclipse/jetty/websocket/websocket-api/9.4.48.v20220622/websocket-api-9.4.48.v20220622.jar:/Users/sameer.shaik/.m2/repository/org/eclipse/jetty/websocket/websocket-server/9.4.48.v20220622/websocket-server-9.4.48.v20220622.jar:/Users/sameer.shaik/.m2/repository/org/eclipse/jetty/websocket/websocket-common/9.4.48.v20220622/websocket-common-9.4.48.v20220622.jar:/Users/sameer.shaik/.m2/repository/org/eclipse/jetty/websocket/websocket-client/9.4.48.v20220622/websocket-client-9.4.48.v20220622.jar:/Users/sameer.shaik/.m2/repository/org/eclipse/jetty/jetty-client/9.4.48.v20220622/jetty-client-9.4.48.v20220622.jar:/Users/sameer.shaik/.m2/repository/org/eclipse/jetty/websocket/websocket-servlet/9.4.48.v20220622/websocket-servlet-9.4.48.v20220622.jar:/Users/sameer.shaik/.m2/repository/org/eclipse/jetty/jetty-http/9.4.48.v20220622/jetty-http-9.4.48.v20220622.jar:/Users/sameer.shaik/.m2/repository/org/hamcrest/hamcrest/2.2/hamcrest-2.2.jar:/Users/sameer.shaik/.m2/repository/org/hamcrest/hamcrest-library/2.2/hamcrest-library-2.2.jar:/Users/sameer.shaik/.m2/repository/org/junit/jupiter/junit-jupiter-api/5.9.1/junit-jupiter-api-5.9.1.jar:/Users/sameer.shaik/.m2/repository/org/opentest4j/opentest4j/1.2.0/opentest4j-1.2.0.jar:/Users/sameer.shaik/.m2/repository/org/junit/platform/junit-platform-commons/1.9.1/junit-platform-commons-1.9.1.jar:/Users/sameer.shaik/.m2/repository/org/jvnet/hudson/embedded-rhino-debugger/1.2/embedded-rhino-debugger-1.2.jar:/Users/sameer.shaik/.m2/repository/org/netbeans/modules/org-netbeans-insane/RELEASE150/org-netbeans-insane-RELEASE150.jar:/Users/sameer.shaik/.m2/repository/org/openjdk/jmh/jmh-core/1.35/jmh-core-1.35.jar:/Users/sameer.shaik/.m2/repository/net/sf/jopt-simple/jopt-simple/5.0.4/jopt-simple-5.0.4.jar:/Users/sameer.shaik/.m2/repository/org/apache/commons/commons-math3/3.2/commons-math3-3.2.jar:/Users/sameer.shaik/.m2/repository/org/openjdk/jmh/jmh-generator-annprocess/1.35/jmh-generator-annprocess-1.35.jar:/Users/sameer.shaik/.m2/repository/org/jenkins-ci/test-annotations/1.4/test-annotations-1.4.jar:/Users/sameer.shaik/.m2/repository/org/junit/jupiter/junit-jupiter/5.9.1/junit-jupiter-5.9.1.jar:/Users/sameer.shaik/.m2/repository/org/junit/jupiter/junit-jupiter-params/5.9.1/junit-jupiter-params-5.9.1.jar:/Users/sameer.shaik/.m2/repository/org/junit/jupiter/junit-jupiter-engine/5.9.1/junit-jupiter-engine-5.9.1.jar:/Users/sameer.shaik/.m2/repository/org/junit/vintage/junit-vintage-engine/5.9.1/junit-vintage-engine-5.9.1.jar:/Users/sameer.shaik/.m2/repository/org/junit/platform/junit-platform-engine/1.9.1/junit-platform-engine-1.9.1.jar:/Users/sameer.shaik/.m2/repository/org/apiguardian/apiguardian-api/1.1.2/apiguardian-api-1.1.2.jar:"/>
    <property name="sun.cpu.endian" value="little"/>
    <property name="user.home" value="/Users/sameer.shaik"/>
    <property name="user.language" value="en"/>
    <property name="java.specification.vendor" value="Oracle Corporation"/>
    <property name="java.version.date" value="2024-04-16"/>
    <property name="java.home" value="/Library/Java/JavaVirtualMachines/openlogic-openjdk-17.jdk/Contents/Home"/>
    <property name="file.separator" value="/"/>
    <property name="basedir" value="/Users/sameer.shaik/MyWorkSpace/17OctV2.2.3-New-BitBucketIssueFixed/conjur-credentials-plugin"/>
    <property name="java.vm.compressedOopsMode" value="Zero based"/>
    <property name="line.separator" value="&#10;"/>
    <property name="java.vm.specification.vendor" value="Oracle Corporation"/>
    <property name="java.specification.name" value="Java Platform API Specification"/>
    <property name="java.awt.headless" value="true"/>
    <property name="surefire.real.class.path" value="/Users/sameer.shaik/MyWorkSpace/17OctV2.2.3-New-BitBucketIssueFixed/conjur-credentials-plugin/target/surefire/surefirebooter-20241022181310871_85.jar"/>
    <property name="sun.management.compiler" value="HotSpot 64-Bit Tiered Compilers"/>
    <property name="java.runtime.version" value="17.0.11+9-adhoc.admin.jdk17u"/>
    <property name="user.name" value="sameer.shaik"/>
    <property name="path.separator" value=":"/>
    <property name="os.version" value="14.7"/>
    <property name="java.runtime.name" value="OpenJDK Runtime Environment"/>
    <property name="file.encoding" value="UTF-8"/>
    <property name="java.vm.name" value="OpenJDK 64-Bit Server VM"/>
    <property name="java.vendor.version" value="OpenLogic-OpenJDK"/>
    <property name="localRepository" value="/Users/sameer.shaik/.m2/repository"/>
    <property name="java.vendor.url.bug" value="https://techsupport.roguewave.com/"/>
    <property name="java.io.tmpdir" value="/Users/sameer.shaik/MyWorkSpace/17OctV2.2.3-New-BitBucketIssueFixed/conjur-credentials-plugin/target/tmp"/>
    <property name="idea.version" value="2024.1.4"/>
    <property name="java.version" value="17.0.11"/>
    <property name="user.dir" value="/Users/sameer.shaik/MyWorkSpace/17OctV2.2.3-New-BitBucketIssueFixed/conjur-credentials-plugin"/>
    <property name="os.arch" value="x86_64"/>
    <property name="java.vm.specification.name" value="Java Virtual Machine Specification"/>
    <property name="native.encoding" value="UTF-8"/>
    <property name="java.library.path" value="/Users/sameer.shaik/Library/Java/Extensions:/Library/Java/Extensions:/Network/Library/Java/Extensions:/System/Library/Java/Extensions:/usr/lib/java:."/>
    <property name="java.vm.info" value="mixed mode, sharing"/>
    <property name="java.vendor" value="OpenLogic"/>
    <property name="java.vm.version" value="17.0.11+9-adhoc.admin.jdk17u"/>
    <property name="sun.io.unicode.encoding" value="UnicodeBig"/>
    <property name="java.class.version" value="61.0"/>
  </properties>
  <testcase name="getIdentityFormatFieldsTokenEmptyValue" classname="org.conjur.jenkins.jwtauthimpl.JwtTokenTest" time="0.399"/>
  <testcase name="testGetSelectIdentityFormatFieldsTokenWithDelimiter" classname="org.conjur.jenkins.jwtauthimpl.JwtTokenTest" time="0.004"/>
  <testcase name="testGetSelectIdentityFormatFieldsTokenNoDelimiter" classname="org.conjur.jenkins.jwtauthimpl.JwtTokenTest" time="0.004"/>
  <testcase name="mockGetToken" classname="org.conjur.jenkins.jwtauthimpl.JwtTokenTest" time="0.051"/>
  <testcase name="getIdentityFormatFieldsTokenNotNullValue" classname="org.conjur.jenkins.jwtauthimpl.JwtTokenTest" time="0.003"/>
  <testcase name="getUnsignedTokenWithEnabledJWKS" classname="org.conjur.jenkins.jwtauthimpl.JwtTokenTest" time="0.003"/>
  <testcase name="mockSign" classname="org.conjur.jenkins.jwtauthimpl.JwtTokenTest" time="0.005"/>
  <testcase name="getUnsignedTokenNull" classname="org.conjur.jenkins.jwtauthimpl.JwtTokenTest" time="0.003"/>
  <testcase name="mockGetUnsignedToken" classname="org.conjur.jenkins.jwtauthimpl.JwtTokenTest" time="0.003"/>
  <testcase name="getUnsignedTokenWithDiabledJWKS" classname="org.conjur.jenkins.jwtauthimpl.JwtTokenTest" time="0.002"/>
</testsuite>