<?xml version="1.0" encoding="UTF-8"?>
<testsuite xmlns:xsi="http://www.w3.org/2001/XMLSchema-instance" xsi:noNamespaceSchemaLocation="https://maven.apache.org/surefire/maven-surefire-plugin/xsd/surefire-test-report-3.0.xsd" version="3.0" name="org.conjur.jenkins.credentials.ConjurCredentialStoreTest" time="20.331" tests="9" errors="0" skipped="0" failures="0">
  <properties>
    <property name="hudson.udp" value="-1"/>
    <property name="java.specification.version" value="17"/>
    <property name="sun.jnu.encoding" value="UTF-8"/>
    <property name="java.class.path" value="/Users/sameer.shaik/MyWorkSpace/17OctV2.2.3-New-BitBucketIssueFixed/conjur-credentials-plugin/target/test-classes:/Users/sameer.shaik/MyWorkSpace/17OctV2.2.3-New-BitBucketIssueFixed/conjur-credentials-plugin/target/classes:/Users/sameer.shaik/.m2/repository/org/jenkins-ci/plugins/cloudbees-folder/6.740.ve4f4ffa_dea_54/cloudbees-folder-6.740.ve4f4ffa_dea_54.jar:/Users/sameer.shaik/.m2/repository/org/jenkins-ci/plugins/credentials/1087.1089.v2f1b_9a_b_040e4/credentials-1087.1089.v2f1b_9a_b_040e4.jar:/Users/sameer.shaik/.m2/repository/org/jenkins-ci/plugins/structs/324.va_f5d6774f3a_d/structs-324.va_f5d6774f3a_d.jar:/Users/sameer.shaik/.m2/repository/org/antlr/antlr4-runtime/4.9.3/antlr4-runtime-4.9.3.jar:/Users/sameer.shaik/.m2/repository/org/jenkins-ci/plugins/credentials-binding/523.vd859a_4b_122e6/credentials-binding-523.vd859a_4b_122e6.jar:/Users/sameer.shaik/.m2/repository/org/jenkins-ci/plugins/plain-credentials/139.ved2b_9cf7587b/plain-credentials-139.ved2b_9cf7587b.jar:/Users/sameer.shaik/.m2/repository/org/jenkins-ci/plugins/workflow/workflow-step-api/639.v6eca_cd8c04a_a_/workflow-step-api-639.v6eca_cd8c04a_a_.jar:/Users/sameer.shaik/.m2/repository/org/jenkins-ci/plugins/ssh-credentials/277.280.v1e86b_7d0056b_/ssh-credentials-277.280.v1e86b_7d0056b_.jar:/Users/sameer.shaik/.m2/repository/org/jenkins-ci/plugins/trilead-api/1.67.vc3938a_35172f/trilead-api-1.67.vc3938a_35172f.jar:/Users/sameer.shaik/.m2/repository/org/jenkins-ci/trilead-ssh2/build-217-jenkins-27/trilead-ssh2-build-217-jenkins-27.jar:/Users/sameer.shaik/.m2/repository/net/i2p/crypto/eddsa/0.3.0/eddsa-0.3.0.jar:/Users/sameer.shaik/.m2/repository/com/google/crypto/tink/tink/1.5.0/tink-1.5.0.jar:/Users/sameer.shaik/.m2/repository/com/google/protobuf/protobuf-java/3.11.1/protobuf-java-3.11.1.jar:/Users/sameer.shaik/.m2/repository/org/kohsuke/trilead-putty-extension/1.2/trilead-putty-extension-1.2.jar:/Users/sameer.shaik/.m2/repository/org/jenkins-ci/modules/instance-identity/2.2/instance-identity-2.2.jar:/Users/sameer.shaik/.m2/repository/io/github/stephenc/crypto/self-signed-cert-generator/1.0.0/self-signed-cert-generator-1.0.0.jar:/Users/sameer.shaik/.m2/repository/org/jetbrains/kotlin/kotlin-stdlib-common/1.6.20/kotlin-stdlib-common-1.6.20.jar:/Users/sameer.shaik/.m2/repository/com/squareup/okhttp3/okhttp/4.10.0/okhttp-4.10.0.jar:/Users/sameer.shaik/.m2/repository/com/squareup/okio/okio-jvm/3.0.0/okio-jvm-3.0.0.jar:/Users/sameer.shaik/.m2/repository/org/jetbrains/kotlin/kotlin-stdlib-jdk8/1.5.31/kotlin-stdlib-jdk8-1.5.31.jar:/Users/sameer.shaik/.m2/repository/org/jetbrains/kotlin/kotlin-stdlib-jdk7/1.5.31/kotlin-stdlib-jdk7-1.5.31.jar:/Users/sameer.shaik/.m2/repository/org/jetbrains/kotlin/kotlin-stdlib/1.6.20/kotlin-stdlib-1.6.20.jar:/Users/sameer.shaik/.m2/repository/org/jetbrains/annotations/13.0/annotations-13.0.jar:/Users/sameer.shaik/.m2/repository/com/fasterxml/jackson/core/jackson-databind/2.14.0/jackson-databind-2.14.0.jar:/Users/sameer.shaik/.m2/repository/com/fasterxml/jackson/core/jackson-annotations/2.14.0/jackson-annotations-2.14.0.jar:/Users/sameer.shaik/.m2/repository/com/fasterxml/jackson/core/jackson-core/2.14.0/jackson-core-2.14.0.jar:/Users/sameer.shaik/.m2/repository/org/jenkins-ci/plugins/jackson2-api/2.13.4.20221013-295.v8e29ea_354141/jackson2-api-2.13.4.20221013-295.v8e29ea_354141.jar:/Users/sameer.shaik/.m2/repository/com/fasterxml/jackson/datatype/jackson-datatype-jsr310/2.13.4/jackson-datatype-jsr310-2.13.4.jar:/Users/sameer.shaik/.m2/repository/com/fasterxml/jackson/datatype/jackson-datatype-jdk8/2.13.4/jackson-datatype-jdk8-2.13.4.jar:/Users/sameer.shaik/.m2/repository/com/fasterxml/jackson/datatype/jackson-datatype-json-org/2.13.4/jackson-datatype-json-org-2.13.4.jar:/Users/sameer.shaik/.m2/repository/org/json/json/20190722/json-20190722.jar:/Users/sameer.shaik/.m2/repository/com/fasterxml/jackson/module/jackson-module-parameter-names/2.13.4/jackson-module-parameter-names-2.13.4.jar:/Users/sameer.shaik/.m2/repository/com/fasterxml/jackson/module/jackson-module-jaxb-annotations/2.13.4/jackson-module-jaxb-annotations-2.13.4.jar:/Users/sameer.shaik/.m2/repository/com/fasterxml/jackson/dataformat/jackson-dataformat-cbor/2.13.4/jackson-dataformat-cbor-2.13.4.jar:/Users/sameer.shaik/.m2/repository/com/fasterxml/jackson/dataformat/jackson-dataformat-xml/2.13.4/jackson-dataformat-xml-2.13.4.jar:/Users/sameer.shaik/.m2/repository/org/codehaus/woodstox/stax2-api/4.2.1/stax2-api-4.2.1.jar:/Users/sameer.shaik/.m2/repository/com/fasterxml/woodstox/woodstox-core/6.3.1/woodstox-core-6.3.1.jar:/Users/sameer.shaik/.m2/repository/com/fasterxml/jackson/dataformat/jackson-dataformat-yaml/2.13.4/jackson-dataformat-yaml-2.13.4.jar:/Users/sameer.shaik/.m2/repository/io/jenkins/plugins/javax-activation-api/1.2.0-5/javax-activation-api-1.2.0-5.jar:/Users/sameer.shaik/.m2/repository/com/sun/activation/javax.activation/1.2.0/javax.activation-1.2.0.jar:/Users/sameer.shaik/.m2/repository/io/jenkins/plugins/jaxb/2.3.6-1/jaxb-2.3.6-1.jar:/Users/sameer.shaik/.m2/repository/com/sun/xml/bind/jaxb-impl/2.3.6/jaxb-impl-2.3.6.jar:/Users/sameer.shaik/.m2/repository/javax/xml/bind/jaxb-api/2.3.1/jaxb-api-2.3.1.jar:/Users/sameer.shaik/.m2/repository/io/jenkins/plugins/snakeyaml-api/1.30.2-76.vc104f7ce9870/snakeyaml-api-1.30.2-76.vc104f7ce9870.jar:/Users/sameer.shaik/.m2/repository/org/yaml/snakeyaml/1.30/snakeyaml-1.30.jar:/Users/sameer.shaik/.m2/repository/org/bitbucket/b_c/jose4j/0.7.9/jose4j-0.7.9.jar:/Users/sameer.shaik/.m2/repository/com/google/code/gson/gson/2.8.9/gson-2.8.9.jar:/Users/sameer.shaik/.m2/repository/org/jenkins-ci/plugins/workflow/workflow-basic-steps/994.vd57e3ca_46d24/workflow-basic-steps-994.vd57e3ca_46d24.jar:/Users/sameer.shaik/.m2/repository/org/jenkins-ci/plugins/mailer/435.438.v5b_81173f5b_a_1/mailer-435.438.v5b_81173f5b_a_1.jar:/Users/sameer.shaik/.m2/repository/org/jenkins-ci/plugins/display-url-api/2.3.6/display-url-api-2.3.6.jar:/Users/sameer.shaik/.m2/repository/org/jenkins-ci/plugins/workflow/workflow-api/1200.v8005c684b_a_c6/workflow-api-1200.v8005c684b_a_c6.jar:/Users/sameer.shaik/.m2/repository/org/jenkins-ci/plugins/apache-httpcomponents-client-4-api/4.5.13-138.v4e7d9a_7b_a_e61/apache-httpcomponents-client-4-api-4.5.13-138.v4e7d9a_7b_a_e61.jar:/Users/sameer.shaik/.m2/repository/org/apache/httpcomponents/httpcore/4.4.15/httpcore-4.4.15.jar:/Users/sameer.shaik/.m2/repository/org/apache/httpcomponents/httpcore-nio/4.4.15/httpcore-nio-4.4.15.jar:/Users/sameer.shaik/.m2/repository/org/apache/httpcomponents/httpclient/4.5.13/httpclient-4.5.13.jar:/Users/sameer.shaik/.m2/repository/org/apache/httpcomponents/httpmime/4.5.13/httpmime-4.5.13.jar:/Users/sameer.shaik/.m2/repository/org/apache/httpcomponents/fluent-hc/4.5.13/fluent-hc-4.5.13.jar:/Users/sameer.shaik/.m2/repository/org/apache/httpcomponents/httpclient-cache/4.5.13/httpclient-cache-4.5.13.jar:/Users/sameer.shaik/.m2/repository/org/apache/httpcomponents/httpasyncclient/4.1.4/httpasyncclient-4.1.4.jar:/Users/sameer.shaik/.m2/repository/org/apache/httpcomponents/httpasyncclient-cache/4.1.4/httpasyncclient-cache-4.1.4.jar:/Users/sameer.shaik/.m2/repository/io/jenkins/plugins/jakarta-mail-api/2.0.1-2/jakarta-mail-api-2.0.1-2.jar:/Users/sameer.shaik/.m2/repository/com/sun/mail/jakarta.mail/2.0.1/jakarta.mail-2.0.1.jar:/Users/sameer.shaik/.m2/repository/io/jenkins/plugins/jakarta-activation-api/2.0.1-2/jakarta-activation-api-2.0.1-2.jar:/Users/sameer.shaik/.m2/repository/com/sun/activation/jakarta.activation/2.0.1/jakarta.activation-2.0.1.jar:/Users/sameer.shaik/.m2/repository/org/jenkins-ci/plugins/workflow/workflow-cps/2729.vea_17b_79ed57a_/workflow-cps-2729.vea_17b_79ed57a_.jar:/Users/sameer.shaik/.m2/repository/org/jenkins-ci/plugins/workflow/workflow-support/839.v35e2736cfd5c/workflow-support-839.v35e2736cfd5c.jar:/Users/sameer.shaik/.m2/repository/io/jenkins/plugins/caffeine-api/2.9.3-65.v6a_47d0f4d1fe/caffeine-api-2.9.3-65.v6a_47d0f4d1fe.jar:/Users/sameer.shaik/.m2/repository/com/github/ben-manes/caffeine/caffeine/2.9.3/caffeine-2.9.3.jar:/Users/sameer.shaik/.m2/repository/org/jboss/marshalling/jboss-marshalling-river/2.1.0.Final/jboss-marshalling-river-2.1.0.Final.jar:/Users/sameer.shaik/.m2/repository/org/jboss/marshalling/jboss-marshalling/2.1.0.Final/jboss-marshalling-2.1.0.Final.jar:/Users/sameer.shaik/.m2/repository/org/jenkins-ci/plugins/workflow/workflow-scm-step/400.v6b_89a_1317c9a_/workflow-scm-step-400.v6b_89a_1317c9a_.jar:/Users/sameer.shaik/.m2/repository/org/jenkins-ci/plugins/script-security/1183.v774b_0b_0a_a_451/script-security-1183.v774b_0b_0a_a_451.jar:/Users/sameer.shaik/.m2/repository/org/kohsuke/groovy-sandbox/1.27/groovy-sandbox-1.27.jar:/Users/sameer.shaik/.m2/repository/org/jenkins-ci/plugins/scm-api/621.vda_a_b_055e58f7/scm-api-621.vda_a_b_055e58f7.jar:/Users/sameer.shaik/.m2/repository/com/cloudbees/groovy-cps/1.32/groovy-cps-1.32.jar:/Users/sameer.shaik/.m2/repository/org/jenkins-ci/ui/ace-editor/1.1/ace-editor-1.1.jar:/Users/sameer.shaik/.m2/repository/com/cloudbees/diff4j/1.3/diff4j-1.3.jar:/Users/sameer.shaik/.m2/repository/org/jenkins-ci/plugins/workflow/workflow-durable-task-step/1190.vc93d7d457042/workflow-durable-task-step-1190.vc93d7d457042.jar:/Users/sameer.shaik/.m2/repository/org/jenkins-ci/plugins/durable-task/500.v8927d9fd99d8/durable-task-500.v8927d9fd99d8.jar:/Users/sameer.shaik/.m2/repository/io/jenkins/plugins/lib-durable-task/25.v6c906af81ee2/lib-durable-task-25.v6c906af81ee2.jar:/Users/sameer.shaik/.m2/repository/org/jenkins-ci/plugins/workflow/workflow-job/1189.va_d37a_e9e4eda_/workflow-job-1189.va_d37a_e9e4eda_.jar:/Users/sameer.shaik/.m2/repository/junit/junit/4.13.2/junit-4.13.2.jar:/Users/sameer.shaik/.m2/repository/org/hamcrest/hamcrest-core/2.2/hamcrest-core-2.2.jar:/Users/sameer.shaik/.m2/repository/org/mockito/mockito-inline/3.11.2/mockito-inline-3.11.2.jar:/Users/sameer.shaik/.m2/repository/org/mockito/mockito-core/4.8.0/mockito-core-4.8.0.jar:/Users/sameer.shaik/.m2/repository/net/bytebuddy/byte-buddy/1.12.14/byte-buddy-1.12.14.jar:/Users/sameer.shaik/.m2/repository/net/bytebuddy/byte-buddy-agent/1.12.14/byte-buddy-agent-1.12.14.jar:/Users/sameer.shaik/.m2/repository/org/objenesis/objenesis/3.3/objenesis-3.3.jar:/Users/sameer.shaik/.m2/repository/org/javassist/javassist/3.24.1-GA/javassist-3.24.1-GA.jar:/Users/sameer.shaik/.m2/repository/ch/qos/logback/logback-classic/1.4.7/logback-classic-1.4.7.jar:/Users/sameer.shaik/.m2/repository/ch/qos/logback/logback-core/1.4.7/logback-core-1.4.7.jar:/Users/sameer.shaik/.m2/repository/org/assertj/assertj-core/3.15.0/assertj-core-3.15.0.jar:/Users/sameer.shaik/.m2/repository/org/slf4j/slf4j-api/2.0.4/slf4j-api-2.0.4.jar:/Users/sameer.shaik/.m2/repository/com/thoughtworks/xstream/xstream/1.4.20/xstream-1.4.20.jar:/Users/sameer.shaik/.m2/repository/io/github/x-stream/mxparser/1.2.2/mxparser-1.2.2.jar:/Users/sameer.shaik/.m2/repository/xmlpull/xmlpull/1.1.3.1/xmlpull-1.1.3.1.jar:/Users/sameer.shaik/.m2/repository/org/jenkins-ci/main/jenkins-core/2.346.3/jenkins-core-2.346.3.jar:/Users/sameer.shaik/.m2/repository/org/jenkins-ci/main/cli/2.346.3/cli-2.346.3.jar:/Users/sameer.shaik/.m2/repository/org/jenkins-ci/main/remoting/4.13.3/remoting-4.13.3.jar:/Users/sameer.shaik/.m2/repository/antlr/antlr/2.7.7/antlr-2.7.7.jar:/Users/sameer.shaik/.m2/repository/args4j/args4j/2.33/args4j-2.33.jar:/Users/sameer.shaik/.m2/repository/com/github/spotbugs/spotbugs-annotations/4.6.0/spotbugs-annotations-4.6.0.jar:/Users/sameer.shaik/.m2/repository/com/google/guava/guava/31.1-jre/guava-31.1-jre.jar:/Users/sameer.shaik/.m2/repository/com/google/guava/failureaccess/1.0.1/failureaccess-1.0.1.jar:/Users/sameer.shaik/.m2/repository/com/google/guava/listenablefuture/9999.0-empty-to-avoid-conflict-with-guava/listenablefuture-9999.0-empty-to-avoid-conflict-with-guava.jar:/Users/sameer.shaik/.m2/repository/com/google/code/findbugs/jsr305/3.0.1/jsr305-3.0.1.jar:/Users/sameer.shaik/.m2/repository/com/google/inject/guice/5.0.1/guice-5.0.1.jar:/Users/sameer.shaik/.m2/repository/javax/inject/javax.inject/1/javax.inject-1.jar:/Users/sameer.shaik/.m2/repository/com/infradna/tool/bridge-method-annotation/1.23/bridge-method-annotation-1.23.jar:/Users/sameer.shaik/.m2/repository/com/jcraft/jzlib/1.1.3-kohsuke-1/jzlib-1.1.3-kohsuke-1.jar:/Users/sameer.shaik/.m2/repository/com/sun/solaris/embedded_su4j/1.1/embedded_su4j-1.1.jar:/Users/sameer.shaik/.m2/repository/com/sun/xml/txw2/txw2/20110809/txw2-20110809.jar:/Users/sameer.shaik/.m2/repository/relaxngDatatype/relaxngDatatype/20020414/relaxngDatatype-20020414.jar:/Users/sameer.shaik/.m2/repository/commons-beanutils/commons-beanutils/1.9.4/commons-beanutils-1.9.4.jar:/Users/sameer.shaik/.m2/repository/commons-codec/commons-codec/1.15/commons-codec-1.15.jar:/Users/sameer.shaik/.m2/repository/commons-collections/commons-collections/3.2.2/commons-collections-3.2.2.jar:/Users/sameer.shaik/.m2/repository/commons-fileupload/commons-fileupload/1.4/commons-fileupload-1.4.jar:/Users/sameer.shaik/.m2/repository/commons-httpclient/commons-httpclient/3.1-jenkins-3/commons-httpclient-3.1-jenkins-3.jar:/Users/sameer.shaik/.m2/repository/commons-io/commons-io/2.11.0/commons-io-2.11.0.jar:/Users/sameer.shaik/.m2/repository/commons-jelly/commons-jelly-tags-fmt/1.0/commons-jelly-tags-fmt-1.0.jar:/Users/sameer.shaik/.m2/repository/commons-jelly/commons-jelly-tags-xml/1.1/commons-jelly-tags-xml-1.1.jar:/Users/sameer.shaik/.m2/repository/commons-lang/commons-lang/2.6/commons-lang-2.6.jar:/Users/sameer.shaik/.m2/repository/io/jenkins/stapler/jenkins-stapler-support/1.1/jenkins-stapler-support-1.1.jar:/Users/sameer.shaik/.m2/repository/jakarta/servlet/jsp/jstl/jakarta.servlet.jsp.jstl-api/1.2.7/jakarta.servlet.jsp.jstl-api-1.2.7.jar:/Users/sameer.shaik/.m2/repository/jaxen/jaxen/1.2.0/jaxen-1.2.0.jar:/Users/sameer.shaik/.m2/repository/jline/jline/2.14.6/jline-2.14.6.jar:/Users/sameer.shaik/.m2/repository/net/java/dev/jna/jna/5.11.0/jna-5.11.0.jar:/Users/sameer.shaik/.m2/repository/net/java/sezpoz/sezpoz/1.13/sezpoz-1.13.jar:/Users/sameer.shaik/.m2/repository/net/sf/kxml/kxml2/2.3.0/kxml2-2.3.0.jar:/Users/sameer.shaik/.m2/repository/org/apache/ant/ant/1.10.12/ant-1.10.12.jar:/Users/sameer.shaik/.m2/repository/org/apache/ant/ant-launcher/1.10.12/ant-launcher-1.10.12.jar:/Users/sameer.shaik/.m2/repository/org/apache/commons/commons-compress/1.21/commons-compress-1.21.jar:/Users/sameer.shaik/.m2/repository/org/codehaus/groovy/groovy-all/2.4.21/groovy-all-2.4.21.jar:/Users/sameer.shaik/.m2/repository/org/connectbot/jbcrypt/jbcrypt/1.0.0/jbcrypt-1.0.0.jar:/Users/sameer.shaik/.m2/repository/org/fusesource/jansi/jansi/1.11/jansi-1.11.jar:/Users/sameer.shaik/.m2/repository/org/jenkins-ci/annotation-indexer/1.16/annotation-indexer-1.16.jar:/Users/sameer.shaik/.m2/repository/org/jenkins-ci/commons-jexl/1.1-jenkins-20111212/commons-jexl-1.1-jenkins-20111212.jar:/Users/sameer.shaik/.m2/repository/org/jenkins-ci/crypto-util/1.7/crypto-util-1.7.jar:/Users/sameer.shaik/.m2/repository/org/jenkins-ci/memory-monitor/1.11/memory-monitor-1.11.jar:/Users/sameer.shaik/.m2/repository/org/jenkins-ci/symbol-annotation/1.1/symbol-annotation-1.1.jar:/Users/sameer.shaik/.m2/repository/org/jenkins-ci/task-reactor/1.7/task-reactor-1.7.jar:/Users/sameer.shaik/.m2/repository/org/jenkins-ci/version-number/1.10/version-number-1.10.jar:/Users/sameer.shaik/.m2/repository/org/jfree/jfreechart/1.0.19/jfreechart-1.0.19.jar:/Users/sameer.shaik/.m2/repository/org/jfree/jcommon/1.0.23/jcommon-1.0.23.jar:/Users/sameer.shaik/.m2/repository/org/jvnet/hudson/commons-jelly-tags-define/1.0.1-hudson-20071021/commons-jelly-tags-define-1.0.1-hudson-20071021.jar:/Users/sameer.shaik/.m2/repository/org/jvnet/localizer/localizer/1.31/localizer-1.31.jar:/Users/sameer.shaik/.m2/repository/org/jvnet/robust-http-client/robust-http-client/1.2/robust-http-client-1.2.jar:/Users/sameer.shaik/.m2/repository/org/jvnet/winp/winp/1.28/winp-1.28.jar:/Users/sameer.shaik/.m2/repository/org/kohsuke/access-modifier-annotation/1.27/access-modifier-annotation-1.27.jar:/Users/sameer.shaik/.m2/repository/org/kohsuke/windows-package-checker/1.2/windows-package-checker-1.2.jar:/Users/sameer.shaik/.m2/repository/org/kohsuke/jinterop/j-interop/2.0.8-kohsuke-1/j-interop-2.0.8-kohsuke-1.jar:/Users/sameer.shaik/.m2/repository/org/kohsuke/jinterop/j-interopdeps/2.0.8-kohsuke-1/j-interopdeps-2.0.8-kohsuke-1.jar:/Users/sameer.shaik/.m2/repository/org/samba/jcifs/jcifs/1.3.18-kohsuke-1/jcifs-1.3.18-kohsuke-1.jar:/Users/sameer.shaik/.m2/repository/org/kohsuke/stapler/json-lib/2.4-jenkins-3/json-lib-2.4-jenkins-3.jar:/Users/sameer.shaik/.m2/repository/net/sf/ezmorph/ezmorph/1.0.6/ezmorph-1.0.6.jar:/Users/sameer.shaik/.m2/repository/org/kohsuke/stapler/stapler/1669.v95a_4b_919a_b_a_2/stapler-1669.v95a_4b_919a_b_a_2.jar:/Users/sameer.shaik/.m2/repository/commons-discovery/commons-discovery/0.5/commons-discovery-0.5.jar:/Users/sameer.shaik/.m2/repository/javax/annotation/javax.annotation-api/1.3.2/javax.annotation-api-1.3.2.jar:/Users/sameer.shaik/.m2/repository/jakarta/annotation/jakarta.annotation-api/2.0.0/jakarta.annotation-api-2.0.0.jar:/Users/sameer.shaik/.m2/repository/org/jvnet/tiger-types/2.2/tiger-types-2.2.jar:/Users/sameer.shaik/.m2/repository/org/kohsuke/stapler/stapler-adjunct-codemirror/1.3/stapler-adjunct-codemirror-1.3.jar:/Users/sameer.shaik/.m2/repository/org/kohsuke/stapler/stapler-adjunct-timeline/1.5/stapler-adjunct-timeline-1.5.jar:/Users/sameer.shaik/.m2/repository/org/kohsuke/stapler/stapler-groovy/1669.v95a_4b_919a_b_a_2/stapler-groovy-1669.v95a_4b_919a_b_a_2.jar:/Users/sameer.shaik/.m2/repository/org/kohsuke/stapler/stapler-jelly/1669.v95a_4b_919a_b_a_2/stapler-jelly-1669.v95a_4b_919a_b_a_2.jar:/Users/sameer.shaik/.m2/repository/org/dom4j/dom4j/2.1.3/dom4j-2.1.3.jar:/Users/sameer.shaik/.m2/repository/org/jenkins-ci/commons-jelly/1.1-jenkins-20220125/commons-jelly-1.1-jenkins-20220125.jar:/Users/sameer.shaik/.m2/repository/org/ow2/asm/asm/9.3/asm-9.3.jar:/Users/sameer.shaik/.m2/repository/org/ow2/asm/asm-analysis/9.3/asm-analysis-9.3.jar:/Users/sameer.shaik/.m2/repository/org/ow2/asm/asm-commons/9.3/asm-commons-9.3.jar:/Users/sameer.shaik/.m2/repository/org/ow2/asm/asm-tree/9.3/asm-tree-9.3.jar:/Users/sameer.shaik/.m2/repository/org/ow2/asm/asm-util/9.3/asm-util-9.3.jar:/Users/sameer.shaik/.m2/repository/org/slf4j/jcl-over-slf4j/1.7.36/jcl-over-slf4j-1.7.36.jar:/Users/sameer.shaik/.m2/repository/org/slf4j/log4j-over-slf4j/1.7.36/log4j-over-slf4j-1.7.36.jar:/Users/sameer.shaik/.m2/repository/org/springframework/security/spring-security-web/5.6.3/spring-security-web-5.6.3.jar:/Users/sameer.shaik/.m2/repository/org/springframework/security/spring-security-core/5.6.3/spring-security-core-5.6.3.jar:/Users/sameer.shaik/.m2/repository/org/springframework/security/spring-security-crypto/5.6.3/spring-security-crypto-5.6.3.jar:/Users/sameer.shaik/.m2/repository/org/springframework/spring-core/5.3.20/spring-core-5.3.20.jar:/Users/sameer.shaik/.m2/repository/org/springframework/spring-aop/5.3.20/spring-aop-5.3.20.jar:/Users/sameer.shaik/.m2/repository/org/springframework/spring-beans/5.3.20/spring-beans-5.3.20.jar:/Users/sameer.shaik/.m2/repository/org/springframework/spring-context/5.3.20/spring-context-5.3.20.jar:/Users/sameer.shaik/.m2/repository/org/springframework/spring-expression/5.3.20/spring-expression-5.3.20.jar:/Users/sameer.shaik/.m2/repository/org/springframework/spring-web/5.3.20/spring-web-5.3.20.jar:/Users/sameer.shaik/.m2/repository/xpp3/xpp3/1.1.4c/xpp3-1.1.4c.jar:/Users/sameer.shaik/.m2/repository/org/jenkins-ci/main/jenkins-war/2.346.3/jenkins-war-2.346.3.war:/Users/sameer.shaik/.m2/repository/org/jenkins-ci/modules/launchd-slave-installer/1.2/launchd-slave-installer-1.2.jar:/Users/sameer.shaik/.m2/repository/org/jenkins-ci/modules/slave-installer/1.7/slave-installer-1.7.jar:/Users/sameer.shaik/.m2/repository/org/jenkins-ci/modules/systemd-slave-installer/1.1/systemd-slave-installer-1.1.jar:/Users/sameer.shaik/.m2/repository/org/jenkins-ci/modules/upstart-slave-installer/1.1/upstart-slave-installer-1.1.jar:/Users/sameer.shaik/.m2/repository/org/jenkins-ci/modules/windows-slave-installer/2.0/windows-slave-installer-2.0.jar:/Users/sameer.shaik/.m2/repository/org/slf4j/slf4j-jdk14/1.7.36/slf4j-jdk14-1.7.36.jar:/Users/sameer.shaik/.m2/repository/javax/servlet/javax.servlet-api/3.1.0/javax.servlet-api-3.1.0.jar:/Users/sameer.shaik/.m2/repository/net/jcip/jcip-annotations/1.0/jcip-annotations-1.0.jar:/Users/sameer.shaik/.m2/repository/org/codehaus/mojo/animal-sniffer-annotations/1.22/animal-sniffer-annotations-1.22.jar:/Users/sameer.shaik/.m2/repository/commons-logging/commons-logging/1.2/commons-logging-1.2.jar:/Users/sameer.shaik/.m2/repository/org/jenkins-ci/main/jenkins-test-harness/1847.v10c7a_4c2e344/jenkins-test-harness-1847.v10c7a_4c2e344.jar:/Users/sameer.shaik/.m2/repository/org/jenkins-ci/main/jenkins-test-harness-htmlunit/115.v76ea_b_b_b_2e167/jenkins-test-harness-htmlunit-115.v76ea_b_b_b_2e167.jar:/Users/sameer.shaik/.m2/repository/commons-net/commons-net/3.8.0/commons-net-3.8.0.jar:/Users/sameer.shaik/.m2/repository/org/brotli/dec/0.1.2/dec-0.1.2.jar:/Users/sameer.shaik/.m2/repository/com/shapesecurity/salvation2/3.0.1/salvation2-3.0.1.jar:/Users/sameer.shaik/.m2/repository/io/jenkins/lib/support-log-formatter/1.1/support-log-formatter-1.1.jar:/Users/sameer.shaik/.m2/repository/org/eclipse/jetty/jetty-security/9.4.48.v20220622/jetty-security-9.4.48.v20220622.jar:/Users/sameer.shaik/.m2/repository/org/eclipse/jetty/jetty-server/9.4.48.v20220622/jetty-server-9.4.48.v20220622.jar:/Users/sameer.shaik/.m2/repository/org/eclipse/jetty/jetty-io/9.4.48.v20220622/jetty-io-9.4.48.v20220622.jar:/Users/sameer.shaik/.m2/repository/org/eclipse/jetty/jetty-webapp/9.4.48.v20220622/jetty-webapp-9.4.48.v20220622.jar:/Users/sameer.shaik/.m2/repository/org/eclipse/jetty/jetty-xml/9.4.48.v20220622/jetty-xml-9.4.48.v20220622.jar:/Users/sameer.shaik/.m2/repository/org/eclipse/jetty/jetty-util/9.4.48.v20220622/jetty-util-9.4.48.v20220622.jar:/Users/sameer.shaik/.m2/repository/org/eclipse/jetty/jetty-servlet/9.4.48.v20220622/jetty-servlet-9.4.48.v20220622.jar:/Users/sameer.shaik/.m2/repository/org/eclipse/jetty/jetty-util-ajax/9.4.48.v20220622/jetty-util-ajax-9.4.48.v20220622.jar:/Users/sameer.shaik/.m2/repository/org/eclipse/jetty/websocket/websocket-api/9.4.48.v20220622/websocket-api-9.4.48.v20220622.jar:/Users/sameer.shaik/.m2/repository/org/eclipse/jetty/websocket/websocket-server/9.4.48.v20220622/websocket-server-9.4.48.v20220622.jar:/Users/sameer.shaik/.m2/repository/org/eclipse/jetty/websocket/websocket-common/9.4.48.v20220622/websocket-common-9.4.48.v20220622.jar:/Users/sameer.shaik/.m2/repository/org/eclipse/jetty/websocket/websocket-client/9.4.48.v20220622/websocket-client-9.4.48.v20220622.jar:/Users/sameer.shaik/.m2/repository/org/eclipse/jetty/jetty-client/9.4.48.v20220622/jetty-client-9.4.48.v20220622.jar:/Users/sameer.shaik/.m2/repository/org/eclipse/jetty/websocket/websocket-servlet/9.4.48.v20220622/websocket-servlet-9.4.48.v20220622.jar:/Users/sameer.shaik/.m2/repository/org/eclipse/jetty/jetty-http/9.4.48.v20220622/jetty-http-9.4.48.v20220622.jar:/Users/sameer.shaik/.m2/repository/org/hamcrest/hamcrest/2.2/hamcrest-2.2.jar:/Users/sameer.shaik/.m2/repository/org/hamcrest/hamcrest-library/2.2/hamcrest-library-2.2.jar:/Users/sameer.shaik/.m2/repository/org/junit/jupiter/junit-jupiter-api/5.9.1/junit-jupiter-api-5.9.1.jar:/Users/sameer.shaik/.m2/repository/org/opentest4j/opentest4j/1.2.0/opentest4j-1.2.0.jar:/Users/sameer.shaik/.m2/repository/org/junit/platform/junit-platform-commons/1.9.1/junit-platform-commons-1.9.1.jar:/Users/sameer.shaik/.m2/repository/org/jvnet/hudson/embedded-rhino-debugger/1.2/embedded-rhino-debugger-1.2.jar:/Users/sameer.shaik/.m2/repository/org/netbeans/modules/org-netbeans-insane/RELEASE150/org-netbeans-insane-RELEASE150.jar:/Users/sameer.shaik/.m2/repository/org/openjdk/jmh/jmh-core/1.35/jmh-core-1.35.jar:/Users/sameer.shaik/.m2/repository/net/sf/jopt-simple/jopt-simple/5.0.4/jopt-simple-5.0.4.jar:/Users/sameer.shaik/.m2/repository/org/apache/commons/commons-math3/3.2/commons-math3-3.2.jar:/Users/sameer.shaik/.m2/repository/org/openjdk/jmh/jmh-generator-annprocess/1.35/jmh-generator-annprocess-1.35.jar:/Users/sameer.shaik/.m2/repository/org/jenkins-ci/test-annotations/1.4/test-annotations-1.4.jar:/Users/sameer.shaik/.m2/repository/org/junit/jupiter/junit-jupiter/5.9.1/junit-jupiter-5.9.1.jar:/Users/sameer.shaik/.m2/repository/org/junit/jupiter/junit-jupiter-params/5.9.1/junit-jupiter-params-5.9.1.jar:/Users/sameer.shaik/.m2/repository/org/junit/jupiter/junit-jupiter-engine/5.9.1/junit-jupiter-engine-5.9.1.jar:/Users/sameer.shaik/.m2/repository/org/junit/vintage/junit-vintage-engine/5.9.1/junit-vintage-engine-5.9.1.jar:/Users/sameer.shaik/.m2/repository/org/junit/platform/junit-platform-engine/1.9.1/junit-platform-engine-1.9.1.jar:/Users/sameer.shaik/.m2/repository/org/apiguardian/apiguardian-api/1.1.2/apiguardian-api-1.1.2.jar:"/>
    <property name="java.vm.vendor" value="OpenLogic"/>
    <property name="sun.arch.data.model" value="64"/>
    <property name="sun.font.fontmanager" value="sun.font.CFontManager"/>
    <property name="java.vendor.url" value="https://openlogic.com/"/>
    <property name="user.timezone" value="Asia/Kolkata"/>
    <property name="os.name" value="Mac OS X"/>
    <property name="java.vm.specification.version" value="17"/>
    <property name="user.country" value="US"/>
    <property name="sun.java.launcher" value="SUN_STANDARD"/>
    <property name="sun.boot.library.path" value="/Library/Java/JavaVirtualMachines/openlogic-openjdk-17.jdk/Contents/Home/lib"/>
    <property name="sun.java.command" value="/Users/sameer.shaik/MyWorkSpace/17OctV2.2.3-New-BitBucketIssueFixed/conjur-credentials-plugin/target/surefire/surefirebooter-20241022181310871_59.jar /Users/sameer.shaik/MyWorkSpace/17OctV2.2.3-New-BitBucketIssueFixed/conjur-credentials-plugin/target/surefire 2024-10-22T18-13-08_961-jvmRun1 surefire-20241022181310871_57tmp surefire_8-20241022181310871_58tmp"/>
    <property name="jdk.debug" value="release"/>
    <property name="surefire.test.class.path" value="/Users/sameer.shaik/MyWorkSpace/17OctV2.2.3-New-BitBucketIssueFixed/conjur-credentials-plugin/target/test-classes:/Users/sameer.shaik/MyWorkSpace/17OctV2.2.3-New-BitBucketIssueFixed/conjur-credentials-plugin/target/classes:/Users/sameer.shaik/.m2/repository/org/jenkins-ci/plugins/cloudbees-folder/6.740.ve4f4ffa_dea_54/cloudbees-folder-6.740.ve4f4ffa_dea_54.jar:/Users/sameer.shaik/.m2/repository/org/jenkins-ci/plugins/credentials/1087.1089.v2f1b_9a_b_040e4/credentials-1087.1089.v2f1b_9a_b_040e4.jar:/Users/sameer.shaik/.m2/repository/org/jenkins-ci/plugins/structs/324.va_f5d6774f3a_d/structs-324.va_f5d6774f3a_d.jar:/Users/sameer.shaik/.m2/repository/org/antlr/antlr4-runtime/4.9.3/antlr4-runtime-4.9.3.jar:/Users/sameer.shaik/.m2/repository/org/jenkins-ci/plugins/credentials-binding/523.vd859a_4b_122e6/credentials-binding-523.vd859a_4b_122e6.jar:/Users/sameer.shaik/.m2/repository/org/jenkins-ci/plugins/plain-credentials/139.ved2b_9cf7587b/plain-credentials-139.ved2b_9cf7587b.jar:/Users/sameer.shaik/.m2/repository/org/jenkins-ci/plugins/workflow/workflow-step-api/639.v6eca_cd8c04a_a_/workflow-step-api-639.v6eca_cd8c04a_a_.jar:/Users/sameer.shaik/.m2/repository/org/jenkins-ci/plugins/ssh-credentials/277.280.v1e86b_7d0056b_/ssh-credentials-277.280.v1e86b_7d0056b_.jar:/Users/sameer.shaik/.m2/repository/org/jenkins-ci/plugins/trilead-api/1.67.vc3938a_35172f/trilead-api-1.67.vc3938a_35172f.jar:/Users/sameer.shaik/.m2/repository/org/jenkins-ci/trilead-ssh2/build-217-jenkins-27/trilead-ssh2-build-217-jenkins-27.jar:/Users/sameer.shaik/.m2/repository/net/i2p/crypto/eddsa/0.3.0/eddsa-0.3.0.jar:/Users/sameer.shaik/.m2/repository/com/google/crypto/tink/tink/1.5.0/tink-1.5.0.jar:/Users/sameer.shaik/.m2/repository/com/google/protobuf/protobuf-java/3.11.1/protobuf-java-3.11.1.jar:/Users/sameer.shaik/.m2/repository/org/kohsuke/trilead-putty-extension/1.2/trilead-putty-extension-1.2.jar:/Users/sameer.shaik/.m2/repository/org/jenkins-ci/modules/instance-identity/2.2/instance-identity-2.2.jar:/Users/sameer.shaik/.m2/repository/io/github/stephenc/crypto/self-signed-cert-generator/1.0.0/self-signed-cert-generator-1.0.0.jar:/Users/sameer.shaik/.m2/repository/org/jetbrains/kotlin/kotlin-stdlib-common/1.6.20/kotlin-stdlib-common-1.6.20.jar:/Users/sameer.shaik/.m2/repository/com/squareup/okhttp3/okhttp/4.10.0/okhttp-4.10.0.jar:/Users/sameer.shaik/.m2/repository/com/squareup/okio/okio-jvm/3.0.0/okio-jvm-3.0.0.jar:/Users/sameer.shaik/.m2/repository/org/jetbrains/kotlin/kotlin-stdlib-jdk8/1.5.31/kotlin-stdlib-jdk8-1.5.31.jar:/Users/sameer.shaik/.m2/repository/org/jetbrains/kotlin/kotlin-stdlib-jdk7/1.5.31/kotlin-stdlib-jdk7-1.5.31.jar:/Users/sameer.shaik/.m2/repository/org/jetbrains/kotlin/kotlin-stdlib/1.6.20/kotlin-stdlib-1.6.20.jar:/Users/sameer.shaik/.m2/repository/org/jetbrains/annotations/13.0/annotations-13.0.jar:/Users/sameer.shaik/.m2/repository/com/fasterxml/jackson/core/jackson-databind/2.14.0/jackson-databind-2.14.0.jar:/Users/sameer.shaik/.m2/repository/com/fasterxml/jackson/core/jackson-annotations/2.14.0/jackson-annotations-2.14.0.jar:/Users/sameer.shaik/.m2/repository/com/fasterxml/jackson/core/jackson-core/2.14.0/jackson-core-2.14.0.jar:/Users/sameer.shaik/.m2/repository/org/jenkins-ci/plugins/jackson2-api/2.13.4.20221013-295.v8e29ea_354141/jackson2-api-2.13.4.20221013-295.v8e29ea_354141.jar:/Users/sameer.shaik/.m2/repository/com/fasterxml/jackson/datatype/jackson-datatype-jsr310/2.13.4/jackson-datatype-jsr310-2.13.4.jar:/Users/sameer.shaik/.m2/repository/com/fasterxml/jackson/datatype/jackson-datatype-jdk8/2.13.4/jackson-datatype-jdk8-2.13.4.jar:/Users/sameer.shaik/.m2/repository/com/fasterxml/jackson/datatype/jackson-datatype-json-org/2.13.4/jackson-datatype-json-org-2.13.4.jar:/Users/sameer.shaik/.m2/repository/org/json/json/20190722/json-20190722.jar:/Users/sameer.shaik/.m2/repository/com/fasterxml/jackson/module/jackson-module-parameter-names/2.13.4/jackson-module-parameter-names-2.13.4.jar:/Users/sameer.shaik/.m2/repository/com/fasterxml/jackson/module/jackson-module-jaxb-annotations/2.13.4/jackson-module-jaxb-annotations-2.13.4.jar:/Users/sameer.shaik/.m2/repository/com/fasterxml/jackson/dataformat/jackson-dataformat-cbor/2.13.4/jackson-dataformat-cbor-2.13.4.jar:/Users/sameer.shaik/.m2/repository/com/fasterxml/jackson/dataformat/jackson-dataformat-xml/2.13.4/jackson-dataformat-xml-2.13.4.jar:/Users/sameer.shaik/.m2/repository/org/codehaus/woodstox/stax2-api/4.2.1/stax2-api-4.2.1.jar:/Users/sameer.shaik/.m2/repository/com/fasterxml/woodstox/woodstox-core/6.3.1/woodstox-core-6.3.1.jar:/Users/sameer.shaik/.m2/repository/com/fasterxml/jackson/dataformat/jackson-dataformat-yaml/2.13.4/jackson-dataformat-yaml-2.13.4.jar:/Users/sameer.shaik/.m2/repository/io/jenkins/plugins/javax-activation-api/1.2.0-5/javax-activation-api-1.2.0-5.jar:/Users/sameer.shaik/.m2/repository/com/sun/activation/javax.activation/1.2.0/javax.activation-1.2.0.jar:/Users/sameer.shaik/.m2/repository/io/jenkins/plugins/jaxb/2.3.6-1/jaxb-2.3.6-1.jar:/Users/sameer.shaik/.m2/repository/com/sun/xml/bind/jaxb-impl/2.3.6/jaxb-impl-2.3.6.jar:/Users/sameer.shaik/.m2/repository/javax/xml/bind/jaxb-api/2.3.1/jaxb-api-2.3.1.jar:/Users/sameer.shaik/.m2/repository/io/jenkins/plugins/snakeyaml-api/1.30.2-76.vc104f7ce9870/snakeyaml-api-1.30.2-76.vc104f7ce9870.jar:/Users/sameer.shaik/.m2/repository/org/yaml/snakeyaml/1.30/snakeyaml-1.30.jar:/Users/sameer.shaik/.m2/repository/org/bitbucket/b_c/jose4j/0.7.9/jose4j-0.7.9.jar:/Users/sameer.shaik/.m2/repository/com/google/code/gson/gson/2.8.9/gson-2.8.9.jar:/Users/sameer.shaik/.m2/repository/org/jenkins-ci/plugins/workflow/workflow-basic-steps/994.vd57e3ca_46d24/workflow-basic-steps-994.vd57e3ca_46d24.jar:/Users/sameer.shaik/.m2/repository/org/jenkins-ci/plugins/mailer/435.438.v5b_81173f5b_a_1/mailer-435.438.v5b_81173f5b_a_1.jar:/Users/sameer.shaik/.m2/repository/org/jenkins-ci/plugins/display-url-api/2.3.6/display-url-api-2.3.6.jar:/Users/sameer.shaik/.m2/repository/org/jenkins-ci/plugins/workflow/workflow-api/1200.v8005c684b_a_c6/workflow-api-1200.v8005c684b_a_c6.jar:/Users/sameer.shaik/.m2/repository/org/jenkins-ci/plugins/apache-httpcomponents-client-4-api/4.5.13-138.v4e7d9a_7b_a_e61/apache-httpcomponents-client-4-api-4.5.13-138.v4e7d9a_7b_a_e61.jar:/Users/sameer.shaik/.m2/repository/org/apache/httpcomponents/httpcore/4.4.15/httpcore-4.4.15.jar:/Users/sameer.shaik/.m2/repository/org/apache/httpcomponents/httpcore-nio/4.4.15/httpcore-nio-4.4.15.jar:/Users/sameer.shaik/.m2/repository/org/apache/httpcomponents/httpclient/4.5.13/httpclient-4.5.13.jar:/Users/sameer.shaik/.m2/repository/org/apache/httpcomponents/httpmime/4.5.13/httpmime-4.5.13.jar:/Users/sameer.shaik/.m2/repository/org/apache/httpcomponents/fluent-hc/4.5.13/fluent-hc-4.5.13.jar:/Users/sameer.shaik/.m2/repository/org/apache/httpcomponents/httpclient-cache/4.5.13/httpclient-cache-4.5.13.jar:/Users/sameer.shaik/.m2/repository/org/apache/httpcomponents/httpasyncclient/4.1.4/httpasyncclient-4.1.4.jar:/Users/sameer.shaik/.m2/repository/org/apache/httpcomponents/httpasyncclient-cache/4.1.4/httpasyncclient-cache-4.1.4.jar:/Users/sameer.shaik/.m2/repository/io/jenkins/plugins/jakarta-mail-api/2.0.1-2/jakarta-mail-api-2.0.1-2.jar:/Users/sameer.shaik/.m2/repository/com/sun/mail/jakarta.mail/2.0.1/jakarta.mail-2.0.1.jar:/Users/sameer.shaik/.m2/repository/io/jenkins/plugins/jakarta-activation-api/2.0.1-2/jakarta-activation-api-2.0.1-2.jar:/Users/sameer.shaik/.m2/repository/com/sun/activation/jakarta.activation/2.0.1/jakarta.activation-2.0.1.jar:/Users/sameer.shaik/.m2/repository/org/jenkins-ci/plugins/workflow/workflow-cps/2729.vea_17b_79ed57a_/workflow-cps-2729.vea_17b_79ed57a_.jar:/Users/sameer.shaik/.m2/repository/org/jenkins-ci/plugins/workflow/workflow-support/839.v35e2736cfd5c/workflow-support-839.v35e2736cfd5c.jar:/Users/sameer.shaik/.m2/repository/io/jenkins/plugins/caffeine-api/2.9.3-65.v6a_47d0f4d1fe/caffeine-api-2.9.3-65.v6a_47d0f4d1fe.jar:/Users/sameer.shaik/.m2/repository/com/github/ben-manes/caffeine/caffeine/2.9.3/caffeine-2.9.3.jar:/Users/sameer.shaik/.m2/repository/org/jboss/marshalling/jboss-marshalling-river/2.1.0.Final/jboss-marshalling-river-2.1.0.Final.jar:/Users/sameer.shaik/.m2/repository/org/jboss/marshalling/jboss-marshalling/2.1.0.Final/jboss-marshalling-2.1.0.Final.jar:/Users/sameer.shaik/.m2/repository/org/jenkins-ci/plugins/workflow/workflow-scm-step/400.v6b_89a_1317c9a_/workflow-scm-step-400.v6b_89a_1317c9a_.jar:/Users/sameer.shaik/.m2/repository/org/jenkins-ci/plugins/script-security/1183.v774b_0b_0a_a_451/script-security-1183.v774b_0b_0a_a_451.jar:/Users/sameer.shaik/.m2/repository/org/kohsuke/groovy-sandbox/1.27/groovy-sandbox-1.27.jar:/Users/sameer.shaik/.m2/repository/org/jenkins-ci/plugins/scm-api/621.vda_a_b_055e58f7/scm-api-621.vda_a_b_055e58f7.jar:/Users/sameer.shaik/.m2/repository/com/cloudbees/groovy-cps/1.32/groovy-cps-1.32.jar:/Users/sameer.shaik/.m2/repository/org/jenkins-ci/ui/ace-editor/1.1/ace-editor-1.1.jar:/Users/sameer.shaik/.m2/repository/com/cloudbees/diff4j/1.3/diff4j-1.3.jar:/Users/sameer.shaik/.m2/repository/org/jenkins-ci/plugins/workflow/workflow-durable-task-step/1190.vc93d7d457042/workflow-durable-task-step-1190.vc93d7d457042.jar:/Users/sameer.shaik/.m2/repository/org/jenkins-ci/plugins/durable-task/500.v8927d9fd99d8/durable-task-500.v8927d9fd99d8.jar:/Users/sameer.shaik/.m2/repository/io/jenkins/plugins/lib-durable-task/25.v6c906af81ee2/lib-durable-task-25.v6c906af81ee2.jar:/Users/sameer.shaik/.m2/repository/org/jenkins-ci/plugins/workflow/workflow-job/1189.va_d37a_e9e4eda_/workflow-job-1189.va_d37a_e9e4eda_.jar:/Users/sameer.shaik/.m2/repository/junit/junit/4.13.2/junit-4.13.2.jar:/Users/sameer.shaik/.m2/repository/org/hamcrest/hamcrest-core/2.2/hamcrest-core-2.2.jar:/Users/sameer.shaik/.m2/repository/org/mockito/mockito-inline/3.11.2/mockito-inline-3.11.2.jar:/Users/sameer.shaik/.m2/repository/org/mockito/mockito-core/4.8.0/mockito-core-4.8.0.jar:/Users/sameer.shaik/.m2/repository/net/bytebuddy/byte-buddy/1.12.14/byte-buddy-1.12.14.jar:/Users/sameer.shaik/.m2/repository/net/bytebuddy/byte-buddy-agent/1.12.14/byte-buddy-agent-1.12.14.jar:/Users/sameer.shaik/.m2/repository/org/objenesis/objenesis/3.3/objenesis-3.3.jar:/Users/sameer.shaik/.m2/repository/org/javassist/javassist/3.24.1-GA/javassist-3.24.1-GA.jar:/Users/sameer.shaik/.m2/repository/ch/qos/logback/logback-classic/1.4.7/logback-classic-1.4.7.jar:/Users/sameer.shaik/.m2/repository/ch/qos/logback/logback-core/1.4.7/logback-core-1.4.7.jar:/Users/sameer.shaik/.m2/repository/org/assertj/assertj-core/3.15.0/assertj-core-3.15.0.jar:/Users/sameer.shaik/.m2/repository/org/slf4j/slf4j-api/2.0.4/slf4j-api-2.0.4.jar:/Users/sameer.shaik/.m2/repository/com/thoughtworks/xstream/xstream/1.4.20/xstream-1.4.20.jar:/Users/sameer.shaik/.m2/repository/io/github/x-stream/mxparser/1.2.2/mxparser-1.2.2.jar:/Users/sameer.shaik/.m2/repository/xmlpull/xmlpull/1.1.3.1/xmlpull-1.1.3.1.jar:/Users/sameer.shaik/.m2/repository/org/jenkins-ci/main/jenkins-core/2.346.3/jenkins-core-2.346.3.jar:/Users/sameer.shaik/.m2/repository/org/jenkins-ci/main/cli/2.346.3/cli-2.346.3.jar:/Users/sameer.shaik/.m2/repository/org/jenkins-ci/main/remoting/4.13.3/remoting-4.13.3.jar:/Users/sameer.shaik/.m2/repository/antlr/antlr/2.7.7/antlr-2.7.7.jar:/Users/sameer.shaik/.m2/repository/args4j/args4j/2.33/args4j-2.33.jar:/Users/sameer.shaik/.m2/repository/com/github/spotbugs/spotbugs-annotations/4.6.0/spotbugs-annotations-4.6.0.jar:/Users/sameer.shaik/.m2/repository/com/google/guava/guava/31.1-jre/guava-31.1-jre.jar:/Users/sameer.shaik/.m2/repository/com/google/guava/failureaccess/1.0.1/failureaccess-1.0.1.jar:/Users/sameer.shaik/.m2/repository/com/google/guava/listenablefuture/9999.0-empty-to-avoid-conflict-with-guava/listenablefuture-9999.0-empty-to-avoid-conflict-with-guava.jar:/Users/sameer.shaik/.m2/repository/com/google/code/findbugs/jsr305/3.0.1/jsr305-3.0.1.jar:/Users/sameer.shaik/.m2/repository/com/google/inject/guice/5.0.1/guice-5.0.1.jar:/Users/sameer.shaik/.m2/repository/javax/inject/javax.inject/1/javax.inject-1.jar:/Users/sameer.shaik/.m2/repository/com/infradna/tool/bridge-method-annotation/1.23/bridge-method-annotation-1.23.jar:/Users/sameer.shaik/.m2/repository/com/jcraft/jzlib/1.1.3-kohsuke-1/jzlib-1.1.3-kohsuke-1.jar:/Users/sameer.shaik/.m2/repository/com/sun/solaris/embedded_su4j/1.1/embedded_su4j-1.1.jar:/Users/sameer.shaik/.m2/repository/com/sun/xml/txw2/txw2/20110809/txw2-20110809.jar:/Users/sameer.shaik/.m2/repository/relaxngDatatype/relaxngDatatype/20020414/relaxngDatatype-20020414.jar:/Users/sameer.shaik/.m2/repository/commons-beanutils/commons-beanutils/1.9.4/commons-beanutils-1.9.4.jar:/Users/sameer.shaik/.m2/repository/commons-codec/commons-codec/1.15/commons-codec-1.15.jar:/Users/sameer.shaik/.m2/repository/commons-collections/commons-collections/3.2.2/commons-collections-3.2.2.jar:/Users/sameer.shaik/.m2/repository/commons-fileupload/commons-fileupload/1.4/commons-fileupload-1.4.jar:/Users/sameer.shaik/.m2/repository/commons-httpclient/commons-httpclient/3.1-jenkins-3/commons-httpclient-3.1-jenkins-3.jar:/Users/sameer.shaik/.m2/repository/commons-io/commons-io/2.11.0/commons-io-2.11.0.jar:/Users/sameer.shaik/.m2/repository/commons-jelly/commons-jelly-tags-fmt/1.0/commons-jelly-tags-fmt-1.0.jar:/Users/sameer.shaik/.m2/repository/commons-jelly/commons-jelly-tags-xml/1.1/commons-jelly-tags-xml-1.1.jar:/Users/sameer.shaik/.m2/repository/commons-lang/commons-lang/2.6/commons-lang-2.6.jar:/Users/sameer.shaik/.m2/repository/io/jenkins/stapler/jenkins-stapler-support/1.1/jenkins-stapler-support-1.1.jar:/Users/sameer.shaik/.m2/repository/jakarta/servlet/jsp/jstl/jakarta.servlet.jsp.jstl-api/1.2.7/jakarta.servlet.jsp.jstl-api-1.2.7.jar:/Users/sameer.shaik/.m2/repository/jaxen/jaxen/1.2.0/jaxen-1.2.0.jar:/Users/sameer.shaik/.m2/repository/jline/jline/2.14.6/jline-2.14.6.jar:/Users/sameer.shaik/.m2/repository/net/java/dev/jna/jna/5.11.0/jna-5.11.0.jar:/Users/sameer.shaik/.m2/repository/net/java/sezpoz/sezpoz/1.13/sezpoz-1.13.jar:/Users/sameer.shaik/.m2/repository/net/sf/kxml/kxml2/2.3.0/kxml2-2.3.0.jar:/Users/sameer.shaik/.m2/repository/org/apache/ant/ant/1.10.12/ant-1.10.12.jar:/Users/sameer.shaik/.m2/repository/org/apache/ant/ant-launcher/1.10.12/ant-launcher-1.10.12.jar:/Users/sameer.shaik/.m2/repository/org/apache/commons/commons-compress/1.21/commons-compress-1.21.jar:/Users/sameer.shaik/.m2/repository/org/codehaus/groovy/groovy-all/2.4.21/groovy-all-2.4.21.jar:/Users/sameer.shaik/.m2/repository/org/connectbot/jbcrypt/jbcrypt/1.0.0/jbcrypt-1.0.0.jar:/Users/sameer.shaik/.m2/repository/org/fusesource/jansi/jansi/1.11/jansi-1.11.jar:/Users/sameer.shaik/.m2/repository/org/jenkins-ci/annotation-indexer/1.16/annotation-indexer-1.16.jar:/Users/sameer.shaik/.m2/repository/org/jenkins-ci/commons-jexl/1.1-jenkins-20111212/commons-jexl-1.1-jenkins-20111212.jar:/Users/sameer.shaik/.m2/repository/org/jenkins-ci/crypto-util/1.7/crypto-util-1.7.jar:/Users/sameer.shaik/.m2/repository/org/jenkins-ci/memory-monitor/1.11/memory-monitor-1.11.jar:/Users/sameer.shaik/.m2/repository/org/jenkins-ci/symbol-annotation/1.1/symbol-annotation-1.1.jar:/Users/sameer.shaik/.m2/repository/org/jenkins-ci/task-reactor/1.7/task-reactor-1.7.jar:/Users/sameer.shaik/.m2/repository/org/jenkins-ci/version-number/1.10/version-number-1.10.jar:/Users/sameer.shaik/.m2/repository/org/jfree/jfreechart/1.0.19/jfreechart-1.0.19.jar:/Users/sameer.shaik/.m2/repository/org/jfree/jcommon/1.0.23/jcommon-1.0.23.jar:/Users/sameer.shaik/.m2/repository/org/jvnet/hudson/commons-jelly-tags-define/1.0.1-hudson-20071021/commons-jelly-tags-define-1.0.1-hudson-20071021.jar:/Users/sameer.shaik/.m2/repository/org/jvnet/localizer/localizer/1.31/localizer-1.31.jar:/Users/sameer.shaik/.m2/repository/org/jvnet/robust-http-client/robust-http-client/1.2/robust-http-client-1.2.jar:/Users/sameer.shaik/.m2/repository/org/jvnet/winp/winp/1.28/winp-1.28.jar:/Users/sameer.shaik/.m2/repository/org/kohsuke/access-modifier-annotation/1.27/access-modifier-annotation-1.27.jar:/Users/sameer.shaik/.m2/repository/org/kohsuke/windows-package-checker/1.2/windows-package-checker-1.2.jar:/Users/sameer.shaik/.m2/repository/org/kohsuke/jinterop/j-interop/2.0.8-kohsuke-1/j-interop-2.0.8-kohsuke-1.jar:/Users/sameer.shaik/.m2/repository/org/kohsuke/jinterop/j-interopdeps/2.0.8-kohsuke-1/j-interopdeps-2.0.8-kohsuke-1.jar:/Users/sameer.shaik/.m2/repository/org/samba/jcifs/jcifs/1.3.18-kohsuke-1/jcifs-1.3.18-kohsuke-1.jar:/Users/sameer.shaik/.m2/repository/org/kohsuke/stapler/json-lib/2.4-jenkins-3/json-lib-2.4-jenkins-3.jar:/Users/sameer.shaik/.m2/repository/net/sf/ezmorph/ezmorph/1.0.6/ezmorph-1.0.6.jar:/Users/sameer.shaik/.m2/repository/org/kohsuke/stapler/stapler/1669.v95a_4b_919a_b_a_2/stapler-1669.v95a_4b_919a_b_a_2.jar:/Users/sameer.shaik/.m2/repository/commons-discovery/commons-discovery/0.5/commons-discovery-0.5.jar:/Users/sameer.shaik/.m2/repository/javax/annotation/javax.annotation-api/1.3.2/javax.annotation-api-1.3.2.jar:/Users/sameer.shaik/.m2/repository/jakarta/annotation/jakarta.annotation-api/2.0.0/jakarta.annotation-api-2.0.0.jar:/Users/sameer.shaik/.m2/repository/org/jvnet/tiger-types/2.2/tiger-types-2.2.jar:/Users/sameer.shaik/.m2/repository/org/kohsuke/stapler/stapler-adjunct-codemirror/1.3/stapler-adjunct-codemirror-1.3.jar:/Users/sameer.shaik/.m2/repository/org/kohsuke/stapler/stapler-adjunct-timeline/1.5/stapler-adjunct-timeline-1.5.jar:/Users/sameer.shaik/.m2/repository/org/kohsuke/stapler/stapler-groovy/1669.v95a_4b_919a_b_a_2/stapler-groovy-1669.v95a_4b_919a_b_a_2.jar:/Users/sameer.shaik/.m2/repository/org/kohsuke/stapler/stapler-jelly/1669.v95a_4b_919a_b_a_2/stapler-jelly-1669.v95a_4b_919a_b_a_2.jar:/Users/sameer.shaik/.m2/repository/org/dom4j/dom4j/2.1.3/dom4j-2.1.3.jar:/Users/sameer.shaik/.m2/repository/org/jenkins-ci/commons-jelly/1.1-jenkins-20220125/commons-jelly-1.1-jenkins-20220125.jar:/Users/sameer.shaik/.m2/repository/org/ow2/asm/asm/9.3/asm-9.3.jar:/Users/sameer.shaik/.m2/repository/org/ow2/asm/asm-analysis/9.3/asm-analysis-9.3.jar:/Users/sameer.shaik/.m2/repository/org/ow2/asm/asm-commons/9.3/asm-commons-9.3.jar:/Users/sameer.shaik/.m2/repository/org/ow2/asm/asm-tree/9.3/asm-tree-9.3.jar:/Users/sameer.shaik/.m2/repository/org/ow2/asm/asm-util/9.3/asm-util-9.3.jar:/Users/sameer.shaik/.m2/repository/org/slf4j/jcl-over-slf4j/1.7.36/jcl-over-slf4j-1.7.36.jar:/Users/sameer.shaik/.m2/repository/org/slf4j/log4j-over-slf4j/1.7.36/log4j-over-slf4j-1.7.36.jar:/Users/sameer.shaik/.m2/repository/org/springframework/security/spring-security-web/5.6.3/spring-security-web-5.6.3.jar:/Users/sameer.shaik/.m2/repository/org/springframework/security/spring-security-core/5.6.3/spring-security-core-5.6.3.jar:/Users/sameer.shaik/.m2/repository/org/springframework/security/spring-security-crypto/5.6.3/spring-security-crypto-5.6.3.jar:/Users/sameer.shaik/.m2/repository/org/springframework/spring-core/5.3.20/spring-core-5.3.20.jar:/Users/sameer.shaik/.m2/repository/org/springframework/spring-aop/5.3.20/spring-aop-5.3.20.jar:/Users/sameer.shaik/.m2/repository/org/springframework/spring-beans/5.3.20/spring-beans-5.3.20.jar:/Users/sameer.shaik/.m2/repository/org/springframework/spring-context/5.3.20/spring-context-5.3.20.jar:/Users/sameer.shaik/.m2/repository/org/springframework/spring-expression/5.3.20/spring-expression-5.3.20.jar:/Users/sameer.shaik/.m2/repository/org/springframework/spring-web/5.3.20/spring-web-5.3.20.jar:/Users/sameer.shaik/.m2/repository/xpp3/xpp3/1.1.4c/xpp3-1.1.4c.jar:/Users/sameer.shaik/.m2/repository/org/jenkins-ci/main/jenkins-war/2.346.3/jenkins-war-2.346.3.war:/Users/sameer.shaik/.m2/repository/org/jenkins-ci/modules/launchd-slave-installer/1.2/launchd-slave-installer-1.2.jar:/Users/sameer.shaik/.m2/repository/org/jenkins-ci/modules/slave-installer/1.7/slave-installer-1.7.jar:/Users/sameer.shaik/.m2/repository/org/jenkins-ci/modules/systemd-slave-installer/1.1/systemd-slave-installer-1.1.jar:/Users/sameer.shaik/.m2/repository/org/jenkins-ci/modules/upstart-slave-installer/1.1/upstart-slave-installer-1.1.jar:/Users/sameer.shaik/.m2/repository/org/jenkins-ci/modules/windows-slave-installer/2.0/windows-slave-installer-2.0.jar:/Users/sameer.shaik/.m2/repository/org/slf4j/slf4j-jdk14/1.7.36/slf4j-jdk14-1.7.36.jar:/Users/sameer.shaik/.m2/repository/javax/servlet/javax.servlet-api/3.1.0/javax.servlet-api-3.1.0.jar:/Users/sameer.shaik/.m2/repository/net/jcip/jcip-annotations/1.0/jcip-annotations-1.0.jar:/Users/sameer.shaik/.m2/repository/org/codehaus/mojo/animal-sniffer-annotations/1.22/animal-sniffer-annotations-1.22.jar:/Users/sameer.shaik/.m2/repository/commons-logging/commons-logging/1.2/commons-logging-1.2.jar:/Users/sameer.shaik/.m2/repository/org/jenkins-ci/main/jenkins-test-harness/1847.v10c7a_4c2e344/jenkins-test-harness-1847.v10c7a_4c2e344.jar:/Users/sameer.shaik/.m2/repository/org/jenkins-ci/main/jenkins-test-harness-htmlunit/115.v76ea_b_b_b_2e167/jenkins-test-harness-htmlunit-115.v76ea_b_b_b_2e167.jar:/Users/sameer.shaik/.m2/repository/commons-net/commons-net/3.8.0/commons-net-3.8.0.jar:/Users/sameer.shaik/.m2/repository/org/brotli/dec/0.1.2/dec-0.1.2.jar:/Users/sameer.shaik/.m2/repository/com/shapesecurity/salvation2/3.0.1/salvation2-3.0.1.jar:/Users/sameer.shaik/.m2/repository/io/jenkins/lib/support-log-formatter/1.1/support-log-formatter-1.1.jar:/Users/sameer.shaik/.m2/repository/org/eclipse/jetty/jetty-security/9.4.48.v20220622/jetty-security-9.4.48.v20220622.jar:/Users/sameer.shaik/.m2/repository/org/eclipse/jetty/jetty-server/9.4.48.v20220622/jetty-server-9.4.48.v20220622.jar:/Users/sameer.shaik/.m2/repository/org/eclipse/jetty/jetty-io/9.4.48.v20220622/jetty-io-9.4.48.v20220622.jar:/Users/sameer.shaik/.m2/repository/org/eclipse/jetty/jetty-webapp/9.4.48.v20220622/jetty-webapp-9.4.48.v20220622.jar:/Users/sameer.shaik/.m2/repository/org/eclipse/jetty/jetty-xml/9.4.48.v20220622/jetty-xml-9.4.48.v20220622.jar:/Users/sameer.shaik/.m2/repository/org/eclipse/jetty/jetty-util/9.4.48.v20220622/jetty-util-9.4.48.v20220622.jar:/Users/sameer.shaik/.m2/repository/org/eclipse/jetty/jetty-servlet/9.4.48.v20220622/jetty-servlet-9.4.48.v20220622.jar:/Users/sameer.shaik/.m2/repository/org/eclipse/jetty/jetty-util-ajax/9.4.48.v20220622/jetty-util-ajax-9.4.48.v20220622.jar:/Users/sameer.shaik/.m2/repository/org/eclipse/jetty/websocket/websocket-api/9.4.48.v20220622/websocket-api-9.4.48.v20220622.jar:/Users/sameer.shaik/.m2/repository/org/eclipse/jetty/websocket/websocket-server/9.4.48.v20220622/websocket-server-9.4.48.v20220622.jar:/Users/sameer.shaik/.m2/repository/org/eclipse/jetty/websocket/websocket-common/9.4.48.v20220622/websocket-common-9.4.48.v20220622.jar:/Users/sameer.shaik/.m2/repository/org/eclipse/jetty/websocket/websocket-client/9.4.48.v20220622/websocket-client-9.4.48.v20220622.jar:/Users/sameer.shaik/.m2/repository/org/eclipse/jetty/jetty-client/9.4.48.v20220622/jetty-client-9.4.48.v20220622.jar:/Users/sameer.shaik/.m2/repository/org/eclipse/jetty/websocket/websocket-servlet/9.4.48.v20220622/websocket-servlet-9.4.48.v20220622.jar:/Users/sameer.shaik/.m2/repository/org/eclipse/jetty/jetty-http/9.4.48.v20220622/jetty-http-9.4.48.v20220622.jar:/Users/sameer.shaik/.m2/repository/org/hamcrest/hamcrest/2.2/hamcrest-2.2.jar:/Users/sameer.shaik/.m2/repository/org/hamcrest/hamcrest-library/2.2/hamcrest-library-2.2.jar:/Users/sameer.shaik/.m2/repository/org/junit/jupiter/junit-jupiter-api/5.9.1/junit-jupiter-api-5.9.1.jar:/Users/sameer.shaik/.m2/repository/org/opentest4j/opentest4j/1.2.0/opentest4j-1.2.0.jar:/Users/sameer.shaik/.m2/repository/org/junit/platform/junit-platform-commons/1.9.1/junit-platform-commons-1.9.1.jar:/Users/sameer.shaik/.m2/repository/org/jvnet/hudson/embedded-rhino-debugger/1.2/embedded-rhino-debugger-1.2.jar:/Users/sameer.shaik/.m2/repository/org/netbeans/modules/org-netbeans-insane/RELEASE150/org-netbeans-insane-RELEASE150.jar:/Users/sameer.shaik/.m2/repository/org/openjdk/jmh/jmh-core/1.35/jmh-core-1.35.jar:/Users/sameer.shaik/.m2/repository/net/sf/jopt-simple/jopt-simple/5.0.4/jopt-simple-5.0.4.jar:/Users/sameer.shaik/.m2/repository/org/apache/commons/commons-math3/3.2/commons-math3-3.2.jar:/Users/sameer.shaik/.m2/repository/org/openjdk/jmh/jmh-generator-annprocess/1.35/jmh-generator-annprocess-1.35.jar:/Users/sameer.shaik/.m2/repository/org/jenkins-ci/test-annotations/1.4/test-annotations-1.4.jar:/Users/sameer.shaik/.m2/repository/org/junit/jupiter/junit-jupiter/5.9.1/junit-jupiter-5.9.1.jar:/Users/sameer.shaik/.m2/repository/org/junit/jupiter/junit-jupiter-params/5.9.1/junit-jupiter-params-5.9.1.jar:/Users/sameer.shaik/.m2/repository/org/junit/jupiter/junit-jupiter-engine/5.9.1/junit-jupiter-engine-5.9.1.jar:/Users/sameer.shaik/.m2/repository/org/junit/vintage/junit-vintage-engine/5.9.1/junit-vintage-engine-5.9.1.jar:/Users/sameer.shaik/.m2/repository/org/junit/platform/junit-platform-engine/1.9.1/junit-platform-engine-1.9.1.jar:/Users/sameer.shaik/.m2/repository/org/apiguardian/apiguardian-api/1.1.2/apiguardian-api-1.1.2.jar:"/>
    <property name="sun.cpu.endian" value="little"/>
    <property name="mail.smtps.sendpartial" value="true"/>
    <property name="user.home" value="/Users/sameer.shaik"/>
    <property name="user.language" value="en"/>
    <property name="java.specification.vendor" value="Oracle Corporation"/>
    <property name="org.mortbay.jetty.Request.maxFormContentSize" value="-1"/>
    <property name="java.version.date" value="2024-04-16"/>
    <property name="java.home" value="/Library/Java/JavaVirtualMachines/openlogic-openjdk-17.jdk/Contents/Home"/>
    <property name="file.separator" value="/"/>
    <property name="basedir" value="/Users/sameer.shaik/MyWorkSpace/17OctV2.2.3-New-BitBucketIssueFixed/conjur-credentials-plugin"/>
    <property name="java.vm.compressedOopsMode" value="Zero based"/>
    <property name="line.separator" value="&#10;"/>
    <property name="java.vm.specification.vendor" value="Oracle Corporation"/>
    <property name="java.specification.name" value="Java Platform API Specification"/>
    <property name="java.awt.headless" value="true"/>
    <property name="surefire.real.class.path" value="/Users/sameer.shaik/MyWorkSpace/17OctV2.2.3-New-BitBucketIssueFixed/conjur-credentials-plugin/target/surefire/surefirebooter-20241022181310871_59.jar"/>
    <property name="sun.management.compiler" value="HotSpot 64-Bit Tiered Compilers"/>
    <property name="java.runtime.version" value="17.0.11+9-adhoc.admin.jdk17u"/>
    <property name="user.name" value="sameer.shaik"/>
    <property name="path.separator" value=":"/>
    <property name="os.version" value="14.7"/>
    <property name="java.runtime.name" value="OpenJDK Runtime Environment"/>
    <property name="file.encoding" value="UTF-8"/>
    <property name="jnidispatch.path" value="/Users/sameer.shaik/Library/Caches/JNA/temp/jna11698140028421402475.tmp"/>
    <property name="java.vm.name" value="OpenJDK 64-Bit Server VM"/>
    <property name="jna.platform.library.path" value="/usr/lib:/usr/lib"/>
    <property name="java.vendor.version" value="OpenLogic-OpenJDK"/>
    <property name="mail.smtp.sendpartial" value="true"/>
    <property name="localRepository" value="/Users/sameer.shaik/.m2/repository"/>
    <property name="jna.loaded" value="true"/>
    <property name="java.vendor.url.bug" value="https://techsupport.roguewave.com/"/>
    <property name="jetty.git.hash" value="6b67c5719d1f4371b33655ff2d047d24e171e49a"/>
    <property name="java.io.tmpdir" value="/Users/sameer.shaik/MyWorkSpace/17OctV2.2.3-New-BitBucketIssueFixed/conjur-credentials-plugin/target/tmp"/>
    <property name="idea.version" value="2024.1.4"/>
    <property name="java.version" value="17.0.11"/>
    <property name="user.dir" value="/Users/sameer.shaik/MyWorkSpace/17OctV2.2.3-New-BitBucketIssueFixed/conjur-credentials-plugin"/>
    <property name="os.arch" value="x86_64"/>
    <property name="jenkins.model.Jenkins.SHOW_STACK_TRACE" value="true"/>
    <property name="java.vm.specification.name" value="Java Virtual Machine Specification"/>
    <property name="native.encoding" value="UTF-8"/>
    <property name="java.library.path" value="/Users/sameer.shaik/Library/Java/Extensions:/Library/Java/Extensions:/Network/Library/Java/Extensions:/System/Library/Java/Extensions:/usr/lib/java:."/>
    <property name="java.vm.info" value="mixed mode, sharing"/>
    <property name="java.vendor" value="OpenLogic"/>
    <property name="java.vm.version" value="17.0.11+9-adhoc.admin.jdk17u"/>
    <property name="sun.io.unicode.encoding" value="UnicodeBig"/>
    <property name="java.class.version" value="61.0"/>
  </properties>
  <testcase name="testNonAdminWithoutCredentialsView" classname="org.conjur.jenkins.credentials.ConjurCredentialStoreTest" time="11.873">
    <system-out><![CDATA[18:14:34.477 [main] DEBUG org.eclipse.jetty.util.log -- Logging to Logger[org.eclipse.jetty.util.log] via org.eclipse.jetty.util.log.Slf4jLog
18:14:34.489 [main] INFO org.eclipse.jetty.util.log -- Logging initialized @1586ms to org.eclipse.jetty.util.log.Slf4jLog
18:14:34.499 [main] DEBUG org.eclipse.jetty.http.PreEncodedHttpField -- HttpField encoders loaded: [org.eclipse.jetty.http.Http1FieldPreEncoder@48e7b3d2]
18:14:35.267 [main] DEBUG org.apache.commons.beanutils.converters.BooleanConverter -- Setting default value: false
18:14:35.268 [main] DEBUG org.apache.commons.beanutils.converters.BooleanConverter -- Converting 'Boolean' value 'false' to type 'Boolean'
18:14:35.268 [main] DEBUG org.apache.commons.beanutils.converters.BooleanConverter --     No conversion required, value is already a Boolean
18:14:35.269 [main] DEBUG org.apache.commons.beanutils.converters.ByteConverter -- Setting default value: 0
18:14:35.269 [main] DEBUG org.apache.commons.beanutils.converters.ByteConverter -- Converting 'Integer' value '0' to type 'Byte'
18:14:35.269 [main] DEBUG org.apache.commons.beanutils.converters.ByteConverter --     Converted to Byte value '0'
18:14:35.269 [main] DEBUG org.apache.commons.beanutils.converters.CharacterConverter -- Setting default value:  
18:14:35.270 [main] DEBUG org.apache.commons.beanutils.converters.CharacterConverter -- Converting 'Character' value ' ' to type 'Character'
18:14:35.270 [main] DEBUG org.apache.commons.beanutils.converters.CharacterConverter --     No conversion required, value is already a Character
18:14:35.270 [main] DEBUG org.apache.commons.beanutils.converters.DoubleConverter -- Setting default value: 0
18:14:35.270 [main] DEBUG org.apache.commons.beanutils.converters.DoubleConverter -- Converting 'Integer' value '0' to type 'Double'
18:14:35.270 [main] DEBUG org.apache.commons.beanutils.converters.DoubleConverter --     Converted to Double value '0.0'
18:14:35.270 [main] DEBUG org.apache.commons.beanutils.converters.FloatConverter -- Setting default value: 0
18:14:35.270 [main] DEBUG org.apache.commons.beanutils.converters.FloatConverter -- Converting 'Integer' value '0' to type 'Float'
18:14:35.270 [main] DEBUG org.apache.commons.beanutils.converters.FloatConverter --     Converted to Float value '0.0'
18:14:35.271 [main] DEBUG org.apache.commons.beanutils.converters.IntegerConverter -- Setting default value: 0
18:14:35.271 [main] DEBUG org.apache.commons.beanutils.converters.IntegerConverter -- Converting 'Integer' value '0' to type 'Integer'
18:14:35.271 [main] DEBUG org.apache.commons.beanutils.converters.IntegerConverter --     No conversion required, value is already a Integer
18:14:35.271 [main] DEBUG org.apache.commons.beanutils.converters.LongConverter -- Setting default value: 0
18:14:35.271 [main] DEBUG org.apache.commons.beanutils.converters.LongConverter -- Converting 'Integer' value '0' to type 'Long'
18:14:35.271 [main] DEBUG org.apache.commons.beanutils.converters.LongConverter --     Converted to Long value '0'
18:14:35.272 [main] DEBUG org.apache.commons.beanutils.converters.ShortConverter -- Setting default value: 0
18:14:35.272 [main] DEBUG org.apache.commons.beanutils.converters.ShortConverter -- Converting 'Integer' value '0' to type 'Short'
18:14:35.272 [main] DEBUG org.apache.commons.beanutils.converters.ShortConverter --     Converted to Short value '0'
18:14:35.272 [main] DEBUG org.apache.commons.beanutils.converters.BigDecimalConverter -- Setting default value: 0.0
18:14:35.272 [main] DEBUG org.apache.commons.beanutils.converters.BigDecimalConverter -- Converting 'BigDecimal' value '0.0' to type 'BigDecimal'
18:14:35.272 [main] DEBUG org.apache.commons.beanutils.converters.BigDecimalConverter --     No conversion required, value is already a BigDecimal
18:14:35.273 [main] DEBUG org.apache.commons.beanutils.converters.BigIntegerConverter -- Setting default value: 0
18:14:35.273 [main] DEBUG org.apache.commons.beanutils.converters.BigIntegerConverter -- Converting 'BigInteger' value '0' to type 'BigInteger'
18:14:35.273 [main] DEBUG org.apache.commons.beanutils.converters.BigIntegerConverter --     No conversion required, value is already a BigInteger
18:14:35.273 [main] DEBUG org.apache.commons.beanutils.converters.BooleanConverter -- Setting default value: false
18:14:35.273 [main] DEBUG org.apache.commons.beanutils.converters.BooleanConverter -- Converting 'Boolean' value 'false' to type 'Boolean'
18:14:35.273 [main] DEBUG org.apache.commons.beanutils.converters.BooleanConverter --     No conversion required, value is already a Boolean
18:14:35.273 [main] DEBUG org.apache.commons.beanutils.converters.ByteConverter -- Setting default value: 0
18:14:35.273 [main] DEBUG org.apache.commons.beanutils.converters.ByteConverter -- Converting 'Integer' value '0' to type 'Byte'
18:14:35.273 [main] DEBUG org.apache.commons.beanutils.converters.ByteConverter --     Converted to Byte value '0'
18:14:35.273 [main] DEBUG org.apache.commons.beanutils.converters.CharacterConverter -- Setting default value:  
18:14:35.273 [main] DEBUG org.apache.commons.beanutils.converters.CharacterConverter -- Converting 'Character' value ' ' to type 'Character'
18:14:35.273 [main] DEBUG org.apache.commons.beanutils.converters.CharacterConverter --     No conversion required, value is already a Character
18:14:35.273 [main] DEBUG org.apache.commons.beanutils.converters.DoubleConverter -- Setting default value: 0
18:14:35.273 [main] DEBUG org.apache.commons.beanutils.converters.DoubleConverter -- Converting 'Integer' value '0' to type 'Double'
18:14:35.274 [main] DEBUG org.apache.commons.beanutils.converters.DoubleConverter --     Converted to Double value '0.0'
18:14:35.274 [main] DEBUG org.apache.commons.beanutils.converters.FloatConverter -- Setting default value: 0
18:14:35.274 [main] DEBUG org.apache.commons.beanutils.converters.FloatConverter -- Converting 'Integer' value '0' to type 'Float'
18:14:35.274 [main] DEBUG org.apache.commons.beanutils.converters.FloatConverter --     Converted to Float value '0.0'
18:14:35.274 [main] DEBUG org.apache.commons.beanutils.converters.IntegerConverter -- Setting default value: 0
18:14:35.274 [main] DEBUG org.apache.commons.beanutils.converters.IntegerConverter -- Converting 'Integer' value '0' to type 'Integer'
18:14:35.274 [main] DEBUG org.apache.commons.beanutils.converters.IntegerConverter --     No conversion required, value is already a Integer
18:14:35.274 [main] DEBUG org.apache.commons.beanutils.converters.LongConverter -- Setting default value: 0
18:14:35.274 [main] DEBUG org.apache.commons.beanutils.converters.LongConverter -- Converting 'Integer' value '0' to type 'Long'
18:14:35.274 [main] DEBUG org.apache.commons.beanutils.converters.LongConverter --     Converted to Long value '0'
18:14:35.274 [main] DEBUG org.apache.commons.beanutils.converters.ShortConverter -- Setting default value: 0
18:14:35.274 [main] DEBUG org.apache.commons.beanutils.converters.ShortConverter -- Converting 'Integer' value '0' to type 'Short'
18:14:35.274 [main] DEBUG org.apache.commons.beanutils.converters.ShortConverter --     Converted to Short value '0'
18:14:35.275 [main] DEBUG org.apache.commons.beanutils.converters.StringConverter -- Setting default value: 
18:14:35.275 [main] DEBUG org.apache.commons.beanutils.converters.StringConverter -- Converting 'String' value '' to type 'String'
18:14:35.277 [main] DEBUG org.apache.commons.beanutils.converters.ArrayConverter -- Setting default value: [Z@75a118e6
18:14:35.277 [main] DEBUG org.apache.commons.beanutils.converters.ArrayConverter -- Converting 'boolean[]' value '[Z@75a118e6' to type 'boolean[]'
18:14:35.277 [main] DEBUG org.apache.commons.beanutils.converters.ArrayConverter --     No conversion required, value is already a boolean[]
18:14:35.277 [main] DEBUG org.apache.commons.beanutils.converters.ArrayConverter -- Setting default value: [B@1d540566
18:14:35.277 [main] DEBUG org.apache.commons.beanutils.converters.ArrayConverter -- Converting 'byte[]' value '[B@1d540566' to type 'byte[]'
18:14:35.277 [main] DEBUG org.apache.commons.beanutils.converters.ArrayConverter --     No conversion required, value is already a byte[]
18:14:35.278 [main] DEBUG org.apache.commons.beanutils.converters.ArrayConverter -- Setting default value: [C@6014a9ba
18:14:35.278 [main] DEBUG org.apache.commons.beanutils.converters.ArrayConverter -- Converting 'char[]' value '[C@6014a9ba' to type 'char[]'
18:14:35.278 [main] DEBUG org.apache.commons.beanutils.converters.ArrayConverter --     No conversion required, value is already a char[]
18:14:35.278 [main] DEBUG org.apache.commons.beanutils.converters.ArrayConverter -- Setting default value: [D@acdcf71
18:14:35.278 [main] DEBUG org.apache.commons.beanutils.converters.ArrayConverter -- Converting 'double[]' value '[D@acdcf71' to type 'double[]'
18:14:35.278 [main] DEBUG org.apache.commons.beanutils.converters.ArrayConverter --     No conversion required, value is already a double[]
18:14:35.278 [main] DEBUG org.apache.commons.beanutils.converters.ArrayConverter -- Setting default value: [F@77d680e6
18:14:35.278 [main] DEBUG org.apache.commons.beanutils.converters.ArrayConverter -- Converting 'float[]' value '[F@77d680e6' to type 'float[]'
18:14:35.278 [main] DEBUG org.apache.commons.beanutils.converters.ArrayConverter --     No conversion required, value is already a float[]
18:14:35.278 [main] DEBUG org.apache.commons.beanutils.converters.ArrayConverter -- Setting default value: [I@4a14c44f
18:14:35.278 [main] DEBUG org.apache.commons.beanutils.converters.ArrayConverter -- Converting 'int[]' value '[I@4a14c44f' to type 'int[]'
18:14:35.278 [main] DEBUG org.apache.commons.beanutils.converters.ArrayConverter --     No conversion required, value is already a int[]
18:14:35.278 [main] DEBUG org.apache.commons.beanutils.converters.ArrayConverter -- Setting default value: [J@f08fdce
18:14:35.278 [main] DEBUG org.apache.commons.beanutils.converters.ArrayConverter -- Converting 'long[]' value '[J@f08fdce' to type 'long[]'
18:14:35.278 [main] DEBUG org.apache.commons.beanutils.converters.ArrayConverter --     No conversion required, value is already a long[]
18:14:35.279 [main] DEBUG org.apache.commons.beanutils.converters.ArrayConverter -- Setting default value: [S@6bda1d19
18:14:35.279 [main] DEBUG org.apache.commons.beanutils.converters.ArrayConverter -- Converting 'short[]' value '[S@6bda1d19' to type 'short[]'
18:14:35.279 [main] DEBUG org.apache.commons.beanutils.converters.ArrayConverter --     No conversion required, value is already a short[]
18:14:35.279 [main] DEBUG org.apache.commons.beanutils.converters.ArrayConverter -- Setting default value: [Ljava.math.BigDecimal;@28c86134
18:14:35.279 [main] DEBUG org.apache.commons.beanutils.converters.ArrayConverter -- Converting 'BigDecimal[]' value '[Ljava.math.BigDecimal;@28c86134' to type 'BigDecimal[]'
18:14:35.279 [main] DEBUG org.apache.commons.beanutils.converters.ArrayConverter --     No conversion required, value is already a BigDecimal[]
18:14:35.279 [main] DEBUG org.apache.commons.beanutils.converters.ArrayConverter -- Setting default value: [Ljava.math.BigInteger;@4492eede
18:14:35.279 [main] DEBUG org.apache.commons.beanutils.converters.ArrayConverter -- Converting 'BigInteger[]' value '[Ljava.math.BigInteger;@4492eede' to type 'BigInteger[]'
18:14:35.279 [main] DEBUG org.apache.commons.beanutils.converters.ArrayConverter --     No conversion required, value is already a BigInteger[]
18:14:35.279 [main] DEBUG org.apache.commons.beanutils.converters.ArrayConverter -- Setting default value: [Ljava.lang.Boolean;@cbc8d0f
18:14:35.279 [main] DEBUG org.apache.commons.beanutils.converters.ArrayConverter -- Converting 'Boolean[]' value '[Ljava.lang.Boolean;@cbc8d0f' to type 'Boolean[]'
18:14:35.279 [main] DEBUG org.apache.commons.beanutils.converters.ArrayConverter --     No conversion required, value is already a Boolean[]
18:14:35.279 [main] DEBUG org.apache.commons.beanutils.converters.ArrayConverter -- Setting default value: [Ljava.lang.Byte;@37b57b54
18:14:35.279 [main] DEBUG org.apache.commons.beanutils.converters.ArrayConverter -- Converting 'Byte[]' value '[Ljava.lang.Byte;@37b57b54' to type 'Byte[]'
18:14:35.279 [main] DEBUG org.apache.commons.beanutils.converters.ArrayConverter --     No conversion required, value is already a Byte[]
18:14:35.279 [main] DEBUG org.apache.commons.beanutils.converters.ArrayConverter -- Setting default value: [Ljava.lang.Character;@5c1f6d57
18:14:35.280 [main] DEBUG org.apache.commons.beanutils.converters.ArrayConverter -- Converting 'Character[]' value '[Ljava.lang.Character;@5c1f6d57' to type 'Character[]'
18:14:35.280 [main] DEBUG org.apache.commons.beanutils.converters.ArrayConverter --     No conversion required, value is already a Character[]
18:14:35.280 [main] DEBUG org.apache.commons.beanutils.converters.ArrayConverter -- Setting default value: [Ljava.lang.Double;@f288c14
18:14:35.280 [main] DEBUG org.apache.commons.beanutils.converters.ArrayConverter -- Converting 'Double[]' value '[Ljava.lang.Double;@f288c14' to type 'Double[]'
18:14:35.280 [main] DEBUG org.apache.commons.beanutils.converters.ArrayConverter --     No conversion required, value is already a Double[]
18:14:35.280 [main] DEBUG org.apache.commons.beanutils.converters.ArrayConverter -- Setting default value: [Ljava.lang.Float;@6794ac0b
18:14:35.280 [main] DEBUG org.apache.commons.beanutils.converters.ArrayConverter -- Converting 'Float[]' value '[Ljava.lang.Float;@6794ac0b' to type 'Float[]'
18:14:35.280 [main] DEBUG org.apache.commons.beanutils.converters.ArrayConverter --     No conversion required, value is already a Float[]
18:14:35.280 [main] DEBUG org.apache.commons.beanutils.converters.ArrayConverter -- Setting default value: [Ljava.lang.Integer;@7be71476
18:14:35.280 [main] DEBUG org.apache.commons.beanutils.converters.ArrayConverter -- Converting 'Integer[]' value '[Ljava.lang.Integer;@7be71476' to type 'Integer[]'
18:14:35.280 [main] DEBUG org.apache.commons.beanutils.converters.ArrayConverter --     No conversion required, value is already a Integer[]
18:14:35.280 [main] DEBUG org.apache.commons.beanutils.converters.ArrayConverter -- Setting default value: [Ljava.lang.Long;@5cb5bb88
18:14:35.280 [main] DEBUG org.apache.commons.beanutils.converters.ArrayConverter -- Converting 'Long[]' value '[Ljava.lang.Long;@5cb5bb88' to type 'Long[]'
18:14:35.280 [main] DEBUG org.apache.commons.beanutils.converters.ArrayConverter --     No conversion required, value is already a Long[]
18:14:35.280 [main] DEBUG org.apache.commons.beanutils.converters.ArrayConverter -- Setting default value: [Ljava.lang.Short;@17b6d426
18:14:35.280 [main] DEBUG org.apache.commons.beanutils.converters.ArrayConverter -- Converting 'Short[]' value '[Ljava.lang.Short;@17b6d426' to type 'Short[]'
18:14:35.280 [main] DEBUG org.apache.commons.beanutils.converters.ArrayConverter --     No conversion required, value is already a Short[]
18:14:35.281 [main] DEBUG org.apache.commons.beanutils.converters.ArrayConverter -- Setting default value: [Ljava.lang.String;@5580d62f
18:14:35.281 [main] DEBUG org.apache.commons.beanutils.converters.ArrayConverter -- Converting 'String[]' value '[Ljava.lang.String;@5580d62f' to type 'String[]'
18:14:35.281 [main] DEBUG org.apache.commons.beanutils.converters.ArrayConverter --     No conversion required, value is already a String[]
18:14:35.281 [main] DEBUG org.apache.commons.beanutils.converters.ArrayConverter -- Setting default value: [Ljava.lang.Class;@16872c4d
18:14:35.281 [main] DEBUG org.apache.commons.beanutils.converters.ArrayConverter -- Converting 'Class[]' value '[Ljava.lang.Class;@16872c4d' to type 'Class[]'
18:14:35.281 [main] DEBUG org.apache.commons.beanutils.converters.ArrayConverter --     No conversion required, value is already a Class[]
18:14:35.281 [main] DEBUG org.apache.commons.beanutils.converters.ArrayConverter -- Setting default value: [Ljava.util.Date;@671facee
18:14:35.281 [main] DEBUG org.apache.commons.beanutils.converters.ArrayConverter -- Converting 'Date[]' value '[Ljava.util.Date;@671facee' to type 'Date[]'
18:14:35.281 [main] DEBUG org.apache.commons.beanutils.converters.ArrayConverter --     No conversion required, value is already a Date[]
18:14:35.281 [main] DEBUG org.apache.commons.beanutils.converters.ArrayConverter -- Setting default value: [Ljava.util.Calendar;@154bd49b
18:14:35.281 [main] DEBUG org.apache.commons.beanutils.converters.ArrayConverter -- Converting 'Calendar[]' value '[Ljava.util.Calendar;@154bd49b' to type 'Calendar[]'
18:14:35.281 [main] DEBUG org.apache.commons.beanutils.converters.ArrayConverter --     No conversion required, value is already a Calendar[]
18:14:35.281 [main] DEBUG org.apache.commons.beanutils.converters.ArrayConverter -- Setting default value: [Ljava.io.File;@20e3c449
18:14:35.281 [main] DEBUG org.apache.commons.beanutils.converters.ArrayConverter -- Converting 'java.io.File[]' value '[Ljava.io.File;@20e3c449' to type 'java.io.File[]'
18:14:35.281 [main] DEBUG org.apache.commons.beanutils.converters.ArrayConverter --     No conversion required, value is already a java.io.File[]
18:14:35.282 [main] DEBUG org.apache.commons.beanutils.converters.ArrayConverter -- Setting default value: [Ljava.sql.Date;@67fc2aad
18:14:35.282 [main] DEBUG org.apache.commons.beanutils.converters.ArrayConverter -- Converting 'java.sql.Date[]' value '[Ljava.sql.Date;@67fc2aad' to type 'java.sql.Date[]'
18:14:35.282 [main] DEBUG org.apache.commons.beanutils.converters.ArrayConverter --     No conversion required, value is already a java.sql.Date[]
18:14:35.282 [main] DEBUG org.apache.commons.beanutils.converters.ArrayConverter -- Setting default value: [Ljava.sql.Time;@680a66dd
18:14:35.282 [main] DEBUG org.apache.commons.beanutils.converters.ArrayConverter -- Converting 'java.sql.Time[]' value '[Ljava.sql.Time;@680a66dd' to type 'java.sql.Time[]'
18:14:35.282 [main] DEBUG org.apache.commons.beanutils.converters.ArrayConverter --     No conversion required, value is already a java.sql.Time[]
18:14:35.282 [main] DEBUG org.apache.commons.beanutils.converters.ArrayConverter -- Setting default value: [Ljava.sql.Timestamp;@472698d
18:14:35.282 [main] DEBUG org.apache.commons.beanutils.converters.ArrayConverter -- Converting 'java.sql.Timestamp[]' value '[Ljava.sql.Timestamp;@472698d' to type 'java.sql.Timestamp[]'
18:14:35.282 [main] DEBUG org.apache.commons.beanutils.converters.ArrayConverter --     No conversion required, value is already a java.sql.Timestamp[]
18:14:35.282 [main] DEBUG org.apache.commons.beanutils.converters.ArrayConverter -- Setting default value: [Ljava.net.URL;@40712ee9
18:14:35.282 [main] DEBUG org.apache.commons.beanutils.converters.ArrayConverter -- Converting 'java.net.URL[]' value '[Ljava.net.URL;@40712ee9' to type 'java.net.URL[]'
18:14:35.282 [main] DEBUG org.apache.commons.beanutils.converters.ArrayConverter --     No conversion required, value is already a java.net.URL[]
18:14:35.284 [main] DEBUG org.apache.commons.beanutils.converters.IntegerConverter -- Setting default value: null
18:14:35.284 [main] DEBUG org.apache.commons.beanutils.converters.FloatConverter -- Setting default value: null
18:14:35.284 [main] DEBUG org.apache.commons.beanutils.converters.DoubleConverter -- Setting default value: null
=== Starting testNonAdminWithoutCredentialsView(org.conjur.jenkins.credentials.ConjurCredentialStoreTest)
18:14:35.348 [Executing testNonAdminWithoutCredentialsView(org.conjur.jenkins.credentials.ConjurCredentialStoreTest)] DEBUG org.eclipse.jetty.util.component.ContainerLifeCycle -- QueuedThreadPool[qtp521147460]@1f101444{STOPPED,8<=0<=200,i=0,r=-1,q=0}[NO_TRY] added {org.eclipse.jetty.util.thread.ThreadPoolBudget@f13412,POJO}
18:14:35.354 [Executing testNonAdminWithoutCredentialsView(org.conjur.jenkins.credentials.ConjurCredentialStoreTest)] DEBUG org.eclipse.jetty.util.component.ContainerLifeCycle -- Server@580ed69a{STOPPED}[9.4.48.v20220622] added {QueuedThreadPool[Jetty (JenkinsRule)]@1f101444{STOPPED,8<=0<=200,i=0,r=-1,q=0}[NO_TRY],AUTO}
18:14:35.411 [Executing testNonAdminWithoutCredentialsView(org.conjur.jenkins.credentials.ConjurCredentialStoreTest)] DEBUG org.eclipse.jetty.util.component.ContainerLifeCycle -- o.e.j.w.WebAppContext@dcea842{/,null,STOPPED} added {SymlinkAllowedResourceAliasChecker@54c2eb24{base=null,protected=null},MANAGED}
18:14:35.415 [Executing testNonAdminWithoutCredentialsView(org.conjur.jenkins.credentials.ConjurCredentialStoreTest)] DEBUG org.eclipse.jetty.util.DecoratedObjectFactory -- Adding Decorator: org.eclipse.jetty.util.DeprecationWarning@5590420f
18:14:35.422 [Executing testNonAdminWithoutCredentialsView(org.conjur.jenkins.credentials.ConjurCredentialStoreTest)] DEBUG org.eclipse.jetty.util.component.ContainerLifeCycle -- o.e.j.w.WebAppContext@dcea842{/jenkins,null,STOPPED} added {org.eclipse.jetty.server.session.SessionHandler1844681076==dftMaxIdleSec=-1,MANAGED}
18:14:35.425 [Executing testNonAdminWithoutCredentialsView(org.conjur.jenkins.credentials.ConjurCredentialStoreTest)] DEBUG org.eclipse.jetty.util.component.ContainerLifeCycle -- ConstraintSecurityHandler@265b6412{STOPPED} added {org.eclipse.jetty.util.component.DumpableCollection@6e520d7e,POJO}
18:14:35.427 [Executing testNonAdminWithoutCredentialsView(org.conjur.jenkins.credentials.ConjurCredentialStoreTest)] DEBUG org.eclipse.jetty.util.component.ContainerLifeCycle -- org.eclipse.jetty.server.session.SessionHandler1844681076==dftMaxIdleSec=-1 added {ConstraintSecurityHandler@265b6412{STOPPED},MANAGED}
18:14:35.431 [Executing testNonAdminWithoutCredentialsView(org.conjur.jenkins.credentials.ConjurCredentialStoreTest)] DEBUG org.eclipse.jetty.util.component.ContainerLifeCycle -- ConstraintSecurityHandler@265b6412{STOPPED} added {ServletHandler@4c3c57d0{STOPPED},MANAGED}
18:14:35.431 [Executing testNonAdminWithoutCredentialsView(org.conjur.jenkins.credentials.ConjurCredentialStoreTest)] DEBUG org.eclipse.jetty.util.component.ContainerLifeCycle -- o.e.j.w.WebAppContext@dcea842{/jenkins,null,STOPPED} added {ErrorPageErrorHandler@51791eb9{STOPPED},MANAGED}
18:14:35.438 [Executing testNonAdminWithoutCredentialsView(org.conjur.jenkins.credentials.ConjurCredentialStoreTest)] DEBUG org.eclipse.jetty.util.component.ContainerLifeCycle -- o.e.j.w.WebAppContext@dcea842{/jenkins,null,STOPPED}{/Users/sameer.shaik/MyWorkSpace/17OctV2.2.3-New-BitBucketIssueFixed/conjur-credentials-plugin/target/jenkins-for-test} added {NoListenerConfiguration@54561850{STOPPED},AUTO}
18:14:35.438 [Executing testNonAdminWithoutCredentialsView(org.conjur.jenkins.credentials.ConjurCredentialStoreTest)] DEBUG org.eclipse.jetty.util.component.ContainerLifeCycle -- Server@580ed69a{STOPPED}[9.4.48.v20220622] added {o.e.j.w.WebAppContext@dcea842{/jenkins,null,STOPPED}{/Users/sameer.shaik/MyWorkSpace/17OctV2.2.3-New-BitBucketIssueFixed/conjur-credentials-plugin/target/jenkins-for-test},MANAGED}
18:14:35.441 [Executing testNonAdminWithoutCredentialsView(org.conjur.jenkins.credentials.ConjurCredentialStoreTest)] DEBUG org.eclipse.jetty.util.component.ContainerLifeCycle -- HashLoginService@22c77635[null] added {org.eclipse.jetty.security.DefaultIdentityService@5b8106fa,POJO}
18:14:35.441 [Executing testNonAdminWithoutCredentialsView(org.conjur.jenkins.credentials.ConjurCredentialStoreTest)] DEBUG org.eclipse.jetty.util.component.ContainerLifeCycle -- HashLoginService@22c77635[default] added {UserStore@4e61cb5f{STOPPED},AUTO}
18:14:35.447 [Executing testNonAdminWithoutCredentialsView(org.conjur.jenkins.credentials.ConjurCredentialStoreTest)] DEBUG org.eclipse.jetty.util.component.ContainerLifeCycle -- ConstraintSecurityHandler@265b6412{STOPPED} added {HashLoginService@22c77635[default],AUTO}
18:14:35.468 [Executing testNonAdminWithoutCredentialsView(org.conjur.jenkins.credentials.ConjurCredentialStoreTest)] DEBUG org.eclipse.jetty.util.component.ContainerLifeCycle -- HttpConnectionFactory@6e855bf9[HTTP/1.1] added {HttpConfiguration@628d9472{32768/8192,8192/8192,https://:0,[]},POJO}
18:14:35.475 [Executing testNonAdminWithoutCredentialsView(org.conjur.jenkins.credentials.ConjurCredentialStoreTest)] DEBUG org.eclipse.jetty.util.component.ContainerLifeCycle -- ServerConnector@51e0138f{null, ()}{0.0.0.0:0} added {Server@580ed69a{STOPPED}[9.4.48.v20220622],UNMANAGED}
18:14:35.476 [Executing testNonAdminWithoutCredentialsView(org.conjur.jenkins.credentials.ConjurCredentialStoreTest)] DEBUG org.eclipse.jetty.util.component.ContainerLifeCycle -- ServerConnector@51e0138f{null, ()}{0.0.0.0:0} added {QueuedThreadPool[Jetty (JenkinsRule)]@1f101444{STOPPED,8<=0<=200,i=0,r=-1,q=0}[NO_TRY],AUTO}
18:14:35.476 [Executing testNonAdminWithoutCredentialsView(org.conjur.jenkins.credentials.ConjurCredentialStoreTest)] DEBUG org.eclipse.jetty.util.component.ContainerLifeCycle -- ServerConnector@51e0138f{null, ()}{0.0.0.0:0} added {ScheduledExecutorScheduler@7766f2d0{STOPPED},AUTO}
18:14:35.476 [Executing testNonAdminWithoutCredentialsView(org.conjur.jenkins.credentials.ConjurCredentialStoreTest)] DEBUG org.eclipse.jetty.util.component.ContainerLifeCycle -- ServerConnector@51e0138f{null, ()}{0.0.0.0:0} added {ArrayByteBufferPool@532c549d{minBufferCapacity=0, maxBufferCapacity=65536, maxQueueLength=-1, factor=1024},POJO}
18:14:35.476 [Executing testNonAdminWithoutCredentialsView(org.conjur.jenkins.credentials.ConjurCredentialStoreTest)] DEBUG org.eclipse.jetty.util.component.ContainerLifeCycle -- ServerConnector@51e0138f{null, (http/1.1)}{0.0.0.0:0} added {HttpConnectionFactory@6e855bf9[HTTP/1.1],AUTO}
18:14:35.476 [Executing testNonAdminWithoutCredentialsView(org.conjur.jenkins.credentials.ConjurCredentialStoreTest)] DEBUG org.eclipse.jetty.server.AbstractConnector -- ServerConnector@51e0138f{HTTP/1.1, (http/1.1)}{0.0.0.0:0} added HttpConnectionFactory@6e855bf9[HTTP/1.1]
18:14:35.480 [Executing testNonAdminWithoutCredentialsView(org.conjur.jenkins.credentials.ConjurCredentialStoreTest)] DEBUG org.eclipse.jetty.util.component.ContainerLifeCycle -- ServerConnector@51e0138f{HTTP/1.1, (http/1.1)}{0.0.0.0:0} added {SelectorManager@ServerConnector@51e0138f{HTTP/1.1, (http/1.1)}{0.0.0.0:0},MANAGED}
18:14:35.480 [Executing testNonAdminWithoutCredentialsView(org.conjur.jenkins.credentials.ConjurCredentialStoreTest)] DEBUG org.eclipse.jetty.util.component.ContainerLifeCycle -- Server@580ed69a{STOPPED}[9.4.48.v20220622] added {ServerConnector@51e0138f{HTTP/1.1, (http/1.1)}{localhost:0},AUTO}
18:14:35.480 [Executing testNonAdminWithoutCredentialsView(org.conjur.jenkins.credentials.ConjurCredentialStoreTest)] DEBUG org.eclipse.jetty.util.component.AbstractLifeCycle -- starting Server@580ed69a{STOPPED}[9.4.48.v20220622]
18:14:35.480 [Executing testNonAdminWithoutCredentialsView(org.conjur.jenkins.credentials.ConjurCredentialStoreTest)] DEBUG org.eclipse.jetty.util.component.ContainerLifeCycle -- Server@580ed69a{STARTING}[9.4.48.v20220622] added {ErrorHandler@7026d939{STOPPED},AUTO}
18:14:35.481 [Executing testNonAdminWithoutCredentialsView(org.conjur.jenkins.credentials.ConjurCredentialStoreTest)] INFO org.eclipse.jetty.server.Server -- jetty-9.4.48.v20220622; built: 2022-06-21T20:42:25.880Z; git: 6b67c5719d1f4371b33655ff2d047d24e171e49a; jvm 17.0.11+9-adhoc.admin.jdk17u
18:14:35.489 [Executing testNonAdminWithoutCredentialsView(org.conjur.jenkins.credentials.ConjurCredentialStoreTest)] DEBUG org.eclipse.jetty.server.handler.AbstractHandler -- starting Server@580ed69a{STARTING}[9.4.48.v20220622]
18:14:35.489 [Executing testNonAdminWithoutCredentialsView(org.conjur.jenkins.credentials.ConjurCredentialStoreTest)] DEBUG org.eclipse.jetty.util.component.AbstractLifeCycle -- starting QueuedThreadPool[Jetty (JenkinsRule)]@1f101444{STOPPED,8<=0<=200,i=0,r=-1,q=0}[NO_TRY]
18:14:35.490 [Executing testNonAdminWithoutCredentialsView(org.conjur.jenkins.credentials.ConjurCredentialStoreTest)] DEBUG org.eclipse.jetty.util.thread.ReservedThreadExecutor -- ReservedThreadExecutor@7d5bea6c{reserved=0/16,pending=0}
18:14:35.490 [Executing testNonAdminWithoutCredentialsView(org.conjur.jenkins.credentials.ConjurCredentialStoreTest)] DEBUG org.eclipse.jetty.util.component.ContainerLifeCycle -- QueuedThreadPool[Jetty (JenkinsRule)]@1f101444{STARTING,8<=0<=200,i=0,r=-1,q=0}[ReservedThreadExecutor@7d5bea6c{reserved=0/16,pending=0}] added {ReservedThreadExecutor@7d5bea6c{reserved=0/16,pending=0},AUTO}
18:14:35.490 [Executing testNonAdminWithoutCredentialsView(org.conjur.jenkins.credentials.ConjurCredentialStoreTest)] DEBUG org.eclipse.jetty.util.component.AbstractLifeCycle -- starting ReservedThreadExecutor@7d5bea6c{reserved=0/16,pending=0}
18:14:35.492 [Executing testNonAdminWithoutCredentialsView(org.conjur.jenkins.credentials.ConjurCredentialStoreTest)] DEBUG org.eclipse.jetty.util.component.AbstractLifeCycle -- STARTED @2596ms ReservedThreadExecutor@7d5bea6c{reserved=0/16,pending=0}
18:14:35.493 [Executing testNonAdminWithoutCredentialsView(org.conjur.jenkins.credentials.ConjurCredentialStoreTest)] DEBUG org.eclipse.jetty.util.thread.QueuedThreadPool -- Starting Thread[Jetty (JenkinsRule)-30,5,main]
18:14:35.493 [Executing testNonAdminWithoutCredentialsView(org.conjur.jenkins.credentials.ConjurCredentialStoreTest)] DEBUG org.eclipse.jetty.util.thread.QueuedThreadPool -- Starting Thread[Jetty (JenkinsRule)-31,5,main]
18:14:35.493 [Executing testNonAdminWithoutCredentialsView(org.conjur.jenkins.credentials.ConjurCredentialStoreTest)] DEBUG org.eclipse.jetty.util.thread.QueuedThreadPool -- Starting Thread[Jetty (JenkinsRule)-32,5,main]
18:14:35.493 [Jetty (JenkinsRule)-30] DEBUG org.eclipse.jetty.util.thread.QueuedThreadPool -- Runner started for QueuedThreadPool[Jetty (JenkinsRule)]@1f101444{STARTING,8<=2<=200,i=2,r=-1,q=0}[ReservedThreadExecutor@7d5bea6c{reserved=0/16,pending=0}]
18:14:35.494 [Executing testNonAdminWithoutCredentialsView(org.conjur.jenkins.credentials.ConjurCredentialStoreTest)] DEBUG org.eclipse.jetty.util.thread.QueuedThreadPool -- Starting Thread[Jetty (JenkinsRule)-33,5,main]
18:14:35.494 [Jetty (JenkinsRule)-31] DEBUG org.eclipse.jetty.util.thread.QueuedThreadPool -- Runner started for QueuedThreadPool[Jetty (JenkinsRule)]@1f101444{STARTING,8<=3<=200,i=3,r=-1,q=0}[ReservedThreadExecutor@7d5bea6c{reserved=0/16,pending=0}]
18:14:35.494 [Jetty (JenkinsRule)-32] DEBUG org.eclipse.jetty.util.thread.QueuedThreadPool -- Runner started for QueuedThreadPool[Jetty (JenkinsRule)]@1f101444{STARTING,8<=4<=200,i=4,r=-1,q=0}[ReservedThreadExecutor@7d5bea6c{reserved=0/16,pending=0}]
18:14:35.494 [Executing testNonAdminWithoutCredentialsView(org.conjur.jenkins.credentials.ConjurCredentialStoreTest)] DEBUG org.eclipse.jetty.util.thread.QueuedThreadPool -- Starting Thread[Jetty (JenkinsRule)-34,5,main]
18:14:35.494 [Executing testNonAdminWithoutCredentialsView(org.conjur.jenkins.credentials.ConjurCredentialStoreTest)] DEBUG org.eclipse.jetty.util.thread.QueuedThreadPool -- Starting Thread[Jetty (JenkinsRule)-35,5,main]
18:14:35.494 [Jetty (JenkinsRule)-33] DEBUG org.eclipse.jetty.util.thread.QueuedThreadPool -- Runner started for QueuedThreadPool[Jetty (JenkinsRule)]@1f101444{STARTING,8<=5<=200,i=5,r=-1,q=0}[ReservedThreadExecutor@7d5bea6c{reserved=0/16,pending=0}]
18:14:35.494 [Jetty (JenkinsRule)-34] DEBUG org.eclipse.jetty.util.thread.QueuedThreadPool -- Runner started for QueuedThreadPool[Jetty (JenkinsRule)]@1f101444{STARTING,8<=6<=200,i=6,r=-1,q=0}[ReservedThreadExecutor@7d5bea6c{reserved=0/16,pending=0}]
18:14:35.494 [Executing testNonAdminWithoutCredentialsView(org.conjur.jenkins.credentials.ConjurCredentialStoreTest)] DEBUG org.eclipse.jetty.util.thread.QueuedThreadPool -- Starting Thread[Jetty (JenkinsRule)-36,5,main]
18:14:35.494 [Executing testNonAdminWithoutCredentialsView(org.conjur.jenkins.credentials.ConjurCredentialStoreTest)] DEBUG org.eclipse.jetty.util.thread.QueuedThreadPool -- Starting Thread[Jetty (JenkinsRule)-37,5,main]
18:14:35.494 [Jetty (JenkinsRule)-35] DEBUG org.eclipse.jetty.util.thread.QueuedThreadPool -- Runner started for QueuedThreadPool[Jetty (JenkinsRule)]@1f101444{STARTING,8<=7<=200,i=7,r=-1,q=0}[ReservedThreadExecutor@7d5bea6c{reserved=0/16,pending=0}]
18:14:35.495 [Jetty (JenkinsRule)-36] DEBUG org.eclipse.jetty.util.thread.QueuedThreadPool -- Runner started for QueuedThreadPool[Jetty (JenkinsRule)]@1f101444{STARTING,8<=8<=200,i=8,r=-1,q=0}[ReservedThreadExecutor@7d5bea6c{reserved=0/16,pending=0}]
18:14:35.495 [Executing testNonAdminWithoutCredentialsView(org.conjur.jenkins.credentials.ConjurCredentialStoreTest)] DEBUG org.eclipse.jetty.util.component.AbstractLifeCycle -- STARTED @2599ms QueuedThreadPool[Jetty (JenkinsRule)]@1f101444{STARTED,8<=8<=200,i=8,r=-1,q=0}[ReservedThreadExecutor@7d5bea6c{reserved=0/16,pending=0}]
18:14:35.495 [Jetty (JenkinsRule)-37] DEBUG org.eclipse.jetty.util.thread.QueuedThreadPool -- Runner started for QueuedThreadPool[Jetty (JenkinsRule)]@1f101444{STARTED,8<=8<=200,i=8,r=-1,q=0}[ReservedThreadExecutor@7d5bea6c{reserved=0/16,pending=0}]
18:14:35.495 [Executing testNonAdminWithoutCredentialsView(org.conjur.jenkins.credentials.ConjurCredentialStoreTest)] DEBUG org.eclipse.jetty.util.component.AbstractLifeCycle -- starting o.e.j.w.WebAppContext@dcea842{/jenkins,file:///Users/sameer.shaik/MyWorkSpace/17OctV2.2.3-New-BitBucketIssueFixed/conjur-credentials-plugin/target/jenkins-for-test/,STOPPED}{/Users/sameer.shaik/MyWorkSpace/17OctV2.2.3-New-BitBucketIssueFixed/conjur-credentials-plugin/target/jenkins-for-test}
18:14:35.500 [Executing testNonAdminWithoutCredentialsView(org.conjur.jenkins.credentials.ConjurCredentialStoreTest)] DEBUG org.eclipse.jetty.webapp.WebAppContext -- Thread Context classloader jdk.internal.loader.ClassLoaders$AppClassLoader@5ffd2b27
18:14:35.500 [Executing testNonAdminWithoutCredentialsView(org.conjur.jenkins.credentials.ConjurCredentialStoreTest)] DEBUG org.eclipse.jetty.webapp.WebAppContext -- Parent class loader: jdk.internal.loader.ClassLoaders$PlatformClassLoader@6a175569 
18:14:35.501 [Executing testNonAdminWithoutCredentialsView(org.conjur.jenkins.credentials.ConjurCredentialStoreTest)] DEBUG org.eclipse.jetty.webapp.WebAppContext -- preConfigure o.e.j.w.WebAppContext@dcea842{/jenkins,file:///Users/sameer.shaik/MyWorkSpace/17OctV2.2.3-New-BitBucketIssueFixed/conjur-credentials-plugin/target/jenkins-for-test/,STOPPED}{/Users/sameer.shaik/MyWorkSpace/17OctV2.2.3-New-BitBucketIssueFixed/conjur-credentials-plugin/target/jenkins-for-test} with org.eclipse.jetty.webapp.WebXmlConfiguration@249d366
18:14:35.533 [Executing testNonAdminWithoutCredentialsView(org.conjur.jenkins.credentials.ConjurCredentialStoreTest)] DEBUG org.eclipse.jetty.webapp.WebDescriptor -- jar:file:/Users/sameer.shaik/.m2/repository/org/eclipse/jetty/jetty-webapp/9.4.48.v20220622/jetty-webapp-9.4.48.v20220622.jar!/org/eclipse/jetty/webapp/webdefault.xml: Calculated metadatacomplete = False with version=3.1
18:14:35.537 [Executing testNonAdminWithoutCredentialsView(org.conjur.jenkins.credentials.ConjurCredentialStoreTest)] DEBUG org.eclipse.jetty.webapp.WebDescriptor -- file:///Users/sameer.shaik/MyWorkSpace/17OctV2.2.3-New-BitBucketIssueFixed/conjur-credentials-plugin/target/jenkins-for-test/WEB-INF/web.xml: Calculated metadatacomplete = True with version=3.1
18:14:35.537 [Executing testNonAdminWithoutCredentialsView(org.conjur.jenkins.credentials.ConjurCredentialStoreTest)] DEBUG org.eclipse.jetty.webapp.WebAppContext -- configure o.e.j.w.WebAppContext@dcea842{/jenkins,file:///Users/sameer.shaik/MyWorkSpace/17OctV2.2.3-New-BitBucketIssueFixed/conjur-credentials-plugin/target/jenkins-for-test/,STARTING}{/Users/sameer.shaik/MyWorkSpace/17OctV2.2.3-New-BitBucketIssueFixed/conjur-credentials-plugin/target/jenkins-for-test} with org.eclipse.jetty.webapp.WebXmlConfiguration@249d366
18:14:35.541 [Executing testNonAdminWithoutCredentialsView(org.conjur.jenkins.credentials.ConjurCredentialStoreTest)] DEBUG org.eclipse.jetty.webapp.MetaData -- metadata resolve o.e.j.w.WebAppContext@dcea842{/jenkins,file:///Users/sameer.shaik/MyWorkSpace/17OctV2.2.3-New-BitBucketIssueFixed/conjur-credentials-plugin/target/jenkins-for-test/,STARTING}{/Users/sameer.shaik/MyWorkSpace/17OctV2.2.3-New-BitBucketIssueFixed/conjur-credentials-plugin/target/jenkins-for-test}
18:14:35.543 [Executing testNonAdminWithoutCredentialsView(org.conjur.jenkins.credentials.ConjurCredentialStoreTest)] DEBUG org.eclipse.jetty.util.component.ContainerLifeCycle -- ServletHandler@4c3c57d0{STOPPED} added {org.eclipse.jetty.servlet.listener.ELContextCleaner@3703aa3c{src=DESCRIPTOR:jar:file:/Users/sameer.shaik/.m2/repository/org/eclipse/jetty/jetty-webapp/9.4.48.v20220622/jetty-webapp-9.4.48.v20220622.jar!/org/eclipse/jetty/webapp/webdefault.xml},AUTO}
18:14:35.547 [Executing testNonAdminWithoutCredentialsView(org.conjur.jenkins.credentials.ConjurCredentialStoreTest)] DEBUG org.eclipse.jetty.util.component.ContainerLifeCycle -- ServletHandler@4c3c57d0{STOPPED} added {org.eclipse.jetty.servlet.listener.IntrospectorCleaner@27287181{src=DESCRIPTOR:jar:file:/Users/sameer.shaik/.m2/repository/org/eclipse/jetty/jetty-webapp/9.4.48.v20220622/jetty-webapp-9.4.48.v20220622.jar!/org/eclipse/jetty/webapp/webdefault.xml},AUTO}
18:14:35.550 [Executing testNonAdminWithoutCredentialsView(org.conjur.jenkins.credentials.ConjurCredentialStoreTest)] DEBUG org.eclipse.jetty.webapp.StandardDescriptorProcessor -- Added mapping [/]=>default 
18:14:35.551 [Executing testNonAdminWithoutCredentialsView(org.conjur.jenkins.credentials.ConjurCredentialStoreTest)] INFO org.eclipse.jetty.webapp.StandardDescriptorProcessor -- NO JSP Support for /jenkins, did not find org.eclipse.jetty.jsp.JettyJspServlet
18:14:35.551 [Executing testNonAdminWithoutCredentialsView(org.conjur.jenkins.credentials.ConjurCredentialStoreTest)] DEBUG org.eclipse.jetty.webapp.StandardDescriptorProcessor -- Added mapping [*.jsp, *.jspf, *.jspx, *.xsp, *.JSP, *.JSPF, *.JSPX, *.XSP]=>jsp 
18:14:35.551 [Executing testNonAdminWithoutCredentialsView(org.conjur.jenkins.credentials.ConjurCredentialStoreTest)] DEBUG org.eclipse.jetty.server.session -- SessionManager default maxInactiveInterval=1800
18:14:35.553 [Executing testNonAdminWithoutCredentialsView(org.conjur.jenkins.credentials.ConjurCredentialStoreTest)] DEBUG org.eclipse.jetty.util.component.ContainerLifeCycle -- ServletHandler@4c3c57d0{STOPPED} added {default==org.eclipse.jetty.servlet.DefaultServlet@5c13d641{jsp=null,order=0,inst=false,async=false,src=DESCRIPTOR:jar:file:/Users/sameer.shaik/.m2/repository/org/eclipse/jetty/jetty-webapp/9.4.48.v20220622/jetty-webapp-9.4.48.v20220622.jar!/org/eclipse/jetty/webapp/webdefault.xml,STOPPED},AUTO}
18:14:35.553 [Executing testNonAdminWithoutCredentialsView(org.conjur.jenkins.credentials.ConjurCredentialStoreTest)] DEBUG org.eclipse.jetty.util.component.ContainerLifeCycle -- ServletHandler@4c3c57d0{STOPPED} added {jsp==org.eclipse.jetty.servlet.NoJspServlet@19c47{jsp=null,order=0,inst=false,async=false,src=DESCRIPTOR:jar:file:/Users/sameer.shaik/.m2/repository/org/eclipse/jetty/jetty-webapp/9.4.48.v20220622/jetty-webapp-9.4.48.v20220622.jar!/org/eclipse/jetty/webapp/webdefault.xml,STOPPED},AUTO}
18:14:35.553 [Executing testNonAdminWithoutCredentialsView(org.conjur.jenkins.credentials.ConjurCredentialStoreTest)] DEBUG org.eclipse.jetty.util.component.ContainerLifeCycle -- ServletHandler@4c3c57d0{STOPPED} added {[/]=>default,POJO}
18:14:35.553 [Executing testNonAdminWithoutCredentialsView(org.conjur.jenkins.credentials.ConjurCredentialStoreTest)] DEBUG org.eclipse.jetty.util.component.ContainerLifeCycle -- ServletHandler@4c3c57d0{STOPPED} added {[*.jsp, *.jspf, *.jspx, *.xsp, *.JSP, *.JSPF, *.JSPX, *.XSP]=>jsp,POJO}
18:14:35.554 [Executing testNonAdminWithoutCredentialsView(org.conjur.jenkins.credentials.ConjurCredentialStoreTest)] DEBUG org.eclipse.jetty.webapp.StandardDescriptorProcessor -- Added mapping [/*]=>Stapler 
18:14:35.555 [Executing testNonAdminWithoutCredentialsView(org.conjur.jenkins.credentials.ConjurCredentialStoreTest)] DEBUG org.eclipse.jetty.util.component.ContainerLifeCycle -- ServletHandler@4c3c57d0{STOPPED} added {jenkins.util.SystemProperties$Listener@51f9db30{src=DESCRIPTOR:file:///Users/sameer.shaik/MyWorkSpace/17OctV2.2.3-New-BitBucketIssueFixed/conjur-credentials-plugin/target/jenkins-for-test/WEB-INF/web.xml},AUTO}
18:14:35.555 [Executing testNonAdminWithoutCredentialsView(org.conjur.jenkins.credentials.ConjurCredentialStoreTest)] DEBUG org.eclipse.jetty.util.component.ContainerLifeCycle -- ServletHandler@4c3c57d0{STOPPED} added {hudson.WebAppMain@6fa66b2{src=DESCRIPTOR:file:///Users/sameer.shaik/MyWorkSpace/17OctV2.2.3-New-BitBucketIssueFixed/conjur-credentials-plugin/target/jenkins-for-test/WEB-INF/web.xml},AUTO}
18:14:35.555 [Executing testNonAdminWithoutCredentialsView(org.conjur.jenkins.credentials.ConjurCredentialStoreTest)] DEBUG org.eclipse.jetty.util.component.ContainerLifeCycle -- ServletHandler@4c3c57d0{STOPPED} added {jenkins.JenkinsHttpSessionListener@44b5181b{src=DESCRIPTOR:file:///Users/sameer.shaik/MyWorkSpace/17OctV2.2.3-New-BitBucketIssueFixed/conjur-credentials-plugin/target/jenkins-for-test/WEB-INF/web.xml},AUTO}
18:14:35.556 [Executing testNonAdminWithoutCredentialsView(org.conjur.jenkins.credentials.ConjurCredentialStoreTest)] DEBUG org.eclipse.jetty.util.component.ContainerLifeCycle -- ServletHandler@4c3c57d0{STOPPED} added {suspicious-request-filter==jenkins.security.SuspiciousRequestFilter@1d6e7aa{inst=false,async=true,src=DESCRIPTOR:file:///Users/sameer.shaik/MyWorkSpace/17OctV2.2.3-New-BitBucketIssueFixed/conjur-credentials-plugin/target/jenkins-for-test/WEB-INF/web.xml},AUTO}
18:14:35.556 [Executing testNonAdminWithoutCredentialsView(org.conjur.jenkins.credentials.ConjurCredentialStoreTest)] DEBUG org.eclipse.jetty.util.component.ContainerLifeCycle -- ServletHandler@4c3c57d0{STOPPED} added {diagnostic-name-filter==org.kohsuke.stapler.DiagnosticThreadNameFilter@1ee98cfb{inst=false,async=true,src=DESCRIPTOR:file:///Users/sameer.shaik/MyWorkSpace/17OctV2.2.3-New-BitBucketIssueFixed/conjur-credentials-plugin/target/jenkins-for-test/WEB-INF/web.xml},AUTO}
18:14:35.556 [Executing testNonAdminWithoutCredentialsView(org.conjur.jenkins.credentials.ConjurCredentialStoreTest)] DEBUG org.eclipse.jetty.util.component.ContainerLifeCycle -- ServletHandler@4c3c57d0{STOPPED} added {encoding-filter==hudson.util.CharacterEncodingFilter@4bf3a662{inst=false,async=true,src=DESCRIPTOR:file:///Users/sameer.shaik/MyWorkSpace/17OctV2.2.3-New-BitBucketIssueFixed/conjur-credentials-plugin/target/jenkins-for-test/WEB-INF/web.xml},AUTO}
18:14:35.556 [Executing testNonAdminWithoutCredentialsView(org.conjur.jenkins.credentials.ConjurCredentialStoreTest)] DEBUG org.eclipse.jetty.util.component.ContainerLifeCycle -- ServletHandler@4c3c57d0{STOPPED} added {compression-filter==org.kohsuke.stapler.compression.CompressionFilter@27ea1ac7{inst=false,async=true,src=DESCRIPTOR:file:///Users/sameer.shaik/MyWorkSpace/17OctV2.2.3-New-BitBucketIssueFixed/conjur-credentials-plugin/target/jenkins-for-test/WEB-INF/web.xml},AUTO}
18:14:35.556 [Executing testNonAdminWithoutCredentialsView(org.conjur.jenkins.credentials.ConjurCredentialStoreTest)] DEBUG org.eclipse.jetty.util.component.ContainerLifeCycle -- ServletHandler@4c3c57d0{STOPPED} added {authentication-filter==hudson.security.HudsonFilter@11374227{inst=false,async=true,src=DESCRIPTOR:file:///Users/sameer.shaik/MyWorkSpace/17OctV2.2.3-New-BitBucketIssueFixed/conjur-credentials-plugin/target/jenkins-for-test/WEB-INF/web.xml},AUTO}
18:14:35.556 [Executing testNonAdminWithoutCredentialsView(org.conjur.jenkins.credentials.ConjurCredentialStoreTest)] DEBUG org.eclipse.jetty.util.component.ContainerLifeCycle -- ServletHandler@4c3c57d0{STOPPED} added {csrf-filter==hudson.security.csrf.CrumbFilter@436b9aae{inst=false,async=true,src=DESCRIPTOR:file:///Users/sameer.shaik/MyWorkSpace/17OctV2.2.3-New-BitBucketIssueFixed/conjur-credentials-plugin/target/jenkins-for-test/WEB-INF/web.xml},AUTO}
18:14:35.556 [Executing testNonAdminWithoutCredentialsView(org.conjur.jenkins.credentials.ConjurCredentialStoreTest)] DEBUG org.eclipse.jetty.util.component.ContainerLifeCycle -- ServletHandler@4c3c57d0{STOPPED} added {plugins-filter==hudson.util.PluginServletFilter@157df417{inst=false,async=true,src=DESCRIPTOR:file:///Users/sameer.shaik/MyWorkSpace/17OctV2.2.3-New-BitBucketIssueFixed/conjur-credentials-plugin/target/jenkins-for-test/WEB-INF/web.xml},AUTO}
18:14:35.557 [Executing testNonAdminWithoutCredentialsView(org.conjur.jenkins.credentials.ConjurCredentialStoreTest)] DEBUG org.eclipse.jetty.util.component.ContainerLifeCycle -- ServletHandler@4c3c57d0{STOPPED} added {Stapler==org.kohsuke.stapler.Stapler@f222d1a9{jsp=null,order=-1,inst=false,async=true,src=DESCRIPTOR:file:///Users/sameer.shaik/MyWorkSpace/17OctV2.2.3-New-BitBucketIssueFixed/conjur-credentials-plugin/target/jenkins-for-test/WEB-INF/web.xml,STOPPED},AUTO}
18:14:35.562 [Executing testNonAdminWithoutCredentialsView(org.conjur.jenkins.credentials.ConjurCredentialStoreTest)] DEBUG org.eclipse.jetty.util.component.ContainerLifeCycle -- ServletHandler@4c3c57d0{STOPPED} added {[/*]/[]/[REQUEST]=>suspicious-request-filter,POJO}
18:14:35.562 [Executing testNonAdminWithoutCredentialsView(org.conjur.jenkins.credentials.ConjurCredentialStoreTest)] DEBUG org.eclipse.jetty.util.component.ContainerLifeCycle -- ServletHandler@4c3c57d0{STOPPED} added {[/*]/[]/[REQUEST]=>diagnostic-name-filter,POJO}
18:14:35.562 [Executing testNonAdminWithoutCredentialsView(org.conjur.jenkins.credentials.ConjurCredentialStoreTest)] DEBUG org.eclipse.jetty.util.component.ContainerLifeCycle -- ServletHandler@4c3c57d0{STOPPED} added {[/*]/[]/[REQUEST]=>encoding-filter,POJO}
18:14:35.562 [Executing testNonAdminWithoutCredentialsView(org.conjur.jenkins.credentials.ConjurCredentialStoreTest)] DEBUG org.eclipse.jetty.util.component.ContainerLifeCycle -- ServletHandler@4c3c57d0{STOPPED} added {[/*]/[]/[REQUEST]=>compression-filter,POJO}
18:14:35.562 [Executing testNonAdminWithoutCredentialsView(org.conjur.jenkins.credentials.ConjurCredentialStoreTest)] DEBUG org.eclipse.jetty.util.component.ContainerLifeCycle -- ServletHandler@4c3c57d0{STOPPED} added {[/*]/[]/[REQUEST]=>authentication-filter,POJO}
18:14:35.562 [Executing testNonAdminWithoutCredentialsView(org.conjur.jenkins.credentials.ConjurCredentialStoreTest)] DEBUG org.eclipse.jetty.util.component.ContainerLifeCycle -- ServletHandler@4c3c57d0{STOPPED} added {[/*]/[]/[REQUEST]=>csrf-filter,POJO}
18:14:35.562 [Executing testNonAdminWithoutCredentialsView(org.conjur.jenkins.credentials.ConjurCredentialStoreTest)] DEBUG org.eclipse.jetty.util.component.ContainerLifeCycle -- ServletHandler@4c3c57d0{STOPPED} added {[/*]/[]/[REQUEST]=>plugins-filter,POJO}
18:14:35.563 [Executing testNonAdminWithoutCredentialsView(org.conjur.jenkins.credentials.ConjurCredentialStoreTest)] DEBUG org.eclipse.jetty.util.component.ContainerLifeCycle -- ServletHandler@4c3c57d0{STOPPED} added {[/*]=>Stapler,POJO}
18:14:35.563 [Executing testNonAdminWithoutCredentialsView(org.conjur.jenkins.credentials.ConjurCredentialStoreTest)] DEBUG org.eclipse.jetty.util.component.AbstractLifeCycle -- starting org.eclipse.jetty.servlet.listener.ELContextCleaner@3703aa3c{src=DESCRIPTOR:jar:file:/Users/sameer.shaik/.m2/repository/org/eclipse/jetty/jetty-webapp/9.4.48.v20220622/jetty-webapp-9.4.48.v20220622.jar!/org/eclipse/jetty/webapp/webdefault.xml}
18:14:35.564 [Executing testNonAdminWithoutCredentialsView(org.conjur.jenkins.credentials.ConjurCredentialStoreTest)] DEBUG org.eclipse.jetty.servlet.BaseHolder -- Holding class org.eclipse.jetty.servlet.listener.ELContextCleaner from jdk.internal.loader.ClassLoaders$AppClassLoader@5ffd2b27
18:14:35.566 [Executing testNonAdminWithoutCredentialsView(org.conjur.jenkins.credentials.ConjurCredentialStoreTest)] DEBUG org.eclipse.jetty.util.component.AbstractLifeCycle -- STARTED @2670ms org.eclipse.jetty.servlet.listener.ELContextCleaner@3703aa3c{src=DESCRIPTOR:jar:file:/Users/sameer.shaik/.m2/repository/org/eclipse/jetty/jetty-webapp/9.4.48.v20220622/jetty-webapp-9.4.48.v20220622.jar!/org/eclipse/jetty/webapp/webdefault.xml}
18:14:35.566 [Executing testNonAdminWithoutCredentialsView(org.conjur.jenkins.credentials.ConjurCredentialStoreTest)] DEBUG org.eclipse.jetty.util.component.AbstractLifeCycle -- starting org.eclipse.jetty.servlet.listener.IntrospectorCleaner@27287181{src=DESCRIPTOR:jar:file:/Users/sameer.shaik/.m2/repository/org/eclipse/jetty/jetty-webapp/9.4.48.v20220622/jetty-webapp-9.4.48.v20220622.jar!/org/eclipse/jetty/webapp/webdefault.xml}
18:14:35.566 [Executing testNonAdminWithoutCredentialsView(org.conjur.jenkins.credentials.ConjurCredentialStoreTest)] DEBUG org.eclipse.jetty.servlet.BaseHolder -- Holding class org.eclipse.jetty.servlet.listener.IntrospectorCleaner from jdk.internal.loader.ClassLoaders$AppClassLoader@5ffd2b27
18:14:35.567 [Executing testNonAdminWithoutCredentialsView(org.conjur.jenkins.credentials.ConjurCredentialStoreTest)] DEBUG org.eclipse.jetty.util.component.AbstractLifeCycle -- STARTED @2671ms org.eclipse.jetty.servlet.listener.IntrospectorCleaner@27287181{src=DESCRIPTOR:jar:file:/Users/sameer.shaik/.m2/repository/org/eclipse/jetty/jetty-webapp/9.4.48.v20220622/jetty-webapp-9.4.48.v20220622.jar!/org/eclipse/jetty/webapp/webdefault.xml}
18:14:35.567 [Executing testNonAdminWithoutCredentialsView(org.conjur.jenkins.credentials.ConjurCredentialStoreTest)] DEBUG org.eclipse.jetty.util.component.AbstractLifeCycle -- starting jenkins.util.SystemProperties$Listener@51f9db30{src=DESCRIPTOR:file:///Users/sameer.shaik/MyWorkSpace/17OctV2.2.3-New-BitBucketIssueFixed/conjur-credentials-plugin/target/jenkins-for-test/WEB-INF/web.xml}
18:14:35.567 [Executing testNonAdminWithoutCredentialsView(org.conjur.jenkins.credentials.ConjurCredentialStoreTest)] DEBUG org.eclipse.jetty.servlet.BaseHolder -- Holding class jenkins.util.SystemProperties$Listener from jdk.internal.loader.ClassLoaders$AppClassLoader@5ffd2b27
18:14:35.567 [Executing testNonAdminWithoutCredentialsView(org.conjur.jenkins.credentials.ConjurCredentialStoreTest)] DEBUG org.eclipse.jetty.util.component.AbstractLifeCycle -- STARTED @2671ms jenkins.util.SystemProperties$Listener@51f9db30{src=DESCRIPTOR:file:///Users/sameer.shaik/MyWorkSpace/17OctV2.2.3-New-BitBucketIssueFixed/conjur-credentials-plugin/target/jenkins-for-test/WEB-INF/web.xml}
18:14:35.568 [Executing testNonAdminWithoutCredentialsView(org.conjur.jenkins.credentials.ConjurCredentialStoreTest)] DEBUG org.eclipse.jetty.util.component.AbstractLifeCycle -- starting hudson.WebAppMain@6fa66b2{src=DESCRIPTOR:file:///Users/sameer.shaik/MyWorkSpace/17OctV2.2.3-New-BitBucketIssueFixed/conjur-credentials-plugin/target/jenkins-for-test/WEB-INF/web.xml}
18:14:35.568 [Executing testNonAdminWithoutCredentialsView(org.conjur.jenkins.credentials.ConjurCredentialStoreTest)] DEBUG org.eclipse.jetty.servlet.BaseHolder -- Holding class hudson.WebAppMain from jdk.internal.loader.ClassLoaders$AppClassLoader@5ffd2b27
18:14:35.572 [Executing testNonAdminWithoutCredentialsView(org.conjur.jenkins.credentials.ConjurCredentialStoreTest)] DEBUG org.eclipse.jetty.util.component.AbstractLifeCycle -- STARTED @2676ms hudson.WebAppMain@6fa66b2{src=DESCRIPTOR:file:///Users/sameer.shaik/MyWorkSpace/17OctV2.2.3-New-BitBucketIssueFixed/conjur-credentials-plugin/target/jenkins-for-test/WEB-INF/web.xml}
18:14:35.572 [Executing testNonAdminWithoutCredentialsView(org.conjur.jenkins.credentials.ConjurCredentialStoreTest)] DEBUG org.eclipse.jetty.util.component.AbstractLifeCycle -- starting jenkins.JenkinsHttpSessionListener@44b5181b{src=DESCRIPTOR:file:///Users/sameer.shaik/MyWorkSpace/17OctV2.2.3-New-BitBucketIssueFixed/conjur-credentials-plugin/target/jenkins-for-test/WEB-INF/web.xml}
18:14:35.572 [Executing testNonAdminWithoutCredentialsView(org.conjur.jenkins.credentials.ConjurCredentialStoreTest)] DEBUG org.eclipse.jetty.servlet.BaseHolder -- Holding class jenkins.JenkinsHttpSessionListener from jdk.internal.loader.ClassLoaders$AppClassLoader@5ffd2b27
18:14:35.573 [Executing testNonAdminWithoutCredentialsView(org.conjur.jenkins.credentials.ConjurCredentialStoreTest)] DEBUG org.eclipse.jetty.util.component.ContainerLifeCycle -- org.eclipse.jetty.server.session.SessionHandler1844681076==dftMaxIdleSec=1800 added {jenkins.JenkinsHttpSessionListener@637d9500,UNMANAGED}
18:14:35.573 [Executing testNonAdminWithoutCredentialsView(org.conjur.jenkins.credentials.ConjurCredentialStoreTest)] DEBUG org.eclipse.jetty.util.component.AbstractLifeCycle -- STARTED @2677ms jenkins.JenkinsHttpSessionListener@44b5181b{src=DESCRIPTOR:file:///Users/sameer.shaik/MyWorkSpace/17OctV2.2.3-New-BitBucketIssueFixed/conjur-credentials-plugin/target/jenkins-for-test/WEB-INF/web.xml}
18:14:35.573 [Executing testNonAdminWithoutCredentialsView(org.conjur.jenkins.credentials.ConjurCredentialStoreTest)] DEBUG org.eclipse.jetty.server.handler.AbstractHandler -- starting o.e.j.w.WebAppContext@dcea842{Jenkins v2.346.3,/jenkins,file:///Users/sameer.shaik/MyWorkSpace/17OctV2.2.3-New-BitBucketIssueFixed/conjur-credentials-plugin/target/jenkins-for-test/,STARTING}{/Users/sameer.shaik/MyWorkSpace/17OctV2.2.3-New-BitBucketIssueFixed/conjur-credentials-plugin/target/jenkins-for-test}
18:14:35.573 [Executing testNonAdminWithoutCredentialsView(org.conjur.jenkins.credentials.ConjurCredentialStoreTest)] DEBUG org.eclipse.jetty.util.component.AbstractLifeCycle -- starting SymlinkAllowedResourceAliasChecker@54c2eb24{base=null,protected=[/WEB-INF, /META-INF]}
18:14:35.573 [Executing testNonAdminWithoutCredentialsView(org.conjur.jenkins.credentials.ConjurCredentialStoreTest)] DEBUG org.eclipse.jetty.util.component.AbstractLifeCycle -- STARTED @2677ms SymlinkAllowedResourceAliasChecker@54c2eb24{base=null,protected=[/WEB-INF, /META-INF]}
18:14:35.573 [Executing testNonAdminWithoutCredentialsView(org.conjur.jenkins.credentials.ConjurCredentialStoreTest)] DEBUG org.eclipse.jetty.util.component.AbstractLifeCycle -- starting org.eclipse.jetty.server.session.SessionHandler1844681076==dftMaxIdleSec=1800
18:14:35.576 [Executing testNonAdminWithoutCredentialsView(org.conjur.jenkins.credentials.ConjurCredentialStoreTest)] DEBUG org.eclipse.jetty.util.component.ContainerLifeCycle -- org.eclipse.jetty.server.session.SessionHandler1844681076==dftMaxIdleSec=1800 added {org.eclipse.jetty.server.session.DefaultSessionCache@46236c75[evict=-1,removeUnloadable=false,saveOnCreate=false,saveOnInactiveEvict=false],AUTO}
18:14:35.577 [Executing testNonAdminWithoutCredentialsView(org.conjur.jenkins.credentials.ConjurCredentialStoreTest)] DEBUG org.eclipse.jetty.util.component.ContainerLifeCycle -- org.eclipse.jetty.server.session.DefaultSessionCache@46236c75[evict=-1,removeUnloadable=false,saveOnCreate=false,saveOnInactiveEvict=false] added {org.eclipse.jetty.server.session.NullSessionDataStore@3a633070[passivating=false,graceSec=3600],AUTO}
18:14:35.578 [Executing testNonAdminWithoutCredentialsView(org.conjur.jenkins.credentials.ConjurCredentialStoreTest)] DEBUG org.eclipse.jetty.util.component.AbstractLifeCycle -- starting DefaultSessionIdManager@659d7293{STOPPED}[worker=null]
18:14:35.578 [Executing testNonAdminWithoutCredentialsView(org.conjur.jenkins.credentials.ConjurCredentialStoreTest)] INFO org.eclipse.jetty.server.session -- DefaultSessionIdManager workerName=node0
18:14:35.578 [Executing testNonAdminWithoutCredentialsView(org.conjur.jenkins.credentials.ConjurCredentialStoreTest)] INFO org.eclipse.jetty.server.session -- No SessionScavenger set, using defaults
18:14:35.579 [Executing testNonAdminWithoutCredentialsView(org.conjur.jenkins.credentials.ConjurCredentialStoreTest)] DEBUG org.eclipse.jetty.util.component.ContainerLifeCycle -- DefaultSessionIdManager@659d7293{STARTING}[worker=node0] added {HouseKeeper@13917d87{STOPPED}[interval=600000, ownscheduler=false],MANAGED}
18:14:35.580 [Executing testNonAdminWithoutCredentialsView(org.conjur.jenkins.credentials.ConjurCredentialStoreTest)] DEBUG org.eclipse.jetty.util.component.AbstractLifeCycle -- starting HouseKeeper@13917d87{STOPPED}[interval=600000, ownscheduler=false]
18:14:35.580 [Executing testNonAdminWithoutCredentialsView(org.conjur.jenkins.credentials.ConjurCredentialStoreTest)] DEBUG org.eclipse.jetty.util.component.AbstractLifeCycle -- starting ScheduledExecutorScheduler@46c75b63{STOPPED}
18:14:35.581 [Executing testNonAdminWithoutCredentialsView(org.conjur.jenkins.credentials.ConjurCredentialStoreTest)] DEBUG org.eclipse.jetty.util.component.AbstractLifeCycle -- STARTED @2685ms ScheduledExecutorScheduler@46c75b63{STARTED}
18:14:35.581 [Executing testNonAdminWithoutCredentialsView(org.conjur.jenkins.credentials.ConjurCredentialStoreTest)] DEBUG org.eclipse.jetty.server.session -- Using own scheduler for scavenging
18:14:35.581 [Executing testNonAdminWithoutCredentialsView(org.conjur.jenkins.credentials.ConjurCredentialStoreTest)] INFO org.eclipse.jetty.server.session -- node0 Scavenging every 660000ms
18:14:35.582 [Executing testNonAdminWithoutCredentialsView(org.conjur.jenkins.credentials.ConjurCredentialStoreTest)] DEBUG org.eclipse.jetty.util.component.AbstractLifeCycle -- STARTED @2686ms HouseKeeper@13917d87{STARTED}[interval=660000, ownscheduler=true]
18:14:35.582 [Executing testNonAdminWithoutCredentialsView(org.conjur.jenkins.credentials.ConjurCredentialStoreTest)] DEBUG org.eclipse.jetty.util.component.AbstractLifeCycle -- STARTED @2686ms DefaultSessionIdManager@659d7293{STARTED}[worker=node0]
18:14:35.582 [Executing testNonAdminWithoutCredentialsView(org.conjur.jenkins.credentials.ConjurCredentialStoreTest)] DEBUG org.eclipse.jetty.util.component.ContainerLifeCycle -- Server@580ed69a{STARTING}[9.4.48.v20220622] added {DefaultSessionIdManager@659d7293{STARTED}[worker=node0],MANAGED}
18:14:35.582 [Executing testNonAdminWithoutCredentialsView(org.conjur.jenkins.credentials.ConjurCredentialStoreTest)] DEBUG org.eclipse.jetty.util.component.ContainerLifeCycle -- org.eclipse.jetty.server.session.SessionHandler1844681076==dftMaxIdleSec=1800 added {DefaultSessionIdManager@659d7293{STARTED}[worker=node0],UNMANAGED}
18:14:35.583 [Executing testNonAdminWithoutCredentialsView(org.conjur.jenkins.credentials.ConjurCredentialStoreTest)] DEBUG org.eclipse.jetty.util.component.AbstractLifeCycle -- starting ScheduledExecutorScheduler@50c3ad58{STOPPED}
18:14:35.583 [Executing testNonAdminWithoutCredentialsView(org.conjur.jenkins.credentials.ConjurCredentialStoreTest)] DEBUG org.eclipse.jetty.util.component.AbstractLifeCycle -- STARTED @2687ms ScheduledExecutorScheduler@50c3ad58{STARTED}
18:14:35.584 [Executing testNonAdminWithoutCredentialsView(org.conjur.jenkins.credentials.ConjurCredentialStoreTest)] DEBUG org.eclipse.jetty.server.handler.AbstractHandler -- starting org.eclipse.jetty.server.session.SessionHandler1844681076==dftMaxIdleSec=1800
18:14:35.584 [Executing testNonAdminWithoutCredentialsView(org.conjur.jenkins.credentials.ConjurCredentialStoreTest)] DEBUG org.eclipse.jetty.util.component.AbstractLifeCycle -- starting ConstraintSecurityHandler@265b6412{STOPPED}
18:14:35.587 [Executing testNonAdminWithoutCredentialsView(org.conjur.jenkins.credentials.ConjurCredentialStoreTest)] DEBUG org.eclipse.jetty.util.component.ContainerLifeCycle -- ConstraintSecurityHandler@265b6412{STARTING} added {org.eclipse.jetty.security.DefaultIdentityService@5b8106fa,POJO}
18:14:35.589 [Executing testNonAdminWithoutCredentialsView(org.conjur.jenkins.credentials.ConjurCredentialStoreTest)] DEBUG org.eclipse.jetty.security.SecurityHandler -- Created authenticator org.eclipse.jetty.security.authentication.FormAuthenticator@7a14a501 with org.eclipse.jetty.security.DefaultAuthenticatorFactory@a76ae10
18:14:35.589 [Executing testNonAdminWithoutCredentialsView(org.conjur.jenkins.credentials.ConjurCredentialStoreTest)] DEBUG org.eclipse.jetty.util.component.ContainerLifeCycle -- ConstraintSecurityHandler@265b6412{STARTING} added {org.eclipse.jetty.security.authentication.FormAuthenticator@7a14a501,POJO}
18:14:35.589 [Executing testNonAdminWithoutCredentialsView(org.conjur.jenkins.credentials.ConjurCredentialStoreTest)] DEBUG org.eclipse.jetty.server.handler.AbstractHandler -- starting ConstraintSecurityHandler@265b6412{STARTING}
18:14:35.589 [Executing testNonAdminWithoutCredentialsView(org.conjur.jenkins.credentials.ConjurCredentialStoreTest)] DEBUG org.eclipse.jetty.util.component.AbstractLifeCycle -- starting ServletHandler@4c3c57d0{STOPPED}
18:14:35.592 [Executing testNonAdminWithoutCredentialsView(org.conjur.jenkins.credentials.ConjurCredentialStoreTest)] DEBUG org.eclipse.jetty.servlet.ServletHandler -- Path=*.jspx[DESCRIPTOR:jar:file:/Users/sameer.shaik/.m2/repository/org/eclipse/jetty/jetty-webapp/9.4.48.v20220622/jetty-webapp-9.4.48.v20220622.jar!/org/eclipse/jetty/webapp/webdefault.xml] mapped to servlet=jsp[DESCRIPTOR:jar:file:/Users/sameer.shaik/.m2/repository/org/eclipse/jetty/jetty-webapp/9.4.48.v20220622/jetty-webapp-9.4.48.v20220622.jar!/org/eclipse/jetty/webapp/webdefault.xml]
18:14:35.592 [Executing testNonAdminWithoutCredentialsView(org.conjur.jenkins.credentials.ConjurCredentialStoreTest)] DEBUG org.eclipse.jetty.http.pathmap.ServletPathSpec -- Creating ServletPathSpec[*.jspx] (group: SUFFIX_GLOB, prefix: "null", suffix: "jspx")
18:14:35.593 [Executing testNonAdminWithoutCredentialsView(org.conjur.jenkins.credentials.ConjurCredentialStoreTest)] DEBUG org.eclipse.jetty.http.pathmap.PathMappings -- Added MappedResource[pathSpec=ServletPathSpec@96a7cfb7{*.jspx},resource=jsp==org.eclipse.jetty.servlet.NoJspServlet@19c47{jsp=null,order=0,inst=false,async=false,src=DESCRIPTOR:jar:file:/Users/sameer.shaik/.m2/repository/org/eclipse/jetty/jetty-webapp/9.4.48.v20220622/jetty-webapp-9.4.48.v20220622.jar!/org/eclipse/jetty/webapp/webdefault.xml,STOPPED}] to PathMappings[size=1]
18:14:35.593 [Executing testNonAdminWithoutCredentialsView(org.conjur.jenkins.credentials.ConjurCredentialStoreTest)] DEBUG org.eclipse.jetty.servlet.ServletHandler -- Path=*.JSPX[DESCRIPTOR:jar:file:/Users/sameer.shaik/.m2/repository/org/eclipse/jetty/jetty-webapp/9.4.48.v20220622/jetty-webapp-9.4.48.v20220622.jar!/org/eclipse/jetty/webapp/webdefault.xml] mapped to servlet=jsp[DESCRIPTOR:jar:file:/Users/sameer.shaik/.m2/repository/org/eclipse/jetty/jetty-webapp/9.4.48.v20220622/jetty-webapp-9.4.48.v20220622.jar!/org/eclipse/jetty/webapp/webdefault.xml]
18:14:35.593 [Executing testNonAdminWithoutCredentialsView(org.conjur.jenkins.credentials.ConjurCredentialStoreTest)] DEBUG org.eclipse.jetty.http.pathmap.ServletPathSpec -- Creating ServletPathSpec[*.JSPX] (group: SUFFIX_GLOB, prefix: "null", suffix: "JSPX")
18:14:35.593 [Executing testNonAdminWithoutCredentialsView(org.conjur.jenkins.credentials.ConjurCredentialStoreTest)] DEBUG org.eclipse.jetty.http.pathmap.PathMappings -- Added MappedResource[pathSpec=ServletPathSpec@94d5d7b7{*.JSPX},resource=jsp==org.eclipse.jetty.servlet.NoJspServlet@19c47{jsp=null,order=0,inst=false,async=false,src=DESCRIPTOR:jar:file:/Users/sameer.shaik/.m2/repository/org/eclipse/jetty/jetty-webapp/9.4.48.v20220622/jetty-webapp-9.4.48.v20220622.jar!/org/eclipse/jetty/webapp/webdefault.xml,STOPPED}] to PathMappings[size=2]
18:14:35.594 [Executing testNonAdminWithoutCredentialsView(org.conjur.jenkins.credentials.ConjurCredentialStoreTest)] DEBUG org.eclipse.jetty.servlet.ServletHandler -- Path=*.JSPF[DESCRIPTOR:jar:file:/Users/sameer.shaik/.m2/repository/org/eclipse/jetty/jetty-webapp/9.4.48.v20220622/jetty-webapp-9.4.48.v20220622.jar!/org/eclipse/jetty/webapp/webdefault.xml] mapped to servlet=jsp[DESCRIPTOR:jar:file:/Users/sameer.shaik/.m2/repository/org/eclipse/jetty/jetty-webapp/9.4.48.v20220622/jetty-webapp-9.4.48.v20220622.jar!/org/eclipse/jetty/webapp/webdefault.xml]
18:14:35.594 [Executing testNonAdminWithoutCredentialsView(org.conjur.jenkins.credentials.ConjurCredentialStoreTest)] DEBUG org.eclipse.jetty.http.pathmap.ServletPathSpec -- Creating ServletPathSpec[*.JSPF] (group: SUFFIX_GLOB, prefix: "null", suffix: "JSPF")
18:14:35.594 [Executing testNonAdminWithoutCredentialsView(org.conjur.jenkins.credentials.ConjurCredentialStoreTest)] DEBUG org.eclipse.jetty.http.pathmap.PathMappings -- Added MappedResource[pathSpec=ServletPathSpec@94d5d589{*.JSPF},resource=jsp==org.eclipse.jetty.servlet.NoJspServlet@19c47{jsp=null,order=0,inst=false,async=false,src=DESCRIPTOR:jar:file:/Users/sameer.shaik/.m2/repository/org/eclipse/jetty/jetty-webapp/9.4.48.v20220622/jetty-webapp-9.4.48.v20220622.jar!/org/eclipse/jetty/webapp/webdefault.xml,STOPPED}] to PathMappings[size=3]
18:14:35.594 [Executing testNonAdminWithoutCredentialsView(org.conjur.jenkins.credentials.ConjurCredentialStoreTest)] DEBUG org.eclipse.jetty.servlet.ServletHandler -- Path=*.jsp[DESCRIPTOR:jar:file:/Users/sameer.shaik/.m2/repository/org/eclipse/jetty/jetty-webapp/9.4.48.v20220622/jetty-webapp-9.4.48.v20220622.jar!/org/eclipse/jetty/webapp/webdefault.xml] mapped to servlet=jsp[DESCRIPTOR:jar:file:/Users/sameer.shaik/.m2/repository/org/eclipse/jetty/jetty-webapp/9.4.48.v20220622/jetty-webapp-9.4.48.v20220622.jar!/org/eclipse/jetty/webapp/webdefault.xml]
18:14:35.594 [Executing testNonAdminWithoutCredentialsView(org.conjur.jenkins.credentials.ConjurCredentialStoreTest)] DEBUG org.eclipse.jetty.http.pathmap.ServletPathSpec -- Creating ServletPathSpec[*.jsp] (group: SUFFIX_GLOB, prefix: "null", suffix: "jsp")
18:14:35.594 [Executing testNonAdminWithoutCredentialsView(org.conjur.jenkins.credentials.ConjurCredentialStoreTest)] DEBUG org.eclipse.jetty.http.pathmap.PathMappings -- Added MappedResource[pathSpec=ServletPathSpec@debd2188{*.jsp},resource=jsp==org.eclipse.jetty.servlet.NoJspServlet@19c47{jsp=null,order=0,inst=false,async=false,src=DESCRIPTOR:jar:file:/Users/sameer.shaik/.m2/repository/org/eclipse/jetty/jetty-webapp/9.4.48.v20220622/jetty-webapp-9.4.48.v20220622.jar!/org/eclipse/jetty/webapp/webdefault.xml,STOPPED}] to PathMappings[size=4]
18:14:35.594 [Executing testNonAdminWithoutCredentialsView(org.conjur.jenkins.credentials.ConjurCredentialStoreTest)] DEBUG org.eclipse.jetty.servlet.ServletHandler -- Path=*.JSP[DESCRIPTOR:jar:file:/Users/sameer.shaik/.m2/repository/org/eclipse/jetty/jetty-webapp/9.4.48.v20220622/jetty-webapp-9.4.48.v20220622.jar!/org/eclipse/jetty/webapp/webdefault.xml] mapped to servlet=jsp[DESCRIPTOR:jar:file:/Users/sameer.shaik/.m2/repository/org/eclipse/jetty/jetty-webapp/9.4.48.v20220622/jetty-webapp-9.4.48.v20220622.jar!/org/eclipse/jetty/webapp/webdefault.xml]
18:14:35.594 [Executing testNonAdminWithoutCredentialsView(org.conjur.jenkins.credentials.ConjurCredentialStoreTest)] DEBUG org.eclipse.jetty.http.pathmap.ServletPathSpec -- Creating ServletPathSpec[*.JSP] (group: SUFFIX_GLOB, prefix: "null", suffix: "JSP")
18:14:35.594 [Executing testNonAdminWithoutCredentialsView(org.conjur.jenkins.credentials.ConjurCredentialStoreTest)] DEBUG org.eclipse.jetty.http.pathmap.PathMappings -- Added MappedResource[pathSpec=ServletPathSpec@deae19a8{*.JSP},resource=jsp==org.eclipse.jetty.servlet.NoJspServlet@19c47{jsp=null,order=0,inst=false,async=false,src=DESCRIPTOR:jar:file:/Users/sameer.shaik/.m2/repository/org/eclipse/jetty/jetty-webapp/9.4.48.v20220622/jetty-webapp-9.4.48.v20220622.jar!/org/eclipse/jetty/webapp/webdefault.xml,STOPPED}] to PathMappings[size=5]
18:14:35.594 [Executing testNonAdminWithoutCredentialsView(org.conjur.jenkins.credentials.ConjurCredentialStoreTest)] DEBUG org.eclipse.jetty.servlet.ServletHandler -- Path=*.jspf[DESCRIPTOR:jar:file:/Users/sameer.shaik/.m2/repository/org/eclipse/jetty/jetty-webapp/9.4.48.v20220622/jetty-webapp-9.4.48.v20220622.jar!/org/eclipse/jetty/webapp/webdefault.xml] mapped to servlet=jsp[DESCRIPTOR:jar:file:/Users/sameer.shaik/.m2/repository/org/eclipse/jetty/jetty-webapp/9.4.48.v20220622/jetty-webapp-9.4.48.v20220622.jar!/org/eclipse/jetty/webapp/webdefault.xml]
18:14:35.594 [Executing testNonAdminWithoutCredentialsView(org.conjur.jenkins.credentials.ConjurCredentialStoreTest)] DEBUG org.eclipse.jetty.http.pathmap.ServletPathSpec -- Creating ServletPathSpec[*.jspf] (group: SUFFIX_GLOB, prefix: "null", suffix: "jspf")
18:14:35.595 [Executing testNonAdminWithoutCredentialsView(org.conjur.jenkins.credentials.ConjurCredentialStoreTest)] DEBUG org.eclipse.jetty.http.pathmap.PathMappings -- Added MappedResource[pathSpec=ServletPathSpec@96a7cd89{*.jspf},resource=jsp==org.eclipse.jetty.servlet.NoJspServlet@19c47{jsp=null,order=0,inst=false,async=false,src=DESCRIPTOR:jar:file:/Users/sameer.shaik/.m2/repository/org/eclipse/jetty/jetty-webapp/9.4.48.v20220622/jetty-webapp-9.4.48.v20220622.jar!/org/eclipse/jetty/webapp/webdefault.xml,STOPPED}] to PathMappings[size=6]
18:14:35.595 [Executing testNonAdminWithoutCredentialsView(org.conjur.jenkins.credentials.ConjurCredentialStoreTest)] DEBUG org.eclipse.jetty.servlet.ServletHandler -- Path=*.XSP[DESCRIPTOR:jar:file:/Users/sameer.shaik/.m2/repository/org/eclipse/jetty/jetty-webapp/9.4.48.v20220622/jetty-webapp-9.4.48.v20220622.jar!/org/eclipse/jetty/webapp/webdefault.xml] mapped to servlet=jsp[DESCRIPTOR:jar:file:/Users/sameer.shaik/.m2/repository/org/eclipse/jetty/jetty-webapp/9.4.48.v20220622/jetty-webapp-9.4.48.v20220622.jar!/org/eclipse/jetty/webapp/webdefault.xml]
18:14:35.595 [Executing testNonAdminWithoutCredentialsView(org.conjur.jenkins.credentials.ConjurCredentialStoreTest)] DEBUG org.eclipse.jetty.http.pathmap.ServletPathSpec -- Creating ServletPathSpec[*.XSP] (group: SUFFIX_GLOB, prefix: "null", suffix: "XSP")
18:14:35.595 [Executing testNonAdminWithoutCredentialsView(org.conjur.jenkins.credentials.ConjurCredentialStoreTest)] DEBUG org.eclipse.jetty.http.pathmap.PathMappings -- Added MappedResource[pathSpec=ServletPathSpec@deb476da{*.XSP},resource=jsp==org.eclipse.jetty.servlet.NoJspServlet@19c47{jsp=null,order=0,inst=false,async=false,src=DESCRIPTOR:jar:file:/Users/sameer.shaik/.m2/repository/org/eclipse/jetty/jetty-webapp/9.4.48.v20220622/jetty-webapp-9.4.48.v20220622.jar!/org/eclipse/jetty/webapp/webdefault.xml,STOPPED}] to PathMappings[size=7]
18:14:35.595 [Executing testNonAdminWithoutCredentialsView(org.conjur.jenkins.credentials.ConjurCredentialStoreTest)] DEBUG org.eclipse.jetty.servlet.ServletHandler -- Path=*.xsp[DESCRIPTOR:jar:file:/Users/sameer.shaik/.m2/repository/org/eclipse/jetty/jetty-webapp/9.4.48.v20220622/jetty-webapp-9.4.48.v20220622.jar!/org/eclipse/jetty/webapp/webdefault.xml] mapped to servlet=jsp[DESCRIPTOR:jar:file:/Users/sameer.shaik/.m2/repository/org/eclipse/jetty/jetty-webapp/9.4.48.v20220622/jetty-webapp-9.4.48.v20220622.jar!/org/eclipse/jetty/webapp/webdefault.xml]
18:14:35.595 [Executing testNonAdminWithoutCredentialsView(org.conjur.jenkins.credentials.ConjurCredentialStoreTest)] DEBUG org.eclipse.jetty.http.pathmap.ServletPathSpec -- Creating ServletPathSpec[*.xsp] (group: SUFFIX_GLOB, prefix: "null", suffix: "xsp")
18:14:35.595 [Executing testNonAdminWithoutCredentialsView(org.conjur.jenkins.credentials.ConjurCredentialStoreTest)] DEBUG org.eclipse.jetty.http.pathmap.PathMappings -- Added MappedResource[pathSpec=ServletPathSpec@dec37eba{*.xsp},resource=jsp==org.eclipse.jetty.servlet.NoJspServlet@19c47{jsp=null,order=0,inst=false,async=false,src=DESCRIPTOR:jar:file:/Users/sameer.shaik/.m2/repository/org/eclipse/jetty/jetty-webapp/9.4.48.v20220622/jetty-webapp-9.4.48.v20220622.jar!/org/eclipse/jetty/webapp/webdefault.xml,STOPPED}] to PathMappings[size=8]
18:14:35.595 [Executing testNonAdminWithoutCredentialsView(org.conjur.jenkins.credentials.ConjurCredentialStoreTest)] DEBUG org.eclipse.jetty.servlet.ServletHandler -- Path=/*[DESCRIPTOR:file:///Users/sameer.shaik/MyWorkSpace/17OctV2.2.3-New-BitBucketIssueFixed/conjur-credentials-plugin/target/jenkins-for-test/WEB-INF/web.xml] mapped to servlet=Stapler[DESCRIPTOR:file:///Users/sameer.shaik/MyWorkSpace/17OctV2.2.3-New-BitBucketIssueFixed/conjur-credentials-plugin/target/jenkins-for-test/WEB-INF/web.xml]
18:14:35.596 [Executing testNonAdminWithoutCredentialsView(org.conjur.jenkins.credentials.ConjurCredentialStoreTest)] DEBUG org.eclipse.jetty.http.pathmap.ServletPathSpec -- Creating ServletPathSpec[/*] (group: PREFIX_GLOB, prefix: "", suffix: "null")
18:14:35.597 [Executing testNonAdminWithoutCredentialsView(org.conjur.jenkins.credentials.ConjurCredentialStoreTest)] DEBUG org.eclipse.jetty.http.pathmap.PathMappings -- Added MappedResource[pathSpec=ServletPathSpec@9457a78e{/*},resource=Stapler==org.kohsuke.stapler.Stapler@f222d1a9{jsp=null,order=-1,inst=false,async=true,src=DESCRIPTOR:file:///Users/sameer.shaik/MyWorkSpace/17OctV2.2.3-New-BitBucketIssueFixed/conjur-credentials-plugin/target/jenkins-for-test/WEB-INF/web.xml,STOPPED}] to PathMappings[size=9]
18:14:35.597 [Executing testNonAdminWithoutCredentialsView(org.conjur.jenkins.credentials.ConjurCredentialStoreTest)] DEBUG org.eclipse.jetty.servlet.ServletHandler -- Path=/[DESCRIPTOR:jar:file:/Users/sameer.shaik/.m2/repository/org/eclipse/jetty/jetty-webapp/9.4.48.v20220622/jetty-webapp-9.4.48.v20220622.jar!/org/eclipse/jetty/webapp/webdefault.xml] mapped to servlet=default[DESCRIPTOR:jar:file:/Users/sameer.shaik/.m2/repository/org/eclipse/jetty/jetty-webapp/9.4.48.v20220622/jetty-webapp-9.4.48.v20220622.jar!/org/eclipse/jetty/webapp/webdefault.xml]
18:14:35.597 [Executing testNonAdminWithoutCredentialsView(org.conjur.jenkins.credentials.ConjurCredentialStoreTest)] DEBUG org.eclipse.jetty.http.pathmap.PathMappings -- Added MappedResource[pathSpec=ServletPathSpec@9457dcb7{/},resource=default==org.eclipse.jetty.servlet.DefaultServlet@5c13d641{jsp=null,order=0,inst=false,async=false,src=DESCRIPTOR:jar:file:/Users/sameer.shaik/.m2/repository/org/eclipse/jetty/jetty-webapp/9.4.48.v20220622/jetty-webapp-9.4.48.v20220622.jar!/org/eclipse/jetty/webapp/webdefault.xml,STOPPED}] to PathMappings[size=10]
18:14:35.597 [Executing testNonAdminWithoutCredentialsView(org.conjur.jenkins.credentials.ConjurCredentialStoreTest)] DEBUG org.eclipse.jetty.servlet.ServletHandler -- filterNameMap={csrf-filter=csrf-filter==hudson.security.csrf.CrumbFilter@436b9aae{inst=false,async=true,src=DESCRIPTOR:file:///Users/sameer.shaik/MyWorkSpace/17OctV2.2.3-New-BitBucketIssueFixed/conjur-credentials-plugin/target/jenkins-for-test/WEB-INF/web.xml}, encoding-filter=encoding-filter==hudson.util.CharacterEncodingFilter@4bf3a662{inst=false,async=true,src=DESCRIPTOR:file:///Users/sameer.shaik/MyWorkSpace/17OctV2.2.3-New-BitBucketIssueFixed/conjur-credentials-plugin/target/jenkins-for-test/WEB-INF/web.xml}, diagnostic-name-filter=diagnostic-name-filter==org.kohsuke.stapler.DiagnosticThreadNameFilter@1ee98cfb{inst=false,async=true,src=DESCRIPTOR:file:///Users/sameer.shaik/MyWorkSpace/17OctV2.2.3-New-BitBucketIssueFixed/conjur-credentials-plugin/target/jenkins-for-test/WEB-INF/web.xml}, compression-filter=compression-filter==org.kohsuke.stapler.compression.CompressionFilter@27ea1ac7{inst=false,async=true,src=DESCRIPTOR:file:///Users/sameer.shaik/MyWorkSpace/17OctV2.2.3-New-BitBucketIssueFixed/conjur-credentials-plugin/target/jenkins-for-test/WEB-INF/web.xml}, plugins-filter=plugins-filter==hudson.util.PluginServletFilter@157df417{inst=false,async=true,src=DESCRIPTOR:file:///Users/sameer.shaik/MyWorkSpace/17OctV2.2.3-New-BitBucketIssueFixed/conjur-credentials-plugin/target/jenkins-for-test/WEB-INF/web.xml}, authentication-filter=authentication-filter==hudson.security.HudsonFilter@11374227{inst=false,async=true,src=DESCRIPTOR:file:///Users/sameer.shaik/MyWorkSpace/17OctV2.2.3-New-BitBucketIssueFixed/conjur-credentials-plugin/target/jenkins-for-test/WEB-INF/web.xml}, suspicious-request-filter=suspicious-request-filter==jenkins.security.SuspiciousRequestFilter@1d6e7aa{inst=false,async=true,src=DESCRIPTOR:file:///Users/sameer.shaik/MyWorkSpace/17OctV2.2.3-New-BitBucketIssueFixed/conjur-credentials-plugin/target/jenkins-for-test/WEB-INF/web.xml}}
18:14:35.598 [Executing testNonAdminWithoutCredentialsView(org.conjur.jenkins.credentials.ConjurCredentialStoreTest)] DEBUG org.eclipse.jetty.servlet.ServletHandler -- pathFilters=[[/*]/[]/[REQUEST, ASYNC]=>plugins-filter, [/*]/[]/[REQUEST, ASYNC]=>csrf-filter, [/*]/[]/[REQUEST, ASYNC]=>authentication-filter, [/*]/[]/[REQUEST, ASYNC]=>compression-filter, [/*]/[]/[REQUEST, ASYNC]=>encoding-filter, [/*]/[]/[REQUEST, ASYNC]=>diagnostic-name-filter, [/*]/[]/[REQUEST, ASYNC]=>suspicious-request-filter]
18:14:35.598 [Executing testNonAdminWithoutCredentialsView(org.conjur.jenkins.credentials.ConjurCredentialStoreTest)] DEBUG org.eclipse.jetty.servlet.ServletHandler -- servletFilterMap={}
18:14:35.598 [Executing testNonAdminWithoutCredentialsView(org.conjur.jenkins.credentials.ConjurCredentialStoreTest)] DEBUG org.eclipse.jetty.servlet.ServletHandler -- servletPathMap=PathMappings[size=10]
18:14:35.598 [Executing testNonAdminWithoutCredentialsView(org.conjur.jenkins.credentials.ConjurCredentialStoreTest)] DEBUG org.eclipse.jetty.servlet.ServletHandler -- servletNameMap={default=default==org.eclipse.jetty.servlet.DefaultServlet@5c13d641{jsp=null,order=0,inst=false,async=false,src=DESCRIPTOR:jar:file:/Users/sameer.shaik/.m2/repository/org/eclipse/jetty/jetty-webapp/9.4.48.v20220622/jetty-webapp-9.4.48.v20220622.jar!/org/eclipse/jetty/webapp/webdefault.xml,STOPPED}, jsp=jsp==org.eclipse.jetty.servlet.NoJspServlet@19c47{jsp=null,order=0,inst=false,async=false,src=DESCRIPTOR:jar:file:/Users/sameer.shaik/.m2/repository/org/eclipse/jetty/jetty-webapp/9.4.48.v20220622/jetty-webapp-9.4.48.v20220622.jar!/org/eclipse/jetty/webapp/webdefault.xml,STOPPED}, Stapler=Stapler==org.kohsuke.stapler.Stapler@f222d1a9{jsp=null,order=-1,inst=false,async=true,src=DESCRIPTOR:file:///Users/sameer.shaik/MyWorkSpace/17OctV2.2.3-New-BitBucketIssueFixed/conjur-credentials-plugin/target/jenkins-for-test/WEB-INF/web.xml,STOPPED}}
18:14:35.598 [Executing testNonAdminWithoutCredentialsView(org.conjur.jenkins.credentials.ConjurCredentialStoreTest)] DEBUG org.eclipse.jetty.server.handler.AbstractHandler -- starting ServletHandler@4c3c57d0{STARTING}
18:14:35.598 [Executing testNonAdminWithoutCredentialsView(org.conjur.jenkins.credentials.ConjurCredentialStoreTest)] DEBUG org.eclipse.jetty.util.component.AbstractLifeCycle -- STARTED @2702ms ServletHandler@4c3c57d0{STARTED}
18:14:35.598 [Executing testNonAdminWithoutCredentialsView(org.conjur.jenkins.credentials.ConjurCredentialStoreTest)] DEBUG org.eclipse.jetty.util.component.AbstractLifeCycle -- starting HashLoginService@22c77635[default]
18:14:35.598 [Executing testNonAdminWithoutCredentialsView(org.conjur.jenkins.credentials.ConjurCredentialStoreTest)] DEBUG org.eclipse.jetty.util.component.AbstractLifeCycle -- starting UserStore@4e61cb5f{STOPPED}
18:14:35.598 [Executing testNonAdminWithoutCredentialsView(org.conjur.jenkins.credentials.ConjurCredentialStoreTest)] DEBUG org.eclipse.jetty.util.component.AbstractLifeCycle -- STARTED @2702ms UserStore@4e61cb5f{STARTED}
18:14:35.599 [Executing testNonAdminWithoutCredentialsView(org.conjur.jenkins.credentials.ConjurCredentialStoreTest)] DEBUG org.eclipse.jetty.util.component.AbstractLifeCycle -- STARTED @2703ms HashLoginService@22c77635[default]
18:14:35.599 [Executing testNonAdminWithoutCredentialsView(org.conjur.jenkins.credentials.ConjurCredentialStoreTest)] DEBUG org.eclipse.jetty.util.component.AbstractLifeCycle -- STARTED @2703ms ConstraintSecurityHandler@265b6412{STARTED}
18:14:35.599 [Executing testNonAdminWithoutCredentialsView(org.conjur.jenkins.credentials.ConjurCredentialStoreTest)] DEBUG org.eclipse.jetty.util.component.AbstractLifeCycle -- starting org.eclipse.jetty.server.session.DefaultSessionCache@46236c75[evict=-1,removeUnloadable=false,saveOnCreate=false,saveOnInactiveEvict=false]
18:14:35.599 [Executing testNonAdminWithoutCredentialsView(org.conjur.jenkins.credentials.ConjurCredentialStoreTest)] DEBUG org.eclipse.jetty.util.component.AbstractLifeCycle -- starting org.eclipse.jetty.server.session.NullSessionDataStore@3a633070[passivating=false,graceSec=3600]
18:14:35.599 [Executing testNonAdminWithoutCredentialsView(org.conjur.jenkins.credentials.ConjurCredentialStoreTest)] DEBUG org.eclipse.jetty.util.component.AbstractLifeCycle -- STARTED @2703ms org.eclipse.jetty.server.session.NullSessionDataStore@3a633070[passivating=false,graceSec=3600]
18:14:35.599 [Executing testNonAdminWithoutCredentialsView(org.conjur.jenkins.credentials.ConjurCredentialStoreTest)] DEBUG org.eclipse.jetty.util.component.AbstractLifeCycle -- STARTED @2703ms org.eclipse.jetty.server.session.DefaultSessionCache@46236c75[evict=-1,removeUnloadable=false,saveOnCreate=false,saveOnInactiveEvict=false]
18:14:35.599 [Executing testNonAdminWithoutCredentialsView(org.conjur.jenkins.credentials.ConjurCredentialStoreTest)] DEBUG org.eclipse.jetty.util.component.AbstractLifeCycle -- STARTED @2703ms org.eclipse.jetty.server.session.SessionHandler1844681076==dftMaxIdleSec=1800
18:14:35.600 [Executing testNonAdminWithoutCredentialsView(org.conjur.jenkins.credentials.ConjurCredentialStoreTest)] DEBUG org.eclipse.jetty.util.component.AbstractLifeCycle -- starting ErrorPageErrorHandler@51791eb9{STOPPED}
18:14:35.600 [Executing testNonAdminWithoutCredentialsView(org.conjur.jenkins.credentials.ConjurCredentialStoreTest)] DEBUG org.eclipse.jetty.server.handler.AbstractHandler -- starting ErrorPageErrorHandler@51791eb9{STARTING}
18:14:35.600 [Executing testNonAdminWithoutCredentialsView(org.conjur.jenkins.credentials.ConjurCredentialStoreTest)] DEBUG org.eclipse.jetty.util.component.AbstractLifeCycle -- STARTED @2704ms ErrorPageErrorHandler@51791eb9{STARTED}
18:14:35.600 [Executing testNonAdminWithoutCredentialsView(org.conjur.jenkins.credentials.ConjurCredentialStoreTest)] DEBUG org.eclipse.jetty.util.component.AbstractLifeCycle -- starting NoListenerConfiguration@54561850{STOPPED}
18:14:35.600 [Executing testNonAdminWithoutCredentialsView(org.conjur.jenkins.credentials.ConjurCredentialStoreTest)] DEBUG org.eclipse.jetty.util.component.AbstractLifeCycle -- STARTED @2704ms NoListenerConfiguration@54561850{STARTED}
18:14:35.601 [Executing testNonAdminWithoutCredentialsView(org.conjur.jenkins.credentials.ConjurCredentialStoreTest)] DEBUG org.eclipse.jetty.server.handler.ContextHandler -- contextInitialized: javax.servlet.ServletContextEvent[source=ServletContext@o.e.j.w.WebAppContext@dcea842{Jenkins v2.346.3,/jenkins,file:///Users/sameer.shaik/MyWorkSpace/17OctV2.2.3-New-BitBucketIssueFixed/conjur-credentials-plugin/target/jenkins-for-test/,STARTING}{/Users/sameer.shaik/MyWorkSpace/17OctV2.2.3-New-BitBucketIssueFixed/conjur-credentials-plugin/target/jenkins-for-test}]->org.eclipse.jetty.servlet.listener.ELContextCleaner@a436f69
18:14:35.601 [Executing testNonAdminWithoutCredentialsView(org.conjur.jenkins.credentials.ConjurCredentialStoreTest)] DEBUG org.eclipse.jetty.server.handler.ContextHandler -- contextInitialized: javax.servlet.ServletContextEvent[source=ServletContext@o.e.j.w.WebAppContext@dcea842{Jenkins v2.346.3,/jenkins,file:///Users/sameer.shaik/MyWorkSpace/17OctV2.2.3-New-BitBucketIssueFixed/conjur-credentials-plugin/target/jenkins-for-test/,STARTING}{/Users/sameer.shaik/MyWorkSpace/17OctV2.2.3-New-BitBucketIssueFixed/conjur-credentials-plugin/target/jenkins-for-test}]->org.eclipse.jetty.servlet.listener.IntrospectorCleaner@2beefc94
18:14:35.602 [Executing testNonAdminWithoutCredentialsView(org.conjur.jenkins.credentials.ConjurCredentialStoreTest)] DEBUG org.eclipse.jetty.server.handler.ContextHandler -- contextInitialized: javax.servlet.ServletContextEvent[source=ServletContext@o.e.j.w.WebAppContext@dcea842{Jenkins v2.346.3,/jenkins,file:///Users/sameer.shaik/MyWorkSpace/17OctV2.2.3-New-BitBucketIssueFixed/conjur-credentials-plugin/target/jenkins-for-test/,STARTING}{/Users/sameer.shaik/MyWorkSpace/17OctV2.2.3-New-BitBucketIssueFixed/conjur-credentials-plugin/target/jenkins-for-test}]->jenkins.util.SystemProperties$Listener@5b71a694
18:14:35.603 [Executing testNonAdminWithoutCredentialsView(org.conjur.jenkins.credentials.ConjurCredentialStoreTest)] DEBUG org.eclipse.jetty.util.component.AbstractLifeCycle -- starting suspicious-request-filter==jenkins.security.SuspiciousRequestFilter@1d6e7aa{inst=false,async=true,src=DESCRIPTOR:file:///Users/sameer.shaik/MyWorkSpace/17OctV2.2.3-New-BitBucketIssueFixed/conjur-credentials-plugin/target/jenkins-for-test/WEB-INF/web.xml}
18:14:35.603 [Executing testNonAdminWithoutCredentialsView(org.conjur.jenkins.credentials.ConjurCredentialStoreTest)] DEBUG org.eclipse.jetty.servlet.BaseHolder -- Holding class jenkins.security.SuspiciousRequestFilter from jdk.internal.loader.ClassLoaders$AppClassLoader@5ffd2b27
18:14:35.603 [Executing testNonAdminWithoutCredentialsView(org.conjur.jenkins.credentials.ConjurCredentialStoreTest)] DEBUG org.eclipse.jetty.util.component.AbstractLifeCycle -- STARTED @2707ms suspicious-request-filter==jenkins.security.SuspiciousRequestFilter@1d6e7aa{inst=false,async=true,src=DESCRIPTOR:file:///Users/sameer.shaik/MyWorkSpace/17OctV2.2.3-New-BitBucketIssueFixed/conjur-credentials-plugin/target/jenkins-for-test/WEB-INF/web.xml}
18:14:35.605 [Executing testNonAdminWithoutCredentialsView(org.conjur.jenkins.credentials.ConjurCredentialStoreTest)] DEBUG org.eclipse.jetty.servlet.FilterHolder -- Filter.init jenkins.security.SuspiciousRequestFilter@503691d
18:14:35.605 [Executing testNonAdminWithoutCredentialsView(org.conjur.jenkins.credentials.ConjurCredentialStoreTest)] DEBUG org.eclipse.jetty.util.component.AbstractLifeCycle -- starting diagnostic-name-filter==org.kohsuke.stapler.DiagnosticThreadNameFilter@1ee98cfb{inst=false,async=true,src=DESCRIPTOR:file:///Users/sameer.shaik/MyWorkSpace/17OctV2.2.3-New-BitBucketIssueFixed/conjur-credentials-plugin/target/jenkins-for-test/WEB-INF/web.xml}
18:14:35.605 [Executing testNonAdminWithoutCredentialsView(org.conjur.jenkins.credentials.ConjurCredentialStoreTest)] DEBUG org.eclipse.jetty.servlet.BaseHolder -- Holding class org.kohsuke.stapler.DiagnosticThreadNameFilter from jdk.internal.loader.ClassLoaders$AppClassLoader@5ffd2b27
18:14:35.606 [Executing testNonAdminWithoutCredentialsView(org.conjur.jenkins.credentials.ConjurCredentialStoreTest)] DEBUG org.eclipse.jetty.util.component.AbstractLifeCycle -- STARTED @2710ms diagnostic-name-filter==org.kohsuke.stapler.DiagnosticThreadNameFilter@1ee98cfb{inst=false,async=true,src=DESCRIPTOR:file:///Users/sameer.shaik/MyWorkSpace/17OctV2.2.3-New-BitBucketIssueFixed/conjur-credentials-plugin/target/jenkins-for-test/WEB-INF/web.xml}
18:14:35.606 [Executing testNonAdminWithoutCredentialsView(org.conjur.jenkins.credentials.ConjurCredentialStoreTest)] DEBUG org.eclipse.jetty.servlet.FilterHolder -- Filter.init org.kohsuke.stapler.DiagnosticThreadNameFilter@bcb8f84
18:14:35.606 [Executing testNonAdminWithoutCredentialsView(org.conjur.jenkins.credentials.ConjurCredentialStoreTest)] DEBUG org.eclipse.jetty.util.component.AbstractLifeCycle -- starting encoding-filter==hudson.util.CharacterEncodingFilter@4bf3a662{inst=false,async=true,src=DESCRIPTOR:file:///Users/sameer.shaik/MyWorkSpace/17OctV2.2.3-New-BitBucketIssueFixed/conjur-credentials-plugin/target/jenkins-for-test/WEB-INF/web.xml}
18:14:35.606 [Executing testNonAdminWithoutCredentialsView(org.conjur.jenkins.credentials.ConjurCredentialStoreTest)] DEBUG org.eclipse.jetty.servlet.BaseHolder -- Holding class hudson.util.CharacterEncodingFilter from jdk.internal.loader.ClassLoaders$AppClassLoader@5ffd2b27
18:14:35.606 [Executing testNonAdminWithoutCredentialsView(org.conjur.jenkins.credentials.ConjurCredentialStoreTest)] DEBUG org.eclipse.jetty.util.component.AbstractLifeCycle -- STARTED @2710ms encoding-filter==hudson.util.CharacterEncodingFilter@4bf3a662{inst=false,async=true,src=DESCRIPTOR:file:///Users/sameer.shaik/MyWorkSpace/17OctV2.2.3-New-BitBucketIssueFixed/conjur-credentials-plugin/target/jenkins-for-test/WEB-INF/web.xml}
18:14:35.606 [Executing testNonAdminWithoutCredentialsView(org.conjur.jenkins.credentials.ConjurCredentialStoreTest)] DEBUG org.eclipse.jetty.servlet.FilterHolder -- Filter.init hudson.util.CharacterEncodingFilter@6133025b
18:14:35.607 [Executing testNonAdminWithoutCredentialsView(org.conjur.jenkins.credentials.ConjurCredentialStoreTest)] DEBUG org.eclipse.jetty.util.component.AbstractLifeCycle -- starting compression-filter==org.kohsuke.stapler.compression.CompressionFilter@27ea1ac7{inst=false,async=true,src=DESCRIPTOR:file:///Users/sameer.shaik/MyWorkSpace/17OctV2.2.3-New-BitBucketIssueFixed/conjur-credentials-plugin/target/jenkins-for-test/WEB-INF/web.xml}
18:14:35.607 [Executing testNonAdminWithoutCredentialsView(org.conjur.jenkins.credentials.ConjurCredentialStoreTest)] DEBUG org.eclipse.jetty.servlet.BaseHolder -- Holding class org.kohsuke.stapler.compression.CompressionFilter from jdk.internal.loader.ClassLoaders$AppClassLoader@5ffd2b27
18:14:35.607 [Executing testNonAdminWithoutCredentialsView(org.conjur.jenkins.credentials.ConjurCredentialStoreTest)] DEBUG org.eclipse.jetty.util.component.AbstractLifeCycle -- STARTED @2711ms compression-filter==org.kohsuke.stapler.compression.CompressionFilter@27ea1ac7{inst=false,async=true,src=DESCRIPTOR:file:///Users/sameer.shaik/MyWorkSpace/17OctV2.2.3-New-BitBucketIssueFixed/conjur-credentials-plugin/target/jenkins-for-test/WEB-INF/web.xml}
18:14:35.607 [Executing testNonAdminWithoutCredentialsView(org.conjur.jenkins.credentials.ConjurCredentialStoreTest)] DEBUG org.eclipse.jetty.servlet.FilterHolder -- Filter.init org.kohsuke.stapler.compression.CompressionFilter@3e864f4e
18:14:35.607 [Executing testNonAdminWithoutCredentialsView(org.conjur.jenkins.credentials.ConjurCredentialStoreTest)] DEBUG org.eclipse.jetty.util.component.AbstractLifeCycle -- starting authentication-filter==hudson.security.HudsonFilter@11374227{inst=false,async=true,src=DESCRIPTOR:file:///Users/sameer.shaik/MyWorkSpace/17OctV2.2.3-New-BitBucketIssueFixed/conjur-credentials-plugin/target/jenkins-for-test/WEB-INF/web.xml}
18:14:35.608 [Executing testNonAdminWithoutCredentialsView(org.conjur.jenkins.credentials.ConjurCredentialStoreTest)] DEBUG org.eclipse.jetty.servlet.BaseHolder -- Holding class hudson.security.HudsonFilter from jdk.internal.loader.ClassLoaders$AppClassLoader@5ffd2b27
18:14:35.609 [Executing testNonAdminWithoutCredentialsView(org.conjur.jenkins.credentials.ConjurCredentialStoreTest)] DEBUG org.eclipse.jetty.util.component.AbstractLifeCycle -- STARTED @2713ms authentication-filter==hudson.security.HudsonFilter@11374227{inst=false,async=true,src=DESCRIPTOR:file:///Users/sameer.shaik/MyWorkSpace/17OctV2.2.3-New-BitBucketIssueFixed/conjur-credentials-plugin/target/jenkins-for-test/WEB-INF/web.xml}
18:14:35.610 [Executing testNonAdminWithoutCredentialsView(org.conjur.jenkins.credentials.ConjurCredentialStoreTest)] DEBUG org.eclipse.jetty.servlet.FilterHolder -- Filter.init hudson.security.HudsonFilter@4d4c4781
18:14:35.610 [Executing testNonAdminWithoutCredentialsView(org.conjur.jenkins.credentials.ConjurCredentialStoreTest)] DEBUG org.eclipse.jetty.util.component.AbstractLifeCycle -- starting csrf-filter==hudson.security.csrf.CrumbFilter@436b9aae{inst=false,async=true,src=DESCRIPTOR:file:///Users/sameer.shaik/MyWorkSpace/17OctV2.2.3-New-BitBucketIssueFixed/conjur-credentials-plugin/target/jenkins-for-test/WEB-INF/web.xml}
18:14:35.611 [Executing testNonAdminWithoutCredentialsView(org.conjur.jenkins.credentials.ConjurCredentialStoreTest)] DEBUG org.eclipse.jetty.servlet.BaseHolder -- Holding class hudson.security.csrf.CrumbFilter from jdk.internal.loader.ClassLoaders$AppClassLoader@5ffd2b27
18:14:35.611 [Executing testNonAdminWithoutCredentialsView(org.conjur.jenkins.credentials.ConjurCredentialStoreTest)] DEBUG org.eclipse.jetty.util.component.AbstractLifeCycle -- STARTED @2715ms csrf-filter==hudson.security.csrf.CrumbFilter@436b9aae{inst=false,async=true,src=DESCRIPTOR:file:///Users/sameer.shaik/MyWorkSpace/17OctV2.2.3-New-BitBucketIssueFixed/conjur-credentials-plugin/target/jenkins-for-test/WEB-INF/web.xml}
18:14:35.611 [Executing testNonAdminWithoutCredentialsView(org.conjur.jenkins.credentials.ConjurCredentialStoreTest)] DEBUG org.eclipse.jetty.servlet.FilterHolder -- Filter.init hudson.security.csrf.CrumbFilter@79f5e4a6
18:14:35.611 [Executing testNonAdminWithoutCredentialsView(org.conjur.jenkins.credentials.ConjurCredentialStoreTest)] DEBUG org.eclipse.jetty.util.component.AbstractLifeCycle -- starting plugins-filter==hudson.util.PluginServletFilter@157df417{inst=false,async=true,src=DESCRIPTOR:file:///Users/sameer.shaik/MyWorkSpace/17OctV2.2.3-New-BitBucketIssueFixed/conjur-credentials-plugin/target/jenkins-for-test/WEB-INF/web.xml}
18:14:35.612 [Executing testNonAdminWithoutCredentialsView(org.conjur.jenkins.credentials.ConjurCredentialStoreTest)] DEBUG org.eclipse.jetty.servlet.BaseHolder -- Holding class hudson.util.PluginServletFilter from jdk.internal.loader.ClassLoaders$AppClassLoader@5ffd2b27
18:14:35.612 [Executing testNonAdminWithoutCredentialsView(org.conjur.jenkins.credentials.ConjurCredentialStoreTest)] DEBUG org.eclipse.jetty.util.component.AbstractLifeCycle -- STARTED @2716ms plugins-filter==hudson.util.PluginServletFilter@157df417{inst=false,async=true,src=DESCRIPTOR:file:///Users/sameer.shaik/MyWorkSpace/17OctV2.2.3-New-BitBucketIssueFixed/conjur-credentials-plugin/target/jenkins-for-test/WEB-INF/web.xml}
18:14:35.612 [Executing testNonAdminWithoutCredentialsView(org.conjur.jenkins.credentials.ConjurCredentialStoreTest)] DEBUG org.eclipse.jetty.servlet.FilterHolder -- Filter.init hudson.util.PluginServletFilter@4b31b279
18:14:35.612 [Executing testNonAdminWithoutCredentialsView(org.conjur.jenkins.credentials.ConjurCredentialStoreTest)] DEBUG org.eclipse.jetty.util.component.AbstractLifeCycle -- starting Stapler==org.kohsuke.stapler.Stapler@f222d1a9{jsp=null,order=-1,inst=false,async=true,src=DESCRIPTOR:file:///Users/sameer.shaik/MyWorkSpace/17OctV2.2.3-New-BitBucketIssueFixed/conjur-credentials-plugin/target/jenkins-for-test/WEB-INF/web.xml,STOPPED}
18:14:35.612 [Executing testNonAdminWithoutCredentialsView(org.conjur.jenkins.credentials.ConjurCredentialStoreTest)] DEBUG org.eclipse.jetty.servlet.BaseHolder -- Holding class org.kohsuke.stapler.Stapler from jdk.internal.loader.ClassLoaders$AppClassLoader@5ffd2b27
18:14:35.613 [Executing testNonAdminWithoutCredentialsView(org.conjur.jenkins.credentials.ConjurCredentialStoreTest)] DEBUG org.eclipse.jetty.util.component.AbstractLifeCycle -- STARTED @2717ms Stapler==org.kohsuke.stapler.Stapler@f222d1a9{jsp=null,order=-1,inst=false,async=true,src=DESCRIPTOR:file:///Users/sameer.shaik/MyWorkSpace/17OctV2.2.3-New-BitBucketIssueFixed/conjur-credentials-plugin/target/jenkins-for-test/WEB-INF/web.xml,STARTED}
18:14:35.614 [Executing testNonAdminWithoutCredentialsView(org.conjur.jenkins.credentials.ConjurCredentialStoreTest)] DEBUG org.eclipse.jetty.util.component.AbstractLifeCycle -- starting default==org.eclipse.jetty.servlet.DefaultServlet@5c13d641{jsp=null,order=0,inst=false,async=false,src=DESCRIPTOR:jar:file:/Users/sameer.shaik/.m2/repository/org/eclipse/jetty/jetty-webapp/9.4.48.v20220622/jetty-webapp-9.4.48.v20220622.jar!/org/eclipse/jetty/webapp/webdefault.xml,STOPPED}
18:14:35.614 [Executing testNonAdminWithoutCredentialsView(org.conjur.jenkins.credentials.ConjurCredentialStoreTest)] DEBUG org.eclipse.jetty.servlet.BaseHolder -- Holding class org.eclipse.jetty.servlet.DefaultServlet from jdk.internal.loader.ClassLoaders$AppClassLoader@5ffd2b27
18:14:35.615 [Executing testNonAdminWithoutCredentialsView(org.conjur.jenkins.credentials.ConjurCredentialStoreTest)] DEBUG org.eclipse.jetty.util.component.AbstractLifeCycle -- STARTED @2719ms default==org.eclipse.jetty.servlet.DefaultServlet@5c13d641{jsp=null,order=0,inst=false,async=false,src=DESCRIPTOR:jar:file:/Users/sameer.shaik/.m2/repository/org/eclipse/jetty/jetty-webapp/9.4.48.v20220622/jetty-webapp-9.4.48.v20220622.jar!/org/eclipse/jetty/webapp/webdefault.xml,STARTED}
18:14:35.621 [Executing testNonAdminWithoutCredentialsView(org.conjur.jenkins.credentials.ConjurCredentialStoreTest)] DEBUG org.eclipse.jetty.servlet.ServletHolder -- Servlet.init null for default
18:14:35.623 [Executing testNonAdminWithoutCredentialsView(org.conjur.jenkins.credentials.ConjurCredentialStoreTest)] DEBUG org.eclipse.jetty.servlet.DefaultServlet -- resource base = null
18:14:35.624 [Executing testNonAdminWithoutCredentialsView(org.conjur.jenkins.credentials.ConjurCredentialStoreTest)] DEBUG org.eclipse.jetty.util.component.AbstractLifeCycle -- starting jsp==org.eclipse.jetty.servlet.NoJspServlet@19c47{jsp=null,order=0,inst=false,async=false,src=DESCRIPTOR:jar:file:/Users/sameer.shaik/.m2/repository/org/eclipse/jetty/jetty-webapp/9.4.48.v20220622/jetty-webapp-9.4.48.v20220622.jar!/org/eclipse/jetty/webapp/webdefault.xml,STOPPED}
18:14:35.624 [Executing testNonAdminWithoutCredentialsView(org.conjur.jenkins.credentials.ConjurCredentialStoreTest)] DEBUG org.eclipse.jetty.servlet.BaseHolder -- Holding class org.eclipse.jetty.servlet.NoJspServlet from jdk.internal.loader.ClassLoaders$AppClassLoader@5ffd2b27
18:14:35.624 [Executing testNonAdminWithoutCredentialsView(org.conjur.jenkins.credentials.ConjurCredentialStoreTest)] DEBUG org.eclipse.jetty.util.component.AbstractLifeCycle -- STARTED @2728ms jsp==org.eclipse.jetty.servlet.NoJspServlet@19c47{jsp=null,order=0,inst=false,async=false,src=DESCRIPTOR:jar:file:/Users/sameer.shaik/.m2/repository/org/eclipse/jetty/jetty-webapp/9.4.48.v20220622/jetty-webapp-9.4.48.v20220622.jar!/org/eclipse/jetty/webapp/webdefault.xml,STARTED}
18:14:35.624 [Executing testNonAdminWithoutCredentialsView(org.conjur.jenkins.credentials.ConjurCredentialStoreTest)] DEBUG org.eclipse.jetty.servlet.ServletHolder -- Servlet.init null for jsp
18:14:35.624 [Executing testNonAdminWithoutCredentialsView(org.conjur.jenkins.credentials.ConjurCredentialStoreTest)] INFO org.eclipse.jetty.server.handler.ContextHandler -- Started o.e.j.w.WebAppContext@dcea842{Jenkins v2.346.3,/jenkins,file:///Users/sameer.shaik/MyWorkSpace/17OctV2.2.3-New-BitBucketIssueFixed/conjur-credentials-plugin/target/jenkins-for-test/,AVAILABLE}{/Users/sameer.shaik/MyWorkSpace/17OctV2.2.3-New-BitBucketIssueFixed/conjur-credentials-plugin/target/jenkins-for-test}
18:14:35.624 [Executing testNonAdminWithoutCredentialsView(org.conjur.jenkins.credentials.ConjurCredentialStoreTest)] DEBUG org.eclipse.jetty.webapp.WebAppContext -- postConfigure o.e.j.w.WebAppContext@dcea842{Jenkins v2.346.3,/jenkins,file:///Users/sameer.shaik/MyWorkSpace/17OctV2.2.3-New-BitBucketIssueFixed/conjur-credentials-plugin/target/jenkins-for-test/,AVAILABLE}{/Users/sameer.shaik/MyWorkSpace/17OctV2.2.3-New-BitBucketIssueFixed/conjur-credentials-plugin/target/jenkins-for-test} with org.eclipse.jetty.webapp.WebXmlConfiguration@249d366
18:14:35.624 [Executing testNonAdminWithoutCredentialsView(org.conjur.jenkins.credentials.ConjurCredentialStoreTest)] DEBUG org.eclipse.jetty.util.component.AbstractLifeCycle -- STARTED @2728ms o.e.j.w.WebAppContext@dcea842{Jenkins v2.346.3,/jenkins,file:///Users/sameer.shaik/MyWorkSpace/17OctV2.2.3-New-BitBucketIssueFixed/conjur-credentials-plugin/target/jenkins-for-test/,AVAILABLE}{/Users/sameer.shaik/MyWorkSpace/17OctV2.2.3-New-BitBucketIssueFixed/conjur-credentials-plugin/target/jenkins-for-test}
18:14:35.625 [Executing testNonAdminWithoutCredentialsView(org.conjur.jenkins.credentials.ConjurCredentialStoreTest)] DEBUG org.eclipse.jetty.util.component.AbstractLifeCycle -- starting ErrorHandler@7026d939{STOPPED}
18:14:35.625 [Executing testNonAdminWithoutCredentialsView(org.conjur.jenkins.credentials.ConjurCredentialStoreTest)] DEBUG org.eclipse.jetty.server.handler.AbstractHandler -- starting ErrorHandler@7026d939{STARTING}
18:14:35.625 [Executing testNonAdminWithoutCredentialsView(org.conjur.jenkins.credentials.ConjurCredentialStoreTest)] DEBUG org.eclipse.jetty.util.component.AbstractLifeCycle -- STARTED @2729ms ErrorHandler@7026d939{STARTED}
18:14:35.625 [Executing testNonAdminWithoutCredentialsView(org.conjur.jenkins.credentials.ConjurCredentialStoreTest)] DEBUG org.eclipse.jetty.util.component.AbstractLifeCycle -- starting ServerConnector@51e0138f{HTTP/1.1, (http/1.1)}{localhost:0}
18:14:35.652 [Executing testNonAdminWithoutCredentialsView(org.conjur.jenkins.credentials.ConjurCredentialStoreTest)] DEBUG org.eclipse.jetty.util.component.ContainerLifeCycle -- ServerConnector@51e0138f{HTTP/1.1, (http/1.1)}{localhost:51440} added {sun.nio.ch.ServerSocketChannelImpl[/127.0.0.1:51440],POJO}
18:14:35.654 [Executing testNonAdminWithoutCredentialsView(org.conjur.jenkins.credentials.ConjurCredentialStoreTest)] DEBUG org.eclipse.jetty.util.component.AbstractLifeCycle -- starting ScheduledExecutorScheduler@7766f2d0{STOPPED}
18:14:35.654 [Executing testNonAdminWithoutCredentialsView(org.conjur.jenkins.credentials.ConjurCredentialStoreTest)] DEBUG org.eclipse.jetty.util.component.AbstractLifeCycle -- STARTED @2758ms ScheduledExecutorScheduler@7766f2d0{STARTED}
18:14:35.654 [Executing testNonAdminWithoutCredentialsView(org.conjur.jenkins.credentials.ConjurCredentialStoreTest)] DEBUG org.eclipse.jetty.util.component.AbstractLifeCycle -- starting HttpConnectionFactory@6e855bf9[HTTP/1.1]
18:14:35.654 [Executing testNonAdminWithoutCredentialsView(org.conjur.jenkins.credentials.ConjurCredentialStoreTest)] DEBUG org.eclipse.jetty.util.component.AbstractLifeCycle -- STARTED @2758ms HttpConnectionFactory@6e855bf9[HTTP/1.1]
18:14:35.654 [Executing testNonAdminWithoutCredentialsView(org.conjur.jenkins.credentials.ConjurCredentialStoreTest)] DEBUG org.eclipse.jetty.util.component.AbstractLifeCycle -- starting SelectorManager@ServerConnector@51e0138f{HTTP/1.1, (http/1.1)}{localhost:51440}
18:14:35.657 [Executing testNonAdminWithoutCredentialsView(org.conjur.jenkins.credentials.ConjurCredentialStoreTest)] DEBUG org.eclipse.jetty.util.component.ContainerLifeCycle -- EatWhatYouKill@ccefca6/SelectorProducer@e8511de/IDLE/p=false/QueuedThreadPool[Jetty (JenkinsRule)]@1f101444{STARTED,8<=8<=200,i=8,r=-1,q=0}[ReservedThreadExecutor@7d5bea6c{reserved=0/16,pending=0}][pc=0,pic=0,pec=0,epc=0]@2024-10-22T18:14:35.657563+05:30 added {SelectorProducer@e8511de,POJO}
18:14:35.658 [Executing testNonAdminWithoutCredentialsView(org.conjur.jenkins.credentials.ConjurCredentialStoreTest)] DEBUG org.eclipse.jetty.util.component.ContainerLifeCycle -- EatWhatYouKill@ccefca6/SelectorProducer@e8511de/IDLE/p=false/QueuedThreadPool[Jetty (JenkinsRule)]@1f101444{STARTED,8<=8<=200,i=8,r=-1,q=0}[ReservedThreadExecutor@7d5bea6c{reserved=0/16,pending=0}][pc=0,pic=0,pec=0,epc=0]@2024-10-22T18:14:35.658166+05:30 added {QueuedThreadPool[Jetty (JenkinsRule)]@1f101444{STARTED,8<=8<=200,i=8,r=-1,q=0}[ReservedThreadExecutor@7d5bea6c{reserved=0/16,pending=0}],UNMANAGED}
18:14:35.658 [Executing testNonAdminWithoutCredentialsView(org.conjur.jenkins.credentials.ConjurCredentialStoreTest)] DEBUG org.eclipse.jetty.util.thread.strategy.EatWhatYouKill -- EatWhatYouKill@ccefca6/SelectorProducer@e8511de/IDLE/p=false/QueuedThreadPool[Jetty (JenkinsRule)]@1f101444{STARTED,8<=8<=200,i=8,r=-1,q=0}[ReservedThreadExecutor@7d5bea6c{reserved=0/16,pending=0}][pc=0,pic=0,pec=0,epc=0]@2024-10-22T18:14:35.658539+05:30 created
18:14:35.658 [Executing testNonAdminWithoutCredentialsView(org.conjur.jenkins.credentials.ConjurCredentialStoreTest)] DEBUG org.eclipse.jetty.util.component.ContainerLifeCycle -- ManagedSelector@230bd69b{STOPPED} id=0 keys=-1 selected=-1 updates=0 added {EatWhatYouKill@ccefca6/SelectorProducer@e8511de/IDLE/p=false/QueuedThreadPool[Jetty (JenkinsRule)]@1f101444{STARTED,8<=8<=200,i=8,r=-1,q=0}[ReservedThreadExecutor@7d5bea6c{reserved=0/16,pending=0}][pc=0,pic=0,pec=0,epc=0]@2024-10-22T18:14:35.658821+05:30,MANAGED}
18:14:35.659 [Executing testNonAdminWithoutCredentialsView(org.conjur.jenkins.credentials.ConjurCredentialStoreTest)] DEBUG org.eclipse.jetty.util.component.ContainerLifeCycle -- SelectorManager@ServerConnector@51e0138f{HTTP/1.1, (http/1.1)}{localhost:51440} added {ManagedSelector@230bd69b{STOPPED} id=0 keys=-1 selected=-1 updates=0,AUTO}
18:14:35.659 [Executing testNonAdminWithoutCredentialsView(org.conjur.jenkins.credentials.ConjurCredentialStoreTest)] DEBUG org.eclipse.jetty.util.component.ContainerLifeCycle -- EatWhatYouKill@22c999b7/SelectorProducer@59197a84/IDLE/p=false/QueuedThreadPool[Jetty (JenkinsRule)]@1f101444{STARTED,8<=8<=200,i=8,r=-1,q=0}[ReservedThreadExecutor@7d5bea6c{reserved=0/16,pending=0}][pc=0,pic=0,pec=0,epc=0]@2024-10-22T18:14:35.659188+05:30 added {SelectorProducer@59197a84,POJO}
18:14:35.659 [Executing testNonAdminWithoutCredentialsView(org.conjur.jenkins.credentials.ConjurCredentialStoreTest)] DEBUG org.eclipse.jetty.util.component.ContainerLifeCycle -- EatWhatYouKill@22c999b7/SelectorProducer@59197a84/IDLE/p=false/QueuedThreadPool[Jetty (JenkinsRule)]@1f101444{STARTED,8<=8<=200,i=8,r=-1,q=0}[ReservedThreadExecutor@7d5bea6c{reserved=0/16,pending=0}][pc=0,pic=0,pec=0,epc=0]@2024-10-22T18:14:35.659368+05:30 added {QueuedThreadPool[Jetty (JenkinsRule)]@1f101444{STARTED,8<=8<=200,i=8,r=-1,q=0}[ReservedThreadExecutor@7d5bea6c{reserved=0/16,pending=0}],UNMANAGED}
18:14:35.659 [Executing testNonAdminWithoutCredentialsView(org.conjur.jenkins.credentials.ConjurCredentialStoreTest)] DEBUG org.eclipse.jetty.util.thread.strategy.EatWhatYouKill -- EatWhatYouKill@22c999b7/SelectorProducer@59197a84/IDLE/p=false/QueuedThreadPool[Jetty (JenkinsRule)]@1f101444{STARTED,8<=8<=200,i=8,r=-1,q=0}[ReservedThreadExecutor@7d5bea6c{reserved=0/16,pending=0}][pc=0,pic=0,pec=0,epc=0]@2024-10-22T18:14:35.659665+05:30 created
18:14:35.660 [Executing testNonAdminWithoutCredentialsView(org.conjur.jenkins.credentials.ConjurCredentialStoreTest)] DEBUG org.eclipse.jetty.util.component.ContainerLifeCycle -- ManagedSelector@7fb48b98{STOPPED} id=1 keys=-1 selected=-1 updates=0 added {EatWhatYouKill@22c999b7/SelectorProducer@59197a84/IDLE/p=false/QueuedThreadPool[Jetty (JenkinsRule)]@1f101444{STARTED,8<=8<=200,i=8,r=-1,q=0}[ReservedThreadExecutor@7d5bea6c{reserved=0/16,pending=0}][pc=0,pic=0,pec=0,epc=0]@2024-10-22T18:14:35.659999+05:30,MANAGED}
18:14:35.660 [Executing testNonAdminWithoutCredentialsView(org.conjur.jenkins.credentials.ConjurCredentialStoreTest)] DEBUG org.eclipse.jetty.util.component.ContainerLifeCycle -- SelectorManager@ServerConnector@51e0138f{HTTP/1.1, (http/1.1)}{localhost:51440} added {ManagedSelector@7fb48b98{STOPPED} id=1 keys=-1 selected=-1 updates=0,AUTO}
18:14:35.660 [Executing testNonAdminWithoutCredentialsView(org.conjur.jenkins.credentials.ConjurCredentialStoreTest)] DEBUG org.eclipse.jetty.util.component.ContainerLifeCycle -- EatWhatYouKill@2f635fb/SelectorProducer@6c9c0033/IDLE/p=false/QueuedThreadPool[Jetty (JenkinsRule)]@1f101444{STARTED,8<=8<=200,i=8,r=-1,q=0}[ReservedThreadExecutor@7d5bea6c{reserved=0/16,pending=0}][pc=0,pic=0,pec=0,epc=0]@2024-10-22T18:14:35.660372+05:30 added {SelectorProducer@6c9c0033,POJO}
18:14:35.660 [Executing testNonAdminWithoutCredentialsView(org.conjur.jenkins.credentials.ConjurCredentialStoreTest)] DEBUG org.eclipse.jetty.util.component.ContainerLifeCycle -- EatWhatYouKill@2f635fb/SelectorProducer@6c9c0033/IDLE/p=false/QueuedThreadPool[Jetty (JenkinsRule)]@1f101444{STARTED,8<=8<=200,i=8,r=-1,q=0}[ReservedThreadExecutor@7d5bea6c{reserved=0/16,pending=0}][pc=0,pic=0,pec=0,epc=0]@2024-10-22T18:14:35.660536+05:30 added {QueuedThreadPool[Jetty (JenkinsRule)]@1f101444{STARTED,8<=8<=200,i=8,r=-1,q=0}[ReservedThreadExecutor@7d5bea6c{reserved=0/16,pending=0}],UNMANAGED}
18:14:35.660 [Executing testNonAdminWithoutCredentialsView(org.conjur.jenkins.credentials.ConjurCredentialStoreTest)] DEBUG org.eclipse.jetty.util.thread.strategy.EatWhatYouKill -- EatWhatYouKill@2f635fb/SelectorProducer@6c9c0033/IDLE/p=false/QueuedThreadPool[Jetty (JenkinsRule)]@1f101444{STARTED,8<=8<=200,i=8,r=-1,q=0}[ReservedThreadExecutor@7d5bea6c{reserved=0/16,pending=0}][pc=0,pic=0,pec=0,epc=0]@2024-10-22T18:14:35.660733+05:30 created
18:14:35.660 [Executing testNonAdminWithoutCredentialsView(org.conjur.jenkins.credentials.ConjurCredentialStoreTest)] DEBUG org.eclipse.jetty.util.component.ContainerLifeCycle -- ManagedSelector@7e438a7e{STOPPED} id=2 keys=-1 selected=-1 updates=0 added {EatWhatYouKill@2f635fb/SelectorProducer@6c9c0033/IDLE/p=false/QueuedThreadPool[Jetty (JenkinsRule)]@1f101444{STARTED,8<=8<=200,i=8,r=-1,q=0}[ReservedThreadExecutor@7d5bea6c{reserved=0/16,pending=0}][pc=0,pic=0,pec=0,epc=0]@2024-10-22T18:14:35.660965+05:30,MANAGED}
18:14:35.661 [Executing testNonAdminWithoutCredentialsView(org.conjur.jenkins.credentials.ConjurCredentialStoreTest)] DEBUG org.eclipse.jetty.util.component.ContainerLifeCycle -- SelectorManager@ServerConnector@51e0138f{HTTP/1.1, (http/1.1)}{localhost:51440} added {ManagedSelector@7e438a7e{STOPPED} id=2 keys=-1 selected=-1 updates=0,AUTO}
18:14:35.661 [Executing testNonAdminWithoutCredentialsView(org.conjur.jenkins.credentials.ConjurCredentialStoreTest)] DEBUG org.eclipse.jetty.util.component.ContainerLifeCycle -- EatWhatYouKill@25703665/SelectorProducer@161a86dd/IDLE/p=false/QueuedThreadPool[Jetty (JenkinsRule)]@1f101444{STARTED,8<=8<=200,i=8,r=-1,q=0}[ReservedThreadExecutor@7d5bea6c{reserved=0/16,pending=0}][pc=0,pic=0,pec=0,epc=0]@2024-10-22T18:14:35.661286+05:30 added {SelectorProducer@161a86dd,POJO}
18:14:35.661 [Executing testNonAdminWithoutCredentialsView(org.conjur.jenkins.credentials.ConjurCredentialStoreTest)] DEBUG org.eclipse.jetty.util.component.ContainerLifeCycle -- EatWhatYouKill@25703665/SelectorProducer@161a86dd/IDLE/p=false/QueuedThreadPool[Jetty (JenkinsRule)]@1f101444{STARTED,8<=8<=200,i=8,r=-1,q=0}[ReservedThreadExecutor@7d5bea6c{reserved=0/16,pending=0}][pc=0,pic=0,pec=0,epc=0]@2024-10-22T18:14:35.661465+05:30 added {QueuedThreadPool[Jetty (JenkinsRule)]@1f101444{STARTED,8<=8<=200,i=8,r=-1,q=0}[ReservedThreadExecutor@7d5bea6c{reserved=0/16,pending=0}],UNMANAGED}
18:14:35.661 [Executing testNonAdminWithoutCredentialsView(org.conjur.jenkins.credentials.ConjurCredentialStoreTest)] DEBUG org.eclipse.jetty.util.thread.strategy.EatWhatYouKill -- EatWhatYouKill@25703665/SelectorProducer@161a86dd/IDLE/p=false/QueuedThreadPool[Jetty (JenkinsRule)]@1f101444{STARTED,8<=8<=200,i=8,r=-1,q=0}[ReservedThreadExecutor@7d5bea6c{reserved=0/16,pending=0}][pc=0,pic=0,pec=0,epc=0]@2024-10-22T18:14:35.661671+05:30 created
18:14:35.661 [Executing testNonAdminWithoutCredentialsView(org.conjur.jenkins.credentials.ConjurCredentialStoreTest)] DEBUG org.eclipse.jetty.util.component.ContainerLifeCycle -- ManagedSelector@1a8b81b5{STOPPED} id=3 keys=-1 selected=-1 updates=0 added {EatWhatYouKill@25703665/SelectorProducer@161a86dd/IDLE/p=false/QueuedThreadPool[Jetty (JenkinsRule)]@1f101444{STARTED,8<=8<=200,i=8,r=-1,q=0}[ReservedThreadExecutor@7d5bea6c{reserved=0/16,pending=0}][pc=0,pic=0,pec=0,epc=0]@2024-10-22T18:14:35.661824+05:30,MANAGED}
18:14:35.661 [Executing testNonAdminWithoutCredentialsView(org.conjur.jenkins.credentials.ConjurCredentialStoreTest)] DEBUG org.eclipse.jetty.util.component.ContainerLifeCycle -- SelectorManager@ServerConnector@51e0138f{HTTP/1.1, (http/1.1)}{localhost:51440} added {ManagedSelector@1a8b81b5{STOPPED} id=3 keys=-1 selected=-1 updates=0,AUTO}
18:14:35.662 [Executing testNonAdminWithoutCredentialsView(org.conjur.jenkins.credentials.ConjurCredentialStoreTest)] DEBUG org.eclipse.jetty.util.component.ContainerLifeCycle -- EatWhatYouKill@7879e8e0/SelectorProducer@5c1e2a94/IDLE/p=false/QueuedThreadPool[Jetty (JenkinsRule)]@1f101444{STARTED,8<=8<=200,i=8,r=-1,q=0}[ReservedThreadExecutor@7d5bea6c{reserved=0/16,pending=0}][pc=0,pic=0,pec=0,epc=0]@2024-10-22T18:14:35.662088+05:30 added {SelectorProducer@5c1e2a94,POJO}
18:14:35.662 [Executing testNonAdminWithoutCredentialsView(org.conjur.jenkins.credentials.ConjurCredentialStoreTest)] DEBUG org.eclipse.jetty.util.component.ContainerLifeCycle -- EatWhatYouKill@7879e8e0/SelectorProducer@5c1e2a94/IDLE/p=false/QueuedThreadPool[Jetty (JenkinsRule)]@1f101444{STARTED,8<=8<=200,i=8,r=-1,q=0}[ReservedThreadExecutor@7d5bea6c{reserved=0/16,pending=0}][pc=0,pic=0,pec=0,epc=0]@2024-10-22T18:14:35.662367+05:30 added {QueuedThreadPool[Jetty (JenkinsRule)]@1f101444{STARTED,8<=8<=200,i=8,r=-1,q=0}[ReservedThreadExecutor@7d5bea6c{reserved=0/16,pending=0}],UNMANAGED}
18:14:35.662 [Executing testNonAdminWithoutCredentialsView(org.conjur.jenkins.credentials.ConjurCredentialStoreTest)] DEBUG org.eclipse.jetty.util.thread.strategy.EatWhatYouKill -- EatWhatYouKill@7879e8e0/SelectorProducer@5c1e2a94/IDLE/p=false/QueuedThreadPool[Jetty (JenkinsRule)]@1f101444{STARTED,8<=8<=200,i=8,r=-1,q=0}[ReservedThreadExecutor@7d5bea6c{reserved=0/16,pending=0}][pc=0,pic=0,pec=0,epc=0]@2024-10-22T18:14:35.662621+05:30 created
18:14:35.662 [Executing testNonAdminWithoutCredentialsView(org.conjur.jenkins.credentials.ConjurCredentialStoreTest)] DEBUG org.eclipse.jetty.util.component.ContainerLifeCycle -- ManagedSelector@1ef063a4{STOPPED} id=4 keys=-1 selected=-1 updates=0 added {EatWhatYouKill@7879e8e0/SelectorProducer@5c1e2a94/IDLE/p=false/QueuedThreadPool[Jetty (JenkinsRule)]@1f101444{STARTED,8<=8<=200,i=8,r=-1,q=0}[ReservedThreadExecutor@7d5bea6c{reserved=0/16,pending=0}][pc=0,pic=0,pec=0,epc=0]@2024-10-22T18:14:35.662823+05:30,MANAGED}
18:14:35.663 [Executing testNonAdminWithoutCredentialsView(org.conjur.jenkins.credentials.ConjurCredentialStoreTest)] DEBUG org.eclipse.jetty.util.component.ContainerLifeCycle -- SelectorManager@ServerConnector@51e0138f{HTTP/1.1, (http/1.1)}{localhost:51440} added {ManagedSelector@1ef063a4{STOPPED} id=4 keys=-1 selected=-1 updates=0,AUTO}
18:14:35.663 [Executing testNonAdminWithoutCredentialsView(org.conjur.jenkins.credentials.ConjurCredentialStoreTest)] DEBUG org.eclipse.jetty.util.component.ContainerLifeCycle -- EatWhatYouKill@5830dfe6/SelectorProducer@6f3912e8/IDLE/p=false/QueuedThreadPool[Jetty (JenkinsRule)]@1f101444{STARTED,8<=8<=200,i=8,r=-1,q=0}[ReservedThreadExecutor@7d5bea6c{reserved=0/16,pending=0}][pc=0,pic=0,pec=0,epc=0]@2024-10-22T18:14:35.663183+05:30 added {SelectorProducer@6f3912e8,POJO}
18:14:35.663 [Executing testNonAdminWithoutCredentialsView(org.conjur.jenkins.credentials.ConjurCredentialStoreTest)] DEBUG org.eclipse.jetty.util.component.ContainerLifeCycle -- EatWhatYouKill@5830dfe6/SelectorProducer@6f3912e8/IDLE/p=false/QueuedThreadPool[Jetty (JenkinsRule)]@1f101444{STARTED,8<=8<=200,i=8,r=-1,q=0}[ReservedThreadExecutor@7d5bea6c{reserved=0/16,pending=0}][pc=0,pic=0,pec=0,epc=0]@2024-10-22T18:14:35.663367+05:30 added {QueuedThreadPool[Jetty (JenkinsRule)]@1f101444{STARTED,8<=8<=200,i=8,r=-1,q=0}[ReservedThreadExecutor@7d5bea6c{reserved=0/16,pending=0}],UNMANAGED}
18:14:35.663 [Executing testNonAdminWithoutCredentialsView(org.conjur.jenkins.credentials.ConjurCredentialStoreTest)] DEBUG org.eclipse.jetty.util.thread.strategy.EatWhatYouKill -- EatWhatYouKill@5830dfe6/SelectorProducer@6f3912e8/IDLE/p=false/QueuedThreadPool[Jetty (JenkinsRule)]@1f101444{STARTED,8<=8<=200,i=8,r=-1,q=0}[ReservedThreadExecutor@7d5bea6c{reserved=0/16,pending=0}][pc=0,pic=0,pec=0,epc=0]@2024-10-22T18:14:35.663698+05:30 created
18:14:35.663 [Executing testNonAdminWithoutCredentialsView(org.conjur.jenkins.credentials.ConjurCredentialStoreTest)] DEBUG org.eclipse.jetty.util.component.ContainerLifeCycle -- ManagedSelector@42decf11{STOPPED} id=5 keys=-1 selected=-1 updates=0 added {EatWhatYouKill@5830dfe6/SelectorProducer@6f3912e8/IDLE/p=false/QueuedThreadPool[Jetty (JenkinsRule)]@1f101444{STARTED,8<=8<=200,i=8,r=-1,q=0}[ReservedThreadExecutor@7d5bea6c{reserved=0/16,pending=0}][pc=0,pic=0,pec=0,epc=0]@2024-10-22T18:14:35.663896+05:30,MANAGED}
18:14:35.664 [Executing testNonAdminWithoutCredentialsView(org.conjur.jenkins.credentials.ConjurCredentialStoreTest)] DEBUG org.eclipse.jetty.util.component.ContainerLifeCycle -- SelectorManager@ServerConnector@51e0138f{HTTP/1.1, (http/1.1)}{localhost:51440} added {ManagedSelector@42decf11{STOPPED} id=5 keys=-1 selected=-1 updates=0,AUTO}
18:14:35.664 [Executing testNonAdminWithoutCredentialsView(org.conjur.jenkins.credentials.ConjurCredentialStoreTest)] DEBUG org.eclipse.jetty.util.component.ContainerLifeCycle -- EatWhatYouKill@5f2e69ad/SelectorProducer@1bf4241/IDLE/p=false/QueuedThreadPool[Jetty (JenkinsRule)]@1f101444{STARTED,8<=8<=200,i=8,r=-1,q=0}[ReservedThreadExecutor@7d5bea6c{reserved=0/16,pending=0}][pc=0,pic=0,pec=0,epc=0]@2024-10-22T18:14:35.664269+05:30 added {SelectorProducer@1bf4241,POJO}
18:14:35.664 [Executing testNonAdminWithoutCredentialsView(org.conjur.jenkins.credentials.ConjurCredentialStoreTest)] DEBUG org.eclipse.jetty.util.component.ContainerLifeCycle -- EatWhatYouKill@5f2e69ad/SelectorProducer@1bf4241/IDLE/p=false/QueuedThreadPool[Jetty (JenkinsRule)]@1f101444{STARTED,8<=8<=200,i=8,r=-1,q=0}[ReservedThreadExecutor@7d5bea6c{reserved=0/16,pending=0}][pc=0,pic=0,pec=0,epc=0]@2024-10-22T18:14:35.664519+05:30 added {QueuedThreadPool[Jetty (JenkinsRule)]@1f101444{STARTED,8<=8<=200,i=8,r=-1,q=0}[ReservedThreadExecutor@7d5bea6c{reserved=0/16,pending=0}],UNMANAGED}
18:14:35.664 [Executing testNonAdminWithoutCredentialsView(org.conjur.jenkins.credentials.ConjurCredentialStoreTest)] DEBUG org.eclipse.jetty.util.thread.strategy.EatWhatYouKill -- EatWhatYouKill@5f2e69ad/SelectorProducer@1bf4241/IDLE/p=false/QueuedThreadPool[Jetty (JenkinsRule)]@1f101444{STARTED,8<=8<=200,i=8,r=-1,q=0}[ReservedThreadExecutor@7d5bea6c{reserved=0/16,pending=0}][pc=0,pic=0,pec=0,epc=0]@2024-10-22T18:14:35.664741+05:30 created
18:14:35.664 [Executing testNonAdminWithoutCredentialsView(org.conjur.jenkins.credentials.ConjurCredentialStoreTest)] DEBUG org.eclipse.jetty.util.component.ContainerLifeCycle -- ManagedSelector@2636becc{STOPPED} id=6 keys=-1 selected=-1 updates=0 added {EatWhatYouKill@5f2e69ad/SelectorProducer@1bf4241/IDLE/p=false/QueuedThreadPool[Jetty (JenkinsRule)]@1f101444{STARTED,8<=8<=200,i=8,r=-1,q=0}[ReservedThreadExecutor@7d5bea6c{reserved=0/16,pending=0}][pc=0,pic=0,pec=0,epc=0]@2024-10-22T18:14:35.664947+05:30,MANAGED}
18:14:35.665 [Executing testNonAdminWithoutCredentialsView(org.conjur.jenkins.credentials.ConjurCredentialStoreTest)] DEBUG org.eclipse.jetty.util.component.ContainerLifeCycle -- SelectorManager@ServerConnector@51e0138f{HTTP/1.1, (http/1.1)}{localhost:51440} added {ManagedSelector@2636becc{STOPPED} id=6 keys=-1 selected=-1 updates=0,AUTO}
18:14:35.665 [Executing testNonAdminWithoutCredentialsView(org.conjur.jenkins.credentials.ConjurCredentialStoreTest)] DEBUG org.eclipse.jetty.util.component.ContainerLifeCycle -- EatWhatYouKill@12245b5c/SelectorProducer@3e6b2bb4/IDLE/p=false/QueuedThreadPool[Jetty (JenkinsRule)]@1f101444{STARTED,8<=8<=200,i=8,r=-1,q=0}[ReservedThreadExecutor@7d5bea6c{reserved=0/16,pending=0}][pc=0,pic=0,pec=0,epc=0]@2024-10-22T18:14:35.665291+05:30 added {SelectorProducer@3e6b2bb4,POJO}
18:14:35.665 [Executing testNonAdminWithoutCredentialsView(org.conjur.jenkins.credentials.ConjurCredentialStoreTest)] DEBUG org.eclipse.jetty.util.component.ContainerLifeCycle -- EatWhatYouKill@12245b5c/SelectorProducer@3e6b2bb4/IDLE/p=false/QueuedThreadPool[Jetty (JenkinsRule)]@1f101444{STARTED,8<=8<=200,i=8,r=-1,q=0}[ReservedThreadExecutor@7d5bea6c{reserved=0/16,pending=0}][pc=0,pic=0,pec=0,epc=0]@2024-10-22T18:14:35.665408+05:30 added {QueuedThreadPool[Jetty (JenkinsRule)]@1f101444{STARTED,8<=8<=200,i=8,r=-1,q=0}[ReservedThreadExecutor@7d5bea6c{reserved=0/16,pending=0}],UNMANAGED}
18:14:35.665 [Executing testNonAdminWithoutCredentialsView(org.conjur.jenkins.credentials.ConjurCredentialStoreTest)] DEBUG org.eclipse.jetty.util.thread.strategy.EatWhatYouKill -- EatWhatYouKill@12245b5c/SelectorProducer@3e6b2bb4/IDLE/p=false/QueuedThreadPool[Jetty (JenkinsRule)]@1f101444{STARTED,8<=8<=200,i=8,r=-1,q=0}[ReservedThreadExecutor@7d5bea6c{reserved=0/16,pending=0}][pc=0,pic=0,pec=0,epc=0]@2024-10-22T18:14:35.665558+05:30 created
18:14:35.665 [Executing testNonAdminWithoutCredentialsView(org.conjur.jenkins.credentials.ConjurCredentialStoreTest)] DEBUG org.eclipse.jetty.util.component.ContainerLifeCycle -- ManagedSelector@453ddb72{STOPPED} id=7 keys=-1 selected=-1 updates=0 added {EatWhatYouKill@12245b5c/SelectorProducer@3e6b2bb4/IDLE/p=false/QueuedThreadPool[Jetty (JenkinsRule)]@1f101444{STARTED,8<=8<=200,i=8,r=-1,q=0}[ReservedThreadExecutor@7d5bea6c{reserved=0/16,pending=0}][pc=0,pic=0,pec=0,epc=0]@2024-10-22T18:14:35.665705+05:30,MANAGED}
18:14:35.665 [Executing testNonAdminWithoutCredentialsView(org.conjur.jenkins.credentials.ConjurCredentialStoreTest)] DEBUG org.eclipse.jetty.util.component.ContainerLifeCycle -- SelectorManager@ServerConnector@51e0138f{HTTP/1.1, (http/1.1)}{localhost:51440} added {ManagedSelector@453ddb72{STOPPED} id=7 keys=-1 selected=-1 updates=0,AUTO}
18:14:35.665 [Executing testNonAdminWithoutCredentialsView(org.conjur.jenkins.credentials.ConjurCredentialStoreTest)] DEBUG org.eclipse.jetty.util.component.AbstractLifeCycle -- starting ManagedSelector@230bd69b{STOPPED} id=0 keys=-1 selected=-1 updates=0
18:14:35.665 [Executing testNonAdminWithoutCredentialsView(org.conjur.jenkins.credentials.ConjurCredentialStoreTest)] DEBUG org.eclipse.jetty.util.component.AbstractLifeCycle -- starting EatWhatYouKill@ccefca6/SelectorProducer@e8511de/IDLE/p=false/QueuedThreadPool[Jetty (JenkinsRule)]@1f101444{STARTED,8<=8<=200,i=8,r=-1,q=0}[ReservedThreadExecutor@7d5bea6c{reserved=0/16,pending=0}][pc=0,pic=0,pec=0,epc=0]@2024-10-22T18:14:35.665963+05:30
18:14:35.666 [Executing testNonAdminWithoutCredentialsView(org.conjur.jenkins.credentials.ConjurCredentialStoreTest)] DEBUG org.eclipse.jetty.util.component.AbstractLifeCycle -- STARTED @2770ms EatWhatYouKill@ccefca6/SelectorProducer@e8511de/IDLE/p=false/QueuedThreadPool[Jetty (JenkinsRule)]@1f101444{STARTED,8<=8<=200,i=8,r=-1,q=0}[ReservedThreadExecutor@7d5bea6c{reserved=0/16,pending=0}][pc=0,pic=0,pec=0,epc=0]@2024-10-22T18:14:35.666069+05:30
18:14:35.669 [Executing testNonAdminWithoutCredentialsView(org.conjur.jenkins.credentials.ConjurCredentialStoreTest)] DEBUG org.eclipse.jetty.util.thread.QueuedThreadPool -- queue org.eclipse.jetty.io.ManagedSelector$$Lambda$424/0x00000001403801f8@6655d536 startThread=0
18:14:35.670 [Jetty (JenkinsRule)-30] DEBUG org.eclipse.jetty.util.thread.QueuedThreadPool -- run org.eclipse.jetty.io.ManagedSelector$$Lambda$424/0x00000001403801f8@6655d536 in QueuedThreadPool[Jetty (JenkinsRule)]@1f101444{STARTED,8<=8<=200,i=7,r=-1,q=0}[ReservedThreadExecutor@7d5bea6c{reserved=0/16,pending=0}]
18:14:35.670 [Jetty (JenkinsRule)-30] DEBUG org.eclipse.jetty.util.thread.strategy.EatWhatYouKill -- EatWhatYouKill@ccefca6/SelectorProducer@e8511de/IDLE/p=false/QueuedThreadPool[Jetty (JenkinsRule)]@1f101444{STARTED,8<=8<=200,i=7,r=-1,q=0}[ReservedThreadExecutor@7d5bea6c{reserved=0/16,pending=0}][pc=0,pic=0,pec=0,epc=0]@2024-10-22T18:14:35.670173+05:30 tryProduce false
18:14:35.670 [Executing testNonAdminWithoutCredentialsView(org.conjur.jenkins.credentials.ConjurCredentialStoreTest)] DEBUG org.eclipse.jetty.io.ManagedSelector -- Queued change lazy=false org.eclipse.jetty.io.ManagedSelector$Start@3d1736e on ManagedSelector@230bd69b{STARTING} id=0 keys=0 selected=0 updates=0
18:14:35.671 [Jetty (JenkinsRule)-30] DEBUG org.eclipse.jetty.io.ManagedSelector -- updateable 1
18:14:35.671 [Jetty (JenkinsRule)-30] DEBUG org.eclipse.jetty.io.ManagedSelector -- update org.eclipse.jetty.io.ManagedSelector$Start@3d1736e
18:14:35.671 [Jetty (JenkinsRule)-30] DEBUG org.eclipse.jetty.io.ManagedSelector -- updates 0
18:14:35.671 [Jetty (JenkinsRule)-30] DEBUG org.eclipse.jetty.io.ManagedSelector -- Selector sun.nio.ch.KQueueSelectorImpl@31a0795 waiting with 0 keys
18:14:35.671 [Executing testNonAdminWithoutCredentialsView(org.conjur.jenkins.credentials.ConjurCredentialStoreTest)] DEBUG org.eclipse.jetty.util.component.AbstractLifeCycle -- STARTED @2775ms ManagedSelector@230bd69b{STARTED} id=0 keys=0 selected=0 updates=0
18:14:35.671 [Executing testNonAdminWithoutCredentialsView(org.conjur.jenkins.credentials.ConjurCredentialStoreTest)] DEBUG org.eclipse.jetty.util.component.AbstractLifeCycle -- starting ManagedSelector@7fb48b98{STOPPED} id=1 keys=-1 selected=-1 updates=0
18:14:35.671 [Executing testNonAdminWithoutCredentialsView(org.conjur.jenkins.credentials.ConjurCredentialStoreTest)] DEBUG org.eclipse.jetty.util.component.AbstractLifeCycle -- starting EatWhatYouKill@22c999b7/SelectorProducer@59197a84/IDLE/p=false/QueuedThreadPool[Jetty (JenkinsRule)]@1f101444{STARTED,8<=8<=200,i=7,r=-1,q=0}[ReservedThreadExecutor@7d5bea6c{reserved=0/16,pending=0}][pc=0,pic=0,pec=0,epc=0]@2024-10-22T18:14:35.671891+05:30
18:14:35.672 [Executing testNonAdminWithoutCredentialsView(org.conjur.jenkins.credentials.ConjurCredentialStoreTest)] DEBUG org.eclipse.jetty.util.component.AbstractLifeCycle -- STARTED @2776ms EatWhatYouKill@22c999b7/SelectorProducer@59197a84/IDLE/p=false/QueuedThreadPool[Jetty (JenkinsRule)]@1f101444{STARTED,8<=8<=200,i=7,r=-1,q=0}[ReservedThreadExecutor@7d5bea6c{reserved=0/16,pending=0}][pc=0,pic=0,pec=0,epc=0]@2024-10-22T18:14:35.672048+05:30
18:14:35.672 [Executing testNonAdminWithoutCredentialsView(org.conjur.jenkins.credentials.ConjurCredentialStoreTest)] DEBUG org.eclipse.jetty.util.thread.QueuedThreadPool -- queue org.eclipse.jetty.io.ManagedSelector$$Lambda$424/0x00000001403801f8@60206427 startThread=0
18:14:35.672 [Executing testNonAdminWithoutCredentialsView(org.conjur.jenkins.credentials.ConjurCredentialStoreTest)] DEBUG org.eclipse.jetty.io.ManagedSelector -- Queued change lazy=false org.eclipse.jetty.io.ManagedSelector$Start@201768db on ManagedSelector@7fb48b98{STARTING} id=1 keys=0 selected=0 updates=0
18:14:35.672 [Jetty (JenkinsRule)-31] DEBUG org.eclipse.jetty.util.thread.QueuedThreadPool -- run org.eclipse.jetty.io.ManagedSelector$$Lambda$424/0x00000001403801f8@60206427 in QueuedThreadPool[Jetty (JenkinsRule)]@1f101444{STARTED,8<=8<=200,i=6,r=-1,q=0}[ReservedThreadExecutor@7d5bea6c{reserved=0/16,pending=0}]
18:14:35.672 [Jetty (JenkinsRule)-31] DEBUG org.eclipse.jetty.util.thread.strategy.EatWhatYouKill -- EatWhatYouKill@22c999b7/SelectorProducer@59197a84/IDLE/p=false/QueuedThreadPool[Jetty (JenkinsRule)]@1f101444{STARTED,8<=8<=200,i=6,r=-1,q=0}[ReservedThreadExecutor@7d5bea6c{reserved=0/16,pending=0}][pc=0,pic=0,pec=0,epc=0]@2024-10-22T18:14:35.672363+05:30 tryProduce false
18:14:35.672 [Jetty (JenkinsRule)-31] DEBUG org.eclipse.jetty.io.ManagedSelector -- updateable 1
18:14:35.672 [Jetty (JenkinsRule)-31] DEBUG org.eclipse.jetty.io.ManagedSelector -- update org.eclipse.jetty.io.ManagedSelector$Start@201768db
18:14:35.672 [Jetty (JenkinsRule)-31] DEBUG org.eclipse.jetty.io.ManagedSelector -- updates 0
18:14:35.672 [Jetty (JenkinsRule)-31] DEBUG org.eclipse.jetty.io.ManagedSelector -- Selector sun.nio.ch.KQueueSelectorImpl@6505513b waiting with 0 keys
18:14:35.672 [Executing testNonAdminWithoutCredentialsView(org.conjur.jenkins.credentials.ConjurCredentialStoreTest)] DEBUG org.eclipse.jetty.util.component.AbstractLifeCycle -- STARTED @2776ms ManagedSelector@7fb48b98{STARTED} id=1 keys=0 selected=0 updates=0
18:14:35.672 [Executing testNonAdminWithoutCredentialsView(org.conjur.jenkins.credentials.ConjurCredentialStoreTest)] DEBUG org.eclipse.jetty.util.component.AbstractLifeCycle -- starting ManagedSelector@7e438a7e{STOPPED} id=2 keys=-1 selected=-1 updates=0
18:14:35.672 [Executing testNonAdminWithoutCredentialsView(org.conjur.jenkins.credentials.ConjurCredentialStoreTest)] DEBUG org.eclipse.jetty.util.component.AbstractLifeCycle -- starting EatWhatYouKill@2f635fb/SelectorProducer@6c9c0033/IDLE/p=false/QueuedThreadPool[Jetty (JenkinsRule)]@1f101444{STARTED,8<=8<=200,i=6,r=-1,q=0}[ReservedThreadExecutor@7d5bea6c{reserved=0/16,pending=0}][pc=0,pic=0,pec=0,epc=0]@2024-10-22T18:14:35.672632+05:30
18:14:35.672 [Executing testNonAdminWithoutCredentialsView(org.conjur.jenkins.credentials.ConjurCredentialStoreTest)] DEBUG org.eclipse.jetty.util.component.AbstractLifeCycle -- STARTED @2776ms EatWhatYouKill@2f635fb/SelectorProducer@6c9c0033/IDLE/p=false/QueuedThreadPool[Jetty (JenkinsRule)]@1f101444{STARTED,8<=8<=200,i=6,r=-1,q=0}[ReservedThreadExecutor@7d5bea6c{reserved=0/16,pending=0}][pc=0,pic=0,pec=0,epc=0]@2024-10-22T18:14:35.672741+05:30
18:14:35.672 [Executing testNonAdminWithoutCredentialsView(org.conjur.jenkins.credentials.ConjurCredentialStoreTest)] DEBUG org.eclipse.jetty.util.thread.QueuedThreadPool -- queue org.eclipse.jetty.io.ManagedSelector$$Lambda$424/0x00000001403801f8@caa0079 startThread=0
18:14:35.672 [Jetty (JenkinsRule)-32] DEBUG org.eclipse.jetty.util.thread.QueuedThreadPool -- run org.eclipse.jetty.io.ManagedSelector$$Lambda$424/0x00000001403801f8@caa0079 in QueuedThreadPool[Jetty (JenkinsRule)]@1f101444{STARTED,8<=8<=200,i=5,r=-1,q=0}[ReservedThreadExecutor@7d5bea6c{reserved=0/16,pending=0}]
18:14:35.672 [Executing testNonAdminWithoutCredentialsView(org.conjur.jenkins.credentials.ConjurCredentialStoreTest)] DEBUG org.eclipse.jetty.io.ManagedSelector -- Queued change lazy=false org.eclipse.jetty.io.ManagedSelector$Start@4e85881 on ManagedSelector@7e438a7e{STARTING} id=2 keys=0 selected=0 updates=0
18:14:35.672 [Jetty (JenkinsRule)-32] DEBUG org.eclipse.jetty.util.thread.strategy.EatWhatYouKill -- EatWhatYouKill@2f635fb/SelectorProducer@6c9c0033/IDLE/p=false/QueuedThreadPool[Jetty (JenkinsRule)]@1f101444{STARTED,8<=8<=200,i=5,r=-1,q=0}[ReservedThreadExecutor@7d5bea6c{reserved=0/16,pending=0}][pc=0,pic=0,pec=0,epc=0]@2024-10-22T18:14:35.672949+05:30 tryProduce false
18:14:35.673 [Jetty (JenkinsRule)-32] DEBUG org.eclipse.jetty.io.ManagedSelector -- updateable 1
18:14:35.673 [Jetty (JenkinsRule)-32] DEBUG org.eclipse.jetty.io.ManagedSelector -- update org.eclipse.jetty.io.ManagedSelector$Start@4e85881
18:14:35.673 [Jetty (JenkinsRule)-32] DEBUG org.eclipse.jetty.io.ManagedSelector -- updates 0
18:14:35.673 [Jetty (JenkinsRule)-32] DEBUG org.eclipse.jetty.io.ManagedSelector -- Selector sun.nio.ch.KQueueSelectorImpl@732ac45b waiting with 0 keys
18:14:35.673 [Executing testNonAdminWithoutCredentialsView(org.conjur.jenkins.credentials.ConjurCredentialStoreTest)] DEBUG org.eclipse.jetty.util.component.AbstractLifeCycle -- STARTED @2777ms ManagedSelector@7e438a7e{STARTED} id=2 keys=0 selected=0 updates=0
18:14:35.673 [Executing testNonAdminWithoutCredentialsView(org.conjur.jenkins.credentials.ConjurCredentialStoreTest)] DEBUG org.eclipse.jetty.util.component.AbstractLifeCycle -- starting ManagedSelector@1a8b81b5{STOPPED} id=3 keys=-1 selected=-1 updates=0
18:14:35.673 [Executing testNonAdminWithoutCredentialsView(org.conjur.jenkins.credentials.ConjurCredentialStoreTest)] DEBUG org.eclipse.jetty.util.component.AbstractLifeCycle -- starting EatWhatYouKill@25703665/SelectorProducer@161a86dd/IDLE/p=false/QueuedThreadPool[Jetty (JenkinsRule)]@1f101444{STARTED,8<=8<=200,i=5,r=-1,q=0}[ReservedThreadExecutor@7d5bea6c{reserved=0/16,pending=0}][pc=0,pic=0,pec=0,epc=0]@2024-10-22T18:14:35.673205+05:30
18:14:35.673 [Executing testNonAdminWithoutCredentialsView(org.conjur.jenkins.credentials.ConjurCredentialStoreTest)] DEBUG org.eclipse.jetty.util.component.AbstractLifeCycle -- STARTED @2777ms EatWhatYouKill@25703665/SelectorProducer@161a86dd/IDLE/p=false/QueuedThreadPool[Jetty (JenkinsRule)]@1f101444{STARTED,8<=8<=200,i=5,r=-1,q=0}[ReservedThreadExecutor@7d5bea6c{reserved=0/16,pending=0}][pc=0,pic=0,pec=0,epc=0]@2024-10-22T18:14:35.673304+05:30
18:14:35.673 [Executing testNonAdminWithoutCredentialsView(org.conjur.jenkins.credentials.ConjurCredentialStoreTest)] DEBUG org.eclipse.jetty.util.thread.QueuedThreadPool -- queue org.eclipse.jetty.io.ManagedSelector$$Lambda$424/0x00000001403801f8@678a1567 startThread=0
18:14:35.673 [Jetty (JenkinsRule)-33] DEBUG org.eclipse.jetty.util.thread.QueuedThreadPool -- run org.eclipse.jetty.io.ManagedSelector$$Lambda$424/0x00000001403801f8@678a1567 in QueuedThreadPool[Jetty (JenkinsRule)]@1f101444{STARTED,8<=8<=200,i=4,r=-1,q=0}[ReservedThreadExecutor@7d5bea6c{reserved=0/16,pending=0}]
18:14:35.673 [Executing testNonAdminWithoutCredentialsView(org.conjur.jenkins.credentials.ConjurCredentialStoreTest)] DEBUG org.eclipse.jetty.io.ManagedSelector -- Queued change lazy=false org.eclipse.jetty.io.ManagedSelector$Start@7c40e8fd on ManagedSelector@1a8b81b5{STARTING} id=3 keys=0 selected=0 updates=0
18:14:35.673 [Jetty (JenkinsRule)-33] DEBUG org.eclipse.jetty.util.thread.strategy.EatWhatYouKill -- EatWhatYouKill@25703665/SelectorProducer@161a86dd/IDLE/p=false/QueuedThreadPool[Jetty (JenkinsRule)]@1f101444{STARTED,8<=8<=200,i=4,r=-1,q=0}[ReservedThreadExecutor@7d5bea6c{reserved=0/16,pending=0}][pc=0,pic=0,pec=0,epc=0]@2024-10-22T18:14:35.673527+05:30 tryProduce false
18:14:35.673 [Jetty (JenkinsRule)-33] DEBUG org.eclipse.jetty.io.ManagedSelector -- updateable 1
18:14:35.673 [Jetty (JenkinsRule)-33] DEBUG org.eclipse.jetty.io.ManagedSelector -- update org.eclipse.jetty.io.ManagedSelector$Start@7c40e8fd
18:14:35.673 [Jetty (JenkinsRule)-33] DEBUG org.eclipse.jetty.io.ManagedSelector -- updates 0
18:14:35.673 [Jetty (JenkinsRule)-33] DEBUG org.eclipse.jetty.io.ManagedSelector -- Selector sun.nio.ch.KQueueSelectorImpl@2cdfceaa waiting with 0 keys
18:14:35.673 [Executing testNonAdminWithoutCredentialsView(org.conjur.jenkins.credentials.ConjurCredentialStoreTest)] DEBUG org.eclipse.jetty.util.component.AbstractLifeCycle -- STARTED @2777ms ManagedSelector@1a8b81b5{STARTED} id=3 keys=0 selected=0 updates=0
18:14:35.673 [Executing testNonAdminWithoutCredentialsView(org.conjur.jenkins.credentials.ConjurCredentialStoreTest)] DEBUG org.eclipse.jetty.util.component.AbstractLifeCycle -- starting ManagedSelector@1ef063a4{STOPPED} id=4 keys=-1 selected=-1 updates=0
18:14:35.673 [Executing testNonAdminWithoutCredentialsView(org.conjur.jenkins.credentials.ConjurCredentialStoreTest)] DEBUG org.eclipse.jetty.util.component.AbstractLifeCycle -- starting EatWhatYouKill@7879e8e0/SelectorProducer@5c1e2a94/IDLE/p=false/QueuedThreadPool[Jetty (JenkinsRule)]@1f101444{STARTED,8<=8<=200,i=4,r=-1,q=0}[ReservedThreadExecutor@7d5bea6c{reserved=0/16,pending=0}][pc=0,pic=0,pec=0,epc=0]@2024-10-22T18:14:35.673802+05:30
18:14:35.673 [Executing testNonAdminWithoutCredentialsView(org.conjur.jenkins.credentials.ConjurCredentialStoreTest)] DEBUG org.eclipse.jetty.util.component.AbstractLifeCycle -- STARTED @2777ms EatWhatYouKill@7879e8e0/SelectorProducer@5c1e2a94/IDLE/p=false/QueuedThreadPool[Jetty (JenkinsRule)]@1f101444{STARTED,8<=8<=200,i=4,r=-1,q=0}[ReservedThreadExecutor@7d5bea6c{reserved=0/16,pending=0}][pc=0,pic=0,pec=0,epc=0]@2024-10-22T18:14:35.673911+05:30
18:14:35.673 [Executing testNonAdminWithoutCredentialsView(org.conjur.jenkins.credentials.ConjurCredentialStoreTest)] DEBUG org.eclipse.jetty.util.thread.QueuedThreadPool -- queue org.eclipse.jetty.io.ManagedSelector$$Lambda$424/0x00000001403801f8@203586c4 startThread=0
18:14:35.674 [Executing testNonAdminWithoutCredentialsView(org.conjur.jenkins.credentials.ConjurCredentialStoreTest)] DEBUG org.eclipse.jetty.io.ManagedSelector -- Queued change lazy=false org.eclipse.jetty.io.ManagedSelector$Start@66dfee13 on ManagedSelector@1ef063a4{STARTING} id=4 keys=0 selected=0 updates=0
18:14:35.674 [Jetty (JenkinsRule)-34] DEBUG org.eclipse.jetty.util.thread.QueuedThreadPool -- run org.eclipse.jetty.io.ManagedSelector$$Lambda$424/0x00000001403801f8@203586c4 in QueuedThreadPool[Jetty (JenkinsRule)]@1f101444{STARTED,8<=8<=200,i=3,r=-1,q=0}[ReservedThreadExecutor@7d5bea6c{reserved=0/16,pending=0}]
18:14:35.674 [Jetty (JenkinsRule)-34] DEBUG org.eclipse.jetty.util.thread.strategy.EatWhatYouKill -- EatWhatYouKill@7879e8e0/SelectorProducer@5c1e2a94/IDLE/p=false/QueuedThreadPool[Jetty (JenkinsRule)]@1f101444{STARTED,8<=8<=200,i=3,r=-1,q=0}[ReservedThreadExecutor@7d5bea6c{reserved=0/16,pending=0}][pc=0,pic=0,pec=0,epc=0]@2024-10-22T18:14:35.674201+05:30 tryProduce false
18:14:35.674 [Jetty (JenkinsRule)-34] DEBUG org.eclipse.jetty.io.ManagedSelector -- updateable 1
18:14:35.674 [Jetty (JenkinsRule)-34] DEBUG org.eclipse.jetty.io.ManagedSelector -- update org.eclipse.jetty.io.ManagedSelector$Start@66dfee13
18:14:35.674 [Jetty (JenkinsRule)-34] DEBUG org.eclipse.jetty.io.ManagedSelector -- updates 0
18:14:35.674 [Jetty (JenkinsRule)-34] DEBUG org.eclipse.jetty.io.ManagedSelector -- Selector sun.nio.ch.KQueueSelectorImpl@25dbf577 waiting with 0 keys
18:14:35.674 [Executing testNonAdminWithoutCredentialsView(org.conjur.jenkins.credentials.ConjurCredentialStoreTest)] DEBUG org.eclipse.jetty.util.component.AbstractLifeCycle -- STARTED @2778ms ManagedSelector@1ef063a4{STARTED} id=4 keys=0 selected=0 updates=0
18:14:35.674 [Executing testNonAdminWithoutCredentialsView(org.conjur.jenkins.credentials.ConjurCredentialStoreTest)] DEBUG org.eclipse.jetty.util.component.AbstractLifeCycle -- starting ManagedSelector@42decf11{STOPPED} id=5 keys=-1 selected=-1 updates=0
18:14:35.674 [Executing testNonAdminWithoutCredentialsView(org.conjur.jenkins.credentials.ConjurCredentialStoreTest)] DEBUG org.eclipse.jetty.util.component.AbstractLifeCycle -- starting EatWhatYouKill@5830dfe6/SelectorProducer@6f3912e8/IDLE/p=false/QueuedThreadPool[Jetty (JenkinsRule)]@1f101444{STARTED,8<=8<=200,i=3,r=-1,q=0}[ReservedThreadExecutor@7d5bea6c{reserved=0/16,pending=0}][pc=0,pic=0,pec=0,epc=0]@2024-10-22T18:14:35.674461+05:30
18:14:35.674 [Executing testNonAdminWithoutCredentialsView(org.conjur.jenkins.credentials.ConjurCredentialStoreTest)] DEBUG org.eclipse.jetty.util.component.AbstractLifeCycle -- STARTED @2778ms EatWhatYouKill@5830dfe6/SelectorProducer@6f3912e8/IDLE/p=false/QueuedThreadPool[Jetty (JenkinsRule)]@1f101444{STARTED,8<=8<=200,i=3,r=-1,q=0}[ReservedThreadExecutor@7d5bea6c{reserved=0/16,pending=0}][pc=0,pic=0,pec=0,epc=0]@2024-10-22T18:14:35.674567+05:30
18:14:35.674 [Executing testNonAdminWithoutCredentialsView(org.conjur.jenkins.credentials.ConjurCredentialStoreTest)] DEBUG org.eclipse.jetty.util.thread.QueuedThreadPool -- queue org.eclipse.jetty.io.ManagedSelector$$Lambda$424/0x00000001403801f8@5149ee82 startThread=0
18:14:35.674 [Executing testNonAdminWithoutCredentialsView(org.conjur.jenkins.credentials.ConjurCredentialStoreTest)] DEBUG org.eclipse.jetty.io.ManagedSelector -- Queued change lazy=false org.eclipse.jetty.io.ManagedSelector$Start@2a35f356 on ManagedSelector@42decf11{STARTING} id=5 keys=0 selected=0 updates=0
18:14:35.674 [Jetty (JenkinsRule)-35] DEBUG org.eclipse.jetty.util.thread.QueuedThreadPool -- run org.eclipse.jetty.io.ManagedSelector$$Lambda$424/0x00000001403801f8@5149ee82 in QueuedThreadPool[Jetty (JenkinsRule)]@1f101444{STARTED,8<=8<=200,i=2,r=-1,q=0}[ReservedThreadExecutor@7d5bea6c{reserved=0/16,pending=0}]
18:14:35.674 [Jetty (JenkinsRule)-35] DEBUG org.eclipse.jetty.util.thread.strategy.EatWhatYouKill -- EatWhatYouKill@5830dfe6/SelectorProducer@6f3912e8/IDLE/p=false/QueuedThreadPool[Jetty (JenkinsRule)]@1f101444{STARTED,8<=8<=200,i=2,r=-1,q=0}[ReservedThreadExecutor@7d5bea6c{reserved=0/16,pending=0}][pc=0,pic=0,pec=0,epc=0]@2024-10-22T18:14:35.674816+05:30 tryProduce false
18:14:35.674 [Jetty (JenkinsRule)-35] DEBUG org.eclipse.jetty.io.ManagedSelector -- updateable 1
18:14:35.674 [Jetty (JenkinsRule)-35] DEBUG org.eclipse.jetty.io.ManagedSelector -- update org.eclipse.jetty.io.ManagedSelector$Start@2a35f356
18:14:35.674 [Jetty (JenkinsRule)-35] DEBUG org.eclipse.jetty.io.ManagedSelector -- updates 0
18:14:35.674 [Jetty (JenkinsRule)-35] DEBUG org.eclipse.jetty.io.ManagedSelector -- Selector sun.nio.ch.KQueueSelectorImpl@1fed7393 waiting with 0 keys
18:14:35.674 [Executing testNonAdminWithoutCredentialsView(org.conjur.jenkins.credentials.ConjurCredentialStoreTest)] DEBUG org.eclipse.jetty.util.component.AbstractLifeCycle -- STARTED @2778ms ManagedSelector@42decf11{STARTED} id=5 keys=0 selected=0 updates=0
18:14:35.675 [Executing testNonAdminWithoutCredentialsView(org.conjur.jenkins.credentials.ConjurCredentialStoreTest)] DEBUG org.eclipse.jetty.util.component.AbstractLifeCycle -- starting ManagedSelector@2636becc{STOPPED} id=6 keys=-1 selected=-1 updates=0
18:14:35.675 [Executing testNonAdminWithoutCredentialsView(org.conjur.jenkins.credentials.ConjurCredentialStoreTest)] DEBUG org.eclipse.jetty.util.component.AbstractLifeCycle -- starting EatWhatYouKill@5f2e69ad/SelectorProducer@1bf4241/IDLE/p=false/QueuedThreadPool[Jetty (JenkinsRule)]@1f101444{STARTED,8<=8<=200,i=2,r=-1,q=0}[ReservedThreadExecutor@7d5bea6c{reserved=0/16,pending=0}][pc=0,pic=0,pec=0,epc=0]@2024-10-22T18:14:35.675141+05:30
18:14:35.675 [Executing testNonAdminWithoutCredentialsView(org.conjur.jenkins.credentials.ConjurCredentialStoreTest)] DEBUG org.eclipse.jetty.util.component.AbstractLifeCycle -- STARTED @2779ms EatWhatYouKill@5f2e69ad/SelectorProducer@1bf4241/IDLE/p=false/QueuedThreadPool[Jetty (JenkinsRule)]@1f101444{STARTED,8<=8<=200,i=2,r=-1,q=0}[ReservedThreadExecutor@7d5bea6c{reserved=0/16,pending=0}][pc=0,pic=0,pec=0,epc=0]@2024-10-22T18:14:35.675246+05:30
18:14:35.675 [Executing testNonAdminWithoutCredentialsView(org.conjur.jenkins.credentials.ConjurCredentialStoreTest)] DEBUG org.eclipse.jetty.util.thread.QueuedThreadPool -- queue org.eclipse.jetty.io.ManagedSelector$$Lambda$424/0x00000001403801f8@263a4372 startThread=0
18:14:35.675 [Executing testNonAdminWithoutCredentialsView(org.conjur.jenkins.credentials.ConjurCredentialStoreTest)] DEBUG org.eclipse.jetty.io.ManagedSelector -- Queued change lazy=false org.eclipse.jetty.io.ManagedSelector$Start@3f0c8ed0 on ManagedSelector@2636becc{STARTING} id=6 keys=0 selected=0 updates=0
18:14:35.675 [Jetty (JenkinsRule)-36] DEBUG org.eclipse.jetty.util.thread.QueuedThreadPool -- run org.eclipse.jetty.io.ManagedSelector$$Lambda$424/0x00000001403801f8@263a4372 in QueuedThreadPool[Jetty (JenkinsRule)]@1f101444{STARTED,8<=8<=200,i=1,r=-1,q=0}[ReservedThreadExecutor@7d5bea6c{reserved=0/16,pending=0}]
18:14:35.675 [Jetty (JenkinsRule)-36] DEBUG org.eclipse.jetty.util.thread.strategy.EatWhatYouKill -- EatWhatYouKill@5f2e69ad/SelectorProducer@1bf4241/IDLE/p=false/QueuedThreadPool[Jetty (JenkinsRule)]@1f101444{STARTED,8<=8<=200,i=1,r=-1,q=0}[ReservedThreadExecutor@7d5bea6c{reserved=0/16,pending=0}][pc=0,pic=0,pec=0,epc=0]@2024-10-22T18:14:35.67548+05:30 tryProduce false
18:14:35.675 [Jetty (JenkinsRule)-36] DEBUG org.eclipse.jetty.io.ManagedSelector -- updateable 1
18:14:35.675 [Jetty (JenkinsRule)-36] DEBUG org.eclipse.jetty.io.ManagedSelector -- update org.eclipse.jetty.io.ManagedSelector$Start@3f0c8ed0
18:14:35.675 [Jetty (JenkinsRule)-36] DEBUG org.eclipse.jetty.io.ManagedSelector -- updates 0
18:14:35.675 [Jetty (JenkinsRule)-36] DEBUG org.eclipse.jetty.io.ManagedSelector -- Selector sun.nio.ch.KQueueSelectorImpl@52ee669d waiting with 0 keys
18:14:35.675 [Executing testNonAdminWithoutCredentialsView(org.conjur.jenkins.credentials.ConjurCredentialStoreTest)] DEBUG org.eclipse.jetty.util.component.AbstractLifeCycle -- STARTED @2779ms ManagedSelector@2636becc{STARTED} id=6 keys=0 selected=0 updates=0
18:14:35.675 [Executing testNonAdminWithoutCredentialsView(org.conjur.jenkins.credentials.ConjurCredentialStoreTest)] DEBUG org.eclipse.jetty.util.component.AbstractLifeCycle -- starting ManagedSelector@453ddb72{STOPPED} id=7 keys=-1 selected=-1 updates=0
18:14:35.675 [Executing testNonAdminWithoutCredentialsView(org.conjur.jenkins.credentials.ConjurCredentialStoreTest)] DEBUG org.eclipse.jetty.util.component.AbstractLifeCycle -- starting EatWhatYouKill@12245b5c/SelectorProducer@3e6b2bb4/IDLE/p=false/QueuedThreadPool[Jetty (JenkinsRule)]@1f101444{STARTED,8<=8<=200,i=1,r=-1,q=0}[ReservedThreadExecutor@7d5bea6c{reserved=0/16,pending=0}][pc=0,pic=0,pec=0,epc=0]@2024-10-22T18:14:35.67571+05:30
18:14:35.675 [Executing testNonAdminWithoutCredentialsView(org.conjur.jenkins.credentials.ConjurCredentialStoreTest)] DEBUG org.eclipse.jetty.util.component.AbstractLifeCycle -- STARTED @2779ms EatWhatYouKill@12245b5c/SelectorProducer@3e6b2bb4/IDLE/p=false/QueuedThreadPool[Jetty (JenkinsRule)]@1f101444{STARTED,8<=8<=200,i=1,r=-1,q=0}[ReservedThreadExecutor@7d5bea6c{reserved=0/16,pending=0}][pc=0,pic=0,pec=0,epc=0]@2024-10-22T18:14:35.67582+05:30
18:14:35.675 [Executing testNonAdminWithoutCredentialsView(org.conjur.jenkins.credentials.ConjurCredentialStoreTest)] DEBUG org.eclipse.jetty.util.thread.QueuedThreadPool -- queue org.eclipse.jetty.io.ManagedSelector$$Lambda$424/0x00000001403801f8@21af4a4d startThread=0
18:14:35.675 [Executing testNonAdminWithoutCredentialsView(org.conjur.jenkins.credentials.ConjurCredentialStoreTest)] DEBUG org.eclipse.jetty.io.ManagedSelector -- Queued change lazy=false org.eclipse.jetty.io.ManagedSelector$Start@2405b26d on ManagedSelector@453ddb72{STARTING} id=7 keys=0 selected=0 updates=0
18:14:35.676 [Jetty (JenkinsRule)-37] DEBUG org.eclipse.jetty.util.thread.QueuedThreadPool -- run org.eclipse.jetty.io.ManagedSelector$$Lambda$424/0x00000001403801f8@21af4a4d in QueuedThreadPool[Jetty (JenkinsRule)]@1f101444{STARTED,8<=8<=200,i=0,r=-1,q=0}[ReservedThreadExecutor@7d5bea6c{reserved=0/16,pending=0}]
18:14:35.676 [Jetty (JenkinsRule)-37] DEBUG org.eclipse.jetty.util.thread.strategy.EatWhatYouKill -- EatWhatYouKill@12245b5c/SelectorProducer@3e6b2bb4/IDLE/p=false/QueuedThreadPool[Jetty (JenkinsRule)]@1f101444{STARTED,8<=8<=200,i=0,r=-1,q=0}[ReservedThreadExecutor@7d5bea6c{reserved=0/16,pending=0}][pc=0,pic=0,pec=0,epc=0]@2024-10-22T18:14:35.676096+05:30 tryProduce false
18:14:35.676 [Jetty (JenkinsRule)-37] DEBUG org.eclipse.jetty.io.ManagedSelector -- updateable 1
18:14:35.676 [Jetty (JenkinsRule)-37] DEBUG org.eclipse.jetty.io.ManagedSelector -- update org.eclipse.jetty.io.ManagedSelector$Start@2405b26d
18:14:35.676 [Jetty (JenkinsRule)-37] DEBUG org.eclipse.jetty.io.ManagedSelector -- updates 0
18:14:35.676 [Jetty (JenkinsRule)-37] DEBUG org.eclipse.jetty.io.ManagedSelector -- Selector sun.nio.ch.KQueueSelectorImpl@1d1981f6 waiting with 0 keys
18:14:35.676 [Executing testNonAdminWithoutCredentialsView(org.conjur.jenkins.credentials.ConjurCredentialStoreTest)] DEBUG org.eclipse.jetty.util.component.AbstractLifeCycle -- STARTED @2780ms ManagedSelector@453ddb72{STARTED} id=7 keys=0 selected=0 updates=0
18:14:35.676 [Executing testNonAdminWithoutCredentialsView(org.conjur.jenkins.credentials.ConjurCredentialStoreTest)] DEBUG org.eclipse.jetty.util.component.AbstractLifeCycle -- STARTED @2780ms SelectorManager@ServerConnector@51e0138f{HTTP/1.1, (http/1.1)}{localhost:51440}
18:14:35.676 [Executing testNonAdminWithoutCredentialsView(org.conjur.jenkins.credentials.ConjurCredentialStoreTest)] DEBUG org.eclipse.jetty.util.component.ContainerLifeCycle -- ServerConnector@51e0138f{HTTP/1.1, (http/1.1)}{localhost:51440} added {acceptor-0@5948b224,POJO}
18:14:35.676 [Executing testNonAdminWithoutCredentialsView(org.conjur.jenkins.credentials.ConjurCredentialStoreTest)] DEBUG org.eclipse.jetty.util.thread.QueuedThreadPool -- queue acceptor-0@5948b224 startThread=1
18:14:35.677 [Executing testNonAdminWithoutCredentialsView(org.conjur.jenkins.credentials.ConjurCredentialStoreTest)] DEBUG org.eclipse.jetty.util.thread.QueuedThreadPool -- Starting Thread[Jetty (JenkinsRule)-39,5,main]
18:14:35.677 [Executing testNonAdminWithoutCredentialsView(org.conjur.jenkins.credentials.ConjurCredentialStoreTest)] DEBUG org.eclipse.jetty.util.component.ContainerLifeCycle -- ServerConnector@51e0138f{HTTP/1.1, (http/1.1)}{localhost:51440} added {acceptor-1@94f216a,POJO}
18:14:35.677 [Executing testNonAdminWithoutCredentialsView(org.conjur.jenkins.credentials.ConjurCredentialStoreTest)] DEBUG org.eclipse.jetty.util.thread.QueuedThreadPool -- queue acceptor-1@94f216a startThread=1
18:14:35.677 [Jetty (JenkinsRule)-39] DEBUG org.eclipse.jetty.util.thread.QueuedThreadPool -- Runner started for QueuedThreadPool[Jetty (JenkinsRule)]@1f101444{STARTED,8<=9<=200,i=0,r=-1,q=0}[ReservedThreadExecutor@7d5bea6c{reserved=0/16,pending=0}]
18:14:35.677 [Executing testNonAdminWithoutCredentialsView(org.conjur.jenkins.credentials.ConjurCredentialStoreTest)] DEBUG org.eclipse.jetty.util.thread.QueuedThreadPool -- Starting Thread[Jetty (JenkinsRule)-40,5,main]
18:14:35.677 [Jetty (JenkinsRule)-39] DEBUG org.eclipse.jetty.util.thread.QueuedThreadPool -- run acceptor-0@5948b224 in QueuedThreadPool[Jetty (JenkinsRule)]@1f101444{STARTED,8<=10<=200,i=0,r=-1,q=0}[ReservedThreadExecutor@7d5bea6c{reserved=0/16,pending=0}]
18:14:35.677 [Executing testNonAdminWithoutCredentialsView(org.conjur.jenkins.credentials.ConjurCredentialStoreTest)] INFO org.eclipse.jetty.server.AbstractConnector -- Started ServerConnector@51e0138f{HTTP/1.1, (http/1.1)}{localhost:51440}
18:14:35.677 [Executing testNonAdminWithoutCredentialsView(org.conjur.jenkins.credentials.ConjurCredentialStoreTest)] DEBUG org.eclipse.jetty.util.component.AbstractLifeCycle -- STARTED @2782ms ServerConnector@51e0138f{HTTP/1.1, (http/1.1)}{localhost:51440}
18:14:35.678 [Jetty (JenkinsRule)-40] DEBUG org.eclipse.jetty.util.thread.QueuedThreadPool -- Runner started for QueuedThreadPool[Jetty (JenkinsRule)]@1f101444{STARTED,8<=10<=200,i=0,r=-1,q=0}[ReservedThreadExecutor@7d5bea6c{reserved=0/16,pending=0}]
18:14:35.678 [Executing testNonAdminWithoutCredentialsView(org.conjur.jenkins.credentials.ConjurCredentialStoreTest)] INFO org.eclipse.jetty.server.Server -- Started @2782ms
18:14:35.678 [Executing testNonAdminWithoutCredentialsView(org.conjur.jenkins.credentials.ConjurCredentialStoreTest)] DEBUG org.eclipse.jetty.util.component.AbstractLifeCycle -- STARTED @2782ms Server@580ed69a{STARTED}[9.4.48.v20220622]
18:14:35.678 [Jetty (JenkinsRule)-40] DEBUG org.eclipse.jetty.util.thread.QueuedThreadPool -- run acceptor-1@94f216a in QueuedThreadPool[Jetty (JenkinsRule)]@1f101444{STARTED,8<=10<=200,i=0,r=-1,q=0}[ReservedThreadExecutor@7d5bea6c{reserved=0/16,pending=0}]
18:14:35.880 [Executing testNonAdminWithoutCredentialsView(org.conjur.jenkins.credentials.ConjurCredentialStoreTest)] DEBUG org.apache.commons.discovery.resource.names.DiscoverNamesInFile -- find: serviceName = 'META-INF/services/org.kohsuke.stapler.Facet'
18:14:35.880 [Executing testNonAdminWithoutCredentialsView(org.conjur.jenkins.credentials.ConjurCredentialStoreTest)] DEBUG org.apache.commons.discovery.resource.DiscoverResources -- find: resourceName='META-INF/services/org.kohsuke.stapler.Facet'
18:14:35.880 [Executing testNonAdminWithoutCredentialsView(org.conjur.jenkins.credentials.ConjurCredentialStoreTest)] DEBUG org.apache.commons.discovery.resource.DiscoverResources -- getNextResources: search using ClassLoader 'jdk.internal.loader.ClassLoaders$AppClassLoader@5ffd2b27'
18:14:35.882 [Executing testNonAdminWithoutCredentialsView(org.conjur.jenkins.credentials.ConjurCredentialStoreTest)] DEBUG org.apache.commons.discovery.resource.DiscoverResources -- getNextResource: next URL='jar:file:/Users/sameer.shaik/.m2/repository/org/kohsuke/stapler/stapler-groovy/1669.v95a_4b_919a_b_a_2/stapler-groovy-1669.v95a_4b_919a_b_a_2.jar!/META-INF/services/org.kohsuke.stapler.Facet'
18:14:35.882 [Executing testNonAdminWithoutCredentialsView(org.conjur.jenkins.credentials.ConjurCredentialStoreTest)] DEBUG org.apache.commons.discovery.resource.names.DiscoverNamesInFile -- getNextClassResource: next class='org.kohsuke.stapler.jelly.groovy.GroovyFacet'
18:14:35.884 [Executing testNonAdminWithoutCredentialsView(org.conjur.jenkins.credentials.ConjurCredentialStoreTest)] DEBUG org.apache.commons.discovery.resource.DiscoverResources -- getNextResource: next URL='jar:file:/Users/sameer.shaik/.m2/repository/org/kohsuke/stapler/stapler-jelly/1669.v95a_4b_919a_b_a_2/stapler-jelly-1669.v95a_4b_919a_b_a_2.jar!/META-INF/services/org.kohsuke.stapler.Facet'
18:14:35.885 [Executing testNonAdminWithoutCredentialsView(org.conjur.jenkins.credentials.ConjurCredentialStoreTest)] DEBUG org.apache.commons.discovery.resource.names.DiscoverNamesInFile -- getNextClassResource: next class='org.kohsuke.stapler.jelly.JellyFacet'
18:14:35.888 [Executing testNonAdminWithoutCredentialsView(org.conjur.jenkins.credentials.ConjurCredentialStoreTest)] DEBUG org.apache.commons.discovery.resource.names.DiscoverNamesInFile -- find: serviceName = 'META-INF/services/org.kohsuke.stapler.Facet'
18:14:35.888 [Executing testNonAdminWithoutCredentialsView(org.conjur.jenkins.credentials.ConjurCredentialStoreTest)] DEBUG org.apache.commons.discovery.resource.DiscoverResources -- find: resourceName='META-INF/services/org.kohsuke.stapler.Facet'
18:14:35.888 [Executing testNonAdminWithoutCredentialsView(org.conjur.jenkins.credentials.ConjurCredentialStoreTest)] DEBUG org.apache.commons.discovery.resource.DiscoverResources -- getNextResources: search using ClassLoader 'jdk.internal.loader.ClassLoaders$AppClassLoader@5ffd2b27'
18:14:35.889 [Executing testNonAdminWithoutCredentialsView(org.conjur.jenkins.credentials.ConjurCredentialStoreTest)] DEBUG org.apache.commons.discovery.resource.DiscoverResources -- getNextResource: next URL='jar:file:/Users/sameer.shaik/.m2/repository/org/kohsuke/stapler/stapler-groovy/1669.v95a_4b_919a_b_a_2/stapler-groovy-1669.v95a_4b_919a_b_a_2.jar!/META-INF/services/org.kohsuke.stapler.Facet'
18:14:35.889 [Executing testNonAdminWithoutCredentialsView(org.conjur.jenkins.credentials.ConjurCredentialStoreTest)] DEBUG org.apache.commons.discovery.resource.names.DiscoverNamesInFile -- getNextClassResource: next class='org.kohsuke.stapler.jelly.groovy.GroovyFacet'
18:14:35.889 [Executing testNonAdminWithoutCredentialsView(org.conjur.jenkins.credentials.ConjurCredentialStoreTest)] DEBUG org.apache.commons.discovery.resource.DiscoverResources -- getNextResource: next URL='jar:file:/Users/sameer.shaik/.m2/repository/org/kohsuke/stapler/stapler-jelly/1669.v95a_4b_919a_b_a_2/stapler-jelly-1669.v95a_4b_919a_b_a_2.jar!/META-INF/services/org.kohsuke.stapler.Facet'
18:14:35.889 [Executing testNonAdminWithoutCredentialsView(org.conjur.jenkins.credentials.ConjurCredentialStoreTest)] DEBUG org.apache.commons.discovery.resource.names.DiscoverNamesInFile -- getNextClassResource: next class='org.kohsuke.stapler.jelly.JellyFacet'
18:14:42.581 [pool-7-thread-29] DEBUG org.apache.commons.discovery.resource.names.DiscoverNamesInFile -- find: serviceName = 'META-INF/services/org.kohsuke.args4j.spi.OptionHandler'
18:14:42.581 [pool-7-thread-29] DEBUG org.apache.commons.discovery.resource.DiscoverResources -- find: resourceName='META-INF/services/org.kohsuke.args4j.spi.OptionHandler'
18:14:42.583 [pool-7-thread-29] DEBUG org.apache.commons.discovery.resource.DiscoverResources -- getNextResources: search using ClassLoader 'classLoader hudson.PluginManager$UberClassLoader'
18:14:42.584 [pool-7-thread-29] DEBUG org.apache.commons.discovery.resource.DiscoverResources -- getNextResource: next URL='jar:file:/Users/sameer.shaik/.m2/repository/org/jenkins-ci/plugins/credentials/1087.1089.v2f1b_9a_b_040e4/credentials-1087.1089.v2f1b_9a_b_040e4.jar!/META-INF/services/org.kohsuke.args4j.spi.OptionHandler'
18:14:42.584 [pool-7-thread-29] DEBUG org.apache.commons.discovery.resource.names.DiscoverNamesInFile -- getNextClassResource: next class='com.cloudbees.plugins.credentials.cli.CredentialsStoreOptionHandler'
18:14:42.584 [pool-7-thread-29] DEBUG org.apache.commons.discovery.resource.classes.DiscoverClasses -- find: className='com.cloudbees.plugins.credentials.cli.CredentialsStoreOptionHandler'
18:14:42.585 [pool-7-thread-29] DEBUG org.apache.commons.discovery.resource.DiscoverResources -- getNextResource: next URL='jar:file:/Users/sameer.shaik/.m2/repository/org/jenkins-ci/main/jenkins-core/2.346.3/jenkins-core-2.346.3.jar!/META-INF/services/org.kohsuke.args4j.spi.OptionHandler'
18:14:42.585 [pool-7-thread-29] DEBUG org.apache.commons.discovery.resource.names.DiscoverNamesInFile -- getNextClassResource: next class='hudson.cli.handlers.AbstractItemOptionHandler'
18:14:42.585 [pool-7-thread-29] DEBUG org.apache.commons.discovery.resource.classes.DiscoverClasses -- getNextClass: next URL='jar:file:/Users/sameer.shaik/.m2/repository/org/jenkins-ci/plugins/credentials/1087.1089.v2f1b_9a_b_040e4/credentials-1087.1089.v2f1b_9a_b_040e4.jar!/com/cloudbees/plugins/credentials/cli/CredentialsStoreOptionHandler.class'
18:14:42.586 [pool-7-thread-29] DEBUG org.apache.commons.discovery.ResourceClass -- loadClass: Loading class 'com.cloudbees.plugins.credentials.cli.CredentialsStoreOptionHandler' with classLoader hudson.PluginManager$UberClassLoader
18:14:42.596 [pool-7-thread-29] DEBUG org.apache.commons.discovery.resource.classes.DiscoverClasses -- find: className='hudson.cli.handlers.AbstractItemOptionHandler'
18:14:42.596 [pool-7-thread-29] DEBUG org.apache.commons.discovery.resource.names.DiscoverNamesInFile -- getNextClassResource: next class='hudson.cli.handlers.AbstractProjectOptionHandler'
18:14:42.597 [pool-7-thread-29] DEBUG org.apache.commons.discovery.resource.classes.DiscoverClasses -- getNextClass: next URL='jar:file:/Users/sameer.shaik/.m2/repository/org/jenkins-ci/main/jenkins-core/2.346.3/jenkins-core-2.346.3.jar!/hudson/cli/handlers/AbstractItemOptionHandler.class'
18:14:42.597 [pool-7-thread-29] DEBUG org.apache.commons.discovery.ResourceClass -- loadClass: Loading class 'hudson.cli.handlers.AbstractItemOptionHandler' with classLoader hudson.PluginManager$UberClassLoader
18:14:42.598 [pool-7-thread-29] DEBUG org.apache.commons.discovery.resource.classes.DiscoverClasses -- find: className='hudson.cli.handlers.AbstractProjectOptionHandler'
18:14:42.598 [pool-7-thread-29] DEBUG org.apache.commons.discovery.resource.names.DiscoverNamesInFile -- getNextClassResource: next class='hudson.cli.handlers.JobOptionHandler'
18:14:42.599 [pool-7-thread-29] DEBUG org.apache.commons.discovery.resource.classes.DiscoverClasses -- getNextClass: next URL='jar:file:/Users/sameer.shaik/.m2/repository/org/jenkins-ci/main/jenkins-core/2.346.3/jenkins-core-2.346.3.jar!/hudson/cli/handlers/AbstractProjectOptionHandler.class'
18:14:42.599 [pool-7-thread-29] DEBUG org.apache.commons.discovery.ResourceClass -- loadClass: Loading class 'hudson.cli.handlers.AbstractProjectOptionHandler' with classLoader hudson.PluginManager$UberClassLoader
18:14:42.599 [pool-7-thread-29] DEBUG org.apache.commons.discovery.resource.classes.DiscoverClasses -- find: className='hudson.cli.handlers.JobOptionHandler'
18:14:42.599 [pool-7-thread-29] DEBUG org.apache.commons.discovery.resource.names.DiscoverNamesInFile -- getNextClassResource: next class='hudson.cli.handlers.NodeOptionHandler'
18:14:42.599 [pool-7-thread-29] DEBUG org.apache.commons.discovery.resource.classes.DiscoverClasses -- getNextClass: next URL='jar:file:/Users/sameer.shaik/.m2/repository/org/jenkins-ci/main/jenkins-core/2.346.3/jenkins-core-2.346.3.jar!/hudson/cli/handlers/JobOptionHandler.class'
18:14:42.599 [pool-7-thread-29] DEBUG org.apache.commons.discovery.ResourceClass -- loadClass: Loading class 'hudson.cli.handlers.JobOptionHandler' with classLoader hudson.PluginManager$UberClassLoader
18:14:42.599 [pool-7-thread-29] DEBUG org.apache.commons.discovery.resource.classes.DiscoverClasses -- find: className='hudson.cli.handlers.NodeOptionHandler'
18:14:42.599 [pool-7-thread-29] DEBUG org.apache.commons.discovery.resource.names.DiscoverNamesInFile -- getNextClassResource: next class='hudson.cli.handlers.ParameterizedJobOptionHandler'
18:14:42.599 [pool-7-thread-29] DEBUG org.apache.commons.discovery.resource.classes.DiscoverClasses -- getNextClass: next URL='jar:file:/Users/sameer.shaik/.m2/repository/org/jenkins-ci/main/jenkins-core/2.346.3/jenkins-core-2.346.3.jar!/hudson/cli/handlers/NodeOptionHandler.class'
18:14:42.600 [pool-7-thread-29] DEBUG org.apache.commons.discovery.ResourceClass -- loadClass: Loading class 'hudson.cli.handlers.NodeOptionHandler' with classLoader hudson.PluginManager$UberClassLoader
18:14:42.600 [pool-7-thread-29] DEBUG org.apache.commons.discovery.resource.classes.DiscoverClasses -- find: className='hudson.cli.handlers.ParameterizedJobOptionHandler'
18:14:42.600 [pool-7-thread-29] DEBUG org.apache.commons.discovery.resource.names.DiscoverNamesInFile -- getNextClassResource: next class='hudson.cli.handlers.TopLevelItemOptionHandler'
18:14:42.600 [pool-7-thread-29] DEBUG org.apache.commons.discovery.resource.classes.DiscoverClasses -- getNextClass: next URL='jar:file:/Users/sameer.shaik/.m2/repository/org/jenkins-ci/main/jenkins-core/2.346.3/jenkins-core-2.346.3.jar!/hudson/cli/handlers/ParameterizedJobOptionHandler.class'
18:14:42.600 [pool-7-thread-29] DEBUG org.apache.commons.discovery.ResourceClass -- loadClass: Loading class 'hudson.cli.handlers.ParameterizedJobOptionHandler' with classLoader hudson.PluginManager$UberClassLoader
18:14:42.600 [pool-7-thread-29] DEBUG org.apache.commons.discovery.resource.classes.DiscoverClasses -- find: className='hudson.cli.handlers.TopLevelItemOptionHandler'
18:14:42.600 [pool-7-thread-29] DEBUG org.apache.commons.discovery.resource.names.DiscoverNamesInFile -- getNextClassResource: next class='hudson.cli.handlers.ViewOptionHandler'
18:14:42.601 [pool-7-thread-29] DEBUG org.apache.commons.discovery.resource.classes.DiscoverClasses -- getNextClass: next URL='jar:file:/Users/sameer.shaik/.m2/repository/org/jenkins-ci/main/jenkins-core/2.346.3/jenkins-core-2.346.3.jar!/hudson/cli/handlers/TopLevelItemOptionHandler.class'
18:14:42.601 [pool-7-thread-29] DEBUG org.apache.commons.discovery.ResourceClass -- loadClass: Loading class 'hudson.cli.handlers.TopLevelItemOptionHandler' with classLoader hudson.PluginManager$UberClassLoader
18:14:42.601 [pool-7-thread-29] DEBUG org.apache.commons.discovery.resource.classes.DiscoverClasses -- find: className='hudson.cli.handlers.ViewOptionHandler'
18:14:42.601 [pool-7-thread-29] DEBUG org.apache.commons.discovery.resource.DiscoverResources -- getNextResource: next URL='jar:file:/var/folders/7l/pdqsj03n6jsc22xd922cp7v40000gp/T/jenkins5011084533091660015/plugins/credentials/WEB-INF/lib/credentials.jar!/META-INF/services/org.kohsuke.args4j.spi.OptionHandler'
18:14:42.601 [pool-7-thread-29] DEBUG org.apache.commons.discovery.resource.names.DiscoverNamesInFile -- getNextClassResource: next class='com.cloudbees.plugins.credentials.cli.CredentialsStoreOptionHandler'
18:14:42.601 [pool-7-thread-29] DEBUG org.apache.commons.discovery.resource.classes.DiscoverClasses -- getNextClass: next URL='jar:file:/Users/sameer.shaik/.m2/repository/org/jenkins-ci/main/jenkins-core/2.346.3/jenkins-core-2.346.3.jar!/hudson/cli/handlers/ViewOptionHandler.class'
18:14:42.601 [pool-7-thread-29] DEBUG org.apache.commons.discovery.ResourceClass -- loadClass: Loading class 'hudson.cli.handlers.ViewOptionHandler' with classLoader hudson.PluginManager$UberClassLoader
18:14:42.602 [pool-7-thread-29] DEBUG org.apache.commons.discovery.resource.classes.DiscoverClasses -- find: className='com.cloudbees.plugins.credentials.cli.CredentialsStoreOptionHandler'
18:14:42.602 [pool-7-thread-29] DEBUG org.apache.commons.discovery.resource.classes.DiscoverClasses -- getNextClass: next URL='jar:file:/Users/sameer.shaik/.m2/repository/org/jenkins-ci/plugins/credentials/1087.1089.v2f1b_9a_b_040e4/credentials-1087.1089.v2f1b_9a_b_040e4.jar!/com/cloudbees/plugins/credentials/cli/CredentialsStoreOptionHandler.class'
18:14:42.602 [pool-7-thread-29] DEBUG org.apache.commons.discovery.ResourceClass -- loadClass: Loading class 'com.cloudbees.plugins.credentials.cli.CredentialsStoreOptionHandler' with classLoader hudson.PluginManager$UberClassLoader
18:14:44.613 [Executing testNonAdminWithoutCredentialsView(org.conjur.jenkins.credentials.ConjurCredentialStoreTest)] DEBUG org.apache.commons.beanutils.converters.BooleanConverter -- Setting default value: false
18:14:44.613 [Executing testNonAdminWithoutCredentialsView(org.conjur.jenkins.credentials.ConjurCredentialStoreTest)] DEBUG org.apache.commons.beanutils.converters.BooleanConverter -- Converting 'Boolean' value 'false' to type 'Boolean'
18:14:44.613 [Executing testNonAdminWithoutCredentialsView(org.conjur.jenkins.credentials.ConjurCredentialStoreTest)] DEBUG org.apache.commons.beanutils.converters.BooleanConverter --     No conversion required, value is already a Boolean
18:14:44.613 [Executing testNonAdminWithoutCredentialsView(org.conjur.jenkins.credentials.ConjurCredentialStoreTest)] DEBUG org.apache.commons.beanutils.converters.ByteConverter -- Setting default value: 0
18:14:44.613 [Executing testNonAdminWithoutCredentialsView(org.conjur.jenkins.credentials.ConjurCredentialStoreTest)] DEBUG org.apache.commons.beanutils.converters.ByteConverter -- Converting 'Integer' value '0' to type 'Byte'
18:14:44.613 [Executing testNonAdminWithoutCredentialsView(org.conjur.jenkins.credentials.ConjurCredentialStoreTest)] DEBUG org.apache.commons.beanutils.converters.ByteConverter --     Converted to Byte value '0'
18:14:44.613 [Executing testNonAdminWithoutCredentialsView(org.conjur.jenkins.credentials.ConjurCredentialStoreTest)] DEBUG org.apache.commons.beanutils.converters.CharacterConverter -- Setting default value:  
18:14:44.613 [Executing testNonAdminWithoutCredentialsView(org.conjur.jenkins.credentials.ConjurCredentialStoreTest)] DEBUG org.apache.commons.beanutils.converters.CharacterConverter -- Converting 'Character' value ' ' to type 'Character'
18:14:44.613 [Executing testNonAdminWithoutCredentialsView(org.conjur.jenkins.credentials.ConjurCredentialStoreTest)] DEBUG org.apache.commons.beanutils.converters.CharacterConverter --     No conversion required, value is already a Character
18:14:44.613 [Executing testNonAdminWithoutCredentialsView(org.conjur.jenkins.credentials.ConjurCredentialStoreTest)] DEBUG org.apache.commons.beanutils.converters.DoubleConverter -- Setting default value: 0
18:14:44.613 [Executing testNonAdminWithoutCredentialsView(org.conjur.jenkins.credentials.ConjurCredentialStoreTest)] DEBUG org.apache.commons.beanutils.converters.DoubleConverter -- Converting 'Integer' value '0' to type 'Double'
18:14:44.613 [Executing testNonAdminWithoutCredentialsView(org.conjur.jenkins.credentials.ConjurCredentialStoreTest)] DEBUG org.apache.commons.beanutils.converters.DoubleConverter --     Converted to Double value '0.0'
18:14:44.613 [Executing testNonAdminWithoutCredentialsView(org.conjur.jenkins.credentials.ConjurCredentialStoreTest)] DEBUG org.apache.commons.beanutils.converters.FloatConverter -- Setting default value: 0
18:14:44.613 [Executing testNonAdminWithoutCredentialsView(org.conjur.jenkins.credentials.ConjurCredentialStoreTest)] DEBUG org.apache.commons.beanutils.converters.FloatConverter -- Converting 'Integer' value '0' to type 'Float'
18:14:44.613 [Executing testNonAdminWithoutCredentialsView(org.conjur.jenkins.credentials.ConjurCredentialStoreTest)] DEBUG org.apache.commons.beanutils.converters.FloatConverter --     Converted to Float value '0.0'
18:14:44.613 [Executing testNonAdminWithoutCredentialsView(org.conjur.jenkins.credentials.ConjurCredentialStoreTest)] DEBUG org.apache.commons.beanutils.converters.IntegerConverter -- Setting default value: 0
18:14:44.613 [Executing testNonAdminWithoutCredentialsView(org.conjur.jenkins.credentials.ConjurCredentialStoreTest)] DEBUG org.apache.commons.beanutils.converters.IntegerConverter -- Converting 'Integer' value '0' to type 'Integer'
18:14:44.613 [Executing testNonAdminWithoutCredentialsView(org.conjur.jenkins.credentials.ConjurCredentialStoreTest)] DEBUG org.apache.commons.beanutils.converters.IntegerConverter --     No conversion required, value is already a Integer
18:14:44.613 [Executing testNonAdminWithoutCredentialsView(org.conjur.jenkins.credentials.ConjurCredentialStoreTest)] DEBUG org.apache.commons.beanutils.converters.LongConverter -- Setting default value: 0
18:14:44.613 [Executing testNonAdminWithoutCredentialsView(org.conjur.jenkins.credentials.ConjurCredentialStoreTest)] DEBUG org.apache.commons.beanutils.converters.LongConverter -- Converting 'Integer' value '0' to type 'Long'
18:14:44.613 [Executing testNonAdminWithoutCredentialsView(org.conjur.jenkins.credentials.ConjurCredentialStoreTest)] DEBUG org.apache.commons.beanutils.converters.LongConverter --     Converted to Long value '0'
18:14:44.613 [Executing testNonAdminWithoutCredentialsView(org.conjur.jenkins.credentials.ConjurCredentialStoreTest)] DEBUG org.apache.commons.beanutils.converters.ShortConverter -- Setting default value: 0
18:14:44.613 [Executing testNonAdminWithoutCredentialsView(org.conjur.jenkins.credentials.ConjurCredentialStoreTest)] DEBUG org.apache.commons.beanutils.converters.ShortConverter -- Converting 'Integer' value '0' to type 'Short'
18:14:44.613 [Executing testNonAdminWithoutCredentialsView(org.conjur.jenkins.credentials.ConjurCredentialStoreTest)] DEBUG org.apache.commons.beanutils.converters.ShortConverter --     Converted to Short value '0'
18:14:44.613 [Executing testNonAdminWithoutCredentialsView(org.conjur.jenkins.credentials.ConjurCredentialStoreTest)] DEBUG org.apache.commons.beanutils.converters.BigDecimalConverter -- Setting default value: 0.0
18:14:44.613 [Executing testNonAdminWithoutCredentialsView(org.conjur.jenkins.credentials.ConjurCredentialStoreTest)] DEBUG org.apache.commons.beanutils.converters.BigDecimalConverter -- Converting 'BigDecimal' value '0.0' to type 'BigDecimal'
18:14:44.613 [Executing testNonAdminWithoutCredentialsView(org.conjur.jenkins.credentials.ConjurCredentialStoreTest)] DEBUG org.apache.commons.beanutils.converters.BigDecimalConverter --     No conversion required, value is already a BigDecimal
18:14:44.613 [Executing testNonAdminWithoutCredentialsView(org.conjur.jenkins.credentials.ConjurCredentialStoreTest)] DEBUG org.apache.commons.beanutils.converters.BigIntegerConverter -- Setting default value: 0
18:14:44.613 [Executing testNonAdminWithoutCredentialsView(org.conjur.jenkins.credentials.ConjurCredentialStoreTest)] DEBUG org.apache.commons.beanutils.converters.BigIntegerConverter -- Converting 'BigInteger' value '0' to type 'BigInteger'
18:14:44.613 [Executing testNonAdminWithoutCredentialsView(org.conjur.jenkins.credentials.ConjurCredentialStoreTest)] DEBUG org.apache.commons.beanutils.converters.BigIntegerConverter --     No conversion required, value is already a BigInteger
18:14:44.613 [Executing testNonAdminWithoutCredentialsView(org.conjur.jenkins.credentials.ConjurCredentialStoreTest)] DEBUG org.apache.commons.beanutils.converters.BooleanConverter -- Setting default value: false
18:14:44.613 [Executing testNonAdminWithoutCredentialsView(org.conjur.jenkins.credentials.ConjurCredentialStoreTest)] DEBUG org.apache.commons.beanutils.converters.BooleanConverter -- Converting 'Boolean' value 'false' to type 'Boolean'
18:14:44.613 [Executing testNonAdminWithoutCredentialsView(org.conjur.jenkins.credentials.ConjurCredentialStoreTest)] DEBUG org.apache.commons.beanutils.converters.BooleanConverter --     No conversion required, value is already a Boolean
18:14:44.613 [Executing testNonAdminWithoutCredentialsView(org.conjur.jenkins.credentials.ConjurCredentialStoreTest)] DEBUG org.apache.commons.beanutils.converters.ByteConverter -- Setting default value: 0
18:14:44.613 [Executing testNonAdminWithoutCredentialsView(org.conjur.jenkins.credentials.ConjurCredentialStoreTest)] DEBUG org.apache.commons.beanutils.converters.ByteConverter -- Converting 'Integer' value '0' to type 'Byte'
18:14:44.613 [Executing testNonAdminWithoutCredentialsView(org.conjur.jenkins.credentials.ConjurCredentialStoreTest)] DEBUG org.apache.commons.beanutils.converters.ByteConverter --     Converted to Byte value '0'
18:14:44.613 [Executing testNonAdminWithoutCredentialsView(org.conjur.jenkins.credentials.ConjurCredentialStoreTest)] DEBUG org.apache.commons.beanutils.converters.CharacterConverter -- Setting default value:  
18:14:44.614 [Executing testNonAdminWithoutCredentialsView(org.conjur.jenkins.credentials.ConjurCredentialStoreTest)] DEBUG org.apache.commons.beanutils.converters.CharacterConverter -- Converting 'Character' value ' ' to type 'Character'
18:14:44.614 [Executing testNonAdminWithoutCredentialsView(org.conjur.jenkins.credentials.ConjurCredentialStoreTest)] DEBUG org.apache.commons.beanutils.converters.CharacterConverter --     No conversion required, value is already a Character
18:14:44.614 [Executing testNonAdminWithoutCredentialsView(org.conjur.jenkins.credentials.ConjurCredentialStoreTest)] DEBUG org.apache.commons.beanutils.converters.DoubleConverter -- Setting default value: 0
18:14:44.614 [Executing testNonAdminWithoutCredentialsView(org.conjur.jenkins.credentials.ConjurCredentialStoreTest)] DEBUG org.apache.commons.beanutils.converters.DoubleConverter -- Converting 'Integer' value '0' to type 'Double'
18:14:44.614 [Executing testNonAdminWithoutCredentialsView(org.conjur.jenkins.credentials.ConjurCredentialStoreTest)] DEBUG org.apache.commons.beanutils.converters.DoubleConverter --     Converted to Double value '0.0'
18:14:44.614 [Executing testNonAdminWithoutCredentialsView(org.conjur.jenkins.credentials.ConjurCredentialStoreTest)] DEBUG org.apache.commons.beanutils.converters.FloatConverter -- Setting default value: 0
18:14:44.614 [Executing testNonAdminWithoutCredentialsView(org.conjur.jenkins.credentials.ConjurCredentialStoreTest)] DEBUG org.apache.commons.beanutils.converters.FloatConverter -- Converting 'Integer' value '0' to type 'Float'
18:14:44.614 [Executing testNonAdminWithoutCredentialsView(org.conjur.jenkins.credentials.ConjurCredentialStoreTest)] DEBUG org.apache.commons.beanutils.converters.FloatConverter --     Converted to Float value '0.0'
18:14:44.614 [Executing testNonAdminWithoutCredentialsView(org.conjur.jenkins.credentials.ConjurCredentialStoreTest)] DEBUG org.apache.commons.beanutils.converters.IntegerConverter -- Setting default value: 0
18:14:44.614 [Executing testNonAdminWithoutCredentialsView(org.conjur.jenkins.credentials.ConjurCredentialStoreTest)] DEBUG org.apache.commons.beanutils.converters.IntegerConverter -- Converting 'Integer' value '0' to type 'Integer'
18:14:44.614 [Executing testNonAdminWithoutCredentialsView(org.conjur.jenkins.credentials.ConjurCredentialStoreTest)] DEBUG org.apache.commons.beanutils.converters.IntegerConverter --     No conversion required, value is already a Integer
18:14:44.614 [Executing testNonAdminWithoutCredentialsView(org.conjur.jenkins.credentials.ConjurCredentialStoreTest)] DEBUG org.apache.commons.beanutils.converters.LongConverter -- Setting default value: 0
18:14:44.614 [Executing testNonAdminWithoutCredentialsView(org.conjur.jenkins.credentials.ConjurCredentialStoreTest)] DEBUG org.apache.commons.beanutils.converters.LongConverter -- Converting 'Integer' value '0' to type 'Long'
18:14:44.614 [Executing testNonAdminWithoutCredentialsView(org.conjur.jenkins.credentials.ConjurCredentialStoreTest)] DEBUG org.apache.commons.beanutils.converters.LongConverter --     Converted to Long value '0'
18:14:44.614 [Executing testNonAdminWithoutCredentialsView(org.conjur.jenkins.credentials.ConjurCredentialStoreTest)] DEBUG org.apache.commons.beanutils.converters.ShortConverter -- Setting default value: 0
18:14:44.614 [Executing testNonAdminWithoutCredentialsView(org.conjur.jenkins.credentials.ConjurCredentialStoreTest)] DEBUG org.apache.commons.beanutils.converters.ShortConverter -- Converting 'Integer' value '0' to type 'Short'
18:14:44.614 [Executing testNonAdminWithoutCredentialsView(org.conjur.jenkins.credentials.ConjurCredentialStoreTest)] DEBUG org.apache.commons.beanutils.converters.ShortConverter --     Converted to Short value '0'
18:14:44.614 [Executing testNonAdminWithoutCredentialsView(org.conjur.jenkins.credentials.ConjurCredentialStoreTest)] DEBUG org.apache.commons.beanutils.converters.StringConverter -- Setting default value: 
18:14:44.614 [Executing testNonAdminWithoutCredentialsView(org.conjur.jenkins.credentials.ConjurCredentialStoreTest)] DEBUG org.apache.commons.beanutils.converters.StringConverter -- Converting 'String' value '' to type 'String'
18:14:44.614 [Executing testNonAdminWithoutCredentialsView(org.conjur.jenkins.credentials.ConjurCredentialStoreTest)] DEBUG org.apache.commons.beanutils.converters.ArrayConverter -- Setting default value: [Z@4910d237
18:14:44.614 [Executing testNonAdminWithoutCredentialsView(org.conjur.jenkins.credentials.ConjurCredentialStoreTest)] DEBUG org.apache.commons.beanutils.converters.ArrayConverter -- Converting 'boolean[]' value '[Z@4910d237' to type 'boolean[]'
18:14:44.614 [Executing testNonAdminWithoutCredentialsView(org.conjur.jenkins.credentials.ConjurCredentialStoreTest)] DEBUG org.apache.commons.beanutils.converters.ArrayConverter --     No conversion required, value is already a boolean[]
18:14:44.614 [Executing testNonAdminWithoutCredentialsView(org.conjur.jenkins.credentials.ConjurCredentialStoreTest)] DEBUG org.apache.commons.beanutils.converters.ArrayConverter -- Setting default value: [B@796d9196
18:14:44.614 [Executing testNonAdminWithoutCredentialsView(org.conjur.jenkins.credentials.ConjurCredentialStoreTest)] DEBUG org.apache.commons.beanutils.converters.ArrayConverter -- Converting 'byte[]' value '[B@796d9196' to type 'byte[]'
18:14:44.614 [Executing testNonAdminWithoutCredentialsView(org.conjur.jenkins.credentials.ConjurCredentialStoreTest)] DEBUG org.apache.commons.beanutils.converters.ArrayConverter --     No conversion required, value is already a byte[]
18:14:44.614 [Executing testNonAdminWithoutCredentialsView(org.conjur.jenkins.credentials.ConjurCredentialStoreTest)] DEBUG org.apache.commons.beanutils.converters.ArrayConverter -- Setting default value: [C@1fb99e2e
18:14:44.614 [Executing testNonAdminWithoutCredentialsView(org.conjur.jenkins.credentials.ConjurCredentialStoreTest)] DEBUG org.apache.commons.beanutils.converters.ArrayConverter -- Converting 'char[]' value '[C@1fb99e2e' to type 'char[]'
18:14:44.614 [Executing testNonAdminWithoutCredentialsView(org.conjur.jenkins.credentials.ConjurCredentialStoreTest)] DEBUG org.apache.commons.beanutils.converters.ArrayConverter --     No conversion required, value is already a char[]
18:14:44.614 [Executing testNonAdminWithoutCredentialsView(org.conjur.jenkins.credentials.ConjurCredentialStoreTest)] DEBUG org.apache.commons.beanutils.converters.ArrayConverter -- Setting default value: [D@31e62612
18:14:44.614 [Executing testNonAdminWithoutCredentialsView(org.conjur.jenkins.credentials.ConjurCredentialStoreTest)] DEBUG org.apache.commons.beanutils.converters.ArrayConverter -- Converting 'double[]' value '[D@31e62612' to type 'double[]'
18:14:44.614 [Executing testNonAdminWithoutCredentialsView(org.conjur.jenkins.credentials.ConjurCredentialStoreTest)] DEBUG org.apache.commons.beanutils.converters.ArrayConverter --     No conversion required, value is already a double[]
18:14:44.614 [Executing testNonAdminWithoutCredentialsView(org.conjur.jenkins.credentials.ConjurCredentialStoreTest)] DEBUG org.apache.commons.beanutils.converters.ArrayConverter -- Setting default value: [F@7e28db73
18:14:44.614 [Executing testNonAdminWithoutCredentialsView(org.conjur.jenkins.credentials.ConjurCredentialStoreTest)] DEBUG org.apache.commons.beanutils.converters.ArrayConverter -- Converting 'float[]' value '[F@7e28db73' to type 'float[]'
18:14:44.614 [Executing testNonAdminWithoutCredentialsView(org.conjur.jenkins.credentials.ConjurCredentialStoreTest)] DEBUG org.apache.commons.beanutils.converters.ArrayConverter --     No conversion required, value is already a float[]
18:14:44.614 [Executing testNonAdminWithoutCredentialsView(org.conjur.jenkins.credentials.ConjurCredentialStoreTest)] DEBUG org.apache.commons.beanutils.converters.ArrayConverter -- Setting default value: [I@6b5c0401
18:14:44.614 [Executing testNonAdminWithoutCredentialsView(org.conjur.jenkins.credentials.ConjurCredentialStoreTest)] DEBUG org.apache.commons.beanutils.converters.ArrayConverter -- Converting 'int[]' value '[I@6b5c0401' to type 'int[]'
18:14:44.614 [Executing testNonAdminWithoutCredentialsView(org.conjur.jenkins.credentials.ConjurCredentialStoreTest)] DEBUG org.apache.commons.beanutils.converters.ArrayConverter --     No conversion required, value is already a int[]
18:14:44.614 [Executing testNonAdminWithoutCredentialsView(org.conjur.jenkins.credentials.ConjurCredentialStoreTest)] DEBUG org.apache.commons.beanutils.converters.ArrayConverter -- Setting default value: [J@38c7afaa
18:14:44.614 [Executing testNonAdminWithoutCredentialsView(org.conjur.jenkins.credentials.ConjurCredentialStoreTest)] DEBUG org.apache.commons.beanutils.converters.ArrayConverter -- Converting 'long[]' value '[J@38c7afaa' to type 'long[]'
18:14:44.614 [Executing testNonAdminWithoutCredentialsView(org.conjur.jenkins.credentials.ConjurCredentialStoreTest)] DEBUG org.apache.commons.beanutils.converters.ArrayConverter --     No conversion required, value is already a long[]
18:14:44.614 [Executing testNonAdminWithoutCredentialsView(org.conjur.jenkins.credentials.ConjurCredentialStoreTest)] DEBUG org.apache.commons.beanutils.converters.ArrayConverter -- Setting default value: [S@3891d816
18:14:44.614 [Executing testNonAdminWithoutCredentialsView(org.conjur.jenkins.credentials.ConjurCredentialStoreTest)] DEBUG org.apache.commons.beanutils.converters.ArrayConverter -- Converting 'short[]' value '[S@3891d816' to type 'short[]'
18:14:44.614 [Executing testNonAdminWithoutCredentialsView(org.conjur.jenkins.credentials.ConjurCredentialStoreTest)] DEBUG org.apache.commons.beanutils.converters.ArrayConverter --     No conversion required, value is already a short[]
18:14:44.614 [Executing testNonAdminWithoutCredentialsView(org.conjur.jenkins.credentials.ConjurCredentialStoreTest)] DEBUG org.apache.commons.beanutils.converters.ArrayConverter -- Setting default value: [Ljava.math.BigDecimal;@da6f34
18:14:44.614 [Executing testNonAdminWithoutCredentialsView(org.conjur.jenkins.credentials.ConjurCredentialStoreTest)] DEBUG org.apache.commons.beanutils.converters.ArrayConverter -- Converting 'BigDecimal[]' value '[Ljava.math.BigDecimal;@da6f34' to type 'BigDecimal[]'
18:14:44.614 [Executing testNonAdminWithoutCredentialsView(org.conjur.jenkins.credentials.ConjurCredentialStoreTest)] DEBUG org.apache.commons.beanutils.converters.ArrayConverter --     No conversion required, value is already a BigDecimal[]
18:14:44.614 [Executing testNonAdminWithoutCredentialsView(org.conjur.jenkins.credentials.ConjurCredentialStoreTest)] DEBUG org.apache.commons.beanutils.converters.ArrayConverter -- Setting default value: [Ljava.math.BigInteger;@b2d0f22
18:14:44.614 [Executing testNonAdminWithoutCredentialsView(org.conjur.jenkins.credentials.ConjurCredentialStoreTest)] DEBUG org.apache.commons.beanutils.converters.ArrayConverter -- Converting 'BigInteger[]' value '[Ljava.math.BigInteger;@b2d0f22' to type 'BigInteger[]'
18:14:44.614 [Executing testNonAdminWithoutCredentialsView(org.conjur.jenkins.credentials.ConjurCredentialStoreTest)] DEBUG org.apache.commons.beanutils.converters.ArrayConverter --     No conversion required, value is already a BigInteger[]
18:14:44.614 [Executing testNonAdminWithoutCredentialsView(org.conjur.jenkins.credentials.ConjurCredentialStoreTest)] DEBUG org.apache.commons.beanutils.converters.ArrayConverter -- Setting default value: [Ljava.lang.Boolean;@e124b12
18:14:44.614 [Executing testNonAdminWithoutCredentialsView(org.conjur.jenkins.credentials.ConjurCredentialStoreTest)] DEBUG org.apache.commons.beanutils.converters.ArrayConverter -- Converting 'Boolean[]' value '[Ljava.lang.Boolean;@e124b12' to type 'Boolean[]'
18:14:44.614 [Executing testNonAdminWithoutCredentialsView(org.conjur.jenkins.credentials.ConjurCredentialStoreTest)] DEBUG org.apache.commons.beanutils.converters.ArrayConverter --     No conversion required, value is already a Boolean[]
18:14:44.614 [Executing testNonAdminWithoutCredentialsView(org.conjur.jenkins.credentials.ConjurCredentialStoreTest)] DEBUG org.apache.commons.beanutils.converters.ArrayConverter -- Setting default value: [Ljava.lang.Byte;@38f563ae
18:14:44.614 [Executing testNonAdminWithoutCredentialsView(org.conjur.jenkins.credentials.ConjurCredentialStoreTest)] DEBUG org.apache.commons.beanutils.converters.ArrayConverter -- Converting 'Byte[]' value '[Ljava.lang.Byte;@38f563ae' to type 'Byte[]'
18:14:44.614 [Executing testNonAdminWithoutCredentialsView(org.conjur.jenkins.credentials.ConjurCredentialStoreTest)] DEBUG org.apache.commons.beanutils.converters.ArrayConverter --     No conversion required, value is already a Byte[]
18:14:44.614 [Executing testNonAdminWithoutCredentialsView(org.conjur.jenkins.credentials.ConjurCredentialStoreTest)] DEBUG org.apache.commons.beanutils.converters.ArrayConverter -- Setting default value: [Ljava.lang.Character;@6b05084b
18:14:44.614 [Executing testNonAdminWithoutCredentialsView(org.conjur.jenkins.credentials.ConjurCredentialStoreTest)] DEBUG org.apache.commons.beanutils.converters.ArrayConverter -- Converting 'Character[]' value '[Ljava.lang.Character;@6b05084b' to type 'Character[]'
18:14:44.614 [Executing testNonAdminWithoutCredentialsView(org.conjur.jenkins.credentials.ConjurCredentialStoreTest)] DEBUG org.apache.commons.beanutils.converters.ArrayConverter --     No conversion required, value is already a Character[]
18:14:44.614 [Executing testNonAdminWithoutCredentialsView(org.conjur.jenkins.credentials.ConjurCredentialStoreTest)] DEBUG org.apache.commons.beanutils.converters.ArrayConverter -- Setting default value: [Ljava.lang.Double;@8324e16
18:14:44.614 [Executing testNonAdminWithoutCredentialsView(org.conjur.jenkins.credentials.ConjurCredentialStoreTest)] DEBUG org.apache.commons.beanutils.converters.ArrayConverter -- Converting 'Double[]' value '[Ljava.lang.Double;@8324e16' to type 'Double[]'
18:14:44.614 [Executing testNonAdminWithoutCredentialsView(org.conjur.jenkins.credentials.ConjurCredentialStoreTest)] DEBUG org.apache.commons.beanutils.converters.ArrayConverter --     No conversion required, value is already a Double[]
18:14:44.614 [Executing testNonAdminWithoutCredentialsView(org.conjur.jenkins.credentials.ConjurCredentialStoreTest)] DEBUG org.apache.commons.beanutils.converters.ArrayConverter -- Setting default value: [Ljava.lang.Float;@1464ded9
18:14:44.614 [Executing testNonAdminWithoutCredentialsView(org.conjur.jenkins.credentials.ConjurCredentialStoreTest)] DEBUG org.apache.commons.beanutils.converters.ArrayConverter -- Converting 'Float[]' value '[Ljava.lang.Float;@1464ded9' to type 'Float[]'
18:14:44.614 [Executing testNonAdminWithoutCredentialsView(org.conjur.jenkins.credentials.ConjurCredentialStoreTest)] DEBUG org.apache.commons.beanutils.converters.ArrayConverter --     No conversion required, value is already a Float[]
18:14:44.614 [Executing testNonAdminWithoutCredentialsView(org.conjur.jenkins.credentials.ConjurCredentialStoreTest)] DEBUG org.apache.commons.beanutils.converters.ArrayConverter -- Setting default value: [Ljava.lang.Integer;@71f27e8
18:14:44.614 [Executing testNonAdminWithoutCredentialsView(org.conjur.jenkins.credentials.ConjurCredentialStoreTest)] DEBUG org.apache.commons.beanutils.converters.ArrayConverter -- Converting 'Integer[]' value '[Ljava.lang.Integer;@71f27e8' to type 'Integer[]'
18:14:44.614 [Executing testNonAdminWithoutCredentialsView(org.conjur.jenkins.credentials.ConjurCredentialStoreTest)] DEBUG org.apache.commons.beanutils.converters.ArrayConverter --     No conversion required, value is already a Integer[]
18:14:44.614 [Executing testNonAdminWithoutCredentialsView(org.conjur.jenkins.credentials.ConjurCredentialStoreTest)] DEBUG org.apache.commons.beanutils.converters.ArrayConverter -- Setting default value: [Ljava.lang.Long;@441b2010
18:14:44.614 [Executing testNonAdminWithoutCredentialsView(org.conjur.jenkins.credentials.ConjurCredentialStoreTest)] DEBUG org.apache.commons.beanutils.converters.ArrayConverter -- Converting 'Long[]' value '[Ljava.lang.Long;@441b2010' to type 'Long[]'
18:14:44.614 [Executing testNonAdminWithoutCredentialsView(org.conjur.jenkins.credentials.ConjurCredentialStoreTest)] DEBUG org.apache.commons.beanutils.converters.ArrayConverter --     No conversion required, value is already a Long[]
18:14:44.614 [Executing testNonAdminWithoutCredentialsView(org.conjur.jenkins.credentials.ConjurCredentialStoreTest)] DEBUG org.apache.commons.beanutils.converters.ArrayConverter -- Setting default value: [Ljava.lang.Short;@5ec3847b
18:14:44.614 [Executing testNonAdminWithoutCredentialsView(org.conjur.jenkins.credentials.ConjurCredentialStoreTest)] DEBUG org.apache.commons.beanutils.converters.ArrayConverter -- Converting 'Short[]' value '[Ljava.lang.Short;@5ec3847b' to type 'Short[]'
18:14:44.614 [Executing testNonAdminWithoutCredentialsView(org.conjur.jenkins.credentials.ConjurCredentialStoreTest)] DEBUG org.apache.commons.beanutils.converters.ArrayConverter --     No conversion required, value is already a Short[]
18:14:44.614 [Executing testNonAdminWithoutCredentialsView(org.conjur.jenkins.credentials.ConjurCredentialStoreTest)] DEBUG org.apache.commons.beanutils.converters.ArrayConverter -- Setting default value: [Ljava.lang.String;@6c630b6c
18:14:44.614 [Executing testNonAdminWithoutCredentialsView(org.conjur.jenkins.credentials.ConjurCredentialStoreTest)] DEBUG org.apache.commons.beanutils.converters.ArrayConverter -- Converting 'String[]' value '[Ljava.lang.String;@6c630b6c' to type 'String[]'
18:14:44.614 [Executing testNonAdminWithoutCredentialsView(org.conjur.jenkins.credentials.ConjurCredentialStoreTest)] DEBUG org.apache.commons.beanutils.converters.ArrayConverter --     No conversion required, value is already a String[]
18:14:44.614 [Executing testNonAdminWithoutCredentialsView(org.conjur.jenkins.credentials.ConjurCredentialStoreTest)] DEBUG org.apache.commons.beanutils.converters.ArrayConverter -- Setting default value: [Ljava.lang.Class;@123d416f
18:14:44.614 [Executing testNonAdminWithoutCredentialsView(org.conjur.jenkins.credentials.ConjurCredentialStoreTest)] DEBUG org.apache.commons.beanutils.converters.ArrayConverter -- Converting 'Class[]' value '[Ljava.lang.Class;@123d416f' to type 'Class[]'
18:14:44.614 [Executing testNonAdminWithoutCredentialsView(org.conjur.jenkins.credentials.ConjurCredentialStoreTest)] DEBUG org.apache.commons.beanutils.converters.ArrayConverter --     No conversion required, value is already a Class[]
18:14:44.614 [Executing testNonAdminWithoutCredentialsView(org.conjur.jenkins.credentials.ConjurCredentialStoreTest)] DEBUG org.apache.commons.beanutils.converters.ArrayConverter -- Setting default value: [Ljava.util.Date;@f3bf898
18:14:44.614 [Executing testNonAdminWithoutCredentialsView(org.conjur.jenkins.credentials.ConjurCredentialStoreTest)] DEBUG org.apache.commons.beanutils.converters.ArrayConverter -- Converting 'Date[]' value '[Ljava.util.Date;@f3bf898' to type 'Date[]'
18:14:44.614 [Executing testNonAdminWithoutCredentialsView(org.conjur.jenkins.credentials.ConjurCredentialStoreTest)] DEBUG org.apache.commons.beanutils.converters.ArrayConverter --     No conversion required, value is already a Date[]
18:14:44.614 [Executing testNonAdminWithoutCredentialsView(org.conjur.jenkins.credentials.ConjurCredentialStoreTest)] DEBUG org.apache.commons.beanutils.converters.ArrayConverter -- Setting default value: [Ljava.util.Calendar;@4d994558
18:14:44.614 [Executing testNonAdminWithoutCredentialsView(org.conjur.jenkins.credentials.ConjurCredentialStoreTest)] DEBUG org.apache.commons.beanutils.converters.ArrayConverter -- Converting 'Calendar[]' value '[Ljava.util.Calendar;@4d994558' to type 'Calendar[]'
18:14:44.614 [Executing testNonAdminWithoutCredentialsView(org.conjur.jenkins.credentials.ConjurCredentialStoreTest)] DEBUG org.apache.commons.beanutils.converters.ArrayConverter --     No conversion required, value is already a Calendar[]
18:14:44.614 [Executing testNonAdminWithoutCredentialsView(org.conjur.jenkins.credentials.ConjurCredentialStoreTest)] DEBUG org.apache.commons.beanutils.converters.ArrayConverter -- Setting default value: [Ljava.io.File;@39d51fec
18:14:44.614 [Executing testNonAdminWithoutCredentialsView(org.conjur.jenkins.credentials.ConjurCredentialStoreTest)] DEBUG org.apache.commons.beanutils.converters.ArrayConverter -- Converting 'java.io.File[]' value '[Ljava.io.File;@39d51fec' to type 'java.io.File[]'
18:14:44.614 [Executing testNonAdminWithoutCredentialsView(org.conjur.jenkins.credentials.ConjurCredentialStoreTest)] DEBUG org.apache.commons.beanutils.converters.ArrayConverter --     No conversion required, value is already a java.io.File[]
18:14:44.614 [Executing testNonAdminWithoutCredentialsView(org.conjur.jenkins.credentials.ConjurCredentialStoreTest)] DEBUG org.apache.commons.beanutils.converters.ArrayConverter -- Setting default value: [Ljava.sql.Date;@411b1780
18:14:44.614 [Executing testNonAdminWithoutCredentialsView(org.conjur.jenkins.credentials.ConjurCredentialStoreTest)] DEBUG org.apache.commons.beanutils.converters.ArrayConverter -- Converting 'java.sql.Date[]' value '[Ljava.sql.Date;@411b1780' to type 'java.sql.Date[]'
18:14:44.614 [Executing testNonAdminWithoutCredentialsView(org.conjur.jenkins.credentials.ConjurCredentialStoreTest)] DEBUG org.apache.commons.beanutils.converters.ArrayConverter --     No conversion required, value is already a java.sql.Date[]
18:14:44.614 [Executing testNonAdminWithoutCredentialsView(org.conjur.jenkins.credentials.ConjurCredentialStoreTest)] DEBUG org.apache.commons.beanutils.converters.ArrayConverter -- Setting default value: [Ljava.sql.Time;@1134c803
18:14:44.614 [Executing testNonAdminWithoutCredentialsView(org.conjur.jenkins.credentials.ConjurCredentialStoreTest)] DEBUG org.apache.commons.beanutils.converters.ArrayConverter -- Converting 'java.sql.Time[]' value '[Ljava.sql.Time;@1134c803' to type 'java.sql.Time[]'
18:14:44.614 [Executing testNonAdminWithoutCredentialsView(org.conjur.jenkins.credentials.ConjurCredentialStoreTest)] DEBUG org.apache.commons.beanutils.converters.ArrayConverter --     No conversion required, value is already a java.sql.Time[]
18:14:44.614 [Executing testNonAdminWithoutCredentialsView(org.conjur.jenkins.credentials.ConjurCredentialStoreTest)] DEBUG org.apache.commons.beanutils.converters.ArrayConverter -- Setting default value: [Ljava.sql.Timestamp;@1600fcf8
18:14:44.614 [Executing testNonAdminWithoutCredentialsView(org.conjur.jenkins.credentials.ConjurCredentialStoreTest)] DEBUG org.apache.commons.beanutils.converters.ArrayConverter -- Converting 'java.sql.Timestamp[]' value '[Ljava.sql.Timestamp;@1600fcf8' to type 'java.sql.Timestamp[]'
18:14:44.614 [Executing testNonAdminWithoutCredentialsView(org.conjur.jenkins.credentials.ConjurCredentialStoreTest)] DEBUG org.apache.commons.beanutils.converters.ArrayConverter --     No conversion required, value is already a java.sql.Timestamp[]
18:14:44.614 [Executing testNonAdminWithoutCredentialsView(org.conjur.jenkins.credentials.ConjurCredentialStoreTest)] DEBUG org.apache.commons.beanutils.converters.ArrayConverter -- Setting default value: [Ljava.net.URL;@7bbbbab
18:14:44.615 [Executing testNonAdminWithoutCredentialsView(org.conjur.jenkins.credentials.ConjurCredentialStoreTest)] DEBUG org.apache.commons.beanutils.converters.ArrayConverter -- Converting 'java.net.URL[]' value '[Ljava.net.URL;@7bbbbab' to type 'java.net.URL[]'
18:14:44.615 [Executing testNonAdminWithoutCredentialsView(org.conjur.jenkins.credentials.ConjurCredentialStoreTest)] DEBUG org.apache.commons.beanutils.converters.ArrayConverter --     No conversion required, value is already a java.net.URL[]
18:14:44.618 [Executing testNonAdminWithoutCredentialsView(org.conjur.jenkins.credentials.ConjurCredentialStoreTest)] DEBUG org.apache.commons.jelly.JellyContext -- Registering tag library to:  taglib: org.kohsuke.stapler.jelly.ReallyStaticTagLibrary@77caff25
18:14:44.619 [Executing testNonAdminWithoutCredentialsView(org.conjur.jenkins.credentials.ConjurCredentialStoreTest)] DEBUG org.apache.commons.jelly.JellyContext -- Registering tag library to: this taglib: org.kohsuke.stapler.jelly.ThisTagLibrary@1d0e7414
18:14:44.620 [Executing testNonAdminWithoutCredentialsView(org.conjur.jenkins.credentials.ConjurCredentialStoreTest)] DEBUG org.eclipse.jetty.util.component.ContainerLifeCycle -- QueuedThreadPool[qtp2128853652]@7ee3ba94{STOPPED,8<=0<=200,i=0,r=-1,q=0}[NO_TRY] added {org.eclipse.jetty.util.thread.ThreadPoolBudget@51e054c4,POJO}
18:14:44.620 [Executing testNonAdminWithoutCredentialsView(org.conjur.jenkins.credentials.ConjurCredentialStoreTest)] DEBUG org.eclipse.jetty.util.component.ContainerLifeCycle -- Server@37c56656{STOPPED}[9.4.48.v20220622] added {QueuedThreadPool[Jetty (JavaNetReverseProxy)]@7ee3ba94{STOPPED,8<=0<=200,i=0,r=-1,q=0}[NO_TRY],AUTO}
18:14:44.621 [Executing testNonAdminWithoutCredentialsView(org.conjur.jenkins.credentials.ConjurCredentialStoreTest)] DEBUG org.eclipse.jetty.util.component.ContainerLifeCycle -- Server@37c56656{STOPPED}[9.4.48.v20220622] added {ContextHandlerCollection@575116f0{STOPPED},MANAGED}
18:14:44.621 [Executing testNonAdminWithoutCredentialsView(org.conjur.jenkins.credentials.ConjurCredentialStoreTest)] DEBUG org.eclipse.jetty.util.component.ContainerLifeCycle -- o.e.j.s.ServletContextHandler@9532b2c{/,null,STOPPED} added {SymlinkAllowedResourceAliasChecker@1eb5b8d2{base=null,protected=null},MANAGED}
18:14:44.622 [Executing testNonAdminWithoutCredentialsView(org.conjur.jenkins.credentials.ConjurCredentialStoreTest)] DEBUG org.eclipse.jetty.server.handler.ContextHandlerCollection -- ->[{o.e.j.s.ServletContextHandler@9532b2c{/,null,STOPPED},[o.e.j.s.ServletContextHandler@9532b2c{/,null,STOPPED}]}]
18:14:44.622 [Executing testNonAdminWithoutCredentialsView(org.conjur.jenkins.credentials.ConjurCredentialStoreTest)] DEBUG org.eclipse.jetty.util.component.ContainerLifeCycle -- ContextHandlerCollection@575116f0{STOPPED} added {o.e.j.s.ServletContextHandler@9532b2c{/,null,STOPPED},AUTO}
18:14:44.622 [Executing testNonAdminWithoutCredentialsView(org.conjur.jenkins.credentials.ConjurCredentialStoreTest)] DEBUG org.eclipse.jetty.util.DecoratedObjectFactory -- Adding Decorator: org.eclipse.jetty.util.DeprecationWarning@3ca7ff30
18:14:44.622 [Executing testNonAdminWithoutCredentialsView(org.conjur.jenkins.credentials.ConjurCredentialStoreTest)] DEBUG org.eclipse.jetty.util.component.ContainerLifeCycle -- o.e.j.s.ServletContextHandler@9532b2c{/,null,STOPPED} added {org.eclipse.jetty.server.session.SessionHandler1320503239==dftMaxIdleSec=-1,MANAGED}
18:14:44.622 [Executing testNonAdminWithoutCredentialsView(org.conjur.jenkins.credentials.ConjurCredentialStoreTest)] DEBUG org.eclipse.jetty.util.component.ContainerLifeCycle -- org.eclipse.jetty.server.session.SessionHandler1320503239==dftMaxIdleSec=-1 added {ServletHandler@d92f5fb{STOPPED},MANAGED}
18:14:44.622 [Executing testNonAdminWithoutCredentialsView(org.conjur.jenkins.credentials.ConjurCredentialStoreTest)] DEBUG org.eclipse.jetty.util.component.ContainerLifeCycle -- ServletHandler@d92f5fb{STOPPED} added {org.jvnet.hudson.test.JavaNetReverseProxy-6883abd3==org.jvnet.hudson.test.JavaNetReverseProxy@7662e263{jsp=null,order=-1,inst=false,async=true,src=EMBEDDED:null,STOPPED},AUTO}
18:14:44.622 [Executing testNonAdminWithoutCredentialsView(org.conjur.jenkins.credentials.ConjurCredentialStoreTest)] DEBUG org.eclipse.jetty.util.component.ContainerLifeCycle -- ServletHandler@d92f5fb{STOPPED} added {[/]=>org.jvnet.hudson.test.JavaNetReverseProxy-6883abd3,POJO}
18:14:44.622 [Executing testNonAdminWithoutCredentialsView(org.conjur.jenkins.credentials.ConjurCredentialStoreTest)] DEBUG org.eclipse.jetty.util.component.ContainerLifeCycle -- HttpConnectionFactory@6bde978c[HTTP/1.1] added {HttpConfiguration@fb17e4f{32768/8192,8192/8192,https://:0,[]},POJO}
18:14:44.622 [Executing testNonAdminWithoutCredentialsView(org.conjur.jenkins.credentials.ConjurCredentialStoreTest)] DEBUG org.eclipse.jetty.util.component.ContainerLifeCycle -- ServerConnector@15166f6f{null, ()}{0.0.0.0:0} added {Server@37c56656{STOPPED}[9.4.48.v20220622],UNMANAGED}
18:14:44.622 [Executing testNonAdminWithoutCredentialsView(org.conjur.jenkins.credentials.ConjurCredentialStoreTest)] DEBUG org.eclipse.jetty.util.component.ContainerLifeCycle -- ServerConnector@15166f6f{null, ()}{0.0.0.0:0} added {QueuedThreadPool[Jetty (JavaNetReverseProxy)]@7ee3ba94{STOPPED,8<=0<=200,i=0,r=-1,q=0}[NO_TRY],AUTO}
18:14:44.622 [Executing testNonAdminWithoutCredentialsView(org.conjur.jenkins.credentials.ConjurCredentialStoreTest)] DEBUG org.eclipse.jetty.util.component.ContainerLifeCycle -- ServerConnector@15166f6f{null, ()}{0.0.0.0:0} added {ScheduledExecutorScheduler@603e932d{STOPPED},AUTO}
18:14:44.622 [Executing testNonAdminWithoutCredentialsView(org.conjur.jenkins.credentials.ConjurCredentialStoreTest)] DEBUG org.eclipse.jetty.util.component.ContainerLifeCycle -- ServerConnector@15166f6f{null, ()}{0.0.0.0:0} added {ArrayByteBufferPool@7f430a51{minBufferCapacity=0, maxBufferCapacity=65536, maxQueueLength=-1, factor=1024},POJO}
18:14:44.622 [Executing testNonAdminWithoutCredentialsView(org.conjur.jenkins.credentials.ConjurCredentialStoreTest)] DEBUG org.eclipse.jetty.util.component.ContainerLifeCycle -- ServerConnector@15166f6f{null, (http/1.1)}{0.0.0.0:0} added {HttpConnectionFactory@6bde978c[HTTP/1.1],AUTO}
18:14:44.622 [Executing testNonAdminWithoutCredentialsView(org.conjur.jenkins.credentials.ConjurCredentialStoreTest)] DEBUG org.eclipse.jetty.server.AbstractConnector -- ServerConnector@15166f6f{HTTP/1.1, (http/1.1)}{0.0.0.0:0} added HttpConnectionFactory@6bde978c[HTTP/1.1]
18:14:44.622 [Executing testNonAdminWithoutCredentialsView(org.conjur.jenkins.credentials.ConjurCredentialStoreTest)] DEBUG org.eclipse.jetty.util.component.ContainerLifeCycle -- ServerConnector@15166f6f{HTTP/1.1, (http/1.1)}{0.0.0.0:0} added {SelectorManager@ServerConnector@15166f6f{HTTP/1.1, (http/1.1)}{0.0.0.0:0},MANAGED}
18:14:44.622 [Executing testNonAdminWithoutCredentialsView(org.conjur.jenkins.credentials.ConjurCredentialStoreTest)] DEBUG org.eclipse.jetty.util.component.ContainerLifeCycle -- Server@37c56656{STOPPED}[9.4.48.v20220622] added {ServerConnector@15166f6f{HTTP/1.1, (http/1.1)}{0.0.0.0:0},AUTO}
18:14:44.622 [Executing testNonAdminWithoutCredentialsView(org.conjur.jenkins.credentials.ConjurCredentialStoreTest)] DEBUG org.eclipse.jetty.util.component.AbstractLifeCycle -- starting Server@37c56656{STOPPED}[9.4.48.v20220622]
18:14:44.622 [Executing testNonAdminWithoutCredentialsView(org.conjur.jenkins.credentials.ConjurCredentialStoreTest)] DEBUG org.eclipse.jetty.util.component.ContainerLifeCycle -- Server@37c56656{STARTING}[9.4.48.v20220622] added {ErrorHandler@7b8440f0{STOPPED},AUTO}
18:14:44.622 [Executing testNonAdminWithoutCredentialsView(org.conjur.jenkins.credentials.ConjurCredentialStoreTest)] INFO org.eclipse.jetty.server.Server -- jetty-9.4.48.v20220622; built: 2022-06-21T20:42:25.880Z; git: 6b67c5719d1f4371b33655ff2d047d24e171e49a; jvm 17.0.11+9-adhoc.admin.jdk17u
18:14:44.622 [Executing testNonAdminWithoutCredentialsView(org.conjur.jenkins.credentials.ConjurCredentialStoreTest)] DEBUG org.eclipse.jetty.server.handler.AbstractHandler -- starting Server@37c56656{STARTING}[9.4.48.v20220622]
18:14:44.622 [Executing testNonAdminWithoutCredentialsView(org.conjur.jenkins.credentials.ConjurCredentialStoreTest)] DEBUG org.eclipse.jetty.util.component.AbstractLifeCycle -- starting QueuedThreadPool[Jetty (JavaNetReverseProxy)]@7ee3ba94{STOPPED,8<=0<=200,i=0,r=-1,q=0}[NO_TRY]
18:14:44.623 [Executing testNonAdminWithoutCredentialsView(org.conjur.jenkins.credentials.ConjurCredentialStoreTest)] DEBUG org.eclipse.jetty.util.thread.ReservedThreadExecutor -- ReservedThreadExecutor@5dcf25f8{reserved=0/16,pending=0}
18:14:44.623 [Executing testNonAdminWithoutCredentialsView(org.conjur.jenkins.credentials.ConjurCredentialStoreTest)] DEBUG org.eclipse.jetty.util.component.ContainerLifeCycle -- QueuedThreadPool[Jetty (JavaNetReverseProxy)]@7ee3ba94{STARTING,8<=0<=200,i=0,r=-1,q=0}[ReservedThreadExecutor@5dcf25f8{reserved=0/16,pending=0}] added {ReservedThreadExecutor@5dcf25f8{reserved=0/16,pending=0},AUTO}
18:14:44.623 [Executing testNonAdminWithoutCredentialsView(org.conjur.jenkins.credentials.ConjurCredentialStoreTest)] DEBUG org.eclipse.jetty.util.component.AbstractLifeCycle -- starting ReservedThreadExecutor@5dcf25f8{reserved=0/16,pending=0}
18:14:44.623 [Executing testNonAdminWithoutCredentialsView(org.conjur.jenkins.credentials.ConjurCredentialStoreTest)] DEBUG org.eclipse.jetty.util.component.AbstractLifeCycle -- STARTED @11727ms ReservedThreadExecutor@5dcf25f8{reserved=0/16,pending=0}
18:14:44.623 [Executing testNonAdminWithoutCredentialsView(org.conjur.jenkins.credentials.ConjurCredentialStoreTest)] DEBUG org.eclipse.jetty.util.thread.QueuedThreadPool -- Starting Thread[Jetty (JavaNetReverseProxy)-90,5,main]
18:14:44.623 [Executing testNonAdminWithoutCredentialsView(org.conjur.jenkins.credentials.ConjurCredentialStoreTest)] DEBUG org.eclipse.jetty.util.thread.QueuedThreadPool -- Starting Thread[Jetty (JavaNetReverseProxy)-91,5,main]
18:14:44.623 [Jetty (JavaNetReverseProxy)-90] DEBUG org.eclipse.jetty.util.thread.QueuedThreadPool -- Runner started for QueuedThreadPool[Jetty (JavaNetReverseProxy)]@7ee3ba94{STARTING,8<=2<=200,i=2,r=-1,q=0}[ReservedThreadExecutor@5dcf25f8{reserved=0/16,pending=0}]
18:14:44.623 [Executing testNonAdminWithoutCredentialsView(org.conjur.jenkins.credentials.ConjurCredentialStoreTest)] DEBUG org.eclipse.jetty.util.thread.QueuedThreadPool -- Starting Thread[Jetty (JavaNetReverseProxy)-92,5,main]
18:14:44.623 [Jetty (JavaNetReverseProxy)-91] DEBUG org.eclipse.jetty.util.thread.QueuedThreadPool -- Runner started for QueuedThreadPool[Jetty (JavaNetReverseProxy)]@7ee3ba94{STARTING,8<=3<=200,i=3,r=-1,q=0}[ReservedThreadExecutor@5dcf25f8{reserved=0/16,pending=0}]
18:14:44.623 [Executing testNonAdminWithoutCredentialsView(org.conjur.jenkins.credentials.ConjurCredentialStoreTest)] DEBUG org.eclipse.jetty.util.thread.QueuedThreadPool -- Starting Thread[Jetty (JavaNetReverseProxy)-93,5,main]
18:14:44.623 [Jetty (JavaNetReverseProxy)-92] DEBUG org.eclipse.jetty.util.thread.QueuedThreadPool -- Runner started for QueuedThreadPool[Jetty (JavaNetReverseProxy)]@7ee3ba94{STARTING,8<=4<=200,i=4,r=-1,q=0}[ReservedThreadExecutor@5dcf25f8{reserved=0/16,pending=0}]
18:14:44.623 [Executing testNonAdminWithoutCredentialsView(org.conjur.jenkins.credentials.ConjurCredentialStoreTest)] DEBUG org.eclipse.jetty.util.thread.QueuedThreadPool -- Starting Thread[Jetty (JavaNetReverseProxy)-94,5,main]
18:14:44.623 [Jetty (JavaNetReverseProxy)-93] DEBUG org.eclipse.jetty.util.thread.QueuedThreadPool -- Runner started for QueuedThreadPool[Jetty (JavaNetReverseProxy)]@7ee3ba94{STARTING,8<=5<=200,i=5,r=-1,q=0}[ReservedThreadExecutor@5dcf25f8{reserved=0/16,pending=0}]
18:14:44.623 [Executing testNonAdminWithoutCredentialsView(org.conjur.jenkins.credentials.ConjurCredentialStoreTest)] DEBUG org.eclipse.jetty.util.thread.QueuedThreadPool -- Starting Thread[Jetty (JavaNetReverseProxy)-95,5,main]
18:14:44.623 [Jetty (JavaNetReverseProxy)-94] DEBUG org.eclipse.jetty.util.thread.QueuedThreadPool -- Runner started for QueuedThreadPool[Jetty (JavaNetReverseProxy)]@7ee3ba94{STARTING,8<=6<=200,i=6,r=-1,q=0}[ReservedThreadExecutor@5dcf25f8{reserved=0/16,pending=0}]
18:14:44.623 [Executing testNonAdminWithoutCredentialsView(org.conjur.jenkins.credentials.ConjurCredentialStoreTest)] DEBUG org.eclipse.jetty.util.thread.QueuedThreadPool -- Starting Thread[Jetty (JavaNetReverseProxy)-96,5,main]
18:14:44.624 [Jetty (JavaNetReverseProxy)-95] DEBUG org.eclipse.jetty.util.thread.QueuedThreadPool -- Runner started for QueuedThreadPool[Jetty (JavaNetReverseProxy)]@7ee3ba94{STARTING,8<=7<=200,i=7,r=-1,q=0}[ReservedThreadExecutor@5dcf25f8{reserved=0/16,pending=0}]
18:14:44.624 [Executing testNonAdminWithoutCredentialsView(org.conjur.jenkins.credentials.ConjurCredentialStoreTest)] DEBUG org.eclipse.jetty.util.thread.QueuedThreadPool -- Starting Thread[Jetty (JavaNetReverseProxy)-97,5,main]
18:14:44.624 [Jetty (JavaNetReverseProxy)-96] DEBUG org.eclipse.jetty.util.thread.QueuedThreadPool -- Runner started for QueuedThreadPool[Jetty (JavaNetReverseProxy)]@7ee3ba94{STARTING,8<=8<=200,i=8,r=-1,q=0}[ReservedThreadExecutor@5dcf25f8{reserved=0/16,pending=0}]
18:14:44.624 [Executing testNonAdminWithoutCredentialsView(org.conjur.jenkins.credentials.ConjurCredentialStoreTest)] DEBUG org.eclipse.jetty.util.component.AbstractLifeCycle -- STARTED @11728ms QueuedThreadPool[Jetty (JavaNetReverseProxy)]@7ee3ba94{STARTED,8<=8<=200,i=8,r=-1,q=0}[ReservedThreadExecutor@5dcf25f8{reserved=0/16,pending=0}]
18:14:44.624 [Executing testNonAdminWithoutCredentialsView(org.conjur.jenkins.credentials.ConjurCredentialStoreTest)] DEBUG org.eclipse.jetty.util.component.AbstractLifeCycle -- starting ContextHandlerCollection@575116f0{STOPPED}
18:14:44.624 [Executing testNonAdminWithoutCredentialsView(org.conjur.jenkins.credentials.ConjurCredentialStoreTest)] DEBUG org.eclipse.jetty.server.handler.AbstractHandler -- starting ContextHandlerCollection@575116f0{STARTING}
18:14:44.624 [Executing testNonAdminWithoutCredentialsView(org.conjur.jenkins.credentials.ConjurCredentialStoreTest)] DEBUG org.eclipse.jetty.util.component.AbstractLifeCycle -- starting o.e.j.s.ServletContextHandler@9532b2c{/,null,STOPPED}
18:14:44.624 [Jetty (JavaNetReverseProxy)-97] DEBUG org.eclipse.jetty.util.thread.QueuedThreadPool -- Runner started for QueuedThreadPool[Jetty (JavaNetReverseProxy)]@7ee3ba94{STARTED,8<=8<=200,i=8,r=-1,q=0}[ReservedThreadExecutor@5dcf25f8{reserved=0/16,pending=0}]
18:14:44.624 [Executing testNonAdminWithoutCredentialsView(org.conjur.jenkins.credentials.ConjurCredentialStoreTest)] DEBUG org.eclipse.jetty.server.handler.AbstractHandler -- starting o.e.j.s.ServletContextHandler@9532b2c{/,null,STARTING}
18:14:44.624 [Executing testNonAdminWithoutCredentialsView(org.conjur.jenkins.credentials.ConjurCredentialStoreTest)] DEBUG org.eclipse.jetty.util.component.AbstractLifeCycle -- starting SymlinkAllowedResourceAliasChecker@1eb5b8d2{base=null,protected=null}
18:14:44.624 [Executing testNonAdminWithoutCredentialsView(org.conjur.jenkins.credentials.ConjurCredentialStoreTest)] DEBUG org.eclipse.jetty.util.component.AbstractLifeCycle -- STARTED @11728ms SymlinkAllowedResourceAliasChecker@1eb5b8d2{base=null,protected=null}
18:14:44.624 [Executing testNonAdminWithoutCredentialsView(org.conjur.jenkins.credentials.ConjurCredentialStoreTest)] DEBUG org.eclipse.jetty.util.component.AbstractLifeCycle -- starting org.eclipse.jetty.server.session.SessionHandler1320503239==dftMaxIdleSec=-1
18:14:44.624 [Executing testNonAdminWithoutCredentialsView(org.conjur.jenkins.credentials.ConjurCredentialStoreTest)] DEBUG org.eclipse.jetty.util.component.ContainerLifeCycle -- org.eclipse.jetty.server.session.SessionHandler1320503239==dftMaxIdleSec=-1 added {org.eclipse.jetty.server.session.DefaultSessionCache@4988ecfd[evict=-1,removeUnloadable=false,saveOnCreate=false,saveOnInactiveEvict=false],AUTO}
18:14:44.624 [Executing testNonAdminWithoutCredentialsView(org.conjur.jenkins.credentials.ConjurCredentialStoreTest)] DEBUG org.eclipse.jetty.util.component.ContainerLifeCycle -- org.eclipse.jetty.server.session.DefaultSessionCache@4988ecfd[evict=-1,removeUnloadable=false,saveOnCreate=false,saveOnInactiveEvict=false] added {org.eclipse.jetty.server.session.NullSessionDataStore@7e80a91c[passivating=false,graceSec=3600],AUTO}
18:14:44.624 [Executing testNonAdminWithoutCredentialsView(org.conjur.jenkins.credentials.ConjurCredentialStoreTest)] DEBUG org.eclipse.jetty.util.component.AbstractLifeCycle -- starting DefaultSessionIdManager@9c961ee{STOPPED}[worker=null]
18:14:44.624 [Executing testNonAdminWithoutCredentialsView(org.conjur.jenkins.credentials.ConjurCredentialStoreTest)] INFO org.eclipse.jetty.server.session -- DefaultSessionIdManager workerName=node0
18:14:44.624 [Executing testNonAdminWithoutCredentialsView(org.conjur.jenkins.credentials.ConjurCredentialStoreTest)] INFO org.eclipse.jetty.server.session -- No SessionScavenger set, using defaults
18:14:44.624 [Executing testNonAdminWithoutCredentialsView(org.conjur.jenkins.credentials.ConjurCredentialStoreTest)] DEBUG org.eclipse.jetty.util.component.ContainerLifeCycle -- DefaultSessionIdManager@9c961ee{STARTING}[worker=node0] added {HouseKeeper@4713514f{STOPPED}[interval=600000, ownscheduler=false],MANAGED}
18:14:44.624 [Executing testNonAdminWithoutCredentialsView(org.conjur.jenkins.credentials.ConjurCredentialStoreTest)] DEBUG org.eclipse.jetty.util.component.AbstractLifeCycle -- starting HouseKeeper@4713514f{STOPPED}[interval=600000, ownscheduler=false]
18:14:44.624 [Executing testNonAdminWithoutCredentialsView(org.conjur.jenkins.credentials.ConjurCredentialStoreTest)] DEBUG org.eclipse.jetty.util.component.AbstractLifeCycle -- starting ScheduledExecutorScheduler@49f2b254{STOPPED}
18:14:44.624 [Executing testNonAdminWithoutCredentialsView(org.conjur.jenkins.credentials.ConjurCredentialStoreTest)] DEBUG org.eclipse.jetty.util.component.AbstractLifeCycle -- STARTED @11728ms ScheduledExecutorScheduler@49f2b254{STARTED}
18:14:44.624 [Executing testNonAdminWithoutCredentialsView(org.conjur.jenkins.credentials.ConjurCredentialStoreTest)] DEBUG org.eclipse.jetty.server.session -- Using own scheduler for scavenging
18:14:44.624 [Executing testNonAdminWithoutCredentialsView(org.conjur.jenkins.credentials.ConjurCredentialStoreTest)] INFO org.eclipse.jetty.server.session -- node0 Scavenging every 660000ms
18:14:44.624 [Executing testNonAdminWithoutCredentialsView(org.conjur.jenkins.credentials.ConjurCredentialStoreTest)] DEBUG org.eclipse.jetty.util.component.AbstractLifeCycle -- STARTED @11728ms HouseKeeper@4713514f{STARTED}[interval=660000, ownscheduler=true]
18:14:44.624 [Executing testNonAdminWithoutCredentialsView(org.conjur.jenkins.credentials.ConjurCredentialStoreTest)] DEBUG org.eclipse.jetty.util.component.AbstractLifeCycle -- STARTED @11728ms DefaultSessionIdManager@9c961ee{STARTED}[worker=node0]
18:14:44.624 [Executing testNonAdminWithoutCredentialsView(org.conjur.jenkins.credentials.ConjurCredentialStoreTest)] DEBUG org.eclipse.jetty.util.component.ContainerLifeCycle -- Server@37c56656{STARTING}[9.4.48.v20220622] added {DefaultSessionIdManager@9c961ee{STARTED}[worker=node0],MANAGED}
18:14:44.624 [Executing testNonAdminWithoutCredentialsView(org.conjur.jenkins.credentials.ConjurCredentialStoreTest)] DEBUG org.eclipse.jetty.util.component.ContainerLifeCycle -- org.eclipse.jetty.server.session.SessionHandler1320503239==dftMaxIdleSec=-1 added {DefaultSessionIdManager@9c961ee{STARTED}[worker=node0],UNMANAGED}
18:14:44.624 [Executing testNonAdminWithoutCredentialsView(org.conjur.jenkins.credentials.ConjurCredentialStoreTest)] DEBUG org.eclipse.jetty.util.component.AbstractLifeCycle -- starting ScheduledExecutorScheduler@70c5fb98{STOPPED}
18:14:44.624 [Executing testNonAdminWithoutCredentialsView(org.conjur.jenkins.credentials.ConjurCredentialStoreTest)] DEBUG org.eclipse.jetty.util.component.AbstractLifeCycle -- STARTED @11728ms ScheduledExecutorScheduler@70c5fb98{STARTED}
18:14:44.624 [Executing testNonAdminWithoutCredentialsView(org.conjur.jenkins.credentials.ConjurCredentialStoreTest)] DEBUG org.eclipse.jetty.server.handler.AbstractHandler -- starting org.eclipse.jetty.server.session.SessionHandler1320503239==dftMaxIdleSec=-1
18:14:44.624 [Executing testNonAdminWithoutCredentialsView(org.conjur.jenkins.credentials.ConjurCredentialStoreTest)] DEBUG org.eclipse.jetty.util.component.AbstractLifeCycle -- starting ServletHandler@d92f5fb{STOPPED}
18:14:44.624 [Executing testNonAdminWithoutCredentialsView(org.conjur.jenkins.credentials.ConjurCredentialStoreTest)] DEBUG org.eclipse.jetty.servlet.ServletHandler -- Path=/[EMBEDDED:null] mapped to servlet=org.jvnet.hudson.test.JavaNetReverseProxy-6883abd3[EMBEDDED:null]
18:14:44.625 [Executing testNonAdminWithoutCredentialsView(org.conjur.jenkins.credentials.ConjurCredentialStoreTest)] DEBUG org.eclipse.jetty.http.pathmap.PathMappings -- Added MappedResource[pathSpec=ServletPathSpec@9457dcb7{/},resource=org.jvnet.hudson.test.JavaNetReverseProxy-6883abd3==org.jvnet.hudson.test.JavaNetReverseProxy@7662e263{jsp=null,order=-1,inst=false,async=true,src=EMBEDDED:null,STOPPED}] to PathMappings[size=1]
18:14:44.625 [Executing testNonAdminWithoutCredentialsView(org.conjur.jenkins.credentials.ConjurCredentialStoreTest)] DEBUG org.eclipse.jetty.servlet.ServletHandler -- filterNameMap={}
18:14:44.625 [Executing testNonAdminWithoutCredentialsView(org.conjur.jenkins.credentials.ConjurCredentialStoreTest)] DEBUG org.eclipse.jetty.servlet.ServletHandler -- pathFilters=null
18:14:44.625 [Executing testNonAdminWithoutCredentialsView(org.conjur.jenkins.credentials.ConjurCredentialStoreTest)] DEBUG org.eclipse.jetty.servlet.ServletHandler -- servletFilterMap=null
18:14:44.625 [Executing testNonAdminWithoutCredentialsView(org.conjur.jenkins.credentials.ConjurCredentialStoreTest)] DEBUG org.eclipse.jetty.servlet.ServletHandler -- servletPathMap=PathMappings[size=1]
18:14:44.625 [Executing testNonAdminWithoutCredentialsView(org.conjur.jenkins.credentials.ConjurCredentialStoreTest)] DEBUG org.eclipse.jetty.servlet.ServletHandler -- servletNameMap={org.jvnet.hudson.test.JavaNetReverseProxy-6883abd3=org.jvnet.hudson.test.JavaNetReverseProxy-6883abd3==org.jvnet.hudson.test.JavaNetReverseProxy@7662e263{jsp=null,order=-1,inst=false,async=true,src=EMBEDDED:null,STOPPED}}
18:14:44.625 [Executing testNonAdminWithoutCredentialsView(org.conjur.jenkins.credentials.ConjurCredentialStoreTest)] DEBUG org.eclipse.jetty.server.handler.AbstractHandler -- starting ServletHandler@d92f5fb{STARTING}
18:14:44.625 [Executing testNonAdminWithoutCredentialsView(org.conjur.jenkins.credentials.ConjurCredentialStoreTest)] DEBUG org.eclipse.jetty.util.component.AbstractLifeCycle -- STARTED @11729ms ServletHandler@d92f5fb{STARTED}
18:14:44.625 [Executing testNonAdminWithoutCredentialsView(org.conjur.jenkins.credentials.ConjurCredentialStoreTest)] DEBUG org.eclipse.jetty.util.component.AbstractLifeCycle -- starting org.eclipse.jetty.server.session.DefaultSessionCache@4988ecfd[evict=-1,removeUnloadable=false,saveOnCreate=false,saveOnInactiveEvict=false]
18:14:44.625 [Executing testNonAdminWithoutCredentialsView(org.conjur.jenkins.credentials.ConjurCredentialStoreTest)] DEBUG org.eclipse.jetty.util.component.AbstractLifeCycle -- starting org.eclipse.jetty.server.session.NullSessionDataStore@7e80a91c[passivating=false,graceSec=3600]
18:14:44.625 [Executing testNonAdminWithoutCredentialsView(org.conjur.jenkins.credentials.ConjurCredentialStoreTest)] DEBUG org.eclipse.jetty.util.component.AbstractLifeCycle -- STARTED @11729ms org.eclipse.jetty.server.session.NullSessionDataStore@7e80a91c[passivating=false,graceSec=3600]
18:14:44.625 [Executing testNonAdminWithoutCredentialsView(org.conjur.jenkins.credentials.ConjurCredentialStoreTest)] DEBUG org.eclipse.jetty.util.component.AbstractLifeCycle -- STARTED @11729ms org.eclipse.jetty.server.session.DefaultSessionCache@4988ecfd[evict=-1,removeUnloadable=false,saveOnCreate=false,saveOnInactiveEvict=false]
18:14:44.625 [Executing testNonAdminWithoutCredentialsView(org.conjur.jenkins.credentials.ConjurCredentialStoreTest)] DEBUG org.eclipse.jetty.util.component.AbstractLifeCycle -- STARTED @11729ms org.eclipse.jetty.server.session.SessionHandler1320503239==dftMaxIdleSec=-1
18:14:44.625 [Executing testNonAdminWithoutCredentialsView(org.conjur.jenkins.credentials.ConjurCredentialStoreTest)] DEBUG org.eclipse.jetty.util.component.AbstractLifeCycle -- starting org.jvnet.hudson.test.JavaNetReverseProxy-6883abd3==org.jvnet.hudson.test.JavaNetReverseProxy@7662e263{jsp=null,order=-1,inst=false,async=true,src=EMBEDDED:null,STOPPED}
18:14:44.625 [Executing testNonAdminWithoutCredentialsView(org.conjur.jenkins.credentials.ConjurCredentialStoreTest)] DEBUG org.eclipse.jetty.util.component.AbstractLifeCycle -- STARTED @11729ms org.jvnet.hudson.test.JavaNetReverseProxy-6883abd3==org.jvnet.hudson.test.JavaNetReverseProxy@7662e263{jsp=null,order=-1,inst=false,async=true,src=EMBEDDED:null,STARTED}
18:14:44.625 [Executing testNonAdminWithoutCredentialsView(org.conjur.jenkins.credentials.ConjurCredentialStoreTest)] DEBUG org.eclipse.jetty.servlet.ServletHolder -- Servlet.init null for org.jvnet.hudson.test.JavaNetReverseProxy-6883abd3
18:14:44.625 [Executing testNonAdminWithoutCredentialsView(org.conjur.jenkins.credentials.ConjurCredentialStoreTest)] INFO org.eclipse.jetty.server.handler.ContextHandler -- Started o.e.j.s.ServletContextHandler@9532b2c{/,null,AVAILABLE}
18:14:44.625 [Executing testNonAdminWithoutCredentialsView(org.conjur.jenkins.credentials.ConjurCredentialStoreTest)] DEBUG org.eclipse.jetty.util.component.AbstractLifeCycle -- STARTED @11729ms o.e.j.s.ServletContextHandler@9532b2c{/,null,AVAILABLE}
18:14:44.625 [Executing testNonAdminWithoutCredentialsView(org.conjur.jenkins.credentials.ConjurCredentialStoreTest)] DEBUG org.eclipse.jetty.util.component.AbstractLifeCycle -- STARTED @11729ms ContextHandlerCollection@575116f0{STARTED}
18:14:44.625 [Executing testNonAdminWithoutCredentialsView(org.conjur.jenkins.credentials.ConjurCredentialStoreTest)] DEBUG org.eclipse.jetty.util.component.AbstractLifeCycle -- starting ErrorHandler@7b8440f0{STOPPED}
18:14:44.625 [Executing testNonAdminWithoutCredentialsView(org.conjur.jenkins.credentials.ConjurCredentialStoreTest)] DEBUG org.eclipse.jetty.server.handler.AbstractHandler -- starting ErrorHandler@7b8440f0{STARTING}
18:14:44.625 [Executing testNonAdminWithoutCredentialsView(org.conjur.jenkins.credentials.ConjurCredentialStoreTest)] DEBUG org.eclipse.jetty.util.component.AbstractLifeCycle -- STARTED @11729ms ErrorHandler@7b8440f0{STARTED}
18:14:44.625 [Executing testNonAdminWithoutCredentialsView(org.conjur.jenkins.credentials.ConjurCredentialStoreTest)] DEBUG org.eclipse.jetty.util.component.AbstractLifeCycle -- starting ServerConnector@15166f6f{HTTP/1.1, (http/1.1)}{0.0.0.0:0}
18:14:44.625 [Executing testNonAdminWithoutCredentialsView(org.conjur.jenkins.credentials.ConjurCredentialStoreTest)] DEBUG org.eclipse.jetty.util.component.ContainerLifeCycle -- ServerConnector@15166f6f{HTTP/1.1, (http/1.1)}{0.0.0.0:51444} added {sun.nio.ch.ServerSocketChannelImpl[/[0:0:0:0:0:0:0:0]:51444],POJO}
18:14:44.625 [Executing testNonAdminWithoutCredentialsView(org.conjur.jenkins.credentials.ConjurCredentialStoreTest)] DEBUG org.eclipse.jetty.util.component.AbstractLifeCycle -- starting ScheduledExecutorScheduler@603e932d{STOPPED}
18:14:44.625 [Executing testNonAdminWithoutCredentialsView(org.conjur.jenkins.credentials.ConjurCredentialStoreTest)] DEBUG org.eclipse.jetty.util.component.AbstractLifeCycle -- STARTED @11729ms ScheduledExecutorScheduler@603e932d{STARTED}
18:14:44.625 [Executing testNonAdminWithoutCredentialsView(org.conjur.jenkins.credentials.ConjurCredentialStoreTest)] DEBUG org.eclipse.jetty.util.component.AbstractLifeCycle -- starting HttpConnectionFactory@6bde978c[HTTP/1.1]
18:14:44.625 [Executing testNonAdminWithoutCredentialsView(org.conjur.jenkins.credentials.ConjurCredentialStoreTest)] DEBUG org.eclipse.jetty.util.component.AbstractLifeCycle -- STARTED @11729ms HttpConnectionFactory@6bde978c[HTTP/1.1]
18:14:44.625 [Executing testNonAdminWithoutCredentialsView(org.conjur.jenkins.credentials.ConjurCredentialStoreTest)] DEBUG org.eclipse.jetty.util.component.AbstractLifeCycle -- starting SelectorManager@ServerConnector@15166f6f{HTTP/1.1, (http/1.1)}{0.0.0.0:51444}
18:14:44.625 [Executing testNonAdminWithoutCredentialsView(org.conjur.jenkins.credentials.ConjurCredentialStoreTest)] DEBUG org.eclipse.jetty.util.component.ContainerLifeCycle -- EatWhatYouKill@2d8145e6/SelectorProducer@713d2210/IDLE/p=false/QueuedThreadPool[Jetty (JavaNetReverseProxy)]@7ee3ba94{STARTED,8<=8<=200,i=8,r=-1,q=0}[ReservedThreadExecutor@5dcf25f8{reserved=0/16,pending=0}][pc=0,pic=0,pec=0,epc=0]@2024-10-22T18:14:44.625933+05:30 added {SelectorProducer@713d2210,POJO}
18:14:44.626 [Executing testNonAdminWithoutCredentialsView(org.conjur.jenkins.credentials.ConjurCredentialStoreTest)] DEBUG org.eclipse.jetty.util.component.ContainerLifeCycle -- EatWhatYouKill@2d8145e6/SelectorProducer@713d2210/IDLE/p=false/QueuedThreadPool[Jetty (JavaNetReverseProxy)]@7ee3ba94{STARTED,8<=8<=200,i=8,r=-1,q=0}[ReservedThreadExecutor@5dcf25f8{reserved=0/16,pending=0}][pc=0,pic=0,pec=0,epc=0]@2024-10-22T18:14:44.626023+05:30 added {QueuedThreadPool[Jetty (JavaNetReverseProxy)]@7ee3ba94{STARTED,8<=8<=200,i=8,r=-1,q=0}[ReservedThreadExecutor@5dcf25f8{reserved=0/16,pending=0}],UNMANAGED}
18:14:44.626 [Executing testNonAdminWithoutCredentialsView(org.conjur.jenkins.credentials.ConjurCredentialStoreTest)] DEBUG org.eclipse.jetty.util.thread.strategy.EatWhatYouKill -- EatWhatYouKill@2d8145e6/SelectorProducer@713d2210/IDLE/p=false/QueuedThreadPool[Jetty (JavaNetReverseProxy)]@7ee3ba94{STARTED,8<=8<=200,i=8,r=-1,q=0}[ReservedThreadExecutor@5dcf25f8{reserved=0/16,pending=0}][pc=0,pic=0,pec=0,epc=0]@2024-10-22T18:14:44.626117+05:30 created
18:14:44.626 [Executing testNonAdminWithoutCredentialsView(org.conjur.jenkins.credentials.ConjurCredentialStoreTest)] DEBUG org.eclipse.jetty.util.component.ContainerLifeCycle -- ManagedSelector@4a96feca{STOPPED} id=0 keys=-1 selected=-1 updates=0 added {EatWhatYouKill@2d8145e6/SelectorProducer@713d2210/IDLE/p=false/QueuedThreadPool[Jetty (JavaNetReverseProxy)]@7ee3ba94{STARTED,8<=8<=200,i=8,r=-1,q=0}[ReservedThreadExecutor@5dcf25f8{reserved=0/16,pending=0}][pc=0,pic=0,pec=0,epc=0]@2024-10-22T18:14:44.626186+05:30,MANAGED}
18:14:44.626 [Executing testNonAdminWithoutCredentialsView(org.conjur.jenkins.credentials.ConjurCredentialStoreTest)] DEBUG org.eclipse.jetty.util.component.ContainerLifeCycle -- SelectorManager@ServerConnector@15166f6f{HTTP/1.1, (http/1.1)}{0.0.0.0:51444} added {ManagedSelector@4a96feca{STOPPED} id=0 keys=-1 selected=-1 updates=0,AUTO}
18:14:44.626 [Executing testNonAdminWithoutCredentialsView(org.conjur.jenkins.credentials.ConjurCredentialStoreTest)] DEBUG org.eclipse.jetty.util.component.ContainerLifeCycle -- EatWhatYouKill@15d0c53b/SelectorProducer@32d90c12/IDLE/p=false/QueuedThreadPool[Jetty (JavaNetReverseProxy)]@7ee3ba94{STARTED,8<=8<=200,i=8,r=-1,q=0}[ReservedThreadExecutor@5dcf25f8{reserved=0/16,pending=0}][pc=0,pic=0,pec=0,epc=0]@2024-10-22T18:14:44.626288+05:30 added {SelectorProducer@32d90c12,POJO}
18:14:44.626 [Executing testNonAdminWithoutCredentialsView(org.conjur.jenkins.credentials.ConjurCredentialStoreTest)] DEBUG org.eclipse.jetty.util.component.ContainerLifeCycle -- EatWhatYouKill@15d0c53b/SelectorProducer@32d90c12/IDLE/p=false/QueuedThreadPool[Jetty (JavaNetReverseProxy)]@7ee3ba94{STARTED,8<=8<=200,i=8,r=-1,q=0}[ReservedThreadExecutor@5dcf25f8{reserved=0/16,pending=0}][pc=0,pic=0,pec=0,epc=0]@2024-10-22T18:14:44.626348+05:30 added {QueuedThreadPool[Jetty (JavaNetReverseProxy)]@7ee3ba94{STARTED,8<=8<=200,i=8,r=-1,q=0}[ReservedThreadExecutor@5dcf25f8{reserved=0/16,pending=0}],UNMANAGED}
18:14:44.626 [Executing testNonAdminWithoutCredentialsView(org.conjur.jenkins.credentials.ConjurCredentialStoreTest)] DEBUG org.eclipse.jetty.util.thread.strategy.EatWhatYouKill -- EatWhatYouKill@15d0c53b/SelectorProducer@32d90c12/IDLE/p=false/QueuedThreadPool[Jetty (JavaNetReverseProxy)]@7ee3ba94{STARTED,8<=8<=200,i=8,r=-1,q=0}[ReservedThreadExecutor@5dcf25f8{reserved=0/16,pending=0}][pc=0,pic=0,pec=0,epc=0]@2024-10-22T18:14:44.626415+05:30 created
18:14:44.626 [Executing testNonAdminWithoutCredentialsView(org.conjur.jenkins.credentials.ConjurCredentialStoreTest)] DEBUG org.eclipse.jetty.util.component.ContainerLifeCycle -- ManagedSelector@2a6c85fb{STOPPED} id=1 keys=-1 selected=-1 updates=0 added {EatWhatYouKill@15d0c53b/SelectorProducer@32d90c12/IDLE/p=false/QueuedThreadPool[Jetty (JavaNetReverseProxy)]@7ee3ba94{STARTED,8<=8<=200,i=8,r=-1,q=0}[ReservedThreadExecutor@5dcf25f8{reserved=0/16,pending=0}][pc=0,pic=0,pec=0,epc=0]@2024-10-22T18:14:44.626486+05:30,MANAGED}
18:14:44.626 [Executing testNonAdminWithoutCredentialsView(org.conjur.jenkins.credentials.ConjurCredentialStoreTest)] DEBUG org.eclipse.jetty.util.component.ContainerLifeCycle -- SelectorManager@ServerConnector@15166f6f{HTTP/1.1, (http/1.1)}{0.0.0.0:51444} added {ManagedSelector@2a6c85fb{STOPPED} id=1 keys=-1 selected=-1 updates=0,AUTO}
18:14:44.626 [Executing testNonAdminWithoutCredentialsView(org.conjur.jenkins.credentials.ConjurCredentialStoreTest)] DEBUG org.eclipse.jetty.util.component.ContainerLifeCycle -- EatWhatYouKill@57715ed2/SelectorProducer@449ba01a/IDLE/p=false/QueuedThreadPool[Jetty (JavaNetReverseProxy)]@7ee3ba94{STARTED,8<=8<=200,i=8,r=-1,q=0}[ReservedThreadExecutor@5dcf25f8{reserved=0/16,pending=0}][pc=0,pic=0,pec=0,epc=0]@2024-10-22T18:14:44.626593+05:30 added {SelectorProducer@449ba01a,POJO}
18:14:44.626 [Executing testNonAdminWithoutCredentialsView(org.conjur.jenkins.credentials.ConjurCredentialStoreTest)] DEBUG org.eclipse.jetty.util.component.ContainerLifeCycle -- EatWhatYouKill@57715ed2/SelectorProducer@449ba01a/IDLE/p=false/QueuedThreadPool[Jetty (JavaNetReverseProxy)]@7ee3ba94{STARTED,8<=8<=200,i=8,r=-1,q=0}[ReservedThreadExecutor@5dcf25f8{reserved=0/16,pending=0}][pc=0,pic=0,pec=0,epc=0]@2024-10-22T18:14:44.626651+05:30 added {QueuedThreadPool[Jetty (JavaNetReverseProxy)]@7ee3ba94{STARTED,8<=8<=200,i=8,r=-1,q=0}[ReservedThreadExecutor@5dcf25f8{reserved=0/16,pending=0}],UNMANAGED}
18:14:44.626 [Executing testNonAdminWithoutCredentialsView(org.conjur.jenkins.credentials.ConjurCredentialStoreTest)] DEBUG org.eclipse.jetty.util.thread.strategy.EatWhatYouKill -- EatWhatYouKill@57715ed2/SelectorProducer@449ba01a/IDLE/p=false/QueuedThreadPool[Jetty (JavaNetReverseProxy)]@7ee3ba94{STARTED,8<=8<=200,i=8,r=-1,q=0}[ReservedThreadExecutor@5dcf25f8{reserved=0/16,pending=0}][pc=0,pic=0,pec=0,epc=0]@2024-10-22T18:14:44.626737+05:30 created
18:14:44.626 [Executing testNonAdminWithoutCredentialsView(org.conjur.jenkins.credentials.ConjurCredentialStoreTest)] DEBUG org.eclipse.jetty.util.component.ContainerLifeCycle -- ManagedSelector@3ed89d07{STOPPED} id=2 keys=-1 selected=-1 updates=0 added {EatWhatYouKill@57715ed2/SelectorProducer@449ba01a/IDLE/p=false/QueuedThreadPool[Jetty (JavaNetReverseProxy)]@7ee3ba94{STARTED,8<=8<=200,i=8,r=-1,q=0}[ReservedThreadExecutor@5dcf25f8{reserved=0/16,pending=0}][pc=0,pic=0,pec=0,epc=0]@2024-10-22T18:14:44.626801+05:30,MANAGED}
18:14:44.626 [Executing testNonAdminWithoutCredentialsView(org.conjur.jenkins.credentials.ConjurCredentialStoreTest)] DEBUG org.eclipse.jetty.util.component.ContainerLifeCycle -- SelectorManager@ServerConnector@15166f6f{HTTP/1.1, (http/1.1)}{0.0.0.0:51444} added {ManagedSelector@3ed89d07{STOPPED} id=2 keys=-1 selected=-1 updates=0,AUTO}
18:14:44.626 [Executing testNonAdminWithoutCredentialsView(org.conjur.jenkins.credentials.ConjurCredentialStoreTest)] DEBUG org.eclipse.jetty.util.component.ContainerLifeCycle -- EatWhatYouKill@7055847a/SelectorProducer@2d8fd36c/IDLE/p=false/QueuedThreadPool[Jetty (JavaNetReverseProxy)]@7ee3ba94{STARTED,8<=8<=200,i=8,r=-1,q=0}[ReservedThreadExecutor@5dcf25f8{reserved=0/16,pending=0}][pc=0,pic=0,pec=0,epc=0]@2024-10-22T18:14:44.626899+05:30 added {SelectorProducer@2d8fd36c,POJO}
18:14:44.626 [Executing testNonAdminWithoutCredentialsView(org.conjur.jenkins.credentials.ConjurCredentialStoreTest)] DEBUG org.eclipse.jetty.util.component.ContainerLifeCycle -- EatWhatYouKill@7055847a/SelectorProducer@2d8fd36c/IDLE/p=false/QueuedThreadPool[Jetty (JavaNetReverseProxy)]@7ee3ba94{STARTED,8<=8<=200,i=8,r=-1,q=0}[ReservedThreadExecutor@5dcf25f8{reserved=0/16,pending=0}][pc=0,pic=0,pec=0,epc=0]@2024-10-22T18:14:44.626956+05:30 added {QueuedThreadPool[Jetty (JavaNetReverseProxy)]@7ee3ba94{STARTED,8<=8<=200,i=8,r=-1,q=0}[ReservedThreadExecutor@5dcf25f8{reserved=0/16,pending=0}],UNMANAGED}
18:14:44.627 [Executing testNonAdminWithoutCredentialsView(org.conjur.jenkins.credentials.ConjurCredentialStoreTest)] DEBUG org.eclipse.jetty.util.thread.strategy.EatWhatYouKill -- EatWhatYouKill@7055847a/SelectorProducer@2d8fd36c/IDLE/p=false/QueuedThreadPool[Jetty (JavaNetReverseProxy)]@7ee3ba94{STARTED,8<=8<=200,i=8,r=-1,q=0}[ReservedThreadExecutor@5dcf25f8{reserved=0/16,pending=0}][pc=0,pic=0,pec=0,epc=0]@2024-10-22T18:14:44.627019+05:30 created
18:14:44.627 [Executing testNonAdminWithoutCredentialsView(org.conjur.jenkins.credentials.ConjurCredentialStoreTest)] DEBUG org.eclipse.jetty.util.component.ContainerLifeCycle -- ManagedSelector@340d2db7{STOPPED} id=3 keys=-1 selected=-1 updates=0 added {EatWhatYouKill@7055847a/SelectorProducer@2d8fd36c/IDLE/p=false/QueuedThreadPool[Jetty (JavaNetReverseProxy)]@7ee3ba94{STARTED,8<=8<=200,i=8,r=-1,q=0}[ReservedThreadExecutor@5dcf25f8{reserved=0/16,pending=0}][pc=0,pic=0,pec=0,epc=0]@2024-10-22T18:14:44.627091+05:30,MANAGED}
18:14:44.627 [Executing testNonAdminWithoutCredentialsView(org.conjur.jenkins.credentials.ConjurCredentialStoreTest)] DEBUG org.eclipse.jetty.util.component.ContainerLifeCycle -- SelectorManager@ServerConnector@15166f6f{HTTP/1.1, (http/1.1)}{0.0.0.0:51444} added {ManagedSelector@340d2db7{STOPPED} id=3 keys=-1 selected=-1 updates=0,AUTO}
18:14:44.627 [Executing testNonAdminWithoutCredentialsView(org.conjur.jenkins.credentials.ConjurCredentialStoreTest)] DEBUG org.eclipse.jetty.util.component.ContainerLifeCycle -- EatWhatYouKill@4ec7ae94/SelectorProducer@12ed8562/IDLE/p=false/QueuedThreadPool[Jetty (JavaNetReverseProxy)]@7ee3ba94{STARTED,8<=8<=200,i=8,r=-1,q=0}[ReservedThreadExecutor@5dcf25f8{reserved=0/16,pending=0}][pc=0,pic=0,pec=0,epc=0]@2024-10-22T18:14:44.627185+05:30 added {SelectorProducer@12ed8562,POJO}
18:14:44.627 [Executing testNonAdminWithoutCredentialsView(org.conjur.jenkins.credentials.ConjurCredentialStoreTest)] DEBUG org.eclipse.jetty.util.component.ContainerLifeCycle -- EatWhatYouKill@4ec7ae94/SelectorProducer@12ed8562/IDLE/p=false/QueuedThreadPool[Jetty (JavaNetReverseProxy)]@7ee3ba94{STARTED,8<=8<=200,i=8,r=-1,q=0}[ReservedThreadExecutor@5dcf25f8{reserved=0/16,pending=0}][pc=0,pic=0,pec=0,epc=0]@2024-10-22T18:14:44.627239+05:30 added {QueuedThreadPool[Jetty (JavaNetReverseProxy)]@7ee3ba94{STARTED,8<=8<=200,i=8,r=-1,q=0}[ReservedThreadExecutor@5dcf25f8{reserved=0/16,pending=0}],UNMANAGED}
18:14:44.627 [Executing testNonAdminWithoutCredentialsView(org.conjur.jenkins.credentials.ConjurCredentialStoreTest)] DEBUG org.eclipse.jetty.util.thread.strategy.EatWhatYouKill -- EatWhatYouKill@4ec7ae94/SelectorProducer@12ed8562/IDLE/p=false/QueuedThreadPool[Jetty (JavaNetReverseProxy)]@7ee3ba94{STARTED,8<=8<=200,i=8,r=-1,q=0}[ReservedThreadExecutor@5dcf25f8{reserved=0/16,pending=0}][pc=0,pic=0,pec=0,epc=0]@2024-10-22T18:14:44.627316+05:30 created
18:14:44.627 [Executing testNonAdminWithoutCredentialsView(org.conjur.jenkins.credentials.ConjurCredentialStoreTest)] DEBUG org.eclipse.jetty.util.component.ContainerLifeCycle -- ManagedSelector@412a20e0{STOPPED} id=4 keys=-1 selected=-1 updates=0 added {EatWhatYouKill@4ec7ae94/SelectorProducer@12ed8562/IDLE/p=false/QueuedThreadPool[Jetty (JavaNetReverseProxy)]@7ee3ba94{STARTED,8<=8<=200,i=8,r=-1,q=0}[ReservedThreadExecutor@5dcf25f8{reserved=0/16,pending=0}][pc=0,pic=0,pec=0,epc=0]@2024-10-22T18:14:44.627379+05:30,MANAGED}
18:14:44.627 [Executing testNonAdminWithoutCredentialsView(org.conjur.jenkins.credentials.ConjurCredentialStoreTest)] DEBUG org.eclipse.jetty.util.component.ContainerLifeCycle -- SelectorManager@ServerConnector@15166f6f{HTTP/1.1, (http/1.1)}{0.0.0.0:51444} added {ManagedSelector@412a20e0{STOPPED} id=4 keys=-1 selected=-1 updates=0,AUTO}
18:14:44.627 [Executing testNonAdminWithoutCredentialsView(org.conjur.jenkins.credentials.ConjurCredentialStoreTest)] DEBUG org.eclipse.jetty.util.component.ContainerLifeCycle -- EatWhatYouKill@1c97cde7/SelectorProducer@6f5773ef/IDLE/p=false/QueuedThreadPool[Jetty (JavaNetReverseProxy)]@7ee3ba94{STARTED,8<=8<=200,i=8,r=-1,q=0}[ReservedThreadExecutor@5dcf25f8{reserved=0/16,pending=0}][pc=0,pic=0,pec=0,epc=0]@2024-10-22T18:14:44.627471+05:30 added {SelectorProducer@6f5773ef,POJO}
18:14:44.627 [Executing testNonAdminWithoutCredentialsView(org.conjur.jenkins.credentials.ConjurCredentialStoreTest)] DEBUG org.eclipse.jetty.util.component.ContainerLifeCycle -- EatWhatYouKill@1c97cde7/SelectorProducer@6f5773ef/IDLE/p=false/QueuedThreadPool[Jetty (JavaNetReverseProxy)]@7ee3ba94{STARTED,8<=8<=200,i=8,r=-1,q=0}[ReservedThreadExecutor@5dcf25f8{reserved=0/16,pending=0}][pc=0,pic=0,pec=0,epc=0]@2024-10-22T18:14:44.627524+05:30 added {QueuedThreadPool[Jetty (JavaNetReverseProxy)]@7ee3ba94{STARTED,8<=8<=200,i=8,r=-1,q=0}[ReservedThreadExecutor@5dcf25f8{reserved=0/16,pending=0}],UNMANAGED}
18:14:44.627 [Executing testNonAdminWithoutCredentialsView(org.conjur.jenkins.credentials.ConjurCredentialStoreTest)] DEBUG org.eclipse.jetty.util.thread.strategy.EatWhatYouKill -- EatWhatYouKill@1c97cde7/SelectorProducer@6f5773ef/IDLE/p=false/QueuedThreadPool[Jetty (JavaNetReverseProxy)]@7ee3ba94{STARTED,8<=8<=200,i=8,r=-1,q=0}[ReservedThreadExecutor@5dcf25f8{reserved=0/16,pending=0}][pc=0,pic=0,pec=0,epc=0]@2024-10-22T18:14:44.627597+05:30 created
18:14:44.627 [Executing testNonAdminWithoutCredentialsView(org.conjur.jenkins.credentials.ConjurCredentialStoreTest)] DEBUG org.eclipse.jetty.util.component.ContainerLifeCycle -- ManagedSelector@11ef2df2{STOPPED} id=5 keys=-1 selected=-1 updates=0 added {EatWhatYouKill@1c97cde7/SelectorProducer@6f5773ef/IDLE/p=false/QueuedThreadPool[Jetty (JavaNetReverseProxy)]@7ee3ba94{STARTED,8<=8<=200,i=8,r=-1,q=0}[ReservedThreadExecutor@5dcf25f8{reserved=0/16,pending=0}][pc=0,pic=0,pec=0,epc=0]@2024-10-22T18:14:44.627658+05:30,MANAGED}
18:14:44.627 [Executing testNonAdminWithoutCredentialsView(org.conjur.jenkins.credentials.ConjurCredentialStoreTest)] DEBUG org.eclipse.jetty.util.component.ContainerLifeCycle -- SelectorManager@ServerConnector@15166f6f{HTTP/1.1, (http/1.1)}{0.0.0.0:51444} added {ManagedSelector@11ef2df2{STOPPED} id=5 keys=-1 selected=-1 updates=0,AUTO}
18:14:44.627 [Executing testNonAdminWithoutCredentialsView(org.conjur.jenkins.credentials.ConjurCredentialStoreTest)] DEBUG org.eclipse.jetty.util.component.ContainerLifeCycle -- EatWhatYouKill@152220f/SelectorProducer@23083f37/IDLE/p=false/QueuedThreadPool[Jetty (JavaNetReverseProxy)]@7ee3ba94{STARTED,8<=8<=200,i=8,r=-1,q=0}[ReservedThreadExecutor@5dcf25f8{reserved=0/16,pending=0}][pc=0,pic=0,pec=0,epc=0]@2024-10-22T18:14:44.62775+05:30 added {SelectorProducer@23083f37,POJO}
18:14:44.627 [Executing testNonAdminWithoutCredentialsView(org.conjur.jenkins.credentials.ConjurCredentialStoreTest)] DEBUG org.eclipse.jetty.util.component.ContainerLifeCycle -- EatWhatYouKill@152220f/SelectorProducer@23083f37/IDLE/p=false/QueuedThreadPool[Jetty (JavaNetReverseProxy)]@7ee3ba94{STARTED,8<=8<=200,i=8,r=-1,q=0}[ReservedThreadExecutor@5dcf25f8{reserved=0/16,pending=0}][pc=0,pic=0,pec=0,epc=0]@2024-10-22T18:14:44.627803+05:30 added {QueuedThreadPool[Jetty (JavaNetReverseProxy)]@7ee3ba94{STARTED,8<=8<=200,i=8,r=-1,q=0}[ReservedThreadExecutor@5dcf25f8{reserved=0/16,pending=0}],UNMANAGED}
18:14:44.627 [Executing testNonAdminWithoutCredentialsView(org.conjur.jenkins.credentials.ConjurCredentialStoreTest)] DEBUG org.eclipse.jetty.util.thread.strategy.EatWhatYouKill -- EatWhatYouKill@152220f/SelectorProducer@23083f37/IDLE/p=false/QueuedThreadPool[Jetty (JavaNetReverseProxy)]@7ee3ba94{STARTED,8<=8<=200,i=8,r=-1,q=0}[ReservedThreadExecutor@5dcf25f8{reserved=0/16,pending=0}][pc=0,pic=0,pec=0,epc=0]@2024-10-22T18:14:44.62787+05:30 created
18:14:44.627 [Executing testNonAdminWithoutCredentialsView(org.conjur.jenkins.credentials.ConjurCredentialStoreTest)] DEBUG org.eclipse.jetty.util.component.ContainerLifeCycle -- ManagedSelector@7714f8b2{STOPPED} id=6 keys=-1 selected=-1 updates=0 added {EatWhatYouKill@152220f/SelectorProducer@23083f37/IDLE/p=false/QueuedThreadPool[Jetty (JavaNetReverseProxy)]@7ee3ba94{STARTED,8<=8<=200,i=8,r=-1,q=0}[ReservedThreadExecutor@5dcf25f8{reserved=0/16,pending=0}][pc=0,pic=0,pec=0,epc=0]@2024-10-22T18:14:44.627947+05:30,MANAGED}
18:14:44.628 [Executing testNonAdminWithoutCredentialsView(org.conjur.jenkins.credentials.ConjurCredentialStoreTest)] DEBUG org.eclipse.jetty.util.component.ContainerLifeCycle -- SelectorManager@ServerConnector@15166f6f{HTTP/1.1, (http/1.1)}{0.0.0.0:51444} added {ManagedSelector@7714f8b2{STOPPED} id=6 keys=-1 selected=-1 updates=0,AUTO}
18:14:44.628 [Executing testNonAdminWithoutCredentialsView(org.conjur.jenkins.credentials.ConjurCredentialStoreTest)] DEBUG org.eclipse.jetty.util.component.ContainerLifeCycle -- EatWhatYouKill@1ffcdb1f/SelectorProducer@faed0b5/IDLE/p=false/QueuedThreadPool[Jetty (JavaNetReverseProxy)]@7ee3ba94{STARTED,8<=8<=200,i=8,r=-1,q=0}[ReservedThreadExecutor@5dcf25f8{reserved=0/16,pending=0}][pc=0,pic=0,pec=0,epc=0]@2024-10-22T18:14:44.628094+05:30 added {SelectorProducer@faed0b5,POJO}
18:14:44.628 [Executing testNonAdminWithoutCredentialsView(org.conjur.jenkins.credentials.ConjurCredentialStoreTest)] DEBUG org.eclipse.jetty.util.component.ContainerLifeCycle -- EatWhatYouKill@1ffcdb1f/SelectorProducer@faed0b5/IDLE/p=false/QueuedThreadPool[Jetty (JavaNetReverseProxy)]@7ee3ba94{STARTED,8<=8<=200,i=8,r=-1,q=0}[ReservedThreadExecutor@5dcf25f8{reserved=0/16,pending=0}][pc=0,pic=0,pec=0,epc=0]@2024-10-22T18:14:44.628159+05:30 added {QueuedThreadPool[Jetty (JavaNetReverseProxy)]@7ee3ba94{STARTED,8<=8<=200,i=8,r=-1,q=0}[ReservedThreadExecutor@5dcf25f8{reserved=0/16,pending=0}],UNMANAGED}
18:14:44.628 [Executing testNonAdminWithoutCredentialsView(org.conjur.jenkins.credentials.ConjurCredentialStoreTest)] DEBUG org.eclipse.jetty.util.thread.strategy.EatWhatYouKill -- EatWhatYouKill@1ffcdb1f/SelectorProducer@faed0b5/IDLE/p=false/QueuedThreadPool[Jetty (JavaNetReverseProxy)]@7ee3ba94{STARTED,8<=8<=200,i=8,r=-1,q=0}[ReservedThreadExecutor@5dcf25f8{reserved=0/16,pending=0}][pc=0,pic=0,pec=0,epc=0]@2024-10-22T18:14:44.62823+05:30 created
18:14:44.628 [Executing testNonAdminWithoutCredentialsView(org.conjur.jenkins.credentials.ConjurCredentialStoreTest)] DEBUG org.eclipse.jetty.util.component.ContainerLifeCycle -- ManagedSelector@6d3db7f0{STOPPED} id=7 keys=-1 selected=-1 updates=0 added {EatWhatYouKill@1ffcdb1f/SelectorProducer@faed0b5/IDLE/p=false/QueuedThreadPool[Jetty (JavaNetReverseProxy)]@7ee3ba94{STARTED,8<=8<=200,i=8,r=-1,q=0}[ReservedThreadExecutor@5dcf25f8{reserved=0/16,pending=0}][pc=0,pic=0,pec=0,epc=0]@2024-10-22T18:14:44.628291+05:30,MANAGED}
18:14:44.628 [Executing testNonAdminWithoutCredentialsView(org.conjur.jenkins.credentials.ConjurCredentialStoreTest)] DEBUG org.eclipse.jetty.util.component.ContainerLifeCycle -- SelectorManager@ServerConnector@15166f6f{HTTP/1.1, (http/1.1)}{0.0.0.0:51444} added {ManagedSelector@6d3db7f0{STOPPED} id=7 keys=-1 selected=-1 updates=0,AUTO}
18:14:44.628 [Executing testNonAdminWithoutCredentialsView(org.conjur.jenkins.credentials.ConjurCredentialStoreTest)] DEBUG org.eclipse.jetty.util.component.AbstractLifeCycle -- starting ManagedSelector@4a96feca{STOPPED} id=0 keys=-1 selected=-1 updates=0
18:14:44.628 [Executing testNonAdminWithoutCredentialsView(org.conjur.jenkins.credentials.ConjurCredentialStoreTest)] DEBUG org.eclipse.jetty.util.component.AbstractLifeCycle -- starting EatWhatYouKill@2d8145e6/SelectorProducer@713d2210/IDLE/p=false/QueuedThreadPool[Jetty (JavaNetReverseProxy)]@7ee3ba94{STARTED,8<=8<=200,i=8,r=-1,q=0}[ReservedThreadExecutor@5dcf25f8{reserved=0/16,pending=0}][pc=0,pic=0,pec=0,epc=0]@2024-10-22T18:14:44.628406+05:30
18:14:44.628 [Executing testNonAdminWithoutCredentialsView(org.conjur.jenkins.credentials.ConjurCredentialStoreTest)] DEBUG org.eclipse.jetty.util.component.AbstractLifeCycle -- STARTED @11732ms EatWhatYouKill@2d8145e6/SelectorProducer@713d2210/IDLE/p=false/QueuedThreadPool[Jetty (JavaNetReverseProxy)]@7ee3ba94{STARTED,8<=8<=200,i=8,r=-1,q=0}[ReservedThreadExecutor@5dcf25f8{reserved=0/16,pending=0}][pc=0,pic=0,pec=0,epc=0]@2024-10-22T18:14:44.628474+05:30
18:14:44.628 [Executing testNonAdminWithoutCredentialsView(org.conjur.jenkins.credentials.ConjurCredentialStoreTest)] DEBUG org.eclipse.jetty.util.thread.QueuedThreadPool -- queue org.eclipse.jetty.io.ManagedSelector$$Lambda$424/0x00000001403801f8@3dbc138d startThread=0
18:14:44.628 [Executing testNonAdminWithoutCredentialsView(org.conjur.jenkins.credentials.ConjurCredentialStoreTest)] DEBUG org.eclipse.jetty.io.ManagedSelector -- Queued change lazy=false org.eclipse.jetty.io.ManagedSelector$Start@44e10306 on ManagedSelector@4a96feca{STARTING} id=0 keys=0 selected=0 updates=0
18:14:44.628 [Jetty (JavaNetReverseProxy)-90] DEBUG org.eclipse.jetty.util.thread.QueuedThreadPool -- run org.eclipse.jetty.io.ManagedSelector$$Lambda$424/0x00000001403801f8@3dbc138d in QueuedThreadPool[Jetty (JavaNetReverseProxy)]@7ee3ba94{STARTED,8<=8<=200,i=7,r=-1,q=0}[ReservedThreadExecutor@5dcf25f8{reserved=0/16,pending=0}]
18:14:44.628 [Jetty (JavaNetReverseProxy)-90] DEBUG org.eclipse.jetty.util.thread.strategy.EatWhatYouKill -- EatWhatYouKill@2d8145e6/SelectorProducer@713d2210/IDLE/p=false/QueuedThreadPool[Jetty (JavaNetReverseProxy)]@7ee3ba94{STARTED,8<=8<=200,i=7,r=-1,q=0}[ReservedThreadExecutor@5dcf25f8{reserved=0/16,pending=0}][pc=0,pic=0,pec=0,epc=0]@2024-10-22T18:14:44.628663+05:30 tryProduce false
18:14:44.628 [Jetty (JavaNetReverseProxy)-90] DEBUG org.eclipse.jetty.io.ManagedSelector -- updateable 1
18:14:44.628 [Jetty (JavaNetReverseProxy)-90] DEBUG org.eclipse.jetty.io.ManagedSelector -- update org.eclipse.jetty.io.ManagedSelector$Start@44e10306
18:14:44.628 [Jetty (JavaNetReverseProxy)-90] DEBUG org.eclipse.jetty.io.ManagedSelector -- updates 0
18:14:44.628 [Jetty (JavaNetReverseProxy)-90] DEBUG org.eclipse.jetty.io.ManagedSelector -- Selector sun.nio.ch.KQueueSelectorImpl@4f0090de waiting with 0 keys
18:14:44.628 [Executing testNonAdminWithoutCredentialsView(org.conjur.jenkins.credentials.ConjurCredentialStoreTest)] DEBUG org.eclipse.jetty.util.component.AbstractLifeCycle -- STARTED @11732ms ManagedSelector@4a96feca{STARTED} id=0 keys=0 selected=0 updates=0
18:14:44.628 [Executing testNonAdminWithoutCredentialsView(org.conjur.jenkins.credentials.ConjurCredentialStoreTest)] DEBUG org.eclipse.jetty.util.component.AbstractLifeCycle -- starting ManagedSelector@2a6c85fb{STOPPED} id=1 keys=-1 selected=-1 updates=0
18:14:44.628 [Executing testNonAdminWithoutCredentialsView(org.conjur.jenkins.credentials.ConjurCredentialStoreTest)] DEBUG org.eclipse.jetty.util.component.AbstractLifeCycle -- starting EatWhatYouKill@15d0c53b/SelectorProducer@32d90c12/IDLE/p=false/QueuedThreadPool[Jetty (JavaNetReverseProxy)]@7ee3ba94{STARTED,8<=8<=200,i=7,r=-1,q=0}[ReservedThreadExecutor@5dcf25f8{reserved=0/16,pending=0}][pc=0,pic=0,pec=0,epc=0]@2024-10-22T18:14:44.628852+05:30
18:14:44.628 [Executing testNonAdminWithoutCredentialsView(org.conjur.jenkins.credentials.ConjurCredentialStoreTest)] DEBUG org.eclipse.jetty.util.component.AbstractLifeCycle -- STARTED @11732ms EatWhatYouKill@15d0c53b/SelectorProducer@32d90c12/IDLE/p=false/QueuedThreadPool[Jetty (JavaNetReverseProxy)]@7ee3ba94{STARTED,8<=8<=200,i=7,r=-1,q=0}[ReservedThreadExecutor@5dcf25f8{reserved=0/16,pending=0}][pc=0,pic=0,pec=0,epc=0]@2024-10-22T18:14:44.628911+05:30
18:14:44.628 [Executing testNonAdminWithoutCredentialsView(org.conjur.jenkins.credentials.ConjurCredentialStoreTest)] DEBUG org.eclipse.jetty.util.thread.QueuedThreadPool -- queue org.eclipse.jetty.io.ManagedSelector$$Lambda$424/0x00000001403801f8@3d334857 startThread=0
18:14:44.629 [Executing testNonAdminWithoutCredentialsView(org.conjur.jenkins.credentials.ConjurCredentialStoreTest)] DEBUG org.eclipse.jetty.io.ManagedSelector -- Queued change lazy=false org.eclipse.jetty.io.ManagedSelector$Start@3db1fa36 on ManagedSelector@2a6c85fb{STARTING} id=1 keys=0 selected=0 updates=0
18:14:44.629 [Jetty (JavaNetReverseProxy)-91] DEBUG org.eclipse.jetty.util.thread.QueuedThreadPool -- run org.eclipse.jetty.io.ManagedSelector$$Lambda$424/0x00000001403801f8@3d334857 in QueuedThreadPool[Jetty (JavaNetReverseProxy)]@7ee3ba94{STARTED,8<=8<=200,i=6,r=-1,q=0}[ReservedThreadExecutor@5dcf25f8{reserved=0/16,pending=0}]
18:14:44.629 [Jetty (JavaNetReverseProxy)-91] DEBUG org.eclipse.jetty.util.thread.strategy.EatWhatYouKill -- EatWhatYouKill@15d0c53b/SelectorProducer@32d90c12/IDLE/p=false/QueuedThreadPool[Jetty (JavaNetReverseProxy)]@7ee3ba94{STARTED,8<=8<=200,i=6,r=-1,q=0}[ReservedThreadExecutor@5dcf25f8{reserved=0/16,pending=0}][pc=0,pic=0,pec=0,epc=0]@2024-10-22T18:14:44.629101+05:30 tryProduce false
18:14:44.629 [Jetty (JavaNetReverseProxy)-91] DEBUG org.eclipse.jetty.io.ManagedSelector -- updateable 1
18:14:44.629 [Jetty (JavaNetReverseProxy)-91] DEBUG org.eclipse.jetty.io.ManagedSelector -- update org.eclipse.jetty.io.ManagedSelector$Start@3db1fa36
18:14:44.629 [Jetty (JavaNetReverseProxy)-91] DEBUG org.eclipse.jetty.io.ManagedSelector -- updates 0
18:14:44.629 [Jetty (JavaNetReverseProxy)-91] DEBUG org.eclipse.jetty.io.ManagedSelector -- Selector sun.nio.ch.KQueueSelectorImpl@159e414f waiting with 0 keys
18:14:44.629 [Executing testNonAdminWithoutCredentialsView(org.conjur.jenkins.credentials.ConjurCredentialStoreTest)] DEBUG org.eclipse.jetty.util.component.AbstractLifeCycle -- STARTED @11733ms ManagedSelector@2a6c85fb{STARTED} id=1 keys=0 selected=0 updates=0
18:14:44.629 [Executing testNonAdminWithoutCredentialsView(org.conjur.jenkins.credentials.ConjurCredentialStoreTest)] DEBUG org.eclipse.jetty.util.component.AbstractLifeCycle -- starting ManagedSelector@3ed89d07{STOPPED} id=2 keys=-1 selected=-1 updates=0
18:14:44.629 [Executing testNonAdminWithoutCredentialsView(org.conjur.jenkins.credentials.ConjurCredentialStoreTest)] DEBUG org.eclipse.jetty.util.component.AbstractLifeCycle -- starting EatWhatYouKill@57715ed2/SelectorProducer@449ba01a/IDLE/p=false/QueuedThreadPool[Jetty (JavaNetReverseProxy)]@7ee3ba94{STARTED,8<=8<=200,i=6,r=-1,q=0}[ReservedThreadExecutor@5dcf25f8{reserved=0/16,pending=0}][pc=0,pic=0,pec=0,epc=0]@2024-10-22T18:14:44.629277+05:30
18:14:44.629 [Executing testNonAdminWithoutCredentialsView(org.conjur.jenkins.credentials.ConjurCredentialStoreTest)] DEBUG org.eclipse.jetty.util.component.AbstractLifeCycle -- STARTED @11733ms EatWhatYouKill@57715ed2/SelectorProducer@449ba01a/IDLE/p=false/QueuedThreadPool[Jetty (JavaNetReverseProxy)]@7ee3ba94{STARTED,8<=8<=200,i=6,r=-1,q=0}[ReservedThreadExecutor@5dcf25f8{reserved=0/16,pending=0}][pc=0,pic=0,pec=0,epc=0]@2024-10-22T18:14:44.629341+05:30
18:14:44.629 [Executing testNonAdminWithoutCredentialsView(org.conjur.jenkins.credentials.ConjurCredentialStoreTest)] DEBUG org.eclipse.jetty.util.thread.QueuedThreadPool -- queue org.eclipse.jetty.io.ManagedSelector$$Lambda$424/0x00000001403801f8@60cca676 startThread=0
18:14:44.629 [Executing testNonAdminWithoutCredentialsView(org.conjur.jenkins.credentials.ConjurCredentialStoreTest)] DEBUG org.eclipse.jetty.io.ManagedSelector -- Queued change lazy=false org.eclipse.jetty.io.ManagedSelector$Start@2cf9605a on ManagedSelector@3ed89d07{STARTING} id=2 keys=0 selected=0 updates=0
18:14:44.629 [Jetty (JavaNetReverseProxy)-92] DEBUG org.eclipse.jetty.util.thread.QueuedThreadPool -- run org.eclipse.jetty.io.ManagedSelector$$Lambda$424/0x00000001403801f8@60cca676 in QueuedThreadPool[Jetty (JavaNetReverseProxy)]@7ee3ba94{STARTED,8<=8<=200,i=5,r=-1,q=0}[ReservedThreadExecutor@5dcf25f8{reserved=0/16,pending=0}]
18:14:44.629 [Jetty (JavaNetReverseProxy)-92] DEBUG org.eclipse.jetty.util.thread.strategy.EatWhatYouKill -- EatWhatYouKill@57715ed2/SelectorProducer@449ba01a/IDLE/p=false/QueuedThreadPool[Jetty (JavaNetReverseProxy)]@7ee3ba94{STARTED,8<=8<=200,i=5,r=-1,q=0}[ReservedThreadExecutor@5dcf25f8{reserved=0/16,pending=0}][pc=0,pic=0,pec=0,epc=0]@2024-10-22T18:14:44.629492+05:30 tryProduce false
18:14:44.629 [Jetty (JavaNetReverseProxy)-92] DEBUG org.eclipse.jetty.io.ManagedSelector -- updateable 1
18:14:44.629 [Jetty (JavaNetReverseProxy)-92] DEBUG org.eclipse.jetty.io.ManagedSelector -- update org.eclipse.jetty.io.ManagedSelector$Start@2cf9605a
18:14:44.629 [Jetty (JavaNetReverseProxy)-92] DEBUG org.eclipse.jetty.io.ManagedSelector -- updates 0
18:14:44.629 [Jetty (JavaNetReverseProxy)-92] DEBUG org.eclipse.jetty.io.ManagedSelector -- Selector sun.nio.ch.KQueueSelectorImpl@169bfc08 waiting with 0 keys
18:14:44.629 [Executing testNonAdminWithoutCredentialsView(org.conjur.jenkins.credentials.ConjurCredentialStoreTest)] DEBUG org.eclipse.jetty.util.component.AbstractLifeCycle -- STARTED @11733ms ManagedSelector@3ed89d07{STARTED} id=2 keys=0 selected=0 updates=0
18:14:44.629 [Executing testNonAdminWithoutCredentialsView(org.conjur.jenkins.credentials.ConjurCredentialStoreTest)] DEBUG org.eclipse.jetty.util.component.AbstractLifeCycle -- starting ManagedSelector@340d2db7{STOPPED} id=3 keys=-1 selected=-1 updates=0
18:14:44.629 [Executing testNonAdminWithoutCredentialsView(org.conjur.jenkins.credentials.ConjurCredentialStoreTest)] DEBUG org.eclipse.jetty.util.component.AbstractLifeCycle -- starting EatWhatYouKill@7055847a/SelectorProducer@2d8fd36c/IDLE/p=false/QueuedThreadPool[Jetty (JavaNetReverseProxy)]@7ee3ba94{STARTED,8<=8<=200,i=5,r=-1,q=0}[ReservedThreadExecutor@5dcf25f8{reserved=0/16,pending=0}][pc=0,pic=0,pec=0,epc=0]@2024-10-22T18:14:44.629667+05:30
18:14:44.629 [Executing testNonAdminWithoutCredentialsView(org.conjur.jenkins.credentials.ConjurCredentialStoreTest)] DEBUG org.eclipse.jetty.util.component.AbstractLifeCycle -- STARTED @11733ms EatWhatYouKill@7055847a/SelectorProducer@2d8fd36c/IDLE/p=false/QueuedThreadPool[Jetty (JavaNetReverseProxy)]@7ee3ba94{STARTED,8<=8<=200,i=5,r=-1,q=0}[ReservedThreadExecutor@5dcf25f8{reserved=0/16,pending=0}][pc=0,pic=0,pec=0,epc=0]@2024-10-22T18:14:44.629738+05:30
18:14:44.629 [Executing testNonAdminWithoutCredentialsView(org.conjur.jenkins.credentials.ConjurCredentialStoreTest)] DEBUG org.eclipse.jetty.util.thread.QueuedThreadPool -- queue org.eclipse.jetty.io.ManagedSelector$$Lambda$424/0x00000001403801f8@b2ff462 startThread=0
18:14:44.629 [Executing testNonAdminWithoutCredentialsView(org.conjur.jenkins.credentials.ConjurCredentialStoreTest)] DEBUG org.eclipse.jetty.io.ManagedSelector -- Queued change lazy=false org.eclipse.jetty.io.ManagedSelector$Start@39fddf7b on ManagedSelector@340d2db7{STARTING} id=3 keys=0 selected=0 updates=0
18:14:44.629 [Jetty (JavaNetReverseProxy)-93] DEBUG org.eclipse.jetty.util.thread.QueuedThreadPool -- run org.eclipse.jetty.io.ManagedSelector$$Lambda$424/0x00000001403801f8@b2ff462 in QueuedThreadPool[Jetty (JavaNetReverseProxy)]@7ee3ba94{STARTED,8<=8<=200,i=4,r=-1,q=0}[ReservedThreadExecutor@5dcf25f8{reserved=0/16,pending=0}]
18:14:44.629 [Jetty (JavaNetReverseProxy)-93] DEBUG org.eclipse.jetty.util.thread.strategy.EatWhatYouKill -- EatWhatYouKill@7055847a/SelectorProducer@2d8fd36c/IDLE/p=false/QueuedThreadPool[Jetty (JavaNetReverseProxy)]@7ee3ba94{STARTED,8<=8<=200,i=4,r=-1,q=0}[ReservedThreadExecutor@5dcf25f8{reserved=0/16,pending=0}][pc=0,pic=0,pec=0,epc=0]@2024-10-22T18:14:44.62993+05:30 tryProduce false
18:14:44.629 [Jetty (JavaNetReverseProxy)-93] DEBUG org.eclipse.jetty.io.ManagedSelector -- updateable 1
18:14:44.629 [Jetty (JavaNetReverseProxy)-93] DEBUG org.eclipse.jetty.io.ManagedSelector -- update org.eclipse.jetty.io.ManagedSelector$Start@39fddf7b
18:14:44.629 [Jetty (JavaNetReverseProxy)-93] DEBUG org.eclipse.jetty.io.ManagedSelector -- updates 0
18:14:44.630 [Jetty (JavaNetReverseProxy)-93] DEBUG org.eclipse.jetty.io.ManagedSelector -- Selector sun.nio.ch.KQueueSelectorImpl@688ea5cf waiting with 0 keys
18:14:44.630 [Executing testNonAdminWithoutCredentialsView(org.conjur.jenkins.credentials.ConjurCredentialStoreTest)] DEBUG org.eclipse.jetty.util.component.AbstractLifeCycle -- STARTED @11733ms ManagedSelector@340d2db7{STARTED} id=3 keys=0 selected=0 updates=0
18:14:44.630 [Executing testNonAdminWithoutCredentialsView(org.conjur.jenkins.credentials.ConjurCredentialStoreTest)] DEBUG org.eclipse.jetty.util.component.AbstractLifeCycle -- starting ManagedSelector@412a20e0{STOPPED} id=4 keys=-1 selected=-1 updates=0
18:14:44.630 [Executing testNonAdminWithoutCredentialsView(org.conjur.jenkins.credentials.ConjurCredentialStoreTest)] DEBUG org.eclipse.jetty.util.component.AbstractLifeCycle -- starting EatWhatYouKill@4ec7ae94/SelectorProducer@12ed8562/IDLE/p=false/QueuedThreadPool[Jetty (JavaNetReverseProxy)]@7ee3ba94{STARTED,8<=8<=200,i=4,r=-1,q=0}[ReservedThreadExecutor@5dcf25f8{reserved=0/16,pending=0}][pc=0,pic=0,pec=0,epc=0]@2024-10-22T18:14:44.63011+05:30
18:14:44.630 [Executing testNonAdminWithoutCredentialsView(org.conjur.jenkins.credentials.ConjurCredentialStoreTest)] DEBUG org.eclipse.jetty.util.component.AbstractLifeCycle -- STARTED @11734ms EatWhatYouKill@4ec7ae94/SelectorProducer@12ed8562/IDLE/p=false/QueuedThreadPool[Jetty (JavaNetReverseProxy)]@7ee3ba94{STARTED,8<=8<=200,i=4,r=-1,q=0}[ReservedThreadExecutor@5dcf25f8{reserved=0/16,pending=0}][pc=0,pic=0,pec=0,epc=0]@2024-10-22T18:14:44.630177+05:30
18:14:44.630 [Executing testNonAdminWithoutCredentialsView(org.conjur.jenkins.credentials.ConjurCredentialStoreTest)] DEBUG org.eclipse.jetty.util.thread.QueuedThreadPool -- queue org.eclipse.jetty.io.ManagedSelector$$Lambda$424/0x00000001403801f8@3c072124 startThread=0
18:14:44.630 [Executing testNonAdminWithoutCredentialsView(org.conjur.jenkins.credentials.ConjurCredentialStoreTest)] DEBUG org.eclipse.jetty.io.ManagedSelector -- Queued change lazy=false org.eclipse.jetty.io.ManagedSelector$Start@5b9b7d4e on ManagedSelector@412a20e0{STARTING} id=4 keys=0 selected=0 updates=0
18:14:44.630 [Jetty (JavaNetReverseProxy)-94] DEBUG org.eclipse.jetty.util.thread.QueuedThreadPool -- run org.eclipse.jetty.io.ManagedSelector$$Lambda$424/0x00000001403801f8@3c072124 in QueuedThreadPool[Jetty (JavaNetReverseProxy)]@7ee3ba94{STARTED,8<=8<=200,i=3,r=-1,q=0}[ReservedThreadExecutor@5dcf25f8{reserved=0/16,pending=0}]
18:14:44.630 [Jetty (JavaNetReverseProxy)-94] DEBUG org.eclipse.jetty.util.thread.strategy.EatWhatYouKill -- EatWhatYouKill@4ec7ae94/SelectorProducer@12ed8562/IDLE/p=false/QueuedThreadPool[Jetty (JavaNetReverseProxy)]@7ee3ba94{STARTED,8<=8<=200,i=3,r=-1,q=0}[ReservedThreadExecutor@5dcf25f8{reserved=0/16,pending=0}][pc=0,pic=0,pec=0,epc=0]@2024-10-22T18:14:44.630329+05:30 tryProduce false
18:14:44.630 [Jetty (JavaNetReverseProxy)-94] DEBUG org.eclipse.jetty.io.ManagedSelector -- updateable 1
18:14:44.630 [Jetty (JavaNetReverseProxy)-94] DEBUG org.eclipse.jetty.io.ManagedSelector -- update org.eclipse.jetty.io.ManagedSelector$Start@5b9b7d4e
18:14:44.630 [Jetty (JavaNetReverseProxy)-94] DEBUG org.eclipse.jetty.io.ManagedSelector -- updates 0
18:14:44.630 [Jetty (JavaNetReverseProxy)-94] DEBUG org.eclipse.jetty.io.ManagedSelector -- Selector sun.nio.ch.KQueueSelectorImpl@7324423c waiting with 0 keys
18:14:44.630 [Executing testNonAdminWithoutCredentialsView(org.conjur.jenkins.credentials.ConjurCredentialStoreTest)] DEBUG org.eclipse.jetty.util.component.AbstractLifeCycle -- STARTED @11734ms ManagedSelector@412a20e0{STARTED} id=4 keys=0 selected=0 updates=0
18:14:44.630 [Executing testNonAdminWithoutCredentialsView(org.conjur.jenkins.credentials.ConjurCredentialStoreTest)] DEBUG org.eclipse.jetty.util.component.AbstractLifeCycle -- starting ManagedSelector@11ef2df2{STOPPED} id=5 keys=-1 selected=-1 updates=0
18:14:44.630 [Executing testNonAdminWithoutCredentialsView(org.conjur.jenkins.credentials.ConjurCredentialStoreTest)] DEBUG org.eclipse.jetty.util.component.AbstractLifeCycle -- starting EatWhatYouKill@1c97cde7/SelectorProducer@6f5773ef/IDLE/p=false/QueuedThreadPool[Jetty (JavaNetReverseProxy)]@7ee3ba94{STARTED,8<=8<=200,i=3,r=-1,q=0}[ReservedThreadExecutor@5dcf25f8{reserved=0/16,pending=0}][pc=0,pic=0,pec=0,epc=0]@2024-10-22T18:14:44.630493+05:30
18:14:44.630 [Executing testNonAdminWithoutCredentialsView(org.conjur.jenkins.credentials.ConjurCredentialStoreTest)] DEBUG org.eclipse.jetty.util.component.AbstractLifeCycle -- STARTED @11734ms EatWhatYouKill@1c97cde7/SelectorProducer@6f5773ef/IDLE/p=false/QueuedThreadPool[Jetty (JavaNetReverseProxy)]@7ee3ba94{STARTED,8<=8<=200,i=3,r=-1,q=0}[ReservedThreadExecutor@5dcf25f8{reserved=0/16,pending=0}][pc=0,pic=0,pec=0,epc=0]@2024-10-22T18:14:44.63056+05:30
18:14:44.630 [Executing testNonAdminWithoutCredentialsView(org.conjur.jenkins.credentials.ConjurCredentialStoreTest)] DEBUG org.eclipse.jetty.util.thread.QueuedThreadPool -- queue org.eclipse.jetty.io.ManagedSelector$$Lambda$424/0x00000001403801f8@2f630ebb startThread=0
18:14:44.630 [Executing testNonAdminWithoutCredentialsView(org.conjur.jenkins.credentials.ConjurCredentialStoreTest)] DEBUG org.eclipse.jetty.io.ManagedSelector -- Queued change lazy=false org.eclipse.jetty.io.ManagedSelector$Start@78321a2b on ManagedSelector@11ef2df2{STARTING} id=5 keys=0 selected=0 updates=0
18:14:44.630 [Jetty (JavaNetReverseProxy)-95] DEBUG org.eclipse.jetty.util.thread.QueuedThreadPool -- run org.eclipse.jetty.io.ManagedSelector$$Lambda$424/0x00000001403801f8@2f630ebb in QueuedThreadPool[Jetty (JavaNetReverseProxy)]@7ee3ba94{STARTED,8<=8<=200,i=2,r=-1,q=0}[ReservedThreadExecutor@5dcf25f8{reserved=0/16,pending=0}]
18:14:44.630 [Jetty (JavaNetReverseProxy)-95] DEBUG org.eclipse.jetty.util.thread.strategy.EatWhatYouKill -- EatWhatYouKill@1c97cde7/SelectorProducer@6f5773ef/IDLE/p=false/QueuedThreadPool[Jetty (JavaNetReverseProxy)]@7ee3ba94{STARTED,8<=8<=200,i=2,r=-1,q=0}[ReservedThreadExecutor@5dcf25f8{reserved=0/16,pending=0}][pc=0,pic=0,pec=0,epc=0]@2024-10-22T18:14:44.630728+05:30 tryProduce false
18:14:44.630 [Jetty (JavaNetReverseProxy)-95] DEBUG org.eclipse.jetty.io.ManagedSelector -- updateable 1
18:14:44.630 [Jetty (JavaNetReverseProxy)-95] DEBUG org.eclipse.jetty.io.ManagedSelector -- update org.eclipse.jetty.io.ManagedSelector$Start@78321a2b
18:14:44.630 [Jetty (JavaNetReverseProxy)-95] DEBUG org.eclipse.jetty.io.ManagedSelector -- updates 0
18:14:44.630 [Jetty (JavaNetReverseProxy)-95] DEBUG org.eclipse.jetty.io.ManagedSelector -- Selector sun.nio.ch.KQueueSelectorImpl@1a79a684 waiting with 0 keys
18:14:44.630 [Executing testNonAdminWithoutCredentialsView(org.conjur.jenkins.credentials.ConjurCredentialStoreTest)] DEBUG org.eclipse.jetty.util.component.AbstractLifeCycle -- STARTED @11734ms ManagedSelector@11ef2df2{STARTED} id=5 keys=0 selected=0 updates=0
18:14:44.630 [Executing testNonAdminWithoutCredentialsView(org.conjur.jenkins.credentials.ConjurCredentialStoreTest)] DEBUG org.eclipse.jetty.util.component.AbstractLifeCycle -- starting ManagedSelector@7714f8b2{STOPPED} id=6 keys=-1 selected=-1 updates=0
18:14:44.630 [Executing testNonAdminWithoutCredentialsView(org.conjur.jenkins.credentials.ConjurCredentialStoreTest)] DEBUG org.eclipse.jetty.util.component.AbstractLifeCycle -- starting EatWhatYouKill@152220f/SelectorProducer@23083f37/IDLE/p=false/QueuedThreadPool[Jetty (JavaNetReverseProxy)]@7ee3ba94{STARTED,8<=8<=200,i=2,r=-1,q=0}[ReservedThreadExecutor@5dcf25f8{reserved=0/16,pending=0}][pc=0,pic=0,pec=0,epc=0]@2024-10-22T18:14:44.630871+05:30
18:14:44.630 [Executing testNonAdminWithoutCredentialsView(org.conjur.jenkins.credentials.ConjurCredentialStoreTest)] DEBUG org.eclipse.jetty.util.component.AbstractLifeCycle -- STARTED @11734ms EatWhatYouKill@152220f/SelectorProducer@23083f37/IDLE/p=false/QueuedThreadPool[Jetty (JavaNetReverseProxy)]@7ee3ba94{STARTED,8<=8<=200,i=2,r=-1,q=0}[ReservedThreadExecutor@5dcf25f8{reserved=0/16,pending=0}][pc=0,pic=0,pec=0,epc=0]@2024-10-22T18:14:44.630942+05:30
18:14:44.630 [Executing testNonAdminWithoutCredentialsView(org.conjur.jenkins.credentials.ConjurCredentialStoreTest)] DEBUG org.eclipse.jetty.util.thread.QueuedThreadPool -- queue org.eclipse.jetty.io.ManagedSelector$$Lambda$424/0x00000001403801f8@7db90a08 startThread=0
18:14:44.631 [Executing testNonAdminWithoutCredentialsView(org.conjur.jenkins.credentials.ConjurCredentialStoreTest)] DEBUG org.eclipse.jetty.io.ManagedSelector -- Queued change lazy=false org.eclipse.jetty.io.ManagedSelector$Start@7dc879fc on ManagedSelector@7714f8b2{STARTING} id=6 keys=0 selected=0 updates=0
18:14:44.631 [Jetty (JavaNetReverseProxy)-96] DEBUG org.eclipse.jetty.util.thread.QueuedThreadPool -- run org.eclipse.jetty.io.ManagedSelector$$Lambda$424/0x00000001403801f8@7db90a08 in QueuedThreadPool[Jetty (JavaNetReverseProxy)]@7ee3ba94{STARTED,8<=8<=200,i=1,r=-1,q=0}[ReservedThreadExecutor@5dcf25f8{reserved=0/16,pending=0}]
18:14:44.631 [Jetty (JavaNetReverseProxy)-96] DEBUG org.eclipse.jetty.util.thread.strategy.EatWhatYouKill -- EatWhatYouKill@152220f/SelectorProducer@23083f37/IDLE/p=false/QueuedThreadPool[Jetty (JavaNetReverseProxy)]@7ee3ba94{STARTED,8<=8<=200,i=1,r=-1,q=0}[ReservedThreadExecutor@5dcf25f8{reserved=0/16,pending=0}][pc=0,pic=0,pec=0,epc=0]@2024-10-22T18:14:44.631086+05:30 tryProduce false
18:14:44.631 [Jetty (JavaNetReverseProxy)-96] DEBUG org.eclipse.jetty.io.ManagedSelector -- updateable 1
18:14:44.631 [Jetty (JavaNetReverseProxy)-96] DEBUG org.eclipse.jetty.io.ManagedSelector -- update org.eclipse.jetty.io.ManagedSelector$Start@7dc879fc
18:14:44.631 [Jetty (JavaNetReverseProxy)-96] DEBUG org.eclipse.jetty.io.ManagedSelector -- updates 0
18:14:44.631 [Jetty (JavaNetReverseProxy)-96] DEBUG org.eclipse.jetty.io.ManagedSelector -- Selector sun.nio.ch.KQueueSelectorImpl@58d0ce2a waiting with 0 keys
18:14:44.631 [Executing testNonAdminWithoutCredentialsView(org.conjur.jenkins.credentials.ConjurCredentialStoreTest)] DEBUG org.eclipse.jetty.util.component.AbstractLifeCycle -- STARTED @11735ms ManagedSelector@7714f8b2{STARTED} id=6 keys=0 selected=0 updates=0
18:14:44.631 [Executing testNonAdminWithoutCredentialsView(org.conjur.jenkins.credentials.ConjurCredentialStoreTest)] DEBUG org.eclipse.jetty.util.component.AbstractLifeCycle -- starting ManagedSelector@6d3db7f0{STOPPED} id=7 keys=-1 selected=-1 updates=0
18:14:44.631 [Executing testNonAdminWithoutCredentialsView(org.conjur.jenkins.credentials.ConjurCredentialStoreTest)] DEBUG org.eclipse.jetty.util.component.AbstractLifeCycle -- starting EatWhatYouKill@1ffcdb1f/SelectorProducer@faed0b5/IDLE/p=false/QueuedThreadPool[Jetty (JavaNetReverseProxy)]@7ee3ba94{STARTED,8<=8<=200,i=1,r=-1,q=0}[ReservedThreadExecutor@5dcf25f8{reserved=0/16,pending=0}][pc=0,pic=0,pec=0,epc=0]@2024-10-22T18:14:44.631225+05:30
18:14:44.631 [Executing testNonAdminWithoutCredentialsView(org.conjur.jenkins.credentials.ConjurCredentialStoreTest)] DEBUG org.eclipse.jetty.util.component.AbstractLifeCycle -- STARTED @11735ms EatWhatYouKill@1ffcdb1f/SelectorProducer@faed0b5/IDLE/p=false/QueuedThreadPool[Jetty (JavaNetReverseProxy)]@7ee3ba94{STARTED,8<=8<=200,i=1,r=-1,q=0}[ReservedThreadExecutor@5dcf25f8{reserved=0/16,pending=0}][pc=0,pic=0,pec=0,epc=0]@2024-10-22T18:14:44.631278+05:30
18:14:44.631 [Executing testNonAdminWithoutCredentialsView(org.conjur.jenkins.credentials.ConjurCredentialStoreTest)] DEBUG org.eclipse.jetty.util.thread.QueuedThreadPool -- queue org.eclipse.jetty.io.ManagedSelector$$Lambda$424/0x00000001403801f8@4a69b628 startThread=0
18:14:44.631 [Executing testNonAdminWithoutCredentialsView(org.conjur.jenkins.credentials.ConjurCredentialStoreTest)] DEBUG org.eclipse.jetty.io.ManagedSelector -- Queued change lazy=false org.eclipse.jetty.io.ManagedSelector$Start@22e20e0c on ManagedSelector@6d3db7f0{STARTING} id=7 keys=0 selected=0 updates=0
18:14:44.631 [Jetty (JavaNetReverseProxy)-97] DEBUG org.eclipse.jetty.util.thread.QueuedThreadPool -- run org.eclipse.jetty.io.ManagedSelector$$Lambda$424/0x00000001403801f8@4a69b628 in QueuedThreadPool[Jetty (JavaNetReverseProxy)]@7ee3ba94{STARTED,8<=8<=200,i=0,r=-1,q=0}[ReservedThreadExecutor@5dcf25f8{reserved=0/16,pending=0}]
18:14:44.631 [Jetty (JavaNetReverseProxy)-97] DEBUG org.eclipse.jetty.util.thread.strategy.EatWhatYouKill -- EatWhatYouKill@1ffcdb1f/SelectorProducer@faed0b5/IDLE/p=false/QueuedThreadPool[Jetty (JavaNetReverseProxy)]@7ee3ba94{STARTED,8<=8<=200,i=0,r=-1,q=0}[ReservedThreadExecutor@5dcf25f8{reserved=0/16,pending=0}][pc=0,pic=0,pec=0,epc=0]@2024-10-22T18:14:44.631439+05:30 tryProduce false
18:14:44.631 [Jetty (JavaNetReverseProxy)-97] DEBUG org.eclipse.jetty.io.ManagedSelector -- updateable 1
18:14:44.631 [Jetty (JavaNetReverseProxy)-97] DEBUG org.eclipse.jetty.io.ManagedSelector -- update org.eclipse.jetty.io.ManagedSelector$Start@22e20e0c
18:14:44.631 [Jetty (JavaNetReverseProxy)-97] DEBUG org.eclipse.jetty.io.ManagedSelector -- updates 0
18:14:44.631 [Jetty (JavaNetReverseProxy)-97] DEBUG org.eclipse.jetty.io.ManagedSelector -- Selector sun.nio.ch.KQueueSelectorImpl@26dfca08 waiting with 0 keys
18:14:44.631 [Executing testNonAdminWithoutCredentialsView(org.conjur.jenkins.credentials.ConjurCredentialStoreTest)] DEBUG org.eclipse.jetty.util.component.AbstractLifeCycle -- STARTED @11735ms ManagedSelector@6d3db7f0{STARTED} id=7 keys=0 selected=0 updates=0
18:14:44.631 [Executing testNonAdminWithoutCredentialsView(org.conjur.jenkins.credentials.ConjurCredentialStoreTest)] DEBUG org.eclipse.jetty.util.component.AbstractLifeCycle -- STARTED @11735ms SelectorManager@ServerConnector@15166f6f{HTTP/1.1, (http/1.1)}{0.0.0.0:51444}
18:14:44.631 [Executing testNonAdminWithoutCredentialsView(org.conjur.jenkins.credentials.ConjurCredentialStoreTest)] DEBUG org.eclipse.jetty.util.component.ContainerLifeCycle -- ServerConnector@15166f6f{HTTP/1.1, (http/1.1)}{0.0.0.0:51444} added {acceptor-0@17beb912,POJO}
18:14:44.631 [Executing testNonAdminWithoutCredentialsView(org.conjur.jenkins.credentials.ConjurCredentialStoreTest)] DEBUG org.eclipse.jetty.util.thread.QueuedThreadPool -- queue acceptor-0@17beb912 startThread=1
18:14:44.631 [Executing testNonAdminWithoutCredentialsView(org.conjur.jenkins.credentials.ConjurCredentialStoreTest)] DEBUG org.eclipse.jetty.util.thread.QueuedThreadPool -- Starting Thread[Jetty (JavaNetReverseProxy)-99,5,main]
18:14:44.632 [Executing testNonAdminWithoutCredentialsView(org.conjur.jenkins.credentials.ConjurCredentialStoreTest)] DEBUG org.eclipse.jetty.util.component.ContainerLifeCycle -- ServerConnector@15166f6f{HTTP/1.1, (http/1.1)}{0.0.0.0:51444} added {acceptor-1@2ed80e6e,POJO}
18:14:44.632 [Executing testNonAdminWithoutCredentialsView(org.conjur.jenkins.credentials.ConjurCredentialStoreTest)] DEBUG org.eclipse.jetty.util.thread.QueuedThreadPool -- queue acceptor-1@2ed80e6e startThread=1
18:14:44.632 [Jetty (JavaNetReverseProxy)-99] DEBUG org.eclipse.jetty.util.thread.QueuedThreadPool -- Runner started for QueuedThreadPool[Jetty (JavaNetReverseProxy)]@7ee3ba94{STARTED,8<=9<=200,i=0,r=-1,q=0}[ReservedThreadExecutor@5dcf25f8{reserved=0/16,pending=0}]
18:14:44.632 [Executing testNonAdminWithoutCredentialsView(org.conjur.jenkins.credentials.ConjurCredentialStoreTest)] DEBUG org.eclipse.jetty.util.thread.QueuedThreadPool -- Starting Thread[Jetty (JavaNetReverseProxy)-100,5,main]
18:14:44.632 [Jetty (JavaNetReverseProxy)-99] DEBUG org.eclipse.jetty.util.thread.QueuedThreadPool -- run acceptor-0@17beb912 in QueuedThreadPool[Jetty (JavaNetReverseProxy)]@7ee3ba94{STARTED,8<=10<=200,i=0,r=-1,q=0}[ReservedThreadExecutor@5dcf25f8{reserved=0/16,pending=0}]
18:14:44.632 [Executing testNonAdminWithoutCredentialsView(org.conjur.jenkins.credentials.ConjurCredentialStoreTest)] INFO org.eclipse.jetty.server.AbstractConnector -- Started ServerConnector@15166f6f{HTTP/1.1, (http/1.1)}{0.0.0.0:51444}
18:14:44.632 [Executing testNonAdminWithoutCredentialsView(org.conjur.jenkins.credentials.ConjurCredentialStoreTest)] DEBUG org.eclipse.jetty.util.component.AbstractLifeCycle -- STARTED @11736ms ServerConnector@15166f6f{HTTP/1.1, (http/1.1)}{0.0.0.0:51444}
18:14:44.632 [Executing testNonAdminWithoutCredentialsView(org.conjur.jenkins.credentials.ConjurCredentialStoreTest)] INFO org.eclipse.jetty.server.Server -- Started @11736ms
18:14:44.632 [Executing testNonAdminWithoutCredentialsView(org.conjur.jenkins.credentials.ConjurCredentialStoreTest)] DEBUG org.eclipse.jetty.util.component.AbstractLifeCycle -- STARTED @11736ms Server@37c56656{STARTED}[9.4.48.v20220622]
18:14:44.632 [Jetty (JavaNetReverseProxy)-100] DEBUG org.eclipse.jetty.util.thread.QueuedThreadPool -- Runner started for QueuedThreadPool[Jetty (JavaNetReverseProxy)]@7ee3ba94{STARTED,8<=10<=200,i=0,r=-1,q=0}[ReservedThreadExecutor@5dcf25f8{reserved=0/16,pending=0}]
18:14:44.632 [Jetty (JavaNetReverseProxy)-100] DEBUG org.eclipse.jetty.util.thread.QueuedThreadPool -- run acceptor-1@2ed80e6e in QueuedThreadPool[Jetty (JavaNetReverseProxy)]@7ee3ba94{STARTED,8<=10<=200,i=0,r=-1,q=0}[ReservedThreadExecutor@5dcf25f8{reserved=0/16,pending=0}]
18:14:45.636 [Executing testNonAdminWithoutCredentialsView(org.conjur.jenkins.credentials.ConjurCredentialStoreTest)] DEBUG org.eclipse.jetty.util.component.AbstractLifeCycle -- stopping Server@580ed69a{STARTED}[9.4.48.v20220622]
18:14:45.637 [Executing testNonAdminWithoutCredentialsView(org.conjur.jenkins.credentials.ConjurCredentialStoreTest)] DEBUG org.eclipse.jetty.server.Server -- doStop Server@580ed69a{STOPPING}[9.4.48.v20220622]
18:14:45.640 [Jetty (JenkinsRule)-40] DEBUG org.eclipse.jetty.util.thread.QueuedThreadPool -- ran Jetty (JenkinsRule)-40-acceptor-1@94f216a-ServerConnector@51e0138f{HTTP/1.1, (http/1.1)}{localhost:51440} in QueuedThreadPool[Jetty (JenkinsRule)]@1f101444{STARTED,8<=10<=200,i=0,r=-1,q=0}[ReservedThreadExecutor@7d5bea6c{reserved=0/16,pending=0}]
18:14:45.640 [Jetty (JenkinsRule)-39] DEBUG org.eclipse.jetty.util.thread.QueuedThreadPool -- ran Jetty (JenkinsRule)-39-acceptor-0@5948b224-ServerConnector@51e0138f{HTTP/1.1, (http/1.1)}{localhost:51440} in QueuedThreadPool[Jetty (JenkinsRule)]@1f101444{STARTED,8<=10<=200,i=0,r=-1,q=0}[ReservedThreadExecutor@7d5bea6c{reserved=0/16,pending=0}]
18:14:45.642 [Executing testNonAdminWithoutCredentialsView(org.conjur.jenkins.credentials.ConjurCredentialStoreTest)] DEBUG org.eclipse.jetty.server.handler.AbstractHandlerContainer -- Graceful shutdown Server@580ed69a{STOPPING}[9.4.48.v20220622] by 
18:14:45.642 [Executing testNonAdminWithoutCredentialsView(org.conjur.jenkins.credentials.ConjurCredentialStoreTest)] DEBUG org.eclipse.jetty.util.component.AbstractLifeCycle -- stopping ServerConnector@51e0138f{HTTP/1.1, (http/1.1)}{localhost:0}
18:14:45.642 [Executing testNonAdminWithoutCredentialsView(org.conjur.jenkins.credentials.ConjurCredentialStoreTest)] DEBUG org.eclipse.jetty.util.component.AbstractLifeCycle -- stopping SelectorManager@ServerConnector@51e0138f{HTTP/1.1, (http/1.1)}{localhost:0}
18:14:45.643 [Executing testNonAdminWithoutCredentialsView(org.conjur.jenkins.credentials.ConjurCredentialStoreTest)] DEBUG org.eclipse.jetty.util.component.AbstractLifeCycle -- stopping ManagedSelector@453ddb72{STARTED} id=7 keys=0 selected=0 updates=0
18:14:45.644 [Executing testNonAdminWithoutCredentialsView(org.conjur.jenkins.credentials.ConjurCredentialStoreTest)] DEBUG org.eclipse.jetty.io.ManagedSelector -- Queued change lazy=false org.eclipse.jetty.io.ManagedSelector$CloseConnections@415ad4bd on ManagedSelector@453ddb72{STOPPING} id=7 keys=0 selected=0 updates=0
18:14:45.644 [Executing testNonAdminWithoutCredentialsView(org.conjur.jenkins.credentials.ConjurCredentialStoreTest)] DEBUG org.eclipse.jetty.io.ManagedSelector -- Wakeup on submit ManagedSelector@453ddb72{STOPPING} id=7 keys=0 selected=0 updates=1
18:14:45.646 [Jetty (JenkinsRule)-37] DEBUG org.eclipse.jetty.io.ManagedSelector -- Selector sun.nio.ch.KQueueSelectorImpl@1d1981f6 woken with none selected
18:14:45.646 [Jetty (JenkinsRule)-37] DEBUG org.eclipse.jetty.io.ManagedSelector -- Selector sun.nio.ch.KQueueSelectorImpl@1d1981f6 woken up from select, 0/0/0 selected
18:14:45.646 [Jetty (JenkinsRule)-37] DEBUG org.eclipse.jetty.io.ManagedSelector -- Selector sun.nio.ch.KQueueSelectorImpl@1d1981f6 processing 0 keys, 1 updates
18:14:45.647 [Jetty (JenkinsRule)-37] DEBUG org.eclipse.jetty.io.ManagedSelector -- updateable 1
18:14:45.647 [Jetty (JenkinsRule)-37] DEBUG org.eclipse.jetty.io.ManagedSelector -- update org.eclipse.jetty.io.ManagedSelector$CloseConnections@415ad4bd
18:14:45.647 [Jetty (JenkinsRule)-37] DEBUG org.eclipse.jetty.io.ManagedSelector -- Closing 0 connections on ManagedSelector@453ddb72{STOPPING} id=7 keys=0 selected=0 updates=0
18:14:45.647 [Jetty (JenkinsRule)-37] DEBUG org.eclipse.jetty.io.ManagedSelector -- updates 0
18:14:45.647 [Jetty (JenkinsRule)-37] DEBUG org.eclipse.jetty.io.ManagedSelector -- Selector sun.nio.ch.KQueueSelectorImpl@1d1981f6 waiting with 0 keys
18:14:45.648 [Executing testNonAdminWithoutCredentialsView(org.conjur.jenkins.credentials.ConjurCredentialStoreTest)] DEBUG org.eclipse.jetty.io.ManagedSelector -- Queued change lazy=false org.eclipse.jetty.io.ManagedSelector$StopSelector@4740727b on ManagedSelector@453ddb72{STOPPING} id=7 keys=0 selected=0 updates=0
18:14:45.648 [Executing testNonAdminWithoutCredentialsView(org.conjur.jenkins.credentials.ConjurCredentialStoreTest)] DEBUG org.eclipse.jetty.io.ManagedSelector -- Wakeup on submit ManagedSelector@453ddb72{STOPPING} id=7 keys=0 selected=0 updates=1
18:14:45.648 [Jetty (JenkinsRule)-37] DEBUG org.eclipse.jetty.io.ManagedSelector -- Selector sun.nio.ch.KQueueSelectorImpl@1d1981f6 woken with none selected
18:14:45.649 [Jetty (JenkinsRule)-37] DEBUG org.eclipse.jetty.io.ManagedSelector -- Selector sun.nio.ch.KQueueSelectorImpl@1d1981f6 woken up from select, 0/0/0 selected
18:14:45.649 [Jetty (JenkinsRule)-37] DEBUG org.eclipse.jetty.io.ManagedSelector -- Selector sun.nio.ch.KQueueSelectorImpl@1d1981f6 processing 0 keys, 1 updates
18:14:45.649 [Jetty (JenkinsRule)-37] DEBUG org.eclipse.jetty.io.ManagedSelector -- updateable 1
18:14:45.649 [Jetty (JenkinsRule)-37] DEBUG org.eclipse.jetty.io.ManagedSelector -- update org.eclipse.jetty.io.ManagedSelector$StopSelector@4740727b
18:14:45.650 [Jetty (JenkinsRule)-37] DEBUG org.eclipse.jetty.io.ManagedSelector -- updates 0
18:14:45.651 [Executing testNonAdminWithoutCredentialsView(org.conjur.jenkins.credentials.ConjurCredentialStoreTest)] DEBUG org.eclipse.jetty.util.component.AbstractLifeCycle -- stopping EatWhatYouKill@12245b5c/SelectorProducer@3e6b2bb4/PRODUCING/p=false/QueuedThreadPool[Jetty (JenkinsRule)]@1f101444{STARTED,8<=10<=200,i=2,r=-1,q=0}[ReservedThreadExecutor@7d5bea6c{reserved=0/16,pending=0}][pc=0,pic=0,pec=0,epc=0]@2024-10-22T18:14:45.651468+05:30
18:14:45.652 [Jetty (JenkinsRule)-37] DEBUG org.eclipse.jetty.util.thread.QueuedThreadPool -- ran org.eclipse.jetty.io.ManagedSelector$$Lambda$424/0x00000001403801f8@21af4a4d in QueuedThreadPool[Jetty (JenkinsRule)]@1f101444{STARTED,8<=10<=200,i=2,r=-1,q=0}[ReservedThreadExecutor@7d5bea6c{reserved=0/16,pending=0}]
18:14:45.652 [Executing testNonAdminWithoutCredentialsView(org.conjur.jenkins.credentials.ConjurCredentialStoreTest)] DEBUG org.eclipse.jetty.util.component.AbstractLifeCycle -- STOPPED EatWhatYouKill@12245b5c/SelectorProducer@3e6b2bb4/IDLE/p=false/QueuedThreadPool[Jetty (JenkinsRule)]@1f101444{STARTED,8<=10<=200,i=2,r=-1,q=0}[ReservedThreadExecutor@7d5bea6c{reserved=0/16,pending=0}][pc=0,pic=0,pec=0,epc=0]@2024-10-22T18:14:45.652315+05:30
18:14:45.652 [Executing testNonAdminWithoutCredentialsView(org.conjur.jenkins.credentials.ConjurCredentialStoreTest)] DEBUG org.eclipse.jetty.util.component.AbstractLifeCycle -- STOPPED ManagedSelector@453ddb72{STOPPED} id=7 keys=-1 selected=-1 updates=0
18:14:45.653 [Executing testNonAdminWithoutCredentialsView(org.conjur.jenkins.credentials.ConjurCredentialStoreTest)] DEBUG org.eclipse.jetty.util.component.AbstractLifeCycle -- stopping ManagedSelector@2636becc{STARTED} id=6 keys=0 selected=0 updates=0
18:14:45.653 [Executing testNonAdminWithoutCredentialsView(org.conjur.jenkins.credentials.ConjurCredentialStoreTest)] DEBUG org.eclipse.jetty.io.ManagedSelector -- Queued change lazy=false org.eclipse.jetty.io.ManagedSelector$CloseConnections@78271db4 on ManagedSelector@2636becc{STOPPING} id=6 keys=0 selected=0 updates=0
18:14:45.653 [Executing testNonAdminWithoutCredentialsView(org.conjur.jenkins.credentials.ConjurCredentialStoreTest)] DEBUG org.eclipse.jetty.io.ManagedSelector -- Wakeup on submit ManagedSelector@2636becc{STOPPING} id=6 keys=0 selected=0 updates=1
18:14:45.654 [Jetty (JenkinsRule)-36] DEBUG org.eclipse.jetty.io.ManagedSelector -- Selector sun.nio.ch.KQueueSelectorImpl@52ee669d woken with none selected
18:14:45.654 [Jetty (JenkinsRule)-36] DEBUG org.eclipse.jetty.io.ManagedSelector -- Selector sun.nio.ch.KQueueSelectorImpl@52ee669d woken up from select, 0/0/0 selected
18:14:45.654 [Jetty (JenkinsRule)-36] DEBUG org.eclipse.jetty.io.ManagedSelector -- Selector sun.nio.ch.KQueueSelectorImpl@52ee669d processing 0 keys, 1 updates
18:14:45.654 [Jetty (JenkinsRule)-36] DEBUG org.eclipse.jetty.io.ManagedSelector -- updateable 1
18:14:45.654 [Jetty (JenkinsRule)-36] DEBUG org.eclipse.jetty.io.ManagedSelector -- update org.eclipse.jetty.io.ManagedSelector$CloseConnections@78271db4
18:14:45.654 [Jetty (JenkinsRule)-36] DEBUG org.eclipse.jetty.io.ManagedSelector -- Closing 0 connections on ManagedSelector@2636becc{STOPPING} id=6 keys=0 selected=0 updates=0
18:14:45.654 [Jetty (JenkinsRule)-36] DEBUG org.eclipse.jetty.io.ManagedSelector -- updates 0
18:14:45.654 [Jetty (JenkinsRule)-36] DEBUG org.eclipse.jetty.io.ManagedSelector -- Selector sun.nio.ch.KQueueSelectorImpl@52ee669d waiting with 0 keys
18:14:45.655 [Executing testNonAdminWithoutCredentialsView(org.conjur.jenkins.credentials.ConjurCredentialStoreTest)] DEBUG org.eclipse.jetty.io.ManagedSelector -- Queued change lazy=false org.eclipse.jetty.io.ManagedSelector$StopSelector@ef0b2ba on ManagedSelector@2636becc{STOPPING} id=6 keys=0 selected=0 updates=0
18:14:45.655 [Executing testNonAdminWithoutCredentialsView(org.conjur.jenkins.credentials.ConjurCredentialStoreTest)] DEBUG org.eclipse.jetty.io.ManagedSelector -- Wakeup on submit ManagedSelector@2636becc{STOPPING} id=6 keys=0 selected=0 updates=1
18:14:45.655 [Jetty (JenkinsRule)-36] DEBUG org.eclipse.jetty.io.ManagedSelector -- Selector sun.nio.ch.KQueueSelectorImpl@52ee669d woken with none selected
18:14:45.655 [Jetty (JenkinsRule)-36] DEBUG org.eclipse.jetty.io.ManagedSelector -- Selector sun.nio.ch.KQueueSelectorImpl@52ee669d woken up from select, 0/0/0 selected
18:14:45.655 [Jetty (JenkinsRule)-36] DEBUG org.eclipse.jetty.io.ManagedSelector -- Selector sun.nio.ch.KQueueSelectorImpl@52ee669d processing 0 keys, 1 updates
18:14:45.655 [Jetty (JenkinsRule)-36] DEBUG org.eclipse.jetty.io.ManagedSelector -- updateable 1
18:14:45.655 [Jetty (JenkinsRule)-36] DEBUG org.eclipse.jetty.io.ManagedSelector -- update org.eclipse.jetty.io.ManagedSelector$StopSelector@ef0b2ba
18:14:45.656 [Jetty (JenkinsRule)-36] DEBUG org.eclipse.jetty.io.ManagedSelector -- updates 0
18:14:45.656 [Executing testNonAdminWithoutCredentialsView(org.conjur.jenkins.credentials.ConjurCredentialStoreTest)] DEBUG org.eclipse.jetty.util.component.AbstractLifeCycle -- stopping EatWhatYouKill@5f2e69ad/SelectorProducer@1bf4241/PRODUCING/p=false/QueuedThreadPool[Jetty (JenkinsRule)]@1f101444{STARTED,8<=10<=200,i=3,r=-1,q=0}[ReservedThreadExecutor@7d5bea6c{reserved=0/16,pending=0}][pc=0,pic=0,pec=0,epc=0]@2024-10-22T18:14:45.656416+05:30
18:14:45.656 [Jetty (JenkinsRule)-36] DEBUG org.eclipse.jetty.util.thread.QueuedThreadPool -- ran org.eclipse.jetty.io.ManagedSelector$$Lambda$424/0x00000001403801f8@263a4372 in QueuedThreadPool[Jetty (JenkinsRule)]@1f101444{STARTED,8<=10<=200,i=3,r=-1,q=0}[ReservedThreadExecutor@7d5bea6c{reserved=0/16,pending=0}]
18:14:45.656 [Executing testNonAdminWithoutCredentialsView(org.conjur.jenkins.credentials.ConjurCredentialStoreTest)] DEBUG org.eclipse.jetty.util.component.AbstractLifeCycle -- STOPPED EatWhatYouKill@5f2e69ad/SelectorProducer@1bf4241/IDLE/p=false/QueuedThreadPool[Jetty (JenkinsRule)]@1f101444{STARTED,8<=10<=200,i=3,r=-1,q=0}[ReservedThreadExecutor@7d5bea6c{reserved=0/16,pending=0}][pc=0,pic=0,pec=0,epc=0]@2024-10-22T18:14:45.656873+05:30
18:14:45.657 [Executing testNonAdminWithoutCredentialsView(org.conjur.jenkins.credentials.ConjurCredentialStoreTest)] DEBUG org.eclipse.jetty.util.component.AbstractLifeCycle -- STOPPED ManagedSelector@2636becc{STOPPED} id=6 keys=-1 selected=-1 updates=0
18:14:45.657 [Executing testNonAdminWithoutCredentialsView(org.conjur.jenkins.credentials.ConjurCredentialStoreTest)] DEBUG org.eclipse.jetty.util.component.AbstractLifeCycle -- stopping ManagedSelector@42decf11{STARTED} id=5 keys=0 selected=0 updates=0
18:14:45.657 [Executing testNonAdminWithoutCredentialsView(org.conjur.jenkins.credentials.ConjurCredentialStoreTest)] DEBUG org.eclipse.jetty.io.ManagedSelector -- Queued change lazy=false org.eclipse.jetty.io.ManagedSelector$CloseConnections@1b1217d8 on ManagedSelector@42decf11{STOPPING} id=5 keys=0 selected=0 updates=0
18:14:45.658 [Executing testNonAdminWithoutCredentialsView(org.conjur.jenkins.credentials.ConjurCredentialStoreTest)] DEBUG org.eclipse.jetty.io.ManagedSelector -- Wakeup on submit ManagedSelector@42decf11{STOPPING} id=5 keys=0 selected=0 updates=1
18:14:45.658 [Jetty (JenkinsRule)-35] DEBUG org.eclipse.jetty.io.ManagedSelector -- Selector sun.nio.ch.KQueueSelectorImpl@1fed7393 woken with none selected
18:14:45.658 [Jetty (JenkinsRule)-35] DEBUG org.eclipse.jetty.io.ManagedSelector -- Selector sun.nio.ch.KQueueSelectorImpl@1fed7393 woken up from select, 0/0/0 selected
18:14:45.658 [Jetty (JenkinsRule)-35] DEBUG org.eclipse.jetty.io.ManagedSelector -- Selector sun.nio.ch.KQueueSelectorImpl@1fed7393 processing 0 keys, 1 updates
18:14:45.658 [Jetty (JenkinsRule)-35] DEBUG org.eclipse.jetty.io.ManagedSelector -- updateable 1
18:14:45.658 [Jetty (JenkinsRule)-35] DEBUG org.eclipse.jetty.io.ManagedSelector -- update org.eclipse.jetty.io.ManagedSelector$CloseConnections@1b1217d8
18:14:45.658 [Jetty (JenkinsRule)-35] DEBUG org.eclipse.jetty.io.ManagedSelector -- Closing 0 connections on ManagedSelector@42decf11{STOPPING} id=5 keys=0 selected=0 updates=0
18:14:45.659 [Jetty (JenkinsRule)-35] DEBUG org.eclipse.jetty.io.ManagedSelector -- updates 0
18:14:45.659 [Jetty (JenkinsRule)-35] DEBUG org.eclipse.jetty.io.ManagedSelector -- Selector sun.nio.ch.KQueueSelectorImpl@1fed7393 waiting with 0 keys
18:14:45.659 [Executing testNonAdminWithoutCredentialsView(org.conjur.jenkins.credentials.ConjurCredentialStoreTest)] DEBUG org.eclipse.jetty.io.ManagedSelector -- Queued change lazy=false org.eclipse.jetty.io.ManagedSelector$StopSelector@5f057d6b on ManagedSelector@42decf11{STOPPING} id=5 keys=0 selected=0 updates=0
18:14:45.659 [Executing testNonAdminWithoutCredentialsView(org.conjur.jenkins.credentials.ConjurCredentialStoreTest)] DEBUG org.eclipse.jetty.io.ManagedSelector -- Wakeup on submit ManagedSelector@42decf11{STOPPING} id=5 keys=0 selected=0 updates=1
18:14:45.659 [Jetty (JenkinsRule)-35] DEBUG org.eclipse.jetty.io.ManagedSelector -- Selector sun.nio.ch.KQueueSelectorImpl@1fed7393 woken with none selected
18:14:45.659 [Jetty (JenkinsRule)-35] DEBUG org.eclipse.jetty.io.ManagedSelector -- Selector sun.nio.ch.KQueueSelectorImpl@1fed7393 woken up from select, 0/0/0 selected
18:14:45.660 [Jetty (JenkinsRule)-35] DEBUG org.eclipse.jetty.io.ManagedSelector -- Selector sun.nio.ch.KQueueSelectorImpl@1fed7393 processing 0 keys, 1 updates
18:14:45.660 [Jetty (JenkinsRule)-35] DEBUG org.eclipse.jetty.io.ManagedSelector -- updateable 1
18:14:45.660 [Jetty (JenkinsRule)-35] DEBUG org.eclipse.jetty.io.ManagedSelector -- update org.eclipse.jetty.io.ManagedSelector$StopSelector@5f057d6b
18:14:45.660 [Jetty (JenkinsRule)-35] DEBUG org.eclipse.jetty.io.ManagedSelector -- updates 0
18:14:45.660 [Executing testNonAdminWithoutCredentialsView(org.conjur.jenkins.credentials.ConjurCredentialStoreTest)] DEBUG org.eclipse.jetty.util.component.AbstractLifeCycle -- stopping EatWhatYouKill@5830dfe6/SelectorProducer@6f3912e8/PRODUCING/p=false/QueuedThreadPool[Jetty (JenkinsRule)]@1f101444{STARTED,8<=10<=200,i=4,r=-1,q=0}[ReservedThreadExecutor@7d5bea6c{reserved=0/16,pending=0}][pc=0,pic=0,pec=0,epc=0]@2024-10-22T18:14:45.660672+05:30
18:14:45.660 [Jetty (JenkinsRule)-35] DEBUG org.eclipse.jetty.util.thread.QueuedThreadPool -- ran org.eclipse.jetty.io.ManagedSelector$$Lambda$424/0x00000001403801f8@5149ee82 in QueuedThreadPool[Jetty (JenkinsRule)]@1f101444{STARTED,8<=10<=200,i=4,r=-1,q=0}[ReservedThreadExecutor@7d5bea6c{reserved=0/16,pending=0}]
18:14:45.661 [Executing testNonAdminWithoutCredentialsView(org.conjur.jenkins.credentials.ConjurCredentialStoreTest)] DEBUG org.eclipse.jetty.util.component.AbstractLifeCycle -- STOPPED EatWhatYouKill@5830dfe6/SelectorProducer@6f3912e8/IDLE/p=false/QueuedThreadPool[Jetty (JenkinsRule)]@1f101444{STARTED,8<=10<=200,i=4,r=-1,q=0}[ReservedThreadExecutor@7d5bea6c{reserved=0/16,pending=0}][pc=0,pic=0,pec=0,epc=0]@2024-10-22T18:14:45.661103+05:30
18:14:45.661 [Executing testNonAdminWithoutCredentialsView(org.conjur.jenkins.credentials.ConjurCredentialStoreTest)] DEBUG org.eclipse.jetty.util.component.AbstractLifeCycle -- STOPPED ManagedSelector@42decf11{STOPPED} id=5 keys=-1 selected=-1 updates=0
18:14:45.661 [Executing testNonAdminWithoutCredentialsView(org.conjur.jenkins.credentials.ConjurCredentialStoreTest)] DEBUG org.eclipse.jetty.util.component.AbstractLifeCycle -- stopping ManagedSelector@1ef063a4{STARTED} id=4 keys=0 selected=0 updates=0
18:14:45.661 [Executing testNonAdminWithoutCredentialsView(org.conjur.jenkins.credentials.ConjurCredentialStoreTest)] DEBUG org.eclipse.jetty.io.ManagedSelector -- Queued change lazy=false org.eclipse.jetty.io.ManagedSelector$CloseConnections@1f0f0182 on ManagedSelector@1ef063a4{STOPPING} id=4 keys=0 selected=0 updates=0
18:14:45.662 [Executing testNonAdminWithoutCredentialsView(org.conjur.jenkins.credentials.ConjurCredentialStoreTest)] DEBUG org.eclipse.jetty.io.ManagedSelector -- Wakeup on submit ManagedSelector@1ef063a4{STOPPING} id=4 keys=0 selected=0 updates=1
18:14:45.662 [Jetty (JenkinsRule)-34] DEBUG org.eclipse.jetty.io.ManagedSelector -- Selector sun.nio.ch.KQueueSelectorImpl@25dbf577 woken with none selected
18:14:45.662 [Jetty (JenkinsRule)-34] DEBUG org.eclipse.jetty.io.ManagedSelector -- Selector sun.nio.ch.KQueueSelectorImpl@25dbf577 woken up from select, 0/0/0 selected
18:14:45.662 [Jetty (JenkinsRule)-34] DEBUG org.eclipse.jetty.io.ManagedSelector -- Selector sun.nio.ch.KQueueSelectorImpl@25dbf577 processing 0 keys, 1 updates
18:14:45.662 [Jetty (JenkinsRule)-34] DEBUG org.eclipse.jetty.io.ManagedSelector -- updateable 1
18:14:45.662 [Jetty (JenkinsRule)-34] DEBUG org.eclipse.jetty.io.ManagedSelector -- update org.eclipse.jetty.io.ManagedSelector$CloseConnections@1f0f0182
18:14:45.662 [Jetty (JenkinsRule)-34] DEBUG org.eclipse.jetty.io.ManagedSelector -- Closing 0 connections on ManagedSelector@1ef063a4{STOPPING} id=4 keys=0 selected=0 updates=0
18:14:45.662 [Jetty (JenkinsRule)-34] DEBUG org.eclipse.jetty.io.ManagedSelector -- updates 0
18:14:45.663 [Jetty (JenkinsRule)-34] DEBUG org.eclipse.jetty.io.ManagedSelector -- Selector sun.nio.ch.KQueueSelectorImpl@25dbf577 waiting with 0 keys
18:14:45.663 [Executing testNonAdminWithoutCredentialsView(org.conjur.jenkins.credentials.ConjurCredentialStoreTest)] DEBUG org.eclipse.jetty.io.ManagedSelector -- Queued change lazy=false org.eclipse.jetty.io.ManagedSelector$StopSelector@146115bb on ManagedSelector@1ef063a4{STOPPING} id=4 keys=0 selected=0 updates=0
18:14:45.663 [Executing testNonAdminWithoutCredentialsView(org.conjur.jenkins.credentials.ConjurCredentialStoreTest)] DEBUG org.eclipse.jetty.io.ManagedSelector -- Wakeup on submit ManagedSelector@1ef063a4{STOPPING} id=4 keys=0 selected=0 updates=1
18:14:45.663 [Jetty (JenkinsRule)-34] DEBUG org.eclipse.jetty.io.ManagedSelector -- Selector sun.nio.ch.KQueueSelectorImpl@25dbf577 woken with none selected
18:14:45.663 [Jetty (JenkinsRule)-34] DEBUG org.eclipse.jetty.io.ManagedSelector -- Selector sun.nio.ch.KQueueSelectorImpl@25dbf577 woken up from select, 0/0/0 selected
18:14:45.663 [Jetty (JenkinsRule)-34] DEBUG org.eclipse.jetty.io.ManagedSelector -- Selector sun.nio.ch.KQueueSelectorImpl@25dbf577 processing 0 keys, 1 updates
18:14:45.663 [Jetty (JenkinsRule)-34] DEBUG org.eclipse.jetty.io.ManagedSelector -- updateable 1
18:14:45.664 [Jetty (JenkinsRule)-34] DEBUG org.eclipse.jetty.io.ManagedSelector -- update org.eclipse.jetty.io.ManagedSelector$StopSelector@146115bb
18:14:45.664 [Jetty (JenkinsRule)-34] DEBUG org.eclipse.jetty.io.ManagedSelector -- updates 0
18:14:45.664 [Executing testNonAdminWithoutCredentialsView(org.conjur.jenkins.credentials.ConjurCredentialStoreTest)] DEBUG org.eclipse.jetty.util.component.AbstractLifeCycle -- stopping EatWhatYouKill@7879e8e0/SelectorProducer@5c1e2a94/PRODUCING/p=false/QueuedThreadPool[Jetty (JenkinsRule)]@1f101444{STARTED,8<=10<=200,i=5,r=-1,q=0}[ReservedThreadExecutor@7d5bea6c{reserved=0/16,pending=0}][pc=0,pic=0,pec=0,epc=0]@2024-10-22T18:14:45.664426+05:30
18:14:45.664 [Jetty (JenkinsRule)-34] DEBUG org.eclipse.jetty.util.thread.QueuedThreadPool -- ran org.eclipse.jetty.io.ManagedSelector$$Lambda$424/0x00000001403801f8@203586c4 in QueuedThreadPool[Jetty (JenkinsRule)]@1f101444{STARTED,8<=10<=200,i=5,r=-1,q=0}[ReservedThreadExecutor@7d5bea6c{reserved=0/16,pending=0}]
18:14:45.664 [Executing testNonAdminWithoutCredentialsView(org.conjur.jenkins.credentials.ConjurCredentialStoreTest)] DEBUG org.eclipse.jetty.util.component.AbstractLifeCycle -- STOPPED EatWhatYouKill@7879e8e0/SelectorProducer@5c1e2a94/IDLE/p=false/QueuedThreadPool[Jetty (JenkinsRule)]@1f101444{STARTED,8<=10<=200,i=5,r=-1,q=0}[ReservedThreadExecutor@7d5bea6c{reserved=0/16,pending=0}][pc=0,pic=0,pec=0,epc=0]@2024-10-22T18:14:45.664878+05:30
18:14:45.665 [Executing testNonAdminWithoutCredentialsView(org.conjur.jenkins.credentials.ConjurCredentialStoreTest)] DEBUG org.eclipse.jetty.util.component.AbstractLifeCycle -- STOPPED ManagedSelector@1ef063a4{STOPPED} id=4 keys=-1 selected=-1 updates=0
18:14:45.665 [Executing testNonAdminWithoutCredentialsView(org.conjur.jenkins.credentials.ConjurCredentialStoreTest)] DEBUG org.eclipse.jetty.util.component.AbstractLifeCycle -- stopping ManagedSelector@1a8b81b5{STARTED} id=3 keys=0 selected=0 updates=0
18:14:45.665 [Executing testNonAdminWithoutCredentialsView(org.conjur.jenkins.credentials.ConjurCredentialStoreTest)] DEBUG org.eclipse.jetty.io.ManagedSelector -- Queued change lazy=false org.eclipse.jetty.io.ManagedSelector$CloseConnections@1fc67c38 on ManagedSelector@1a8b81b5{STOPPING} id=3 keys=0 selected=0 updates=0
18:14:45.665 [Executing testNonAdminWithoutCredentialsView(org.conjur.jenkins.credentials.ConjurCredentialStoreTest)] DEBUG org.eclipse.jetty.io.ManagedSelector -- Wakeup on submit ManagedSelector@1a8b81b5{STOPPING} id=3 keys=0 selected=0 updates=1
18:14:45.665 [Jetty (JenkinsRule)-33] DEBUG org.eclipse.jetty.io.ManagedSelector -- Selector sun.nio.ch.KQueueSelectorImpl@2cdfceaa woken with none selected
18:14:45.666 [Jetty (JenkinsRule)-33] DEBUG org.eclipse.jetty.io.ManagedSelector -- Selector sun.nio.ch.KQueueSelectorImpl@2cdfceaa woken up from select, 0/0/0 selected
18:14:45.666 [Jetty (JenkinsRule)-33] DEBUG org.eclipse.jetty.io.ManagedSelector -- Selector sun.nio.ch.KQueueSelectorImpl@2cdfceaa processing 0 keys, 1 updates
18:14:45.666 [Jetty (JenkinsRule)-33] DEBUG org.eclipse.jetty.io.ManagedSelector -- updateable 1
18:14:45.666 [Jetty (JenkinsRule)-33] DEBUG org.eclipse.jetty.io.ManagedSelector -- update org.eclipse.jetty.io.ManagedSelector$CloseConnections@1fc67c38
18:14:45.666 [Jetty (JenkinsRule)-33] DEBUG org.eclipse.jetty.io.ManagedSelector -- Closing 0 connections on ManagedSelector@1a8b81b5{STOPPING} id=3 keys=0 selected=0 updates=0
18:14:45.666 [Jetty (JenkinsRule)-33] DEBUG org.eclipse.jetty.io.ManagedSelector -- updates 0
18:14:45.666 [Jetty (JenkinsRule)-33] DEBUG org.eclipse.jetty.io.ManagedSelector -- Selector sun.nio.ch.KQueueSelectorImpl@2cdfceaa waiting with 0 keys
18:14:45.666 [Executing testNonAdminWithoutCredentialsView(org.conjur.jenkins.credentials.ConjurCredentialStoreTest)] DEBUG org.eclipse.jetty.io.ManagedSelector -- Queued change lazy=false org.eclipse.jetty.io.ManagedSelector$StopSelector@6b5ca48e on ManagedSelector@1a8b81b5{STOPPING} id=3 keys=0 selected=0 updates=0
18:14:45.667 [Executing testNonAdminWithoutCredentialsView(org.conjur.jenkins.credentials.ConjurCredentialStoreTest)] DEBUG org.eclipse.jetty.io.ManagedSelector -- Wakeup on submit ManagedSelector@1a8b81b5{STOPPING} id=3 keys=0 selected=0 updates=1
18:14:45.667 [Jetty (JenkinsRule)-33] DEBUG org.eclipse.jetty.io.ManagedSelector -- Selector sun.nio.ch.KQueueSelectorImpl@2cdfceaa woken with none selected
18:14:45.667 [Jetty (JenkinsRule)-33] DEBUG org.eclipse.jetty.io.ManagedSelector -- Selector sun.nio.ch.KQueueSelectorImpl@2cdfceaa woken up from select, 0/0/0 selected
18:14:45.667 [Jetty (JenkinsRule)-33] DEBUG org.eclipse.jetty.io.ManagedSelector -- Selector sun.nio.ch.KQueueSelectorImpl@2cdfceaa processing 0 keys, 1 updates
18:14:45.667 [Jetty (JenkinsRule)-33] DEBUG org.eclipse.jetty.io.ManagedSelector -- updateable 1
18:14:45.667 [Jetty (JenkinsRule)-33] DEBUG org.eclipse.jetty.io.ManagedSelector -- update org.eclipse.jetty.io.ManagedSelector$StopSelector@6b5ca48e
18:14:45.667 [Jetty (JenkinsRule)-33] DEBUG org.eclipse.jetty.io.ManagedSelector -- updates 0
18:14:45.668 [Executing testNonAdminWithoutCredentialsView(org.conjur.jenkins.credentials.ConjurCredentialStoreTest)] DEBUG org.eclipse.jetty.util.component.AbstractLifeCycle -- stopping EatWhatYouKill@25703665/SelectorProducer@161a86dd/PRODUCING/p=false/QueuedThreadPool[Jetty (JenkinsRule)]@1f101444{STARTED,8<=10<=200,i=6,r=-1,q=0}[ReservedThreadExecutor@7d5bea6c{reserved=0/16,pending=0}][pc=0,pic=0,pec=0,epc=0]@2024-10-22T18:14:45.668108+05:30
18:14:45.668 [Jetty (JenkinsRule)-33] DEBUG org.eclipse.jetty.util.thread.QueuedThreadPool -- ran org.eclipse.jetty.io.ManagedSelector$$Lambda$424/0x00000001403801f8@678a1567 in QueuedThreadPool[Jetty (JenkinsRule)]@1f101444{STARTED,8<=10<=200,i=6,r=-1,q=0}[ReservedThreadExecutor@7d5bea6c{reserved=0/16,pending=0}]
18:14:45.668 [Executing testNonAdminWithoutCredentialsView(org.conjur.jenkins.credentials.ConjurCredentialStoreTest)] DEBUG org.eclipse.jetty.util.component.AbstractLifeCycle -- STOPPED EatWhatYouKill@25703665/SelectorProducer@161a86dd/IDLE/p=false/QueuedThreadPool[Jetty (JenkinsRule)]@1f101444{STARTED,8<=10<=200,i=6,r=-1,q=0}[ReservedThreadExecutor@7d5bea6c{reserved=0/16,pending=0}][pc=0,pic=0,pec=0,epc=0]@2024-10-22T18:14:45.668602+05:30
18:14:45.668 [Executing testNonAdminWithoutCredentialsView(org.conjur.jenkins.credentials.ConjurCredentialStoreTest)] DEBUG org.eclipse.jetty.util.component.AbstractLifeCycle -- STOPPED ManagedSelector@1a8b81b5{STOPPED} id=3 keys=-1 selected=-1 updates=0
18:14:45.669 [Executing testNonAdminWithoutCredentialsView(org.conjur.jenkins.credentials.ConjurCredentialStoreTest)] DEBUG org.eclipse.jetty.util.component.AbstractLifeCycle -- stopping ManagedSelector@7e438a7e{STARTED} id=2 keys=0 selected=0 updates=0
18:14:45.669 [Executing testNonAdminWithoutCredentialsView(org.conjur.jenkins.credentials.ConjurCredentialStoreTest)] DEBUG org.eclipse.jetty.io.ManagedSelector -- Queued change lazy=false org.eclipse.jetty.io.ManagedSelector$CloseConnections@cb8ab76 on ManagedSelector@7e438a7e{STOPPING} id=2 keys=0 selected=0 updates=0
18:14:45.669 [Executing testNonAdminWithoutCredentialsView(org.conjur.jenkins.credentials.ConjurCredentialStoreTest)] DEBUG org.eclipse.jetty.io.ManagedSelector -- Wakeup on submit ManagedSelector@7e438a7e{STOPPING} id=2 keys=0 selected=0 updates=1
18:14:45.669 [Jetty (JenkinsRule)-32] DEBUG org.eclipse.jetty.io.ManagedSelector -- Selector sun.nio.ch.KQueueSelectorImpl@732ac45b woken with none selected
18:14:45.669 [Jetty (JenkinsRule)-32] DEBUG org.eclipse.jetty.io.ManagedSelector -- Selector sun.nio.ch.KQueueSelectorImpl@732ac45b woken up from select, 0/0/0 selected
18:14:45.669 [Jetty (JenkinsRule)-32] DEBUG org.eclipse.jetty.io.ManagedSelector -- Selector sun.nio.ch.KQueueSelectorImpl@732ac45b processing 0 keys, 1 updates
18:14:45.670 [Jetty (JenkinsRule)-32] DEBUG org.eclipse.jetty.io.ManagedSelector -- updateable 1
18:14:45.670 [Jetty (JenkinsRule)-32] DEBUG org.eclipse.jetty.io.ManagedSelector -- update org.eclipse.jetty.io.ManagedSelector$CloseConnections@cb8ab76
18:14:45.670 [Jetty (JenkinsRule)-32] DEBUG org.eclipse.jetty.io.ManagedSelector -- Closing 0 connections on ManagedSelector@7e438a7e{STOPPING} id=2 keys=0 selected=0 updates=0
18:14:45.670 [Jetty (JenkinsRule)-32] DEBUG org.eclipse.jetty.io.ManagedSelector -- updates 0
18:14:45.670 [Jetty (JenkinsRule)-32] DEBUG org.eclipse.jetty.io.ManagedSelector -- Selector sun.nio.ch.KQueueSelectorImpl@732ac45b waiting with 0 keys
18:14:45.670 [Executing testNonAdminWithoutCredentialsView(org.conjur.jenkins.credentials.ConjurCredentialStoreTest)] DEBUG org.eclipse.jetty.io.ManagedSelector -- Queued change lazy=false org.eclipse.jetty.io.ManagedSelector$StopSelector@10e8ab97 on ManagedSelector@7e438a7e{STOPPING} id=2 keys=0 selected=0 updates=0
18:14:45.670 [Executing testNonAdminWithoutCredentialsView(org.conjur.jenkins.credentials.ConjurCredentialStoreTest)] DEBUG org.eclipse.jetty.io.ManagedSelector -- Wakeup on submit ManagedSelector@7e438a7e{STOPPING} id=2 keys=0 selected=0 updates=1
18:14:45.670 [Jetty (JenkinsRule)-32] DEBUG org.eclipse.jetty.io.ManagedSelector -- Selector sun.nio.ch.KQueueSelectorImpl@732ac45b woken with none selected
18:14:45.671 [Jetty (JenkinsRule)-32] DEBUG org.eclipse.jetty.io.ManagedSelector -- Selector sun.nio.ch.KQueueSelectorImpl@732ac45b woken up from select, 0/0/0 selected
18:14:45.671 [Jetty (JenkinsRule)-32] DEBUG org.eclipse.jetty.io.ManagedSelector -- Selector sun.nio.ch.KQueueSelectorImpl@732ac45b processing 0 keys, 1 updates
18:14:45.671 [Jetty (JenkinsRule)-32] DEBUG org.eclipse.jetty.io.ManagedSelector -- updateable 1
18:14:45.671 [Jetty (JenkinsRule)-32] DEBUG org.eclipse.jetty.io.ManagedSelector -- update org.eclipse.jetty.io.ManagedSelector$StopSelector@10e8ab97
18:14:45.671 [Jetty (JenkinsRule)-32] DEBUG org.eclipse.jetty.io.ManagedSelector -- updates 0
18:14:45.671 [Executing testNonAdminWithoutCredentialsView(org.conjur.jenkins.credentials.ConjurCredentialStoreTest)] DEBUG org.eclipse.jetty.util.component.AbstractLifeCycle -- stopping EatWhatYouKill@2f635fb/SelectorProducer@6c9c0033/PRODUCING/p=false/QueuedThreadPool[Jetty (JenkinsRule)]@1f101444{STARTED,8<=10<=200,i=7,r=-1,q=0}[ReservedThreadExecutor@7d5bea6c{reserved=0/16,pending=0}][pc=0,pic=0,pec=0,epc=0]@2024-10-22T18:14:45.671696+05:30
18:14:45.671 [Jetty (JenkinsRule)-32] DEBUG org.eclipse.jetty.util.thread.QueuedThreadPool -- ran org.eclipse.jetty.io.ManagedSelector$$Lambda$424/0x00000001403801f8@caa0079 in QueuedThreadPool[Jetty (JenkinsRule)]@1f101444{STARTED,8<=10<=200,i=7,r=-1,q=0}[ReservedThreadExecutor@7d5bea6c{reserved=0/16,pending=0}]
18:14:45.672 [Executing testNonAdminWithoutCredentialsView(org.conjur.jenkins.credentials.ConjurCredentialStoreTest)] DEBUG org.eclipse.jetty.util.component.AbstractLifeCycle -- STOPPED EatWhatYouKill@2f635fb/SelectorProducer@6c9c0033/IDLE/p=false/QueuedThreadPool[Jetty (JenkinsRule)]@1f101444{STARTED,8<=10<=200,i=7,r=-1,q=0}[ReservedThreadExecutor@7d5bea6c{reserved=0/16,pending=0}][pc=0,pic=0,pec=0,epc=0]@2024-10-22T18:14:45.672074+05:30
18:14:45.672 [Executing testNonAdminWithoutCredentialsView(org.conjur.jenkins.credentials.ConjurCredentialStoreTest)] DEBUG org.eclipse.jetty.util.component.AbstractLifeCycle -- STOPPED ManagedSelector@7e438a7e{STOPPED} id=2 keys=-1 selected=-1 updates=0
18:14:45.672 [Executing testNonAdminWithoutCredentialsView(org.conjur.jenkins.credentials.ConjurCredentialStoreTest)] DEBUG org.eclipse.jetty.util.component.AbstractLifeCycle -- stopping ManagedSelector@7fb48b98{STARTED} id=1 keys=0 selected=0 updates=0
18:14:45.672 [Executing testNonAdminWithoutCredentialsView(org.conjur.jenkins.credentials.ConjurCredentialStoreTest)] DEBUG org.eclipse.jetty.io.ManagedSelector -- Queued change lazy=false org.eclipse.jetty.io.ManagedSelector$CloseConnections@3c63220e on ManagedSelector@7fb48b98{STOPPING} id=1 keys=0 selected=0 updates=0
18:14:45.672 [Executing testNonAdminWithoutCredentialsView(org.conjur.jenkins.credentials.ConjurCredentialStoreTest)] DEBUG org.eclipse.jetty.io.ManagedSelector -- Wakeup on submit ManagedSelector@7fb48b98{STOPPING} id=1 keys=0 selected=0 updates=1
18:14:45.673 [Jetty (JenkinsRule)-31] DEBUG org.eclipse.jetty.io.ManagedSelector -- Selector sun.nio.ch.KQueueSelectorImpl@6505513b woken with none selected
18:14:45.673 [Jetty (JenkinsRule)-31] DEBUG org.eclipse.jetty.io.ManagedSelector -- Selector sun.nio.ch.KQueueSelectorImpl@6505513b woken up from select, 0/0/0 selected
18:14:45.673 [Jetty (JenkinsRule)-31] DEBUG org.eclipse.jetty.io.ManagedSelector -- Selector sun.nio.ch.KQueueSelectorImpl@6505513b processing 0 keys, 1 updates
18:14:45.673 [Jetty (JenkinsRule)-31] DEBUG org.eclipse.jetty.io.ManagedSelector -- updateable 1
18:14:45.673 [Jetty (JenkinsRule)-31] DEBUG org.eclipse.jetty.io.ManagedSelector -- update org.eclipse.jetty.io.ManagedSelector$CloseConnections@3c63220e
18:14:45.673 [Jetty (JenkinsRule)-31] DEBUG org.eclipse.jetty.io.ManagedSelector -- Closing 0 connections on ManagedSelector@7fb48b98{STOPPING} id=1 keys=0 selected=0 updates=0
18:14:45.673 [Jetty (JenkinsRule)-31] DEBUG org.eclipse.jetty.io.ManagedSelector -- updates 0
18:14:45.673 [Jetty (JenkinsRule)-31] DEBUG org.eclipse.jetty.io.ManagedSelector -- Selector sun.nio.ch.KQueueSelectorImpl@6505513b waiting with 0 keys
18:14:45.673 [Executing testNonAdminWithoutCredentialsView(org.conjur.jenkins.credentials.ConjurCredentialStoreTest)] DEBUG org.eclipse.jetty.io.ManagedSelector -- Queued change lazy=false org.eclipse.jetty.io.ManagedSelector$StopSelector@321589d8 on ManagedSelector@7fb48b98{STOPPING} id=1 keys=0 selected=0 updates=0
18:14:45.674 [Executing testNonAdminWithoutCredentialsView(org.conjur.jenkins.credentials.ConjurCredentialStoreTest)] DEBUG org.eclipse.jetty.io.ManagedSelector -- Wakeup on submit ManagedSelector@7fb48b98{STOPPING} id=1 keys=0 selected=0 updates=1
18:14:45.674 [Jetty (JenkinsRule)-31] DEBUG org.eclipse.jetty.io.ManagedSelector -- Selector sun.nio.ch.KQueueSelectorImpl@6505513b woken with none selected
18:14:45.674 [Jetty (JenkinsRule)-31] DEBUG org.eclipse.jetty.io.ManagedSelector -- Selector sun.nio.ch.KQueueSelectorImpl@6505513b woken up from select, 0/0/0 selected
18:14:45.674 [Jetty (JenkinsRule)-31] DEBUG org.eclipse.jetty.io.ManagedSelector -- Selector sun.nio.ch.KQueueSelectorImpl@6505513b processing 0 keys, 1 updates
18:14:45.674 [Jetty (JenkinsRule)-31] DEBUG org.eclipse.jetty.io.ManagedSelector -- updateable 1
18:14:45.674 [Jetty (JenkinsRule)-31] DEBUG org.eclipse.jetty.io.ManagedSelector -- update org.eclipse.jetty.io.ManagedSelector$StopSelector@321589d8
18:14:45.674 [Jetty (JenkinsRule)-31] DEBUG org.eclipse.jetty.io.ManagedSelector -- updates 0
18:14:45.675 [Executing testNonAdminWithoutCredentialsView(org.conjur.jenkins.credentials.ConjurCredentialStoreTest)] DEBUG org.eclipse.jetty.util.component.AbstractLifeCycle -- stopping EatWhatYouKill@22c999b7/SelectorProducer@59197a84/PRODUCING/p=false/QueuedThreadPool[Jetty (JenkinsRule)]@1f101444{STARTED,8<=10<=200,i=8,r=-1,q=0}[ReservedThreadExecutor@7d5bea6c{reserved=0/16,pending=0}][pc=0,pic=0,pec=0,epc=0]@2024-10-22T18:14:45.675113+05:30
18:14:45.675 [Jetty (JenkinsRule)-31] DEBUG org.eclipse.jetty.util.thread.QueuedThreadPool -- ran org.eclipse.jetty.io.ManagedSelector$$Lambda$424/0x00000001403801f8@60206427 in QueuedThreadPool[Jetty (JenkinsRule)]@1f101444{STARTED,8<=10<=200,i=8,r=-1,q=0}[ReservedThreadExecutor@7d5bea6c{reserved=0/16,pending=0}]
18:14:45.675 [Executing testNonAdminWithoutCredentialsView(org.conjur.jenkins.credentials.ConjurCredentialStoreTest)] DEBUG org.eclipse.jetty.util.component.AbstractLifeCycle -- STOPPED EatWhatYouKill@22c999b7/SelectorProducer@59197a84/IDLE/p=false/QueuedThreadPool[Jetty (JenkinsRule)]@1f101444{STARTED,8<=10<=200,i=8,r=-1,q=0}[ReservedThreadExecutor@7d5bea6c{reserved=0/16,pending=0}][pc=0,pic=0,pec=0,epc=0]@2024-10-22T18:14:45.675554+05:30
18:14:45.675 [Executing testNonAdminWithoutCredentialsView(org.conjur.jenkins.credentials.ConjurCredentialStoreTest)] DEBUG org.eclipse.jetty.util.component.AbstractLifeCycle -- STOPPED ManagedSelector@7fb48b98{STOPPED} id=1 keys=-1 selected=-1 updates=0
18:14:45.675 [Executing testNonAdminWithoutCredentialsView(org.conjur.jenkins.credentials.ConjurCredentialStoreTest)] DEBUG org.eclipse.jetty.util.component.AbstractLifeCycle -- stopping ManagedSelector@230bd69b{STARTED} id=0 keys=0 selected=0 updates=0
18:14:45.676 [Executing testNonAdminWithoutCredentialsView(org.conjur.jenkins.credentials.ConjurCredentialStoreTest)] DEBUG org.eclipse.jetty.io.ManagedSelector -- Queued change lazy=false org.eclipse.jetty.io.ManagedSelector$CloseConnections@7b3f77f7 on ManagedSelector@230bd69b{STOPPING} id=0 keys=0 selected=0 updates=0
18:14:45.676 [Executing testNonAdminWithoutCredentialsView(org.conjur.jenkins.credentials.ConjurCredentialStoreTest)] DEBUG org.eclipse.jetty.io.ManagedSelector -- Wakeup on submit ManagedSelector@230bd69b{STOPPING} id=0 keys=0 selected=0 updates=1
18:14:45.676 [Jetty (JenkinsRule)-30] DEBUG org.eclipse.jetty.io.ManagedSelector -- Selector sun.nio.ch.KQueueSelectorImpl@31a0795 woken with none selected
18:14:45.676 [Jetty (JenkinsRule)-30] DEBUG org.eclipse.jetty.io.ManagedSelector -- Selector sun.nio.ch.KQueueSelectorImpl@31a0795 woken up from select, 0/0/0 selected
18:14:45.676 [Jetty (JenkinsRule)-30] DEBUG org.eclipse.jetty.io.ManagedSelector -- Selector sun.nio.ch.KQueueSelectorImpl@31a0795 processing 0 keys, 1 updates
18:14:45.676 [Jetty (JenkinsRule)-30] DEBUG org.eclipse.jetty.io.ManagedSelector -- updateable 1
18:14:45.676 [Jetty (JenkinsRule)-30] DEBUG org.eclipse.jetty.io.ManagedSelector -- update org.eclipse.jetty.io.ManagedSelector$CloseConnections@7b3f77f7
18:14:45.677 [Jetty (JenkinsRule)-30] DEBUG org.eclipse.jetty.io.ManagedSelector -- Closing 0 connections on ManagedSelector@230bd69b{STOPPING} id=0 keys=0 selected=0 updates=0
18:14:45.677 [Jetty (JenkinsRule)-30] DEBUG org.eclipse.jetty.io.ManagedSelector -- updates 0
18:14:45.677 [Jetty (JenkinsRule)-30] DEBUG org.eclipse.jetty.io.ManagedSelector -- Selector sun.nio.ch.KQueueSelectorImpl@31a0795 waiting with 0 keys
18:14:45.677 [Executing testNonAdminWithoutCredentialsView(org.conjur.jenkins.credentials.ConjurCredentialStoreTest)] DEBUG org.eclipse.jetty.io.ManagedSelector -- Queued change lazy=false org.eclipse.jetty.io.ManagedSelector$StopSelector@2e5ecf14 on ManagedSelector@230bd69b{STOPPING} id=0 keys=0 selected=0 updates=0
18:14:45.677 [Executing testNonAdminWithoutCredentialsView(org.conjur.jenkins.credentials.ConjurCredentialStoreTest)] DEBUG org.eclipse.jetty.io.ManagedSelector -- Wakeup on submit ManagedSelector@230bd69b{STOPPING} id=0 keys=0 selected=0 updates=1
18:14:45.677 [Jetty (JenkinsRule)-30] DEBUG org.eclipse.jetty.io.ManagedSelector -- Selector sun.nio.ch.KQueueSelectorImpl@31a0795 woken with none selected
18:14:45.677 [Jetty (JenkinsRule)-30] DEBUG org.eclipse.jetty.io.ManagedSelector -- Selector sun.nio.ch.KQueueSelectorImpl@31a0795 woken up from select, 0/0/0 selected
18:14:45.677 [Jetty (JenkinsRule)-30] DEBUG org.eclipse.jetty.io.ManagedSelector -- Selector sun.nio.ch.KQueueSelectorImpl@31a0795 processing 0 keys, 1 updates
18:14:45.677 [Jetty (JenkinsRule)-30] DEBUG org.eclipse.jetty.io.ManagedSelector -- updateable 1
18:14:45.677 [Jetty (JenkinsRule)-30] DEBUG org.eclipse.jetty.io.ManagedSelector -- update org.eclipse.jetty.io.ManagedSelector$StopSelector@2e5ecf14
18:14:45.678 [Jetty (JenkinsRule)-30] DEBUG org.eclipse.jetty.io.ManagedSelector -- updates 0
18:14:45.678 [Executing testNonAdminWithoutCredentialsView(org.conjur.jenkins.credentials.ConjurCredentialStoreTest)] DEBUG org.eclipse.jetty.util.component.AbstractLifeCycle -- stopping EatWhatYouKill@ccefca6/SelectorProducer@e8511de/PRODUCING/p=false/QueuedThreadPool[Jetty (JenkinsRule)]@1f101444{STARTED,8<=10<=200,i=9,r=-1,q=0}[ReservedThreadExecutor@7d5bea6c{reserved=0/16,pending=0}][pc=0,pic=0,pec=0,epc=0]@2024-10-22T18:14:45.678229+05:30
18:14:45.678 [Jetty (JenkinsRule)-30] DEBUG org.eclipse.jetty.util.thread.QueuedThreadPool -- ran org.eclipse.jetty.io.ManagedSelector$$Lambda$424/0x00000001403801f8@6655d536 in QueuedThreadPool[Jetty (JenkinsRule)]@1f101444{STARTED,8<=10<=200,i=9,r=-1,q=0}[ReservedThreadExecutor@7d5bea6c{reserved=0/16,pending=0}]
18:14:45.678 [Executing testNonAdminWithoutCredentialsView(org.conjur.jenkins.credentials.ConjurCredentialStoreTest)] DEBUG org.eclipse.jetty.util.component.AbstractLifeCycle -- STOPPED EatWhatYouKill@ccefca6/SelectorProducer@e8511de/IDLE/p=false/QueuedThreadPool[Jetty (JenkinsRule)]@1f101444{STARTED,8<=10<=200,i=9,r=-1,q=0}[ReservedThreadExecutor@7d5bea6c{reserved=0/16,pending=0}][pc=0,pic=0,pec=0,epc=0]@2024-10-22T18:14:45.678565+05:30
18:14:45.678 [Executing testNonAdminWithoutCredentialsView(org.conjur.jenkins.credentials.ConjurCredentialStoreTest)] DEBUG org.eclipse.jetty.util.component.AbstractLifeCycle -- STOPPED ManagedSelector@230bd69b{STOPPED} id=0 keys=-1 selected=-1 updates=0
18:14:45.679 [Executing testNonAdminWithoutCredentialsView(org.conjur.jenkins.credentials.ConjurCredentialStoreTest)] DEBUG org.eclipse.jetty.util.component.AbstractLifeCycle -- STOPPED SelectorManager@ServerConnector@51e0138f{HTTP/1.1, (http/1.1)}{localhost:0}
18:14:45.679 [Executing testNonAdminWithoutCredentialsView(org.conjur.jenkins.credentials.ConjurCredentialStoreTest)] DEBUG org.eclipse.jetty.util.component.AbstractLifeCycle -- stopping HttpConnectionFactory@6e855bf9[HTTP/1.1]
18:14:45.679 [Executing testNonAdminWithoutCredentialsView(org.conjur.jenkins.credentials.ConjurCredentialStoreTest)] DEBUG org.eclipse.jetty.util.component.AbstractLifeCycle -- STOPPED HttpConnectionFactory@6e855bf9[HTTP/1.1]
18:14:45.679 [Executing testNonAdminWithoutCredentialsView(org.conjur.jenkins.credentials.ConjurCredentialStoreTest)] DEBUG org.eclipse.jetty.util.component.AbstractLifeCycle -- stopping ScheduledExecutorScheduler@7766f2d0{STARTED}
18:14:45.679 [Executing testNonAdminWithoutCredentialsView(org.conjur.jenkins.credentials.ConjurCredentialStoreTest)] DEBUG org.eclipse.jetty.util.component.AbstractLifeCycle -- STOPPED ScheduledExecutorScheduler@7766f2d0{STOPPED}
18:14:45.679 [Executing testNonAdminWithoutCredentialsView(org.conjur.jenkins.credentials.ConjurCredentialStoreTest)] INFO org.eclipse.jetty.server.AbstractConnector -- Stopped ServerConnector@51e0138f{HTTP/1.1, (http/1.1)}{localhost:0}
18:14:45.679 [Executing testNonAdminWithoutCredentialsView(org.conjur.jenkins.credentials.ConjurCredentialStoreTest)] DEBUG org.eclipse.jetty.util.component.AbstractLifeCycle -- STOPPED ServerConnector@51e0138f{HTTP/1.1, (http/1.1)}{localhost:0}
18:14:45.680 [Executing testNonAdminWithoutCredentialsView(org.conjur.jenkins.credentials.ConjurCredentialStoreTest)] DEBUG org.eclipse.jetty.server.handler.AbstractHandler -- stopping Server@580ed69a{STOPPING}[9.4.48.v20220622]
18:14:45.680 [Executing testNonAdminWithoutCredentialsView(org.conjur.jenkins.credentials.ConjurCredentialStoreTest)] DEBUG org.eclipse.jetty.util.component.AbstractLifeCycle -- stopping DefaultSessionIdManager@659d7293{STARTED}[worker=node0]
18:14:45.680 [Executing testNonAdminWithoutCredentialsView(org.conjur.jenkins.credentials.ConjurCredentialStoreTest)] DEBUG org.eclipse.jetty.util.component.AbstractLifeCycle -- stopping HouseKeeper@13917d87{STARTED}[interval=660000, ownscheduler=true]
18:14:45.680 [Executing testNonAdminWithoutCredentialsView(org.conjur.jenkins.credentials.ConjurCredentialStoreTest)] INFO org.eclipse.jetty.server.session -- node0 Stopped scavenging
18:14:45.680 [Executing testNonAdminWithoutCredentialsView(org.conjur.jenkins.credentials.ConjurCredentialStoreTest)] DEBUG org.eclipse.jetty.util.component.AbstractLifeCycle -- stopping ScheduledExecutorScheduler@46c75b63{STARTED}
18:14:45.680 [Executing testNonAdminWithoutCredentialsView(org.conjur.jenkins.credentials.ConjurCredentialStoreTest)] DEBUG org.eclipse.jetty.util.component.AbstractLifeCycle -- STOPPED ScheduledExecutorScheduler@46c75b63{STOPPED}
18:14:45.680 [Executing testNonAdminWithoutCredentialsView(org.conjur.jenkins.credentials.ConjurCredentialStoreTest)] DEBUG org.eclipse.jetty.util.component.AbstractLifeCycle -- STOPPED HouseKeeper@13917d87{STOPPED}[interval=660000, ownscheduler=false]
18:14:45.680 [Executing testNonAdminWithoutCredentialsView(org.conjur.jenkins.credentials.ConjurCredentialStoreTest)] DEBUG org.eclipse.jetty.util.component.AbstractLifeCycle -- STOPPED DefaultSessionIdManager@659d7293{STOPPED}[worker=node0]
18:14:45.680 [Executing testNonAdminWithoutCredentialsView(org.conjur.jenkins.credentials.ConjurCredentialStoreTest)] DEBUG org.eclipse.jetty.util.component.AbstractLifeCycle -- stopping ErrorHandler@7026d939{STARTED}
18:14:45.681 [Executing testNonAdminWithoutCredentialsView(org.conjur.jenkins.credentials.ConjurCredentialStoreTest)] DEBUG org.eclipse.jetty.server.handler.AbstractHandler -- stopping ErrorHandler@7026d939{STOPPING}
18:14:45.681 [Executing testNonAdminWithoutCredentialsView(org.conjur.jenkins.credentials.ConjurCredentialStoreTest)] DEBUG org.eclipse.jetty.util.component.AbstractLifeCycle -- STOPPED ErrorHandler@7026d939{STOPPED}
18:14:45.681 [Executing testNonAdminWithoutCredentialsView(org.conjur.jenkins.credentials.ConjurCredentialStoreTest)] DEBUG org.eclipse.jetty.util.component.AbstractLifeCycle -- stopping o.e.j.w.WebAppContext@dcea842{Jenkins v2.346.3,/jenkins,file:///Users/sameer.shaik/MyWorkSpace/17OctV2.2.3-New-BitBucketIssueFixed/conjur-credentials-plugin/target/jenkins-for-test/,SHUTDOWN}{/Users/sameer.shaik/MyWorkSpace/17OctV2.2.3-New-BitBucketIssueFixed/conjur-credentials-plugin/target/jenkins-for-test}
18:14:45.681 [Executing testNonAdminWithoutCredentialsView(org.conjur.jenkins.credentials.ConjurCredentialStoreTest)] DEBUG org.eclipse.jetty.server.handler.AbstractHandlerContainer -- Graceful shutdown o.e.j.w.WebAppContext@dcea842{Jenkins v2.346.3,/jenkins,file:///Users/sameer.shaik/MyWorkSpace/17OctV2.2.3-New-BitBucketIssueFixed/conjur-credentials-plugin/target/jenkins-for-test/,SHUTDOWN}{/Users/sameer.shaik/MyWorkSpace/17OctV2.2.3-New-BitBucketIssueFixed/conjur-credentials-plugin/target/jenkins-for-test} by 
18:14:45.681 [Executing testNonAdminWithoutCredentialsView(org.conjur.jenkins.credentials.ConjurCredentialStoreTest)] DEBUG org.eclipse.jetty.server.handler.AbstractHandler -- stopping o.e.j.w.WebAppContext@dcea842{Jenkins v2.346.3,/jenkins,file:///Users/sameer.shaik/MyWorkSpace/17OctV2.2.3-New-BitBucketIssueFixed/conjur-credentials-plugin/target/jenkins-for-test/,STOPPED}{/Users/sameer.shaik/MyWorkSpace/17OctV2.2.3-New-BitBucketIssueFixed/conjur-credentials-plugin/target/jenkins-for-test}
18:14:45.681 [Executing testNonAdminWithoutCredentialsView(org.conjur.jenkins.credentials.ConjurCredentialStoreTest)] DEBUG org.eclipse.jetty.util.component.AbstractLifeCycle -- stopping NoListenerConfiguration@54561850{STARTED}
18:14:45.682 [Executing testNonAdminWithoutCredentialsView(org.conjur.jenkins.credentials.ConjurCredentialStoreTest)] DEBUG org.eclipse.jetty.util.component.AbstractLifeCycle -- STOPPED NoListenerConfiguration@54561850{STOPPED}
18:14:45.682 [Executing testNonAdminWithoutCredentialsView(org.conjur.jenkins.credentials.ConjurCredentialStoreTest)] DEBUG org.eclipse.jetty.util.component.AbstractLifeCycle -- stopping ErrorPageErrorHandler@51791eb9{STARTED}
18:14:45.682 [Executing testNonAdminWithoutCredentialsView(org.conjur.jenkins.credentials.ConjurCredentialStoreTest)] DEBUG org.eclipse.jetty.server.handler.AbstractHandler -- stopping ErrorPageErrorHandler@51791eb9{STOPPING}
18:14:45.682 [Executing testNonAdminWithoutCredentialsView(org.conjur.jenkins.credentials.ConjurCredentialStoreTest)] DEBUG org.eclipse.jetty.util.component.AbstractLifeCycle -- STOPPED ErrorPageErrorHandler@51791eb9{STOPPED}
18:14:45.682 [Executing testNonAdminWithoutCredentialsView(org.conjur.jenkins.credentials.ConjurCredentialStoreTest)] DEBUG org.eclipse.jetty.util.component.AbstractLifeCycle -- stopping org.eclipse.jetty.server.session.SessionHandler1844681076==dftMaxIdleSec=1800
18:14:45.682 [Executing testNonAdminWithoutCredentialsView(org.conjur.jenkins.credentials.ConjurCredentialStoreTest)] DEBUG org.eclipse.jetty.server.session -- Shutdown sessions, invalidating = false
18:14:45.682 [Executing testNonAdminWithoutCredentialsView(org.conjur.jenkins.credentials.ConjurCredentialStoreTest)] DEBUG org.eclipse.jetty.util.component.AbstractLifeCycle -- stopping org.eclipse.jetty.server.session.DefaultSessionCache@46236c75[evict=-1,removeUnloadable=false,saveOnCreate=false,saveOnInactiveEvict=false]
18:14:45.682 [Executing testNonAdminWithoutCredentialsView(org.conjur.jenkins.credentials.ConjurCredentialStoreTest)] DEBUG org.eclipse.jetty.util.component.AbstractLifeCycle -- stopping org.eclipse.jetty.server.session.NullSessionDataStore@3a633070[passivating=false,graceSec=3600]
18:14:45.683 [Executing testNonAdminWithoutCredentialsView(org.conjur.jenkins.credentials.ConjurCredentialStoreTest)] DEBUG org.eclipse.jetty.util.component.AbstractLifeCycle -- STOPPED org.eclipse.jetty.server.session.NullSessionDataStore@3a633070[passivating=false,graceSec=3600]
18:14:45.683 [Executing testNonAdminWithoutCredentialsView(org.conjur.jenkins.credentials.ConjurCredentialStoreTest)] DEBUG org.eclipse.jetty.util.component.AbstractLifeCycle -- STOPPED org.eclipse.jetty.server.session.DefaultSessionCache@46236c75[evict=-1,removeUnloadable=false,saveOnCreate=false,saveOnInactiveEvict=false]
18:14:45.683 [Executing testNonAdminWithoutCredentialsView(org.conjur.jenkins.credentials.ConjurCredentialStoreTest)] DEBUG org.eclipse.jetty.util.component.AbstractLifeCycle -- stopping ScheduledExecutorScheduler@50c3ad58{STARTED}
18:14:45.683 [Executing testNonAdminWithoutCredentialsView(org.conjur.jenkins.credentials.ConjurCredentialStoreTest)] DEBUG org.eclipse.jetty.util.component.AbstractLifeCycle -- STOPPED ScheduledExecutorScheduler@50c3ad58{STOPPED}
18:14:45.683 [Executing testNonAdminWithoutCredentialsView(org.conjur.jenkins.credentials.ConjurCredentialStoreTest)] DEBUG org.eclipse.jetty.server.handler.AbstractHandler -- stopping org.eclipse.jetty.server.session.SessionHandler1844681076==dftMaxIdleSec=1800
18:14:45.683 [Executing testNonAdminWithoutCredentialsView(org.conjur.jenkins.credentials.ConjurCredentialStoreTest)] DEBUG org.eclipse.jetty.util.component.AbstractLifeCycle -- stopping ConstraintSecurityHandler@265b6412{STARTED}
18:14:45.683 [Executing testNonAdminWithoutCredentialsView(org.conjur.jenkins.credentials.ConjurCredentialStoreTest)] DEBUG org.eclipse.jetty.server.handler.AbstractHandler -- stopping ConstraintSecurityHandler@265b6412{STOPPING}
18:14:45.683 [Executing testNonAdminWithoutCredentialsView(org.conjur.jenkins.credentials.ConjurCredentialStoreTest)] DEBUG org.eclipse.jetty.util.component.AbstractLifeCycle -- stopping HashLoginService@22c77635[default]
18:14:45.684 [Executing testNonAdminWithoutCredentialsView(org.conjur.jenkins.credentials.ConjurCredentialStoreTest)] DEBUG org.eclipse.jetty.util.component.AbstractLifeCycle -- stopping UserStore@4e61cb5f{STARTED}
18:14:45.684 [Executing testNonAdminWithoutCredentialsView(org.conjur.jenkins.credentials.ConjurCredentialStoreTest)] DEBUG org.eclipse.jetty.util.component.AbstractLifeCycle -- STOPPED UserStore@4e61cb5f{STOPPED}
18:14:45.684 [Executing testNonAdminWithoutCredentialsView(org.conjur.jenkins.credentials.ConjurCredentialStoreTest)] DEBUG org.eclipse.jetty.util.component.AbstractLifeCycle -- STOPPED HashLoginService@22c77635[default]
18:14:45.684 [Executing testNonAdminWithoutCredentialsView(org.conjur.jenkins.credentials.ConjurCredentialStoreTest)] DEBUG org.eclipse.jetty.util.component.AbstractLifeCycle -- stopping ServletHandler@4c3c57d0{STARTED}
18:14:45.684 [Executing testNonAdminWithoutCredentialsView(org.conjur.jenkins.credentials.ConjurCredentialStoreTest)] DEBUG org.eclipse.jetty.server.handler.AbstractHandler -- stopping ServletHandler@4c3c57d0{STOPPING}
18:14:45.684 [Executing testNonAdminWithoutCredentialsView(org.conjur.jenkins.credentials.ConjurCredentialStoreTest)] DEBUG org.eclipse.jetty.util.component.AbstractLifeCycle -- stopping plugins-filter==hudson.util.PluginServletFilter@157df417{inst=true,async=true,src=DESCRIPTOR:file:///Users/sameer.shaik/MyWorkSpace/17OctV2.2.3-New-BitBucketIssueFixed/conjur-credentials-plugin/target/jenkins-for-test/WEB-INF/web.xml}
18:14:45.684 [Executing testNonAdminWithoutCredentialsView(org.conjur.jenkins.credentials.ConjurCredentialStoreTest)] DEBUG org.eclipse.jetty.util.component.AbstractLifeCycle -- STOPPED plugins-filter==hudson.util.PluginServletFilter@157df417{inst=false,async=true,src=DESCRIPTOR:file:///Users/sameer.shaik/MyWorkSpace/17OctV2.2.3-New-BitBucketIssueFixed/conjur-credentials-plugin/target/jenkins-for-test/WEB-INF/web.xml}
18:14:45.685 [Executing testNonAdminWithoutCredentialsView(org.conjur.jenkins.credentials.ConjurCredentialStoreTest)] DEBUG org.eclipse.jetty.util.component.AbstractLifeCycle -- stopping csrf-filter==hudson.security.csrf.CrumbFilter@436b9aae{inst=true,async=true,src=DESCRIPTOR:file:///Users/sameer.shaik/MyWorkSpace/17OctV2.2.3-New-BitBucketIssueFixed/conjur-credentials-plugin/target/jenkins-for-test/WEB-INF/web.xml}
18:14:45.685 [Executing testNonAdminWithoutCredentialsView(org.conjur.jenkins.credentials.ConjurCredentialStoreTest)] DEBUG org.eclipse.jetty.util.component.AbstractLifeCycle -- STOPPED csrf-filter==hudson.security.csrf.CrumbFilter@436b9aae{inst=false,async=true,src=DESCRIPTOR:file:///Users/sameer.shaik/MyWorkSpace/17OctV2.2.3-New-BitBucketIssueFixed/conjur-credentials-plugin/target/jenkins-for-test/WEB-INF/web.xml}
18:14:45.685 [Executing testNonAdminWithoutCredentialsView(org.conjur.jenkins.credentials.ConjurCredentialStoreTest)] DEBUG org.eclipse.jetty.util.component.AbstractLifeCycle -- stopping authentication-filter==hudson.security.HudsonFilter@11374227{inst=true,async=true,src=DESCRIPTOR:file:///Users/sameer.shaik/MyWorkSpace/17OctV2.2.3-New-BitBucketIssueFixed/conjur-credentials-plugin/target/jenkins-for-test/WEB-INF/web.xml}
18:14:45.685 [Executing testNonAdminWithoutCredentialsView(org.conjur.jenkins.credentials.ConjurCredentialStoreTest)] DEBUG org.eclipse.jetty.util.component.AbstractLifeCycle -- STOPPED authentication-filter==hudson.security.HudsonFilter@11374227{inst=false,async=true,src=DESCRIPTOR:file:///Users/sameer.shaik/MyWorkSpace/17OctV2.2.3-New-BitBucketIssueFixed/conjur-credentials-plugin/target/jenkins-for-test/WEB-INF/web.xml}
18:14:45.685 [Executing testNonAdminWithoutCredentialsView(org.conjur.jenkins.credentials.ConjurCredentialStoreTest)] DEBUG org.eclipse.jetty.util.component.AbstractLifeCycle -- stopping compression-filter==org.kohsuke.stapler.compression.CompressionFilter@27ea1ac7{inst=true,async=true,src=DESCRIPTOR:file:///Users/sameer.shaik/MyWorkSpace/17OctV2.2.3-New-BitBucketIssueFixed/conjur-credentials-plugin/target/jenkins-for-test/WEB-INF/web.xml}
18:14:45.685 [Executing testNonAdminWithoutCredentialsView(org.conjur.jenkins.credentials.ConjurCredentialStoreTest)] DEBUG org.eclipse.jetty.util.component.AbstractLifeCycle -- STOPPED compression-filter==org.kohsuke.stapler.compression.CompressionFilter@27ea1ac7{inst=false,async=true,src=DESCRIPTOR:file:///Users/sameer.shaik/MyWorkSpace/17OctV2.2.3-New-BitBucketIssueFixed/conjur-credentials-plugin/target/jenkins-for-test/WEB-INF/web.xml}
18:14:45.686 [Executing testNonAdminWithoutCredentialsView(org.conjur.jenkins.credentials.ConjurCredentialStoreTest)] DEBUG org.eclipse.jetty.util.component.AbstractLifeCycle -- stopping encoding-filter==hudson.util.CharacterEncodingFilter@4bf3a662{inst=true,async=true,src=DESCRIPTOR:file:///Users/sameer.shaik/MyWorkSpace/17OctV2.2.3-New-BitBucketIssueFixed/conjur-credentials-plugin/target/jenkins-for-test/WEB-INF/web.xml}
18:14:45.686 [Executing testNonAdminWithoutCredentialsView(org.conjur.jenkins.credentials.ConjurCredentialStoreTest)] DEBUG org.eclipse.jetty.util.component.AbstractLifeCycle -- STOPPED encoding-filter==hudson.util.CharacterEncodingFilter@4bf3a662{inst=false,async=true,src=DESCRIPTOR:file:///Users/sameer.shaik/MyWorkSpace/17OctV2.2.3-New-BitBucketIssueFixed/conjur-credentials-plugin/target/jenkins-for-test/WEB-INF/web.xml}
18:14:45.686 [Executing testNonAdminWithoutCredentialsView(org.conjur.jenkins.credentials.ConjurCredentialStoreTest)] DEBUG org.eclipse.jetty.util.component.AbstractLifeCycle -- stopping diagnostic-name-filter==org.kohsuke.stapler.DiagnosticThreadNameFilter@1ee98cfb{inst=true,async=true,src=DESCRIPTOR:file:///Users/sameer.shaik/MyWorkSpace/17OctV2.2.3-New-BitBucketIssueFixed/conjur-credentials-plugin/target/jenkins-for-test/WEB-INF/web.xml}
18:14:45.686 [Executing testNonAdminWithoutCredentialsView(org.conjur.jenkins.credentials.ConjurCredentialStoreTest)] DEBUG org.eclipse.jetty.util.component.AbstractLifeCycle -- STOPPED diagnostic-name-filter==org.kohsuke.stapler.DiagnosticThreadNameFilter@1ee98cfb{inst=false,async=true,src=DESCRIPTOR:file:///Users/sameer.shaik/MyWorkSpace/17OctV2.2.3-New-BitBucketIssueFixed/conjur-credentials-plugin/target/jenkins-for-test/WEB-INF/web.xml}
18:14:45.686 [Executing testNonAdminWithoutCredentialsView(org.conjur.jenkins.credentials.ConjurCredentialStoreTest)] DEBUG org.eclipse.jetty.util.component.AbstractLifeCycle -- stopping suspicious-request-filter==jenkins.security.SuspiciousRequestFilter@1d6e7aa{inst=true,async=true,src=DESCRIPTOR:file:///Users/sameer.shaik/MyWorkSpace/17OctV2.2.3-New-BitBucketIssueFixed/conjur-credentials-plugin/target/jenkins-for-test/WEB-INF/web.xml}
18:14:45.686 [Executing testNonAdminWithoutCredentialsView(org.conjur.jenkins.credentials.ConjurCredentialStoreTest)] DEBUG org.eclipse.jetty.util.component.AbstractLifeCycle -- STOPPED suspicious-request-filter==jenkins.security.SuspiciousRequestFilter@1d6e7aa{inst=false,async=true,src=DESCRIPTOR:file:///Users/sameer.shaik/MyWorkSpace/17OctV2.2.3-New-BitBucketIssueFixed/conjur-credentials-plugin/target/jenkins-for-test/WEB-INF/web.xml}
18:14:45.687 [Executing testNonAdminWithoutCredentialsView(org.conjur.jenkins.credentials.ConjurCredentialStoreTest)] DEBUG org.eclipse.jetty.util.component.AbstractLifeCycle -- stopping Stapler==org.kohsuke.stapler.Stapler@f222d1a9{jsp=null,order=-1,inst=false,async=true,src=DESCRIPTOR:file:///Users/sameer.shaik/MyWorkSpace/17OctV2.2.3-New-BitBucketIssueFixed/conjur-credentials-plugin/target/jenkins-for-test/WEB-INF/web.xml,STARTED}
18:14:45.687 [Executing testNonAdminWithoutCredentialsView(org.conjur.jenkins.credentials.ConjurCredentialStoreTest)] DEBUG org.eclipse.jetty.util.component.AbstractLifeCycle -- STOPPED Stapler==org.kohsuke.stapler.Stapler@f222d1a9{jsp=null,order=-1,inst=false,async=true,src=DESCRIPTOR:file:///Users/sameer.shaik/MyWorkSpace/17OctV2.2.3-New-BitBucketIssueFixed/conjur-credentials-plugin/target/jenkins-for-test/WEB-INF/web.xml,STOPPED}
18:14:45.687 [Executing testNonAdminWithoutCredentialsView(org.conjur.jenkins.credentials.ConjurCredentialStoreTest)] DEBUG org.eclipse.jetty.util.component.AbstractLifeCycle -- stopping jsp==org.eclipse.jetty.servlet.NoJspServlet@19c47{jsp=null,order=0,inst=true,async=false,src=DESCRIPTOR:jar:file:/Users/sameer.shaik/.m2/repository/org/eclipse/jetty/jetty-webapp/9.4.48.v20220622/jetty-webapp-9.4.48.v20220622.jar!/org/eclipse/jetty/webapp/webdefault.xml,STARTED}
18:14:45.687 [Executing testNonAdminWithoutCredentialsView(org.conjur.jenkins.credentials.ConjurCredentialStoreTest)] DEBUG org.eclipse.jetty.util.component.AbstractLifeCycle -- STOPPED jsp==org.eclipse.jetty.servlet.NoJspServlet@19c47{jsp=null,order=0,inst=false,async=false,src=DESCRIPTOR:jar:file:/Users/sameer.shaik/.m2/repository/org/eclipse/jetty/jetty-webapp/9.4.48.v20220622/jetty-webapp-9.4.48.v20220622.jar!/org/eclipse/jetty/webapp/webdefault.xml,STOPPED}
18:14:45.687 [Executing testNonAdminWithoutCredentialsView(org.conjur.jenkins.credentials.ConjurCredentialStoreTest)] DEBUG org.eclipse.jetty.util.component.AbstractLifeCycle -- stopping default==org.eclipse.jetty.servlet.DefaultServlet@5c13d641{jsp=null,order=0,inst=true,async=false,src=DESCRIPTOR:jar:file:/Users/sameer.shaik/.m2/repository/org/eclipse/jetty/jetty-webapp/9.4.48.v20220622/jetty-webapp-9.4.48.v20220622.jar!/org/eclipse/jetty/webapp/webdefault.xml,STARTED}
18:14:45.688 [Executing testNonAdminWithoutCredentialsView(org.conjur.jenkins.credentials.ConjurCredentialStoreTest)] DEBUG org.eclipse.jetty.util.component.AbstractLifeCycle -- STOPPED default==org.eclipse.jetty.servlet.DefaultServlet@5c13d641{jsp=null,order=0,inst=false,async=false,src=DESCRIPTOR:jar:file:/Users/sameer.shaik/.m2/repository/org/eclipse/jetty/jetty-webapp/9.4.48.v20220622/jetty-webapp-9.4.48.v20220622.jar!/org/eclipse/jetty/webapp/webdefault.xml,STOPPED}
18:14:45.688 [Executing testNonAdminWithoutCredentialsView(org.conjur.jenkins.credentials.ConjurCredentialStoreTest)] DEBUG org.eclipse.jetty.server.handler.ContextHandler -- contextDestroyed: javax.servlet.ServletContextEvent[source=ServletContext@o.e.j.w.WebAppContext@dcea842{Jenkins v2.346.3,/jenkins,file:///Users/sameer.shaik/MyWorkSpace/17OctV2.2.3-New-BitBucketIssueFixed/conjur-credentials-plugin/target/jenkins-for-test/,STOPPED}{/Users/sameer.shaik/MyWorkSpace/17OctV2.2.3-New-BitBucketIssueFixed/conjur-credentials-plugin/target/jenkins-for-test}]->jenkins.util.SystemProperties$Listener@5b71a694
18:14:45.688 [Executing testNonAdminWithoutCredentialsView(org.conjur.jenkins.credentials.ConjurCredentialStoreTest)] DEBUG org.eclipse.jetty.server.handler.ContextHandler -- contextDestroyed: javax.servlet.ServletContextEvent[source=ServletContext@o.e.j.w.WebAppContext@dcea842{Jenkins v2.346.3,/jenkins,file:///Users/sameer.shaik/MyWorkSpace/17OctV2.2.3-New-BitBucketIssueFixed/conjur-credentials-plugin/target/jenkins-for-test/,STOPPED}{/Users/sameer.shaik/MyWorkSpace/17OctV2.2.3-New-BitBucketIssueFixed/conjur-credentials-plugin/target/jenkins-for-test}]->org.eclipse.jetty.servlet.listener.IntrospectorCleaner@2beefc94
18:14:45.688 [Executing testNonAdminWithoutCredentialsView(org.conjur.jenkins.credentials.ConjurCredentialStoreTest)] DEBUG org.eclipse.jetty.server.handler.ContextHandler -- contextDestroyed: javax.servlet.ServletContextEvent[source=ServletContext@o.e.j.w.WebAppContext@dcea842{Jenkins v2.346.3,/jenkins,file:///Users/sameer.shaik/MyWorkSpace/17OctV2.2.3-New-BitBucketIssueFixed/conjur-credentials-plugin/target/jenkins-for-test/,STOPPED}{/Users/sameer.shaik/MyWorkSpace/17OctV2.2.3-New-BitBucketIssueFixed/conjur-credentials-plugin/target/jenkins-for-test}]->org.eclipse.jetty.servlet.listener.ELContextCleaner@a436f69
18:14:45.689 [Executing testNonAdminWithoutCredentialsView(org.conjur.jenkins.credentials.ConjurCredentialStoreTest)] DEBUG org.eclipse.jetty.util.component.AbstractLifeCycle -- stopping jenkins.JenkinsHttpSessionListener@44b5181b{src=DESCRIPTOR:file:///Users/sameer.shaik/MyWorkSpace/17OctV2.2.3-New-BitBucketIssueFixed/conjur-credentials-plugin/target/jenkins-for-test/WEB-INF/web.xml}
18:14:45.689 [Executing testNonAdminWithoutCredentialsView(org.conjur.jenkins.credentials.ConjurCredentialStoreTest)] DEBUG org.eclipse.jetty.util.component.AbstractLifeCycle -- STOPPED jenkins.JenkinsHttpSessionListener@44b5181b{src=DESCRIPTOR:file:///Users/sameer.shaik/MyWorkSpace/17OctV2.2.3-New-BitBucketIssueFixed/conjur-credentials-plugin/target/jenkins-for-test/WEB-INF/web.xml}
18:14:45.689 [Executing testNonAdminWithoutCredentialsView(org.conjur.jenkins.credentials.ConjurCredentialStoreTest)] DEBUG org.eclipse.jetty.util.component.AbstractLifeCycle -- stopping hudson.WebAppMain@6fa66b2{src=DESCRIPTOR:file:///Users/sameer.shaik/MyWorkSpace/17OctV2.2.3-New-BitBucketIssueFixed/conjur-credentials-plugin/target/jenkins-for-test/WEB-INF/web.xml}
18:14:45.690 [Executing testNonAdminWithoutCredentialsView(org.conjur.jenkins.credentials.ConjurCredentialStoreTest)] DEBUG org.eclipse.jetty.util.component.AbstractLifeCycle -- STOPPED hudson.WebAppMain@6fa66b2{src=DESCRIPTOR:file:///Users/sameer.shaik/MyWorkSpace/17OctV2.2.3-New-BitBucketIssueFixed/conjur-credentials-plugin/target/jenkins-for-test/WEB-INF/web.xml}
18:14:45.690 [Executing testNonAdminWithoutCredentialsView(org.conjur.jenkins.credentials.ConjurCredentialStoreTest)] DEBUG org.eclipse.jetty.util.component.AbstractLifeCycle -- stopping jenkins.util.SystemProperties$Listener@51f9db30{src=DESCRIPTOR:file:///Users/sameer.shaik/MyWorkSpace/17OctV2.2.3-New-BitBucketIssueFixed/conjur-credentials-plugin/target/jenkins-for-test/WEB-INF/web.xml}
18:14:45.690 [Executing testNonAdminWithoutCredentialsView(org.conjur.jenkins.credentials.ConjurCredentialStoreTest)] DEBUG org.eclipse.jetty.util.component.AbstractLifeCycle -- STOPPED jenkins.util.SystemProperties$Listener@51f9db30{src=DESCRIPTOR:file:///Users/sameer.shaik/MyWorkSpace/17OctV2.2.3-New-BitBucketIssueFixed/conjur-credentials-plugin/target/jenkins-for-test/WEB-INF/web.xml}
18:14:45.690 [Executing testNonAdminWithoutCredentialsView(org.conjur.jenkins.credentials.ConjurCredentialStoreTest)] DEBUG org.eclipse.jetty.util.component.AbstractLifeCycle -- stopping org.eclipse.jetty.servlet.listener.IntrospectorCleaner@27287181{src=DESCRIPTOR:jar:file:/Users/sameer.shaik/.m2/repository/org/eclipse/jetty/jetty-webapp/9.4.48.v20220622/jetty-webapp-9.4.48.v20220622.jar!/org/eclipse/jetty/webapp/webdefault.xml}
18:14:45.690 [Executing testNonAdminWithoutCredentialsView(org.conjur.jenkins.credentials.ConjurCredentialStoreTest)] DEBUG org.eclipse.jetty.util.component.AbstractLifeCycle -- STOPPED org.eclipse.jetty.servlet.listener.IntrospectorCleaner@27287181{src=DESCRIPTOR:jar:file:/Users/sameer.shaik/.m2/repository/org/eclipse/jetty/jetty-webapp/9.4.48.v20220622/jetty-webapp-9.4.48.v20220622.jar!/org/eclipse/jetty/webapp/webdefault.xml}
18:14:45.690 [Executing testNonAdminWithoutCredentialsView(org.conjur.jenkins.credentials.ConjurCredentialStoreTest)] DEBUG org.eclipse.jetty.util.component.AbstractLifeCycle -- stopping org.eclipse.jetty.servlet.listener.ELContextCleaner@3703aa3c{src=DESCRIPTOR:jar:file:/Users/sameer.shaik/.m2/repository/org/eclipse/jetty/jetty-webapp/9.4.48.v20220622/jetty-webapp-9.4.48.v20220622.jar!/org/eclipse/jetty/webapp/webdefault.xml}
18:14:45.691 [Executing testNonAdminWithoutCredentialsView(org.conjur.jenkins.credentials.ConjurCredentialStoreTest)] DEBUG org.eclipse.jetty.util.component.AbstractLifeCycle -- STOPPED org.eclipse.jetty.servlet.listener.ELContextCleaner@3703aa3c{src=DESCRIPTOR:jar:file:/Users/sameer.shaik/.m2/repository/org/eclipse/jetty/jetty-webapp/9.4.48.v20220622/jetty-webapp-9.4.48.v20220622.jar!/org/eclipse/jetty/webapp/webdefault.xml}
18:14:45.691 [Executing testNonAdminWithoutCredentialsView(org.conjur.jenkins.credentials.ConjurCredentialStoreTest)] DEBUG org.eclipse.jetty.util.component.AbstractLifeCycle -- STOPPED ServletHandler@4c3c57d0{STOPPED}
18:14:45.691 [Executing testNonAdminWithoutCredentialsView(org.conjur.jenkins.credentials.ConjurCredentialStoreTest)] DEBUG org.eclipse.jetty.util.component.AbstractLifeCycle -- STOPPED ConstraintSecurityHandler@265b6412{STOPPED}
18:14:45.691 [Executing testNonAdminWithoutCredentialsView(org.conjur.jenkins.credentials.ConjurCredentialStoreTest)] DEBUG org.eclipse.jetty.util.component.AbstractLifeCycle -- STOPPED org.eclipse.jetty.server.session.SessionHandler1844681076==dftMaxIdleSec=1800
18:14:45.691 [Executing testNonAdminWithoutCredentialsView(org.conjur.jenkins.credentials.ConjurCredentialStoreTest)] DEBUG org.eclipse.jetty.util.component.AbstractLifeCycle -- stopping SymlinkAllowedResourceAliasChecker@54c2eb24{base=/Users/sameer.shaik/MyWorkSpace/17OctV2.2.3-New-BitBucketIssueFixed/conjur-credentials-plugin/target/jenkins-for-test,protected=[/WEB-INF, /META-INF]}
18:14:45.691 [Executing testNonAdminWithoutCredentialsView(org.conjur.jenkins.credentials.ConjurCredentialStoreTest)] DEBUG org.eclipse.jetty.util.component.AbstractLifeCycle -- STOPPED SymlinkAllowedResourceAliasChecker@54c2eb24{base=null,protected=[/WEB-INF, /META-INF]}
18:14:45.691 [Executing testNonAdminWithoutCredentialsView(org.conjur.jenkins.credentials.ConjurCredentialStoreTest)] INFO org.eclipse.jetty.server.handler.ContextHandler -- Stopped o.e.j.w.WebAppContext@dcea842{Jenkins v2.346.3,/jenkins,file:///Users/sameer.shaik/MyWorkSpace/17OctV2.2.3-New-BitBucketIssueFixed/conjur-credentials-plugin/target/jenkins-for-test/,STOPPED}{/Users/sameer.shaik/MyWorkSpace/17OctV2.2.3-New-BitBucketIssueFixed/conjur-credentials-plugin/target/jenkins-for-test}
18:14:45.692 [Executing testNonAdminWithoutCredentialsView(org.conjur.jenkins.credentials.ConjurCredentialStoreTest)] DEBUG org.eclipse.jetty.util.component.AbstractLifeCycle -- STOPPED o.e.j.w.WebAppContext@dcea842{Jenkins v2.346.3,/jenkins,file:///Users/sameer.shaik/MyWorkSpace/17OctV2.2.3-New-BitBucketIssueFixed/conjur-credentials-plugin/target/jenkins-for-test/,STOPPED}{/Users/sameer.shaik/MyWorkSpace/17OctV2.2.3-New-BitBucketIssueFixed/conjur-credentials-plugin/target/jenkins-for-test}
18:14:45.692 [Executing testNonAdminWithoutCredentialsView(org.conjur.jenkins.credentials.ConjurCredentialStoreTest)] DEBUG org.eclipse.jetty.util.component.AbstractLifeCycle -- stopping QueuedThreadPool[Jetty (JenkinsRule)]@1f101444{STARTED,8<=10<=200,i=10,r=-1,q=0}[ReservedThreadExecutor@7d5bea6c{reserved=0/16,pending=0}]
18:14:45.692 [Executing testNonAdminWithoutCredentialsView(org.conjur.jenkins.credentials.ConjurCredentialStoreTest)] DEBUG org.eclipse.jetty.util.thread.QueuedThreadPool -- Stopping QueuedThreadPool[Jetty (JenkinsRule)]@1f101444{STOPPING,8<=10<=200,i=10,r=-1,q=0}[ReservedThreadExecutor@7d5bea6c{reserved=0/16,pending=0}]
18:14:45.692 [Executing testNonAdminWithoutCredentialsView(org.conjur.jenkins.credentials.ConjurCredentialStoreTest)] DEBUG org.eclipse.jetty.util.component.AbstractLifeCycle -- stopping ReservedThreadExecutor@7d5bea6c{reserved=0/16,pending=0}
18:14:45.695 [Executing testNonAdminWithoutCredentialsView(org.conjur.jenkins.credentials.ConjurCredentialStoreTest)] DEBUG org.eclipse.jetty.util.component.AbstractLifeCycle -- STOPPED ReservedThreadExecutor@7d5bea6c{reserved=-1/16,pending=0}
18:14:45.695 [Executing testNonAdminWithoutCredentialsView(org.conjur.jenkins.credentials.ConjurCredentialStoreTest)] DEBUG org.eclipse.jetty.util.thread.QueuedThreadPool -- Waiting for Thread[Jetty (JenkinsRule)-30,5,main] for 14999
18:14:45.695 [Jetty (JenkinsRule)-39] DEBUG org.eclipse.jetty.util.thread.QueuedThreadPool -- run org.eclipse.jetty.util.thread.QueuedThreadPool$$Lambda$384/0x00000001402dccc0@1d12c9bd in QueuedThreadPool[Jetty (JenkinsRule)]@1f101444{STOPPING,8<=0<=200,i=10,r=-1,q=0}[NO_TRY]
18:14:45.695 [Jetty (JenkinsRule)-40] DEBUG org.eclipse.jetty.util.thread.QueuedThreadPool -- run org.eclipse.jetty.util.thread.QueuedThreadPool$$Lambda$384/0x00000001402dccc0@1d12c9bd in QueuedThreadPool[Jetty (JenkinsRule)]@1f101444{STOPPING,8<=0<=200,i=10,r=-1,q=0}[NO_TRY]
18:14:45.695 [Jetty (JenkinsRule)-31] DEBUG org.eclipse.jetty.util.thread.QueuedThreadPool -- run org.eclipse.jetty.util.thread.QueuedThreadPool$$Lambda$384/0x00000001402dccc0@1d12c9bd in QueuedThreadPool[Jetty (JenkinsRule)]@1f101444{STOPPING,8<=0<=200,i=10,r=-1,q=0}[NO_TRY]
18:14:45.695 [Jetty (JenkinsRule)-40] DEBUG org.eclipse.jetty.util.thread.QueuedThreadPool -- ran org.eclipse.jetty.util.thread.QueuedThreadPool$$Lambda$384/0x00000001402dccc0@1d12c9bd in QueuedThreadPool[Jetty (JenkinsRule)]@1f101444{STOPPING,8<=0<=200,i=10,r=-1,q=0}[NO_TRY]
18:14:45.695 [Jetty (JenkinsRule)-31] DEBUG org.eclipse.jetty.util.thread.QueuedThreadPool -- ran org.eclipse.jetty.util.thread.QueuedThreadPool$$Lambda$384/0x00000001402dccc0@1d12c9bd in QueuedThreadPool[Jetty (JenkinsRule)]@1f101444{STOPPING,8<=0<=200,i=10,r=-1,q=0}[NO_TRY]
18:14:45.695 [Jetty (JenkinsRule)-37] DEBUG org.eclipse.jetty.util.thread.QueuedThreadPool -- run org.eclipse.jetty.util.thread.QueuedThreadPool$$Lambda$384/0x00000001402dccc0@1d12c9bd in QueuedThreadPool[Jetty (JenkinsRule)]@1f101444{STOPPING,8<=0<=200,i=10,r=-1,q=0}[NO_TRY]
18:14:45.696 [Jetty (JenkinsRule)-40] DEBUG org.eclipse.jetty.util.thread.QueuedThreadPool -- Thread[Jetty (JenkinsRule)-40,5,main] exited for QueuedThreadPool[Jetty (JenkinsRule)]@1f101444{STOPPING,8<=0<=200,i=10,r=-1,q=0}[NO_TRY]
18:14:45.696 [Jetty (JenkinsRule)-37] DEBUG org.eclipse.jetty.util.thread.QueuedThreadPool -- ran org.eclipse.jetty.util.thread.QueuedThreadPool$$Lambda$384/0x00000001402dccc0@1d12c9bd in QueuedThreadPool[Jetty (JenkinsRule)]@1f101444{STOPPING,8<=0<=200,i=10,r=-1,q=0}[NO_TRY]
18:14:45.695 [Jetty (JenkinsRule)-36] DEBUG org.eclipse.jetty.util.thread.QueuedThreadPool -- run org.eclipse.jetty.util.thread.QueuedThreadPool$$Lambda$384/0x00000001402dccc0@1d12c9bd in QueuedThreadPool[Jetty (JenkinsRule)]@1f101444{STOPPING,8<=0<=200,i=10,r=-1,q=0}[NO_TRY]
18:14:45.695 [Jetty (JenkinsRule)-35] DEBUG org.eclipse.jetty.util.thread.QueuedThreadPool -- run org.eclipse.jetty.util.thread.QueuedThreadPool$$Lambda$384/0x00000001402dccc0@1d12c9bd in QueuedThreadPool[Jetty (JenkinsRule)]@1f101444{STOPPING,8<=0<=200,i=10,r=-1,q=0}[NO_TRY]
18:14:45.696 [Jetty (JenkinsRule)-36] DEBUG org.eclipse.jetty.util.thread.QueuedThreadPool -- ran org.eclipse.jetty.util.thread.QueuedThreadPool$$Lambda$384/0x00000001402dccc0@1d12c9bd in QueuedThreadPool[Jetty (JenkinsRule)]@1f101444{STOPPING,8<=0<=200,i=10,r=-1,q=0}[NO_TRY]
18:14:45.695 [Jetty (JenkinsRule)-34] DEBUG org.eclipse.jetty.util.thread.QueuedThreadPool -- run org.eclipse.jetty.util.thread.QueuedThreadPool$$Lambda$384/0x00000001402dccc0@1d12c9bd in QueuedThreadPool[Jetty (JenkinsRule)]@1f101444{STOPPING,8<=0<=200,i=10,r=-1,q=0}[NO_TRY]
18:14:45.695 [Jetty (JenkinsRule)-33] DEBUG org.eclipse.jetty.util.thread.QueuedThreadPool -- run org.eclipse.jetty.util.thread.QueuedThreadPool$$Lambda$384/0x00000001402dccc0@1d12c9bd in QueuedThreadPool[Jetty (JenkinsRule)]@1f101444{STOPPING,8<=0<=200,i=10,r=-1,q=0}[NO_TRY]
18:14:45.696 [Jetty (JenkinsRule)-34] DEBUG org.eclipse.jetty.util.thread.QueuedThreadPool -- ran org.eclipse.jetty.util.thread.QueuedThreadPool$$Lambda$384/0x00000001402dccc0@1d12c9bd in QueuedThreadPool[Jetty (JenkinsRule)]@1f101444{STOPPING,8<=0<=200,i=10,r=-1,q=0}[NO_TRY]
18:14:45.695 [Jetty (JenkinsRule)-39] DEBUG org.eclipse.jetty.util.thread.QueuedThreadPool -- ran org.eclipse.jetty.util.thread.QueuedThreadPool$$Lambda$384/0x00000001402dccc0@1d12c9bd in QueuedThreadPool[Jetty (JenkinsRule)]@1f101444{STOPPING,8<=0<=200,i=10,r=-1,q=0}[NO_TRY]
18:14:45.695 [Jetty (JenkinsRule)-32] DEBUG org.eclipse.jetty.util.thread.QueuedThreadPool -- run org.eclipse.jetty.util.thread.QueuedThreadPool$$Lambda$384/0x00000001402dccc0@1d12c9bd in QueuedThreadPool[Jetty (JenkinsRule)]@1f101444{STOPPING,8<=0<=200,i=10,r=-1,q=0}[NO_TRY]
18:14:45.695 [Jetty (JenkinsRule)-30] DEBUG org.eclipse.jetty.util.thread.QueuedThreadPool -- run org.eclipse.jetty.util.thread.QueuedThreadPool$$Lambda$384/0x00000001402dccc0@1d12c9bd in QueuedThreadPool[Jetty (JenkinsRule)]@1f101444{STOPPING,8<=0<=200,i=10,r=-1,q=0}[NO_TRY]
18:14:45.697 [Jetty (JenkinsRule)-32] DEBUG org.eclipse.jetty.util.thread.QueuedThreadPool -- ran org.eclipse.jetty.util.thread.QueuedThreadPool$$Lambda$384/0x00000001402dccc0@1d12c9bd in QueuedThreadPool[Jetty (JenkinsRule)]@1f101444{STOPPING,8<=0<=200,i=10,r=-1,q=0}[NO_TRY]
18:14:45.696 [Jetty (JenkinsRule)-31] DEBUG org.eclipse.jetty.util.thread.QueuedThreadPool -- Thread[Jetty (JenkinsRule)-31,5,main] exited for QueuedThreadPool[Jetty (JenkinsRule)]@1f101444{STOPPING,8<=0<=200,i=10,r=-1,q=0}[NO_TRY]
18:14:45.696 [Jetty (JenkinsRule)-37] DEBUG org.eclipse.jetty.util.thread.QueuedThreadPool -- Thread[Jetty (JenkinsRule)-37,5,main] exited for QueuedThreadPool[Jetty (JenkinsRule)]@1f101444{STOPPING,8<=0<=200,i=10,r=-1,q=0}[NO_TRY]
18:14:45.696 [Jetty (JenkinsRule)-35] DEBUG org.eclipse.jetty.util.thread.QueuedThreadPool -- ran org.eclipse.jetty.util.thread.QueuedThreadPool$$Lambda$384/0x00000001402dccc0@1d12c9bd in QueuedThreadPool[Jetty (JenkinsRule)]@1f101444{STOPPING,8<=0<=200,i=10,r=-1,q=0}[NO_TRY]
18:14:45.696 [Jetty (JenkinsRule)-36] DEBUG org.eclipse.jetty.util.thread.QueuedThreadPool -- Thread[Jetty (JenkinsRule)-36,5,main] exited for QueuedThreadPool[Jetty (JenkinsRule)]@1f101444{STOPPING,8<=0<=200,i=10,r=-1,q=0}[NO_TRY]
18:14:45.696 [Jetty (JenkinsRule)-33] DEBUG org.eclipse.jetty.util.thread.QueuedThreadPool -- ran org.eclipse.jetty.util.thread.QueuedThreadPool$$Lambda$384/0x00000001402dccc0@1d12c9bd in QueuedThreadPool[Jetty (JenkinsRule)]@1f101444{STOPPING,8<=0<=200,i=10,r=-1,q=0}[NO_TRY]
18:14:45.696 [Jetty (JenkinsRule)-34] DEBUG org.eclipse.jetty.util.thread.QueuedThreadPool -- Thread[Jetty (JenkinsRule)-34,5,main] exited for QueuedThreadPool[Jetty (JenkinsRule)]@1f101444{STOPPING,8<=0<=200,i=10,r=-1,q=0}[NO_TRY]
18:14:45.696 [Jetty (JenkinsRule)-39] DEBUG org.eclipse.jetty.util.thread.QueuedThreadPool -- Thread[Jetty (JenkinsRule)-39,5,main] exited for QueuedThreadPool[Jetty (JenkinsRule)]@1f101444{STOPPING,8<=0<=200,i=10,r=-1,q=0}[NO_TRY]
18:14:45.697 [Jetty (JenkinsRule)-30] DEBUG org.eclipse.jetty.util.thread.QueuedThreadPool -- ran org.eclipse.jetty.util.thread.QueuedThreadPool$$Lambda$384/0x00000001402dccc0@1d12c9bd in QueuedThreadPool[Jetty (JenkinsRule)]@1f101444{STOPPING,8<=0<=200,i=10,r=-1,q=0}[NO_TRY]
18:14:45.697 [Jetty (JenkinsRule)-32] DEBUG org.eclipse.jetty.util.thread.QueuedThreadPool -- Thread[Jetty (JenkinsRule)-32,5,main] exited for QueuedThreadPool[Jetty (JenkinsRule)]@1f101444{STOPPING,8<=0<=200,i=10,r=-1,q=0}[NO_TRY]
18:14:45.697 [Jetty (JenkinsRule)-35] DEBUG org.eclipse.jetty.util.thread.QueuedThreadPool -- Thread[Jetty (JenkinsRule)-35,5,main] exited for QueuedThreadPool[Jetty (JenkinsRule)]@1f101444{STOPPING,8<=0<=200,i=10,r=-1,q=0}[NO_TRY]
18:14:45.697 [Jetty (JenkinsRule)-33] DEBUG org.eclipse.jetty.util.thread.QueuedThreadPool -- Thread[Jetty (JenkinsRule)-33,5,main] exited for QueuedThreadPool[Jetty (JenkinsRule)]@1f101444{STOPPING,8<=0<=200,i=10,r=-1,q=0}[NO_TRY]
18:14:45.698 [Jetty (JenkinsRule)-30] DEBUG org.eclipse.jetty.util.thread.QueuedThreadPool -- Thread[Jetty (JenkinsRule)-30,5,main] exited for QueuedThreadPool[Jetty (JenkinsRule)]@1f101444{STOPPING,8<=0<=200,i=10,r=-1,q=0}[NO_TRY]
18:14:45.698 [Executing testNonAdminWithoutCredentialsView(org.conjur.jenkins.credentials.ConjurCredentialStoreTest)] DEBUG org.eclipse.jetty.util.thread.QueuedThreadPool -- Waiting for Thread[Jetty (JenkinsRule)-37,5,] for 14996
18:14:45.698 [Executing testNonAdminWithoutCredentialsView(org.conjur.jenkins.credentials.ConjurCredentialStoreTest)] DEBUG org.eclipse.jetty.util.component.AbstractLifeCycle -- STOPPED QueuedThreadPool[Jetty (JenkinsRule)]@1f101444{STOPPED,8<=0<=200,i=10,r=-1,q=0}[NO_TRY]
18:14:45.698 [Executing testNonAdminWithoutCredentialsView(org.conjur.jenkins.credentials.ConjurCredentialStoreTest)] DEBUG org.eclipse.jetty.util.component.AbstractLifeCycle -- STOPPED Server@580ed69a{STOPPED}[9.4.48.v20220622]
]]></system-out>
    <system-err><![CDATA[   0.085 [id=29]	INFO	o.jvnet.hudson.test.WarExploder#explode: Picking up existing exploded jenkins.war at /Users/sameer.shaik/MyWorkSpace/17OctV2.2.3-New-BitBucketIssueFixed/conjur-credentials-plugin/target/jenkins-for-test
   0.360 [id=29]	INFO	o.jvnet.hudson.test.JenkinsRule#createWebServer: Running on http://localhost:51440/jenkins/
   0.734 [id=45]	INFO	jenkins.InitReactorRunner$1#onAttained: Started initialization
   1.437 [id=68]	INFO	hudson.PluginManager#considerDetachedPlugin: Loading a detached plugin as a dependency: /var/folders/7l/pdqsj03n6jsc22xd922cp7v40000gp/T/jenkins5011084533091660015/plugins/javax-mail-api.jpi
   2.140 [id=74]	INFO	hudson.PluginManager#considerDetachedPlugin: Loading a detached plugin as a dependency: /var/folders/7l/pdqsj03n6jsc22xd922cp7v40000gp/T/jenkins5011084533091660015/plugins/sshd.jpi
   6.069 [id=53]	INFO	hudson.PluginManager#considerDetachedPlugin: Loading a detached plugin as a dependency: /var/folders/7l/pdqsj03n6jsc22xd922cp7v40000gp/T/jenkins5011084533091660015/plugins/bouncycastle-api.jpi
   6.282 [id=53]	INFO	hudson.PluginManager#considerDetachedPlugin: Loading a detached plugin as a dependency: /var/folders/7l/pdqsj03n6jsc22xd922cp7v40000gp/T/jenkins5011084533091660015/plugins/command-launcher.jpi
   6.332 [id=53]	INFO	hudson.PluginManager#considerDetachedPlugin: Loading a detached plugin as a dependency: /var/folders/7l/pdqsj03n6jsc22xd922cp7v40000gp/T/jenkins5011084533091660015/plugins/jdk-tool.jpi
   6.531 [id=53]	INFO	jenkins.InitReactorRunner$1#onAttained: Listed all plugins
   8.096 [id=71]	INFO	jenkins.InitReactorRunner$1#onAttained: Prepared all plugins
   8.101 [id=71]	INFO	jenkins.InitReactorRunner$1#onAttained: Started all plugins
   8.102 [id=72]	INFO	jenkins.InitReactorRunner$1#onAttained: Augmented all extensions
   9.082 [id=72]	INFO	jenkins.InitReactorRunner$1#onAttained: System config loaded
   9.083 [id=53]	INFO	jenkins.InitReactorRunner$1#onAttained: System config adapted
   9.083 [id=62]	INFO	jenkins.InitReactorRunner$1#onAttained: Loaded all jobs
   9.090 [id=71]	INFO	jenkins.InitReactorRunner$1#onAttained: Configuration for all jobs updated
   9.220 [id=54]	INFO	jenkins.InitReactorRunner$1#onAttained: Completed initialization
  10.379 [id=29]	INFO	hudson.lifecycle.Lifecycle#onStatusUpdate: Stopping Jenkins
  10.787 [id=29]	INFO	hudson.lifecycle.Lifecycle#onStatusUpdate: Jenkins stopped
]]></system-err>
  </testcase>
  <testcase name="testAdminWithCredentialsView" classname="org.conjur.jenkins.credentials.ConjurCredentialStoreTest" time="1.445">
    <system-out><![CDATA[=== Starting testAdminWithCredentialsView(org.conjur.jenkins.credentials.ConjurCredentialStoreTest)
18:14:46.197 [Executing testAdminWithCredentialsView(org.conjur.jenkins.credentials.ConjurCredentialStoreTest)] DEBUG org.eclipse.jetty.util.component.ContainerLifeCycle -- QueuedThreadPool[qtp7220105]@6e2b89{STOPPED,8<=0<=200,i=0,r=-1,q=0}[NO_TRY] added {org.eclipse.jetty.util.thread.ThreadPoolBudget@451bf5c,POJO}
18:14:46.197 [Executing testAdminWithCredentialsView(org.conjur.jenkins.credentials.ConjurCredentialStoreTest)] DEBUG org.eclipse.jetty.util.component.ContainerLifeCycle -- Server@415321b2{STOPPED}[9.4.48.v20220622] added {QueuedThreadPool[Jetty (JenkinsRule)]@6e2b89{STOPPED,8<=0<=200,i=0,r=-1,q=0}[NO_TRY],AUTO}
18:14:46.197 [Executing testAdminWithCredentialsView(org.conjur.jenkins.credentials.ConjurCredentialStoreTest)] DEBUG org.eclipse.jetty.util.component.ContainerLifeCycle -- o.e.j.w.WebAppContext@11b8500{/,null,STOPPED} added {SymlinkAllowedResourceAliasChecker@70d8c4c9{base=null,protected=null},MANAGED}
18:14:46.197 [Executing testAdminWithCredentialsView(org.conjur.jenkins.credentials.ConjurCredentialStoreTest)] DEBUG org.eclipse.jetty.util.DecoratedObjectFactory -- Adding Decorator: org.eclipse.jetty.util.DeprecationWarning@797a3ed1
18:14:46.197 [Executing testAdminWithCredentialsView(org.conjur.jenkins.credentials.ConjurCredentialStoreTest)] DEBUG org.eclipse.jetty.util.component.ContainerLifeCycle -- o.e.j.w.WebAppContext@11b8500{/jenkins,null,STOPPED} added {org.eclipse.jetty.server.session.SessionHandler561831677==dftMaxIdleSec=-1,MANAGED}
18:14:46.198 [Executing testAdminWithCredentialsView(org.conjur.jenkins.credentials.ConjurCredentialStoreTest)] DEBUG org.eclipse.jetty.util.component.ContainerLifeCycle -- ConstraintSecurityHandler@7c126c57{STOPPED} added {org.eclipse.jetty.util.component.DumpableCollection@4a5a1190,POJO}
18:14:46.198 [Executing testAdminWithCredentialsView(org.conjur.jenkins.credentials.ConjurCredentialStoreTest)] DEBUG org.eclipse.jetty.util.component.ContainerLifeCycle -- org.eclipse.jetty.server.session.SessionHandler561831677==dftMaxIdleSec=-1 added {ConstraintSecurityHandler@7c126c57{STOPPED},MANAGED}
18:14:46.198 [Executing testAdminWithCredentialsView(org.conjur.jenkins.credentials.ConjurCredentialStoreTest)] DEBUG org.eclipse.jetty.util.component.ContainerLifeCycle -- ConstraintSecurityHandler@7c126c57{STOPPED} added {ServletHandler@627e32bc{STOPPED},MANAGED}
18:14:46.198 [Executing testAdminWithCredentialsView(org.conjur.jenkins.credentials.ConjurCredentialStoreTest)] DEBUG org.eclipse.jetty.util.component.ContainerLifeCycle -- o.e.j.w.WebAppContext@11b8500{/jenkins,null,STOPPED} added {ErrorPageErrorHandler@25328338{STOPPED},MANAGED}
18:14:46.198 [Executing testAdminWithCredentialsView(org.conjur.jenkins.credentials.ConjurCredentialStoreTest)] DEBUG org.eclipse.jetty.util.component.ContainerLifeCycle -- o.e.j.w.WebAppContext@11b8500{/jenkins,null,STOPPED}{/Users/sameer.shaik/MyWorkSpace/17OctV2.2.3-New-BitBucketIssueFixed/conjur-credentials-plugin/target/jenkins-for-test} added {NoListenerConfiguration@4aad331d{STOPPED},AUTO}
18:14:46.198 [Executing testAdminWithCredentialsView(org.conjur.jenkins.credentials.ConjurCredentialStoreTest)] DEBUG org.eclipse.jetty.util.component.ContainerLifeCycle -- Server@415321b2{STOPPED}[9.4.48.v20220622] added {o.e.j.w.WebAppContext@11b8500{/jenkins,null,STOPPED}{/Users/sameer.shaik/MyWorkSpace/17OctV2.2.3-New-BitBucketIssueFixed/conjur-credentials-plugin/target/jenkins-for-test},MANAGED}
18:14:46.198 [Executing testAdminWithCredentialsView(org.conjur.jenkins.credentials.ConjurCredentialStoreTest)] DEBUG org.eclipse.jetty.util.component.ContainerLifeCycle -- HashLoginService@50617d49[null] added {org.eclipse.jetty.security.DefaultIdentityService@43194e2b,POJO}
18:14:46.198 [Executing testAdminWithCredentialsView(org.conjur.jenkins.credentials.ConjurCredentialStoreTest)] DEBUG org.eclipse.jetty.util.component.ContainerLifeCycle -- HashLoginService@50617d49[default] added {UserStore@72033e33{STOPPED},AUTO}
18:14:46.199 [Executing testAdminWithCredentialsView(org.conjur.jenkins.credentials.ConjurCredentialStoreTest)] DEBUG org.eclipse.jetty.util.component.ContainerLifeCycle -- ConstraintSecurityHandler@7c126c57{STOPPED} added {HashLoginService@50617d49[default],AUTO}
18:14:46.199 [Executing testAdminWithCredentialsView(org.conjur.jenkins.credentials.ConjurCredentialStoreTest)] DEBUG org.eclipse.jetty.util.component.ContainerLifeCycle -- HttpConnectionFactory@15ba03af[HTTP/1.1] added {HttpConfiguration@178e8e4e{32768/8192,8192/8192,https://:0,[]},POJO}
18:14:46.200 [Executing testAdminWithCredentialsView(org.conjur.jenkins.credentials.ConjurCredentialStoreTest)] DEBUG org.eclipse.jetty.util.component.ContainerLifeCycle -- ServerConnector@127c7906{null, ()}{0.0.0.0:0} added {Server@415321b2{STOPPED}[9.4.48.v20220622],UNMANAGED}
18:14:46.200 [Executing testAdminWithCredentialsView(org.conjur.jenkins.credentials.ConjurCredentialStoreTest)] DEBUG org.eclipse.jetty.util.component.ContainerLifeCycle -- ServerConnector@127c7906{null, ()}{0.0.0.0:0} added {QueuedThreadPool[Jetty (JenkinsRule)]@6e2b89{STOPPED,8<=0<=200,i=0,r=-1,q=0}[NO_TRY],AUTO}
18:14:46.200 [Executing testAdminWithCredentialsView(org.conjur.jenkins.credentials.ConjurCredentialStoreTest)] DEBUG org.eclipse.jetty.util.component.ContainerLifeCycle -- ServerConnector@127c7906{null, ()}{0.0.0.0:0} added {ScheduledExecutorScheduler@2b906617{STOPPED},AUTO}
18:14:46.200 [Executing testAdminWithCredentialsView(org.conjur.jenkins.credentials.ConjurCredentialStoreTest)] DEBUG org.eclipse.jetty.util.component.ContainerLifeCycle -- ServerConnector@127c7906{null, ()}{0.0.0.0:0} added {ArrayByteBufferPool@6ef2afb1{minBufferCapacity=0, maxBufferCapacity=65536, maxQueueLength=-1, factor=1024},POJO}
18:14:46.201 [Executing testAdminWithCredentialsView(org.conjur.jenkins.credentials.ConjurCredentialStoreTest)] DEBUG org.eclipse.jetty.util.component.ContainerLifeCycle -- ServerConnector@127c7906{null, (http/1.1)}{0.0.0.0:0} added {HttpConnectionFactory@15ba03af[HTTP/1.1],AUTO}
18:14:46.201 [Executing testAdminWithCredentialsView(org.conjur.jenkins.credentials.ConjurCredentialStoreTest)] DEBUG org.eclipse.jetty.server.AbstractConnector -- ServerConnector@127c7906{HTTP/1.1, (http/1.1)}{0.0.0.0:0} added HttpConnectionFactory@15ba03af[HTTP/1.1]
18:14:46.201 [Executing testAdminWithCredentialsView(org.conjur.jenkins.credentials.ConjurCredentialStoreTest)] DEBUG org.eclipse.jetty.util.component.ContainerLifeCycle -- ServerConnector@127c7906{HTTP/1.1, (http/1.1)}{0.0.0.0:0} added {SelectorManager@ServerConnector@127c7906{HTTP/1.1, (http/1.1)}{0.0.0.0:0},MANAGED}
18:14:46.201 [Executing testAdminWithCredentialsView(org.conjur.jenkins.credentials.ConjurCredentialStoreTest)] DEBUG org.eclipse.jetty.util.component.ContainerLifeCycle -- Server@415321b2{STOPPED}[9.4.48.v20220622] added {ServerConnector@127c7906{HTTP/1.1, (http/1.1)}{localhost:0},AUTO}
18:14:46.201 [Executing testAdminWithCredentialsView(org.conjur.jenkins.credentials.ConjurCredentialStoreTest)] DEBUG org.eclipse.jetty.util.component.AbstractLifeCycle -- starting Server@415321b2{STOPPED}[9.4.48.v20220622]
18:14:46.201 [Executing testAdminWithCredentialsView(org.conjur.jenkins.credentials.ConjurCredentialStoreTest)] DEBUG org.eclipse.jetty.util.component.ContainerLifeCycle -- Server@415321b2{STARTING}[9.4.48.v20220622] added {ErrorHandler@deda0df{STOPPED},AUTO}
18:14:46.201 [Executing testAdminWithCredentialsView(org.conjur.jenkins.credentials.ConjurCredentialStoreTest)] INFO org.eclipse.jetty.server.Server -- jetty-9.4.48.v20220622; built: 2022-06-21T20:42:25.880Z; git: 6b67c5719d1f4371b33655ff2d047d24e171e49a; jvm 17.0.11+9-adhoc.admin.jdk17u
18:14:46.201 [Executing testAdminWithCredentialsView(org.conjur.jenkins.credentials.ConjurCredentialStoreTest)] DEBUG org.eclipse.jetty.server.handler.AbstractHandler -- starting Server@415321b2{STARTING}[9.4.48.v20220622]
18:14:46.202 [Executing testAdminWithCredentialsView(org.conjur.jenkins.credentials.ConjurCredentialStoreTest)] DEBUG org.eclipse.jetty.util.component.AbstractLifeCycle -- starting QueuedThreadPool[Jetty (JenkinsRule)]@6e2b89{STOPPED,8<=0<=200,i=0,r=-1,q=0}[NO_TRY]
18:14:46.202 [Executing testAdminWithCredentialsView(org.conjur.jenkins.credentials.ConjurCredentialStoreTest)] DEBUG org.eclipse.jetty.util.thread.ReservedThreadExecutor -- ReservedThreadExecutor@7c284c2d{reserved=0/16,pending=0}
18:14:46.202 [Executing testAdminWithCredentialsView(org.conjur.jenkins.credentials.ConjurCredentialStoreTest)] DEBUG org.eclipse.jetty.util.component.ContainerLifeCycle -- QueuedThreadPool[Jetty (JenkinsRule)]@6e2b89{STARTING,8<=0<=200,i=0,r=-1,q=0}[ReservedThreadExecutor@7c284c2d{reserved=0/16,pending=0}] added {ReservedThreadExecutor@7c284c2d{reserved=0/16,pending=0},AUTO}
18:14:46.202 [Executing testAdminWithCredentialsView(org.conjur.jenkins.credentials.ConjurCredentialStoreTest)] DEBUG org.eclipse.jetty.util.component.AbstractLifeCycle -- starting ReservedThreadExecutor@7c284c2d{reserved=0/16,pending=0}
18:14:46.202 [Executing testAdminWithCredentialsView(org.conjur.jenkins.credentials.ConjurCredentialStoreTest)] DEBUG org.eclipse.jetty.util.component.AbstractLifeCycle -- STARTED @13306ms ReservedThreadExecutor@7c284c2d{reserved=0/16,pending=0}
18:14:46.202 [Executing testAdminWithCredentialsView(org.conjur.jenkins.credentials.ConjurCredentialStoreTest)] DEBUG org.eclipse.jetty.util.thread.QueuedThreadPool -- Starting Thread[Jetty (JenkinsRule)-107,5,main]
18:14:46.202 [Executing testAdminWithCredentialsView(org.conjur.jenkins.credentials.ConjurCredentialStoreTest)] DEBUG org.eclipse.jetty.util.thread.QueuedThreadPool -- Starting Thread[Jetty (JenkinsRule)-108,5,main]
18:14:46.203 [Jetty (JenkinsRule)-107] DEBUG org.eclipse.jetty.util.thread.QueuedThreadPool -- Runner started for QueuedThreadPool[Jetty (JenkinsRule)]@6e2b89{STARTING,8<=2<=200,i=2,r=-1,q=0}[ReservedThreadExecutor@7c284c2d{reserved=0/16,pending=0}]
18:14:46.203 [Executing testAdminWithCredentialsView(org.conjur.jenkins.credentials.ConjurCredentialStoreTest)] DEBUG org.eclipse.jetty.util.thread.QueuedThreadPool -- Starting Thread[Jetty (JenkinsRule)-109,5,main]
18:14:46.203 [Jetty (JenkinsRule)-108] DEBUG org.eclipse.jetty.util.thread.QueuedThreadPool -- Runner started for QueuedThreadPool[Jetty (JenkinsRule)]@6e2b89{STARTING,8<=3<=200,i=3,r=-1,q=0}[ReservedThreadExecutor@7c284c2d{reserved=0/16,pending=0}]
18:14:46.203 [Executing testAdminWithCredentialsView(org.conjur.jenkins.credentials.ConjurCredentialStoreTest)] DEBUG org.eclipse.jetty.util.thread.QueuedThreadPool -- Starting Thread[Jetty (JenkinsRule)-110,5,main]
18:14:46.203 [Jetty (JenkinsRule)-109] DEBUG org.eclipse.jetty.util.thread.QueuedThreadPool -- Runner started for QueuedThreadPool[Jetty (JenkinsRule)]@6e2b89{STARTING,8<=4<=200,i=4,r=-1,q=0}[ReservedThreadExecutor@7c284c2d{reserved=0/16,pending=0}]
18:14:46.203 [Executing testAdminWithCredentialsView(org.conjur.jenkins.credentials.ConjurCredentialStoreTest)] DEBUG org.eclipse.jetty.util.thread.QueuedThreadPool -- Starting Thread[Jetty (JenkinsRule)-111,5,main]
18:14:46.203 [Jetty (JenkinsRule)-110] DEBUG org.eclipse.jetty.util.thread.QueuedThreadPool -- Runner started for QueuedThreadPool[Jetty (JenkinsRule)]@6e2b89{STARTING,8<=5<=200,i=5,r=-1,q=0}[ReservedThreadExecutor@7c284c2d{reserved=0/16,pending=0}]
18:14:46.203 [Executing testAdminWithCredentialsView(org.conjur.jenkins.credentials.ConjurCredentialStoreTest)] DEBUG org.eclipse.jetty.util.thread.QueuedThreadPool -- Starting Thread[Jetty (JenkinsRule)-112,5,main]
18:14:46.203 [Jetty (JenkinsRule)-111] DEBUG org.eclipse.jetty.util.thread.QueuedThreadPool -- Runner started for QueuedThreadPool[Jetty (JenkinsRule)]@6e2b89{STARTING,8<=6<=200,i=6,r=-1,q=0}[ReservedThreadExecutor@7c284c2d{reserved=0/16,pending=0}]
18:14:46.203 [Executing testAdminWithCredentialsView(org.conjur.jenkins.credentials.ConjurCredentialStoreTest)] DEBUG org.eclipse.jetty.util.thread.QueuedThreadPool -- Starting Thread[Jetty (JenkinsRule)-113,5,main]
18:14:46.204 [Jetty (JenkinsRule)-112] DEBUG org.eclipse.jetty.util.thread.QueuedThreadPool -- Runner started for QueuedThreadPool[Jetty (JenkinsRule)]@6e2b89{STARTING,8<=7<=200,i=7,r=-1,q=0}[ReservedThreadExecutor@7c284c2d{reserved=0/16,pending=0}]
18:14:46.204 [Executing testAdminWithCredentialsView(org.conjur.jenkins.credentials.ConjurCredentialStoreTest)] DEBUG org.eclipse.jetty.util.thread.QueuedThreadPool -- Starting Thread[Jetty (JenkinsRule)-114,5,main]
18:14:46.204 [Jetty (JenkinsRule)-113] DEBUG org.eclipse.jetty.util.thread.QueuedThreadPool -- Runner started for QueuedThreadPool[Jetty (JenkinsRule)]@6e2b89{STARTING,8<=8<=200,i=8,r=-1,q=0}[ReservedThreadExecutor@7c284c2d{reserved=0/16,pending=0}]
18:14:46.204 [Executing testAdminWithCredentialsView(org.conjur.jenkins.credentials.ConjurCredentialStoreTest)] DEBUG org.eclipse.jetty.util.component.AbstractLifeCycle -- STARTED @13308ms QueuedThreadPool[Jetty (JenkinsRule)]@6e2b89{STARTED,8<=8<=200,i=8,r=-1,q=0}[ReservedThreadExecutor@7c284c2d{reserved=0/16,pending=0}]
18:14:46.204 [Jetty (JenkinsRule)-114] DEBUG org.eclipse.jetty.util.thread.QueuedThreadPool -- Runner started for QueuedThreadPool[Jetty (JenkinsRule)]@6e2b89{STARTED,8<=8<=200,i=8,r=-1,q=0}[ReservedThreadExecutor@7c284c2d{reserved=0/16,pending=0}]
18:14:46.204 [Executing testAdminWithCredentialsView(org.conjur.jenkins.credentials.ConjurCredentialStoreTest)] DEBUG org.eclipse.jetty.util.component.AbstractLifeCycle -- starting o.e.j.w.WebAppContext@11b8500{/jenkins,file:///Users/sameer.shaik/MyWorkSpace/17OctV2.2.3-New-BitBucketIssueFixed/conjur-credentials-plugin/target/jenkins-for-test/,STOPPED}{/Users/sameer.shaik/MyWorkSpace/17OctV2.2.3-New-BitBucketIssueFixed/conjur-credentials-plugin/target/jenkins-for-test}
18:14:46.205 [Executing testAdminWithCredentialsView(org.conjur.jenkins.credentials.ConjurCredentialStoreTest)] DEBUG org.eclipse.jetty.webapp.WebAppContext -- Thread Context classloader jdk.internal.loader.ClassLoaders$AppClassLoader@5ffd2b27
18:14:46.205 [Executing testAdminWithCredentialsView(org.conjur.jenkins.credentials.ConjurCredentialStoreTest)] DEBUG org.eclipse.jetty.webapp.WebAppContext -- Parent class loader: jdk.internal.loader.ClassLoaders$PlatformClassLoader@6a175569 
18:14:46.205 [Executing testAdminWithCredentialsView(org.conjur.jenkins.credentials.ConjurCredentialStoreTest)] DEBUG org.eclipse.jetty.webapp.WebAppContext -- preConfigure o.e.j.w.WebAppContext@11b8500{/jenkins,file:///Users/sameer.shaik/MyWorkSpace/17OctV2.2.3-New-BitBucketIssueFixed/conjur-credentials-plugin/target/jenkins-for-test/,STOPPED}{/Users/sameer.shaik/MyWorkSpace/17OctV2.2.3-New-BitBucketIssueFixed/conjur-credentials-plugin/target/jenkins-for-test} with org.eclipse.jetty.webapp.WebXmlConfiguration@3b0cb92d
18:14:46.215 [Executing testAdminWithCredentialsView(org.conjur.jenkins.credentials.ConjurCredentialStoreTest)] DEBUG org.eclipse.jetty.webapp.WebDescriptor -- jar:file:/Users/sameer.shaik/.m2/repository/org/eclipse/jetty/jetty-webapp/9.4.48.v20220622/jetty-webapp-9.4.48.v20220622.jar!/org/eclipse/jetty/webapp/webdefault.xml: Calculated metadatacomplete = False with version=3.1
18:14:46.221 [Executing testAdminWithCredentialsView(org.conjur.jenkins.credentials.ConjurCredentialStoreTest)] DEBUG org.eclipse.jetty.webapp.WebDescriptor -- file:///Users/sameer.shaik/MyWorkSpace/17OctV2.2.3-New-BitBucketIssueFixed/conjur-credentials-plugin/target/jenkins-for-test/WEB-INF/web.xml: Calculated metadatacomplete = True with version=3.1
18:14:46.221 [Executing testAdminWithCredentialsView(org.conjur.jenkins.credentials.ConjurCredentialStoreTest)] DEBUG org.eclipse.jetty.webapp.WebAppContext -- configure o.e.j.w.WebAppContext@11b8500{/jenkins,file:///Users/sameer.shaik/MyWorkSpace/17OctV2.2.3-New-BitBucketIssueFixed/conjur-credentials-plugin/target/jenkins-for-test/,STARTING}{/Users/sameer.shaik/MyWorkSpace/17OctV2.2.3-New-BitBucketIssueFixed/conjur-credentials-plugin/target/jenkins-for-test} with org.eclipse.jetty.webapp.WebXmlConfiguration@3b0cb92d
18:14:46.221 [Executing testAdminWithCredentialsView(org.conjur.jenkins.credentials.ConjurCredentialStoreTest)] DEBUG org.eclipse.jetty.webapp.MetaData -- metadata resolve o.e.j.w.WebAppContext@11b8500{/jenkins,file:///Users/sameer.shaik/MyWorkSpace/17OctV2.2.3-New-BitBucketIssueFixed/conjur-credentials-plugin/target/jenkins-for-test/,STARTING}{/Users/sameer.shaik/MyWorkSpace/17OctV2.2.3-New-BitBucketIssueFixed/conjur-credentials-plugin/target/jenkins-for-test}
18:14:46.221 [Executing testAdminWithCredentialsView(org.conjur.jenkins.credentials.ConjurCredentialStoreTest)] DEBUG org.eclipse.jetty.util.component.ContainerLifeCycle -- ServletHandler@627e32bc{STOPPED} added {org.eclipse.jetty.servlet.listener.ELContextCleaner@10813010{src=DESCRIPTOR:jar:file:/Users/sameer.shaik/.m2/repository/org/eclipse/jetty/jetty-webapp/9.4.48.v20220622/jetty-webapp-9.4.48.v20220622.jar!/org/eclipse/jetty/webapp/webdefault.xml},AUTO}
18:14:46.222 [Executing testAdminWithCredentialsView(org.conjur.jenkins.credentials.ConjurCredentialStoreTest)] DEBUG org.eclipse.jetty.util.component.ContainerLifeCycle -- ServletHandler@627e32bc{STOPPED} added {org.eclipse.jetty.servlet.listener.IntrospectorCleaner@4e1a26fc{src=DESCRIPTOR:jar:file:/Users/sameer.shaik/.m2/repository/org/eclipse/jetty/jetty-webapp/9.4.48.v20220622/jetty-webapp-9.4.48.v20220622.jar!/org/eclipse/jetty/webapp/webdefault.xml},AUTO}
18:14:46.222 [Executing testAdminWithCredentialsView(org.conjur.jenkins.credentials.ConjurCredentialStoreTest)] DEBUG org.eclipse.jetty.webapp.StandardDescriptorProcessor -- Added mapping [/]=>default 
18:14:46.223 [Executing testAdminWithCredentialsView(org.conjur.jenkins.credentials.ConjurCredentialStoreTest)] INFO org.eclipse.jetty.webapp.StandardDescriptorProcessor -- NO JSP Support for /jenkins, did not find org.eclipse.jetty.jsp.JettyJspServlet
18:14:46.223 [Executing testAdminWithCredentialsView(org.conjur.jenkins.credentials.ConjurCredentialStoreTest)] DEBUG org.eclipse.jetty.webapp.StandardDescriptorProcessor -- Added mapping [*.jsp, *.jspf, *.jspx, *.xsp, *.JSP, *.JSPF, *.JSPX, *.XSP]=>jsp 
18:14:46.223 [Executing testAdminWithCredentialsView(org.conjur.jenkins.credentials.ConjurCredentialStoreTest)] DEBUG org.eclipse.jetty.server.session -- SessionManager default maxInactiveInterval=1800
18:14:46.224 [Executing testAdminWithCredentialsView(org.conjur.jenkins.credentials.ConjurCredentialStoreTest)] DEBUG org.eclipse.jetty.util.component.ContainerLifeCycle -- ServletHandler@627e32bc{STOPPED} added {default==org.eclipse.jetty.servlet.DefaultServlet@5c13d641{jsp=null,order=0,inst=false,async=false,src=DESCRIPTOR:jar:file:/Users/sameer.shaik/.m2/repository/org/eclipse/jetty/jetty-webapp/9.4.48.v20220622/jetty-webapp-9.4.48.v20220622.jar!/org/eclipse/jetty/webapp/webdefault.xml,STOPPED},AUTO}
18:14:46.224 [Executing testAdminWithCredentialsView(org.conjur.jenkins.credentials.ConjurCredentialStoreTest)] DEBUG org.eclipse.jetty.util.component.ContainerLifeCycle -- ServletHandler@627e32bc{STOPPED} added {jsp==org.eclipse.jetty.servlet.NoJspServlet@19c47{jsp=null,order=0,inst=false,async=false,src=DESCRIPTOR:jar:file:/Users/sameer.shaik/.m2/repository/org/eclipse/jetty/jetty-webapp/9.4.48.v20220622/jetty-webapp-9.4.48.v20220622.jar!/org/eclipse/jetty/webapp/webdefault.xml,STOPPED},AUTO}
18:14:46.224 [Executing testAdminWithCredentialsView(org.conjur.jenkins.credentials.ConjurCredentialStoreTest)] DEBUG org.eclipse.jetty.util.component.ContainerLifeCycle -- ServletHandler@627e32bc{STOPPED} added {[/]=>default,POJO}
18:14:46.224 [Executing testAdminWithCredentialsView(org.conjur.jenkins.credentials.ConjurCredentialStoreTest)] DEBUG org.eclipse.jetty.util.component.ContainerLifeCycle -- ServletHandler@627e32bc{STOPPED} added {[*.jsp, *.jspf, *.jspx, *.xsp, *.JSP, *.JSPF, *.JSPX, *.XSP]=>jsp,POJO}
18:14:46.224 [Executing testAdminWithCredentialsView(org.conjur.jenkins.credentials.ConjurCredentialStoreTest)] DEBUG org.eclipse.jetty.webapp.StandardDescriptorProcessor -- Added mapping [/*]=>Stapler 
18:14:46.225 [Executing testAdminWithCredentialsView(org.conjur.jenkins.credentials.ConjurCredentialStoreTest)] DEBUG org.eclipse.jetty.util.component.ContainerLifeCycle -- ServletHandler@627e32bc{STOPPED} added {jenkins.util.SystemProperties$Listener@38145d6f{src=DESCRIPTOR:file:///Users/sameer.shaik/MyWorkSpace/17OctV2.2.3-New-BitBucketIssueFixed/conjur-credentials-plugin/target/jenkins-for-test/WEB-INF/web.xml},AUTO}
18:14:46.225 [Executing testAdminWithCredentialsView(org.conjur.jenkins.credentials.ConjurCredentialStoreTest)] DEBUG org.eclipse.jetty.util.component.ContainerLifeCycle -- ServletHandler@627e32bc{STOPPED} added {hudson.WebAppMain@7a36673f{src=DESCRIPTOR:file:///Users/sameer.shaik/MyWorkSpace/17OctV2.2.3-New-BitBucketIssueFixed/conjur-credentials-plugin/target/jenkins-for-test/WEB-INF/web.xml},AUTO}
18:14:46.225 [Executing testAdminWithCredentialsView(org.conjur.jenkins.credentials.ConjurCredentialStoreTest)] DEBUG org.eclipse.jetty.util.component.ContainerLifeCycle -- ServletHandler@627e32bc{STOPPED} added {jenkins.JenkinsHttpSessionListener@632ec9d9{src=DESCRIPTOR:file:///Users/sameer.shaik/MyWorkSpace/17OctV2.2.3-New-BitBucketIssueFixed/conjur-credentials-plugin/target/jenkins-for-test/WEB-INF/web.xml},AUTO}
18:14:46.225 [Executing testAdminWithCredentialsView(org.conjur.jenkins.credentials.ConjurCredentialStoreTest)] DEBUG org.eclipse.jetty.util.component.ContainerLifeCycle -- ServletHandler@627e32bc{STOPPED} added {suspicious-request-filter==jenkins.security.SuspiciousRequestFilter@7c9c3e86{inst=false,async=true,src=DESCRIPTOR:file:///Users/sameer.shaik/MyWorkSpace/17OctV2.2.3-New-BitBucketIssueFixed/conjur-credentials-plugin/target/jenkins-for-test/WEB-INF/web.xml},AUTO}
18:14:46.226 [Executing testAdminWithCredentialsView(org.conjur.jenkins.credentials.ConjurCredentialStoreTest)] DEBUG org.eclipse.jetty.util.component.ContainerLifeCycle -- ServletHandler@627e32bc{STOPPED} added {diagnostic-name-filter==org.kohsuke.stapler.DiagnosticThreadNameFilter@6679eb5f{inst=false,async=true,src=DESCRIPTOR:file:///Users/sameer.shaik/MyWorkSpace/17OctV2.2.3-New-BitBucketIssueFixed/conjur-credentials-plugin/target/jenkins-for-test/WEB-INF/web.xml},AUTO}
18:14:46.226 [Executing testAdminWithCredentialsView(org.conjur.jenkins.credentials.ConjurCredentialStoreTest)] DEBUG org.eclipse.jetty.util.component.ContainerLifeCycle -- ServletHandler@627e32bc{STOPPED} added {encoding-filter==hudson.util.CharacterEncodingFilter@2f3f7730{inst=false,async=true,src=DESCRIPTOR:file:///Users/sameer.shaik/MyWorkSpace/17OctV2.2.3-New-BitBucketIssueFixed/conjur-credentials-plugin/target/jenkins-for-test/WEB-INF/web.xml},AUTO}
18:14:46.226 [Executing testAdminWithCredentialsView(org.conjur.jenkins.credentials.ConjurCredentialStoreTest)] DEBUG org.eclipse.jetty.util.component.ContainerLifeCycle -- ServletHandler@627e32bc{STOPPED} added {compression-filter==org.kohsuke.stapler.compression.CompressionFilter@3aca130f{inst=false,async=true,src=DESCRIPTOR:file:///Users/sameer.shaik/MyWorkSpace/17OctV2.2.3-New-BitBucketIssueFixed/conjur-credentials-plugin/target/jenkins-for-test/WEB-INF/web.xml},AUTO}
18:14:46.226 [Executing testAdminWithCredentialsView(org.conjur.jenkins.credentials.ConjurCredentialStoreTest)] DEBUG org.eclipse.jetty.util.component.ContainerLifeCycle -- ServletHandler@627e32bc{STOPPED} added {authentication-filter==hudson.security.HudsonFilter@273f62de{inst=false,async=true,src=DESCRIPTOR:file:///Users/sameer.shaik/MyWorkSpace/17OctV2.2.3-New-BitBucketIssueFixed/conjur-credentials-plugin/target/jenkins-for-test/WEB-INF/web.xml},AUTO}
18:14:46.227 [Executing testAdminWithCredentialsView(org.conjur.jenkins.credentials.ConjurCredentialStoreTest)] DEBUG org.eclipse.jetty.util.component.ContainerLifeCycle -- ServletHandler@627e32bc{STOPPED} added {csrf-filter==hudson.security.csrf.CrumbFilter@eb55675{inst=false,async=true,src=DESCRIPTOR:file:///Users/sameer.shaik/MyWorkSpace/17OctV2.2.3-New-BitBucketIssueFixed/conjur-credentials-plugin/target/jenkins-for-test/WEB-INF/web.xml},AUTO}
18:14:46.227 [Executing testAdminWithCredentialsView(org.conjur.jenkins.credentials.ConjurCredentialStoreTest)] DEBUG org.eclipse.jetty.util.component.ContainerLifeCycle -- ServletHandler@627e32bc{STOPPED} added {plugins-filter==hudson.util.PluginServletFilter@5ae73664{inst=false,async=true,src=DESCRIPTOR:file:///Users/sameer.shaik/MyWorkSpace/17OctV2.2.3-New-BitBucketIssueFixed/conjur-credentials-plugin/target/jenkins-for-test/WEB-INF/web.xml},AUTO}
18:14:46.227 [Executing testAdminWithCredentialsView(org.conjur.jenkins.credentials.ConjurCredentialStoreTest)] DEBUG org.eclipse.jetty.util.component.ContainerLifeCycle -- ServletHandler@627e32bc{STOPPED} added {Stapler==org.kohsuke.stapler.Stapler@f222d1a9{jsp=null,order=-1,inst=false,async=true,src=DESCRIPTOR:file:///Users/sameer.shaik/MyWorkSpace/17OctV2.2.3-New-BitBucketIssueFixed/conjur-credentials-plugin/target/jenkins-for-test/WEB-INF/web.xml,STOPPED},AUTO}
18:14:46.227 [Executing testAdminWithCredentialsView(org.conjur.jenkins.credentials.ConjurCredentialStoreTest)] DEBUG org.eclipse.jetty.util.component.ContainerLifeCycle -- ServletHandler@627e32bc{STOPPED} added {[/*]/[]/[REQUEST]=>suspicious-request-filter,POJO}
18:14:46.227 [Executing testAdminWithCredentialsView(org.conjur.jenkins.credentials.ConjurCredentialStoreTest)] DEBUG org.eclipse.jetty.util.component.ContainerLifeCycle -- ServletHandler@627e32bc{STOPPED} added {[/*]/[]/[REQUEST]=>diagnostic-name-filter,POJO}
18:14:46.227 [Executing testAdminWithCredentialsView(org.conjur.jenkins.credentials.ConjurCredentialStoreTest)] DEBUG org.eclipse.jetty.util.component.ContainerLifeCycle -- ServletHandler@627e32bc{STOPPED} added {[/*]/[]/[REQUEST]=>encoding-filter,POJO}
18:14:46.227 [Executing testAdminWithCredentialsView(org.conjur.jenkins.credentials.ConjurCredentialStoreTest)] DEBUG org.eclipse.jetty.util.component.ContainerLifeCycle -- ServletHandler@627e32bc{STOPPED} added {[/*]/[]/[REQUEST]=>compression-filter,POJO}
18:14:46.228 [Executing testAdminWithCredentialsView(org.conjur.jenkins.credentials.ConjurCredentialStoreTest)] DEBUG org.eclipse.jetty.util.component.ContainerLifeCycle -- ServletHandler@627e32bc{STOPPED} added {[/*]/[]/[REQUEST]=>authentication-filter,POJO}
18:14:46.228 [Executing testAdminWithCredentialsView(org.conjur.jenkins.credentials.ConjurCredentialStoreTest)] DEBUG org.eclipse.jetty.util.component.ContainerLifeCycle -- ServletHandler@627e32bc{STOPPED} added {[/*]/[]/[REQUEST]=>csrf-filter,POJO}
18:14:46.228 [Executing testAdminWithCredentialsView(org.conjur.jenkins.credentials.ConjurCredentialStoreTest)] DEBUG org.eclipse.jetty.util.component.ContainerLifeCycle -- ServletHandler@627e32bc{STOPPED} added {[/*]/[]/[REQUEST]=>plugins-filter,POJO}
18:14:46.228 [Executing testAdminWithCredentialsView(org.conjur.jenkins.credentials.ConjurCredentialStoreTest)] DEBUG org.eclipse.jetty.util.component.ContainerLifeCycle -- ServletHandler@627e32bc{STOPPED} added {[/*]=>Stapler,POJO}
18:14:46.228 [Executing testAdminWithCredentialsView(org.conjur.jenkins.credentials.ConjurCredentialStoreTest)] DEBUG org.eclipse.jetty.util.component.AbstractLifeCycle -- starting org.eclipse.jetty.servlet.listener.ELContextCleaner@10813010{src=DESCRIPTOR:jar:file:/Users/sameer.shaik/.m2/repository/org/eclipse/jetty/jetty-webapp/9.4.48.v20220622/jetty-webapp-9.4.48.v20220622.jar!/org/eclipse/jetty/webapp/webdefault.xml}
18:14:46.228 [Executing testAdminWithCredentialsView(org.conjur.jenkins.credentials.ConjurCredentialStoreTest)] DEBUG org.eclipse.jetty.servlet.BaseHolder -- Holding class org.eclipse.jetty.servlet.listener.ELContextCleaner from jdk.internal.loader.ClassLoaders$AppClassLoader@5ffd2b27
18:14:46.228 [Executing testAdminWithCredentialsView(org.conjur.jenkins.credentials.ConjurCredentialStoreTest)] DEBUG org.eclipse.jetty.util.component.AbstractLifeCycle -- STARTED @13332ms org.eclipse.jetty.servlet.listener.ELContextCleaner@10813010{src=DESCRIPTOR:jar:file:/Users/sameer.shaik/.m2/repository/org/eclipse/jetty/jetty-webapp/9.4.48.v20220622/jetty-webapp-9.4.48.v20220622.jar!/org/eclipse/jetty/webapp/webdefault.xml}
18:14:46.228 [Executing testAdminWithCredentialsView(org.conjur.jenkins.credentials.ConjurCredentialStoreTest)] DEBUG org.eclipse.jetty.util.component.AbstractLifeCycle -- starting org.eclipse.jetty.servlet.listener.IntrospectorCleaner@4e1a26fc{src=DESCRIPTOR:jar:file:/Users/sameer.shaik/.m2/repository/org/eclipse/jetty/jetty-webapp/9.4.48.v20220622/jetty-webapp-9.4.48.v20220622.jar!/org/eclipse/jetty/webapp/webdefault.xml}
18:14:46.228 [Executing testAdminWithCredentialsView(org.conjur.jenkins.credentials.ConjurCredentialStoreTest)] DEBUG org.eclipse.jetty.servlet.BaseHolder -- Holding class org.eclipse.jetty.servlet.listener.IntrospectorCleaner from jdk.internal.loader.ClassLoaders$AppClassLoader@5ffd2b27
18:14:46.229 [Executing testAdminWithCredentialsView(org.conjur.jenkins.credentials.ConjurCredentialStoreTest)] DEBUG org.eclipse.jetty.util.component.AbstractLifeCycle -- STARTED @13332ms org.eclipse.jetty.servlet.listener.IntrospectorCleaner@4e1a26fc{src=DESCRIPTOR:jar:file:/Users/sameer.shaik/.m2/repository/org/eclipse/jetty/jetty-webapp/9.4.48.v20220622/jetty-webapp-9.4.48.v20220622.jar!/org/eclipse/jetty/webapp/webdefault.xml}
18:14:46.229 [Executing testAdminWithCredentialsView(org.conjur.jenkins.credentials.ConjurCredentialStoreTest)] DEBUG org.eclipse.jetty.util.component.AbstractLifeCycle -- starting jenkins.util.SystemProperties$Listener@38145d6f{src=DESCRIPTOR:file:///Users/sameer.shaik/MyWorkSpace/17OctV2.2.3-New-BitBucketIssueFixed/conjur-credentials-plugin/target/jenkins-for-test/WEB-INF/web.xml}
18:14:46.229 [Executing testAdminWithCredentialsView(org.conjur.jenkins.credentials.ConjurCredentialStoreTest)] DEBUG org.eclipse.jetty.servlet.BaseHolder -- Holding class jenkins.util.SystemProperties$Listener from jdk.internal.loader.ClassLoaders$AppClassLoader@5ffd2b27
18:14:46.229 [Executing testAdminWithCredentialsView(org.conjur.jenkins.credentials.ConjurCredentialStoreTest)] DEBUG org.eclipse.jetty.util.component.AbstractLifeCycle -- STARTED @13333ms jenkins.util.SystemProperties$Listener@38145d6f{src=DESCRIPTOR:file:///Users/sameer.shaik/MyWorkSpace/17OctV2.2.3-New-BitBucketIssueFixed/conjur-credentials-plugin/target/jenkins-for-test/WEB-INF/web.xml}
18:14:46.229 [Executing testAdminWithCredentialsView(org.conjur.jenkins.credentials.ConjurCredentialStoreTest)] DEBUG org.eclipse.jetty.util.component.AbstractLifeCycle -- starting hudson.WebAppMain@7a36673f{src=DESCRIPTOR:file:///Users/sameer.shaik/MyWorkSpace/17OctV2.2.3-New-BitBucketIssueFixed/conjur-credentials-plugin/target/jenkins-for-test/WEB-INF/web.xml}
18:14:46.229 [Executing testAdminWithCredentialsView(org.conjur.jenkins.credentials.ConjurCredentialStoreTest)] DEBUG org.eclipse.jetty.servlet.BaseHolder -- Holding class hudson.WebAppMain from jdk.internal.loader.ClassLoaders$AppClassLoader@5ffd2b27
18:14:46.229 [Executing testAdminWithCredentialsView(org.conjur.jenkins.credentials.ConjurCredentialStoreTest)] DEBUG org.eclipse.jetty.util.component.AbstractLifeCycle -- STARTED @13333ms hudson.WebAppMain@7a36673f{src=DESCRIPTOR:file:///Users/sameer.shaik/MyWorkSpace/17OctV2.2.3-New-BitBucketIssueFixed/conjur-credentials-plugin/target/jenkins-for-test/WEB-INF/web.xml}
18:14:46.229 [Executing testAdminWithCredentialsView(org.conjur.jenkins.credentials.ConjurCredentialStoreTest)] DEBUG org.eclipse.jetty.util.component.AbstractLifeCycle -- starting jenkins.JenkinsHttpSessionListener@632ec9d9{src=DESCRIPTOR:file:///Users/sameer.shaik/MyWorkSpace/17OctV2.2.3-New-BitBucketIssueFixed/conjur-credentials-plugin/target/jenkins-for-test/WEB-INF/web.xml}
18:14:46.229 [Executing testAdminWithCredentialsView(org.conjur.jenkins.credentials.ConjurCredentialStoreTest)] DEBUG org.eclipse.jetty.servlet.BaseHolder -- Holding class jenkins.JenkinsHttpSessionListener from jdk.internal.loader.ClassLoaders$AppClassLoader@5ffd2b27
18:14:46.230 [Executing testAdminWithCredentialsView(org.conjur.jenkins.credentials.ConjurCredentialStoreTest)] DEBUG org.eclipse.jetty.util.component.ContainerLifeCycle -- org.eclipse.jetty.server.session.SessionHandler561831677==dftMaxIdleSec=1800 added {jenkins.JenkinsHttpSessionListener@305f045c,UNMANAGED}
18:14:46.230 [Executing testAdminWithCredentialsView(org.conjur.jenkins.credentials.ConjurCredentialStoreTest)] DEBUG org.eclipse.jetty.util.component.AbstractLifeCycle -- STARTED @13334ms jenkins.JenkinsHttpSessionListener@632ec9d9{src=DESCRIPTOR:file:///Users/sameer.shaik/MyWorkSpace/17OctV2.2.3-New-BitBucketIssueFixed/conjur-credentials-plugin/target/jenkins-for-test/WEB-INF/web.xml}
18:14:46.230 [Executing testAdminWithCredentialsView(org.conjur.jenkins.credentials.ConjurCredentialStoreTest)] DEBUG org.eclipse.jetty.server.handler.AbstractHandler -- starting o.e.j.w.WebAppContext@11b8500{Jenkins v2.346.3,/jenkins,file:///Users/sameer.shaik/MyWorkSpace/17OctV2.2.3-New-BitBucketIssueFixed/conjur-credentials-plugin/target/jenkins-for-test/,STARTING}{/Users/sameer.shaik/MyWorkSpace/17OctV2.2.3-New-BitBucketIssueFixed/conjur-credentials-plugin/target/jenkins-for-test}
18:14:46.230 [Executing testAdminWithCredentialsView(org.conjur.jenkins.credentials.ConjurCredentialStoreTest)] DEBUG org.eclipse.jetty.util.component.AbstractLifeCycle -- starting SymlinkAllowedResourceAliasChecker@70d8c4c9{base=null,protected=[/WEB-INF, /META-INF]}
18:14:46.230 [Executing testAdminWithCredentialsView(org.conjur.jenkins.credentials.ConjurCredentialStoreTest)] DEBUG org.eclipse.jetty.util.component.AbstractLifeCycle -- STARTED @13334ms SymlinkAllowedResourceAliasChecker@70d8c4c9{base=null,protected=[/WEB-INF, /META-INF]}
18:14:46.230 [Executing testAdminWithCredentialsView(org.conjur.jenkins.credentials.ConjurCredentialStoreTest)] DEBUG org.eclipse.jetty.util.component.AbstractLifeCycle -- starting org.eclipse.jetty.server.session.SessionHandler561831677==dftMaxIdleSec=1800
18:14:46.230 [Executing testAdminWithCredentialsView(org.conjur.jenkins.credentials.ConjurCredentialStoreTest)] DEBUG org.eclipse.jetty.util.component.ContainerLifeCycle -- org.eclipse.jetty.server.session.SessionHandler561831677==dftMaxIdleSec=1800 added {org.eclipse.jetty.server.session.DefaultSessionCache@6caaa91b[evict=-1,removeUnloadable=false,saveOnCreate=false,saveOnInactiveEvict=false],AUTO}
18:14:46.230 [Executing testAdminWithCredentialsView(org.conjur.jenkins.credentials.ConjurCredentialStoreTest)] DEBUG org.eclipse.jetty.util.component.ContainerLifeCycle -- org.eclipse.jetty.server.session.DefaultSessionCache@6caaa91b[evict=-1,removeUnloadable=false,saveOnCreate=false,saveOnInactiveEvict=false] added {org.eclipse.jetty.server.session.NullSessionDataStore@48885c05[passivating=false,graceSec=3600],AUTO}
18:14:46.231 [Executing testAdminWithCredentialsView(org.conjur.jenkins.credentials.ConjurCredentialStoreTest)] DEBUG org.eclipse.jetty.util.component.AbstractLifeCycle -- starting DefaultSessionIdManager@2bbf1766{STOPPED}[worker=null]
18:14:46.231 [Executing testAdminWithCredentialsView(org.conjur.jenkins.credentials.ConjurCredentialStoreTest)] INFO org.eclipse.jetty.server.session -- DefaultSessionIdManager workerName=node0
18:14:46.231 [Executing testAdminWithCredentialsView(org.conjur.jenkins.credentials.ConjurCredentialStoreTest)] INFO org.eclipse.jetty.server.session -- No SessionScavenger set, using defaults
18:14:46.231 [Executing testAdminWithCredentialsView(org.conjur.jenkins.credentials.ConjurCredentialStoreTest)] DEBUG org.eclipse.jetty.util.component.ContainerLifeCycle -- DefaultSessionIdManager@2bbf1766{STARTING}[worker=node0] added {HouseKeeper@50330389{STOPPED}[interval=600000, ownscheduler=false],MANAGED}
18:14:46.231 [Executing testAdminWithCredentialsView(org.conjur.jenkins.credentials.ConjurCredentialStoreTest)] DEBUG org.eclipse.jetty.util.component.AbstractLifeCycle -- starting HouseKeeper@50330389{STOPPED}[interval=600000, ownscheduler=false]
18:14:46.231 [Executing testAdminWithCredentialsView(org.conjur.jenkins.credentials.ConjurCredentialStoreTest)] DEBUG org.eclipse.jetty.util.component.AbstractLifeCycle -- starting ScheduledExecutorScheduler@3e42ace{STOPPED}
18:14:46.231 [Executing testAdminWithCredentialsView(org.conjur.jenkins.credentials.ConjurCredentialStoreTest)] DEBUG org.eclipse.jetty.util.component.AbstractLifeCycle -- STARTED @13335ms ScheduledExecutorScheduler@3e42ace{STARTED}
18:14:46.231 [Executing testAdminWithCredentialsView(org.conjur.jenkins.credentials.ConjurCredentialStoreTest)] DEBUG org.eclipse.jetty.server.session -- Using own scheduler for scavenging
18:14:46.232 [Executing testAdminWithCredentialsView(org.conjur.jenkins.credentials.ConjurCredentialStoreTest)] INFO org.eclipse.jetty.server.session -- node0 Scavenging every 600000ms
18:14:46.232 [Executing testAdminWithCredentialsView(org.conjur.jenkins.credentials.ConjurCredentialStoreTest)] DEBUG org.eclipse.jetty.util.component.AbstractLifeCycle -- STARTED @13336ms HouseKeeper@50330389{STARTED}[interval=600000, ownscheduler=true]
18:14:46.232 [Executing testAdminWithCredentialsView(org.conjur.jenkins.credentials.ConjurCredentialStoreTest)] DEBUG org.eclipse.jetty.util.component.AbstractLifeCycle -- STARTED @13336ms DefaultSessionIdManager@2bbf1766{STARTED}[worker=node0]
18:14:46.232 [Executing testAdminWithCredentialsView(org.conjur.jenkins.credentials.ConjurCredentialStoreTest)] DEBUG org.eclipse.jetty.util.component.ContainerLifeCycle -- Server@415321b2{STARTING}[9.4.48.v20220622] added {DefaultSessionIdManager@2bbf1766{STARTED}[worker=node0],MANAGED}
18:14:46.232 [Executing testAdminWithCredentialsView(org.conjur.jenkins.credentials.ConjurCredentialStoreTest)] DEBUG org.eclipse.jetty.util.component.ContainerLifeCycle -- org.eclipse.jetty.server.session.SessionHandler561831677==dftMaxIdleSec=1800 added {DefaultSessionIdManager@2bbf1766{STARTED}[worker=node0],UNMANAGED}
18:14:46.232 [Executing testAdminWithCredentialsView(org.conjur.jenkins.credentials.ConjurCredentialStoreTest)] DEBUG org.eclipse.jetty.util.component.AbstractLifeCycle -- starting ScheduledExecutorScheduler@6622486e{STOPPED}
18:14:46.232 [Executing testAdminWithCredentialsView(org.conjur.jenkins.credentials.ConjurCredentialStoreTest)] DEBUG org.eclipse.jetty.util.component.AbstractLifeCycle -- STARTED @13336ms ScheduledExecutorScheduler@6622486e{STARTED}
18:14:46.232 [Executing testAdminWithCredentialsView(org.conjur.jenkins.credentials.ConjurCredentialStoreTest)] DEBUG org.eclipse.jetty.server.handler.AbstractHandler -- starting org.eclipse.jetty.server.session.SessionHandler561831677==dftMaxIdleSec=1800
18:14:46.232 [Executing testAdminWithCredentialsView(org.conjur.jenkins.credentials.ConjurCredentialStoreTest)] DEBUG org.eclipse.jetty.util.component.AbstractLifeCycle -- starting ConstraintSecurityHandler@7c126c57{STOPPED}
18:14:46.233 [Executing testAdminWithCredentialsView(org.conjur.jenkins.credentials.ConjurCredentialStoreTest)] DEBUG org.eclipse.jetty.util.component.ContainerLifeCycle -- ConstraintSecurityHandler@7c126c57{STARTING} added {org.eclipse.jetty.security.DefaultIdentityService@43194e2b,POJO}
18:14:46.233 [Executing testAdminWithCredentialsView(org.conjur.jenkins.credentials.ConjurCredentialStoreTest)] DEBUG org.eclipse.jetty.security.SecurityHandler -- Created authenticator org.eclipse.jetty.security.authentication.FormAuthenticator@2ec52068 with org.eclipse.jetty.security.DefaultAuthenticatorFactory@a76ae10
18:14:46.233 [Executing testAdminWithCredentialsView(org.conjur.jenkins.credentials.ConjurCredentialStoreTest)] DEBUG org.eclipse.jetty.util.component.ContainerLifeCycle -- ConstraintSecurityHandler@7c126c57{STARTING} added {org.eclipse.jetty.security.authentication.FormAuthenticator@2ec52068,POJO}
18:14:46.233 [Executing testAdminWithCredentialsView(org.conjur.jenkins.credentials.ConjurCredentialStoreTest)] DEBUG org.eclipse.jetty.server.handler.AbstractHandler -- starting ConstraintSecurityHandler@7c126c57{STARTING}
18:14:46.233 [Executing testAdminWithCredentialsView(org.conjur.jenkins.credentials.ConjurCredentialStoreTest)] DEBUG org.eclipse.jetty.util.component.AbstractLifeCycle -- starting ServletHandler@627e32bc{STOPPED}
18:14:46.233 [Executing testAdminWithCredentialsView(org.conjur.jenkins.credentials.ConjurCredentialStoreTest)] DEBUG org.eclipse.jetty.servlet.ServletHandler -- Path=*.jspx[DESCRIPTOR:jar:file:/Users/sameer.shaik/.m2/repository/org/eclipse/jetty/jetty-webapp/9.4.48.v20220622/jetty-webapp-9.4.48.v20220622.jar!/org/eclipse/jetty/webapp/webdefault.xml] mapped to servlet=jsp[DESCRIPTOR:jar:file:/Users/sameer.shaik/.m2/repository/org/eclipse/jetty/jetty-webapp/9.4.48.v20220622/jetty-webapp-9.4.48.v20220622.jar!/org/eclipse/jetty/webapp/webdefault.xml]
18:14:46.233 [Executing testAdminWithCredentialsView(org.conjur.jenkins.credentials.ConjurCredentialStoreTest)] DEBUG org.eclipse.jetty.http.pathmap.ServletPathSpec -- Creating ServletPathSpec[*.jspx] (group: SUFFIX_GLOB, prefix: "null", suffix: "jspx")
18:14:46.233 [Executing testAdminWithCredentialsView(org.conjur.jenkins.credentials.ConjurCredentialStoreTest)] DEBUG org.eclipse.jetty.http.pathmap.PathMappings -- Added MappedResource[pathSpec=ServletPathSpec@96a7cfb7{*.jspx},resource=jsp==org.eclipse.jetty.servlet.NoJspServlet@19c47{jsp=null,order=0,inst=false,async=false,src=DESCRIPTOR:jar:file:/Users/sameer.shaik/.m2/repository/org/eclipse/jetty/jetty-webapp/9.4.48.v20220622/jetty-webapp-9.4.48.v20220622.jar!/org/eclipse/jetty/webapp/webdefault.xml,STOPPED}] to PathMappings[size=1]
18:14:46.234 [Executing testAdminWithCredentialsView(org.conjur.jenkins.credentials.ConjurCredentialStoreTest)] DEBUG org.eclipse.jetty.servlet.ServletHandler -- Path=*.JSPX[DESCRIPTOR:jar:file:/Users/sameer.shaik/.m2/repository/org/eclipse/jetty/jetty-webapp/9.4.48.v20220622/jetty-webapp-9.4.48.v20220622.jar!/org/eclipse/jetty/webapp/webdefault.xml] mapped to servlet=jsp[DESCRIPTOR:jar:file:/Users/sameer.shaik/.m2/repository/org/eclipse/jetty/jetty-webapp/9.4.48.v20220622/jetty-webapp-9.4.48.v20220622.jar!/org/eclipse/jetty/webapp/webdefault.xml]
18:14:46.234 [Executing testAdminWithCredentialsView(org.conjur.jenkins.credentials.ConjurCredentialStoreTest)] DEBUG org.eclipse.jetty.http.pathmap.ServletPathSpec -- Creating ServletPathSpec[*.JSPX] (group: SUFFIX_GLOB, prefix: "null", suffix: "JSPX")
18:14:46.234 [Executing testAdminWithCredentialsView(org.conjur.jenkins.credentials.ConjurCredentialStoreTest)] DEBUG org.eclipse.jetty.http.pathmap.PathMappings -- Added MappedResource[pathSpec=ServletPathSpec@94d5d7b7{*.JSPX},resource=jsp==org.eclipse.jetty.servlet.NoJspServlet@19c47{jsp=null,order=0,inst=false,async=false,src=DESCRIPTOR:jar:file:/Users/sameer.shaik/.m2/repository/org/eclipse/jetty/jetty-webapp/9.4.48.v20220622/jetty-webapp-9.4.48.v20220622.jar!/org/eclipse/jetty/webapp/webdefault.xml,STOPPED}] to PathMappings[size=2]
18:14:46.234 [Executing testAdminWithCredentialsView(org.conjur.jenkins.credentials.ConjurCredentialStoreTest)] DEBUG org.eclipse.jetty.servlet.ServletHandler -- Path=*.JSPF[DESCRIPTOR:jar:file:/Users/sameer.shaik/.m2/repository/org/eclipse/jetty/jetty-webapp/9.4.48.v20220622/jetty-webapp-9.4.48.v20220622.jar!/org/eclipse/jetty/webapp/webdefault.xml] mapped to servlet=jsp[DESCRIPTOR:jar:file:/Users/sameer.shaik/.m2/repository/org/eclipse/jetty/jetty-webapp/9.4.48.v20220622/jetty-webapp-9.4.48.v20220622.jar!/org/eclipse/jetty/webapp/webdefault.xml]
18:14:46.234 [Executing testAdminWithCredentialsView(org.conjur.jenkins.credentials.ConjurCredentialStoreTest)] DEBUG org.eclipse.jetty.http.pathmap.ServletPathSpec -- Creating ServletPathSpec[*.JSPF] (group: SUFFIX_GLOB, prefix: "null", suffix: "JSPF")
18:14:46.234 [Executing testAdminWithCredentialsView(org.conjur.jenkins.credentials.ConjurCredentialStoreTest)] DEBUG org.eclipse.jetty.http.pathmap.PathMappings -- Added MappedResource[pathSpec=ServletPathSpec@94d5d589{*.JSPF},resource=jsp==org.eclipse.jetty.servlet.NoJspServlet@19c47{jsp=null,order=0,inst=false,async=false,src=DESCRIPTOR:jar:file:/Users/sameer.shaik/.m2/repository/org/eclipse/jetty/jetty-webapp/9.4.48.v20220622/jetty-webapp-9.4.48.v20220622.jar!/org/eclipse/jetty/webapp/webdefault.xml,STOPPED}] to PathMappings[size=3]
18:14:46.234 [Executing testAdminWithCredentialsView(org.conjur.jenkins.credentials.ConjurCredentialStoreTest)] DEBUG org.eclipse.jetty.servlet.ServletHandler -- Path=*.jsp[DESCRIPTOR:jar:file:/Users/sameer.shaik/.m2/repository/org/eclipse/jetty/jetty-webapp/9.4.48.v20220622/jetty-webapp-9.4.48.v20220622.jar!/org/eclipse/jetty/webapp/webdefault.xml] mapped to servlet=jsp[DESCRIPTOR:jar:file:/Users/sameer.shaik/.m2/repository/org/eclipse/jetty/jetty-webapp/9.4.48.v20220622/jetty-webapp-9.4.48.v20220622.jar!/org/eclipse/jetty/webapp/webdefault.xml]
18:14:46.235 [Executing testAdminWithCredentialsView(org.conjur.jenkins.credentials.ConjurCredentialStoreTest)] DEBUG org.eclipse.jetty.http.pathmap.ServletPathSpec -- Creating ServletPathSpec[*.jsp] (group: SUFFIX_GLOB, prefix: "null", suffix: "jsp")
18:14:46.235 [Executing testAdminWithCredentialsView(org.conjur.jenkins.credentials.ConjurCredentialStoreTest)] DEBUG org.eclipse.jetty.http.pathmap.PathMappings -- Added MappedResource[pathSpec=ServletPathSpec@debd2188{*.jsp},resource=jsp==org.eclipse.jetty.servlet.NoJspServlet@19c47{jsp=null,order=0,inst=false,async=false,src=DESCRIPTOR:jar:file:/Users/sameer.shaik/.m2/repository/org/eclipse/jetty/jetty-webapp/9.4.48.v20220622/jetty-webapp-9.4.48.v20220622.jar!/org/eclipse/jetty/webapp/webdefault.xml,STOPPED}] to PathMappings[size=4]
18:14:46.235 [Executing testAdminWithCredentialsView(org.conjur.jenkins.credentials.ConjurCredentialStoreTest)] DEBUG org.eclipse.jetty.servlet.ServletHandler -- Path=*.JSP[DESCRIPTOR:jar:file:/Users/sameer.shaik/.m2/repository/org/eclipse/jetty/jetty-webapp/9.4.48.v20220622/jetty-webapp-9.4.48.v20220622.jar!/org/eclipse/jetty/webapp/webdefault.xml] mapped to servlet=jsp[DESCRIPTOR:jar:file:/Users/sameer.shaik/.m2/repository/org/eclipse/jetty/jetty-webapp/9.4.48.v20220622/jetty-webapp-9.4.48.v20220622.jar!/org/eclipse/jetty/webapp/webdefault.xml]
18:14:46.235 [Executing testAdminWithCredentialsView(org.conjur.jenkins.credentials.ConjurCredentialStoreTest)] DEBUG org.eclipse.jetty.http.pathmap.ServletPathSpec -- Creating ServletPathSpec[*.JSP] (group: SUFFIX_GLOB, prefix: "null", suffix: "JSP")
18:14:46.235 [Executing testAdminWithCredentialsView(org.conjur.jenkins.credentials.ConjurCredentialStoreTest)] DEBUG org.eclipse.jetty.http.pathmap.PathMappings -- Added MappedResource[pathSpec=ServletPathSpec@deae19a8{*.JSP},resource=jsp==org.eclipse.jetty.servlet.NoJspServlet@19c47{jsp=null,order=0,inst=false,async=false,src=DESCRIPTOR:jar:file:/Users/sameer.shaik/.m2/repository/org/eclipse/jetty/jetty-webapp/9.4.48.v20220622/jetty-webapp-9.4.48.v20220622.jar!/org/eclipse/jetty/webapp/webdefault.xml,STOPPED}] to PathMappings[size=5]
18:14:46.235 [Executing testAdminWithCredentialsView(org.conjur.jenkins.credentials.ConjurCredentialStoreTest)] DEBUG org.eclipse.jetty.servlet.ServletHandler -- Path=*.jspf[DESCRIPTOR:jar:file:/Users/sameer.shaik/.m2/repository/org/eclipse/jetty/jetty-webapp/9.4.48.v20220622/jetty-webapp-9.4.48.v20220622.jar!/org/eclipse/jetty/webapp/webdefault.xml] mapped to servlet=jsp[DESCRIPTOR:jar:file:/Users/sameer.shaik/.m2/repository/org/eclipse/jetty/jetty-webapp/9.4.48.v20220622/jetty-webapp-9.4.48.v20220622.jar!/org/eclipse/jetty/webapp/webdefault.xml]
18:14:46.235 [Executing testAdminWithCredentialsView(org.conjur.jenkins.credentials.ConjurCredentialStoreTest)] DEBUG org.eclipse.jetty.http.pathmap.ServletPathSpec -- Creating ServletPathSpec[*.jspf] (group: SUFFIX_GLOB, prefix: "null", suffix: "jspf")
18:14:46.235 [Executing testAdminWithCredentialsView(org.conjur.jenkins.credentials.ConjurCredentialStoreTest)] DEBUG org.eclipse.jetty.http.pathmap.PathMappings -- Added MappedResource[pathSpec=ServletPathSpec@96a7cd89{*.jspf},resource=jsp==org.eclipse.jetty.servlet.NoJspServlet@19c47{jsp=null,order=0,inst=false,async=false,src=DESCRIPTOR:jar:file:/Users/sameer.shaik/.m2/repository/org/eclipse/jetty/jetty-webapp/9.4.48.v20220622/jetty-webapp-9.4.48.v20220622.jar!/org/eclipse/jetty/webapp/webdefault.xml,STOPPED}] to PathMappings[size=6]
18:14:46.236 [Executing testAdminWithCredentialsView(org.conjur.jenkins.credentials.ConjurCredentialStoreTest)] DEBUG org.eclipse.jetty.servlet.ServletHandler -- Path=*.XSP[DESCRIPTOR:jar:file:/Users/sameer.shaik/.m2/repository/org/eclipse/jetty/jetty-webapp/9.4.48.v20220622/jetty-webapp-9.4.48.v20220622.jar!/org/eclipse/jetty/webapp/webdefault.xml] mapped to servlet=jsp[DESCRIPTOR:jar:file:/Users/sameer.shaik/.m2/repository/org/eclipse/jetty/jetty-webapp/9.4.48.v20220622/jetty-webapp-9.4.48.v20220622.jar!/org/eclipse/jetty/webapp/webdefault.xml]
18:14:46.236 [Executing testAdminWithCredentialsView(org.conjur.jenkins.credentials.ConjurCredentialStoreTest)] DEBUG org.eclipse.jetty.http.pathmap.ServletPathSpec -- Creating ServletPathSpec[*.XSP] (group: SUFFIX_GLOB, prefix: "null", suffix: "XSP")
18:14:46.236 [Executing testAdminWithCredentialsView(org.conjur.jenkins.credentials.ConjurCredentialStoreTest)] DEBUG org.eclipse.jetty.http.pathmap.PathMappings -- Added MappedResource[pathSpec=ServletPathSpec@deb476da{*.XSP},resource=jsp==org.eclipse.jetty.servlet.NoJspServlet@19c47{jsp=null,order=0,inst=false,async=false,src=DESCRIPTOR:jar:file:/Users/sameer.shaik/.m2/repository/org/eclipse/jetty/jetty-webapp/9.4.48.v20220622/jetty-webapp-9.4.48.v20220622.jar!/org/eclipse/jetty/webapp/webdefault.xml,STOPPED}] to PathMappings[size=7]
18:14:46.236 [Executing testAdminWithCredentialsView(org.conjur.jenkins.credentials.ConjurCredentialStoreTest)] DEBUG org.eclipse.jetty.servlet.ServletHandler -- Path=*.xsp[DESCRIPTOR:jar:file:/Users/sameer.shaik/.m2/repository/org/eclipse/jetty/jetty-webapp/9.4.48.v20220622/jetty-webapp-9.4.48.v20220622.jar!/org/eclipse/jetty/webapp/webdefault.xml] mapped to servlet=jsp[DESCRIPTOR:jar:file:/Users/sameer.shaik/.m2/repository/org/eclipse/jetty/jetty-webapp/9.4.48.v20220622/jetty-webapp-9.4.48.v20220622.jar!/org/eclipse/jetty/webapp/webdefault.xml]
18:14:46.236 [Executing testAdminWithCredentialsView(org.conjur.jenkins.credentials.ConjurCredentialStoreTest)] DEBUG org.eclipse.jetty.http.pathmap.ServletPathSpec -- Creating ServletPathSpec[*.xsp] (group: SUFFIX_GLOB, prefix: "null", suffix: "xsp")
18:14:46.236 [Executing testAdminWithCredentialsView(org.conjur.jenkins.credentials.ConjurCredentialStoreTest)] DEBUG org.eclipse.jetty.http.pathmap.PathMappings -- Added MappedResource[pathSpec=ServletPathSpec@dec37eba{*.xsp},resource=jsp==org.eclipse.jetty.servlet.NoJspServlet@19c47{jsp=null,order=0,inst=false,async=false,src=DESCRIPTOR:jar:file:/Users/sameer.shaik/.m2/repository/org/eclipse/jetty/jetty-webapp/9.4.48.v20220622/jetty-webapp-9.4.48.v20220622.jar!/org/eclipse/jetty/webapp/webdefault.xml,STOPPED}] to PathMappings[size=8]
18:14:46.236 [Executing testAdminWithCredentialsView(org.conjur.jenkins.credentials.ConjurCredentialStoreTest)] DEBUG org.eclipse.jetty.servlet.ServletHandler -- Path=/*[DESCRIPTOR:file:///Users/sameer.shaik/MyWorkSpace/17OctV2.2.3-New-BitBucketIssueFixed/conjur-credentials-plugin/target/jenkins-for-test/WEB-INF/web.xml] mapped to servlet=Stapler[DESCRIPTOR:file:///Users/sameer.shaik/MyWorkSpace/17OctV2.2.3-New-BitBucketIssueFixed/conjur-credentials-plugin/target/jenkins-for-test/WEB-INF/web.xml]
18:14:46.236 [Executing testAdminWithCredentialsView(org.conjur.jenkins.credentials.ConjurCredentialStoreTest)] DEBUG org.eclipse.jetty.http.pathmap.ServletPathSpec -- Creating ServletPathSpec[/*] (group: PREFIX_GLOB, prefix: "", suffix: "null")
18:14:46.237 [Executing testAdminWithCredentialsView(org.conjur.jenkins.credentials.ConjurCredentialStoreTest)] DEBUG org.eclipse.jetty.http.pathmap.PathMappings -- Added MappedResource[pathSpec=ServletPathSpec@9457a78e{/*},resource=Stapler==org.kohsuke.stapler.Stapler@f222d1a9{jsp=null,order=-1,inst=false,async=true,src=DESCRIPTOR:file:///Users/sameer.shaik/MyWorkSpace/17OctV2.2.3-New-BitBucketIssueFixed/conjur-credentials-plugin/target/jenkins-for-test/WEB-INF/web.xml,STOPPED}] to PathMappings[size=9]
18:14:46.237 [Executing testAdminWithCredentialsView(org.conjur.jenkins.credentials.ConjurCredentialStoreTest)] DEBUG org.eclipse.jetty.servlet.ServletHandler -- Path=/[DESCRIPTOR:jar:file:/Users/sameer.shaik/.m2/repository/org/eclipse/jetty/jetty-webapp/9.4.48.v20220622/jetty-webapp-9.4.48.v20220622.jar!/org/eclipse/jetty/webapp/webdefault.xml] mapped to servlet=default[DESCRIPTOR:jar:file:/Users/sameer.shaik/.m2/repository/org/eclipse/jetty/jetty-webapp/9.4.48.v20220622/jetty-webapp-9.4.48.v20220622.jar!/org/eclipse/jetty/webapp/webdefault.xml]
18:14:46.237 [Executing testAdminWithCredentialsView(org.conjur.jenkins.credentials.ConjurCredentialStoreTest)] DEBUG org.eclipse.jetty.http.pathmap.PathMappings -- Added MappedResource[pathSpec=ServletPathSpec@9457dcb7{/},resource=default==org.eclipse.jetty.servlet.DefaultServlet@5c13d641{jsp=null,order=0,inst=false,async=false,src=DESCRIPTOR:jar:file:/Users/sameer.shaik/.m2/repository/org/eclipse/jetty/jetty-webapp/9.4.48.v20220622/jetty-webapp-9.4.48.v20220622.jar!/org/eclipse/jetty/webapp/webdefault.xml,STOPPED}] to PathMappings[size=10]
18:14:46.237 [Executing testAdminWithCredentialsView(org.conjur.jenkins.credentials.ConjurCredentialStoreTest)] DEBUG org.eclipse.jetty.servlet.ServletHandler -- filterNameMap={csrf-filter=csrf-filter==hudson.security.csrf.CrumbFilter@eb55675{inst=false,async=true,src=DESCRIPTOR:file:///Users/sameer.shaik/MyWorkSpace/17OctV2.2.3-New-BitBucketIssueFixed/conjur-credentials-plugin/target/jenkins-for-test/WEB-INF/web.xml}, encoding-filter=encoding-filter==hudson.util.CharacterEncodingFilter@2f3f7730{inst=false,async=true,src=DESCRIPTOR:file:///Users/sameer.shaik/MyWorkSpace/17OctV2.2.3-New-BitBucketIssueFixed/conjur-credentials-plugin/target/jenkins-for-test/WEB-INF/web.xml}, diagnostic-name-filter=diagnostic-name-filter==org.kohsuke.stapler.DiagnosticThreadNameFilter@6679eb5f{inst=false,async=true,src=DESCRIPTOR:file:///Users/sameer.shaik/MyWorkSpace/17OctV2.2.3-New-BitBucketIssueFixed/conjur-credentials-plugin/target/jenkins-for-test/WEB-INF/web.xml}, compression-filter=compression-filter==org.kohsuke.stapler.compression.CompressionFilter@3aca130f{inst=false,async=true,src=DESCRIPTOR:file:///Users/sameer.shaik/MyWorkSpace/17OctV2.2.3-New-BitBucketIssueFixed/conjur-credentials-plugin/target/jenkins-for-test/WEB-INF/web.xml}, plugins-filter=plugins-filter==hudson.util.PluginServletFilter@5ae73664{inst=false,async=true,src=DESCRIPTOR:file:///Users/sameer.shaik/MyWorkSpace/17OctV2.2.3-New-BitBucketIssueFixed/conjur-credentials-plugin/target/jenkins-for-test/WEB-INF/web.xml}, authentication-filter=authentication-filter==hudson.security.HudsonFilter@273f62de{inst=false,async=true,src=DESCRIPTOR:file:///Users/sameer.shaik/MyWorkSpace/17OctV2.2.3-New-BitBucketIssueFixed/conjur-credentials-plugin/target/jenkins-for-test/WEB-INF/web.xml}, suspicious-request-filter=suspicious-request-filter==jenkins.security.SuspiciousRequestFilter@7c9c3e86{inst=false,async=true,src=DESCRIPTOR:file:///Users/sameer.shaik/MyWorkSpace/17OctV2.2.3-New-BitBucketIssueFixed/conjur-credentials-plugin/target/jenkins-for-test/WEB-INF/web.xml}}
18:14:46.238 [Executing testAdminWithCredentialsView(org.conjur.jenkins.credentials.ConjurCredentialStoreTest)] DEBUG org.eclipse.jetty.servlet.ServletHandler -- pathFilters=[[/*]/[]/[REQUEST, ASYNC]=>plugins-filter, [/*]/[]/[REQUEST, ASYNC]=>csrf-filter, [/*]/[]/[REQUEST, ASYNC]=>authentication-filter, [/*]/[]/[REQUEST, ASYNC]=>compression-filter, [/*]/[]/[REQUEST, ASYNC]=>encoding-filter, [/*]/[]/[REQUEST, ASYNC]=>diagnostic-name-filter, [/*]/[]/[REQUEST, ASYNC]=>suspicious-request-filter]
18:14:46.238 [Executing testAdminWithCredentialsView(org.conjur.jenkins.credentials.ConjurCredentialStoreTest)] DEBUG org.eclipse.jetty.servlet.ServletHandler -- servletFilterMap={}
18:14:46.238 [Executing testAdminWithCredentialsView(org.conjur.jenkins.credentials.ConjurCredentialStoreTest)] DEBUG org.eclipse.jetty.servlet.ServletHandler -- servletPathMap=PathMappings[size=10]
18:14:46.238 [Executing testAdminWithCredentialsView(org.conjur.jenkins.credentials.ConjurCredentialStoreTest)] DEBUG org.eclipse.jetty.servlet.ServletHandler -- servletNameMap={default=default==org.eclipse.jetty.servlet.DefaultServlet@5c13d641{jsp=null,order=0,inst=false,async=false,src=DESCRIPTOR:jar:file:/Users/sameer.shaik/.m2/repository/org/eclipse/jetty/jetty-webapp/9.4.48.v20220622/jetty-webapp-9.4.48.v20220622.jar!/org/eclipse/jetty/webapp/webdefault.xml,STOPPED}, jsp=jsp==org.eclipse.jetty.servlet.NoJspServlet@19c47{jsp=null,order=0,inst=false,async=false,src=DESCRIPTOR:jar:file:/Users/sameer.shaik/.m2/repository/org/eclipse/jetty/jetty-webapp/9.4.48.v20220622/jetty-webapp-9.4.48.v20220622.jar!/org/eclipse/jetty/webapp/webdefault.xml,STOPPED}, Stapler=Stapler==org.kohsuke.stapler.Stapler@f222d1a9{jsp=null,order=-1,inst=false,async=true,src=DESCRIPTOR:file:///Users/sameer.shaik/MyWorkSpace/17OctV2.2.3-New-BitBucketIssueFixed/conjur-credentials-plugin/target/jenkins-for-test/WEB-INF/web.xml,STOPPED}}
18:14:46.239 [Executing testAdminWithCredentialsView(org.conjur.jenkins.credentials.ConjurCredentialStoreTest)] DEBUG org.eclipse.jetty.server.handler.AbstractHandler -- starting ServletHandler@627e32bc{STARTING}
18:14:46.239 [Executing testAdminWithCredentialsView(org.conjur.jenkins.credentials.ConjurCredentialStoreTest)] DEBUG org.eclipse.jetty.util.component.AbstractLifeCycle -- STARTED @13343ms ServletHandler@627e32bc{STARTED}
18:14:46.239 [Executing testAdminWithCredentialsView(org.conjur.jenkins.credentials.ConjurCredentialStoreTest)] DEBUG org.eclipse.jetty.util.component.AbstractLifeCycle -- starting HashLoginService@50617d49[default]
18:14:46.239 [Executing testAdminWithCredentialsView(org.conjur.jenkins.credentials.ConjurCredentialStoreTest)] DEBUG org.eclipse.jetty.util.component.AbstractLifeCycle -- starting UserStore@72033e33{STOPPED}
18:14:46.239 [Executing testAdminWithCredentialsView(org.conjur.jenkins.credentials.ConjurCredentialStoreTest)] DEBUG org.eclipse.jetty.util.component.AbstractLifeCycle -- STARTED @13343ms UserStore@72033e33{STARTED}
18:14:46.239 [Executing testAdminWithCredentialsView(org.conjur.jenkins.credentials.ConjurCredentialStoreTest)] DEBUG org.eclipse.jetty.util.component.AbstractLifeCycle -- STARTED @13343ms HashLoginService@50617d49[default]
18:14:46.239 [Executing testAdminWithCredentialsView(org.conjur.jenkins.credentials.ConjurCredentialStoreTest)] DEBUG org.eclipse.jetty.util.component.AbstractLifeCycle -- STARTED @13343ms ConstraintSecurityHandler@7c126c57{STARTED}
18:14:46.239 [Executing testAdminWithCredentialsView(org.conjur.jenkins.credentials.ConjurCredentialStoreTest)] DEBUG org.eclipse.jetty.util.component.AbstractLifeCycle -- starting org.eclipse.jetty.server.session.DefaultSessionCache@6caaa91b[evict=-1,removeUnloadable=false,saveOnCreate=false,saveOnInactiveEvict=false]
18:14:46.239 [Executing testAdminWithCredentialsView(org.conjur.jenkins.credentials.ConjurCredentialStoreTest)] DEBUG org.eclipse.jetty.util.component.AbstractLifeCycle -- starting org.eclipse.jetty.server.session.NullSessionDataStore@48885c05[passivating=false,graceSec=3600]
18:14:46.239 [Executing testAdminWithCredentialsView(org.conjur.jenkins.credentials.ConjurCredentialStoreTest)] DEBUG org.eclipse.jetty.util.component.AbstractLifeCycle -- STARTED @13343ms org.eclipse.jetty.server.session.NullSessionDataStore@48885c05[passivating=false,graceSec=3600]
18:14:46.239 [Executing testAdminWithCredentialsView(org.conjur.jenkins.credentials.ConjurCredentialStoreTest)] DEBUG org.eclipse.jetty.util.component.AbstractLifeCycle -- STARTED @13343ms org.eclipse.jetty.server.session.DefaultSessionCache@6caaa91b[evict=-1,removeUnloadable=false,saveOnCreate=false,saveOnInactiveEvict=false]
18:14:46.240 [Executing testAdminWithCredentialsView(org.conjur.jenkins.credentials.ConjurCredentialStoreTest)] DEBUG org.eclipse.jetty.util.component.AbstractLifeCycle -- STARTED @13343ms org.eclipse.jetty.server.session.SessionHandler561831677==dftMaxIdleSec=1800
18:14:46.240 [Executing testAdminWithCredentialsView(org.conjur.jenkins.credentials.ConjurCredentialStoreTest)] DEBUG org.eclipse.jetty.util.component.AbstractLifeCycle -- starting ErrorPageErrorHandler@25328338{STOPPED}
18:14:46.240 [Executing testAdminWithCredentialsView(org.conjur.jenkins.credentials.ConjurCredentialStoreTest)] DEBUG org.eclipse.jetty.server.handler.AbstractHandler -- starting ErrorPageErrorHandler@25328338{STARTING}
18:14:46.240 [Executing testAdminWithCredentialsView(org.conjur.jenkins.credentials.ConjurCredentialStoreTest)] DEBUG org.eclipse.jetty.util.component.AbstractLifeCycle -- STARTED @13344ms ErrorPageErrorHandler@25328338{STARTED}
18:14:46.240 [Executing testAdminWithCredentialsView(org.conjur.jenkins.credentials.ConjurCredentialStoreTest)] DEBUG org.eclipse.jetty.util.component.AbstractLifeCycle -- starting NoListenerConfiguration@4aad331d{STOPPED}
18:14:46.240 [Executing testAdminWithCredentialsView(org.conjur.jenkins.credentials.ConjurCredentialStoreTest)] DEBUG org.eclipse.jetty.util.component.AbstractLifeCycle -- STARTED @13344ms NoListenerConfiguration@4aad331d{STARTED}
18:14:46.240 [Executing testAdminWithCredentialsView(org.conjur.jenkins.credentials.ConjurCredentialStoreTest)] DEBUG org.eclipse.jetty.server.handler.ContextHandler -- contextInitialized: javax.servlet.ServletContextEvent[source=ServletContext@o.e.j.w.WebAppContext@11b8500{Jenkins v2.346.3,/jenkins,file:///Users/sameer.shaik/MyWorkSpace/17OctV2.2.3-New-BitBucketIssueFixed/conjur-credentials-plugin/target/jenkins-for-test/,STARTING}{/Users/sameer.shaik/MyWorkSpace/17OctV2.2.3-New-BitBucketIssueFixed/conjur-credentials-plugin/target/jenkins-for-test}]->org.eclipse.jetty.servlet.listener.ELContextCleaner@19324088
18:14:46.240 [Executing testAdminWithCredentialsView(org.conjur.jenkins.credentials.ConjurCredentialStoreTest)] DEBUG org.eclipse.jetty.server.handler.ContextHandler -- contextInitialized: javax.servlet.ServletContextEvent[source=ServletContext@o.e.j.w.WebAppContext@11b8500{Jenkins v2.346.3,/jenkins,file:///Users/sameer.shaik/MyWorkSpace/17OctV2.2.3-New-BitBucketIssueFixed/conjur-credentials-plugin/target/jenkins-for-test/,STARTING}{/Users/sameer.shaik/MyWorkSpace/17OctV2.2.3-New-BitBucketIssueFixed/conjur-credentials-plugin/target/jenkins-for-test}]->org.eclipse.jetty.servlet.listener.IntrospectorCleaner@6d270af8
18:14:46.240 [Executing testAdminWithCredentialsView(org.conjur.jenkins.credentials.ConjurCredentialStoreTest)] DEBUG org.eclipse.jetty.server.handler.ContextHandler -- contextInitialized: javax.servlet.ServletContextEvent[source=ServletContext@o.e.j.w.WebAppContext@11b8500{Jenkins v2.346.3,/jenkins,file:///Users/sameer.shaik/MyWorkSpace/17OctV2.2.3-New-BitBucketIssueFixed/conjur-credentials-plugin/target/jenkins-for-test/,STARTING}{/Users/sameer.shaik/MyWorkSpace/17OctV2.2.3-New-BitBucketIssueFixed/conjur-credentials-plugin/target/jenkins-for-test}]->jenkins.util.SystemProperties$Listener@6a66b154
18:14:46.241 [Executing testAdminWithCredentialsView(org.conjur.jenkins.credentials.ConjurCredentialStoreTest)] DEBUG org.eclipse.jetty.util.component.AbstractLifeCycle -- starting suspicious-request-filter==jenkins.security.SuspiciousRequestFilter@7c9c3e86{inst=false,async=true,src=DESCRIPTOR:file:///Users/sameer.shaik/MyWorkSpace/17OctV2.2.3-New-BitBucketIssueFixed/conjur-credentials-plugin/target/jenkins-for-test/WEB-INF/web.xml}
18:14:46.241 [Executing testAdminWithCredentialsView(org.conjur.jenkins.credentials.ConjurCredentialStoreTest)] DEBUG org.eclipse.jetty.servlet.BaseHolder -- Holding class jenkins.security.SuspiciousRequestFilter from jdk.internal.loader.ClassLoaders$AppClassLoader@5ffd2b27
18:14:46.241 [Executing testAdminWithCredentialsView(org.conjur.jenkins.credentials.ConjurCredentialStoreTest)] DEBUG org.eclipse.jetty.util.component.AbstractLifeCycle -- STARTED @13345ms suspicious-request-filter==jenkins.security.SuspiciousRequestFilter@7c9c3e86{inst=false,async=true,src=DESCRIPTOR:file:///Users/sameer.shaik/MyWorkSpace/17OctV2.2.3-New-BitBucketIssueFixed/conjur-credentials-plugin/target/jenkins-for-test/WEB-INF/web.xml}
18:14:46.241 [Executing testAdminWithCredentialsView(org.conjur.jenkins.credentials.ConjurCredentialStoreTest)] DEBUG org.eclipse.jetty.servlet.FilterHolder -- Filter.init jenkins.security.SuspiciousRequestFilter@48f87dc1
18:14:46.241 [Executing testAdminWithCredentialsView(org.conjur.jenkins.credentials.ConjurCredentialStoreTest)] DEBUG org.eclipse.jetty.util.component.AbstractLifeCycle -- starting diagnostic-name-filter==org.kohsuke.stapler.DiagnosticThreadNameFilter@6679eb5f{inst=false,async=true,src=DESCRIPTOR:file:///Users/sameer.shaik/MyWorkSpace/17OctV2.2.3-New-BitBucketIssueFixed/conjur-credentials-plugin/target/jenkins-for-test/WEB-INF/web.xml}
18:14:46.241 [Executing testAdminWithCredentialsView(org.conjur.jenkins.credentials.ConjurCredentialStoreTest)] DEBUG org.eclipse.jetty.servlet.BaseHolder -- Holding class org.kohsuke.stapler.DiagnosticThreadNameFilter from jdk.internal.loader.ClassLoaders$AppClassLoader@5ffd2b27
18:14:46.241 [Executing testAdminWithCredentialsView(org.conjur.jenkins.credentials.ConjurCredentialStoreTest)] DEBUG org.eclipse.jetty.util.component.AbstractLifeCycle -- STARTED @13345ms diagnostic-name-filter==org.kohsuke.stapler.DiagnosticThreadNameFilter@6679eb5f{inst=false,async=true,src=DESCRIPTOR:file:///Users/sameer.shaik/MyWorkSpace/17OctV2.2.3-New-BitBucketIssueFixed/conjur-credentials-plugin/target/jenkins-for-test/WEB-INF/web.xml}
18:14:46.241 [Executing testAdminWithCredentialsView(org.conjur.jenkins.credentials.ConjurCredentialStoreTest)] DEBUG org.eclipse.jetty.servlet.FilterHolder -- Filter.init org.kohsuke.stapler.DiagnosticThreadNameFilter@43c55256
18:14:46.241 [Executing testAdminWithCredentialsView(org.conjur.jenkins.credentials.ConjurCredentialStoreTest)] DEBUG org.eclipse.jetty.util.component.AbstractLifeCycle -- starting encoding-filter==hudson.util.CharacterEncodingFilter@2f3f7730{inst=false,async=true,src=DESCRIPTOR:file:///Users/sameer.shaik/MyWorkSpace/17OctV2.2.3-New-BitBucketIssueFixed/conjur-credentials-plugin/target/jenkins-for-test/WEB-INF/web.xml}
18:14:46.242 [Executing testAdminWithCredentialsView(org.conjur.jenkins.credentials.ConjurCredentialStoreTest)] DEBUG org.eclipse.jetty.servlet.BaseHolder -- Holding class hudson.util.CharacterEncodingFilter from jdk.internal.loader.ClassLoaders$AppClassLoader@5ffd2b27
18:14:46.242 [Executing testAdminWithCredentialsView(org.conjur.jenkins.credentials.ConjurCredentialStoreTest)] DEBUG org.eclipse.jetty.util.component.AbstractLifeCycle -- STARTED @13346ms encoding-filter==hudson.util.CharacterEncodingFilter@2f3f7730{inst=false,async=true,src=DESCRIPTOR:file:///Users/sameer.shaik/MyWorkSpace/17OctV2.2.3-New-BitBucketIssueFixed/conjur-credentials-plugin/target/jenkins-for-test/WEB-INF/web.xml}
18:14:46.242 [Executing testAdminWithCredentialsView(org.conjur.jenkins.credentials.ConjurCredentialStoreTest)] DEBUG org.eclipse.jetty.servlet.FilterHolder -- Filter.init hudson.util.CharacterEncodingFilter@1660f01c
18:14:46.242 [Executing testAdminWithCredentialsView(org.conjur.jenkins.credentials.ConjurCredentialStoreTest)] DEBUG org.eclipse.jetty.util.component.AbstractLifeCycle -- starting compression-filter==org.kohsuke.stapler.compression.CompressionFilter@3aca130f{inst=false,async=true,src=DESCRIPTOR:file:///Users/sameer.shaik/MyWorkSpace/17OctV2.2.3-New-BitBucketIssueFixed/conjur-credentials-plugin/target/jenkins-for-test/WEB-INF/web.xml}
18:14:46.242 [Executing testAdminWithCredentialsView(org.conjur.jenkins.credentials.ConjurCredentialStoreTest)] DEBUG org.eclipse.jetty.servlet.BaseHolder -- Holding class org.kohsuke.stapler.compression.CompressionFilter from jdk.internal.loader.ClassLoaders$AppClassLoader@5ffd2b27
18:14:46.242 [Executing testAdminWithCredentialsView(org.conjur.jenkins.credentials.ConjurCredentialStoreTest)] DEBUG org.eclipse.jetty.util.component.AbstractLifeCycle -- STARTED @13346ms compression-filter==org.kohsuke.stapler.compression.CompressionFilter@3aca130f{inst=false,async=true,src=DESCRIPTOR:file:///Users/sameer.shaik/MyWorkSpace/17OctV2.2.3-New-BitBucketIssueFixed/conjur-credentials-plugin/target/jenkins-for-test/WEB-INF/web.xml}
18:14:46.242 [Executing testAdminWithCredentialsView(org.conjur.jenkins.credentials.ConjurCredentialStoreTest)] DEBUG org.eclipse.jetty.servlet.FilterHolder -- Filter.init org.kohsuke.stapler.compression.CompressionFilter@49d30f95
18:14:46.242 [Executing testAdminWithCredentialsView(org.conjur.jenkins.credentials.ConjurCredentialStoreTest)] DEBUG org.eclipse.jetty.util.component.AbstractLifeCycle -- starting authentication-filter==hudson.security.HudsonFilter@273f62de{inst=false,async=true,src=DESCRIPTOR:file:///Users/sameer.shaik/MyWorkSpace/17OctV2.2.3-New-BitBucketIssueFixed/conjur-credentials-plugin/target/jenkins-for-test/WEB-INF/web.xml}
18:14:46.242 [Executing testAdminWithCredentialsView(org.conjur.jenkins.credentials.ConjurCredentialStoreTest)] DEBUG org.eclipse.jetty.servlet.BaseHolder -- Holding class hudson.security.HudsonFilter from jdk.internal.loader.ClassLoaders$AppClassLoader@5ffd2b27
18:14:46.242 [Executing testAdminWithCredentialsView(org.conjur.jenkins.credentials.ConjurCredentialStoreTest)] DEBUG org.eclipse.jetty.util.component.AbstractLifeCycle -- STARTED @13346ms authentication-filter==hudson.security.HudsonFilter@273f62de{inst=false,async=true,src=DESCRIPTOR:file:///Users/sameer.shaik/MyWorkSpace/17OctV2.2.3-New-BitBucketIssueFixed/conjur-credentials-plugin/target/jenkins-for-test/WEB-INF/web.xml}
18:14:46.243 [Executing testAdminWithCredentialsView(org.conjur.jenkins.credentials.ConjurCredentialStoreTest)] DEBUG org.eclipse.jetty.servlet.FilterHolder -- Filter.init hudson.security.HudsonFilter@42ce651b
18:14:46.243 [Executing testAdminWithCredentialsView(org.conjur.jenkins.credentials.ConjurCredentialStoreTest)] DEBUG org.eclipse.jetty.util.component.AbstractLifeCycle -- starting csrf-filter==hudson.security.csrf.CrumbFilter@eb55675{inst=false,async=true,src=DESCRIPTOR:file:///Users/sameer.shaik/MyWorkSpace/17OctV2.2.3-New-BitBucketIssueFixed/conjur-credentials-plugin/target/jenkins-for-test/WEB-INF/web.xml}
18:14:46.243 [Executing testAdminWithCredentialsView(org.conjur.jenkins.credentials.ConjurCredentialStoreTest)] DEBUG org.eclipse.jetty.servlet.BaseHolder -- Holding class hudson.security.csrf.CrumbFilter from jdk.internal.loader.ClassLoaders$AppClassLoader@5ffd2b27
18:14:46.243 [Executing testAdminWithCredentialsView(org.conjur.jenkins.credentials.ConjurCredentialStoreTest)] DEBUG org.eclipse.jetty.util.component.AbstractLifeCycle -- STARTED @13347ms csrf-filter==hudson.security.csrf.CrumbFilter@eb55675{inst=false,async=true,src=DESCRIPTOR:file:///Users/sameer.shaik/MyWorkSpace/17OctV2.2.3-New-BitBucketIssueFixed/conjur-credentials-plugin/target/jenkins-for-test/WEB-INF/web.xml}
18:14:46.243 [Executing testAdminWithCredentialsView(org.conjur.jenkins.credentials.ConjurCredentialStoreTest)] DEBUG org.eclipse.jetty.servlet.FilterHolder -- Filter.init hudson.security.csrf.CrumbFilter@2b70d8f6
18:14:46.243 [Executing testAdminWithCredentialsView(org.conjur.jenkins.credentials.ConjurCredentialStoreTest)] DEBUG org.eclipse.jetty.util.component.AbstractLifeCycle -- starting plugins-filter==hudson.util.PluginServletFilter@5ae73664{inst=false,async=true,src=DESCRIPTOR:file:///Users/sameer.shaik/MyWorkSpace/17OctV2.2.3-New-BitBucketIssueFixed/conjur-credentials-plugin/target/jenkins-for-test/WEB-INF/web.xml}
18:14:46.243 [Executing testAdminWithCredentialsView(org.conjur.jenkins.credentials.ConjurCredentialStoreTest)] DEBUG org.eclipse.jetty.servlet.BaseHolder -- Holding class hudson.util.PluginServletFilter from jdk.internal.loader.ClassLoaders$AppClassLoader@5ffd2b27
18:14:46.243 [Executing testAdminWithCredentialsView(org.conjur.jenkins.credentials.ConjurCredentialStoreTest)] DEBUG org.eclipse.jetty.util.component.AbstractLifeCycle -- STARTED @13347ms plugins-filter==hudson.util.PluginServletFilter@5ae73664{inst=false,async=true,src=DESCRIPTOR:file:///Users/sameer.shaik/MyWorkSpace/17OctV2.2.3-New-BitBucketIssueFixed/conjur-credentials-plugin/target/jenkins-for-test/WEB-INF/web.xml}
18:14:46.243 [Executing testAdminWithCredentialsView(org.conjur.jenkins.credentials.ConjurCredentialStoreTest)] DEBUG org.eclipse.jetty.servlet.FilterHolder -- Filter.init hudson.util.PluginServletFilter@3a813d94
18:14:46.244 [Executing testAdminWithCredentialsView(org.conjur.jenkins.credentials.ConjurCredentialStoreTest)] DEBUG org.eclipse.jetty.util.component.AbstractLifeCycle -- starting Stapler==org.kohsuke.stapler.Stapler@f222d1a9{jsp=null,order=-1,inst=false,async=true,src=DESCRIPTOR:file:///Users/sameer.shaik/MyWorkSpace/17OctV2.2.3-New-BitBucketIssueFixed/conjur-credentials-plugin/target/jenkins-for-test/WEB-INF/web.xml,STOPPED}
18:14:46.244 [Executing testAdminWithCredentialsView(org.conjur.jenkins.credentials.ConjurCredentialStoreTest)] DEBUG org.eclipse.jetty.servlet.BaseHolder -- Holding class org.kohsuke.stapler.Stapler from jdk.internal.loader.ClassLoaders$AppClassLoader@5ffd2b27
18:14:46.244 [Executing testAdminWithCredentialsView(org.conjur.jenkins.credentials.ConjurCredentialStoreTest)] DEBUG org.eclipse.jetty.util.component.AbstractLifeCycle -- STARTED @13348ms Stapler==org.kohsuke.stapler.Stapler@f222d1a9{jsp=null,order=-1,inst=false,async=true,src=DESCRIPTOR:file:///Users/sameer.shaik/MyWorkSpace/17OctV2.2.3-New-BitBucketIssueFixed/conjur-credentials-plugin/target/jenkins-for-test/WEB-INF/web.xml,STARTED}
18:14:46.244 [Executing testAdminWithCredentialsView(org.conjur.jenkins.credentials.ConjurCredentialStoreTest)] DEBUG org.eclipse.jetty.util.component.AbstractLifeCycle -- starting default==org.eclipse.jetty.servlet.DefaultServlet@5c13d641{jsp=null,order=0,inst=false,async=false,src=DESCRIPTOR:jar:file:/Users/sameer.shaik/.m2/repository/org/eclipse/jetty/jetty-webapp/9.4.48.v20220622/jetty-webapp-9.4.48.v20220622.jar!/org/eclipse/jetty/webapp/webdefault.xml,STOPPED}
18:14:46.244 [Executing testAdminWithCredentialsView(org.conjur.jenkins.credentials.ConjurCredentialStoreTest)] DEBUG org.eclipse.jetty.servlet.BaseHolder -- Holding class org.eclipse.jetty.servlet.DefaultServlet from jdk.internal.loader.ClassLoaders$AppClassLoader@5ffd2b27
18:14:46.244 [Executing testAdminWithCredentialsView(org.conjur.jenkins.credentials.ConjurCredentialStoreTest)] DEBUG org.eclipse.jetty.util.component.AbstractLifeCycle -- STARTED @13348ms default==org.eclipse.jetty.servlet.DefaultServlet@5c13d641{jsp=null,order=0,inst=false,async=false,src=DESCRIPTOR:jar:file:/Users/sameer.shaik/.m2/repository/org/eclipse/jetty/jetty-webapp/9.4.48.v20220622/jetty-webapp-9.4.48.v20220622.jar!/org/eclipse/jetty/webapp/webdefault.xml,STARTED}
18:14:46.244 [Executing testAdminWithCredentialsView(org.conjur.jenkins.credentials.ConjurCredentialStoreTest)] DEBUG org.eclipse.jetty.servlet.ServletHolder -- Servlet.init null for default
18:14:46.245 [Executing testAdminWithCredentialsView(org.conjur.jenkins.credentials.ConjurCredentialStoreTest)] DEBUG org.eclipse.jetty.servlet.DefaultServlet -- resource base = null
18:14:46.245 [Executing testAdminWithCredentialsView(org.conjur.jenkins.credentials.ConjurCredentialStoreTest)] DEBUG org.eclipse.jetty.util.component.AbstractLifeCycle -- starting jsp==org.eclipse.jetty.servlet.NoJspServlet@19c47{jsp=null,order=0,inst=false,async=false,src=DESCRIPTOR:jar:file:/Users/sameer.shaik/.m2/repository/org/eclipse/jetty/jetty-webapp/9.4.48.v20220622/jetty-webapp-9.4.48.v20220622.jar!/org/eclipse/jetty/webapp/webdefault.xml,STOPPED}
18:14:46.245 [Executing testAdminWithCredentialsView(org.conjur.jenkins.credentials.ConjurCredentialStoreTest)] DEBUG org.eclipse.jetty.servlet.BaseHolder -- Holding class org.eclipse.jetty.servlet.NoJspServlet from jdk.internal.loader.ClassLoaders$AppClassLoader@5ffd2b27
18:14:46.245 [Executing testAdminWithCredentialsView(org.conjur.jenkins.credentials.ConjurCredentialStoreTest)] DEBUG org.eclipse.jetty.util.component.AbstractLifeCycle -- STARTED @13349ms jsp==org.eclipse.jetty.servlet.NoJspServlet@19c47{jsp=null,order=0,inst=false,async=false,src=DESCRIPTOR:jar:file:/Users/sameer.shaik/.m2/repository/org/eclipse/jetty/jetty-webapp/9.4.48.v20220622/jetty-webapp-9.4.48.v20220622.jar!/org/eclipse/jetty/webapp/webdefault.xml,STARTED}
18:14:46.245 [Executing testAdminWithCredentialsView(org.conjur.jenkins.credentials.ConjurCredentialStoreTest)] DEBUG org.eclipse.jetty.servlet.ServletHolder -- Servlet.init null for jsp
18:14:46.245 [Executing testAdminWithCredentialsView(org.conjur.jenkins.credentials.ConjurCredentialStoreTest)] INFO org.eclipse.jetty.server.handler.ContextHandler -- Started o.e.j.w.WebAppContext@11b8500{Jenkins v2.346.3,/jenkins,file:///Users/sameer.shaik/MyWorkSpace/17OctV2.2.3-New-BitBucketIssueFixed/conjur-credentials-plugin/target/jenkins-for-test/,AVAILABLE}{/Users/sameer.shaik/MyWorkSpace/17OctV2.2.3-New-BitBucketIssueFixed/conjur-credentials-plugin/target/jenkins-for-test}
18:14:46.246 [Executing testAdminWithCredentialsView(org.conjur.jenkins.credentials.ConjurCredentialStoreTest)] DEBUG org.eclipse.jetty.webapp.WebAppContext -- postConfigure o.e.j.w.WebAppContext@11b8500{Jenkins v2.346.3,/jenkins,file:///Users/sameer.shaik/MyWorkSpace/17OctV2.2.3-New-BitBucketIssueFixed/conjur-credentials-plugin/target/jenkins-for-test/,AVAILABLE}{/Users/sameer.shaik/MyWorkSpace/17OctV2.2.3-New-BitBucketIssueFixed/conjur-credentials-plugin/target/jenkins-for-test} with org.eclipse.jetty.webapp.WebXmlConfiguration@3b0cb92d
18:14:46.246 [Executing testAdminWithCredentialsView(org.conjur.jenkins.credentials.ConjurCredentialStoreTest)] DEBUG org.eclipse.jetty.util.component.AbstractLifeCycle -- STARTED @13350ms o.e.j.w.WebAppContext@11b8500{Jenkins v2.346.3,/jenkins,file:///Users/sameer.shaik/MyWorkSpace/17OctV2.2.3-New-BitBucketIssueFixed/conjur-credentials-plugin/target/jenkins-for-test/,AVAILABLE}{/Users/sameer.shaik/MyWorkSpace/17OctV2.2.3-New-BitBucketIssueFixed/conjur-credentials-plugin/target/jenkins-for-test}
18:14:46.246 [Executing testAdminWithCredentialsView(org.conjur.jenkins.credentials.ConjurCredentialStoreTest)] DEBUG org.eclipse.jetty.util.component.AbstractLifeCycle -- starting ErrorHandler@deda0df{STOPPED}
18:14:46.246 [Executing testAdminWithCredentialsView(org.conjur.jenkins.credentials.ConjurCredentialStoreTest)] DEBUG org.eclipse.jetty.server.handler.AbstractHandler -- starting ErrorHandler@deda0df{STARTING}
18:14:46.246 [Executing testAdminWithCredentialsView(org.conjur.jenkins.credentials.ConjurCredentialStoreTest)] DEBUG org.eclipse.jetty.util.component.AbstractLifeCycle -- STARTED @13350ms ErrorHandler@deda0df{STARTED}
18:14:46.246 [Executing testAdminWithCredentialsView(org.conjur.jenkins.credentials.ConjurCredentialStoreTest)] DEBUG org.eclipse.jetty.util.component.AbstractLifeCycle -- starting ServerConnector@127c7906{HTTP/1.1, (http/1.1)}{localhost:0}
18:14:46.247 [Executing testAdminWithCredentialsView(org.conjur.jenkins.credentials.ConjurCredentialStoreTest)] DEBUG org.eclipse.jetty.util.component.ContainerLifeCycle -- ServerConnector@127c7906{HTTP/1.1, (http/1.1)}{localhost:51446} added {sun.nio.ch.ServerSocketChannelImpl[/127.0.0.1:51446],POJO}
18:14:46.247 [Executing testAdminWithCredentialsView(org.conjur.jenkins.credentials.ConjurCredentialStoreTest)] DEBUG org.eclipse.jetty.util.component.AbstractLifeCycle -- starting ScheduledExecutorScheduler@2b906617{STOPPED}
18:14:46.247 [Executing testAdminWithCredentialsView(org.conjur.jenkins.credentials.ConjurCredentialStoreTest)] DEBUG org.eclipse.jetty.util.component.AbstractLifeCycle -- STARTED @13351ms ScheduledExecutorScheduler@2b906617{STARTED}
18:14:46.247 [Executing testAdminWithCredentialsView(org.conjur.jenkins.credentials.ConjurCredentialStoreTest)] DEBUG org.eclipse.jetty.util.component.AbstractLifeCycle -- starting HttpConnectionFactory@15ba03af[HTTP/1.1]
18:14:46.247 [Executing testAdminWithCredentialsView(org.conjur.jenkins.credentials.ConjurCredentialStoreTest)] DEBUG org.eclipse.jetty.util.component.AbstractLifeCycle -- STARTED @13351ms HttpConnectionFactory@15ba03af[HTTP/1.1]
18:14:46.247 [Executing testAdminWithCredentialsView(org.conjur.jenkins.credentials.ConjurCredentialStoreTest)] DEBUG org.eclipse.jetty.util.component.AbstractLifeCycle -- starting SelectorManager@ServerConnector@127c7906{HTTP/1.1, (http/1.1)}{localhost:51446}
18:14:46.247 [Executing testAdminWithCredentialsView(org.conjur.jenkins.credentials.ConjurCredentialStoreTest)] DEBUG org.eclipse.jetty.util.component.ContainerLifeCycle -- EatWhatYouKill@77b2a0f4/SelectorProducer@446c5e0b/IDLE/p=false/QueuedThreadPool[Jetty (JenkinsRule)]@6e2b89{STARTED,8<=8<=200,i=8,r=-1,q=0}[ReservedThreadExecutor@7c284c2d{reserved=0/16,pending=0}][pc=0,pic=0,pec=0,epc=0]@2024-10-22T18:14:46.247815+05:30 added {SelectorProducer@446c5e0b,POJO}
18:14:46.248 [Executing testAdminWithCredentialsView(org.conjur.jenkins.credentials.ConjurCredentialStoreTest)] DEBUG org.eclipse.jetty.util.component.ContainerLifeCycle -- EatWhatYouKill@77b2a0f4/SelectorProducer@446c5e0b/IDLE/p=false/QueuedThreadPool[Jetty (JenkinsRule)]@6e2b89{STARTED,8<=8<=200,i=8,r=-1,q=0}[ReservedThreadExecutor@7c284c2d{reserved=0/16,pending=0}][pc=0,pic=0,pec=0,epc=0]@2024-10-22T18:14:46.248054+05:30 added {QueuedThreadPool[Jetty (JenkinsRule)]@6e2b89{STARTED,8<=8<=200,i=8,r=-1,q=0}[ReservedThreadExecutor@7c284c2d{reserved=0/16,pending=0}],UNMANAGED}
18:14:46.248 [Executing testAdminWithCredentialsView(org.conjur.jenkins.credentials.ConjurCredentialStoreTest)] DEBUG org.eclipse.jetty.util.thread.strategy.EatWhatYouKill -- EatWhatYouKill@77b2a0f4/SelectorProducer@446c5e0b/IDLE/p=false/QueuedThreadPool[Jetty (JenkinsRule)]@6e2b89{STARTED,8<=8<=200,i=8,r=-1,q=0}[ReservedThreadExecutor@7c284c2d{reserved=0/16,pending=0}][pc=0,pic=0,pec=0,epc=0]@2024-10-22T18:14:46.248358+05:30 created
18:14:46.248 [Executing testAdminWithCredentialsView(org.conjur.jenkins.credentials.ConjurCredentialStoreTest)] DEBUG org.eclipse.jetty.util.component.ContainerLifeCycle -- ManagedSelector@56163ce2{STOPPED} id=0 keys=-1 selected=-1 updates=0 added {EatWhatYouKill@77b2a0f4/SelectorProducer@446c5e0b/IDLE/p=false/QueuedThreadPool[Jetty (JenkinsRule)]@6e2b89{STARTED,8<=8<=200,i=8,r=-1,q=0}[ReservedThreadExecutor@7c284c2d{reserved=0/16,pending=0}][pc=0,pic=0,pec=0,epc=0]@2024-10-22T18:14:46.248589+05:30,MANAGED}
18:14:46.248 [Executing testAdminWithCredentialsView(org.conjur.jenkins.credentials.ConjurCredentialStoreTest)] DEBUG org.eclipse.jetty.util.component.ContainerLifeCycle -- SelectorManager@ServerConnector@127c7906{HTTP/1.1, (http/1.1)}{localhost:51446} added {ManagedSelector@56163ce2{STOPPED} id=0 keys=-1 selected=-1 updates=0,AUTO}
18:14:46.249 [Executing testAdminWithCredentialsView(org.conjur.jenkins.credentials.ConjurCredentialStoreTest)] DEBUG org.eclipse.jetty.util.component.ContainerLifeCycle -- EatWhatYouKill@4f86b303/SelectorProducer@2dd10f07/IDLE/p=false/QueuedThreadPool[Jetty (JenkinsRule)]@6e2b89{STARTED,8<=8<=200,i=8,r=-1,q=0}[ReservedThreadExecutor@7c284c2d{reserved=0/16,pending=0}][pc=0,pic=0,pec=0,epc=0]@2024-10-22T18:14:46.248989+05:30 added {SelectorProducer@2dd10f07,POJO}
18:14:46.249 [Executing testAdminWithCredentialsView(org.conjur.jenkins.credentials.ConjurCredentialStoreTest)] DEBUG org.eclipse.jetty.util.component.ContainerLifeCycle -- EatWhatYouKill@4f86b303/SelectorProducer@2dd10f07/IDLE/p=false/QueuedThreadPool[Jetty (JenkinsRule)]@6e2b89{STARTED,8<=8<=200,i=8,r=-1,q=0}[ReservedThreadExecutor@7c284c2d{reserved=0/16,pending=0}][pc=0,pic=0,pec=0,epc=0]@2024-10-22T18:14:46.249224+05:30 added {QueuedThreadPool[Jetty (JenkinsRule)]@6e2b89{STARTED,8<=8<=200,i=8,r=-1,q=0}[ReservedThreadExecutor@7c284c2d{reserved=0/16,pending=0}],UNMANAGED}
18:14:46.249 [Executing testAdminWithCredentialsView(org.conjur.jenkins.credentials.ConjurCredentialStoreTest)] DEBUG org.eclipse.jetty.util.thread.strategy.EatWhatYouKill -- EatWhatYouKill@4f86b303/SelectorProducer@2dd10f07/IDLE/p=false/QueuedThreadPool[Jetty (JenkinsRule)]@6e2b89{STARTED,8<=8<=200,i=8,r=-1,q=0}[ReservedThreadExecutor@7c284c2d{reserved=0/16,pending=0}][pc=0,pic=0,pec=0,epc=0]@2024-10-22T18:14:46.249512+05:30 created
18:14:46.249 [Executing testAdminWithCredentialsView(org.conjur.jenkins.credentials.ConjurCredentialStoreTest)] DEBUG org.eclipse.jetty.util.component.ContainerLifeCycle -- ManagedSelector@beb80b0{STOPPED} id=1 keys=-1 selected=-1 updates=0 added {EatWhatYouKill@4f86b303/SelectorProducer@2dd10f07/IDLE/p=false/QueuedThreadPool[Jetty (JenkinsRule)]@6e2b89{STARTED,8<=8<=200,i=8,r=-1,q=0}[ReservedThreadExecutor@7c284c2d{reserved=0/16,pending=0}][pc=0,pic=0,pec=0,epc=0]@2024-10-22T18:14:46.249744+05:30,MANAGED}
18:14:46.249 [Executing testAdminWithCredentialsView(org.conjur.jenkins.credentials.ConjurCredentialStoreTest)] DEBUG org.eclipse.jetty.util.component.ContainerLifeCycle -- SelectorManager@ServerConnector@127c7906{HTTP/1.1, (http/1.1)}{localhost:51446} added {ManagedSelector@beb80b0{STOPPED} id=1 keys=-1 selected=-1 updates=0,AUTO}
18:14:46.250 [Executing testAdminWithCredentialsView(org.conjur.jenkins.credentials.ConjurCredentialStoreTest)] DEBUG org.eclipse.jetty.util.component.ContainerLifeCycle -- EatWhatYouKill@6cfd5c03/SelectorProducer@1699f434/IDLE/p=false/QueuedThreadPool[Jetty (JenkinsRule)]@6e2b89{STARTED,8<=8<=200,i=8,r=-1,q=0}[ReservedThreadExecutor@7c284c2d{reserved=0/16,pending=0}][pc=0,pic=0,pec=0,epc=0]@2024-10-22T18:14:46.25015+05:30 added {SelectorProducer@1699f434,POJO}
18:14:46.250 [Executing testAdminWithCredentialsView(org.conjur.jenkins.credentials.ConjurCredentialStoreTest)] DEBUG org.eclipse.jetty.util.component.ContainerLifeCycle -- EatWhatYouKill@6cfd5c03/SelectorProducer@1699f434/IDLE/p=false/QueuedThreadPool[Jetty (JenkinsRule)]@6e2b89{STARTED,8<=8<=200,i=8,r=-1,q=0}[ReservedThreadExecutor@7c284c2d{reserved=0/16,pending=0}][pc=0,pic=0,pec=0,epc=0]@2024-10-22T18:14:46.250419+05:30 added {QueuedThreadPool[Jetty (JenkinsRule)]@6e2b89{STARTED,8<=8<=200,i=8,r=-1,q=0}[ReservedThreadExecutor@7c284c2d{reserved=0/16,pending=0}],UNMANAGED}
18:14:46.250 [Executing testAdminWithCredentialsView(org.conjur.jenkins.credentials.ConjurCredentialStoreTest)] DEBUG org.eclipse.jetty.util.thread.strategy.EatWhatYouKill -- EatWhatYouKill@6cfd5c03/SelectorProducer@1699f434/IDLE/p=false/QueuedThreadPool[Jetty (JenkinsRule)]@6e2b89{STARTED,8<=8<=200,i=8,r=-1,q=0}[ReservedThreadExecutor@7c284c2d{reserved=0/16,pending=0}][pc=0,pic=0,pec=0,epc=0]@2024-10-22T18:14:46.250687+05:30 created
18:14:46.250 [Executing testAdminWithCredentialsView(org.conjur.jenkins.credentials.ConjurCredentialStoreTest)] DEBUG org.eclipse.jetty.util.component.ContainerLifeCycle -- ManagedSelector@331578d7{STOPPED} id=2 keys=-1 selected=-1 updates=0 added {EatWhatYouKill@6cfd5c03/SelectorProducer@1699f434/IDLE/p=false/QueuedThreadPool[Jetty (JenkinsRule)]@6e2b89{STARTED,8<=8<=200,i=8,r=-1,q=0}[ReservedThreadExecutor@7c284c2d{reserved=0/16,pending=0}][pc=0,pic=0,pec=0,epc=0]@2024-10-22T18:14:46.250911+05:30,MANAGED}
18:14:46.251 [Executing testAdminWithCredentialsView(org.conjur.jenkins.credentials.ConjurCredentialStoreTest)] DEBUG org.eclipse.jetty.util.component.ContainerLifeCycle -- SelectorManager@ServerConnector@127c7906{HTTP/1.1, (http/1.1)}{localhost:51446} added {ManagedSelector@331578d7{STOPPED} id=2 keys=-1 selected=-1 updates=0,AUTO}
18:14:46.251 [Executing testAdminWithCredentialsView(org.conjur.jenkins.credentials.ConjurCredentialStoreTest)] DEBUG org.eclipse.jetty.util.component.ContainerLifeCycle -- EatWhatYouKill@64ac8005/SelectorProducer@62b7c5d7/IDLE/p=false/QueuedThreadPool[Jetty (JenkinsRule)]@6e2b89{STARTED,8<=8<=200,i=8,r=-1,q=0}[ReservedThreadExecutor@7c284c2d{reserved=0/16,pending=0}][pc=0,pic=0,pec=0,epc=0]@2024-10-22T18:14:46.251315+05:30 added {SelectorProducer@62b7c5d7,POJO}
18:14:46.251 [Executing testAdminWithCredentialsView(org.conjur.jenkins.credentials.ConjurCredentialStoreTest)] DEBUG org.eclipse.jetty.util.component.ContainerLifeCycle -- EatWhatYouKill@64ac8005/SelectorProducer@62b7c5d7/IDLE/p=false/QueuedThreadPool[Jetty (JenkinsRule)]@6e2b89{STARTED,8<=8<=200,i=8,r=-1,q=0}[ReservedThreadExecutor@7c284c2d{reserved=0/16,pending=0}][pc=0,pic=0,pec=0,epc=0]@2024-10-22T18:14:46.251557+05:30 added {QueuedThreadPool[Jetty (JenkinsRule)]@6e2b89{STARTED,8<=8<=200,i=8,r=-1,q=0}[ReservedThreadExecutor@7c284c2d{reserved=0/16,pending=0}],UNMANAGED}
18:14:46.251 [Executing testAdminWithCredentialsView(org.conjur.jenkins.credentials.ConjurCredentialStoreTest)] DEBUG org.eclipse.jetty.util.thread.strategy.EatWhatYouKill -- EatWhatYouKill@64ac8005/SelectorProducer@62b7c5d7/IDLE/p=false/QueuedThreadPool[Jetty (JenkinsRule)]@6e2b89{STARTED,8<=8<=200,i=8,r=-1,q=0}[ReservedThreadExecutor@7c284c2d{reserved=0/16,pending=0}][pc=0,pic=0,pec=0,epc=0]@2024-10-22T18:14:46.251828+05:30 created
18:14:46.252 [Executing testAdminWithCredentialsView(org.conjur.jenkins.credentials.ConjurCredentialStoreTest)] DEBUG org.eclipse.jetty.util.component.ContainerLifeCycle -- ManagedSelector@3bd6b5e1{STOPPED} id=3 keys=-1 selected=-1 updates=0 added {EatWhatYouKill@64ac8005/SelectorProducer@62b7c5d7/IDLE/p=false/QueuedThreadPool[Jetty (JenkinsRule)]@6e2b89{STARTED,8<=8<=200,i=8,r=-1,q=0}[ReservedThreadExecutor@7c284c2d{reserved=0/16,pending=0}][pc=0,pic=0,pec=0,epc=0]@2024-10-22T18:14:46.252047+05:30,MANAGED}
18:14:46.252 [Executing testAdminWithCredentialsView(org.conjur.jenkins.credentials.ConjurCredentialStoreTest)] DEBUG org.eclipse.jetty.util.component.ContainerLifeCycle -- SelectorManager@ServerConnector@127c7906{HTTP/1.1, (http/1.1)}{localhost:51446} added {ManagedSelector@3bd6b5e1{STOPPED} id=3 keys=-1 selected=-1 updates=0,AUTO}
18:14:46.252 [Executing testAdminWithCredentialsView(org.conjur.jenkins.credentials.ConjurCredentialStoreTest)] DEBUG org.eclipse.jetty.util.component.ContainerLifeCycle -- EatWhatYouKill@231db18c/SelectorProducer@2331a142/IDLE/p=false/QueuedThreadPool[Jetty (JenkinsRule)]@6e2b89{STARTED,8<=8<=200,i=8,r=-1,q=0}[ReservedThreadExecutor@7c284c2d{reserved=0/16,pending=0}][pc=0,pic=0,pec=0,epc=0]@2024-10-22T18:14:46.252444+05:30 added {SelectorProducer@2331a142,POJO}
18:14:46.252 [Executing testAdminWithCredentialsView(org.conjur.jenkins.credentials.ConjurCredentialStoreTest)] DEBUG org.eclipse.jetty.util.component.ContainerLifeCycle -- EatWhatYouKill@231db18c/SelectorProducer@2331a142/IDLE/p=false/QueuedThreadPool[Jetty (JenkinsRule)]@6e2b89{STARTED,8<=8<=200,i=8,r=-1,q=0}[ReservedThreadExecutor@7c284c2d{reserved=0/16,pending=0}][pc=0,pic=0,pec=0,epc=0]@2024-10-22T18:14:46.252689+05:30 added {QueuedThreadPool[Jetty (JenkinsRule)]@6e2b89{STARTED,8<=8<=200,i=8,r=-1,q=0}[ReservedThreadExecutor@7c284c2d{reserved=0/16,pending=0}],UNMANAGED}
18:14:46.252 [Executing testAdminWithCredentialsView(org.conjur.jenkins.credentials.ConjurCredentialStoreTest)] DEBUG org.eclipse.jetty.util.thread.strategy.EatWhatYouKill -- EatWhatYouKill@231db18c/SelectorProducer@2331a142/IDLE/p=false/QueuedThreadPool[Jetty (JenkinsRule)]@6e2b89{STARTED,8<=8<=200,i=8,r=-1,q=0}[ReservedThreadExecutor@7c284c2d{reserved=0/16,pending=0}][pc=0,pic=0,pec=0,epc=0]@2024-10-22T18:14:46.252951+05:30 created
18:14:46.253 [Executing testAdminWithCredentialsView(org.conjur.jenkins.credentials.ConjurCredentialStoreTest)] DEBUG org.eclipse.jetty.util.component.ContainerLifeCycle -- ManagedSelector@7ff4418e{STOPPED} id=4 keys=-1 selected=-1 updates=0 added {EatWhatYouKill@231db18c/SelectorProducer@2331a142/IDLE/p=false/QueuedThreadPool[Jetty (JenkinsRule)]@6e2b89{STARTED,8<=8<=200,i=8,r=-1,q=0}[ReservedThreadExecutor@7c284c2d{reserved=0/16,pending=0}][pc=0,pic=0,pec=0,epc=0]@2024-10-22T18:14:46.253178+05:30,MANAGED}
18:14:46.253 [Executing testAdminWithCredentialsView(org.conjur.jenkins.credentials.ConjurCredentialStoreTest)] DEBUG org.eclipse.jetty.util.component.ContainerLifeCycle -- SelectorManager@ServerConnector@127c7906{HTTP/1.1, (http/1.1)}{localhost:51446} added {ManagedSelector@7ff4418e{STOPPED} id=4 keys=-1 selected=-1 updates=0,AUTO}
18:14:46.253 [Executing testAdminWithCredentialsView(org.conjur.jenkins.credentials.ConjurCredentialStoreTest)] DEBUG org.eclipse.jetty.util.component.ContainerLifeCycle -- EatWhatYouKill@71838a2c/SelectorProducer@3f5cc441/IDLE/p=false/QueuedThreadPool[Jetty (JenkinsRule)]@6e2b89{STARTED,8<=8<=200,i=8,r=-1,q=0}[ReservedThreadExecutor@7c284c2d{reserved=0/16,pending=0}][pc=0,pic=0,pec=0,epc=0]@2024-10-22T18:14:46.253569+05:30 added {SelectorProducer@3f5cc441,POJO}
18:14:46.253 [Executing testAdminWithCredentialsView(org.conjur.jenkins.credentials.ConjurCredentialStoreTest)] DEBUG org.eclipse.jetty.util.component.ContainerLifeCycle -- EatWhatYouKill@71838a2c/SelectorProducer@3f5cc441/IDLE/p=false/QueuedThreadPool[Jetty (JenkinsRule)]@6e2b89{STARTED,8<=8<=200,i=8,r=-1,q=0}[ReservedThreadExecutor@7c284c2d{reserved=0/16,pending=0}][pc=0,pic=0,pec=0,epc=0]@2024-10-22T18:14:46.253777+05:30 added {QueuedThreadPool[Jetty (JenkinsRule)]@6e2b89{STARTED,8<=8<=200,i=8,r=-1,q=0}[ReservedThreadExecutor@7c284c2d{reserved=0/16,pending=0}],UNMANAGED}
18:14:46.254 [Executing testAdminWithCredentialsView(org.conjur.jenkins.credentials.ConjurCredentialStoreTest)] DEBUG org.eclipse.jetty.util.thread.strategy.EatWhatYouKill -- EatWhatYouKill@71838a2c/SelectorProducer@3f5cc441/IDLE/p=false/QueuedThreadPool[Jetty (JenkinsRule)]@6e2b89{STARTED,8<=8<=200,i=8,r=-1,q=0}[ReservedThreadExecutor@7c284c2d{reserved=0/16,pending=0}][pc=0,pic=0,pec=0,epc=0]@2024-10-22T18:14:46.254041+05:30 created
18:14:46.254 [Executing testAdminWithCredentialsView(org.conjur.jenkins.credentials.ConjurCredentialStoreTest)] DEBUG org.eclipse.jetty.util.component.ContainerLifeCycle -- ManagedSelector@11c94959{STOPPED} id=5 keys=-1 selected=-1 updates=0 added {EatWhatYouKill@71838a2c/SelectorProducer@3f5cc441/IDLE/p=false/QueuedThreadPool[Jetty (JenkinsRule)]@6e2b89{STARTED,8<=8<=200,i=8,r=-1,q=0}[ReservedThreadExecutor@7c284c2d{reserved=0/16,pending=0}][pc=0,pic=0,pec=0,epc=0]@2024-10-22T18:14:46.254264+05:30,MANAGED}
18:14:46.254 [Executing testAdminWithCredentialsView(org.conjur.jenkins.credentials.ConjurCredentialStoreTest)] DEBUG org.eclipse.jetty.util.component.ContainerLifeCycle -- SelectorManager@ServerConnector@127c7906{HTTP/1.1, (http/1.1)}{localhost:51446} added {ManagedSelector@11c94959{STOPPED} id=5 keys=-1 selected=-1 updates=0,AUTO}
18:14:46.254 [Executing testAdminWithCredentialsView(org.conjur.jenkins.credentials.ConjurCredentialStoreTest)] DEBUG org.eclipse.jetty.util.component.ContainerLifeCycle -- EatWhatYouKill@4cec92df/SelectorProducer@2153a384/IDLE/p=false/QueuedThreadPool[Jetty (JenkinsRule)]@6e2b89{STARTED,8<=8<=200,i=8,r=-1,q=0}[ReservedThreadExecutor@7c284c2d{reserved=0/16,pending=0}][pc=0,pic=0,pec=0,epc=0]@2024-10-22T18:14:46.254626+05:30 added {SelectorProducer@2153a384,POJO}
18:14:46.254 [Executing testAdminWithCredentialsView(org.conjur.jenkins.credentials.ConjurCredentialStoreTest)] DEBUG org.eclipse.jetty.util.component.ContainerLifeCycle -- EatWhatYouKill@4cec92df/SelectorProducer@2153a384/IDLE/p=false/QueuedThreadPool[Jetty (JenkinsRule)]@6e2b89{STARTED,8<=8<=200,i=8,r=-1,q=0}[ReservedThreadExecutor@7c284c2d{reserved=0/16,pending=0}][pc=0,pic=0,pec=0,epc=0]@2024-10-22T18:14:46.254834+05:30 added {QueuedThreadPool[Jetty (JenkinsRule)]@6e2b89{STARTED,8<=8<=200,i=8,r=-1,q=0}[ReservedThreadExecutor@7c284c2d{reserved=0/16,pending=0}],UNMANAGED}
18:14:46.255 [Executing testAdminWithCredentialsView(org.conjur.jenkins.credentials.ConjurCredentialStoreTest)] DEBUG org.eclipse.jetty.util.thread.strategy.EatWhatYouKill -- EatWhatYouKill@4cec92df/SelectorProducer@2153a384/IDLE/p=false/QueuedThreadPool[Jetty (JenkinsRule)]@6e2b89{STARTED,8<=8<=200,i=8,r=-1,q=0}[ReservedThreadExecutor@7c284c2d{reserved=0/16,pending=0}][pc=0,pic=0,pec=0,epc=0]@2024-10-22T18:14:46.255086+05:30 created
18:14:46.255 [Executing testAdminWithCredentialsView(org.conjur.jenkins.credentials.ConjurCredentialStoreTest)] DEBUG org.eclipse.jetty.util.component.ContainerLifeCycle -- ManagedSelector@78f41523{STOPPED} id=6 keys=-1 selected=-1 updates=0 added {EatWhatYouKill@4cec92df/SelectorProducer@2153a384/IDLE/p=false/QueuedThreadPool[Jetty (JenkinsRule)]@6e2b89{STARTED,8<=8<=200,i=8,r=-1,q=0}[ReservedThreadExecutor@7c284c2d{reserved=0/16,pending=0}][pc=0,pic=0,pec=0,epc=0]@2024-10-22T18:14:46.255321+05:30,MANAGED}
18:14:46.255 [Executing testAdminWithCredentialsView(org.conjur.jenkins.credentials.ConjurCredentialStoreTest)] DEBUG org.eclipse.jetty.util.component.ContainerLifeCycle -- SelectorManager@ServerConnector@127c7906{HTTP/1.1, (http/1.1)}{localhost:51446} added {ManagedSelector@78f41523{STOPPED} id=6 keys=-1 selected=-1 updates=0,AUTO}
18:14:46.255 [Executing testAdminWithCredentialsView(org.conjur.jenkins.credentials.ConjurCredentialStoreTest)] DEBUG org.eclipse.jetty.util.component.ContainerLifeCycle -- EatWhatYouKill@23ac08e5/SelectorProducer@bfe1c25/IDLE/p=false/QueuedThreadPool[Jetty (JenkinsRule)]@6e2b89{STARTED,8<=8<=200,i=8,r=-1,q=0}[ReservedThreadExecutor@7c284c2d{reserved=0/16,pending=0}][pc=0,pic=0,pec=0,epc=0]@2024-10-22T18:14:46.2557+05:30 added {SelectorProducer@bfe1c25,POJO}
18:14:46.255 [Executing testAdminWithCredentialsView(org.conjur.jenkins.credentials.ConjurCredentialStoreTest)] DEBUG org.eclipse.jetty.util.component.ContainerLifeCycle -- EatWhatYouKill@23ac08e5/SelectorProducer@bfe1c25/IDLE/p=false/QueuedThreadPool[Jetty (JenkinsRule)]@6e2b89{STARTED,8<=8<=200,i=8,r=-1,q=0}[ReservedThreadExecutor@7c284c2d{reserved=0/16,pending=0}][pc=0,pic=0,pec=0,epc=0]@2024-10-22T18:14:46.255901+05:30 added {QueuedThreadPool[Jetty (JenkinsRule)]@6e2b89{STARTED,8<=8<=200,i=8,r=-1,q=0}[ReservedThreadExecutor@7c284c2d{reserved=0/16,pending=0}],UNMANAGED}
18:14:46.256 [Executing testAdminWithCredentialsView(org.conjur.jenkins.credentials.ConjurCredentialStoreTest)] DEBUG org.eclipse.jetty.util.thread.strategy.EatWhatYouKill -- EatWhatYouKill@23ac08e5/SelectorProducer@bfe1c25/IDLE/p=false/QueuedThreadPool[Jetty (JenkinsRule)]@6e2b89{STARTED,8<=8<=200,i=8,r=-1,q=0}[ReservedThreadExecutor@7c284c2d{reserved=0/16,pending=0}][pc=0,pic=0,pec=0,epc=0]@2024-10-22T18:14:46.256162+05:30 created
18:14:46.256 [Executing testAdminWithCredentialsView(org.conjur.jenkins.credentials.ConjurCredentialStoreTest)] DEBUG org.eclipse.jetty.util.component.ContainerLifeCycle -- ManagedSelector@370dd15d{STOPPED} id=7 keys=-1 selected=-1 updates=0 added {EatWhatYouKill@23ac08e5/SelectorProducer@bfe1c25/IDLE/p=false/QueuedThreadPool[Jetty (JenkinsRule)]@6e2b89{STARTED,8<=8<=200,i=8,r=-1,q=0}[ReservedThreadExecutor@7c284c2d{reserved=0/16,pending=0}][pc=0,pic=0,pec=0,epc=0]@2024-10-22T18:14:46.256402+05:30,MANAGED}
18:14:46.256 [Executing testAdminWithCredentialsView(org.conjur.jenkins.credentials.ConjurCredentialStoreTest)] DEBUG org.eclipse.jetty.util.component.ContainerLifeCycle -- SelectorManager@ServerConnector@127c7906{HTTP/1.1, (http/1.1)}{localhost:51446} added {ManagedSelector@370dd15d{STOPPED} id=7 keys=-1 selected=-1 updates=0,AUTO}
18:14:46.256 [Executing testAdminWithCredentialsView(org.conjur.jenkins.credentials.ConjurCredentialStoreTest)] DEBUG org.eclipse.jetty.util.component.AbstractLifeCycle -- starting ManagedSelector@56163ce2{STOPPED} id=0 keys=-1 selected=-1 updates=0
18:14:46.256 [Executing testAdminWithCredentialsView(org.conjur.jenkins.credentials.ConjurCredentialStoreTest)] DEBUG org.eclipse.jetty.util.component.AbstractLifeCycle -- starting EatWhatYouKill@77b2a0f4/SelectorProducer@446c5e0b/IDLE/p=false/QueuedThreadPool[Jetty (JenkinsRule)]@6e2b89{STARTED,8<=8<=200,i=8,r=-1,q=0}[ReservedThreadExecutor@7c284c2d{reserved=0/16,pending=0}][pc=0,pic=0,pec=0,epc=0]@2024-10-22T18:14:46.256843+05:30
18:14:46.257 [Executing testAdminWithCredentialsView(org.conjur.jenkins.credentials.ConjurCredentialStoreTest)] DEBUG org.eclipse.jetty.util.component.AbstractLifeCycle -- STARTED @13360ms EatWhatYouKill@77b2a0f4/SelectorProducer@446c5e0b/IDLE/p=false/QueuedThreadPool[Jetty (JenkinsRule)]@6e2b89{STARTED,8<=8<=200,i=8,r=-1,q=0}[ReservedThreadExecutor@7c284c2d{reserved=0/16,pending=0}][pc=0,pic=0,pec=0,epc=0]@2024-10-22T18:14:46.257048+05:30
18:14:46.257 [Executing testAdminWithCredentialsView(org.conjur.jenkins.credentials.ConjurCredentialStoreTest)] DEBUG org.eclipse.jetty.util.thread.QueuedThreadPool -- queue org.eclipse.jetty.io.ManagedSelector$$Lambda$424/0x00000001403801f8@6f089792 startThread=0
18:14:46.257 [Jetty (JenkinsRule)-107] DEBUG org.eclipse.jetty.util.thread.QueuedThreadPool -- run org.eclipse.jetty.io.ManagedSelector$$Lambda$424/0x00000001403801f8@6f089792 in QueuedThreadPool[Jetty (JenkinsRule)]@6e2b89{STARTED,8<=8<=200,i=7,r=-1,q=0}[ReservedThreadExecutor@7c284c2d{reserved=0/16,pending=0}]
18:14:46.257 [Executing testAdminWithCredentialsView(org.conjur.jenkins.credentials.ConjurCredentialStoreTest)] DEBUG org.eclipse.jetty.io.ManagedSelector -- Queued change lazy=false org.eclipse.jetty.io.ManagedSelector$Start@2ca041b6 on ManagedSelector@56163ce2{STARTING} id=0 keys=0 selected=0 updates=0
18:14:46.257 [Jetty (JenkinsRule)-107] DEBUG org.eclipse.jetty.util.thread.strategy.EatWhatYouKill -- EatWhatYouKill@77b2a0f4/SelectorProducer@446c5e0b/IDLE/p=false/QueuedThreadPool[Jetty (JenkinsRule)]@6e2b89{STARTED,8<=8<=200,i=7,r=-1,q=0}[ReservedThreadExecutor@7c284c2d{reserved=0/16,pending=0}][pc=0,pic=0,pec=0,epc=0]@2024-10-22T18:14:46.257503+05:30 tryProduce false
18:14:46.257 [Jetty (JenkinsRule)-107] DEBUG org.eclipse.jetty.io.ManagedSelector -- updateable 1
18:14:46.257 [Jetty (JenkinsRule)-107] DEBUG org.eclipse.jetty.io.ManagedSelector -- update org.eclipse.jetty.io.ManagedSelector$Start@2ca041b6
18:14:46.257 [Jetty (JenkinsRule)-107] DEBUG org.eclipse.jetty.io.ManagedSelector -- updates 0
18:14:46.257 [Jetty (JenkinsRule)-107] DEBUG org.eclipse.jetty.io.ManagedSelector -- Selector sun.nio.ch.KQueueSelectorImpl@4ed024b9 waiting with 0 keys
18:14:46.257 [Executing testAdminWithCredentialsView(org.conjur.jenkins.credentials.ConjurCredentialStoreTest)] DEBUG org.eclipse.jetty.util.component.AbstractLifeCycle -- STARTED @13361ms ManagedSelector@56163ce2{STARTED} id=0 keys=0 selected=0 updates=0
18:14:46.257 [Executing testAdminWithCredentialsView(org.conjur.jenkins.credentials.ConjurCredentialStoreTest)] DEBUG org.eclipse.jetty.util.component.AbstractLifeCycle -- starting ManagedSelector@beb80b0{STOPPED} id=1 keys=-1 selected=-1 updates=0
18:14:46.258 [Executing testAdminWithCredentialsView(org.conjur.jenkins.credentials.ConjurCredentialStoreTest)] DEBUG org.eclipse.jetty.util.component.AbstractLifeCycle -- starting EatWhatYouKill@4f86b303/SelectorProducer@2dd10f07/IDLE/p=false/QueuedThreadPool[Jetty (JenkinsRule)]@6e2b89{STARTED,8<=8<=200,i=7,r=-1,q=0}[ReservedThreadExecutor@7c284c2d{reserved=0/16,pending=0}][pc=0,pic=0,pec=0,epc=0]@2024-10-22T18:14:46.258024+05:30
18:14:46.258 [Executing testAdminWithCredentialsView(org.conjur.jenkins.credentials.ConjurCredentialStoreTest)] DEBUG org.eclipse.jetty.util.component.AbstractLifeCycle -- STARTED @13362ms EatWhatYouKill@4f86b303/SelectorProducer@2dd10f07/IDLE/p=false/QueuedThreadPool[Jetty (JenkinsRule)]@6e2b89{STARTED,8<=8<=200,i=7,r=-1,q=0}[ReservedThreadExecutor@7c284c2d{reserved=0/16,pending=0}][pc=0,pic=0,pec=0,epc=0]@2024-10-22T18:14:46.258228+05:30
18:14:46.258 [Executing testAdminWithCredentialsView(org.conjur.jenkins.credentials.ConjurCredentialStoreTest)] DEBUG org.eclipse.jetty.util.thread.QueuedThreadPool -- queue org.eclipse.jetty.io.ManagedSelector$$Lambda$424/0x00000001403801f8@57447f33 startThread=0
18:14:46.258 [Executing testAdminWithCredentialsView(org.conjur.jenkins.credentials.ConjurCredentialStoreTest)] DEBUG org.eclipse.jetty.io.ManagedSelector -- Queued change lazy=false org.eclipse.jetty.io.ManagedSelector$Start@e1acbbf on ManagedSelector@beb80b0{STARTING} id=1 keys=0 selected=0 updates=0
18:14:46.258 [Jetty (JenkinsRule)-108] DEBUG org.eclipse.jetty.util.thread.QueuedThreadPool -- run org.eclipse.jetty.io.ManagedSelector$$Lambda$424/0x00000001403801f8@57447f33 in QueuedThreadPool[Jetty (JenkinsRule)]@6e2b89{STARTED,8<=8<=200,i=6,r=-1,q=0}[ReservedThreadExecutor@7c284c2d{reserved=0/16,pending=0}]
18:14:46.258 [Jetty (JenkinsRule)-108] DEBUG org.eclipse.jetty.util.thread.strategy.EatWhatYouKill -- EatWhatYouKill@4f86b303/SelectorProducer@2dd10f07/IDLE/p=false/QueuedThreadPool[Jetty (JenkinsRule)]@6e2b89{STARTED,8<=8<=200,i=6,r=-1,q=0}[ReservedThreadExecutor@7c284c2d{reserved=0/16,pending=0}][pc=0,pic=0,pec=0,epc=0]@2024-10-22T18:14:46.258734+05:30 tryProduce false
18:14:46.258 [Jetty (JenkinsRule)-108] DEBUG org.eclipse.jetty.io.ManagedSelector -- updateable 1
18:14:46.258 [Jetty (JenkinsRule)-108] DEBUG org.eclipse.jetty.io.ManagedSelector -- update org.eclipse.jetty.io.ManagedSelector$Start@e1acbbf
18:14:46.258 [Jetty (JenkinsRule)-108] DEBUG org.eclipse.jetty.io.ManagedSelector -- updates 0
18:14:46.258 [Jetty (JenkinsRule)-108] DEBUG org.eclipse.jetty.io.ManagedSelector -- Selector sun.nio.ch.KQueueSelectorImpl@37315cf4 waiting with 0 keys
18:14:46.259 [Executing testAdminWithCredentialsView(org.conjur.jenkins.credentials.ConjurCredentialStoreTest)] DEBUG org.eclipse.jetty.util.component.AbstractLifeCycle -- STARTED @13362ms ManagedSelector@beb80b0{STARTED} id=1 keys=0 selected=0 updates=0
18:14:46.259 [Executing testAdminWithCredentialsView(org.conjur.jenkins.credentials.ConjurCredentialStoreTest)] DEBUG org.eclipse.jetty.util.component.AbstractLifeCycle -- starting ManagedSelector@331578d7{STOPPED} id=2 keys=-1 selected=-1 updates=0
18:14:46.259 [Executing testAdminWithCredentialsView(org.conjur.jenkins.credentials.ConjurCredentialStoreTest)] DEBUG org.eclipse.jetty.util.component.AbstractLifeCycle -- starting EatWhatYouKill@6cfd5c03/SelectorProducer@1699f434/IDLE/p=false/QueuedThreadPool[Jetty (JenkinsRule)]@6e2b89{STARTED,8<=8<=200,i=6,r=-1,q=0}[ReservedThreadExecutor@7c284c2d{reserved=0/16,pending=0}][pc=0,pic=0,pec=0,epc=0]@2024-10-22T18:14:46.259288+05:30
18:14:46.259 [Executing testAdminWithCredentialsView(org.conjur.jenkins.credentials.ConjurCredentialStoreTest)] DEBUG org.eclipse.jetty.util.component.AbstractLifeCycle -- STARTED @13363ms EatWhatYouKill@6cfd5c03/SelectorProducer@1699f434/IDLE/p=false/QueuedThreadPool[Jetty (JenkinsRule)]@6e2b89{STARTED,8<=8<=200,i=6,r=-1,q=0}[ReservedThreadExecutor@7c284c2d{reserved=0/16,pending=0}][pc=0,pic=0,pec=0,epc=0]@2024-10-22T18:14:46.25948+05:30
18:14:46.259 [Executing testAdminWithCredentialsView(org.conjur.jenkins.credentials.ConjurCredentialStoreTest)] DEBUG org.eclipse.jetty.util.thread.QueuedThreadPool -- queue org.eclipse.jetty.io.ManagedSelector$$Lambda$424/0x00000001403801f8@250569e9 startThread=0
18:14:46.259 [Jetty (JenkinsRule)-109] DEBUG org.eclipse.jetty.util.thread.QueuedThreadPool -- run org.eclipse.jetty.io.ManagedSelector$$Lambda$424/0x00000001403801f8@250569e9 in QueuedThreadPool[Jetty (JenkinsRule)]@6e2b89{STARTED,8<=8<=200,i=5,r=-1,q=0}[ReservedThreadExecutor@7c284c2d{reserved=0/16,pending=0}]
18:14:46.259 [Executing testAdminWithCredentialsView(org.conjur.jenkins.credentials.ConjurCredentialStoreTest)] DEBUG org.eclipse.jetty.io.ManagedSelector -- Queued change lazy=false org.eclipse.jetty.io.ManagedSelector$Start@b06310e on ManagedSelector@331578d7{STARTING} id=2 keys=0 selected=0 updates=0
18:14:46.259 [Jetty (JenkinsRule)-109] DEBUG org.eclipse.jetty.util.thread.strategy.EatWhatYouKill -- EatWhatYouKill@6cfd5c03/SelectorProducer@1699f434/IDLE/p=false/QueuedThreadPool[Jetty (JenkinsRule)]@6e2b89{STARTED,8<=8<=200,i=5,r=-1,q=0}[ReservedThreadExecutor@7c284c2d{reserved=0/16,pending=0}][pc=0,pic=0,pec=0,epc=0]@2024-10-22T18:14:46.259926+05:30 tryProduce false
18:14:46.260 [Jetty (JenkinsRule)-109] DEBUG org.eclipse.jetty.io.ManagedSelector -- updateable 1
18:14:46.260 [Jetty (JenkinsRule)-109] DEBUG org.eclipse.jetty.io.ManagedSelector -- update org.eclipse.jetty.io.ManagedSelector$Start@b06310e
18:14:46.260 [Jetty (JenkinsRule)-109] DEBUG org.eclipse.jetty.io.ManagedSelector -- updates 0
18:14:46.260 [Jetty (JenkinsRule)-109] DEBUG org.eclipse.jetty.io.ManagedSelector -- Selector sun.nio.ch.KQueueSelectorImpl@2e544577 waiting with 0 keys
18:14:46.260 [Executing testAdminWithCredentialsView(org.conjur.jenkins.credentials.ConjurCredentialStoreTest)] DEBUG org.eclipse.jetty.util.component.AbstractLifeCycle -- STARTED @13364ms ManagedSelector@331578d7{STARTED} id=2 keys=0 selected=0 updates=0
18:14:46.260 [Executing testAdminWithCredentialsView(org.conjur.jenkins.credentials.ConjurCredentialStoreTest)] DEBUG org.eclipse.jetty.util.component.AbstractLifeCycle -- starting ManagedSelector@3bd6b5e1{STOPPED} id=3 keys=-1 selected=-1 updates=0
18:14:46.260 [Executing testAdminWithCredentialsView(org.conjur.jenkins.credentials.ConjurCredentialStoreTest)] DEBUG org.eclipse.jetty.util.component.AbstractLifeCycle -- starting EatWhatYouKill@64ac8005/SelectorProducer@62b7c5d7/IDLE/p=false/QueuedThreadPool[Jetty (JenkinsRule)]@6e2b89{STARTED,8<=8<=200,i=5,r=-1,q=0}[ReservedThreadExecutor@7c284c2d{reserved=0/16,pending=0}][pc=0,pic=0,pec=0,epc=0]@2024-10-22T18:14:46.260551+05:30
18:14:46.260 [Executing testAdminWithCredentialsView(org.conjur.jenkins.credentials.ConjurCredentialStoreTest)] DEBUG org.eclipse.jetty.util.component.AbstractLifeCycle -- STARTED @13364ms EatWhatYouKill@64ac8005/SelectorProducer@62b7c5d7/IDLE/p=false/QueuedThreadPool[Jetty (JenkinsRule)]@6e2b89{STARTED,8<=8<=200,i=5,r=-1,q=0}[ReservedThreadExecutor@7c284c2d{reserved=0/16,pending=0}][pc=0,pic=0,pec=0,epc=0]@2024-10-22T18:14:46.260743+05:30
18:14:46.260 [Executing testAdminWithCredentialsView(org.conjur.jenkins.credentials.ConjurCredentialStoreTest)] DEBUG org.eclipse.jetty.util.thread.QueuedThreadPool -- queue org.eclipse.jetty.io.ManagedSelector$$Lambda$424/0x00000001403801f8@7fcf7aba startThread=0
18:14:46.261 [Executing testAdminWithCredentialsView(org.conjur.jenkins.credentials.ConjurCredentialStoreTest)] DEBUG org.eclipse.jetty.io.ManagedSelector -- Queued change lazy=false org.eclipse.jetty.io.ManagedSelector$Start@27d011cf on ManagedSelector@3bd6b5e1{STARTING} id=3 keys=0 selected=0 updates=0
18:14:46.261 [Jetty (JenkinsRule)-110] DEBUG org.eclipse.jetty.util.thread.QueuedThreadPool -- run org.eclipse.jetty.io.ManagedSelector$$Lambda$424/0x00000001403801f8@7fcf7aba in QueuedThreadPool[Jetty (JenkinsRule)]@6e2b89{STARTED,8<=8<=200,i=4,r=-1,q=0}[ReservedThreadExecutor@7c284c2d{reserved=0/16,pending=0}]
18:14:46.261 [Jetty (JenkinsRule)-110] DEBUG org.eclipse.jetty.util.thread.strategy.EatWhatYouKill -- EatWhatYouKill@64ac8005/SelectorProducer@62b7c5d7/IDLE/p=false/QueuedThreadPool[Jetty (JenkinsRule)]@6e2b89{STARTED,8<=8<=200,i=4,r=-1,q=0}[ReservedThreadExecutor@7c284c2d{reserved=0/16,pending=0}][pc=0,pic=0,pec=0,epc=0]@2024-10-22T18:14:46.261268+05:30 tryProduce false
18:14:46.261 [Jetty (JenkinsRule)-110] DEBUG org.eclipse.jetty.io.ManagedSelector -- updateable 1
18:14:46.261 [Jetty (JenkinsRule)-110] DEBUG org.eclipse.jetty.io.ManagedSelector -- update org.eclipse.jetty.io.ManagedSelector$Start@27d011cf
18:14:46.261 [Jetty (JenkinsRule)-110] DEBUG org.eclipse.jetty.io.ManagedSelector -- updates 0
18:14:46.261 [Jetty (JenkinsRule)-110] DEBUG org.eclipse.jetty.io.ManagedSelector -- Selector sun.nio.ch.KQueueSelectorImpl@26ace6c3 waiting with 0 keys
18:14:46.261 [Executing testAdminWithCredentialsView(org.conjur.jenkins.credentials.ConjurCredentialStoreTest)] DEBUG org.eclipse.jetty.util.component.AbstractLifeCycle -- STARTED @13365ms ManagedSelector@3bd6b5e1{STARTED} id=3 keys=0 selected=0 updates=0
18:14:46.261 [Executing testAdminWithCredentialsView(org.conjur.jenkins.credentials.ConjurCredentialStoreTest)] DEBUG org.eclipse.jetty.util.component.AbstractLifeCycle -- starting ManagedSelector@7ff4418e{STOPPED} id=4 keys=-1 selected=-1 updates=0
18:14:46.261 [Executing testAdminWithCredentialsView(org.conjur.jenkins.credentials.ConjurCredentialStoreTest)] DEBUG org.eclipse.jetty.util.component.AbstractLifeCycle -- starting EatWhatYouKill@231db18c/SelectorProducer@2331a142/IDLE/p=false/QueuedThreadPool[Jetty (JenkinsRule)]@6e2b89{STARTED,8<=8<=200,i=4,r=-1,q=0}[ReservedThreadExecutor@7c284c2d{reserved=0/16,pending=0}][pc=0,pic=0,pec=0,epc=0]@2024-10-22T18:14:46.261831+05:30
18:14:46.262 [Executing testAdminWithCredentialsView(org.conjur.jenkins.credentials.ConjurCredentialStoreTest)] DEBUG org.eclipse.jetty.util.component.AbstractLifeCycle -- STARTED @13365ms EatWhatYouKill@231db18c/SelectorProducer@2331a142/IDLE/p=false/QueuedThreadPool[Jetty (JenkinsRule)]@6e2b89{STARTED,8<=8<=200,i=4,r=-1,q=0}[ReservedThreadExecutor@7c284c2d{reserved=0/16,pending=0}][pc=0,pic=0,pec=0,epc=0]@2024-10-22T18:14:46.262015+05:30
18:14:46.262 [Executing testAdminWithCredentialsView(org.conjur.jenkins.credentials.ConjurCredentialStoreTest)] DEBUG org.eclipse.jetty.util.thread.QueuedThreadPool -- queue org.eclipse.jetty.io.ManagedSelector$$Lambda$424/0x00000001403801f8@29946efd startThread=0
18:14:46.262 [Executing testAdminWithCredentialsView(org.conjur.jenkins.credentials.ConjurCredentialStoreTest)] DEBUG org.eclipse.jetty.io.ManagedSelector -- Queued change lazy=false org.eclipse.jetty.io.ManagedSelector$Start@13a0b480 on ManagedSelector@7ff4418e{STARTING} id=4 keys=0 selected=0 updates=0
18:14:46.262 [Jetty (JenkinsRule)-111] DEBUG org.eclipse.jetty.util.thread.QueuedThreadPool -- run org.eclipse.jetty.io.ManagedSelector$$Lambda$424/0x00000001403801f8@29946efd in QueuedThreadPool[Jetty (JenkinsRule)]@6e2b89{STARTED,8<=8<=200,i=3,r=-1,q=0}[ReservedThreadExecutor@7c284c2d{reserved=0/16,pending=0}]
18:14:46.262 [Jetty (JenkinsRule)-111] DEBUG org.eclipse.jetty.util.thread.strategy.EatWhatYouKill -- EatWhatYouKill@231db18c/SelectorProducer@2331a142/IDLE/p=false/QueuedThreadPool[Jetty (JenkinsRule)]@6e2b89{STARTED,8<=8<=200,i=3,r=-1,q=0}[ReservedThreadExecutor@7c284c2d{reserved=0/16,pending=0}][pc=0,pic=0,pec=0,epc=0]@2024-10-22T18:14:46.26252+05:30 tryProduce false
18:14:46.262 [Jetty (JenkinsRule)-111] DEBUG org.eclipse.jetty.io.ManagedSelector -- updateable 1
18:14:46.262 [Jetty (JenkinsRule)-111] DEBUG org.eclipse.jetty.io.ManagedSelector -- update org.eclipse.jetty.io.ManagedSelector$Start@13a0b480
18:14:46.262 [Jetty (JenkinsRule)-111] DEBUG org.eclipse.jetty.io.ManagedSelector -- updates 0
18:14:46.262 [Jetty (JenkinsRule)-111] DEBUG org.eclipse.jetty.io.ManagedSelector -- Selector sun.nio.ch.KQueueSelectorImpl@727197b2 waiting with 0 keys
18:14:46.262 [Executing testAdminWithCredentialsView(org.conjur.jenkins.credentials.ConjurCredentialStoreTest)] DEBUG org.eclipse.jetty.util.component.AbstractLifeCycle -- STARTED @13366ms ManagedSelector@7ff4418e{STARTED} id=4 keys=0 selected=0 updates=0
18:14:46.262 [Executing testAdminWithCredentialsView(org.conjur.jenkins.credentials.ConjurCredentialStoreTest)] DEBUG org.eclipse.jetty.util.component.AbstractLifeCycle -- starting ManagedSelector@11c94959{STOPPED} id=5 keys=-1 selected=-1 updates=0
18:14:46.263 [Executing testAdminWithCredentialsView(org.conjur.jenkins.credentials.ConjurCredentialStoreTest)] DEBUG org.eclipse.jetty.util.component.AbstractLifeCycle -- starting EatWhatYouKill@71838a2c/SelectorProducer@3f5cc441/IDLE/p=false/QueuedThreadPool[Jetty (JenkinsRule)]@6e2b89{STARTED,8<=8<=200,i=3,r=-1,q=0}[ReservedThreadExecutor@7c284c2d{reserved=0/16,pending=0}][pc=0,pic=0,pec=0,epc=0]@2024-10-22T18:14:46.263031+05:30
18:14:46.263 [Executing testAdminWithCredentialsView(org.conjur.jenkins.credentials.ConjurCredentialStoreTest)] DEBUG org.eclipse.jetty.util.component.AbstractLifeCycle -- STARTED @13367ms EatWhatYouKill@71838a2c/SelectorProducer@3f5cc441/IDLE/p=false/QueuedThreadPool[Jetty (JenkinsRule)]@6e2b89{STARTED,8<=8<=200,i=3,r=-1,q=0}[ReservedThreadExecutor@7c284c2d{reserved=0/16,pending=0}][pc=0,pic=0,pec=0,epc=0]@2024-10-22T18:14:46.26324+05:30
18:14:46.263 [Executing testAdminWithCredentialsView(org.conjur.jenkins.credentials.ConjurCredentialStoreTest)] DEBUG org.eclipse.jetty.util.thread.QueuedThreadPool -- queue org.eclipse.jetty.io.ManagedSelector$$Lambda$424/0x00000001403801f8@173e06e4 startThread=0
18:14:46.263 [Jetty (JenkinsRule)-112] DEBUG org.eclipse.jetty.util.thread.QueuedThreadPool -- run org.eclipse.jetty.io.ManagedSelector$$Lambda$424/0x00000001403801f8@173e06e4 in QueuedThreadPool[Jetty (JenkinsRule)]@6e2b89{STARTED,8<=8<=200,i=2,r=-1,q=0}[ReservedThreadExecutor@7c284c2d{reserved=0/16,pending=0}]
18:14:46.263 [Executing testAdminWithCredentialsView(org.conjur.jenkins.credentials.ConjurCredentialStoreTest)] DEBUG org.eclipse.jetty.io.ManagedSelector -- Queued change lazy=false org.eclipse.jetty.io.ManagedSelector$Start@304723a5 on ManagedSelector@11c94959{STARTING} id=5 keys=0 selected=0 updates=0
18:14:46.263 [Jetty (JenkinsRule)-112] DEBUG org.eclipse.jetty.util.thread.strategy.EatWhatYouKill -- EatWhatYouKill@71838a2c/SelectorProducer@3f5cc441/IDLE/p=false/QueuedThreadPool[Jetty (JenkinsRule)]@6e2b89{STARTED,8<=8<=200,i=2,r=-1,q=0}[ReservedThreadExecutor@7c284c2d{reserved=0/16,pending=0}][pc=0,pic=0,pec=0,epc=0]@2024-10-22T18:14:46.263644+05:30 tryProduce false
18:14:46.263 [Jetty (JenkinsRule)-112] DEBUG org.eclipse.jetty.io.ManagedSelector -- updateable 1
18:14:46.263 [Jetty (JenkinsRule)-112] DEBUG org.eclipse.jetty.io.ManagedSelector -- update org.eclipse.jetty.io.ManagedSelector$Start@304723a5
18:14:46.263 [Jetty (JenkinsRule)-112] DEBUG org.eclipse.jetty.io.ManagedSelector -- updates 0
18:14:46.263 [Jetty (JenkinsRule)-112] DEBUG org.eclipse.jetty.io.ManagedSelector -- Selector sun.nio.ch.KQueueSelectorImpl@7599d16b waiting with 0 keys
18:14:46.263 [Executing testAdminWithCredentialsView(org.conjur.jenkins.credentials.ConjurCredentialStoreTest)] DEBUG org.eclipse.jetty.util.component.AbstractLifeCycle -- STARTED @13367ms ManagedSelector@11c94959{STARTED} id=5 keys=0 selected=0 updates=0
18:14:46.264 [Executing testAdminWithCredentialsView(org.conjur.jenkins.credentials.ConjurCredentialStoreTest)] DEBUG org.eclipse.jetty.util.component.AbstractLifeCycle -- starting ManagedSelector@78f41523{STOPPED} id=6 keys=-1 selected=-1 updates=0
18:14:46.264 [Executing testAdminWithCredentialsView(org.conjur.jenkins.credentials.ConjurCredentialStoreTest)] DEBUG org.eclipse.jetty.util.component.AbstractLifeCycle -- starting EatWhatYouKill@4cec92df/SelectorProducer@2153a384/IDLE/p=false/QueuedThreadPool[Jetty (JenkinsRule)]@6e2b89{STARTED,8<=8<=200,i=2,r=-1,q=0}[ReservedThreadExecutor@7c284c2d{reserved=0/16,pending=0}][pc=0,pic=0,pec=0,epc=0]@2024-10-22T18:14:46.264215+05:30
18:14:46.264 [Executing testAdminWithCredentialsView(org.conjur.jenkins.credentials.ConjurCredentialStoreTest)] DEBUG org.eclipse.jetty.util.component.AbstractLifeCycle -- STARTED @13368ms EatWhatYouKill@4cec92df/SelectorProducer@2153a384/IDLE/p=false/QueuedThreadPool[Jetty (JenkinsRule)]@6e2b89{STARTED,8<=8<=200,i=2,r=-1,q=0}[ReservedThreadExecutor@7c284c2d{reserved=0/16,pending=0}][pc=0,pic=0,pec=0,epc=0]@2024-10-22T18:14:46.264404+05:30
18:14:46.264 [Executing testAdminWithCredentialsView(org.conjur.jenkins.credentials.ConjurCredentialStoreTest)] DEBUG org.eclipse.jetty.util.thread.QueuedThreadPool -- queue org.eclipse.jetty.io.ManagedSelector$$Lambda$424/0x00000001403801f8@3aae50d6 startThread=0
18:14:46.264 [Jetty (JenkinsRule)-113] DEBUG org.eclipse.jetty.util.thread.QueuedThreadPool -- run org.eclipse.jetty.io.ManagedSelector$$Lambda$424/0x00000001403801f8@3aae50d6 in QueuedThreadPool[Jetty (JenkinsRule)]@6e2b89{STARTED,8<=8<=200,i=1,r=-1,q=0}[ReservedThreadExecutor@7c284c2d{reserved=0/16,pending=0}]
18:14:46.264 [Executing testAdminWithCredentialsView(org.conjur.jenkins.credentials.ConjurCredentialStoreTest)] DEBUG org.eclipse.jetty.io.ManagedSelector -- Queued change lazy=false org.eclipse.jetty.io.ManagedSelector$Start@2cbcf7b7 on ManagedSelector@78f41523{STARTING} id=6 keys=0 selected=0 updates=0
18:14:46.264 [Jetty (JenkinsRule)-113] DEBUG org.eclipse.jetty.util.thread.strategy.EatWhatYouKill -- EatWhatYouKill@4cec92df/SelectorProducer@2153a384/IDLE/p=false/QueuedThreadPool[Jetty (JenkinsRule)]@6e2b89{STARTED,8<=8<=200,i=1,r=-1,q=0}[ReservedThreadExecutor@7c284c2d{reserved=0/16,pending=0}][pc=0,pic=0,pec=0,epc=0]@2024-10-22T18:14:46.264814+05:30 tryProduce false
18:14:46.264 [Jetty (JenkinsRule)-113] DEBUG org.eclipse.jetty.io.ManagedSelector -- updateable 1
18:14:46.264 [Jetty (JenkinsRule)-113] DEBUG org.eclipse.jetty.io.ManagedSelector -- update org.eclipse.jetty.io.ManagedSelector$Start@2cbcf7b7
18:14:46.265 [Jetty (JenkinsRule)-113] DEBUG org.eclipse.jetty.io.ManagedSelector -- updates 0
18:14:46.265 [Jetty (JenkinsRule)-113] DEBUG org.eclipse.jetty.io.ManagedSelector -- Selector sun.nio.ch.KQueueSelectorImpl@249e3d41 waiting with 0 keys
18:14:46.265 [Executing testAdminWithCredentialsView(org.conjur.jenkins.credentials.ConjurCredentialStoreTest)] DEBUG org.eclipse.jetty.util.component.AbstractLifeCycle -- STARTED @13368ms ManagedSelector@78f41523{STARTED} id=6 keys=0 selected=0 updates=0
18:14:46.265 [Executing testAdminWithCredentialsView(org.conjur.jenkins.credentials.ConjurCredentialStoreTest)] DEBUG org.eclipse.jetty.util.component.AbstractLifeCycle -- starting ManagedSelector@370dd15d{STOPPED} id=7 keys=-1 selected=-1 updates=0
18:14:46.265 [Executing testAdminWithCredentialsView(org.conjur.jenkins.credentials.ConjurCredentialStoreTest)] DEBUG org.eclipse.jetty.util.component.AbstractLifeCycle -- starting EatWhatYouKill@23ac08e5/SelectorProducer@bfe1c25/IDLE/p=false/QueuedThreadPool[Jetty (JenkinsRule)]@6e2b89{STARTED,8<=8<=200,i=1,r=-1,q=0}[ReservedThreadExecutor@7c284c2d{reserved=0/16,pending=0}][pc=0,pic=0,pec=0,epc=0]@2024-10-22T18:14:46.265407+05:30
18:14:46.265 [Executing testAdminWithCredentialsView(org.conjur.jenkins.credentials.ConjurCredentialStoreTest)] DEBUG org.eclipse.jetty.util.component.AbstractLifeCycle -- STARTED @13369ms EatWhatYouKill@23ac08e5/SelectorProducer@bfe1c25/IDLE/p=false/QueuedThreadPool[Jetty (JenkinsRule)]@6e2b89{STARTED,8<=8<=200,i=1,r=-1,q=0}[ReservedThreadExecutor@7c284c2d{reserved=0/16,pending=0}][pc=0,pic=0,pec=0,epc=0]@2024-10-22T18:14:46.265596+05:30
18:14:46.265 [Executing testAdminWithCredentialsView(org.conjur.jenkins.credentials.ConjurCredentialStoreTest)] DEBUG org.eclipse.jetty.util.thread.QueuedThreadPool -- queue org.eclipse.jetty.io.ManagedSelector$$Lambda$424/0x00000001403801f8@4bd2cde2 startThread=0
18:14:46.265 [Executing testAdminWithCredentialsView(org.conjur.jenkins.credentials.ConjurCredentialStoreTest)] DEBUG org.eclipse.jetty.io.ManagedSelector -- Queued change lazy=false org.eclipse.jetty.io.ManagedSelector$Start@42018536 on ManagedSelector@370dd15d{STARTING} id=7 keys=0 selected=0 updates=0
18:14:46.265 [Jetty (JenkinsRule)-114] DEBUG org.eclipse.jetty.util.thread.QueuedThreadPool -- run org.eclipse.jetty.io.ManagedSelector$$Lambda$424/0x00000001403801f8@4bd2cde2 in QueuedThreadPool[Jetty (JenkinsRule)]@6e2b89{STARTED,8<=8<=200,i=0,r=-1,q=0}[ReservedThreadExecutor@7c284c2d{reserved=0/16,pending=0}]
18:14:46.266 [Jetty (JenkinsRule)-114] DEBUG org.eclipse.jetty.util.thread.strategy.EatWhatYouKill -- EatWhatYouKill@23ac08e5/SelectorProducer@bfe1c25/IDLE/p=false/QueuedThreadPool[Jetty (JenkinsRule)]@6e2b89{STARTED,8<=8<=200,i=0,r=-1,q=0}[ReservedThreadExecutor@7c284c2d{reserved=0/16,pending=0}][pc=0,pic=0,pec=0,epc=0]@2024-10-22T18:14:46.266097+05:30 tryProduce false
18:14:46.266 [Jetty (JenkinsRule)-114] DEBUG org.eclipse.jetty.io.ManagedSelector -- updateable 1
18:14:46.266 [Jetty (JenkinsRule)-114] DEBUG org.eclipse.jetty.io.ManagedSelector -- update org.eclipse.jetty.io.ManagedSelector$Start@42018536
18:14:46.266 [Jetty (JenkinsRule)-114] DEBUG org.eclipse.jetty.io.ManagedSelector -- updates 0
18:14:46.266 [Jetty (JenkinsRule)-114] DEBUG org.eclipse.jetty.io.ManagedSelector -- Selector sun.nio.ch.KQueueSelectorImpl@1ebea028 waiting with 0 keys
18:14:46.266 [Executing testAdminWithCredentialsView(org.conjur.jenkins.credentials.ConjurCredentialStoreTest)] DEBUG org.eclipse.jetty.util.component.AbstractLifeCycle -- STARTED @13370ms ManagedSelector@370dd15d{STARTED} id=7 keys=0 selected=0 updates=0
18:14:46.266 [Executing testAdminWithCredentialsView(org.conjur.jenkins.credentials.ConjurCredentialStoreTest)] DEBUG org.eclipse.jetty.util.component.AbstractLifeCycle -- STARTED @13370ms SelectorManager@ServerConnector@127c7906{HTTP/1.1, (http/1.1)}{localhost:51446}
18:14:46.266 [Executing testAdminWithCredentialsView(org.conjur.jenkins.credentials.ConjurCredentialStoreTest)] DEBUG org.eclipse.jetty.util.component.ContainerLifeCycle -- ServerConnector@127c7906{HTTP/1.1, (http/1.1)}{localhost:51446} added {acceptor-0@ae14540,POJO}
18:14:46.266 [Executing testAdminWithCredentialsView(org.conjur.jenkins.credentials.ConjurCredentialStoreTest)] DEBUG org.eclipse.jetty.util.thread.QueuedThreadPool -- queue acceptor-0@ae14540 startThread=1
18:14:46.266 [Executing testAdminWithCredentialsView(org.conjur.jenkins.credentials.ConjurCredentialStoreTest)] DEBUG org.eclipse.jetty.util.thread.QueuedThreadPool -- Starting Thread[Jetty (JenkinsRule)-116,5,main]
18:14:46.267 [Executing testAdminWithCredentialsView(org.conjur.jenkins.credentials.ConjurCredentialStoreTest)] DEBUG org.eclipse.jetty.util.component.ContainerLifeCycle -- ServerConnector@127c7906{HTTP/1.1, (http/1.1)}{localhost:51446} added {acceptor-1@1c4b62ee,POJO}
18:14:46.267 [Jetty (JenkinsRule)-116] DEBUG org.eclipse.jetty.util.thread.QueuedThreadPool -- Runner started for QueuedThreadPool[Jetty (JenkinsRule)]@6e2b89{STARTED,8<=9<=200,i=0,r=-1,q=0}[ReservedThreadExecutor@7c284c2d{reserved=0/16,pending=0}]
18:14:46.267 [Executing testAdminWithCredentialsView(org.conjur.jenkins.credentials.ConjurCredentialStoreTest)] DEBUG org.eclipse.jetty.util.thread.QueuedThreadPool -- queue acceptor-1@1c4b62ee startThread=1
18:14:46.267 [Jetty (JenkinsRule)-116] DEBUG org.eclipse.jetty.util.thread.QueuedThreadPool -- run acceptor-0@ae14540 in QueuedThreadPool[Jetty (JenkinsRule)]@6e2b89{STARTED,8<=10<=200,i=0,r=-1,q=0}[ReservedThreadExecutor@7c284c2d{reserved=0/16,pending=0}]
18:14:46.267 [Executing testAdminWithCredentialsView(org.conjur.jenkins.credentials.ConjurCredentialStoreTest)] DEBUG org.eclipse.jetty.util.thread.QueuedThreadPool -- Starting Thread[Jetty (JenkinsRule)-117,5,main]
18:14:46.267 [Executing testAdminWithCredentialsView(org.conjur.jenkins.credentials.ConjurCredentialStoreTest)] INFO org.eclipse.jetty.server.AbstractConnector -- Started ServerConnector@127c7906{HTTP/1.1, (http/1.1)}{localhost:51446}
18:14:46.267 [Jetty (JenkinsRule)-117] DEBUG org.eclipse.jetty.util.thread.QueuedThreadPool -- Runner started for QueuedThreadPool[Jetty (JenkinsRule)]@6e2b89{STARTED,8<=10<=200,i=0,r=-1,q=0}[ReservedThreadExecutor@7c284c2d{reserved=0/16,pending=0}]
18:14:46.267 [Executing testAdminWithCredentialsView(org.conjur.jenkins.credentials.ConjurCredentialStoreTest)] DEBUG org.eclipse.jetty.util.component.AbstractLifeCycle -- STARTED @13371ms ServerConnector@127c7906{HTTP/1.1, (http/1.1)}{localhost:51446}
18:14:46.267 [Executing testAdminWithCredentialsView(org.conjur.jenkins.credentials.ConjurCredentialStoreTest)] INFO org.eclipse.jetty.server.Server -- Started @13371ms
18:14:46.267 [Jetty (JenkinsRule)-117] DEBUG org.eclipse.jetty.util.thread.QueuedThreadPool -- run acceptor-1@1c4b62ee in QueuedThreadPool[Jetty (JenkinsRule)]@6e2b89{STARTED,8<=10<=200,i=0,r=-1,q=0}[ReservedThreadExecutor@7c284c2d{reserved=0/16,pending=0}]
18:14:46.268 [Executing testAdminWithCredentialsView(org.conjur.jenkins.credentials.ConjurCredentialStoreTest)] DEBUG org.eclipse.jetty.util.component.AbstractLifeCycle -- STARTED @13371ms Server@415321b2{STARTED}[9.4.48.v20220622]
18:14:46.334 [Executing testAdminWithCredentialsView(org.conjur.jenkins.credentials.ConjurCredentialStoreTest)] DEBUG org.apache.commons.discovery.resource.names.DiscoverNamesInFile -- find: serviceName = 'META-INF/services/org.kohsuke.stapler.Facet'
18:14:46.334 [Executing testAdminWithCredentialsView(org.conjur.jenkins.credentials.ConjurCredentialStoreTest)] DEBUG org.apache.commons.discovery.resource.DiscoverResources -- find: resourceName='META-INF/services/org.kohsuke.stapler.Facet'
18:14:46.334 [Executing testAdminWithCredentialsView(org.conjur.jenkins.credentials.ConjurCredentialStoreTest)] DEBUG org.apache.commons.discovery.resource.DiscoverResources -- getNextResources: search using ClassLoader 'jdk.internal.loader.ClassLoaders$AppClassLoader@5ffd2b27'
18:14:46.335 [Executing testAdminWithCredentialsView(org.conjur.jenkins.credentials.ConjurCredentialStoreTest)] DEBUG org.apache.commons.discovery.resource.DiscoverResources -- getNextResource: next URL='jar:file:/Users/sameer.shaik/.m2/repository/org/kohsuke/stapler/stapler-groovy/1669.v95a_4b_919a_b_a_2/stapler-groovy-1669.v95a_4b_919a_b_a_2.jar!/META-INF/services/org.kohsuke.stapler.Facet'
18:14:46.336 [Executing testAdminWithCredentialsView(org.conjur.jenkins.credentials.ConjurCredentialStoreTest)] DEBUG org.apache.commons.discovery.resource.names.DiscoverNamesInFile -- getNextClassResource: next class='org.kohsuke.stapler.jelly.groovy.GroovyFacet'
18:14:46.336 [Executing testAdminWithCredentialsView(org.conjur.jenkins.credentials.ConjurCredentialStoreTest)] DEBUG org.apache.commons.discovery.resource.DiscoverResources -- getNextResource: next URL='jar:file:/Users/sameer.shaik/.m2/repository/org/kohsuke/stapler/stapler-jelly/1669.v95a_4b_919a_b_a_2/stapler-jelly-1669.v95a_4b_919a_b_a_2.jar!/META-INF/services/org.kohsuke.stapler.Facet'
18:14:46.336 [Executing testAdminWithCredentialsView(org.conjur.jenkins.credentials.ConjurCredentialStoreTest)] DEBUG org.apache.commons.discovery.resource.names.DiscoverNamesInFile -- getNextClassResource: next class='org.kohsuke.stapler.jelly.JellyFacet'
18:14:46.336 [Executing testAdminWithCredentialsView(org.conjur.jenkins.credentials.ConjurCredentialStoreTest)] DEBUG org.apache.commons.discovery.resource.names.DiscoverNamesInFile -- find: serviceName = 'META-INF/services/org.kohsuke.stapler.Facet'
18:14:46.336 [Executing testAdminWithCredentialsView(org.conjur.jenkins.credentials.ConjurCredentialStoreTest)] DEBUG org.apache.commons.discovery.resource.DiscoverResources -- find: resourceName='META-INF/services/org.kohsuke.stapler.Facet'
18:14:46.336 [Executing testAdminWithCredentialsView(org.conjur.jenkins.credentials.ConjurCredentialStoreTest)] DEBUG org.apache.commons.discovery.resource.DiscoverResources -- getNextResources: search using ClassLoader 'jdk.internal.loader.ClassLoaders$AppClassLoader@5ffd2b27'
18:14:46.337 [Executing testAdminWithCredentialsView(org.conjur.jenkins.credentials.ConjurCredentialStoreTest)] DEBUG org.apache.commons.discovery.resource.DiscoverResources -- getNextResource: next URL='jar:file:/Users/sameer.shaik/.m2/repository/org/kohsuke/stapler/stapler-groovy/1669.v95a_4b_919a_b_a_2/stapler-groovy-1669.v95a_4b_919a_b_a_2.jar!/META-INF/services/org.kohsuke.stapler.Facet'
18:14:46.337 [Executing testAdminWithCredentialsView(org.conjur.jenkins.credentials.ConjurCredentialStoreTest)] DEBUG org.apache.commons.discovery.resource.names.DiscoverNamesInFile -- getNextClassResource: next class='org.kohsuke.stapler.jelly.groovy.GroovyFacet'
18:14:46.337 [Executing testAdminWithCredentialsView(org.conjur.jenkins.credentials.ConjurCredentialStoreTest)] DEBUG org.apache.commons.discovery.resource.DiscoverResources -- getNextResource: next URL='jar:file:/Users/sameer.shaik/.m2/repository/org/kohsuke/stapler/stapler-jelly/1669.v95a_4b_919a_b_a_2/stapler-jelly-1669.v95a_4b_919a_b_a_2.jar!/META-INF/services/org.kohsuke.stapler.Facet'
18:14:46.337 [Executing testAdminWithCredentialsView(org.conjur.jenkins.credentials.ConjurCredentialStoreTest)] DEBUG org.apache.commons.discovery.resource.names.DiscoverNamesInFile -- getNextClassResource: next class='org.kohsuke.stapler.jelly.JellyFacet'
18:14:47.417 [Executing testAdminWithCredentialsView(org.conjur.jenkins.credentials.ConjurCredentialStoreTest)] DEBUG org.eclipse.jetty.util.component.AbstractLifeCycle -- stopping Server@415321b2{STARTED}[9.4.48.v20220622]
18:14:47.417 [Executing testAdminWithCredentialsView(org.conjur.jenkins.credentials.ConjurCredentialStoreTest)] DEBUG org.eclipse.jetty.server.Server -- doStop Server@415321b2{STOPPING}[9.4.48.v20220622]
18:14:47.417 [Executing testAdminWithCredentialsView(org.conjur.jenkins.credentials.ConjurCredentialStoreTest)] DEBUG org.eclipse.jetty.server.handler.AbstractHandlerContainer -- Graceful shutdown Server@415321b2{STOPPING}[9.4.48.v20220622] by 
18:14:47.417 [Jetty (JenkinsRule)-116] DEBUG org.eclipse.jetty.util.thread.QueuedThreadPool -- ran Jetty (JenkinsRule)-116-acceptor-0@ae14540-ServerConnector@127c7906{HTTP/1.1, (http/1.1)}{localhost:51446} in QueuedThreadPool[Jetty (JenkinsRule)]@6e2b89{STARTED,8<=10<=200,i=0,r=-1,q=0}[ReservedThreadExecutor@7c284c2d{reserved=0/16,pending=0}]
18:14:47.417 [Executing testAdminWithCredentialsView(org.conjur.jenkins.credentials.ConjurCredentialStoreTest)] DEBUG org.eclipse.jetty.util.component.AbstractLifeCycle -- stopping ServerConnector@127c7906{HTTP/1.1, (http/1.1)}{localhost:0}
18:14:47.417 [Jetty (JenkinsRule)-117] DEBUG org.eclipse.jetty.util.thread.QueuedThreadPool -- ran Jetty (JenkinsRule)-117-acceptor-1@1c4b62ee-ServerConnector@127c7906{HTTP/1.1, (http/1.1)}{localhost:51446} in QueuedThreadPool[Jetty (JenkinsRule)]@6e2b89{STARTED,8<=10<=200,i=0,r=-1,q=0}[ReservedThreadExecutor@7c284c2d{reserved=0/16,pending=0}]
18:14:47.418 [Executing testAdminWithCredentialsView(org.conjur.jenkins.credentials.ConjurCredentialStoreTest)] DEBUG org.eclipse.jetty.util.component.AbstractLifeCycle -- stopping SelectorManager@ServerConnector@127c7906{HTTP/1.1, (http/1.1)}{localhost:0}
18:14:47.418 [Executing testAdminWithCredentialsView(org.conjur.jenkins.credentials.ConjurCredentialStoreTest)] DEBUG org.eclipse.jetty.util.component.AbstractLifeCycle -- stopping ManagedSelector@370dd15d{STARTED} id=7 keys=0 selected=0 updates=0
18:14:47.418 [Executing testAdminWithCredentialsView(org.conjur.jenkins.credentials.ConjurCredentialStoreTest)] DEBUG org.eclipse.jetty.io.ManagedSelector -- Queued change lazy=false org.eclipse.jetty.io.ManagedSelector$CloseConnections@362993bd on ManagedSelector@370dd15d{STOPPING} id=7 keys=0 selected=0 updates=0
18:14:47.418 [Executing testAdminWithCredentialsView(org.conjur.jenkins.credentials.ConjurCredentialStoreTest)] DEBUG org.eclipse.jetty.io.ManagedSelector -- Wakeup on submit ManagedSelector@370dd15d{STOPPING} id=7 keys=0 selected=0 updates=1
18:14:47.418 [Jetty (JenkinsRule)-114] DEBUG org.eclipse.jetty.io.ManagedSelector -- Selector sun.nio.ch.KQueueSelectorImpl@1ebea028 woken with none selected
18:14:47.418 [Jetty (JenkinsRule)-114] DEBUG org.eclipse.jetty.io.ManagedSelector -- Selector sun.nio.ch.KQueueSelectorImpl@1ebea028 woken up from select, 0/0/0 selected
18:14:47.418 [Jetty (JenkinsRule)-114] DEBUG org.eclipse.jetty.io.ManagedSelector -- Selector sun.nio.ch.KQueueSelectorImpl@1ebea028 processing 0 keys, 1 updates
18:14:47.418 [Jetty (JenkinsRule)-114] DEBUG org.eclipse.jetty.io.ManagedSelector -- updateable 1
18:14:47.418 [Jetty (JenkinsRule)-114] DEBUG org.eclipse.jetty.io.ManagedSelector -- update org.eclipse.jetty.io.ManagedSelector$CloseConnections@362993bd
18:14:47.418 [Jetty (JenkinsRule)-114] DEBUG org.eclipse.jetty.io.ManagedSelector -- Closing 0 connections on ManagedSelector@370dd15d{STOPPING} id=7 keys=0 selected=0 updates=0
18:14:47.418 [Jetty (JenkinsRule)-114] DEBUG org.eclipse.jetty.io.ManagedSelector -- updates 0
18:14:47.419 [Jetty (JenkinsRule)-114] DEBUG org.eclipse.jetty.io.ManagedSelector -- Selector sun.nio.ch.KQueueSelectorImpl@1ebea028 waiting with 0 keys
18:14:47.419 [Executing testAdminWithCredentialsView(org.conjur.jenkins.credentials.ConjurCredentialStoreTest)] DEBUG org.eclipse.jetty.io.ManagedSelector -- Queued change lazy=false org.eclipse.jetty.io.ManagedSelector$StopSelector@4be0dd3c on ManagedSelector@370dd15d{STOPPING} id=7 keys=0 selected=0 updates=0
18:14:47.419 [Executing testAdminWithCredentialsView(org.conjur.jenkins.credentials.ConjurCredentialStoreTest)] DEBUG org.eclipse.jetty.io.ManagedSelector -- Wakeup on submit ManagedSelector@370dd15d{STOPPING} id=7 keys=0 selected=0 updates=1
18:14:47.419 [Jetty (JenkinsRule)-114] DEBUG org.eclipse.jetty.io.ManagedSelector -- Selector sun.nio.ch.KQueueSelectorImpl@1ebea028 woken with none selected
18:14:47.419 [Jetty (JenkinsRule)-114] DEBUG org.eclipse.jetty.io.ManagedSelector -- Selector sun.nio.ch.KQueueSelectorImpl@1ebea028 woken up from select, 0/0/0 selected
18:14:47.419 [Jetty (JenkinsRule)-114] DEBUG org.eclipse.jetty.io.ManagedSelector -- Selector sun.nio.ch.KQueueSelectorImpl@1ebea028 processing 0 keys, 1 updates
18:14:47.419 [Jetty (JenkinsRule)-114] DEBUG org.eclipse.jetty.io.ManagedSelector -- updateable 1
18:14:47.419 [Jetty (JenkinsRule)-114] DEBUG org.eclipse.jetty.io.ManagedSelector -- update org.eclipse.jetty.io.ManagedSelector$StopSelector@4be0dd3c
18:14:47.419 [Jetty (JenkinsRule)-114] DEBUG org.eclipse.jetty.io.ManagedSelector -- updates 0
18:14:47.419 [Jetty (JenkinsRule)-114] DEBUG org.eclipse.jetty.util.thread.QueuedThreadPool -- ran org.eclipse.jetty.io.ManagedSelector$$Lambda$424/0x00000001403801f8@4bd2cde2 in QueuedThreadPool[Jetty (JenkinsRule)]@6e2b89{STARTED,8<=10<=200,i=2,r=-1,q=0}[ReservedThreadExecutor@7c284c2d{reserved=0/16,pending=0}]
18:14:47.419 [Executing testAdminWithCredentialsView(org.conjur.jenkins.credentials.ConjurCredentialStoreTest)] DEBUG org.eclipse.jetty.util.component.AbstractLifeCycle -- stopping EatWhatYouKill@23ac08e5/SelectorProducer@bfe1c25/IDLE/p=false/QueuedThreadPool[Jetty (JenkinsRule)]@6e2b89{STARTED,8<=10<=200,i=2,r=-1,q=0}[ReservedThreadExecutor@7c284c2d{reserved=0/16,pending=0}][pc=0,pic=0,pec=0,epc=0]@2024-10-22T18:14:47.419734+05:30
18:14:47.419 [Executing testAdminWithCredentialsView(org.conjur.jenkins.credentials.ConjurCredentialStoreTest)] DEBUG org.eclipse.jetty.util.component.AbstractLifeCycle -- STOPPED EatWhatYouKill@23ac08e5/SelectorProducer@bfe1c25/IDLE/p=false/QueuedThreadPool[Jetty (JenkinsRule)]@6e2b89{STARTED,8<=10<=200,i=3,r=-1,q=0}[ReservedThreadExecutor@7c284c2d{reserved=0/16,pending=0}][pc=0,pic=0,pec=0,epc=0]@2024-10-22T18:14:47.419952+05:30
18:14:47.420 [Executing testAdminWithCredentialsView(org.conjur.jenkins.credentials.ConjurCredentialStoreTest)] DEBUG org.eclipse.jetty.util.component.AbstractLifeCycle -- STOPPED ManagedSelector@370dd15d{STOPPED} id=7 keys=-1 selected=-1 updates=0
18:14:47.420 [Executing testAdminWithCredentialsView(org.conjur.jenkins.credentials.ConjurCredentialStoreTest)] DEBUG org.eclipse.jetty.util.component.AbstractLifeCycle -- stopping ManagedSelector@78f41523{STARTED} id=6 keys=0 selected=0 updates=0
18:14:47.420 [Executing testAdminWithCredentialsView(org.conjur.jenkins.credentials.ConjurCredentialStoreTest)] DEBUG org.eclipse.jetty.io.ManagedSelector -- Queued change lazy=false org.eclipse.jetty.io.ManagedSelector$CloseConnections@3508350d on ManagedSelector@78f41523{STOPPING} id=6 keys=0 selected=0 updates=0
18:14:47.420 [Executing testAdminWithCredentialsView(org.conjur.jenkins.credentials.ConjurCredentialStoreTest)] DEBUG org.eclipse.jetty.io.ManagedSelector -- Wakeup on submit ManagedSelector@78f41523{STOPPING} id=6 keys=0 selected=0 updates=1
18:14:47.420 [Jetty (JenkinsRule)-113] DEBUG org.eclipse.jetty.io.ManagedSelector -- Selector sun.nio.ch.KQueueSelectorImpl@249e3d41 woken with none selected
18:14:47.420 [Jetty (JenkinsRule)-113] DEBUG org.eclipse.jetty.io.ManagedSelector -- Selector sun.nio.ch.KQueueSelectorImpl@249e3d41 woken up from select, 0/0/0 selected
18:14:47.420 [Jetty (JenkinsRule)-113] DEBUG org.eclipse.jetty.io.ManagedSelector -- Selector sun.nio.ch.KQueueSelectorImpl@249e3d41 processing 0 keys, 1 updates
18:14:47.420 [Jetty (JenkinsRule)-113] DEBUG org.eclipse.jetty.io.ManagedSelector -- updateable 1
18:14:47.420 [Jetty (JenkinsRule)-113] DEBUG org.eclipse.jetty.io.ManagedSelector -- update org.eclipse.jetty.io.ManagedSelector$CloseConnections@3508350d
18:14:47.420 [Jetty (JenkinsRule)-113] DEBUG org.eclipse.jetty.io.ManagedSelector -- Closing 0 connections on ManagedSelector@78f41523{STOPPING} id=6 keys=0 selected=0 updates=0
18:14:47.420 [Jetty (JenkinsRule)-113] DEBUG org.eclipse.jetty.io.ManagedSelector -- updates 0
18:14:47.420 [Jetty (JenkinsRule)-113] DEBUG org.eclipse.jetty.io.ManagedSelector -- Selector sun.nio.ch.KQueueSelectorImpl@249e3d41 waiting with 0 keys
18:14:47.420 [Executing testAdminWithCredentialsView(org.conjur.jenkins.credentials.ConjurCredentialStoreTest)] DEBUG org.eclipse.jetty.io.ManagedSelector -- Queued change lazy=false org.eclipse.jetty.io.ManagedSelector$StopSelector@831a251 on ManagedSelector@78f41523{STOPPING} id=6 keys=0 selected=0 updates=0
18:14:47.421 [Executing testAdminWithCredentialsView(org.conjur.jenkins.credentials.ConjurCredentialStoreTest)] DEBUG org.eclipse.jetty.io.ManagedSelector -- Wakeup on submit ManagedSelector@78f41523{STOPPING} id=6 keys=0 selected=0 updates=1
18:14:47.421 [Jetty (JenkinsRule)-113] DEBUG org.eclipse.jetty.io.ManagedSelector -- Selector sun.nio.ch.KQueueSelectorImpl@249e3d41 woken with none selected
18:14:47.421 [Jetty (JenkinsRule)-113] DEBUG org.eclipse.jetty.io.ManagedSelector -- Selector sun.nio.ch.KQueueSelectorImpl@249e3d41 woken up from select, 0/0/0 selected
18:14:47.421 [Jetty (JenkinsRule)-113] DEBUG org.eclipse.jetty.io.ManagedSelector -- Selector sun.nio.ch.KQueueSelectorImpl@249e3d41 processing 0 keys, 1 updates
18:14:47.421 [Jetty (JenkinsRule)-113] DEBUG org.eclipse.jetty.io.ManagedSelector -- updateable 1
18:14:47.421 [Jetty (JenkinsRule)-113] DEBUG org.eclipse.jetty.io.ManagedSelector -- update org.eclipse.jetty.io.ManagedSelector$StopSelector@831a251
18:14:47.421 [Jetty (JenkinsRule)-113] DEBUG org.eclipse.jetty.io.ManagedSelector -- updates 0
18:14:47.421 [Jetty (JenkinsRule)-113] DEBUG org.eclipse.jetty.util.thread.QueuedThreadPool -- ran org.eclipse.jetty.io.ManagedSelector$$Lambda$424/0x00000001403801f8@3aae50d6 in QueuedThreadPool[Jetty (JenkinsRule)]@6e2b89{STARTED,8<=10<=200,i=3,r=-1,q=0}[ReservedThreadExecutor@7c284c2d{reserved=0/16,pending=0}]
18:14:47.421 [Executing testAdminWithCredentialsView(org.conjur.jenkins.credentials.ConjurCredentialStoreTest)] DEBUG org.eclipse.jetty.util.component.AbstractLifeCycle -- stopping EatWhatYouKill@4cec92df/SelectorProducer@2153a384/IDLE/p=false/QueuedThreadPool[Jetty (JenkinsRule)]@6e2b89{STARTED,8<=10<=200,i=3,r=-1,q=0}[ReservedThreadExecutor@7c284c2d{reserved=0/16,pending=0}][pc=0,pic=0,pec=0,epc=0]@2024-10-22T18:14:47.421603+05:30
18:14:47.421 [Executing testAdminWithCredentialsView(org.conjur.jenkins.credentials.ConjurCredentialStoreTest)] DEBUG org.eclipse.jetty.util.component.AbstractLifeCycle -- STOPPED EatWhatYouKill@4cec92df/SelectorProducer@2153a384/IDLE/p=false/QueuedThreadPool[Jetty (JenkinsRule)]@6e2b89{STARTED,8<=10<=200,i=4,r=-1,q=0}[ReservedThreadExecutor@7c284c2d{reserved=0/16,pending=0}][pc=0,pic=0,pec=0,epc=0]@2024-10-22T18:14:47.421884+05:30
18:14:47.422 [Executing testAdminWithCredentialsView(org.conjur.jenkins.credentials.ConjurCredentialStoreTest)] DEBUG org.eclipse.jetty.util.component.AbstractLifeCycle -- STOPPED ManagedSelector@78f41523{STOPPED} id=6 keys=-1 selected=-1 updates=0
18:14:47.422 [Executing testAdminWithCredentialsView(org.conjur.jenkins.credentials.ConjurCredentialStoreTest)] DEBUG org.eclipse.jetty.util.component.AbstractLifeCycle -- stopping ManagedSelector@11c94959{STARTED} id=5 keys=0 selected=0 updates=0
18:14:47.422 [Executing testAdminWithCredentialsView(org.conjur.jenkins.credentials.ConjurCredentialStoreTest)] DEBUG org.eclipse.jetty.io.ManagedSelector -- Queued change lazy=false org.eclipse.jetty.io.ManagedSelector$CloseConnections@727f6c91 on ManagedSelector@11c94959{STOPPING} id=5 keys=0 selected=0 updates=0
18:14:47.422 [Executing testAdminWithCredentialsView(org.conjur.jenkins.credentials.ConjurCredentialStoreTest)] DEBUG org.eclipse.jetty.io.ManagedSelector -- Wakeup on submit ManagedSelector@11c94959{STOPPING} id=5 keys=0 selected=0 updates=1
18:14:47.422 [Jetty (JenkinsRule)-112] DEBUG org.eclipse.jetty.io.ManagedSelector -- Selector sun.nio.ch.KQueueSelectorImpl@7599d16b woken with none selected
18:14:47.422 [Jetty (JenkinsRule)-112] DEBUG org.eclipse.jetty.io.ManagedSelector -- Selector sun.nio.ch.KQueueSelectorImpl@7599d16b woken up from select, 0/0/0 selected
18:14:47.422 [Jetty (JenkinsRule)-112] DEBUG org.eclipse.jetty.io.ManagedSelector -- Selector sun.nio.ch.KQueueSelectorImpl@7599d16b processing 0 keys, 1 updates
18:14:47.422 [Jetty (JenkinsRule)-112] DEBUG org.eclipse.jetty.io.ManagedSelector -- updateable 1
18:14:47.422 [Jetty (JenkinsRule)-112] DEBUG org.eclipse.jetty.io.ManagedSelector -- update org.eclipse.jetty.io.ManagedSelector$CloseConnections@727f6c91
18:14:47.422 [Jetty (JenkinsRule)-112] DEBUG org.eclipse.jetty.io.ManagedSelector -- Closing 0 connections on ManagedSelector@11c94959{STOPPING} id=5 keys=0 selected=0 updates=0
18:14:47.422 [Jetty (JenkinsRule)-112] DEBUG org.eclipse.jetty.io.ManagedSelector -- updates 0
18:14:47.422 [Jetty (JenkinsRule)-112] DEBUG org.eclipse.jetty.io.ManagedSelector -- Selector sun.nio.ch.KQueueSelectorImpl@7599d16b waiting with 0 keys
18:14:47.422 [Executing testAdminWithCredentialsView(org.conjur.jenkins.credentials.ConjurCredentialStoreTest)] DEBUG org.eclipse.jetty.io.ManagedSelector -- Queued change lazy=false org.eclipse.jetty.io.ManagedSelector$StopSelector@3f3b46df on ManagedSelector@11c94959{STOPPING} id=5 keys=0 selected=0 updates=0
18:14:47.423 [Executing testAdminWithCredentialsView(org.conjur.jenkins.credentials.ConjurCredentialStoreTest)] DEBUG org.eclipse.jetty.io.ManagedSelector -- Wakeup on submit ManagedSelector@11c94959{STOPPING} id=5 keys=0 selected=0 updates=1
18:14:47.423 [Jetty (JenkinsRule)-112] DEBUG org.eclipse.jetty.io.ManagedSelector -- Selector sun.nio.ch.KQueueSelectorImpl@7599d16b woken with none selected
18:14:47.423 [Jetty (JenkinsRule)-112] DEBUG org.eclipse.jetty.io.ManagedSelector -- Selector sun.nio.ch.KQueueSelectorImpl@7599d16b woken up from select, 0/0/0 selected
18:14:47.423 [Jetty (JenkinsRule)-112] DEBUG org.eclipse.jetty.io.ManagedSelector -- Selector sun.nio.ch.KQueueSelectorImpl@7599d16b processing 0 keys, 1 updates
18:14:47.423 [Jetty (JenkinsRule)-112] DEBUG org.eclipse.jetty.io.ManagedSelector -- updateable 1
18:14:47.423 [Jetty (JenkinsRule)-112] DEBUG org.eclipse.jetty.io.ManagedSelector -- update org.eclipse.jetty.io.ManagedSelector$StopSelector@3f3b46df
18:14:47.423 [Jetty (JenkinsRule)-112] DEBUG org.eclipse.jetty.io.ManagedSelector -- updates 0
18:14:47.423 [Executing testAdminWithCredentialsView(org.conjur.jenkins.credentials.ConjurCredentialStoreTest)] DEBUG org.eclipse.jetty.util.component.AbstractLifeCycle -- stopping EatWhatYouKill@71838a2c/SelectorProducer@3f5cc441/PRODUCING/p=false/QueuedThreadPool[Jetty (JenkinsRule)]@6e2b89{STARTED,8<=10<=200,i=4,r=-1,q=0}[ReservedThreadExecutor@7c284c2d{reserved=0/16,pending=0}][pc=0,pic=0,pec=0,epc=0]@2024-10-22T18:14:47.4237+05:30
18:14:47.423 [Jetty (JenkinsRule)-112] DEBUG org.eclipse.jetty.util.thread.QueuedThreadPool -- ran org.eclipse.jetty.io.ManagedSelector$$Lambda$424/0x00000001403801f8@173e06e4 in QueuedThreadPool[Jetty (JenkinsRule)]@6e2b89{STARTED,8<=10<=200,i=4,r=-1,q=0}[ReservedThreadExecutor@7c284c2d{reserved=0/16,pending=0}]
18:14:47.423 [Executing testAdminWithCredentialsView(org.conjur.jenkins.credentials.ConjurCredentialStoreTest)] DEBUG org.eclipse.jetty.util.component.AbstractLifeCycle -- STOPPED EatWhatYouKill@71838a2c/SelectorProducer@3f5cc441/IDLE/p=false/QueuedThreadPool[Jetty (JenkinsRule)]@6e2b89{STARTED,8<=10<=200,i=4,r=-1,q=0}[ReservedThreadExecutor@7c284c2d{reserved=0/16,pending=0}][pc=0,pic=0,pec=0,epc=0]@2024-10-22T18:14:47.423929+05:30
18:14:47.424 [Executing testAdminWithCredentialsView(org.conjur.jenkins.credentials.ConjurCredentialStoreTest)] DEBUG org.eclipse.jetty.util.component.AbstractLifeCycle -- STOPPED ManagedSelector@11c94959{STOPPED} id=5 keys=-1 selected=-1 updates=0
18:14:47.424 [Executing testAdminWithCredentialsView(org.conjur.jenkins.credentials.ConjurCredentialStoreTest)] DEBUG org.eclipse.jetty.util.component.AbstractLifeCycle -- stopping ManagedSelector@7ff4418e{STARTED} id=4 keys=0 selected=0 updates=0
18:14:47.424 [Executing testAdminWithCredentialsView(org.conjur.jenkins.credentials.ConjurCredentialStoreTest)] DEBUG org.eclipse.jetty.io.ManagedSelector -- Queued change lazy=false org.eclipse.jetty.io.ManagedSelector$CloseConnections@4b6fac68 on ManagedSelector@7ff4418e{STOPPING} id=4 keys=0 selected=0 updates=0
18:14:47.424 [Executing testAdminWithCredentialsView(org.conjur.jenkins.credentials.ConjurCredentialStoreTest)] DEBUG org.eclipse.jetty.io.ManagedSelector -- Wakeup on submit ManagedSelector@7ff4418e{STOPPING} id=4 keys=0 selected=0 updates=1
18:14:47.424 [Jetty (JenkinsRule)-111] DEBUG org.eclipse.jetty.io.ManagedSelector -- Selector sun.nio.ch.KQueueSelectorImpl@727197b2 woken with none selected
18:14:47.424 [Jetty (JenkinsRule)-111] DEBUG org.eclipse.jetty.io.ManagedSelector -- Selector sun.nio.ch.KQueueSelectorImpl@727197b2 woken up from select, 0/0/0 selected
18:14:47.424 [Jetty (JenkinsRule)-111] DEBUG org.eclipse.jetty.io.ManagedSelector -- Selector sun.nio.ch.KQueueSelectorImpl@727197b2 processing 0 keys, 1 updates
18:14:47.424 [Jetty (JenkinsRule)-111] DEBUG org.eclipse.jetty.io.ManagedSelector -- updateable 1
18:14:47.424 [Jetty (JenkinsRule)-111] DEBUG org.eclipse.jetty.io.ManagedSelector -- update org.eclipse.jetty.io.ManagedSelector$CloseConnections@4b6fac68
18:14:47.424 [Jetty (JenkinsRule)-111] DEBUG org.eclipse.jetty.io.ManagedSelector -- Closing 0 connections on ManagedSelector@7ff4418e{STOPPING} id=4 keys=0 selected=0 updates=0
18:14:47.424 [Jetty (JenkinsRule)-111] DEBUG org.eclipse.jetty.io.ManagedSelector -- updates 0
18:14:47.424 [Jetty (JenkinsRule)-111] DEBUG org.eclipse.jetty.io.ManagedSelector -- Selector sun.nio.ch.KQueueSelectorImpl@727197b2 waiting with 0 keys
18:14:47.424 [Executing testAdminWithCredentialsView(org.conjur.jenkins.credentials.ConjurCredentialStoreTest)] DEBUG org.eclipse.jetty.io.ManagedSelector -- Queued change lazy=false org.eclipse.jetty.io.ManagedSelector$StopSelector@4ec9ac7e on ManagedSelector@7ff4418e{STOPPING} id=4 keys=0 selected=0 updates=0
18:14:47.425 [Executing testAdminWithCredentialsView(org.conjur.jenkins.credentials.ConjurCredentialStoreTest)] DEBUG org.eclipse.jetty.io.ManagedSelector -- Wakeup on submit ManagedSelector@7ff4418e{STOPPING} id=4 keys=0 selected=0 updates=1
18:14:47.425 [Jetty (JenkinsRule)-111] DEBUG org.eclipse.jetty.io.ManagedSelector -- Selector sun.nio.ch.KQueueSelectorImpl@727197b2 woken with none selected
18:14:47.425 [Jetty (JenkinsRule)-111] DEBUG org.eclipse.jetty.io.ManagedSelector -- Selector sun.nio.ch.KQueueSelectorImpl@727197b2 woken up from select, 0/0/0 selected
18:14:47.425 [Jetty (JenkinsRule)-111] DEBUG org.eclipse.jetty.io.ManagedSelector -- Selector sun.nio.ch.KQueueSelectorImpl@727197b2 processing 0 keys, 1 updates
18:14:47.425 [Jetty (JenkinsRule)-111] DEBUG org.eclipse.jetty.io.ManagedSelector -- updateable 1
18:14:47.425 [Jetty (JenkinsRule)-111] DEBUG org.eclipse.jetty.io.ManagedSelector -- update org.eclipse.jetty.io.ManagedSelector$StopSelector@4ec9ac7e
18:14:47.425 [Jetty (JenkinsRule)-111] DEBUG org.eclipse.jetty.io.ManagedSelector -- updates 0
18:14:47.425 [Jetty (JenkinsRule)-111] DEBUG org.eclipse.jetty.util.thread.QueuedThreadPool -- ran org.eclipse.jetty.io.ManagedSelector$$Lambda$424/0x00000001403801f8@29946efd in QueuedThreadPool[Jetty (JenkinsRule)]@6e2b89{STARTED,8<=10<=200,i=5,r=-1,q=0}[ReservedThreadExecutor@7c284c2d{reserved=0/16,pending=0}]
18:14:47.425 [Executing testAdminWithCredentialsView(org.conjur.jenkins.credentials.ConjurCredentialStoreTest)] DEBUG org.eclipse.jetty.util.component.AbstractLifeCycle -- stopping EatWhatYouKill@231db18c/SelectorProducer@2331a142/IDLE/p=false/QueuedThreadPool[Jetty (JenkinsRule)]@6e2b89{STARTED,8<=10<=200,i=5,r=-1,q=0}[ReservedThreadExecutor@7c284c2d{reserved=0/16,pending=0}][pc=0,pic=0,pec=0,epc=0]@2024-10-22T18:14:47.425491+05:30
18:14:47.425 [Executing testAdminWithCredentialsView(org.conjur.jenkins.credentials.ConjurCredentialStoreTest)] DEBUG org.eclipse.jetty.util.component.AbstractLifeCycle -- STOPPED EatWhatYouKill@231db18c/SelectorProducer@2331a142/IDLE/p=false/QueuedThreadPool[Jetty (JenkinsRule)]@6e2b89{STARTED,8<=10<=200,i=6,r=-1,q=0}[ReservedThreadExecutor@7c284c2d{reserved=0/16,pending=0}][pc=0,pic=0,pec=0,epc=0]@2024-10-22T18:14:47.425725+05:30
18:14:47.425 [Executing testAdminWithCredentialsView(org.conjur.jenkins.credentials.ConjurCredentialStoreTest)] DEBUG org.eclipse.jetty.util.component.AbstractLifeCycle -- STOPPED ManagedSelector@7ff4418e{STOPPED} id=4 keys=-1 selected=-1 updates=0
18:14:47.426 [Executing testAdminWithCredentialsView(org.conjur.jenkins.credentials.ConjurCredentialStoreTest)] DEBUG org.eclipse.jetty.util.component.AbstractLifeCycle -- stopping ManagedSelector@3bd6b5e1{STARTED} id=3 keys=0 selected=0 updates=0
18:14:47.426 [Executing testAdminWithCredentialsView(org.conjur.jenkins.credentials.ConjurCredentialStoreTest)] DEBUG org.eclipse.jetty.io.ManagedSelector -- Queued change lazy=false org.eclipse.jetty.io.ManagedSelector$CloseConnections@47db4ad2 on ManagedSelector@3bd6b5e1{STOPPING} id=3 keys=0 selected=0 updates=0
18:14:47.426 [Executing testAdminWithCredentialsView(org.conjur.jenkins.credentials.ConjurCredentialStoreTest)] DEBUG org.eclipse.jetty.io.ManagedSelector -- Wakeup on submit ManagedSelector@3bd6b5e1{STOPPING} id=3 keys=0 selected=0 updates=1
18:14:47.426 [Jetty (JenkinsRule)-110] DEBUG org.eclipse.jetty.io.ManagedSelector -- Selector sun.nio.ch.KQueueSelectorImpl@26ace6c3 woken with none selected
18:14:47.426 [Jetty (JenkinsRule)-110] DEBUG org.eclipse.jetty.io.ManagedSelector -- Selector sun.nio.ch.KQueueSelectorImpl@26ace6c3 woken up from select, 0/0/0 selected
18:14:47.426 [Jetty (JenkinsRule)-110] DEBUG org.eclipse.jetty.io.ManagedSelector -- Selector sun.nio.ch.KQueueSelectorImpl@26ace6c3 processing 0 keys, 1 updates
18:14:47.426 [Jetty (JenkinsRule)-110] DEBUG org.eclipse.jetty.io.ManagedSelector -- updateable 1
18:14:47.426 [Jetty (JenkinsRule)-110] DEBUG org.eclipse.jetty.io.ManagedSelector -- update org.eclipse.jetty.io.ManagedSelector$CloseConnections@47db4ad2
18:14:47.426 [Jetty (JenkinsRule)-110] DEBUG org.eclipse.jetty.io.ManagedSelector -- Closing 0 connections on ManagedSelector@3bd6b5e1{STOPPING} id=3 keys=0 selected=0 updates=0
18:14:47.426 [Jetty (JenkinsRule)-110] DEBUG org.eclipse.jetty.io.ManagedSelector -- updates 0
18:14:47.426 [Jetty (JenkinsRule)-110] DEBUG org.eclipse.jetty.io.ManagedSelector -- Selector sun.nio.ch.KQueueSelectorImpl@26ace6c3 waiting with 0 keys
18:14:47.426 [Executing testAdminWithCredentialsView(org.conjur.jenkins.credentials.ConjurCredentialStoreTest)] DEBUG org.eclipse.jetty.io.ManagedSelector -- Queued change lazy=false org.eclipse.jetty.io.ManagedSelector$StopSelector@22b3e148 on ManagedSelector@3bd6b5e1{STOPPING} id=3 keys=0 selected=0 updates=0
18:14:47.426 [Executing testAdminWithCredentialsView(org.conjur.jenkins.credentials.ConjurCredentialStoreTest)] DEBUG org.eclipse.jetty.io.ManagedSelector -- Wakeup on submit ManagedSelector@3bd6b5e1{STOPPING} id=3 keys=0 selected=0 updates=1
18:14:47.426 [Jetty (JenkinsRule)-110] DEBUG org.eclipse.jetty.io.ManagedSelector -- Selector sun.nio.ch.KQueueSelectorImpl@26ace6c3 woken with none selected
18:14:47.426 [Jetty (JenkinsRule)-110] DEBUG org.eclipse.jetty.io.ManagedSelector -- Selector sun.nio.ch.KQueueSelectorImpl@26ace6c3 woken up from select, 0/0/0 selected
18:14:47.426 [Jetty (JenkinsRule)-110] DEBUG org.eclipse.jetty.io.ManagedSelector -- Selector sun.nio.ch.KQueueSelectorImpl@26ace6c3 processing 0 keys, 1 updates
18:14:47.427 [Jetty (JenkinsRule)-110] DEBUG org.eclipse.jetty.io.ManagedSelector -- updateable 1
18:14:47.427 [Jetty (JenkinsRule)-110] DEBUG org.eclipse.jetty.io.ManagedSelector -- update org.eclipse.jetty.io.ManagedSelector$StopSelector@22b3e148
18:14:47.427 [Jetty (JenkinsRule)-110] DEBUG org.eclipse.jetty.io.ManagedSelector -- updates 0
18:14:47.427 [Jetty (JenkinsRule)-110] DEBUG org.eclipse.jetty.util.thread.QueuedThreadPool -- ran org.eclipse.jetty.io.ManagedSelector$$Lambda$424/0x00000001403801f8@7fcf7aba in QueuedThreadPool[Jetty (JenkinsRule)]@6e2b89{STARTED,8<=10<=200,i=6,r=-1,q=0}[ReservedThreadExecutor@7c284c2d{reserved=0/16,pending=0}]
18:14:47.427 [Executing testAdminWithCredentialsView(org.conjur.jenkins.credentials.ConjurCredentialStoreTest)] DEBUG org.eclipse.jetty.util.component.AbstractLifeCycle -- stopping EatWhatYouKill@64ac8005/SelectorProducer@62b7c5d7/IDLE/p=false/QueuedThreadPool[Jetty (JenkinsRule)]@6e2b89{STARTED,8<=10<=200,i=6,r=-1,q=0}[ReservedThreadExecutor@7c284c2d{reserved=0/16,pending=0}][pc=0,pic=0,pec=0,epc=0]@2024-10-22T18:14:47.427275+05:30
18:14:47.427 [Executing testAdminWithCredentialsView(org.conjur.jenkins.credentials.ConjurCredentialStoreTest)] DEBUG org.eclipse.jetty.util.component.AbstractLifeCycle -- STOPPED EatWhatYouKill@64ac8005/SelectorProducer@62b7c5d7/IDLE/p=false/QueuedThreadPool[Jetty (JenkinsRule)]@6e2b89{STARTED,8<=10<=200,i=7,r=-1,q=0}[ReservedThreadExecutor@7c284c2d{reserved=0/16,pending=0}][pc=0,pic=0,pec=0,epc=0]@2024-10-22T18:14:47.427482+05:30
18:14:47.427 [Executing testAdminWithCredentialsView(org.conjur.jenkins.credentials.ConjurCredentialStoreTest)] DEBUG org.eclipse.jetty.util.component.AbstractLifeCycle -- STOPPED ManagedSelector@3bd6b5e1{STOPPED} id=3 keys=-1 selected=-1 updates=0
18:14:47.427 [Executing testAdminWithCredentialsView(org.conjur.jenkins.credentials.ConjurCredentialStoreTest)] DEBUG org.eclipse.jetty.util.component.AbstractLifeCycle -- stopping ManagedSelector@331578d7{STARTED} id=2 keys=0 selected=0 updates=0
18:14:47.427 [Executing testAdminWithCredentialsView(org.conjur.jenkins.credentials.ConjurCredentialStoreTest)] DEBUG org.eclipse.jetty.io.ManagedSelector -- Queued change lazy=false org.eclipse.jetty.io.ManagedSelector$CloseConnections@1489159a on ManagedSelector@331578d7{STOPPING} id=2 keys=0 selected=0 updates=0
18:14:47.427 [Executing testAdminWithCredentialsView(org.conjur.jenkins.credentials.ConjurCredentialStoreTest)] DEBUG org.eclipse.jetty.io.ManagedSelector -- Wakeup on submit ManagedSelector@331578d7{STOPPING} id=2 keys=0 selected=0 updates=1
18:14:47.428 [Jetty (JenkinsRule)-109] DEBUG org.eclipse.jetty.io.ManagedSelector -- Selector sun.nio.ch.KQueueSelectorImpl@2e544577 woken with none selected
18:14:47.428 [Jetty (JenkinsRule)-109] DEBUG org.eclipse.jetty.io.ManagedSelector -- Selector sun.nio.ch.KQueueSelectorImpl@2e544577 woken up from select, 0/0/0 selected
18:14:47.428 [Jetty (JenkinsRule)-109] DEBUG org.eclipse.jetty.io.ManagedSelector -- Selector sun.nio.ch.KQueueSelectorImpl@2e544577 processing 0 keys, 1 updates
18:14:47.428 [Jetty (JenkinsRule)-109] DEBUG org.eclipse.jetty.io.ManagedSelector -- updateable 1
18:14:47.428 [Jetty (JenkinsRule)-109] DEBUG org.eclipse.jetty.io.ManagedSelector -- update org.eclipse.jetty.io.ManagedSelector$CloseConnections@1489159a
18:14:47.428 [Jetty (JenkinsRule)-109] DEBUG org.eclipse.jetty.io.ManagedSelector -- Closing 0 connections on ManagedSelector@331578d7{STOPPING} id=2 keys=0 selected=0 updates=0
18:14:47.428 [Jetty (JenkinsRule)-109] DEBUG org.eclipse.jetty.io.ManagedSelector -- updates 0
18:14:47.428 [Jetty (JenkinsRule)-109] DEBUG org.eclipse.jetty.io.ManagedSelector -- Selector sun.nio.ch.KQueueSelectorImpl@2e544577 waiting with 0 keys
18:14:47.428 [Executing testAdminWithCredentialsView(org.conjur.jenkins.credentials.ConjurCredentialStoreTest)] DEBUG org.eclipse.jetty.io.ManagedSelector -- Queued change lazy=false org.eclipse.jetty.io.ManagedSelector$StopSelector@17a0f129 on ManagedSelector@331578d7{STOPPING} id=2 keys=0 selected=0 updates=0
18:14:47.428 [Executing testAdminWithCredentialsView(org.conjur.jenkins.credentials.ConjurCredentialStoreTest)] DEBUG org.eclipse.jetty.io.ManagedSelector -- Wakeup on submit ManagedSelector@331578d7{STOPPING} id=2 keys=0 selected=0 updates=1
18:14:47.428 [Jetty (JenkinsRule)-109] DEBUG org.eclipse.jetty.io.ManagedSelector -- Selector sun.nio.ch.KQueueSelectorImpl@2e544577 woken with none selected
18:14:47.428 [Jetty (JenkinsRule)-109] DEBUG org.eclipse.jetty.io.ManagedSelector -- Selector sun.nio.ch.KQueueSelectorImpl@2e544577 woken up from select, 0/0/0 selected
18:14:47.428 [Jetty (JenkinsRule)-109] DEBUG org.eclipse.jetty.io.ManagedSelector -- Selector sun.nio.ch.KQueueSelectorImpl@2e544577 processing 0 keys, 1 updates
18:14:47.428 [Jetty (JenkinsRule)-109] DEBUG org.eclipse.jetty.io.ManagedSelector -- updateable 1
18:14:47.428 [Jetty (JenkinsRule)-109] DEBUG org.eclipse.jetty.io.ManagedSelector -- update org.eclipse.jetty.io.ManagedSelector$StopSelector@17a0f129
18:14:47.428 [Jetty (JenkinsRule)-109] DEBUG org.eclipse.jetty.io.ManagedSelector -- updates 0
18:14:47.429 [Jetty (JenkinsRule)-109] DEBUG org.eclipse.jetty.util.thread.QueuedThreadPool -- ran org.eclipse.jetty.io.ManagedSelector$$Lambda$424/0x00000001403801f8@250569e9 in QueuedThreadPool[Jetty (JenkinsRule)]@6e2b89{STARTED,8<=10<=200,i=7,r=-1,q=0}[ReservedThreadExecutor@7c284c2d{reserved=0/16,pending=0}]
18:14:47.429 [Executing testAdminWithCredentialsView(org.conjur.jenkins.credentials.ConjurCredentialStoreTest)] DEBUG org.eclipse.jetty.util.component.AbstractLifeCycle -- stopping EatWhatYouKill@6cfd5c03/SelectorProducer@1699f434/IDLE/p=false/QueuedThreadPool[Jetty (JenkinsRule)]@6e2b89{STARTED,8<=10<=200,i=7,r=-1,q=0}[ReservedThreadExecutor@7c284c2d{reserved=0/16,pending=0}][pc=0,pic=0,pec=0,epc=0]@2024-10-22T18:14:47.42905+05:30
18:14:47.429 [Executing testAdminWithCredentialsView(org.conjur.jenkins.credentials.ConjurCredentialStoreTest)] DEBUG org.eclipse.jetty.util.component.AbstractLifeCycle -- STOPPED EatWhatYouKill@6cfd5c03/SelectorProducer@1699f434/IDLE/p=false/QueuedThreadPool[Jetty (JenkinsRule)]@6e2b89{STARTED,8<=10<=200,i=8,r=-1,q=0}[ReservedThreadExecutor@7c284c2d{reserved=0/16,pending=0}][pc=0,pic=0,pec=0,epc=0]@2024-10-22T18:14:47.429323+05:30
18:14:47.429 [Executing testAdminWithCredentialsView(org.conjur.jenkins.credentials.ConjurCredentialStoreTest)] DEBUG org.eclipse.jetty.util.component.AbstractLifeCycle -- STOPPED ManagedSelector@331578d7{STOPPED} id=2 keys=-1 selected=-1 updates=0
18:14:47.429 [Executing testAdminWithCredentialsView(org.conjur.jenkins.credentials.ConjurCredentialStoreTest)] DEBUG org.eclipse.jetty.util.component.AbstractLifeCycle -- stopping ManagedSelector@beb80b0{STARTED} id=1 keys=0 selected=0 updates=0
18:14:47.429 [Executing testAdminWithCredentialsView(org.conjur.jenkins.credentials.ConjurCredentialStoreTest)] DEBUG org.eclipse.jetty.io.ManagedSelector -- Queued change lazy=false org.eclipse.jetty.io.ManagedSelector$CloseConnections@a30a4d5 on ManagedSelector@beb80b0{STOPPING} id=1 keys=0 selected=0 updates=0
18:14:47.429 [Executing testAdminWithCredentialsView(org.conjur.jenkins.credentials.ConjurCredentialStoreTest)] DEBUG org.eclipse.jetty.io.ManagedSelector -- Wakeup on submit ManagedSelector@beb80b0{STOPPING} id=1 keys=0 selected=0 updates=1
18:14:47.430 [Jetty (JenkinsRule)-108] DEBUG org.eclipse.jetty.io.ManagedSelector -- Selector sun.nio.ch.KQueueSelectorImpl@37315cf4 woken with none selected
18:14:47.430 [Jetty (JenkinsRule)-108] DEBUG org.eclipse.jetty.io.ManagedSelector -- Selector sun.nio.ch.KQueueSelectorImpl@37315cf4 woken up from select, 0/0/0 selected
18:14:47.430 [Jetty (JenkinsRule)-108] DEBUG org.eclipse.jetty.io.ManagedSelector -- Selector sun.nio.ch.KQueueSelectorImpl@37315cf4 processing 0 keys, 1 updates
18:14:47.430 [Jetty (JenkinsRule)-108] DEBUG org.eclipse.jetty.io.ManagedSelector -- updateable 1
18:14:47.430 [Jetty (JenkinsRule)-108] DEBUG org.eclipse.jetty.io.ManagedSelector -- update org.eclipse.jetty.io.ManagedSelector$CloseConnections@a30a4d5
18:14:47.430 [Jetty (JenkinsRule)-108] DEBUG org.eclipse.jetty.io.ManagedSelector -- Closing 0 connections on ManagedSelector@beb80b0{STOPPING} id=1 keys=0 selected=0 updates=0
18:14:47.430 [Jetty (JenkinsRule)-108] DEBUG org.eclipse.jetty.io.ManagedSelector -- updates 0
18:14:47.430 [Jetty (JenkinsRule)-108] DEBUG org.eclipse.jetty.io.ManagedSelector -- Selector sun.nio.ch.KQueueSelectorImpl@37315cf4 waiting with 0 keys
18:14:47.430 [Executing testAdminWithCredentialsView(org.conjur.jenkins.credentials.ConjurCredentialStoreTest)] DEBUG org.eclipse.jetty.io.ManagedSelector -- Queued change lazy=false org.eclipse.jetty.io.ManagedSelector$StopSelector@37b4bd7a on ManagedSelector@beb80b0{STOPPING} id=1 keys=0 selected=0 updates=0
18:14:47.430 [Executing testAdminWithCredentialsView(org.conjur.jenkins.credentials.ConjurCredentialStoreTest)] DEBUG org.eclipse.jetty.io.ManagedSelector -- Wakeup on submit ManagedSelector@beb80b0{STOPPING} id=1 keys=0 selected=0 updates=1
18:14:47.430 [Jetty (JenkinsRule)-108] DEBUG org.eclipse.jetty.io.ManagedSelector -- Selector sun.nio.ch.KQueueSelectorImpl@37315cf4 woken with none selected
18:14:47.430 [Jetty (JenkinsRule)-108] DEBUG org.eclipse.jetty.io.ManagedSelector -- Selector sun.nio.ch.KQueueSelectorImpl@37315cf4 woken up from select, 0/0/0 selected
18:14:47.430 [Jetty (JenkinsRule)-108] DEBUG org.eclipse.jetty.io.ManagedSelector -- Selector sun.nio.ch.KQueueSelectorImpl@37315cf4 processing 0 keys, 1 updates
18:14:47.430 [Jetty (JenkinsRule)-108] DEBUG org.eclipse.jetty.io.ManagedSelector -- updateable 1
18:14:47.430 [Jetty (JenkinsRule)-108] DEBUG org.eclipse.jetty.io.ManagedSelector -- update org.eclipse.jetty.io.ManagedSelector$StopSelector@37b4bd7a
18:14:47.430 [Jetty (JenkinsRule)-108] DEBUG org.eclipse.jetty.io.ManagedSelector -- updates 0
18:14:47.430 [Jetty (JenkinsRule)-108] DEBUG org.eclipse.jetty.util.thread.QueuedThreadPool -- ran org.eclipse.jetty.io.ManagedSelector$$Lambda$424/0x00000001403801f8@57447f33 in QueuedThreadPool[Jetty (JenkinsRule)]@6e2b89{STARTED,8<=10<=200,i=8,r=-1,q=0}[ReservedThreadExecutor@7c284c2d{reserved=0/16,pending=0}]
18:14:47.431 [Executing testAdminWithCredentialsView(org.conjur.jenkins.credentials.ConjurCredentialStoreTest)] DEBUG org.eclipse.jetty.util.component.AbstractLifeCycle -- stopping EatWhatYouKill@4f86b303/SelectorProducer@2dd10f07/IDLE/p=false/QueuedThreadPool[Jetty (JenkinsRule)]@6e2b89{STARTED,8<=10<=200,i=8,r=-1,q=0}[ReservedThreadExecutor@7c284c2d{reserved=0/16,pending=0}][pc=0,pic=0,pec=0,epc=0]@2024-10-22T18:14:47.431013+05:30
18:14:47.431 [Executing testAdminWithCredentialsView(org.conjur.jenkins.credentials.ConjurCredentialStoreTest)] DEBUG org.eclipse.jetty.util.component.AbstractLifeCycle -- STOPPED EatWhatYouKill@4f86b303/SelectorProducer@2dd10f07/IDLE/p=false/QueuedThreadPool[Jetty (JenkinsRule)]@6e2b89{STARTED,8<=10<=200,i=9,r=-1,q=0}[ReservedThreadExecutor@7c284c2d{reserved=0/16,pending=0}][pc=0,pic=0,pec=0,epc=0]@2024-10-22T18:14:47.431221+05:30
18:14:47.431 [Executing testAdminWithCredentialsView(org.conjur.jenkins.credentials.ConjurCredentialStoreTest)] DEBUG org.eclipse.jetty.util.component.AbstractLifeCycle -- STOPPED ManagedSelector@beb80b0{STOPPED} id=1 keys=-1 selected=-1 updates=0
18:14:47.431 [Executing testAdminWithCredentialsView(org.conjur.jenkins.credentials.ConjurCredentialStoreTest)] DEBUG org.eclipse.jetty.util.component.AbstractLifeCycle -- stopping ManagedSelector@56163ce2{STARTED} id=0 keys=0 selected=0 updates=0
18:14:47.431 [Executing testAdminWithCredentialsView(org.conjur.jenkins.credentials.ConjurCredentialStoreTest)] DEBUG org.eclipse.jetty.io.ManagedSelector -- Queued change lazy=false org.eclipse.jetty.io.ManagedSelector$CloseConnections@6b4d5bd3 on ManagedSelector@56163ce2{STOPPING} id=0 keys=0 selected=0 updates=0
18:14:47.431 [Executing testAdminWithCredentialsView(org.conjur.jenkins.credentials.ConjurCredentialStoreTest)] DEBUG org.eclipse.jetty.io.ManagedSelector -- Wakeup on submit ManagedSelector@56163ce2{STOPPING} id=0 keys=0 selected=0 updates=1
18:14:47.431 [Jetty (JenkinsRule)-107] DEBUG org.eclipse.jetty.io.ManagedSelector -- Selector sun.nio.ch.KQueueSelectorImpl@4ed024b9 woken with none selected
18:14:47.431 [Jetty (JenkinsRule)-107] DEBUG org.eclipse.jetty.io.ManagedSelector -- Selector sun.nio.ch.KQueueSelectorImpl@4ed024b9 woken up from select, 0/0/0 selected
18:14:47.431 [Jetty (JenkinsRule)-107] DEBUG org.eclipse.jetty.io.ManagedSelector -- Selector sun.nio.ch.KQueueSelectorImpl@4ed024b9 processing 0 keys, 1 updates
18:14:47.431 [Jetty (JenkinsRule)-107] DEBUG org.eclipse.jetty.io.ManagedSelector -- updateable 1
18:14:47.431 [Jetty (JenkinsRule)-107] DEBUG org.eclipse.jetty.io.ManagedSelector -- update org.eclipse.jetty.io.ManagedSelector$CloseConnections@6b4d5bd3
18:14:47.431 [Jetty (JenkinsRule)-107] DEBUG org.eclipse.jetty.io.ManagedSelector -- Closing 0 connections on ManagedSelector@56163ce2{STOPPING} id=0 keys=0 selected=0 updates=0
18:14:47.432 [Jetty (JenkinsRule)-107] DEBUG org.eclipse.jetty.io.ManagedSelector -- updates 0
18:14:47.432 [Jetty (JenkinsRule)-107] DEBUG org.eclipse.jetty.io.ManagedSelector -- Selector sun.nio.ch.KQueueSelectorImpl@4ed024b9 waiting with 0 keys
18:14:47.432 [Executing testAdminWithCredentialsView(org.conjur.jenkins.credentials.ConjurCredentialStoreTest)] DEBUG org.eclipse.jetty.io.ManagedSelector -- Queued change lazy=false org.eclipse.jetty.io.ManagedSelector$StopSelector@7b74d62a on ManagedSelector@56163ce2{STOPPING} id=0 keys=0 selected=0 updates=0
18:14:47.432 [Executing testAdminWithCredentialsView(org.conjur.jenkins.credentials.ConjurCredentialStoreTest)] DEBUG org.eclipse.jetty.io.ManagedSelector -- Wakeup on submit ManagedSelector@56163ce2{STOPPING} id=0 keys=0 selected=0 updates=1
18:14:47.432 [Jetty (JenkinsRule)-107] DEBUG org.eclipse.jetty.io.ManagedSelector -- Selector sun.nio.ch.KQueueSelectorImpl@4ed024b9 woken with none selected
18:14:47.432 [Jetty (JenkinsRule)-107] DEBUG org.eclipse.jetty.io.ManagedSelector -- Selector sun.nio.ch.KQueueSelectorImpl@4ed024b9 woken up from select, 0/0/0 selected
18:14:47.432 [Jetty (JenkinsRule)-107] DEBUG org.eclipse.jetty.io.ManagedSelector -- Selector sun.nio.ch.KQueueSelectorImpl@4ed024b9 processing 0 keys, 1 updates
18:14:47.432 [Jetty (JenkinsRule)-107] DEBUG org.eclipse.jetty.io.ManagedSelector -- updateable 1
18:14:47.432 [Jetty (JenkinsRule)-107] DEBUG org.eclipse.jetty.io.ManagedSelector -- update org.eclipse.jetty.io.ManagedSelector$StopSelector@7b74d62a
18:14:47.432 [Jetty (JenkinsRule)-107] DEBUG org.eclipse.jetty.io.ManagedSelector -- updates 0
18:14:47.432 [Jetty (JenkinsRule)-107] DEBUG org.eclipse.jetty.util.thread.QueuedThreadPool -- ran org.eclipse.jetty.io.ManagedSelector$$Lambda$424/0x00000001403801f8@6f089792 in QueuedThreadPool[Jetty (JenkinsRule)]@6e2b89{STARTED,8<=10<=200,i=9,r=-1,q=0}[ReservedThreadExecutor@7c284c2d{reserved=0/16,pending=0}]
18:14:47.432 [Executing testAdminWithCredentialsView(org.conjur.jenkins.credentials.ConjurCredentialStoreTest)] DEBUG org.eclipse.jetty.util.component.AbstractLifeCycle -- stopping EatWhatYouKill@77b2a0f4/SelectorProducer@446c5e0b/IDLE/p=false/QueuedThreadPool[Jetty (JenkinsRule)]@6e2b89{STARTED,8<=10<=200,i=9,r=-1,q=0}[ReservedThreadExecutor@7c284c2d{reserved=0/16,pending=0}][pc=0,pic=0,pec=0,epc=0]@2024-10-22T18:14:47.432648+05:30
18:14:47.432 [Executing testAdminWithCredentialsView(org.conjur.jenkins.credentials.ConjurCredentialStoreTest)] DEBUG org.eclipse.jetty.util.component.AbstractLifeCycle -- STOPPED EatWhatYouKill@77b2a0f4/SelectorProducer@446c5e0b/IDLE/p=false/QueuedThreadPool[Jetty (JenkinsRule)]@6e2b89{STARTED,8<=10<=200,i=10,r=-1,q=0}[ReservedThreadExecutor@7c284c2d{reserved=0/16,pending=0}][pc=0,pic=0,pec=0,epc=0]@2024-10-22T18:14:47.432844+05:30
18:14:47.432 [Executing testAdminWithCredentialsView(org.conjur.jenkins.credentials.ConjurCredentialStoreTest)] DEBUG org.eclipse.jetty.util.component.AbstractLifeCycle -- STOPPED ManagedSelector@56163ce2{STOPPED} id=0 keys=-1 selected=-1 updates=0
18:14:47.433 [Executing testAdminWithCredentialsView(org.conjur.jenkins.credentials.ConjurCredentialStoreTest)] DEBUG org.eclipse.jetty.util.component.AbstractLifeCycle -- STOPPED SelectorManager@ServerConnector@127c7906{HTTP/1.1, (http/1.1)}{localhost:0}
18:14:47.433 [Executing testAdminWithCredentialsView(org.conjur.jenkins.credentials.ConjurCredentialStoreTest)] DEBUG org.eclipse.jetty.util.component.AbstractLifeCycle -- stopping HttpConnectionFactory@15ba03af[HTTP/1.1]
18:14:47.433 [Executing testAdminWithCredentialsView(org.conjur.jenkins.credentials.ConjurCredentialStoreTest)] DEBUG org.eclipse.jetty.util.component.AbstractLifeCycle -- STOPPED HttpConnectionFactory@15ba03af[HTTP/1.1]
18:14:47.433 [Executing testAdminWithCredentialsView(org.conjur.jenkins.credentials.ConjurCredentialStoreTest)] DEBUG org.eclipse.jetty.util.component.AbstractLifeCycle -- stopping ScheduledExecutorScheduler@2b906617{STARTED}
18:14:47.433 [Executing testAdminWithCredentialsView(org.conjur.jenkins.credentials.ConjurCredentialStoreTest)] DEBUG org.eclipse.jetty.util.component.AbstractLifeCycle -- STOPPED ScheduledExecutorScheduler@2b906617{STOPPED}
18:14:47.433 [Executing testAdminWithCredentialsView(org.conjur.jenkins.credentials.ConjurCredentialStoreTest)] INFO org.eclipse.jetty.server.AbstractConnector -- Stopped ServerConnector@127c7906{HTTP/1.1, (http/1.1)}{localhost:0}
18:14:47.433 [Executing testAdminWithCredentialsView(org.conjur.jenkins.credentials.ConjurCredentialStoreTest)] DEBUG org.eclipse.jetty.util.component.AbstractLifeCycle -- STOPPED ServerConnector@127c7906{HTTP/1.1, (http/1.1)}{localhost:0}
18:14:47.433 [Executing testAdminWithCredentialsView(org.conjur.jenkins.credentials.ConjurCredentialStoreTest)] DEBUG org.eclipse.jetty.server.handler.AbstractHandler -- stopping Server@415321b2{STOPPING}[9.4.48.v20220622]
18:14:47.433 [Executing testAdminWithCredentialsView(org.conjur.jenkins.credentials.ConjurCredentialStoreTest)] DEBUG org.eclipse.jetty.util.component.AbstractLifeCycle -- stopping DefaultSessionIdManager@2bbf1766{STARTED}[worker=node0]
18:14:47.433 [Executing testAdminWithCredentialsView(org.conjur.jenkins.credentials.ConjurCredentialStoreTest)] DEBUG org.eclipse.jetty.util.component.AbstractLifeCycle -- stopping HouseKeeper@50330389{STARTED}[interval=600000, ownscheduler=true]
18:14:47.433 [Executing testAdminWithCredentialsView(org.conjur.jenkins.credentials.ConjurCredentialStoreTest)] INFO org.eclipse.jetty.server.session -- node0 Stopped scavenging
18:14:47.433 [Executing testAdminWithCredentialsView(org.conjur.jenkins.credentials.ConjurCredentialStoreTest)] DEBUG org.eclipse.jetty.util.component.AbstractLifeCycle -- stopping ScheduledExecutorScheduler@3e42ace{STARTED}
18:14:47.434 [Executing testAdminWithCredentialsView(org.conjur.jenkins.credentials.ConjurCredentialStoreTest)] DEBUG org.eclipse.jetty.util.component.AbstractLifeCycle -- STOPPED ScheduledExecutorScheduler@3e42ace{STOPPED}
18:14:47.434 [Executing testAdminWithCredentialsView(org.conjur.jenkins.credentials.ConjurCredentialStoreTest)] DEBUG org.eclipse.jetty.util.component.AbstractLifeCycle -- STOPPED HouseKeeper@50330389{STOPPED}[interval=600000, ownscheduler=false]
18:14:47.434 [Executing testAdminWithCredentialsView(org.conjur.jenkins.credentials.ConjurCredentialStoreTest)] DEBUG org.eclipse.jetty.util.component.AbstractLifeCycle -- STOPPED DefaultSessionIdManager@2bbf1766{STOPPED}[worker=node0]
18:14:47.434 [Executing testAdminWithCredentialsView(org.conjur.jenkins.credentials.ConjurCredentialStoreTest)] DEBUG org.eclipse.jetty.util.component.AbstractLifeCycle -- stopping ErrorHandler@deda0df{STARTED}
18:14:47.434 [Executing testAdminWithCredentialsView(org.conjur.jenkins.credentials.ConjurCredentialStoreTest)] DEBUG org.eclipse.jetty.server.handler.AbstractHandler -- stopping ErrorHandler@deda0df{STOPPING}
18:14:47.434 [Executing testAdminWithCredentialsView(org.conjur.jenkins.credentials.ConjurCredentialStoreTest)] DEBUG org.eclipse.jetty.util.component.AbstractLifeCycle -- STOPPED ErrorHandler@deda0df{STOPPED}
18:14:47.434 [Executing testAdminWithCredentialsView(org.conjur.jenkins.credentials.ConjurCredentialStoreTest)] DEBUG org.eclipse.jetty.util.component.AbstractLifeCycle -- stopping o.e.j.w.WebAppContext@11b8500{Jenkins v2.346.3,/jenkins,file:///Users/sameer.shaik/MyWorkSpace/17OctV2.2.3-New-BitBucketIssueFixed/conjur-credentials-plugin/target/jenkins-for-test/,SHUTDOWN}{/Users/sameer.shaik/MyWorkSpace/17OctV2.2.3-New-BitBucketIssueFixed/conjur-credentials-plugin/target/jenkins-for-test}
18:14:47.434 [Executing testAdminWithCredentialsView(org.conjur.jenkins.credentials.ConjurCredentialStoreTest)] DEBUG org.eclipse.jetty.server.handler.AbstractHandlerContainer -- Graceful shutdown o.e.j.w.WebAppContext@11b8500{Jenkins v2.346.3,/jenkins,file:///Users/sameer.shaik/MyWorkSpace/17OctV2.2.3-New-BitBucketIssueFixed/conjur-credentials-plugin/target/jenkins-for-test/,SHUTDOWN}{/Users/sameer.shaik/MyWorkSpace/17OctV2.2.3-New-BitBucketIssueFixed/conjur-credentials-plugin/target/jenkins-for-test} by 
18:14:47.434 [Executing testAdminWithCredentialsView(org.conjur.jenkins.credentials.ConjurCredentialStoreTest)] DEBUG org.eclipse.jetty.server.handler.AbstractHandler -- stopping o.e.j.w.WebAppContext@11b8500{Jenkins v2.346.3,/jenkins,file:///Users/sameer.shaik/MyWorkSpace/17OctV2.2.3-New-BitBucketIssueFixed/conjur-credentials-plugin/target/jenkins-for-test/,STOPPED}{/Users/sameer.shaik/MyWorkSpace/17OctV2.2.3-New-BitBucketIssueFixed/conjur-credentials-plugin/target/jenkins-for-test}
18:14:47.434 [Executing testAdminWithCredentialsView(org.conjur.jenkins.credentials.ConjurCredentialStoreTest)] DEBUG org.eclipse.jetty.util.component.AbstractLifeCycle -- stopping NoListenerConfiguration@4aad331d{STARTED}
18:14:47.435 [Executing testAdminWithCredentialsView(org.conjur.jenkins.credentials.ConjurCredentialStoreTest)] DEBUG org.eclipse.jetty.util.component.AbstractLifeCycle -- STOPPED NoListenerConfiguration@4aad331d{STOPPED}
18:14:47.435 [Executing testAdminWithCredentialsView(org.conjur.jenkins.credentials.ConjurCredentialStoreTest)] DEBUG org.eclipse.jetty.util.component.AbstractLifeCycle -- stopping ErrorPageErrorHandler@25328338{STARTED}
18:14:47.435 [Executing testAdminWithCredentialsView(org.conjur.jenkins.credentials.ConjurCredentialStoreTest)] DEBUG org.eclipse.jetty.server.handler.AbstractHandler -- stopping ErrorPageErrorHandler@25328338{STOPPING}
18:14:47.435 [Executing testAdminWithCredentialsView(org.conjur.jenkins.credentials.ConjurCredentialStoreTest)] DEBUG org.eclipse.jetty.util.component.AbstractLifeCycle -- STOPPED ErrorPageErrorHandler@25328338{STOPPED}
18:14:47.435 [Executing testAdminWithCredentialsView(org.conjur.jenkins.credentials.ConjurCredentialStoreTest)] DEBUG org.eclipse.jetty.util.component.AbstractLifeCycle -- stopping org.eclipse.jetty.server.session.SessionHandler561831677==dftMaxIdleSec=1800
18:14:47.435 [Executing testAdminWithCredentialsView(org.conjur.jenkins.credentials.ConjurCredentialStoreTest)] DEBUG org.eclipse.jetty.server.session -- Shutdown sessions, invalidating = false
18:14:47.435 [Executing testAdminWithCredentialsView(org.conjur.jenkins.credentials.ConjurCredentialStoreTest)] DEBUG org.eclipse.jetty.util.component.AbstractLifeCycle -- stopping org.eclipse.jetty.server.session.DefaultSessionCache@6caaa91b[evict=-1,removeUnloadable=false,saveOnCreate=false,saveOnInactiveEvict=false]
18:14:47.435 [Executing testAdminWithCredentialsView(org.conjur.jenkins.credentials.ConjurCredentialStoreTest)] DEBUG org.eclipse.jetty.util.component.AbstractLifeCycle -- stopping org.eclipse.jetty.server.session.NullSessionDataStore@48885c05[passivating=false,graceSec=3600]
18:14:47.435 [Executing testAdminWithCredentialsView(org.conjur.jenkins.credentials.ConjurCredentialStoreTest)] DEBUG org.eclipse.jetty.util.component.AbstractLifeCycle -- STOPPED org.eclipse.jetty.server.session.NullSessionDataStore@48885c05[passivating=false,graceSec=3600]
18:14:47.436 [Executing testAdminWithCredentialsView(org.conjur.jenkins.credentials.ConjurCredentialStoreTest)] DEBUG org.eclipse.jetty.util.component.AbstractLifeCycle -- STOPPED org.eclipse.jetty.server.session.DefaultSessionCache@6caaa91b[evict=-1,removeUnloadable=false,saveOnCreate=false,saveOnInactiveEvict=false]
18:14:47.436 [Executing testAdminWithCredentialsView(org.conjur.jenkins.credentials.ConjurCredentialStoreTest)] DEBUG org.eclipse.jetty.util.component.AbstractLifeCycle -- stopping ScheduledExecutorScheduler@6622486e{STARTED}
18:14:47.436 [Executing testAdminWithCredentialsView(org.conjur.jenkins.credentials.ConjurCredentialStoreTest)] DEBUG org.eclipse.jetty.util.component.AbstractLifeCycle -- STOPPED ScheduledExecutorScheduler@6622486e{STOPPED}
18:14:47.436 [Executing testAdminWithCredentialsView(org.conjur.jenkins.credentials.ConjurCredentialStoreTest)] DEBUG org.eclipse.jetty.server.handler.AbstractHandler -- stopping org.eclipse.jetty.server.session.SessionHandler561831677==dftMaxIdleSec=1800
18:14:47.436 [Executing testAdminWithCredentialsView(org.conjur.jenkins.credentials.ConjurCredentialStoreTest)] DEBUG org.eclipse.jetty.util.component.AbstractLifeCycle -- stopping ConstraintSecurityHandler@7c126c57{STARTED}
18:14:47.436 [Executing testAdminWithCredentialsView(org.conjur.jenkins.credentials.ConjurCredentialStoreTest)] DEBUG org.eclipse.jetty.server.handler.AbstractHandler -- stopping ConstraintSecurityHandler@7c126c57{STOPPING}
18:14:47.436 [Executing testAdminWithCredentialsView(org.conjur.jenkins.credentials.ConjurCredentialStoreTest)] DEBUG org.eclipse.jetty.util.component.AbstractLifeCycle -- stopping HashLoginService@50617d49[default]
18:14:47.436 [Executing testAdminWithCredentialsView(org.conjur.jenkins.credentials.ConjurCredentialStoreTest)] DEBUG org.eclipse.jetty.util.component.AbstractLifeCycle -- stopping UserStore@72033e33{STARTED}
18:14:47.436 [Executing testAdminWithCredentialsView(org.conjur.jenkins.credentials.ConjurCredentialStoreTest)] DEBUG org.eclipse.jetty.util.component.AbstractLifeCycle -- STOPPED UserStore@72033e33{STOPPED}
18:14:47.437 [Executing testAdminWithCredentialsView(org.conjur.jenkins.credentials.ConjurCredentialStoreTest)] DEBUG org.eclipse.jetty.util.component.AbstractLifeCycle -- STOPPED HashLoginService@50617d49[default]
18:14:47.437 [Executing testAdminWithCredentialsView(org.conjur.jenkins.credentials.ConjurCredentialStoreTest)] DEBUG org.eclipse.jetty.util.component.AbstractLifeCycle -- stopping ServletHandler@627e32bc{STARTED}
18:14:47.437 [Executing testAdminWithCredentialsView(org.conjur.jenkins.credentials.ConjurCredentialStoreTest)] DEBUG org.eclipse.jetty.server.handler.AbstractHandler -- stopping ServletHandler@627e32bc{STOPPING}
18:14:47.437 [Executing testAdminWithCredentialsView(org.conjur.jenkins.credentials.ConjurCredentialStoreTest)] DEBUG org.eclipse.jetty.util.component.AbstractLifeCycle -- stopping plugins-filter==hudson.util.PluginServletFilter@5ae73664{inst=true,async=true,src=DESCRIPTOR:file:///Users/sameer.shaik/MyWorkSpace/17OctV2.2.3-New-BitBucketIssueFixed/conjur-credentials-plugin/target/jenkins-for-test/WEB-INF/web.xml}
18:14:47.437 [Executing testAdminWithCredentialsView(org.conjur.jenkins.credentials.ConjurCredentialStoreTest)] DEBUG org.eclipse.jetty.util.component.AbstractLifeCycle -- STOPPED plugins-filter==hudson.util.PluginServletFilter@5ae73664{inst=false,async=true,src=DESCRIPTOR:file:///Users/sameer.shaik/MyWorkSpace/17OctV2.2.3-New-BitBucketIssueFixed/conjur-credentials-plugin/target/jenkins-for-test/WEB-INF/web.xml}
18:14:47.437 [Executing testAdminWithCredentialsView(org.conjur.jenkins.credentials.ConjurCredentialStoreTest)] DEBUG org.eclipse.jetty.util.component.AbstractLifeCycle -- stopping csrf-filter==hudson.security.csrf.CrumbFilter@eb55675{inst=true,async=true,src=DESCRIPTOR:file:///Users/sameer.shaik/MyWorkSpace/17OctV2.2.3-New-BitBucketIssueFixed/conjur-credentials-plugin/target/jenkins-for-test/WEB-INF/web.xml}
18:14:47.437 [Executing testAdminWithCredentialsView(org.conjur.jenkins.credentials.ConjurCredentialStoreTest)] DEBUG org.eclipse.jetty.util.component.AbstractLifeCycle -- STOPPED csrf-filter==hudson.security.csrf.CrumbFilter@eb55675{inst=false,async=true,src=DESCRIPTOR:file:///Users/sameer.shaik/MyWorkSpace/17OctV2.2.3-New-BitBucketIssueFixed/conjur-credentials-plugin/target/jenkins-for-test/WEB-INF/web.xml}
18:14:47.438 [Executing testAdminWithCredentialsView(org.conjur.jenkins.credentials.ConjurCredentialStoreTest)] DEBUG org.eclipse.jetty.util.component.AbstractLifeCycle -- stopping authentication-filter==hudson.security.HudsonFilter@273f62de{inst=true,async=true,src=DESCRIPTOR:file:///Users/sameer.shaik/MyWorkSpace/17OctV2.2.3-New-BitBucketIssueFixed/conjur-credentials-plugin/target/jenkins-for-test/WEB-INF/web.xml}
18:14:47.438 [Executing testAdminWithCredentialsView(org.conjur.jenkins.credentials.ConjurCredentialStoreTest)] DEBUG org.eclipse.jetty.util.component.AbstractLifeCycle -- STOPPED authentication-filter==hudson.security.HudsonFilter@273f62de{inst=false,async=true,src=DESCRIPTOR:file:///Users/sameer.shaik/MyWorkSpace/17OctV2.2.3-New-BitBucketIssueFixed/conjur-credentials-plugin/target/jenkins-for-test/WEB-INF/web.xml}
18:14:47.438 [Executing testAdminWithCredentialsView(org.conjur.jenkins.credentials.ConjurCredentialStoreTest)] DEBUG org.eclipse.jetty.util.component.AbstractLifeCycle -- stopping compression-filter==org.kohsuke.stapler.compression.CompressionFilter@3aca130f{inst=true,async=true,src=DESCRIPTOR:file:///Users/sameer.shaik/MyWorkSpace/17OctV2.2.3-New-BitBucketIssueFixed/conjur-credentials-plugin/target/jenkins-for-test/WEB-INF/web.xml}
18:14:47.438 [Executing testAdminWithCredentialsView(org.conjur.jenkins.credentials.ConjurCredentialStoreTest)] DEBUG org.eclipse.jetty.util.component.AbstractLifeCycle -- STOPPED compression-filter==org.kohsuke.stapler.compression.CompressionFilter@3aca130f{inst=false,async=true,src=DESCRIPTOR:file:///Users/sameer.shaik/MyWorkSpace/17OctV2.2.3-New-BitBucketIssueFixed/conjur-credentials-plugin/target/jenkins-for-test/WEB-INF/web.xml}
18:14:47.438 [Executing testAdminWithCredentialsView(org.conjur.jenkins.credentials.ConjurCredentialStoreTest)] DEBUG org.eclipse.jetty.util.component.AbstractLifeCycle -- stopping encoding-filter==hudson.util.CharacterEncodingFilter@2f3f7730{inst=true,async=true,src=DESCRIPTOR:file:///Users/sameer.shaik/MyWorkSpace/17OctV2.2.3-New-BitBucketIssueFixed/conjur-credentials-plugin/target/jenkins-for-test/WEB-INF/web.xml}
18:14:47.439 [Executing testAdminWithCredentialsView(org.conjur.jenkins.credentials.ConjurCredentialStoreTest)] DEBUG org.eclipse.jetty.util.component.AbstractLifeCycle -- STOPPED encoding-filter==hudson.util.CharacterEncodingFilter@2f3f7730{inst=false,async=true,src=DESCRIPTOR:file:///Users/sameer.shaik/MyWorkSpace/17OctV2.2.3-New-BitBucketIssueFixed/conjur-credentials-plugin/target/jenkins-for-test/WEB-INF/web.xml}
18:14:47.439 [Executing testAdminWithCredentialsView(org.conjur.jenkins.credentials.ConjurCredentialStoreTest)] DEBUG org.eclipse.jetty.util.component.AbstractLifeCycle -- stopping diagnostic-name-filter==org.kohsuke.stapler.DiagnosticThreadNameFilter@6679eb5f{inst=true,async=true,src=DESCRIPTOR:file:///Users/sameer.shaik/MyWorkSpace/17OctV2.2.3-New-BitBucketIssueFixed/conjur-credentials-plugin/target/jenkins-for-test/WEB-INF/web.xml}
18:14:47.439 [Executing testAdminWithCredentialsView(org.conjur.jenkins.credentials.ConjurCredentialStoreTest)] DEBUG org.eclipse.jetty.util.component.AbstractLifeCycle -- STOPPED diagnostic-name-filter==org.kohsuke.stapler.DiagnosticThreadNameFilter@6679eb5f{inst=false,async=true,src=DESCRIPTOR:file:///Users/sameer.shaik/MyWorkSpace/17OctV2.2.3-New-BitBucketIssueFixed/conjur-credentials-plugin/target/jenkins-for-test/WEB-INF/web.xml}
18:14:47.439 [Executing testAdminWithCredentialsView(org.conjur.jenkins.credentials.ConjurCredentialStoreTest)] DEBUG org.eclipse.jetty.util.component.AbstractLifeCycle -- stopping suspicious-request-filter==jenkins.security.SuspiciousRequestFilter@7c9c3e86{inst=true,async=true,src=DESCRIPTOR:file:///Users/sameer.shaik/MyWorkSpace/17OctV2.2.3-New-BitBucketIssueFixed/conjur-credentials-plugin/target/jenkins-for-test/WEB-INF/web.xml}
18:14:47.439 [Executing testAdminWithCredentialsView(org.conjur.jenkins.credentials.ConjurCredentialStoreTest)] DEBUG org.eclipse.jetty.util.component.AbstractLifeCycle -- STOPPED suspicious-request-filter==jenkins.security.SuspiciousRequestFilter@7c9c3e86{inst=false,async=true,src=DESCRIPTOR:file:///Users/sameer.shaik/MyWorkSpace/17OctV2.2.3-New-BitBucketIssueFixed/conjur-credentials-plugin/target/jenkins-for-test/WEB-INF/web.xml}
18:14:47.440 [Executing testAdminWithCredentialsView(org.conjur.jenkins.credentials.ConjurCredentialStoreTest)] DEBUG org.eclipse.jetty.util.component.AbstractLifeCycle -- stopping Stapler==org.kohsuke.stapler.Stapler@f222d1a9{jsp=null,order=-1,inst=false,async=true,src=DESCRIPTOR:file:///Users/sameer.shaik/MyWorkSpace/17OctV2.2.3-New-BitBucketIssueFixed/conjur-credentials-plugin/target/jenkins-for-test/WEB-INF/web.xml,STARTED}
18:14:47.440 [Executing testAdminWithCredentialsView(org.conjur.jenkins.credentials.ConjurCredentialStoreTest)] DEBUG org.eclipse.jetty.util.component.AbstractLifeCycle -- STOPPED Stapler==org.kohsuke.stapler.Stapler@f222d1a9{jsp=null,order=-1,inst=false,async=true,src=DESCRIPTOR:file:///Users/sameer.shaik/MyWorkSpace/17OctV2.2.3-New-BitBucketIssueFixed/conjur-credentials-plugin/target/jenkins-for-test/WEB-INF/web.xml,STOPPED}
18:14:47.440 [Executing testAdminWithCredentialsView(org.conjur.jenkins.credentials.ConjurCredentialStoreTest)] DEBUG org.eclipse.jetty.util.component.AbstractLifeCycle -- stopping jsp==org.eclipse.jetty.servlet.NoJspServlet@19c47{jsp=null,order=0,inst=true,async=false,src=DESCRIPTOR:jar:file:/Users/sameer.shaik/.m2/repository/org/eclipse/jetty/jetty-webapp/9.4.48.v20220622/jetty-webapp-9.4.48.v20220622.jar!/org/eclipse/jetty/webapp/webdefault.xml,STARTED}
18:14:47.440 [Executing testAdminWithCredentialsView(org.conjur.jenkins.credentials.ConjurCredentialStoreTest)] DEBUG org.eclipse.jetty.util.component.AbstractLifeCycle -- STOPPED jsp==org.eclipse.jetty.servlet.NoJspServlet@19c47{jsp=null,order=0,inst=false,async=false,src=DESCRIPTOR:jar:file:/Users/sameer.shaik/.m2/repository/org/eclipse/jetty/jetty-webapp/9.4.48.v20220622/jetty-webapp-9.4.48.v20220622.jar!/org/eclipse/jetty/webapp/webdefault.xml,STOPPED}
18:14:47.440 [Executing testAdminWithCredentialsView(org.conjur.jenkins.credentials.ConjurCredentialStoreTest)] DEBUG org.eclipse.jetty.util.component.AbstractLifeCycle -- stopping default==org.eclipse.jetty.servlet.DefaultServlet@5c13d641{jsp=null,order=0,inst=true,async=false,src=DESCRIPTOR:jar:file:/Users/sameer.shaik/.m2/repository/org/eclipse/jetty/jetty-webapp/9.4.48.v20220622/jetty-webapp-9.4.48.v20220622.jar!/org/eclipse/jetty/webapp/webdefault.xml,STARTED}
18:14:47.441 [Executing testAdminWithCredentialsView(org.conjur.jenkins.credentials.ConjurCredentialStoreTest)] DEBUG org.eclipse.jetty.util.component.AbstractLifeCycle -- STOPPED default==org.eclipse.jetty.servlet.DefaultServlet@5c13d641{jsp=null,order=0,inst=false,async=false,src=DESCRIPTOR:jar:file:/Users/sameer.shaik/.m2/repository/org/eclipse/jetty/jetty-webapp/9.4.48.v20220622/jetty-webapp-9.4.48.v20220622.jar!/org/eclipse/jetty/webapp/webdefault.xml,STOPPED}
18:14:47.441 [Executing testAdminWithCredentialsView(org.conjur.jenkins.credentials.ConjurCredentialStoreTest)] DEBUG org.eclipse.jetty.server.handler.ContextHandler -- contextDestroyed: javax.servlet.ServletContextEvent[source=ServletContext@o.e.j.w.WebAppContext@11b8500{Jenkins v2.346.3,/jenkins,file:///Users/sameer.shaik/MyWorkSpace/17OctV2.2.3-New-BitBucketIssueFixed/conjur-credentials-plugin/target/jenkins-for-test/,STOPPED}{/Users/sameer.shaik/MyWorkSpace/17OctV2.2.3-New-BitBucketIssueFixed/conjur-credentials-plugin/target/jenkins-for-test}]->jenkins.util.SystemProperties$Listener@6a66b154
18:14:47.441 [Executing testAdminWithCredentialsView(org.conjur.jenkins.credentials.ConjurCredentialStoreTest)] DEBUG org.eclipse.jetty.server.handler.ContextHandler -- contextDestroyed: javax.servlet.ServletContextEvent[source=ServletContext@o.e.j.w.WebAppContext@11b8500{Jenkins v2.346.3,/jenkins,file:///Users/sameer.shaik/MyWorkSpace/17OctV2.2.3-New-BitBucketIssueFixed/conjur-credentials-plugin/target/jenkins-for-test/,STOPPED}{/Users/sameer.shaik/MyWorkSpace/17OctV2.2.3-New-BitBucketIssueFixed/conjur-credentials-plugin/target/jenkins-for-test}]->org.eclipse.jetty.servlet.listener.IntrospectorCleaner@6d270af8
18:14:47.441 [Executing testAdminWithCredentialsView(org.conjur.jenkins.credentials.ConjurCredentialStoreTest)] DEBUG org.eclipse.jetty.server.handler.ContextHandler -- contextDestroyed: javax.servlet.ServletContextEvent[source=ServletContext@o.e.j.w.WebAppContext@11b8500{Jenkins v2.346.3,/jenkins,file:///Users/sameer.shaik/MyWorkSpace/17OctV2.2.3-New-BitBucketIssueFixed/conjur-credentials-plugin/target/jenkins-for-test/,STOPPED}{/Users/sameer.shaik/MyWorkSpace/17OctV2.2.3-New-BitBucketIssueFixed/conjur-credentials-plugin/target/jenkins-for-test}]->org.eclipse.jetty.servlet.listener.ELContextCleaner@19324088
18:14:47.442 [Executing testAdminWithCredentialsView(org.conjur.jenkins.credentials.ConjurCredentialStoreTest)] DEBUG org.eclipse.jetty.util.component.AbstractLifeCycle -- stopping jenkins.JenkinsHttpSessionListener@632ec9d9{src=DESCRIPTOR:file:///Users/sameer.shaik/MyWorkSpace/17OctV2.2.3-New-BitBucketIssueFixed/conjur-credentials-plugin/target/jenkins-for-test/WEB-INF/web.xml}
18:14:47.442 [Executing testAdminWithCredentialsView(org.conjur.jenkins.credentials.ConjurCredentialStoreTest)] DEBUG org.eclipse.jetty.util.component.AbstractLifeCycle -- STOPPED jenkins.JenkinsHttpSessionListener@632ec9d9{src=DESCRIPTOR:file:///Users/sameer.shaik/MyWorkSpace/17OctV2.2.3-New-BitBucketIssueFixed/conjur-credentials-plugin/target/jenkins-for-test/WEB-INF/web.xml}
18:14:47.442 [Executing testAdminWithCredentialsView(org.conjur.jenkins.credentials.ConjurCredentialStoreTest)] DEBUG org.eclipse.jetty.util.component.AbstractLifeCycle -- stopping hudson.WebAppMain@7a36673f{src=DESCRIPTOR:file:///Users/sameer.shaik/MyWorkSpace/17OctV2.2.3-New-BitBucketIssueFixed/conjur-credentials-plugin/target/jenkins-for-test/WEB-INF/web.xml}
18:14:47.442 [Executing testAdminWithCredentialsView(org.conjur.jenkins.credentials.ConjurCredentialStoreTest)] DEBUG org.eclipse.jetty.util.component.AbstractLifeCycle -- STOPPED hudson.WebAppMain@7a36673f{src=DESCRIPTOR:file:///Users/sameer.shaik/MyWorkSpace/17OctV2.2.3-New-BitBucketIssueFixed/conjur-credentials-plugin/target/jenkins-for-test/WEB-INF/web.xml}
18:14:47.442 [Executing testAdminWithCredentialsView(org.conjur.jenkins.credentials.ConjurCredentialStoreTest)] DEBUG org.eclipse.jetty.util.component.AbstractLifeCycle -- stopping jenkins.util.SystemProperties$Listener@38145d6f{src=DESCRIPTOR:file:///Users/sameer.shaik/MyWorkSpace/17OctV2.2.3-New-BitBucketIssueFixed/conjur-credentials-plugin/target/jenkins-for-test/WEB-INF/web.xml}
18:14:47.442 [Executing testAdminWithCredentialsView(org.conjur.jenkins.credentials.ConjurCredentialStoreTest)] DEBUG org.eclipse.jetty.util.component.AbstractLifeCycle -- STOPPED jenkins.util.SystemProperties$Listener@38145d6f{src=DESCRIPTOR:file:///Users/sameer.shaik/MyWorkSpace/17OctV2.2.3-New-BitBucketIssueFixed/conjur-credentials-plugin/target/jenkins-for-test/WEB-INF/web.xml}
18:14:47.443 [Executing testAdminWithCredentialsView(org.conjur.jenkins.credentials.ConjurCredentialStoreTest)] DEBUG org.eclipse.jetty.util.component.AbstractLifeCycle -- stopping org.eclipse.jetty.servlet.listener.IntrospectorCleaner@4e1a26fc{src=DESCRIPTOR:jar:file:/Users/sameer.shaik/.m2/repository/org/eclipse/jetty/jetty-webapp/9.4.48.v20220622/jetty-webapp-9.4.48.v20220622.jar!/org/eclipse/jetty/webapp/webdefault.xml}
18:14:47.443 [Executing testAdminWithCredentialsView(org.conjur.jenkins.credentials.ConjurCredentialStoreTest)] DEBUG org.eclipse.jetty.util.component.AbstractLifeCycle -- STOPPED org.eclipse.jetty.servlet.listener.IntrospectorCleaner@4e1a26fc{src=DESCRIPTOR:jar:file:/Users/sameer.shaik/.m2/repository/org/eclipse/jetty/jetty-webapp/9.4.48.v20220622/jetty-webapp-9.4.48.v20220622.jar!/org/eclipse/jetty/webapp/webdefault.xml}
18:14:47.443 [Executing testAdminWithCredentialsView(org.conjur.jenkins.credentials.ConjurCredentialStoreTest)] DEBUG org.eclipse.jetty.util.component.AbstractLifeCycle -- stopping org.eclipse.jetty.servlet.listener.ELContextCleaner@10813010{src=DESCRIPTOR:jar:file:/Users/sameer.shaik/.m2/repository/org/eclipse/jetty/jetty-webapp/9.4.48.v20220622/jetty-webapp-9.4.48.v20220622.jar!/org/eclipse/jetty/webapp/webdefault.xml}
18:14:47.443 [Executing testAdminWithCredentialsView(org.conjur.jenkins.credentials.ConjurCredentialStoreTest)] DEBUG org.eclipse.jetty.util.component.AbstractLifeCycle -- STOPPED org.eclipse.jetty.servlet.listener.ELContextCleaner@10813010{src=DESCRIPTOR:jar:file:/Users/sameer.shaik/.m2/repository/org/eclipse/jetty/jetty-webapp/9.4.48.v20220622/jetty-webapp-9.4.48.v20220622.jar!/org/eclipse/jetty/webapp/webdefault.xml}
18:14:47.443 [Executing testAdminWithCredentialsView(org.conjur.jenkins.credentials.ConjurCredentialStoreTest)] DEBUG org.eclipse.jetty.util.component.AbstractLifeCycle -- STOPPED ServletHandler@627e32bc{STOPPED}
18:14:47.443 [Executing testAdminWithCredentialsView(org.conjur.jenkins.credentials.ConjurCredentialStoreTest)] DEBUG org.eclipse.jetty.util.component.AbstractLifeCycle -- STOPPED ConstraintSecurityHandler@7c126c57{STOPPED}
18:14:47.443 [Executing testAdminWithCredentialsView(org.conjur.jenkins.credentials.ConjurCredentialStoreTest)] DEBUG org.eclipse.jetty.util.component.AbstractLifeCycle -- STOPPED org.eclipse.jetty.server.session.SessionHandler561831677==dftMaxIdleSec=1800
18:14:47.443 [Executing testAdminWithCredentialsView(org.conjur.jenkins.credentials.ConjurCredentialStoreTest)] DEBUG org.eclipse.jetty.util.component.AbstractLifeCycle -- stopping SymlinkAllowedResourceAliasChecker@70d8c4c9{base=/Users/sameer.shaik/MyWorkSpace/17OctV2.2.3-New-BitBucketIssueFixed/conjur-credentials-plugin/target/jenkins-for-test,protected=[/WEB-INF, /META-INF]}
18:14:47.444 [Executing testAdminWithCredentialsView(org.conjur.jenkins.credentials.ConjurCredentialStoreTest)] DEBUG org.eclipse.jetty.util.component.AbstractLifeCycle -- STOPPED SymlinkAllowedResourceAliasChecker@70d8c4c9{base=null,protected=[/WEB-INF, /META-INF]}
18:14:47.444 [Executing testAdminWithCredentialsView(org.conjur.jenkins.credentials.ConjurCredentialStoreTest)] INFO org.eclipse.jetty.server.handler.ContextHandler -- Stopped o.e.j.w.WebAppContext@11b8500{Jenkins v2.346.3,/jenkins,file:///Users/sameer.shaik/MyWorkSpace/17OctV2.2.3-New-BitBucketIssueFixed/conjur-credentials-plugin/target/jenkins-for-test/,STOPPED}{/Users/sameer.shaik/MyWorkSpace/17OctV2.2.3-New-BitBucketIssueFixed/conjur-credentials-plugin/target/jenkins-for-test}
18:14:47.444 [Executing testAdminWithCredentialsView(org.conjur.jenkins.credentials.ConjurCredentialStoreTest)] DEBUG org.eclipse.jetty.util.component.AbstractLifeCycle -- STOPPED o.e.j.w.WebAppContext@11b8500{Jenkins v2.346.3,/jenkins,file:///Users/sameer.shaik/MyWorkSpace/17OctV2.2.3-New-BitBucketIssueFixed/conjur-credentials-plugin/target/jenkins-for-test/,STOPPED}{/Users/sameer.shaik/MyWorkSpace/17OctV2.2.3-New-BitBucketIssueFixed/conjur-credentials-plugin/target/jenkins-for-test}
18:14:47.444 [Executing testAdminWithCredentialsView(org.conjur.jenkins.credentials.ConjurCredentialStoreTest)] DEBUG org.eclipse.jetty.util.component.AbstractLifeCycle -- stopping QueuedThreadPool[Jetty (JenkinsRule)]@6e2b89{STARTED,8<=10<=200,i=10,r=-1,q=0}[ReservedThreadExecutor@7c284c2d{reserved=0/16,pending=0}]
18:14:47.444 [Executing testAdminWithCredentialsView(org.conjur.jenkins.credentials.ConjurCredentialStoreTest)] DEBUG org.eclipse.jetty.util.thread.QueuedThreadPool -- Stopping QueuedThreadPool[Jetty (JenkinsRule)]@6e2b89{STOPPING,8<=10<=200,i=10,r=-1,q=0}[ReservedThreadExecutor@7c284c2d{reserved=0/16,pending=0}]
18:14:47.444 [Executing testAdminWithCredentialsView(org.conjur.jenkins.credentials.ConjurCredentialStoreTest)] DEBUG org.eclipse.jetty.util.component.AbstractLifeCycle -- stopping ReservedThreadExecutor@7c284c2d{reserved=0/16,pending=0}
18:14:47.444 [Executing testAdminWithCredentialsView(org.conjur.jenkins.credentials.ConjurCredentialStoreTest)] DEBUG org.eclipse.jetty.util.component.AbstractLifeCycle -- STOPPED ReservedThreadExecutor@7c284c2d{reserved=-1/16,pending=0}
18:14:47.445 [Executing testAdminWithCredentialsView(org.conjur.jenkins.credentials.ConjurCredentialStoreTest)] DEBUG org.eclipse.jetty.util.thread.QueuedThreadPool -- Waiting for Thread[Jetty (JenkinsRule)-107,5,main] for 14999
18:14:47.445 [Jetty (JenkinsRule)-116] DEBUG org.eclipse.jetty.util.thread.QueuedThreadPool -- run org.eclipse.jetty.util.thread.QueuedThreadPool$$Lambda$384/0x00000001402dccc0@1d12c9bd in QueuedThreadPool[Jetty (JenkinsRule)]@6e2b89{STOPPING,8<=0<=200,i=10,r=-1,q=0}[NO_TRY]
18:14:47.445 [Jetty (JenkinsRule)-112] DEBUG org.eclipse.jetty.util.thread.QueuedThreadPool -- run org.eclipse.jetty.util.thread.QueuedThreadPool$$Lambda$384/0x00000001402dccc0@1d12c9bd in QueuedThreadPool[Jetty (JenkinsRule)]@6e2b89{STOPPING,8<=0<=200,i=10,r=-1,q=0}[NO_TRY]
18:14:47.445 [Jetty (JenkinsRule)-117] DEBUG org.eclipse.jetty.util.thread.QueuedThreadPool -- run org.eclipse.jetty.util.thread.QueuedThreadPool$$Lambda$384/0x00000001402dccc0@1d12c9bd in QueuedThreadPool[Jetty (JenkinsRule)]@6e2b89{STOPPING,8<=0<=200,i=10,r=-1,q=0}[NO_TRY]
18:14:47.445 [Jetty (JenkinsRule)-114] DEBUG org.eclipse.jetty.util.thread.QueuedThreadPool -- run org.eclipse.jetty.util.thread.QueuedThreadPool$$Lambda$384/0x00000001402dccc0@1d12c9bd in QueuedThreadPool[Jetty (JenkinsRule)]@6e2b89{STOPPING,8<=0<=200,i=10,r=-1,q=0}[NO_TRY]
18:14:47.445 [Jetty (JenkinsRule)-113] DEBUG org.eclipse.jetty.util.thread.QueuedThreadPool -- run org.eclipse.jetty.util.thread.QueuedThreadPool$$Lambda$384/0x00000001402dccc0@1d12c9bd in QueuedThreadPool[Jetty (JenkinsRule)]@6e2b89{STOPPING,8<=0<=200,i=10,r=-1,q=0}[NO_TRY]
18:14:47.445 [Jetty (JenkinsRule)-111] DEBUG org.eclipse.jetty.util.thread.QueuedThreadPool -- run org.eclipse.jetty.util.thread.QueuedThreadPool$$Lambda$384/0x00000001402dccc0@1d12c9bd in QueuedThreadPool[Jetty (JenkinsRule)]@6e2b89{STOPPING,8<=0<=200,i=10,r=-1,q=0}[NO_TRY]
18:14:47.445 [Jetty (JenkinsRule)-110] DEBUG org.eclipse.jetty.util.thread.QueuedThreadPool -- run org.eclipse.jetty.util.thread.QueuedThreadPool$$Lambda$384/0x00000001402dccc0@1d12c9bd in QueuedThreadPool[Jetty (JenkinsRule)]@6e2b89{STOPPING,8<=0<=200,i=10,r=-1,q=0}[NO_TRY]
18:14:47.445 [Jetty (JenkinsRule)-109] DEBUG org.eclipse.jetty.util.thread.QueuedThreadPool -- run org.eclipse.jetty.util.thread.QueuedThreadPool$$Lambda$384/0x00000001402dccc0@1d12c9bd in QueuedThreadPool[Jetty (JenkinsRule)]@6e2b89{STOPPING,8<=0<=200,i=10,r=-1,q=0}[NO_TRY]
18:14:47.445 [Jetty (JenkinsRule)-108] DEBUG org.eclipse.jetty.util.thread.QueuedThreadPool -- run org.eclipse.jetty.util.thread.QueuedThreadPool$$Lambda$384/0x00000001402dccc0@1d12c9bd in QueuedThreadPool[Jetty (JenkinsRule)]@6e2b89{STOPPING,8<=0<=200,i=10,r=-1,q=0}[NO_TRY]
18:14:47.445 [Jetty (JenkinsRule)-116] DEBUG org.eclipse.jetty.util.thread.QueuedThreadPool -- ran org.eclipse.jetty.util.thread.QueuedThreadPool$$Lambda$384/0x00000001402dccc0@1d12c9bd in QueuedThreadPool[Jetty (JenkinsRule)]@6e2b89{STOPPING,8<=0<=200,i=10,r=-1,q=0}[NO_TRY]
18:14:47.445 [Jetty (JenkinsRule)-107] DEBUG org.eclipse.jetty.util.thread.QueuedThreadPool -- run org.eclipse.jetty.util.thread.QueuedThreadPool$$Lambda$384/0x00000001402dccc0@1d12c9bd in QueuedThreadPool[Jetty (JenkinsRule)]@6e2b89{STOPPING,8<=0<=200,i=10,r=-1,q=0}[NO_TRY]
18:14:47.445 [Jetty (JenkinsRule)-112] DEBUG org.eclipse.jetty.util.thread.QueuedThreadPool -- ran org.eclipse.jetty.util.thread.QueuedThreadPool$$Lambda$384/0x00000001402dccc0@1d12c9bd in QueuedThreadPool[Jetty (JenkinsRule)]@6e2b89{STOPPING,8<=0<=200,i=10,r=-1,q=0}[NO_TRY]
18:14:47.445 [Jetty (JenkinsRule)-117] DEBUG org.eclipse.jetty.util.thread.QueuedThreadPool -- ran org.eclipse.jetty.util.thread.QueuedThreadPool$$Lambda$384/0x00000001402dccc0@1d12c9bd in QueuedThreadPool[Jetty (JenkinsRule)]@6e2b89{STOPPING,8<=0<=200,i=10,r=-1,q=0}[NO_TRY]
18:14:47.445 [Jetty (JenkinsRule)-114] DEBUG org.eclipse.jetty.util.thread.QueuedThreadPool -- ran org.eclipse.jetty.util.thread.QueuedThreadPool$$Lambda$384/0x00000001402dccc0@1d12c9bd in QueuedThreadPool[Jetty (JenkinsRule)]@6e2b89{STOPPING,8<=0<=200,i=10,r=-1,q=0}[NO_TRY]
18:14:47.446 [Jetty (JenkinsRule)-114] DEBUG org.eclipse.jetty.util.thread.QueuedThreadPool -- Thread[Jetty (JenkinsRule)-114,5,main] exited for QueuedThreadPool[Jetty (JenkinsRule)]@6e2b89{STOPPING,8<=0<=200,i=10,r=-1,q=0}[NO_TRY]
18:14:47.445 [Jetty (JenkinsRule)-113] DEBUG org.eclipse.jetty.util.thread.QueuedThreadPool -- ran org.eclipse.jetty.util.thread.QueuedThreadPool$$Lambda$384/0x00000001402dccc0@1d12c9bd in QueuedThreadPool[Jetty (JenkinsRule)]@6e2b89{STOPPING,8<=0<=200,i=10,r=-1,q=0}[NO_TRY]
18:14:47.445 [Jetty (JenkinsRule)-111] DEBUG org.eclipse.jetty.util.thread.QueuedThreadPool -- ran org.eclipse.jetty.util.thread.QueuedThreadPool$$Lambda$384/0x00000001402dccc0@1d12c9bd in QueuedThreadPool[Jetty (JenkinsRule)]@6e2b89{STOPPING,8<=0<=200,i=10,r=-1,q=0}[NO_TRY]
18:14:47.446 [Jetty (JenkinsRule)-110] DEBUG org.eclipse.jetty.util.thread.QueuedThreadPool -- ran org.eclipse.jetty.util.thread.QueuedThreadPool$$Lambda$384/0x00000001402dccc0@1d12c9bd in QueuedThreadPool[Jetty (JenkinsRule)]@6e2b89{STOPPING,8<=0<=200,i=10,r=-1,q=0}[NO_TRY]
18:14:47.446 [Jetty (JenkinsRule)-109] DEBUG org.eclipse.jetty.util.thread.QueuedThreadPool -- ran org.eclipse.jetty.util.thread.QueuedThreadPool$$Lambda$384/0x00000001402dccc0@1d12c9bd in QueuedThreadPool[Jetty (JenkinsRule)]@6e2b89{STOPPING,8<=0<=200,i=10,r=-1,q=0}[NO_TRY]
18:14:47.446 [Jetty (JenkinsRule)-108] DEBUG org.eclipse.jetty.util.thread.QueuedThreadPool -- ran org.eclipse.jetty.util.thread.QueuedThreadPool$$Lambda$384/0x00000001402dccc0@1d12c9bd in QueuedThreadPool[Jetty (JenkinsRule)]@6e2b89{STOPPING,8<=0<=200,i=10,r=-1,q=0}[NO_TRY]
18:14:47.446 [Jetty (JenkinsRule)-116] DEBUG org.eclipse.jetty.util.thread.QueuedThreadPool -- Thread[Jetty (JenkinsRule)-116,5,main] exited for QueuedThreadPool[Jetty (JenkinsRule)]@6e2b89{STOPPING,8<=0<=200,i=10,r=-1,q=0}[NO_TRY]
18:14:47.446 [Jetty (JenkinsRule)-107] DEBUG org.eclipse.jetty.util.thread.QueuedThreadPool -- ran org.eclipse.jetty.util.thread.QueuedThreadPool$$Lambda$384/0x00000001402dccc0@1d12c9bd in QueuedThreadPool[Jetty (JenkinsRule)]@6e2b89{STOPPING,8<=0<=200,i=10,r=-1,q=0}[NO_TRY]
18:14:47.446 [Jetty (JenkinsRule)-112] DEBUG org.eclipse.jetty.util.thread.QueuedThreadPool -- Thread[Jetty (JenkinsRule)-112,5,main] exited for QueuedThreadPool[Jetty (JenkinsRule)]@6e2b89{STOPPING,8<=0<=200,i=10,r=-1,q=0}[NO_TRY]
18:14:47.446 [Jetty (JenkinsRule)-117] DEBUG org.eclipse.jetty.util.thread.QueuedThreadPool -- Thread[Jetty (JenkinsRule)-117,5,main] exited for QueuedThreadPool[Jetty (JenkinsRule)]@6e2b89{STOPPING,8<=0<=200,i=10,r=-1,q=0}[NO_TRY]
18:14:47.447 [Jetty (JenkinsRule)-113] DEBUG org.eclipse.jetty.util.thread.QueuedThreadPool -- Thread[Jetty (JenkinsRule)-113,5,main] exited for QueuedThreadPool[Jetty (JenkinsRule)]@6e2b89{STOPPING,8<=0<=200,i=10,r=-1,q=0}[NO_TRY]
18:14:47.447 [Jetty (JenkinsRule)-111] DEBUG org.eclipse.jetty.util.thread.QueuedThreadPool -- Thread[Jetty (JenkinsRule)-111,5,main] exited for QueuedThreadPool[Jetty (JenkinsRule)]@6e2b89{STOPPING,8<=0<=200,i=10,r=-1,q=0}[NO_TRY]
18:14:47.447 [Jetty (JenkinsRule)-110] DEBUG org.eclipse.jetty.util.thread.QueuedThreadPool -- Thread[Jetty (JenkinsRule)-110,5,main] exited for QueuedThreadPool[Jetty (JenkinsRule)]@6e2b89{STOPPING,8<=0<=200,i=10,r=-1,q=0}[NO_TRY]
18:14:47.447 [Jetty (JenkinsRule)-109] DEBUG org.eclipse.jetty.util.thread.QueuedThreadPool -- Thread[Jetty (JenkinsRule)-109,5,main] exited for QueuedThreadPool[Jetty (JenkinsRule)]@6e2b89{STOPPING,8<=0<=200,i=10,r=-1,q=0}[NO_TRY]
18:14:47.447 [Jetty (JenkinsRule)-108] DEBUG org.eclipse.jetty.util.thread.QueuedThreadPool -- Thread[Jetty (JenkinsRule)-108,5,main] exited for QueuedThreadPool[Jetty (JenkinsRule)]@6e2b89{STOPPING,8<=0<=200,i=10,r=-1,q=0}[NO_TRY]
18:14:47.447 [Jetty (JenkinsRule)-107] DEBUG org.eclipse.jetty.util.thread.QueuedThreadPool -- Thread[Jetty (JenkinsRule)-107,5,main] exited for QueuedThreadPool[Jetty (JenkinsRule)]@6e2b89{STOPPING,8<=0<=200,i=10,r=-1,q=0}[NO_TRY]
18:14:47.448 [Executing testAdminWithCredentialsView(org.conjur.jenkins.credentials.ConjurCredentialStoreTest)] DEBUG org.eclipse.jetty.util.thread.QueuedThreadPool -- Waiting for Thread[Jetty (JenkinsRule)-109,5,] for 14996
18:14:47.448 [Executing testAdminWithCredentialsView(org.conjur.jenkins.credentials.ConjurCredentialStoreTest)] DEBUG org.eclipse.jetty.util.component.AbstractLifeCycle -- STOPPED QueuedThreadPool[Jetty (JenkinsRule)]@6e2b89{STOPPED,8<=0<=200,i=10,r=-1,q=0}[NO_TRY]
18:14:47.448 [Executing testAdminWithCredentialsView(org.conjur.jenkins.credentials.ConjurCredentialStoreTest)] DEBUG org.eclipse.jetty.util.component.AbstractLifeCycle -- STOPPED Server@415321b2{STOPPED}[9.4.48.v20220622]
]]></system-out>
    <system-err><![CDATA[   0.073 [id=106]	INFO	o.jvnet.hudson.test.JenkinsRule#createWebServer: Running on http://localhost:51446/jenkins/
   0.159 [id=121]	INFO	jenkins.InitReactorRunner$1#onAttained: Started initialization
   0.162 [id=136]	INFO	jenkins.InitReactorRunner$1#onAttained: Listed all plugins
   0.521 [id=140]	INFO	jenkins.InitReactorRunner$1#onAttained: Prepared all plugins
   0.524 [id=136]	INFO	jenkins.InitReactorRunner$1#onAttained: Started all plugins
   0.525 [id=142]	INFO	jenkins.InitReactorRunner$1#onAttained: Augmented all extensions
   1.081 [id=150]	INFO	jenkins.InitReactorRunner$1#onAttained: System config loaded
   1.081 [id=141]	INFO	jenkins.InitReactorRunner$1#onAttained: System config adapted
   1.082 [id=138]	INFO	jenkins.InitReactorRunner$1#onAttained: Loaded all jobs
   1.082 [id=138]	INFO	jenkins.InitReactorRunner$1#onAttained: Configuration for all jobs updated
   1.114 [id=136]	INFO	jenkins.InitReactorRunner$1#onAttained: Completed initialization
   1.254 [id=106]	INFO	hudson.lifecycle.Lifecycle#onStatusUpdate: Stopping Jenkins
   1.359 [id=106]	INFO	hudson.lifecycle.Lifecycle#onStatusUpdate: Jenkins stopped
]]></system-err>
  </testcase>
  <testcase name="testNonAdminWithCredentialsView" classname="org.conjur.jenkins.credentials.ConjurCredentialStoreTest" time="1.31">
    <system-out><![CDATA[=== Starting testNonAdminWithCredentialsView(org.conjur.jenkins.credentials.ConjurCredentialStoreTest)
18:14:47.641 [Executing testNonAdminWithCredentialsView(org.conjur.jenkins.credentials.ConjurCredentialStoreTest)] DEBUG org.eclipse.jetty.util.component.ContainerLifeCycle -- QueuedThreadPool[qtp416844503]@18d88ad7{STOPPED,8<=0<=200,i=0,r=-1,q=0}[NO_TRY] added {org.eclipse.jetty.util.thread.ThreadPoolBudget@1ce71d14,POJO}
18:14:47.642 [Executing testNonAdminWithCredentialsView(org.conjur.jenkins.credentials.ConjurCredentialStoreTest)] DEBUG org.eclipse.jetty.util.component.ContainerLifeCycle -- Server@59e580ec{STOPPED}[9.4.48.v20220622] added {QueuedThreadPool[Jetty (JenkinsRule)]@18d88ad7{STOPPED,8<=0<=200,i=0,r=-1,q=0}[NO_TRY],AUTO}
18:14:47.642 [Executing testNonAdminWithCredentialsView(org.conjur.jenkins.credentials.ConjurCredentialStoreTest)] DEBUG org.eclipse.jetty.util.component.ContainerLifeCycle -- o.e.j.w.WebAppContext@34a461e2{/,null,STOPPED} added {SymlinkAllowedResourceAliasChecker@6876db93{base=null,protected=null},MANAGED}
18:14:47.642 [Executing testNonAdminWithCredentialsView(org.conjur.jenkins.credentials.ConjurCredentialStoreTest)] DEBUG org.eclipse.jetty.util.DecoratedObjectFactory -- Adding Decorator: org.eclipse.jetty.util.DeprecationWarning@4cdd6434
18:14:47.642 [Executing testNonAdminWithCredentialsView(org.conjur.jenkins.credentials.ConjurCredentialStoreTest)] DEBUG org.eclipse.jetty.util.component.ContainerLifeCycle -- o.e.j.w.WebAppContext@34a461e2{/jenkins,null,STOPPED} added {org.eclipse.jetty.server.session.SessionHandler969572259==dftMaxIdleSec=-1,MANAGED}
18:14:47.642 [Executing testNonAdminWithCredentialsView(org.conjur.jenkins.credentials.ConjurCredentialStoreTest)] DEBUG org.eclipse.jetty.util.component.ContainerLifeCycle -- ConstraintSecurityHandler@2e76a209{STOPPED} added {org.eclipse.jetty.util.component.DumpableCollection@70024e17,POJO}
18:14:47.642 [Executing testNonAdminWithCredentialsView(org.conjur.jenkins.credentials.ConjurCredentialStoreTest)] DEBUG org.eclipse.jetty.util.component.ContainerLifeCycle -- org.eclipse.jetty.server.session.SessionHandler969572259==dftMaxIdleSec=-1 added {ConstraintSecurityHandler@2e76a209{STOPPED},MANAGED}
18:14:47.642 [Executing testNonAdminWithCredentialsView(org.conjur.jenkins.credentials.ConjurCredentialStoreTest)] DEBUG org.eclipse.jetty.util.component.ContainerLifeCycle -- ConstraintSecurityHandler@2e76a209{STOPPED} added {ServletHandler@57d968e7{STOPPED},MANAGED}
18:14:47.642 [Executing testNonAdminWithCredentialsView(org.conjur.jenkins.credentials.ConjurCredentialStoreTest)] DEBUG org.eclipse.jetty.util.component.ContainerLifeCycle -- o.e.j.w.WebAppContext@34a461e2{/jenkins,null,STOPPED} added {ErrorPageErrorHandler@3d8422d8{STOPPED},MANAGED}
18:14:47.642 [Executing testNonAdminWithCredentialsView(org.conjur.jenkins.credentials.ConjurCredentialStoreTest)] DEBUG org.eclipse.jetty.util.component.ContainerLifeCycle -- o.e.j.w.WebAppContext@34a461e2{/jenkins,null,STOPPED}{/Users/sameer.shaik/MyWorkSpace/17OctV2.2.3-New-BitBucketIssueFixed/conjur-credentials-plugin/target/jenkins-for-test} added {NoListenerConfiguration@2679b98b{STOPPED},AUTO}
18:14:47.643 [Executing testNonAdminWithCredentialsView(org.conjur.jenkins.credentials.ConjurCredentialStoreTest)] DEBUG org.eclipse.jetty.util.component.ContainerLifeCycle -- Server@59e580ec{STOPPED}[9.4.48.v20220622] added {o.e.j.w.WebAppContext@34a461e2{/jenkins,null,STOPPED}{/Users/sameer.shaik/MyWorkSpace/17OctV2.2.3-New-BitBucketIssueFixed/conjur-credentials-plugin/target/jenkins-for-test},MANAGED}
18:14:47.643 [Executing testNonAdminWithCredentialsView(org.conjur.jenkins.credentials.ConjurCredentialStoreTest)] DEBUG org.eclipse.jetty.util.component.ContainerLifeCycle -- HashLoginService@44e939a5[null] added {org.eclipse.jetty.security.DefaultIdentityService@586bef8f,POJO}
18:14:47.643 [Executing testNonAdminWithCredentialsView(org.conjur.jenkins.credentials.ConjurCredentialStoreTest)] DEBUG org.eclipse.jetty.util.component.ContainerLifeCycle -- HashLoginService@44e939a5[default] added {UserStore@446584b8{STOPPED},AUTO}
18:14:47.643 [Executing testNonAdminWithCredentialsView(org.conjur.jenkins.credentials.ConjurCredentialStoreTest)] DEBUG org.eclipse.jetty.util.component.ContainerLifeCycle -- ConstraintSecurityHandler@2e76a209{STOPPED} added {HashLoginService@44e939a5[default],AUTO}
18:14:47.643 [Executing testNonAdminWithCredentialsView(org.conjur.jenkins.credentials.ConjurCredentialStoreTest)] DEBUG org.eclipse.jetty.util.component.ContainerLifeCycle -- HttpConnectionFactory@3f13d4ea[HTTP/1.1] added {HttpConfiguration@21c73da7{32768/8192,8192/8192,https://:0,[]},POJO}
18:14:47.644 [Executing testNonAdminWithCredentialsView(org.conjur.jenkins.credentials.ConjurCredentialStoreTest)] DEBUG org.eclipse.jetty.util.component.ContainerLifeCycle -- ServerConnector@8ea59b3{null, ()}{0.0.0.0:0} added {Server@59e580ec{STOPPED}[9.4.48.v20220622],UNMANAGED}
18:14:47.644 [Executing testNonAdminWithCredentialsView(org.conjur.jenkins.credentials.ConjurCredentialStoreTest)] DEBUG org.eclipse.jetty.util.component.ContainerLifeCycle -- ServerConnector@8ea59b3{null, ()}{0.0.0.0:0} added {QueuedThreadPool[Jetty (JenkinsRule)]@18d88ad7{STOPPED,8<=0<=200,i=0,r=-1,q=0}[NO_TRY],AUTO}
18:14:47.644 [Executing testNonAdminWithCredentialsView(org.conjur.jenkins.credentials.ConjurCredentialStoreTest)] DEBUG org.eclipse.jetty.util.component.ContainerLifeCycle -- ServerConnector@8ea59b3{null, ()}{0.0.0.0:0} added {ScheduledExecutorScheduler@2a03fa16{STOPPED},AUTO}
18:14:47.644 [Executing testNonAdminWithCredentialsView(org.conjur.jenkins.credentials.ConjurCredentialStoreTest)] DEBUG org.eclipse.jetty.util.component.ContainerLifeCycle -- ServerConnector@8ea59b3{null, ()}{0.0.0.0:0} added {ArrayByteBufferPool@b96df38{minBufferCapacity=0, maxBufferCapacity=65536, maxQueueLength=-1, factor=1024},POJO}
18:14:47.644 [Executing testNonAdminWithCredentialsView(org.conjur.jenkins.credentials.ConjurCredentialStoreTest)] DEBUG org.eclipse.jetty.util.component.ContainerLifeCycle -- ServerConnector@8ea59b3{null, (http/1.1)}{0.0.0.0:0} added {HttpConnectionFactory@3f13d4ea[HTTP/1.1],AUTO}
18:14:47.644 [Executing testNonAdminWithCredentialsView(org.conjur.jenkins.credentials.ConjurCredentialStoreTest)] DEBUG org.eclipse.jetty.server.AbstractConnector -- ServerConnector@8ea59b3{HTTP/1.1, (http/1.1)}{0.0.0.0:0} added HttpConnectionFactory@3f13d4ea[HTTP/1.1]
18:14:47.644 [Executing testNonAdminWithCredentialsView(org.conjur.jenkins.credentials.ConjurCredentialStoreTest)] DEBUG org.eclipse.jetty.util.component.ContainerLifeCycle -- ServerConnector@8ea59b3{HTTP/1.1, (http/1.1)}{0.0.0.0:0} added {SelectorManager@ServerConnector@8ea59b3{HTTP/1.1, (http/1.1)}{0.0.0.0:0},MANAGED}
18:14:47.645 [Executing testNonAdminWithCredentialsView(org.conjur.jenkins.credentials.ConjurCredentialStoreTest)] DEBUG org.eclipse.jetty.util.component.ContainerLifeCycle -- Server@59e580ec{STOPPED}[9.4.48.v20220622] added {ServerConnector@8ea59b3{HTTP/1.1, (http/1.1)}{localhost:0},AUTO}
18:14:47.645 [Executing testNonAdminWithCredentialsView(org.conjur.jenkins.credentials.ConjurCredentialStoreTest)] DEBUG org.eclipse.jetty.util.component.AbstractLifeCycle -- starting Server@59e580ec{STOPPED}[9.4.48.v20220622]
18:14:47.645 [Executing testNonAdminWithCredentialsView(org.conjur.jenkins.credentials.ConjurCredentialStoreTest)] DEBUG org.eclipse.jetty.util.component.ContainerLifeCycle -- Server@59e580ec{STARTING}[9.4.48.v20220622] added {ErrorHandler@13a4e1e8{STOPPED},AUTO}
18:14:47.645 [Executing testNonAdminWithCredentialsView(org.conjur.jenkins.credentials.ConjurCredentialStoreTest)] INFO org.eclipse.jetty.server.Server -- jetty-9.4.48.v20220622; built: 2022-06-21T20:42:25.880Z; git: 6b67c5719d1f4371b33655ff2d047d24e171e49a; jvm 17.0.11+9-adhoc.admin.jdk17u
18:14:47.645 [Executing testNonAdminWithCredentialsView(org.conjur.jenkins.credentials.ConjurCredentialStoreTest)] DEBUG org.eclipse.jetty.server.handler.AbstractHandler -- starting Server@59e580ec{STARTING}[9.4.48.v20220622]
18:14:47.645 [Executing testNonAdminWithCredentialsView(org.conjur.jenkins.credentials.ConjurCredentialStoreTest)] DEBUG org.eclipse.jetty.util.component.AbstractLifeCycle -- starting QueuedThreadPool[Jetty (JenkinsRule)]@18d88ad7{STOPPED,8<=0<=200,i=0,r=-1,q=0}[NO_TRY]
18:14:47.645 [Executing testNonAdminWithCredentialsView(org.conjur.jenkins.credentials.ConjurCredentialStoreTest)] DEBUG org.eclipse.jetty.util.thread.ReservedThreadExecutor -- ReservedThreadExecutor@495915ee{reserved=0/16,pending=0}
18:14:47.645 [Executing testNonAdminWithCredentialsView(org.conjur.jenkins.credentials.ConjurCredentialStoreTest)] DEBUG org.eclipse.jetty.util.component.ContainerLifeCycle -- QueuedThreadPool[Jetty (JenkinsRule)]@18d88ad7{STARTING,8<=0<=200,i=0,r=-1,q=0}[ReservedThreadExecutor@495915ee{reserved=0/16,pending=0}] added {ReservedThreadExecutor@495915ee{reserved=0/16,pending=0},AUTO}
18:14:47.645 [Executing testNonAdminWithCredentialsView(org.conjur.jenkins.credentials.ConjurCredentialStoreTest)] DEBUG org.eclipse.jetty.util.component.AbstractLifeCycle -- starting ReservedThreadExecutor@495915ee{reserved=0/16,pending=0}
18:14:47.645 [Executing testNonAdminWithCredentialsView(org.conjur.jenkins.credentials.ConjurCredentialStoreTest)] DEBUG org.eclipse.jetty.util.component.AbstractLifeCycle -- STARTED @14749ms ReservedThreadExecutor@495915ee{reserved=0/16,pending=0}
18:14:47.646 [Executing testNonAdminWithCredentialsView(org.conjur.jenkins.credentials.ConjurCredentialStoreTest)] DEBUG org.eclipse.jetty.util.thread.QueuedThreadPool -- Starting Thread[Jetty (JenkinsRule)-170,5,main]
18:14:47.646 [Executing testNonAdminWithCredentialsView(org.conjur.jenkins.credentials.ConjurCredentialStoreTest)] DEBUG org.eclipse.jetty.util.thread.QueuedThreadPool -- Starting Thread[Jetty (JenkinsRule)-171,5,main]
18:14:47.646 [Jetty (JenkinsRule)-170] DEBUG org.eclipse.jetty.util.thread.QueuedThreadPool -- Runner started for QueuedThreadPool[Jetty (JenkinsRule)]@18d88ad7{STARTING,8<=2<=200,i=2,r=-1,q=0}[ReservedThreadExecutor@495915ee{reserved=0/16,pending=0}]
18:14:47.646 [Executing testNonAdminWithCredentialsView(org.conjur.jenkins.credentials.ConjurCredentialStoreTest)] DEBUG org.eclipse.jetty.util.thread.QueuedThreadPool -- Starting Thread[Jetty (JenkinsRule)-172,5,main]
18:14:47.646 [Jetty (JenkinsRule)-171] DEBUG org.eclipse.jetty.util.thread.QueuedThreadPool -- Runner started for QueuedThreadPool[Jetty (JenkinsRule)]@18d88ad7{STARTING,8<=3<=200,i=3,r=-1,q=0}[ReservedThreadExecutor@495915ee{reserved=0/16,pending=0}]
18:14:47.646 [Executing testNonAdminWithCredentialsView(org.conjur.jenkins.credentials.ConjurCredentialStoreTest)] DEBUG org.eclipse.jetty.util.thread.QueuedThreadPool -- Starting Thread[Jetty (JenkinsRule)-173,5,main]
18:14:47.646 [Jetty (JenkinsRule)-172] DEBUG org.eclipse.jetty.util.thread.QueuedThreadPool -- Runner started for QueuedThreadPool[Jetty (JenkinsRule)]@18d88ad7{STARTING,8<=4<=200,i=4,r=-1,q=0}[ReservedThreadExecutor@495915ee{reserved=0/16,pending=0}]
18:14:47.646 [Executing testNonAdminWithCredentialsView(org.conjur.jenkins.credentials.ConjurCredentialStoreTest)] DEBUG org.eclipse.jetty.util.thread.QueuedThreadPool -- Starting Thread[Jetty (JenkinsRule)-174,5,main]
18:14:47.646 [Jetty (JenkinsRule)-173] DEBUG org.eclipse.jetty.util.thread.QueuedThreadPool -- Runner started for QueuedThreadPool[Jetty (JenkinsRule)]@18d88ad7{STARTING,8<=5<=200,i=5,r=-1,q=0}[ReservedThreadExecutor@495915ee{reserved=0/16,pending=0}]
18:14:47.647 [Executing testNonAdminWithCredentialsView(org.conjur.jenkins.credentials.ConjurCredentialStoreTest)] DEBUG org.eclipse.jetty.util.thread.QueuedThreadPool -- Starting Thread[Jetty (JenkinsRule)-175,5,main]
18:14:47.647 [Jetty (JenkinsRule)-174] DEBUG org.eclipse.jetty.util.thread.QueuedThreadPool -- Runner started for QueuedThreadPool[Jetty (JenkinsRule)]@18d88ad7{STARTING,8<=6<=200,i=6,r=-1,q=0}[ReservedThreadExecutor@495915ee{reserved=0/16,pending=0}]
18:14:47.647 [Executing testNonAdminWithCredentialsView(org.conjur.jenkins.credentials.ConjurCredentialStoreTest)] DEBUG org.eclipse.jetty.util.thread.QueuedThreadPool -- Starting Thread[Jetty (JenkinsRule)-176,5,main]
18:14:47.647 [Jetty (JenkinsRule)-175] DEBUG org.eclipse.jetty.util.thread.QueuedThreadPool -- Runner started for QueuedThreadPool[Jetty (JenkinsRule)]@18d88ad7{STARTING,8<=7<=200,i=7,r=-1,q=0}[ReservedThreadExecutor@495915ee{reserved=0/16,pending=0}]
18:14:47.647 [Executing testNonAdminWithCredentialsView(org.conjur.jenkins.credentials.ConjurCredentialStoreTest)] DEBUG org.eclipse.jetty.util.thread.QueuedThreadPool -- Starting Thread[Jetty (JenkinsRule)-177,5,main]
18:14:47.647 [Jetty (JenkinsRule)-176] DEBUG org.eclipse.jetty.util.thread.QueuedThreadPool -- Runner started for QueuedThreadPool[Jetty (JenkinsRule)]@18d88ad7{STARTING,8<=8<=200,i=8,r=-1,q=0}[ReservedThreadExecutor@495915ee{reserved=0/16,pending=0}]
18:14:47.647 [Executing testNonAdminWithCredentialsView(org.conjur.jenkins.credentials.ConjurCredentialStoreTest)] DEBUG org.eclipse.jetty.util.component.AbstractLifeCycle -- STARTED @14751ms QueuedThreadPool[Jetty (JenkinsRule)]@18d88ad7{STARTED,8<=8<=200,i=8,r=-1,q=0}[ReservedThreadExecutor@495915ee{reserved=0/16,pending=0}]
18:14:47.647 [Jetty (JenkinsRule)-177] DEBUG org.eclipse.jetty.util.thread.QueuedThreadPool -- Runner started for QueuedThreadPool[Jetty (JenkinsRule)]@18d88ad7{STARTED,8<=8<=200,i=8,r=-1,q=0}[ReservedThreadExecutor@495915ee{reserved=0/16,pending=0}]
18:14:47.647 [Executing testNonAdminWithCredentialsView(org.conjur.jenkins.credentials.ConjurCredentialStoreTest)] DEBUG org.eclipse.jetty.util.component.AbstractLifeCycle -- starting o.e.j.w.WebAppContext@34a461e2{/jenkins,file:///Users/sameer.shaik/MyWorkSpace/17OctV2.2.3-New-BitBucketIssueFixed/conjur-credentials-plugin/target/jenkins-for-test/,STOPPED}{/Users/sameer.shaik/MyWorkSpace/17OctV2.2.3-New-BitBucketIssueFixed/conjur-credentials-plugin/target/jenkins-for-test}
18:14:47.648 [Executing testNonAdminWithCredentialsView(org.conjur.jenkins.credentials.ConjurCredentialStoreTest)] DEBUG org.eclipse.jetty.webapp.WebAppContext -- Thread Context classloader jdk.internal.loader.ClassLoaders$AppClassLoader@5ffd2b27
18:14:47.648 [Executing testNonAdminWithCredentialsView(org.conjur.jenkins.credentials.ConjurCredentialStoreTest)] DEBUG org.eclipse.jetty.webapp.WebAppContext -- Parent class loader: jdk.internal.loader.ClassLoaders$PlatformClassLoader@6a175569 
18:14:47.648 [Executing testNonAdminWithCredentialsView(org.conjur.jenkins.credentials.ConjurCredentialStoreTest)] DEBUG org.eclipse.jetty.webapp.WebAppContext -- preConfigure o.e.j.w.WebAppContext@34a461e2{/jenkins,file:///Users/sameer.shaik/MyWorkSpace/17OctV2.2.3-New-BitBucketIssueFixed/conjur-credentials-plugin/target/jenkins-for-test/,STOPPED}{/Users/sameer.shaik/MyWorkSpace/17OctV2.2.3-New-BitBucketIssueFixed/conjur-credentials-plugin/target/jenkins-for-test} with org.eclipse.jetty.webapp.WebXmlConfiguration@225d64e2
18:14:47.651 [Executing testNonAdminWithCredentialsView(org.conjur.jenkins.credentials.ConjurCredentialStoreTest)] DEBUG org.eclipse.jetty.webapp.WebDescriptor -- jar:file:/Users/sameer.shaik/.m2/repository/org/eclipse/jetty/jetty-webapp/9.4.48.v20220622/jetty-webapp-9.4.48.v20220622.jar!/org/eclipse/jetty/webapp/webdefault.xml: Calculated metadatacomplete = False with version=3.1
18:14:47.653 [Executing testNonAdminWithCredentialsView(org.conjur.jenkins.credentials.ConjurCredentialStoreTest)] DEBUG org.eclipse.jetty.webapp.WebDescriptor -- file:///Users/sameer.shaik/MyWorkSpace/17OctV2.2.3-New-BitBucketIssueFixed/conjur-credentials-plugin/target/jenkins-for-test/WEB-INF/web.xml: Calculated metadatacomplete = True with version=3.1
18:14:47.653 [Executing testNonAdminWithCredentialsView(org.conjur.jenkins.credentials.ConjurCredentialStoreTest)] DEBUG org.eclipse.jetty.webapp.WebAppContext -- configure o.e.j.w.WebAppContext@34a461e2{/jenkins,file:///Users/sameer.shaik/MyWorkSpace/17OctV2.2.3-New-BitBucketIssueFixed/conjur-credentials-plugin/target/jenkins-for-test/,STARTING}{/Users/sameer.shaik/MyWorkSpace/17OctV2.2.3-New-BitBucketIssueFixed/conjur-credentials-plugin/target/jenkins-for-test} with org.eclipse.jetty.webapp.WebXmlConfiguration@225d64e2
18:14:47.653 [Executing testNonAdminWithCredentialsView(org.conjur.jenkins.credentials.ConjurCredentialStoreTest)] DEBUG org.eclipse.jetty.webapp.MetaData -- metadata resolve o.e.j.w.WebAppContext@34a461e2{/jenkins,file:///Users/sameer.shaik/MyWorkSpace/17OctV2.2.3-New-BitBucketIssueFixed/conjur-credentials-plugin/target/jenkins-for-test/,STARTING}{/Users/sameer.shaik/MyWorkSpace/17OctV2.2.3-New-BitBucketIssueFixed/conjur-credentials-plugin/target/jenkins-for-test}
18:14:47.654 [Executing testNonAdminWithCredentialsView(org.conjur.jenkins.credentials.ConjurCredentialStoreTest)] DEBUG org.eclipse.jetty.util.component.ContainerLifeCycle -- ServletHandler@57d968e7{STOPPED} added {org.eclipse.jetty.servlet.listener.ELContextCleaner@acbf667{src=DESCRIPTOR:jar:file:/Users/sameer.shaik/.m2/repository/org/eclipse/jetty/jetty-webapp/9.4.48.v20220622/jetty-webapp-9.4.48.v20220622.jar!/org/eclipse/jetty/webapp/webdefault.xml},AUTO}
18:14:47.654 [Executing testNonAdminWithCredentialsView(org.conjur.jenkins.credentials.ConjurCredentialStoreTest)] DEBUG org.eclipse.jetty.util.component.ContainerLifeCycle -- ServletHandler@57d968e7{STOPPED} added {org.eclipse.jetty.servlet.listener.IntrospectorCleaner@4378f9a8{src=DESCRIPTOR:jar:file:/Users/sameer.shaik/.m2/repository/org/eclipse/jetty/jetty-webapp/9.4.48.v20220622/jetty-webapp-9.4.48.v20220622.jar!/org/eclipse/jetty/webapp/webdefault.xml},AUTO}
18:14:47.654 [Executing testNonAdminWithCredentialsView(org.conjur.jenkins.credentials.ConjurCredentialStoreTest)] DEBUG org.eclipse.jetty.webapp.StandardDescriptorProcessor -- Added mapping [/]=>default 
18:14:47.655 [Executing testNonAdminWithCredentialsView(org.conjur.jenkins.credentials.ConjurCredentialStoreTest)] INFO org.eclipse.jetty.webapp.StandardDescriptorProcessor -- NO JSP Support for /jenkins, did not find org.eclipse.jetty.jsp.JettyJspServlet
18:14:47.655 [Executing testNonAdminWithCredentialsView(org.conjur.jenkins.credentials.ConjurCredentialStoreTest)] DEBUG org.eclipse.jetty.webapp.StandardDescriptorProcessor -- Added mapping [*.jsp, *.jspf, *.jspx, *.xsp, *.JSP, *.JSPF, *.JSPX, *.XSP]=>jsp 
18:14:47.655 [Executing testNonAdminWithCredentialsView(org.conjur.jenkins.credentials.ConjurCredentialStoreTest)] DEBUG org.eclipse.jetty.server.session -- SessionManager default maxInactiveInterval=1800
18:14:47.656 [Executing testNonAdminWithCredentialsView(org.conjur.jenkins.credentials.ConjurCredentialStoreTest)] DEBUG org.eclipse.jetty.util.component.ContainerLifeCycle -- ServletHandler@57d968e7{STOPPED} added {default==org.eclipse.jetty.servlet.DefaultServlet@5c13d641{jsp=null,order=0,inst=false,async=false,src=DESCRIPTOR:jar:file:/Users/sameer.shaik/.m2/repository/org/eclipse/jetty/jetty-webapp/9.4.48.v20220622/jetty-webapp-9.4.48.v20220622.jar!/org/eclipse/jetty/webapp/webdefault.xml,STOPPED},AUTO}
18:14:47.656 [Executing testNonAdminWithCredentialsView(org.conjur.jenkins.credentials.ConjurCredentialStoreTest)] DEBUG org.eclipse.jetty.util.component.ContainerLifeCycle -- ServletHandler@57d968e7{STOPPED} added {jsp==org.eclipse.jetty.servlet.NoJspServlet@19c47{jsp=null,order=0,inst=false,async=false,src=DESCRIPTOR:jar:file:/Users/sameer.shaik/.m2/repository/org/eclipse/jetty/jetty-webapp/9.4.48.v20220622/jetty-webapp-9.4.48.v20220622.jar!/org/eclipse/jetty/webapp/webdefault.xml,STOPPED},AUTO}
18:14:47.656 [Executing testNonAdminWithCredentialsView(org.conjur.jenkins.credentials.ConjurCredentialStoreTest)] DEBUG org.eclipse.jetty.util.component.ContainerLifeCycle -- ServletHandler@57d968e7{STOPPED} added {[/]=>default,POJO}
18:14:47.656 [Executing testNonAdminWithCredentialsView(org.conjur.jenkins.credentials.ConjurCredentialStoreTest)] DEBUG org.eclipse.jetty.util.component.ContainerLifeCycle -- ServletHandler@57d968e7{STOPPED} added {[*.jsp, *.jspf, *.jspx, *.xsp, *.JSP, *.JSPF, *.JSPX, *.XSP]=>jsp,POJO}
18:14:47.656 [Executing testNonAdminWithCredentialsView(org.conjur.jenkins.credentials.ConjurCredentialStoreTest)] DEBUG org.eclipse.jetty.webapp.StandardDescriptorProcessor -- Added mapping [/*]=>Stapler 
18:14:47.657 [Executing testNonAdminWithCredentialsView(org.conjur.jenkins.credentials.ConjurCredentialStoreTest)] DEBUG org.eclipse.jetty.util.component.ContainerLifeCycle -- ServletHandler@57d968e7{STOPPED} added {jenkins.util.SystemProperties$Listener@60f0869a{src=DESCRIPTOR:file:///Users/sameer.shaik/MyWorkSpace/17OctV2.2.3-New-BitBucketIssueFixed/conjur-credentials-plugin/target/jenkins-for-test/WEB-INF/web.xml},AUTO}
18:14:47.657 [Executing testNonAdminWithCredentialsView(org.conjur.jenkins.credentials.ConjurCredentialStoreTest)] DEBUG org.eclipse.jetty.util.component.ContainerLifeCycle -- ServletHandler@57d968e7{STOPPED} added {hudson.WebAppMain@3492be50{src=DESCRIPTOR:file:///Users/sameer.shaik/MyWorkSpace/17OctV2.2.3-New-BitBucketIssueFixed/conjur-credentials-plugin/target/jenkins-for-test/WEB-INF/web.xml},AUTO}
18:14:47.657 [Executing testNonAdminWithCredentialsView(org.conjur.jenkins.credentials.ConjurCredentialStoreTest)] DEBUG org.eclipse.jetty.util.component.ContainerLifeCycle -- ServletHandler@57d968e7{STOPPED} added {jenkins.JenkinsHttpSessionListener@61bf1e6b{src=DESCRIPTOR:file:///Users/sameer.shaik/MyWorkSpace/17OctV2.2.3-New-BitBucketIssueFixed/conjur-credentials-plugin/target/jenkins-for-test/WEB-INF/web.xml},AUTO}
18:14:47.657 [Executing testNonAdminWithCredentialsView(org.conjur.jenkins.credentials.ConjurCredentialStoreTest)] DEBUG org.eclipse.jetty.util.component.ContainerLifeCycle -- ServletHandler@57d968e7{STOPPED} added {suspicious-request-filter==jenkins.security.SuspiciousRequestFilter@650e0e4d{inst=false,async=true,src=DESCRIPTOR:file:///Users/sameer.shaik/MyWorkSpace/17OctV2.2.3-New-BitBucketIssueFixed/conjur-credentials-plugin/target/jenkins-for-test/WEB-INF/web.xml},AUTO}
18:14:47.658 [Executing testNonAdminWithCredentialsView(org.conjur.jenkins.credentials.ConjurCredentialStoreTest)] DEBUG org.eclipse.jetty.util.component.ContainerLifeCycle -- ServletHandler@57d968e7{STOPPED} added {diagnostic-name-filter==org.kohsuke.stapler.DiagnosticThreadNameFilter@1ae8020{inst=false,async=true,src=DESCRIPTOR:file:///Users/sameer.shaik/MyWorkSpace/17OctV2.2.3-New-BitBucketIssueFixed/conjur-credentials-plugin/target/jenkins-for-test/WEB-INF/web.xml},AUTO}
18:14:47.658 [Executing testNonAdminWithCredentialsView(org.conjur.jenkins.credentials.ConjurCredentialStoreTest)] DEBUG org.eclipse.jetty.util.component.ContainerLifeCycle -- ServletHandler@57d968e7{STOPPED} added {encoding-filter==hudson.util.CharacterEncodingFilter@20efce7b{inst=false,async=true,src=DESCRIPTOR:file:///Users/sameer.shaik/MyWorkSpace/17OctV2.2.3-New-BitBucketIssueFixed/conjur-credentials-plugin/target/jenkins-for-test/WEB-INF/web.xml},AUTO}
18:14:47.658 [Executing testNonAdminWithCredentialsView(org.conjur.jenkins.credentials.ConjurCredentialStoreTest)] DEBUG org.eclipse.jetty.util.component.ContainerLifeCycle -- ServletHandler@57d968e7{STOPPED} added {compression-filter==org.kohsuke.stapler.compression.CompressionFilter@39bad04b{inst=false,async=true,src=DESCRIPTOR:file:///Users/sameer.shaik/MyWorkSpace/17OctV2.2.3-New-BitBucketIssueFixed/conjur-credentials-plugin/target/jenkins-for-test/WEB-INF/web.xml},AUTO}
18:14:47.658 [Executing testNonAdminWithCredentialsView(org.conjur.jenkins.credentials.ConjurCredentialStoreTest)] DEBUG org.eclipse.jetty.util.component.ContainerLifeCycle -- ServletHandler@57d968e7{STOPPED} added {authentication-filter==hudson.security.HudsonFilter@2c53dd57{inst=false,async=true,src=DESCRIPTOR:file:///Users/sameer.shaik/MyWorkSpace/17OctV2.2.3-New-BitBucketIssueFixed/conjur-credentials-plugin/target/jenkins-for-test/WEB-INF/web.xml},AUTO}
18:14:47.658 [Executing testNonAdminWithCredentialsView(org.conjur.jenkins.credentials.ConjurCredentialStoreTest)] DEBUG org.eclipse.jetty.util.component.ContainerLifeCycle -- ServletHandler@57d968e7{STOPPED} added {csrf-filter==hudson.security.csrf.CrumbFilter@5909f77d{inst=false,async=true,src=DESCRIPTOR:file:///Users/sameer.shaik/MyWorkSpace/17OctV2.2.3-New-BitBucketIssueFixed/conjur-credentials-plugin/target/jenkins-for-test/WEB-INF/web.xml},AUTO}
18:14:47.658 [Executing testNonAdminWithCredentialsView(org.conjur.jenkins.credentials.ConjurCredentialStoreTest)] DEBUG org.eclipse.jetty.util.component.ContainerLifeCycle -- ServletHandler@57d968e7{STOPPED} added {plugins-filter==hudson.util.PluginServletFilter@74b6631{inst=false,async=true,src=DESCRIPTOR:file:///Users/sameer.shaik/MyWorkSpace/17OctV2.2.3-New-BitBucketIssueFixed/conjur-credentials-plugin/target/jenkins-for-test/WEB-INF/web.xml},AUTO}
18:14:47.658 [Executing testNonAdminWithCredentialsView(org.conjur.jenkins.credentials.ConjurCredentialStoreTest)] DEBUG org.eclipse.jetty.util.component.ContainerLifeCycle -- ServletHandler@57d968e7{STOPPED} added {Stapler==org.kohsuke.stapler.Stapler@f222d1a9{jsp=null,order=-1,inst=false,async=true,src=DESCRIPTOR:file:///Users/sameer.shaik/MyWorkSpace/17OctV2.2.3-New-BitBucketIssueFixed/conjur-credentials-plugin/target/jenkins-for-test/WEB-INF/web.xml,STOPPED},AUTO}
18:14:47.659 [Executing testNonAdminWithCredentialsView(org.conjur.jenkins.credentials.ConjurCredentialStoreTest)] DEBUG org.eclipse.jetty.util.component.ContainerLifeCycle -- ServletHandler@57d968e7{STOPPED} added {[/*]/[]/[REQUEST]=>suspicious-request-filter,POJO}
18:14:47.659 [Executing testNonAdminWithCredentialsView(org.conjur.jenkins.credentials.ConjurCredentialStoreTest)] DEBUG org.eclipse.jetty.util.component.ContainerLifeCycle -- ServletHandler@57d968e7{STOPPED} added {[/*]/[]/[REQUEST]=>diagnostic-name-filter,POJO}
18:14:47.659 [Executing testNonAdminWithCredentialsView(org.conjur.jenkins.credentials.ConjurCredentialStoreTest)] DEBUG org.eclipse.jetty.util.component.ContainerLifeCycle -- ServletHandler@57d968e7{STOPPED} added {[/*]/[]/[REQUEST]=>encoding-filter,POJO}
18:14:47.659 [Executing testNonAdminWithCredentialsView(org.conjur.jenkins.credentials.ConjurCredentialStoreTest)] DEBUG org.eclipse.jetty.util.component.ContainerLifeCycle -- ServletHandler@57d968e7{STOPPED} added {[/*]/[]/[REQUEST]=>compression-filter,POJO}
18:14:47.659 [Executing testNonAdminWithCredentialsView(org.conjur.jenkins.credentials.ConjurCredentialStoreTest)] DEBUG org.eclipse.jetty.util.component.ContainerLifeCycle -- ServletHandler@57d968e7{STOPPED} added {[/*]/[]/[REQUEST]=>authentication-filter,POJO}
18:14:47.659 [Executing testNonAdminWithCredentialsView(org.conjur.jenkins.credentials.ConjurCredentialStoreTest)] DEBUG org.eclipse.jetty.util.component.ContainerLifeCycle -- ServletHandler@57d968e7{STOPPED} added {[/*]/[]/[REQUEST]=>csrf-filter,POJO}
18:14:47.659 [Executing testNonAdminWithCredentialsView(org.conjur.jenkins.credentials.ConjurCredentialStoreTest)] DEBUG org.eclipse.jetty.util.component.ContainerLifeCycle -- ServletHandler@57d968e7{STOPPED} added {[/*]/[]/[REQUEST]=>plugins-filter,POJO}
18:14:47.659 [Executing testNonAdminWithCredentialsView(org.conjur.jenkins.credentials.ConjurCredentialStoreTest)] DEBUG org.eclipse.jetty.util.component.ContainerLifeCycle -- ServletHandler@57d968e7{STOPPED} added {[/*]=>Stapler,POJO}
18:14:47.659 [Executing testNonAdminWithCredentialsView(org.conjur.jenkins.credentials.ConjurCredentialStoreTest)] DEBUG org.eclipse.jetty.util.component.AbstractLifeCycle -- starting org.eclipse.jetty.servlet.listener.ELContextCleaner@acbf667{src=DESCRIPTOR:jar:file:/Users/sameer.shaik/.m2/repository/org/eclipse/jetty/jetty-webapp/9.4.48.v20220622/jetty-webapp-9.4.48.v20220622.jar!/org/eclipse/jetty/webapp/webdefault.xml}
18:14:47.659 [Executing testNonAdminWithCredentialsView(org.conjur.jenkins.credentials.ConjurCredentialStoreTest)] DEBUG org.eclipse.jetty.servlet.BaseHolder -- Holding class org.eclipse.jetty.servlet.listener.ELContextCleaner from jdk.internal.loader.ClassLoaders$AppClassLoader@5ffd2b27
18:14:47.660 [Executing testNonAdminWithCredentialsView(org.conjur.jenkins.credentials.ConjurCredentialStoreTest)] DEBUG org.eclipse.jetty.util.component.AbstractLifeCycle -- STARTED @14763ms org.eclipse.jetty.servlet.listener.ELContextCleaner@acbf667{src=DESCRIPTOR:jar:file:/Users/sameer.shaik/.m2/repository/org/eclipse/jetty/jetty-webapp/9.4.48.v20220622/jetty-webapp-9.4.48.v20220622.jar!/org/eclipse/jetty/webapp/webdefault.xml}
18:14:47.660 [Executing testNonAdminWithCredentialsView(org.conjur.jenkins.credentials.ConjurCredentialStoreTest)] DEBUG org.eclipse.jetty.util.component.AbstractLifeCycle -- starting org.eclipse.jetty.servlet.listener.IntrospectorCleaner@4378f9a8{src=DESCRIPTOR:jar:file:/Users/sameer.shaik/.m2/repository/org/eclipse/jetty/jetty-webapp/9.4.48.v20220622/jetty-webapp-9.4.48.v20220622.jar!/org/eclipse/jetty/webapp/webdefault.xml}
18:14:47.660 [Executing testNonAdminWithCredentialsView(org.conjur.jenkins.credentials.ConjurCredentialStoreTest)] DEBUG org.eclipse.jetty.servlet.BaseHolder -- Holding class org.eclipse.jetty.servlet.listener.IntrospectorCleaner from jdk.internal.loader.ClassLoaders$AppClassLoader@5ffd2b27
18:14:47.660 [Executing testNonAdminWithCredentialsView(org.conjur.jenkins.credentials.ConjurCredentialStoreTest)] DEBUG org.eclipse.jetty.util.component.AbstractLifeCycle -- STARTED @14764ms org.eclipse.jetty.servlet.listener.IntrospectorCleaner@4378f9a8{src=DESCRIPTOR:jar:file:/Users/sameer.shaik/.m2/repository/org/eclipse/jetty/jetty-webapp/9.4.48.v20220622/jetty-webapp-9.4.48.v20220622.jar!/org/eclipse/jetty/webapp/webdefault.xml}
18:14:47.660 [Executing testNonAdminWithCredentialsView(org.conjur.jenkins.credentials.ConjurCredentialStoreTest)] DEBUG org.eclipse.jetty.util.component.AbstractLifeCycle -- starting jenkins.util.SystemProperties$Listener@60f0869a{src=DESCRIPTOR:file:///Users/sameer.shaik/MyWorkSpace/17OctV2.2.3-New-BitBucketIssueFixed/conjur-credentials-plugin/target/jenkins-for-test/WEB-INF/web.xml}
18:14:47.660 [Executing testNonAdminWithCredentialsView(org.conjur.jenkins.credentials.ConjurCredentialStoreTest)] DEBUG org.eclipse.jetty.servlet.BaseHolder -- Holding class jenkins.util.SystemProperties$Listener from jdk.internal.loader.ClassLoaders$AppClassLoader@5ffd2b27
18:14:47.660 [Executing testNonAdminWithCredentialsView(org.conjur.jenkins.credentials.ConjurCredentialStoreTest)] DEBUG org.eclipse.jetty.util.component.AbstractLifeCycle -- STARTED @14764ms jenkins.util.SystemProperties$Listener@60f0869a{src=DESCRIPTOR:file:///Users/sameer.shaik/MyWorkSpace/17OctV2.2.3-New-BitBucketIssueFixed/conjur-credentials-plugin/target/jenkins-for-test/WEB-INF/web.xml}
18:14:47.660 [Executing testNonAdminWithCredentialsView(org.conjur.jenkins.credentials.ConjurCredentialStoreTest)] DEBUG org.eclipse.jetty.util.component.AbstractLifeCycle -- starting hudson.WebAppMain@3492be50{src=DESCRIPTOR:file:///Users/sameer.shaik/MyWorkSpace/17OctV2.2.3-New-BitBucketIssueFixed/conjur-credentials-plugin/target/jenkins-for-test/WEB-INF/web.xml}
18:14:47.660 [Executing testNonAdminWithCredentialsView(org.conjur.jenkins.credentials.ConjurCredentialStoreTest)] DEBUG org.eclipse.jetty.servlet.BaseHolder -- Holding class hudson.WebAppMain from jdk.internal.loader.ClassLoaders$AppClassLoader@5ffd2b27
18:14:47.661 [Executing testNonAdminWithCredentialsView(org.conjur.jenkins.credentials.ConjurCredentialStoreTest)] DEBUG org.eclipse.jetty.util.component.AbstractLifeCycle -- STARTED @14764ms hudson.WebAppMain@3492be50{src=DESCRIPTOR:file:///Users/sameer.shaik/MyWorkSpace/17OctV2.2.3-New-BitBucketIssueFixed/conjur-credentials-plugin/target/jenkins-for-test/WEB-INF/web.xml}
18:14:47.661 [Executing testNonAdminWithCredentialsView(org.conjur.jenkins.credentials.ConjurCredentialStoreTest)] DEBUG org.eclipse.jetty.util.component.AbstractLifeCycle -- starting jenkins.JenkinsHttpSessionListener@61bf1e6b{src=DESCRIPTOR:file:///Users/sameer.shaik/MyWorkSpace/17OctV2.2.3-New-BitBucketIssueFixed/conjur-credentials-plugin/target/jenkins-for-test/WEB-INF/web.xml}
18:14:47.661 [Executing testNonAdminWithCredentialsView(org.conjur.jenkins.credentials.ConjurCredentialStoreTest)] DEBUG org.eclipse.jetty.servlet.BaseHolder -- Holding class jenkins.JenkinsHttpSessionListener from jdk.internal.loader.ClassLoaders$AppClassLoader@5ffd2b27
18:14:47.661 [Executing testNonAdminWithCredentialsView(org.conjur.jenkins.credentials.ConjurCredentialStoreTest)] DEBUG org.eclipse.jetty.util.component.ContainerLifeCycle -- org.eclipse.jetty.server.session.SessionHandler969572259==dftMaxIdleSec=1800 added {jenkins.JenkinsHttpSessionListener@681cd61b,UNMANAGED}
18:14:47.661 [Executing testNonAdminWithCredentialsView(org.conjur.jenkins.credentials.ConjurCredentialStoreTest)] DEBUG org.eclipse.jetty.util.component.AbstractLifeCycle -- STARTED @14765ms jenkins.JenkinsHttpSessionListener@61bf1e6b{src=DESCRIPTOR:file:///Users/sameer.shaik/MyWorkSpace/17OctV2.2.3-New-BitBucketIssueFixed/conjur-credentials-plugin/target/jenkins-for-test/WEB-INF/web.xml}
18:14:47.661 [Executing testNonAdminWithCredentialsView(org.conjur.jenkins.credentials.ConjurCredentialStoreTest)] DEBUG org.eclipse.jetty.server.handler.AbstractHandler -- starting o.e.j.w.WebAppContext@34a461e2{Jenkins v2.346.3,/jenkins,file:///Users/sameer.shaik/MyWorkSpace/17OctV2.2.3-New-BitBucketIssueFixed/conjur-credentials-plugin/target/jenkins-for-test/,STARTING}{/Users/sameer.shaik/MyWorkSpace/17OctV2.2.3-New-BitBucketIssueFixed/conjur-credentials-plugin/target/jenkins-for-test}
18:14:47.661 [Executing testNonAdminWithCredentialsView(org.conjur.jenkins.credentials.ConjurCredentialStoreTest)] DEBUG org.eclipse.jetty.util.component.AbstractLifeCycle -- starting SymlinkAllowedResourceAliasChecker@6876db93{base=null,protected=[/WEB-INF, /META-INF]}
18:14:47.661 [Executing testNonAdminWithCredentialsView(org.conjur.jenkins.credentials.ConjurCredentialStoreTest)] DEBUG org.eclipse.jetty.util.component.AbstractLifeCycle -- STARTED @14765ms SymlinkAllowedResourceAliasChecker@6876db93{base=null,protected=[/WEB-INF, /META-INF]}
18:14:47.661 [Executing testNonAdminWithCredentialsView(org.conjur.jenkins.credentials.ConjurCredentialStoreTest)] DEBUG org.eclipse.jetty.util.component.AbstractLifeCycle -- starting org.eclipse.jetty.server.session.SessionHandler969572259==dftMaxIdleSec=1800
18:14:47.662 [Executing testNonAdminWithCredentialsView(org.conjur.jenkins.credentials.ConjurCredentialStoreTest)] DEBUG org.eclipse.jetty.util.component.ContainerLifeCycle -- org.eclipse.jetty.server.session.SessionHandler969572259==dftMaxIdleSec=1800 added {org.eclipse.jetty.server.session.DefaultSessionCache@5a17072a[evict=-1,removeUnloadable=false,saveOnCreate=false,saveOnInactiveEvict=false],AUTO}
18:14:47.662 [Executing testNonAdminWithCredentialsView(org.conjur.jenkins.credentials.ConjurCredentialStoreTest)] DEBUG org.eclipse.jetty.util.component.ContainerLifeCycle -- org.eclipse.jetty.server.session.DefaultSessionCache@5a17072a[evict=-1,removeUnloadable=false,saveOnCreate=false,saveOnInactiveEvict=false] added {org.eclipse.jetty.server.session.NullSessionDataStore@4c33b10a[passivating=false,graceSec=3600],AUTO}
18:14:47.662 [Executing testNonAdminWithCredentialsView(org.conjur.jenkins.credentials.ConjurCredentialStoreTest)] DEBUG org.eclipse.jetty.util.component.AbstractLifeCycle -- starting DefaultSessionIdManager@10152c53{STOPPED}[worker=null]
18:14:47.662 [Executing testNonAdminWithCredentialsView(org.conjur.jenkins.credentials.ConjurCredentialStoreTest)] INFO org.eclipse.jetty.server.session -- DefaultSessionIdManager workerName=node0
18:14:47.662 [Executing testNonAdminWithCredentialsView(org.conjur.jenkins.credentials.ConjurCredentialStoreTest)] INFO org.eclipse.jetty.server.session -- No SessionScavenger set, using defaults
18:14:47.662 [Executing testNonAdminWithCredentialsView(org.conjur.jenkins.credentials.ConjurCredentialStoreTest)] DEBUG org.eclipse.jetty.util.component.ContainerLifeCycle -- DefaultSessionIdManager@10152c53{STARTING}[worker=node0] added {HouseKeeper@1e378c44{STOPPED}[interval=600000, ownscheduler=false],MANAGED}
18:14:47.662 [Executing testNonAdminWithCredentialsView(org.conjur.jenkins.credentials.ConjurCredentialStoreTest)] DEBUG org.eclipse.jetty.util.component.AbstractLifeCycle -- starting HouseKeeper@1e378c44{STOPPED}[interval=600000, ownscheduler=false]
18:14:47.662 [Executing testNonAdminWithCredentialsView(org.conjur.jenkins.credentials.ConjurCredentialStoreTest)] DEBUG org.eclipse.jetty.util.component.AbstractLifeCycle -- starting ScheduledExecutorScheduler@7c7be6ff{STOPPED}
18:14:47.662 [Executing testNonAdminWithCredentialsView(org.conjur.jenkins.credentials.ConjurCredentialStoreTest)] DEBUG org.eclipse.jetty.util.component.AbstractLifeCycle -- STARTED @14766ms ScheduledExecutorScheduler@7c7be6ff{STARTED}
18:14:47.663 [Executing testNonAdminWithCredentialsView(org.conjur.jenkins.credentials.ConjurCredentialStoreTest)] DEBUG org.eclipse.jetty.server.session -- Using own scheduler for scavenging
18:14:47.663 [Executing testNonAdminWithCredentialsView(org.conjur.jenkins.credentials.ConjurCredentialStoreTest)] INFO org.eclipse.jetty.server.session -- node0 Scavenging every 660000ms
18:14:47.663 [Executing testNonAdminWithCredentialsView(org.conjur.jenkins.credentials.ConjurCredentialStoreTest)] DEBUG org.eclipse.jetty.util.component.AbstractLifeCycle -- STARTED @14767ms HouseKeeper@1e378c44{STARTED}[interval=660000, ownscheduler=true]
18:14:47.663 [Executing testNonAdminWithCredentialsView(org.conjur.jenkins.credentials.ConjurCredentialStoreTest)] DEBUG org.eclipse.jetty.util.component.AbstractLifeCycle -- STARTED @14767ms DefaultSessionIdManager@10152c53{STARTED}[worker=node0]
18:14:47.663 [Executing testNonAdminWithCredentialsView(org.conjur.jenkins.credentials.ConjurCredentialStoreTest)] DEBUG org.eclipse.jetty.util.component.ContainerLifeCycle -- Server@59e580ec{STARTING}[9.4.48.v20220622] added {DefaultSessionIdManager@10152c53{STARTED}[worker=node0],MANAGED}
18:14:47.663 [Executing testNonAdminWithCredentialsView(org.conjur.jenkins.credentials.ConjurCredentialStoreTest)] DEBUG org.eclipse.jetty.util.component.ContainerLifeCycle -- org.eclipse.jetty.server.session.SessionHandler969572259==dftMaxIdleSec=1800 added {DefaultSessionIdManager@10152c53{STARTED}[worker=node0],UNMANAGED}
18:14:47.663 [Executing testNonAdminWithCredentialsView(org.conjur.jenkins.credentials.ConjurCredentialStoreTest)] DEBUG org.eclipse.jetty.util.component.AbstractLifeCycle -- starting ScheduledExecutorScheduler@14df65de{STOPPED}
18:14:47.663 [Executing testNonAdminWithCredentialsView(org.conjur.jenkins.credentials.ConjurCredentialStoreTest)] DEBUG org.eclipse.jetty.util.component.AbstractLifeCycle -- STARTED @14767ms ScheduledExecutorScheduler@14df65de{STARTED}
18:14:47.663 [Executing testNonAdminWithCredentialsView(org.conjur.jenkins.credentials.ConjurCredentialStoreTest)] DEBUG org.eclipse.jetty.server.handler.AbstractHandler -- starting org.eclipse.jetty.server.session.SessionHandler969572259==dftMaxIdleSec=1800
18:14:47.664 [Executing testNonAdminWithCredentialsView(org.conjur.jenkins.credentials.ConjurCredentialStoreTest)] DEBUG org.eclipse.jetty.util.component.AbstractLifeCycle -- starting ConstraintSecurityHandler@2e76a209{STOPPED}
18:14:47.664 [Executing testNonAdminWithCredentialsView(org.conjur.jenkins.credentials.ConjurCredentialStoreTest)] DEBUG org.eclipse.jetty.util.component.ContainerLifeCycle -- ConstraintSecurityHandler@2e76a209{STARTING} added {org.eclipse.jetty.security.DefaultIdentityService@586bef8f,POJO}
18:14:47.664 [Executing testNonAdminWithCredentialsView(org.conjur.jenkins.credentials.ConjurCredentialStoreTest)] DEBUG org.eclipse.jetty.security.SecurityHandler -- Created authenticator org.eclipse.jetty.security.authentication.FormAuthenticator@36a88ead with org.eclipse.jetty.security.DefaultAuthenticatorFactory@a76ae10
18:14:47.664 [Executing testNonAdminWithCredentialsView(org.conjur.jenkins.credentials.ConjurCredentialStoreTest)] DEBUG org.eclipse.jetty.util.component.ContainerLifeCycle -- ConstraintSecurityHandler@2e76a209{STARTING} added {org.eclipse.jetty.security.authentication.FormAuthenticator@36a88ead,POJO}
18:14:47.664 [Executing testNonAdminWithCredentialsView(org.conjur.jenkins.credentials.ConjurCredentialStoreTest)] DEBUG org.eclipse.jetty.server.handler.AbstractHandler -- starting ConstraintSecurityHandler@2e76a209{STARTING}
18:14:47.664 [Executing testNonAdminWithCredentialsView(org.conjur.jenkins.credentials.ConjurCredentialStoreTest)] DEBUG org.eclipse.jetty.util.component.AbstractLifeCycle -- starting ServletHandler@57d968e7{STOPPED}
18:14:47.664 [Executing testNonAdminWithCredentialsView(org.conjur.jenkins.credentials.ConjurCredentialStoreTest)] DEBUG org.eclipse.jetty.servlet.ServletHandler -- Path=*.jspx[DESCRIPTOR:jar:file:/Users/sameer.shaik/.m2/repository/org/eclipse/jetty/jetty-webapp/9.4.48.v20220622/jetty-webapp-9.4.48.v20220622.jar!/org/eclipse/jetty/webapp/webdefault.xml] mapped to servlet=jsp[DESCRIPTOR:jar:file:/Users/sameer.shaik/.m2/repository/org/eclipse/jetty/jetty-webapp/9.4.48.v20220622/jetty-webapp-9.4.48.v20220622.jar!/org/eclipse/jetty/webapp/webdefault.xml]
18:14:47.664 [Executing testNonAdminWithCredentialsView(org.conjur.jenkins.credentials.ConjurCredentialStoreTest)] DEBUG org.eclipse.jetty.http.pathmap.ServletPathSpec -- Creating ServletPathSpec[*.jspx] (group: SUFFIX_GLOB, prefix: "null", suffix: "jspx")
18:14:47.664 [Executing testNonAdminWithCredentialsView(org.conjur.jenkins.credentials.ConjurCredentialStoreTest)] DEBUG org.eclipse.jetty.http.pathmap.PathMappings -- Added MappedResource[pathSpec=ServletPathSpec@96a7cfb7{*.jspx},resource=jsp==org.eclipse.jetty.servlet.NoJspServlet@19c47{jsp=null,order=0,inst=false,async=false,src=DESCRIPTOR:jar:file:/Users/sameer.shaik/.m2/repository/org/eclipse/jetty/jetty-webapp/9.4.48.v20220622/jetty-webapp-9.4.48.v20220622.jar!/org/eclipse/jetty/webapp/webdefault.xml,STOPPED}] to PathMappings[size=1]
18:14:47.665 [Executing testNonAdminWithCredentialsView(org.conjur.jenkins.credentials.ConjurCredentialStoreTest)] DEBUG org.eclipse.jetty.servlet.ServletHandler -- Path=*.JSPX[DESCRIPTOR:jar:file:/Users/sameer.shaik/.m2/repository/org/eclipse/jetty/jetty-webapp/9.4.48.v20220622/jetty-webapp-9.4.48.v20220622.jar!/org/eclipse/jetty/webapp/webdefault.xml] mapped to servlet=jsp[DESCRIPTOR:jar:file:/Users/sameer.shaik/.m2/repository/org/eclipse/jetty/jetty-webapp/9.4.48.v20220622/jetty-webapp-9.4.48.v20220622.jar!/org/eclipse/jetty/webapp/webdefault.xml]
18:14:47.665 [Executing testNonAdminWithCredentialsView(org.conjur.jenkins.credentials.ConjurCredentialStoreTest)] DEBUG org.eclipse.jetty.http.pathmap.ServletPathSpec -- Creating ServletPathSpec[*.JSPX] (group: SUFFIX_GLOB, prefix: "null", suffix: "JSPX")
18:14:47.665 [Executing testNonAdminWithCredentialsView(org.conjur.jenkins.credentials.ConjurCredentialStoreTest)] DEBUG org.eclipse.jetty.http.pathmap.PathMappings -- Added MappedResource[pathSpec=ServletPathSpec@94d5d7b7{*.JSPX},resource=jsp==org.eclipse.jetty.servlet.NoJspServlet@19c47{jsp=null,order=0,inst=false,async=false,src=DESCRIPTOR:jar:file:/Users/sameer.shaik/.m2/repository/org/eclipse/jetty/jetty-webapp/9.4.48.v20220622/jetty-webapp-9.4.48.v20220622.jar!/org/eclipse/jetty/webapp/webdefault.xml,STOPPED}] to PathMappings[size=2]
18:14:47.665 [Executing testNonAdminWithCredentialsView(org.conjur.jenkins.credentials.ConjurCredentialStoreTest)] DEBUG org.eclipse.jetty.servlet.ServletHandler -- Path=*.JSPF[DESCRIPTOR:jar:file:/Users/sameer.shaik/.m2/repository/org/eclipse/jetty/jetty-webapp/9.4.48.v20220622/jetty-webapp-9.4.48.v20220622.jar!/org/eclipse/jetty/webapp/webdefault.xml] mapped to servlet=jsp[DESCRIPTOR:jar:file:/Users/sameer.shaik/.m2/repository/org/eclipse/jetty/jetty-webapp/9.4.48.v20220622/jetty-webapp-9.4.48.v20220622.jar!/org/eclipse/jetty/webapp/webdefault.xml]
18:14:47.665 [Executing testNonAdminWithCredentialsView(org.conjur.jenkins.credentials.ConjurCredentialStoreTest)] DEBUG org.eclipse.jetty.http.pathmap.ServletPathSpec -- Creating ServletPathSpec[*.JSPF] (group: SUFFIX_GLOB, prefix: "null", suffix: "JSPF")
18:14:47.665 [Executing testNonAdminWithCredentialsView(org.conjur.jenkins.credentials.ConjurCredentialStoreTest)] DEBUG org.eclipse.jetty.http.pathmap.PathMappings -- Added MappedResource[pathSpec=ServletPathSpec@94d5d589{*.JSPF},resource=jsp==org.eclipse.jetty.servlet.NoJspServlet@19c47{jsp=null,order=0,inst=false,async=false,src=DESCRIPTOR:jar:file:/Users/sameer.shaik/.m2/repository/org/eclipse/jetty/jetty-webapp/9.4.48.v20220622/jetty-webapp-9.4.48.v20220622.jar!/org/eclipse/jetty/webapp/webdefault.xml,STOPPED}] to PathMappings[size=3]
18:14:47.665 [Executing testNonAdminWithCredentialsView(org.conjur.jenkins.credentials.ConjurCredentialStoreTest)] DEBUG org.eclipse.jetty.servlet.ServletHandler -- Path=*.jsp[DESCRIPTOR:jar:file:/Users/sameer.shaik/.m2/repository/org/eclipse/jetty/jetty-webapp/9.4.48.v20220622/jetty-webapp-9.4.48.v20220622.jar!/org/eclipse/jetty/webapp/webdefault.xml] mapped to servlet=jsp[DESCRIPTOR:jar:file:/Users/sameer.shaik/.m2/repository/org/eclipse/jetty/jetty-webapp/9.4.48.v20220622/jetty-webapp-9.4.48.v20220622.jar!/org/eclipse/jetty/webapp/webdefault.xml]
18:14:47.666 [Executing testNonAdminWithCredentialsView(org.conjur.jenkins.credentials.ConjurCredentialStoreTest)] DEBUG org.eclipse.jetty.http.pathmap.ServletPathSpec -- Creating ServletPathSpec[*.jsp] (group: SUFFIX_GLOB, prefix: "null", suffix: "jsp")
18:14:47.666 [Executing testNonAdminWithCredentialsView(org.conjur.jenkins.credentials.ConjurCredentialStoreTest)] DEBUG org.eclipse.jetty.http.pathmap.PathMappings -- Added MappedResource[pathSpec=ServletPathSpec@debd2188{*.jsp},resource=jsp==org.eclipse.jetty.servlet.NoJspServlet@19c47{jsp=null,order=0,inst=false,async=false,src=DESCRIPTOR:jar:file:/Users/sameer.shaik/.m2/repository/org/eclipse/jetty/jetty-webapp/9.4.48.v20220622/jetty-webapp-9.4.48.v20220622.jar!/org/eclipse/jetty/webapp/webdefault.xml,STOPPED}] to PathMappings[size=4]
18:14:47.666 [Executing testNonAdminWithCredentialsView(org.conjur.jenkins.credentials.ConjurCredentialStoreTest)] DEBUG org.eclipse.jetty.servlet.ServletHandler -- Path=*.JSP[DESCRIPTOR:jar:file:/Users/sameer.shaik/.m2/repository/org/eclipse/jetty/jetty-webapp/9.4.48.v20220622/jetty-webapp-9.4.48.v20220622.jar!/org/eclipse/jetty/webapp/webdefault.xml] mapped to servlet=jsp[DESCRIPTOR:jar:file:/Users/sameer.shaik/.m2/repository/org/eclipse/jetty/jetty-webapp/9.4.48.v20220622/jetty-webapp-9.4.48.v20220622.jar!/org/eclipse/jetty/webapp/webdefault.xml]
18:14:47.666 [Executing testNonAdminWithCredentialsView(org.conjur.jenkins.credentials.ConjurCredentialStoreTest)] DEBUG org.eclipse.jetty.http.pathmap.ServletPathSpec -- Creating ServletPathSpec[*.JSP] (group: SUFFIX_GLOB, prefix: "null", suffix: "JSP")
18:14:47.666 [Executing testNonAdminWithCredentialsView(org.conjur.jenkins.credentials.ConjurCredentialStoreTest)] DEBUG org.eclipse.jetty.http.pathmap.PathMappings -- Added MappedResource[pathSpec=ServletPathSpec@deae19a8{*.JSP},resource=jsp==org.eclipse.jetty.servlet.NoJspServlet@19c47{jsp=null,order=0,inst=false,async=false,src=DESCRIPTOR:jar:file:/Users/sameer.shaik/.m2/repository/org/eclipse/jetty/jetty-webapp/9.4.48.v20220622/jetty-webapp-9.4.48.v20220622.jar!/org/eclipse/jetty/webapp/webdefault.xml,STOPPED}] to PathMappings[size=5]
18:14:47.666 [Executing testNonAdminWithCredentialsView(org.conjur.jenkins.credentials.ConjurCredentialStoreTest)] DEBUG org.eclipse.jetty.servlet.ServletHandler -- Path=*.jspf[DESCRIPTOR:jar:file:/Users/sameer.shaik/.m2/repository/org/eclipse/jetty/jetty-webapp/9.4.48.v20220622/jetty-webapp-9.4.48.v20220622.jar!/org/eclipse/jetty/webapp/webdefault.xml] mapped to servlet=jsp[DESCRIPTOR:jar:file:/Users/sameer.shaik/.m2/repository/org/eclipse/jetty/jetty-webapp/9.4.48.v20220622/jetty-webapp-9.4.48.v20220622.jar!/org/eclipse/jetty/webapp/webdefault.xml]
18:14:47.667 [Executing testNonAdminWithCredentialsView(org.conjur.jenkins.credentials.ConjurCredentialStoreTest)] DEBUG org.eclipse.jetty.http.pathmap.ServletPathSpec -- Creating ServletPathSpec[*.jspf] (group: SUFFIX_GLOB, prefix: "null", suffix: "jspf")
18:14:47.667 [Executing testNonAdminWithCredentialsView(org.conjur.jenkins.credentials.ConjurCredentialStoreTest)] DEBUG org.eclipse.jetty.http.pathmap.PathMappings -- Added MappedResource[pathSpec=ServletPathSpec@96a7cd89{*.jspf},resource=jsp==org.eclipse.jetty.servlet.NoJspServlet@19c47{jsp=null,order=0,inst=false,async=false,src=DESCRIPTOR:jar:file:/Users/sameer.shaik/.m2/repository/org/eclipse/jetty/jetty-webapp/9.4.48.v20220622/jetty-webapp-9.4.48.v20220622.jar!/org/eclipse/jetty/webapp/webdefault.xml,STOPPED}] to PathMappings[size=6]
18:14:47.667 [Executing testNonAdminWithCredentialsView(org.conjur.jenkins.credentials.ConjurCredentialStoreTest)] DEBUG org.eclipse.jetty.servlet.ServletHandler -- Path=*.XSP[DESCRIPTOR:jar:file:/Users/sameer.shaik/.m2/repository/org/eclipse/jetty/jetty-webapp/9.4.48.v20220622/jetty-webapp-9.4.48.v20220622.jar!/org/eclipse/jetty/webapp/webdefault.xml] mapped to servlet=jsp[DESCRIPTOR:jar:file:/Users/sameer.shaik/.m2/repository/org/eclipse/jetty/jetty-webapp/9.4.48.v20220622/jetty-webapp-9.4.48.v20220622.jar!/org/eclipse/jetty/webapp/webdefault.xml]
18:14:47.667 [Executing testNonAdminWithCredentialsView(org.conjur.jenkins.credentials.ConjurCredentialStoreTest)] DEBUG org.eclipse.jetty.http.pathmap.ServletPathSpec -- Creating ServletPathSpec[*.XSP] (group: SUFFIX_GLOB, prefix: "null", suffix: "XSP")
18:14:47.667 [Executing testNonAdminWithCredentialsView(org.conjur.jenkins.credentials.ConjurCredentialStoreTest)] DEBUG org.eclipse.jetty.http.pathmap.PathMappings -- Added MappedResource[pathSpec=ServletPathSpec@deb476da{*.XSP},resource=jsp==org.eclipse.jetty.servlet.NoJspServlet@19c47{jsp=null,order=0,inst=false,async=false,src=DESCRIPTOR:jar:file:/Users/sameer.shaik/.m2/repository/org/eclipse/jetty/jetty-webapp/9.4.48.v20220622/jetty-webapp-9.4.48.v20220622.jar!/org/eclipse/jetty/webapp/webdefault.xml,STOPPED}] to PathMappings[size=7]
18:14:47.667 [Executing testNonAdminWithCredentialsView(org.conjur.jenkins.credentials.ConjurCredentialStoreTest)] DEBUG org.eclipse.jetty.servlet.ServletHandler -- Path=*.xsp[DESCRIPTOR:jar:file:/Users/sameer.shaik/.m2/repository/org/eclipse/jetty/jetty-webapp/9.4.48.v20220622/jetty-webapp-9.4.48.v20220622.jar!/org/eclipse/jetty/webapp/webdefault.xml] mapped to servlet=jsp[DESCRIPTOR:jar:file:/Users/sameer.shaik/.m2/repository/org/eclipse/jetty/jetty-webapp/9.4.48.v20220622/jetty-webapp-9.4.48.v20220622.jar!/org/eclipse/jetty/webapp/webdefault.xml]
18:14:47.667 [Executing testNonAdminWithCredentialsView(org.conjur.jenkins.credentials.ConjurCredentialStoreTest)] DEBUG org.eclipse.jetty.http.pathmap.ServletPathSpec -- Creating ServletPathSpec[*.xsp] (group: SUFFIX_GLOB, prefix: "null", suffix: "xsp")
18:14:47.668 [Executing testNonAdminWithCredentialsView(org.conjur.jenkins.credentials.ConjurCredentialStoreTest)] DEBUG org.eclipse.jetty.http.pathmap.PathMappings -- Added MappedResource[pathSpec=ServletPathSpec@dec37eba{*.xsp},resource=jsp==org.eclipse.jetty.servlet.NoJspServlet@19c47{jsp=null,order=0,inst=false,async=false,src=DESCRIPTOR:jar:file:/Users/sameer.shaik/.m2/repository/org/eclipse/jetty/jetty-webapp/9.4.48.v20220622/jetty-webapp-9.4.48.v20220622.jar!/org/eclipse/jetty/webapp/webdefault.xml,STOPPED}] to PathMappings[size=8]
18:14:47.668 [Executing testNonAdminWithCredentialsView(org.conjur.jenkins.credentials.ConjurCredentialStoreTest)] DEBUG org.eclipse.jetty.servlet.ServletHandler -- Path=/*[DESCRIPTOR:file:///Users/sameer.shaik/MyWorkSpace/17OctV2.2.3-New-BitBucketIssueFixed/conjur-credentials-plugin/target/jenkins-for-test/WEB-INF/web.xml] mapped to servlet=Stapler[DESCRIPTOR:file:///Users/sameer.shaik/MyWorkSpace/17OctV2.2.3-New-BitBucketIssueFixed/conjur-credentials-plugin/target/jenkins-for-test/WEB-INF/web.xml]
18:14:47.668 [Executing testNonAdminWithCredentialsView(org.conjur.jenkins.credentials.ConjurCredentialStoreTest)] DEBUG org.eclipse.jetty.http.pathmap.ServletPathSpec -- Creating ServletPathSpec[/*] (group: PREFIX_GLOB, prefix: "", suffix: "null")
18:14:47.668 [Executing testNonAdminWithCredentialsView(org.conjur.jenkins.credentials.ConjurCredentialStoreTest)] DEBUG org.eclipse.jetty.http.pathmap.PathMappings -- Added MappedResource[pathSpec=ServletPathSpec@9457a78e{/*},resource=Stapler==org.kohsuke.stapler.Stapler@f222d1a9{jsp=null,order=-1,inst=false,async=true,src=DESCRIPTOR:file:///Users/sameer.shaik/MyWorkSpace/17OctV2.2.3-New-BitBucketIssueFixed/conjur-credentials-plugin/target/jenkins-for-test/WEB-INF/web.xml,STOPPED}] to PathMappings[size=9]
18:14:47.668 [Executing testNonAdminWithCredentialsView(org.conjur.jenkins.credentials.ConjurCredentialStoreTest)] DEBUG org.eclipse.jetty.servlet.ServletHandler -- Path=/[DESCRIPTOR:jar:file:/Users/sameer.shaik/.m2/repository/org/eclipse/jetty/jetty-webapp/9.4.48.v20220622/jetty-webapp-9.4.48.v20220622.jar!/org/eclipse/jetty/webapp/webdefault.xml] mapped to servlet=default[DESCRIPTOR:jar:file:/Users/sameer.shaik/.m2/repository/org/eclipse/jetty/jetty-webapp/9.4.48.v20220622/jetty-webapp-9.4.48.v20220622.jar!/org/eclipse/jetty/webapp/webdefault.xml]
18:14:47.668 [Executing testNonAdminWithCredentialsView(org.conjur.jenkins.credentials.ConjurCredentialStoreTest)] DEBUG org.eclipse.jetty.http.pathmap.PathMappings -- Added MappedResource[pathSpec=ServletPathSpec@9457dcb7{/},resource=default==org.eclipse.jetty.servlet.DefaultServlet@5c13d641{jsp=null,order=0,inst=false,async=false,src=DESCRIPTOR:jar:file:/Users/sameer.shaik/.m2/repository/org/eclipse/jetty/jetty-webapp/9.4.48.v20220622/jetty-webapp-9.4.48.v20220622.jar!/org/eclipse/jetty/webapp/webdefault.xml,STOPPED}] to PathMappings[size=10]
18:14:47.668 [Executing testNonAdminWithCredentialsView(org.conjur.jenkins.credentials.ConjurCredentialStoreTest)] DEBUG org.eclipse.jetty.servlet.ServletHandler -- filterNameMap={csrf-filter=csrf-filter==hudson.security.csrf.CrumbFilter@5909f77d{inst=false,async=true,src=DESCRIPTOR:file:///Users/sameer.shaik/MyWorkSpace/17OctV2.2.3-New-BitBucketIssueFixed/conjur-credentials-plugin/target/jenkins-for-test/WEB-INF/web.xml}, encoding-filter=encoding-filter==hudson.util.CharacterEncodingFilter@20efce7b{inst=false,async=true,src=DESCRIPTOR:file:///Users/sameer.shaik/MyWorkSpace/17OctV2.2.3-New-BitBucketIssueFixed/conjur-credentials-plugin/target/jenkins-for-test/WEB-INF/web.xml}, diagnostic-name-filter=diagnostic-name-filter==org.kohsuke.stapler.DiagnosticThreadNameFilter@1ae8020{inst=false,async=true,src=DESCRIPTOR:file:///Users/sameer.shaik/MyWorkSpace/17OctV2.2.3-New-BitBucketIssueFixed/conjur-credentials-plugin/target/jenkins-for-test/WEB-INF/web.xml}, compression-filter=compression-filter==org.kohsuke.stapler.compression.CompressionFilter@39bad04b{inst=false,async=true,src=DESCRIPTOR:file:///Users/sameer.shaik/MyWorkSpace/17OctV2.2.3-New-BitBucketIssueFixed/conjur-credentials-plugin/target/jenkins-for-test/WEB-INF/web.xml}, plugins-filter=plugins-filter==hudson.util.PluginServletFilter@74b6631{inst=false,async=true,src=DESCRIPTOR:file:///Users/sameer.shaik/MyWorkSpace/17OctV2.2.3-New-BitBucketIssueFixed/conjur-credentials-plugin/target/jenkins-for-test/WEB-INF/web.xml}, authentication-filter=authentication-filter==hudson.security.HudsonFilter@2c53dd57{inst=false,async=true,src=DESCRIPTOR:file:///Users/sameer.shaik/MyWorkSpace/17OctV2.2.3-New-BitBucketIssueFixed/conjur-credentials-plugin/target/jenkins-for-test/WEB-INF/web.xml}, suspicious-request-filter=suspicious-request-filter==jenkins.security.SuspiciousRequestFilter@650e0e4d{inst=false,async=true,src=DESCRIPTOR:file:///Users/sameer.shaik/MyWorkSpace/17OctV2.2.3-New-BitBucketIssueFixed/conjur-credentials-plugin/target/jenkins-for-test/WEB-INF/web.xml}}
18:14:47.669 [Executing testNonAdminWithCredentialsView(org.conjur.jenkins.credentials.ConjurCredentialStoreTest)] DEBUG org.eclipse.jetty.servlet.ServletHandler -- pathFilters=[[/*]/[]/[REQUEST, ASYNC]=>plugins-filter, [/*]/[]/[REQUEST, ASYNC]=>csrf-filter, [/*]/[]/[REQUEST, ASYNC]=>authentication-filter, [/*]/[]/[REQUEST, ASYNC]=>compression-filter, [/*]/[]/[REQUEST, ASYNC]=>encoding-filter, [/*]/[]/[REQUEST, ASYNC]=>diagnostic-name-filter, [/*]/[]/[REQUEST, ASYNC]=>suspicious-request-filter]
18:14:47.669 [Executing testNonAdminWithCredentialsView(org.conjur.jenkins.credentials.ConjurCredentialStoreTest)] DEBUG org.eclipse.jetty.servlet.ServletHandler -- servletFilterMap={}
18:14:47.669 [Executing testNonAdminWithCredentialsView(org.conjur.jenkins.credentials.ConjurCredentialStoreTest)] DEBUG org.eclipse.jetty.servlet.ServletHandler -- servletPathMap=PathMappings[size=10]
18:14:47.669 [Executing testNonAdminWithCredentialsView(org.conjur.jenkins.credentials.ConjurCredentialStoreTest)] DEBUG org.eclipse.jetty.servlet.ServletHandler -- servletNameMap={default=default==org.eclipse.jetty.servlet.DefaultServlet@5c13d641{jsp=null,order=0,inst=false,async=false,src=DESCRIPTOR:jar:file:/Users/sameer.shaik/.m2/repository/org/eclipse/jetty/jetty-webapp/9.4.48.v20220622/jetty-webapp-9.4.48.v20220622.jar!/org/eclipse/jetty/webapp/webdefault.xml,STOPPED}, jsp=jsp==org.eclipse.jetty.servlet.NoJspServlet@19c47{jsp=null,order=0,inst=false,async=false,src=DESCRIPTOR:jar:file:/Users/sameer.shaik/.m2/repository/org/eclipse/jetty/jetty-webapp/9.4.48.v20220622/jetty-webapp-9.4.48.v20220622.jar!/org/eclipse/jetty/webapp/webdefault.xml,STOPPED}, Stapler=Stapler==org.kohsuke.stapler.Stapler@f222d1a9{jsp=null,order=-1,inst=false,async=true,src=DESCRIPTOR:file:///Users/sameer.shaik/MyWorkSpace/17OctV2.2.3-New-BitBucketIssueFixed/conjur-credentials-plugin/target/jenkins-for-test/WEB-INF/web.xml,STOPPED}}
18:14:47.670 [Executing testNonAdminWithCredentialsView(org.conjur.jenkins.credentials.ConjurCredentialStoreTest)] DEBUG org.eclipse.jetty.server.handler.AbstractHandler -- starting ServletHandler@57d968e7{STARTING}
18:14:47.670 [Executing testNonAdminWithCredentialsView(org.conjur.jenkins.credentials.ConjurCredentialStoreTest)] DEBUG org.eclipse.jetty.util.component.AbstractLifeCycle -- STARTED @14774ms ServletHandler@57d968e7{STARTED}
18:14:47.670 [Executing testNonAdminWithCredentialsView(org.conjur.jenkins.credentials.ConjurCredentialStoreTest)] DEBUG org.eclipse.jetty.util.component.AbstractLifeCycle -- starting HashLoginService@44e939a5[default]
18:14:47.670 [Executing testNonAdminWithCredentialsView(org.conjur.jenkins.credentials.ConjurCredentialStoreTest)] DEBUG org.eclipse.jetty.util.component.AbstractLifeCycle -- starting UserStore@446584b8{STOPPED}
18:14:47.670 [Executing testNonAdminWithCredentialsView(org.conjur.jenkins.credentials.ConjurCredentialStoreTest)] DEBUG org.eclipse.jetty.util.component.AbstractLifeCycle -- STARTED @14774ms UserStore@446584b8{STARTED}
18:14:47.670 [Executing testNonAdminWithCredentialsView(org.conjur.jenkins.credentials.ConjurCredentialStoreTest)] DEBUG org.eclipse.jetty.util.component.AbstractLifeCycle -- STARTED @14774ms HashLoginService@44e939a5[default]
18:14:47.670 [Executing testNonAdminWithCredentialsView(org.conjur.jenkins.credentials.ConjurCredentialStoreTest)] DEBUG org.eclipse.jetty.util.component.AbstractLifeCycle -- STARTED @14774ms ConstraintSecurityHandler@2e76a209{STARTED}
18:14:47.670 [Executing testNonAdminWithCredentialsView(org.conjur.jenkins.credentials.ConjurCredentialStoreTest)] DEBUG org.eclipse.jetty.util.component.AbstractLifeCycle -- starting org.eclipse.jetty.server.session.DefaultSessionCache@5a17072a[evict=-1,removeUnloadable=false,saveOnCreate=false,saveOnInactiveEvict=false]
18:14:47.670 [Executing testNonAdminWithCredentialsView(org.conjur.jenkins.credentials.ConjurCredentialStoreTest)] DEBUG org.eclipse.jetty.util.component.AbstractLifeCycle -- starting org.eclipse.jetty.server.session.NullSessionDataStore@4c33b10a[passivating=false,graceSec=3600]
18:14:47.670 [Executing testNonAdminWithCredentialsView(org.conjur.jenkins.credentials.ConjurCredentialStoreTest)] DEBUG org.eclipse.jetty.util.component.AbstractLifeCycle -- STARTED @14774ms org.eclipse.jetty.server.session.NullSessionDataStore@4c33b10a[passivating=false,graceSec=3600]
18:14:47.671 [Executing testNonAdminWithCredentialsView(org.conjur.jenkins.credentials.ConjurCredentialStoreTest)] DEBUG org.eclipse.jetty.util.component.AbstractLifeCycle -- STARTED @14774ms org.eclipse.jetty.server.session.DefaultSessionCache@5a17072a[evict=-1,removeUnloadable=false,saveOnCreate=false,saveOnInactiveEvict=false]
18:14:47.671 [Executing testNonAdminWithCredentialsView(org.conjur.jenkins.credentials.ConjurCredentialStoreTest)] DEBUG org.eclipse.jetty.util.component.AbstractLifeCycle -- STARTED @14775ms org.eclipse.jetty.server.session.SessionHandler969572259==dftMaxIdleSec=1800
18:14:47.671 [Executing testNonAdminWithCredentialsView(org.conjur.jenkins.credentials.ConjurCredentialStoreTest)] DEBUG org.eclipse.jetty.util.component.AbstractLifeCycle -- starting ErrorPageErrorHandler@3d8422d8{STOPPED}
18:14:47.671 [Executing testNonAdminWithCredentialsView(org.conjur.jenkins.credentials.ConjurCredentialStoreTest)] DEBUG org.eclipse.jetty.server.handler.AbstractHandler -- starting ErrorPageErrorHandler@3d8422d8{STARTING}
18:14:47.671 [Executing testNonAdminWithCredentialsView(org.conjur.jenkins.credentials.ConjurCredentialStoreTest)] DEBUG org.eclipse.jetty.util.component.AbstractLifeCycle -- STARTED @14775ms ErrorPageErrorHandler@3d8422d8{STARTED}
18:14:47.671 [Executing testNonAdminWithCredentialsView(org.conjur.jenkins.credentials.ConjurCredentialStoreTest)] DEBUG org.eclipse.jetty.util.component.AbstractLifeCycle -- starting NoListenerConfiguration@2679b98b{STOPPED}
18:14:47.671 [Executing testNonAdminWithCredentialsView(org.conjur.jenkins.credentials.ConjurCredentialStoreTest)] DEBUG org.eclipse.jetty.util.component.AbstractLifeCycle -- STARTED @14775ms NoListenerConfiguration@2679b98b{STARTED}
18:14:47.671 [Executing testNonAdminWithCredentialsView(org.conjur.jenkins.credentials.ConjurCredentialStoreTest)] DEBUG org.eclipse.jetty.server.handler.ContextHandler -- contextInitialized: javax.servlet.ServletContextEvent[source=ServletContext@o.e.j.w.WebAppContext@34a461e2{Jenkins v2.346.3,/jenkins,file:///Users/sameer.shaik/MyWorkSpace/17OctV2.2.3-New-BitBucketIssueFixed/conjur-credentials-plugin/target/jenkins-for-test/,STARTING}{/Users/sameer.shaik/MyWorkSpace/17OctV2.2.3-New-BitBucketIssueFixed/conjur-credentials-plugin/target/jenkins-for-test}]->org.eclipse.jetty.servlet.listener.ELContextCleaner@356aaec1
18:14:47.671 [Executing testNonAdminWithCredentialsView(org.conjur.jenkins.credentials.ConjurCredentialStoreTest)] DEBUG org.eclipse.jetty.server.handler.ContextHandler -- contextInitialized: javax.servlet.ServletContextEvent[source=ServletContext@o.e.j.w.WebAppContext@34a461e2{Jenkins v2.346.3,/jenkins,file:///Users/sameer.shaik/MyWorkSpace/17OctV2.2.3-New-BitBucketIssueFixed/conjur-credentials-plugin/target/jenkins-for-test/,STARTING}{/Users/sameer.shaik/MyWorkSpace/17OctV2.2.3-New-BitBucketIssueFixed/conjur-credentials-plugin/target/jenkins-for-test}]->org.eclipse.jetty.servlet.listener.IntrospectorCleaner@5af4cc27
18:14:47.672 [Executing testNonAdminWithCredentialsView(org.conjur.jenkins.credentials.ConjurCredentialStoreTest)] DEBUG org.eclipse.jetty.server.handler.ContextHandler -- contextInitialized: javax.servlet.ServletContextEvent[source=ServletContext@o.e.j.w.WebAppContext@34a461e2{Jenkins v2.346.3,/jenkins,file:///Users/sameer.shaik/MyWorkSpace/17OctV2.2.3-New-BitBucketIssueFixed/conjur-credentials-plugin/target/jenkins-for-test/,STARTING}{/Users/sameer.shaik/MyWorkSpace/17OctV2.2.3-New-BitBucketIssueFixed/conjur-credentials-plugin/target/jenkins-for-test}]->jenkins.util.SystemProperties$Listener@28dbfc32
18:14:47.672 [Executing testNonAdminWithCredentialsView(org.conjur.jenkins.credentials.ConjurCredentialStoreTest)] DEBUG org.eclipse.jetty.util.component.AbstractLifeCycle -- starting suspicious-request-filter==jenkins.security.SuspiciousRequestFilter@650e0e4d{inst=false,async=true,src=DESCRIPTOR:file:///Users/sameer.shaik/MyWorkSpace/17OctV2.2.3-New-BitBucketIssueFixed/conjur-credentials-plugin/target/jenkins-for-test/WEB-INF/web.xml}
18:14:47.672 [Executing testNonAdminWithCredentialsView(org.conjur.jenkins.credentials.ConjurCredentialStoreTest)] DEBUG org.eclipse.jetty.servlet.BaseHolder -- Holding class jenkins.security.SuspiciousRequestFilter from jdk.internal.loader.ClassLoaders$AppClassLoader@5ffd2b27
18:14:47.672 [Executing testNonAdminWithCredentialsView(org.conjur.jenkins.credentials.ConjurCredentialStoreTest)] DEBUG org.eclipse.jetty.util.component.AbstractLifeCycle -- STARTED @14776ms suspicious-request-filter==jenkins.security.SuspiciousRequestFilter@650e0e4d{inst=false,async=true,src=DESCRIPTOR:file:///Users/sameer.shaik/MyWorkSpace/17OctV2.2.3-New-BitBucketIssueFixed/conjur-credentials-plugin/target/jenkins-for-test/WEB-INF/web.xml}
18:14:47.672 [Executing testNonAdminWithCredentialsView(org.conjur.jenkins.credentials.ConjurCredentialStoreTest)] DEBUG org.eclipse.jetty.servlet.FilterHolder -- Filter.init jenkins.security.SuspiciousRequestFilter@3e378b2
18:14:47.672 [Executing testNonAdminWithCredentialsView(org.conjur.jenkins.credentials.ConjurCredentialStoreTest)] DEBUG org.eclipse.jetty.util.component.AbstractLifeCycle -- starting diagnostic-name-filter==org.kohsuke.stapler.DiagnosticThreadNameFilter@1ae8020{inst=false,async=true,src=DESCRIPTOR:file:///Users/sameer.shaik/MyWorkSpace/17OctV2.2.3-New-BitBucketIssueFixed/conjur-credentials-plugin/target/jenkins-for-test/WEB-INF/web.xml}
18:14:47.672 [Executing testNonAdminWithCredentialsView(org.conjur.jenkins.credentials.ConjurCredentialStoreTest)] DEBUG org.eclipse.jetty.servlet.BaseHolder -- Holding class org.kohsuke.stapler.DiagnosticThreadNameFilter from jdk.internal.loader.ClassLoaders$AppClassLoader@5ffd2b27
18:14:47.672 [Executing testNonAdminWithCredentialsView(org.conjur.jenkins.credentials.ConjurCredentialStoreTest)] DEBUG org.eclipse.jetty.util.component.AbstractLifeCycle -- STARTED @14776ms diagnostic-name-filter==org.kohsuke.stapler.DiagnosticThreadNameFilter@1ae8020{inst=false,async=true,src=DESCRIPTOR:file:///Users/sameer.shaik/MyWorkSpace/17OctV2.2.3-New-BitBucketIssueFixed/conjur-credentials-plugin/target/jenkins-for-test/WEB-INF/web.xml}
18:14:47.673 [Executing testNonAdminWithCredentialsView(org.conjur.jenkins.credentials.ConjurCredentialStoreTest)] DEBUG org.eclipse.jetty.servlet.FilterHolder -- Filter.init org.kohsuke.stapler.DiagnosticThreadNameFilter@639fc2a9
18:14:47.673 [Executing testNonAdminWithCredentialsView(org.conjur.jenkins.credentials.ConjurCredentialStoreTest)] DEBUG org.eclipse.jetty.util.component.AbstractLifeCycle -- starting encoding-filter==hudson.util.CharacterEncodingFilter@20efce7b{inst=false,async=true,src=DESCRIPTOR:file:///Users/sameer.shaik/MyWorkSpace/17OctV2.2.3-New-BitBucketIssueFixed/conjur-credentials-plugin/target/jenkins-for-test/WEB-INF/web.xml}
18:14:47.673 [Executing testNonAdminWithCredentialsView(org.conjur.jenkins.credentials.ConjurCredentialStoreTest)] DEBUG org.eclipse.jetty.servlet.BaseHolder -- Holding class hudson.util.CharacterEncodingFilter from jdk.internal.loader.ClassLoaders$AppClassLoader@5ffd2b27
18:14:47.673 [Executing testNonAdminWithCredentialsView(org.conjur.jenkins.credentials.ConjurCredentialStoreTest)] DEBUG org.eclipse.jetty.util.component.AbstractLifeCycle -- STARTED @14777ms encoding-filter==hudson.util.CharacterEncodingFilter@20efce7b{inst=false,async=true,src=DESCRIPTOR:file:///Users/sameer.shaik/MyWorkSpace/17OctV2.2.3-New-BitBucketIssueFixed/conjur-credentials-plugin/target/jenkins-for-test/WEB-INF/web.xml}
18:14:47.673 [Executing testNonAdminWithCredentialsView(org.conjur.jenkins.credentials.ConjurCredentialStoreTest)] DEBUG org.eclipse.jetty.servlet.FilterHolder -- Filter.init hudson.util.CharacterEncodingFilter@1ff6af09
18:14:47.673 [Executing testNonAdminWithCredentialsView(org.conjur.jenkins.credentials.ConjurCredentialStoreTest)] DEBUG org.eclipse.jetty.util.component.AbstractLifeCycle -- starting compression-filter==org.kohsuke.stapler.compression.CompressionFilter@39bad04b{inst=false,async=true,src=DESCRIPTOR:file:///Users/sameer.shaik/MyWorkSpace/17OctV2.2.3-New-BitBucketIssueFixed/conjur-credentials-plugin/target/jenkins-for-test/WEB-INF/web.xml}
18:14:47.673 [Executing testNonAdminWithCredentialsView(org.conjur.jenkins.credentials.ConjurCredentialStoreTest)] DEBUG org.eclipse.jetty.servlet.BaseHolder -- Holding class org.kohsuke.stapler.compression.CompressionFilter from jdk.internal.loader.ClassLoaders$AppClassLoader@5ffd2b27
18:14:47.673 [Executing testNonAdminWithCredentialsView(org.conjur.jenkins.credentials.ConjurCredentialStoreTest)] DEBUG org.eclipse.jetty.util.component.AbstractLifeCycle -- STARTED @14777ms compression-filter==org.kohsuke.stapler.compression.CompressionFilter@39bad04b{inst=false,async=true,src=DESCRIPTOR:file:///Users/sameer.shaik/MyWorkSpace/17OctV2.2.3-New-BitBucketIssueFixed/conjur-credentials-plugin/target/jenkins-for-test/WEB-INF/web.xml}
18:14:47.673 [Executing testNonAdminWithCredentialsView(org.conjur.jenkins.credentials.ConjurCredentialStoreTest)] DEBUG org.eclipse.jetty.servlet.FilterHolder -- Filter.init org.kohsuke.stapler.compression.CompressionFilter@68bbeaa9
18:14:47.673 [Executing testNonAdminWithCredentialsView(org.conjur.jenkins.credentials.ConjurCredentialStoreTest)] DEBUG org.eclipse.jetty.util.component.AbstractLifeCycle -- starting authentication-filter==hudson.security.HudsonFilter@2c53dd57{inst=false,async=true,src=DESCRIPTOR:file:///Users/sameer.shaik/MyWorkSpace/17OctV2.2.3-New-BitBucketIssueFixed/conjur-credentials-plugin/target/jenkins-for-test/WEB-INF/web.xml}
18:14:47.674 [Executing testNonAdminWithCredentialsView(org.conjur.jenkins.credentials.ConjurCredentialStoreTest)] DEBUG org.eclipse.jetty.servlet.BaseHolder -- Holding class hudson.security.HudsonFilter from jdk.internal.loader.ClassLoaders$AppClassLoader@5ffd2b27
18:14:47.674 [Executing testNonAdminWithCredentialsView(org.conjur.jenkins.credentials.ConjurCredentialStoreTest)] DEBUG org.eclipse.jetty.util.component.AbstractLifeCycle -- STARTED @14778ms authentication-filter==hudson.security.HudsonFilter@2c53dd57{inst=false,async=true,src=DESCRIPTOR:file:///Users/sameer.shaik/MyWorkSpace/17OctV2.2.3-New-BitBucketIssueFixed/conjur-credentials-plugin/target/jenkins-for-test/WEB-INF/web.xml}
18:14:47.674 [Executing testNonAdminWithCredentialsView(org.conjur.jenkins.credentials.ConjurCredentialStoreTest)] DEBUG org.eclipse.jetty.servlet.FilterHolder -- Filter.init hudson.security.HudsonFilter@708539e4
18:14:47.674 [Executing testNonAdminWithCredentialsView(org.conjur.jenkins.credentials.ConjurCredentialStoreTest)] DEBUG org.eclipse.jetty.util.component.AbstractLifeCycle -- starting csrf-filter==hudson.security.csrf.CrumbFilter@5909f77d{inst=false,async=true,src=DESCRIPTOR:file:///Users/sameer.shaik/MyWorkSpace/17OctV2.2.3-New-BitBucketIssueFixed/conjur-credentials-plugin/target/jenkins-for-test/WEB-INF/web.xml}
18:14:47.674 [Executing testNonAdminWithCredentialsView(org.conjur.jenkins.credentials.ConjurCredentialStoreTest)] DEBUG org.eclipse.jetty.servlet.BaseHolder -- Holding class hudson.security.csrf.CrumbFilter from jdk.internal.loader.ClassLoaders$AppClassLoader@5ffd2b27
18:14:47.674 [Executing testNonAdminWithCredentialsView(org.conjur.jenkins.credentials.ConjurCredentialStoreTest)] DEBUG org.eclipse.jetty.util.component.AbstractLifeCycle -- STARTED @14778ms csrf-filter==hudson.security.csrf.CrumbFilter@5909f77d{inst=false,async=true,src=DESCRIPTOR:file:///Users/sameer.shaik/MyWorkSpace/17OctV2.2.3-New-BitBucketIssueFixed/conjur-credentials-plugin/target/jenkins-for-test/WEB-INF/web.xml}
18:14:47.674 [Executing testNonAdminWithCredentialsView(org.conjur.jenkins.credentials.ConjurCredentialStoreTest)] DEBUG org.eclipse.jetty.servlet.FilterHolder -- Filter.init hudson.security.csrf.CrumbFilter@6d9227d7
18:14:47.674 [Executing testNonAdminWithCredentialsView(org.conjur.jenkins.credentials.ConjurCredentialStoreTest)] DEBUG org.eclipse.jetty.util.component.AbstractLifeCycle -- starting plugins-filter==hudson.util.PluginServletFilter@74b6631{inst=false,async=true,src=DESCRIPTOR:file:///Users/sameer.shaik/MyWorkSpace/17OctV2.2.3-New-BitBucketIssueFixed/conjur-credentials-plugin/target/jenkins-for-test/WEB-INF/web.xml}
18:14:47.674 [Executing testNonAdminWithCredentialsView(org.conjur.jenkins.credentials.ConjurCredentialStoreTest)] DEBUG org.eclipse.jetty.servlet.BaseHolder -- Holding class hudson.util.PluginServletFilter from jdk.internal.loader.ClassLoaders$AppClassLoader@5ffd2b27
18:14:47.675 [Executing testNonAdminWithCredentialsView(org.conjur.jenkins.credentials.ConjurCredentialStoreTest)] DEBUG org.eclipse.jetty.util.component.AbstractLifeCycle -- STARTED @14778ms plugins-filter==hudson.util.PluginServletFilter@74b6631{inst=false,async=true,src=DESCRIPTOR:file:///Users/sameer.shaik/MyWorkSpace/17OctV2.2.3-New-BitBucketIssueFixed/conjur-credentials-plugin/target/jenkins-for-test/WEB-INF/web.xml}
18:14:47.675 [Executing testNonAdminWithCredentialsView(org.conjur.jenkins.credentials.ConjurCredentialStoreTest)] DEBUG org.eclipse.jetty.servlet.FilterHolder -- Filter.init hudson.util.PluginServletFilter@4736438b
18:14:47.675 [Executing testNonAdminWithCredentialsView(org.conjur.jenkins.credentials.ConjurCredentialStoreTest)] DEBUG org.eclipse.jetty.util.component.AbstractLifeCycle -- starting Stapler==org.kohsuke.stapler.Stapler@f222d1a9{jsp=null,order=-1,inst=false,async=true,src=DESCRIPTOR:file:///Users/sameer.shaik/MyWorkSpace/17OctV2.2.3-New-BitBucketIssueFixed/conjur-credentials-plugin/target/jenkins-for-test/WEB-INF/web.xml,STOPPED}
18:14:47.675 [Executing testNonAdminWithCredentialsView(org.conjur.jenkins.credentials.ConjurCredentialStoreTest)] DEBUG org.eclipse.jetty.servlet.BaseHolder -- Holding class org.kohsuke.stapler.Stapler from jdk.internal.loader.ClassLoaders$AppClassLoader@5ffd2b27
18:14:47.675 [Executing testNonAdminWithCredentialsView(org.conjur.jenkins.credentials.ConjurCredentialStoreTest)] DEBUG org.eclipse.jetty.util.component.AbstractLifeCycle -- STARTED @14779ms Stapler==org.kohsuke.stapler.Stapler@f222d1a9{jsp=null,order=-1,inst=false,async=true,src=DESCRIPTOR:file:///Users/sameer.shaik/MyWorkSpace/17OctV2.2.3-New-BitBucketIssueFixed/conjur-credentials-plugin/target/jenkins-for-test/WEB-INF/web.xml,STARTED}
18:14:47.675 [Executing testNonAdminWithCredentialsView(org.conjur.jenkins.credentials.ConjurCredentialStoreTest)] DEBUG org.eclipse.jetty.util.component.AbstractLifeCycle -- starting default==org.eclipse.jetty.servlet.DefaultServlet@5c13d641{jsp=null,order=0,inst=false,async=false,src=DESCRIPTOR:jar:file:/Users/sameer.shaik/.m2/repository/org/eclipse/jetty/jetty-webapp/9.4.48.v20220622/jetty-webapp-9.4.48.v20220622.jar!/org/eclipse/jetty/webapp/webdefault.xml,STOPPED}
18:14:47.675 [Executing testNonAdminWithCredentialsView(org.conjur.jenkins.credentials.ConjurCredentialStoreTest)] DEBUG org.eclipse.jetty.servlet.BaseHolder -- Holding class org.eclipse.jetty.servlet.DefaultServlet from jdk.internal.loader.ClassLoaders$AppClassLoader@5ffd2b27
18:14:47.675 [Executing testNonAdminWithCredentialsView(org.conjur.jenkins.credentials.ConjurCredentialStoreTest)] DEBUG org.eclipse.jetty.util.component.AbstractLifeCycle -- STARTED @14779ms default==org.eclipse.jetty.servlet.DefaultServlet@5c13d641{jsp=null,order=0,inst=false,async=false,src=DESCRIPTOR:jar:file:/Users/sameer.shaik/.m2/repository/org/eclipse/jetty/jetty-webapp/9.4.48.v20220622/jetty-webapp-9.4.48.v20220622.jar!/org/eclipse/jetty/webapp/webdefault.xml,STARTED}
18:14:47.676 [Executing testNonAdminWithCredentialsView(org.conjur.jenkins.credentials.ConjurCredentialStoreTest)] DEBUG org.eclipse.jetty.servlet.ServletHolder -- Servlet.init null for default
18:14:47.676 [Executing testNonAdminWithCredentialsView(org.conjur.jenkins.credentials.ConjurCredentialStoreTest)] DEBUG org.eclipse.jetty.servlet.DefaultServlet -- resource base = null
18:14:47.676 [Executing testNonAdminWithCredentialsView(org.conjur.jenkins.credentials.ConjurCredentialStoreTest)] DEBUG org.eclipse.jetty.util.component.AbstractLifeCycle -- starting jsp==org.eclipse.jetty.servlet.NoJspServlet@19c47{jsp=null,order=0,inst=false,async=false,src=DESCRIPTOR:jar:file:/Users/sameer.shaik/.m2/repository/org/eclipse/jetty/jetty-webapp/9.4.48.v20220622/jetty-webapp-9.4.48.v20220622.jar!/org/eclipse/jetty/webapp/webdefault.xml,STOPPED}
18:14:47.676 [Executing testNonAdminWithCredentialsView(org.conjur.jenkins.credentials.ConjurCredentialStoreTest)] DEBUG org.eclipse.jetty.servlet.BaseHolder -- Holding class org.eclipse.jetty.servlet.NoJspServlet from jdk.internal.loader.ClassLoaders$AppClassLoader@5ffd2b27
18:14:47.677 [Executing testNonAdminWithCredentialsView(org.conjur.jenkins.credentials.ConjurCredentialStoreTest)] DEBUG org.eclipse.jetty.util.component.AbstractLifeCycle -- STARTED @14780ms jsp==org.eclipse.jetty.servlet.NoJspServlet@19c47{jsp=null,order=0,inst=false,async=false,src=DESCRIPTOR:jar:file:/Users/sameer.shaik/.m2/repository/org/eclipse/jetty/jetty-webapp/9.4.48.v20220622/jetty-webapp-9.4.48.v20220622.jar!/org/eclipse/jetty/webapp/webdefault.xml,STARTED}
18:14:47.677 [Executing testNonAdminWithCredentialsView(org.conjur.jenkins.credentials.ConjurCredentialStoreTest)] DEBUG org.eclipse.jetty.servlet.ServletHolder -- Servlet.init null for jsp
18:14:47.677 [Executing testNonAdminWithCredentialsView(org.conjur.jenkins.credentials.ConjurCredentialStoreTest)] INFO org.eclipse.jetty.server.handler.ContextHandler -- Started o.e.j.w.WebAppContext@34a461e2{Jenkins v2.346.3,/jenkins,file:///Users/sameer.shaik/MyWorkSpace/17OctV2.2.3-New-BitBucketIssueFixed/conjur-credentials-plugin/target/jenkins-for-test/,AVAILABLE}{/Users/sameer.shaik/MyWorkSpace/17OctV2.2.3-New-BitBucketIssueFixed/conjur-credentials-plugin/target/jenkins-for-test}
18:14:47.677 [Executing testNonAdminWithCredentialsView(org.conjur.jenkins.credentials.ConjurCredentialStoreTest)] DEBUG org.eclipse.jetty.webapp.WebAppContext -- postConfigure o.e.j.w.WebAppContext@34a461e2{Jenkins v2.346.3,/jenkins,file:///Users/sameer.shaik/MyWorkSpace/17OctV2.2.3-New-BitBucketIssueFixed/conjur-credentials-plugin/target/jenkins-for-test/,AVAILABLE}{/Users/sameer.shaik/MyWorkSpace/17OctV2.2.3-New-BitBucketIssueFixed/conjur-credentials-plugin/target/jenkins-for-test} with org.eclipse.jetty.webapp.WebXmlConfiguration@225d64e2
18:14:47.677 [Executing testNonAdminWithCredentialsView(org.conjur.jenkins.credentials.ConjurCredentialStoreTest)] DEBUG org.eclipse.jetty.util.component.AbstractLifeCycle -- STARTED @14781ms o.e.j.w.WebAppContext@34a461e2{Jenkins v2.346.3,/jenkins,file:///Users/sameer.shaik/MyWorkSpace/17OctV2.2.3-New-BitBucketIssueFixed/conjur-credentials-plugin/target/jenkins-for-test/,AVAILABLE}{/Users/sameer.shaik/MyWorkSpace/17OctV2.2.3-New-BitBucketIssueFixed/conjur-credentials-plugin/target/jenkins-for-test}
18:14:47.678 [Executing testNonAdminWithCredentialsView(org.conjur.jenkins.credentials.ConjurCredentialStoreTest)] DEBUG org.eclipse.jetty.util.component.AbstractLifeCycle -- starting ErrorHandler@13a4e1e8{STOPPED}
18:14:47.678 [Executing testNonAdminWithCredentialsView(org.conjur.jenkins.credentials.ConjurCredentialStoreTest)] DEBUG org.eclipse.jetty.server.handler.AbstractHandler -- starting ErrorHandler@13a4e1e8{STARTING}
18:14:47.678 [Executing testNonAdminWithCredentialsView(org.conjur.jenkins.credentials.ConjurCredentialStoreTest)] DEBUG org.eclipse.jetty.util.component.AbstractLifeCycle -- STARTED @14782ms ErrorHandler@13a4e1e8{STARTED}
18:14:47.678 [Executing testNonAdminWithCredentialsView(org.conjur.jenkins.credentials.ConjurCredentialStoreTest)] DEBUG org.eclipse.jetty.util.component.AbstractLifeCycle -- starting ServerConnector@8ea59b3{HTTP/1.1, (http/1.1)}{localhost:0}
18:14:47.678 [Executing testNonAdminWithCredentialsView(org.conjur.jenkins.credentials.ConjurCredentialStoreTest)] DEBUG org.eclipse.jetty.util.component.ContainerLifeCycle -- ServerConnector@8ea59b3{HTTP/1.1, (http/1.1)}{localhost:51454} added {sun.nio.ch.ServerSocketChannelImpl[/127.0.0.1:51454],POJO}
18:14:47.679 [Executing testNonAdminWithCredentialsView(org.conjur.jenkins.credentials.ConjurCredentialStoreTest)] DEBUG org.eclipse.jetty.util.component.AbstractLifeCycle -- starting ScheduledExecutorScheduler@2a03fa16{STOPPED}
18:14:47.679 [Executing testNonAdminWithCredentialsView(org.conjur.jenkins.credentials.ConjurCredentialStoreTest)] DEBUG org.eclipse.jetty.util.component.AbstractLifeCycle -- STARTED @14783ms ScheduledExecutorScheduler@2a03fa16{STARTED}
18:14:47.679 [Executing testNonAdminWithCredentialsView(org.conjur.jenkins.credentials.ConjurCredentialStoreTest)] DEBUG org.eclipse.jetty.util.component.AbstractLifeCycle -- starting HttpConnectionFactory@3f13d4ea[HTTP/1.1]
18:14:47.679 [Executing testNonAdminWithCredentialsView(org.conjur.jenkins.credentials.ConjurCredentialStoreTest)] DEBUG org.eclipse.jetty.util.component.AbstractLifeCycle -- STARTED @14783ms HttpConnectionFactory@3f13d4ea[HTTP/1.1]
18:14:47.679 [Executing testNonAdminWithCredentialsView(org.conjur.jenkins.credentials.ConjurCredentialStoreTest)] DEBUG org.eclipse.jetty.util.component.AbstractLifeCycle -- starting SelectorManager@ServerConnector@8ea59b3{HTTP/1.1, (http/1.1)}{localhost:51454}
18:14:47.679 [Executing testNonAdminWithCredentialsView(org.conjur.jenkins.credentials.ConjurCredentialStoreTest)] DEBUG org.eclipse.jetty.util.component.ContainerLifeCycle -- EatWhatYouKill@552c7ce1/SelectorProducer@20f347d4/IDLE/p=false/QueuedThreadPool[Jetty (JenkinsRule)]@18d88ad7{STARTED,8<=8<=200,i=8,r=-1,q=0}[ReservedThreadExecutor@495915ee{reserved=0/16,pending=0}][pc=0,pic=0,pec=0,epc=0]@2024-10-22T18:14:47.679579+05:30 added {SelectorProducer@20f347d4,POJO}
18:14:47.679 [Executing testNonAdminWithCredentialsView(org.conjur.jenkins.credentials.ConjurCredentialStoreTest)] DEBUG org.eclipse.jetty.util.component.ContainerLifeCycle -- EatWhatYouKill@552c7ce1/SelectorProducer@20f347d4/IDLE/p=false/QueuedThreadPool[Jetty (JenkinsRule)]@18d88ad7{STARTED,8<=8<=200,i=8,r=-1,q=0}[ReservedThreadExecutor@495915ee{reserved=0/16,pending=0}][pc=0,pic=0,pec=0,epc=0]@2024-10-22T18:14:47.679769+05:30 added {QueuedThreadPool[Jetty (JenkinsRule)]@18d88ad7{STARTED,8<=8<=200,i=8,r=-1,q=0}[ReservedThreadExecutor@495915ee{reserved=0/16,pending=0}],UNMANAGED}
18:14:47.680 [Executing testNonAdminWithCredentialsView(org.conjur.jenkins.credentials.ConjurCredentialStoreTest)] DEBUG org.eclipse.jetty.util.thread.strategy.EatWhatYouKill -- EatWhatYouKill@552c7ce1/SelectorProducer@20f347d4/IDLE/p=false/QueuedThreadPool[Jetty (JenkinsRule)]@18d88ad7{STARTED,8<=8<=200,i=8,r=-1,q=0}[ReservedThreadExecutor@495915ee{reserved=0/16,pending=0}][pc=0,pic=0,pec=0,epc=0]@2024-10-22T18:14:47.679997+05:30 created
18:14:47.680 [Executing testNonAdminWithCredentialsView(org.conjur.jenkins.credentials.ConjurCredentialStoreTest)] DEBUG org.eclipse.jetty.util.component.ContainerLifeCycle -- ManagedSelector@282fb09b{STOPPED} id=0 keys=-1 selected=-1 updates=0 added {EatWhatYouKill@552c7ce1/SelectorProducer@20f347d4/IDLE/p=false/QueuedThreadPool[Jetty (JenkinsRule)]@18d88ad7{STARTED,8<=8<=200,i=8,r=-1,q=0}[ReservedThreadExecutor@495915ee{reserved=0/16,pending=0}][pc=0,pic=0,pec=0,epc=0]@2024-10-22T18:14:47.680194+05:30,MANAGED}
18:14:47.680 [Executing testNonAdminWithCredentialsView(org.conjur.jenkins.credentials.ConjurCredentialStoreTest)] DEBUG org.eclipse.jetty.util.component.ContainerLifeCycle -- SelectorManager@ServerConnector@8ea59b3{HTTP/1.1, (http/1.1)}{localhost:51454} added {ManagedSelector@282fb09b{STOPPED} id=0 keys=-1 selected=-1 updates=0,AUTO}
18:14:47.680 [Executing testNonAdminWithCredentialsView(org.conjur.jenkins.credentials.ConjurCredentialStoreTest)] DEBUG org.eclipse.jetty.util.component.ContainerLifeCycle -- EatWhatYouKill@63cc6772/SelectorProducer@5531c49e/IDLE/p=false/QueuedThreadPool[Jetty (JenkinsRule)]@18d88ad7{STARTED,8<=8<=200,i=8,r=-1,q=0}[ReservedThreadExecutor@495915ee{reserved=0/16,pending=0}][pc=0,pic=0,pec=0,epc=0]@2024-10-22T18:14:47.680522+05:30 added {SelectorProducer@5531c49e,POJO}
18:14:47.680 [Executing testNonAdminWithCredentialsView(org.conjur.jenkins.credentials.ConjurCredentialStoreTest)] DEBUG org.eclipse.jetty.util.component.ContainerLifeCycle -- EatWhatYouKill@63cc6772/SelectorProducer@5531c49e/IDLE/p=false/QueuedThreadPool[Jetty (JenkinsRule)]@18d88ad7{STARTED,8<=8<=200,i=8,r=-1,q=0}[ReservedThreadExecutor@495915ee{reserved=0/16,pending=0}][pc=0,pic=0,pec=0,epc=0]@2024-10-22T18:14:47.680696+05:30 added {QueuedThreadPool[Jetty (JenkinsRule)]@18d88ad7{STARTED,8<=8<=200,i=8,r=-1,q=0}[ReservedThreadExecutor@495915ee{reserved=0/16,pending=0}],UNMANAGED}
18:14:47.680 [Executing testNonAdminWithCredentialsView(org.conjur.jenkins.credentials.ConjurCredentialStoreTest)] DEBUG org.eclipse.jetty.util.thread.strategy.EatWhatYouKill -- EatWhatYouKill@63cc6772/SelectorProducer@5531c49e/IDLE/p=false/QueuedThreadPool[Jetty (JenkinsRule)]@18d88ad7{STARTED,8<=8<=200,i=8,r=-1,q=0}[ReservedThreadExecutor@495915ee{reserved=0/16,pending=0}][pc=0,pic=0,pec=0,epc=0]@2024-10-22T18:14:47.680921+05:30 created
18:14:47.681 [Executing testNonAdminWithCredentialsView(org.conjur.jenkins.credentials.ConjurCredentialStoreTest)] DEBUG org.eclipse.jetty.util.component.ContainerLifeCycle -- ManagedSelector@6fc6f40b{STOPPED} id=1 keys=-1 selected=-1 updates=0 added {EatWhatYouKill@63cc6772/SelectorProducer@5531c49e/IDLE/p=false/QueuedThreadPool[Jetty (JenkinsRule)]@18d88ad7{STARTED,8<=8<=200,i=8,r=-1,q=0}[ReservedThreadExecutor@495915ee{reserved=0/16,pending=0}][pc=0,pic=0,pec=0,epc=0]@2024-10-22T18:14:47.681142+05:30,MANAGED}
18:14:47.681 [Executing testNonAdminWithCredentialsView(org.conjur.jenkins.credentials.ConjurCredentialStoreTest)] DEBUG org.eclipse.jetty.util.component.ContainerLifeCycle -- SelectorManager@ServerConnector@8ea59b3{HTTP/1.1, (http/1.1)}{localhost:51454} added {ManagedSelector@6fc6f40b{STOPPED} id=1 keys=-1 selected=-1 updates=0,AUTO}
18:14:47.681 [Executing testNonAdminWithCredentialsView(org.conjur.jenkins.credentials.ConjurCredentialStoreTest)] DEBUG org.eclipse.jetty.util.component.ContainerLifeCycle -- EatWhatYouKill@3ab82a00/SelectorProducer@3acf2dd2/IDLE/p=false/QueuedThreadPool[Jetty (JenkinsRule)]@18d88ad7{STARTED,8<=8<=200,i=8,r=-1,q=0}[ReservedThreadExecutor@495915ee{reserved=0/16,pending=0}][pc=0,pic=0,pec=0,epc=0]@2024-10-22T18:14:47.681487+05:30 added {SelectorProducer@3acf2dd2,POJO}
18:14:47.681 [Executing testNonAdminWithCredentialsView(org.conjur.jenkins.credentials.ConjurCredentialStoreTest)] DEBUG org.eclipse.jetty.util.component.ContainerLifeCycle -- EatWhatYouKill@3ab82a00/SelectorProducer@3acf2dd2/IDLE/p=false/QueuedThreadPool[Jetty (JenkinsRule)]@18d88ad7{STARTED,8<=8<=200,i=8,r=-1,q=0}[ReservedThreadExecutor@495915ee{reserved=0/16,pending=0}][pc=0,pic=0,pec=0,epc=0]@2024-10-22T18:14:47.681668+05:30 added {QueuedThreadPool[Jetty (JenkinsRule)]@18d88ad7{STARTED,8<=8<=200,i=8,r=-1,q=0}[ReservedThreadExecutor@495915ee{reserved=0/16,pending=0}],UNMANAGED}
18:14:47.681 [Executing testNonAdminWithCredentialsView(org.conjur.jenkins.credentials.ConjurCredentialStoreTest)] DEBUG org.eclipse.jetty.util.thread.strategy.EatWhatYouKill -- EatWhatYouKill@3ab82a00/SelectorProducer@3acf2dd2/IDLE/p=false/QueuedThreadPool[Jetty (JenkinsRule)]@18d88ad7{STARTED,8<=8<=200,i=8,r=-1,q=0}[ReservedThreadExecutor@495915ee{reserved=0/16,pending=0}][pc=0,pic=0,pec=0,epc=0]@2024-10-22T18:14:47.681911+05:30 created
18:14:47.682 [Executing testNonAdminWithCredentialsView(org.conjur.jenkins.credentials.ConjurCredentialStoreTest)] DEBUG org.eclipse.jetty.util.component.ContainerLifeCycle -- ManagedSelector@61811b21{STOPPED} id=2 keys=-1 selected=-1 updates=0 added {EatWhatYouKill@3ab82a00/SelectorProducer@3acf2dd2/IDLE/p=false/QueuedThreadPool[Jetty (JenkinsRule)]@18d88ad7{STARTED,8<=8<=200,i=8,r=-1,q=0}[ReservedThreadExecutor@495915ee{reserved=0/16,pending=0}][pc=0,pic=0,pec=0,epc=0]@2024-10-22T18:14:47.682106+05:30,MANAGED}
18:14:47.682 [Executing testNonAdminWithCredentialsView(org.conjur.jenkins.credentials.ConjurCredentialStoreTest)] DEBUG org.eclipse.jetty.util.component.ContainerLifeCycle -- SelectorManager@ServerConnector@8ea59b3{HTTP/1.1, (http/1.1)}{localhost:51454} added {ManagedSelector@61811b21{STOPPED} id=2 keys=-1 selected=-1 updates=0,AUTO}
18:14:47.682 [Executing testNonAdminWithCredentialsView(org.conjur.jenkins.credentials.ConjurCredentialStoreTest)] DEBUG org.eclipse.jetty.util.component.ContainerLifeCycle -- EatWhatYouKill@393fcdb6/SelectorProducer@422c08bb/IDLE/p=false/QueuedThreadPool[Jetty (JenkinsRule)]@18d88ad7{STARTED,8<=8<=200,i=8,r=-1,q=0}[ReservedThreadExecutor@495915ee{reserved=0/16,pending=0}][pc=0,pic=0,pec=0,epc=0]@2024-10-22T18:14:47.682445+05:30 added {SelectorProducer@422c08bb,POJO}
18:14:47.682 [Executing testNonAdminWithCredentialsView(org.conjur.jenkins.credentials.ConjurCredentialStoreTest)] DEBUG org.eclipse.jetty.util.component.ContainerLifeCycle -- EatWhatYouKill@393fcdb6/SelectorProducer@422c08bb/IDLE/p=false/QueuedThreadPool[Jetty (JenkinsRule)]@18d88ad7{STARTED,8<=8<=200,i=8,r=-1,q=0}[ReservedThreadExecutor@495915ee{reserved=0/16,pending=0}][pc=0,pic=0,pec=0,epc=0]@2024-10-22T18:14:47.682615+05:30 added {QueuedThreadPool[Jetty (JenkinsRule)]@18d88ad7{STARTED,8<=8<=200,i=8,r=-1,q=0}[ReservedThreadExecutor@495915ee{reserved=0/16,pending=0}],UNMANAGED}
18:14:47.682 [Executing testNonAdminWithCredentialsView(org.conjur.jenkins.credentials.ConjurCredentialStoreTest)] DEBUG org.eclipse.jetty.util.thread.strategy.EatWhatYouKill -- EatWhatYouKill@393fcdb6/SelectorProducer@422c08bb/IDLE/p=false/QueuedThreadPool[Jetty (JenkinsRule)]@18d88ad7{STARTED,8<=8<=200,i=8,r=-1,q=0}[ReservedThreadExecutor@495915ee{reserved=0/16,pending=0}][pc=0,pic=0,pec=0,epc=0]@2024-10-22T18:14:47.682845+05:30 created
18:14:47.683 [Executing testNonAdminWithCredentialsView(org.conjur.jenkins.credentials.ConjurCredentialStoreTest)] DEBUG org.eclipse.jetty.util.component.ContainerLifeCycle -- ManagedSelector@14e0c91{STOPPED} id=3 keys=-1 selected=-1 updates=0 added {EatWhatYouKill@393fcdb6/SelectorProducer@422c08bb/IDLE/p=false/QueuedThreadPool[Jetty (JenkinsRule)]@18d88ad7{STARTED,8<=8<=200,i=8,r=-1,q=0}[ReservedThreadExecutor@495915ee{reserved=0/16,pending=0}][pc=0,pic=0,pec=0,epc=0]@2024-10-22T18:14:47.683044+05:30,MANAGED}
18:14:47.683 [Executing testNonAdminWithCredentialsView(org.conjur.jenkins.credentials.ConjurCredentialStoreTest)] DEBUG org.eclipse.jetty.util.component.ContainerLifeCycle -- SelectorManager@ServerConnector@8ea59b3{HTTP/1.1, (http/1.1)}{localhost:51454} added {ManagedSelector@14e0c91{STOPPED} id=3 keys=-1 selected=-1 updates=0,AUTO}
18:14:47.683 [Executing testNonAdminWithCredentialsView(org.conjur.jenkins.credentials.ConjurCredentialStoreTest)] DEBUG org.eclipse.jetty.util.component.ContainerLifeCycle -- EatWhatYouKill@68ff478a/SelectorProducer@2f6a755e/IDLE/p=false/QueuedThreadPool[Jetty (JenkinsRule)]@18d88ad7{STARTED,8<=8<=200,i=8,r=-1,q=0}[ReservedThreadExecutor@495915ee{reserved=0/16,pending=0}][pc=0,pic=0,pec=0,epc=0]@2024-10-22T18:14:47.683383+05:30 added {SelectorProducer@2f6a755e,POJO}
18:14:47.683 [Executing testNonAdminWithCredentialsView(org.conjur.jenkins.credentials.ConjurCredentialStoreTest)] DEBUG org.eclipse.jetty.util.component.ContainerLifeCycle -- EatWhatYouKill@68ff478a/SelectorProducer@2f6a755e/IDLE/p=false/QueuedThreadPool[Jetty (JenkinsRule)]@18d88ad7{STARTED,8<=8<=200,i=8,r=-1,q=0}[ReservedThreadExecutor@495915ee{reserved=0/16,pending=0}][pc=0,pic=0,pec=0,epc=0]@2024-10-22T18:14:47.68357+05:30 added {QueuedThreadPool[Jetty (JenkinsRule)]@18d88ad7{STARTED,8<=8<=200,i=8,r=-1,q=0}[ReservedThreadExecutor@495915ee{reserved=0/16,pending=0}],UNMANAGED}
18:14:47.683 [Executing testNonAdminWithCredentialsView(org.conjur.jenkins.credentials.ConjurCredentialStoreTest)] DEBUG org.eclipse.jetty.util.thread.strategy.EatWhatYouKill -- EatWhatYouKill@68ff478a/SelectorProducer@2f6a755e/IDLE/p=false/QueuedThreadPool[Jetty (JenkinsRule)]@18d88ad7{STARTED,8<=8<=200,i=8,r=-1,q=0}[ReservedThreadExecutor@495915ee{reserved=0/16,pending=0}][pc=0,pic=0,pec=0,epc=0]@2024-10-22T18:14:47.683802+05:30 created
18:14:47.684 [Executing testNonAdminWithCredentialsView(org.conjur.jenkins.credentials.ConjurCredentialStoreTest)] DEBUG org.eclipse.jetty.util.component.ContainerLifeCycle -- ManagedSelector@da1c9d8{STOPPED} id=4 keys=-1 selected=-1 updates=0 added {EatWhatYouKill@68ff478a/SelectorProducer@2f6a755e/IDLE/p=false/QueuedThreadPool[Jetty (JenkinsRule)]@18d88ad7{STARTED,8<=8<=200,i=8,r=-1,q=0}[ReservedThreadExecutor@495915ee{reserved=0/16,pending=0}][pc=0,pic=0,pec=0,epc=0]@2024-10-22T18:14:47.683998+05:30,MANAGED}
18:14:47.684 [Executing testNonAdminWithCredentialsView(org.conjur.jenkins.credentials.ConjurCredentialStoreTest)] DEBUG org.eclipse.jetty.util.component.ContainerLifeCycle -- SelectorManager@ServerConnector@8ea59b3{HTTP/1.1, (http/1.1)}{localhost:51454} added {ManagedSelector@da1c9d8{STOPPED} id=4 keys=-1 selected=-1 updates=0,AUTO}
18:14:47.684 [Executing testNonAdminWithCredentialsView(org.conjur.jenkins.credentials.ConjurCredentialStoreTest)] DEBUG org.eclipse.jetty.util.component.ContainerLifeCycle -- EatWhatYouKill@7cfa7679/SelectorProducer@6e2bbd7b/IDLE/p=false/QueuedThreadPool[Jetty (JenkinsRule)]@18d88ad7{STARTED,8<=8<=200,i=8,r=-1,q=0}[ReservedThreadExecutor@495915ee{reserved=0/16,pending=0}][pc=0,pic=0,pec=0,epc=0]@2024-10-22T18:14:47.684366+05:30 added {SelectorProducer@6e2bbd7b,POJO}
18:14:47.684 [Executing testNonAdminWithCredentialsView(org.conjur.jenkins.credentials.ConjurCredentialStoreTest)] DEBUG org.eclipse.jetty.util.component.ContainerLifeCycle -- EatWhatYouKill@7cfa7679/SelectorProducer@6e2bbd7b/IDLE/p=false/QueuedThreadPool[Jetty (JenkinsRule)]@18d88ad7{STARTED,8<=8<=200,i=8,r=-1,q=0}[ReservedThreadExecutor@495915ee{reserved=0/16,pending=0}][pc=0,pic=0,pec=0,epc=0]@2024-10-22T18:14:47.684561+05:30 added {QueuedThreadPool[Jetty (JenkinsRule)]@18d88ad7{STARTED,8<=8<=200,i=8,r=-1,q=0}[ReservedThreadExecutor@495915ee{reserved=0/16,pending=0}],UNMANAGED}
18:14:47.684 [Executing testNonAdminWithCredentialsView(org.conjur.jenkins.credentials.ConjurCredentialStoreTest)] DEBUG org.eclipse.jetty.util.thread.strategy.EatWhatYouKill -- EatWhatYouKill@7cfa7679/SelectorProducer@6e2bbd7b/IDLE/p=false/QueuedThreadPool[Jetty (JenkinsRule)]@18d88ad7{STARTED,8<=8<=200,i=8,r=-1,q=0}[ReservedThreadExecutor@495915ee{reserved=0/16,pending=0}][pc=0,pic=0,pec=0,epc=0]@2024-10-22T18:14:47.684827+05:30 created
18:14:47.685 [Executing testNonAdminWithCredentialsView(org.conjur.jenkins.credentials.ConjurCredentialStoreTest)] DEBUG org.eclipse.jetty.util.component.ContainerLifeCycle -- ManagedSelector@1297e565{STOPPED} id=5 keys=-1 selected=-1 updates=0 added {EatWhatYouKill@7cfa7679/SelectorProducer@6e2bbd7b/IDLE/p=false/QueuedThreadPool[Jetty (JenkinsRule)]@18d88ad7{STARTED,8<=8<=200,i=8,r=-1,q=0}[ReservedThreadExecutor@495915ee{reserved=0/16,pending=0}][pc=0,pic=0,pec=0,epc=0]@2024-10-22T18:14:47.685062+05:30,MANAGED}
18:14:47.685 [Executing testNonAdminWithCredentialsView(org.conjur.jenkins.credentials.ConjurCredentialStoreTest)] DEBUG org.eclipse.jetty.util.component.ContainerLifeCycle -- SelectorManager@ServerConnector@8ea59b3{HTTP/1.1, (http/1.1)}{localhost:51454} added {ManagedSelector@1297e565{STOPPED} id=5 keys=-1 selected=-1 updates=0,AUTO}
18:14:47.685 [Executing testNonAdminWithCredentialsView(org.conjur.jenkins.credentials.ConjurCredentialStoreTest)] DEBUG org.eclipse.jetty.util.component.ContainerLifeCycle -- EatWhatYouKill@11fb11e6/SelectorProducer@3e9de41e/IDLE/p=false/QueuedThreadPool[Jetty (JenkinsRule)]@18d88ad7{STARTED,8<=8<=200,i=8,r=-1,q=0}[ReservedThreadExecutor@495915ee{reserved=0/16,pending=0}][pc=0,pic=0,pec=0,epc=0]@2024-10-22T18:14:47.685615+05:30 added {SelectorProducer@3e9de41e,POJO}
18:14:47.685 [Executing testNonAdminWithCredentialsView(org.conjur.jenkins.credentials.ConjurCredentialStoreTest)] DEBUG org.eclipse.jetty.util.component.ContainerLifeCycle -- EatWhatYouKill@11fb11e6/SelectorProducer@3e9de41e/IDLE/p=false/QueuedThreadPool[Jetty (JenkinsRule)]@18d88ad7{STARTED,8<=8<=200,i=8,r=-1,q=0}[ReservedThreadExecutor@495915ee{reserved=0/16,pending=0}][pc=0,pic=0,pec=0,epc=0]@2024-10-22T18:14:47.685866+05:30 added {QueuedThreadPool[Jetty (JenkinsRule)]@18d88ad7{STARTED,8<=8<=200,i=8,r=-1,q=0}[ReservedThreadExecutor@495915ee{reserved=0/16,pending=0}],UNMANAGED}
18:14:47.686 [Executing testNonAdminWithCredentialsView(org.conjur.jenkins.credentials.ConjurCredentialStoreTest)] DEBUG org.eclipse.jetty.util.thread.strategy.EatWhatYouKill -- EatWhatYouKill@11fb11e6/SelectorProducer@3e9de41e/IDLE/p=false/QueuedThreadPool[Jetty (JenkinsRule)]@18d88ad7{STARTED,8<=8<=200,i=8,r=-1,q=0}[ReservedThreadExecutor@495915ee{reserved=0/16,pending=0}][pc=0,pic=0,pec=0,epc=0]@2024-10-22T18:14:47.686142+05:30 created
18:14:47.686 [Executing testNonAdminWithCredentialsView(org.conjur.jenkins.credentials.ConjurCredentialStoreTest)] DEBUG org.eclipse.jetty.util.component.ContainerLifeCycle -- ManagedSelector@dee46d3{STOPPED} id=6 keys=-1 selected=-1 updates=0 added {EatWhatYouKill@11fb11e6/SelectorProducer@3e9de41e/IDLE/p=false/QueuedThreadPool[Jetty (JenkinsRule)]@18d88ad7{STARTED,8<=8<=200,i=8,r=-1,q=0}[ReservedThreadExecutor@495915ee{reserved=0/16,pending=0}][pc=0,pic=0,pec=0,epc=0]@2024-10-22T18:14:47.686395+05:30,MANAGED}
18:14:47.686 [Executing testNonAdminWithCredentialsView(org.conjur.jenkins.credentials.ConjurCredentialStoreTest)] DEBUG org.eclipse.jetty.util.component.ContainerLifeCycle -- SelectorManager@ServerConnector@8ea59b3{HTTP/1.1, (http/1.1)}{localhost:51454} added {ManagedSelector@dee46d3{STOPPED} id=6 keys=-1 selected=-1 updates=0,AUTO}
18:14:47.686 [Executing testNonAdminWithCredentialsView(org.conjur.jenkins.credentials.ConjurCredentialStoreTest)] DEBUG org.eclipse.jetty.util.component.ContainerLifeCycle -- EatWhatYouKill@207f26c6/SelectorProducer@69c2670e/IDLE/p=false/QueuedThreadPool[Jetty (JenkinsRule)]@18d88ad7{STARTED,8<=8<=200,i=8,r=-1,q=0}[ReservedThreadExecutor@495915ee{reserved=0/16,pending=0}][pc=0,pic=0,pec=0,epc=0]@2024-10-22T18:14:47.68682+05:30 added {SelectorProducer@69c2670e,POJO}
18:14:47.687 [Executing testNonAdminWithCredentialsView(org.conjur.jenkins.credentials.ConjurCredentialStoreTest)] DEBUG org.eclipse.jetty.util.component.ContainerLifeCycle -- EatWhatYouKill@207f26c6/SelectorProducer@69c2670e/IDLE/p=false/QueuedThreadPool[Jetty (JenkinsRule)]@18d88ad7{STARTED,8<=8<=200,i=8,r=-1,q=0}[ReservedThreadExecutor@495915ee{reserved=0/16,pending=0}][pc=0,pic=0,pec=0,epc=0]@2024-10-22T18:14:47.68702+05:30 added {QueuedThreadPool[Jetty (JenkinsRule)]@18d88ad7{STARTED,8<=8<=200,i=8,r=-1,q=0}[ReservedThreadExecutor@495915ee{reserved=0/16,pending=0}],UNMANAGED}
18:14:47.687 [Executing testNonAdminWithCredentialsView(org.conjur.jenkins.credentials.ConjurCredentialStoreTest)] DEBUG org.eclipse.jetty.util.thread.strategy.EatWhatYouKill -- EatWhatYouKill@207f26c6/SelectorProducer@69c2670e/IDLE/p=false/QueuedThreadPool[Jetty (JenkinsRule)]@18d88ad7{STARTED,8<=8<=200,i=8,r=-1,q=0}[ReservedThreadExecutor@495915ee{reserved=0/16,pending=0}][pc=0,pic=0,pec=0,epc=0]@2024-10-22T18:14:47.687267+05:30 created
18:14:47.687 [Executing testNonAdminWithCredentialsView(org.conjur.jenkins.credentials.ConjurCredentialStoreTest)] DEBUG org.eclipse.jetty.util.component.ContainerLifeCycle -- ManagedSelector@38aec33c{STOPPED} id=7 keys=-1 selected=-1 updates=0 added {EatWhatYouKill@207f26c6/SelectorProducer@69c2670e/IDLE/p=false/QueuedThreadPool[Jetty (JenkinsRule)]@18d88ad7{STARTED,8<=8<=200,i=8,r=-1,q=0}[ReservedThreadExecutor@495915ee{reserved=0/16,pending=0}][pc=0,pic=0,pec=0,epc=0]@2024-10-22T18:14:47.687473+05:30,MANAGED}
18:14:47.687 [Executing testNonAdminWithCredentialsView(org.conjur.jenkins.credentials.ConjurCredentialStoreTest)] DEBUG org.eclipse.jetty.util.component.ContainerLifeCycle -- SelectorManager@ServerConnector@8ea59b3{HTTP/1.1, (http/1.1)}{localhost:51454} added {ManagedSelector@38aec33c{STOPPED} id=7 keys=-1 selected=-1 updates=0,AUTO}
18:14:47.687 [Executing testNonAdminWithCredentialsView(org.conjur.jenkins.credentials.ConjurCredentialStoreTest)] DEBUG org.eclipse.jetty.util.component.AbstractLifeCycle -- starting ManagedSelector@282fb09b{STOPPED} id=0 keys=-1 selected=-1 updates=0
18:14:47.687 [Executing testNonAdminWithCredentialsView(org.conjur.jenkins.credentials.ConjurCredentialStoreTest)] DEBUG org.eclipse.jetty.util.component.AbstractLifeCycle -- starting EatWhatYouKill@552c7ce1/SelectorProducer@20f347d4/IDLE/p=false/QueuedThreadPool[Jetty (JenkinsRule)]@18d88ad7{STARTED,8<=8<=200,i=8,r=-1,q=0}[ReservedThreadExecutor@495915ee{reserved=0/16,pending=0}][pc=0,pic=0,pec=0,epc=0]@2024-10-22T18:14:47.687941+05:30
18:14:47.688 [Executing testNonAdminWithCredentialsView(org.conjur.jenkins.credentials.ConjurCredentialStoreTest)] DEBUG org.eclipse.jetty.util.component.AbstractLifeCycle -- STARTED @14791ms EatWhatYouKill@552c7ce1/SelectorProducer@20f347d4/IDLE/p=false/QueuedThreadPool[Jetty (JenkinsRule)]@18d88ad7{STARTED,8<=8<=200,i=8,r=-1,q=0}[ReservedThreadExecutor@495915ee{reserved=0/16,pending=0}][pc=0,pic=0,pec=0,epc=0]@2024-10-22T18:14:47.688127+05:30
18:14:47.688 [Executing testNonAdminWithCredentialsView(org.conjur.jenkins.credentials.ConjurCredentialStoreTest)] DEBUG org.eclipse.jetty.util.thread.QueuedThreadPool -- queue org.eclipse.jetty.io.ManagedSelector$$Lambda$424/0x00000001403801f8@4789d224 startThread=0
18:14:47.688 [Jetty (JenkinsRule)-170] DEBUG org.eclipse.jetty.util.thread.QueuedThreadPool -- run org.eclipse.jetty.io.ManagedSelector$$Lambda$424/0x00000001403801f8@4789d224 in QueuedThreadPool[Jetty (JenkinsRule)]@18d88ad7{STARTED,8<=8<=200,i=7,r=-1,q=0}[ReservedThreadExecutor@495915ee{reserved=0/16,pending=0}]
18:14:47.688 [Executing testNonAdminWithCredentialsView(org.conjur.jenkins.credentials.ConjurCredentialStoreTest)] DEBUG org.eclipse.jetty.io.ManagedSelector -- Queued change lazy=false org.eclipse.jetty.io.ManagedSelector$Start@1e998505 on ManagedSelector@282fb09b{STARTING} id=0 keys=0 selected=0 updates=0
18:14:47.688 [Jetty (JenkinsRule)-170] DEBUG org.eclipse.jetty.util.thread.strategy.EatWhatYouKill -- EatWhatYouKill@552c7ce1/SelectorProducer@20f347d4/IDLE/p=false/QueuedThreadPool[Jetty (JenkinsRule)]@18d88ad7{STARTED,8<=8<=200,i=7,r=-1,q=0}[ReservedThreadExecutor@495915ee{reserved=0/16,pending=0}][pc=0,pic=0,pec=0,epc=0]@2024-10-22T18:14:47.688588+05:30 tryProduce false
18:14:47.688 [Jetty (JenkinsRule)-170] DEBUG org.eclipse.jetty.io.ManagedSelector -- updateable 1
18:14:47.688 [Jetty (JenkinsRule)-170] DEBUG org.eclipse.jetty.io.ManagedSelector -- update org.eclipse.jetty.io.ManagedSelector$Start@1e998505
18:14:47.688 [Jetty (JenkinsRule)-170] DEBUG org.eclipse.jetty.io.ManagedSelector -- updates 0
18:14:47.688 [Jetty (JenkinsRule)-170] DEBUG org.eclipse.jetty.io.ManagedSelector -- Selector sun.nio.ch.KQueueSelectorImpl@32731bc5 waiting with 0 keys
18:14:47.688 [Executing testNonAdminWithCredentialsView(org.conjur.jenkins.credentials.ConjurCredentialStoreTest)] DEBUG org.eclipse.jetty.util.component.AbstractLifeCycle -- STARTED @14792ms ManagedSelector@282fb09b{STARTED} id=0 keys=0 selected=0 updates=0
18:14:47.689 [Executing testNonAdminWithCredentialsView(org.conjur.jenkins.credentials.ConjurCredentialStoreTest)] DEBUG org.eclipse.jetty.util.component.AbstractLifeCycle -- starting ManagedSelector@6fc6f40b{STOPPED} id=1 keys=-1 selected=-1 updates=0
18:14:47.689 [Executing testNonAdminWithCredentialsView(org.conjur.jenkins.credentials.ConjurCredentialStoreTest)] DEBUG org.eclipse.jetty.util.component.AbstractLifeCycle -- starting EatWhatYouKill@63cc6772/SelectorProducer@5531c49e/IDLE/p=false/QueuedThreadPool[Jetty (JenkinsRule)]@18d88ad7{STARTED,8<=8<=200,i=7,r=-1,q=0}[ReservedThreadExecutor@495915ee{reserved=0/16,pending=0}][pc=0,pic=0,pec=0,epc=0]@2024-10-22T18:14:47.689196+05:30
18:14:47.689 [Executing testNonAdminWithCredentialsView(org.conjur.jenkins.credentials.ConjurCredentialStoreTest)] DEBUG org.eclipse.jetty.util.component.AbstractLifeCycle -- STARTED @14793ms EatWhatYouKill@63cc6772/SelectorProducer@5531c49e/IDLE/p=false/QueuedThreadPool[Jetty (JenkinsRule)]@18d88ad7{STARTED,8<=8<=200,i=7,r=-1,q=0}[ReservedThreadExecutor@495915ee{reserved=0/16,pending=0}][pc=0,pic=0,pec=0,epc=0]@2024-10-22T18:14:47.689383+05:30
18:14:47.689 [Executing testNonAdminWithCredentialsView(org.conjur.jenkins.credentials.ConjurCredentialStoreTest)] DEBUG org.eclipse.jetty.util.thread.QueuedThreadPool -- queue org.eclipse.jetty.io.ManagedSelector$$Lambda$424/0x00000001403801f8@64196bcf startThread=0
18:14:47.689 [Executing testNonAdminWithCredentialsView(org.conjur.jenkins.credentials.ConjurCredentialStoreTest)] DEBUG org.eclipse.jetty.io.ManagedSelector -- Queued change lazy=false org.eclipse.jetty.io.ManagedSelector$Start@2a60f353 on ManagedSelector@6fc6f40b{STARTING} id=1 keys=0 selected=0 updates=0
18:14:47.689 [Jetty (JenkinsRule)-171] DEBUG org.eclipse.jetty.util.thread.QueuedThreadPool -- run org.eclipse.jetty.io.ManagedSelector$$Lambda$424/0x00000001403801f8@64196bcf in QueuedThreadPool[Jetty (JenkinsRule)]@18d88ad7{STARTED,8<=8<=200,i=6,r=-1,q=0}[ReservedThreadExecutor@495915ee{reserved=0/16,pending=0}]
18:14:47.689 [Jetty (JenkinsRule)-171] DEBUG org.eclipse.jetty.util.thread.strategy.EatWhatYouKill -- EatWhatYouKill@63cc6772/SelectorProducer@5531c49e/IDLE/p=false/QueuedThreadPool[Jetty (JenkinsRule)]@18d88ad7{STARTED,8<=8<=200,i=6,r=-1,q=0}[ReservedThreadExecutor@495915ee{reserved=0/16,pending=0}][pc=0,pic=0,pec=0,epc=0]@2024-10-22T18:14:47.689876+05:30 tryProduce false
18:14:47.689 [Jetty (JenkinsRule)-171] DEBUG org.eclipse.jetty.io.ManagedSelector -- updateable 1
18:14:47.690 [Jetty (JenkinsRule)-171] DEBUG org.eclipse.jetty.io.ManagedSelector -- update org.eclipse.jetty.io.ManagedSelector$Start@2a60f353
18:14:47.690 [Jetty (JenkinsRule)-171] DEBUG org.eclipse.jetty.io.ManagedSelector -- updates 0
18:14:47.690 [Jetty (JenkinsRule)-171] DEBUG org.eclipse.jetty.io.ManagedSelector -- Selector sun.nio.ch.KQueueSelectorImpl@660cbe8d waiting with 0 keys
18:14:47.690 [Executing testNonAdminWithCredentialsView(org.conjur.jenkins.credentials.ConjurCredentialStoreTest)] DEBUG org.eclipse.jetty.util.component.AbstractLifeCycle -- STARTED @14793ms ManagedSelector@6fc6f40b{STARTED} id=1 keys=0 selected=0 updates=0
18:14:47.690 [Executing testNonAdminWithCredentialsView(org.conjur.jenkins.credentials.ConjurCredentialStoreTest)] DEBUG org.eclipse.jetty.util.component.AbstractLifeCycle -- starting ManagedSelector@61811b21{STOPPED} id=2 keys=-1 selected=-1 updates=0
18:14:47.690 [Executing testNonAdminWithCredentialsView(org.conjur.jenkins.credentials.ConjurCredentialStoreTest)] DEBUG org.eclipse.jetty.util.component.AbstractLifeCycle -- starting EatWhatYouKill@3ab82a00/SelectorProducer@3acf2dd2/IDLE/p=false/QueuedThreadPool[Jetty (JenkinsRule)]@18d88ad7{STARTED,8<=8<=200,i=6,r=-1,q=0}[ReservedThreadExecutor@495915ee{reserved=0/16,pending=0}][pc=0,pic=0,pec=0,epc=0]@2024-10-22T18:14:47.690382+05:30
18:14:47.690 [Executing testNonAdminWithCredentialsView(org.conjur.jenkins.credentials.ConjurCredentialStoreTest)] DEBUG org.eclipse.jetty.util.component.AbstractLifeCycle -- STARTED @14794ms EatWhatYouKill@3ab82a00/SelectorProducer@3acf2dd2/IDLE/p=false/QueuedThreadPool[Jetty (JenkinsRule)]@18d88ad7{STARTED,8<=8<=200,i=6,r=-1,q=0}[ReservedThreadExecutor@495915ee{reserved=0/16,pending=0}][pc=0,pic=0,pec=0,epc=0]@2024-10-22T18:14:47.69058+05:30
18:14:47.690 [Executing testNonAdminWithCredentialsView(org.conjur.jenkins.credentials.ConjurCredentialStoreTest)] DEBUG org.eclipse.jetty.util.thread.QueuedThreadPool -- queue org.eclipse.jetty.io.ManagedSelector$$Lambda$424/0x00000001403801f8@23710cc9 startThread=0
18:14:47.690 [Jetty (JenkinsRule)-172] DEBUG org.eclipse.jetty.util.thread.QueuedThreadPool -- run org.eclipse.jetty.io.ManagedSelector$$Lambda$424/0x00000001403801f8@23710cc9 in QueuedThreadPool[Jetty (JenkinsRule)]@18d88ad7{STARTED,8<=8<=200,i=5,r=-1,q=0}[ReservedThreadExecutor@495915ee{reserved=0/16,pending=0}]
18:14:47.690 [Executing testNonAdminWithCredentialsView(org.conjur.jenkins.credentials.ConjurCredentialStoreTest)] DEBUG org.eclipse.jetty.io.ManagedSelector -- Queued change lazy=false org.eclipse.jetty.io.ManagedSelector$Start@7112040f on ManagedSelector@61811b21{STARTING} id=2 keys=0 selected=0 updates=0
18:14:47.691 [Jetty (JenkinsRule)-172] DEBUG org.eclipse.jetty.util.thread.strategy.EatWhatYouKill -- EatWhatYouKill@3ab82a00/SelectorProducer@3acf2dd2/IDLE/p=false/QueuedThreadPool[Jetty (JenkinsRule)]@18d88ad7{STARTED,8<=8<=200,i=5,r=-1,q=0}[ReservedThreadExecutor@495915ee{reserved=0/16,pending=0}][pc=0,pic=0,pec=0,epc=0]@2024-10-22T18:14:47.69099+05:30 tryProduce false
18:14:47.691 [Jetty (JenkinsRule)-172] DEBUG org.eclipse.jetty.io.ManagedSelector -- updateable 1
18:14:47.691 [Jetty (JenkinsRule)-172] DEBUG org.eclipse.jetty.io.ManagedSelector -- update org.eclipse.jetty.io.ManagedSelector$Start@7112040f
18:14:47.691 [Jetty (JenkinsRule)-172] DEBUG org.eclipse.jetty.io.ManagedSelector -- updates 0
18:14:47.691 [Jetty (JenkinsRule)-172] DEBUG org.eclipse.jetty.io.ManagedSelector -- Selector sun.nio.ch.KQueueSelectorImpl@2b4905f2 waiting with 0 keys
18:14:47.691 [Executing testNonAdminWithCredentialsView(org.conjur.jenkins.credentials.ConjurCredentialStoreTest)] DEBUG org.eclipse.jetty.util.component.AbstractLifeCycle -- STARTED @14795ms ManagedSelector@61811b21{STARTED} id=2 keys=0 selected=0 updates=0
18:14:47.691 [Executing testNonAdminWithCredentialsView(org.conjur.jenkins.credentials.ConjurCredentialStoreTest)] DEBUG org.eclipse.jetty.util.component.AbstractLifeCycle -- starting ManagedSelector@14e0c91{STOPPED} id=3 keys=-1 selected=-1 updates=0
18:14:47.691 [Executing testNonAdminWithCredentialsView(org.conjur.jenkins.credentials.ConjurCredentialStoreTest)] DEBUG org.eclipse.jetty.util.component.AbstractLifeCycle -- starting EatWhatYouKill@393fcdb6/SelectorProducer@422c08bb/IDLE/p=false/QueuedThreadPool[Jetty (JenkinsRule)]@18d88ad7{STARTED,8<=8<=200,i=5,r=-1,q=0}[ReservedThreadExecutor@495915ee{reserved=0/16,pending=0}][pc=0,pic=0,pec=0,epc=0]@2024-10-22T18:14:47.691576+05:30
18:14:47.691 [Executing testNonAdminWithCredentialsView(org.conjur.jenkins.credentials.ConjurCredentialStoreTest)] DEBUG org.eclipse.jetty.util.component.AbstractLifeCycle -- STARTED @14795ms EatWhatYouKill@393fcdb6/SelectorProducer@422c08bb/IDLE/p=false/QueuedThreadPool[Jetty (JenkinsRule)]@18d88ad7{STARTED,8<=8<=200,i=5,r=-1,q=0}[ReservedThreadExecutor@495915ee{reserved=0/16,pending=0}][pc=0,pic=0,pec=0,epc=0]@2024-10-22T18:14:47.691754+05:30
18:14:47.691 [Executing testNonAdminWithCredentialsView(org.conjur.jenkins.credentials.ConjurCredentialStoreTest)] DEBUG org.eclipse.jetty.util.thread.QueuedThreadPool -- queue org.eclipse.jetty.io.ManagedSelector$$Lambda$424/0x00000001403801f8@5efa5ef1 startThread=0
18:14:47.692 [Executing testNonAdminWithCredentialsView(org.conjur.jenkins.credentials.ConjurCredentialStoreTest)] DEBUG org.eclipse.jetty.io.ManagedSelector -- Queued change lazy=false org.eclipse.jetty.io.ManagedSelector$Start@73add416 on ManagedSelector@14e0c91{STARTING} id=3 keys=0 selected=0 updates=0
18:14:47.692 [Jetty (JenkinsRule)-173] DEBUG org.eclipse.jetty.util.thread.QueuedThreadPool -- run org.eclipse.jetty.io.ManagedSelector$$Lambda$424/0x00000001403801f8@5efa5ef1 in QueuedThreadPool[Jetty (JenkinsRule)]@18d88ad7{STARTED,8<=8<=200,i=4,r=-1,q=0}[ReservedThreadExecutor@495915ee{reserved=0/16,pending=0}]
18:14:47.692 [Jetty (JenkinsRule)-173] DEBUG org.eclipse.jetty.util.thread.strategy.EatWhatYouKill -- EatWhatYouKill@393fcdb6/SelectorProducer@422c08bb/IDLE/p=false/QueuedThreadPool[Jetty (JenkinsRule)]@18d88ad7{STARTED,8<=8<=200,i=4,r=-1,q=0}[ReservedThreadExecutor@495915ee{reserved=0/16,pending=0}][pc=0,pic=0,pec=0,epc=0]@2024-10-22T18:14:47.692265+05:30 tryProduce false
18:14:47.692 [Jetty (JenkinsRule)-173] DEBUG org.eclipse.jetty.io.ManagedSelector -- updateable 1
18:14:47.692 [Jetty (JenkinsRule)-173] DEBUG org.eclipse.jetty.io.ManagedSelector -- update org.eclipse.jetty.io.ManagedSelector$Start@73add416
18:14:47.692 [Jetty (JenkinsRule)-173] DEBUG org.eclipse.jetty.io.ManagedSelector -- updates 0
18:14:47.692 [Jetty (JenkinsRule)-173] DEBUG org.eclipse.jetty.io.ManagedSelector -- Selector sun.nio.ch.KQueueSelectorImpl@7a874080 waiting with 0 keys
18:14:47.692 [Executing testNonAdminWithCredentialsView(org.conjur.jenkins.credentials.ConjurCredentialStoreTest)] DEBUG org.eclipse.jetty.util.component.AbstractLifeCycle -- STARTED @14796ms ManagedSelector@14e0c91{STARTED} id=3 keys=0 selected=0 updates=0
18:14:47.692 [Executing testNonAdminWithCredentialsView(org.conjur.jenkins.credentials.ConjurCredentialStoreTest)] DEBUG org.eclipse.jetty.util.component.AbstractLifeCycle -- starting ManagedSelector@da1c9d8{STOPPED} id=4 keys=-1 selected=-1 updates=0
18:14:47.692 [Executing testNonAdminWithCredentialsView(org.conjur.jenkins.credentials.ConjurCredentialStoreTest)] DEBUG org.eclipse.jetty.util.component.AbstractLifeCycle -- starting EatWhatYouKill@68ff478a/SelectorProducer@2f6a755e/IDLE/p=false/QueuedThreadPool[Jetty (JenkinsRule)]@18d88ad7{STARTED,8<=8<=200,i=4,r=-1,q=0}[ReservedThreadExecutor@495915ee{reserved=0/16,pending=0}][pc=0,pic=0,pec=0,epc=0]@2024-10-22T18:14:47.692816+05:30
18:14:47.693 [Executing testNonAdminWithCredentialsView(org.conjur.jenkins.credentials.ConjurCredentialStoreTest)] DEBUG org.eclipse.jetty.util.component.AbstractLifeCycle -- STARTED @14796ms EatWhatYouKill@68ff478a/SelectorProducer@2f6a755e/IDLE/p=false/QueuedThreadPool[Jetty (JenkinsRule)]@18d88ad7{STARTED,8<=8<=200,i=4,r=-1,q=0}[ReservedThreadExecutor@495915ee{reserved=0/16,pending=0}][pc=0,pic=0,pec=0,epc=0]@2024-10-22T18:14:47.692996+05:30
18:14:47.693 [Executing testNonAdminWithCredentialsView(org.conjur.jenkins.credentials.ConjurCredentialStoreTest)] DEBUG org.eclipse.jetty.util.thread.QueuedThreadPool -- queue org.eclipse.jetty.io.ManagedSelector$$Lambda$424/0x00000001403801f8@589189ee startThread=0
18:14:47.693 [Jetty (JenkinsRule)-174] DEBUG org.eclipse.jetty.util.thread.QueuedThreadPool -- run org.eclipse.jetty.io.ManagedSelector$$Lambda$424/0x00000001403801f8@589189ee in QueuedThreadPool[Jetty (JenkinsRule)]@18d88ad7{STARTED,8<=8<=200,i=3,r=-1,q=0}[ReservedThreadExecutor@495915ee{reserved=0/16,pending=0}]
18:14:47.693 [Executing testNonAdminWithCredentialsView(org.conjur.jenkins.credentials.ConjurCredentialStoreTest)] DEBUG org.eclipse.jetty.io.ManagedSelector -- Queued change lazy=false org.eclipse.jetty.io.ManagedSelector$Start@3942cc8f on ManagedSelector@da1c9d8{STARTING} id=4 keys=0 selected=0 updates=0
18:14:47.693 [Jetty (JenkinsRule)-174] DEBUG org.eclipse.jetty.util.thread.strategy.EatWhatYouKill -- EatWhatYouKill@68ff478a/SelectorProducer@2f6a755e/IDLE/p=false/QueuedThreadPool[Jetty (JenkinsRule)]@18d88ad7{STARTED,8<=8<=200,i=3,r=-1,q=0}[ReservedThreadExecutor@495915ee{reserved=0/16,pending=0}][pc=0,pic=0,pec=0,epc=0]@2024-10-22T18:14:47.693424+05:30 tryProduce false
18:14:47.693 [Jetty (JenkinsRule)-174] DEBUG org.eclipse.jetty.io.ManagedSelector -- updateable 1
18:14:47.693 [Jetty (JenkinsRule)-174] DEBUG org.eclipse.jetty.io.ManagedSelector -- update org.eclipse.jetty.io.ManagedSelector$Start@3942cc8f
18:14:47.693 [Jetty (JenkinsRule)-174] DEBUG org.eclipse.jetty.io.ManagedSelector -- updates 0
18:14:47.693 [Jetty (JenkinsRule)-174] DEBUG org.eclipse.jetty.io.ManagedSelector -- Selector sun.nio.ch.KQueueSelectorImpl@5b5a6fe2 waiting with 0 keys
18:14:47.693 [Executing testNonAdminWithCredentialsView(org.conjur.jenkins.credentials.ConjurCredentialStoreTest)] DEBUG org.eclipse.jetty.util.component.AbstractLifeCycle -- STARTED @14797ms ManagedSelector@da1c9d8{STARTED} id=4 keys=0 selected=0 updates=0
18:14:47.693 [Executing testNonAdminWithCredentialsView(org.conjur.jenkins.credentials.ConjurCredentialStoreTest)] DEBUG org.eclipse.jetty.util.component.AbstractLifeCycle -- starting ManagedSelector@1297e565{STOPPED} id=5 keys=-1 selected=-1 updates=0
18:14:47.693 [Executing testNonAdminWithCredentialsView(org.conjur.jenkins.credentials.ConjurCredentialStoreTest)] DEBUG org.eclipse.jetty.util.component.AbstractLifeCycle -- starting EatWhatYouKill@7cfa7679/SelectorProducer@6e2bbd7b/IDLE/p=false/QueuedThreadPool[Jetty (JenkinsRule)]@18d88ad7{STARTED,8<=8<=200,i=3,r=-1,q=0}[ReservedThreadExecutor@495915ee{reserved=0/16,pending=0}][pc=0,pic=0,pec=0,epc=0]@2024-10-22T18:14:47.693982+05:30
18:14:47.694 [Executing testNonAdminWithCredentialsView(org.conjur.jenkins.credentials.ConjurCredentialStoreTest)] DEBUG org.eclipse.jetty.util.component.AbstractLifeCycle -- STARTED @14797ms EatWhatYouKill@7cfa7679/SelectorProducer@6e2bbd7b/IDLE/p=false/QueuedThreadPool[Jetty (JenkinsRule)]@18d88ad7{STARTED,8<=8<=200,i=3,r=-1,q=0}[ReservedThreadExecutor@495915ee{reserved=0/16,pending=0}][pc=0,pic=0,pec=0,epc=0]@2024-10-22T18:14:47.694189+05:30
18:14:47.694 [Executing testNonAdminWithCredentialsView(org.conjur.jenkins.credentials.ConjurCredentialStoreTest)] DEBUG org.eclipse.jetty.util.thread.QueuedThreadPool -- queue org.eclipse.jetty.io.ManagedSelector$$Lambda$424/0x00000001403801f8@35430080 startThread=0
18:14:47.694 [Executing testNonAdminWithCredentialsView(org.conjur.jenkins.credentials.ConjurCredentialStoreTest)] DEBUG org.eclipse.jetty.io.ManagedSelector -- Queued change lazy=false org.eclipse.jetty.io.ManagedSelector$Start@28537f5a on ManagedSelector@1297e565{STARTING} id=5 keys=0 selected=0 updates=0
18:14:47.694 [Jetty (JenkinsRule)-175] DEBUG org.eclipse.jetty.util.thread.QueuedThreadPool -- run org.eclipse.jetty.io.ManagedSelector$$Lambda$424/0x00000001403801f8@35430080 in QueuedThreadPool[Jetty (JenkinsRule)]@18d88ad7{STARTED,8<=8<=200,i=2,r=-1,q=0}[ReservedThreadExecutor@495915ee{reserved=0/16,pending=0}]
18:14:47.694 [Jetty (JenkinsRule)-175] DEBUG org.eclipse.jetty.util.thread.strategy.EatWhatYouKill -- EatWhatYouKill@7cfa7679/SelectorProducer@6e2bbd7b/IDLE/p=false/QueuedThreadPool[Jetty (JenkinsRule)]@18d88ad7{STARTED,8<=8<=200,i=2,r=-1,q=0}[ReservedThreadExecutor@495915ee{reserved=0/16,pending=0}][pc=0,pic=0,pec=0,epc=0]@2024-10-22T18:14:47.69468+05:30 tryProduce false
18:14:47.694 [Jetty (JenkinsRule)-175] DEBUG org.eclipse.jetty.io.ManagedSelector -- updateable 1
18:14:47.694 [Jetty (JenkinsRule)-175] DEBUG org.eclipse.jetty.io.ManagedSelector -- update org.eclipse.jetty.io.ManagedSelector$Start@28537f5a
18:14:47.694 [Jetty (JenkinsRule)-175] DEBUG org.eclipse.jetty.io.ManagedSelector -- updates 0
18:14:47.694 [Jetty (JenkinsRule)-175] DEBUG org.eclipse.jetty.io.ManagedSelector -- Selector sun.nio.ch.KQueueSelectorImpl@1da0d143 waiting with 0 keys
18:14:47.694 [Executing testNonAdminWithCredentialsView(org.conjur.jenkins.credentials.ConjurCredentialStoreTest)] DEBUG org.eclipse.jetty.util.component.AbstractLifeCycle -- STARTED @14798ms ManagedSelector@1297e565{STARTED} id=5 keys=0 selected=0 updates=0
18:14:47.695 [Executing testNonAdminWithCredentialsView(org.conjur.jenkins.credentials.ConjurCredentialStoreTest)] DEBUG org.eclipse.jetty.util.component.AbstractLifeCycle -- starting ManagedSelector@dee46d3{STOPPED} id=6 keys=-1 selected=-1 updates=0
18:14:47.695 [Executing testNonAdminWithCredentialsView(org.conjur.jenkins.credentials.ConjurCredentialStoreTest)] DEBUG org.eclipse.jetty.util.component.AbstractLifeCycle -- starting EatWhatYouKill@11fb11e6/SelectorProducer@3e9de41e/IDLE/p=false/QueuedThreadPool[Jetty (JenkinsRule)]@18d88ad7{STARTED,8<=8<=200,i=2,r=-1,q=0}[ReservedThreadExecutor@495915ee{reserved=0/16,pending=0}][pc=0,pic=0,pec=0,epc=0]@2024-10-22T18:14:47.695222+05:30
18:14:47.695 [Executing testNonAdminWithCredentialsView(org.conjur.jenkins.credentials.ConjurCredentialStoreTest)] DEBUG org.eclipse.jetty.util.component.AbstractLifeCycle -- STARTED @14799ms EatWhatYouKill@11fb11e6/SelectorProducer@3e9de41e/IDLE/p=false/QueuedThreadPool[Jetty (JenkinsRule)]@18d88ad7{STARTED,8<=8<=200,i=2,r=-1,q=0}[ReservedThreadExecutor@495915ee{reserved=0/16,pending=0}][pc=0,pic=0,pec=0,epc=0]@2024-10-22T18:14:47.695405+05:30
18:14:47.695 [Executing testNonAdminWithCredentialsView(org.conjur.jenkins.credentials.ConjurCredentialStoreTest)] DEBUG org.eclipse.jetty.util.thread.QueuedThreadPool -- queue org.eclipse.jetty.io.ManagedSelector$$Lambda$424/0x00000001403801f8@7c594d47 startThread=0
18:14:47.695 [Executing testNonAdminWithCredentialsView(org.conjur.jenkins.credentials.ConjurCredentialStoreTest)] DEBUG org.eclipse.jetty.io.ManagedSelector -- Queued change lazy=false org.eclipse.jetty.io.ManagedSelector$Start@53d0d0f7 on ManagedSelector@dee46d3{STARTING} id=6 keys=0 selected=0 updates=0
18:14:47.695 [Jetty (JenkinsRule)-176] DEBUG org.eclipse.jetty.util.thread.QueuedThreadPool -- run org.eclipse.jetty.io.ManagedSelector$$Lambda$424/0x00000001403801f8@7c594d47 in QueuedThreadPool[Jetty (JenkinsRule)]@18d88ad7{STARTED,8<=8<=200,i=1,r=-1,q=0}[ReservedThreadExecutor@495915ee{reserved=0/16,pending=0}]
18:14:47.695 [Jetty (JenkinsRule)-176] DEBUG org.eclipse.jetty.util.thread.strategy.EatWhatYouKill -- EatWhatYouKill@11fb11e6/SelectorProducer@3e9de41e/IDLE/p=false/QueuedThreadPool[Jetty (JenkinsRule)]@18d88ad7{STARTED,8<=8<=200,i=1,r=-1,q=0}[ReservedThreadExecutor@495915ee{reserved=0/16,pending=0}][pc=0,pic=0,pec=0,epc=0]@2024-10-22T18:14:47.695889+05:30 tryProduce false
18:14:47.695 [Jetty (JenkinsRule)-176] DEBUG org.eclipse.jetty.io.ManagedSelector -- updateable 1
18:14:47.696 [Jetty (JenkinsRule)-176] DEBUG org.eclipse.jetty.io.ManagedSelector -- update org.eclipse.jetty.io.ManagedSelector$Start@53d0d0f7
18:14:47.696 [Jetty (JenkinsRule)-176] DEBUG org.eclipse.jetty.io.ManagedSelector -- updates 0
18:14:47.696 [Jetty (JenkinsRule)-176] DEBUG org.eclipse.jetty.io.ManagedSelector -- Selector sun.nio.ch.KQueueSelectorImpl@302ea0cd waiting with 0 keys
18:14:47.696 [Executing testNonAdminWithCredentialsView(org.conjur.jenkins.credentials.ConjurCredentialStoreTest)] DEBUG org.eclipse.jetty.util.component.AbstractLifeCycle -- STARTED @14799ms ManagedSelector@dee46d3{STARTED} id=6 keys=0 selected=0 updates=0
18:14:47.696 [Executing testNonAdminWithCredentialsView(org.conjur.jenkins.credentials.ConjurCredentialStoreTest)] DEBUG org.eclipse.jetty.util.component.AbstractLifeCycle -- starting ManagedSelector@38aec33c{STOPPED} id=7 keys=-1 selected=-1 updates=0
18:14:47.696 [Executing testNonAdminWithCredentialsView(org.conjur.jenkins.credentials.ConjurCredentialStoreTest)] DEBUG org.eclipse.jetty.util.component.AbstractLifeCycle -- starting EatWhatYouKill@207f26c6/SelectorProducer@69c2670e/IDLE/p=false/QueuedThreadPool[Jetty (JenkinsRule)]@18d88ad7{STARTED,8<=8<=200,i=1,r=-1,q=0}[ReservedThreadExecutor@495915ee{reserved=0/16,pending=0}][pc=0,pic=0,pec=0,epc=0]@2024-10-22T18:14:47.696407+05:30
18:14:47.696 [Executing testNonAdminWithCredentialsView(org.conjur.jenkins.credentials.ConjurCredentialStoreTest)] DEBUG org.eclipse.jetty.util.component.AbstractLifeCycle -- STARTED @14800ms EatWhatYouKill@207f26c6/SelectorProducer@69c2670e/IDLE/p=false/QueuedThreadPool[Jetty (JenkinsRule)]@18d88ad7{STARTED,8<=8<=200,i=1,r=-1,q=0}[ReservedThreadExecutor@495915ee{reserved=0/16,pending=0}][pc=0,pic=0,pec=0,epc=0]@2024-10-22T18:14:47.696594+05:30
18:14:47.696 [Executing testNonAdminWithCredentialsView(org.conjur.jenkins.credentials.ConjurCredentialStoreTest)] DEBUG org.eclipse.jetty.util.thread.QueuedThreadPool -- queue org.eclipse.jetty.io.ManagedSelector$$Lambda$424/0x00000001403801f8@7e3a8d0d startThread=0
18:14:47.696 [Jetty (JenkinsRule)-177] DEBUG org.eclipse.jetty.util.thread.QueuedThreadPool -- run org.eclipse.jetty.io.ManagedSelector$$Lambda$424/0x00000001403801f8@7e3a8d0d in QueuedThreadPool[Jetty (JenkinsRule)]@18d88ad7{STARTED,8<=8<=200,i=0,r=-1,q=0}[ReservedThreadExecutor@495915ee{reserved=0/16,pending=0}]
18:14:47.696 [Executing testNonAdminWithCredentialsView(org.conjur.jenkins.credentials.ConjurCredentialStoreTest)] DEBUG org.eclipse.jetty.io.ManagedSelector -- Queued change lazy=false org.eclipse.jetty.io.ManagedSelector$Start@4da0843f on ManagedSelector@38aec33c{STARTING} id=7 keys=0 selected=0 updates=0
18:14:47.697 [Jetty (JenkinsRule)-177] DEBUG org.eclipse.jetty.util.thread.strategy.EatWhatYouKill -- EatWhatYouKill@207f26c6/SelectorProducer@69c2670e/IDLE/p=false/QueuedThreadPool[Jetty (JenkinsRule)]@18d88ad7{STARTED,8<=8<=200,i=0,r=-1,q=0}[ReservedThreadExecutor@495915ee{reserved=0/16,pending=0}][pc=0,pic=0,pec=0,epc=0]@2024-10-22T18:14:47.697018+05:30 tryProduce false
18:14:47.697 [Jetty (JenkinsRule)-177] DEBUG org.eclipse.jetty.io.ManagedSelector -- updateable 1
18:14:47.697 [Jetty (JenkinsRule)-177] DEBUG org.eclipse.jetty.io.ManagedSelector -- update org.eclipse.jetty.io.ManagedSelector$Start@4da0843f
18:14:47.697 [Jetty (JenkinsRule)-177] DEBUG org.eclipse.jetty.io.ManagedSelector -- updates 0
18:14:47.697 [Jetty (JenkinsRule)-177] DEBUG org.eclipse.jetty.io.ManagedSelector -- Selector sun.nio.ch.KQueueSelectorImpl@13861474 waiting with 0 keys
18:14:47.697 [Executing testNonAdminWithCredentialsView(org.conjur.jenkins.credentials.ConjurCredentialStoreTest)] DEBUG org.eclipse.jetty.util.component.AbstractLifeCycle -- STARTED @14801ms ManagedSelector@38aec33c{STARTED} id=7 keys=0 selected=0 updates=0
18:14:47.697 [Executing testNonAdminWithCredentialsView(org.conjur.jenkins.credentials.ConjurCredentialStoreTest)] DEBUG org.eclipse.jetty.util.component.AbstractLifeCycle -- STARTED @14801ms SelectorManager@ServerConnector@8ea59b3{HTTP/1.1, (http/1.1)}{localhost:51454}
18:14:47.697 [Executing testNonAdminWithCredentialsView(org.conjur.jenkins.credentials.ConjurCredentialStoreTest)] DEBUG org.eclipse.jetty.util.component.ContainerLifeCycle -- ServerConnector@8ea59b3{HTTP/1.1, (http/1.1)}{localhost:51454} added {acceptor-0@7b25cbb9,POJO}
18:14:47.697 [Executing testNonAdminWithCredentialsView(org.conjur.jenkins.credentials.ConjurCredentialStoreTest)] DEBUG org.eclipse.jetty.util.thread.QueuedThreadPool -- queue acceptor-0@7b25cbb9 startThread=1
18:14:47.697 [Executing testNonAdminWithCredentialsView(org.conjur.jenkins.credentials.ConjurCredentialStoreTest)] DEBUG org.eclipse.jetty.util.thread.QueuedThreadPool -- Starting Thread[Jetty (JenkinsRule)-179,5,main]
18:14:47.698 [Executing testNonAdminWithCredentialsView(org.conjur.jenkins.credentials.ConjurCredentialStoreTest)] DEBUG org.eclipse.jetty.util.component.ContainerLifeCycle -- ServerConnector@8ea59b3{HTTP/1.1, (http/1.1)}{localhost:51454} added {acceptor-1@4df496e,POJO}
18:14:47.698 [Jetty (JenkinsRule)-179] DEBUG org.eclipse.jetty.util.thread.QueuedThreadPool -- Runner started for QueuedThreadPool[Jetty (JenkinsRule)]@18d88ad7{STARTED,8<=9<=200,i=0,r=-1,q=0}[ReservedThreadExecutor@495915ee{reserved=0/16,pending=0}]
18:14:47.698 [Executing testNonAdminWithCredentialsView(org.conjur.jenkins.credentials.ConjurCredentialStoreTest)] DEBUG org.eclipse.jetty.util.thread.QueuedThreadPool -- queue acceptor-1@4df496e startThread=1
18:14:47.698 [Jetty (JenkinsRule)-179] DEBUG org.eclipse.jetty.util.thread.QueuedThreadPool -- run acceptor-0@7b25cbb9 in QueuedThreadPool[Jetty (JenkinsRule)]@18d88ad7{STARTED,8<=10<=200,i=0,r=-1,q=0}[ReservedThreadExecutor@495915ee{reserved=0/16,pending=0}]
18:14:47.698 [Executing testNonAdminWithCredentialsView(org.conjur.jenkins.credentials.ConjurCredentialStoreTest)] DEBUG org.eclipse.jetty.util.thread.QueuedThreadPool -- Starting Thread[Jetty (JenkinsRule)-180,5,main]
18:14:47.698 [Executing testNonAdminWithCredentialsView(org.conjur.jenkins.credentials.ConjurCredentialStoreTest)] INFO org.eclipse.jetty.server.AbstractConnector -- Started ServerConnector@8ea59b3{HTTP/1.1, (http/1.1)}{localhost:51454}
18:14:47.698 [Jetty (JenkinsRule)-180] DEBUG org.eclipse.jetty.util.thread.QueuedThreadPool -- Runner started for QueuedThreadPool[Jetty (JenkinsRule)]@18d88ad7{STARTED,8<=10<=200,i=0,r=-1,q=0}[ReservedThreadExecutor@495915ee{reserved=0/16,pending=0}]
18:14:47.698 [Executing testNonAdminWithCredentialsView(org.conjur.jenkins.credentials.ConjurCredentialStoreTest)] DEBUG org.eclipse.jetty.util.component.AbstractLifeCycle -- STARTED @14802ms ServerConnector@8ea59b3{HTTP/1.1, (http/1.1)}{localhost:51454}
18:14:47.698 [Jetty (JenkinsRule)-180] DEBUG org.eclipse.jetty.util.thread.QueuedThreadPool -- run acceptor-1@4df496e in QueuedThreadPool[Jetty (JenkinsRule)]@18d88ad7{STARTED,8<=10<=200,i=0,r=-1,q=0}[ReservedThreadExecutor@495915ee{reserved=0/16,pending=0}]
18:14:47.698 [Executing testNonAdminWithCredentialsView(org.conjur.jenkins.credentials.ConjurCredentialStoreTest)] INFO org.eclipse.jetty.server.Server -- Started @14802ms
18:14:47.699 [Executing testNonAdminWithCredentialsView(org.conjur.jenkins.credentials.ConjurCredentialStoreTest)] DEBUG org.eclipse.jetty.util.component.AbstractLifeCycle -- STARTED @14802ms Server@59e580ec{STARTED}[9.4.48.v20220622]
18:14:47.755 [Executing testNonAdminWithCredentialsView(org.conjur.jenkins.credentials.ConjurCredentialStoreTest)] DEBUG org.apache.commons.discovery.resource.names.DiscoverNamesInFile -- find: serviceName = 'META-INF/services/org.kohsuke.stapler.Facet'
18:14:47.755 [Executing testNonAdminWithCredentialsView(org.conjur.jenkins.credentials.ConjurCredentialStoreTest)] DEBUG org.apache.commons.discovery.resource.DiscoverResources -- find: resourceName='META-INF/services/org.kohsuke.stapler.Facet'
18:14:47.755 [Executing testNonAdminWithCredentialsView(org.conjur.jenkins.credentials.ConjurCredentialStoreTest)] DEBUG org.apache.commons.discovery.resource.DiscoverResources -- getNextResources: search using ClassLoader 'jdk.internal.loader.ClassLoaders$AppClassLoader@5ffd2b27'
18:14:47.756 [Executing testNonAdminWithCredentialsView(org.conjur.jenkins.credentials.ConjurCredentialStoreTest)] DEBUG org.apache.commons.discovery.resource.DiscoverResources -- getNextResource: next URL='jar:file:/Users/sameer.shaik/.m2/repository/org/kohsuke/stapler/stapler-groovy/1669.v95a_4b_919a_b_a_2/stapler-groovy-1669.v95a_4b_919a_b_a_2.jar!/META-INF/services/org.kohsuke.stapler.Facet'
18:14:47.756 [Executing testNonAdminWithCredentialsView(org.conjur.jenkins.credentials.ConjurCredentialStoreTest)] DEBUG org.apache.commons.discovery.resource.names.DiscoverNamesInFile -- getNextClassResource: next class='org.kohsuke.stapler.jelly.groovy.GroovyFacet'
18:14:47.756 [Executing testNonAdminWithCredentialsView(org.conjur.jenkins.credentials.ConjurCredentialStoreTest)] DEBUG org.apache.commons.discovery.resource.DiscoverResources -- getNextResource: next URL='jar:file:/Users/sameer.shaik/.m2/repository/org/kohsuke/stapler/stapler-jelly/1669.v95a_4b_919a_b_a_2/stapler-jelly-1669.v95a_4b_919a_b_a_2.jar!/META-INF/services/org.kohsuke.stapler.Facet'
18:14:47.757 [Executing testNonAdminWithCredentialsView(org.conjur.jenkins.credentials.ConjurCredentialStoreTest)] DEBUG org.apache.commons.discovery.resource.names.DiscoverNamesInFile -- getNextClassResource: next class='org.kohsuke.stapler.jelly.JellyFacet'
18:14:47.757 [Executing testNonAdminWithCredentialsView(org.conjur.jenkins.credentials.ConjurCredentialStoreTest)] DEBUG org.apache.commons.discovery.resource.names.DiscoverNamesInFile -- find: serviceName = 'META-INF/services/org.kohsuke.stapler.Facet'
18:14:47.757 [Executing testNonAdminWithCredentialsView(org.conjur.jenkins.credentials.ConjurCredentialStoreTest)] DEBUG org.apache.commons.discovery.resource.DiscoverResources -- find: resourceName='META-INF/services/org.kohsuke.stapler.Facet'
18:14:47.757 [Executing testNonAdminWithCredentialsView(org.conjur.jenkins.credentials.ConjurCredentialStoreTest)] DEBUG org.apache.commons.discovery.resource.DiscoverResources -- getNextResources: search using ClassLoader 'jdk.internal.loader.ClassLoaders$AppClassLoader@5ffd2b27'
18:14:47.757 [Executing testNonAdminWithCredentialsView(org.conjur.jenkins.credentials.ConjurCredentialStoreTest)] DEBUG org.apache.commons.discovery.resource.DiscoverResources -- getNextResource: next URL='jar:file:/Users/sameer.shaik/.m2/repository/org/kohsuke/stapler/stapler-groovy/1669.v95a_4b_919a_b_a_2/stapler-groovy-1669.v95a_4b_919a_b_a_2.jar!/META-INF/services/org.kohsuke.stapler.Facet'
18:14:47.758 [Executing testNonAdminWithCredentialsView(org.conjur.jenkins.credentials.ConjurCredentialStoreTest)] DEBUG org.apache.commons.discovery.resource.names.DiscoverNamesInFile -- getNextClassResource: next class='org.kohsuke.stapler.jelly.groovy.GroovyFacet'
18:14:47.758 [Executing testNonAdminWithCredentialsView(org.conjur.jenkins.credentials.ConjurCredentialStoreTest)] DEBUG org.apache.commons.discovery.resource.DiscoverResources -- getNextResource: next URL='jar:file:/Users/sameer.shaik/.m2/repository/org/kohsuke/stapler/stapler-jelly/1669.v95a_4b_919a_b_a_2/stapler-jelly-1669.v95a_4b_919a_b_a_2.jar!/META-INF/services/org.kohsuke.stapler.Facet'
18:14:47.758 [Executing testNonAdminWithCredentialsView(org.conjur.jenkins.credentials.ConjurCredentialStoreTest)] DEBUG org.apache.commons.discovery.resource.names.DiscoverNamesInFile -- getNextClassResource: next class='org.kohsuke.stapler.jelly.JellyFacet'
18:14:48.791 [Executing testNonAdminWithCredentialsView(org.conjur.jenkins.credentials.ConjurCredentialStoreTest)] DEBUG org.eclipse.jetty.util.component.AbstractLifeCycle -- stopping Server@59e580ec{STARTED}[9.4.48.v20220622]
18:14:48.791 [Executing testNonAdminWithCredentialsView(org.conjur.jenkins.credentials.ConjurCredentialStoreTest)] DEBUG org.eclipse.jetty.server.Server -- doStop Server@59e580ec{STOPPING}[9.4.48.v20220622]
18:14:48.791 [Executing testNonAdminWithCredentialsView(org.conjur.jenkins.credentials.ConjurCredentialStoreTest)] DEBUG org.eclipse.jetty.server.handler.AbstractHandlerContainer -- Graceful shutdown Server@59e580ec{STOPPING}[9.4.48.v20220622] by 
18:14:48.791 [Jetty (JenkinsRule)-179] DEBUG org.eclipse.jetty.util.thread.QueuedThreadPool -- ran Jetty (JenkinsRule)-179-acceptor-0@7b25cbb9-ServerConnector@8ea59b3{HTTP/1.1, (http/1.1)}{localhost:51454} in QueuedThreadPool[Jetty (JenkinsRule)]@18d88ad7{STARTED,8<=10<=200,i=0,r=-1,q=0}[ReservedThreadExecutor@495915ee{reserved=0/16,pending=0}]
18:14:48.791 [Executing testNonAdminWithCredentialsView(org.conjur.jenkins.credentials.ConjurCredentialStoreTest)] DEBUG org.eclipse.jetty.util.component.AbstractLifeCycle -- stopping ServerConnector@8ea59b3{HTTP/1.1, (http/1.1)}{localhost:0}
18:14:48.791 [Jetty (JenkinsRule)-180] DEBUG org.eclipse.jetty.util.thread.QueuedThreadPool -- ran Jetty (JenkinsRule)-180-acceptor-1@4df496e-ServerConnector@8ea59b3{HTTP/1.1, (http/1.1)}{localhost:51454} in QueuedThreadPool[Jetty (JenkinsRule)]@18d88ad7{STARTED,8<=10<=200,i=0,r=-1,q=0}[ReservedThreadExecutor@495915ee{reserved=0/16,pending=0}]
18:14:48.791 [Executing testNonAdminWithCredentialsView(org.conjur.jenkins.credentials.ConjurCredentialStoreTest)] DEBUG org.eclipse.jetty.util.component.AbstractLifeCycle -- stopping SelectorManager@ServerConnector@8ea59b3{HTTP/1.1, (http/1.1)}{localhost:0}
18:14:48.791 [Executing testNonAdminWithCredentialsView(org.conjur.jenkins.credentials.ConjurCredentialStoreTest)] DEBUG org.eclipse.jetty.util.component.AbstractLifeCycle -- stopping ManagedSelector@38aec33c{STARTED} id=7 keys=0 selected=0 updates=0
18:14:48.792 [Executing testNonAdminWithCredentialsView(org.conjur.jenkins.credentials.ConjurCredentialStoreTest)] DEBUG org.eclipse.jetty.io.ManagedSelector -- Queued change lazy=false org.eclipse.jetty.io.ManagedSelector$CloseConnections@6089f520 on ManagedSelector@38aec33c{STOPPING} id=7 keys=0 selected=0 updates=0
18:14:48.792 [Executing testNonAdminWithCredentialsView(org.conjur.jenkins.credentials.ConjurCredentialStoreTest)] DEBUG org.eclipse.jetty.io.ManagedSelector -- Wakeup on submit ManagedSelector@38aec33c{STOPPING} id=7 keys=0 selected=0 updates=1
18:14:48.792 [Jetty (JenkinsRule)-177] DEBUG org.eclipse.jetty.io.ManagedSelector -- Selector sun.nio.ch.KQueueSelectorImpl@13861474 woken with none selected
18:14:48.792 [Jetty (JenkinsRule)-177] DEBUG org.eclipse.jetty.io.ManagedSelector -- Selector sun.nio.ch.KQueueSelectorImpl@13861474 woken up from select, 0/0/0 selected
18:14:48.792 [Jetty (JenkinsRule)-177] DEBUG org.eclipse.jetty.io.ManagedSelector -- Selector sun.nio.ch.KQueueSelectorImpl@13861474 processing 0 keys, 1 updates
18:14:48.792 [Jetty (JenkinsRule)-177] DEBUG org.eclipse.jetty.io.ManagedSelector -- updateable 1
18:14:48.792 [Jetty (JenkinsRule)-177] DEBUG org.eclipse.jetty.io.ManagedSelector -- update org.eclipse.jetty.io.ManagedSelector$CloseConnections@6089f520
18:14:48.792 [Jetty (JenkinsRule)-177] DEBUG org.eclipse.jetty.io.ManagedSelector -- Closing 0 connections on ManagedSelector@38aec33c{STOPPING} id=7 keys=0 selected=0 updates=0
18:14:48.792 [Jetty (JenkinsRule)-177] DEBUG org.eclipse.jetty.io.ManagedSelector -- updates 0
18:14:48.792 [Jetty (JenkinsRule)-177] DEBUG org.eclipse.jetty.io.ManagedSelector -- Selector sun.nio.ch.KQueueSelectorImpl@13861474 waiting with 0 keys
18:14:48.792 [Executing testNonAdminWithCredentialsView(org.conjur.jenkins.credentials.ConjurCredentialStoreTest)] DEBUG org.eclipse.jetty.io.ManagedSelector -- Queued change lazy=false org.eclipse.jetty.io.ManagedSelector$StopSelector@11d5890b on ManagedSelector@38aec33c{STOPPING} id=7 keys=0 selected=0 updates=0
18:14:48.792 [Executing testNonAdminWithCredentialsView(org.conjur.jenkins.credentials.ConjurCredentialStoreTest)] DEBUG org.eclipse.jetty.io.ManagedSelector -- Wakeup on submit ManagedSelector@38aec33c{STOPPING} id=7 keys=0 selected=0 updates=1
18:14:48.792 [Jetty (JenkinsRule)-177] DEBUG org.eclipse.jetty.io.ManagedSelector -- Selector sun.nio.ch.KQueueSelectorImpl@13861474 woken with none selected
18:14:48.792 [Jetty (JenkinsRule)-177] DEBUG org.eclipse.jetty.io.ManagedSelector -- Selector sun.nio.ch.KQueueSelectorImpl@13861474 woken up from select, 0/0/0 selected
18:14:48.792 [Jetty (JenkinsRule)-177] DEBUG org.eclipse.jetty.io.ManagedSelector -- Selector sun.nio.ch.KQueueSelectorImpl@13861474 processing 0 keys, 1 updates
18:14:48.792 [Jetty (JenkinsRule)-177] DEBUG org.eclipse.jetty.io.ManagedSelector -- updateable 1
18:14:48.792 [Jetty (JenkinsRule)-177] DEBUG org.eclipse.jetty.io.ManagedSelector -- update org.eclipse.jetty.io.ManagedSelector$StopSelector@11d5890b
18:14:48.792 [Jetty (JenkinsRule)-177] DEBUG org.eclipse.jetty.io.ManagedSelector -- updates 0
18:14:48.792 [Jetty (JenkinsRule)-177] DEBUG org.eclipse.jetty.util.thread.QueuedThreadPool -- ran org.eclipse.jetty.io.ManagedSelector$$Lambda$424/0x00000001403801f8@7e3a8d0d in QueuedThreadPool[Jetty (JenkinsRule)]@18d88ad7{STARTED,8<=10<=200,i=2,r=-1,q=0}[ReservedThreadExecutor@495915ee{reserved=0/16,pending=0}]
18:14:48.792 [Executing testNonAdminWithCredentialsView(org.conjur.jenkins.credentials.ConjurCredentialStoreTest)] DEBUG org.eclipse.jetty.util.component.AbstractLifeCycle -- stopping EatWhatYouKill@207f26c6/SelectorProducer@69c2670e/IDLE/p=false/QueuedThreadPool[Jetty (JenkinsRule)]@18d88ad7{STARTED,8<=10<=200,i=3,r=-1,q=0}[ReservedThreadExecutor@495915ee{reserved=0/16,pending=0}][pc=0,pic=0,pec=0,epc=0]@2024-10-22T18:14:48.792667+05:30
18:14:48.792 [Executing testNonAdminWithCredentialsView(org.conjur.jenkins.credentials.ConjurCredentialStoreTest)] DEBUG org.eclipse.jetty.util.component.AbstractLifeCycle -- STOPPED EatWhatYouKill@207f26c6/SelectorProducer@69c2670e/IDLE/p=false/QueuedThreadPool[Jetty (JenkinsRule)]@18d88ad7{STARTED,8<=10<=200,i=3,r=-1,q=0}[ReservedThreadExecutor@495915ee{reserved=0/16,pending=0}][pc=0,pic=0,pec=0,epc=0]@2024-10-22T18:14:48.792799+05:30
18:14:48.792 [Executing testNonAdminWithCredentialsView(org.conjur.jenkins.credentials.ConjurCredentialStoreTest)] DEBUG org.eclipse.jetty.util.component.AbstractLifeCycle -- STOPPED ManagedSelector@38aec33c{STOPPED} id=7 keys=-1 selected=-1 updates=0
18:14:48.792 [Executing testNonAdminWithCredentialsView(org.conjur.jenkins.credentials.ConjurCredentialStoreTest)] DEBUG org.eclipse.jetty.util.component.AbstractLifeCycle -- stopping ManagedSelector@dee46d3{STARTED} id=6 keys=0 selected=0 updates=0
18:14:48.792 [Executing testNonAdminWithCredentialsView(org.conjur.jenkins.credentials.ConjurCredentialStoreTest)] DEBUG org.eclipse.jetty.io.ManagedSelector -- Queued change lazy=false org.eclipse.jetty.io.ManagedSelector$CloseConnections@e40ff9 on ManagedSelector@dee46d3{STOPPING} id=6 keys=0 selected=0 updates=0
18:14:48.792 [Executing testNonAdminWithCredentialsView(org.conjur.jenkins.credentials.ConjurCredentialStoreTest)] DEBUG org.eclipse.jetty.io.ManagedSelector -- Wakeup on submit ManagedSelector@dee46d3{STOPPING} id=6 keys=0 selected=0 updates=1
18:14:48.793 [Jetty (JenkinsRule)-176] DEBUG org.eclipse.jetty.io.ManagedSelector -- Selector sun.nio.ch.KQueueSelectorImpl@302ea0cd woken with none selected
18:14:48.793 [Jetty (JenkinsRule)-176] DEBUG org.eclipse.jetty.io.ManagedSelector -- Selector sun.nio.ch.KQueueSelectorImpl@302ea0cd woken up from select, 0/0/0 selected
18:14:48.793 [Jetty (JenkinsRule)-176] DEBUG org.eclipse.jetty.io.ManagedSelector -- Selector sun.nio.ch.KQueueSelectorImpl@302ea0cd processing 0 keys, 1 updates
18:14:48.793 [Jetty (JenkinsRule)-176] DEBUG org.eclipse.jetty.io.ManagedSelector -- updateable 1
18:14:48.793 [Jetty (JenkinsRule)-176] DEBUG org.eclipse.jetty.io.ManagedSelector -- update org.eclipse.jetty.io.ManagedSelector$CloseConnections@e40ff9
18:14:48.793 [Jetty (JenkinsRule)-176] DEBUG org.eclipse.jetty.io.ManagedSelector -- Closing 0 connections on ManagedSelector@dee46d3{STOPPING} id=6 keys=0 selected=0 updates=0
18:14:48.793 [Jetty (JenkinsRule)-176] DEBUG org.eclipse.jetty.io.ManagedSelector -- updates 0
18:14:48.793 [Jetty (JenkinsRule)-176] DEBUG org.eclipse.jetty.io.ManagedSelector -- Selector sun.nio.ch.KQueueSelectorImpl@302ea0cd waiting with 0 keys
18:14:48.793 [Executing testNonAdminWithCredentialsView(org.conjur.jenkins.credentials.ConjurCredentialStoreTest)] DEBUG org.eclipse.jetty.io.ManagedSelector -- Queued change lazy=false org.eclipse.jetty.io.ManagedSelector$StopSelector@735b6dc7 on ManagedSelector@dee46d3{STOPPING} id=6 keys=0 selected=0 updates=0
18:14:48.793 [Executing testNonAdminWithCredentialsView(org.conjur.jenkins.credentials.ConjurCredentialStoreTest)] DEBUG org.eclipse.jetty.io.ManagedSelector -- Wakeup on submit ManagedSelector@dee46d3{STOPPING} id=6 keys=0 selected=0 updates=1
18:14:48.793 [Jetty (JenkinsRule)-176] DEBUG org.eclipse.jetty.io.ManagedSelector -- Selector sun.nio.ch.KQueueSelectorImpl@302ea0cd woken with none selected
18:14:48.793 [Jetty (JenkinsRule)-176] DEBUG org.eclipse.jetty.io.ManagedSelector -- Selector sun.nio.ch.KQueueSelectorImpl@302ea0cd woken up from select, 0/0/0 selected
18:14:48.793 [Jetty (JenkinsRule)-176] DEBUG org.eclipse.jetty.io.ManagedSelector -- Selector sun.nio.ch.KQueueSelectorImpl@302ea0cd processing 0 keys, 1 updates
18:14:48.793 [Jetty (JenkinsRule)-176] DEBUG org.eclipse.jetty.io.ManagedSelector -- updateable 1
18:14:48.793 [Jetty (JenkinsRule)-176] DEBUG org.eclipse.jetty.io.ManagedSelector -- update org.eclipse.jetty.io.ManagedSelector$StopSelector@735b6dc7
18:14:48.793 [Jetty (JenkinsRule)-176] DEBUG org.eclipse.jetty.io.ManagedSelector -- updates 0
18:14:48.793 [Jetty (JenkinsRule)-176] DEBUG org.eclipse.jetty.util.thread.QueuedThreadPool -- ran org.eclipse.jetty.io.ManagedSelector$$Lambda$424/0x00000001403801f8@7c594d47 in QueuedThreadPool[Jetty (JenkinsRule)]@18d88ad7{STARTED,8<=10<=200,i=3,r=-1,q=0}[ReservedThreadExecutor@495915ee{reserved=0/16,pending=0}]
18:14:48.793 [Executing testNonAdminWithCredentialsView(org.conjur.jenkins.credentials.ConjurCredentialStoreTest)] DEBUG org.eclipse.jetty.util.component.AbstractLifeCycle -- stopping EatWhatYouKill@11fb11e6/SelectorProducer@3e9de41e/IDLE/p=false/QueuedThreadPool[Jetty (JenkinsRule)]@18d88ad7{STARTED,8<=10<=200,i=3,r=-1,q=0}[ReservedThreadExecutor@495915ee{reserved=0/16,pending=0}][pc=0,pic=0,pec=0,epc=0]@2024-10-22T18:14:48.793493+05:30
18:14:48.793 [Executing testNonAdminWithCredentialsView(org.conjur.jenkins.credentials.ConjurCredentialStoreTest)] DEBUG org.eclipse.jetty.util.component.AbstractLifeCycle -- STOPPED EatWhatYouKill@11fb11e6/SelectorProducer@3e9de41e/IDLE/p=false/QueuedThreadPool[Jetty (JenkinsRule)]@18d88ad7{STARTED,8<=10<=200,i=4,r=-1,q=0}[ReservedThreadExecutor@495915ee{reserved=0/16,pending=0}][pc=0,pic=0,pec=0,epc=0]@2024-10-22T18:14:48.793577+05:30
18:14:48.793 [Executing testNonAdminWithCredentialsView(org.conjur.jenkins.credentials.ConjurCredentialStoreTest)] DEBUG org.eclipse.jetty.util.component.AbstractLifeCycle -- STOPPED ManagedSelector@dee46d3{STOPPED} id=6 keys=-1 selected=-1 updates=0
18:14:48.793 [Executing testNonAdminWithCredentialsView(org.conjur.jenkins.credentials.ConjurCredentialStoreTest)] DEBUG org.eclipse.jetty.util.component.AbstractLifeCycle -- stopping ManagedSelector@1297e565{STARTED} id=5 keys=0 selected=0 updates=0
18:14:48.793 [Executing testNonAdminWithCredentialsView(org.conjur.jenkins.credentials.ConjurCredentialStoreTest)] DEBUG org.eclipse.jetty.io.ManagedSelector -- Queued change lazy=false org.eclipse.jetty.io.ManagedSelector$CloseConnections@5c54a679 on ManagedSelector@1297e565{STOPPING} id=5 keys=0 selected=0 updates=0
18:14:48.793 [Executing testNonAdminWithCredentialsView(org.conjur.jenkins.credentials.ConjurCredentialStoreTest)] DEBUG org.eclipse.jetty.io.ManagedSelector -- Wakeup on submit ManagedSelector@1297e565{STOPPING} id=5 keys=0 selected=0 updates=1
18:14:48.793 [Jetty (JenkinsRule)-175] DEBUG org.eclipse.jetty.io.ManagedSelector -- Selector sun.nio.ch.KQueueSelectorImpl@1da0d143 woken with none selected
18:14:48.793 [Jetty (JenkinsRule)-175] DEBUG org.eclipse.jetty.io.ManagedSelector -- Selector sun.nio.ch.KQueueSelectorImpl@1da0d143 woken up from select, 0/0/0 selected
18:14:48.793 [Jetty (JenkinsRule)-175] DEBUG org.eclipse.jetty.io.ManagedSelector -- Selector sun.nio.ch.KQueueSelectorImpl@1da0d143 processing 0 keys, 1 updates
18:14:48.793 [Jetty (JenkinsRule)-175] DEBUG org.eclipse.jetty.io.ManagedSelector -- updateable 1
18:14:48.793 [Jetty (JenkinsRule)-175] DEBUG org.eclipse.jetty.io.ManagedSelector -- update org.eclipse.jetty.io.ManagedSelector$CloseConnections@5c54a679
18:14:48.793 [Jetty (JenkinsRule)-175] DEBUG org.eclipse.jetty.io.ManagedSelector -- Closing 0 connections on ManagedSelector@1297e565{STOPPING} id=5 keys=0 selected=0 updates=0
18:14:48.793 [Jetty (JenkinsRule)-175] DEBUG org.eclipse.jetty.io.ManagedSelector -- updates 0
18:14:48.793 [Jetty (JenkinsRule)-175] DEBUG org.eclipse.jetty.io.ManagedSelector -- Selector sun.nio.ch.KQueueSelectorImpl@1da0d143 waiting with 0 keys
18:14:48.794 [Executing testNonAdminWithCredentialsView(org.conjur.jenkins.credentials.ConjurCredentialStoreTest)] DEBUG org.eclipse.jetty.io.ManagedSelector -- Queued change lazy=false org.eclipse.jetty.io.ManagedSelector$StopSelector@61f4f129 on ManagedSelector@1297e565{STOPPING} id=5 keys=0 selected=0 updates=0
18:14:48.794 [Executing testNonAdminWithCredentialsView(org.conjur.jenkins.credentials.ConjurCredentialStoreTest)] DEBUG org.eclipse.jetty.io.ManagedSelector -- Wakeup on submit ManagedSelector@1297e565{STOPPING} id=5 keys=0 selected=0 updates=1
18:14:48.794 [Jetty (JenkinsRule)-175] DEBUG org.eclipse.jetty.io.ManagedSelector -- Selector sun.nio.ch.KQueueSelectorImpl@1da0d143 woken with none selected
18:14:48.794 [Jetty (JenkinsRule)-175] DEBUG org.eclipse.jetty.io.ManagedSelector -- Selector sun.nio.ch.KQueueSelectorImpl@1da0d143 woken up from select, 0/0/0 selected
18:14:48.794 [Jetty (JenkinsRule)-175] DEBUG org.eclipse.jetty.io.ManagedSelector -- Selector sun.nio.ch.KQueueSelectorImpl@1da0d143 processing 0 keys, 1 updates
18:14:48.794 [Jetty (JenkinsRule)-175] DEBUG org.eclipse.jetty.io.ManagedSelector -- updateable 1
18:14:48.794 [Jetty (JenkinsRule)-175] DEBUG org.eclipse.jetty.io.ManagedSelector -- update org.eclipse.jetty.io.ManagedSelector$StopSelector@61f4f129
18:14:48.794 [Jetty (JenkinsRule)-175] DEBUG org.eclipse.jetty.io.ManagedSelector -- updates 0
18:14:48.794 [Jetty (JenkinsRule)-175] DEBUG org.eclipse.jetty.util.thread.QueuedThreadPool -- ran org.eclipse.jetty.io.ManagedSelector$$Lambda$424/0x00000001403801f8@35430080 in QueuedThreadPool[Jetty (JenkinsRule)]@18d88ad7{STARTED,8<=10<=200,i=4,r=-1,q=0}[ReservedThreadExecutor@495915ee{reserved=0/16,pending=0}]
18:14:48.794 [Executing testNonAdminWithCredentialsView(org.conjur.jenkins.credentials.ConjurCredentialStoreTest)] DEBUG org.eclipse.jetty.util.component.AbstractLifeCycle -- stopping EatWhatYouKill@7cfa7679/SelectorProducer@6e2bbd7b/IDLE/p=false/QueuedThreadPool[Jetty (JenkinsRule)]@18d88ad7{STARTED,8<=10<=200,i=4,r=-1,q=0}[ReservedThreadExecutor@495915ee{reserved=0/16,pending=0}][pc=0,pic=0,pec=0,epc=0]@2024-10-22T18:14:48.794286+05:30
18:14:48.794 [Executing testNonAdminWithCredentialsView(org.conjur.jenkins.credentials.ConjurCredentialStoreTest)] DEBUG org.eclipse.jetty.util.component.AbstractLifeCycle -- STOPPED EatWhatYouKill@7cfa7679/SelectorProducer@6e2bbd7b/IDLE/p=false/QueuedThreadPool[Jetty (JenkinsRule)]@18d88ad7{STARTED,8<=10<=200,i=5,r=-1,q=0}[ReservedThreadExecutor@495915ee{reserved=0/16,pending=0}][pc=0,pic=0,pec=0,epc=0]@2024-10-22T18:14:48.794373+05:30
18:14:48.794 [Executing testNonAdminWithCredentialsView(org.conjur.jenkins.credentials.ConjurCredentialStoreTest)] DEBUG org.eclipse.jetty.util.component.AbstractLifeCycle -- STOPPED ManagedSelector@1297e565{STOPPED} id=5 keys=-1 selected=-1 updates=0
18:14:48.794 [Executing testNonAdminWithCredentialsView(org.conjur.jenkins.credentials.ConjurCredentialStoreTest)] DEBUG org.eclipse.jetty.util.component.AbstractLifeCycle -- stopping ManagedSelector@da1c9d8{STARTED} id=4 keys=0 selected=0 updates=0
18:14:48.794 [Executing testNonAdminWithCredentialsView(org.conjur.jenkins.credentials.ConjurCredentialStoreTest)] DEBUG org.eclipse.jetty.io.ManagedSelector -- Queued change lazy=false org.eclipse.jetty.io.ManagedSelector$CloseConnections@414fb129 on ManagedSelector@da1c9d8{STOPPING} id=4 keys=0 selected=0 updates=0
18:14:48.794 [Executing testNonAdminWithCredentialsView(org.conjur.jenkins.credentials.ConjurCredentialStoreTest)] DEBUG org.eclipse.jetty.io.ManagedSelector -- Wakeup on submit ManagedSelector@da1c9d8{STOPPING} id=4 keys=0 selected=0 updates=1
18:14:48.794 [Jetty (JenkinsRule)-174] DEBUG org.eclipse.jetty.io.ManagedSelector -- Selector sun.nio.ch.KQueueSelectorImpl@5b5a6fe2 woken with none selected
18:14:48.794 [Jetty (JenkinsRule)-174] DEBUG org.eclipse.jetty.io.ManagedSelector -- Selector sun.nio.ch.KQueueSelectorImpl@5b5a6fe2 woken up from select, 0/0/0 selected
18:14:48.794 [Jetty (JenkinsRule)-174] DEBUG org.eclipse.jetty.io.ManagedSelector -- Selector sun.nio.ch.KQueueSelectorImpl@5b5a6fe2 processing 0 keys, 1 updates
18:14:48.794 [Jetty (JenkinsRule)-174] DEBUG org.eclipse.jetty.io.ManagedSelector -- updateable 1
18:14:48.794 [Jetty (JenkinsRule)-174] DEBUG org.eclipse.jetty.io.ManagedSelector -- update org.eclipse.jetty.io.ManagedSelector$CloseConnections@414fb129
18:14:48.794 [Jetty (JenkinsRule)-174] DEBUG org.eclipse.jetty.io.ManagedSelector -- Closing 0 connections on ManagedSelector@da1c9d8{STOPPING} id=4 keys=0 selected=0 updates=0
18:14:48.794 [Jetty (JenkinsRule)-174] DEBUG org.eclipse.jetty.io.ManagedSelector -- updates 0
18:14:48.794 [Jetty (JenkinsRule)-174] DEBUG org.eclipse.jetty.io.ManagedSelector -- Selector sun.nio.ch.KQueueSelectorImpl@5b5a6fe2 waiting with 0 keys
18:14:48.794 [Executing testNonAdminWithCredentialsView(org.conjur.jenkins.credentials.ConjurCredentialStoreTest)] DEBUG org.eclipse.jetty.io.ManagedSelector -- Queued change lazy=false org.eclipse.jetty.io.ManagedSelector$StopSelector@6952c992 on ManagedSelector@da1c9d8{STOPPING} id=4 keys=0 selected=0 updates=0
18:14:48.794 [Executing testNonAdminWithCredentialsView(org.conjur.jenkins.credentials.ConjurCredentialStoreTest)] DEBUG org.eclipse.jetty.io.ManagedSelector -- Wakeup on submit ManagedSelector@da1c9d8{STOPPING} id=4 keys=0 selected=0 updates=1
18:14:48.794 [Jetty (JenkinsRule)-174] DEBUG org.eclipse.jetty.io.ManagedSelector -- Selector sun.nio.ch.KQueueSelectorImpl@5b5a6fe2 woken with none selected
18:14:48.794 [Jetty (JenkinsRule)-174] DEBUG org.eclipse.jetty.io.ManagedSelector -- Selector sun.nio.ch.KQueueSelectorImpl@5b5a6fe2 woken up from select, 0/0/0 selected
18:14:48.794 [Jetty (JenkinsRule)-174] DEBUG org.eclipse.jetty.io.ManagedSelector -- Selector sun.nio.ch.KQueueSelectorImpl@5b5a6fe2 processing 0 keys, 1 updates
18:14:48.794 [Jetty (JenkinsRule)-174] DEBUG org.eclipse.jetty.io.ManagedSelector -- updateable 1
18:14:48.794 [Jetty (JenkinsRule)-174] DEBUG org.eclipse.jetty.io.ManagedSelector -- update org.eclipse.jetty.io.ManagedSelector$StopSelector@6952c992
18:14:48.794 [Jetty (JenkinsRule)-174] DEBUG org.eclipse.jetty.io.ManagedSelector -- updates 0
18:14:48.794 [Jetty (JenkinsRule)-174] DEBUG org.eclipse.jetty.util.thread.QueuedThreadPool -- ran org.eclipse.jetty.io.ManagedSelector$$Lambda$424/0x00000001403801f8@589189ee in QueuedThreadPool[Jetty (JenkinsRule)]@18d88ad7{STARTED,8<=10<=200,i=5,r=-1,q=0}[ReservedThreadExecutor@495915ee{reserved=0/16,pending=0}]
18:14:48.795 [Executing testNonAdminWithCredentialsView(org.conjur.jenkins.credentials.ConjurCredentialStoreTest)] DEBUG org.eclipse.jetty.util.component.AbstractLifeCycle -- stopping EatWhatYouKill@68ff478a/SelectorProducer@2f6a755e/IDLE/p=false/QueuedThreadPool[Jetty (JenkinsRule)]@18d88ad7{STARTED,8<=10<=200,i=5,r=-1,q=0}[ReservedThreadExecutor@495915ee{reserved=0/16,pending=0}][pc=0,pic=0,pec=0,epc=0]@2024-10-22T18:14:48.795019+05:30
18:14:48.795 [Executing testNonAdminWithCredentialsView(org.conjur.jenkins.credentials.ConjurCredentialStoreTest)] DEBUG org.eclipse.jetty.util.component.AbstractLifeCycle -- STOPPED EatWhatYouKill@68ff478a/SelectorProducer@2f6a755e/IDLE/p=false/QueuedThreadPool[Jetty (JenkinsRule)]@18d88ad7{STARTED,8<=10<=200,i=6,r=-1,q=0}[ReservedThreadExecutor@495915ee{reserved=0/16,pending=0}][pc=0,pic=0,pec=0,epc=0]@2024-10-22T18:14:48.795135+05:30
18:14:48.795 [Executing testNonAdminWithCredentialsView(org.conjur.jenkins.credentials.ConjurCredentialStoreTest)] DEBUG org.eclipse.jetty.util.component.AbstractLifeCycle -- STOPPED ManagedSelector@da1c9d8{STOPPED} id=4 keys=-1 selected=-1 updates=0
18:14:48.795 [Executing testNonAdminWithCredentialsView(org.conjur.jenkins.credentials.ConjurCredentialStoreTest)] DEBUG org.eclipse.jetty.util.component.AbstractLifeCycle -- stopping ManagedSelector@14e0c91{STARTED} id=3 keys=0 selected=0 updates=0
18:14:48.795 [Executing testNonAdminWithCredentialsView(org.conjur.jenkins.credentials.ConjurCredentialStoreTest)] DEBUG org.eclipse.jetty.io.ManagedSelector -- Queued change lazy=false org.eclipse.jetty.io.ManagedSelector$CloseConnections@104cddaf on ManagedSelector@14e0c91{STOPPING} id=3 keys=0 selected=0 updates=0
18:14:48.795 [Executing testNonAdminWithCredentialsView(org.conjur.jenkins.credentials.ConjurCredentialStoreTest)] DEBUG org.eclipse.jetty.io.ManagedSelector -- Wakeup on submit ManagedSelector@14e0c91{STOPPING} id=3 keys=0 selected=0 updates=1
18:14:48.795 [Jetty (JenkinsRule)-173] DEBUG org.eclipse.jetty.io.ManagedSelector -- Selector sun.nio.ch.KQueueSelectorImpl@7a874080 woken with none selected
18:14:48.795 [Jetty (JenkinsRule)-173] DEBUG org.eclipse.jetty.io.ManagedSelector -- Selector sun.nio.ch.KQueueSelectorImpl@7a874080 woken up from select, 0/0/0 selected
18:14:48.795 [Jetty (JenkinsRule)-173] DEBUG org.eclipse.jetty.io.ManagedSelector -- Selector sun.nio.ch.KQueueSelectorImpl@7a874080 processing 0 keys, 1 updates
18:14:48.795 [Jetty (JenkinsRule)-173] DEBUG org.eclipse.jetty.io.ManagedSelector -- updateable 1
18:14:48.795 [Jetty (JenkinsRule)-173] DEBUG org.eclipse.jetty.io.ManagedSelector -- update org.eclipse.jetty.io.ManagedSelector$CloseConnections@104cddaf
18:14:48.795 [Jetty (JenkinsRule)-173] DEBUG org.eclipse.jetty.io.ManagedSelector -- Closing 0 connections on ManagedSelector@14e0c91{STOPPING} id=3 keys=0 selected=0 updates=0
18:14:48.795 [Jetty (JenkinsRule)-173] DEBUG org.eclipse.jetty.io.ManagedSelector -- updates 0
18:14:48.795 [Jetty (JenkinsRule)-173] DEBUG org.eclipse.jetty.io.ManagedSelector -- Selector sun.nio.ch.KQueueSelectorImpl@7a874080 waiting with 0 keys
18:14:48.795 [Executing testNonAdminWithCredentialsView(org.conjur.jenkins.credentials.ConjurCredentialStoreTest)] DEBUG org.eclipse.jetty.io.ManagedSelector -- Queued change lazy=false org.eclipse.jetty.io.ManagedSelector$StopSelector@56770b36 on ManagedSelector@14e0c91{STOPPING} id=3 keys=0 selected=0 updates=0
18:14:48.795 [Executing testNonAdminWithCredentialsView(org.conjur.jenkins.credentials.ConjurCredentialStoreTest)] DEBUG org.eclipse.jetty.io.ManagedSelector -- Wakeup on submit ManagedSelector@14e0c91{STOPPING} id=3 keys=0 selected=0 updates=1
18:14:48.795 [Jetty (JenkinsRule)-173] DEBUG org.eclipse.jetty.io.ManagedSelector -- Selector sun.nio.ch.KQueueSelectorImpl@7a874080 woken with none selected
18:14:48.795 [Jetty (JenkinsRule)-173] DEBUG org.eclipse.jetty.io.ManagedSelector -- Selector sun.nio.ch.KQueueSelectorImpl@7a874080 woken up from select, 0/0/0 selected
18:14:48.795 [Jetty (JenkinsRule)-173] DEBUG org.eclipse.jetty.io.ManagedSelector -- Selector sun.nio.ch.KQueueSelectorImpl@7a874080 processing 0 keys, 1 updates
18:14:48.795 [Jetty (JenkinsRule)-173] DEBUG org.eclipse.jetty.io.ManagedSelector -- updateable 1
18:14:48.795 [Jetty (JenkinsRule)-173] DEBUG org.eclipse.jetty.io.ManagedSelector -- update org.eclipse.jetty.io.ManagedSelector$StopSelector@56770b36
18:14:48.795 [Jetty (JenkinsRule)-173] DEBUG org.eclipse.jetty.io.ManagedSelector -- updates 0
18:14:48.795 [Jetty (JenkinsRule)-173] DEBUG org.eclipse.jetty.util.thread.QueuedThreadPool -- ran org.eclipse.jetty.io.ManagedSelector$$Lambda$424/0x00000001403801f8@5efa5ef1 in QueuedThreadPool[Jetty (JenkinsRule)]@18d88ad7{STARTED,8<=10<=200,i=6,r=-1,q=0}[ReservedThreadExecutor@495915ee{reserved=0/16,pending=0}]
18:14:48.795 [Executing testNonAdminWithCredentialsView(org.conjur.jenkins.credentials.ConjurCredentialStoreTest)] DEBUG org.eclipse.jetty.util.component.AbstractLifeCycle -- stopping EatWhatYouKill@393fcdb6/SelectorProducer@422c08bb/IDLE/p=false/QueuedThreadPool[Jetty (JenkinsRule)]@18d88ad7{STARTED,8<=10<=200,i=6,r=-1,q=0}[ReservedThreadExecutor@495915ee{reserved=0/16,pending=0}][pc=0,pic=0,pec=0,epc=0]@2024-10-22T18:14:48.795775+05:30
18:14:48.795 [Executing testNonAdminWithCredentialsView(org.conjur.jenkins.credentials.ConjurCredentialStoreTest)] DEBUG org.eclipse.jetty.util.component.AbstractLifeCycle -- STOPPED EatWhatYouKill@393fcdb6/SelectorProducer@422c08bb/IDLE/p=false/QueuedThreadPool[Jetty (JenkinsRule)]@18d88ad7{STARTED,8<=10<=200,i=7,r=-1,q=0}[ReservedThreadExecutor@495915ee{reserved=0/16,pending=0}][pc=0,pic=0,pec=0,epc=0]@2024-10-22T18:14:48.79591+05:30
18:14:48.795 [Executing testNonAdminWithCredentialsView(org.conjur.jenkins.credentials.ConjurCredentialStoreTest)] DEBUG org.eclipse.jetty.util.component.AbstractLifeCycle -- STOPPED ManagedSelector@14e0c91{STOPPED} id=3 keys=-1 selected=-1 updates=0
18:14:48.795 [Executing testNonAdminWithCredentialsView(org.conjur.jenkins.credentials.ConjurCredentialStoreTest)] DEBUG org.eclipse.jetty.util.component.AbstractLifeCycle -- stopping ManagedSelector@61811b21{STARTED} id=2 keys=0 selected=0 updates=0
18:14:48.796 [Executing testNonAdminWithCredentialsView(org.conjur.jenkins.credentials.ConjurCredentialStoreTest)] DEBUG org.eclipse.jetty.io.ManagedSelector -- Queued change lazy=false org.eclipse.jetty.io.ManagedSelector$CloseConnections@6a0d2e28 on ManagedSelector@61811b21{STOPPING} id=2 keys=0 selected=0 updates=0
18:14:48.796 [Executing testNonAdminWithCredentialsView(org.conjur.jenkins.credentials.ConjurCredentialStoreTest)] DEBUG org.eclipse.jetty.io.ManagedSelector -- Wakeup on submit ManagedSelector@61811b21{STOPPING} id=2 keys=0 selected=0 updates=1
18:14:48.796 [Jetty (JenkinsRule)-172] DEBUG org.eclipse.jetty.io.ManagedSelector -- Selector sun.nio.ch.KQueueSelectorImpl@2b4905f2 woken with none selected
18:14:48.796 [Jetty (JenkinsRule)-172] DEBUG org.eclipse.jetty.io.ManagedSelector -- Selector sun.nio.ch.KQueueSelectorImpl@2b4905f2 woken up from select, 0/0/0 selected
18:14:48.796 [Jetty (JenkinsRule)-172] DEBUG org.eclipse.jetty.io.ManagedSelector -- Selector sun.nio.ch.KQueueSelectorImpl@2b4905f2 processing 0 keys, 1 updates
18:14:48.796 [Jetty (JenkinsRule)-172] DEBUG org.eclipse.jetty.io.ManagedSelector -- updateable 1
18:14:48.796 [Jetty (JenkinsRule)-172] DEBUG org.eclipse.jetty.io.ManagedSelector -- update org.eclipse.jetty.io.ManagedSelector$CloseConnections@6a0d2e28
18:14:48.796 [Jetty (JenkinsRule)-172] DEBUG org.eclipse.jetty.io.ManagedSelector -- Closing 0 connections on ManagedSelector@61811b21{STOPPING} id=2 keys=0 selected=0 updates=0
18:14:48.796 [Jetty (JenkinsRule)-172] DEBUG org.eclipse.jetty.io.ManagedSelector -- updates 0
18:14:48.796 [Jetty (JenkinsRule)-172] DEBUG org.eclipse.jetty.io.ManagedSelector -- Selector sun.nio.ch.KQueueSelectorImpl@2b4905f2 waiting with 0 keys
18:14:48.796 [Executing testNonAdminWithCredentialsView(org.conjur.jenkins.credentials.ConjurCredentialStoreTest)] DEBUG org.eclipse.jetty.io.ManagedSelector -- Queued change lazy=false org.eclipse.jetty.io.ManagedSelector$StopSelector@156c64a2 on ManagedSelector@61811b21{STOPPING} id=2 keys=0 selected=0 updates=0
18:14:48.796 [Executing testNonAdminWithCredentialsView(org.conjur.jenkins.credentials.ConjurCredentialStoreTest)] DEBUG org.eclipse.jetty.io.ManagedSelector -- Wakeup on submit ManagedSelector@61811b21{STOPPING} id=2 keys=0 selected=0 updates=1
18:14:48.796 [Jetty (JenkinsRule)-172] DEBUG org.eclipse.jetty.io.ManagedSelector -- Selector sun.nio.ch.KQueueSelectorImpl@2b4905f2 woken with none selected
18:14:48.796 [Jetty (JenkinsRule)-172] DEBUG org.eclipse.jetty.io.ManagedSelector -- Selector sun.nio.ch.KQueueSelectorImpl@2b4905f2 woken up from select, 0/0/0 selected
18:14:48.796 [Jetty (JenkinsRule)-172] DEBUG org.eclipse.jetty.io.ManagedSelector -- Selector sun.nio.ch.KQueueSelectorImpl@2b4905f2 processing 0 keys, 1 updates
18:14:48.796 [Jetty (JenkinsRule)-172] DEBUG org.eclipse.jetty.io.ManagedSelector -- updateable 1
18:14:48.796 [Jetty (JenkinsRule)-172] DEBUG org.eclipse.jetty.io.ManagedSelector -- update org.eclipse.jetty.io.ManagedSelector$StopSelector@156c64a2
18:14:48.796 [Jetty (JenkinsRule)-172] DEBUG org.eclipse.jetty.io.ManagedSelector -- updates 0
18:14:48.796 [Jetty (JenkinsRule)-172] DEBUG org.eclipse.jetty.util.thread.QueuedThreadPool -- ran org.eclipse.jetty.io.ManagedSelector$$Lambda$424/0x00000001403801f8@23710cc9 in QueuedThreadPool[Jetty (JenkinsRule)]@18d88ad7{STARTED,8<=10<=200,i=7,r=-1,q=0}[ReservedThreadExecutor@495915ee{reserved=0/16,pending=0}]
18:14:48.796 [Executing testNonAdminWithCredentialsView(org.conjur.jenkins.credentials.ConjurCredentialStoreTest)] DEBUG org.eclipse.jetty.util.component.AbstractLifeCycle -- stopping EatWhatYouKill@3ab82a00/SelectorProducer@3acf2dd2/IDLE/p=false/QueuedThreadPool[Jetty (JenkinsRule)]@18d88ad7{STARTED,8<=10<=200,i=7,r=-1,q=0}[ReservedThreadExecutor@495915ee{reserved=0/16,pending=0}][pc=0,pic=0,pec=0,epc=0]@2024-10-22T18:14:48.79662+05:30
18:14:48.796 [Executing testNonAdminWithCredentialsView(org.conjur.jenkins.credentials.ConjurCredentialStoreTest)] DEBUG org.eclipse.jetty.util.component.AbstractLifeCycle -- STOPPED EatWhatYouKill@3ab82a00/SelectorProducer@3acf2dd2/IDLE/p=false/QueuedThreadPool[Jetty (JenkinsRule)]@18d88ad7{STARTED,8<=10<=200,i=8,r=-1,q=0}[ReservedThreadExecutor@495915ee{reserved=0/16,pending=0}][pc=0,pic=0,pec=0,epc=0]@2024-10-22T18:14:48.796741+05:30
18:14:48.796 [Executing testNonAdminWithCredentialsView(org.conjur.jenkins.credentials.ConjurCredentialStoreTest)] DEBUG org.eclipse.jetty.util.component.AbstractLifeCycle -- STOPPED ManagedSelector@61811b21{STOPPED} id=2 keys=-1 selected=-1 updates=0
18:14:48.796 [Executing testNonAdminWithCredentialsView(org.conjur.jenkins.credentials.ConjurCredentialStoreTest)] DEBUG org.eclipse.jetty.util.component.AbstractLifeCycle -- stopping ManagedSelector@6fc6f40b{STARTED} id=1 keys=0 selected=0 updates=0
18:14:48.796 [Executing testNonAdminWithCredentialsView(org.conjur.jenkins.credentials.ConjurCredentialStoreTest)] DEBUG org.eclipse.jetty.io.ManagedSelector -- Queued change lazy=false org.eclipse.jetty.io.ManagedSelector$CloseConnections@633b6205 on ManagedSelector@6fc6f40b{STOPPING} id=1 keys=0 selected=0 updates=0
18:14:48.796 [Executing testNonAdminWithCredentialsView(org.conjur.jenkins.credentials.ConjurCredentialStoreTest)] DEBUG org.eclipse.jetty.io.ManagedSelector -- Wakeup on submit ManagedSelector@6fc6f40b{STOPPING} id=1 keys=0 selected=0 updates=1
18:14:48.796 [Jetty (JenkinsRule)-171] DEBUG org.eclipse.jetty.io.ManagedSelector -- Selector sun.nio.ch.KQueueSelectorImpl@660cbe8d woken with none selected
18:14:48.796 [Jetty (JenkinsRule)-171] DEBUG org.eclipse.jetty.io.ManagedSelector -- Selector sun.nio.ch.KQueueSelectorImpl@660cbe8d woken up from select, 0/0/0 selected
18:14:48.796 [Jetty (JenkinsRule)-171] DEBUG org.eclipse.jetty.io.ManagedSelector -- Selector sun.nio.ch.KQueueSelectorImpl@660cbe8d processing 0 keys, 1 updates
18:14:48.797 [Jetty (JenkinsRule)-171] DEBUG org.eclipse.jetty.io.ManagedSelector -- updateable 1
18:14:48.797 [Jetty (JenkinsRule)-171] DEBUG org.eclipse.jetty.io.ManagedSelector -- update org.eclipse.jetty.io.ManagedSelector$CloseConnections@633b6205
18:14:48.797 [Jetty (JenkinsRule)-171] DEBUG org.eclipse.jetty.io.ManagedSelector -- Closing 0 connections on ManagedSelector@6fc6f40b{STOPPING} id=1 keys=0 selected=0 updates=0
18:14:48.797 [Jetty (JenkinsRule)-171] DEBUG org.eclipse.jetty.io.ManagedSelector -- updates 0
18:14:48.797 [Jetty (JenkinsRule)-171] DEBUG org.eclipse.jetty.io.ManagedSelector -- Selector sun.nio.ch.KQueueSelectorImpl@660cbe8d waiting with 0 keys
18:14:48.797 [Executing testNonAdminWithCredentialsView(org.conjur.jenkins.credentials.ConjurCredentialStoreTest)] DEBUG org.eclipse.jetty.io.ManagedSelector -- Queued change lazy=false org.eclipse.jetty.io.ManagedSelector$StopSelector@d7bebef on ManagedSelector@6fc6f40b{STOPPING} id=1 keys=0 selected=0 updates=0
18:14:48.797 [Executing testNonAdminWithCredentialsView(org.conjur.jenkins.credentials.ConjurCredentialStoreTest)] DEBUG org.eclipse.jetty.io.ManagedSelector -- Wakeup on submit ManagedSelector@6fc6f40b{STOPPING} id=1 keys=0 selected=0 updates=1
18:14:48.797 [Jetty (JenkinsRule)-171] DEBUG org.eclipse.jetty.io.ManagedSelector -- Selector sun.nio.ch.KQueueSelectorImpl@660cbe8d woken with none selected
18:14:48.797 [Jetty (JenkinsRule)-171] DEBUG org.eclipse.jetty.io.ManagedSelector -- Selector sun.nio.ch.KQueueSelectorImpl@660cbe8d woken up from select, 0/0/0 selected
18:14:48.797 [Jetty (JenkinsRule)-171] DEBUG org.eclipse.jetty.io.ManagedSelector -- Selector sun.nio.ch.KQueueSelectorImpl@660cbe8d processing 0 keys, 1 updates
18:14:48.797 [Jetty (JenkinsRule)-171] DEBUG org.eclipse.jetty.io.ManagedSelector -- updateable 1
18:14:48.797 [Jetty (JenkinsRule)-171] DEBUG org.eclipse.jetty.io.ManagedSelector -- update org.eclipse.jetty.io.ManagedSelector$StopSelector@d7bebef
18:14:48.797 [Jetty (JenkinsRule)-171] DEBUG org.eclipse.jetty.io.ManagedSelector -- updates 0
18:14:48.797 [Executing testNonAdminWithCredentialsView(org.conjur.jenkins.credentials.ConjurCredentialStoreTest)] DEBUG org.eclipse.jetty.util.component.AbstractLifeCycle -- stopping EatWhatYouKill@63cc6772/SelectorProducer@5531c49e/PRODUCING/p=false/QueuedThreadPool[Jetty (JenkinsRule)]@18d88ad7{STARTED,8<=10<=200,i=8,r=-1,q=0}[ReservedThreadExecutor@495915ee{reserved=0/16,pending=0}][pc=0,pic=0,pec=0,epc=0]@2024-10-22T18:14:48.797441+05:30
18:14:48.797 [Jetty (JenkinsRule)-171] DEBUG org.eclipse.jetty.util.thread.QueuedThreadPool -- ran org.eclipse.jetty.io.ManagedSelector$$Lambda$424/0x00000001403801f8@64196bcf in QueuedThreadPool[Jetty (JenkinsRule)]@18d88ad7{STARTED,8<=10<=200,i=8,r=-1,q=0}[ReservedThreadExecutor@495915ee{reserved=0/16,pending=0}]
18:14:48.797 [Executing testNonAdminWithCredentialsView(org.conjur.jenkins.credentials.ConjurCredentialStoreTest)] DEBUG org.eclipse.jetty.util.component.AbstractLifeCycle -- STOPPED EatWhatYouKill@63cc6772/SelectorProducer@5531c49e/IDLE/p=false/QueuedThreadPool[Jetty (JenkinsRule)]@18d88ad7{STARTED,8<=10<=200,i=8,r=-1,q=0}[ReservedThreadExecutor@495915ee{reserved=0/16,pending=0}][pc=0,pic=0,pec=0,epc=0]@2024-10-22T18:14:48.797534+05:30
18:14:48.797 [Executing testNonAdminWithCredentialsView(org.conjur.jenkins.credentials.ConjurCredentialStoreTest)] DEBUG org.eclipse.jetty.util.component.AbstractLifeCycle -- STOPPED ManagedSelector@6fc6f40b{STOPPED} id=1 keys=-1 selected=-1 updates=0
18:14:48.797 [Executing testNonAdminWithCredentialsView(org.conjur.jenkins.credentials.ConjurCredentialStoreTest)] DEBUG org.eclipse.jetty.util.component.AbstractLifeCycle -- stopping ManagedSelector@282fb09b{STARTED} id=0 keys=0 selected=0 updates=0
18:14:48.797 [Executing testNonAdminWithCredentialsView(org.conjur.jenkins.credentials.ConjurCredentialStoreTest)] DEBUG org.eclipse.jetty.io.ManagedSelector -- Queued change lazy=false org.eclipse.jetty.io.ManagedSelector$CloseConnections@e04e806 on ManagedSelector@282fb09b{STOPPING} id=0 keys=0 selected=0 updates=0
18:14:48.797 [Executing testNonAdminWithCredentialsView(org.conjur.jenkins.credentials.ConjurCredentialStoreTest)] DEBUG org.eclipse.jetty.io.ManagedSelector -- Wakeup on submit ManagedSelector@282fb09b{STOPPING} id=0 keys=0 selected=0 updates=1
18:14:48.797 [Jetty (JenkinsRule)-170] DEBUG org.eclipse.jetty.io.ManagedSelector -- Selector sun.nio.ch.KQueueSelectorImpl@32731bc5 woken with none selected
18:14:48.797 [Jetty (JenkinsRule)-170] DEBUG org.eclipse.jetty.io.ManagedSelector -- Selector sun.nio.ch.KQueueSelectorImpl@32731bc5 woken up from select, 0/0/0 selected
18:14:48.797 [Jetty (JenkinsRule)-170] DEBUG org.eclipse.jetty.io.ManagedSelector -- Selector sun.nio.ch.KQueueSelectorImpl@32731bc5 processing 0 keys, 1 updates
18:14:48.797 [Jetty (JenkinsRule)-170] DEBUG org.eclipse.jetty.io.ManagedSelector -- updateable 1
18:14:48.797 [Jetty (JenkinsRule)-170] DEBUG org.eclipse.jetty.io.ManagedSelector -- update org.eclipse.jetty.io.ManagedSelector$CloseConnections@e04e806
18:14:48.797 [Jetty (JenkinsRule)-170] DEBUG org.eclipse.jetty.io.ManagedSelector -- Closing 0 connections on ManagedSelector@282fb09b{STOPPING} id=0 keys=0 selected=0 updates=0
18:14:48.797 [Jetty (JenkinsRule)-170] DEBUG org.eclipse.jetty.io.ManagedSelector -- updates 0
18:14:48.797 [Jetty (JenkinsRule)-170] DEBUG org.eclipse.jetty.io.ManagedSelector -- Selector sun.nio.ch.KQueueSelectorImpl@32731bc5 waiting with 0 keys
18:14:48.797 [Executing testNonAdminWithCredentialsView(org.conjur.jenkins.credentials.ConjurCredentialStoreTest)] DEBUG org.eclipse.jetty.io.ManagedSelector -- Queued change lazy=false org.eclipse.jetty.io.ManagedSelector$StopSelector@783bc410 on ManagedSelector@282fb09b{STOPPING} id=0 keys=0 selected=0 updates=0
18:14:48.798 [Executing testNonAdminWithCredentialsView(org.conjur.jenkins.credentials.ConjurCredentialStoreTest)] DEBUG org.eclipse.jetty.io.ManagedSelector -- Wakeup on submit ManagedSelector@282fb09b{STOPPING} id=0 keys=0 selected=0 updates=1
18:14:48.798 [Jetty (JenkinsRule)-170] DEBUG org.eclipse.jetty.io.ManagedSelector -- Selector sun.nio.ch.KQueueSelectorImpl@32731bc5 woken with none selected
18:14:48.798 [Jetty (JenkinsRule)-170] DEBUG org.eclipse.jetty.io.ManagedSelector -- Selector sun.nio.ch.KQueueSelectorImpl@32731bc5 woken up from select, 0/0/0 selected
18:14:48.798 [Jetty (JenkinsRule)-170] DEBUG org.eclipse.jetty.io.ManagedSelector -- Selector sun.nio.ch.KQueueSelectorImpl@32731bc5 processing 0 keys, 1 updates
18:14:48.798 [Jetty (JenkinsRule)-170] DEBUG org.eclipse.jetty.io.ManagedSelector -- updateable 1
18:14:48.798 [Jetty (JenkinsRule)-170] DEBUG org.eclipse.jetty.io.ManagedSelector -- update org.eclipse.jetty.io.ManagedSelector$StopSelector@783bc410
18:14:48.798 [Jetty (JenkinsRule)-170] DEBUG org.eclipse.jetty.io.ManagedSelector -- updates 0
18:14:48.798 [Jetty (JenkinsRule)-170] DEBUG org.eclipse.jetty.util.thread.QueuedThreadPool -- ran org.eclipse.jetty.io.ManagedSelector$$Lambda$424/0x00000001403801f8@4789d224 in QueuedThreadPool[Jetty (JenkinsRule)]@18d88ad7{STARTED,8<=10<=200,i=9,r=-1,q=0}[ReservedThreadExecutor@495915ee{reserved=0/16,pending=0}]
18:14:48.798 [Executing testNonAdminWithCredentialsView(org.conjur.jenkins.credentials.ConjurCredentialStoreTest)] DEBUG org.eclipse.jetty.util.component.AbstractLifeCycle -- stopping EatWhatYouKill@552c7ce1/SelectorProducer@20f347d4/IDLE/p=false/QueuedThreadPool[Jetty (JenkinsRule)]@18d88ad7{STARTED,8<=10<=200,i=9,r=-1,q=0}[ReservedThreadExecutor@495915ee{reserved=0/16,pending=0}][pc=0,pic=0,pec=0,epc=0]@2024-10-22T18:14:48.798283+05:30
18:14:48.798 [Executing testNonAdminWithCredentialsView(org.conjur.jenkins.credentials.ConjurCredentialStoreTest)] DEBUG org.eclipse.jetty.util.component.AbstractLifeCycle -- STOPPED EatWhatYouKill@552c7ce1/SelectorProducer@20f347d4/IDLE/p=false/QueuedThreadPool[Jetty (JenkinsRule)]@18d88ad7{STARTED,8<=10<=200,i=10,r=-1,q=0}[ReservedThreadExecutor@495915ee{reserved=0/16,pending=0}][pc=0,pic=0,pec=0,epc=0]@2024-10-22T18:14:48.798365+05:30
18:14:48.798 [Executing testNonAdminWithCredentialsView(org.conjur.jenkins.credentials.ConjurCredentialStoreTest)] DEBUG org.eclipse.jetty.util.component.AbstractLifeCycle -- STOPPED ManagedSelector@282fb09b{STOPPED} id=0 keys=-1 selected=-1 updates=0
18:14:48.798 [Executing testNonAdminWithCredentialsView(org.conjur.jenkins.credentials.ConjurCredentialStoreTest)] DEBUG org.eclipse.jetty.util.component.AbstractLifeCycle -- STOPPED SelectorManager@ServerConnector@8ea59b3{HTTP/1.1, (http/1.1)}{localhost:0}
18:14:48.798 [Executing testNonAdminWithCredentialsView(org.conjur.jenkins.credentials.ConjurCredentialStoreTest)] DEBUG org.eclipse.jetty.util.component.AbstractLifeCycle -- stopping HttpConnectionFactory@3f13d4ea[HTTP/1.1]
18:14:48.798 [Executing testNonAdminWithCredentialsView(org.conjur.jenkins.credentials.ConjurCredentialStoreTest)] DEBUG org.eclipse.jetty.util.component.AbstractLifeCycle -- STOPPED HttpConnectionFactory@3f13d4ea[HTTP/1.1]
18:14:48.798 [Executing testNonAdminWithCredentialsView(org.conjur.jenkins.credentials.ConjurCredentialStoreTest)] DEBUG org.eclipse.jetty.util.component.AbstractLifeCycle -- stopping ScheduledExecutorScheduler@2a03fa16{STARTED}
18:14:48.798 [Executing testNonAdminWithCredentialsView(org.conjur.jenkins.credentials.ConjurCredentialStoreTest)] DEBUG org.eclipse.jetty.util.component.AbstractLifeCycle -- STOPPED ScheduledExecutorScheduler@2a03fa16{STOPPED}
18:14:48.798 [Executing testNonAdminWithCredentialsView(org.conjur.jenkins.credentials.ConjurCredentialStoreTest)] INFO org.eclipse.jetty.server.AbstractConnector -- Stopped ServerConnector@8ea59b3{HTTP/1.1, (http/1.1)}{localhost:0}
18:14:48.798 [Executing testNonAdminWithCredentialsView(org.conjur.jenkins.credentials.ConjurCredentialStoreTest)] DEBUG org.eclipse.jetty.util.component.AbstractLifeCycle -- STOPPED ServerConnector@8ea59b3{HTTP/1.1, (http/1.1)}{localhost:0}
18:14:48.798 [Executing testNonAdminWithCredentialsView(org.conjur.jenkins.credentials.ConjurCredentialStoreTest)] DEBUG org.eclipse.jetty.server.handler.AbstractHandler -- stopping Server@59e580ec{STOPPING}[9.4.48.v20220622]
18:14:48.798 [Executing testNonAdminWithCredentialsView(org.conjur.jenkins.credentials.ConjurCredentialStoreTest)] DEBUG org.eclipse.jetty.util.component.AbstractLifeCycle -- stopping DefaultSessionIdManager@10152c53{STARTED}[worker=node0]
18:14:48.798 [Executing testNonAdminWithCredentialsView(org.conjur.jenkins.credentials.ConjurCredentialStoreTest)] DEBUG org.eclipse.jetty.util.component.AbstractLifeCycle -- stopping HouseKeeper@1e378c44{STARTED}[interval=660000, ownscheduler=true]
18:14:48.798 [Executing testNonAdminWithCredentialsView(org.conjur.jenkins.credentials.ConjurCredentialStoreTest)] INFO org.eclipse.jetty.server.session -- node0 Stopped scavenging
18:14:48.798 [Executing testNonAdminWithCredentialsView(org.conjur.jenkins.credentials.ConjurCredentialStoreTest)] DEBUG org.eclipse.jetty.util.component.AbstractLifeCycle -- stopping ScheduledExecutorScheduler@7c7be6ff{STARTED}
18:14:48.798 [Executing testNonAdminWithCredentialsView(org.conjur.jenkins.credentials.ConjurCredentialStoreTest)] DEBUG org.eclipse.jetty.util.component.AbstractLifeCycle -- STOPPED ScheduledExecutorScheduler@7c7be6ff{STOPPED}
18:14:48.798 [Executing testNonAdminWithCredentialsView(org.conjur.jenkins.credentials.ConjurCredentialStoreTest)] DEBUG org.eclipse.jetty.util.component.AbstractLifeCycle -- STOPPED HouseKeeper@1e378c44{STOPPED}[interval=660000, ownscheduler=false]
18:14:48.798 [Executing testNonAdminWithCredentialsView(org.conjur.jenkins.credentials.ConjurCredentialStoreTest)] DEBUG org.eclipse.jetty.util.component.AbstractLifeCycle -- STOPPED DefaultSessionIdManager@10152c53{STOPPED}[worker=node0]
18:14:48.798 [Executing testNonAdminWithCredentialsView(org.conjur.jenkins.credentials.ConjurCredentialStoreTest)] DEBUG org.eclipse.jetty.util.component.AbstractLifeCycle -- stopping ErrorHandler@13a4e1e8{STARTED}
18:14:48.798 [Executing testNonAdminWithCredentialsView(org.conjur.jenkins.credentials.ConjurCredentialStoreTest)] DEBUG org.eclipse.jetty.server.handler.AbstractHandler -- stopping ErrorHandler@13a4e1e8{STOPPING}
18:14:48.799 [Executing testNonAdminWithCredentialsView(org.conjur.jenkins.credentials.ConjurCredentialStoreTest)] DEBUG org.eclipse.jetty.util.component.AbstractLifeCycle -- STOPPED ErrorHandler@13a4e1e8{STOPPED}
18:14:48.799 [Executing testNonAdminWithCredentialsView(org.conjur.jenkins.credentials.ConjurCredentialStoreTest)] DEBUG org.eclipse.jetty.util.component.AbstractLifeCycle -- stopping o.e.j.w.WebAppContext@34a461e2{Jenkins v2.346.3,/jenkins,file:///Users/sameer.shaik/MyWorkSpace/17OctV2.2.3-New-BitBucketIssueFixed/conjur-credentials-plugin/target/jenkins-for-test/,SHUTDOWN}{/Users/sameer.shaik/MyWorkSpace/17OctV2.2.3-New-BitBucketIssueFixed/conjur-credentials-plugin/target/jenkins-for-test}
18:14:48.799 [Executing testNonAdminWithCredentialsView(org.conjur.jenkins.credentials.ConjurCredentialStoreTest)] DEBUG org.eclipse.jetty.server.handler.AbstractHandlerContainer -- Graceful shutdown o.e.j.w.WebAppContext@34a461e2{Jenkins v2.346.3,/jenkins,file:///Users/sameer.shaik/MyWorkSpace/17OctV2.2.3-New-BitBucketIssueFixed/conjur-credentials-plugin/target/jenkins-for-test/,SHUTDOWN}{/Users/sameer.shaik/MyWorkSpace/17OctV2.2.3-New-BitBucketIssueFixed/conjur-credentials-plugin/target/jenkins-for-test} by 
18:14:48.799 [Executing testNonAdminWithCredentialsView(org.conjur.jenkins.credentials.ConjurCredentialStoreTest)] DEBUG org.eclipse.jetty.server.handler.AbstractHandler -- stopping o.e.j.w.WebAppContext@34a461e2{Jenkins v2.346.3,/jenkins,file:///Users/sameer.shaik/MyWorkSpace/17OctV2.2.3-New-BitBucketIssueFixed/conjur-credentials-plugin/target/jenkins-for-test/,STOPPED}{/Users/sameer.shaik/MyWorkSpace/17OctV2.2.3-New-BitBucketIssueFixed/conjur-credentials-plugin/target/jenkins-for-test}
18:14:48.799 [Executing testNonAdminWithCredentialsView(org.conjur.jenkins.credentials.ConjurCredentialStoreTest)] DEBUG org.eclipse.jetty.util.component.AbstractLifeCycle -- stopping NoListenerConfiguration@2679b98b{STARTED}
18:14:48.799 [Executing testNonAdminWithCredentialsView(org.conjur.jenkins.credentials.ConjurCredentialStoreTest)] DEBUG org.eclipse.jetty.util.component.AbstractLifeCycle -- STOPPED NoListenerConfiguration@2679b98b{STOPPED}
18:14:48.799 [Executing testNonAdminWithCredentialsView(org.conjur.jenkins.credentials.ConjurCredentialStoreTest)] DEBUG org.eclipse.jetty.util.component.AbstractLifeCycle -- stopping ErrorPageErrorHandler@3d8422d8{STARTED}
18:14:48.799 [Executing testNonAdminWithCredentialsView(org.conjur.jenkins.credentials.ConjurCredentialStoreTest)] DEBUG org.eclipse.jetty.server.handler.AbstractHandler -- stopping ErrorPageErrorHandler@3d8422d8{STOPPING}
18:14:48.799 [Executing testNonAdminWithCredentialsView(org.conjur.jenkins.credentials.ConjurCredentialStoreTest)] DEBUG org.eclipse.jetty.util.component.AbstractLifeCycle -- STOPPED ErrorPageErrorHandler@3d8422d8{STOPPED}
18:14:48.799 [Executing testNonAdminWithCredentialsView(org.conjur.jenkins.credentials.ConjurCredentialStoreTest)] DEBUG org.eclipse.jetty.util.component.AbstractLifeCycle -- stopping org.eclipse.jetty.server.session.SessionHandler969572259==dftMaxIdleSec=1800
18:14:48.799 [Executing testNonAdminWithCredentialsView(org.conjur.jenkins.credentials.ConjurCredentialStoreTest)] DEBUG org.eclipse.jetty.server.session -- Shutdown sessions, invalidating = false
18:14:48.799 [Executing testNonAdminWithCredentialsView(org.conjur.jenkins.credentials.ConjurCredentialStoreTest)] DEBUG org.eclipse.jetty.util.component.AbstractLifeCycle -- stopping org.eclipse.jetty.server.session.DefaultSessionCache@5a17072a[evict=-1,removeUnloadable=false,saveOnCreate=false,saveOnInactiveEvict=false]
18:14:48.799 [Executing testNonAdminWithCredentialsView(org.conjur.jenkins.credentials.ConjurCredentialStoreTest)] DEBUG org.eclipse.jetty.util.component.AbstractLifeCycle -- stopping org.eclipse.jetty.server.session.NullSessionDataStore@4c33b10a[passivating=false,graceSec=3600]
18:14:48.799 [Executing testNonAdminWithCredentialsView(org.conjur.jenkins.credentials.ConjurCredentialStoreTest)] DEBUG org.eclipse.jetty.util.component.AbstractLifeCycle -- STOPPED org.eclipse.jetty.server.session.NullSessionDataStore@4c33b10a[passivating=false,graceSec=3600]
18:14:48.799 [Executing testNonAdminWithCredentialsView(org.conjur.jenkins.credentials.ConjurCredentialStoreTest)] DEBUG org.eclipse.jetty.util.component.AbstractLifeCycle -- STOPPED org.eclipse.jetty.server.session.DefaultSessionCache@5a17072a[evict=-1,removeUnloadable=false,saveOnCreate=false,saveOnInactiveEvict=false]
18:14:48.799 [Executing testNonAdminWithCredentialsView(org.conjur.jenkins.credentials.ConjurCredentialStoreTest)] DEBUG org.eclipse.jetty.util.component.AbstractLifeCycle -- stopping ScheduledExecutorScheduler@14df65de{STARTED}
18:14:48.799 [Executing testNonAdminWithCredentialsView(org.conjur.jenkins.credentials.ConjurCredentialStoreTest)] DEBUG org.eclipse.jetty.util.component.AbstractLifeCycle -- STOPPED ScheduledExecutorScheduler@14df65de{STOPPED}
18:14:48.799 [Executing testNonAdminWithCredentialsView(org.conjur.jenkins.credentials.ConjurCredentialStoreTest)] DEBUG org.eclipse.jetty.server.handler.AbstractHandler -- stopping org.eclipse.jetty.server.session.SessionHandler969572259==dftMaxIdleSec=1800
18:14:48.799 [Executing testNonAdminWithCredentialsView(org.conjur.jenkins.credentials.ConjurCredentialStoreTest)] DEBUG org.eclipse.jetty.util.component.AbstractLifeCycle -- stopping ConstraintSecurityHandler@2e76a209{STARTED}
18:14:48.799 [Executing testNonAdminWithCredentialsView(org.conjur.jenkins.credentials.ConjurCredentialStoreTest)] DEBUG org.eclipse.jetty.server.handler.AbstractHandler -- stopping ConstraintSecurityHandler@2e76a209{STOPPING}
18:14:48.799 [Executing testNonAdminWithCredentialsView(org.conjur.jenkins.credentials.ConjurCredentialStoreTest)] DEBUG org.eclipse.jetty.util.component.AbstractLifeCycle -- stopping HashLoginService@44e939a5[default]
18:14:48.799 [Executing testNonAdminWithCredentialsView(org.conjur.jenkins.credentials.ConjurCredentialStoreTest)] DEBUG org.eclipse.jetty.util.component.AbstractLifeCycle -- stopping UserStore@446584b8{STARTED}
18:14:48.799 [Executing testNonAdminWithCredentialsView(org.conjur.jenkins.credentials.ConjurCredentialStoreTest)] DEBUG org.eclipse.jetty.util.component.AbstractLifeCycle -- STOPPED UserStore@446584b8{STOPPED}
18:14:48.799 [Executing testNonAdminWithCredentialsView(org.conjur.jenkins.credentials.ConjurCredentialStoreTest)] DEBUG org.eclipse.jetty.util.component.AbstractLifeCycle -- STOPPED HashLoginService@44e939a5[default]
18:14:48.799 [Executing testNonAdminWithCredentialsView(org.conjur.jenkins.credentials.ConjurCredentialStoreTest)] DEBUG org.eclipse.jetty.util.component.AbstractLifeCycle -- stopping ServletHandler@57d968e7{STARTED}
18:14:48.799 [Executing testNonAdminWithCredentialsView(org.conjur.jenkins.credentials.ConjurCredentialStoreTest)] DEBUG org.eclipse.jetty.server.handler.AbstractHandler -- stopping ServletHandler@57d968e7{STOPPING}
18:14:48.799 [Executing testNonAdminWithCredentialsView(org.conjur.jenkins.credentials.ConjurCredentialStoreTest)] DEBUG org.eclipse.jetty.util.component.AbstractLifeCycle -- stopping plugins-filter==hudson.util.PluginServletFilter@74b6631{inst=true,async=true,src=DESCRIPTOR:file:///Users/sameer.shaik/MyWorkSpace/17OctV2.2.3-New-BitBucketIssueFixed/conjur-credentials-plugin/target/jenkins-for-test/WEB-INF/web.xml}
18:14:48.799 [Executing testNonAdminWithCredentialsView(org.conjur.jenkins.credentials.ConjurCredentialStoreTest)] DEBUG org.eclipse.jetty.util.component.AbstractLifeCycle -- STOPPED plugins-filter==hudson.util.PluginServletFilter@74b6631{inst=false,async=true,src=DESCRIPTOR:file:///Users/sameer.shaik/MyWorkSpace/17OctV2.2.3-New-BitBucketIssueFixed/conjur-credentials-plugin/target/jenkins-for-test/WEB-INF/web.xml}
18:14:48.799 [Executing testNonAdminWithCredentialsView(org.conjur.jenkins.credentials.ConjurCredentialStoreTest)] DEBUG org.eclipse.jetty.util.component.AbstractLifeCycle -- stopping csrf-filter==hudson.security.csrf.CrumbFilter@5909f77d{inst=true,async=true,src=DESCRIPTOR:file:///Users/sameer.shaik/MyWorkSpace/17OctV2.2.3-New-BitBucketIssueFixed/conjur-credentials-plugin/target/jenkins-for-test/WEB-INF/web.xml}
18:14:48.799 [Executing testNonAdminWithCredentialsView(org.conjur.jenkins.credentials.ConjurCredentialStoreTest)] DEBUG org.eclipse.jetty.util.component.AbstractLifeCycle -- STOPPED csrf-filter==hudson.security.csrf.CrumbFilter@5909f77d{inst=false,async=true,src=DESCRIPTOR:file:///Users/sameer.shaik/MyWorkSpace/17OctV2.2.3-New-BitBucketIssueFixed/conjur-credentials-plugin/target/jenkins-for-test/WEB-INF/web.xml}
18:14:48.799 [Executing testNonAdminWithCredentialsView(org.conjur.jenkins.credentials.ConjurCredentialStoreTest)] DEBUG org.eclipse.jetty.util.component.AbstractLifeCycle -- stopping authentication-filter==hudson.security.HudsonFilter@2c53dd57{inst=true,async=true,src=DESCRIPTOR:file:///Users/sameer.shaik/MyWorkSpace/17OctV2.2.3-New-BitBucketIssueFixed/conjur-credentials-plugin/target/jenkins-for-test/WEB-INF/web.xml}
18:14:48.800 [Executing testNonAdminWithCredentialsView(org.conjur.jenkins.credentials.ConjurCredentialStoreTest)] DEBUG org.eclipse.jetty.util.component.AbstractLifeCycle -- STOPPED authentication-filter==hudson.security.HudsonFilter@2c53dd57{inst=false,async=true,src=DESCRIPTOR:file:///Users/sameer.shaik/MyWorkSpace/17OctV2.2.3-New-BitBucketIssueFixed/conjur-credentials-plugin/target/jenkins-for-test/WEB-INF/web.xml}
18:14:48.800 [Executing testNonAdminWithCredentialsView(org.conjur.jenkins.credentials.ConjurCredentialStoreTest)] DEBUG org.eclipse.jetty.util.component.AbstractLifeCycle -- stopping compression-filter==org.kohsuke.stapler.compression.CompressionFilter@39bad04b{inst=true,async=true,src=DESCRIPTOR:file:///Users/sameer.shaik/MyWorkSpace/17OctV2.2.3-New-BitBucketIssueFixed/conjur-credentials-plugin/target/jenkins-for-test/WEB-INF/web.xml}
18:14:48.800 [Executing testNonAdminWithCredentialsView(org.conjur.jenkins.credentials.ConjurCredentialStoreTest)] DEBUG org.eclipse.jetty.util.component.AbstractLifeCycle -- STOPPED compression-filter==org.kohsuke.stapler.compression.CompressionFilter@39bad04b{inst=false,async=true,src=DESCRIPTOR:file:///Users/sameer.shaik/MyWorkSpace/17OctV2.2.3-New-BitBucketIssueFixed/conjur-credentials-plugin/target/jenkins-for-test/WEB-INF/web.xml}
18:14:48.800 [Executing testNonAdminWithCredentialsView(org.conjur.jenkins.credentials.ConjurCredentialStoreTest)] DEBUG org.eclipse.jetty.util.component.AbstractLifeCycle -- stopping encoding-filter==hudson.util.CharacterEncodingFilter@20efce7b{inst=true,async=true,src=DESCRIPTOR:file:///Users/sameer.shaik/MyWorkSpace/17OctV2.2.3-New-BitBucketIssueFixed/conjur-credentials-plugin/target/jenkins-for-test/WEB-INF/web.xml}
18:14:48.800 [Executing testNonAdminWithCredentialsView(org.conjur.jenkins.credentials.ConjurCredentialStoreTest)] DEBUG org.eclipse.jetty.util.component.AbstractLifeCycle -- STOPPED encoding-filter==hudson.util.CharacterEncodingFilter@20efce7b{inst=false,async=true,src=DESCRIPTOR:file:///Users/sameer.shaik/MyWorkSpace/17OctV2.2.3-New-BitBucketIssueFixed/conjur-credentials-plugin/target/jenkins-for-test/WEB-INF/web.xml}
18:14:48.800 [Executing testNonAdminWithCredentialsView(org.conjur.jenkins.credentials.ConjurCredentialStoreTest)] DEBUG org.eclipse.jetty.util.component.AbstractLifeCycle -- stopping diagnostic-name-filter==org.kohsuke.stapler.DiagnosticThreadNameFilter@1ae8020{inst=true,async=true,src=DESCRIPTOR:file:///Users/sameer.shaik/MyWorkSpace/17OctV2.2.3-New-BitBucketIssueFixed/conjur-credentials-plugin/target/jenkins-for-test/WEB-INF/web.xml}
18:14:48.800 [Executing testNonAdminWithCredentialsView(org.conjur.jenkins.credentials.ConjurCredentialStoreTest)] DEBUG org.eclipse.jetty.util.component.AbstractLifeCycle -- STOPPED diagnostic-name-filter==org.kohsuke.stapler.DiagnosticThreadNameFilter@1ae8020{inst=false,async=true,src=DESCRIPTOR:file:///Users/sameer.shaik/MyWorkSpace/17OctV2.2.3-New-BitBucketIssueFixed/conjur-credentials-plugin/target/jenkins-for-test/WEB-INF/web.xml}
18:14:48.800 [Executing testNonAdminWithCredentialsView(org.conjur.jenkins.credentials.ConjurCredentialStoreTest)] DEBUG org.eclipse.jetty.util.component.AbstractLifeCycle -- stopping suspicious-request-filter==jenkins.security.SuspiciousRequestFilter@650e0e4d{inst=true,async=true,src=DESCRIPTOR:file:///Users/sameer.shaik/MyWorkSpace/17OctV2.2.3-New-BitBucketIssueFixed/conjur-credentials-plugin/target/jenkins-for-test/WEB-INF/web.xml}
18:14:48.800 [Executing testNonAdminWithCredentialsView(org.conjur.jenkins.credentials.ConjurCredentialStoreTest)] DEBUG org.eclipse.jetty.util.component.AbstractLifeCycle -- STOPPED suspicious-request-filter==jenkins.security.SuspiciousRequestFilter@650e0e4d{inst=false,async=true,src=DESCRIPTOR:file:///Users/sameer.shaik/MyWorkSpace/17OctV2.2.3-New-BitBucketIssueFixed/conjur-credentials-plugin/target/jenkins-for-test/WEB-INF/web.xml}
18:14:48.800 [Executing testNonAdminWithCredentialsView(org.conjur.jenkins.credentials.ConjurCredentialStoreTest)] DEBUG org.eclipse.jetty.util.component.AbstractLifeCycle -- stopping Stapler==org.kohsuke.stapler.Stapler@f222d1a9{jsp=null,order=-1,inst=false,async=true,src=DESCRIPTOR:file:///Users/sameer.shaik/MyWorkSpace/17OctV2.2.3-New-BitBucketIssueFixed/conjur-credentials-plugin/target/jenkins-for-test/WEB-INF/web.xml,STARTED}
18:14:48.800 [Executing testNonAdminWithCredentialsView(org.conjur.jenkins.credentials.ConjurCredentialStoreTest)] DEBUG org.eclipse.jetty.util.component.AbstractLifeCycle -- STOPPED Stapler==org.kohsuke.stapler.Stapler@f222d1a9{jsp=null,order=-1,inst=false,async=true,src=DESCRIPTOR:file:///Users/sameer.shaik/MyWorkSpace/17OctV2.2.3-New-BitBucketIssueFixed/conjur-credentials-plugin/target/jenkins-for-test/WEB-INF/web.xml,STOPPED}
18:14:48.800 [Executing testNonAdminWithCredentialsView(org.conjur.jenkins.credentials.ConjurCredentialStoreTest)] DEBUG org.eclipse.jetty.util.component.AbstractLifeCycle -- stopping jsp==org.eclipse.jetty.servlet.NoJspServlet@19c47{jsp=null,order=0,inst=true,async=false,src=DESCRIPTOR:jar:file:/Users/sameer.shaik/.m2/repository/org/eclipse/jetty/jetty-webapp/9.4.48.v20220622/jetty-webapp-9.4.48.v20220622.jar!/org/eclipse/jetty/webapp/webdefault.xml,STARTED}
18:14:48.800 [Executing testNonAdminWithCredentialsView(org.conjur.jenkins.credentials.ConjurCredentialStoreTest)] DEBUG org.eclipse.jetty.util.component.AbstractLifeCycle -- STOPPED jsp==org.eclipse.jetty.servlet.NoJspServlet@19c47{jsp=null,order=0,inst=false,async=false,src=DESCRIPTOR:jar:file:/Users/sameer.shaik/.m2/repository/org/eclipse/jetty/jetty-webapp/9.4.48.v20220622/jetty-webapp-9.4.48.v20220622.jar!/org/eclipse/jetty/webapp/webdefault.xml,STOPPED}
18:14:48.800 [Executing testNonAdminWithCredentialsView(org.conjur.jenkins.credentials.ConjurCredentialStoreTest)] DEBUG org.eclipse.jetty.util.component.AbstractLifeCycle -- stopping default==org.eclipse.jetty.servlet.DefaultServlet@5c13d641{jsp=null,order=0,inst=true,async=false,src=DESCRIPTOR:jar:file:/Users/sameer.shaik/.m2/repository/org/eclipse/jetty/jetty-webapp/9.4.48.v20220622/jetty-webapp-9.4.48.v20220622.jar!/org/eclipse/jetty/webapp/webdefault.xml,STARTED}
18:14:48.800 [Executing testNonAdminWithCredentialsView(org.conjur.jenkins.credentials.ConjurCredentialStoreTest)] DEBUG org.eclipse.jetty.util.component.AbstractLifeCycle -- STOPPED default==org.eclipse.jetty.servlet.DefaultServlet@5c13d641{jsp=null,order=0,inst=false,async=false,src=DESCRIPTOR:jar:file:/Users/sameer.shaik/.m2/repository/org/eclipse/jetty/jetty-webapp/9.4.48.v20220622/jetty-webapp-9.4.48.v20220622.jar!/org/eclipse/jetty/webapp/webdefault.xml,STOPPED}
18:14:48.800 [Executing testNonAdminWithCredentialsView(org.conjur.jenkins.credentials.ConjurCredentialStoreTest)] DEBUG org.eclipse.jetty.server.handler.ContextHandler -- contextDestroyed: javax.servlet.ServletContextEvent[source=ServletContext@o.e.j.w.WebAppContext@34a461e2{Jenkins v2.346.3,/jenkins,file:///Users/sameer.shaik/MyWorkSpace/17OctV2.2.3-New-BitBucketIssueFixed/conjur-credentials-plugin/target/jenkins-for-test/,STOPPED}{/Users/sameer.shaik/MyWorkSpace/17OctV2.2.3-New-BitBucketIssueFixed/conjur-credentials-plugin/target/jenkins-for-test}]->jenkins.util.SystemProperties$Listener@28dbfc32
18:14:48.800 [Executing testNonAdminWithCredentialsView(org.conjur.jenkins.credentials.ConjurCredentialStoreTest)] DEBUG org.eclipse.jetty.server.handler.ContextHandler -- contextDestroyed: javax.servlet.ServletContextEvent[source=ServletContext@o.e.j.w.WebAppContext@34a461e2{Jenkins v2.346.3,/jenkins,file:///Users/sameer.shaik/MyWorkSpace/17OctV2.2.3-New-BitBucketIssueFixed/conjur-credentials-plugin/target/jenkins-for-test/,STOPPED}{/Users/sameer.shaik/MyWorkSpace/17OctV2.2.3-New-BitBucketIssueFixed/conjur-credentials-plugin/target/jenkins-for-test}]->org.eclipse.jetty.servlet.listener.IntrospectorCleaner@5af4cc27
18:14:48.800 [Executing testNonAdminWithCredentialsView(org.conjur.jenkins.credentials.ConjurCredentialStoreTest)] DEBUG org.eclipse.jetty.server.handler.ContextHandler -- contextDestroyed: javax.servlet.ServletContextEvent[source=ServletContext@o.e.j.w.WebAppContext@34a461e2{Jenkins v2.346.3,/jenkins,file:///Users/sameer.shaik/MyWorkSpace/17OctV2.2.3-New-BitBucketIssueFixed/conjur-credentials-plugin/target/jenkins-for-test/,STOPPED}{/Users/sameer.shaik/MyWorkSpace/17OctV2.2.3-New-BitBucketIssueFixed/conjur-credentials-plugin/target/jenkins-for-test}]->org.eclipse.jetty.servlet.listener.ELContextCleaner@356aaec1
18:14:48.801 [Executing testNonAdminWithCredentialsView(org.conjur.jenkins.credentials.ConjurCredentialStoreTest)] DEBUG org.eclipse.jetty.util.component.AbstractLifeCycle -- stopping jenkins.JenkinsHttpSessionListener@61bf1e6b{src=DESCRIPTOR:file:///Users/sameer.shaik/MyWorkSpace/17OctV2.2.3-New-BitBucketIssueFixed/conjur-credentials-plugin/target/jenkins-for-test/WEB-INF/web.xml}
18:14:48.801 [Executing testNonAdminWithCredentialsView(org.conjur.jenkins.credentials.ConjurCredentialStoreTest)] DEBUG org.eclipse.jetty.util.component.AbstractLifeCycle -- STOPPED jenkins.JenkinsHttpSessionListener@61bf1e6b{src=DESCRIPTOR:file:///Users/sameer.shaik/MyWorkSpace/17OctV2.2.3-New-BitBucketIssueFixed/conjur-credentials-plugin/target/jenkins-for-test/WEB-INF/web.xml}
18:14:48.801 [Executing testNonAdminWithCredentialsView(org.conjur.jenkins.credentials.ConjurCredentialStoreTest)] DEBUG org.eclipse.jetty.util.component.AbstractLifeCycle -- stopping hudson.WebAppMain@3492be50{src=DESCRIPTOR:file:///Users/sameer.shaik/MyWorkSpace/17OctV2.2.3-New-BitBucketIssueFixed/conjur-credentials-plugin/target/jenkins-for-test/WEB-INF/web.xml}
18:14:48.801 [Executing testNonAdminWithCredentialsView(org.conjur.jenkins.credentials.ConjurCredentialStoreTest)] DEBUG org.eclipse.jetty.util.component.AbstractLifeCycle -- STOPPED hudson.WebAppMain@3492be50{src=DESCRIPTOR:file:///Users/sameer.shaik/MyWorkSpace/17OctV2.2.3-New-BitBucketIssueFixed/conjur-credentials-plugin/target/jenkins-for-test/WEB-INF/web.xml}
18:14:48.801 [Executing testNonAdminWithCredentialsView(org.conjur.jenkins.credentials.ConjurCredentialStoreTest)] DEBUG org.eclipse.jetty.util.component.AbstractLifeCycle -- stopping jenkins.util.SystemProperties$Listener@60f0869a{src=DESCRIPTOR:file:///Users/sameer.shaik/MyWorkSpace/17OctV2.2.3-New-BitBucketIssueFixed/conjur-credentials-plugin/target/jenkins-for-test/WEB-INF/web.xml}
18:14:48.801 [Executing testNonAdminWithCredentialsView(org.conjur.jenkins.credentials.ConjurCredentialStoreTest)] DEBUG org.eclipse.jetty.util.component.AbstractLifeCycle -- STOPPED jenkins.util.SystemProperties$Listener@60f0869a{src=DESCRIPTOR:file:///Users/sameer.shaik/MyWorkSpace/17OctV2.2.3-New-BitBucketIssueFixed/conjur-credentials-plugin/target/jenkins-for-test/WEB-INF/web.xml}
18:14:48.801 [Executing testNonAdminWithCredentialsView(org.conjur.jenkins.credentials.ConjurCredentialStoreTest)] DEBUG org.eclipse.jetty.util.component.AbstractLifeCycle -- stopping org.eclipse.jetty.servlet.listener.IntrospectorCleaner@4378f9a8{src=DESCRIPTOR:jar:file:/Users/sameer.shaik/.m2/repository/org/eclipse/jetty/jetty-webapp/9.4.48.v20220622/jetty-webapp-9.4.48.v20220622.jar!/org/eclipse/jetty/webapp/webdefault.xml}
18:14:48.801 [Executing testNonAdminWithCredentialsView(org.conjur.jenkins.credentials.ConjurCredentialStoreTest)] DEBUG org.eclipse.jetty.util.component.AbstractLifeCycle -- STOPPED org.eclipse.jetty.servlet.listener.IntrospectorCleaner@4378f9a8{src=DESCRIPTOR:jar:file:/Users/sameer.shaik/.m2/repository/org/eclipse/jetty/jetty-webapp/9.4.48.v20220622/jetty-webapp-9.4.48.v20220622.jar!/org/eclipse/jetty/webapp/webdefault.xml}
18:14:48.801 [Executing testNonAdminWithCredentialsView(org.conjur.jenkins.credentials.ConjurCredentialStoreTest)] DEBUG org.eclipse.jetty.util.component.AbstractLifeCycle -- stopping org.eclipse.jetty.servlet.listener.ELContextCleaner@acbf667{src=DESCRIPTOR:jar:file:/Users/sameer.shaik/.m2/repository/org/eclipse/jetty/jetty-webapp/9.4.48.v20220622/jetty-webapp-9.4.48.v20220622.jar!/org/eclipse/jetty/webapp/webdefault.xml}
18:14:48.801 [Executing testNonAdminWithCredentialsView(org.conjur.jenkins.credentials.ConjurCredentialStoreTest)] DEBUG org.eclipse.jetty.util.component.AbstractLifeCycle -- STOPPED org.eclipse.jetty.servlet.listener.ELContextCleaner@acbf667{src=DESCRIPTOR:jar:file:/Users/sameer.shaik/.m2/repository/org/eclipse/jetty/jetty-webapp/9.4.48.v20220622/jetty-webapp-9.4.48.v20220622.jar!/org/eclipse/jetty/webapp/webdefault.xml}
18:14:48.801 [Executing testNonAdminWithCredentialsView(org.conjur.jenkins.credentials.ConjurCredentialStoreTest)] DEBUG org.eclipse.jetty.util.component.AbstractLifeCycle -- STOPPED ServletHandler@57d968e7{STOPPED}
18:14:48.801 [Executing testNonAdminWithCredentialsView(org.conjur.jenkins.credentials.ConjurCredentialStoreTest)] DEBUG org.eclipse.jetty.util.component.AbstractLifeCycle -- STOPPED ConstraintSecurityHandler@2e76a209{STOPPED}
18:14:48.801 [Executing testNonAdminWithCredentialsView(org.conjur.jenkins.credentials.ConjurCredentialStoreTest)] DEBUG org.eclipse.jetty.util.component.AbstractLifeCycle -- STOPPED org.eclipse.jetty.server.session.SessionHandler969572259==dftMaxIdleSec=1800
18:14:48.801 [Executing testNonAdminWithCredentialsView(org.conjur.jenkins.credentials.ConjurCredentialStoreTest)] DEBUG org.eclipse.jetty.util.component.AbstractLifeCycle -- stopping SymlinkAllowedResourceAliasChecker@6876db93{base=/Users/sameer.shaik/MyWorkSpace/17OctV2.2.3-New-BitBucketIssueFixed/conjur-credentials-plugin/target/jenkins-for-test,protected=[/WEB-INF, /META-INF]}
18:14:48.801 [Executing testNonAdminWithCredentialsView(org.conjur.jenkins.credentials.ConjurCredentialStoreTest)] DEBUG org.eclipse.jetty.util.component.AbstractLifeCycle -- STOPPED SymlinkAllowedResourceAliasChecker@6876db93{base=null,protected=[/WEB-INF, /META-INF]}
18:14:48.801 [Executing testNonAdminWithCredentialsView(org.conjur.jenkins.credentials.ConjurCredentialStoreTest)] INFO org.eclipse.jetty.server.handler.ContextHandler -- Stopped o.e.j.w.WebAppContext@34a461e2{Jenkins v2.346.3,/jenkins,file:///Users/sameer.shaik/MyWorkSpace/17OctV2.2.3-New-BitBucketIssueFixed/conjur-credentials-plugin/target/jenkins-for-test/,STOPPED}{/Users/sameer.shaik/MyWorkSpace/17OctV2.2.3-New-BitBucketIssueFixed/conjur-credentials-plugin/target/jenkins-for-test}
18:14:48.801 [Executing testNonAdminWithCredentialsView(org.conjur.jenkins.credentials.ConjurCredentialStoreTest)] DEBUG org.eclipse.jetty.util.component.AbstractLifeCycle -- STOPPED o.e.j.w.WebAppContext@34a461e2{Jenkins v2.346.3,/jenkins,file:///Users/sameer.shaik/MyWorkSpace/17OctV2.2.3-New-BitBucketIssueFixed/conjur-credentials-plugin/target/jenkins-for-test/,STOPPED}{/Users/sameer.shaik/MyWorkSpace/17OctV2.2.3-New-BitBucketIssueFixed/conjur-credentials-plugin/target/jenkins-for-test}
18:14:48.801 [Executing testNonAdminWithCredentialsView(org.conjur.jenkins.credentials.ConjurCredentialStoreTest)] DEBUG org.eclipse.jetty.util.component.AbstractLifeCycle -- stopping QueuedThreadPool[Jetty (JenkinsRule)]@18d88ad7{STARTED,8<=10<=200,i=10,r=-1,q=0}[ReservedThreadExecutor@495915ee{reserved=0/16,pending=0}]
18:14:48.802 [Executing testNonAdminWithCredentialsView(org.conjur.jenkins.credentials.ConjurCredentialStoreTest)] DEBUG org.eclipse.jetty.util.thread.QueuedThreadPool -- Stopping QueuedThreadPool[Jetty (JenkinsRule)]@18d88ad7{STOPPING,8<=10<=200,i=10,r=-1,q=0}[ReservedThreadExecutor@495915ee{reserved=0/16,pending=0}]
18:14:48.802 [Executing testNonAdminWithCredentialsView(org.conjur.jenkins.credentials.ConjurCredentialStoreTest)] DEBUG org.eclipse.jetty.util.component.AbstractLifeCycle -- stopping ReservedThreadExecutor@495915ee{reserved=0/16,pending=0}
18:14:48.802 [Executing testNonAdminWithCredentialsView(org.conjur.jenkins.credentials.ConjurCredentialStoreTest)] DEBUG org.eclipse.jetty.util.component.AbstractLifeCycle -- STOPPED ReservedThreadExecutor@495915ee{reserved=-1/16,pending=0}
18:14:48.802 [Executing testNonAdminWithCredentialsView(org.conjur.jenkins.credentials.ConjurCredentialStoreTest)] DEBUG org.eclipse.jetty.util.thread.QueuedThreadPool -- Waiting for Thread[Jetty (JenkinsRule)-175,5,main] for 14999
18:14:48.802 [Jetty (JenkinsRule)-179] DEBUG org.eclipse.jetty.util.thread.QueuedThreadPool -- run org.eclipse.jetty.util.thread.QueuedThreadPool$$Lambda$384/0x00000001402dccc0@1d12c9bd in QueuedThreadPool[Jetty (JenkinsRule)]@18d88ad7{STOPPING,8<=0<=200,i=10,r=-1,q=0}[NO_TRY]
18:14:48.802 [Jetty (JenkinsRule)-177] DEBUG org.eclipse.jetty.util.thread.QueuedThreadPool -- run org.eclipse.jetty.util.thread.QueuedThreadPool$$Lambda$384/0x00000001402dccc0@1d12c9bd in QueuedThreadPool[Jetty (JenkinsRule)]@18d88ad7{STOPPING,8<=0<=200,i=10,r=-1,q=0}[NO_TRY]
18:14:48.802 [Jetty (JenkinsRule)-180] DEBUG org.eclipse.jetty.util.thread.QueuedThreadPool -- run org.eclipse.jetty.util.thread.QueuedThreadPool$$Lambda$384/0x00000001402dccc0@1d12c9bd in QueuedThreadPool[Jetty (JenkinsRule)]@18d88ad7{STOPPING,8<=0<=200,i=10,r=-1,q=0}[NO_TRY]
18:14:48.802 [Jetty (JenkinsRule)-176] DEBUG org.eclipse.jetty.util.thread.QueuedThreadPool -- run org.eclipse.jetty.util.thread.QueuedThreadPool$$Lambda$384/0x00000001402dccc0@1d12c9bd in QueuedThreadPool[Jetty (JenkinsRule)]@18d88ad7{STOPPING,8<=0<=200,i=10,r=-1,q=0}[NO_TRY]
18:14:48.802 [Jetty (JenkinsRule)-175] DEBUG org.eclipse.jetty.util.thread.QueuedThreadPool -- run org.eclipse.jetty.util.thread.QueuedThreadPool$$Lambda$384/0x00000001402dccc0@1d12c9bd in QueuedThreadPool[Jetty (JenkinsRule)]@18d88ad7{STOPPING,8<=0<=200,i=10,r=-1,q=0}[NO_TRY]
18:14:48.802 [Jetty (JenkinsRule)-180] DEBUG org.eclipse.jetty.util.thread.QueuedThreadPool -- ran org.eclipse.jetty.util.thread.QueuedThreadPool$$Lambda$384/0x00000001402dccc0@1d12c9bd in QueuedThreadPool[Jetty (JenkinsRule)]@18d88ad7{STOPPING,8<=0<=200,i=10,r=-1,q=0}[NO_TRY]
18:14:48.802 [Jetty (JenkinsRule)-179] DEBUG org.eclipse.jetty.util.thread.QueuedThreadPool -- ran org.eclipse.jetty.util.thread.QueuedThreadPool$$Lambda$384/0x00000001402dccc0@1d12c9bd in QueuedThreadPool[Jetty (JenkinsRule)]@18d88ad7{STOPPING,8<=0<=200,i=10,r=-1,q=0}[NO_TRY]
18:14:48.802 [Jetty (JenkinsRule)-176] DEBUG org.eclipse.jetty.util.thread.QueuedThreadPool -- ran org.eclipse.jetty.util.thread.QueuedThreadPool$$Lambda$384/0x00000001402dccc0@1d12c9bd in QueuedThreadPool[Jetty (JenkinsRule)]@18d88ad7{STOPPING,8<=0<=200,i=10,r=-1,q=0}[NO_TRY]
18:14:48.802 [Jetty (JenkinsRule)-177] DEBUG org.eclipse.jetty.util.thread.QueuedThreadPool -- ran org.eclipse.jetty.util.thread.QueuedThreadPool$$Lambda$384/0x00000001402dccc0@1d12c9bd in QueuedThreadPool[Jetty (JenkinsRule)]@18d88ad7{STOPPING,8<=0<=200,i=10,r=-1,q=0}[NO_TRY]
18:14:48.802 [Jetty (JenkinsRule)-174] DEBUG org.eclipse.jetty.util.thread.QueuedThreadPool -- run org.eclipse.jetty.util.thread.QueuedThreadPool$$Lambda$384/0x00000001402dccc0@1d12c9bd in QueuedThreadPool[Jetty (JenkinsRule)]@18d88ad7{STOPPING,8<=0<=200,i=10,r=-1,q=0}[NO_TRY]
18:14:48.802 [Jetty (JenkinsRule)-172] DEBUG org.eclipse.jetty.util.thread.QueuedThreadPool -- run org.eclipse.jetty.util.thread.QueuedThreadPool$$Lambda$384/0x00000001402dccc0@1d12c9bd in QueuedThreadPool[Jetty (JenkinsRule)]@18d88ad7{STOPPING,8<=0<=200,i=10,r=-1,q=0}[NO_TRY]
18:14:48.802 [Jetty (JenkinsRule)-176] DEBUG org.eclipse.jetty.util.thread.QueuedThreadPool -- Thread[Jetty (JenkinsRule)-176,5,main] exited for QueuedThreadPool[Jetty (JenkinsRule)]@18d88ad7{STOPPING,8<=0<=200,i=10,r=-1,q=0}[NO_TRY]
18:14:48.802 [Jetty (JenkinsRule)-173] DEBUG org.eclipse.jetty.util.thread.QueuedThreadPool -- run org.eclipse.jetty.util.thread.QueuedThreadPool$$Lambda$384/0x00000001402dccc0@1d12c9bd in QueuedThreadPool[Jetty (JenkinsRule)]@18d88ad7{STOPPING,8<=0<=200,i=10,r=-1,q=0}[NO_TRY]
18:14:48.802 [Jetty (JenkinsRule)-172] DEBUG org.eclipse.jetty.util.thread.QueuedThreadPool -- ran org.eclipse.jetty.util.thread.QueuedThreadPool$$Lambda$384/0x00000001402dccc0@1d12c9bd in QueuedThreadPool[Jetty (JenkinsRule)]@18d88ad7{STOPPING,8<=0<=200,i=10,r=-1,q=0}[NO_TRY]
18:14:48.802 [Jetty (JenkinsRule)-171] DEBUG org.eclipse.jetty.util.thread.QueuedThreadPool -- run org.eclipse.jetty.util.thread.QueuedThreadPool$$Lambda$384/0x00000001402dccc0@1d12c9bd in QueuedThreadPool[Jetty (JenkinsRule)]@18d88ad7{STOPPING,8<=0<=200,i=10,r=-1,q=0}[NO_TRY]
18:14:48.802 [Jetty (JenkinsRule)-173] DEBUG org.eclipse.jetty.util.thread.QueuedThreadPool -- ran org.eclipse.jetty.util.thread.QueuedThreadPool$$Lambda$384/0x00000001402dccc0@1d12c9bd in QueuedThreadPool[Jetty (JenkinsRule)]@18d88ad7{STOPPING,8<=0<=200,i=10,r=-1,q=0}[NO_TRY]
18:14:48.802 [Jetty (JenkinsRule)-180] DEBUG org.eclipse.jetty.util.thread.QueuedThreadPool -- Thread[Jetty (JenkinsRule)-180,5,main] exited for QueuedThreadPool[Jetty (JenkinsRule)]@18d88ad7{STOPPING,8<=0<=200,i=10,r=-1,q=0}[NO_TRY]
18:14:48.802 [Jetty (JenkinsRule)-175] DEBUG org.eclipse.jetty.util.thread.QueuedThreadPool -- ran org.eclipse.jetty.util.thread.QueuedThreadPool$$Lambda$384/0x00000001402dccc0@1d12c9bd in QueuedThreadPool[Jetty (JenkinsRule)]@18d88ad7{STOPPING,8<=0<=200,i=10,r=-1,q=0}[NO_TRY]
18:14:48.802 [Jetty (JenkinsRule)-179] DEBUG org.eclipse.jetty.util.thread.QueuedThreadPool -- Thread[Jetty (JenkinsRule)-179,5,main] exited for QueuedThreadPool[Jetty (JenkinsRule)]@18d88ad7{STOPPING,8<=0<=200,i=10,r=-1,q=0}[NO_TRY]
18:14:48.802 [Jetty (JenkinsRule)-170] DEBUG org.eclipse.jetty.util.thread.QueuedThreadPool -- run org.eclipse.jetty.util.thread.QueuedThreadPool$$Lambda$384/0x00000001402dccc0@1d12c9bd in QueuedThreadPool[Jetty (JenkinsRule)]@18d88ad7{STOPPING,8<=0<=200,i=10,r=-1,q=0}[NO_TRY]
18:14:48.802 [Jetty (JenkinsRule)-175] DEBUG org.eclipse.jetty.util.thread.QueuedThreadPool -- Thread[Jetty (JenkinsRule)-175,5,main] exited for QueuedThreadPool[Jetty (JenkinsRule)]@18d88ad7{STOPPING,8<=0<=200,i=10,r=-1,q=0}[NO_TRY]
18:14:48.802 [Jetty (JenkinsRule)-174] DEBUG org.eclipse.jetty.util.thread.QueuedThreadPool -- ran org.eclipse.jetty.util.thread.QueuedThreadPool$$Lambda$384/0x00000001402dccc0@1d12c9bd in QueuedThreadPool[Jetty (JenkinsRule)]@18d88ad7{STOPPING,8<=0<=200,i=10,r=-1,q=0}[NO_TRY]
18:14:48.802 [Executing testNonAdminWithCredentialsView(org.conjur.jenkins.credentials.ConjurCredentialStoreTest)] DEBUG org.eclipse.jetty.util.thread.QueuedThreadPool -- Waiting for Thread[Jetty (JenkinsRule)-180,5,] for 14999
18:14:48.802 [Jetty (JenkinsRule)-177] DEBUG org.eclipse.jetty.util.thread.QueuedThreadPool -- Thread[Jetty (JenkinsRule)-177,5,main] exited for QueuedThreadPool[Jetty (JenkinsRule)]@18d88ad7{STOPPING,8<=0<=200,i=10,r=-1,q=0}[NO_TRY]
18:14:48.802 [Executing testNonAdminWithCredentialsView(org.conjur.jenkins.credentials.ConjurCredentialStoreTest)] DEBUG org.eclipse.jetty.util.thread.QueuedThreadPool -- Waiting for Thread[Jetty (JenkinsRule)-171,5,main] for 14999
18:14:48.802 [Jetty (JenkinsRule)-171] DEBUG org.eclipse.jetty.util.thread.QueuedThreadPool -- ran org.eclipse.jetty.util.thread.QueuedThreadPool$$Lambda$384/0x00000001402dccc0@1d12c9bd in QueuedThreadPool[Jetty (JenkinsRule)]@18d88ad7{STOPPING,8<=0<=200,i=10,r=-1,q=0}[NO_TRY]
18:14:48.802 [Jetty (JenkinsRule)-172] DEBUG org.eclipse.jetty.util.thread.QueuedThreadPool -- Thread[Jetty (JenkinsRule)-172,5,main] exited for QueuedThreadPool[Jetty (JenkinsRule)]@18d88ad7{STOPPING,8<=0<=200,i=10,r=-1,q=0}[NO_TRY]
18:14:48.802 [Jetty (JenkinsRule)-173] DEBUG org.eclipse.jetty.util.thread.QueuedThreadPool -- Thread[Jetty (JenkinsRule)-173,5,main] exited for QueuedThreadPool[Jetty (JenkinsRule)]@18d88ad7{STOPPING,8<=0<=200,i=10,r=-1,q=0}[NO_TRY]
18:14:48.802 [Jetty (JenkinsRule)-171] DEBUG org.eclipse.jetty.util.thread.QueuedThreadPool -- Thread[Jetty (JenkinsRule)-171,5,main] exited for QueuedThreadPool[Jetty (JenkinsRule)]@18d88ad7{STOPPING,8<=0<=200,i=10,r=-1,q=0}[NO_TRY]
18:14:48.802 [Jetty (JenkinsRule)-170] DEBUG org.eclipse.jetty.util.thread.QueuedThreadPool -- ran org.eclipse.jetty.util.thread.QueuedThreadPool$$Lambda$384/0x00000001402dccc0@1d12c9bd in QueuedThreadPool[Jetty (JenkinsRule)]@18d88ad7{STOPPING,8<=0<=200,i=10,r=-1,q=0}[NO_TRY]
18:14:48.802 [Jetty (JenkinsRule)-174] DEBUG org.eclipse.jetty.util.thread.QueuedThreadPool -- Thread[Jetty (JenkinsRule)-174,5,main] exited for QueuedThreadPool[Jetty (JenkinsRule)]@18d88ad7{STOPPING,8<=0<=200,i=10,r=-1,q=0}[NO_TRY]
18:14:48.803 [Executing testNonAdminWithCredentialsView(org.conjur.jenkins.credentials.ConjurCredentialStoreTest)] DEBUG org.eclipse.jetty.util.thread.QueuedThreadPool -- Waiting for Thread[Jetty (JenkinsRule)-170,5,main] for 14999
18:14:48.803 [Jetty (JenkinsRule)-170] DEBUG org.eclipse.jetty.util.thread.QueuedThreadPool -- Thread[Jetty (JenkinsRule)-170,5,main] exited for QueuedThreadPool[Jetty (JenkinsRule)]@18d88ad7{STOPPING,8<=0<=200,i=10,r=-1,q=0}[NO_TRY]
18:14:48.803 [Executing testNonAdminWithCredentialsView(org.conjur.jenkins.credentials.ConjurCredentialStoreTest)] DEBUG org.eclipse.jetty.util.component.AbstractLifeCycle -- STOPPED QueuedThreadPool[Jetty (JenkinsRule)]@18d88ad7{STOPPED,8<=0<=200,i=10,r=-1,q=0}[NO_TRY]
18:14:48.803 [Executing testNonAdminWithCredentialsView(org.conjur.jenkins.credentials.ConjurCredentialStoreTest)] DEBUG org.eclipse.jetty.util.component.AbstractLifeCycle -- STOPPED Server@59e580ec{STOPPED}[9.4.48.v20220622]
]]></system-out>
    <system-err><![CDATA[   0.059 [id=169]	INFO	o.jvnet.hudson.test.JenkinsRule#createWebServer: Running on http://localhost:51454/jenkins/
   0.126 [id=184]	INFO	jenkins.InitReactorRunner$1#onAttained: Started initialization
   0.128 [id=199]	INFO	jenkins.InitReactorRunner$1#onAttained: Listed all plugins
   0.370 [id=213]	INFO	jenkins.InitReactorRunner$1#onAttained: Prepared all plugins
   0.372 [id=188]	INFO	jenkins.InitReactorRunner$1#onAttained: Started all plugins
   0.373 [id=188]	INFO	jenkins.InitReactorRunner$1#onAttained: Augmented all extensions
   0.965 [id=199]	INFO	jenkins.InitReactorRunner$1#onAttained: System config loaded
   0.966 [id=185]	INFO	jenkins.InitReactorRunner$1#onAttained: System config adapted
   0.966 [id=211]	INFO	jenkins.InitReactorRunner$1#onAttained: Loaded all jobs
   0.968 [id=196]	INFO	jenkins.InitReactorRunner$1#onAttained: Configuration for all jobs updated
   0.997 [id=203]	INFO	jenkins.InitReactorRunner$1#onAttained: Completed initialization
   1.163 [id=169]	INFO	hudson.lifecycle.Lifecycle#onStatusUpdate: Stopping Jenkins
   1.244 [id=169]	INFO	hudson.lifecycle.Lifecycle#onStatusUpdate: Jenkins stopped
]]></system-err>
  </testcase>
  <testcase name="testUserWithoutFolderLevelPermission" classname="org.conjur.jenkins.credentials.ConjurCredentialStoreTest" time="1.149">
    <system-out><![CDATA[=== Starting testUserWithoutFolderLevelPermission(org.conjur.jenkins.credentials.ConjurCredentialStoreTest)
18:14:48.952 [Executing testUserWithoutFolderLevelPermission(org.conjur.jenkins.credentials.ConjurCredentialStoreTest)] DEBUG org.eclipse.jetty.util.component.ContainerLifeCycle -- QueuedThreadPool[qtp363661687]@15ad0977{STOPPED,8<=0<=200,i=0,r=-1,q=0}[NO_TRY] added {org.eclipse.jetty.util.thread.ThreadPoolBudget@11929f1a,POJO}
18:14:48.953 [Executing testUserWithoutFolderLevelPermission(org.conjur.jenkins.credentials.ConjurCredentialStoreTest)] DEBUG org.eclipse.jetty.util.component.ContainerLifeCycle -- Server@5490034c{STOPPED}[9.4.48.v20220622] added {QueuedThreadPool[Jetty (JenkinsRule)]@15ad0977{STOPPED,8<=0<=200,i=0,r=-1,q=0}[NO_TRY],AUTO}
18:14:48.953 [Executing testUserWithoutFolderLevelPermission(org.conjur.jenkins.credentials.ConjurCredentialStoreTest)] DEBUG org.eclipse.jetty.util.component.ContainerLifeCycle -- o.e.j.w.WebAppContext@18157410{/,null,STOPPED} added {SymlinkAllowedResourceAliasChecker@650e30d4{base=null,protected=null},MANAGED}
18:14:48.953 [Executing testUserWithoutFolderLevelPermission(org.conjur.jenkins.credentials.ConjurCredentialStoreTest)] DEBUG org.eclipse.jetty.util.DecoratedObjectFactory -- Adding Decorator: org.eclipse.jetty.util.DeprecationWarning@60611920
18:14:48.953 [Executing testUserWithoutFolderLevelPermission(org.conjur.jenkins.credentials.ConjurCredentialStoreTest)] DEBUG org.eclipse.jetty.util.component.ContainerLifeCycle -- o.e.j.w.WebAppContext@18157410{/jenkins,null,STOPPED} added {org.eclipse.jetty.server.session.SessionHandler884997123==dftMaxIdleSec=-1,MANAGED}
18:14:48.953 [Executing testUserWithoutFolderLevelPermission(org.conjur.jenkins.credentials.ConjurCredentialStoreTest)] DEBUG org.eclipse.jetty.util.component.ContainerLifeCycle -- ConstraintSecurityHandler@739bb70{STOPPED} added {org.eclipse.jetty.util.component.DumpableCollection@13a5a3d3,POJO}
18:14:48.953 [Executing testUserWithoutFolderLevelPermission(org.conjur.jenkins.credentials.ConjurCredentialStoreTest)] DEBUG org.eclipse.jetty.util.component.ContainerLifeCycle -- org.eclipse.jetty.server.session.SessionHandler884997123==dftMaxIdleSec=-1 added {ConstraintSecurityHandler@739bb70{STOPPED},MANAGED}
18:14:48.953 [Executing testUserWithoutFolderLevelPermission(org.conjur.jenkins.credentials.ConjurCredentialStoreTest)] DEBUG org.eclipse.jetty.util.component.ContainerLifeCycle -- ConstraintSecurityHandler@739bb70{STOPPED} added {ServletHandler@7b65109e{STOPPED},MANAGED}
18:14:48.953 [Executing testUserWithoutFolderLevelPermission(org.conjur.jenkins.credentials.ConjurCredentialStoreTest)] DEBUG org.eclipse.jetty.util.component.ContainerLifeCycle -- o.e.j.w.WebAppContext@18157410{/jenkins,null,STOPPED} added {ErrorPageErrorHandler@30f1a415{STOPPED},MANAGED}
18:14:48.953 [Executing testUserWithoutFolderLevelPermission(org.conjur.jenkins.credentials.ConjurCredentialStoreTest)] DEBUG org.eclipse.jetty.util.component.ContainerLifeCycle -- o.e.j.w.WebAppContext@18157410{/jenkins,null,STOPPED}{/Users/sameer.shaik/MyWorkSpace/17OctV2.2.3-New-BitBucketIssueFixed/conjur-credentials-plugin/target/jenkins-for-test} added {NoListenerConfiguration@7ad96b40{STOPPED},AUTO}
18:14:48.953 [Executing testUserWithoutFolderLevelPermission(org.conjur.jenkins.credentials.ConjurCredentialStoreTest)] DEBUG org.eclipse.jetty.util.component.ContainerLifeCycle -- Server@5490034c{STOPPED}[9.4.48.v20220622] added {o.e.j.w.WebAppContext@18157410{/jenkins,null,STOPPED}{/Users/sameer.shaik/MyWorkSpace/17OctV2.2.3-New-BitBucketIssueFixed/conjur-credentials-plugin/target/jenkins-for-test},MANAGED}
18:14:48.953 [Executing testUserWithoutFolderLevelPermission(org.conjur.jenkins.credentials.ConjurCredentialStoreTest)] DEBUG org.eclipse.jetty.util.component.ContainerLifeCycle -- HashLoginService@445ce4f3[null] added {org.eclipse.jetty.security.DefaultIdentityService@17eeed06,POJO}
18:14:48.953 [Executing testUserWithoutFolderLevelPermission(org.conjur.jenkins.credentials.ConjurCredentialStoreTest)] DEBUG org.eclipse.jetty.util.component.ContainerLifeCycle -- HashLoginService@445ce4f3[default] added {UserStore@2a0232e2{STOPPED},AUTO}
18:14:48.953 [Executing testUserWithoutFolderLevelPermission(org.conjur.jenkins.credentials.ConjurCredentialStoreTest)] DEBUG org.eclipse.jetty.util.component.ContainerLifeCycle -- ConstraintSecurityHandler@739bb70{STOPPED} added {HashLoginService@445ce4f3[default],AUTO}
18:14:48.954 [Executing testUserWithoutFolderLevelPermission(org.conjur.jenkins.credentials.ConjurCredentialStoreTest)] DEBUG org.eclipse.jetty.util.component.ContainerLifeCycle -- HttpConnectionFactory@2c231f7e[HTTP/1.1] added {HttpConfiguration@4ebaf28e{32768/8192,8192/8192,https://:0,[]},POJO}
18:14:48.954 [Executing testUserWithoutFolderLevelPermission(org.conjur.jenkins.credentials.ConjurCredentialStoreTest)] DEBUG org.eclipse.jetty.util.component.ContainerLifeCycle -- ServerConnector@3bde7e40{null, ()}{0.0.0.0:0} added {Server@5490034c{STOPPED}[9.4.48.v20220622],UNMANAGED}
18:14:48.954 [Executing testUserWithoutFolderLevelPermission(org.conjur.jenkins.credentials.ConjurCredentialStoreTest)] DEBUG org.eclipse.jetty.util.component.ContainerLifeCycle -- ServerConnector@3bde7e40{null, ()}{0.0.0.0:0} added {QueuedThreadPool[Jetty (JenkinsRule)]@15ad0977{STOPPED,8<=0<=200,i=0,r=-1,q=0}[NO_TRY],AUTO}
18:14:48.954 [Executing testUserWithoutFolderLevelPermission(org.conjur.jenkins.credentials.ConjurCredentialStoreTest)] DEBUG org.eclipse.jetty.util.component.ContainerLifeCycle -- ServerConnector@3bde7e40{null, ()}{0.0.0.0:0} added {ScheduledExecutorScheduler@5bd9c518{STOPPED},AUTO}
18:14:48.954 [Executing testUserWithoutFolderLevelPermission(org.conjur.jenkins.credentials.ConjurCredentialStoreTest)] DEBUG org.eclipse.jetty.util.component.ContainerLifeCycle -- ServerConnector@3bde7e40{null, ()}{0.0.0.0:0} added {ArrayByteBufferPool@6f35f9f2{minBufferCapacity=0, maxBufferCapacity=65536, maxQueueLength=-1, factor=1024},POJO}
18:14:48.954 [Executing testUserWithoutFolderLevelPermission(org.conjur.jenkins.credentials.ConjurCredentialStoreTest)] DEBUG org.eclipse.jetty.util.component.ContainerLifeCycle -- ServerConnector@3bde7e40{null, (http/1.1)}{0.0.0.0:0} added {HttpConnectionFactory@2c231f7e[HTTP/1.1],AUTO}
18:14:48.954 [Executing testUserWithoutFolderLevelPermission(org.conjur.jenkins.credentials.ConjurCredentialStoreTest)] DEBUG org.eclipse.jetty.server.AbstractConnector -- ServerConnector@3bde7e40{HTTP/1.1, (http/1.1)}{0.0.0.0:0} added HttpConnectionFactory@2c231f7e[HTTP/1.1]
18:14:48.954 [Executing testUserWithoutFolderLevelPermission(org.conjur.jenkins.credentials.ConjurCredentialStoreTest)] DEBUG org.eclipse.jetty.util.component.ContainerLifeCycle -- ServerConnector@3bde7e40{HTTP/1.1, (http/1.1)}{0.0.0.0:0} added {SelectorManager@ServerConnector@3bde7e40{HTTP/1.1, (http/1.1)}{0.0.0.0:0},MANAGED}
18:14:48.954 [Executing testUserWithoutFolderLevelPermission(org.conjur.jenkins.credentials.ConjurCredentialStoreTest)] DEBUG org.eclipse.jetty.util.component.ContainerLifeCycle -- Server@5490034c{STOPPED}[9.4.48.v20220622] added {ServerConnector@3bde7e40{HTTP/1.1, (http/1.1)}{localhost:0},AUTO}
18:14:48.954 [Executing testUserWithoutFolderLevelPermission(org.conjur.jenkins.credentials.ConjurCredentialStoreTest)] DEBUG org.eclipse.jetty.util.component.AbstractLifeCycle -- starting Server@5490034c{STOPPED}[9.4.48.v20220622]
18:14:48.955 [Executing testUserWithoutFolderLevelPermission(org.conjur.jenkins.credentials.ConjurCredentialStoreTest)] DEBUG org.eclipse.jetty.util.component.ContainerLifeCycle -- Server@5490034c{STARTING}[9.4.48.v20220622] added {ErrorHandler@76825818{STOPPED},AUTO}
18:14:48.955 [Executing testUserWithoutFolderLevelPermission(org.conjur.jenkins.credentials.ConjurCredentialStoreTest)] INFO org.eclipse.jetty.server.Server -- jetty-9.4.48.v20220622; built: 2022-06-21T20:42:25.880Z; git: 6b67c5719d1f4371b33655ff2d047d24e171e49a; jvm 17.0.11+9-adhoc.admin.jdk17u
18:14:48.955 [Executing testUserWithoutFolderLevelPermission(org.conjur.jenkins.credentials.ConjurCredentialStoreTest)] DEBUG org.eclipse.jetty.server.handler.AbstractHandler -- starting Server@5490034c{STARTING}[9.4.48.v20220622]
18:14:48.955 [Executing testUserWithoutFolderLevelPermission(org.conjur.jenkins.credentials.ConjurCredentialStoreTest)] DEBUG org.eclipse.jetty.util.component.AbstractLifeCycle -- starting QueuedThreadPool[Jetty (JenkinsRule)]@15ad0977{STOPPED,8<=0<=200,i=0,r=-1,q=0}[NO_TRY]
18:14:48.955 [Executing testUserWithoutFolderLevelPermission(org.conjur.jenkins.credentials.ConjurCredentialStoreTest)] DEBUG org.eclipse.jetty.util.thread.ReservedThreadExecutor -- ReservedThreadExecutor@3ee614f6{reserved=0/16,pending=0}
18:14:48.955 [Executing testUserWithoutFolderLevelPermission(org.conjur.jenkins.credentials.ConjurCredentialStoreTest)] DEBUG org.eclipse.jetty.util.component.ContainerLifeCycle -- QueuedThreadPool[Jetty (JenkinsRule)]@15ad0977{STARTING,8<=0<=200,i=0,r=-1,q=0}[ReservedThreadExecutor@3ee614f6{reserved=0/16,pending=0}] added {ReservedThreadExecutor@3ee614f6{reserved=0/16,pending=0},AUTO}
18:14:48.955 [Executing testUserWithoutFolderLevelPermission(org.conjur.jenkins.credentials.ConjurCredentialStoreTest)] DEBUG org.eclipse.jetty.util.component.AbstractLifeCycle -- starting ReservedThreadExecutor@3ee614f6{reserved=0/16,pending=0}
18:14:48.955 [Executing testUserWithoutFolderLevelPermission(org.conjur.jenkins.credentials.ConjurCredentialStoreTest)] DEBUG org.eclipse.jetty.util.component.AbstractLifeCycle -- STARTED @16059ms ReservedThreadExecutor@3ee614f6{reserved=0/16,pending=0}
18:14:48.955 [Executing testUserWithoutFolderLevelPermission(org.conjur.jenkins.credentials.ConjurCredentialStoreTest)] DEBUG org.eclipse.jetty.util.thread.QueuedThreadPool -- Starting Thread[Jetty (JenkinsRule)-233,5,main]
18:14:48.955 [Executing testUserWithoutFolderLevelPermission(org.conjur.jenkins.credentials.ConjurCredentialStoreTest)] DEBUG org.eclipse.jetty.util.thread.QueuedThreadPool -- Starting Thread[Jetty (JenkinsRule)-234,5,main]
18:14:48.955 [Jetty (JenkinsRule)-233] DEBUG org.eclipse.jetty.util.thread.QueuedThreadPool -- Runner started for QueuedThreadPool[Jetty (JenkinsRule)]@15ad0977{STARTING,8<=2<=200,i=2,r=-1,q=0}[ReservedThreadExecutor@3ee614f6{reserved=0/16,pending=0}]
18:14:48.956 [Executing testUserWithoutFolderLevelPermission(org.conjur.jenkins.credentials.ConjurCredentialStoreTest)] DEBUG org.eclipse.jetty.util.thread.QueuedThreadPool -- Starting Thread[Jetty (JenkinsRule)-235,5,main]
18:14:48.956 [Jetty (JenkinsRule)-234] DEBUG org.eclipse.jetty.util.thread.QueuedThreadPool -- Runner started for QueuedThreadPool[Jetty (JenkinsRule)]@15ad0977{STARTING,8<=3<=200,i=3,r=-1,q=0}[ReservedThreadExecutor@3ee614f6{reserved=0/16,pending=0}]
18:14:48.956 [Executing testUserWithoutFolderLevelPermission(org.conjur.jenkins.credentials.ConjurCredentialStoreTest)] DEBUG org.eclipse.jetty.util.thread.QueuedThreadPool -- Starting Thread[Jetty (JenkinsRule)-236,5,main]
18:14:48.956 [Jetty (JenkinsRule)-235] DEBUG org.eclipse.jetty.util.thread.QueuedThreadPool -- Runner started for QueuedThreadPool[Jetty (JenkinsRule)]@15ad0977{STARTING,8<=4<=200,i=4,r=-1,q=0}[ReservedThreadExecutor@3ee614f6{reserved=0/16,pending=0}]
18:14:48.956 [Executing testUserWithoutFolderLevelPermission(org.conjur.jenkins.credentials.ConjurCredentialStoreTest)] DEBUG org.eclipse.jetty.util.thread.QueuedThreadPool -- Starting Thread[Jetty (JenkinsRule)-237,5,main]
18:14:48.956 [Jetty (JenkinsRule)-236] DEBUG org.eclipse.jetty.util.thread.QueuedThreadPool -- Runner started for QueuedThreadPool[Jetty (JenkinsRule)]@15ad0977{STARTING,8<=5<=200,i=5,r=-1,q=0}[ReservedThreadExecutor@3ee614f6{reserved=0/16,pending=0}]
18:14:48.956 [Executing testUserWithoutFolderLevelPermission(org.conjur.jenkins.credentials.ConjurCredentialStoreTest)] DEBUG org.eclipse.jetty.util.thread.QueuedThreadPool -- Starting Thread[Jetty (JenkinsRule)-238,5,main]
18:14:48.956 [Jetty (JenkinsRule)-237] DEBUG org.eclipse.jetty.util.thread.QueuedThreadPool -- Runner started for QueuedThreadPool[Jetty (JenkinsRule)]@15ad0977{STARTING,8<=6<=200,i=6,r=-1,q=0}[ReservedThreadExecutor@3ee614f6{reserved=0/16,pending=0}]
18:14:48.956 [Executing testUserWithoutFolderLevelPermission(org.conjur.jenkins.credentials.ConjurCredentialStoreTest)] DEBUG org.eclipse.jetty.util.thread.QueuedThreadPool -- Starting Thread[Jetty (JenkinsRule)-239,5,main]
18:14:48.956 [Jetty (JenkinsRule)-238] DEBUG org.eclipse.jetty.util.thread.QueuedThreadPool -- Runner started for QueuedThreadPool[Jetty (JenkinsRule)]@15ad0977{STARTING,8<=7<=200,i=7,r=-1,q=0}[ReservedThreadExecutor@3ee614f6{reserved=0/16,pending=0}]
18:14:48.957 [Executing testUserWithoutFolderLevelPermission(org.conjur.jenkins.credentials.ConjurCredentialStoreTest)] DEBUG org.eclipse.jetty.util.thread.QueuedThreadPool -- Starting Thread[Jetty (JenkinsRule)-240,5,main]
18:14:48.957 [Jetty (JenkinsRule)-239] DEBUG org.eclipse.jetty.util.thread.QueuedThreadPool -- Runner started for QueuedThreadPool[Jetty (JenkinsRule)]@15ad0977{STARTING,8<=8<=200,i=8,r=-1,q=0}[ReservedThreadExecutor@3ee614f6{reserved=0/16,pending=0}]
18:14:48.958 [Executing testUserWithoutFolderLevelPermission(org.conjur.jenkins.credentials.ConjurCredentialStoreTest)] DEBUG org.eclipse.jetty.util.component.AbstractLifeCycle -- STARTED @16061ms QueuedThreadPool[Jetty (JenkinsRule)]@15ad0977{STARTED,8<=8<=200,i=8,r=-1,q=0}[ReservedThreadExecutor@3ee614f6{reserved=0/16,pending=0}]
18:14:48.958 [Jetty (JenkinsRule)-240] DEBUG org.eclipse.jetty.util.thread.QueuedThreadPool -- Runner started for QueuedThreadPool[Jetty (JenkinsRule)]@15ad0977{STARTED,8<=8<=200,i=8,r=-1,q=0}[ReservedThreadExecutor@3ee614f6{reserved=0/16,pending=0}]
18:14:48.958 [Executing testUserWithoutFolderLevelPermission(org.conjur.jenkins.credentials.ConjurCredentialStoreTest)] DEBUG org.eclipse.jetty.util.component.AbstractLifeCycle -- starting o.e.j.w.WebAppContext@18157410{/jenkins,file:///Users/sameer.shaik/MyWorkSpace/17OctV2.2.3-New-BitBucketIssueFixed/conjur-credentials-plugin/target/jenkins-for-test/,STOPPED}{/Users/sameer.shaik/MyWorkSpace/17OctV2.2.3-New-BitBucketIssueFixed/conjur-credentials-plugin/target/jenkins-for-test}
18:14:48.958 [Executing testUserWithoutFolderLevelPermission(org.conjur.jenkins.credentials.ConjurCredentialStoreTest)] DEBUG org.eclipse.jetty.webapp.WebAppContext -- Thread Context classloader jdk.internal.loader.ClassLoaders$AppClassLoader@5ffd2b27
18:14:48.958 [Executing testUserWithoutFolderLevelPermission(org.conjur.jenkins.credentials.ConjurCredentialStoreTest)] DEBUG org.eclipse.jetty.webapp.WebAppContext -- Parent class loader: jdk.internal.loader.ClassLoaders$PlatformClassLoader@6a175569 
18:14:48.958 [Executing testUserWithoutFolderLevelPermission(org.conjur.jenkins.credentials.ConjurCredentialStoreTest)] DEBUG org.eclipse.jetty.webapp.WebAppContext -- preConfigure o.e.j.w.WebAppContext@18157410{/jenkins,file:///Users/sameer.shaik/MyWorkSpace/17OctV2.2.3-New-BitBucketIssueFixed/conjur-credentials-plugin/target/jenkins-for-test/,STOPPED}{/Users/sameer.shaik/MyWorkSpace/17OctV2.2.3-New-BitBucketIssueFixed/conjur-credentials-plugin/target/jenkins-for-test} with org.eclipse.jetty.webapp.WebXmlConfiguration@68bf950c
18:14:48.961 [Executing testUserWithoutFolderLevelPermission(org.conjur.jenkins.credentials.ConjurCredentialStoreTest)] DEBUG org.eclipse.jetty.webapp.WebDescriptor -- jar:file:/Users/sameer.shaik/.m2/repository/org/eclipse/jetty/jetty-webapp/9.4.48.v20220622/jetty-webapp-9.4.48.v20220622.jar!/org/eclipse/jetty/webapp/webdefault.xml: Calculated metadatacomplete = False with version=3.1
18:14:48.963 [Executing testUserWithoutFolderLevelPermission(org.conjur.jenkins.credentials.ConjurCredentialStoreTest)] DEBUG org.eclipse.jetty.webapp.WebDescriptor -- file:///Users/sameer.shaik/MyWorkSpace/17OctV2.2.3-New-BitBucketIssueFixed/conjur-credentials-plugin/target/jenkins-for-test/WEB-INF/web.xml: Calculated metadatacomplete = True with version=3.1
18:14:48.963 [Executing testUserWithoutFolderLevelPermission(org.conjur.jenkins.credentials.ConjurCredentialStoreTest)] DEBUG org.eclipse.jetty.webapp.WebAppContext -- configure o.e.j.w.WebAppContext@18157410{/jenkins,file:///Users/sameer.shaik/MyWorkSpace/17OctV2.2.3-New-BitBucketIssueFixed/conjur-credentials-plugin/target/jenkins-for-test/,STARTING}{/Users/sameer.shaik/MyWorkSpace/17OctV2.2.3-New-BitBucketIssueFixed/conjur-credentials-plugin/target/jenkins-for-test} with org.eclipse.jetty.webapp.WebXmlConfiguration@68bf950c
18:14:48.964 [Executing testUserWithoutFolderLevelPermission(org.conjur.jenkins.credentials.ConjurCredentialStoreTest)] DEBUG org.eclipse.jetty.webapp.MetaData -- metadata resolve o.e.j.w.WebAppContext@18157410{/jenkins,file:///Users/sameer.shaik/MyWorkSpace/17OctV2.2.3-New-BitBucketIssueFixed/conjur-credentials-plugin/target/jenkins-for-test/,STARTING}{/Users/sameer.shaik/MyWorkSpace/17OctV2.2.3-New-BitBucketIssueFixed/conjur-credentials-plugin/target/jenkins-for-test}
18:14:48.964 [Executing testUserWithoutFolderLevelPermission(org.conjur.jenkins.credentials.ConjurCredentialStoreTest)] DEBUG org.eclipse.jetty.util.component.ContainerLifeCycle -- ServletHandler@7b65109e{STOPPED} added {org.eclipse.jetty.servlet.listener.ELContextCleaner@44739485{src=DESCRIPTOR:jar:file:/Users/sameer.shaik/.m2/repository/org/eclipse/jetty/jetty-webapp/9.4.48.v20220622/jetty-webapp-9.4.48.v20220622.jar!/org/eclipse/jetty/webapp/webdefault.xml},AUTO}
18:14:48.964 [Executing testUserWithoutFolderLevelPermission(org.conjur.jenkins.credentials.ConjurCredentialStoreTest)] DEBUG org.eclipse.jetty.util.component.ContainerLifeCycle -- ServletHandler@7b65109e{STOPPED} added {org.eclipse.jetty.servlet.listener.IntrospectorCleaner@50f06ef2{src=DESCRIPTOR:jar:file:/Users/sameer.shaik/.m2/repository/org/eclipse/jetty/jetty-webapp/9.4.48.v20220622/jetty-webapp-9.4.48.v20220622.jar!/org/eclipse/jetty/webapp/webdefault.xml},AUTO}
18:14:48.964 [Executing testUserWithoutFolderLevelPermission(org.conjur.jenkins.credentials.ConjurCredentialStoreTest)] DEBUG org.eclipse.jetty.webapp.StandardDescriptorProcessor -- Added mapping [/]=>default 
18:14:48.964 [Executing testUserWithoutFolderLevelPermission(org.conjur.jenkins.credentials.ConjurCredentialStoreTest)] INFO org.eclipse.jetty.webapp.StandardDescriptorProcessor -- NO JSP Support for /jenkins, did not find org.eclipse.jetty.jsp.JettyJspServlet
18:14:48.964 [Executing testUserWithoutFolderLevelPermission(org.conjur.jenkins.credentials.ConjurCredentialStoreTest)] DEBUG org.eclipse.jetty.webapp.StandardDescriptorProcessor -- Added mapping [*.jsp, *.jspf, *.jspx, *.xsp, *.JSP, *.JSPF, *.JSPX, *.XSP]=>jsp 
18:14:48.965 [Executing testUserWithoutFolderLevelPermission(org.conjur.jenkins.credentials.ConjurCredentialStoreTest)] DEBUG org.eclipse.jetty.server.session -- SessionManager default maxInactiveInterval=1800
18:14:48.965 [Executing testUserWithoutFolderLevelPermission(org.conjur.jenkins.credentials.ConjurCredentialStoreTest)] DEBUG org.eclipse.jetty.util.component.ContainerLifeCycle -- ServletHandler@7b65109e{STOPPED} added {default==org.eclipse.jetty.servlet.DefaultServlet@5c13d641{jsp=null,order=0,inst=false,async=false,src=DESCRIPTOR:jar:file:/Users/sameer.shaik/.m2/repository/org/eclipse/jetty/jetty-webapp/9.4.48.v20220622/jetty-webapp-9.4.48.v20220622.jar!/org/eclipse/jetty/webapp/webdefault.xml,STOPPED},AUTO}
18:14:48.965 [Executing testUserWithoutFolderLevelPermission(org.conjur.jenkins.credentials.ConjurCredentialStoreTest)] DEBUG org.eclipse.jetty.util.component.ContainerLifeCycle -- ServletHandler@7b65109e{STOPPED} added {jsp==org.eclipse.jetty.servlet.NoJspServlet@19c47{jsp=null,order=0,inst=false,async=false,src=DESCRIPTOR:jar:file:/Users/sameer.shaik/.m2/repository/org/eclipse/jetty/jetty-webapp/9.4.48.v20220622/jetty-webapp-9.4.48.v20220622.jar!/org/eclipse/jetty/webapp/webdefault.xml,STOPPED},AUTO}
18:14:48.965 [Executing testUserWithoutFolderLevelPermission(org.conjur.jenkins.credentials.ConjurCredentialStoreTest)] DEBUG org.eclipse.jetty.util.component.ContainerLifeCycle -- ServletHandler@7b65109e{STOPPED} added {[/]=>default,POJO}
18:14:48.965 [Executing testUserWithoutFolderLevelPermission(org.conjur.jenkins.credentials.ConjurCredentialStoreTest)] DEBUG org.eclipse.jetty.util.component.ContainerLifeCycle -- ServletHandler@7b65109e{STOPPED} added {[*.jsp, *.jspf, *.jspx, *.xsp, *.JSP, *.JSPF, *.JSPX, *.XSP]=>jsp,POJO}
18:14:48.965 [Executing testUserWithoutFolderLevelPermission(org.conjur.jenkins.credentials.ConjurCredentialStoreTest)] DEBUG org.eclipse.jetty.webapp.StandardDescriptorProcessor -- Added mapping [/*]=>Stapler 
18:14:48.966 [Executing testUserWithoutFolderLevelPermission(org.conjur.jenkins.credentials.ConjurCredentialStoreTest)] DEBUG org.eclipse.jetty.util.component.ContainerLifeCycle -- ServletHandler@7b65109e{STOPPED} added {jenkins.util.SystemProperties$Listener@5e7ead81{src=DESCRIPTOR:file:///Users/sameer.shaik/MyWorkSpace/17OctV2.2.3-New-BitBucketIssueFixed/conjur-credentials-plugin/target/jenkins-for-test/WEB-INF/web.xml},AUTO}
18:14:48.966 [Executing testUserWithoutFolderLevelPermission(org.conjur.jenkins.credentials.ConjurCredentialStoreTest)] DEBUG org.eclipse.jetty.util.component.ContainerLifeCycle -- ServletHandler@7b65109e{STOPPED} added {hudson.WebAppMain@55af84dc{src=DESCRIPTOR:file:///Users/sameer.shaik/MyWorkSpace/17OctV2.2.3-New-BitBucketIssueFixed/conjur-credentials-plugin/target/jenkins-for-test/WEB-INF/web.xml},AUTO}
18:14:48.966 [Executing testUserWithoutFolderLevelPermission(org.conjur.jenkins.credentials.ConjurCredentialStoreTest)] DEBUG org.eclipse.jetty.util.component.ContainerLifeCycle -- ServletHandler@7b65109e{STOPPED} added {jenkins.JenkinsHttpSessionListener@7de9bf36{src=DESCRIPTOR:file:///Users/sameer.shaik/MyWorkSpace/17OctV2.2.3-New-BitBucketIssueFixed/conjur-credentials-plugin/target/jenkins-for-test/WEB-INF/web.xml},AUTO}
18:14:48.967 [Executing testUserWithoutFolderLevelPermission(org.conjur.jenkins.credentials.ConjurCredentialStoreTest)] DEBUG org.eclipse.jetty.util.component.ContainerLifeCycle -- ServletHandler@7b65109e{STOPPED} added {suspicious-request-filter==jenkins.security.SuspiciousRequestFilter@27e0f6ef{inst=false,async=true,src=DESCRIPTOR:file:///Users/sameer.shaik/MyWorkSpace/17OctV2.2.3-New-BitBucketIssueFixed/conjur-credentials-plugin/target/jenkins-for-test/WEB-INF/web.xml},AUTO}
18:14:48.967 [Executing testUserWithoutFolderLevelPermission(org.conjur.jenkins.credentials.ConjurCredentialStoreTest)] DEBUG org.eclipse.jetty.util.component.ContainerLifeCycle -- ServletHandler@7b65109e{STOPPED} added {diagnostic-name-filter==org.kohsuke.stapler.DiagnosticThreadNameFilter@17c0fd2a{inst=false,async=true,src=DESCRIPTOR:file:///Users/sameer.shaik/MyWorkSpace/17OctV2.2.3-New-BitBucketIssueFixed/conjur-credentials-plugin/target/jenkins-for-test/WEB-INF/web.xml},AUTO}
18:14:48.967 [Executing testUserWithoutFolderLevelPermission(org.conjur.jenkins.credentials.ConjurCredentialStoreTest)] DEBUG org.eclipse.jetty.util.component.ContainerLifeCycle -- ServletHandler@7b65109e{STOPPED} added {encoding-filter==hudson.util.CharacterEncodingFilter@7f19c74f{inst=false,async=true,src=DESCRIPTOR:file:///Users/sameer.shaik/MyWorkSpace/17OctV2.2.3-New-BitBucketIssueFixed/conjur-credentials-plugin/target/jenkins-for-test/WEB-INF/web.xml},AUTO}
18:14:48.967 [Executing testUserWithoutFolderLevelPermission(org.conjur.jenkins.credentials.ConjurCredentialStoreTest)] DEBUG org.eclipse.jetty.util.component.ContainerLifeCycle -- ServletHandler@7b65109e{STOPPED} added {compression-filter==org.kohsuke.stapler.compression.CompressionFilter@7103ae41{inst=false,async=true,src=DESCRIPTOR:file:///Users/sameer.shaik/MyWorkSpace/17OctV2.2.3-New-BitBucketIssueFixed/conjur-credentials-plugin/target/jenkins-for-test/WEB-INF/web.xml},AUTO}
18:14:48.967 [Executing testUserWithoutFolderLevelPermission(org.conjur.jenkins.credentials.ConjurCredentialStoreTest)] DEBUG org.eclipse.jetty.util.component.ContainerLifeCycle -- ServletHandler@7b65109e{STOPPED} added {authentication-filter==hudson.security.HudsonFilter@51f46900{inst=false,async=true,src=DESCRIPTOR:file:///Users/sameer.shaik/MyWorkSpace/17OctV2.2.3-New-BitBucketIssueFixed/conjur-credentials-plugin/target/jenkins-for-test/WEB-INF/web.xml},AUTO}
18:14:48.967 [Executing testUserWithoutFolderLevelPermission(org.conjur.jenkins.credentials.ConjurCredentialStoreTest)] DEBUG org.eclipse.jetty.util.component.ContainerLifeCycle -- ServletHandler@7b65109e{STOPPED} added {csrf-filter==hudson.security.csrf.CrumbFilter@414de7b9{inst=false,async=true,src=DESCRIPTOR:file:///Users/sameer.shaik/MyWorkSpace/17OctV2.2.3-New-BitBucketIssueFixed/conjur-credentials-plugin/target/jenkins-for-test/WEB-INF/web.xml},AUTO}
18:14:48.967 [Executing testUserWithoutFolderLevelPermission(org.conjur.jenkins.credentials.ConjurCredentialStoreTest)] DEBUG org.eclipse.jetty.util.component.ContainerLifeCycle -- ServletHandler@7b65109e{STOPPED} added {plugins-filter==hudson.util.PluginServletFilter@705f6360{inst=false,async=true,src=DESCRIPTOR:file:///Users/sameer.shaik/MyWorkSpace/17OctV2.2.3-New-BitBucketIssueFixed/conjur-credentials-plugin/target/jenkins-for-test/WEB-INF/web.xml},AUTO}
18:14:48.967 [Executing testUserWithoutFolderLevelPermission(org.conjur.jenkins.credentials.ConjurCredentialStoreTest)] DEBUG org.eclipse.jetty.util.component.ContainerLifeCycle -- ServletHandler@7b65109e{STOPPED} added {Stapler==org.kohsuke.stapler.Stapler@f222d1a9{jsp=null,order=-1,inst=false,async=true,src=DESCRIPTOR:file:///Users/sameer.shaik/MyWorkSpace/17OctV2.2.3-New-BitBucketIssueFixed/conjur-credentials-plugin/target/jenkins-for-test/WEB-INF/web.xml,STOPPED},AUTO}
18:14:48.967 [Executing testUserWithoutFolderLevelPermission(org.conjur.jenkins.credentials.ConjurCredentialStoreTest)] DEBUG org.eclipse.jetty.util.component.ContainerLifeCycle -- ServletHandler@7b65109e{STOPPED} added {[/*]/[]/[REQUEST]=>suspicious-request-filter,POJO}
18:14:48.968 [Executing testUserWithoutFolderLevelPermission(org.conjur.jenkins.credentials.ConjurCredentialStoreTest)] DEBUG org.eclipse.jetty.util.component.ContainerLifeCycle -- ServletHandler@7b65109e{STOPPED} added {[/*]/[]/[REQUEST]=>diagnostic-name-filter,POJO}
18:14:48.968 [Executing testUserWithoutFolderLevelPermission(org.conjur.jenkins.credentials.ConjurCredentialStoreTest)] DEBUG org.eclipse.jetty.util.component.ContainerLifeCycle -- ServletHandler@7b65109e{STOPPED} added {[/*]/[]/[REQUEST]=>encoding-filter,POJO}
18:14:48.968 [Executing testUserWithoutFolderLevelPermission(org.conjur.jenkins.credentials.ConjurCredentialStoreTest)] DEBUG org.eclipse.jetty.util.component.ContainerLifeCycle -- ServletHandler@7b65109e{STOPPED} added {[/*]/[]/[REQUEST]=>compression-filter,POJO}
18:14:48.968 [Executing testUserWithoutFolderLevelPermission(org.conjur.jenkins.credentials.ConjurCredentialStoreTest)] DEBUG org.eclipse.jetty.util.component.ContainerLifeCycle -- ServletHandler@7b65109e{STOPPED} added {[/*]/[]/[REQUEST]=>authentication-filter,POJO}
18:14:48.968 [Executing testUserWithoutFolderLevelPermission(org.conjur.jenkins.credentials.ConjurCredentialStoreTest)] DEBUG org.eclipse.jetty.util.component.ContainerLifeCycle -- ServletHandler@7b65109e{STOPPED} added {[/*]/[]/[REQUEST]=>csrf-filter,POJO}
18:14:48.968 [Executing testUserWithoutFolderLevelPermission(org.conjur.jenkins.credentials.ConjurCredentialStoreTest)] DEBUG org.eclipse.jetty.util.component.ContainerLifeCycle -- ServletHandler@7b65109e{STOPPED} added {[/*]/[]/[REQUEST]=>plugins-filter,POJO}
18:14:48.968 [Executing testUserWithoutFolderLevelPermission(org.conjur.jenkins.credentials.ConjurCredentialStoreTest)] DEBUG org.eclipse.jetty.util.component.ContainerLifeCycle -- ServletHandler@7b65109e{STOPPED} added {[/*]=>Stapler,POJO}
18:14:48.968 [Executing testUserWithoutFolderLevelPermission(org.conjur.jenkins.credentials.ConjurCredentialStoreTest)] DEBUG org.eclipse.jetty.util.component.AbstractLifeCycle -- starting org.eclipse.jetty.servlet.listener.ELContextCleaner@44739485{src=DESCRIPTOR:jar:file:/Users/sameer.shaik/.m2/repository/org/eclipse/jetty/jetty-webapp/9.4.48.v20220622/jetty-webapp-9.4.48.v20220622.jar!/org/eclipse/jetty/webapp/webdefault.xml}
18:14:48.968 [Executing testUserWithoutFolderLevelPermission(org.conjur.jenkins.credentials.ConjurCredentialStoreTest)] DEBUG org.eclipse.jetty.servlet.BaseHolder -- Holding class org.eclipse.jetty.servlet.listener.ELContextCleaner from jdk.internal.loader.ClassLoaders$AppClassLoader@5ffd2b27
18:14:48.968 [Executing testUserWithoutFolderLevelPermission(org.conjur.jenkins.credentials.ConjurCredentialStoreTest)] DEBUG org.eclipse.jetty.util.component.AbstractLifeCycle -- STARTED @16072ms org.eclipse.jetty.servlet.listener.ELContextCleaner@44739485{src=DESCRIPTOR:jar:file:/Users/sameer.shaik/.m2/repository/org/eclipse/jetty/jetty-webapp/9.4.48.v20220622/jetty-webapp-9.4.48.v20220622.jar!/org/eclipse/jetty/webapp/webdefault.xml}
18:14:48.968 [Executing testUserWithoutFolderLevelPermission(org.conjur.jenkins.credentials.ConjurCredentialStoreTest)] DEBUG org.eclipse.jetty.util.component.AbstractLifeCycle -- starting org.eclipse.jetty.servlet.listener.IntrospectorCleaner@50f06ef2{src=DESCRIPTOR:jar:file:/Users/sameer.shaik/.m2/repository/org/eclipse/jetty/jetty-webapp/9.4.48.v20220622/jetty-webapp-9.4.48.v20220622.jar!/org/eclipse/jetty/webapp/webdefault.xml}
18:14:48.968 [Executing testUserWithoutFolderLevelPermission(org.conjur.jenkins.credentials.ConjurCredentialStoreTest)] DEBUG org.eclipse.jetty.servlet.BaseHolder -- Holding class org.eclipse.jetty.servlet.listener.IntrospectorCleaner from jdk.internal.loader.ClassLoaders$AppClassLoader@5ffd2b27
18:14:48.968 [Executing testUserWithoutFolderLevelPermission(org.conjur.jenkins.credentials.ConjurCredentialStoreTest)] DEBUG org.eclipse.jetty.util.component.AbstractLifeCycle -- STARTED @16072ms org.eclipse.jetty.servlet.listener.IntrospectorCleaner@50f06ef2{src=DESCRIPTOR:jar:file:/Users/sameer.shaik/.m2/repository/org/eclipse/jetty/jetty-webapp/9.4.48.v20220622/jetty-webapp-9.4.48.v20220622.jar!/org/eclipse/jetty/webapp/webdefault.xml}
18:14:48.968 [Executing testUserWithoutFolderLevelPermission(org.conjur.jenkins.credentials.ConjurCredentialStoreTest)] DEBUG org.eclipse.jetty.util.component.AbstractLifeCycle -- starting jenkins.util.SystemProperties$Listener@5e7ead81{src=DESCRIPTOR:file:///Users/sameer.shaik/MyWorkSpace/17OctV2.2.3-New-BitBucketIssueFixed/conjur-credentials-plugin/target/jenkins-for-test/WEB-INF/web.xml}
18:14:48.968 [Executing testUserWithoutFolderLevelPermission(org.conjur.jenkins.credentials.ConjurCredentialStoreTest)] DEBUG org.eclipse.jetty.servlet.BaseHolder -- Holding class jenkins.util.SystemProperties$Listener from jdk.internal.loader.ClassLoaders$AppClassLoader@5ffd2b27
18:14:48.968 [Executing testUserWithoutFolderLevelPermission(org.conjur.jenkins.credentials.ConjurCredentialStoreTest)] DEBUG org.eclipse.jetty.util.component.AbstractLifeCycle -- STARTED @16072ms jenkins.util.SystemProperties$Listener@5e7ead81{src=DESCRIPTOR:file:///Users/sameer.shaik/MyWorkSpace/17OctV2.2.3-New-BitBucketIssueFixed/conjur-credentials-plugin/target/jenkins-for-test/WEB-INF/web.xml}
18:14:48.968 [Executing testUserWithoutFolderLevelPermission(org.conjur.jenkins.credentials.ConjurCredentialStoreTest)] DEBUG org.eclipse.jetty.util.component.AbstractLifeCycle -- starting hudson.WebAppMain@55af84dc{src=DESCRIPTOR:file:///Users/sameer.shaik/MyWorkSpace/17OctV2.2.3-New-BitBucketIssueFixed/conjur-credentials-plugin/target/jenkins-for-test/WEB-INF/web.xml}
18:14:48.968 [Executing testUserWithoutFolderLevelPermission(org.conjur.jenkins.credentials.ConjurCredentialStoreTest)] DEBUG org.eclipse.jetty.servlet.BaseHolder -- Holding class hudson.WebAppMain from jdk.internal.loader.ClassLoaders$AppClassLoader@5ffd2b27
18:14:48.968 [Executing testUserWithoutFolderLevelPermission(org.conjur.jenkins.credentials.ConjurCredentialStoreTest)] DEBUG org.eclipse.jetty.util.component.AbstractLifeCycle -- STARTED @16072ms hudson.WebAppMain@55af84dc{src=DESCRIPTOR:file:///Users/sameer.shaik/MyWorkSpace/17OctV2.2.3-New-BitBucketIssueFixed/conjur-credentials-plugin/target/jenkins-for-test/WEB-INF/web.xml}
18:14:48.968 [Executing testUserWithoutFolderLevelPermission(org.conjur.jenkins.credentials.ConjurCredentialStoreTest)] DEBUG org.eclipse.jetty.util.component.AbstractLifeCycle -- starting jenkins.JenkinsHttpSessionListener@7de9bf36{src=DESCRIPTOR:file:///Users/sameer.shaik/MyWorkSpace/17OctV2.2.3-New-BitBucketIssueFixed/conjur-credentials-plugin/target/jenkins-for-test/WEB-INF/web.xml}
18:14:48.968 [Executing testUserWithoutFolderLevelPermission(org.conjur.jenkins.credentials.ConjurCredentialStoreTest)] DEBUG org.eclipse.jetty.servlet.BaseHolder -- Holding class jenkins.JenkinsHttpSessionListener from jdk.internal.loader.ClassLoaders$AppClassLoader@5ffd2b27
18:14:48.969 [Executing testUserWithoutFolderLevelPermission(org.conjur.jenkins.credentials.ConjurCredentialStoreTest)] DEBUG org.eclipse.jetty.util.component.ContainerLifeCycle -- org.eclipse.jetty.server.session.SessionHandler884997123==dftMaxIdleSec=1800 added {jenkins.JenkinsHttpSessionListener@1cc2aa8c,UNMANAGED}
18:14:48.969 [Executing testUserWithoutFolderLevelPermission(org.conjur.jenkins.credentials.ConjurCredentialStoreTest)] DEBUG org.eclipse.jetty.util.component.AbstractLifeCycle -- STARTED @16072ms jenkins.JenkinsHttpSessionListener@7de9bf36{src=DESCRIPTOR:file:///Users/sameer.shaik/MyWorkSpace/17OctV2.2.3-New-BitBucketIssueFixed/conjur-credentials-plugin/target/jenkins-for-test/WEB-INF/web.xml}
18:14:48.969 [Executing testUserWithoutFolderLevelPermission(org.conjur.jenkins.credentials.ConjurCredentialStoreTest)] DEBUG org.eclipse.jetty.server.handler.AbstractHandler -- starting o.e.j.w.WebAppContext@18157410{Jenkins v2.346.3,/jenkins,file:///Users/sameer.shaik/MyWorkSpace/17OctV2.2.3-New-BitBucketIssueFixed/conjur-credentials-plugin/target/jenkins-for-test/,STARTING}{/Users/sameer.shaik/MyWorkSpace/17OctV2.2.3-New-BitBucketIssueFixed/conjur-credentials-plugin/target/jenkins-for-test}
18:14:48.969 [Executing testUserWithoutFolderLevelPermission(org.conjur.jenkins.credentials.ConjurCredentialStoreTest)] DEBUG org.eclipse.jetty.util.component.AbstractLifeCycle -- starting SymlinkAllowedResourceAliasChecker@650e30d4{base=null,protected=[/WEB-INF, /META-INF]}
18:14:48.969 [Executing testUserWithoutFolderLevelPermission(org.conjur.jenkins.credentials.ConjurCredentialStoreTest)] DEBUG org.eclipse.jetty.util.component.AbstractLifeCycle -- STARTED @16073ms SymlinkAllowedResourceAliasChecker@650e30d4{base=null,protected=[/WEB-INF, /META-INF]}
18:14:48.969 [Executing testUserWithoutFolderLevelPermission(org.conjur.jenkins.credentials.ConjurCredentialStoreTest)] DEBUG org.eclipse.jetty.util.component.AbstractLifeCycle -- starting org.eclipse.jetty.server.session.SessionHandler884997123==dftMaxIdleSec=1800
18:14:48.969 [Executing testUserWithoutFolderLevelPermission(org.conjur.jenkins.credentials.ConjurCredentialStoreTest)] DEBUG org.eclipse.jetty.util.component.ContainerLifeCycle -- org.eclipse.jetty.server.session.SessionHandler884997123==dftMaxIdleSec=1800 added {org.eclipse.jetty.server.session.DefaultSessionCache@6e8c7c7d[evict=-1,removeUnloadable=false,saveOnCreate=false,saveOnInactiveEvict=false],AUTO}
18:14:48.969 [Executing testUserWithoutFolderLevelPermission(org.conjur.jenkins.credentials.ConjurCredentialStoreTest)] DEBUG org.eclipse.jetty.util.component.ContainerLifeCycle -- org.eclipse.jetty.server.session.DefaultSessionCache@6e8c7c7d[evict=-1,removeUnloadable=false,saveOnCreate=false,saveOnInactiveEvict=false] added {org.eclipse.jetty.server.session.NullSessionDataStore@40523e3a[passivating=false,graceSec=3600],AUTO}
18:14:48.969 [Executing testUserWithoutFolderLevelPermission(org.conjur.jenkins.credentials.ConjurCredentialStoreTest)] DEBUG org.eclipse.jetty.util.component.AbstractLifeCycle -- starting DefaultSessionIdManager@4b1d1133{STOPPED}[worker=null]
18:14:48.969 [Executing testUserWithoutFolderLevelPermission(org.conjur.jenkins.credentials.ConjurCredentialStoreTest)] INFO org.eclipse.jetty.server.session -- DefaultSessionIdManager workerName=node0
18:14:48.969 [Executing testUserWithoutFolderLevelPermission(org.conjur.jenkins.credentials.ConjurCredentialStoreTest)] INFO org.eclipse.jetty.server.session -- No SessionScavenger set, using defaults
18:14:48.969 [Executing testUserWithoutFolderLevelPermission(org.conjur.jenkins.credentials.ConjurCredentialStoreTest)] DEBUG org.eclipse.jetty.util.component.ContainerLifeCycle -- DefaultSessionIdManager@4b1d1133{STARTING}[worker=node0] added {HouseKeeper@42824416{STOPPED}[interval=600000, ownscheduler=false],MANAGED}
18:14:48.969 [Executing testUserWithoutFolderLevelPermission(org.conjur.jenkins.credentials.ConjurCredentialStoreTest)] DEBUG org.eclipse.jetty.util.component.AbstractLifeCycle -- starting HouseKeeper@42824416{STOPPED}[interval=600000, ownscheduler=false]
18:14:48.969 [Executing testUserWithoutFolderLevelPermission(org.conjur.jenkins.credentials.ConjurCredentialStoreTest)] DEBUG org.eclipse.jetty.util.component.AbstractLifeCycle -- starting ScheduledExecutorScheduler@4f60b7af{STOPPED}
18:14:48.969 [Executing testUserWithoutFolderLevelPermission(org.conjur.jenkins.credentials.ConjurCredentialStoreTest)] DEBUG org.eclipse.jetty.util.component.AbstractLifeCycle -- STARTED @16073ms ScheduledExecutorScheduler@4f60b7af{STARTED}
18:14:48.969 [Executing testUserWithoutFolderLevelPermission(org.conjur.jenkins.credentials.ConjurCredentialStoreTest)] DEBUG org.eclipse.jetty.server.session -- Using own scheduler for scavenging
18:14:48.969 [Executing testUserWithoutFolderLevelPermission(org.conjur.jenkins.credentials.ConjurCredentialStoreTest)] INFO org.eclipse.jetty.server.session -- node0 Scavenging every 600000ms
18:14:48.970 [Executing testUserWithoutFolderLevelPermission(org.conjur.jenkins.credentials.ConjurCredentialStoreTest)] DEBUG org.eclipse.jetty.util.component.AbstractLifeCycle -- STARTED @16074ms HouseKeeper@42824416{STARTED}[interval=600000, ownscheduler=true]
18:14:48.970 [Executing testUserWithoutFolderLevelPermission(org.conjur.jenkins.credentials.ConjurCredentialStoreTest)] DEBUG org.eclipse.jetty.util.component.AbstractLifeCycle -- STARTED @16074ms DefaultSessionIdManager@4b1d1133{STARTED}[worker=node0]
18:14:48.970 [Executing testUserWithoutFolderLevelPermission(org.conjur.jenkins.credentials.ConjurCredentialStoreTest)] DEBUG org.eclipse.jetty.util.component.ContainerLifeCycle -- Server@5490034c{STARTING}[9.4.48.v20220622] added {DefaultSessionIdManager@4b1d1133{STARTED}[worker=node0],MANAGED}
18:14:48.971 [Executing testUserWithoutFolderLevelPermission(org.conjur.jenkins.credentials.ConjurCredentialStoreTest)] DEBUG org.eclipse.jetty.util.component.ContainerLifeCycle -- org.eclipse.jetty.server.session.SessionHandler884997123==dftMaxIdleSec=1800 added {DefaultSessionIdManager@4b1d1133{STARTED}[worker=node0],UNMANAGED}
18:14:48.971 [Executing testUserWithoutFolderLevelPermission(org.conjur.jenkins.credentials.ConjurCredentialStoreTest)] DEBUG org.eclipse.jetty.util.component.AbstractLifeCycle -- starting ScheduledExecutorScheduler@3d25fdef{STOPPED}
18:14:48.971 [Executing testUserWithoutFolderLevelPermission(org.conjur.jenkins.credentials.ConjurCredentialStoreTest)] DEBUG org.eclipse.jetty.util.component.AbstractLifeCycle -- STARTED @16074ms ScheduledExecutorScheduler@3d25fdef{STARTED}
18:14:48.971 [Executing testUserWithoutFolderLevelPermission(org.conjur.jenkins.credentials.ConjurCredentialStoreTest)] DEBUG org.eclipse.jetty.server.handler.AbstractHandler -- starting org.eclipse.jetty.server.session.SessionHandler884997123==dftMaxIdleSec=1800
18:14:48.971 [Executing testUserWithoutFolderLevelPermission(org.conjur.jenkins.credentials.ConjurCredentialStoreTest)] DEBUG org.eclipse.jetty.util.component.AbstractLifeCycle -- starting ConstraintSecurityHandler@739bb70{STOPPED}
18:14:48.971 [Executing testUserWithoutFolderLevelPermission(org.conjur.jenkins.credentials.ConjurCredentialStoreTest)] DEBUG org.eclipse.jetty.util.component.ContainerLifeCycle -- ConstraintSecurityHandler@739bb70{STARTING} added {org.eclipse.jetty.security.DefaultIdentityService@17eeed06,POJO}
18:14:48.971 [Executing testUserWithoutFolderLevelPermission(org.conjur.jenkins.credentials.ConjurCredentialStoreTest)] DEBUG org.eclipse.jetty.security.SecurityHandler -- Created authenticator org.eclipse.jetty.security.authentication.FormAuthenticator@6dd7bca9 with org.eclipse.jetty.security.DefaultAuthenticatorFactory@a76ae10
18:14:48.971 [Executing testUserWithoutFolderLevelPermission(org.conjur.jenkins.credentials.ConjurCredentialStoreTest)] DEBUG org.eclipse.jetty.util.component.ContainerLifeCycle -- ConstraintSecurityHandler@739bb70{STARTING} added {org.eclipse.jetty.security.authentication.FormAuthenticator@6dd7bca9,POJO}
18:14:48.971 [Executing testUserWithoutFolderLevelPermission(org.conjur.jenkins.credentials.ConjurCredentialStoreTest)] DEBUG org.eclipse.jetty.server.handler.AbstractHandler -- starting ConstraintSecurityHandler@739bb70{STARTING}
18:14:48.971 [Executing testUserWithoutFolderLevelPermission(org.conjur.jenkins.credentials.ConjurCredentialStoreTest)] DEBUG org.eclipse.jetty.util.component.AbstractLifeCycle -- starting ServletHandler@7b65109e{STOPPED}
18:14:48.971 [Executing testUserWithoutFolderLevelPermission(org.conjur.jenkins.credentials.ConjurCredentialStoreTest)] DEBUG org.eclipse.jetty.servlet.ServletHandler -- Path=*.jspx[DESCRIPTOR:jar:file:/Users/sameer.shaik/.m2/repository/org/eclipse/jetty/jetty-webapp/9.4.48.v20220622/jetty-webapp-9.4.48.v20220622.jar!/org/eclipse/jetty/webapp/webdefault.xml] mapped to servlet=jsp[DESCRIPTOR:jar:file:/Users/sameer.shaik/.m2/repository/org/eclipse/jetty/jetty-webapp/9.4.48.v20220622/jetty-webapp-9.4.48.v20220622.jar!/org/eclipse/jetty/webapp/webdefault.xml]
18:14:48.971 [Executing testUserWithoutFolderLevelPermission(org.conjur.jenkins.credentials.ConjurCredentialStoreTest)] DEBUG org.eclipse.jetty.http.pathmap.ServletPathSpec -- Creating ServletPathSpec[*.jspx] (group: SUFFIX_GLOB, prefix: "null", suffix: "jspx")
18:14:48.971 [Executing testUserWithoutFolderLevelPermission(org.conjur.jenkins.credentials.ConjurCredentialStoreTest)] DEBUG org.eclipse.jetty.http.pathmap.PathMappings -- Added MappedResource[pathSpec=ServletPathSpec@96a7cfb7{*.jspx},resource=jsp==org.eclipse.jetty.servlet.NoJspServlet@19c47{jsp=null,order=0,inst=false,async=false,src=DESCRIPTOR:jar:file:/Users/sameer.shaik/.m2/repository/org/eclipse/jetty/jetty-webapp/9.4.48.v20220622/jetty-webapp-9.4.48.v20220622.jar!/org/eclipse/jetty/webapp/webdefault.xml,STOPPED}] to PathMappings[size=1]
18:14:48.971 [Executing testUserWithoutFolderLevelPermission(org.conjur.jenkins.credentials.ConjurCredentialStoreTest)] DEBUG org.eclipse.jetty.servlet.ServletHandler -- Path=*.JSPX[DESCRIPTOR:jar:file:/Users/sameer.shaik/.m2/repository/org/eclipse/jetty/jetty-webapp/9.4.48.v20220622/jetty-webapp-9.4.48.v20220622.jar!/org/eclipse/jetty/webapp/webdefault.xml] mapped to servlet=jsp[DESCRIPTOR:jar:file:/Users/sameer.shaik/.m2/repository/org/eclipse/jetty/jetty-webapp/9.4.48.v20220622/jetty-webapp-9.4.48.v20220622.jar!/org/eclipse/jetty/webapp/webdefault.xml]
18:14:48.971 [Executing testUserWithoutFolderLevelPermission(org.conjur.jenkins.credentials.ConjurCredentialStoreTest)] DEBUG org.eclipse.jetty.http.pathmap.ServletPathSpec -- Creating ServletPathSpec[*.JSPX] (group: SUFFIX_GLOB, prefix: "null", suffix: "JSPX")
18:14:48.971 [Executing testUserWithoutFolderLevelPermission(org.conjur.jenkins.credentials.ConjurCredentialStoreTest)] DEBUG org.eclipse.jetty.http.pathmap.PathMappings -- Added MappedResource[pathSpec=ServletPathSpec@94d5d7b7{*.JSPX},resource=jsp==org.eclipse.jetty.servlet.NoJspServlet@19c47{jsp=null,order=0,inst=false,async=false,src=DESCRIPTOR:jar:file:/Users/sameer.shaik/.m2/repository/org/eclipse/jetty/jetty-webapp/9.4.48.v20220622/jetty-webapp-9.4.48.v20220622.jar!/org/eclipse/jetty/webapp/webdefault.xml,STOPPED}] to PathMappings[size=2]
18:14:48.971 [Executing testUserWithoutFolderLevelPermission(org.conjur.jenkins.credentials.ConjurCredentialStoreTest)] DEBUG org.eclipse.jetty.servlet.ServletHandler -- Path=*.JSPF[DESCRIPTOR:jar:file:/Users/sameer.shaik/.m2/repository/org/eclipse/jetty/jetty-webapp/9.4.48.v20220622/jetty-webapp-9.4.48.v20220622.jar!/org/eclipse/jetty/webapp/webdefault.xml] mapped to servlet=jsp[DESCRIPTOR:jar:file:/Users/sameer.shaik/.m2/repository/org/eclipse/jetty/jetty-webapp/9.4.48.v20220622/jetty-webapp-9.4.48.v20220622.jar!/org/eclipse/jetty/webapp/webdefault.xml]
18:14:48.972 [Executing testUserWithoutFolderLevelPermission(org.conjur.jenkins.credentials.ConjurCredentialStoreTest)] DEBUG org.eclipse.jetty.http.pathmap.ServletPathSpec -- Creating ServletPathSpec[*.JSPF] (group: SUFFIX_GLOB, prefix: "null", suffix: "JSPF")
18:14:48.972 [Executing testUserWithoutFolderLevelPermission(org.conjur.jenkins.credentials.ConjurCredentialStoreTest)] DEBUG org.eclipse.jetty.http.pathmap.PathMappings -- Added MappedResource[pathSpec=ServletPathSpec@94d5d589{*.JSPF},resource=jsp==org.eclipse.jetty.servlet.NoJspServlet@19c47{jsp=null,order=0,inst=false,async=false,src=DESCRIPTOR:jar:file:/Users/sameer.shaik/.m2/repository/org/eclipse/jetty/jetty-webapp/9.4.48.v20220622/jetty-webapp-9.4.48.v20220622.jar!/org/eclipse/jetty/webapp/webdefault.xml,STOPPED}] to PathMappings[size=3]
18:14:48.972 [Executing testUserWithoutFolderLevelPermission(org.conjur.jenkins.credentials.ConjurCredentialStoreTest)] DEBUG org.eclipse.jetty.servlet.ServletHandler -- Path=*.jsp[DESCRIPTOR:jar:file:/Users/sameer.shaik/.m2/repository/org/eclipse/jetty/jetty-webapp/9.4.48.v20220622/jetty-webapp-9.4.48.v20220622.jar!/org/eclipse/jetty/webapp/webdefault.xml] mapped to servlet=jsp[DESCRIPTOR:jar:file:/Users/sameer.shaik/.m2/repository/org/eclipse/jetty/jetty-webapp/9.4.48.v20220622/jetty-webapp-9.4.48.v20220622.jar!/org/eclipse/jetty/webapp/webdefault.xml]
18:14:48.972 [Executing testUserWithoutFolderLevelPermission(org.conjur.jenkins.credentials.ConjurCredentialStoreTest)] DEBUG org.eclipse.jetty.http.pathmap.ServletPathSpec -- Creating ServletPathSpec[*.jsp] (group: SUFFIX_GLOB, prefix: "null", suffix: "jsp")
18:14:48.972 [Executing testUserWithoutFolderLevelPermission(org.conjur.jenkins.credentials.ConjurCredentialStoreTest)] DEBUG org.eclipse.jetty.http.pathmap.PathMappings -- Added MappedResource[pathSpec=ServletPathSpec@debd2188{*.jsp},resource=jsp==org.eclipse.jetty.servlet.NoJspServlet@19c47{jsp=null,order=0,inst=false,async=false,src=DESCRIPTOR:jar:file:/Users/sameer.shaik/.m2/repository/org/eclipse/jetty/jetty-webapp/9.4.48.v20220622/jetty-webapp-9.4.48.v20220622.jar!/org/eclipse/jetty/webapp/webdefault.xml,STOPPED}] to PathMappings[size=4]
18:14:48.972 [Executing testUserWithoutFolderLevelPermission(org.conjur.jenkins.credentials.ConjurCredentialStoreTest)] DEBUG org.eclipse.jetty.servlet.ServletHandler -- Path=*.JSP[DESCRIPTOR:jar:file:/Users/sameer.shaik/.m2/repository/org/eclipse/jetty/jetty-webapp/9.4.48.v20220622/jetty-webapp-9.4.48.v20220622.jar!/org/eclipse/jetty/webapp/webdefault.xml] mapped to servlet=jsp[DESCRIPTOR:jar:file:/Users/sameer.shaik/.m2/repository/org/eclipse/jetty/jetty-webapp/9.4.48.v20220622/jetty-webapp-9.4.48.v20220622.jar!/org/eclipse/jetty/webapp/webdefault.xml]
18:14:48.972 [Executing testUserWithoutFolderLevelPermission(org.conjur.jenkins.credentials.ConjurCredentialStoreTest)] DEBUG org.eclipse.jetty.http.pathmap.ServletPathSpec -- Creating ServletPathSpec[*.JSP] (group: SUFFIX_GLOB, prefix: "null", suffix: "JSP")
18:14:48.972 [Executing testUserWithoutFolderLevelPermission(org.conjur.jenkins.credentials.ConjurCredentialStoreTest)] DEBUG org.eclipse.jetty.http.pathmap.PathMappings -- Added MappedResource[pathSpec=ServletPathSpec@deae19a8{*.JSP},resource=jsp==org.eclipse.jetty.servlet.NoJspServlet@19c47{jsp=null,order=0,inst=false,async=false,src=DESCRIPTOR:jar:file:/Users/sameer.shaik/.m2/repository/org/eclipse/jetty/jetty-webapp/9.4.48.v20220622/jetty-webapp-9.4.48.v20220622.jar!/org/eclipse/jetty/webapp/webdefault.xml,STOPPED}] to PathMappings[size=5]
18:14:48.972 [Executing testUserWithoutFolderLevelPermission(org.conjur.jenkins.credentials.ConjurCredentialStoreTest)] DEBUG org.eclipse.jetty.servlet.ServletHandler -- Path=*.jspf[DESCRIPTOR:jar:file:/Users/sameer.shaik/.m2/repository/org/eclipse/jetty/jetty-webapp/9.4.48.v20220622/jetty-webapp-9.4.48.v20220622.jar!/org/eclipse/jetty/webapp/webdefault.xml] mapped to servlet=jsp[DESCRIPTOR:jar:file:/Users/sameer.shaik/.m2/repository/org/eclipse/jetty/jetty-webapp/9.4.48.v20220622/jetty-webapp-9.4.48.v20220622.jar!/org/eclipse/jetty/webapp/webdefault.xml]
18:14:48.972 [Executing testUserWithoutFolderLevelPermission(org.conjur.jenkins.credentials.ConjurCredentialStoreTest)] DEBUG org.eclipse.jetty.http.pathmap.ServletPathSpec -- Creating ServletPathSpec[*.jspf] (group: SUFFIX_GLOB, prefix: "null", suffix: "jspf")
18:14:48.972 [Executing testUserWithoutFolderLevelPermission(org.conjur.jenkins.credentials.ConjurCredentialStoreTest)] DEBUG org.eclipse.jetty.http.pathmap.PathMappings -- Added MappedResource[pathSpec=ServletPathSpec@96a7cd89{*.jspf},resource=jsp==org.eclipse.jetty.servlet.NoJspServlet@19c47{jsp=null,order=0,inst=false,async=false,src=DESCRIPTOR:jar:file:/Users/sameer.shaik/.m2/repository/org/eclipse/jetty/jetty-webapp/9.4.48.v20220622/jetty-webapp-9.4.48.v20220622.jar!/org/eclipse/jetty/webapp/webdefault.xml,STOPPED}] to PathMappings[size=6]
18:14:48.972 [Executing testUserWithoutFolderLevelPermission(org.conjur.jenkins.credentials.ConjurCredentialStoreTest)] DEBUG org.eclipse.jetty.servlet.ServletHandler -- Path=*.XSP[DESCRIPTOR:jar:file:/Users/sameer.shaik/.m2/repository/org/eclipse/jetty/jetty-webapp/9.4.48.v20220622/jetty-webapp-9.4.48.v20220622.jar!/org/eclipse/jetty/webapp/webdefault.xml] mapped to servlet=jsp[DESCRIPTOR:jar:file:/Users/sameer.shaik/.m2/repository/org/eclipse/jetty/jetty-webapp/9.4.48.v20220622/jetty-webapp-9.4.48.v20220622.jar!/org/eclipse/jetty/webapp/webdefault.xml]
18:14:48.972 [Executing testUserWithoutFolderLevelPermission(org.conjur.jenkins.credentials.ConjurCredentialStoreTest)] DEBUG org.eclipse.jetty.http.pathmap.ServletPathSpec -- Creating ServletPathSpec[*.XSP] (group: SUFFIX_GLOB, prefix: "null", suffix: "XSP")
18:14:48.972 [Executing testUserWithoutFolderLevelPermission(org.conjur.jenkins.credentials.ConjurCredentialStoreTest)] DEBUG org.eclipse.jetty.http.pathmap.PathMappings -- Added MappedResource[pathSpec=ServletPathSpec@deb476da{*.XSP},resource=jsp==org.eclipse.jetty.servlet.NoJspServlet@19c47{jsp=null,order=0,inst=false,async=false,src=DESCRIPTOR:jar:file:/Users/sameer.shaik/.m2/repository/org/eclipse/jetty/jetty-webapp/9.4.48.v20220622/jetty-webapp-9.4.48.v20220622.jar!/org/eclipse/jetty/webapp/webdefault.xml,STOPPED}] to PathMappings[size=7]
18:14:48.972 [Executing testUserWithoutFolderLevelPermission(org.conjur.jenkins.credentials.ConjurCredentialStoreTest)] DEBUG org.eclipse.jetty.servlet.ServletHandler -- Path=*.xsp[DESCRIPTOR:jar:file:/Users/sameer.shaik/.m2/repository/org/eclipse/jetty/jetty-webapp/9.4.48.v20220622/jetty-webapp-9.4.48.v20220622.jar!/org/eclipse/jetty/webapp/webdefault.xml] mapped to servlet=jsp[DESCRIPTOR:jar:file:/Users/sameer.shaik/.m2/repository/org/eclipse/jetty/jetty-webapp/9.4.48.v20220622/jetty-webapp-9.4.48.v20220622.jar!/org/eclipse/jetty/webapp/webdefault.xml]
18:14:48.973 [Executing testUserWithoutFolderLevelPermission(org.conjur.jenkins.credentials.ConjurCredentialStoreTest)] DEBUG org.eclipse.jetty.http.pathmap.ServletPathSpec -- Creating ServletPathSpec[*.xsp] (group: SUFFIX_GLOB, prefix: "null", suffix: "xsp")
18:14:48.973 [Executing testUserWithoutFolderLevelPermission(org.conjur.jenkins.credentials.ConjurCredentialStoreTest)] DEBUG org.eclipse.jetty.http.pathmap.PathMappings -- Added MappedResource[pathSpec=ServletPathSpec@dec37eba{*.xsp},resource=jsp==org.eclipse.jetty.servlet.NoJspServlet@19c47{jsp=null,order=0,inst=false,async=false,src=DESCRIPTOR:jar:file:/Users/sameer.shaik/.m2/repository/org/eclipse/jetty/jetty-webapp/9.4.48.v20220622/jetty-webapp-9.4.48.v20220622.jar!/org/eclipse/jetty/webapp/webdefault.xml,STOPPED}] to PathMappings[size=8]
18:14:48.973 [Executing testUserWithoutFolderLevelPermission(org.conjur.jenkins.credentials.ConjurCredentialStoreTest)] DEBUG org.eclipse.jetty.servlet.ServletHandler -- Path=/*[DESCRIPTOR:file:///Users/sameer.shaik/MyWorkSpace/17OctV2.2.3-New-BitBucketIssueFixed/conjur-credentials-plugin/target/jenkins-for-test/WEB-INF/web.xml] mapped to servlet=Stapler[DESCRIPTOR:file:///Users/sameer.shaik/MyWorkSpace/17OctV2.2.3-New-BitBucketIssueFixed/conjur-credentials-plugin/target/jenkins-for-test/WEB-INF/web.xml]
18:14:48.973 [Executing testUserWithoutFolderLevelPermission(org.conjur.jenkins.credentials.ConjurCredentialStoreTest)] DEBUG org.eclipse.jetty.http.pathmap.ServletPathSpec -- Creating ServletPathSpec[/*] (group: PREFIX_GLOB, prefix: "", suffix: "null")
18:14:48.973 [Executing testUserWithoutFolderLevelPermission(org.conjur.jenkins.credentials.ConjurCredentialStoreTest)] DEBUG org.eclipse.jetty.http.pathmap.PathMappings -- Added MappedResource[pathSpec=ServletPathSpec@9457a78e{/*},resource=Stapler==org.kohsuke.stapler.Stapler@f222d1a9{jsp=null,order=-1,inst=false,async=true,src=DESCRIPTOR:file:///Users/sameer.shaik/MyWorkSpace/17OctV2.2.3-New-BitBucketIssueFixed/conjur-credentials-plugin/target/jenkins-for-test/WEB-INF/web.xml,STOPPED}] to PathMappings[size=9]
18:14:48.973 [Executing testUserWithoutFolderLevelPermission(org.conjur.jenkins.credentials.ConjurCredentialStoreTest)] DEBUG org.eclipse.jetty.servlet.ServletHandler -- Path=/[DESCRIPTOR:jar:file:/Users/sameer.shaik/.m2/repository/org/eclipse/jetty/jetty-webapp/9.4.48.v20220622/jetty-webapp-9.4.48.v20220622.jar!/org/eclipse/jetty/webapp/webdefault.xml] mapped to servlet=default[DESCRIPTOR:jar:file:/Users/sameer.shaik/.m2/repository/org/eclipse/jetty/jetty-webapp/9.4.48.v20220622/jetty-webapp-9.4.48.v20220622.jar!/org/eclipse/jetty/webapp/webdefault.xml]
18:14:48.973 [Executing testUserWithoutFolderLevelPermission(org.conjur.jenkins.credentials.ConjurCredentialStoreTest)] DEBUG org.eclipse.jetty.http.pathmap.PathMappings -- Added MappedResource[pathSpec=ServletPathSpec@9457dcb7{/},resource=default==org.eclipse.jetty.servlet.DefaultServlet@5c13d641{jsp=null,order=0,inst=false,async=false,src=DESCRIPTOR:jar:file:/Users/sameer.shaik/.m2/repository/org/eclipse/jetty/jetty-webapp/9.4.48.v20220622/jetty-webapp-9.4.48.v20220622.jar!/org/eclipse/jetty/webapp/webdefault.xml,STOPPED}] to PathMappings[size=10]
18:14:48.973 [Executing testUserWithoutFolderLevelPermission(org.conjur.jenkins.credentials.ConjurCredentialStoreTest)] DEBUG org.eclipse.jetty.servlet.ServletHandler -- filterNameMap={csrf-filter=csrf-filter==hudson.security.csrf.CrumbFilter@414de7b9{inst=false,async=true,src=DESCRIPTOR:file:///Users/sameer.shaik/MyWorkSpace/17OctV2.2.3-New-BitBucketIssueFixed/conjur-credentials-plugin/target/jenkins-for-test/WEB-INF/web.xml}, encoding-filter=encoding-filter==hudson.util.CharacterEncodingFilter@7f19c74f{inst=false,async=true,src=DESCRIPTOR:file:///Users/sameer.shaik/MyWorkSpace/17OctV2.2.3-New-BitBucketIssueFixed/conjur-credentials-plugin/target/jenkins-for-test/WEB-INF/web.xml}, diagnostic-name-filter=diagnostic-name-filter==org.kohsuke.stapler.DiagnosticThreadNameFilter@17c0fd2a{inst=false,async=true,src=DESCRIPTOR:file:///Users/sameer.shaik/MyWorkSpace/17OctV2.2.3-New-BitBucketIssueFixed/conjur-credentials-plugin/target/jenkins-for-test/WEB-INF/web.xml}, compression-filter=compression-filter==org.kohsuke.stapler.compression.CompressionFilter@7103ae41{inst=false,async=true,src=DESCRIPTOR:file:///Users/sameer.shaik/MyWorkSpace/17OctV2.2.3-New-BitBucketIssueFixed/conjur-credentials-plugin/target/jenkins-for-test/WEB-INF/web.xml}, plugins-filter=plugins-filter==hudson.util.PluginServletFilter@705f6360{inst=false,async=true,src=DESCRIPTOR:file:///Users/sameer.shaik/MyWorkSpace/17OctV2.2.3-New-BitBucketIssueFixed/conjur-credentials-plugin/target/jenkins-for-test/WEB-INF/web.xml}, authentication-filter=authentication-filter==hudson.security.HudsonFilter@51f46900{inst=false,async=true,src=DESCRIPTOR:file:///Users/sameer.shaik/MyWorkSpace/17OctV2.2.3-New-BitBucketIssueFixed/conjur-credentials-plugin/target/jenkins-for-test/WEB-INF/web.xml}, suspicious-request-filter=suspicious-request-filter==jenkins.security.SuspiciousRequestFilter@27e0f6ef{inst=false,async=true,src=DESCRIPTOR:file:///Users/sameer.shaik/MyWorkSpace/17OctV2.2.3-New-BitBucketIssueFixed/conjur-credentials-plugin/target/jenkins-for-test/WEB-INF/web.xml}}
18:14:48.973 [Executing testUserWithoutFolderLevelPermission(org.conjur.jenkins.credentials.ConjurCredentialStoreTest)] DEBUG org.eclipse.jetty.servlet.ServletHandler -- pathFilters=[[/*]/[]/[REQUEST, ASYNC]=>plugins-filter, [/*]/[]/[REQUEST, ASYNC]=>csrf-filter, [/*]/[]/[REQUEST, ASYNC]=>authentication-filter, [/*]/[]/[REQUEST, ASYNC]=>compression-filter, [/*]/[]/[REQUEST, ASYNC]=>encoding-filter, [/*]/[]/[REQUEST, ASYNC]=>diagnostic-name-filter, [/*]/[]/[REQUEST, ASYNC]=>suspicious-request-filter]
18:14:48.973 [Executing testUserWithoutFolderLevelPermission(org.conjur.jenkins.credentials.ConjurCredentialStoreTest)] DEBUG org.eclipse.jetty.servlet.ServletHandler -- servletFilterMap={}
18:14:48.974 [Executing testUserWithoutFolderLevelPermission(org.conjur.jenkins.credentials.ConjurCredentialStoreTest)] DEBUG org.eclipse.jetty.servlet.ServletHandler -- servletPathMap=PathMappings[size=10]
18:14:48.974 [Executing testUserWithoutFolderLevelPermission(org.conjur.jenkins.credentials.ConjurCredentialStoreTest)] DEBUG org.eclipse.jetty.servlet.ServletHandler -- servletNameMap={default=default==org.eclipse.jetty.servlet.DefaultServlet@5c13d641{jsp=null,order=0,inst=false,async=false,src=DESCRIPTOR:jar:file:/Users/sameer.shaik/.m2/repository/org/eclipse/jetty/jetty-webapp/9.4.48.v20220622/jetty-webapp-9.4.48.v20220622.jar!/org/eclipse/jetty/webapp/webdefault.xml,STOPPED}, jsp=jsp==org.eclipse.jetty.servlet.NoJspServlet@19c47{jsp=null,order=0,inst=false,async=false,src=DESCRIPTOR:jar:file:/Users/sameer.shaik/.m2/repository/org/eclipse/jetty/jetty-webapp/9.4.48.v20220622/jetty-webapp-9.4.48.v20220622.jar!/org/eclipse/jetty/webapp/webdefault.xml,STOPPED}, Stapler=Stapler==org.kohsuke.stapler.Stapler@f222d1a9{jsp=null,order=-1,inst=false,async=true,src=DESCRIPTOR:file:///Users/sameer.shaik/MyWorkSpace/17OctV2.2.3-New-BitBucketIssueFixed/conjur-credentials-plugin/target/jenkins-for-test/WEB-INF/web.xml,STOPPED}}
18:14:48.974 [Executing testUserWithoutFolderLevelPermission(org.conjur.jenkins.credentials.ConjurCredentialStoreTest)] DEBUG org.eclipse.jetty.server.handler.AbstractHandler -- starting ServletHandler@7b65109e{STARTING}
18:14:48.974 [Executing testUserWithoutFolderLevelPermission(org.conjur.jenkins.credentials.ConjurCredentialStoreTest)] DEBUG org.eclipse.jetty.util.component.AbstractLifeCycle -- STARTED @16078ms ServletHandler@7b65109e{STARTED}
18:14:48.974 [Executing testUserWithoutFolderLevelPermission(org.conjur.jenkins.credentials.ConjurCredentialStoreTest)] DEBUG org.eclipse.jetty.util.component.AbstractLifeCycle -- starting HashLoginService@445ce4f3[default]
18:14:48.974 [Executing testUserWithoutFolderLevelPermission(org.conjur.jenkins.credentials.ConjurCredentialStoreTest)] DEBUG org.eclipse.jetty.util.component.AbstractLifeCycle -- starting UserStore@2a0232e2{STOPPED}
18:14:48.974 [Executing testUserWithoutFolderLevelPermission(org.conjur.jenkins.credentials.ConjurCredentialStoreTest)] DEBUG org.eclipse.jetty.util.component.AbstractLifeCycle -- STARTED @16078ms UserStore@2a0232e2{STARTED}
18:14:48.974 [Executing testUserWithoutFolderLevelPermission(org.conjur.jenkins.credentials.ConjurCredentialStoreTest)] DEBUG org.eclipse.jetty.util.component.AbstractLifeCycle -- STARTED @16078ms HashLoginService@445ce4f3[default]
18:14:48.974 [Executing testUserWithoutFolderLevelPermission(org.conjur.jenkins.credentials.ConjurCredentialStoreTest)] DEBUG org.eclipse.jetty.util.component.AbstractLifeCycle -- STARTED @16078ms ConstraintSecurityHandler@739bb70{STARTED}
18:14:48.974 [Executing testUserWithoutFolderLevelPermission(org.conjur.jenkins.credentials.ConjurCredentialStoreTest)] DEBUG org.eclipse.jetty.util.component.AbstractLifeCycle -- starting org.eclipse.jetty.server.session.DefaultSessionCache@6e8c7c7d[evict=-1,removeUnloadable=false,saveOnCreate=false,saveOnInactiveEvict=false]
18:14:48.974 [Executing testUserWithoutFolderLevelPermission(org.conjur.jenkins.credentials.ConjurCredentialStoreTest)] DEBUG org.eclipse.jetty.util.component.AbstractLifeCycle -- starting org.eclipse.jetty.server.session.NullSessionDataStore@40523e3a[passivating=false,graceSec=3600]
18:14:48.974 [Executing testUserWithoutFolderLevelPermission(org.conjur.jenkins.credentials.ConjurCredentialStoreTest)] DEBUG org.eclipse.jetty.util.component.AbstractLifeCycle -- STARTED @16078ms org.eclipse.jetty.server.session.NullSessionDataStore@40523e3a[passivating=false,graceSec=3600]
18:14:48.975 [Executing testUserWithoutFolderLevelPermission(org.conjur.jenkins.credentials.ConjurCredentialStoreTest)] DEBUG org.eclipse.jetty.util.component.AbstractLifeCycle -- STARTED @16078ms org.eclipse.jetty.server.session.DefaultSessionCache@6e8c7c7d[evict=-1,removeUnloadable=false,saveOnCreate=false,saveOnInactiveEvict=false]
18:14:48.975 [Executing testUserWithoutFolderLevelPermission(org.conjur.jenkins.credentials.ConjurCredentialStoreTest)] DEBUG org.eclipse.jetty.util.component.AbstractLifeCycle -- STARTED @16079ms org.eclipse.jetty.server.session.SessionHandler884997123==dftMaxIdleSec=1800
18:14:48.975 [Executing testUserWithoutFolderLevelPermission(org.conjur.jenkins.credentials.ConjurCredentialStoreTest)] DEBUG org.eclipse.jetty.util.component.AbstractLifeCycle -- starting ErrorPageErrorHandler@30f1a415{STOPPED}
18:14:48.975 [Executing testUserWithoutFolderLevelPermission(org.conjur.jenkins.credentials.ConjurCredentialStoreTest)] DEBUG org.eclipse.jetty.server.handler.AbstractHandler -- starting ErrorPageErrorHandler@30f1a415{STARTING}
18:14:48.975 [Executing testUserWithoutFolderLevelPermission(org.conjur.jenkins.credentials.ConjurCredentialStoreTest)] DEBUG org.eclipse.jetty.util.component.AbstractLifeCycle -- STARTED @16079ms ErrorPageErrorHandler@30f1a415{STARTED}
18:14:48.975 [Executing testUserWithoutFolderLevelPermission(org.conjur.jenkins.credentials.ConjurCredentialStoreTest)] DEBUG org.eclipse.jetty.util.component.AbstractLifeCycle -- starting NoListenerConfiguration@7ad96b40{STOPPED}
18:14:48.975 [Executing testUserWithoutFolderLevelPermission(org.conjur.jenkins.credentials.ConjurCredentialStoreTest)] DEBUG org.eclipse.jetty.util.component.AbstractLifeCycle -- STARTED @16079ms NoListenerConfiguration@7ad96b40{STARTED}
18:14:48.975 [Executing testUserWithoutFolderLevelPermission(org.conjur.jenkins.credentials.ConjurCredentialStoreTest)] DEBUG org.eclipse.jetty.server.handler.ContextHandler -- contextInitialized: javax.servlet.ServletContextEvent[source=ServletContext@o.e.j.w.WebAppContext@18157410{Jenkins v2.346.3,/jenkins,file:///Users/sameer.shaik/MyWorkSpace/17OctV2.2.3-New-BitBucketIssueFixed/conjur-credentials-plugin/target/jenkins-for-test/,STARTING}{/Users/sameer.shaik/MyWorkSpace/17OctV2.2.3-New-BitBucketIssueFixed/conjur-credentials-plugin/target/jenkins-for-test}]->org.eclipse.jetty.servlet.listener.ELContextCleaner@2e47e247
18:14:48.975 [Executing testUserWithoutFolderLevelPermission(org.conjur.jenkins.credentials.ConjurCredentialStoreTest)] DEBUG org.eclipse.jetty.server.handler.ContextHandler -- contextInitialized: javax.servlet.ServletContextEvent[source=ServletContext@o.e.j.w.WebAppContext@18157410{Jenkins v2.346.3,/jenkins,file:///Users/sameer.shaik/MyWorkSpace/17OctV2.2.3-New-BitBucketIssueFixed/conjur-credentials-plugin/target/jenkins-for-test/,STARTING}{/Users/sameer.shaik/MyWorkSpace/17OctV2.2.3-New-BitBucketIssueFixed/conjur-credentials-plugin/target/jenkins-for-test}]->org.eclipse.jetty.servlet.listener.IntrospectorCleaner@3c1fb8e5
18:14:48.975 [Executing testUserWithoutFolderLevelPermission(org.conjur.jenkins.credentials.ConjurCredentialStoreTest)] DEBUG org.eclipse.jetty.server.handler.ContextHandler -- contextInitialized: javax.servlet.ServletContextEvent[source=ServletContext@o.e.j.w.WebAppContext@18157410{Jenkins v2.346.3,/jenkins,file:///Users/sameer.shaik/MyWorkSpace/17OctV2.2.3-New-BitBucketIssueFixed/conjur-credentials-plugin/target/jenkins-for-test/,STARTING}{/Users/sameer.shaik/MyWorkSpace/17OctV2.2.3-New-BitBucketIssueFixed/conjur-credentials-plugin/target/jenkins-for-test}]->jenkins.util.SystemProperties$Listener@6c7d793b
18:14:48.975 [Executing testUserWithoutFolderLevelPermission(org.conjur.jenkins.credentials.ConjurCredentialStoreTest)] DEBUG org.eclipse.jetty.util.component.AbstractLifeCycle -- starting suspicious-request-filter==jenkins.security.SuspiciousRequestFilter@27e0f6ef{inst=false,async=true,src=DESCRIPTOR:file:///Users/sameer.shaik/MyWorkSpace/17OctV2.2.3-New-BitBucketIssueFixed/conjur-credentials-plugin/target/jenkins-for-test/WEB-INF/web.xml}
18:14:48.975 [Executing testUserWithoutFolderLevelPermission(org.conjur.jenkins.credentials.ConjurCredentialStoreTest)] DEBUG org.eclipse.jetty.servlet.BaseHolder -- Holding class jenkins.security.SuspiciousRequestFilter from jdk.internal.loader.ClassLoaders$AppClassLoader@5ffd2b27
18:14:48.975 [Executing testUserWithoutFolderLevelPermission(org.conjur.jenkins.credentials.ConjurCredentialStoreTest)] DEBUG org.eclipse.jetty.util.component.AbstractLifeCycle -- STARTED @16079ms suspicious-request-filter==jenkins.security.SuspiciousRequestFilter@27e0f6ef{inst=false,async=true,src=DESCRIPTOR:file:///Users/sameer.shaik/MyWorkSpace/17OctV2.2.3-New-BitBucketIssueFixed/conjur-credentials-plugin/target/jenkins-for-test/WEB-INF/web.xml}
18:14:48.975 [Executing testUserWithoutFolderLevelPermission(org.conjur.jenkins.credentials.ConjurCredentialStoreTest)] DEBUG org.eclipse.jetty.servlet.FilterHolder -- Filter.init jenkins.security.SuspiciousRequestFilter@4e0404ec
18:14:48.975 [Executing testUserWithoutFolderLevelPermission(org.conjur.jenkins.credentials.ConjurCredentialStoreTest)] DEBUG org.eclipse.jetty.util.component.AbstractLifeCycle -- starting diagnostic-name-filter==org.kohsuke.stapler.DiagnosticThreadNameFilter@17c0fd2a{inst=false,async=true,src=DESCRIPTOR:file:///Users/sameer.shaik/MyWorkSpace/17OctV2.2.3-New-BitBucketIssueFixed/conjur-credentials-plugin/target/jenkins-for-test/WEB-INF/web.xml}
18:14:48.975 [Executing testUserWithoutFolderLevelPermission(org.conjur.jenkins.credentials.ConjurCredentialStoreTest)] DEBUG org.eclipse.jetty.servlet.BaseHolder -- Holding class org.kohsuke.stapler.DiagnosticThreadNameFilter from jdk.internal.loader.ClassLoaders$AppClassLoader@5ffd2b27
18:14:48.975 [Executing testUserWithoutFolderLevelPermission(org.conjur.jenkins.credentials.ConjurCredentialStoreTest)] DEBUG org.eclipse.jetty.util.component.AbstractLifeCycle -- STARTED @16079ms diagnostic-name-filter==org.kohsuke.stapler.DiagnosticThreadNameFilter@17c0fd2a{inst=false,async=true,src=DESCRIPTOR:file:///Users/sameer.shaik/MyWorkSpace/17OctV2.2.3-New-BitBucketIssueFixed/conjur-credentials-plugin/target/jenkins-for-test/WEB-INF/web.xml}
18:14:48.975 [Executing testUserWithoutFolderLevelPermission(org.conjur.jenkins.credentials.ConjurCredentialStoreTest)] DEBUG org.eclipse.jetty.servlet.FilterHolder -- Filter.init org.kohsuke.stapler.DiagnosticThreadNameFilter@5fc082b1
18:14:48.976 [Executing testUserWithoutFolderLevelPermission(org.conjur.jenkins.credentials.ConjurCredentialStoreTest)] DEBUG org.eclipse.jetty.util.component.AbstractLifeCycle -- starting encoding-filter==hudson.util.CharacterEncodingFilter@7f19c74f{inst=false,async=true,src=DESCRIPTOR:file:///Users/sameer.shaik/MyWorkSpace/17OctV2.2.3-New-BitBucketIssueFixed/conjur-credentials-plugin/target/jenkins-for-test/WEB-INF/web.xml}
18:14:48.976 [Executing testUserWithoutFolderLevelPermission(org.conjur.jenkins.credentials.ConjurCredentialStoreTest)] DEBUG org.eclipse.jetty.servlet.BaseHolder -- Holding class hudson.util.CharacterEncodingFilter from jdk.internal.loader.ClassLoaders$AppClassLoader@5ffd2b27
18:14:48.976 [Executing testUserWithoutFolderLevelPermission(org.conjur.jenkins.credentials.ConjurCredentialStoreTest)] DEBUG org.eclipse.jetty.util.component.AbstractLifeCycle -- STARTED @16079ms encoding-filter==hudson.util.CharacterEncodingFilter@7f19c74f{inst=false,async=true,src=DESCRIPTOR:file:///Users/sameer.shaik/MyWorkSpace/17OctV2.2.3-New-BitBucketIssueFixed/conjur-credentials-plugin/target/jenkins-for-test/WEB-INF/web.xml}
18:14:48.976 [Executing testUserWithoutFolderLevelPermission(org.conjur.jenkins.credentials.ConjurCredentialStoreTest)] DEBUG org.eclipse.jetty.servlet.FilterHolder -- Filter.init hudson.util.CharacterEncodingFilter@1ed9d13c
18:14:48.976 [Executing testUserWithoutFolderLevelPermission(org.conjur.jenkins.credentials.ConjurCredentialStoreTest)] DEBUG org.eclipse.jetty.util.component.AbstractLifeCycle -- starting compression-filter==org.kohsuke.stapler.compression.CompressionFilter@7103ae41{inst=false,async=true,src=DESCRIPTOR:file:///Users/sameer.shaik/MyWorkSpace/17OctV2.2.3-New-BitBucketIssueFixed/conjur-credentials-plugin/target/jenkins-for-test/WEB-INF/web.xml}
18:14:48.976 [Executing testUserWithoutFolderLevelPermission(org.conjur.jenkins.credentials.ConjurCredentialStoreTest)] DEBUG org.eclipse.jetty.servlet.BaseHolder -- Holding class org.kohsuke.stapler.compression.CompressionFilter from jdk.internal.loader.ClassLoaders$AppClassLoader@5ffd2b27
18:14:48.976 [Executing testUserWithoutFolderLevelPermission(org.conjur.jenkins.credentials.ConjurCredentialStoreTest)] DEBUG org.eclipse.jetty.util.component.AbstractLifeCycle -- STARTED @16080ms compression-filter==org.kohsuke.stapler.compression.CompressionFilter@7103ae41{inst=false,async=true,src=DESCRIPTOR:file:///Users/sameer.shaik/MyWorkSpace/17OctV2.2.3-New-BitBucketIssueFixed/conjur-credentials-plugin/target/jenkins-for-test/WEB-INF/web.xml}
18:14:48.976 [Executing testUserWithoutFolderLevelPermission(org.conjur.jenkins.credentials.ConjurCredentialStoreTest)] DEBUG org.eclipse.jetty.servlet.FilterHolder -- Filter.init org.kohsuke.stapler.compression.CompressionFilter@19eac77d
18:14:48.976 [Executing testUserWithoutFolderLevelPermission(org.conjur.jenkins.credentials.ConjurCredentialStoreTest)] DEBUG org.eclipse.jetty.util.component.AbstractLifeCycle -- starting authentication-filter==hudson.security.HudsonFilter@51f46900{inst=false,async=true,src=DESCRIPTOR:file:///Users/sameer.shaik/MyWorkSpace/17OctV2.2.3-New-BitBucketIssueFixed/conjur-credentials-plugin/target/jenkins-for-test/WEB-INF/web.xml}
18:14:48.976 [Executing testUserWithoutFolderLevelPermission(org.conjur.jenkins.credentials.ConjurCredentialStoreTest)] DEBUG org.eclipse.jetty.servlet.BaseHolder -- Holding class hudson.security.HudsonFilter from jdk.internal.loader.ClassLoaders$AppClassLoader@5ffd2b27
18:14:48.976 [Executing testUserWithoutFolderLevelPermission(org.conjur.jenkins.credentials.ConjurCredentialStoreTest)] DEBUG org.eclipse.jetty.util.component.AbstractLifeCycle -- STARTED @16080ms authentication-filter==hudson.security.HudsonFilter@51f46900{inst=false,async=true,src=DESCRIPTOR:file:///Users/sameer.shaik/MyWorkSpace/17OctV2.2.3-New-BitBucketIssueFixed/conjur-credentials-plugin/target/jenkins-for-test/WEB-INF/web.xml}
18:14:48.976 [Executing testUserWithoutFolderLevelPermission(org.conjur.jenkins.credentials.ConjurCredentialStoreTest)] DEBUG org.eclipse.jetty.servlet.FilterHolder -- Filter.init hudson.security.HudsonFilter@77a793c8
18:14:48.976 [Executing testUserWithoutFolderLevelPermission(org.conjur.jenkins.credentials.ConjurCredentialStoreTest)] DEBUG org.eclipse.jetty.util.component.AbstractLifeCycle -- starting csrf-filter==hudson.security.csrf.CrumbFilter@414de7b9{inst=false,async=true,src=DESCRIPTOR:file:///Users/sameer.shaik/MyWorkSpace/17OctV2.2.3-New-BitBucketIssueFixed/conjur-credentials-plugin/target/jenkins-for-test/WEB-INF/web.xml}
18:14:48.976 [Executing testUserWithoutFolderLevelPermission(org.conjur.jenkins.credentials.ConjurCredentialStoreTest)] DEBUG org.eclipse.jetty.servlet.BaseHolder -- Holding class hudson.security.csrf.CrumbFilter from jdk.internal.loader.ClassLoaders$AppClassLoader@5ffd2b27
18:14:48.976 [Executing testUserWithoutFolderLevelPermission(org.conjur.jenkins.credentials.ConjurCredentialStoreTest)] DEBUG org.eclipse.jetty.util.component.AbstractLifeCycle -- STARTED @16080ms csrf-filter==hudson.security.csrf.CrumbFilter@414de7b9{inst=false,async=true,src=DESCRIPTOR:file:///Users/sameer.shaik/MyWorkSpace/17OctV2.2.3-New-BitBucketIssueFixed/conjur-credentials-plugin/target/jenkins-for-test/WEB-INF/web.xml}
18:14:48.976 [Executing testUserWithoutFolderLevelPermission(org.conjur.jenkins.credentials.ConjurCredentialStoreTest)] DEBUG org.eclipse.jetty.servlet.FilterHolder -- Filter.init hudson.security.csrf.CrumbFilter@2ca95287
18:14:48.976 [Executing testUserWithoutFolderLevelPermission(org.conjur.jenkins.credentials.ConjurCredentialStoreTest)] DEBUG org.eclipse.jetty.util.component.AbstractLifeCycle -- starting plugins-filter==hudson.util.PluginServletFilter@705f6360{inst=false,async=true,src=DESCRIPTOR:file:///Users/sameer.shaik/MyWorkSpace/17OctV2.2.3-New-BitBucketIssueFixed/conjur-credentials-plugin/target/jenkins-for-test/WEB-INF/web.xml}
18:14:48.976 [Executing testUserWithoutFolderLevelPermission(org.conjur.jenkins.credentials.ConjurCredentialStoreTest)] DEBUG org.eclipse.jetty.servlet.BaseHolder -- Holding class hudson.util.PluginServletFilter from jdk.internal.loader.ClassLoaders$AppClassLoader@5ffd2b27
18:14:48.976 [Executing testUserWithoutFolderLevelPermission(org.conjur.jenkins.credentials.ConjurCredentialStoreTest)] DEBUG org.eclipse.jetty.util.component.AbstractLifeCycle -- STARTED @16080ms plugins-filter==hudson.util.PluginServletFilter@705f6360{inst=false,async=true,src=DESCRIPTOR:file:///Users/sameer.shaik/MyWorkSpace/17OctV2.2.3-New-BitBucketIssueFixed/conjur-credentials-plugin/target/jenkins-for-test/WEB-INF/web.xml}
18:14:48.976 [Executing testUserWithoutFolderLevelPermission(org.conjur.jenkins.credentials.ConjurCredentialStoreTest)] DEBUG org.eclipse.jetty.servlet.FilterHolder -- Filter.init hudson.util.PluginServletFilter@7c29361f
18:14:48.976 [Executing testUserWithoutFolderLevelPermission(org.conjur.jenkins.credentials.ConjurCredentialStoreTest)] DEBUG org.eclipse.jetty.util.component.AbstractLifeCycle -- starting Stapler==org.kohsuke.stapler.Stapler@f222d1a9{jsp=null,order=-1,inst=false,async=true,src=DESCRIPTOR:file:///Users/sameer.shaik/MyWorkSpace/17OctV2.2.3-New-BitBucketIssueFixed/conjur-credentials-plugin/target/jenkins-for-test/WEB-INF/web.xml,STOPPED}
18:14:48.976 [Executing testUserWithoutFolderLevelPermission(org.conjur.jenkins.credentials.ConjurCredentialStoreTest)] DEBUG org.eclipse.jetty.servlet.BaseHolder -- Holding class org.kohsuke.stapler.Stapler from jdk.internal.loader.ClassLoaders$AppClassLoader@5ffd2b27
18:14:48.977 [Executing testUserWithoutFolderLevelPermission(org.conjur.jenkins.credentials.ConjurCredentialStoreTest)] DEBUG org.eclipse.jetty.util.component.AbstractLifeCycle -- STARTED @16080ms Stapler==org.kohsuke.stapler.Stapler@f222d1a9{jsp=null,order=-1,inst=false,async=true,src=DESCRIPTOR:file:///Users/sameer.shaik/MyWorkSpace/17OctV2.2.3-New-BitBucketIssueFixed/conjur-credentials-plugin/target/jenkins-for-test/WEB-INF/web.xml,STARTED}
18:14:48.977 [Executing testUserWithoutFolderLevelPermission(org.conjur.jenkins.credentials.ConjurCredentialStoreTest)] DEBUG org.eclipse.jetty.util.component.AbstractLifeCycle -- starting default==org.eclipse.jetty.servlet.DefaultServlet@5c13d641{jsp=null,order=0,inst=false,async=false,src=DESCRIPTOR:jar:file:/Users/sameer.shaik/.m2/repository/org/eclipse/jetty/jetty-webapp/9.4.48.v20220622/jetty-webapp-9.4.48.v20220622.jar!/org/eclipse/jetty/webapp/webdefault.xml,STOPPED}
18:14:48.977 [Executing testUserWithoutFolderLevelPermission(org.conjur.jenkins.credentials.ConjurCredentialStoreTest)] DEBUG org.eclipse.jetty.servlet.BaseHolder -- Holding class org.eclipse.jetty.servlet.DefaultServlet from jdk.internal.loader.ClassLoaders$AppClassLoader@5ffd2b27
18:14:48.977 [Executing testUserWithoutFolderLevelPermission(org.conjur.jenkins.credentials.ConjurCredentialStoreTest)] DEBUG org.eclipse.jetty.util.component.AbstractLifeCycle -- STARTED @16080ms default==org.eclipse.jetty.servlet.DefaultServlet@5c13d641{jsp=null,order=0,inst=false,async=false,src=DESCRIPTOR:jar:file:/Users/sameer.shaik/.m2/repository/org/eclipse/jetty/jetty-webapp/9.4.48.v20220622/jetty-webapp-9.4.48.v20220622.jar!/org/eclipse/jetty/webapp/webdefault.xml,STARTED}
18:14:48.977 [Executing testUserWithoutFolderLevelPermission(org.conjur.jenkins.credentials.ConjurCredentialStoreTest)] DEBUG org.eclipse.jetty.servlet.ServletHolder -- Servlet.init null for default
18:14:48.977 [Executing testUserWithoutFolderLevelPermission(org.conjur.jenkins.credentials.ConjurCredentialStoreTest)] DEBUG org.eclipse.jetty.servlet.DefaultServlet -- resource base = null
18:14:48.977 [Executing testUserWithoutFolderLevelPermission(org.conjur.jenkins.credentials.ConjurCredentialStoreTest)] DEBUG org.eclipse.jetty.util.component.AbstractLifeCycle -- starting jsp==org.eclipse.jetty.servlet.NoJspServlet@19c47{jsp=null,order=0,inst=false,async=false,src=DESCRIPTOR:jar:file:/Users/sameer.shaik/.m2/repository/org/eclipse/jetty/jetty-webapp/9.4.48.v20220622/jetty-webapp-9.4.48.v20220622.jar!/org/eclipse/jetty/webapp/webdefault.xml,STOPPED}
18:14:48.977 [Executing testUserWithoutFolderLevelPermission(org.conjur.jenkins.credentials.ConjurCredentialStoreTest)] DEBUG org.eclipse.jetty.servlet.BaseHolder -- Holding class org.eclipse.jetty.servlet.NoJspServlet from jdk.internal.loader.ClassLoaders$AppClassLoader@5ffd2b27
18:14:48.977 [Executing testUserWithoutFolderLevelPermission(org.conjur.jenkins.credentials.ConjurCredentialStoreTest)] DEBUG org.eclipse.jetty.util.component.AbstractLifeCycle -- STARTED @16081ms jsp==org.eclipse.jetty.servlet.NoJspServlet@19c47{jsp=null,order=0,inst=false,async=false,src=DESCRIPTOR:jar:file:/Users/sameer.shaik/.m2/repository/org/eclipse/jetty/jetty-webapp/9.4.48.v20220622/jetty-webapp-9.4.48.v20220622.jar!/org/eclipse/jetty/webapp/webdefault.xml,STARTED}
18:14:48.977 [Executing testUserWithoutFolderLevelPermission(org.conjur.jenkins.credentials.ConjurCredentialStoreTest)] DEBUG org.eclipse.jetty.servlet.ServletHolder -- Servlet.init null for jsp
18:14:48.977 [Executing testUserWithoutFolderLevelPermission(org.conjur.jenkins.credentials.ConjurCredentialStoreTest)] INFO org.eclipse.jetty.server.handler.ContextHandler -- Started o.e.j.w.WebAppContext@18157410{Jenkins v2.346.3,/jenkins,file:///Users/sameer.shaik/MyWorkSpace/17OctV2.2.3-New-BitBucketIssueFixed/conjur-credentials-plugin/target/jenkins-for-test/,AVAILABLE}{/Users/sameer.shaik/MyWorkSpace/17OctV2.2.3-New-BitBucketIssueFixed/conjur-credentials-plugin/target/jenkins-for-test}
18:14:48.977 [Executing testUserWithoutFolderLevelPermission(org.conjur.jenkins.credentials.ConjurCredentialStoreTest)] DEBUG org.eclipse.jetty.webapp.WebAppContext -- postConfigure o.e.j.w.WebAppContext@18157410{Jenkins v2.346.3,/jenkins,file:///Users/sameer.shaik/MyWorkSpace/17OctV2.2.3-New-BitBucketIssueFixed/conjur-credentials-plugin/target/jenkins-for-test/,AVAILABLE}{/Users/sameer.shaik/MyWorkSpace/17OctV2.2.3-New-BitBucketIssueFixed/conjur-credentials-plugin/target/jenkins-for-test} with org.eclipse.jetty.webapp.WebXmlConfiguration@68bf950c
18:14:48.977 [Executing testUserWithoutFolderLevelPermission(org.conjur.jenkins.credentials.ConjurCredentialStoreTest)] DEBUG org.eclipse.jetty.util.component.AbstractLifeCycle -- STARTED @16081ms o.e.j.w.WebAppContext@18157410{Jenkins v2.346.3,/jenkins,file:///Users/sameer.shaik/MyWorkSpace/17OctV2.2.3-New-BitBucketIssueFixed/conjur-credentials-plugin/target/jenkins-for-test/,AVAILABLE}{/Users/sameer.shaik/MyWorkSpace/17OctV2.2.3-New-BitBucketIssueFixed/conjur-credentials-plugin/target/jenkins-for-test}
18:14:48.978 [Executing testUserWithoutFolderLevelPermission(org.conjur.jenkins.credentials.ConjurCredentialStoreTest)] DEBUG org.eclipse.jetty.util.component.AbstractLifeCycle -- starting ErrorHandler@76825818{STOPPED}
18:14:48.978 [Executing testUserWithoutFolderLevelPermission(org.conjur.jenkins.credentials.ConjurCredentialStoreTest)] DEBUG org.eclipse.jetty.server.handler.AbstractHandler -- starting ErrorHandler@76825818{STARTING}
18:14:48.978 [Executing testUserWithoutFolderLevelPermission(org.conjur.jenkins.credentials.ConjurCredentialStoreTest)] DEBUG org.eclipse.jetty.util.component.AbstractLifeCycle -- STARTED @16082ms ErrorHandler@76825818{STARTED}
18:14:48.978 [Executing testUserWithoutFolderLevelPermission(org.conjur.jenkins.credentials.ConjurCredentialStoreTest)] DEBUG org.eclipse.jetty.util.component.AbstractLifeCycle -- starting ServerConnector@3bde7e40{HTTP/1.1, (http/1.1)}{localhost:0}
18:14:48.978 [Executing testUserWithoutFolderLevelPermission(org.conjur.jenkins.credentials.ConjurCredentialStoreTest)] DEBUG org.eclipse.jetty.util.component.ContainerLifeCycle -- ServerConnector@3bde7e40{HTTP/1.1, (http/1.1)}{localhost:51457} added {sun.nio.ch.ServerSocketChannelImpl[/127.0.0.1:51457],POJO}
18:14:48.978 [Executing testUserWithoutFolderLevelPermission(org.conjur.jenkins.credentials.ConjurCredentialStoreTest)] DEBUG org.eclipse.jetty.util.component.AbstractLifeCycle -- starting ScheduledExecutorScheduler@5bd9c518{STOPPED}
18:14:48.978 [Executing testUserWithoutFolderLevelPermission(org.conjur.jenkins.credentials.ConjurCredentialStoreTest)] DEBUG org.eclipse.jetty.util.component.AbstractLifeCycle -- STARTED @16082ms ScheduledExecutorScheduler@5bd9c518{STARTED}
18:14:48.978 [Executing testUserWithoutFolderLevelPermission(org.conjur.jenkins.credentials.ConjurCredentialStoreTest)] DEBUG org.eclipse.jetty.util.component.AbstractLifeCycle -- starting HttpConnectionFactory@2c231f7e[HTTP/1.1]
18:14:48.978 [Executing testUserWithoutFolderLevelPermission(org.conjur.jenkins.credentials.ConjurCredentialStoreTest)] DEBUG org.eclipse.jetty.util.component.AbstractLifeCycle -- STARTED @16082ms HttpConnectionFactory@2c231f7e[HTTP/1.1]
18:14:48.978 [Executing testUserWithoutFolderLevelPermission(org.conjur.jenkins.credentials.ConjurCredentialStoreTest)] DEBUG org.eclipse.jetty.util.component.AbstractLifeCycle -- starting SelectorManager@ServerConnector@3bde7e40{HTTP/1.1, (http/1.1)}{localhost:51457}
18:14:48.978 [Executing testUserWithoutFolderLevelPermission(org.conjur.jenkins.credentials.ConjurCredentialStoreTest)] DEBUG org.eclipse.jetty.util.component.ContainerLifeCycle -- EatWhatYouKill@1e9e7340/SelectorProducer@2bb23742/IDLE/p=false/QueuedThreadPool[Jetty (JenkinsRule)]@15ad0977{STARTED,8<=8<=200,i=8,r=-1,q=0}[ReservedThreadExecutor@3ee614f6{reserved=0/16,pending=0}][pc=0,pic=0,pec=0,epc=0]@2024-10-22T18:14:48.978918+05:30 added {SelectorProducer@2bb23742,POJO}
18:14:48.979 [Executing testUserWithoutFolderLevelPermission(org.conjur.jenkins.credentials.ConjurCredentialStoreTest)] DEBUG org.eclipse.jetty.util.component.ContainerLifeCycle -- EatWhatYouKill@1e9e7340/SelectorProducer@2bb23742/IDLE/p=false/QueuedThreadPool[Jetty (JenkinsRule)]@15ad0977{STARTED,8<=8<=200,i=8,r=-1,q=0}[ReservedThreadExecutor@3ee614f6{reserved=0/16,pending=0}][pc=0,pic=0,pec=0,epc=0]@2024-10-22T18:14:48.979028+05:30 added {QueuedThreadPool[Jetty (JenkinsRule)]@15ad0977{STARTED,8<=8<=200,i=8,r=-1,q=0}[ReservedThreadExecutor@3ee614f6{reserved=0/16,pending=0}],UNMANAGED}
18:14:48.979 [Executing testUserWithoutFolderLevelPermission(org.conjur.jenkins.credentials.ConjurCredentialStoreTest)] DEBUG org.eclipse.jetty.util.thread.strategy.EatWhatYouKill -- EatWhatYouKill@1e9e7340/SelectorProducer@2bb23742/IDLE/p=false/QueuedThreadPool[Jetty (JenkinsRule)]@15ad0977{STARTED,8<=8<=200,i=8,r=-1,q=0}[ReservedThreadExecutor@3ee614f6{reserved=0/16,pending=0}][pc=0,pic=0,pec=0,epc=0]@2024-10-22T18:14:48.979162+05:30 created
18:14:48.979 [Executing testUserWithoutFolderLevelPermission(org.conjur.jenkins.credentials.ConjurCredentialStoreTest)] DEBUG org.eclipse.jetty.util.component.ContainerLifeCycle -- ManagedSelector@26b62c6b{STOPPED} id=0 keys=-1 selected=-1 updates=0 added {EatWhatYouKill@1e9e7340/SelectorProducer@2bb23742/IDLE/p=false/QueuedThreadPool[Jetty (JenkinsRule)]@15ad0977{STARTED,8<=8<=200,i=8,r=-1,q=0}[ReservedThreadExecutor@3ee614f6{reserved=0/16,pending=0}][pc=0,pic=0,pec=0,epc=0]@2024-10-22T18:14:48.979266+05:30,MANAGED}
18:14:48.979 [Executing testUserWithoutFolderLevelPermission(org.conjur.jenkins.credentials.ConjurCredentialStoreTest)] DEBUG org.eclipse.jetty.util.component.ContainerLifeCycle -- SelectorManager@ServerConnector@3bde7e40{HTTP/1.1, (http/1.1)}{localhost:51457} added {ManagedSelector@26b62c6b{STOPPED} id=0 keys=-1 selected=-1 updates=0,AUTO}
18:14:48.979 [Executing testUserWithoutFolderLevelPermission(org.conjur.jenkins.credentials.ConjurCredentialStoreTest)] DEBUG org.eclipse.jetty.util.component.ContainerLifeCycle -- EatWhatYouKill@777fb39b/SelectorProducer@1a16ca47/IDLE/p=false/QueuedThreadPool[Jetty (JenkinsRule)]@15ad0977{STARTED,8<=8<=200,i=8,r=-1,q=0}[ReservedThreadExecutor@3ee614f6{reserved=0/16,pending=0}][pc=0,pic=0,pec=0,epc=0]@2024-10-22T18:14:48.979446+05:30 added {SelectorProducer@1a16ca47,POJO}
18:14:48.979 [Executing testUserWithoutFolderLevelPermission(org.conjur.jenkins.credentials.ConjurCredentialStoreTest)] DEBUG org.eclipse.jetty.util.component.ContainerLifeCycle -- EatWhatYouKill@777fb39b/SelectorProducer@1a16ca47/IDLE/p=false/QueuedThreadPool[Jetty (JenkinsRule)]@15ad0977{STARTED,8<=8<=200,i=8,r=-1,q=0}[ReservedThreadExecutor@3ee614f6{reserved=0/16,pending=0}][pc=0,pic=0,pec=0,epc=0]@2024-10-22T18:14:48.979533+05:30 added {QueuedThreadPool[Jetty (JenkinsRule)]@15ad0977{STARTED,8<=8<=200,i=8,r=-1,q=0}[ReservedThreadExecutor@3ee614f6{reserved=0/16,pending=0}],UNMANAGED}
18:14:48.979 [Executing testUserWithoutFolderLevelPermission(org.conjur.jenkins.credentials.ConjurCredentialStoreTest)] DEBUG org.eclipse.jetty.util.thread.strategy.EatWhatYouKill -- EatWhatYouKill@777fb39b/SelectorProducer@1a16ca47/IDLE/p=false/QueuedThreadPool[Jetty (JenkinsRule)]@15ad0977{STARTED,8<=8<=200,i=8,r=-1,q=0}[ReservedThreadExecutor@3ee614f6{reserved=0/16,pending=0}][pc=0,pic=0,pec=0,epc=0]@2024-10-22T18:14:48.979646+05:30 created
18:14:48.979 [Executing testUserWithoutFolderLevelPermission(org.conjur.jenkins.credentials.ConjurCredentialStoreTest)] DEBUG org.eclipse.jetty.util.component.ContainerLifeCycle -- ManagedSelector@20a4e660{STOPPED} id=1 keys=-1 selected=-1 updates=0 added {EatWhatYouKill@777fb39b/SelectorProducer@1a16ca47/IDLE/p=false/QueuedThreadPool[Jetty (JenkinsRule)]@15ad0977{STARTED,8<=8<=200,i=8,r=-1,q=0}[ReservedThreadExecutor@3ee614f6{reserved=0/16,pending=0}][pc=0,pic=0,pec=0,epc=0]@2024-10-22T18:14:48.97974+05:30,MANAGED}
18:14:48.979 [Executing testUserWithoutFolderLevelPermission(org.conjur.jenkins.credentials.ConjurCredentialStoreTest)] DEBUG org.eclipse.jetty.util.component.ContainerLifeCycle -- SelectorManager@ServerConnector@3bde7e40{HTTP/1.1, (http/1.1)}{localhost:51457} added {ManagedSelector@20a4e660{STOPPED} id=1 keys=-1 selected=-1 updates=0,AUTO}
18:14:48.979 [Executing testUserWithoutFolderLevelPermission(org.conjur.jenkins.credentials.ConjurCredentialStoreTest)] DEBUG org.eclipse.jetty.util.component.ContainerLifeCycle -- EatWhatYouKill@3766536b/SelectorProducer@3d0fcd77/IDLE/p=false/QueuedThreadPool[Jetty (JenkinsRule)]@15ad0977{STARTED,8<=8<=200,i=8,r=-1,q=0}[ReservedThreadExecutor@3ee614f6{reserved=0/16,pending=0}][pc=0,pic=0,pec=0,epc=0]@2024-10-22T18:14:48.979914+05:30 added {SelectorProducer@3d0fcd77,POJO}
18:14:48.980 [Executing testUserWithoutFolderLevelPermission(org.conjur.jenkins.credentials.ConjurCredentialStoreTest)] DEBUG org.eclipse.jetty.util.component.ContainerLifeCycle -- EatWhatYouKill@3766536b/SelectorProducer@3d0fcd77/IDLE/p=false/QueuedThreadPool[Jetty (JenkinsRule)]@15ad0977{STARTED,8<=8<=200,i=8,r=-1,q=0}[ReservedThreadExecutor@3ee614f6{reserved=0/16,pending=0}][pc=0,pic=0,pec=0,epc=0]@2024-10-22T18:14:48.98+05:30 added {QueuedThreadPool[Jetty (JenkinsRule)]@15ad0977{STARTED,8<=8<=200,i=8,r=-1,q=0}[ReservedThreadExecutor@3ee614f6{reserved=0/16,pending=0}],UNMANAGED}
18:14:48.980 [Executing testUserWithoutFolderLevelPermission(org.conjur.jenkins.credentials.ConjurCredentialStoreTest)] DEBUG org.eclipse.jetty.util.thread.strategy.EatWhatYouKill -- EatWhatYouKill@3766536b/SelectorProducer@3d0fcd77/IDLE/p=false/QueuedThreadPool[Jetty (JenkinsRule)]@15ad0977{STARTED,8<=8<=200,i=8,r=-1,q=0}[ReservedThreadExecutor@3ee614f6{reserved=0/16,pending=0}][pc=0,pic=0,pec=0,epc=0]@2024-10-22T18:14:48.980124+05:30 created
18:14:48.980 [Executing testUserWithoutFolderLevelPermission(org.conjur.jenkins.credentials.ConjurCredentialStoreTest)] DEBUG org.eclipse.jetty.util.component.ContainerLifeCycle -- ManagedSelector@11e77c63{STOPPED} id=2 keys=-1 selected=-1 updates=0 added {EatWhatYouKill@3766536b/SelectorProducer@3d0fcd77/IDLE/p=false/QueuedThreadPool[Jetty (JenkinsRule)]@15ad0977{STARTED,8<=8<=200,i=8,r=-1,q=0}[ReservedThreadExecutor@3ee614f6{reserved=0/16,pending=0}][pc=0,pic=0,pec=0,epc=0]@2024-10-22T18:14:48.980219+05:30,MANAGED}
18:14:48.980 [Executing testUserWithoutFolderLevelPermission(org.conjur.jenkins.credentials.ConjurCredentialStoreTest)] DEBUG org.eclipse.jetty.util.component.ContainerLifeCycle -- SelectorManager@ServerConnector@3bde7e40{HTTP/1.1, (http/1.1)}{localhost:51457} added {ManagedSelector@11e77c63{STOPPED} id=2 keys=-1 selected=-1 updates=0,AUTO}
18:14:48.980 [Executing testUserWithoutFolderLevelPermission(org.conjur.jenkins.credentials.ConjurCredentialStoreTest)] DEBUG org.eclipse.jetty.util.component.ContainerLifeCycle -- EatWhatYouKill@16f71fd9/SelectorProducer@138feb67/IDLE/p=false/QueuedThreadPool[Jetty (JenkinsRule)]@15ad0977{STARTED,8<=8<=200,i=8,r=-1,q=0}[ReservedThreadExecutor@3ee614f6{reserved=0/16,pending=0}][pc=0,pic=0,pec=0,epc=0]@2024-10-22T18:14:48.980403+05:30 added {SelectorProducer@138feb67,POJO}
18:14:48.980 [Executing testUserWithoutFolderLevelPermission(org.conjur.jenkins.credentials.ConjurCredentialStoreTest)] DEBUG org.eclipse.jetty.util.component.ContainerLifeCycle -- EatWhatYouKill@16f71fd9/SelectorProducer@138feb67/IDLE/p=false/QueuedThreadPool[Jetty (JenkinsRule)]@15ad0977{STARTED,8<=8<=200,i=8,r=-1,q=0}[ReservedThreadExecutor@3ee614f6{reserved=0/16,pending=0}][pc=0,pic=0,pec=0,epc=0]@2024-10-22T18:14:48.980498+05:30 added {QueuedThreadPool[Jetty (JenkinsRule)]@15ad0977{STARTED,8<=8<=200,i=8,r=-1,q=0}[ReservedThreadExecutor@3ee614f6{reserved=0/16,pending=0}],UNMANAGED}
18:14:48.980 [Executing testUserWithoutFolderLevelPermission(org.conjur.jenkins.credentials.ConjurCredentialStoreTest)] DEBUG org.eclipse.jetty.util.thread.strategy.EatWhatYouKill -- EatWhatYouKill@16f71fd9/SelectorProducer@138feb67/IDLE/p=false/QueuedThreadPool[Jetty (JenkinsRule)]@15ad0977{STARTED,8<=8<=200,i=8,r=-1,q=0}[ReservedThreadExecutor@3ee614f6{reserved=0/16,pending=0}][pc=0,pic=0,pec=0,epc=0]@2024-10-22T18:14:48.980618+05:30 created
18:14:48.980 [Executing testUserWithoutFolderLevelPermission(org.conjur.jenkins.credentials.ConjurCredentialStoreTest)] DEBUG org.eclipse.jetty.util.component.ContainerLifeCycle -- ManagedSelector@50a8e814{STOPPED} id=3 keys=-1 selected=-1 updates=0 added {EatWhatYouKill@16f71fd9/SelectorProducer@138feb67/IDLE/p=false/QueuedThreadPool[Jetty (JenkinsRule)]@15ad0977{STARTED,8<=8<=200,i=8,r=-1,q=0}[ReservedThreadExecutor@3ee614f6{reserved=0/16,pending=0}][pc=0,pic=0,pec=0,epc=0]@2024-10-22T18:14:48.980722+05:30,MANAGED}
18:14:48.980 [Executing testUserWithoutFolderLevelPermission(org.conjur.jenkins.credentials.ConjurCredentialStoreTest)] DEBUG org.eclipse.jetty.util.component.ContainerLifeCycle -- SelectorManager@ServerConnector@3bde7e40{HTTP/1.1, (http/1.1)}{localhost:51457} added {ManagedSelector@50a8e814{STOPPED} id=3 keys=-1 selected=-1 updates=0,AUTO}
18:14:48.980 [Executing testUserWithoutFolderLevelPermission(org.conjur.jenkins.credentials.ConjurCredentialStoreTest)] DEBUG org.eclipse.jetty.util.component.ContainerLifeCycle -- EatWhatYouKill@7a069206/SelectorProducer@54a14348/IDLE/p=false/QueuedThreadPool[Jetty (JenkinsRule)]@15ad0977{STARTED,8<=8<=200,i=8,r=-1,q=0}[ReservedThreadExecutor@3ee614f6{reserved=0/16,pending=0}][pc=0,pic=0,pec=0,epc=0]@2024-10-22T18:14:48.980895+05:30 added {SelectorProducer@54a14348,POJO}
18:14:48.981 [Executing testUserWithoutFolderLevelPermission(org.conjur.jenkins.credentials.ConjurCredentialStoreTest)] DEBUG org.eclipse.jetty.util.component.ContainerLifeCycle -- EatWhatYouKill@7a069206/SelectorProducer@54a14348/IDLE/p=false/QueuedThreadPool[Jetty (JenkinsRule)]@15ad0977{STARTED,8<=8<=200,i=8,r=-1,q=0}[ReservedThreadExecutor@3ee614f6{reserved=0/16,pending=0}][pc=0,pic=0,pec=0,epc=0]@2024-10-22T18:14:48.980982+05:30 added {QueuedThreadPool[Jetty (JenkinsRule)]@15ad0977{STARTED,8<=8<=200,i=8,r=-1,q=0}[ReservedThreadExecutor@3ee614f6{reserved=0/16,pending=0}],UNMANAGED}
18:14:48.981 [Executing testUserWithoutFolderLevelPermission(org.conjur.jenkins.credentials.ConjurCredentialStoreTest)] DEBUG org.eclipse.jetty.util.thread.strategy.EatWhatYouKill -- EatWhatYouKill@7a069206/SelectorProducer@54a14348/IDLE/p=false/QueuedThreadPool[Jetty (JenkinsRule)]@15ad0977{STARTED,8<=8<=200,i=8,r=-1,q=0}[ReservedThreadExecutor@3ee614f6{reserved=0/16,pending=0}][pc=0,pic=0,pec=0,epc=0]@2024-10-22T18:14:48.981104+05:30 created
18:14:48.981 [Executing testUserWithoutFolderLevelPermission(org.conjur.jenkins.credentials.ConjurCredentialStoreTest)] DEBUG org.eclipse.jetty.util.component.ContainerLifeCycle -- ManagedSelector@38995e68{STOPPED} id=4 keys=-1 selected=-1 updates=0 added {EatWhatYouKill@7a069206/SelectorProducer@54a14348/IDLE/p=false/QueuedThreadPool[Jetty (JenkinsRule)]@15ad0977{STARTED,8<=8<=200,i=8,r=-1,q=0}[ReservedThreadExecutor@3ee614f6{reserved=0/16,pending=0}][pc=0,pic=0,pec=0,epc=0]@2024-10-22T18:14:48.981219+05:30,MANAGED}
18:14:48.981 [Executing testUserWithoutFolderLevelPermission(org.conjur.jenkins.credentials.ConjurCredentialStoreTest)] DEBUG org.eclipse.jetty.util.component.ContainerLifeCycle -- SelectorManager@ServerConnector@3bde7e40{HTTP/1.1, (http/1.1)}{localhost:51457} added {ManagedSelector@38995e68{STOPPED} id=4 keys=-1 selected=-1 updates=0,AUTO}
18:14:48.981 [Executing testUserWithoutFolderLevelPermission(org.conjur.jenkins.credentials.ConjurCredentialStoreTest)] DEBUG org.eclipse.jetty.util.component.ContainerLifeCycle -- EatWhatYouKill@2fe6f927/SelectorProducer@613ed87f/IDLE/p=false/QueuedThreadPool[Jetty (JenkinsRule)]@15ad0977{STARTED,8<=8<=200,i=8,r=-1,q=0}[ReservedThreadExecutor@3ee614f6{reserved=0/16,pending=0}][pc=0,pic=0,pec=0,epc=0]@2024-10-22T18:14:48.981479+05:30 added {SelectorProducer@613ed87f,POJO}
18:14:48.981 [Executing testUserWithoutFolderLevelPermission(org.conjur.jenkins.credentials.ConjurCredentialStoreTest)] DEBUG org.eclipse.jetty.util.component.ContainerLifeCycle -- EatWhatYouKill@2fe6f927/SelectorProducer@613ed87f/IDLE/p=false/QueuedThreadPool[Jetty (JenkinsRule)]@15ad0977{STARTED,8<=8<=200,i=8,r=-1,q=0}[ReservedThreadExecutor@3ee614f6{reserved=0/16,pending=0}][pc=0,pic=0,pec=0,epc=0]@2024-10-22T18:14:48.981573+05:30 added {QueuedThreadPool[Jetty (JenkinsRule)]@15ad0977{STARTED,8<=8<=200,i=8,r=-1,q=0}[ReservedThreadExecutor@3ee614f6{reserved=0/16,pending=0}],UNMANAGED}
18:14:48.981 [Executing testUserWithoutFolderLevelPermission(org.conjur.jenkins.credentials.ConjurCredentialStoreTest)] DEBUG org.eclipse.jetty.util.thread.strategy.EatWhatYouKill -- EatWhatYouKill@2fe6f927/SelectorProducer@613ed87f/IDLE/p=false/QueuedThreadPool[Jetty (JenkinsRule)]@15ad0977{STARTED,8<=8<=200,i=8,r=-1,q=0}[ReservedThreadExecutor@3ee614f6{reserved=0/16,pending=0}][pc=0,pic=0,pec=0,epc=0]@2024-10-22T18:14:48.981689+05:30 created
18:14:48.981 [Executing testUserWithoutFolderLevelPermission(org.conjur.jenkins.credentials.ConjurCredentialStoreTest)] DEBUG org.eclipse.jetty.util.component.ContainerLifeCycle -- ManagedSelector@3f5b7c13{STOPPED} id=5 keys=-1 selected=-1 updates=0 added {EatWhatYouKill@2fe6f927/SelectorProducer@613ed87f/IDLE/p=false/QueuedThreadPool[Jetty (JenkinsRule)]@15ad0977{STARTED,8<=8<=200,i=8,r=-1,q=0}[ReservedThreadExecutor@3ee614f6{reserved=0/16,pending=0}][pc=0,pic=0,pec=0,epc=0]@2024-10-22T18:14:48.981782+05:30,MANAGED}
18:14:48.981 [Executing testUserWithoutFolderLevelPermission(org.conjur.jenkins.credentials.ConjurCredentialStoreTest)] DEBUG org.eclipse.jetty.util.component.ContainerLifeCycle -- SelectorManager@ServerConnector@3bde7e40{HTTP/1.1, (http/1.1)}{localhost:51457} added {ManagedSelector@3f5b7c13{STOPPED} id=5 keys=-1 selected=-1 updates=0,AUTO}
18:14:48.981 [Executing testUserWithoutFolderLevelPermission(org.conjur.jenkins.credentials.ConjurCredentialStoreTest)] DEBUG org.eclipse.jetty.util.component.ContainerLifeCycle -- EatWhatYouKill@4dc30f8e/SelectorProducer@5574f8d0/IDLE/p=false/QueuedThreadPool[Jetty (JenkinsRule)]@15ad0977{STARTED,8<=8<=200,i=8,r=-1,q=0}[ReservedThreadExecutor@3ee614f6{reserved=0/16,pending=0}][pc=0,pic=0,pec=0,epc=0]@2024-10-22T18:14:48.981942+05:30 added {SelectorProducer@5574f8d0,POJO}
18:14:48.982 [Executing testUserWithoutFolderLevelPermission(org.conjur.jenkins.credentials.ConjurCredentialStoreTest)] DEBUG org.eclipse.jetty.util.component.ContainerLifeCycle -- EatWhatYouKill@4dc30f8e/SelectorProducer@5574f8d0/IDLE/p=false/QueuedThreadPool[Jetty (JenkinsRule)]@15ad0977{STARTED,8<=8<=200,i=8,r=-1,q=0}[ReservedThreadExecutor@3ee614f6{reserved=0/16,pending=0}][pc=0,pic=0,pec=0,epc=0]@2024-10-22T18:14:48.982024+05:30 added {QueuedThreadPool[Jetty (JenkinsRule)]@15ad0977{STARTED,8<=8<=200,i=8,r=-1,q=0}[ReservedThreadExecutor@3ee614f6{reserved=0/16,pending=0}],UNMANAGED}
18:14:48.982 [Executing testUserWithoutFolderLevelPermission(org.conjur.jenkins.credentials.ConjurCredentialStoreTest)] DEBUG org.eclipse.jetty.util.thread.strategy.EatWhatYouKill -- EatWhatYouKill@4dc30f8e/SelectorProducer@5574f8d0/IDLE/p=false/QueuedThreadPool[Jetty (JenkinsRule)]@15ad0977{STARTED,8<=8<=200,i=8,r=-1,q=0}[ReservedThreadExecutor@3ee614f6{reserved=0/16,pending=0}][pc=0,pic=0,pec=0,epc=0]@2024-10-22T18:14:48.982142+05:30 created
18:14:48.982 [Executing testUserWithoutFolderLevelPermission(org.conjur.jenkins.credentials.ConjurCredentialStoreTest)] DEBUG org.eclipse.jetty.util.component.ContainerLifeCycle -- ManagedSelector@429e2f21{STOPPED} id=6 keys=-1 selected=-1 updates=0 added {EatWhatYouKill@4dc30f8e/SelectorProducer@5574f8d0/IDLE/p=false/QueuedThreadPool[Jetty (JenkinsRule)]@15ad0977{STARTED,8<=8<=200,i=8,r=-1,q=0}[ReservedThreadExecutor@3ee614f6{reserved=0/16,pending=0}][pc=0,pic=0,pec=0,epc=0]@2024-10-22T18:14:48.98226+05:30,MANAGED}
18:14:48.982 [Executing testUserWithoutFolderLevelPermission(org.conjur.jenkins.credentials.ConjurCredentialStoreTest)] DEBUG org.eclipse.jetty.util.component.ContainerLifeCycle -- SelectorManager@ServerConnector@3bde7e40{HTTP/1.1, (http/1.1)}{localhost:51457} added {ManagedSelector@429e2f21{STOPPED} id=6 keys=-1 selected=-1 updates=0,AUTO}
18:14:48.982 [Executing testUserWithoutFolderLevelPermission(org.conjur.jenkins.credentials.ConjurCredentialStoreTest)] DEBUG org.eclipse.jetty.util.component.ContainerLifeCycle -- EatWhatYouKill@26c17885/SelectorProducer@73abacac/IDLE/p=false/QueuedThreadPool[Jetty (JenkinsRule)]@15ad0977{STARTED,8<=8<=200,i=8,r=-1,q=0}[ReservedThreadExecutor@3ee614f6{reserved=0/16,pending=0}][pc=0,pic=0,pec=0,epc=0]@2024-10-22T18:14:48.982434+05:30 added {SelectorProducer@73abacac,POJO}
18:14:48.982 [Executing testUserWithoutFolderLevelPermission(org.conjur.jenkins.credentials.ConjurCredentialStoreTest)] DEBUG org.eclipse.jetty.util.component.ContainerLifeCycle -- EatWhatYouKill@26c17885/SelectorProducer@73abacac/IDLE/p=false/QueuedThreadPool[Jetty (JenkinsRule)]@15ad0977{STARTED,8<=8<=200,i=8,r=-1,q=0}[ReservedThreadExecutor@3ee614f6{reserved=0/16,pending=0}][pc=0,pic=0,pec=0,epc=0]@2024-10-22T18:14:48.98252+05:30 added {QueuedThreadPool[Jetty (JenkinsRule)]@15ad0977{STARTED,8<=8<=200,i=8,r=-1,q=0}[ReservedThreadExecutor@3ee614f6{reserved=0/16,pending=0}],UNMANAGED}
18:14:48.982 [Executing testUserWithoutFolderLevelPermission(org.conjur.jenkins.credentials.ConjurCredentialStoreTest)] DEBUG org.eclipse.jetty.util.thread.strategy.EatWhatYouKill -- EatWhatYouKill@26c17885/SelectorProducer@73abacac/IDLE/p=false/QueuedThreadPool[Jetty (JenkinsRule)]@15ad0977{STARTED,8<=8<=200,i=8,r=-1,q=0}[ReservedThreadExecutor@3ee614f6{reserved=0/16,pending=0}][pc=0,pic=0,pec=0,epc=0]@2024-10-22T18:14:48.982629+05:30 created
18:14:48.982 [Executing testUserWithoutFolderLevelPermission(org.conjur.jenkins.credentials.ConjurCredentialStoreTest)] DEBUG org.eclipse.jetty.util.component.ContainerLifeCycle -- ManagedSelector@1eb6871{STOPPED} id=7 keys=-1 selected=-1 updates=0 added {EatWhatYouKill@26c17885/SelectorProducer@73abacac/IDLE/p=false/QueuedThreadPool[Jetty (JenkinsRule)]@15ad0977{STARTED,8<=8<=200,i=8,r=-1,q=0}[ReservedThreadExecutor@3ee614f6{reserved=0/16,pending=0}][pc=0,pic=0,pec=0,epc=0]@2024-10-22T18:14:48.982721+05:30,MANAGED}
18:14:48.982 [Executing testUserWithoutFolderLevelPermission(org.conjur.jenkins.credentials.ConjurCredentialStoreTest)] DEBUG org.eclipse.jetty.util.component.ContainerLifeCycle -- SelectorManager@ServerConnector@3bde7e40{HTTP/1.1, (http/1.1)}{localhost:51457} added {ManagedSelector@1eb6871{STOPPED} id=7 keys=-1 selected=-1 updates=0,AUTO}
18:14:48.982 [Executing testUserWithoutFolderLevelPermission(org.conjur.jenkins.credentials.ConjurCredentialStoreTest)] DEBUG org.eclipse.jetty.util.component.AbstractLifeCycle -- starting ManagedSelector@26b62c6b{STOPPED} id=0 keys=-1 selected=-1 updates=0
18:14:48.982 [Executing testUserWithoutFolderLevelPermission(org.conjur.jenkins.credentials.ConjurCredentialStoreTest)] DEBUG org.eclipse.jetty.util.component.AbstractLifeCycle -- starting EatWhatYouKill@1e9e7340/SelectorProducer@2bb23742/IDLE/p=false/QueuedThreadPool[Jetty (JenkinsRule)]@15ad0977{STARTED,8<=8<=200,i=8,r=-1,q=0}[ReservedThreadExecutor@3ee614f6{reserved=0/16,pending=0}][pc=0,pic=0,pec=0,epc=0]@2024-10-22T18:14:48.982913+05:30
18:14:48.983 [Executing testUserWithoutFolderLevelPermission(org.conjur.jenkins.credentials.ConjurCredentialStoreTest)] DEBUG org.eclipse.jetty.util.component.AbstractLifeCycle -- STARTED @16086ms EatWhatYouKill@1e9e7340/SelectorProducer@2bb23742/IDLE/p=false/QueuedThreadPool[Jetty (JenkinsRule)]@15ad0977{STARTED,8<=8<=200,i=8,r=-1,q=0}[ReservedThreadExecutor@3ee614f6{reserved=0/16,pending=0}][pc=0,pic=0,pec=0,epc=0]@2024-10-22T18:14:48.982995+05:30
18:14:48.983 [Executing testUserWithoutFolderLevelPermission(org.conjur.jenkins.credentials.ConjurCredentialStoreTest)] DEBUG org.eclipse.jetty.util.thread.QueuedThreadPool -- queue org.eclipse.jetty.io.ManagedSelector$$Lambda$424/0x00000001403801f8@32bfb84a startThread=0
18:14:48.983 [Executing testUserWithoutFolderLevelPermission(org.conjur.jenkins.credentials.ConjurCredentialStoreTest)] DEBUG org.eclipse.jetty.io.ManagedSelector -- Queued change lazy=false org.eclipse.jetty.io.ManagedSelector$Start@1f17ebc8 on ManagedSelector@26b62c6b{STARTING} id=0 keys=0 selected=0 updates=0
18:14:48.983 [Jetty (JenkinsRule)-233] DEBUG org.eclipse.jetty.util.thread.QueuedThreadPool -- run org.eclipse.jetty.io.ManagedSelector$$Lambda$424/0x00000001403801f8@32bfb84a in QueuedThreadPool[Jetty (JenkinsRule)]@15ad0977{STARTED,8<=8<=200,i=7,r=-1,q=0}[ReservedThreadExecutor@3ee614f6{reserved=0/16,pending=0}]
18:14:48.983 [Jetty (JenkinsRule)-233] DEBUG org.eclipse.jetty.util.thread.strategy.EatWhatYouKill -- EatWhatYouKill@1e9e7340/SelectorProducer@2bb23742/IDLE/p=false/QueuedThreadPool[Jetty (JenkinsRule)]@15ad0977{STARTED,8<=8<=200,i=7,r=-1,q=0}[ReservedThreadExecutor@3ee614f6{reserved=0/16,pending=0}][pc=0,pic=0,pec=0,epc=0]@2024-10-22T18:14:48.983284+05:30 tryProduce false
18:14:48.983 [Jetty (JenkinsRule)-233] DEBUG org.eclipse.jetty.io.ManagedSelector -- updateable 1
18:14:48.983 [Jetty (JenkinsRule)-233] DEBUG org.eclipse.jetty.io.ManagedSelector -- update org.eclipse.jetty.io.ManagedSelector$Start@1f17ebc8
18:14:48.983 [Jetty (JenkinsRule)-233] DEBUG org.eclipse.jetty.io.ManagedSelector -- updates 0
18:14:48.983 [Jetty (JenkinsRule)-233] DEBUG org.eclipse.jetty.io.ManagedSelector -- Selector sun.nio.ch.KQueueSelectorImpl@1f9f209d waiting with 0 keys
18:14:48.983 [Executing testUserWithoutFolderLevelPermission(org.conjur.jenkins.credentials.ConjurCredentialStoreTest)] DEBUG org.eclipse.jetty.util.component.AbstractLifeCycle -- STARTED @16087ms ManagedSelector@26b62c6b{STARTED} id=0 keys=0 selected=0 updates=0
18:14:48.983 [Executing testUserWithoutFolderLevelPermission(org.conjur.jenkins.credentials.ConjurCredentialStoreTest)] DEBUG org.eclipse.jetty.util.component.AbstractLifeCycle -- starting ManagedSelector@20a4e660{STOPPED} id=1 keys=-1 selected=-1 updates=0
18:14:48.983 [Executing testUserWithoutFolderLevelPermission(org.conjur.jenkins.credentials.ConjurCredentialStoreTest)] DEBUG org.eclipse.jetty.util.component.AbstractLifeCycle -- starting EatWhatYouKill@777fb39b/SelectorProducer@1a16ca47/IDLE/p=false/QueuedThreadPool[Jetty (JenkinsRule)]@15ad0977{STARTED,8<=8<=200,i=7,r=-1,q=0}[ReservedThreadExecutor@3ee614f6{reserved=0/16,pending=0}][pc=0,pic=0,pec=0,epc=0]@2024-10-22T18:14:48.983576+05:30
18:14:48.983 [Executing testUserWithoutFolderLevelPermission(org.conjur.jenkins.credentials.ConjurCredentialStoreTest)] DEBUG org.eclipse.jetty.util.component.AbstractLifeCycle -- STARTED @16087ms EatWhatYouKill@777fb39b/SelectorProducer@1a16ca47/IDLE/p=false/QueuedThreadPool[Jetty (JenkinsRule)]@15ad0977{STARTED,8<=8<=200,i=7,r=-1,q=0}[ReservedThreadExecutor@3ee614f6{reserved=0/16,pending=0}][pc=0,pic=0,pec=0,epc=0]@2024-10-22T18:14:48.983666+05:30
18:14:48.983 [Executing testUserWithoutFolderLevelPermission(org.conjur.jenkins.credentials.ConjurCredentialStoreTest)] DEBUG org.eclipse.jetty.util.thread.QueuedThreadPool -- queue org.eclipse.jetty.io.ManagedSelector$$Lambda$424/0x00000001403801f8@31f7fa4a startThread=0
18:14:48.983 [Executing testUserWithoutFolderLevelPermission(org.conjur.jenkins.credentials.ConjurCredentialStoreTest)] DEBUG org.eclipse.jetty.io.ManagedSelector -- Queued change lazy=false org.eclipse.jetty.io.ManagedSelector$Start@6b85a4e5 on ManagedSelector@20a4e660{STARTING} id=1 keys=0 selected=0 updates=0
18:14:48.983 [Jetty (JenkinsRule)-234] DEBUG org.eclipse.jetty.util.thread.QueuedThreadPool -- run org.eclipse.jetty.io.ManagedSelector$$Lambda$424/0x00000001403801f8@31f7fa4a in QueuedThreadPool[Jetty (JenkinsRule)]@15ad0977{STARTED,8<=8<=200,i=6,r=-1,q=0}[ReservedThreadExecutor@3ee614f6{reserved=0/16,pending=0}]
18:14:48.984 [Jetty (JenkinsRule)-234] DEBUG org.eclipse.jetty.util.thread.strategy.EatWhatYouKill -- EatWhatYouKill@777fb39b/SelectorProducer@1a16ca47/IDLE/p=false/QueuedThreadPool[Jetty (JenkinsRule)]@15ad0977{STARTED,8<=8<=200,i=6,r=-1,q=0}[ReservedThreadExecutor@3ee614f6{reserved=0/16,pending=0}][pc=0,pic=0,pec=0,epc=0]@2024-10-22T18:14:48.984015+05:30 tryProduce false
18:14:48.984 [Jetty (JenkinsRule)-234] DEBUG org.eclipse.jetty.io.ManagedSelector -- updateable 1
18:14:48.984 [Jetty (JenkinsRule)-234] DEBUG org.eclipse.jetty.io.ManagedSelector -- update org.eclipse.jetty.io.ManagedSelector$Start@6b85a4e5
18:14:48.984 [Jetty (JenkinsRule)-234] DEBUG org.eclipse.jetty.io.ManagedSelector -- updates 0
18:14:48.984 [Jetty (JenkinsRule)-234] DEBUG org.eclipse.jetty.io.ManagedSelector -- Selector sun.nio.ch.KQueueSelectorImpl@7d26f827 waiting with 0 keys
18:14:48.984 [Executing testUserWithoutFolderLevelPermission(org.conjur.jenkins.credentials.ConjurCredentialStoreTest)] DEBUG org.eclipse.jetty.util.component.AbstractLifeCycle -- STARTED @16088ms ManagedSelector@20a4e660{STARTED} id=1 keys=0 selected=0 updates=0
18:14:48.984 [Executing testUserWithoutFolderLevelPermission(org.conjur.jenkins.credentials.ConjurCredentialStoreTest)] DEBUG org.eclipse.jetty.util.component.AbstractLifeCycle -- starting ManagedSelector@11e77c63{STOPPED} id=2 keys=-1 selected=-1 updates=0
18:14:48.984 [Executing testUserWithoutFolderLevelPermission(org.conjur.jenkins.credentials.ConjurCredentialStoreTest)] DEBUG org.eclipse.jetty.util.component.AbstractLifeCycle -- starting EatWhatYouKill@3766536b/SelectorProducer@3d0fcd77/IDLE/p=false/QueuedThreadPool[Jetty (JenkinsRule)]@15ad0977{STARTED,8<=8<=200,i=6,r=-1,q=0}[ReservedThreadExecutor@3ee614f6{reserved=0/16,pending=0}][pc=0,pic=0,pec=0,epc=0]@2024-10-22T18:14:48.984427+05:30
18:14:48.984 [Executing testUserWithoutFolderLevelPermission(org.conjur.jenkins.credentials.ConjurCredentialStoreTest)] DEBUG org.eclipse.jetty.util.component.AbstractLifeCycle -- STARTED @16088ms EatWhatYouKill@3766536b/SelectorProducer@3d0fcd77/IDLE/p=false/QueuedThreadPool[Jetty (JenkinsRule)]@15ad0977{STARTED,8<=8<=200,i=6,r=-1,q=0}[ReservedThreadExecutor@3ee614f6{reserved=0/16,pending=0}][pc=0,pic=0,pec=0,epc=0]@2024-10-22T18:14:48.984538+05:30
18:14:48.984 [Executing testUserWithoutFolderLevelPermission(org.conjur.jenkins.credentials.ConjurCredentialStoreTest)] DEBUG org.eclipse.jetty.util.thread.QueuedThreadPool -- queue org.eclipse.jetty.io.ManagedSelector$$Lambda$424/0x00000001403801f8@24373c37 startThread=0
18:14:48.984 [Executing testUserWithoutFolderLevelPermission(org.conjur.jenkins.credentials.ConjurCredentialStoreTest)] DEBUG org.eclipse.jetty.io.ManagedSelector -- Queued change lazy=false org.eclipse.jetty.io.ManagedSelector$Start@45ecad2 on ManagedSelector@11e77c63{STARTING} id=2 keys=0 selected=0 updates=0
18:14:48.984 [Jetty (JenkinsRule)-235] DEBUG org.eclipse.jetty.util.thread.QueuedThreadPool -- run org.eclipse.jetty.io.ManagedSelector$$Lambda$424/0x00000001403801f8@24373c37 in QueuedThreadPool[Jetty (JenkinsRule)]@15ad0977{STARTED,8<=8<=200,i=5,r=-1,q=0}[ReservedThreadExecutor@3ee614f6{reserved=0/16,pending=0}]
18:14:48.984 [Jetty (JenkinsRule)-235] DEBUG org.eclipse.jetty.util.thread.strategy.EatWhatYouKill -- EatWhatYouKill@3766536b/SelectorProducer@3d0fcd77/IDLE/p=false/QueuedThreadPool[Jetty (JenkinsRule)]@15ad0977{STARTED,8<=8<=200,i=5,r=-1,q=0}[ReservedThreadExecutor@3ee614f6{reserved=0/16,pending=0}][pc=0,pic=0,pec=0,epc=0]@2024-10-22T18:14:48.984838+05:30 tryProduce false
18:14:48.984 [Jetty (JenkinsRule)-235] DEBUG org.eclipse.jetty.io.ManagedSelector -- updateable 1
18:14:48.985 [Jetty (JenkinsRule)-235] DEBUG org.eclipse.jetty.io.ManagedSelector -- update org.eclipse.jetty.io.ManagedSelector$Start@45ecad2
18:14:48.985 [Jetty (JenkinsRule)-235] DEBUG org.eclipse.jetty.io.ManagedSelector -- updates 0
18:14:48.985 [Jetty (JenkinsRule)-235] DEBUG org.eclipse.jetty.io.ManagedSelector -- Selector sun.nio.ch.KQueueSelectorImpl@69c2c7aa waiting with 0 keys
18:14:48.985 [Executing testUserWithoutFolderLevelPermission(org.conjur.jenkins.credentials.ConjurCredentialStoreTest)] DEBUG org.eclipse.jetty.util.component.AbstractLifeCycle -- STARTED @16088ms ManagedSelector@11e77c63{STARTED} id=2 keys=0 selected=0 updates=0
18:14:48.985 [Executing testUserWithoutFolderLevelPermission(org.conjur.jenkins.credentials.ConjurCredentialStoreTest)] DEBUG org.eclipse.jetty.util.component.AbstractLifeCycle -- starting ManagedSelector@50a8e814{STOPPED} id=3 keys=-1 selected=-1 updates=0
18:14:48.985 [Executing testUserWithoutFolderLevelPermission(org.conjur.jenkins.credentials.ConjurCredentialStoreTest)] DEBUG org.eclipse.jetty.util.component.AbstractLifeCycle -- starting EatWhatYouKill@16f71fd9/SelectorProducer@138feb67/IDLE/p=false/QueuedThreadPool[Jetty (JenkinsRule)]@15ad0977{STARTED,8<=8<=200,i=5,r=-1,q=0}[ReservedThreadExecutor@3ee614f6{reserved=0/16,pending=0}][pc=0,pic=0,pec=0,epc=0]@2024-10-22T18:14:48.985281+05:30
18:14:48.985 [Executing testUserWithoutFolderLevelPermission(org.conjur.jenkins.credentials.ConjurCredentialStoreTest)] DEBUG org.eclipse.jetty.util.component.AbstractLifeCycle -- STARTED @16089ms EatWhatYouKill@16f71fd9/SelectorProducer@138feb67/IDLE/p=false/QueuedThreadPool[Jetty (JenkinsRule)]@15ad0977{STARTED,8<=8<=200,i=5,r=-1,q=0}[ReservedThreadExecutor@3ee614f6{reserved=0/16,pending=0}][pc=0,pic=0,pec=0,epc=0]@2024-10-22T18:14:48.985374+05:30
18:14:48.985 [Executing testUserWithoutFolderLevelPermission(org.conjur.jenkins.credentials.ConjurCredentialStoreTest)] DEBUG org.eclipse.jetty.util.thread.QueuedThreadPool -- queue org.eclipse.jetty.io.ManagedSelector$$Lambda$424/0x00000001403801f8@a7555b9 startThread=0
18:14:48.985 [Executing testUserWithoutFolderLevelPermission(org.conjur.jenkins.credentials.ConjurCredentialStoreTest)] DEBUG org.eclipse.jetty.io.ManagedSelector -- Queued change lazy=false org.eclipse.jetty.io.ManagedSelector$Start@4c916a9e on ManagedSelector@50a8e814{STARTING} id=3 keys=0 selected=0 updates=0
18:14:48.985 [Jetty (JenkinsRule)-236] DEBUG org.eclipse.jetty.util.thread.QueuedThreadPool -- run org.eclipse.jetty.io.ManagedSelector$$Lambda$424/0x00000001403801f8@a7555b9 in QueuedThreadPool[Jetty (JenkinsRule)]@15ad0977{STARTED,8<=8<=200,i=4,r=-1,q=0}[ReservedThreadExecutor@3ee614f6{reserved=0/16,pending=0}]
18:14:48.985 [Jetty (JenkinsRule)-236] DEBUG org.eclipse.jetty.util.thread.strategy.EatWhatYouKill -- EatWhatYouKill@16f71fd9/SelectorProducer@138feb67/IDLE/p=false/QueuedThreadPool[Jetty (JenkinsRule)]@15ad0977{STARTED,8<=8<=200,i=4,r=-1,q=0}[ReservedThreadExecutor@3ee614f6{reserved=0/16,pending=0}][pc=0,pic=0,pec=0,epc=0]@2024-10-22T18:14:48.985626+05:30 tryProduce false
18:14:48.985 [Jetty (JenkinsRule)-236] DEBUG org.eclipse.jetty.io.ManagedSelector -- updateable 1
18:14:48.985 [Jetty (JenkinsRule)-236] DEBUG org.eclipse.jetty.io.ManagedSelector -- update org.eclipse.jetty.io.ManagedSelector$Start@4c916a9e
18:14:48.985 [Jetty (JenkinsRule)-236] DEBUG org.eclipse.jetty.io.ManagedSelector -- updates 0
18:14:48.985 [Jetty (JenkinsRule)-236] DEBUG org.eclipse.jetty.io.ManagedSelector -- Selector sun.nio.ch.KQueueSelectorImpl@28846e40 waiting with 0 keys
18:14:48.985 [Executing testUserWithoutFolderLevelPermission(org.conjur.jenkins.credentials.ConjurCredentialStoreTest)] DEBUG org.eclipse.jetty.util.component.AbstractLifeCycle -- STARTED @16089ms ManagedSelector@50a8e814{STARTED} id=3 keys=0 selected=0 updates=0
18:14:48.985 [Executing testUserWithoutFolderLevelPermission(org.conjur.jenkins.credentials.ConjurCredentialStoreTest)] DEBUG org.eclipse.jetty.util.component.AbstractLifeCycle -- starting ManagedSelector@38995e68{STOPPED} id=4 keys=-1 selected=-1 updates=0
18:14:48.985 [Executing testUserWithoutFolderLevelPermission(org.conjur.jenkins.credentials.ConjurCredentialStoreTest)] DEBUG org.eclipse.jetty.util.component.AbstractLifeCycle -- starting EatWhatYouKill@7a069206/SelectorProducer@54a14348/IDLE/p=false/QueuedThreadPool[Jetty (JenkinsRule)]@15ad0977{STARTED,8<=8<=200,i=4,r=-1,q=0}[ReservedThreadExecutor@3ee614f6{reserved=0/16,pending=0}][pc=0,pic=0,pec=0,epc=0]@2024-10-22T18:14:48.98593+05:30
18:14:48.986 [Executing testUserWithoutFolderLevelPermission(org.conjur.jenkins.credentials.ConjurCredentialStoreTest)] DEBUG org.eclipse.jetty.util.component.AbstractLifeCycle -- STARTED @16089ms EatWhatYouKill@7a069206/SelectorProducer@54a14348/IDLE/p=false/QueuedThreadPool[Jetty (JenkinsRule)]@15ad0977{STARTED,8<=8<=200,i=4,r=-1,q=0}[ReservedThreadExecutor@3ee614f6{reserved=0/16,pending=0}][pc=0,pic=0,pec=0,epc=0]@2024-10-22T18:14:48.986033+05:30
18:14:48.986 [Executing testUserWithoutFolderLevelPermission(org.conjur.jenkins.credentials.ConjurCredentialStoreTest)] DEBUG org.eclipse.jetty.util.thread.QueuedThreadPool -- queue org.eclipse.jetty.io.ManagedSelector$$Lambda$424/0x00000001403801f8@515a21bf startThread=0
18:14:48.986 [Executing testUserWithoutFolderLevelPermission(org.conjur.jenkins.credentials.ConjurCredentialStoreTest)] DEBUG org.eclipse.jetty.io.ManagedSelector -- Queued change lazy=false org.eclipse.jetty.io.ManagedSelector$Start@2320691c on ManagedSelector@38995e68{STARTING} id=4 keys=0 selected=0 updates=0
18:14:48.986 [Jetty (JenkinsRule)-237] DEBUG org.eclipse.jetty.util.thread.QueuedThreadPool -- run org.eclipse.jetty.io.ManagedSelector$$Lambda$424/0x00000001403801f8@515a21bf in QueuedThreadPool[Jetty (JenkinsRule)]@15ad0977{STARTED,8<=8<=200,i=3,r=-1,q=0}[ReservedThreadExecutor@3ee614f6{reserved=0/16,pending=0}]
18:14:48.986 [Jetty (JenkinsRule)-237] DEBUG org.eclipse.jetty.util.thread.strategy.EatWhatYouKill -- EatWhatYouKill@7a069206/SelectorProducer@54a14348/IDLE/p=false/QueuedThreadPool[Jetty (JenkinsRule)]@15ad0977{STARTED,8<=8<=200,i=3,r=-1,q=0}[ReservedThreadExecutor@3ee614f6{reserved=0/16,pending=0}][pc=0,pic=0,pec=0,epc=0]@2024-10-22T18:14:48.986324+05:30 tryProduce false
18:14:48.986 [Jetty (JenkinsRule)-237] DEBUG org.eclipse.jetty.io.ManagedSelector -- updateable 1
18:14:48.986 [Jetty (JenkinsRule)-237] DEBUG org.eclipse.jetty.io.ManagedSelector -- update org.eclipse.jetty.io.ManagedSelector$Start@2320691c
18:14:48.986 [Jetty (JenkinsRule)-237] DEBUG org.eclipse.jetty.io.ManagedSelector -- updates 0
18:14:48.986 [Jetty (JenkinsRule)-237] DEBUG org.eclipse.jetty.io.ManagedSelector -- Selector sun.nio.ch.KQueueSelectorImpl@6e132212 waiting with 0 keys
18:14:48.986 [Executing testUserWithoutFolderLevelPermission(org.conjur.jenkins.credentials.ConjurCredentialStoreTest)] DEBUG org.eclipse.jetty.util.component.AbstractLifeCycle -- STARTED @16090ms ManagedSelector@38995e68{STARTED} id=4 keys=0 selected=0 updates=0
18:14:48.986 [Executing testUserWithoutFolderLevelPermission(org.conjur.jenkins.credentials.ConjurCredentialStoreTest)] DEBUG org.eclipse.jetty.util.component.AbstractLifeCycle -- starting ManagedSelector@3f5b7c13{STOPPED} id=5 keys=-1 selected=-1 updates=0
18:14:48.986 [Executing testUserWithoutFolderLevelPermission(org.conjur.jenkins.credentials.ConjurCredentialStoreTest)] DEBUG org.eclipse.jetty.util.component.AbstractLifeCycle -- starting EatWhatYouKill@2fe6f927/SelectorProducer@613ed87f/IDLE/p=false/QueuedThreadPool[Jetty (JenkinsRule)]@15ad0977{STARTED,8<=8<=200,i=3,r=-1,q=0}[ReservedThreadExecutor@3ee614f6{reserved=0/16,pending=0}][pc=0,pic=0,pec=0,epc=0]@2024-10-22T18:14:48.986576+05:30
18:14:48.986 [Executing testUserWithoutFolderLevelPermission(org.conjur.jenkins.credentials.ConjurCredentialStoreTest)] DEBUG org.eclipse.jetty.util.component.AbstractLifeCycle -- STARTED @16090ms EatWhatYouKill@2fe6f927/SelectorProducer@613ed87f/IDLE/p=false/QueuedThreadPool[Jetty (JenkinsRule)]@15ad0977{STARTED,8<=8<=200,i=3,r=-1,q=0}[ReservedThreadExecutor@3ee614f6{reserved=0/16,pending=0}][pc=0,pic=0,pec=0,epc=0]@2024-10-22T18:14:48.986666+05:30
18:14:48.986 [Executing testUserWithoutFolderLevelPermission(org.conjur.jenkins.credentials.ConjurCredentialStoreTest)] DEBUG org.eclipse.jetty.util.thread.QueuedThreadPool -- queue org.eclipse.jetty.io.ManagedSelector$$Lambda$424/0x00000001403801f8@3d8385c startThread=0
18:14:48.986 [Executing testUserWithoutFolderLevelPermission(org.conjur.jenkins.credentials.ConjurCredentialStoreTest)] DEBUG org.eclipse.jetty.io.ManagedSelector -- Queued change lazy=false org.eclipse.jetty.io.ManagedSelector$Start@445a7723 on ManagedSelector@3f5b7c13{STARTING} id=5 keys=0 selected=0 updates=0
18:14:48.986 [Jetty (JenkinsRule)-238] DEBUG org.eclipse.jetty.util.thread.QueuedThreadPool -- run org.eclipse.jetty.io.ManagedSelector$$Lambda$424/0x00000001403801f8@3d8385c in QueuedThreadPool[Jetty (JenkinsRule)]@15ad0977{STARTED,8<=8<=200,i=2,r=-1,q=0}[ReservedThreadExecutor@3ee614f6{reserved=0/16,pending=0}]
18:14:48.986 [Jetty (JenkinsRule)-238] DEBUG org.eclipse.jetty.util.thread.strategy.EatWhatYouKill -- EatWhatYouKill@2fe6f927/SelectorProducer@613ed87f/IDLE/p=false/QueuedThreadPool[Jetty (JenkinsRule)]@15ad0977{STARTED,8<=8<=200,i=2,r=-1,q=0}[ReservedThreadExecutor@3ee614f6{reserved=0/16,pending=0}][pc=0,pic=0,pec=0,epc=0]@2024-10-22T18:14:48.986924+05:30 tryProduce false
18:14:48.986 [Jetty (JenkinsRule)-238] DEBUG org.eclipse.jetty.io.ManagedSelector -- updateable 1
18:14:48.987 [Jetty (JenkinsRule)-238] DEBUG org.eclipse.jetty.io.ManagedSelector -- update org.eclipse.jetty.io.ManagedSelector$Start@445a7723
18:14:48.987 [Jetty (JenkinsRule)-238] DEBUG org.eclipse.jetty.io.ManagedSelector -- updates 0
18:14:48.987 [Jetty (JenkinsRule)-238] DEBUG org.eclipse.jetty.io.ManagedSelector -- Selector sun.nio.ch.KQueueSelectorImpl@11f1cdd waiting with 0 keys
18:14:48.987 [Executing testUserWithoutFolderLevelPermission(org.conjur.jenkins.credentials.ConjurCredentialStoreTest)] DEBUG org.eclipse.jetty.util.component.AbstractLifeCycle -- STARTED @16090ms ManagedSelector@3f5b7c13{STARTED} id=5 keys=0 selected=0 updates=0
18:14:48.987 [Executing testUserWithoutFolderLevelPermission(org.conjur.jenkins.credentials.ConjurCredentialStoreTest)] DEBUG org.eclipse.jetty.util.component.AbstractLifeCycle -- starting ManagedSelector@429e2f21{STOPPED} id=6 keys=-1 selected=-1 updates=0
18:14:48.987 [Executing testUserWithoutFolderLevelPermission(org.conjur.jenkins.credentials.ConjurCredentialStoreTest)] DEBUG org.eclipse.jetty.util.component.AbstractLifeCycle -- starting EatWhatYouKill@4dc30f8e/SelectorProducer@5574f8d0/IDLE/p=false/QueuedThreadPool[Jetty (JenkinsRule)]@15ad0977{STARTED,8<=8<=200,i=2,r=-1,q=0}[ReservedThreadExecutor@3ee614f6{reserved=0/16,pending=0}][pc=0,pic=0,pec=0,epc=0]@2024-10-22T18:14:48.987256+05:30
18:14:48.987 [Executing testUserWithoutFolderLevelPermission(org.conjur.jenkins.credentials.ConjurCredentialStoreTest)] DEBUG org.eclipse.jetty.util.component.AbstractLifeCycle -- STARTED @16091ms EatWhatYouKill@4dc30f8e/SelectorProducer@5574f8d0/IDLE/p=false/QueuedThreadPool[Jetty (JenkinsRule)]@15ad0977{STARTED,8<=8<=200,i=2,r=-1,q=0}[ReservedThreadExecutor@3ee614f6{reserved=0/16,pending=0}][pc=0,pic=0,pec=0,epc=0]@2024-10-22T18:14:48.987466+05:30
18:14:48.987 [Executing testUserWithoutFolderLevelPermission(org.conjur.jenkins.credentials.ConjurCredentialStoreTest)] DEBUG org.eclipse.jetty.util.thread.QueuedThreadPool -- queue org.eclipse.jetty.io.ManagedSelector$$Lambda$424/0x00000001403801f8@440de1ce startThread=0
18:14:48.987 [Executing testUserWithoutFolderLevelPermission(org.conjur.jenkins.credentials.ConjurCredentialStoreTest)] DEBUG org.eclipse.jetty.io.ManagedSelector -- Queued change lazy=false org.eclipse.jetty.io.ManagedSelector$Start@64c518da on ManagedSelector@429e2f21{STARTING} id=6 keys=0 selected=0 updates=0
18:14:48.987 [Jetty (JenkinsRule)-239] DEBUG org.eclipse.jetty.util.thread.QueuedThreadPool -- run org.eclipse.jetty.io.ManagedSelector$$Lambda$424/0x00000001403801f8@440de1ce in QueuedThreadPool[Jetty (JenkinsRule)]@15ad0977{STARTED,8<=8<=200,i=1,r=-1,q=0}[ReservedThreadExecutor@3ee614f6{reserved=0/16,pending=0}]
18:14:48.987 [Jetty (JenkinsRule)-239] DEBUG org.eclipse.jetty.util.thread.strategy.EatWhatYouKill -- EatWhatYouKill@4dc30f8e/SelectorProducer@5574f8d0/IDLE/p=false/QueuedThreadPool[Jetty (JenkinsRule)]@15ad0977{STARTED,8<=8<=200,i=1,r=-1,q=0}[ReservedThreadExecutor@3ee614f6{reserved=0/16,pending=0}][pc=0,pic=0,pec=0,epc=0]@2024-10-22T18:14:48.987707+05:30 tryProduce false
18:14:48.987 [Jetty (JenkinsRule)-239] DEBUG org.eclipse.jetty.io.ManagedSelector -- updateable 1
18:14:48.987 [Jetty (JenkinsRule)-239] DEBUG org.eclipse.jetty.io.ManagedSelector -- update org.eclipse.jetty.io.ManagedSelector$Start@64c518da
18:14:48.987 [Jetty (JenkinsRule)-239] DEBUG org.eclipse.jetty.io.ManagedSelector -- updates 0
18:14:48.987 [Jetty (JenkinsRule)-239] DEBUG org.eclipse.jetty.io.ManagedSelector -- Selector sun.nio.ch.KQueueSelectorImpl@47f0f589 waiting with 0 keys
18:14:48.987 [Executing testUserWithoutFolderLevelPermission(org.conjur.jenkins.credentials.ConjurCredentialStoreTest)] DEBUG org.eclipse.jetty.util.component.AbstractLifeCycle -- STARTED @16091ms ManagedSelector@429e2f21{STARTED} id=6 keys=0 selected=0 updates=0
18:14:48.987 [Executing testUserWithoutFolderLevelPermission(org.conjur.jenkins.credentials.ConjurCredentialStoreTest)] DEBUG org.eclipse.jetty.util.component.AbstractLifeCycle -- starting ManagedSelector@1eb6871{STOPPED} id=7 keys=-1 selected=-1 updates=0
18:14:48.988 [Executing testUserWithoutFolderLevelPermission(org.conjur.jenkins.credentials.ConjurCredentialStoreTest)] DEBUG org.eclipse.jetty.util.component.AbstractLifeCycle -- starting EatWhatYouKill@26c17885/SelectorProducer@73abacac/IDLE/p=false/QueuedThreadPool[Jetty (JenkinsRule)]@15ad0977{STARTED,8<=8<=200,i=1,r=-1,q=0}[ReservedThreadExecutor@3ee614f6{reserved=0/16,pending=0}][pc=0,pic=0,pec=0,epc=0]@2024-10-22T18:14:48.988028+05:30
18:14:48.988 [Executing testUserWithoutFolderLevelPermission(org.conjur.jenkins.credentials.ConjurCredentialStoreTest)] DEBUG org.eclipse.jetty.util.component.AbstractLifeCycle -- STARTED @16091ms EatWhatYouKill@26c17885/SelectorProducer@73abacac/IDLE/p=false/QueuedThreadPool[Jetty (JenkinsRule)]@15ad0977{STARTED,8<=8<=200,i=1,r=-1,q=0}[ReservedThreadExecutor@3ee614f6{reserved=0/16,pending=0}][pc=0,pic=0,pec=0,epc=0]@2024-10-22T18:14:48.988133+05:30
18:14:48.988 [Executing testUserWithoutFolderLevelPermission(org.conjur.jenkins.credentials.ConjurCredentialStoreTest)] DEBUG org.eclipse.jetty.util.thread.QueuedThreadPool -- queue org.eclipse.jetty.io.ManagedSelector$$Lambda$424/0x00000001403801f8@269dd6c6 startThread=0
18:14:48.988 [Executing testUserWithoutFolderLevelPermission(org.conjur.jenkins.credentials.ConjurCredentialStoreTest)] DEBUG org.eclipse.jetty.io.ManagedSelector -- Queued change lazy=false org.eclipse.jetty.io.ManagedSelector$Start@31695e59 on ManagedSelector@1eb6871{STARTING} id=7 keys=0 selected=0 updates=0
18:14:48.988 [Jetty (JenkinsRule)-240] DEBUG org.eclipse.jetty.util.thread.QueuedThreadPool -- run org.eclipse.jetty.io.ManagedSelector$$Lambda$424/0x00000001403801f8@269dd6c6 in QueuedThreadPool[Jetty (JenkinsRule)]@15ad0977{STARTED,8<=8<=200,i=0,r=-1,q=0}[ReservedThreadExecutor@3ee614f6{reserved=0/16,pending=0}]
18:14:48.988 [Jetty (JenkinsRule)-240] DEBUG org.eclipse.jetty.util.thread.strategy.EatWhatYouKill -- EatWhatYouKill@26c17885/SelectorProducer@73abacac/IDLE/p=false/QueuedThreadPool[Jetty (JenkinsRule)]@15ad0977{STARTED,8<=8<=200,i=0,r=-1,q=0}[ReservedThreadExecutor@3ee614f6{reserved=0/16,pending=0}][pc=0,pic=0,pec=0,epc=0]@2024-10-22T18:14:48.98838+05:30 tryProduce false
18:14:48.988 [Jetty (JenkinsRule)-240] DEBUG org.eclipse.jetty.io.ManagedSelector -- updateable 1
18:14:48.988 [Jetty (JenkinsRule)-240] DEBUG org.eclipse.jetty.io.ManagedSelector -- update org.eclipse.jetty.io.ManagedSelector$Start@31695e59
18:14:48.988 [Jetty (JenkinsRule)-240] DEBUG org.eclipse.jetty.io.ManagedSelector -- updates 0
18:14:48.988 [Jetty (JenkinsRule)-240] DEBUG org.eclipse.jetty.io.ManagedSelector -- Selector sun.nio.ch.KQueueSelectorImpl@1c7cd1e7 waiting with 0 keys
18:14:48.988 [Executing testUserWithoutFolderLevelPermission(org.conjur.jenkins.credentials.ConjurCredentialStoreTest)] DEBUG org.eclipse.jetty.util.component.AbstractLifeCycle -- STARTED @16092ms ManagedSelector@1eb6871{STARTED} id=7 keys=0 selected=0 updates=0
18:14:48.988 [Executing testUserWithoutFolderLevelPermission(org.conjur.jenkins.credentials.ConjurCredentialStoreTest)] DEBUG org.eclipse.jetty.util.component.AbstractLifeCycle -- STARTED @16092ms SelectorManager@ServerConnector@3bde7e40{HTTP/1.1, (http/1.1)}{localhost:51457}
18:14:48.988 [Executing testUserWithoutFolderLevelPermission(org.conjur.jenkins.credentials.ConjurCredentialStoreTest)] DEBUG org.eclipse.jetty.util.component.ContainerLifeCycle -- ServerConnector@3bde7e40{HTTP/1.1, (http/1.1)}{localhost:51457} added {acceptor-0@1ac1ca2b,POJO}
18:14:48.988 [Executing testUserWithoutFolderLevelPermission(org.conjur.jenkins.credentials.ConjurCredentialStoreTest)] DEBUG org.eclipse.jetty.util.thread.QueuedThreadPool -- queue acceptor-0@1ac1ca2b startThread=1
18:14:48.988 [Executing testUserWithoutFolderLevelPermission(org.conjur.jenkins.credentials.ConjurCredentialStoreTest)] DEBUG org.eclipse.jetty.util.thread.QueuedThreadPool -- Starting Thread[Jetty (JenkinsRule)-242,5,main]
18:14:48.989 [Executing testUserWithoutFolderLevelPermission(org.conjur.jenkins.credentials.ConjurCredentialStoreTest)] DEBUG org.eclipse.jetty.util.component.ContainerLifeCycle -- ServerConnector@3bde7e40{HTTP/1.1, (http/1.1)}{localhost:51457} added {acceptor-1@1e6dc590,POJO}
18:14:48.989 [Jetty (JenkinsRule)-242] DEBUG org.eclipse.jetty.util.thread.QueuedThreadPool -- Runner started for QueuedThreadPool[Jetty (JenkinsRule)]@15ad0977{STARTED,8<=9<=200,i=0,r=-1,q=0}[ReservedThreadExecutor@3ee614f6{reserved=0/16,pending=0}]
18:14:48.989 [Executing testUserWithoutFolderLevelPermission(org.conjur.jenkins.credentials.ConjurCredentialStoreTest)] DEBUG org.eclipse.jetty.util.thread.QueuedThreadPool -- queue acceptor-1@1e6dc590 startThread=1
18:14:48.989 [Jetty (JenkinsRule)-242] DEBUG org.eclipse.jetty.util.thread.QueuedThreadPool -- run acceptor-0@1ac1ca2b in QueuedThreadPool[Jetty (JenkinsRule)]@15ad0977{STARTED,8<=10<=200,i=0,r=-1,q=0}[ReservedThreadExecutor@3ee614f6{reserved=0/16,pending=0}]
18:14:48.989 [Executing testUserWithoutFolderLevelPermission(org.conjur.jenkins.credentials.ConjurCredentialStoreTest)] DEBUG org.eclipse.jetty.util.thread.QueuedThreadPool -- Starting Thread[Jetty (JenkinsRule)-243,5,main]
18:14:48.989 [Executing testUserWithoutFolderLevelPermission(org.conjur.jenkins.credentials.ConjurCredentialStoreTest)] INFO org.eclipse.jetty.server.AbstractConnector -- Started ServerConnector@3bde7e40{HTTP/1.1, (http/1.1)}{localhost:51457}
18:14:48.989 [Jetty (JenkinsRule)-243] DEBUG org.eclipse.jetty.util.thread.QueuedThreadPool -- Runner started for QueuedThreadPool[Jetty (JenkinsRule)]@15ad0977{STARTED,8<=10<=200,i=0,r=-1,q=0}[ReservedThreadExecutor@3ee614f6{reserved=0/16,pending=0}]
18:14:48.989 [Executing testUserWithoutFolderLevelPermission(org.conjur.jenkins.credentials.ConjurCredentialStoreTest)] DEBUG org.eclipse.jetty.util.component.AbstractLifeCycle -- STARTED @16093ms ServerConnector@3bde7e40{HTTP/1.1, (http/1.1)}{localhost:51457}
18:14:48.989 [Executing testUserWithoutFolderLevelPermission(org.conjur.jenkins.credentials.ConjurCredentialStoreTest)] INFO org.eclipse.jetty.server.Server -- Started @16093ms
18:14:48.989 [Jetty (JenkinsRule)-243] DEBUG org.eclipse.jetty.util.thread.QueuedThreadPool -- run acceptor-1@1e6dc590 in QueuedThreadPool[Jetty (JenkinsRule)]@15ad0977{STARTED,8<=10<=200,i=0,r=-1,q=0}[ReservedThreadExecutor@3ee614f6{reserved=0/16,pending=0}]
18:14:48.989 [Executing testUserWithoutFolderLevelPermission(org.conjur.jenkins.credentials.ConjurCredentialStoreTest)] DEBUG org.eclipse.jetty.util.component.AbstractLifeCycle -- STARTED @16093ms Server@5490034c{STARTED}[9.4.48.v20220622]
18:14:49.034 [Executing testUserWithoutFolderLevelPermission(org.conjur.jenkins.credentials.ConjurCredentialStoreTest)] DEBUG org.apache.commons.discovery.resource.names.DiscoverNamesInFile -- find: serviceName = 'META-INF/services/org.kohsuke.stapler.Facet'
18:14:49.035 [Executing testUserWithoutFolderLevelPermission(org.conjur.jenkins.credentials.ConjurCredentialStoreTest)] DEBUG org.apache.commons.discovery.resource.DiscoverResources -- find: resourceName='META-INF/services/org.kohsuke.stapler.Facet'
18:14:49.035 [Executing testUserWithoutFolderLevelPermission(org.conjur.jenkins.credentials.ConjurCredentialStoreTest)] DEBUG org.apache.commons.discovery.resource.DiscoverResources -- getNextResources: search using ClassLoader 'jdk.internal.loader.ClassLoaders$AppClassLoader@5ffd2b27'
18:14:49.035 [Executing testUserWithoutFolderLevelPermission(org.conjur.jenkins.credentials.ConjurCredentialStoreTest)] DEBUG org.apache.commons.discovery.resource.DiscoverResources -- getNextResource: next URL='jar:file:/Users/sameer.shaik/.m2/repository/org/kohsuke/stapler/stapler-groovy/1669.v95a_4b_919a_b_a_2/stapler-groovy-1669.v95a_4b_919a_b_a_2.jar!/META-INF/services/org.kohsuke.stapler.Facet'
18:14:49.035 [Executing testUserWithoutFolderLevelPermission(org.conjur.jenkins.credentials.ConjurCredentialStoreTest)] DEBUG org.apache.commons.discovery.resource.names.DiscoverNamesInFile -- getNextClassResource: next class='org.kohsuke.stapler.jelly.groovy.GroovyFacet'
18:14:49.035 [Executing testUserWithoutFolderLevelPermission(org.conjur.jenkins.credentials.ConjurCredentialStoreTest)] DEBUG org.apache.commons.discovery.resource.DiscoverResources -- getNextResource: next URL='jar:file:/Users/sameer.shaik/.m2/repository/org/kohsuke/stapler/stapler-jelly/1669.v95a_4b_919a_b_a_2/stapler-jelly-1669.v95a_4b_919a_b_a_2.jar!/META-INF/services/org.kohsuke.stapler.Facet'
18:14:49.035 [Executing testUserWithoutFolderLevelPermission(org.conjur.jenkins.credentials.ConjurCredentialStoreTest)] DEBUG org.apache.commons.discovery.resource.names.DiscoverNamesInFile -- getNextClassResource: next class='org.kohsuke.stapler.jelly.JellyFacet'
18:14:49.035 [Executing testUserWithoutFolderLevelPermission(org.conjur.jenkins.credentials.ConjurCredentialStoreTest)] DEBUG org.apache.commons.discovery.resource.names.DiscoverNamesInFile -- find: serviceName = 'META-INF/services/org.kohsuke.stapler.Facet'
18:14:49.035 [Executing testUserWithoutFolderLevelPermission(org.conjur.jenkins.credentials.ConjurCredentialStoreTest)] DEBUG org.apache.commons.discovery.resource.DiscoverResources -- find: resourceName='META-INF/services/org.kohsuke.stapler.Facet'
18:14:49.035 [Executing testUserWithoutFolderLevelPermission(org.conjur.jenkins.credentials.ConjurCredentialStoreTest)] DEBUG org.apache.commons.discovery.resource.DiscoverResources -- getNextResources: search using ClassLoader 'jdk.internal.loader.ClassLoaders$AppClassLoader@5ffd2b27'
18:14:49.036 [Executing testUserWithoutFolderLevelPermission(org.conjur.jenkins.credentials.ConjurCredentialStoreTest)] DEBUG org.apache.commons.discovery.resource.DiscoverResources -- getNextResource: next URL='jar:file:/Users/sameer.shaik/.m2/repository/org/kohsuke/stapler/stapler-groovy/1669.v95a_4b_919a_b_a_2/stapler-groovy-1669.v95a_4b_919a_b_a_2.jar!/META-INF/services/org.kohsuke.stapler.Facet'
18:14:49.036 [Executing testUserWithoutFolderLevelPermission(org.conjur.jenkins.credentials.ConjurCredentialStoreTest)] DEBUG org.apache.commons.discovery.resource.names.DiscoverNamesInFile -- getNextClassResource: next class='org.kohsuke.stapler.jelly.groovy.GroovyFacet'
18:14:49.036 [Executing testUserWithoutFolderLevelPermission(org.conjur.jenkins.credentials.ConjurCredentialStoreTest)] DEBUG org.apache.commons.discovery.resource.DiscoverResources -- getNextResource: next URL='jar:file:/Users/sameer.shaik/.m2/repository/org/kohsuke/stapler/stapler-jelly/1669.v95a_4b_919a_b_a_2/stapler-jelly-1669.v95a_4b_919a_b_a_2.jar!/META-INF/services/org.kohsuke.stapler.Facet'
18:14:49.036 [Executing testUserWithoutFolderLevelPermission(org.conjur.jenkins.credentials.ConjurCredentialStoreTest)] DEBUG org.apache.commons.discovery.resource.names.DiscoverNamesInFile -- getNextClassResource: next class='org.kohsuke.stapler.jelly.JellyFacet'
18:14:49.947 [Executing testUserWithoutFolderLevelPermission(org.conjur.jenkins.credentials.ConjurCredentialStoreTest)] DEBUG org.eclipse.jetty.util.component.AbstractLifeCycle -- stopping Server@5490034c{STARTED}[9.4.48.v20220622]
18:14:49.947 [Executing testUserWithoutFolderLevelPermission(org.conjur.jenkins.credentials.ConjurCredentialStoreTest)] DEBUG org.eclipse.jetty.server.Server -- doStop Server@5490034c{STOPPING}[9.4.48.v20220622]
18:14:49.947 [Executing testUserWithoutFolderLevelPermission(org.conjur.jenkins.credentials.ConjurCredentialStoreTest)] DEBUG org.eclipse.jetty.server.handler.AbstractHandlerContainer -- Graceful shutdown Server@5490034c{STOPPING}[9.4.48.v20220622] by 
18:14:49.947 [Executing testUserWithoutFolderLevelPermission(org.conjur.jenkins.credentials.ConjurCredentialStoreTest)] DEBUG org.eclipse.jetty.util.component.AbstractLifeCycle -- stopping ServerConnector@3bde7e40{HTTP/1.1, (http/1.1)}{localhost:0}
18:14:49.947 [Jetty (JenkinsRule)-242] DEBUG org.eclipse.jetty.util.thread.QueuedThreadPool -- ran Jetty (JenkinsRule)-242-acceptor-0@1ac1ca2b-ServerConnector@3bde7e40{HTTP/1.1, (http/1.1)}{localhost:51457} in QueuedThreadPool[Jetty (JenkinsRule)]@15ad0977{STARTED,8<=10<=200,i=0,r=-1,q=0}[ReservedThreadExecutor@3ee614f6{reserved=0/16,pending=0}]
18:14:49.947 [Jetty (JenkinsRule)-243] DEBUG org.eclipse.jetty.util.thread.QueuedThreadPool -- ran Jetty (JenkinsRule)-243-acceptor-1@1e6dc590-ServerConnector@3bde7e40{HTTP/1.1, (http/1.1)}{localhost:51457} in QueuedThreadPool[Jetty (JenkinsRule)]@15ad0977{STARTED,8<=10<=200,i=0,r=-1,q=0}[ReservedThreadExecutor@3ee614f6{reserved=0/16,pending=0}]
18:14:49.947 [Executing testUserWithoutFolderLevelPermission(org.conjur.jenkins.credentials.ConjurCredentialStoreTest)] DEBUG org.eclipse.jetty.util.component.AbstractLifeCycle -- stopping SelectorManager@ServerConnector@3bde7e40{HTTP/1.1, (http/1.1)}{localhost:0}
18:14:49.947 [Executing testUserWithoutFolderLevelPermission(org.conjur.jenkins.credentials.ConjurCredentialStoreTest)] DEBUG org.eclipse.jetty.util.component.AbstractLifeCycle -- stopping ManagedSelector@1eb6871{STARTED} id=7 keys=0 selected=0 updates=0
18:14:49.947 [Executing testUserWithoutFolderLevelPermission(org.conjur.jenkins.credentials.ConjurCredentialStoreTest)] DEBUG org.eclipse.jetty.io.ManagedSelector -- Queued change lazy=false org.eclipse.jetty.io.ManagedSelector$CloseConnections@6cc754ba on ManagedSelector@1eb6871{STOPPING} id=7 keys=0 selected=0 updates=0
18:14:49.947 [Executing testUserWithoutFolderLevelPermission(org.conjur.jenkins.credentials.ConjurCredentialStoreTest)] DEBUG org.eclipse.jetty.io.ManagedSelector -- Wakeup on submit ManagedSelector@1eb6871{STOPPING} id=7 keys=0 selected=0 updates=1
18:14:49.947 [Jetty (JenkinsRule)-240] DEBUG org.eclipse.jetty.io.ManagedSelector -- Selector sun.nio.ch.KQueueSelectorImpl@1c7cd1e7 woken with none selected
18:14:49.947 [Jetty (JenkinsRule)-240] DEBUG org.eclipse.jetty.io.ManagedSelector -- Selector sun.nio.ch.KQueueSelectorImpl@1c7cd1e7 woken up from select, 0/0/0 selected
18:14:49.947 [Jetty (JenkinsRule)-240] DEBUG org.eclipse.jetty.io.ManagedSelector -- Selector sun.nio.ch.KQueueSelectorImpl@1c7cd1e7 processing 0 keys, 1 updates
18:14:49.947 [Jetty (JenkinsRule)-240] DEBUG org.eclipse.jetty.io.ManagedSelector -- updateable 1
18:14:49.947 [Jetty (JenkinsRule)-240] DEBUG org.eclipse.jetty.io.ManagedSelector -- update org.eclipse.jetty.io.ManagedSelector$CloseConnections@6cc754ba
18:14:49.947 [Jetty (JenkinsRule)-240] DEBUG org.eclipse.jetty.io.ManagedSelector -- Closing 0 connections on ManagedSelector@1eb6871{STOPPING} id=7 keys=0 selected=0 updates=0
18:14:49.947 [Jetty (JenkinsRule)-240] DEBUG org.eclipse.jetty.io.ManagedSelector -- updates 0
18:14:49.947 [Jetty (JenkinsRule)-240] DEBUG org.eclipse.jetty.io.ManagedSelector -- Selector sun.nio.ch.KQueueSelectorImpl@1c7cd1e7 waiting with 0 keys
18:14:49.947 [Executing testUserWithoutFolderLevelPermission(org.conjur.jenkins.credentials.ConjurCredentialStoreTest)] DEBUG org.eclipse.jetty.io.ManagedSelector -- Queued change lazy=false org.eclipse.jetty.io.ManagedSelector$StopSelector@3f6c0422 on ManagedSelector@1eb6871{STOPPING} id=7 keys=0 selected=0 updates=0
18:14:49.947 [Executing testUserWithoutFolderLevelPermission(org.conjur.jenkins.credentials.ConjurCredentialStoreTest)] DEBUG org.eclipse.jetty.io.ManagedSelector -- Wakeup on submit ManagedSelector@1eb6871{STOPPING} id=7 keys=0 selected=0 updates=1
18:14:49.948 [Jetty (JenkinsRule)-240] DEBUG org.eclipse.jetty.io.ManagedSelector -- Selector sun.nio.ch.KQueueSelectorImpl@1c7cd1e7 woken with none selected
18:14:49.948 [Jetty (JenkinsRule)-240] DEBUG org.eclipse.jetty.io.ManagedSelector -- Selector sun.nio.ch.KQueueSelectorImpl@1c7cd1e7 woken up from select, 0/0/0 selected
18:14:49.948 [Jetty (JenkinsRule)-240] DEBUG org.eclipse.jetty.io.ManagedSelector -- Selector sun.nio.ch.KQueueSelectorImpl@1c7cd1e7 processing 0 keys, 1 updates
18:14:49.948 [Jetty (JenkinsRule)-240] DEBUG org.eclipse.jetty.io.ManagedSelector -- updateable 1
18:14:49.948 [Jetty (JenkinsRule)-240] DEBUG org.eclipse.jetty.io.ManagedSelector -- update org.eclipse.jetty.io.ManagedSelector$StopSelector@3f6c0422
18:14:49.948 [Jetty (JenkinsRule)-240] DEBUG org.eclipse.jetty.io.ManagedSelector -- updates 0
18:14:49.948 [Jetty (JenkinsRule)-240] DEBUG org.eclipse.jetty.util.thread.QueuedThreadPool -- ran org.eclipse.jetty.io.ManagedSelector$$Lambda$424/0x00000001403801f8@269dd6c6 in QueuedThreadPool[Jetty (JenkinsRule)]@15ad0977{STARTED,8<=10<=200,i=2,r=-1,q=0}[ReservedThreadExecutor@3ee614f6{reserved=0/16,pending=0}]
18:14:49.948 [Executing testUserWithoutFolderLevelPermission(org.conjur.jenkins.credentials.ConjurCredentialStoreTest)] DEBUG org.eclipse.jetty.util.component.AbstractLifeCycle -- stopping EatWhatYouKill@26c17885/SelectorProducer@73abacac/IDLE/p=false/QueuedThreadPool[Jetty (JenkinsRule)]@15ad0977{STARTED,8<=10<=200,i=2,r=-1,q=0}[ReservedThreadExecutor@3ee614f6{reserved=0/16,pending=0}][pc=0,pic=0,pec=0,epc=0]@2024-10-22T18:14:49.948228+05:30
18:14:49.948 [Executing testUserWithoutFolderLevelPermission(org.conjur.jenkins.credentials.ConjurCredentialStoreTest)] DEBUG org.eclipse.jetty.util.component.AbstractLifeCycle -- STOPPED EatWhatYouKill@26c17885/SelectorProducer@73abacac/IDLE/p=false/QueuedThreadPool[Jetty (JenkinsRule)]@15ad0977{STARTED,8<=10<=200,i=3,r=-1,q=0}[ReservedThreadExecutor@3ee614f6{reserved=0/16,pending=0}][pc=0,pic=0,pec=0,epc=0]@2024-10-22T18:14:49.94834+05:30
18:14:49.948 [Executing testUserWithoutFolderLevelPermission(org.conjur.jenkins.credentials.ConjurCredentialStoreTest)] DEBUG org.eclipse.jetty.util.component.AbstractLifeCycle -- STOPPED ManagedSelector@1eb6871{STOPPED} id=7 keys=-1 selected=-1 updates=0
18:14:49.948 [Executing testUserWithoutFolderLevelPermission(org.conjur.jenkins.credentials.ConjurCredentialStoreTest)] DEBUG org.eclipse.jetty.util.component.AbstractLifeCycle -- stopping ManagedSelector@429e2f21{STARTED} id=6 keys=0 selected=0 updates=0
18:14:49.948 [Executing testUserWithoutFolderLevelPermission(org.conjur.jenkins.credentials.ConjurCredentialStoreTest)] DEBUG org.eclipse.jetty.io.ManagedSelector -- Queued change lazy=false org.eclipse.jetty.io.ManagedSelector$CloseConnections@156fc0eb on ManagedSelector@429e2f21{STOPPING} id=6 keys=0 selected=0 updates=0
18:14:49.948 [Executing testUserWithoutFolderLevelPermission(org.conjur.jenkins.credentials.ConjurCredentialStoreTest)] DEBUG org.eclipse.jetty.io.ManagedSelector -- Wakeup on submit ManagedSelector@429e2f21{STOPPING} id=6 keys=0 selected=0 updates=1
18:14:49.948 [Jetty (JenkinsRule)-239] DEBUG org.eclipse.jetty.io.ManagedSelector -- Selector sun.nio.ch.KQueueSelectorImpl@47f0f589 woken with none selected
18:14:49.948 [Jetty (JenkinsRule)-239] DEBUG org.eclipse.jetty.io.ManagedSelector -- Selector sun.nio.ch.KQueueSelectorImpl@47f0f589 woken up from select, 0/0/0 selected
18:14:49.948 [Jetty (JenkinsRule)-239] DEBUG org.eclipse.jetty.io.ManagedSelector -- Selector sun.nio.ch.KQueueSelectorImpl@47f0f589 processing 0 keys, 1 updates
18:14:49.948 [Jetty (JenkinsRule)-239] DEBUG org.eclipse.jetty.io.ManagedSelector -- updateable 1
18:14:49.948 [Jetty (JenkinsRule)-239] DEBUG org.eclipse.jetty.io.ManagedSelector -- update org.eclipse.jetty.io.ManagedSelector$CloseConnections@156fc0eb
18:14:49.948 [Jetty (JenkinsRule)-239] DEBUG org.eclipse.jetty.io.ManagedSelector -- Closing 0 connections on ManagedSelector@429e2f21{STOPPING} id=6 keys=0 selected=0 updates=0
18:14:49.948 [Jetty (JenkinsRule)-239] DEBUG org.eclipse.jetty.io.ManagedSelector -- updates 0
18:14:49.948 [Jetty (JenkinsRule)-239] DEBUG org.eclipse.jetty.io.ManagedSelector -- Selector sun.nio.ch.KQueueSelectorImpl@47f0f589 waiting with 0 keys
18:14:49.948 [Executing testUserWithoutFolderLevelPermission(org.conjur.jenkins.credentials.ConjurCredentialStoreTest)] DEBUG org.eclipse.jetty.io.ManagedSelector -- Queued change lazy=false org.eclipse.jetty.io.ManagedSelector$StopSelector@58c97a41 on ManagedSelector@429e2f21{STOPPING} id=6 keys=0 selected=0 updates=0
18:14:49.948 [Executing testUserWithoutFolderLevelPermission(org.conjur.jenkins.credentials.ConjurCredentialStoreTest)] DEBUG org.eclipse.jetty.io.ManagedSelector -- Wakeup on submit ManagedSelector@429e2f21{STOPPING} id=6 keys=0 selected=0 updates=1
18:14:49.948 [Jetty (JenkinsRule)-239] DEBUG org.eclipse.jetty.io.ManagedSelector -- Selector sun.nio.ch.KQueueSelectorImpl@47f0f589 woken with none selected
18:14:49.948 [Jetty (JenkinsRule)-239] DEBUG org.eclipse.jetty.io.ManagedSelector -- Selector sun.nio.ch.KQueueSelectorImpl@47f0f589 woken up from select, 0/0/0 selected
18:14:49.948 [Jetty (JenkinsRule)-239] DEBUG org.eclipse.jetty.io.ManagedSelector -- Selector sun.nio.ch.KQueueSelectorImpl@47f0f589 processing 0 keys, 1 updates
18:14:49.948 [Jetty (JenkinsRule)-239] DEBUG org.eclipse.jetty.io.ManagedSelector -- updateable 1
18:14:49.948 [Jetty (JenkinsRule)-239] DEBUG org.eclipse.jetty.io.ManagedSelector -- update org.eclipse.jetty.io.ManagedSelector$StopSelector@58c97a41
18:14:49.948 [Jetty (JenkinsRule)-239] DEBUG org.eclipse.jetty.io.ManagedSelector -- updates 0
18:14:49.948 [Jetty (JenkinsRule)-239] DEBUG org.eclipse.jetty.util.thread.QueuedThreadPool -- ran org.eclipse.jetty.io.ManagedSelector$$Lambda$424/0x00000001403801f8@440de1ce in QueuedThreadPool[Jetty (JenkinsRule)]@15ad0977{STARTED,8<=10<=200,i=3,r=-1,q=0}[ReservedThreadExecutor@3ee614f6{reserved=0/16,pending=0}]
18:14:49.948 [Executing testUserWithoutFolderLevelPermission(org.conjur.jenkins.credentials.ConjurCredentialStoreTest)] DEBUG org.eclipse.jetty.util.component.AbstractLifeCycle -- stopping EatWhatYouKill@4dc30f8e/SelectorProducer@5574f8d0/IDLE/p=false/QueuedThreadPool[Jetty (JenkinsRule)]@15ad0977{STARTED,8<=10<=200,i=3,r=-1,q=0}[ReservedThreadExecutor@3ee614f6{reserved=0/16,pending=0}][pc=0,pic=0,pec=0,epc=0]@2024-10-22T18:14:49.948968+05:30
18:14:49.949 [Executing testUserWithoutFolderLevelPermission(org.conjur.jenkins.credentials.ConjurCredentialStoreTest)] DEBUG org.eclipse.jetty.util.component.AbstractLifeCycle -- STOPPED EatWhatYouKill@4dc30f8e/SelectorProducer@5574f8d0/IDLE/p=false/QueuedThreadPool[Jetty (JenkinsRule)]@15ad0977{STARTED,8<=10<=200,i=4,r=-1,q=0}[ReservedThreadExecutor@3ee614f6{reserved=0/16,pending=0}][pc=0,pic=0,pec=0,epc=0]@2024-10-22T18:14:49.949048+05:30
18:14:49.949 [Executing testUserWithoutFolderLevelPermission(org.conjur.jenkins.credentials.ConjurCredentialStoreTest)] DEBUG org.eclipse.jetty.util.component.AbstractLifeCycle -- STOPPED ManagedSelector@429e2f21{STOPPED} id=6 keys=-1 selected=-1 updates=0
18:14:49.949 [Executing testUserWithoutFolderLevelPermission(org.conjur.jenkins.credentials.ConjurCredentialStoreTest)] DEBUG org.eclipse.jetty.util.component.AbstractLifeCycle -- stopping ManagedSelector@3f5b7c13{STARTED} id=5 keys=0 selected=0 updates=0
18:14:49.949 [Executing testUserWithoutFolderLevelPermission(org.conjur.jenkins.credentials.ConjurCredentialStoreTest)] DEBUG org.eclipse.jetty.io.ManagedSelector -- Queued change lazy=false org.eclipse.jetty.io.ManagedSelector$CloseConnections@efd9766 on ManagedSelector@3f5b7c13{STOPPING} id=5 keys=0 selected=0 updates=0
18:14:49.949 [Executing testUserWithoutFolderLevelPermission(org.conjur.jenkins.credentials.ConjurCredentialStoreTest)] DEBUG org.eclipse.jetty.io.ManagedSelector -- Wakeup on submit ManagedSelector@3f5b7c13{STOPPING} id=5 keys=0 selected=0 updates=1
18:14:49.949 [Jetty (JenkinsRule)-238] DEBUG org.eclipse.jetty.io.ManagedSelector -- Selector sun.nio.ch.KQueueSelectorImpl@11f1cdd woken with none selected
18:14:49.949 [Jetty (JenkinsRule)-238] DEBUG org.eclipse.jetty.io.ManagedSelector -- Selector sun.nio.ch.KQueueSelectorImpl@11f1cdd woken up from select, 0/0/0 selected
18:14:49.949 [Jetty (JenkinsRule)-238] DEBUG org.eclipse.jetty.io.ManagedSelector -- Selector sun.nio.ch.KQueueSelectorImpl@11f1cdd processing 0 keys, 1 updates
18:14:49.949 [Jetty (JenkinsRule)-238] DEBUG org.eclipse.jetty.io.ManagedSelector -- updateable 1
18:14:49.949 [Jetty (JenkinsRule)-238] DEBUG org.eclipse.jetty.io.ManagedSelector -- update org.eclipse.jetty.io.ManagedSelector$CloseConnections@efd9766
18:14:49.949 [Jetty (JenkinsRule)-238] DEBUG org.eclipse.jetty.io.ManagedSelector -- Closing 0 connections on ManagedSelector@3f5b7c13{STOPPING} id=5 keys=0 selected=0 updates=0
18:14:49.949 [Jetty (JenkinsRule)-238] DEBUG org.eclipse.jetty.io.ManagedSelector -- updates 0
18:14:49.949 [Jetty (JenkinsRule)-238] DEBUG org.eclipse.jetty.io.ManagedSelector -- Selector sun.nio.ch.KQueueSelectorImpl@11f1cdd waiting with 0 keys
18:14:49.949 [Executing testUserWithoutFolderLevelPermission(org.conjur.jenkins.credentials.ConjurCredentialStoreTest)] DEBUG org.eclipse.jetty.io.ManagedSelector -- Queued change lazy=false org.eclipse.jetty.io.ManagedSelector$StopSelector@51efcf8f on ManagedSelector@3f5b7c13{STOPPING} id=5 keys=0 selected=0 updates=0
18:14:49.949 [Executing testUserWithoutFolderLevelPermission(org.conjur.jenkins.credentials.ConjurCredentialStoreTest)] DEBUG org.eclipse.jetty.io.ManagedSelector -- Wakeup on submit ManagedSelector@3f5b7c13{STOPPING} id=5 keys=0 selected=0 updates=1
18:14:49.949 [Jetty (JenkinsRule)-238] DEBUG org.eclipse.jetty.io.ManagedSelector -- Selector sun.nio.ch.KQueueSelectorImpl@11f1cdd woken with none selected
18:14:49.949 [Jetty (JenkinsRule)-238] DEBUG org.eclipse.jetty.io.ManagedSelector -- Selector sun.nio.ch.KQueueSelectorImpl@11f1cdd woken up from select, 0/0/0 selected
18:14:49.949 [Jetty (JenkinsRule)-238] DEBUG org.eclipse.jetty.io.ManagedSelector -- Selector sun.nio.ch.KQueueSelectorImpl@11f1cdd processing 0 keys, 1 updates
18:14:49.949 [Jetty (JenkinsRule)-238] DEBUG org.eclipse.jetty.io.ManagedSelector -- updateable 1
18:14:49.949 [Jetty (JenkinsRule)-238] DEBUG org.eclipse.jetty.io.ManagedSelector -- update org.eclipse.jetty.io.ManagedSelector$StopSelector@51efcf8f
18:14:49.949 [Jetty (JenkinsRule)-238] DEBUG org.eclipse.jetty.io.ManagedSelector -- updates 0
18:14:49.949 [Jetty (JenkinsRule)-238] DEBUG org.eclipse.jetty.util.thread.QueuedThreadPool -- ran org.eclipse.jetty.io.ManagedSelector$$Lambda$424/0x00000001403801f8@3d8385c in QueuedThreadPool[Jetty (JenkinsRule)]@15ad0977{STARTED,8<=10<=200,i=4,r=-1,q=0}[ReservedThreadExecutor@3ee614f6{reserved=0/16,pending=0}]
18:14:49.949 [Executing testUserWithoutFolderLevelPermission(org.conjur.jenkins.credentials.ConjurCredentialStoreTest)] DEBUG org.eclipse.jetty.util.component.AbstractLifeCycle -- stopping EatWhatYouKill@2fe6f927/SelectorProducer@613ed87f/IDLE/p=false/QueuedThreadPool[Jetty (JenkinsRule)]@15ad0977{STARTED,8<=10<=200,i=4,r=-1,q=0}[ReservedThreadExecutor@3ee614f6{reserved=0/16,pending=0}][pc=0,pic=0,pec=0,epc=0]@2024-10-22T18:14:49.949745+05:30
18:14:49.949 [Executing testUserWithoutFolderLevelPermission(org.conjur.jenkins.credentials.ConjurCredentialStoreTest)] DEBUG org.eclipse.jetty.util.component.AbstractLifeCycle -- STOPPED EatWhatYouKill@2fe6f927/SelectorProducer@613ed87f/IDLE/p=false/QueuedThreadPool[Jetty (JenkinsRule)]@15ad0977{STARTED,8<=10<=200,i=5,r=-1,q=0}[ReservedThreadExecutor@3ee614f6{reserved=0/16,pending=0}][pc=0,pic=0,pec=0,epc=0]@2024-10-22T18:14:49.949827+05:30
18:14:49.949 [Executing testUserWithoutFolderLevelPermission(org.conjur.jenkins.credentials.ConjurCredentialStoreTest)] DEBUG org.eclipse.jetty.util.component.AbstractLifeCycle -- STOPPED ManagedSelector@3f5b7c13{STOPPED} id=5 keys=-1 selected=-1 updates=0
18:14:49.949 [Executing testUserWithoutFolderLevelPermission(org.conjur.jenkins.credentials.ConjurCredentialStoreTest)] DEBUG org.eclipse.jetty.util.component.AbstractLifeCycle -- stopping ManagedSelector@38995e68{STARTED} id=4 keys=0 selected=0 updates=0
18:14:49.949 [Executing testUserWithoutFolderLevelPermission(org.conjur.jenkins.credentials.ConjurCredentialStoreTest)] DEBUG org.eclipse.jetty.io.ManagedSelector -- Queued change lazy=false org.eclipse.jetty.io.ManagedSelector$CloseConnections@3a6c35c1 on ManagedSelector@38995e68{STOPPING} id=4 keys=0 selected=0 updates=0
18:14:49.949 [Executing testUserWithoutFolderLevelPermission(org.conjur.jenkins.credentials.ConjurCredentialStoreTest)] DEBUG org.eclipse.jetty.io.ManagedSelector -- Wakeup on submit ManagedSelector@38995e68{STOPPING} id=4 keys=0 selected=0 updates=1
18:14:49.950 [Jetty (JenkinsRule)-237] DEBUG org.eclipse.jetty.io.ManagedSelector -- Selector sun.nio.ch.KQueueSelectorImpl@6e132212 woken with none selected
18:14:49.950 [Jetty (JenkinsRule)-237] DEBUG org.eclipse.jetty.io.ManagedSelector -- Selector sun.nio.ch.KQueueSelectorImpl@6e132212 woken up from select, 0/0/0 selected
18:14:49.950 [Jetty (JenkinsRule)-237] DEBUG org.eclipse.jetty.io.ManagedSelector -- Selector sun.nio.ch.KQueueSelectorImpl@6e132212 processing 0 keys, 1 updates
18:14:49.950 [Jetty (JenkinsRule)-237] DEBUG org.eclipse.jetty.io.ManagedSelector -- updateable 1
18:14:49.950 [Jetty (JenkinsRule)-237] DEBUG org.eclipse.jetty.io.ManagedSelector -- update org.eclipse.jetty.io.ManagedSelector$CloseConnections@3a6c35c1
18:14:49.950 [Jetty (JenkinsRule)-237] DEBUG org.eclipse.jetty.io.ManagedSelector -- Closing 0 connections on ManagedSelector@38995e68{STOPPING} id=4 keys=0 selected=0 updates=0
18:14:49.950 [Jetty (JenkinsRule)-237] DEBUG org.eclipse.jetty.io.ManagedSelector -- updates 0
18:14:49.950 [Jetty (JenkinsRule)-237] DEBUG org.eclipse.jetty.io.ManagedSelector -- Selector sun.nio.ch.KQueueSelectorImpl@6e132212 waiting with 0 keys
18:14:49.950 [Executing testUserWithoutFolderLevelPermission(org.conjur.jenkins.credentials.ConjurCredentialStoreTest)] DEBUG org.eclipse.jetty.io.ManagedSelector -- Queued change lazy=false org.eclipse.jetty.io.ManagedSelector$StopSelector@29644bbf on ManagedSelector@38995e68{STOPPING} id=4 keys=0 selected=0 updates=0
18:14:49.950 [Executing testUserWithoutFolderLevelPermission(org.conjur.jenkins.credentials.ConjurCredentialStoreTest)] DEBUG org.eclipse.jetty.io.ManagedSelector -- Wakeup on submit ManagedSelector@38995e68{STOPPING} id=4 keys=0 selected=0 updates=1
18:14:49.950 [Jetty (JenkinsRule)-237] DEBUG org.eclipse.jetty.io.ManagedSelector -- Selector sun.nio.ch.KQueueSelectorImpl@6e132212 woken with none selected
18:14:49.950 [Jetty (JenkinsRule)-237] DEBUG org.eclipse.jetty.io.ManagedSelector -- Selector sun.nio.ch.KQueueSelectorImpl@6e132212 woken up from select, 0/0/0 selected
18:14:49.950 [Jetty (JenkinsRule)-237] DEBUG org.eclipse.jetty.io.ManagedSelector -- Selector sun.nio.ch.KQueueSelectorImpl@6e132212 processing 0 keys, 1 updates
18:14:49.950 [Jetty (JenkinsRule)-237] DEBUG org.eclipse.jetty.io.ManagedSelector -- updateable 1
18:14:49.950 [Jetty (JenkinsRule)-237] DEBUG org.eclipse.jetty.io.ManagedSelector -- update org.eclipse.jetty.io.ManagedSelector$StopSelector@29644bbf
18:14:49.950 [Jetty (JenkinsRule)-237] DEBUG org.eclipse.jetty.io.ManagedSelector -- updates 0
18:14:49.950 [Jetty (JenkinsRule)-237] DEBUG org.eclipse.jetty.util.thread.QueuedThreadPool -- ran org.eclipse.jetty.io.ManagedSelector$$Lambda$424/0x00000001403801f8@515a21bf in QueuedThreadPool[Jetty (JenkinsRule)]@15ad0977{STARTED,8<=10<=200,i=5,r=-1,q=0}[ReservedThreadExecutor@3ee614f6{reserved=0/16,pending=0}]
18:14:49.950 [Executing testUserWithoutFolderLevelPermission(org.conjur.jenkins.credentials.ConjurCredentialStoreTest)] DEBUG org.eclipse.jetty.util.component.AbstractLifeCycle -- stopping EatWhatYouKill@7a069206/SelectorProducer@54a14348/IDLE/p=false/QueuedThreadPool[Jetty (JenkinsRule)]@15ad0977{STARTED,8<=10<=200,i=5,r=-1,q=0}[ReservedThreadExecutor@3ee614f6{reserved=0/16,pending=0}][pc=0,pic=0,pec=0,epc=0]@2024-10-22T18:14:49.950512+05:30
18:14:49.950 [Executing testUserWithoutFolderLevelPermission(org.conjur.jenkins.credentials.ConjurCredentialStoreTest)] DEBUG org.eclipse.jetty.util.component.AbstractLifeCycle -- STOPPED EatWhatYouKill@7a069206/SelectorProducer@54a14348/IDLE/p=false/QueuedThreadPool[Jetty (JenkinsRule)]@15ad0977{STARTED,8<=10<=200,i=6,r=-1,q=0}[ReservedThreadExecutor@3ee614f6{reserved=0/16,pending=0}][pc=0,pic=0,pec=0,epc=0]@2024-10-22T18:14:49.950583+05:30
18:14:49.950 [Executing testUserWithoutFolderLevelPermission(org.conjur.jenkins.credentials.ConjurCredentialStoreTest)] DEBUG org.eclipse.jetty.util.component.AbstractLifeCycle -- STOPPED ManagedSelector@38995e68{STOPPED} id=4 keys=-1 selected=-1 updates=0
18:14:49.950 [Executing testUserWithoutFolderLevelPermission(org.conjur.jenkins.credentials.ConjurCredentialStoreTest)] DEBUG org.eclipse.jetty.util.component.AbstractLifeCycle -- stopping ManagedSelector@50a8e814{STARTED} id=3 keys=0 selected=0 updates=0
18:14:49.950 [Executing testUserWithoutFolderLevelPermission(org.conjur.jenkins.credentials.ConjurCredentialStoreTest)] DEBUG org.eclipse.jetty.io.ManagedSelector -- Queued change lazy=false org.eclipse.jetty.io.ManagedSelector$CloseConnections@4bc0bf52 on ManagedSelector@50a8e814{STOPPING} id=3 keys=0 selected=0 updates=0
18:14:49.950 [Executing testUserWithoutFolderLevelPermission(org.conjur.jenkins.credentials.ConjurCredentialStoreTest)] DEBUG org.eclipse.jetty.io.ManagedSelector -- Wakeup on submit ManagedSelector@50a8e814{STOPPING} id=3 keys=0 selected=0 updates=1
18:14:49.950 [Jetty (JenkinsRule)-236] DEBUG org.eclipse.jetty.io.ManagedSelector -- Selector sun.nio.ch.KQueueSelectorImpl@28846e40 woken with none selected
18:14:49.950 [Jetty (JenkinsRule)-236] DEBUG org.eclipse.jetty.io.ManagedSelector -- Selector sun.nio.ch.KQueueSelectorImpl@28846e40 woken up from select, 0/0/0 selected
18:14:49.950 [Jetty (JenkinsRule)-236] DEBUG org.eclipse.jetty.io.ManagedSelector -- Selector sun.nio.ch.KQueueSelectorImpl@28846e40 processing 0 keys, 1 updates
18:14:49.950 [Jetty (JenkinsRule)-236] DEBUG org.eclipse.jetty.io.ManagedSelector -- updateable 1
18:14:49.950 [Jetty (JenkinsRule)-236] DEBUG org.eclipse.jetty.io.ManagedSelector -- update org.eclipse.jetty.io.ManagedSelector$CloseConnections@4bc0bf52
18:14:49.950 [Jetty (JenkinsRule)-236] DEBUG org.eclipse.jetty.io.ManagedSelector -- Closing 0 connections on ManagedSelector@50a8e814{STOPPING} id=3 keys=0 selected=0 updates=0
18:14:49.950 [Jetty (JenkinsRule)-236] DEBUG org.eclipse.jetty.io.ManagedSelector -- updates 0
18:14:49.950 [Jetty (JenkinsRule)-236] DEBUG org.eclipse.jetty.io.ManagedSelector -- Selector sun.nio.ch.KQueueSelectorImpl@28846e40 waiting with 0 keys
18:14:49.950 [Executing testUserWithoutFolderLevelPermission(org.conjur.jenkins.credentials.ConjurCredentialStoreTest)] DEBUG org.eclipse.jetty.io.ManagedSelector -- Queued change lazy=false org.eclipse.jetty.io.ManagedSelector$StopSelector@647c9212 on ManagedSelector@50a8e814{STOPPING} id=3 keys=0 selected=0 updates=0
18:14:49.950 [Executing testUserWithoutFolderLevelPermission(org.conjur.jenkins.credentials.ConjurCredentialStoreTest)] DEBUG org.eclipse.jetty.io.ManagedSelector -- Wakeup on submit ManagedSelector@50a8e814{STOPPING} id=3 keys=0 selected=0 updates=1
18:14:49.951 [Jetty (JenkinsRule)-236] DEBUG org.eclipse.jetty.io.ManagedSelector -- Selector sun.nio.ch.KQueueSelectorImpl@28846e40 woken with none selected
18:14:49.951 [Jetty (JenkinsRule)-236] DEBUG org.eclipse.jetty.io.ManagedSelector -- Selector sun.nio.ch.KQueueSelectorImpl@28846e40 woken up from select, 0/0/0 selected
18:14:49.951 [Jetty (JenkinsRule)-236] DEBUG org.eclipse.jetty.io.ManagedSelector -- Selector sun.nio.ch.KQueueSelectorImpl@28846e40 processing 0 keys, 1 updates
18:14:49.951 [Jetty (JenkinsRule)-236] DEBUG org.eclipse.jetty.io.ManagedSelector -- updateable 1
18:14:49.951 [Jetty (JenkinsRule)-236] DEBUG org.eclipse.jetty.io.ManagedSelector -- update org.eclipse.jetty.io.ManagedSelector$StopSelector@647c9212
18:14:49.951 [Jetty (JenkinsRule)-236] DEBUG org.eclipse.jetty.io.ManagedSelector -- updates 0
18:14:49.951 [Jetty (JenkinsRule)-236] DEBUG org.eclipse.jetty.util.thread.QueuedThreadPool -- ran org.eclipse.jetty.io.ManagedSelector$$Lambda$424/0x00000001403801f8@a7555b9 in QueuedThreadPool[Jetty (JenkinsRule)]@15ad0977{STARTED,8<=10<=200,i=6,r=-1,q=0}[ReservedThreadExecutor@3ee614f6{reserved=0/16,pending=0}]
18:14:49.951 [Executing testUserWithoutFolderLevelPermission(org.conjur.jenkins.credentials.ConjurCredentialStoreTest)] DEBUG org.eclipse.jetty.util.component.AbstractLifeCycle -- stopping EatWhatYouKill@16f71fd9/SelectorProducer@138feb67/IDLE/p=false/QueuedThreadPool[Jetty (JenkinsRule)]@15ad0977{STARTED,8<=10<=200,i=6,r=-1,q=0}[ReservedThreadExecutor@3ee614f6{reserved=0/16,pending=0}][pc=0,pic=0,pec=0,epc=0]@2024-10-22T18:14:49.951202+05:30
18:14:49.951 [Executing testUserWithoutFolderLevelPermission(org.conjur.jenkins.credentials.ConjurCredentialStoreTest)] DEBUG org.eclipse.jetty.util.component.AbstractLifeCycle -- STOPPED EatWhatYouKill@16f71fd9/SelectorProducer@138feb67/IDLE/p=false/QueuedThreadPool[Jetty (JenkinsRule)]@15ad0977{STARTED,8<=10<=200,i=7,r=-1,q=0}[ReservedThreadExecutor@3ee614f6{reserved=0/16,pending=0}][pc=0,pic=0,pec=0,epc=0]@2024-10-22T18:14:49.951274+05:30
18:14:49.951 [Executing testUserWithoutFolderLevelPermission(org.conjur.jenkins.credentials.ConjurCredentialStoreTest)] DEBUG org.eclipse.jetty.util.component.AbstractLifeCycle -- STOPPED ManagedSelector@50a8e814{STOPPED} id=3 keys=-1 selected=-1 updates=0
18:14:49.951 [Executing testUserWithoutFolderLevelPermission(org.conjur.jenkins.credentials.ConjurCredentialStoreTest)] DEBUG org.eclipse.jetty.util.component.AbstractLifeCycle -- stopping ManagedSelector@11e77c63{STARTED} id=2 keys=0 selected=0 updates=0
18:14:49.951 [Executing testUserWithoutFolderLevelPermission(org.conjur.jenkins.credentials.ConjurCredentialStoreTest)] DEBUG org.eclipse.jetty.io.ManagedSelector -- Queued change lazy=false org.eclipse.jetty.io.ManagedSelector$CloseConnections@3f656161 on ManagedSelector@11e77c63{STOPPING} id=2 keys=0 selected=0 updates=0
18:14:49.951 [Executing testUserWithoutFolderLevelPermission(org.conjur.jenkins.credentials.ConjurCredentialStoreTest)] DEBUG org.eclipse.jetty.io.ManagedSelector -- Wakeup on submit ManagedSelector@11e77c63{STOPPING} id=2 keys=0 selected=0 updates=1
18:14:49.951 [Jetty (JenkinsRule)-235] DEBUG org.eclipse.jetty.io.ManagedSelector -- Selector sun.nio.ch.KQueueSelectorImpl@69c2c7aa woken with none selected
18:14:49.951 [Jetty (JenkinsRule)-235] DEBUG org.eclipse.jetty.io.ManagedSelector -- Selector sun.nio.ch.KQueueSelectorImpl@69c2c7aa woken up from select, 0/0/0 selected
18:14:49.951 [Jetty (JenkinsRule)-235] DEBUG org.eclipse.jetty.io.ManagedSelector -- Selector sun.nio.ch.KQueueSelectorImpl@69c2c7aa processing 0 keys, 1 updates
18:14:49.951 [Jetty (JenkinsRule)-235] DEBUG org.eclipse.jetty.io.ManagedSelector -- updateable 1
18:14:49.951 [Jetty (JenkinsRule)-235] DEBUG org.eclipse.jetty.io.ManagedSelector -- update org.eclipse.jetty.io.ManagedSelector$CloseConnections@3f656161
18:14:49.951 [Jetty (JenkinsRule)-235] DEBUG org.eclipse.jetty.io.ManagedSelector -- Closing 0 connections on ManagedSelector@11e77c63{STOPPING} id=2 keys=0 selected=0 updates=0
18:14:49.951 [Jetty (JenkinsRule)-235] DEBUG org.eclipse.jetty.io.ManagedSelector -- updates 0
18:14:49.951 [Jetty (JenkinsRule)-235] DEBUG org.eclipse.jetty.io.ManagedSelector -- Selector sun.nio.ch.KQueueSelectorImpl@69c2c7aa waiting with 0 keys
18:14:49.951 [Executing testUserWithoutFolderLevelPermission(org.conjur.jenkins.credentials.ConjurCredentialStoreTest)] DEBUG org.eclipse.jetty.io.ManagedSelector -- Queued change lazy=false org.eclipse.jetty.io.ManagedSelector$StopSelector@34d7fc81 on ManagedSelector@11e77c63{STOPPING} id=2 keys=0 selected=0 updates=0
18:14:49.951 [Executing testUserWithoutFolderLevelPermission(org.conjur.jenkins.credentials.ConjurCredentialStoreTest)] DEBUG org.eclipse.jetty.io.ManagedSelector -- Wakeup on submit ManagedSelector@11e77c63{STOPPING} id=2 keys=0 selected=0 updates=1
18:14:49.951 [Jetty (JenkinsRule)-235] DEBUG org.eclipse.jetty.io.ManagedSelector -- Selector sun.nio.ch.KQueueSelectorImpl@69c2c7aa woken with none selected
18:14:49.951 [Jetty (JenkinsRule)-235] DEBUG org.eclipse.jetty.io.ManagedSelector -- Selector sun.nio.ch.KQueueSelectorImpl@69c2c7aa woken up from select, 0/0/0 selected
18:14:49.951 [Jetty (JenkinsRule)-235] DEBUG org.eclipse.jetty.io.ManagedSelector -- Selector sun.nio.ch.KQueueSelectorImpl@69c2c7aa processing 0 keys, 1 updates
18:14:49.951 [Jetty (JenkinsRule)-235] DEBUG org.eclipse.jetty.io.ManagedSelector -- updateable 1
18:14:49.951 [Jetty (JenkinsRule)-235] DEBUG org.eclipse.jetty.io.ManagedSelector -- update org.eclipse.jetty.io.ManagedSelector$StopSelector@34d7fc81
18:14:49.951 [Jetty (JenkinsRule)-235] DEBUG org.eclipse.jetty.io.ManagedSelector -- updates 0
18:14:49.951 [Jetty (JenkinsRule)-235] DEBUG org.eclipse.jetty.util.thread.QueuedThreadPool -- ran org.eclipse.jetty.io.ManagedSelector$$Lambda$424/0x00000001403801f8@24373c37 in QueuedThreadPool[Jetty (JenkinsRule)]@15ad0977{STARTED,8<=10<=200,i=7,r=-1,q=0}[ReservedThreadExecutor@3ee614f6{reserved=0/16,pending=0}]
18:14:49.951 [Executing testUserWithoutFolderLevelPermission(org.conjur.jenkins.credentials.ConjurCredentialStoreTest)] DEBUG org.eclipse.jetty.util.component.AbstractLifeCycle -- stopping EatWhatYouKill@3766536b/SelectorProducer@3d0fcd77/IDLE/p=false/QueuedThreadPool[Jetty (JenkinsRule)]@15ad0977{STARTED,8<=10<=200,i=7,r=-1,q=0}[ReservedThreadExecutor@3ee614f6{reserved=0/16,pending=0}][pc=0,pic=0,pec=0,epc=0]@2024-10-22T18:14:49.951889+05:30
18:14:49.951 [Executing testUserWithoutFolderLevelPermission(org.conjur.jenkins.credentials.ConjurCredentialStoreTest)] DEBUG org.eclipse.jetty.util.component.AbstractLifeCycle -- STOPPED EatWhatYouKill@3766536b/SelectorProducer@3d0fcd77/IDLE/p=false/QueuedThreadPool[Jetty (JenkinsRule)]@15ad0977{STARTED,8<=10<=200,i=8,r=-1,q=0}[ReservedThreadExecutor@3ee614f6{reserved=0/16,pending=0}][pc=0,pic=0,pec=0,epc=0]@2024-10-22T18:14:49.951965+05:30
18:14:49.952 [Executing testUserWithoutFolderLevelPermission(org.conjur.jenkins.credentials.ConjurCredentialStoreTest)] DEBUG org.eclipse.jetty.util.component.AbstractLifeCycle -- STOPPED ManagedSelector@11e77c63{STOPPED} id=2 keys=-1 selected=-1 updates=0
18:14:49.952 [Executing testUserWithoutFolderLevelPermission(org.conjur.jenkins.credentials.ConjurCredentialStoreTest)] DEBUG org.eclipse.jetty.util.component.AbstractLifeCycle -- stopping ManagedSelector@20a4e660{STARTED} id=1 keys=0 selected=0 updates=0
18:14:49.952 [Executing testUserWithoutFolderLevelPermission(org.conjur.jenkins.credentials.ConjurCredentialStoreTest)] DEBUG org.eclipse.jetty.io.ManagedSelector -- Queued change lazy=false org.eclipse.jetty.io.ManagedSelector$CloseConnections@7aa3ef66 on ManagedSelector@20a4e660{STOPPING} id=1 keys=0 selected=0 updates=0
18:14:49.952 [Executing testUserWithoutFolderLevelPermission(org.conjur.jenkins.credentials.ConjurCredentialStoreTest)] DEBUG org.eclipse.jetty.io.ManagedSelector -- Wakeup on submit ManagedSelector@20a4e660{STOPPING} id=1 keys=0 selected=0 updates=1
18:14:49.952 [Jetty (JenkinsRule)-234] DEBUG org.eclipse.jetty.io.ManagedSelector -- Selector sun.nio.ch.KQueueSelectorImpl@7d26f827 woken with none selected
18:14:49.952 [Jetty (JenkinsRule)-234] DEBUG org.eclipse.jetty.io.ManagedSelector -- Selector sun.nio.ch.KQueueSelectorImpl@7d26f827 woken up from select, 0/0/0 selected
18:14:49.952 [Jetty (JenkinsRule)-234] DEBUG org.eclipse.jetty.io.ManagedSelector -- Selector sun.nio.ch.KQueueSelectorImpl@7d26f827 processing 0 keys, 1 updates
18:14:49.952 [Jetty (JenkinsRule)-234] DEBUG org.eclipse.jetty.io.ManagedSelector -- updateable 1
18:14:49.952 [Jetty (JenkinsRule)-234] DEBUG org.eclipse.jetty.io.ManagedSelector -- update org.eclipse.jetty.io.ManagedSelector$CloseConnections@7aa3ef66
18:14:49.952 [Jetty (JenkinsRule)-234] DEBUG org.eclipse.jetty.io.ManagedSelector -- Closing 0 connections on ManagedSelector@20a4e660{STOPPING} id=1 keys=0 selected=0 updates=0
18:14:49.952 [Jetty (JenkinsRule)-234] DEBUG org.eclipse.jetty.io.ManagedSelector -- updates 0
18:14:49.952 [Jetty (JenkinsRule)-234] DEBUG org.eclipse.jetty.io.ManagedSelector -- Selector sun.nio.ch.KQueueSelectorImpl@7d26f827 waiting with 0 keys
18:14:49.952 [Executing testUserWithoutFolderLevelPermission(org.conjur.jenkins.credentials.ConjurCredentialStoreTest)] DEBUG org.eclipse.jetty.io.ManagedSelector -- Queued change lazy=false org.eclipse.jetty.io.ManagedSelector$StopSelector@7acf0e22 on ManagedSelector@20a4e660{STOPPING} id=1 keys=0 selected=0 updates=0
18:14:49.952 [Executing testUserWithoutFolderLevelPermission(org.conjur.jenkins.credentials.ConjurCredentialStoreTest)] DEBUG org.eclipse.jetty.io.ManagedSelector -- Wakeup on submit ManagedSelector@20a4e660{STOPPING} id=1 keys=0 selected=0 updates=1
18:14:49.952 [Jetty (JenkinsRule)-234] DEBUG org.eclipse.jetty.io.ManagedSelector -- Selector sun.nio.ch.KQueueSelectorImpl@7d26f827 woken with none selected
18:14:49.952 [Jetty (JenkinsRule)-234] DEBUG org.eclipse.jetty.io.ManagedSelector -- Selector sun.nio.ch.KQueueSelectorImpl@7d26f827 woken up from select, 0/0/0 selected
18:14:49.952 [Jetty (JenkinsRule)-234] DEBUG org.eclipse.jetty.io.ManagedSelector -- Selector sun.nio.ch.KQueueSelectorImpl@7d26f827 processing 0 keys, 1 updates
18:14:49.952 [Jetty (JenkinsRule)-234] DEBUG org.eclipse.jetty.io.ManagedSelector -- updateable 1
18:14:49.952 [Jetty (JenkinsRule)-234] DEBUG org.eclipse.jetty.io.ManagedSelector -- update org.eclipse.jetty.io.ManagedSelector$StopSelector@7acf0e22
18:14:49.952 [Jetty (JenkinsRule)-234] DEBUG org.eclipse.jetty.io.ManagedSelector -- updates 0
18:14:49.952 [Jetty (JenkinsRule)-234] DEBUG org.eclipse.jetty.util.thread.QueuedThreadPool -- ran org.eclipse.jetty.io.ManagedSelector$$Lambda$424/0x00000001403801f8@31f7fa4a in QueuedThreadPool[Jetty (JenkinsRule)]@15ad0977{STARTED,8<=10<=200,i=8,r=-1,q=0}[ReservedThreadExecutor@3ee614f6{reserved=0/16,pending=0}]
18:14:49.952 [Executing testUserWithoutFolderLevelPermission(org.conjur.jenkins.credentials.ConjurCredentialStoreTest)] DEBUG org.eclipse.jetty.util.component.AbstractLifeCycle -- stopping EatWhatYouKill@777fb39b/SelectorProducer@1a16ca47/IDLE/p=false/QueuedThreadPool[Jetty (JenkinsRule)]@15ad0977{STARTED,8<=10<=200,i=8,r=-1,q=0}[ReservedThreadExecutor@3ee614f6{reserved=0/16,pending=0}][pc=0,pic=0,pec=0,epc=0]@2024-10-22T18:14:49.952699+05:30
18:14:49.952 [Executing testUserWithoutFolderLevelPermission(org.conjur.jenkins.credentials.ConjurCredentialStoreTest)] DEBUG org.eclipse.jetty.util.component.AbstractLifeCycle -- STOPPED EatWhatYouKill@777fb39b/SelectorProducer@1a16ca47/IDLE/p=false/QueuedThreadPool[Jetty (JenkinsRule)]@15ad0977{STARTED,8<=10<=200,i=9,r=-1,q=0}[ReservedThreadExecutor@3ee614f6{reserved=0/16,pending=0}][pc=0,pic=0,pec=0,epc=0]@2024-10-22T18:14:49.95277+05:30
18:14:49.952 [Executing testUserWithoutFolderLevelPermission(org.conjur.jenkins.credentials.ConjurCredentialStoreTest)] DEBUG org.eclipse.jetty.util.component.AbstractLifeCycle -- STOPPED ManagedSelector@20a4e660{STOPPED} id=1 keys=-1 selected=-1 updates=0
18:14:49.952 [Executing testUserWithoutFolderLevelPermission(org.conjur.jenkins.credentials.ConjurCredentialStoreTest)] DEBUG org.eclipse.jetty.util.component.AbstractLifeCycle -- stopping ManagedSelector@26b62c6b{STARTED} id=0 keys=0 selected=0 updates=0
18:14:49.952 [Executing testUserWithoutFolderLevelPermission(org.conjur.jenkins.credentials.ConjurCredentialStoreTest)] DEBUG org.eclipse.jetty.io.ManagedSelector -- Queued change lazy=false org.eclipse.jetty.io.ManagedSelector$CloseConnections@6e351673 on ManagedSelector@26b62c6b{STOPPING} id=0 keys=0 selected=0 updates=0
18:14:49.952 [Executing testUserWithoutFolderLevelPermission(org.conjur.jenkins.credentials.ConjurCredentialStoreTest)] DEBUG org.eclipse.jetty.io.ManagedSelector -- Wakeup on submit ManagedSelector@26b62c6b{STOPPING} id=0 keys=0 selected=0 updates=1
18:14:49.952 [Jetty (JenkinsRule)-233] DEBUG org.eclipse.jetty.io.ManagedSelector -- Selector sun.nio.ch.KQueueSelectorImpl@1f9f209d woken with none selected
18:14:49.953 [Jetty (JenkinsRule)-233] DEBUG org.eclipse.jetty.io.ManagedSelector -- Selector sun.nio.ch.KQueueSelectorImpl@1f9f209d woken up from select, 0/0/0 selected
18:14:49.953 [Jetty (JenkinsRule)-233] DEBUG org.eclipse.jetty.io.ManagedSelector -- Selector sun.nio.ch.KQueueSelectorImpl@1f9f209d processing 0 keys, 1 updates
18:14:49.953 [Jetty (JenkinsRule)-233] DEBUG org.eclipse.jetty.io.ManagedSelector -- updateable 1
18:14:49.953 [Jetty (JenkinsRule)-233] DEBUG org.eclipse.jetty.io.ManagedSelector -- update org.eclipse.jetty.io.ManagedSelector$CloseConnections@6e351673
18:14:49.953 [Jetty (JenkinsRule)-233] DEBUG org.eclipse.jetty.io.ManagedSelector -- Closing 0 connections on ManagedSelector@26b62c6b{STOPPING} id=0 keys=0 selected=0 updates=0
18:14:49.953 [Jetty (JenkinsRule)-233] DEBUG org.eclipse.jetty.io.ManagedSelector -- updates 0
18:14:49.953 [Jetty (JenkinsRule)-233] DEBUG org.eclipse.jetty.io.ManagedSelector -- Selector sun.nio.ch.KQueueSelectorImpl@1f9f209d waiting with 0 keys
18:14:49.953 [Executing testUserWithoutFolderLevelPermission(org.conjur.jenkins.credentials.ConjurCredentialStoreTest)] DEBUG org.eclipse.jetty.io.ManagedSelector -- Queued change lazy=false org.eclipse.jetty.io.ManagedSelector$StopSelector@658ddcc0 on ManagedSelector@26b62c6b{STOPPING} id=0 keys=0 selected=0 updates=0
18:14:49.953 [Executing testUserWithoutFolderLevelPermission(org.conjur.jenkins.credentials.ConjurCredentialStoreTest)] DEBUG org.eclipse.jetty.io.ManagedSelector -- Wakeup on submit ManagedSelector@26b62c6b{STOPPING} id=0 keys=0 selected=0 updates=1
18:14:49.953 [Jetty (JenkinsRule)-233] DEBUG org.eclipse.jetty.io.ManagedSelector -- Selector sun.nio.ch.KQueueSelectorImpl@1f9f209d woken with none selected
18:14:49.953 [Jetty (JenkinsRule)-233] DEBUG org.eclipse.jetty.io.ManagedSelector -- Selector sun.nio.ch.KQueueSelectorImpl@1f9f209d woken up from select, 0/0/0 selected
18:14:49.953 [Jetty (JenkinsRule)-233] DEBUG org.eclipse.jetty.io.ManagedSelector -- Selector sun.nio.ch.KQueueSelectorImpl@1f9f209d processing 0 keys, 1 updates
18:14:49.953 [Jetty (JenkinsRule)-233] DEBUG org.eclipse.jetty.io.ManagedSelector -- updateable 1
18:14:49.953 [Jetty (JenkinsRule)-233] DEBUG org.eclipse.jetty.io.ManagedSelector -- update org.eclipse.jetty.io.ManagedSelector$StopSelector@658ddcc0
18:14:49.953 [Jetty (JenkinsRule)-233] DEBUG org.eclipse.jetty.io.ManagedSelector -- updates 0
18:14:49.953 [Jetty (JenkinsRule)-233] DEBUG org.eclipse.jetty.util.thread.QueuedThreadPool -- ran org.eclipse.jetty.io.ManagedSelector$$Lambda$424/0x00000001403801f8@32bfb84a in QueuedThreadPool[Jetty (JenkinsRule)]@15ad0977{STARTED,8<=10<=200,i=9,r=-1,q=0}[ReservedThreadExecutor@3ee614f6{reserved=0/16,pending=0}]
18:14:49.953 [Executing testUserWithoutFolderLevelPermission(org.conjur.jenkins.credentials.ConjurCredentialStoreTest)] DEBUG org.eclipse.jetty.util.component.AbstractLifeCycle -- stopping EatWhatYouKill@1e9e7340/SelectorProducer@2bb23742/IDLE/p=false/QueuedThreadPool[Jetty (JenkinsRule)]@15ad0977{STARTED,8<=10<=200,i=9,r=-1,q=0}[ReservedThreadExecutor@3ee614f6{reserved=0/16,pending=0}][pc=0,pic=0,pec=0,epc=0]@2024-10-22T18:14:49.95343+05:30
18:14:49.953 [Executing testUserWithoutFolderLevelPermission(org.conjur.jenkins.credentials.ConjurCredentialStoreTest)] DEBUG org.eclipse.jetty.util.component.AbstractLifeCycle -- STOPPED EatWhatYouKill@1e9e7340/SelectorProducer@2bb23742/IDLE/p=false/QueuedThreadPool[Jetty (JenkinsRule)]@15ad0977{STARTED,8<=10<=200,i=10,r=-1,q=0}[ReservedThreadExecutor@3ee614f6{reserved=0/16,pending=0}][pc=0,pic=0,pec=0,epc=0]@2024-10-22T18:14:49.953497+05:30
18:14:49.953 [Executing testUserWithoutFolderLevelPermission(org.conjur.jenkins.credentials.ConjurCredentialStoreTest)] DEBUG org.eclipse.jetty.util.component.AbstractLifeCycle -- STOPPED ManagedSelector@26b62c6b{STOPPED} id=0 keys=-1 selected=-1 updates=0
18:14:49.953 [Executing testUserWithoutFolderLevelPermission(org.conjur.jenkins.credentials.ConjurCredentialStoreTest)] DEBUG org.eclipse.jetty.util.component.AbstractLifeCycle -- STOPPED SelectorManager@ServerConnector@3bde7e40{HTTP/1.1, (http/1.1)}{localhost:0}
18:14:49.953 [Executing testUserWithoutFolderLevelPermission(org.conjur.jenkins.credentials.ConjurCredentialStoreTest)] DEBUG org.eclipse.jetty.util.component.AbstractLifeCycle -- stopping HttpConnectionFactory@2c231f7e[HTTP/1.1]
18:14:49.953 [Executing testUserWithoutFolderLevelPermission(org.conjur.jenkins.credentials.ConjurCredentialStoreTest)] DEBUG org.eclipse.jetty.util.component.AbstractLifeCycle -- STOPPED HttpConnectionFactory@2c231f7e[HTTP/1.1]
18:14:49.953 [Executing testUserWithoutFolderLevelPermission(org.conjur.jenkins.credentials.ConjurCredentialStoreTest)] DEBUG org.eclipse.jetty.util.component.AbstractLifeCycle -- stopping ScheduledExecutorScheduler@5bd9c518{STARTED}
18:14:49.953 [Executing testUserWithoutFolderLevelPermission(org.conjur.jenkins.credentials.ConjurCredentialStoreTest)] DEBUG org.eclipse.jetty.util.component.AbstractLifeCycle -- STOPPED ScheduledExecutorScheduler@5bd9c518{STOPPED}
18:14:49.953 [Executing testUserWithoutFolderLevelPermission(org.conjur.jenkins.credentials.ConjurCredentialStoreTest)] INFO org.eclipse.jetty.server.AbstractConnector -- Stopped ServerConnector@3bde7e40{HTTP/1.1, (http/1.1)}{localhost:0}
18:14:49.953 [Executing testUserWithoutFolderLevelPermission(org.conjur.jenkins.credentials.ConjurCredentialStoreTest)] DEBUG org.eclipse.jetty.util.component.AbstractLifeCycle -- STOPPED ServerConnector@3bde7e40{HTTP/1.1, (http/1.1)}{localhost:0}
18:14:49.953 [Executing testUserWithoutFolderLevelPermission(org.conjur.jenkins.credentials.ConjurCredentialStoreTest)] DEBUG org.eclipse.jetty.server.handler.AbstractHandler -- stopping Server@5490034c{STOPPING}[9.4.48.v20220622]
18:14:49.953 [Executing testUserWithoutFolderLevelPermission(org.conjur.jenkins.credentials.ConjurCredentialStoreTest)] DEBUG org.eclipse.jetty.util.component.AbstractLifeCycle -- stopping DefaultSessionIdManager@4b1d1133{STARTED}[worker=node0]
18:14:49.953 [Executing testUserWithoutFolderLevelPermission(org.conjur.jenkins.credentials.ConjurCredentialStoreTest)] DEBUG org.eclipse.jetty.util.component.AbstractLifeCycle -- stopping HouseKeeper@42824416{STARTED}[interval=600000, ownscheduler=true]
18:14:49.953 [Executing testUserWithoutFolderLevelPermission(org.conjur.jenkins.credentials.ConjurCredentialStoreTest)] INFO org.eclipse.jetty.server.session -- node0 Stopped scavenging
18:14:49.953 [Executing testUserWithoutFolderLevelPermission(org.conjur.jenkins.credentials.ConjurCredentialStoreTest)] DEBUG org.eclipse.jetty.util.component.AbstractLifeCycle -- stopping ScheduledExecutorScheduler@4f60b7af{STARTED}
18:14:49.953 [Executing testUserWithoutFolderLevelPermission(org.conjur.jenkins.credentials.ConjurCredentialStoreTest)] DEBUG org.eclipse.jetty.util.component.AbstractLifeCycle -- STOPPED ScheduledExecutorScheduler@4f60b7af{STOPPED}
18:14:49.953 [Executing testUserWithoutFolderLevelPermission(org.conjur.jenkins.credentials.ConjurCredentialStoreTest)] DEBUG org.eclipse.jetty.util.component.AbstractLifeCycle -- STOPPED HouseKeeper@42824416{STOPPED}[interval=600000, ownscheduler=false]
18:14:49.953 [Executing testUserWithoutFolderLevelPermission(org.conjur.jenkins.credentials.ConjurCredentialStoreTest)] DEBUG org.eclipse.jetty.util.component.AbstractLifeCycle -- STOPPED DefaultSessionIdManager@4b1d1133{STOPPED}[worker=node0]
18:14:49.954 [Executing testUserWithoutFolderLevelPermission(org.conjur.jenkins.credentials.ConjurCredentialStoreTest)] DEBUG org.eclipse.jetty.util.component.AbstractLifeCycle -- stopping ErrorHandler@76825818{STARTED}
18:14:49.954 [Executing testUserWithoutFolderLevelPermission(org.conjur.jenkins.credentials.ConjurCredentialStoreTest)] DEBUG org.eclipse.jetty.server.handler.AbstractHandler -- stopping ErrorHandler@76825818{STOPPING}
18:14:49.954 [Executing testUserWithoutFolderLevelPermission(org.conjur.jenkins.credentials.ConjurCredentialStoreTest)] DEBUG org.eclipse.jetty.util.component.AbstractLifeCycle -- STOPPED ErrorHandler@76825818{STOPPED}
18:14:49.954 [Executing testUserWithoutFolderLevelPermission(org.conjur.jenkins.credentials.ConjurCredentialStoreTest)] DEBUG org.eclipse.jetty.util.component.AbstractLifeCycle -- stopping o.e.j.w.WebAppContext@18157410{Jenkins v2.346.3,/jenkins,file:///Users/sameer.shaik/MyWorkSpace/17OctV2.2.3-New-BitBucketIssueFixed/conjur-credentials-plugin/target/jenkins-for-test/,SHUTDOWN}{/Users/sameer.shaik/MyWorkSpace/17OctV2.2.3-New-BitBucketIssueFixed/conjur-credentials-plugin/target/jenkins-for-test}
18:14:49.954 [Executing testUserWithoutFolderLevelPermission(org.conjur.jenkins.credentials.ConjurCredentialStoreTest)] DEBUG org.eclipse.jetty.server.handler.AbstractHandlerContainer -- Graceful shutdown o.e.j.w.WebAppContext@18157410{Jenkins v2.346.3,/jenkins,file:///Users/sameer.shaik/MyWorkSpace/17OctV2.2.3-New-BitBucketIssueFixed/conjur-credentials-plugin/target/jenkins-for-test/,SHUTDOWN}{/Users/sameer.shaik/MyWorkSpace/17OctV2.2.3-New-BitBucketIssueFixed/conjur-credentials-plugin/target/jenkins-for-test} by 
18:14:49.954 [Executing testUserWithoutFolderLevelPermission(org.conjur.jenkins.credentials.ConjurCredentialStoreTest)] DEBUG org.eclipse.jetty.server.handler.AbstractHandler -- stopping o.e.j.w.WebAppContext@18157410{Jenkins v2.346.3,/jenkins,file:///Users/sameer.shaik/MyWorkSpace/17OctV2.2.3-New-BitBucketIssueFixed/conjur-credentials-plugin/target/jenkins-for-test/,STOPPED}{/Users/sameer.shaik/MyWorkSpace/17OctV2.2.3-New-BitBucketIssueFixed/conjur-credentials-plugin/target/jenkins-for-test}
18:14:49.954 [Executing testUserWithoutFolderLevelPermission(org.conjur.jenkins.credentials.ConjurCredentialStoreTest)] DEBUG org.eclipse.jetty.util.component.AbstractLifeCycle -- stopping NoListenerConfiguration@7ad96b40{STARTED}
18:14:49.954 [Executing testUserWithoutFolderLevelPermission(org.conjur.jenkins.credentials.ConjurCredentialStoreTest)] DEBUG org.eclipse.jetty.util.component.AbstractLifeCycle -- STOPPED NoListenerConfiguration@7ad96b40{STOPPED}
18:14:49.954 [Executing testUserWithoutFolderLevelPermission(org.conjur.jenkins.credentials.ConjurCredentialStoreTest)] DEBUG org.eclipse.jetty.util.component.AbstractLifeCycle -- stopping ErrorPageErrorHandler@30f1a415{STARTED}
18:14:49.954 [Executing testUserWithoutFolderLevelPermission(org.conjur.jenkins.credentials.ConjurCredentialStoreTest)] DEBUG org.eclipse.jetty.server.handler.AbstractHandler -- stopping ErrorPageErrorHandler@30f1a415{STOPPING}
18:14:49.954 [Executing testUserWithoutFolderLevelPermission(org.conjur.jenkins.credentials.ConjurCredentialStoreTest)] DEBUG org.eclipse.jetty.util.component.AbstractLifeCycle -- STOPPED ErrorPageErrorHandler@30f1a415{STOPPED}
18:14:49.954 [Executing testUserWithoutFolderLevelPermission(org.conjur.jenkins.credentials.ConjurCredentialStoreTest)] DEBUG org.eclipse.jetty.util.component.AbstractLifeCycle -- stopping org.eclipse.jetty.server.session.SessionHandler884997123==dftMaxIdleSec=1800
18:14:49.954 [Executing testUserWithoutFolderLevelPermission(org.conjur.jenkins.credentials.ConjurCredentialStoreTest)] DEBUG org.eclipse.jetty.server.session -- Shutdown sessions, invalidating = false
18:14:49.954 [Executing testUserWithoutFolderLevelPermission(org.conjur.jenkins.credentials.ConjurCredentialStoreTest)] DEBUG org.eclipse.jetty.util.component.AbstractLifeCycle -- stopping org.eclipse.jetty.server.session.DefaultSessionCache@6e8c7c7d[evict=-1,removeUnloadable=false,saveOnCreate=false,saveOnInactiveEvict=false]
18:14:49.954 [Executing testUserWithoutFolderLevelPermission(org.conjur.jenkins.credentials.ConjurCredentialStoreTest)] DEBUG org.eclipse.jetty.util.component.AbstractLifeCycle -- stopping org.eclipse.jetty.server.session.NullSessionDataStore@40523e3a[passivating=false,graceSec=3600]
18:14:49.954 [Executing testUserWithoutFolderLevelPermission(org.conjur.jenkins.credentials.ConjurCredentialStoreTest)] DEBUG org.eclipse.jetty.util.component.AbstractLifeCycle -- STOPPED org.eclipse.jetty.server.session.NullSessionDataStore@40523e3a[passivating=false,graceSec=3600]
18:14:49.954 [Executing testUserWithoutFolderLevelPermission(org.conjur.jenkins.credentials.ConjurCredentialStoreTest)] DEBUG org.eclipse.jetty.util.component.AbstractLifeCycle -- STOPPED org.eclipse.jetty.server.session.DefaultSessionCache@6e8c7c7d[evict=-1,removeUnloadable=false,saveOnCreate=false,saveOnInactiveEvict=false]
18:14:49.954 [Executing testUserWithoutFolderLevelPermission(org.conjur.jenkins.credentials.ConjurCredentialStoreTest)] DEBUG org.eclipse.jetty.util.component.AbstractLifeCycle -- stopping ScheduledExecutorScheduler@3d25fdef{STARTED}
18:14:49.954 [Executing testUserWithoutFolderLevelPermission(org.conjur.jenkins.credentials.ConjurCredentialStoreTest)] DEBUG org.eclipse.jetty.util.component.AbstractLifeCycle -- STOPPED ScheduledExecutorScheduler@3d25fdef{STOPPED}
18:14:49.954 [Executing testUserWithoutFolderLevelPermission(org.conjur.jenkins.credentials.ConjurCredentialStoreTest)] DEBUG org.eclipse.jetty.server.handler.AbstractHandler -- stopping org.eclipse.jetty.server.session.SessionHandler884997123==dftMaxIdleSec=1800
18:14:49.954 [Executing testUserWithoutFolderLevelPermission(org.conjur.jenkins.credentials.ConjurCredentialStoreTest)] DEBUG org.eclipse.jetty.util.component.AbstractLifeCycle -- stopping ConstraintSecurityHandler@739bb70{STARTED}
18:14:49.954 [Executing testUserWithoutFolderLevelPermission(org.conjur.jenkins.credentials.ConjurCredentialStoreTest)] DEBUG org.eclipse.jetty.server.handler.AbstractHandler -- stopping ConstraintSecurityHandler@739bb70{STOPPING}
18:14:49.954 [Executing testUserWithoutFolderLevelPermission(org.conjur.jenkins.credentials.ConjurCredentialStoreTest)] DEBUG org.eclipse.jetty.util.component.AbstractLifeCycle -- stopping HashLoginService@445ce4f3[default]
18:14:49.954 [Executing testUserWithoutFolderLevelPermission(org.conjur.jenkins.credentials.ConjurCredentialStoreTest)] DEBUG org.eclipse.jetty.util.component.AbstractLifeCycle -- stopping UserStore@2a0232e2{STARTED}
18:14:49.954 [Executing testUserWithoutFolderLevelPermission(org.conjur.jenkins.credentials.ConjurCredentialStoreTest)] DEBUG org.eclipse.jetty.util.component.AbstractLifeCycle -- STOPPED UserStore@2a0232e2{STOPPED}
18:14:49.954 [Executing testUserWithoutFolderLevelPermission(org.conjur.jenkins.credentials.ConjurCredentialStoreTest)] DEBUG org.eclipse.jetty.util.component.AbstractLifeCycle -- STOPPED HashLoginService@445ce4f3[default]
18:14:49.954 [Executing testUserWithoutFolderLevelPermission(org.conjur.jenkins.credentials.ConjurCredentialStoreTest)] DEBUG org.eclipse.jetty.util.component.AbstractLifeCycle -- stopping ServletHandler@7b65109e{STARTED}
18:14:49.954 [Executing testUserWithoutFolderLevelPermission(org.conjur.jenkins.credentials.ConjurCredentialStoreTest)] DEBUG org.eclipse.jetty.server.handler.AbstractHandler -- stopping ServletHandler@7b65109e{STOPPING}
18:14:49.954 [Executing testUserWithoutFolderLevelPermission(org.conjur.jenkins.credentials.ConjurCredentialStoreTest)] DEBUG org.eclipse.jetty.util.component.AbstractLifeCycle -- stopping plugins-filter==hudson.util.PluginServletFilter@705f6360{inst=true,async=true,src=DESCRIPTOR:file:///Users/sameer.shaik/MyWorkSpace/17OctV2.2.3-New-BitBucketIssueFixed/conjur-credentials-plugin/target/jenkins-for-test/WEB-INF/web.xml}
18:14:49.954 [Executing testUserWithoutFolderLevelPermission(org.conjur.jenkins.credentials.ConjurCredentialStoreTest)] DEBUG org.eclipse.jetty.util.component.AbstractLifeCycle -- STOPPED plugins-filter==hudson.util.PluginServletFilter@705f6360{inst=false,async=true,src=DESCRIPTOR:file:///Users/sameer.shaik/MyWorkSpace/17OctV2.2.3-New-BitBucketIssueFixed/conjur-credentials-plugin/target/jenkins-for-test/WEB-INF/web.xml}
18:14:49.954 [Executing testUserWithoutFolderLevelPermission(org.conjur.jenkins.credentials.ConjurCredentialStoreTest)] DEBUG org.eclipse.jetty.util.component.AbstractLifeCycle -- stopping csrf-filter==hudson.security.csrf.CrumbFilter@414de7b9{inst=true,async=true,src=DESCRIPTOR:file:///Users/sameer.shaik/MyWorkSpace/17OctV2.2.3-New-BitBucketIssueFixed/conjur-credentials-plugin/target/jenkins-for-test/WEB-INF/web.xml}
18:14:49.954 [Executing testUserWithoutFolderLevelPermission(org.conjur.jenkins.credentials.ConjurCredentialStoreTest)] DEBUG org.eclipse.jetty.util.component.AbstractLifeCycle -- STOPPED csrf-filter==hudson.security.csrf.CrumbFilter@414de7b9{inst=false,async=true,src=DESCRIPTOR:file:///Users/sameer.shaik/MyWorkSpace/17OctV2.2.3-New-BitBucketIssueFixed/conjur-credentials-plugin/target/jenkins-for-test/WEB-INF/web.xml}
18:14:49.954 [Executing testUserWithoutFolderLevelPermission(org.conjur.jenkins.credentials.ConjurCredentialStoreTest)] DEBUG org.eclipse.jetty.util.component.AbstractLifeCycle -- stopping authentication-filter==hudson.security.HudsonFilter@51f46900{inst=true,async=true,src=DESCRIPTOR:file:///Users/sameer.shaik/MyWorkSpace/17OctV2.2.3-New-BitBucketIssueFixed/conjur-credentials-plugin/target/jenkins-for-test/WEB-INF/web.xml}
18:14:49.954 [Executing testUserWithoutFolderLevelPermission(org.conjur.jenkins.credentials.ConjurCredentialStoreTest)] DEBUG org.eclipse.jetty.util.component.AbstractLifeCycle -- STOPPED authentication-filter==hudson.security.HudsonFilter@51f46900{inst=false,async=true,src=DESCRIPTOR:file:///Users/sameer.shaik/MyWorkSpace/17OctV2.2.3-New-BitBucketIssueFixed/conjur-credentials-plugin/target/jenkins-for-test/WEB-INF/web.xml}
18:14:49.954 [Executing testUserWithoutFolderLevelPermission(org.conjur.jenkins.credentials.ConjurCredentialStoreTest)] DEBUG org.eclipse.jetty.util.component.AbstractLifeCycle -- stopping compression-filter==org.kohsuke.stapler.compression.CompressionFilter@7103ae41{inst=true,async=true,src=DESCRIPTOR:file:///Users/sameer.shaik/MyWorkSpace/17OctV2.2.3-New-BitBucketIssueFixed/conjur-credentials-plugin/target/jenkins-for-test/WEB-INF/web.xml}
18:14:49.955 [Executing testUserWithoutFolderLevelPermission(org.conjur.jenkins.credentials.ConjurCredentialStoreTest)] DEBUG org.eclipse.jetty.util.component.AbstractLifeCycle -- STOPPED compression-filter==org.kohsuke.stapler.compression.CompressionFilter@7103ae41{inst=false,async=true,src=DESCRIPTOR:file:///Users/sameer.shaik/MyWorkSpace/17OctV2.2.3-New-BitBucketIssueFixed/conjur-credentials-plugin/target/jenkins-for-test/WEB-INF/web.xml}
18:14:49.955 [Executing testUserWithoutFolderLevelPermission(org.conjur.jenkins.credentials.ConjurCredentialStoreTest)] DEBUG org.eclipse.jetty.util.component.AbstractLifeCycle -- stopping encoding-filter==hudson.util.CharacterEncodingFilter@7f19c74f{inst=true,async=true,src=DESCRIPTOR:file:///Users/sameer.shaik/MyWorkSpace/17OctV2.2.3-New-BitBucketIssueFixed/conjur-credentials-plugin/target/jenkins-for-test/WEB-INF/web.xml}
18:14:49.955 [Executing testUserWithoutFolderLevelPermission(org.conjur.jenkins.credentials.ConjurCredentialStoreTest)] DEBUG org.eclipse.jetty.util.component.AbstractLifeCycle -- STOPPED encoding-filter==hudson.util.CharacterEncodingFilter@7f19c74f{inst=false,async=true,src=DESCRIPTOR:file:///Users/sameer.shaik/MyWorkSpace/17OctV2.2.3-New-BitBucketIssueFixed/conjur-credentials-plugin/target/jenkins-for-test/WEB-INF/web.xml}
18:14:49.955 [Executing testUserWithoutFolderLevelPermission(org.conjur.jenkins.credentials.ConjurCredentialStoreTest)] DEBUG org.eclipse.jetty.util.component.AbstractLifeCycle -- stopping diagnostic-name-filter==org.kohsuke.stapler.DiagnosticThreadNameFilter@17c0fd2a{inst=true,async=true,src=DESCRIPTOR:file:///Users/sameer.shaik/MyWorkSpace/17OctV2.2.3-New-BitBucketIssueFixed/conjur-credentials-plugin/target/jenkins-for-test/WEB-INF/web.xml}
18:14:49.955 [Executing testUserWithoutFolderLevelPermission(org.conjur.jenkins.credentials.ConjurCredentialStoreTest)] DEBUG org.eclipse.jetty.util.component.AbstractLifeCycle -- STOPPED diagnostic-name-filter==org.kohsuke.stapler.DiagnosticThreadNameFilter@17c0fd2a{inst=false,async=true,src=DESCRIPTOR:file:///Users/sameer.shaik/MyWorkSpace/17OctV2.2.3-New-BitBucketIssueFixed/conjur-credentials-plugin/target/jenkins-for-test/WEB-INF/web.xml}
18:14:49.955 [Executing testUserWithoutFolderLevelPermission(org.conjur.jenkins.credentials.ConjurCredentialStoreTest)] DEBUG org.eclipse.jetty.util.component.AbstractLifeCycle -- stopping suspicious-request-filter==jenkins.security.SuspiciousRequestFilter@27e0f6ef{inst=true,async=true,src=DESCRIPTOR:file:///Users/sameer.shaik/MyWorkSpace/17OctV2.2.3-New-BitBucketIssueFixed/conjur-credentials-plugin/target/jenkins-for-test/WEB-INF/web.xml}
18:14:49.955 [Executing testUserWithoutFolderLevelPermission(org.conjur.jenkins.credentials.ConjurCredentialStoreTest)] DEBUG org.eclipse.jetty.util.component.AbstractLifeCycle -- STOPPED suspicious-request-filter==jenkins.security.SuspiciousRequestFilter@27e0f6ef{inst=false,async=true,src=DESCRIPTOR:file:///Users/sameer.shaik/MyWorkSpace/17OctV2.2.3-New-BitBucketIssueFixed/conjur-credentials-plugin/target/jenkins-for-test/WEB-INF/web.xml}
18:14:49.955 [Executing testUserWithoutFolderLevelPermission(org.conjur.jenkins.credentials.ConjurCredentialStoreTest)] DEBUG org.eclipse.jetty.util.component.AbstractLifeCycle -- stopping Stapler==org.kohsuke.stapler.Stapler@f222d1a9{jsp=null,order=-1,inst=false,async=true,src=DESCRIPTOR:file:///Users/sameer.shaik/MyWorkSpace/17OctV2.2.3-New-BitBucketIssueFixed/conjur-credentials-plugin/target/jenkins-for-test/WEB-INF/web.xml,STARTED}
18:14:49.955 [Executing testUserWithoutFolderLevelPermission(org.conjur.jenkins.credentials.ConjurCredentialStoreTest)] DEBUG org.eclipse.jetty.util.component.AbstractLifeCycle -- STOPPED Stapler==org.kohsuke.stapler.Stapler@f222d1a9{jsp=null,order=-1,inst=false,async=true,src=DESCRIPTOR:file:///Users/sameer.shaik/MyWorkSpace/17OctV2.2.3-New-BitBucketIssueFixed/conjur-credentials-plugin/target/jenkins-for-test/WEB-INF/web.xml,STOPPED}
18:14:49.955 [Executing testUserWithoutFolderLevelPermission(org.conjur.jenkins.credentials.ConjurCredentialStoreTest)] DEBUG org.eclipse.jetty.util.component.AbstractLifeCycle -- stopping jsp==org.eclipse.jetty.servlet.NoJspServlet@19c47{jsp=null,order=0,inst=true,async=false,src=DESCRIPTOR:jar:file:/Users/sameer.shaik/.m2/repository/org/eclipse/jetty/jetty-webapp/9.4.48.v20220622/jetty-webapp-9.4.48.v20220622.jar!/org/eclipse/jetty/webapp/webdefault.xml,STARTED}
18:14:49.955 [Executing testUserWithoutFolderLevelPermission(org.conjur.jenkins.credentials.ConjurCredentialStoreTest)] DEBUG org.eclipse.jetty.util.component.AbstractLifeCycle -- STOPPED jsp==org.eclipse.jetty.servlet.NoJspServlet@19c47{jsp=null,order=0,inst=false,async=false,src=DESCRIPTOR:jar:file:/Users/sameer.shaik/.m2/repository/org/eclipse/jetty/jetty-webapp/9.4.48.v20220622/jetty-webapp-9.4.48.v20220622.jar!/org/eclipse/jetty/webapp/webdefault.xml,STOPPED}
18:14:49.955 [Executing testUserWithoutFolderLevelPermission(org.conjur.jenkins.credentials.ConjurCredentialStoreTest)] DEBUG org.eclipse.jetty.util.component.AbstractLifeCycle -- stopping default==org.eclipse.jetty.servlet.DefaultServlet@5c13d641{jsp=null,order=0,inst=true,async=false,src=DESCRIPTOR:jar:file:/Users/sameer.shaik/.m2/repository/org/eclipse/jetty/jetty-webapp/9.4.48.v20220622/jetty-webapp-9.4.48.v20220622.jar!/org/eclipse/jetty/webapp/webdefault.xml,STARTED}
18:14:49.955 [Executing testUserWithoutFolderLevelPermission(org.conjur.jenkins.credentials.ConjurCredentialStoreTest)] DEBUG org.eclipse.jetty.util.component.AbstractLifeCycle -- STOPPED default==org.eclipse.jetty.servlet.DefaultServlet@5c13d641{jsp=null,order=0,inst=false,async=false,src=DESCRIPTOR:jar:file:/Users/sameer.shaik/.m2/repository/org/eclipse/jetty/jetty-webapp/9.4.48.v20220622/jetty-webapp-9.4.48.v20220622.jar!/org/eclipse/jetty/webapp/webdefault.xml,STOPPED}
18:14:49.955 [Executing testUserWithoutFolderLevelPermission(org.conjur.jenkins.credentials.ConjurCredentialStoreTest)] DEBUG org.eclipse.jetty.server.handler.ContextHandler -- contextDestroyed: javax.servlet.ServletContextEvent[source=ServletContext@o.e.j.w.WebAppContext@18157410{Jenkins v2.346.3,/jenkins,file:///Users/sameer.shaik/MyWorkSpace/17OctV2.2.3-New-BitBucketIssueFixed/conjur-credentials-plugin/target/jenkins-for-test/,STOPPED}{/Users/sameer.shaik/MyWorkSpace/17OctV2.2.3-New-BitBucketIssueFixed/conjur-credentials-plugin/target/jenkins-for-test}]->jenkins.util.SystemProperties$Listener@6c7d793b
18:14:49.955 [Executing testUserWithoutFolderLevelPermission(org.conjur.jenkins.credentials.ConjurCredentialStoreTest)] DEBUG org.eclipse.jetty.server.handler.ContextHandler -- contextDestroyed: javax.servlet.ServletContextEvent[source=ServletContext@o.e.j.w.WebAppContext@18157410{Jenkins v2.346.3,/jenkins,file:///Users/sameer.shaik/MyWorkSpace/17OctV2.2.3-New-BitBucketIssueFixed/conjur-credentials-plugin/target/jenkins-for-test/,STOPPED}{/Users/sameer.shaik/MyWorkSpace/17OctV2.2.3-New-BitBucketIssueFixed/conjur-credentials-plugin/target/jenkins-for-test}]->org.eclipse.jetty.servlet.listener.IntrospectorCleaner@3c1fb8e5
18:14:49.955 [Executing testUserWithoutFolderLevelPermission(org.conjur.jenkins.credentials.ConjurCredentialStoreTest)] DEBUG org.eclipse.jetty.server.handler.ContextHandler -- contextDestroyed: javax.servlet.ServletContextEvent[source=ServletContext@o.e.j.w.WebAppContext@18157410{Jenkins v2.346.3,/jenkins,file:///Users/sameer.shaik/MyWorkSpace/17OctV2.2.3-New-BitBucketIssueFixed/conjur-credentials-plugin/target/jenkins-for-test/,STOPPED}{/Users/sameer.shaik/MyWorkSpace/17OctV2.2.3-New-BitBucketIssueFixed/conjur-credentials-plugin/target/jenkins-for-test}]->org.eclipse.jetty.servlet.listener.ELContextCleaner@2e47e247
18:14:49.956 [Executing testUserWithoutFolderLevelPermission(org.conjur.jenkins.credentials.ConjurCredentialStoreTest)] DEBUG org.eclipse.jetty.util.component.AbstractLifeCycle -- stopping jenkins.JenkinsHttpSessionListener@7de9bf36{src=DESCRIPTOR:file:///Users/sameer.shaik/MyWorkSpace/17OctV2.2.3-New-BitBucketIssueFixed/conjur-credentials-plugin/target/jenkins-for-test/WEB-INF/web.xml}
18:14:49.956 [Executing testUserWithoutFolderLevelPermission(org.conjur.jenkins.credentials.ConjurCredentialStoreTest)] DEBUG org.eclipse.jetty.util.component.AbstractLifeCycle -- STOPPED jenkins.JenkinsHttpSessionListener@7de9bf36{src=DESCRIPTOR:file:///Users/sameer.shaik/MyWorkSpace/17OctV2.2.3-New-BitBucketIssueFixed/conjur-credentials-plugin/target/jenkins-for-test/WEB-INF/web.xml}
18:14:49.956 [Executing testUserWithoutFolderLevelPermission(org.conjur.jenkins.credentials.ConjurCredentialStoreTest)] DEBUG org.eclipse.jetty.util.component.AbstractLifeCycle -- stopping hudson.WebAppMain@55af84dc{src=DESCRIPTOR:file:///Users/sameer.shaik/MyWorkSpace/17OctV2.2.3-New-BitBucketIssueFixed/conjur-credentials-plugin/target/jenkins-for-test/WEB-INF/web.xml}
18:14:49.956 [Executing testUserWithoutFolderLevelPermission(org.conjur.jenkins.credentials.ConjurCredentialStoreTest)] DEBUG org.eclipse.jetty.util.component.AbstractLifeCycle -- STOPPED hudson.WebAppMain@55af84dc{src=DESCRIPTOR:file:///Users/sameer.shaik/MyWorkSpace/17OctV2.2.3-New-BitBucketIssueFixed/conjur-credentials-plugin/target/jenkins-for-test/WEB-INF/web.xml}
18:14:49.956 [Executing testUserWithoutFolderLevelPermission(org.conjur.jenkins.credentials.ConjurCredentialStoreTest)] DEBUG org.eclipse.jetty.util.component.AbstractLifeCycle -- stopping jenkins.util.SystemProperties$Listener@5e7ead81{src=DESCRIPTOR:file:///Users/sameer.shaik/MyWorkSpace/17OctV2.2.3-New-BitBucketIssueFixed/conjur-credentials-plugin/target/jenkins-for-test/WEB-INF/web.xml}
18:14:49.956 [Executing testUserWithoutFolderLevelPermission(org.conjur.jenkins.credentials.ConjurCredentialStoreTest)] DEBUG org.eclipse.jetty.util.component.AbstractLifeCycle -- STOPPED jenkins.util.SystemProperties$Listener@5e7ead81{src=DESCRIPTOR:file:///Users/sameer.shaik/MyWorkSpace/17OctV2.2.3-New-BitBucketIssueFixed/conjur-credentials-plugin/target/jenkins-for-test/WEB-INF/web.xml}
18:14:49.956 [Executing testUserWithoutFolderLevelPermission(org.conjur.jenkins.credentials.ConjurCredentialStoreTest)] DEBUG org.eclipse.jetty.util.component.AbstractLifeCycle -- stopping org.eclipse.jetty.servlet.listener.IntrospectorCleaner@50f06ef2{src=DESCRIPTOR:jar:file:/Users/sameer.shaik/.m2/repository/org/eclipse/jetty/jetty-webapp/9.4.48.v20220622/jetty-webapp-9.4.48.v20220622.jar!/org/eclipse/jetty/webapp/webdefault.xml}
18:14:49.956 [Executing testUserWithoutFolderLevelPermission(org.conjur.jenkins.credentials.ConjurCredentialStoreTest)] DEBUG org.eclipse.jetty.util.component.AbstractLifeCycle -- STOPPED org.eclipse.jetty.servlet.listener.IntrospectorCleaner@50f06ef2{src=DESCRIPTOR:jar:file:/Users/sameer.shaik/.m2/repository/org/eclipse/jetty/jetty-webapp/9.4.48.v20220622/jetty-webapp-9.4.48.v20220622.jar!/org/eclipse/jetty/webapp/webdefault.xml}
18:14:49.956 [Executing testUserWithoutFolderLevelPermission(org.conjur.jenkins.credentials.ConjurCredentialStoreTest)] DEBUG org.eclipse.jetty.util.component.AbstractLifeCycle -- stopping org.eclipse.jetty.servlet.listener.ELContextCleaner@44739485{src=DESCRIPTOR:jar:file:/Users/sameer.shaik/.m2/repository/org/eclipse/jetty/jetty-webapp/9.4.48.v20220622/jetty-webapp-9.4.48.v20220622.jar!/org/eclipse/jetty/webapp/webdefault.xml}
18:14:49.956 [Executing testUserWithoutFolderLevelPermission(org.conjur.jenkins.credentials.ConjurCredentialStoreTest)] DEBUG org.eclipse.jetty.util.component.AbstractLifeCycle -- STOPPED org.eclipse.jetty.servlet.listener.ELContextCleaner@44739485{src=DESCRIPTOR:jar:file:/Users/sameer.shaik/.m2/repository/org/eclipse/jetty/jetty-webapp/9.4.48.v20220622/jetty-webapp-9.4.48.v20220622.jar!/org/eclipse/jetty/webapp/webdefault.xml}
18:14:49.956 [Executing testUserWithoutFolderLevelPermission(org.conjur.jenkins.credentials.ConjurCredentialStoreTest)] DEBUG org.eclipse.jetty.util.component.AbstractLifeCycle -- STOPPED ServletHandler@7b65109e{STOPPED}
18:14:49.956 [Executing testUserWithoutFolderLevelPermission(org.conjur.jenkins.credentials.ConjurCredentialStoreTest)] DEBUG org.eclipse.jetty.util.component.AbstractLifeCycle -- STOPPED ConstraintSecurityHandler@739bb70{STOPPED}
18:14:49.956 [Executing testUserWithoutFolderLevelPermission(org.conjur.jenkins.credentials.ConjurCredentialStoreTest)] DEBUG org.eclipse.jetty.util.component.AbstractLifeCycle -- STOPPED org.eclipse.jetty.server.session.SessionHandler884997123==dftMaxIdleSec=1800
18:14:49.956 [Executing testUserWithoutFolderLevelPermission(org.conjur.jenkins.credentials.ConjurCredentialStoreTest)] DEBUG org.eclipse.jetty.util.component.AbstractLifeCycle -- stopping SymlinkAllowedResourceAliasChecker@650e30d4{base=/Users/sameer.shaik/MyWorkSpace/17OctV2.2.3-New-BitBucketIssueFixed/conjur-credentials-plugin/target/jenkins-for-test,protected=[/WEB-INF, /META-INF]}
18:14:49.956 [Executing testUserWithoutFolderLevelPermission(org.conjur.jenkins.credentials.ConjurCredentialStoreTest)] DEBUG org.eclipse.jetty.util.component.AbstractLifeCycle -- STOPPED SymlinkAllowedResourceAliasChecker@650e30d4{base=null,protected=[/WEB-INF, /META-INF]}
18:14:49.956 [Executing testUserWithoutFolderLevelPermission(org.conjur.jenkins.credentials.ConjurCredentialStoreTest)] INFO org.eclipse.jetty.server.handler.ContextHandler -- Stopped o.e.j.w.WebAppContext@18157410{Jenkins v2.346.3,/jenkins,file:///Users/sameer.shaik/MyWorkSpace/17OctV2.2.3-New-BitBucketIssueFixed/conjur-credentials-plugin/target/jenkins-for-test/,STOPPED}{/Users/sameer.shaik/MyWorkSpace/17OctV2.2.3-New-BitBucketIssueFixed/conjur-credentials-plugin/target/jenkins-for-test}
18:14:49.956 [Executing testUserWithoutFolderLevelPermission(org.conjur.jenkins.credentials.ConjurCredentialStoreTest)] DEBUG org.eclipse.jetty.util.component.AbstractLifeCycle -- STOPPED o.e.j.w.WebAppContext@18157410{Jenkins v2.346.3,/jenkins,file:///Users/sameer.shaik/MyWorkSpace/17OctV2.2.3-New-BitBucketIssueFixed/conjur-credentials-plugin/target/jenkins-for-test/,STOPPED}{/Users/sameer.shaik/MyWorkSpace/17OctV2.2.3-New-BitBucketIssueFixed/conjur-credentials-plugin/target/jenkins-for-test}
18:14:49.956 [Executing testUserWithoutFolderLevelPermission(org.conjur.jenkins.credentials.ConjurCredentialStoreTest)] DEBUG org.eclipse.jetty.util.component.AbstractLifeCycle -- stopping QueuedThreadPool[Jetty (JenkinsRule)]@15ad0977{STARTED,8<=10<=200,i=10,r=-1,q=0}[ReservedThreadExecutor@3ee614f6{reserved=0/16,pending=0}]
18:14:49.956 [Executing testUserWithoutFolderLevelPermission(org.conjur.jenkins.credentials.ConjurCredentialStoreTest)] DEBUG org.eclipse.jetty.util.thread.QueuedThreadPool -- Stopping QueuedThreadPool[Jetty (JenkinsRule)]@15ad0977{STOPPING,8<=10<=200,i=10,r=-1,q=0}[ReservedThreadExecutor@3ee614f6{reserved=0/16,pending=0}]
18:14:49.956 [Executing testUserWithoutFolderLevelPermission(org.conjur.jenkins.credentials.ConjurCredentialStoreTest)] DEBUG org.eclipse.jetty.util.component.AbstractLifeCycle -- stopping ReservedThreadExecutor@3ee614f6{reserved=0/16,pending=0}
18:14:49.956 [Executing testUserWithoutFolderLevelPermission(org.conjur.jenkins.credentials.ConjurCredentialStoreTest)] DEBUG org.eclipse.jetty.util.component.AbstractLifeCycle -- STOPPED ReservedThreadExecutor@3ee614f6{reserved=-1/16,pending=0}
18:14:49.956 [Executing testUserWithoutFolderLevelPermission(org.conjur.jenkins.credentials.ConjurCredentialStoreTest)] DEBUG org.eclipse.jetty.util.thread.QueuedThreadPool -- Waiting for Thread[Jetty (JenkinsRule)-234,5,main] for 14999
18:14:49.956 [Jetty (JenkinsRule)-242] DEBUG org.eclipse.jetty.util.thread.QueuedThreadPool -- run org.eclipse.jetty.util.thread.QueuedThreadPool$$Lambda$384/0x00000001402dccc0@1d12c9bd in QueuedThreadPool[Jetty (JenkinsRule)]@15ad0977{STOPPING,8<=0<=200,i=10,r=-1,q=0}[NO_TRY]
18:14:49.956 [Jetty (JenkinsRule)-243] DEBUG org.eclipse.jetty.util.thread.QueuedThreadPool -- run org.eclipse.jetty.util.thread.QueuedThreadPool$$Lambda$384/0x00000001402dccc0@1d12c9bd in QueuedThreadPool[Jetty (JenkinsRule)]@15ad0977{STOPPING,8<=0<=200,i=10,r=-1,q=0}[NO_TRY]
18:14:49.956 [Jetty (JenkinsRule)-242] DEBUG org.eclipse.jetty.util.thread.QueuedThreadPool -- ran org.eclipse.jetty.util.thread.QueuedThreadPool$$Lambda$384/0x00000001402dccc0@1d12c9bd in QueuedThreadPool[Jetty (JenkinsRule)]@15ad0977{STOPPING,8<=0<=200,i=10,r=-1,q=0}[NO_TRY]
18:14:49.956 [Jetty (JenkinsRule)-240] DEBUG org.eclipse.jetty.util.thread.QueuedThreadPool -- run org.eclipse.jetty.util.thread.QueuedThreadPool$$Lambda$384/0x00000001402dccc0@1d12c9bd in QueuedThreadPool[Jetty (JenkinsRule)]@15ad0977{STOPPING,8<=0<=200,i=10,r=-1,q=0}[NO_TRY]
18:14:49.957 [Jetty (JenkinsRule)-239] DEBUG org.eclipse.jetty.util.thread.QueuedThreadPool -- run org.eclipse.jetty.util.thread.QueuedThreadPool$$Lambda$384/0x00000001402dccc0@1d12c9bd in QueuedThreadPool[Jetty (JenkinsRule)]@15ad0977{STOPPING,8<=0<=200,i=10,r=-1,q=0}[NO_TRY]
18:14:49.957 [Jetty (JenkinsRule)-240] DEBUG org.eclipse.jetty.util.thread.QueuedThreadPool -- ran org.eclipse.jetty.util.thread.QueuedThreadPool$$Lambda$384/0x00000001402dccc0@1d12c9bd in QueuedThreadPool[Jetty (JenkinsRule)]@15ad0977{STOPPING,8<=0<=200,i=10,r=-1,q=0}[NO_TRY]
18:14:49.957 [Jetty (JenkinsRule)-235] DEBUG org.eclipse.jetty.util.thread.QueuedThreadPool -- run org.eclipse.jetty.util.thread.QueuedThreadPool$$Lambda$384/0x00000001402dccc0@1d12c9bd in QueuedThreadPool[Jetty (JenkinsRule)]@15ad0977{STOPPING,8<=0<=200,i=10,r=-1,q=0}[NO_TRY]
18:14:49.957 [Jetty (JenkinsRule)-233] DEBUG org.eclipse.jetty.util.thread.QueuedThreadPool -- run org.eclipse.jetty.util.thread.QueuedThreadPool$$Lambda$384/0x00000001402dccc0@1d12c9bd in QueuedThreadPool[Jetty (JenkinsRule)]@15ad0977{STOPPING,8<=0<=200,i=10,r=-1,q=0}[NO_TRY]
18:14:49.957 [Jetty (JenkinsRule)-240] DEBUG org.eclipse.jetty.util.thread.QueuedThreadPool -- Thread[Jetty (JenkinsRule)-240,5,main] exited for QueuedThreadPool[Jetty (JenkinsRule)]@15ad0977{STOPPING,8<=0<=200,i=10,r=-1,q=0}[NO_TRY]
18:14:49.957 [Jetty (JenkinsRule)-238] DEBUG org.eclipse.jetty.util.thread.QueuedThreadPool -- run org.eclipse.jetty.util.thread.QueuedThreadPool$$Lambda$384/0x00000001402dccc0@1d12c9bd in QueuedThreadPool[Jetty (JenkinsRule)]@15ad0977{STOPPING,8<=0<=200,i=10,r=-1,q=0}[NO_TRY]
18:14:49.957 [Jetty (JenkinsRule)-235] DEBUG org.eclipse.jetty.util.thread.QueuedThreadPool -- ran org.eclipse.jetty.util.thread.QueuedThreadPool$$Lambda$384/0x00000001402dccc0@1d12c9bd in QueuedThreadPool[Jetty (JenkinsRule)]@15ad0977{STOPPING,8<=0<=200,i=10,r=-1,q=0}[NO_TRY]
18:14:49.957 [Jetty (JenkinsRule)-233] DEBUG org.eclipse.jetty.util.thread.QueuedThreadPool -- ran org.eclipse.jetty.util.thread.QueuedThreadPool$$Lambda$384/0x00000001402dccc0@1d12c9bd in QueuedThreadPool[Jetty (JenkinsRule)]@15ad0977{STOPPING,8<=0<=200,i=10,r=-1,q=0}[NO_TRY]
18:14:49.957 [Jetty (JenkinsRule)-237] DEBUG org.eclipse.jetty.util.thread.QueuedThreadPool -- run org.eclipse.jetty.util.thread.QueuedThreadPool$$Lambda$384/0x00000001402dccc0@1d12c9bd in QueuedThreadPool[Jetty (JenkinsRule)]@15ad0977{STOPPING,8<=0<=200,i=10,r=-1,q=0}[NO_TRY]
18:14:49.957 [Jetty (JenkinsRule)-235] DEBUG org.eclipse.jetty.util.thread.QueuedThreadPool -- Thread[Jetty (JenkinsRule)-235,5,main] exited for QueuedThreadPool[Jetty (JenkinsRule)]@15ad0977{STOPPING,8<=0<=200,i=10,r=-1,q=0}[NO_TRY]
18:14:49.957 [Jetty (JenkinsRule)-233] DEBUG org.eclipse.jetty.util.thread.QueuedThreadPool -- Thread[Jetty (JenkinsRule)-233,5,main] exited for QueuedThreadPool[Jetty (JenkinsRule)]@15ad0977{STOPPING,8<=0<=200,i=10,r=-1,q=0}[NO_TRY]
18:14:49.957 [Jetty (JenkinsRule)-242] DEBUG org.eclipse.jetty.util.thread.QueuedThreadPool -- Thread[Jetty (JenkinsRule)-242,5,main] exited for QueuedThreadPool[Jetty (JenkinsRule)]@15ad0977{STOPPING,8<=0<=200,i=10,r=-1,q=0}[NO_TRY]
18:14:49.957 [Jetty (JenkinsRule)-243] DEBUG org.eclipse.jetty.util.thread.QueuedThreadPool -- ran org.eclipse.jetty.util.thread.QueuedThreadPool$$Lambda$384/0x00000001402dccc0@1d12c9bd in QueuedThreadPool[Jetty (JenkinsRule)]@15ad0977{STOPPING,8<=0<=200,i=10,r=-1,q=0}[NO_TRY]
18:14:49.957 [Jetty (JenkinsRule)-236] DEBUG org.eclipse.jetty.util.thread.QueuedThreadPool -- run org.eclipse.jetty.util.thread.QueuedThreadPool$$Lambda$384/0x00000001402dccc0@1d12c9bd in QueuedThreadPool[Jetty (JenkinsRule)]@15ad0977{STOPPING,8<=0<=200,i=10,r=-1,q=0}[NO_TRY]
18:14:49.957 [Jetty (JenkinsRule)-234] DEBUG org.eclipse.jetty.util.thread.QueuedThreadPool -- run org.eclipse.jetty.util.thread.QueuedThreadPool$$Lambda$384/0x00000001402dccc0@1d12c9bd in QueuedThreadPool[Jetty (JenkinsRule)]@15ad0977{STOPPING,8<=0<=200,i=10,r=-1,q=0}[NO_TRY]
18:14:49.957 [Jetty (JenkinsRule)-239] DEBUG org.eclipse.jetty.util.thread.QueuedThreadPool -- ran org.eclipse.jetty.util.thread.QueuedThreadPool$$Lambda$384/0x00000001402dccc0@1d12c9bd in QueuedThreadPool[Jetty (JenkinsRule)]@15ad0977{STOPPING,8<=0<=200,i=10,r=-1,q=0}[NO_TRY]
18:14:49.957 [Jetty (JenkinsRule)-238] DEBUG org.eclipse.jetty.util.thread.QueuedThreadPool -- ran org.eclipse.jetty.util.thread.QueuedThreadPool$$Lambda$384/0x00000001402dccc0@1d12c9bd in QueuedThreadPool[Jetty (JenkinsRule)]@15ad0977{STOPPING,8<=0<=200,i=10,r=-1,q=0}[NO_TRY]
18:14:49.957 [Jetty (JenkinsRule)-239] DEBUG org.eclipse.jetty.util.thread.QueuedThreadPool -- Thread[Jetty (JenkinsRule)-239,5,main] exited for QueuedThreadPool[Jetty (JenkinsRule)]@15ad0977{STOPPING,8<=0<=200,i=10,r=-1,q=0}[NO_TRY]
18:14:49.957 [Jetty (JenkinsRule)-238] DEBUG org.eclipse.jetty.util.thread.QueuedThreadPool -- Thread[Jetty (JenkinsRule)-238,5,main] exited for QueuedThreadPool[Jetty (JenkinsRule)]@15ad0977{STOPPING,8<=0<=200,i=10,r=-1,q=0}[NO_TRY]
18:14:49.957 [Jetty (JenkinsRule)-237] DEBUG org.eclipse.jetty.util.thread.QueuedThreadPool -- ran org.eclipse.jetty.util.thread.QueuedThreadPool$$Lambda$384/0x00000001402dccc0@1d12c9bd in QueuedThreadPool[Jetty (JenkinsRule)]@15ad0977{STOPPING,8<=0<=200,i=10,r=-1,q=0}[NO_TRY]
18:14:49.957 [Jetty (JenkinsRule)-243] DEBUG org.eclipse.jetty.util.thread.QueuedThreadPool -- Thread[Jetty (JenkinsRule)-243,5,main] exited for QueuedThreadPool[Jetty (JenkinsRule)]@15ad0977{STOPPING,8<=0<=200,i=10,r=-1,q=0}[NO_TRY]
18:14:49.957 [Jetty (JenkinsRule)-236] DEBUG org.eclipse.jetty.util.thread.QueuedThreadPool -- ran org.eclipse.jetty.util.thread.QueuedThreadPool$$Lambda$384/0x00000001402dccc0@1d12c9bd in QueuedThreadPool[Jetty (JenkinsRule)]@15ad0977{STOPPING,8<=0<=200,i=10,r=-1,q=0}[NO_TRY]
18:14:49.957 [Jetty (JenkinsRule)-234] DEBUG org.eclipse.jetty.util.thread.QueuedThreadPool -- ran org.eclipse.jetty.util.thread.QueuedThreadPool$$Lambda$384/0x00000001402dccc0@1d12c9bd in QueuedThreadPool[Jetty (JenkinsRule)]@15ad0977{STOPPING,8<=0<=200,i=10,r=-1,q=0}[NO_TRY]
18:14:49.957 [Jetty (JenkinsRule)-237] DEBUG org.eclipse.jetty.util.thread.QueuedThreadPool -- Thread[Jetty (JenkinsRule)-237,5,main] exited for QueuedThreadPool[Jetty (JenkinsRule)]@15ad0977{STOPPING,8<=0<=200,i=10,r=-1,q=0}[NO_TRY]
18:14:49.957 [Jetty (JenkinsRule)-236] DEBUG org.eclipse.jetty.util.thread.QueuedThreadPool -- Thread[Jetty (JenkinsRule)-236,5,main] exited for QueuedThreadPool[Jetty (JenkinsRule)]@15ad0977{STOPPING,8<=0<=200,i=10,r=-1,q=0}[NO_TRY]
18:14:49.957 [Jetty (JenkinsRule)-234] DEBUG org.eclipse.jetty.util.thread.QueuedThreadPool -- Thread[Jetty (JenkinsRule)-234,5,main] exited for QueuedThreadPool[Jetty (JenkinsRule)]@15ad0977{STOPPING,8<=0<=200,i=10,r=-1,q=0}[NO_TRY]
18:14:49.957 [Executing testUserWithoutFolderLevelPermission(org.conjur.jenkins.credentials.ConjurCredentialStoreTest)] DEBUG org.eclipse.jetty.util.thread.QueuedThreadPool -- Waiting for Thread[Jetty (JenkinsRule)-233,5,] for 14999
18:14:49.957 [Executing testUserWithoutFolderLevelPermission(org.conjur.jenkins.credentials.ConjurCredentialStoreTest)] DEBUG org.eclipse.jetty.util.component.AbstractLifeCycle -- STOPPED QueuedThreadPool[Jetty (JenkinsRule)]@15ad0977{STOPPED,8<=0<=200,i=10,r=-1,q=0}[NO_TRY]
18:14:49.957 [Executing testUserWithoutFolderLevelPermission(org.conjur.jenkins.credentials.ConjurCredentialStoreTest)] DEBUG org.eclipse.jetty.util.component.AbstractLifeCycle -- STOPPED Server@5490034c{STOPPED}[9.4.48.v20220622]
]]></system-out>
    <system-err><![CDATA[   0.038 [id=232]	INFO	o.jvnet.hudson.test.JenkinsRule#createWebServer: Running on http://localhost:51457/jenkins/
   0.092 [id=247]	INFO	jenkins.InitReactorRunner$1#onAttained: Started initialization
   0.095 [id=261]	INFO	jenkins.InitReactorRunner$1#onAttained: Listed all plugins
   0.306 [id=247]	INFO	jenkins.InitReactorRunner$1#onAttained: Prepared all plugins
   0.309 [id=262]	INFO	jenkins.InitReactorRunner$1#onAttained: Started all plugins
   0.310 [id=263]	INFO	jenkins.InitReactorRunner$1#onAttained: Augmented all extensions
   0.746 [id=253]	INFO	jenkins.InitReactorRunner$1#onAttained: System config loaded
   0.746 [id=249]	INFO	jenkins.InitReactorRunner$1#onAttained: System config adapted
   0.747 [id=266]	INFO	jenkins.InitReactorRunner$1#onAttained: Loaded all jobs
   0.747 [id=266]	INFO	jenkins.InitReactorRunner$1#onAttained: Configuration for all jobs updated
   0.786 [id=277]	INFO	jenkins.InitReactorRunner$1#onAttained: Completed initialization
   1.006 [id=232]	INFO	hudson.lifecycle.Lifecycle#onStatusUpdate: Stopping Jenkins
   1.083 [id=232]	INFO	hudson.lifecycle.Lifecycle#onStatusUpdate: Jenkins stopped
]]></system-err>
  </testcase>
  <testcase name="mockUpdateCredential" classname="org.conjur.jenkins.credentials.ConjurCredentialStoreTest" time="0.745">
    <system-out><![CDATA[=== Starting mockUpdateCredential(org.conjur.jenkins.credentials.ConjurCredentialStoreTest)
18:14:50.102 [Executing mockUpdateCredential(org.conjur.jenkins.credentials.ConjurCredentialStoreTest)] DEBUG org.eclipse.jetty.util.component.ContainerLifeCycle -- QueuedThreadPool[qtp476438571]@1c65e02b{STOPPED,8<=0<=200,i=0,r=-1,q=0}[NO_TRY] added {org.eclipse.jetty.util.thread.ThreadPoolBudget@185a777f,POJO}
18:14:50.102 [Executing mockUpdateCredential(org.conjur.jenkins.credentials.ConjurCredentialStoreTest)] DEBUG org.eclipse.jetty.util.component.ContainerLifeCycle -- Server@5d58ea10{STOPPED}[9.4.48.v20220622] added {QueuedThreadPool[Jetty (JenkinsRule)]@1c65e02b{STOPPED,8<=0<=200,i=0,r=-1,q=0}[NO_TRY],AUTO}
18:14:50.102 [Executing mockUpdateCredential(org.conjur.jenkins.credentials.ConjurCredentialStoreTest)] DEBUG org.eclipse.jetty.util.component.ContainerLifeCycle -- o.e.j.w.WebAppContext@5f18d7d0{/,null,STOPPED} added {SymlinkAllowedResourceAliasChecker@6ccf10a0{base=null,protected=null},MANAGED}
18:14:50.102 [Executing mockUpdateCredential(org.conjur.jenkins.credentials.ConjurCredentialStoreTest)] DEBUG org.eclipse.jetty.util.DecoratedObjectFactory -- Adding Decorator: org.eclipse.jetty.util.DeprecationWarning@276573c9
18:14:50.102 [Executing mockUpdateCredential(org.conjur.jenkins.credentials.ConjurCredentialStoreTest)] DEBUG org.eclipse.jetty.util.component.ContainerLifeCycle -- o.e.j.w.WebAppContext@5f18d7d0{/jenkins,null,STOPPED} added {org.eclipse.jetty.server.session.SessionHandler1031214431==dftMaxIdleSec=-1,MANAGED}
18:14:50.102 [Executing mockUpdateCredential(org.conjur.jenkins.credentials.ConjurCredentialStoreTest)] DEBUG org.eclipse.jetty.util.component.ContainerLifeCycle -- ConstraintSecurityHandler@24c8e376{STOPPED} added {org.eclipse.jetty.util.component.DumpableCollection@3096bd5f,POJO}
18:14:50.102 [Executing mockUpdateCredential(org.conjur.jenkins.credentials.ConjurCredentialStoreTest)] DEBUG org.eclipse.jetty.util.component.ContainerLifeCycle -- org.eclipse.jetty.server.session.SessionHandler1031214431==dftMaxIdleSec=-1 added {ConstraintSecurityHandler@24c8e376{STOPPED},MANAGED}
18:14:50.102 [Executing mockUpdateCredential(org.conjur.jenkins.credentials.ConjurCredentialStoreTest)] DEBUG org.eclipse.jetty.util.component.ContainerLifeCycle -- ConstraintSecurityHandler@24c8e376{STOPPED} added {ServletHandler@3c617bbf{STOPPED},MANAGED}
18:14:50.102 [Executing mockUpdateCredential(org.conjur.jenkins.credentials.ConjurCredentialStoreTest)] DEBUG org.eclipse.jetty.util.component.ContainerLifeCycle -- o.e.j.w.WebAppContext@5f18d7d0{/jenkins,null,STOPPED} added {ErrorPageErrorHandler@39394c81{STOPPED},MANAGED}
18:14:50.102 [Executing mockUpdateCredential(org.conjur.jenkins.credentials.ConjurCredentialStoreTest)] DEBUG org.eclipse.jetty.util.component.ContainerLifeCycle -- o.e.j.w.WebAppContext@5f18d7d0{/jenkins,null,STOPPED}{/Users/sameer.shaik/MyWorkSpace/17OctV2.2.3-New-BitBucketIssueFixed/conjur-credentials-plugin/target/jenkins-for-test} added {NoListenerConfiguration@5a89db83{STOPPED},AUTO}
18:14:50.103 [Executing mockUpdateCredential(org.conjur.jenkins.credentials.ConjurCredentialStoreTest)] DEBUG org.eclipse.jetty.util.component.ContainerLifeCycle -- Server@5d58ea10{STOPPED}[9.4.48.v20220622] added {o.e.j.w.WebAppContext@5f18d7d0{/jenkins,null,STOPPED}{/Users/sameer.shaik/MyWorkSpace/17OctV2.2.3-New-BitBucketIssueFixed/conjur-credentials-plugin/target/jenkins-for-test},MANAGED}
18:14:50.103 [Executing mockUpdateCredential(org.conjur.jenkins.credentials.ConjurCredentialStoreTest)] DEBUG org.eclipse.jetty.util.component.ContainerLifeCycle -- HashLoginService@5f70f9c8[null] added {org.eclipse.jetty.security.DefaultIdentityService@68fbcd1a,POJO}
18:14:50.103 [Executing mockUpdateCredential(org.conjur.jenkins.credentials.ConjurCredentialStoreTest)] DEBUG org.eclipse.jetty.util.component.ContainerLifeCycle -- HashLoginService@5f70f9c8[default] added {UserStore@1bd5d9c0{STOPPED},AUTO}
18:14:50.103 [Executing mockUpdateCredential(org.conjur.jenkins.credentials.ConjurCredentialStoreTest)] DEBUG org.eclipse.jetty.util.component.ContainerLifeCycle -- ConstraintSecurityHandler@24c8e376{STOPPED} added {HashLoginService@5f70f9c8[default],AUTO}
18:14:50.103 [Executing mockUpdateCredential(org.conjur.jenkins.credentials.ConjurCredentialStoreTest)] DEBUG org.eclipse.jetty.util.component.ContainerLifeCycle -- HttpConnectionFactory@633f33c3[HTTP/1.1] added {HttpConfiguration@7f5f4b8f{32768/8192,8192/8192,https://:0,[]},POJO}
18:14:50.103 [Executing mockUpdateCredential(org.conjur.jenkins.credentials.ConjurCredentialStoreTest)] DEBUG org.eclipse.jetty.util.component.ContainerLifeCycle -- ServerConnector@39947c9b{null, ()}{0.0.0.0:0} added {Server@5d58ea10{STOPPED}[9.4.48.v20220622],UNMANAGED}
18:14:50.103 [Executing mockUpdateCredential(org.conjur.jenkins.credentials.ConjurCredentialStoreTest)] DEBUG org.eclipse.jetty.util.component.ContainerLifeCycle -- ServerConnector@39947c9b{null, ()}{0.0.0.0:0} added {QueuedThreadPool[Jetty (JenkinsRule)]@1c65e02b{STOPPED,8<=0<=200,i=0,r=-1,q=0}[NO_TRY],AUTO}
18:14:50.103 [Executing mockUpdateCredential(org.conjur.jenkins.credentials.ConjurCredentialStoreTest)] DEBUG org.eclipse.jetty.util.component.ContainerLifeCycle -- ServerConnector@39947c9b{null, ()}{0.0.0.0:0} added {ScheduledExecutorScheduler@1f3901dd{STOPPED},AUTO}
18:14:50.103 [Executing mockUpdateCredential(org.conjur.jenkins.credentials.ConjurCredentialStoreTest)] DEBUG org.eclipse.jetty.util.component.ContainerLifeCycle -- ServerConnector@39947c9b{null, ()}{0.0.0.0:0} added {ArrayByteBufferPool@58298d2{minBufferCapacity=0, maxBufferCapacity=65536, maxQueueLength=-1, factor=1024},POJO}
18:14:50.103 [Executing mockUpdateCredential(org.conjur.jenkins.credentials.ConjurCredentialStoreTest)] DEBUG org.eclipse.jetty.util.component.ContainerLifeCycle -- ServerConnector@39947c9b{null, (http/1.1)}{0.0.0.0:0} added {HttpConnectionFactory@633f33c3[HTTP/1.1],AUTO}
18:14:50.103 [Executing mockUpdateCredential(org.conjur.jenkins.credentials.ConjurCredentialStoreTest)] DEBUG org.eclipse.jetty.server.AbstractConnector -- ServerConnector@39947c9b{HTTP/1.1, (http/1.1)}{0.0.0.0:0} added HttpConnectionFactory@633f33c3[HTTP/1.1]
18:14:50.103 [Executing mockUpdateCredential(org.conjur.jenkins.credentials.ConjurCredentialStoreTest)] DEBUG org.eclipse.jetty.util.component.ContainerLifeCycle -- ServerConnector@39947c9b{HTTP/1.1, (http/1.1)}{0.0.0.0:0} added {SelectorManager@ServerConnector@39947c9b{HTTP/1.1, (http/1.1)}{0.0.0.0:0},MANAGED}
18:14:50.104 [Executing mockUpdateCredential(org.conjur.jenkins.credentials.ConjurCredentialStoreTest)] DEBUG org.eclipse.jetty.util.component.ContainerLifeCycle -- Server@5d58ea10{STOPPED}[9.4.48.v20220622] added {ServerConnector@39947c9b{HTTP/1.1, (http/1.1)}{localhost:0},AUTO}
18:14:50.104 [Executing mockUpdateCredential(org.conjur.jenkins.credentials.ConjurCredentialStoreTest)] DEBUG org.eclipse.jetty.util.component.AbstractLifeCycle -- starting Server@5d58ea10{STOPPED}[9.4.48.v20220622]
18:14:50.104 [Executing mockUpdateCredential(org.conjur.jenkins.credentials.ConjurCredentialStoreTest)] DEBUG org.eclipse.jetty.util.component.ContainerLifeCycle -- Server@5d58ea10{STARTING}[9.4.48.v20220622] added {ErrorHandler@4b8de{STOPPED},AUTO}
18:14:50.104 [Executing mockUpdateCredential(org.conjur.jenkins.credentials.ConjurCredentialStoreTest)] INFO org.eclipse.jetty.server.Server -- jetty-9.4.48.v20220622; built: 2022-06-21T20:42:25.880Z; git: 6b67c5719d1f4371b33655ff2d047d24e171e49a; jvm 17.0.11+9-adhoc.admin.jdk17u
18:14:50.104 [Executing mockUpdateCredential(org.conjur.jenkins.credentials.ConjurCredentialStoreTest)] DEBUG org.eclipse.jetty.server.handler.AbstractHandler -- starting Server@5d58ea10{STARTING}[9.4.48.v20220622]
18:14:50.104 [Executing mockUpdateCredential(org.conjur.jenkins.credentials.ConjurCredentialStoreTest)] DEBUG org.eclipse.jetty.util.component.AbstractLifeCycle -- starting QueuedThreadPool[Jetty (JenkinsRule)]@1c65e02b{STOPPED,8<=0<=200,i=0,r=-1,q=0}[NO_TRY]
18:14:50.104 [Executing mockUpdateCredential(org.conjur.jenkins.credentials.ConjurCredentialStoreTest)] DEBUG org.eclipse.jetty.util.thread.ReservedThreadExecutor -- ReservedThreadExecutor@1aee6ce1{reserved=0/16,pending=0}
18:14:50.104 [Executing mockUpdateCredential(org.conjur.jenkins.credentials.ConjurCredentialStoreTest)] DEBUG org.eclipse.jetty.util.component.ContainerLifeCycle -- QueuedThreadPool[Jetty (JenkinsRule)]@1c65e02b{STARTING,8<=0<=200,i=0,r=-1,q=0}[ReservedThreadExecutor@1aee6ce1{reserved=0/16,pending=0}] added {ReservedThreadExecutor@1aee6ce1{reserved=0/16,pending=0},AUTO}
18:14:50.104 [Executing mockUpdateCredential(org.conjur.jenkins.credentials.ConjurCredentialStoreTest)] DEBUG org.eclipse.jetty.util.component.AbstractLifeCycle -- starting ReservedThreadExecutor@1aee6ce1{reserved=0/16,pending=0}
18:14:50.104 [Executing mockUpdateCredential(org.conjur.jenkins.credentials.ConjurCredentialStoreTest)] DEBUG org.eclipse.jetty.util.component.AbstractLifeCycle -- STARTED @17208ms ReservedThreadExecutor@1aee6ce1{reserved=0/16,pending=0}
18:14:50.104 [Executing mockUpdateCredential(org.conjur.jenkins.credentials.ConjurCredentialStoreTest)] DEBUG org.eclipse.jetty.util.thread.QueuedThreadPool -- Starting Thread[Jetty (JenkinsRule)-296,5,main]
18:14:50.104 [Executing mockUpdateCredential(org.conjur.jenkins.credentials.ConjurCredentialStoreTest)] DEBUG org.eclipse.jetty.util.thread.QueuedThreadPool -- Starting Thread[Jetty (JenkinsRule)-297,5,main]
18:14:50.104 [Jetty (JenkinsRule)-296] DEBUG org.eclipse.jetty.util.thread.QueuedThreadPool -- Runner started for QueuedThreadPool[Jetty (JenkinsRule)]@1c65e02b{STARTING,8<=2<=200,i=2,r=-1,q=0}[ReservedThreadExecutor@1aee6ce1{reserved=0/16,pending=0}]
18:14:50.104 [Executing mockUpdateCredential(org.conjur.jenkins.credentials.ConjurCredentialStoreTest)] DEBUG org.eclipse.jetty.util.thread.QueuedThreadPool -- Starting Thread[Jetty (JenkinsRule)-298,5,main]
18:14:50.104 [Jetty (JenkinsRule)-297] DEBUG org.eclipse.jetty.util.thread.QueuedThreadPool -- Runner started for QueuedThreadPool[Jetty (JenkinsRule)]@1c65e02b{STARTING,8<=3<=200,i=3,r=-1,q=0}[ReservedThreadExecutor@1aee6ce1{reserved=0/16,pending=0}]
18:14:50.104 [Executing mockUpdateCredential(org.conjur.jenkins.credentials.ConjurCredentialStoreTest)] DEBUG org.eclipse.jetty.util.thread.QueuedThreadPool -- Starting Thread[Jetty (JenkinsRule)-299,5,main]
18:14:50.105 [Jetty (JenkinsRule)-298] DEBUG org.eclipse.jetty.util.thread.QueuedThreadPool -- Runner started for QueuedThreadPool[Jetty (JenkinsRule)]@1c65e02b{STARTING,8<=4<=200,i=4,r=-1,q=0}[ReservedThreadExecutor@1aee6ce1{reserved=0/16,pending=0}]
18:14:50.105 [Executing mockUpdateCredential(org.conjur.jenkins.credentials.ConjurCredentialStoreTest)] DEBUG org.eclipse.jetty.util.thread.QueuedThreadPool -- Starting Thread[Jetty (JenkinsRule)-300,5,main]
18:14:50.105 [Jetty (JenkinsRule)-299] DEBUG org.eclipse.jetty.util.thread.QueuedThreadPool -- Runner started for QueuedThreadPool[Jetty (JenkinsRule)]@1c65e02b{STARTING,8<=5<=200,i=5,r=-1,q=0}[ReservedThreadExecutor@1aee6ce1{reserved=0/16,pending=0}]
18:14:50.105 [Executing mockUpdateCredential(org.conjur.jenkins.credentials.ConjurCredentialStoreTest)] DEBUG org.eclipse.jetty.util.thread.QueuedThreadPool -- Starting Thread[Jetty (JenkinsRule)-301,5,main]
18:14:50.105 [Jetty (JenkinsRule)-300] DEBUG org.eclipse.jetty.util.thread.QueuedThreadPool -- Runner started for QueuedThreadPool[Jetty (JenkinsRule)]@1c65e02b{STARTING,8<=6<=200,i=6,r=-1,q=0}[ReservedThreadExecutor@1aee6ce1{reserved=0/16,pending=0}]
18:14:50.105 [Executing mockUpdateCredential(org.conjur.jenkins.credentials.ConjurCredentialStoreTest)] DEBUG org.eclipse.jetty.util.thread.QueuedThreadPool -- Starting Thread[Jetty (JenkinsRule)-302,5,main]
18:14:50.105 [Jetty (JenkinsRule)-301] DEBUG org.eclipse.jetty.util.thread.QueuedThreadPool -- Runner started for QueuedThreadPool[Jetty (JenkinsRule)]@1c65e02b{STARTING,8<=7<=200,i=7,r=-1,q=0}[ReservedThreadExecutor@1aee6ce1{reserved=0/16,pending=0}]
18:14:50.105 [Executing mockUpdateCredential(org.conjur.jenkins.credentials.ConjurCredentialStoreTest)] DEBUG org.eclipse.jetty.util.thread.QueuedThreadPool -- Starting Thread[Jetty (JenkinsRule)-303,5,main]
18:14:50.105 [Jetty (JenkinsRule)-302] DEBUG org.eclipse.jetty.util.thread.QueuedThreadPool -- Runner started for QueuedThreadPool[Jetty (JenkinsRule)]@1c65e02b{STARTING,8<=8<=200,i=8,r=-1,q=0}[ReservedThreadExecutor@1aee6ce1{reserved=0/16,pending=0}]
18:14:50.105 [Executing mockUpdateCredential(org.conjur.jenkins.credentials.ConjurCredentialStoreTest)] DEBUG org.eclipse.jetty.util.component.AbstractLifeCycle -- STARTED @17209ms QueuedThreadPool[Jetty (JenkinsRule)]@1c65e02b{STARTED,8<=8<=200,i=8,r=-1,q=0}[ReservedThreadExecutor@1aee6ce1{reserved=0/16,pending=0}]
18:14:50.105 [Executing mockUpdateCredential(org.conjur.jenkins.credentials.ConjurCredentialStoreTest)] DEBUG org.eclipse.jetty.util.component.AbstractLifeCycle -- starting o.e.j.w.WebAppContext@5f18d7d0{/jenkins,file:///Users/sameer.shaik/MyWorkSpace/17OctV2.2.3-New-BitBucketIssueFixed/conjur-credentials-plugin/target/jenkins-for-test/,STOPPED}{/Users/sameer.shaik/MyWorkSpace/17OctV2.2.3-New-BitBucketIssueFixed/conjur-credentials-plugin/target/jenkins-for-test}
18:14:50.105 [Jetty (JenkinsRule)-303] DEBUG org.eclipse.jetty.util.thread.QueuedThreadPool -- Runner started for QueuedThreadPool[Jetty (JenkinsRule)]@1c65e02b{STARTED,8<=8<=200,i=8,r=-1,q=0}[ReservedThreadExecutor@1aee6ce1{reserved=0/16,pending=0}]
18:14:50.106 [Executing mockUpdateCredential(org.conjur.jenkins.credentials.ConjurCredentialStoreTest)] DEBUG org.eclipse.jetty.webapp.WebAppContext -- Thread Context classloader jdk.internal.loader.ClassLoaders$AppClassLoader@5ffd2b27
18:14:50.106 [Executing mockUpdateCredential(org.conjur.jenkins.credentials.ConjurCredentialStoreTest)] DEBUG org.eclipse.jetty.webapp.WebAppContext -- Parent class loader: jdk.internal.loader.ClassLoaders$PlatformClassLoader@6a175569 
18:14:50.106 [Executing mockUpdateCredential(org.conjur.jenkins.credentials.ConjurCredentialStoreTest)] DEBUG org.eclipse.jetty.webapp.WebAppContext -- preConfigure o.e.j.w.WebAppContext@5f18d7d0{/jenkins,file:///Users/sameer.shaik/MyWorkSpace/17OctV2.2.3-New-BitBucketIssueFixed/conjur-credentials-plugin/target/jenkins-for-test/,STOPPED}{/Users/sameer.shaik/MyWorkSpace/17OctV2.2.3-New-BitBucketIssueFixed/conjur-credentials-plugin/target/jenkins-for-test} with org.eclipse.jetty.webapp.WebXmlConfiguration@5550773f
18:14:50.109 [Executing mockUpdateCredential(org.conjur.jenkins.credentials.ConjurCredentialStoreTest)] DEBUG org.eclipse.jetty.webapp.WebDescriptor -- jar:file:/Users/sameer.shaik/.m2/repository/org/eclipse/jetty/jetty-webapp/9.4.48.v20220622/jetty-webapp-9.4.48.v20220622.jar!/org/eclipse/jetty/webapp/webdefault.xml: Calculated metadatacomplete = False with version=3.1
18:14:50.111 [Executing mockUpdateCredential(org.conjur.jenkins.credentials.ConjurCredentialStoreTest)] DEBUG org.eclipse.jetty.webapp.WebDescriptor -- file:///Users/sameer.shaik/MyWorkSpace/17OctV2.2.3-New-BitBucketIssueFixed/conjur-credentials-plugin/target/jenkins-for-test/WEB-INF/web.xml: Calculated metadatacomplete = True with version=3.1
18:14:50.111 [Executing mockUpdateCredential(org.conjur.jenkins.credentials.ConjurCredentialStoreTest)] DEBUG org.eclipse.jetty.webapp.WebAppContext -- configure o.e.j.w.WebAppContext@5f18d7d0{/jenkins,file:///Users/sameer.shaik/MyWorkSpace/17OctV2.2.3-New-BitBucketIssueFixed/conjur-credentials-plugin/target/jenkins-for-test/,STARTING}{/Users/sameer.shaik/MyWorkSpace/17OctV2.2.3-New-BitBucketIssueFixed/conjur-credentials-plugin/target/jenkins-for-test} with org.eclipse.jetty.webapp.WebXmlConfiguration@5550773f
18:14:50.111 [Executing mockUpdateCredential(org.conjur.jenkins.credentials.ConjurCredentialStoreTest)] DEBUG org.eclipse.jetty.webapp.MetaData -- metadata resolve o.e.j.w.WebAppContext@5f18d7d0{/jenkins,file:///Users/sameer.shaik/MyWorkSpace/17OctV2.2.3-New-BitBucketIssueFixed/conjur-credentials-plugin/target/jenkins-for-test/,STARTING}{/Users/sameer.shaik/MyWorkSpace/17OctV2.2.3-New-BitBucketIssueFixed/conjur-credentials-plugin/target/jenkins-for-test}
18:14:50.111 [Executing mockUpdateCredential(org.conjur.jenkins.credentials.ConjurCredentialStoreTest)] DEBUG org.eclipse.jetty.util.component.ContainerLifeCycle -- ServletHandler@3c617bbf{STOPPED} added {org.eclipse.jetty.servlet.listener.ELContextCleaner@77bdb7da{src=DESCRIPTOR:jar:file:/Users/sameer.shaik/.m2/repository/org/eclipse/jetty/jetty-webapp/9.4.48.v20220622/jetty-webapp-9.4.48.v20220622.jar!/org/eclipse/jetty/webapp/webdefault.xml},AUTO}
18:14:50.112 [Executing mockUpdateCredential(org.conjur.jenkins.credentials.ConjurCredentialStoreTest)] DEBUG org.eclipse.jetty.util.component.ContainerLifeCycle -- ServletHandler@3c617bbf{STOPPED} added {org.eclipse.jetty.servlet.listener.IntrospectorCleaner@5b085e28{src=DESCRIPTOR:jar:file:/Users/sameer.shaik/.m2/repository/org/eclipse/jetty/jetty-webapp/9.4.48.v20220622/jetty-webapp-9.4.48.v20220622.jar!/org/eclipse/jetty/webapp/webdefault.xml},AUTO}
18:14:50.112 [Executing mockUpdateCredential(org.conjur.jenkins.credentials.ConjurCredentialStoreTest)] DEBUG org.eclipse.jetty.webapp.StandardDescriptorProcessor -- Added mapping [/]=>default 
18:14:50.112 [Executing mockUpdateCredential(org.conjur.jenkins.credentials.ConjurCredentialStoreTest)] INFO org.eclipse.jetty.webapp.StandardDescriptorProcessor -- NO JSP Support for /jenkins, did not find org.eclipse.jetty.jsp.JettyJspServlet
18:14:50.112 [Executing mockUpdateCredential(org.conjur.jenkins.credentials.ConjurCredentialStoreTest)] DEBUG org.eclipse.jetty.webapp.StandardDescriptorProcessor -- Added mapping [*.jsp, *.jspf, *.jspx, *.xsp, *.JSP, *.JSPF, *.JSPX, *.XSP]=>jsp 
18:14:50.112 [Executing mockUpdateCredential(org.conjur.jenkins.credentials.ConjurCredentialStoreTest)] DEBUG org.eclipse.jetty.server.session -- SessionManager default maxInactiveInterval=1800
18:14:50.113 [Executing mockUpdateCredential(org.conjur.jenkins.credentials.ConjurCredentialStoreTest)] DEBUG org.eclipse.jetty.util.component.ContainerLifeCycle -- ServletHandler@3c617bbf{STOPPED} added {default==org.eclipse.jetty.servlet.DefaultServlet@5c13d641{jsp=null,order=0,inst=false,async=false,src=DESCRIPTOR:jar:file:/Users/sameer.shaik/.m2/repository/org/eclipse/jetty/jetty-webapp/9.4.48.v20220622/jetty-webapp-9.4.48.v20220622.jar!/org/eclipse/jetty/webapp/webdefault.xml,STOPPED},AUTO}
18:14:50.113 [Executing mockUpdateCredential(org.conjur.jenkins.credentials.ConjurCredentialStoreTest)] DEBUG org.eclipse.jetty.util.component.ContainerLifeCycle -- ServletHandler@3c617bbf{STOPPED} added {jsp==org.eclipse.jetty.servlet.NoJspServlet@19c47{jsp=null,order=0,inst=false,async=false,src=DESCRIPTOR:jar:file:/Users/sameer.shaik/.m2/repository/org/eclipse/jetty/jetty-webapp/9.4.48.v20220622/jetty-webapp-9.4.48.v20220622.jar!/org/eclipse/jetty/webapp/webdefault.xml,STOPPED},AUTO}
18:14:50.113 [Executing mockUpdateCredential(org.conjur.jenkins.credentials.ConjurCredentialStoreTest)] DEBUG org.eclipse.jetty.util.component.ContainerLifeCycle -- ServletHandler@3c617bbf{STOPPED} added {[/]=>default,POJO}
18:14:50.113 [Executing mockUpdateCredential(org.conjur.jenkins.credentials.ConjurCredentialStoreTest)] DEBUG org.eclipse.jetty.util.component.ContainerLifeCycle -- ServletHandler@3c617bbf{STOPPED} added {[*.jsp, *.jspf, *.jspx, *.xsp, *.JSP, *.JSPF, *.JSPX, *.XSP]=>jsp,POJO}
18:14:50.113 [Executing mockUpdateCredential(org.conjur.jenkins.credentials.ConjurCredentialStoreTest)] DEBUG org.eclipse.jetty.webapp.StandardDescriptorProcessor -- Added mapping [/*]=>Stapler 
18:14:50.113 [Executing mockUpdateCredential(org.conjur.jenkins.credentials.ConjurCredentialStoreTest)] DEBUG org.eclipse.jetty.util.component.ContainerLifeCycle -- ServletHandler@3c617bbf{STOPPED} added {jenkins.util.SystemProperties$Listener@6c13a944{src=DESCRIPTOR:file:///Users/sameer.shaik/MyWorkSpace/17OctV2.2.3-New-BitBucketIssueFixed/conjur-credentials-plugin/target/jenkins-for-test/WEB-INF/web.xml},AUTO}
18:14:50.113 [Executing mockUpdateCredential(org.conjur.jenkins.credentials.ConjurCredentialStoreTest)] DEBUG org.eclipse.jetty.util.component.ContainerLifeCycle -- ServletHandler@3c617bbf{STOPPED} added {hudson.WebAppMain@75f343f0{src=DESCRIPTOR:file:///Users/sameer.shaik/MyWorkSpace/17OctV2.2.3-New-BitBucketIssueFixed/conjur-credentials-plugin/target/jenkins-for-test/WEB-INF/web.xml},AUTO}
18:14:50.113 [Executing mockUpdateCredential(org.conjur.jenkins.credentials.ConjurCredentialStoreTest)] DEBUG org.eclipse.jetty.util.component.ContainerLifeCycle -- ServletHandler@3c617bbf{STOPPED} added {jenkins.JenkinsHttpSessionListener@46bae074{src=DESCRIPTOR:file:///Users/sameer.shaik/MyWorkSpace/17OctV2.2.3-New-BitBucketIssueFixed/conjur-credentials-plugin/target/jenkins-for-test/WEB-INF/web.xml},AUTO}
18:14:50.113 [Executing mockUpdateCredential(org.conjur.jenkins.credentials.ConjurCredentialStoreTest)] DEBUG org.eclipse.jetty.util.component.ContainerLifeCycle -- ServletHandler@3c617bbf{STOPPED} added {suspicious-request-filter==jenkins.security.SuspiciousRequestFilter@66096818{inst=false,async=true,src=DESCRIPTOR:file:///Users/sameer.shaik/MyWorkSpace/17OctV2.2.3-New-BitBucketIssueFixed/conjur-credentials-plugin/target/jenkins-for-test/WEB-INF/web.xml},AUTO}
18:14:50.113 [Executing mockUpdateCredential(org.conjur.jenkins.credentials.ConjurCredentialStoreTest)] DEBUG org.eclipse.jetty.util.component.ContainerLifeCycle -- ServletHandler@3c617bbf{STOPPED} added {diagnostic-name-filter==org.kohsuke.stapler.DiagnosticThreadNameFilter@17a1a414{inst=false,async=true,src=DESCRIPTOR:file:///Users/sameer.shaik/MyWorkSpace/17OctV2.2.3-New-BitBucketIssueFixed/conjur-credentials-plugin/target/jenkins-for-test/WEB-INF/web.xml},AUTO}
18:14:50.113 [Executing mockUpdateCredential(org.conjur.jenkins.credentials.ConjurCredentialStoreTest)] DEBUG org.eclipse.jetty.util.component.ContainerLifeCycle -- ServletHandler@3c617bbf{STOPPED} added {encoding-filter==hudson.util.CharacterEncodingFilter@78a289d3{inst=false,async=true,src=DESCRIPTOR:file:///Users/sameer.shaik/MyWorkSpace/17OctV2.2.3-New-BitBucketIssueFixed/conjur-credentials-plugin/target/jenkins-for-test/WEB-INF/web.xml},AUTO}
18:14:50.113 [Executing mockUpdateCredential(org.conjur.jenkins.credentials.ConjurCredentialStoreTest)] DEBUG org.eclipse.jetty.util.component.ContainerLifeCycle -- ServletHandler@3c617bbf{STOPPED} added {compression-filter==org.kohsuke.stapler.compression.CompressionFilter@698a6ff3{inst=false,async=true,src=DESCRIPTOR:file:///Users/sameer.shaik/MyWorkSpace/17OctV2.2.3-New-BitBucketIssueFixed/conjur-credentials-plugin/target/jenkins-for-test/WEB-INF/web.xml},AUTO}
18:14:50.113 [Executing mockUpdateCredential(org.conjur.jenkins.credentials.ConjurCredentialStoreTest)] DEBUG org.eclipse.jetty.util.component.ContainerLifeCycle -- ServletHandler@3c617bbf{STOPPED} added {authentication-filter==hudson.security.HudsonFilter@446e8372{inst=false,async=true,src=DESCRIPTOR:file:///Users/sameer.shaik/MyWorkSpace/17OctV2.2.3-New-BitBucketIssueFixed/conjur-credentials-plugin/target/jenkins-for-test/WEB-INF/web.xml},AUTO}
18:14:50.113 [Executing mockUpdateCredential(org.conjur.jenkins.credentials.ConjurCredentialStoreTest)] DEBUG org.eclipse.jetty.util.component.ContainerLifeCycle -- ServletHandler@3c617bbf{STOPPED} added {csrf-filter==hudson.security.csrf.CrumbFilter@5ef51eef{inst=false,async=true,src=DESCRIPTOR:file:///Users/sameer.shaik/MyWorkSpace/17OctV2.2.3-New-BitBucketIssueFixed/conjur-credentials-plugin/target/jenkins-for-test/WEB-INF/web.xml},AUTO}
18:14:50.113 [Executing mockUpdateCredential(org.conjur.jenkins.credentials.ConjurCredentialStoreTest)] DEBUG org.eclipse.jetty.util.component.ContainerLifeCycle -- ServletHandler@3c617bbf{STOPPED} added {plugins-filter==hudson.util.PluginServletFilter@32f5f8f3{inst=false,async=true,src=DESCRIPTOR:file:///Users/sameer.shaik/MyWorkSpace/17OctV2.2.3-New-BitBucketIssueFixed/conjur-credentials-plugin/target/jenkins-for-test/WEB-INF/web.xml},AUTO}
18:14:50.113 [Executing mockUpdateCredential(org.conjur.jenkins.credentials.ConjurCredentialStoreTest)] DEBUG org.eclipse.jetty.util.component.ContainerLifeCycle -- ServletHandler@3c617bbf{STOPPED} added {Stapler==org.kohsuke.stapler.Stapler@f222d1a9{jsp=null,order=-1,inst=false,async=true,src=DESCRIPTOR:file:///Users/sameer.shaik/MyWorkSpace/17OctV2.2.3-New-BitBucketIssueFixed/conjur-credentials-plugin/target/jenkins-for-test/WEB-INF/web.xml,STOPPED},AUTO}
18:14:50.114 [Executing mockUpdateCredential(org.conjur.jenkins.credentials.ConjurCredentialStoreTest)] DEBUG org.eclipse.jetty.util.component.ContainerLifeCycle -- ServletHandler@3c617bbf{STOPPED} added {[/*]/[]/[REQUEST]=>suspicious-request-filter,POJO}
18:14:50.114 [Executing mockUpdateCredential(org.conjur.jenkins.credentials.ConjurCredentialStoreTest)] DEBUG org.eclipse.jetty.util.component.ContainerLifeCycle -- ServletHandler@3c617bbf{STOPPED} added {[/*]/[]/[REQUEST]=>diagnostic-name-filter,POJO}
18:14:50.114 [Executing mockUpdateCredential(org.conjur.jenkins.credentials.ConjurCredentialStoreTest)] DEBUG org.eclipse.jetty.util.component.ContainerLifeCycle -- ServletHandler@3c617bbf{STOPPED} added {[/*]/[]/[REQUEST]=>encoding-filter,POJO}
18:14:50.114 [Executing mockUpdateCredential(org.conjur.jenkins.credentials.ConjurCredentialStoreTest)] DEBUG org.eclipse.jetty.util.component.ContainerLifeCycle -- ServletHandler@3c617bbf{STOPPED} added {[/*]/[]/[REQUEST]=>compression-filter,POJO}
18:14:50.114 [Executing mockUpdateCredential(org.conjur.jenkins.credentials.ConjurCredentialStoreTest)] DEBUG org.eclipse.jetty.util.component.ContainerLifeCycle -- ServletHandler@3c617bbf{STOPPED} added {[/*]/[]/[REQUEST]=>authentication-filter,POJO}
18:14:50.114 [Executing mockUpdateCredential(org.conjur.jenkins.credentials.ConjurCredentialStoreTest)] DEBUG org.eclipse.jetty.util.component.ContainerLifeCycle -- ServletHandler@3c617bbf{STOPPED} added {[/*]/[]/[REQUEST]=>csrf-filter,POJO}
18:14:50.114 [Executing mockUpdateCredential(org.conjur.jenkins.credentials.ConjurCredentialStoreTest)] DEBUG org.eclipse.jetty.util.component.ContainerLifeCycle -- ServletHandler@3c617bbf{STOPPED} added {[/*]/[]/[REQUEST]=>plugins-filter,POJO}
18:14:50.114 [Executing mockUpdateCredential(org.conjur.jenkins.credentials.ConjurCredentialStoreTest)] DEBUG org.eclipse.jetty.util.component.ContainerLifeCycle -- ServletHandler@3c617bbf{STOPPED} added {[/*]=>Stapler,POJO}
18:14:50.114 [Executing mockUpdateCredential(org.conjur.jenkins.credentials.ConjurCredentialStoreTest)] DEBUG org.eclipse.jetty.util.component.AbstractLifeCycle -- starting org.eclipse.jetty.servlet.listener.ELContextCleaner@77bdb7da{src=DESCRIPTOR:jar:file:/Users/sameer.shaik/.m2/repository/org/eclipse/jetty/jetty-webapp/9.4.48.v20220622/jetty-webapp-9.4.48.v20220622.jar!/org/eclipse/jetty/webapp/webdefault.xml}
18:14:50.114 [Executing mockUpdateCredential(org.conjur.jenkins.credentials.ConjurCredentialStoreTest)] DEBUG org.eclipse.jetty.servlet.BaseHolder -- Holding class org.eclipse.jetty.servlet.listener.ELContextCleaner from jdk.internal.loader.ClassLoaders$AppClassLoader@5ffd2b27
18:14:50.114 [Executing mockUpdateCredential(org.conjur.jenkins.credentials.ConjurCredentialStoreTest)] DEBUG org.eclipse.jetty.util.component.AbstractLifeCycle -- STARTED @17218ms org.eclipse.jetty.servlet.listener.ELContextCleaner@77bdb7da{src=DESCRIPTOR:jar:file:/Users/sameer.shaik/.m2/repository/org/eclipse/jetty/jetty-webapp/9.4.48.v20220622/jetty-webapp-9.4.48.v20220622.jar!/org/eclipse/jetty/webapp/webdefault.xml}
18:14:50.114 [Executing mockUpdateCredential(org.conjur.jenkins.credentials.ConjurCredentialStoreTest)] DEBUG org.eclipse.jetty.util.component.AbstractLifeCycle -- starting org.eclipse.jetty.servlet.listener.IntrospectorCleaner@5b085e28{src=DESCRIPTOR:jar:file:/Users/sameer.shaik/.m2/repository/org/eclipse/jetty/jetty-webapp/9.4.48.v20220622/jetty-webapp-9.4.48.v20220622.jar!/org/eclipse/jetty/webapp/webdefault.xml}
18:14:50.114 [Executing mockUpdateCredential(org.conjur.jenkins.credentials.ConjurCredentialStoreTest)] DEBUG org.eclipse.jetty.servlet.BaseHolder -- Holding class org.eclipse.jetty.servlet.listener.IntrospectorCleaner from jdk.internal.loader.ClassLoaders$AppClassLoader@5ffd2b27
18:14:50.114 [Executing mockUpdateCredential(org.conjur.jenkins.credentials.ConjurCredentialStoreTest)] DEBUG org.eclipse.jetty.util.component.AbstractLifeCycle -- STARTED @17218ms org.eclipse.jetty.servlet.listener.IntrospectorCleaner@5b085e28{src=DESCRIPTOR:jar:file:/Users/sameer.shaik/.m2/repository/org/eclipse/jetty/jetty-webapp/9.4.48.v20220622/jetty-webapp-9.4.48.v20220622.jar!/org/eclipse/jetty/webapp/webdefault.xml}
18:14:50.114 [Executing mockUpdateCredential(org.conjur.jenkins.credentials.ConjurCredentialStoreTest)] DEBUG org.eclipse.jetty.util.component.AbstractLifeCycle -- starting jenkins.util.SystemProperties$Listener@6c13a944{src=DESCRIPTOR:file:///Users/sameer.shaik/MyWorkSpace/17OctV2.2.3-New-BitBucketIssueFixed/conjur-credentials-plugin/target/jenkins-for-test/WEB-INF/web.xml}
18:14:50.114 [Executing mockUpdateCredential(org.conjur.jenkins.credentials.ConjurCredentialStoreTest)] DEBUG org.eclipse.jetty.servlet.BaseHolder -- Holding class jenkins.util.SystemProperties$Listener from jdk.internal.loader.ClassLoaders$AppClassLoader@5ffd2b27
18:14:50.114 [Executing mockUpdateCredential(org.conjur.jenkins.credentials.ConjurCredentialStoreTest)] DEBUG org.eclipse.jetty.util.component.AbstractLifeCycle -- STARTED @17218ms jenkins.util.SystemProperties$Listener@6c13a944{src=DESCRIPTOR:file:///Users/sameer.shaik/MyWorkSpace/17OctV2.2.3-New-BitBucketIssueFixed/conjur-credentials-plugin/target/jenkins-for-test/WEB-INF/web.xml}
18:14:50.114 [Executing mockUpdateCredential(org.conjur.jenkins.credentials.ConjurCredentialStoreTest)] DEBUG org.eclipse.jetty.util.component.AbstractLifeCycle -- starting hudson.WebAppMain@75f343f0{src=DESCRIPTOR:file:///Users/sameer.shaik/MyWorkSpace/17OctV2.2.3-New-BitBucketIssueFixed/conjur-credentials-plugin/target/jenkins-for-test/WEB-INF/web.xml}
18:14:50.114 [Executing mockUpdateCredential(org.conjur.jenkins.credentials.ConjurCredentialStoreTest)] DEBUG org.eclipse.jetty.servlet.BaseHolder -- Holding class hudson.WebAppMain from jdk.internal.loader.ClassLoaders$AppClassLoader@5ffd2b27
18:14:50.114 [Executing mockUpdateCredential(org.conjur.jenkins.credentials.ConjurCredentialStoreTest)] DEBUG org.eclipse.jetty.util.component.AbstractLifeCycle -- STARTED @17218ms hudson.WebAppMain@75f343f0{src=DESCRIPTOR:file:///Users/sameer.shaik/MyWorkSpace/17OctV2.2.3-New-BitBucketIssueFixed/conjur-credentials-plugin/target/jenkins-for-test/WEB-INF/web.xml}
18:14:50.114 [Executing mockUpdateCredential(org.conjur.jenkins.credentials.ConjurCredentialStoreTest)] DEBUG org.eclipse.jetty.util.component.AbstractLifeCycle -- starting jenkins.JenkinsHttpSessionListener@46bae074{src=DESCRIPTOR:file:///Users/sameer.shaik/MyWorkSpace/17OctV2.2.3-New-BitBucketIssueFixed/conjur-credentials-plugin/target/jenkins-for-test/WEB-INF/web.xml}
18:14:50.114 [Executing mockUpdateCredential(org.conjur.jenkins.credentials.ConjurCredentialStoreTest)] DEBUG org.eclipse.jetty.servlet.BaseHolder -- Holding class jenkins.JenkinsHttpSessionListener from jdk.internal.loader.ClassLoaders$AppClassLoader@5ffd2b27
18:14:50.114 [Executing mockUpdateCredential(org.conjur.jenkins.credentials.ConjurCredentialStoreTest)] DEBUG org.eclipse.jetty.util.component.ContainerLifeCycle -- org.eclipse.jetty.server.session.SessionHandler1031214431==dftMaxIdleSec=1800 added {jenkins.JenkinsHttpSessionListener@83afca9,UNMANAGED}
18:14:50.114 [Executing mockUpdateCredential(org.conjur.jenkins.credentials.ConjurCredentialStoreTest)] DEBUG org.eclipse.jetty.util.component.AbstractLifeCycle -- STARTED @17218ms jenkins.JenkinsHttpSessionListener@46bae074{src=DESCRIPTOR:file:///Users/sameer.shaik/MyWorkSpace/17OctV2.2.3-New-BitBucketIssueFixed/conjur-credentials-plugin/target/jenkins-for-test/WEB-INF/web.xml}
18:14:50.114 [Executing mockUpdateCredential(org.conjur.jenkins.credentials.ConjurCredentialStoreTest)] DEBUG org.eclipse.jetty.server.handler.AbstractHandler -- starting o.e.j.w.WebAppContext@5f18d7d0{Jenkins v2.346.3,/jenkins,file:///Users/sameer.shaik/MyWorkSpace/17OctV2.2.3-New-BitBucketIssueFixed/conjur-credentials-plugin/target/jenkins-for-test/,STARTING}{/Users/sameer.shaik/MyWorkSpace/17OctV2.2.3-New-BitBucketIssueFixed/conjur-credentials-plugin/target/jenkins-for-test}
18:14:50.115 [Executing mockUpdateCredential(org.conjur.jenkins.credentials.ConjurCredentialStoreTest)] DEBUG org.eclipse.jetty.util.component.AbstractLifeCycle -- starting SymlinkAllowedResourceAliasChecker@6ccf10a0{base=null,protected=[/WEB-INF, /META-INF]}
18:14:50.115 [Executing mockUpdateCredential(org.conjur.jenkins.credentials.ConjurCredentialStoreTest)] DEBUG org.eclipse.jetty.util.component.AbstractLifeCycle -- STARTED @17218ms SymlinkAllowedResourceAliasChecker@6ccf10a0{base=null,protected=[/WEB-INF, /META-INF]}
18:14:50.115 [Executing mockUpdateCredential(org.conjur.jenkins.credentials.ConjurCredentialStoreTest)] DEBUG org.eclipse.jetty.util.component.AbstractLifeCycle -- starting org.eclipse.jetty.server.session.SessionHandler1031214431==dftMaxIdleSec=1800
18:14:50.115 [Executing mockUpdateCredential(org.conjur.jenkins.credentials.ConjurCredentialStoreTest)] DEBUG org.eclipse.jetty.util.component.ContainerLifeCycle -- org.eclipse.jetty.server.session.SessionHandler1031214431==dftMaxIdleSec=1800 added {org.eclipse.jetty.server.session.DefaultSessionCache@38ff9bcf[evict=-1,removeUnloadable=false,saveOnCreate=false,saveOnInactiveEvict=false],AUTO}
18:14:50.115 [Executing mockUpdateCredential(org.conjur.jenkins.credentials.ConjurCredentialStoreTest)] DEBUG org.eclipse.jetty.util.component.ContainerLifeCycle -- org.eclipse.jetty.server.session.DefaultSessionCache@38ff9bcf[evict=-1,removeUnloadable=false,saveOnCreate=false,saveOnInactiveEvict=false] added {org.eclipse.jetty.server.session.NullSessionDataStore@4e8be859[passivating=false,graceSec=3600],AUTO}
18:14:50.115 [Executing mockUpdateCredential(org.conjur.jenkins.credentials.ConjurCredentialStoreTest)] DEBUG org.eclipse.jetty.util.component.AbstractLifeCycle -- starting DefaultSessionIdManager@5324a31b{STOPPED}[worker=null]
18:14:50.115 [Executing mockUpdateCredential(org.conjur.jenkins.credentials.ConjurCredentialStoreTest)] INFO org.eclipse.jetty.server.session -- DefaultSessionIdManager workerName=node0
18:14:50.115 [Executing mockUpdateCredential(org.conjur.jenkins.credentials.ConjurCredentialStoreTest)] INFO org.eclipse.jetty.server.session -- No SessionScavenger set, using defaults
18:14:50.115 [Executing mockUpdateCredential(org.conjur.jenkins.credentials.ConjurCredentialStoreTest)] DEBUG org.eclipse.jetty.util.component.ContainerLifeCycle -- DefaultSessionIdManager@5324a31b{STARTING}[worker=node0] added {HouseKeeper@c24c262{STOPPED}[interval=600000, ownscheduler=false],MANAGED}
18:14:50.115 [Executing mockUpdateCredential(org.conjur.jenkins.credentials.ConjurCredentialStoreTest)] DEBUG org.eclipse.jetty.util.component.AbstractLifeCycle -- starting HouseKeeper@c24c262{STOPPED}[interval=600000, ownscheduler=false]
18:14:50.115 [Executing mockUpdateCredential(org.conjur.jenkins.credentials.ConjurCredentialStoreTest)] DEBUG org.eclipse.jetty.util.component.AbstractLifeCycle -- starting ScheduledExecutorScheduler@484111ca{STOPPED}
18:14:50.115 [Executing mockUpdateCredential(org.conjur.jenkins.credentials.ConjurCredentialStoreTest)] DEBUG org.eclipse.jetty.util.component.AbstractLifeCycle -- STARTED @17219ms ScheduledExecutorScheduler@484111ca{STARTED}
18:14:50.115 [Executing mockUpdateCredential(org.conjur.jenkins.credentials.ConjurCredentialStoreTest)] DEBUG org.eclipse.jetty.server.session -- Using own scheduler for scavenging
18:14:50.115 [Executing mockUpdateCredential(org.conjur.jenkins.credentials.ConjurCredentialStoreTest)] INFO org.eclipse.jetty.server.session -- node0 Scavenging every 600000ms
18:14:50.115 [Executing mockUpdateCredential(org.conjur.jenkins.credentials.ConjurCredentialStoreTest)] DEBUG org.eclipse.jetty.util.component.AbstractLifeCycle -- STARTED @17219ms HouseKeeper@c24c262{STARTED}[interval=600000, ownscheduler=true]
18:14:50.115 [Executing mockUpdateCredential(org.conjur.jenkins.credentials.ConjurCredentialStoreTest)] DEBUG org.eclipse.jetty.util.component.AbstractLifeCycle -- STARTED @17219ms DefaultSessionIdManager@5324a31b{STARTED}[worker=node0]
18:14:50.115 [Executing mockUpdateCredential(org.conjur.jenkins.credentials.ConjurCredentialStoreTest)] DEBUG org.eclipse.jetty.util.component.ContainerLifeCycle -- Server@5d58ea10{STARTING}[9.4.48.v20220622] added {DefaultSessionIdManager@5324a31b{STARTED}[worker=node0],MANAGED}
18:14:50.115 [Executing mockUpdateCredential(org.conjur.jenkins.credentials.ConjurCredentialStoreTest)] DEBUG org.eclipse.jetty.util.component.ContainerLifeCycle -- org.eclipse.jetty.server.session.SessionHandler1031214431==dftMaxIdleSec=1800 added {DefaultSessionIdManager@5324a31b{STARTED}[worker=node0],UNMANAGED}
18:14:50.115 [Executing mockUpdateCredential(org.conjur.jenkins.credentials.ConjurCredentialStoreTest)] DEBUG org.eclipse.jetty.util.component.AbstractLifeCycle -- starting ScheduledExecutorScheduler@2f53adf8{STOPPED}
18:14:50.115 [Executing mockUpdateCredential(org.conjur.jenkins.credentials.ConjurCredentialStoreTest)] DEBUG org.eclipse.jetty.util.component.AbstractLifeCycle -- STARTED @17219ms ScheduledExecutorScheduler@2f53adf8{STARTED}
18:14:50.115 [Executing mockUpdateCredential(org.conjur.jenkins.credentials.ConjurCredentialStoreTest)] DEBUG org.eclipse.jetty.server.handler.AbstractHandler -- starting org.eclipse.jetty.server.session.SessionHandler1031214431==dftMaxIdleSec=1800
18:14:50.116 [Executing mockUpdateCredential(org.conjur.jenkins.credentials.ConjurCredentialStoreTest)] DEBUG org.eclipse.jetty.util.component.AbstractLifeCycle -- starting ConstraintSecurityHandler@24c8e376{STOPPED}
18:14:50.116 [Executing mockUpdateCredential(org.conjur.jenkins.credentials.ConjurCredentialStoreTest)] DEBUG org.eclipse.jetty.util.component.ContainerLifeCycle -- ConstraintSecurityHandler@24c8e376{STARTING} added {org.eclipse.jetty.security.DefaultIdentityService@68fbcd1a,POJO}
18:14:50.116 [Executing mockUpdateCredential(org.conjur.jenkins.credentials.ConjurCredentialStoreTest)] DEBUG org.eclipse.jetty.security.SecurityHandler -- Created authenticator org.eclipse.jetty.security.authentication.FormAuthenticator@5ce4da2 with org.eclipse.jetty.security.DefaultAuthenticatorFactory@a76ae10
18:14:50.116 [Executing mockUpdateCredential(org.conjur.jenkins.credentials.ConjurCredentialStoreTest)] DEBUG org.eclipse.jetty.util.component.ContainerLifeCycle -- ConstraintSecurityHandler@24c8e376{STARTING} added {org.eclipse.jetty.security.authentication.FormAuthenticator@5ce4da2,POJO}
18:14:50.116 [Executing mockUpdateCredential(org.conjur.jenkins.credentials.ConjurCredentialStoreTest)] DEBUG org.eclipse.jetty.server.handler.AbstractHandler -- starting ConstraintSecurityHandler@24c8e376{STARTING}
18:14:50.116 [Executing mockUpdateCredential(org.conjur.jenkins.credentials.ConjurCredentialStoreTest)] DEBUG org.eclipse.jetty.util.component.AbstractLifeCycle -- starting ServletHandler@3c617bbf{STOPPED}
18:14:50.116 [Executing mockUpdateCredential(org.conjur.jenkins.credentials.ConjurCredentialStoreTest)] DEBUG org.eclipse.jetty.servlet.ServletHandler -- Path=*.jspx[DESCRIPTOR:jar:file:/Users/sameer.shaik/.m2/repository/org/eclipse/jetty/jetty-webapp/9.4.48.v20220622/jetty-webapp-9.4.48.v20220622.jar!/org/eclipse/jetty/webapp/webdefault.xml] mapped to servlet=jsp[DESCRIPTOR:jar:file:/Users/sameer.shaik/.m2/repository/org/eclipse/jetty/jetty-webapp/9.4.48.v20220622/jetty-webapp-9.4.48.v20220622.jar!/org/eclipse/jetty/webapp/webdefault.xml]
18:14:50.116 [Executing mockUpdateCredential(org.conjur.jenkins.credentials.ConjurCredentialStoreTest)] DEBUG org.eclipse.jetty.http.pathmap.ServletPathSpec -- Creating ServletPathSpec[*.jspx] (group: SUFFIX_GLOB, prefix: "null", suffix: "jspx")
18:14:50.116 [Executing mockUpdateCredential(org.conjur.jenkins.credentials.ConjurCredentialStoreTest)] DEBUG org.eclipse.jetty.http.pathmap.PathMappings -- Added MappedResource[pathSpec=ServletPathSpec@96a7cfb7{*.jspx},resource=jsp==org.eclipse.jetty.servlet.NoJspServlet@19c47{jsp=null,order=0,inst=false,async=false,src=DESCRIPTOR:jar:file:/Users/sameer.shaik/.m2/repository/org/eclipse/jetty/jetty-webapp/9.4.48.v20220622/jetty-webapp-9.4.48.v20220622.jar!/org/eclipse/jetty/webapp/webdefault.xml,STOPPED}] to PathMappings[size=1]
18:14:50.116 [Executing mockUpdateCredential(org.conjur.jenkins.credentials.ConjurCredentialStoreTest)] DEBUG org.eclipse.jetty.servlet.ServletHandler -- Path=*.JSPX[DESCRIPTOR:jar:file:/Users/sameer.shaik/.m2/repository/org/eclipse/jetty/jetty-webapp/9.4.48.v20220622/jetty-webapp-9.4.48.v20220622.jar!/org/eclipse/jetty/webapp/webdefault.xml] mapped to servlet=jsp[DESCRIPTOR:jar:file:/Users/sameer.shaik/.m2/repository/org/eclipse/jetty/jetty-webapp/9.4.48.v20220622/jetty-webapp-9.4.48.v20220622.jar!/org/eclipse/jetty/webapp/webdefault.xml]
18:14:50.116 [Executing mockUpdateCredential(org.conjur.jenkins.credentials.ConjurCredentialStoreTest)] DEBUG org.eclipse.jetty.http.pathmap.ServletPathSpec -- Creating ServletPathSpec[*.JSPX] (group: SUFFIX_GLOB, prefix: "null", suffix: "JSPX")
18:14:50.116 [Executing mockUpdateCredential(org.conjur.jenkins.credentials.ConjurCredentialStoreTest)] DEBUG org.eclipse.jetty.http.pathmap.PathMappings -- Added MappedResource[pathSpec=ServletPathSpec@94d5d7b7{*.JSPX},resource=jsp==org.eclipse.jetty.servlet.NoJspServlet@19c47{jsp=null,order=0,inst=false,async=false,src=DESCRIPTOR:jar:file:/Users/sameer.shaik/.m2/repository/org/eclipse/jetty/jetty-webapp/9.4.48.v20220622/jetty-webapp-9.4.48.v20220622.jar!/org/eclipse/jetty/webapp/webdefault.xml,STOPPED}] to PathMappings[size=2]
18:14:50.116 [Executing mockUpdateCredential(org.conjur.jenkins.credentials.ConjurCredentialStoreTest)] DEBUG org.eclipse.jetty.servlet.ServletHandler -- Path=*.JSPF[DESCRIPTOR:jar:file:/Users/sameer.shaik/.m2/repository/org/eclipse/jetty/jetty-webapp/9.4.48.v20220622/jetty-webapp-9.4.48.v20220622.jar!/org/eclipse/jetty/webapp/webdefault.xml] mapped to servlet=jsp[DESCRIPTOR:jar:file:/Users/sameer.shaik/.m2/repository/org/eclipse/jetty/jetty-webapp/9.4.48.v20220622/jetty-webapp-9.4.48.v20220622.jar!/org/eclipse/jetty/webapp/webdefault.xml]
18:14:50.116 [Executing mockUpdateCredential(org.conjur.jenkins.credentials.ConjurCredentialStoreTest)] DEBUG org.eclipse.jetty.http.pathmap.ServletPathSpec -- Creating ServletPathSpec[*.JSPF] (group: SUFFIX_GLOB, prefix: "null", suffix: "JSPF")
18:14:50.116 [Executing mockUpdateCredential(org.conjur.jenkins.credentials.ConjurCredentialStoreTest)] DEBUG org.eclipse.jetty.http.pathmap.PathMappings -- Added MappedResource[pathSpec=ServletPathSpec@94d5d589{*.JSPF},resource=jsp==org.eclipse.jetty.servlet.NoJspServlet@19c47{jsp=null,order=0,inst=false,async=false,src=DESCRIPTOR:jar:file:/Users/sameer.shaik/.m2/repository/org/eclipse/jetty/jetty-webapp/9.4.48.v20220622/jetty-webapp-9.4.48.v20220622.jar!/org/eclipse/jetty/webapp/webdefault.xml,STOPPED}] to PathMappings[size=3]
18:14:50.117 [Executing mockUpdateCredential(org.conjur.jenkins.credentials.ConjurCredentialStoreTest)] DEBUG org.eclipse.jetty.servlet.ServletHandler -- Path=*.jsp[DESCRIPTOR:jar:file:/Users/sameer.shaik/.m2/repository/org/eclipse/jetty/jetty-webapp/9.4.48.v20220622/jetty-webapp-9.4.48.v20220622.jar!/org/eclipse/jetty/webapp/webdefault.xml] mapped to servlet=jsp[DESCRIPTOR:jar:file:/Users/sameer.shaik/.m2/repository/org/eclipse/jetty/jetty-webapp/9.4.48.v20220622/jetty-webapp-9.4.48.v20220622.jar!/org/eclipse/jetty/webapp/webdefault.xml]
18:14:50.117 [Executing mockUpdateCredential(org.conjur.jenkins.credentials.ConjurCredentialStoreTest)] DEBUG org.eclipse.jetty.http.pathmap.ServletPathSpec -- Creating ServletPathSpec[*.jsp] (group: SUFFIX_GLOB, prefix: "null", suffix: "jsp")
18:14:50.117 [Executing mockUpdateCredential(org.conjur.jenkins.credentials.ConjurCredentialStoreTest)] DEBUG org.eclipse.jetty.http.pathmap.PathMappings -- Added MappedResource[pathSpec=ServletPathSpec@debd2188{*.jsp},resource=jsp==org.eclipse.jetty.servlet.NoJspServlet@19c47{jsp=null,order=0,inst=false,async=false,src=DESCRIPTOR:jar:file:/Users/sameer.shaik/.m2/repository/org/eclipse/jetty/jetty-webapp/9.4.48.v20220622/jetty-webapp-9.4.48.v20220622.jar!/org/eclipse/jetty/webapp/webdefault.xml,STOPPED}] to PathMappings[size=4]
18:14:50.117 [Executing mockUpdateCredential(org.conjur.jenkins.credentials.ConjurCredentialStoreTest)] DEBUG org.eclipse.jetty.servlet.ServletHandler -- Path=*.JSP[DESCRIPTOR:jar:file:/Users/sameer.shaik/.m2/repository/org/eclipse/jetty/jetty-webapp/9.4.48.v20220622/jetty-webapp-9.4.48.v20220622.jar!/org/eclipse/jetty/webapp/webdefault.xml] mapped to servlet=jsp[DESCRIPTOR:jar:file:/Users/sameer.shaik/.m2/repository/org/eclipse/jetty/jetty-webapp/9.4.48.v20220622/jetty-webapp-9.4.48.v20220622.jar!/org/eclipse/jetty/webapp/webdefault.xml]
18:14:50.117 [Executing mockUpdateCredential(org.conjur.jenkins.credentials.ConjurCredentialStoreTest)] DEBUG org.eclipse.jetty.http.pathmap.ServletPathSpec -- Creating ServletPathSpec[*.JSP] (group: SUFFIX_GLOB, prefix: "null", suffix: "JSP")
18:14:50.117 [Executing mockUpdateCredential(org.conjur.jenkins.credentials.ConjurCredentialStoreTest)] DEBUG org.eclipse.jetty.http.pathmap.PathMappings -- Added MappedResource[pathSpec=ServletPathSpec@deae19a8{*.JSP},resource=jsp==org.eclipse.jetty.servlet.NoJspServlet@19c47{jsp=null,order=0,inst=false,async=false,src=DESCRIPTOR:jar:file:/Users/sameer.shaik/.m2/repository/org/eclipse/jetty/jetty-webapp/9.4.48.v20220622/jetty-webapp-9.4.48.v20220622.jar!/org/eclipse/jetty/webapp/webdefault.xml,STOPPED}] to PathMappings[size=5]
18:14:50.117 [Executing mockUpdateCredential(org.conjur.jenkins.credentials.ConjurCredentialStoreTest)] DEBUG org.eclipse.jetty.servlet.ServletHandler -- Path=*.jspf[DESCRIPTOR:jar:file:/Users/sameer.shaik/.m2/repository/org/eclipse/jetty/jetty-webapp/9.4.48.v20220622/jetty-webapp-9.4.48.v20220622.jar!/org/eclipse/jetty/webapp/webdefault.xml] mapped to servlet=jsp[DESCRIPTOR:jar:file:/Users/sameer.shaik/.m2/repository/org/eclipse/jetty/jetty-webapp/9.4.48.v20220622/jetty-webapp-9.4.48.v20220622.jar!/org/eclipse/jetty/webapp/webdefault.xml]
18:14:50.117 [Executing mockUpdateCredential(org.conjur.jenkins.credentials.ConjurCredentialStoreTest)] DEBUG org.eclipse.jetty.http.pathmap.ServletPathSpec -- Creating ServletPathSpec[*.jspf] (group: SUFFIX_GLOB, prefix: "null", suffix: "jspf")
18:14:50.117 [Executing mockUpdateCredential(org.conjur.jenkins.credentials.ConjurCredentialStoreTest)] DEBUG org.eclipse.jetty.http.pathmap.PathMappings -- Added MappedResource[pathSpec=ServletPathSpec@96a7cd89{*.jspf},resource=jsp==org.eclipse.jetty.servlet.NoJspServlet@19c47{jsp=null,order=0,inst=false,async=false,src=DESCRIPTOR:jar:file:/Users/sameer.shaik/.m2/repository/org/eclipse/jetty/jetty-webapp/9.4.48.v20220622/jetty-webapp-9.4.48.v20220622.jar!/org/eclipse/jetty/webapp/webdefault.xml,STOPPED}] to PathMappings[size=6]
18:14:50.117 [Executing mockUpdateCredential(org.conjur.jenkins.credentials.ConjurCredentialStoreTest)] DEBUG org.eclipse.jetty.servlet.ServletHandler -- Path=*.XSP[DESCRIPTOR:jar:file:/Users/sameer.shaik/.m2/repository/org/eclipse/jetty/jetty-webapp/9.4.48.v20220622/jetty-webapp-9.4.48.v20220622.jar!/org/eclipse/jetty/webapp/webdefault.xml] mapped to servlet=jsp[DESCRIPTOR:jar:file:/Users/sameer.shaik/.m2/repository/org/eclipse/jetty/jetty-webapp/9.4.48.v20220622/jetty-webapp-9.4.48.v20220622.jar!/org/eclipse/jetty/webapp/webdefault.xml]
18:14:50.117 [Executing mockUpdateCredential(org.conjur.jenkins.credentials.ConjurCredentialStoreTest)] DEBUG org.eclipse.jetty.http.pathmap.ServletPathSpec -- Creating ServletPathSpec[*.XSP] (group: SUFFIX_GLOB, prefix: "null", suffix: "XSP")
18:14:50.117 [Executing mockUpdateCredential(org.conjur.jenkins.credentials.ConjurCredentialStoreTest)] DEBUG org.eclipse.jetty.http.pathmap.PathMappings -- Added MappedResource[pathSpec=ServletPathSpec@deb476da{*.XSP},resource=jsp==org.eclipse.jetty.servlet.NoJspServlet@19c47{jsp=null,order=0,inst=false,async=false,src=DESCRIPTOR:jar:file:/Users/sameer.shaik/.m2/repository/org/eclipse/jetty/jetty-webapp/9.4.48.v20220622/jetty-webapp-9.4.48.v20220622.jar!/org/eclipse/jetty/webapp/webdefault.xml,STOPPED}] to PathMappings[size=7]
18:14:50.117 [Executing mockUpdateCredential(org.conjur.jenkins.credentials.ConjurCredentialStoreTest)] DEBUG org.eclipse.jetty.servlet.ServletHandler -- Path=*.xsp[DESCRIPTOR:jar:file:/Users/sameer.shaik/.m2/repository/org/eclipse/jetty/jetty-webapp/9.4.48.v20220622/jetty-webapp-9.4.48.v20220622.jar!/org/eclipse/jetty/webapp/webdefault.xml] mapped to servlet=jsp[DESCRIPTOR:jar:file:/Users/sameer.shaik/.m2/repository/org/eclipse/jetty/jetty-webapp/9.4.48.v20220622/jetty-webapp-9.4.48.v20220622.jar!/org/eclipse/jetty/webapp/webdefault.xml]
18:14:50.117 [Executing mockUpdateCredential(org.conjur.jenkins.credentials.ConjurCredentialStoreTest)] DEBUG org.eclipse.jetty.http.pathmap.ServletPathSpec -- Creating ServletPathSpec[*.xsp] (group: SUFFIX_GLOB, prefix: "null", suffix: "xsp")
18:14:50.117 [Executing mockUpdateCredential(org.conjur.jenkins.credentials.ConjurCredentialStoreTest)] DEBUG org.eclipse.jetty.http.pathmap.PathMappings -- Added MappedResource[pathSpec=ServletPathSpec@dec37eba{*.xsp},resource=jsp==org.eclipse.jetty.servlet.NoJspServlet@19c47{jsp=null,order=0,inst=false,async=false,src=DESCRIPTOR:jar:file:/Users/sameer.shaik/.m2/repository/org/eclipse/jetty/jetty-webapp/9.4.48.v20220622/jetty-webapp-9.4.48.v20220622.jar!/org/eclipse/jetty/webapp/webdefault.xml,STOPPED}] to PathMappings[size=8]
18:14:50.117 [Executing mockUpdateCredential(org.conjur.jenkins.credentials.ConjurCredentialStoreTest)] DEBUG org.eclipse.jetty.servlet.ServletHandler -- Path=/*[DESCRIPTOR:file:///Users/sameer.shaik/MyWorkSpace/17OctV2.2.3-New-BitBucketIssueFixed/conjur-credentials-plugin/target/jenkins-for-test/WEB-INF/web.xml] mapped to servlet=Stapler[DESCRIPTOR:file:///Users/sameer.shaik/MyWorkSpace/17OctV2.2.3-New-BitBucketIssueFixed/conjur-credentials-plugin/target/jenkins-for-test/WEB-INF/web.xml]
18:14:50.117 [Executing mockUpdateCredential(org.conjur.jenkins.credentials.ConjurCredentialStoreTest)] DEBUG org.eclipse.jetty.http.pathmap.ServletPathSpec -- Creating ServletPathSpec[/*] (group: PREFIX_GLOB, prefix: "", suffix: "null")
18:14:50.117 [Executing mockUpdateCredential(org.conjur.jenkins.credentials.ConjurCredentialStoreTest)] DEBUG org.eclipse.jetty.http.pathmap.PathMappings -- Added MappedResource[pathSpec=ServletPathSpec@9457a78e{/*},resource=Stapler==org.kohsuke.stapler.Stapler@f222d1a9{jsp=null,order=-1,inst=false,async=true,src=DESCRIPTOR:file:///Users/sameer.shaik/MyWorkSpace/17OctV2.2.3-New-BitBucketIssueFixed/conjur-credentials-plugin/target/jenkins-for-test/WEB-INF/web.xml,STOPPED}] to PathMappings[size=9]
18:14:50.117 [Executing mockUpdateCredential(org.conjur.jenkins.credentials.ConjurCredentialStoreTest)] DEBUG org.eclipse.jetty.servlet.ServletHandler -- Path=/[DESCRIPTOR:jar:file:/Users/sameer.shaik/.m2/repository/org/eclipse/jetty/jetty-webapp/9.4.48.v20220622/jetty-webapp-9.4.48.v20220622.jar!/org/eclipse/jetty/webapp/webdefault.xml] mapped to servlet=default[DESCRIPTOR:jar:file:/Users/sameer.shaik/.m2/repository/org/eclipse/jetty/jetty-webapp/9.4.48.v20220622/jetty-webapp-9.4.48.v20220622.jar!/org/eclipse/jetty/webapp/webdefault.xml]
18:14:50.117 [Executing mockUpdateCredential(org.conjur.jenkins.credentials.ConjurCredentialStoreTest)] DEBUG org.eclipse.jetty.http.pathmap.PathMappings -- Added MappedResource[pathSpec=ServletPathSpec@9457dcb7{/},resource=default==org.eclipse.jetty.servlet.DefaultServlet@5c13d641{jsp=null,order=0,inst=false,async=false,src=DESCRIPTOR:jar:file:/Users/sameer.shaik/.m2/repository/org/eclipse/jetty/jetty-webapp/9.4.48.v20220622/jetty-webapp-9.4.48.v20220622.jar!/org/eclipse/jetty/webapp/webdefault.xml,STOPPED}] to PathMappings[size=10]
18:14:50.117 [Executing mockUpdateCredential(org.conjur.jenkins.credentials.ConjurCredentialStoreTest)] DEBUG org.eclipse.jetty.servlet.ServletHandler -- filterNameMap={csrf-filter=csrf-filter==hudson.security.csrf.CrumbFilter@5ef51eef{inst=false,async=true,src=DESCRIPTOR:file:///Users/sameer.shaik/MyWorkSpace/17OctV2.2.3-New-BitBucketIssueFixed/conjur-credentials-plugin/target/jenkins-for-test/WEB-INF/web.xml}, encoding-filter=encoding-filter==hudson.util.CharacterEncodingFilter@78a289d3{inst=false,async=true,src=DESCRIPTOR:file:///Users/sameer.shaik/MyWorkSpace/17OctV2.2.3-New-BitBucketIssueFixed/conjur-credentials-plugin/target/jenkins-for-test/WEB-INF/web.xml}, diagnostic-name-filter=diagnostic-name-filter==org.kohsuke.stapler.DiagnosticThreadNameFilter@17a1a414{inst=false,async=true,src=DESCRIPTOR:file:///Users/sameer.shaik/MyWorkSpace/17OctV2.2.3-New-BitBucketIssueFixed/conjur-credentials-plugin/target/jenkins-for-test/WEB-INF/web.xml}, compression-filter=compression-filter==org.kohsuke.stapler.compression.CompressionFilter@698a6ff3{inst=false,async=true,src=DESCRIPTOR:file:///Users/sameer.shaik/MyWorkSpace/17OctV2.2.3-New-BitBucketIssueFixed/conjur-credentials-plugin/target/jenkins-for-test/WEB-INF/web.xml}, plugins-filter=plugins-filter==hudson.util.PluginServletFilter@32f5f8f3{inst=false,async=true,src=DESCRIPTOR:file:///Users/sameer.shaik/MyWorkSpace/17OctV2.2.3-New-BitBucketIssueFixed/conjur-credentials-plugin/target/jenkins-for-test/WEB-INF/web.xml}, authentication-filter=authentication-filter==hudson.security.HudsonFilter@446e8372{inst=false,async=true,src=DESCRIPTOR:file:///Users/sameer.shaik/MyWorkSpace/17OctV2.2.3-New-BitBucketIssueFixed/conjur-credentials-plugin/target/jenkins-for-test/WEB-INF/web.xml}, suspicious-request-filter=suspicious-request-filter==jenkins.security.SuspiciousRequestFilter@66096818{inst=false,async=true,src=DESCRIPTOR:file:///Users/sameer.shaik/MyWorkSpace/17OctV2.2.3-New-BitBucketIssueFixed/conjur-credentials-plugin/target/jenkins-for-test/WEB-INF/web.xml}}
18:14:50.118 [Executing mockUpdateCredential(org.conjur.jenkins.credentials.ConjurCredentialStoreTest)] DEBUG org.eclipse.jetty.servlet.ServletHandler -- pathFilters=[[/*]/[]/[REQUEST, ASYNC]=>plugins-filter, [/*]/[]/[REQUEST, ASYNC]=>csrf-filter, [/*]/[]/[REQUEST, ASYNC]=>authentication-filter, [/*]/[]/[REQUEST, ASYNC]=>compression-filter, [/*]/[]/[REQUEST, ASYNC]=>encoding-filter, [/*]/[]/[REQUEST, ASYNC]=>diagnostic-name-filter, [/*]/[]/[REQUEST, ASYNC]=>suspicious-request-filter]
18:14:50.118 [Executing mockUpdateCredential(org.conjur.jenkins.credentials.ConjurCredentialStoreTest)] DEBUG org.eclipse.jetty.servlet.ServletHandler -- servletFilterMap={}
18:14:50.118 [Executing mockUpdateCredential(org.conjur.jenkins.credentials.ConjurCredentialStoreTest)] DEBUG org.eclipse.jetty.servlet.ServletHandler -- servletPathMap=PathMappings[size=10]
18:14:50.118 [Executing mockUpdateCredential(org.conjur.jenkins.credentials.ConjurCredentialStoreTest)] DEBUG org.eclipse.jetty.servlet.ServletHandler -- servletNameMap={default=default==org.eclipse.jetty.servlet.DefaultServlet@5c13d641{jsp=null,order=0,inst=false,async=false,src=DESCRIPTOR:jar:file:/Users/sameer.shaik/.m2/repository/org/eclipse/jetty/jetty-webapp/9.4.48.v20220622/jetty-webapp-9.4.48.v20220622.jar!/org/eclipse/jetty/webapp/webdefault.xml,STOPPED}, jsp=jsp==org.eclipse.jetty.servlet.NoJspServlet@19c47{jsp=null,order=0,inst=false,async=false,src=DESCRIPTOR:jar:file:/Users/sameer.shaik/.m2/repository/org/eclipse/jetty/jetty-webapp/9.4.48.v20220622/jetty-webapp-9.4.48.v20220622.jar!/org/eclipse/jetty/webapp/webdefault.xml,STOPPED}, Stapler=Stapler==org.kohsuke.stapler.Stapler@f222d1a9{jsp=null,order=-1,inst=false,async=true,src=DESCRIPTOR:file:///Users/sameer.shaik/MyWorkSpace/17OctV2.2.3-New-BitBucketIssueFixed/conjur-credentials-plugin/target/jenkins-for-test/WEB-INF/web.xml,STOPPED}}
18:14:50.118 [Executing mockUpdateCredential(org.conjur.jenkins.credentials.ConjurCredentialStoreTest)] DEBUG org.eclipse.jetty.server.handler.AbstractHandler -- starting ServletHandler@3c617bbf{STARTING}
18:14:50.118 [Executing mockUpdateCredential(org.conjur.jenkins.credentials.ConjurCredentialStoreTest)] DEBUG org.eclipse.jetty.util.component.AbstractLifeCycle -- STARTED @17222ms ServletHandler@3c617bbf{STARTED}
18:14:50.118 [Executing mockUpdateCredential(org.conjur.jenkins.credentials.ConjurCredentialStoreTest)] DEBUG org.eclipse.jetty.util.component.AbstractLifeCycle -- starting HashLoginService@5f70f9c8[default]
18:14:50.118 [Executing mockUpdateCredential(org.conjur.jenkins.credentials.ConjurCredentialStoreTest)] DEBUG org.eclipse.jetty.util.component.AbstractLifeCycle -- starting UserStore@1bd5d9c0{STOPPED}
18:14:50.118 [Executing mockUpdateCredential(org.conjur.jenkins.credentials.ConjurCredentialStoreTest)] DEBUG org.eclipse.jetty.util.component.AbstractLifeCycle -- STARTED @17222ms UserStore@1bd5d9c0{STARTED}
18:14:50.118 [Executing mockUpdateCredential(org.conjur.jenkins.credentials.ConjurCredentialStoreTest)] DEBUG org.eclipse.jetty.util.component.AbstractLifeCycle -- STARTED @17222ms HashLoginService@5f70f9c8[default]
18:14:50.118 [Executing mockUpdateCredential(org.conjur.jenkins.credentials.ConjurCredentialStoreTest)] DEBUG org.eclipse.jetty.util.component.AbstractLifeCycle -- STARTED @17222ms ConstraintSecurityHandler@24c8e376{STARTED}
18:14:50.118 [Executing mockUpdateCredential(org.conjur.jenkins.credentials.ConjurCredentialStoreTest)] DEBUG org.eclipse.jetty.util.component.AbstractLifeCycle -- starting org.eclipse.jetty.server.session.DefaultSessionCache@38ff9bcf[evict=-1,removeUnloadable=false,saveOnCreate=false,saveOnInactiveEvict=false]
18:14:50.118 [Executing mockUpdateCredential(org.conjur.jenkins.credentials.ConjurCredentialStoreTest)] DEBUG org.eclipse.jetty.util.component.AbstractLifeCycle -- starting org.eclipse.jetty.server.session.NullSessionDataStore@4e8be859[passivating=false,graceSec=3600]
18:14:50.118 [Executing mockUpdateCredential(org.conjur.jenkins.credentials.ConjurCredentialStoreTest)] DEBUG org.eclipse.jetty.util.component.AbstractLifeCycle -- STARTED @17222ms org.eclipse.jetty.server.session.NullSessionDataStore@4e8be859[passivating=false,graceSec=3600]
18:14:50.118 [Executing mockUpdateCredential(org.conjur.jenkins.credentials.ConjurCredentialStoreTest)] DEBUG org.eclipse.jetty.util.component.AbstractLifeCycle -- STARTED @17222ms org.eclipse.jetty.server.session.DefaultSessionCache@38ff9bcf[evict=-1,removeUnloadable=false,saveOnCreate=false,saveOnInactiveEvict=false]
18:14:50.118 [Executing mockUpdateCredential(org.conjur.jenkins.credentials.ConjurCredentialStoreTest)] DEBUG org.eclipse.jetty.util.component.AbstractLifeCycle -- STARTED @17222ms org.eclipse.jetty.server.session.SessionHandler1031214431==dftMaxIdleSec=1800
18:14:50.118 [Executing mockUpdateCredential(org.conjur.jenkins.credentials.ConjurCredentialStoreTest)] DEBUG org.eclipse.jetty.util.component.AbstractLifeCycle -- starting ErrorPageErrorHandler@39394c81{STOPPED}
18:14:50.118 [Executing mockUpdateCredential(org.conjur.jenkins.credentials.ConjurCredentialStoreTest)] DEBUG org.eclipse.jetty.server.handler.AbstractHandler -- starting ErrorPageErrorHandler@39394c81{STARTING}
18:14:50.118 [Executing mockUpdateCredential(org.conjur.jenkins.credentials.ConjurCredentialStoreTest)] DEBUG org.eclipse.jetty.util.component.AbstractLifeCycle -- STARTED @17222ms ErrorPageErrorHandler@39394c81{STARTED}
18:14:50.118 [Executing mockUpdateCredential(org.conjur.jenkins.credentials.ConjurCredentialStoreTest)] DEBUG org.eclipse.jetty.util.component.AbstractLifeCycle -- starting NoListenerConfiguration@5a89db83{STOPPED}
18:14:50.118 [Executing mockUpdateCredential(org.conjur.jenkins.credentials.ConjurCredentialStoreTest)] DEBUG org.eclipse.jetty.util.component.AbstractLifeCycle -- STARTED @17222ms NoListenerConfiguration@5a89db83{STARTED}
18:14:50.119 [Executing mockUpdateCredential(org.conjur.jenkins.credentials.ConjurCredentialStoreTest)] DEBUG org.eclipse.jetty.server.handler.ContextHandler -- contextInitialized: javax.servlet.ServletContextEvent[source=ServletContext@o.e.j.w.WebAppContext@5f18d7d0{Jenkins v2.346.3,/jenkins,file:///Users/sameer.shaik/MyWorkSpace/17OctV2.2.3-New-BitBucketIssueFixed/conjur-credentials-plugin/target/jenkins-for-test/,STARTING}{/Users/sameer.shaik/MyWorkSpace/17OctV2.2.3-New-BitBucketIssueFixed/conjur-credentials-plugin/target/jenkins-for-test}]->org.eclipse.jetty.servlet.listener.ELContextCleaner@5343f6aa
18:14:50.119 [Executing mockUpdateCredential(org.conjur.jenkins.credentials.ConjurCredentialStoreTest)] DEBUG org.eclipse.jetty.server.handler.ContextHandler -- contextInitialized: javax.servlet.ServletContextEvent[source=ServletContext@o.e.j.w.WebAppContext@5f18d7d0{Jenkins v2.346.3,/jenkins,file:///Users/sameer.shaik/MyWorkSpace/17OctV2.2.3-New-BitBucketIssueFixed/conjur-credentials-plugin/target/jenkins-for-test/,STARTING}{/Users/sameer.shaik/MyWorkSpace/17OctV2.2.3-New-BitBucketIssueFixed/conjur-credentials-plugin/target/jenkins-for-test}]->org.eclipse.jetty.servlet.listener.IntrospectorCleaner@61cdbd57
18:14:50.119 [Executing mockUpdateCredential(org.conjur.jenkins.credentials.ConjurCredentialStoreTest)] DEBUG org.eclipse.jetty.server.handler.ContextHandler -- contextInitialized: javax.servlet.ServletContextEvent[source=ServletContext@o.e.j.w.WebAppContext@5f18d7d0{Jenkins v2.346.3,/jenkins,file:///Users/sameer.shaik/MyWorkSpace/17OctV2.2.3-New-BitBucketIssueFixed/conjur-credentials-plugin/target/jenkins-for-test/,STARTING}{/Users/sameer.shaik/MyWorkSpace/17OctV2.2.3-New-BitBucketIssueFixed/conjur-credentials-plugin/target/jenkins-for-test}]->jenkins.util.SystemProperties$Listener@16994f91
18:14:50.119 [Executing mockUpdateCredential(org.conjur.jenkins.credentials.ConjurCredentialStoreTest)] DEBUG org.eclipse.jetty.util.component.AbstractLifeCycle -- starting suspicious-request-filter==jenkins.security.SuspiciousRequestFilter@66096818{inst=false,async=true,src=DESCRIPTOR:file:///Users/sameer.shaik/MyWorkSpace/17OctV2.2.3-New-BitBucketIssueFixed/conjur-credentials-plugin/target/jenkins-for-test/WEB-INF/web.xml}
18:14:50.119 [Executing mockUpdateCredential(org.conjur.jenkins.credentials.ConjurCredentialStoreTest)] DEBUG org.eclipse.jetty.servlet.BaseHolder -- Holding class jenkins.security.SuspiciousRequestFilter from jdk.internal.loader.ClassLoaders$AppClassLoader@5ffd2b27
18:14:50.119 [Executing mockUpdateCredential(org.conjur.jenkins.credentials.ConjurCredentialStoreTest)] DEBUG org.eclipse.jetty.util.component.AbstractLifeCycle -- STARTED @17223ms suspicious-request-filter==jenkins.security.SuspiciousRequestFilter@66096818{inst=false,async=true,src=DESCRIPTOR:file:///Users/sameer.shaik/MyWorkSpace/17OctV2.2.3-New-BitBucketIssueFixed/conjur-credentials-plugin/target/jenkins-for-test/WEB-INF/web.xml}
18:14:50.119 [Executing mockUpdateCredential(org.conjur.jenkins.credentials.ConjurCredentialStoreTest)] DEBUG org.eclipse.jetty.servlet.FilterHolder -- Filter.init jenkins.security.SuspiciousRequestFilter@5d8f5381
18:14:50.119 [Executing mockUpdateCredential(org.conjur.jenkins.credentials.ConjurCredentialStoreTest)] DEBUG org.eclipse.jetty.util.component.AbstractLifeCycle -- starting diagnostic-name-filter==org.kohsuke.stapler.DiagnosticThreadNameFilter@17a1a414{inst=false,async=true,src=DESCRIPTOR:file:///Users/sameer.shaik/MyWorkSpace/17OctV2.2.3-New-BitBucketIssueFixed/conjur-credentials-plugin/target/jenkins-for-test/WEB-INF/web.xml}
18:14:50.119 [Executing mockUpdateCredential(org.conjur.jenkins.credentials.ConjurCredentialStoreTest)] DEBUG org.eclipse.jetty.servlet.BaseHolder -- Holding class org.kohsuke.stapler.DiagnosticThreadNameFilter from jdk.internal.loader.ClassLoaders$AppClassLoader@5ffd2b27
18:14:50.119 [Executing mockUpdateCredential(org.conjur.jenkins.credentials.ConjurCredentialStoreTest)] DEBUG org.eclipse.jetty.util.component.AbstractLifeCycle -- STARTED @17223ms diagnostic-name-filter==org.kohsuke.stapler.DiagnosticThreadNameFilter@17a1a414{inst=false,async=true,src=DESCRIPTOR:file:///Users/sameer.shaik/MyWorkSpace/17OctV2.2.3-New-BitBucketIssueFixed/conjur-credentials-plugin/target/jenkins-for-test/WEB-INF/web.xml}
18:14:50.120 [Executing mockUpdateCredential(org.conjur.jenkins.credentials.ConjurCredentialStoreTest)] DEBUG org.eclipse.jetty.servlet.FilterHolder -- Filter.init org.kohsuke.stapler.DiagnosticThreadNameFilter@11b5183c
18:14:50.120 [Executing mockUpdateCredential(org.conjur.jenkins.credentials.ConjurCredentialStoreTest)] DEBUG org.eclipse.jetty.util.component.AbstractLifeCycle -- starting encoding-filter==hudson.util.CharacterEncodingFilter@78a289d3{inst=false,async=true,src=DESCRIPTOR:file:///Users/sameer.shaik/MyWorkSpace/17OctV2.2.3-New-BitBucketIssueFixed/conjur-credentials-plugin/target/jenkins-for-test/WEB-INF/web.xml}
18:14:50.120 [Executing mockUpdateCredential(org.conjur.jenkins.credentials.ConjurCredentialStoreTest)] DEBUG org.eclipse.jetty.servlet.BaseHolder -- Holding class hudson.util.CharacterEncodingFilter from jdk.internal.loader.ClassLoaders$AppClassLoader@5ffd2b27
18:14:50.120 [Executing mockUpdateCredential(org.conjur.jenkins.credentials.ConjurCredentialStoreTest)] DEBUG org.eclipse.jetty.util.component.AbstractLifeCycle -- STARTED @17223ms encoding-filter==hudson.util.CharacterEncodingFilter@78a289d3{inst=false,async=true,src=DESCRIPTOR:file:///Users/sameer.shaik/MyWorkSpace/17OctV2.2.3-New-BitBucketIssueFixed/conjur-credentials-plugin/target/jenkins-for-test/WEB-INF/web.xml}
18:14:50.120 [Executing mockUpdateCredential(org.conjur.jenkins.credentials.ConjurCredentialStoreTest)] DEBUG org.eclipse.jetty.servlet.FilterHolder -- Filter.init hudson.util.CharacterEncodingFilter@1d9e3858
18:14:50.120 [Executing mockUpdateCredential(org.conjur.jenkins.credentials.ConjurCredentialStoreTest)] DEBUG org.eclipse.jetty.util.component.AbstractLifeCycle -- starting compression-filter==org.kohsuke.stapler.compression.CompressionFilter@698a6ff3{inst=false,async=true,src=DESCRIPTOR:file:///Users/sameer.shaik/MyWorkSpace/17OctV2.2.3-New-BitBucketIssueFixed/conjur-credentials-plugin/target/jenkins-for-test/WEB-INF/web.xml}
18:14:50.120 [Executing mockUpdateCredential(org.conjur.jenkins.credentials.ConjurCredentialStoreTest)] DEBUG org.eclipse.jetty.servlet.BaseHolder -- Holding class org.kohsuke.stapler.compression.CompressionFilter from jdk.internal.loader.ClassLoaders$AppClassLoader@5ffd2b27
18:14:50.120 [Executing mockUpdateCredential(org.conjur.jenkins.credentials.ConjurCredentialStoreTest)] DEBUG org.eclipse.jetty.util.component.AbstractLifeCycle -- STARTED @17224ms compression-filter==org.kohsuke.stapler.compression.CompressionFilter@698a6ff3{inst=false,async=true,src=DESCRIPTOR:file:///Users/sameer.shaik/MyWorkSpace/17OctV2.2.3-New-BitBucketIssueFixed/conjur-credentials-plugin/target/jenkins-for-test/WEB-INF/web.xml}
18:14:50.120 [Executing mockUpdateCredential(org.conjur.jenkins.credentials.ConjurCredentialStoreTest)] DEBUG org.eclipse.jetty.servlet.FilterHolder -- Filter.init org.kohsuke.stapler.compression.CompressionFilter@412719bd
18:14:50.120 [Executing mockUpdateCredential(org.conjur.jenkins.credentials.ConjurCredentialStoreTest)] DEBUG org.eclipse.jetty.util.component.AbstractLifeCycle -- starting authentication-filter==hudson.security.HudsonFilter@446e8372{inst=false,async=true,src=DESCRIPTOR:file:///Users/sameer.shaik/MyWorkSpace/17OctV2.2.3-New-BitBucketIssueFixed/conjur-credentials-plugin/target/jenkins-for-test/WEB-INF/web.xml}
18:14:50.120 [Executing mockUpdateCredential(org.conjur.jenkins.credentials.ConjurCredentialStoreTest)] DEBUG org.eclipse.jetty.servlet.BaseHolder -- Holding class hudson.security.HudsonFilter from jdk.internal.loader.ClassLoaders$AppClassLoader@5ffd2b27
18:14:50.120 [Executing mockUpdateCredential(org.conjur.jenkins.credentials.ConjurCredentialStoreTest)] DEBUG org.eclipse.jetty.util.component.AbstractLifeCycle -- STARTED @17224ms authentication-filter==hudson.security.HudsonFilter@446e8372{inst=false,async=true,src=DESCRIPTOR:file:///Users/sameer.shaik/MyWorkSpace/17OctV2.2.3-New-BitBucketIssueFixed/conjur-credentials-plugin/target/jenkins-for-test/WEB-INF/web.xml}
18:14:50.120 [Executing mockUpdateCredential(org.conjur.jenkins.credentials.ConjurCredentialStoreTest)] DEBUG org.eclipse.jetty.servlet.FilterHolder -- Filter.init hudson.security.HudsonFilter@66935943
18:14:50.120 [Executing mockUpdateCredential(org.conjur.jenkins.credentials.ConjurCredentialStoreTest)] DEBUG org.eclipse.jetty.util.component.AbstractLifeCycle -- starting csrf-filter==hudson.security.csrf.CrumbFilter@5ef51eef{inst=false,async=true,src=DESCRIPTOR:file:///Users/sameer.shaik/MyWorkSpace/17OctV2.2.3-New-BitBucketIssueFixed/conjur-credentials-plugin/target/jenkins-for-test/WEB-INF/web.xml}
18:14:50.120 [Executing mockUpdateCredential(org.conjur.jenkins.credentials.ConjurCredentialStoreTest)] DEBUG org.eclipse.jetty.servlet.BaseHolder -- Holding class hudson.security.csrf.CrumbFilter from jdk.internal.loader.ClassLoaders$AppClassLoader@5ffd2b27
18:14:50.120 [Executing mockUpdateCredential(org.conjur.jenkins.credentials.ConjurCredentialStoreTest)] DEBUG org.eclipse.jetty.util.component.AbstractLifeCycle -- STARTED @17224ms csrf-filter==hudson.security.csrf.CrumbFilter@5ef51eef{inst=false,async=true,src=DESCRIPTOR:file:///Users/sameer.shaik/MyWorkSpace/17OctV2.2.3-New-BitBucketIssueFixed/conjur-credentials-plugin/target/jenkins-for-test/WEB-INF/web.xml}
18:14:50.120 [Executing mockUpdateCredential(org.conjur.jenkins.credentials.ConjurCredentialStoreTest)] DEBUG org.eclipse.jetty.servlet.FilterHolder -- Filter.init hudson.security.csrf.CrumbFilter@5f5ec955
18:14:50.120 [Executing mockUpdateCredential(org.conjur.jenkins.credentials.ConjurCredentialStoreTest)] DEBUG org.eclipse.jetty.util.component.AbstractLifeCycle -- starting plugins-filter==hudson.util.PluginServletFilter@32f5f8f3{inst=false,async=true,src=DESCRIPTOR:file:///Users/sameer.shaik/MyWorkSpace/17OctV2.2.3-New-BitBucketIssueFixed/conjur-credentials-plugin/target/jenkins-for-test/WEB-INF/web.xml}
18:14:50.120 [Executing mockUpdateCredential(org.conjur.jenkins.credentials.ConjurCredentialStoreTest)] DEBUG org.eclipse.jetty.servlet.BaseHolder -- Holding class hudson.util.PluginServletFilter from jdk.internal.loader.ClassLoaders$AppClassLoader@5ffd2b27
18:14:50.120 [Executing mockUpdateCredential(org.conjur.jenkins.credentials.ConjurCredentialStoreTest)] DEBUG org.eclipse.jetty.util.component.AbstractLifeCycle -- STARTED @17224ms plugins-filter==hudson.util.PluginServletFilter@32f5f8f3{inst=false,async=true,src=DESCRIPTOR:file:///Users/sameer.shaik/MyWorkSpace/17OctV2.2.3-New-BitBucketIssueFixed/conjur-credentials-plugin/target/jenkins-for-test/WEB-INF/web.xml}
18:14:50.120 [Executing mockUpdateCredential(org.conjur.jenkins.credentials.ConjurCredentialStoreTest)] DEBUG org.eclipse.jetty.servlet.FilterHolder -- Filter.init hudson.util.PluginServletFilter@33ee661e
18:14:50.120 [Executing mockUpdateCredential(org.conjur.jenkins.credentials.ConjurCredentialStoreTest)] DEBUG org.eclipse.jetty.util.component.AbstractLifeCycle -- starting Stapler==org.kohsuke.stapler.Stapler@f222d1a9{jsp=null,order=-1,inst=false,async=true,src=DESCRIPTOR:file:///Users/sameer.shaik/MyWorkSpace/17OctV2.2.3-New-BitBucketIssueFixed/conjur-credentials-plugin/target/jenkins-for-test/WEB-INF/web.xml,STOPPED}
18:14:50.120 [Executing mockUpdateCredential(org.conjur.jenkins.credentials.ConjurCredentialStoreTest)] DEBUG org.eclipse.jetty.servlet.BaseHolder -- Holding class org.kohsuke.stapler.Stapler from jdk.internal.loader.ClassLoaders$AppClassLoader@5ffd2b27
18:14:50.120 [Executing mockUpdateCredential(org.conjur.jenkins.credentials.ConjurCredentialStoreTest)] DEBUG org.eclipse.jetty.util.component.AbstractLifeCycle -- STARTED @17224ms Stapler==org.kohsuke.stapler.Stapler@f222d1a9{jsp=null,order=-1,inst=false,async=true,src=DESCRIPTOR:file:///Users/sameer.shaik/MyWorkSpace/17OctV2.2.3-New-BitBucketIssueFixed/conjur-credentials-plugin/target/jenkins-for-test/WEB-INF/web.xml,STARTED}
18:14:50.120 [Executing mockUpdateCredential(org.conjur.jenkins.credentials.ConjurCredentialStoreTest)] DEBUG org.eclipse.jetty.util.component.AbstractLifeCycle -- starting default==org.eclipse.jetty.servlet.DefaultServlet@5c13d641{jsp=null,order=0,inst=false,async=false,src=DESCRIPTOR:jar:file:/Users/sameer.shaik/.m2/repository/org/eclipse/jetty/jetty-webapp/9.4.48.v20220622/jetty-webapp-9.4.48.v20220622.jar!/org/eclipse/jetty/webapp/webdefault.xml,STOPPED}
18:14:50.120 [Executing mockUpdateCredential(org.conjur.jenkins.credentials.ConjurCredentialStoreTest)] DEBUG org.eclipse.jetty.servlet.BaseHolder -- Holding class org.eclipse.jetty.servlet.DefaultServlet from jdk.internal.loader.ClassLoaders$AppClassLoader@5ffd2b27
18:14:50.120 [Executing mockUpdateCredential(org.conjur.jenkins.credentials.ConjurCredentialStoreTest)] DEBUG org.eclipse.jetty.util.component.AbstractLifeCycle -- STARTED @17224ms default==org.eclipse.jetty.servlet.DefaultServlet@5c13d641{jsp=null,order=0,inst=false,async=false,src=DESCRIPTOR:jar:file:/Users/sameer.shaik/.m2/repository/org/eclipse/jetty/jetty-webapp/9.4.48.v20220622/jetty-webapp-9.4.48.v20220622.jar!/org/eclipse/jetty/webapp/webdefault.xml,STARTED}
18:14:50.120 [Executing mockUpdateCredential(org.conjur.jenkins.credentials.ConjurCredentialStoreTest)] DEBUG org.eclipse.jetty.servlet.ServletHolder -- Servlet.init null for default
18:14:50.121 [Executing mockUpdateCredential(org.conjur.jenkins.credentials.ConjurCredentialStoreTest)] DEBUG org.eclipse.jetty.servlet.DefaultServlet -- resource base = null
18:14:50.121 [Executing mockUpdateCredential(org.conjur.jenkins.credentials.ConjurCredentialStoreTest)] DEBUG org.eclipse.jetty.util.component.AbstractLifeCycle -- starting jsp==org.eclipse.jetty.servlet.NoJspServlet@19c47{jsp=null,order=0,inst=false,async=false,src=DESCRIPTOR:jar:file:/Users/sameer.shaik/.m2/repository/org/eclipse/jetty/jetty-webapp/9.4.48.v20220622/jetty-webapp-9.4.48.v20220622.jar!/org/eclipse/jetty/webapp/webdefault.xml,STOPPED}
18:14:50.121 [Executing mockUpdateCredential(org.conjur.jenkins.credentials.ConjurCredentialStoreTest)] DEBUG org.eclipse.jetty.servlet.BaseHolder -- Holding class org.eclipse.jetty.servlet.NoJspServlet from jdk.internal.loader.ClassLoaders$AppClassLoader@5ffd2b27
18:14:50.121 [Executing mockUpdateCredential(org.conjur.jenkins.credentials.ConjurCredentialStoreTest)] DEBUG org.eclipse.jetty.util.component.AbstractLifeCycle -- STARTED @17225ms jsp==org.eclipse.jetty.servlet.NoJspServlet@19c47{jsp=null,order=0,inst=false,async=false,src=DESCRIPTOR:jar:file:/Users/sameer.shaik/.m2/repository/org/eclipse/jetty/jetty-webapp/9.4.48.v20220622/jetty-webapp-9.4.48.v20220622.jar!/org/eclipse/jetty/webapp/webdefault.xml,STARTED}
18:14:50.121 [Executing mockUpdateCredential(org.conjur.jenkins.credentials.ConjurCredentialStoreTest)] DEBUG org.eclipse.jetty.servlet.ServletHolder -- Servlet.init null for jsp
18:14:50.121 [Executing mockUpdateCredential(org.conjur.jenkins.credentials.ConjurCredentialStoreTest)] INFO org.eclipse.jetty.server.handler.ContextHandler -- Started o.e.j.w.WebAppContext@5f18d7d0{Jenkins v2.346.3,/jenkins,file:///Users/sameer.shaik/MyWorkSpace/17OctV2.2.3-New-BitBucketIssueFixed/conjur-credentials-plugin/target/jenkins-for-test/,AVAILABLE}{/Users/sameer.shaik/MyWorkSpace/17OctV2.2.3-New-BitBucketIssueFixed/conjur-credentials-plugin/target/jenkins-for-test}
18:14:50.121 [Executing mockUpdateCredential(org.conjur.jenkins.credentials.ConjurCredentialStoreTest)] DEBUG org.eclipse.jetty.webapp.WebAppContext -- postConfigure o.e.j.w.WebAppContext@5f18d7d0{Jenkins v2.346.3,/jenkins,file:///Users/sameer.shaik/MyWorkSpace/17OctV2.2.3-New-BitBucketIssueFixed/conjur-credentials-plugin/target/jenkins-for-test/,AVAILABLE}{/Users/sameer.shaik/MyWorkSpace/17OctV2.2.3-New-BitBucketIssueFixed/conjur-credentials-plugin/target/jenkins-for-test} with org.eclipse.jetty.webapp.WebXmlConfiguration@5550773f
18:14:50.121 [Executing mockUpdateCredential(org.conjur.jenkins.credentials.ConjurCredentialStoreTest)] DEBUG org.eclipse.jetty.util.component.AbstractLifeCycle -- STARTED @17225ms o.e.j.w.WebAppContext@5f18d7d0{Jenkins v2.346.3,/jenkins,file:///Users/sameer.shaik/MyWorkSpace/17OctV2.2.3-New-BitBucketIssueFixed/conjur-credentials-plugin/target/jenkins-for-test/,AVAILABLE}{/Users/sameer.shaik/MyWorkSpace/17OctV2.2.3-New-BitBucketIssueFixed/conjur-credentials-plugin/target/jenkins-for-test}
18:14:50.121 [Executing mockUpdateCredential(org.conjur.jenkins.credentials.ConjurCredentialStoreTest)] DEBUG org.eclipse.jetty.util.component.AbstractLifeCycle -- starting ErrorHandler@4b8de{STOPPED}
18:14:50.121 [Executing mockUpdateCredential(org.conjur.jenkins.credentials.ConjurCredentialStoreTest)] DEBUG org.eclipse.jetty.server.handler.AbstractHandler -- starting ErrorHandler@4b8de{STARTING}
18:14:50.121 [Executing mockUpdateCredential(org.conjur.jenkins.credentials.ConjurCredentialStoreTest)] DEBUG org.eclipse.jetty.util.component.AbstractLifeCycle -- STARTED @17225ms ErrorHandler@4b8de{STARTED}
18:14:50.121 [Executing mockUpdateCredential(org.conjur.jenkins.credentials.ConjurCredentialStoreTest)] DEBUG org.eclipse.jetty.util.component.AbstractLifeCycle -- starting ServerConnector@39947c9b{HTTP/1.1, (http/1.1)}{localhost:0}
18:14:50.122 [Executing mockUpdateCredential(org.conjur.jenkins.credentials.ConjurCredentialStoreTest)] DEBUG org.eclipse.jetty.util.component.ContainerLifeCycle -- ServerConnector@39947c9b{HTTP/1.1, (http/1.1)}{localhost:51460} added {sun.nio.ch.ServerSocketChannelImpl[/127.0.0.1:51460],POJO}
18:14:50.122 [Executing mockUpdateCredential(org.conjur.jenkins.credentials.ConjurCredentialStoreTest)] DEBUG org.eclipse.jetty.util.component.AbstractLifeCycle -- starting ScheduledExecutorScheduler@1f3901dd{STOPPED}
18:14:50.122 [Executing mockUpdateCredential(org.conjur.jenkins.credentials.ConjurCredentialStoreTest)] DEBUG org.eclipse.jetty.util.component.AbstractLifeCycle -- STARTED @17226ms ScheduledExecutorScheduler@1f3901dd{STARTED}
18:14:50.122 [Executing mockUpdateCredential(org.conjur.jenkins.credentials.ConjurCredentialStoreTest)] DEBUG org.eclipse.jetty.util.component.AbstractLifeCycle -- starting HttpConnectionFactory@633f33c3[HTTP/1.1]
18:14:50.122 [Executing mockUpdateCredential(org.conjur.jenkins.credentials.ConjurCredentialStoreTest)] DEBUG org.eclipse.jetty.util.component.AbstractLifeCycle -- STARTED @17226ms HttpConnectionFactory@633f33c3[HTTP/1.1]
18:14:50.122 [Executing mockUpdateCredential(org.conjur.jenkins.credentials.ConjurCredentialStoreTest)] DEBUG org.eclipse.jetty.util.component.AbstractLifeCycle -- starting SelectorManager@ServerConnector@39947c9b{HTTP/1.1, (http/1.1)}{localhost:51460}
18:14:50.122 [Executing mockUpdateCredential(org.conjur.jenkins.credentials.ConjurCredentialStoreTest)] DEBUG org.eclipse.jetty.util.component.ContainerLifeCycle -- EatWhatYouKill@1fe5099d/SelectorProducer@5ffb42e9/IDLE/p=false/QueuedThreadPool[Jetty (JenkinsRule)]@1c65e02b{STARTED,8<=8<=200,i=8,r=-1,q=0}[ReservedThreadExecutor@1aee6ce1{reserved=0/16,pending=0}][pc=0,pic=0,pec=0,epc=0]@2024-10-22T18:14:50.122386+05:30 added {SelectorProducer@5ffb42e9,POJO}
18:14:50.122 [Executing mockUpdateCredential(org.conjur.jenkins.credentials.ConjurCredentialStoreTest)] DEBUG org.eclipse.jetty.util.component.ContainerLifeCycle -- EatWhatYouKill@1fe5099d/SelectorProducer@5ffb42e9/IDLE/p=false/QueuedThreadPool[Jetty (JenkinsRule)]@1c65e02b{STARTED,8<=8<=200,i=8,r=-1,q=0}[ReservedThreadExecutor@1aee6ce1{reserved=0/16,pending=0}][pc=0,pic=0,pec=0,epc=0]@2024-10-22T18:14:50.122483+05:30 added {QueuedThreadPool[Jetty (JenkinsRule)]@1c65e02b{STARTED,8<=8<=200,i=8,r=-1,q=0}[ReservedThreadExecutor@1aee6ce1{reserved=0/16,pending=0}],UNMANAGED}
18:14:50.122 [Executing mockUpdateCredential(org.conjur.jenkins.credentials.ConjurCredentialStoreTest)] DEBUG org.eclipse.jetty.util.thread.strategy.EatWhatYouKill -- EatWhatYouKill@1fe5099d/SelectorProducer@5ffb42e9/IDLE/p=false/QueuedThreadPool[Jetty (JenkinsRule)]@1c65e02b{STARTED,8<=8<=200,i=8,r=-1,q=0}[ReservedThreadExecutor@1aee6ce1{reserved=0/16,pending=0}][pc=0,pic=0,pec=0,epc=0]@2024-10-22T18:14:50.122581+05:30 created
18:14:50.122 [Executing mockUpdateCredential(org.conjur.jenkins.credentials.ConjurCredentialStoreTest)] DEBUG org.eclipse.jetty.util.component.ContainerLifeCycle -- ManagedSelector@7efe6e2a{STOPPED} id=0 keys=-1 selected=-1 updates=0 added {EatWhatYouKill@1fe5099d/SelectorProducer@5ffb42e9/IDLE/p=false/QueuedThreadPool[Jetty (JenkinsRule)]@1c65e02b{STARTED,8<=8<=200,i=8,r=-1,q=0}[ReservedThreadExecutor@1aee6ce1{reserved=0/16,pending=0}][pc=0,pic=0,pec=0,epc=0]@2024-10-22T18:14:50.122666+05:30,MANAGED}
18:14:50.122 [Executing mockUpdateCredential(org.conjur.jenkins.credentials.ConjurCredentialStoreTest)] DEBUG org.eclipse.jetty.util.component.ContainerLifeCycle -- SelectorManager@ServerConnector@39947c9b{HTTP/1.1, (http/1.1)}{localhost:51460} added {ManagedSelector@7efe6e2a{STOPPED} id=0 keys=-1 selected=-1 updates=0,AUTO}
18:14:50.122 [Executing mockUpdateCredential(org.conjur.jenkins.credentials.ConjurCredentialStoreTest)] DEBUG org.eclipse.jetty.util.component.ContainerLifeCycle -- EatWhatYouKill@b8000ed/SelectorProducer@3c1e59e1/IDLE/p=false/QueuedThreadPool[Jetty (JenkinsRule)]@1c65e02b{STARTED,8<=8<=200,i=8,r=-1,q=0}[ReservedThreadExecutor@1aee6ce1{reserved=0/16,pending=0}][pc=0,pic=0,pec=0,epc=0]@2024-10-22T18:14:50.122804+05:30 added {SelectorProducer@3c1e59e1,POJO}
18:14:50.122 [Executing mockUpdateCredential(org.conjur.jenkins.credentials.ConjurCredentialStoreTest)] DEBUG org.eclipse.jetty.util.component.ContainerLifeCycle -- EatWhatYouKill@b8000ed/SelectorProducer@3c1e59e1/IDLE/p=false/QueuedThreadPool[Jetty (JenkinsRule)]@1c65e02b{STARTED,8<=8<=200,i=8,r=-1,q=0}[ReservedThreadExecutor@1aee6ce1{reserved=0/16,pending=0}][pc=0,pic=0,pec=0,epc=0]@2024-10-22T18:14:50.122869+05:30 added {QueuedThreadPool[Jetty (JenkinsRule)]@1c65e02b{STARTED,8<=8<=200,i=8,r=-1,q=0}[ReservedThreadExecutor@1aee6ce1{reserved=0/16,pending=0}],UNMANAGED}
18:14:50.122 [Executing mockUpdateCredential(org.conjur.jenkins.credentials.ConjurCredentialStoreTest)] DEBUG org.eclipse.jetty.util.thread.strategy.EatWhatYouKill -- EatWhatYouKill@b8000ed/SelectorProducer@3c1e59e1/IDLE/p=false/QueuedThreadPool[Jetty (JenkinsRule)]@1c65e02b{STARTED,8<=8<=200,i=8,r=-1,q=0}[ReservedThreadExecutor@1aee6ce1{reserved=0/16,pending=0}][pc=0,pic=0,pec=0,epc=0]@2024-10-22T18:14:50.122953+05:30 created
18:14:50.123 [Executing mockUpdateCredential(org.conjur.jenkins.credentials.ConjurCredentialStoreTest)] DEBUG org.eclipse.jetty.util.component.ContainerLifeCycle -- ManagedSelector@39f7a881{STOPPED} id=1 keys=-1 selected=-1 updates=0 added {EatWhatYouKill@b8000ed/SelectorProducer@3c1e59e1/IDLE/p=false/QueuedThreadPool[Jetty (JenkinsRule)]@1c65e02b{STARTED,8<=8<=200,i=8,r=-1,q=0}[ReservedThreadExecutor@1aee6ce1{reserved=0/16,pending=0}][pc=0,pic=0,pec=0,epc=0]@2024-10-22T18:14:50.123031+05:30,MANAGED}
18:14:50.123 [Executing mockUpdateCredential(org.conjur.jenkins.credentials.ConjurCredentialStoreTest)] DEBUG org.eclipse.jetty.util.component.ContainerLifeCycle -- SelectorManager@ServerConnector@39947c9b{HTTP/1.1, (http/1.1)}{localhost:51460} added {ManagedSelector@39f7a881{STOPPED} id=1 keys=-1 selected=-1 updates=0,AUTO}
18:14:50.123 [Executing mockUpdateCredential(org.conjur.jenkins.credentials.ConjurCredentialStoreTest)] DEBUG org.eclipse.jetty.util.component.ContainerLifeCycle -- EatWhatYouKill@34750eab/SelectorProducer@3f79f7a0/IDLE/p=false/QueuedThreadPool[Jetty (JenkinsRule)]@1c65e02b{STARTED,8<=8<=200,i=8,r=-1,q=0}[ReservedThreadExecutor@1aee6ce1{reserved=0/16,pending=0}][pc=0,pic=0,pec=0,epc=0]@2024-10-22T18:14:50.12328+05:30 added {SelectorProducer@3f79f7a0,POJO}
18:14:50.123 [Executing mockUpdateCredential(org.conjur.jenkins.credentials.ConjurCredentialStoreTest)] DEBUG org.eclipse.jetty.util.component.ContainerLifeCycle -- EatWhatYouKill@34750eab/SelectorProducer@3f79f7a0/IDLE/p=false/QueuedThreadPool[Jetty (JenkinsRule)]@1c65e02b{STARTED,8<=8<=200,i=8,r=-1,q=0}[ReservedThreadExecutor@1aee6ce1{reserved=0/16,pending=0}][pc=0,pic=0,pec=0,epc=0]@2024-10-22T18:14:50.123355+05:30 added {QueuedThreadPool[Jetty (JenkinsRule)]@1c65e02b{STARTED,8<=8<=200,i=8,r=-1,q=0}[ReservedThreadExecutor@1aee6ce1{reserved=0/16,pending=0}],UNMANAGED}
18:14:50.123 [Executing mockUpdateCredential(org.conjur.jenkins.credentials.ConjurCredentialStoreTest)] DEBUG org.eclipse.jetty.util.thread.strategy.EatWhatYouKill -- EatWhatYouKill@34750eab/SelectorProducer@3f79f7a0/IDLE/p=false/QueuedThreadPool[Jetty (JenkinsRule)]@1c65e02b{STARTED,8<=8<=200,i=8,r=-1,q=0}[ReservedThreadExecutor@1aee6ce1{reserved=0/16,pending=0}][pc=0,pic=0,pec=0,epc=0]@2024-10-22T18:14:50.123451+05:30 created
18:14:50.123 [Executing mockUpdateCredential(org.conjur.jenkins.credentials.ConjurCredentialStoreTest)] DEBUG org.eclipse.jetty.util.component.ContainerLifeCycle -- ManagedSelector@71e670ff{STOPPED} id=2 keys=-1 selected=-1 updates=0 added {EatWhatYouKill@34750eab/SelectorProducer@3f79f7a0/IDLE/p=false/QueuedThreadPool[Jetty (JenkinsRule)]@1c65e02b{STARTED,8<=8<=200,i=8,r=-1,q=0}[ReservedThreadExecutor@1aee6ce1{reserved=0/16,pending=0}][pc=0,pic=0,pec=0,epc=0]@2024-10-22T18:14:50.123527+05:30,MANAGED}
18:14:50.123 [Executing mockUpdateCredential(org.conjur.jenkins.credentials.ConjurCredentialStoreTest)] DEBUG org.eclipse.jetty.util.component.ContainerLifeCycle -- SelectorManager@ServerConnector@39947c9b{HTTP/1.1, (http/1.1)}{localhost:51460} added {ManagedSelector@71e670ff{STOPPED} id=2 keys=-1 selected=-1 updates=0,AUTO}
18:14:50.123 [Executing mockUpdateCredential(org.conjur.jenkins.credentials.ConjurCredentialStoreTest)] DEBUG org.eclipse.jetty.util.component.ContainerLifeCycle -- EatWhatYouKill@75516de2/SelectorProducer@694d35b5/IDLE/p=false/QueuedThreadPool[Jetty (JenkinsRule)]@1c65e02b{STARTED,8<=8<=200,i=8,r=-1,q=0}[ReservedThreadExecutor@1aee6ce1{reserved=0/16,pending=0}][pc=0,pic=0,pec=0,epc=0]@2024-10-22T18:14:50.123664+05:30 added {SelectorProducer@694d35b5,POJO}
18:14:50.123 [Executing mockUpdateCredential(org.conjur.jenkins.credentials.ConjurCredentialStoreTest)] DEBUG org.eclipse.jetty.util.component.ContainerLifeCycle -- EatWhatYouKill@75516de2/SelectorProducer@694d35b5/IDLE/p=false/QueuedThreadPool[Jetty (JenkinsRule)]@1c65e02b{STARTED,8<=8<=200,i=8,r=-1,q=0}[ReservedThreadExecutor@1aee6ce1{reserved=0/16,pending=0}][pc=0,pic=0,pec=0,epc=0]@2024-10-22T18:14:50.123729+05:30 added {QueuedThreadPool[Jetty (JenkinsRule)]@1c65e02b{STARTED,8<=8<=200,i=8,r=-1,q=0}[ReservedThreadExecutor@1aee6ce1{reserved=0/16,pending=0}],UNMANAGED}
18:14:50.123 [Executing mockUpdateCredential(org.conjur.jenkins.credentials.ConjurCredentialStoreTest)] DEBUG org.eclipse.jetty.util.thread.strategy.EatWhatYouKill -- EatWhatYouKill@75516de2/SelectorProducer@694d35b5/IDLE/p=false/QueuedThreadPool[Jetty (JenkinsRule)]@1c65e02b{STARTED,8<=8<=200,i=8,r=-1,q=0}[ReservedThreadExecutor@1aee6ce1{reserved=0/16,pending=0}][pc=0,pic=0,pec=0,epc=0]@2024-10-22T18:14:50.123817+05:30 created
18:14:50.123 [Executing mockUpdateCredential(org.conjur.jenkins.credentials.ConjurCredentialStoreTest)] DEBUG org.eclipse.jetty.util.component.ContainerLifeCycle -- ManagedSelector@19790bcb{STOPPED} id=3 keys=-1 selected=-1 updates=0 added {EatWhatYouKill@75516de2/SelectorProducer@694d35b5/IDLE/p=false/QueuedThreadPool[Jetty (JenkinsRule)]@1c65e02b{STARTED,8<=8<=200,i=8,r=-1,q=0}[ReservedThreadExecutor@1aee6ce1{reserved=0/16,pending=0}][pc=0,pic=0,pec=0,epc=0]@2024-10-22T18:14:50.123892+05:30,MANAGED}
18:14:50.123 [Executing mockUpdateCredential(org.conjur.jenkins.credentials.ConjurCredentialStoreTest)] DEBUG org.eclipse.jetty.util.component.ContainerLifeCycle -- SelectorManager@ServerConnector@39947c9b{HTTP/1.1, (http/1.1)}{localhost:51460} added {ManagedSelector@19790bcb{STOPPED} id=3 keys=-1 selected=-1 updates=0,AUTO}
18:14:50.124 [Executing mockUpdateCredential(org.conjur.jenkins.credentials.ConjurCredentialStoreTest)] DEBUG org.eclipse.jetty.util.component.ContainerLifeCycle -- EatWhatYouKill@5b5af193/SelectorProducer@259aa967/IDLE/p=false/QueuedThreadPool[Jetty (JenkinsRule)]@1c65e02b{STARTED,8<=8<=200,i=8,r=-1,q=0}[ReservedThreadExecutor@1aee6ce1{reserved=0/16,pending=0}][pc=0,pic=0,pec=0,epc=0]@2024-10-22T18:14:50.124041+05:30 added {SelectorProducer@259aa967,POJO}
18:14:50.124 [Executing mockUpdateCredential(org.conjur.jenkins.credentials.ConjurCredentialStoreTest)] DEBUG org.eclipse.jetty.util.component.ContainerLifeCycle -- EatWhatYouKill@5b5af193/SelectorProducer@259aa967/IDLE/p=false/QueuedThreadPool[Jetty (JenkinsRule)]@1c65e02b{STARTED,8<=8<=200,i=8,r=-1,q=0}[ReservedThreadExecutor@1aee6ce1{reserved=0/16,pending=0}][pc=0,pic=0,pec=0,epc=0]@2024-10-22T18:14:50.12412+05:30 added {QueuedThreadPool[Jetty (JenkinsRule)]@1c65e02b{STARTED,8<=8<=200,i=8,r=-1,q=0}[ReservedThreadExecutor@1aee6ce1{reserved=0/16,pending=0}],UNMANAGED}
18:14:50.124 [Executing mockUpdateCredential(org.conjur.jenkins.credentials.ConjurCredentialStoreTest)] DEBUG org.eclipse.jetty.util.thread.strategy.EatWhatYouKill -- EatWhatYouKill@5b5af193/SelectorProducer@259aa967/IDLE/p=false/QueuedThreadPool[Jetty (JenkinsRule)]@1c65e02b{STARTED,8<=8<=200,i=8,r=-1,q=0}[ReservedThreadExecutor@1aee6ce1{reserved=0/16,pending=0}][pc=0,pic=0,pec=0,epc=0]@2024-10-22T18:14:50.124209+05:30 created
18:14:50.124 [Executing mockUpdateCredential(org.conjur.jenkins.credentials.ConjurCredentialStoreTest)] DEBUG org.eclipse.jetty.util.component.ContainerLifeCycle -- ManagedSelector@257ad0fc{STOPPED} id=4 keys=-1 selected=-1 updates=0 added {EatWhatYouKill@5b5af193/SelectorProducer@259aa967/IDLE/p=false/QueuedThreadPool[Jetty (JenkinsRule)]@1c65e02b{STARTED,8<=8<=200,i=8,r=-1,q=0}[ReservedThreadExecutor@1aee6ce1{reserved=0/16,pending=0}][pc=0,pic=0,pec=0,epc=0]@2024-10-22T18:14:50.124284+05:30,MANAGED}
18:14:50.124 [Executing mockUpdateCredential(org.conjur.jenkins.credentials.ConjurCredentialStoreTest)] DEBUG org.eclipse.jetty.util.component.ContainerLifeCycle -- SelectorManager@ServerConnector@39947c9b{HTTP/1.1, (http/1.1)}{localhost:51460} added {ManagedSelector@257ad0fc{STOPPED} id=4 keys=-1 selected=-1 updates=0,AUTO}
18:14:50.124 [Executing mockUpdateCredential(org.conjur.jenkins.credentials.ConjurCredentialStoreTest)] DEBUG org.eclipse.jetty.util.component.ContainerLifeCycle -- EatWhatYouKill@740ca0cb/SelectorProducer@78d611b0/IDLE/p=false/QueuedThreadPool[Jetty (JenkinsRule)]@1c65e02b{STARTED,8<=8<=200,i=8,r=-1,q=0}[ReservedThreadExecutor@1aee6ce1{reserved=0/16,pending=0}][pc=0,pic=0,pec=0,epc=0]@2024-10-22T18:14:50.124434+05:30 added {SelectorProducer@78d611b0,POJO}
18:14:50.124 [Executing mockUpdateCredential(org.conjur.jenkins.credentials.ConjurCredentialStoreTest)] DEBUG org.eclipse.jetty.util.component.ContainerLifeCycle -- EatWhatYouKill@740ca0cb/SelectorProducer@78d611b0/IDLE/p=false/QueuedThreadPool[Jetty (JenkinsRule)]@1c65e02b{STARTED,8<=8<=200,i=8,r=-1,q=0}[ReservedThreadExecutor@1aee6ce1{reserved=0/16,pending=0}][pc=0,pic=0,pec=0,epc=0]@2024-10-22T18:14:50.124507+05:30 added {QueuedThreadPool[Jetty (JenkinsRule)]@1c65e02b{STARTED,8<=8<=200,i=8,r=-1,q=0}[ReservedThreadExecutor@1aee6ce1{reserved=0/16,pending=0}],UNMANAGED}
18:14:50.124 [Executing mockUpdateCredential(org.conjur.jenkins.credentials.ConjurCredentialStoreTest)] DEBUG org.eclipse.jetty.util.thread.strategy.EatWhatYouKill -- EatWhatYouKill@740ca0cb/SelectorProducer@78d611b0/IDLE/p=false/QueuedThreadPool[Jetty (JenkinsRule)]@1c65e02b{STARTED,8<=8<=200,i=8,r=-1,q=0}[ReservedThreadExecutor@1aee6ce1{reserved=0/16,pending=0}][pc=0,pic=0,pec=0,epc=0]@2024-10-22T18:14:50.124607+05:30 created
18:14:50.124 [Executing mockUpdateCredential(org.conjur.jenkins.credentials.ConjurCredentialStoreTest)] DEBUG org.eclipse.jetty.util.component.ContainerLifeCycle -- ManagedSelector@8f75e5c{STOPPED} id=5 keys=-1 selected=-1 updates=0 added {EatWhatYouKill@740ca0cb/SelectorProducer@78d611b0/IDLE/p=false/QueuedThreadPool[Jetty (JenkinsRule)]@1c65e02b{STARTED,8<=8<=200,i=8,r=-1,q=0}[ReservedThreadExecutor@1aee6ce1{reserved=0/16,pending=0}][pc=0,pic=0,pec=0,epc=0]@2024-10-22T18:14:50.124683+05:30,MANAGED}
18:14:50.124 [Executing mockUpdateCredential(org.conjur.jenkins.credentials.ConjurCredentialStoreTest)] DEBUG org.eclipse.jetty.util.component.ContainerLifeCycle -- SelectorManager@ServerConnector@39947c9b{HTTP/1.1, (http/1.1)}{localhost:51460} added {ManagedSelector@8f75e5c{STOPPED} id=5 keys=-1 selected=-1 updates=0,AUTO}
18:14:50.124 [Executing mockUpdateCredential(org.conjur.jenkins.credentials.ConjurCredentialStoreTest)] DEBUG org.eclipse.jetty.util.component.ContainerLifeCycle -- EatWhatYouKill@7bf9828e/SelectorProducer@6ae27fc2/IDLE/p=false/QueuedThreadPool[Jetty (JenkinsRule)]@1c65e02b{STARTED,8<=8<=200,i=8,r=-1,q=0}[ReservedThreadExecutor@1aee6ce1{reserved=0/16,pending=0}][pc=0,pic=0,pec=0,epc=0]@2024-10-22T18:14:50.124815+05:30 added {SelectorProducer@6ae27fc2,POJO}
18:14:50.124 [Executing mockUpdateCredential(org.conjur.jenkins.credentials.ConjurCredentialStoreTest)] DEBUG org.eclipse.jetty.util.component.ContainerLifeCycle -- EatWhatYouKill@7bf9828e/SelectorProducer@6ae27fc2/IDLE/p=false/QueuedThreadPool[Jetty (JenkinsRule)]@1c65e02b{STARTED,8<=8<=200,i=8,r=-1,q=0}[ReservedThreadExecutor@1aee6ce1{reserved=0/16,pending=0}][pc=0,pic=0,pec=0,epc=0]@2024-10-22T18:14:50.124886+05:30 added {QueuedThreadPool[Jetty (JenkinsRule)]@1c65e02b{STARTED,8<=8<=200,i=8,r=-1,q=0}[ReservedThreadExecutor@1aee6ce1{reserved=0/16,pending=0}],UNMANAGED}
18:14:50.125 [Executing mockUpdateCredential(org.conjur.jenkins.credentials.ConjurCredentialStoreTest)] DEBUG org.eclipse.jetty.util.thread.strategy.EatWhatYouKill -- EatWhatYouKill@7bf9828e/SelectorProducer@6ae27fc2/IDLE/p=false/QueuedThreadPool[Jetty (JenkinsRule)]@1c65e02b{STARTED,8<=8<=200,i=8,r=-1,q=0}[ReservedThreadExecutor@1aee6ce1{reserved=0/16,pending=0}][pc=0,pic=0,pec=0,epc=0]@2024-10-22T18:14:50.125016+05:30 created
18:14:50.125 [Executing mockUpdateCredential(org.conjur.jenkins.credentials.ConjurCredentialStoreTest)] DEBUG org.eclipse.jetty.util.component.ContainerLifeCycle -- ManagedSelector@2271b8bf{STOPPED} id=6 keys=-1 selected=-1 updates=0 added {EatWhatYouKill@7bf9828e/SelectorProducer@6ae27fc2/IDLE/p=false/QueuedThreadPool[Jetty (JenkinsRule)]@1c65e02b{STARTED,8<=8<=200,i=8,r=-1,q=0}[ReservedThreadExecutor@1aee6ce1{reserved=0/16,pending=0}][pc=0,pic=0,pec=0,epc=0]@2024-10-22T18:14:50.125102+05:30,MANAGED}
18:14:50.125 [Executing mockUpdateCredential(org.conjur.jenkins.credentials.ConjurCredentialStoreTest)] DEBUG org.eclipse.jetty.util.component.ContainerLifeCycle -- SelectorManager@ServerConnector@39947c9b{HTTP/1.1, (http/1.1)}{localhost:51460} added {ManagedSelector@2271b8bf{STOPPED} id=6 keys=-1 selected=-1 updates=0,AUTO}
18:14:50.125 [Executing mockUpdateCredential(org.conjur.jenkins.credentials.ConjurCredentialStoreTest)] DEBUG org.eclipse.jetty.util.component.ContainerLifeCycle -- EatWhatYouKill@10461713/SelectorProducer@271c1a67/IDLE/p=false/QueuedThreadPool[Jetty (JenkinsRule)]@1c65e02b{STARTED,8<=8<=200,i=8,r=-1,q=0}[ReservedThreadExecutor@1aee6ce1{reserved=0/16,pending=0}][pc=0,pic=0,pec=0,epc=0]@2024-10-22T18:14:50.125249+05:30 added {SelectorProducer@271c1a67,POJO}
18:14:50.125 [Executing mockUpdateCredential(org.conjur.jenkins.credentials.ConjurCredentialStoreTest)] DEBUG org.eclipse.jetty.util.component.ContainerLifeCycle -- EatWhatYouKill@10461713/SelectorProducer@271c1a67/IDLE/p=false/QueuedThreadPool[Jetty (JenkinsRule)]@1c65e02b{STARTED,8<=8<=200,i=8,r=-1,q=0}[ReservedThreadExecutor@1aee6ce1{reserved=0/16,pending=0}][pc=0,pic=0,pec=0,epc=0]@2024-10-22T18:14:50.125319+05:30 added {QueuedThreadPool[Jetty (JenkinsRule)]@1c65e02b{STARTED,8<=8<=200,i=8,r=-1,q=0}[ReservedThreadExecutor@1aee6ce1{reserved=0/16,pending=0}],UNMANAGED}
18:14:50.125 [Executing mockUpdateCredential(org.conjur.jenkins.credentials.ConjurCredentialStoreTest)] DEBUG org.eclipse.jetty.util.thread.strategy.EatWhatYouKill -- EatWhatYouKill@10461713/SelectorProducer@271c1a67/IDLE/p=false/QueuedThreadPool[Jetty (JenkinsRule)]@1c65e02b{STARTED,8<=8<=200,i=8,r=-1,q=0}[ReservedThreadExecutor@1aee6ce1{reserved=0/16,pending=0}][pc=0,pic=0,pec=0,epc=0]@2024-10-22T18:14:50.125407+05:30 created
18:14:50.125 [Executing mockUpdateCredential(org.conjur.jenkins.credentials.ConjurCredentialStoreTest)] DEBUG org.eclipse.jetty.util.component.ContainerLifeCycle -- ManagedSelector@5e796d29{STOPPED} id=7 keys=-1 selected=-1 updates=0 added {EatWhatYouKill@10461713/SelectorProducer@271c1a67/IDLE/p=false/QueuedThreadPool[Jetty (JenkinsRule)]@1c65e02b{STARTED,8<=8<=200,i=8,r=-1,q=0}[ReservedThreadExecutor@1aee6ce1{reserved=0/16,pending=0}][pc=0,pic=0,pec=0,epc=0]@2024-10-22T18:14:50.125478+05:30,MANAGED}
18:14:50.125 [Executing mockUpdateCredential(org.conjur.jenkins.credentials.ConjurCredentialStoreTest)] DEBUG org.eclipse.jetty.util.component.ContainerLifeCycle -- SelectorManager@ServerConnector@39947c9b{HTTP/1.1, (http/1.1)}{localhost:51460} added {ManagedSelector@5e796d29{STOPPED} id=7 keys=-1 selected=-1 updates=0,AUTO}
18:14:50.125 [Executing mockUpdateCredential(org.conjur.jenkins.credentials.ConjurCredentialStoreTest)] DEBUG org.eclipse.jetty.util.component.AbstractLifeCycle -- starting ManagedSelector@7efe6e2a{STOPPED} id=0 keys=-1 selected=-1 updates=0
18:14:50.125 [Executing mockUpdateCredential(org.conjur.jenkins.credentials.ConjurCredentialStoreTest)] DEBUG org.eclipse.jetty.util.component.AbstractLifeCycle -- starting EatWhatYouKill@1fe5099d/SelectorProducer@5ffb42e9/IDLE/p=false/QueuedThreadPool[Jetty (JenkinsRule)]@1c65e02b{STARTED,8<=8<=200,i=8,r=-1,q=0}[ReservedThreadExecutor@1aee6ce1{reserved=0/16,pending=0}][pc=0,pic=0,pec=0,epc=0]@2024-10-22T18:14:50.125636+05:30
18:14:50.125 [Executing mockUpdateCredential(org.conjur.jenkins.credentials.ConjurCredentialStoreTest)] DEBUG org.eclipse.jetty.util.component.AbstractLifeCycle -- STARTED @17229ms EatWhatYouKill@1fe5099d/SelectorProducer@5ffb42e9/IDLE/p=false/QueuedThreadPool[Jetty (JenkinsRule)]@1c65e02b{STARTED,8<=8<=200,i=8,r=-1,q=0}[ReservedThreadExecutor@1aee6ce1{reserved=0/16,pending=0}][pc=0,pic=0,pec=0,epc=0]@2024-10-22T18:14:50.125702+05:30
18:14:50.125 [Executing mockUpdateCredential(org.conjur.jenkins.credentials.ConjurCredentialStoreTest)] DEBUG org.eclipse.jetty.util.thread.QueuedThreadPool -- queue org.eclipse.jetty.io.ManagedSelector$$Lambda$424/0x00000001403801f8@71e29219 startThread=0
18:14:50.125 [Executing mockUpdateCredential(org.conjur.jenkins.credentials.ConjurCredentialStoreTest)] DEBUG org.eclipse.jetty.io.ManagedSelector -- Queued change lazy=false org.eclipse.jetty.io.ManagedSelector$Start@51bcedb9 on ManagedSelector@7efe6e2a{STARTING} id=0 keys=0 selected=0 updates=0
18:14:50.125 [Jetty (JenkinsRule)-296] DEBUG org.eclipse.jetty.util.thread.QueuedThreadPool -- run org.eclipse.jetty.io.ManagedSelector$$Lambda$424/0x00000001403801f8@71e29219 in QueuedThreadPool[Jetty (JenkinsRule)]@1c65e02b{STARTED,8<=8<=200,i=7,r=-1,q=0}[ReservedThreadExecutor@1aee6ce1{reserved=0/16,pending=0}]
18:14:50.125 [Jetty (JenkinsRule)-296] DEBUG org.eclipse.jetty.util.thread.strategy.EatWhatYouKill -- EatWhatYouKill@1fe5099d/SelectorProducer@5ffb42e9/IDLE/p=false/QueuedThreadPool[Jetty (JenkinsRule)]@1c65e02b{STARTED,8<=8<=200,i=7,r=-1,q=0}[ReservedThreadExecutor@1aee6ce1{reserved=0/16,pending=0}][pc=0,pic=0,pec=0,epc=0]@2024-10-22T18:14:50.12596+05:30 tryProduce false
18:14:50.126 [Jetty (JenkinsRule)-296] DEBUG org.eclipse.jetty.io.ManagedSelector -- updateable 1
18:14:50.126 [Jetty (JenkinsRule)-296] DEBUG org.eclipse.jetty.io.ManagedSelector -- update org.eclipse.jetty.io.ManagedSelector$Start@51bcedb9
18:14:50.126 [Jetty (JenkinsRule)-296] DEBUG org.eclipse.jetty.io.ManagedSelector -- updates 0
18:14:50.126 [Jetty (JenkinsRule)-296] DEBUG org.eclipse.jetty.io.ManagedSelector -- Selector sun.nio.ch.KQueueSelectorImpl@6f5801d9 waiting with 0 keys
18:14:50.126 [Executing mockUpdateCredential(org.conjur.jenkins.credentials.ConjurCredentialStoreTest)] DEBUG org.eclipse.jetty.util.component.AbstractLifeCycle -- STARTED @17229ms ManagedSelector@7efe6e2a{STARTED} id=0 keys=0 selected=0 updates=0
18:14:50.126 [Executing mockUpdateCredential(org.conjur.jenkins.credentials.ConjurCredentialStoreTest)] DEBUG org.eclipse.jetty.util.component.AbstractLifeCycle -- starting ManagedSelector@39f7a881{STOPPED} id=1 keys=-1 selected=-1 updates=0
18:14:50.126 [Executing mockUpdateCredential(org.conjur.jenkins.credentials.ConjurCredentialStoreTest)] DEBUG org.eclipse.jetty.util.component.AbstractLifeCycle -- starting EatWhatYouKill@b8000ed/SelectorProducer@3c1e59e1/IDLE/p=false/QueuedThreadPool[Jetty (JenkinsRule)]@1c65e02b{STARTED,8<=8<=200,i=7,r=-1,q=0}[ReservedThreadExecutor@1aee6ce1{reserved=0/16,pending=0}][pc=0,pic=0,pec=0,epc=0]@2024-10-22T18:14:50.126233+05:30
18:14:50.126 [Executing mockUpdateCredential(org.conjur.jenkins.credentials.ConjurCredentialStoreTest)] DEBUG org.eclipse.jetty.util.component.AbstractLifeCycle -- STARTED @17230ms EatWhatYouKill@b8000ed/SelectorProducer@3c1e59e1/IDLE/p=false/QueuedThreadPool[Jetty (JenkinsRule)]@1c65e02b{STARTED,8<=8<=200,i=7,r=-1,q=0}[ReservedThreadExecutor@1aee6ce1{reserved=0/16,pending=0}][pc=0,pic=0,pec=0,epc=0]@2024-10-22T18:14:50.126308+05:30
18:14:50.126 [Executing mockUpdateCredential(org.conjur.jenkins.credentials.ConjurCredentialStoreTest)] DEBUG org.eclipse.jetty.util.thread.QueuedThreadPool -- queue org.eclipse.jetty.io.ManagedSelector$$Lambda$424/0x00000001403801f8@16b41acb startThread=0
18:14:50.126 [Executing mockUpdateCredential(org.conjur.jenkins.credentials.ConjurCredentialStoreTest)] DEBUG org.eclipse.jetty.io.ManagedSelector -- Queued change lazy=false org.eclipse.jetty.io.ManagedSelector$Start@3312d11 on ManagedSelector@39f7a881{STARTING} id=1 keys=0 selected=0 updates=0
18:14:50.126 [Jetty (JenkinsRule)-297] DEBUG org.eclipse.jetty.util.thread.QueuedThreadPool -- run org.eclipse.jetty.io.ManagedSelector$$Lambda$424/0x00000001403801f8@16b41acb in QueuedThreadPool[Jetty (JenkinsRule)]@1c65e02b{STARTED,8<=8<=200,i=6,r=-1,q=0}[ReservedThreadExecutor@1aee6ce1{reserved=0/16,pending=0}]
18:14:50.126 [Jetty (JenkinsRule)-297] DEBUG org.eclipse.jetty.util.thread.strategy.EatWhatYouKill -- EatWhatYouKill@b8000ed/SelectorProducer@3c1e59e1/IDLE/p=false/QueuedThreadPool[Jetty (JenkinsRule)]@1c65e02b{STARTED,8<=8<=200,i=6,r=-1,q=0}[ReservedThreadExecutor@1aee6ce1{reserved=0/16,pending=0}][pc=0,pic=0,pec=0,epc=0]@2024-10-22T18:14:50.126534+05:30 tryProduce false
18:14:50.126 [Jetty (JenkinsRule)-297] DEBUG org.eclipse.jetty.io.ManagedSelector -- updateable 1
18:14:50.126 [Jetty (JenkinsRule)-297] DEBUG org.eclipse.jetty.io.ManagedSelector -- update org.eclipse.jetty.io.ManagedSelector$Start@3312d11
18:14:50.126 [Jetty (JenkinsRule)-297] DEBUG org.eclipse.jetty.io.ManagedSelector -- updates 0
18:14:50.126 [Jetty (JenkinsRule)-297] DEBUG org.eclipse.jetty.io.ManagedSelector -- Selector sun.nio.ch.KQueueSelectorImpl@32eb29e3 waiting with 0 keys
18:14:50.126 [Executing mockUpdateCredential(org.conjur.jenkins.credentials.ConjurCredentialStoreTest)] DEBUG org.eclipse.jetty.util.component.AbstractLifeCycle -- STARTED @17230ms ManagedSelector@39f7a881{STARTED} id=1 keys=0 selected=0 updates=0
18:14:50.126 [Executing mockUpdateCredential(org.conjur.jenkins.credentials.ConjurCredentialStoreTest)] DEBUG org.eclipse.jetty.util.component.AbstractLifeCycle -- starting ManagedSelector@71e670ff{STOPPED} id=2 keys=-1 selected=-1 updates=0
18:14:50.126 [Executing mockUpdateCredential(org.conjur.jenkins.credentials.ConjurCredentialStoreTest)] DEBUG org.eclipse.jetty.util.component.AbstractLifeCycle -- starting EatWhatYouKill@34750eab/SelectorProducer@3f79f7a0/IDLE/p=false/QueuedThreadPool[Jetty (JenkinsRule)]@1c65e02b{STARTED,8<=8<=200,i=6,r=-1,q=0}[ReservedThreadExecutor@1aee6ce1{reserved=0/16,pending=0}][pc=0,pic=0,pec=0,epc=0]@2024-10-22T18:14:50.126813+05:30
18:14:50.126 [Executing mockUpdateCredential(org.conjur.jenkins.credentials.ConjurCredentialStoreTest)] DEBUG org.eclipse.jetty.util.component.AbstractLifeCycle -- STARTED @17230ms EatWhatYouKill@34750eab/SelectorProducer@3f79f7a0/IDLE/p=false/QueuedThreadPool[Jetty (JenkinsRule)]@1c65e02b{STARTED,8<=8<=200,i=6,r=-1,q=0}[ReservedThreadExecutor@1aee6ce1{reserved=0/16,pending=0}][pc=0,pic=0,pec=0,epc=0]@2024-10-22T18:14:50.126887+05:30
18:14:50.126 [Executing mockUpdateCredential(org.conjur.jenkins.credentials.ConjurCredentialStoreTest)] DEBUG org.eclipse.jetty.util.thread.QueuedThreadPool -- queue org.eclipse.jetty.io.ManagedSelector$$Lambda$424/0x00000001403801f8@66261534 startThread=0
18:14:50.127 [Executing mockUpdateCredential(org.conjur.jenkins.credentials.ConjurCredentialStoreTest)] DEBUG org.eclipse.jetty.io.ManagedSelector -- Queued change lazy=false org.eclipse.jetty.io.ManagedSelector$Start@50c1fd6c on ManagedSelector@71e670ff{STARTING} id=2 keys=0 selected=0 updates=0
18:14:50.127 [Jetty (JenkinsRule)-298] DEBUG org.eclipse.jetty.util.thread.QueuedThreadPool -- run org.eclipse.jetty.io.ManagedSelector$$Lambda$424/0x00000001403801f8@66261534 in QueuedThreadPool[Jetty (JenkinsRule)]@1c65e02b{STARTED,8<=8<=200,i=5,r=-1,q=0}[ReservedThreadExecutor@1aee6ce1{reserved=0/16,pending=0}]
18:14:50.127 [Jetty (JenkinsRule)-298] DEBUG org.eclipse.jetty.util.thread.strategy.EatWhatYouKill -- EatWhatYouKill@34750eab/SelectorProducer@3f79f7a0/IDLE/p=false/QueuedThreadPool[Jetty (JenkinsRule)]@1c65e02b{STARTED,8<=8<=200,i=5,r=-1,q=0}[ReservedThreadExecutor@1aee6ce1{reserved=0/16,pending=0}][pc=0,pic=0,pec=0,epc=0]@2024-10-22T18:14:50.127117+05:30 tryProduce false
18:14:50.127 [Jetty (JenkinsRule)-298] DEBUG org.eclipse.jetty.io.ManagedSelector -- updateable 1
18:14:50.127 [Jetty (JenkinsRule)-298] DEBUG org.eclipse.jetty.io.ManagedSelector -- update org.eclipse.jetty.io.ManagedSelector$Start@50c1fd6c
18:14:50.127 [Jetty (JenkinsRule)-298] DEBUG org.eclipse.jetty.io.ManagedSelector -- updates 0
18:14:50.127 [Jetty (JenkinsRule)-298] DEBUG org.eclipse.jetty.io.ManagedSelector -- Selector sun.nio.ch.KQueueSelectorImpl@1f510273 waiting with 0 keys
18:14:50.127 [Executing mockUpdateCredential(org.conjur.jenkins.credentials.ConjurCredentialStoreTest)] DEBUG org.eclipse.jetty.util.component.AbstractLifeCycle -- STARTED @17231ms ManagedSelector@71e670ff{STARTED} id=2 keys=0 selected=0 updates=0
18:14:50.127 [Executing mockUpdateCredential(org.conjur.jenkins.credentials.ConjurCredentialStoreTest)] DEBUG org.eclipse.jetty.util.component.AbstractLifeCycle -- starting ManagedSelector@19790bcb{STOPPED} id=3 keys=-1 selected=-1 updates=0
18:14:50.127 [Executing mockUpdateCredential(org.conjur.jenkins.credentials.ConjurCredentialStoreTest)] DEBUG org.eclipse.jetty.util.component.AbstractLifeCycle -- starting EatWhatYouKill@75516de2/SelectorProducer@694d35b5/IDLE/p=false/QueuedThreadPool[Jetty (JenkinsRule)]@1c65e02b{STARTED,8<=8<=200,i=5,r=-1,q=0}[ReservedThreadExecutor@1aee6ce1{reserved=0/16,pending=0}][pc=0,pic=0,pec=0,epc=0]@2024-10-22T18:14:50.127368+05:30
18:14:50.127 [Executing mockUpdateCredential(org.conjur.jenkins.credentials.ConjurCredentialStoreTest)] DEBUG org.eclipse.jetty.util.component.AbstractLifeCycle -- STARTED @17231ms EatWhatYouKill@75516de2/SelectorProducer@694d35b5/IDLE/p=false/QueuedThreadPool[Jetty (JenkinsRule)]@1c65e02b{STARTED,8<=8<=200,i=5,r=-1,q=0}[ReservedThreadExecutor@1aee6ce1{reserved=0/16,pending=0}][pc=0,pic=0,pec=0,epc=0]@2024-10-22T18:14:50.127439+05:30
18:14:50.127 [Executing mockUpdateCredential(org.conjur.jenkins.credentials.ConjurCredentialStoreTest)] DEBUG org.eclipse.jetty.util.thread.QueuedThreadPool -- queue org.eclipse.jetty.io.ManagedSelector$$Lambda$424/0x00000001403801f8@6615c7fd startThread=0
18:14:50.127 [Executing mockUpdateCredential(org.conjur.jenkins.credentials.ConjurCredentialStoreTest)] DEBUG org.eclipse.jetty.io.ManagedSelector -- Queued change lazy=false org.eclipse.jetty.io.ManagedSelector$Start@6c46378b on ManagedSelector@19790bcb{STARTING} id=3 keys=0 selected=0 updates=0
18:14:50.127 [Jetty (JenkinsRule)-299] DEBUG org.eclipse.jetty.util.thread.QueuedThreadPool -- run org.eclipse.jetty.io.ManagedSelector$$Lambda$424/0x00000001403801f8@6615c7fd in QueuedThreadPool[Jetty (JenkinsRule)]@1c65e02b{STARTED,8<=8<=200,i=4,r=-1,q=0}[ReservedThreadExecutor@1aee6ce1{reserved=0/16,pending=0}]
18:14:50.127 [Jetty (JenkinsRule)-299] DEBUG org.eclipse.jetty.util.thread.strategy.EatWhatYouKill -- EatWhatYouKill@75516de2/SelectorProducer@694d35b5/IDLE/p=false/QueuedThreadPool[Jetty (JenkinsRule)]@1c65e02b{STARTED,8<=8<=200,i=4,r=-1,q=0}[ReservedThreadExecutor@1aee6ce1{reserved=0/16,pending=0}][pc=0,pic=0,pec=0,epc=0]@2024-10-22T18:14:50.127676+05:30 tryProduce false
18:14:50.127 [Jetty (JenkinsRule)-299] DEBUG org.eclipse.jetty.io.ManagedSelector -- updateable 1
18:14:50.127 [Jetty (JenkinsRule)-299] DEBUG org.eclipse.jetty.io.ManagedSelector -- update org.eclipse.jetty.io.ManagedSelector$Start@6c46378b
18:14:50.127 [Jetty (JenkinsRule)-299] DEBUG org.eclipse.jetty.io.ManagedSelector -- updates 0
18:14:50.127 [Jetty (JenkinsRule)-299] DEBUG org.eclipse.jetty.io.ManagedSelector -- Selector sun.nio.ch.KQueueSelectorImpl@2a63245a waiting with 0 keys
18:14:50.127 [Executing mockUpdateCredential(org.conjur.jenkins.credentials.ConjurCredentialStoreTest)] DEBUG org.eclipse.jetty.util.component.AbstractLifeCycle -- STARTED @17231ms ManagedSelector@19790bcb{STARTED} id=3 keys=0 selected=0 updates=0
18:14:50.127 [Executing mockUpdateCredential(org.conjur.jenkins.credentials.ConjurCredentialStoreTest)] DEBUG org.eclipse.jetty.util.component.AbstractLifeCycle -- starting ManagedSelector@257ad0fc{STOPPED} id=4 keys=-1 selected=-1 updates=0
18:14:50.127 [Executing mockUpdateCredential(org.conjur.jenkins.credentials.ConjurCredentialStoreTest)] DEBUG org.eclipse.jetty.util.component.AbstractLifeCycle -- starting EatWhatYouKill@5b5af193/SelectorProducer@259aa967/IDLE/p=false/QueuedThreadPool[Jetty (JenkinsRule)]@1c65e02b{STARTED,8<=8<=200,i=4,r=-1,q=0}[ReservedThreadExecutor@1aee6ce1{reserved=0/16,pending=0}][pc=0,pic=0,pec=0,epc=0]@2024-10-22T18:14:50.127965+05:30
18:14:50.128 [Executing mockUpdateCredential(org.conjur.jenkins.credentials.ConjurCredentialStoreTest)] DEBUG org.eclipse.jetty.util.component.AbstractLifeCycle -- STARTED @17231ms EatWhatYouKill@5b5af193/SelectorProducer@259aa967/IDLE/p=false/QueuedThreadPool[Jetty (JenkinsRule)]@1c65e02b{STARTED,8<=8<=200,i=4,r=-1,q=0}[ReservedThreadExecutor@1aee6ce1{reserved=0/16,pending=0}][pc=0,pic=0,pec=0,epc=0]@2024-10-22T18:14:50.128096+05:30
18:14:50.128 [Executing mockUpdateCredential(org.conjur.jenkins.credentials.ConjurCredentialStoreTest)] DEBUG org.eclipse.jetty.util.thread.QueuedThreadPool -- queue org.eclipse.jetty.io.ManagedSelector$$Lambda$424/0x00000001403801f8@3a1f0082 startThread=0
18:14:50.128 [Executing mockUpdateCredential(org.conjur.jenkins.credentials.ConjurCredentialStoreTest)] DEBUG org.eclipse.jetty.io.ManagedSelector -- Queued change lazy=false org.eclipse.jetty.io.ManagedSelector$Start@65eaa030 on ManagedSelector@257ad0fc{STARTING} id=4 keys=0 selected=0 updates=0
18:14:50.128 [Jetty (JenkinsRule)-300] DEBUG org.eclipse.jetty.util.thread.QueuedThreadPool -- run org.eclipse.jetty.io.ManagedSelector$$Lambda$424/0x00000001403801f8@3a1f0082 in QueuedThreadPool[Jetty (JenkinsRule)]@1c65e02b{STARTED,8<=8<=200,i=3,r=-1,q=0}[ReservedThreadExecutor@1aee6ce1{reserved=0/16,pending=0}]
18:14:50.128 [Jetty (JenkinsRule)-300] DEBUG org.eclipse.jetty.util.thread.strategy.EatWhatYouKill -- EatWhatYouKill@5b5af193/SelectorProducer@259aa967/IDLE/p=false/QueuedThreadPool[Jetty (JenkinsRule)]@1c65e02b{STARTED,8<=8<=200,i=3,r=-1,q=0}[ReservedThreadExecutor@1aee6ce1{reserved=0/16,pending=0}][pc=0,pic=0,pec=0,epc=0]@2024-10-22T18:14:50.12836+05:30 tryProduce false
18:14:50.128 [Jetty (JenkinsRule)-300] DEBUG org.eclipse.jetty.io.ManagedSelector -- updateable 1
18:14:50.128 [Jetty (JenkinsRule)-300] DEBUG org.eclipse.jetty.io.ManagedSelector -- update org.eclipse.jetty.io.ManagedSelector$Start@65eaa030
18:14:50.128 [Jetty (JenkinsRule)-300] DEBUG org.eclipse.jetty.io.ManagedSelector -- updates 0
18:14:50.128 [Jetty (JenkinsRule)-300] DEBUG org.eclipse.jetty.io.ManagedSelector -- Selector sun.nio.ch.KQueueSelectorImpl@30a80216 waiting with 0 keys
18:14:50.128 [Executing mockUpdateCredential(org.conjur.jenkins.credentials.ConjurCredentialStoreTest)] DEBUG org.eclipse.jetty.util.component.AbstractLifeCycle -- STARTED @17232ms ManagedSelector@257ad0fc{STARTED} id=4 keys=0 selected=0 updates=0
18:14:50.128 [Executing mockUpdateCredential(org.conjur.jenkins.credentials.ConjurCredentialStoreTest)] DEBUG org.eclipse.jetty.util.component.AbstractLifeCycle -- starting ManagedSelector@8f75e5c{STOPPED} id=5 keys=-1 selected=-1 updates=0
18:14:50.128 [Executing mockUpdateCredential(org.conjur.jenkins.credentials.ConjurCredentialStoreTest)] DEBUG org.eclipse.jetty.util.component.AbstractLifeCycle -- starting EatWhatYouKill@740ca0cb/SelectorProducer@78d611b0/IDLE/p=false/QueuedThreadPool[Jetty (JenkinsRule)]@1c65e02b{STARTED,8<=8<=200,i=3,r=-1,q=0}[ReservedThreadExecutor@1aee6ce1{reserved=0/16,pending=0}][pc=0,pic=0,pec=0,epc=0]@2024-10-22T18:14:50.128616+05:30
18:14:50.128 [Executing mockUpdateCredential(org.conjur.jenkins.credentials.ConjurCredentialStoreTest)] DEBUG org.eclipse.jetty.util.component.AbstractLifeCycle -- STARTED @17232ms EatWhatYouKill@740ca0cb/SelectorProducer@78d611b0/IDLE/p=false/QueuedThreadPool[Jetty (JenkinsRule)]@1c65e02b{STARTED,8<=8<=200,i=3,r=-1,q=0}[ReservedThreadExecutor@1aee6ce1{reserved=0/16,pending=0}][pc=0,pic=0,pec=0,epc=0]@2024-10-22T18:14:50.128686+05:30
18:14:50.128 [Executing mockUpdateCredential(org.conjur.jenkins.credentials.ConjurCredentialStoreTest)] DEBUG org.eclipse.jetty.util.thread.QueuedThreadPool -- queue org.eclipse.jetty.io.ManagedSelector$$Lambda$424/0x00000001403801f8@2d08a95f startThread=0
18:14:50.128 [Executing mockUpdateCredential(org.conjur.jenkins.credentials.ConjurCredentialStoreTest)] DEBUG org.eclipse.jetty.io.ManagedSelector -- Queued change lazy=false org.eclipse.jetty.io.ManagedSelector$Start@70af291a on ManagedSelector@8f75e5c{STARTING} id=5 keys=0 selected=0 updates=0
18:14:50.128 [Jetty (JenkinsRule)-301] DEBUG org.eclipse.jetty.util.thread.QueuedThreadPool -- run org.eclipse.jetty.io.ManagedSelector$$Lambda$424/0x00000001403801f8@2d08a95f in QueuedThreadPool[Jetty (JenkinsRule)]@1c65e02b{STARTED,8<=8<=200,i=2,r=-1,q=0}[ReservedThreadExecutor@1aee6ce1{reserved=0/16,pending=0}]
18:14:50.128 [Jetty (JenkinsRule)-301] DEBUG org.eclipse.jetty.util.thread.strategy.EatWhatYouKill -- EatWhatYouKill@740ca0cb/SelectorProducer@78d611b0/IDLE/p=false/QueuedThreadPool[Jetty (JenkinsRule)]@1c65e02b{STARTED,8<=8<=200,i=2,r=-1,q=0}[ReservedThreadExecutor@1aee6ce1{reserved=0/16,pending=0}][pc=0,pic=0,pec=0,epc=0]@2024-10-22T18:14:50.128906+05:30 tryProduce false
18:14:50.128 [Jetty (JenkinsRule)-301] DEBUG org.eclipse.jetty.io.ManagedSelector -- updateable 1
18:14:50.128 [Jetty (JenkinsRule)-301] DEBUG org.eclipse.jetty.io.ManagedSelector -- update org.eclipse.jetty.io.ManagedSelector$Start@70af291a
18:14:50.128 [Jetty (JenkinsRule)-301] DEBUG org.eclipse.jetty.io.ManagedSelector -- updates 0
18:14:50.129 [Jetty (JenkinsRule)-301] DEBUG org.eclipse.jetty.io.ManagedSelector -- Selector sun.nio.ch.KQueueSelectorImpl@267c369b waiting with 0 keys
18:14:50.129 [Executing mockUpdateCredential(org.conjur.jenkins.credentials.ConjurCredentialStoreTest)] DEBUG org.eclipse.jetty.util.component.AbstractLifeCycle -- STARTED @17232ms ManagedSelector@8f75e5c{STARTED} id=5 keys=0 selected=0 updates=0
18:14:50.129 [Executing mockUpdateCredential(org.conjur.jenkins.credentials.ConjurCredentialStoreTest)] DEBUG org.eclipse.jetty.util.component.AbstractLifeCycle -- starting ManagedSelector@2271b8bf{STOPPED} id=6 keys=-1 selected=-1 updates=0
18:14:50.129 [Executing mockUpdateCredential(org.conjur.jenkins.credentials.ConjurCredentialStoreTest)] DEBUG org.eclipse.jetty.util.component.AbstractLifeCycle -- starting EatWhatYouKill@7bf9828e/SelectorProducer@6ae27fc2/IDLE/p=false/QueuedThreadPool[Jetty (JenkinsRule)]@1c65e02b{STARTED,8<=8<=200,i=2,r=-1,q=0}[ReservedThreadExecutor@1aee6ce1{reserved=0/16,pending=0}][pc=0,pic=0,pec=0,epc=0]@2024-10-22T18:14:50.129165+05:30
18:14:50.129 [Executing mockUpdateCredential(org.conjur.jenkins.credentials.ConjurCredentialStoreTest)] DEBUG org.eclipse.jetty.util.component.AbstractLifeCycle -- STARTED @17233ms EatWhatYouKill@7bf9828e/SelectorProducer@6ae27fc2/IDLE/p=false/QueuedThreadPool[Jetty (JenkinsRule)]@1c65e02b{STARTED,8<=8<=200,i=2,r=-1,q=0}[ReservedThreadExecutor@1aee6ce1{reserved=0/16,pending=0}][pc=0,pic=0,pec=0,epc=0]@2024-10-22T18:14:50.129232+05:30
18:14:50.129 [Executing mockUpdateCredential(org.conjur.jenkins.credentials.ConjurCredentialStoreTest)] DEBUG org.eclipse.jetty.util.thread.QueuedThreadPool -- queue org.eclipse.jetty.io.ManagedSelector$$Lambda$424/0x00000001403801f8@32f63c9d startThread=0
18:14:50.129 [Executing mockUpdateCredential(org.conjur.jenkins.credentials.ConjurCredentialStoreTest)] DEBUG org.eclipse.jetty.io.ManagedSelector -- Queued change lazy=false org.eclipse.jetty.io.ManagedSelector$Start@22de1d3 on ManagedSelector@2271b8bf{STARTING} id=6 keys=0 selected=0 updates=0
18:14:50.129 [Jetty (JenkinsRule)-302] DEBUG org.eclipse.jetty.util.thread.QueuedThreadPool -- run org.eclipse.jetty.io.ManagedSelector$$Lambda$424/0x00000001403801f8@32f63c9d in QueuedThreadPool[Jetty (JenkinsRule)]@1c65e02b{STARTED,8<=8<=200,i=1,r=-1,q=0}[ReservedThreadExecutor@1aee6ce1{reserved=0/16,pending=0}]
18:14:50.129 [Jetty (JenkinsRule)-302] DEBUG org.eclipse.jetty.util.thread.strategy.EatWhatYouKill -- EatWhatYouKill@7bf9828e/SelectorProducer@6ae27fc2/IDLE/p=false/QueuedThreadPool[Jetty (JenkinsRule)]@1c65e02b{STARTED,8<=8<=200,i=1,r=-1,q=0}[ReservedThreadExecutor@1aee6ce1{reserved=0/16,pending=0}][pc=0,pic=0,pec=0,epc=0]@2024-10-22T18:14:50.129457+05:30 tryProduce false
18:14:50.129 [Jetty (JenkinsRule)-302] DEBUG org.eclipse.jetty.io.ManagedSelector -- updateable 1
18:14:50.129 [Jetty (JenkinsRule)-302] DEBUG org.eclipse.jetty.io.ManagedSelector -- update org.eclipse.jetty.io.ManagedSelector$Start@22de1d3
18:14:50.129 [Jetty (JenkinsRule)-302] DEBUG org.eclipse.jetty.io.ManagedSelector -- updates 0
18:14:50.129 [Jetty (JenkinsRule)-302] DEBUG org.eclipse.jetty.io.ManagedSelector -- Selector sun.nio.ch.KQueueSelectorImpl@5748afcd waiting with 0 keys
18:14:50.129 [Executing mockUpdateCredential(org.conjur.jenkins.credentials.ConjurCredentialStoreTest)] DEBUG org.eclipse.jetty.util.component.AbstractLifeCycle -- STARTED @17233ms ManagedSelector@2271b8bf{STARTED} id=6 keys=0 selected=0 updates=0
18:14:50.129 [Executing mockUpdateCredential(org.conjur.jenkins.credentials.ConjurCredentialStoreTest)] DEBUG org.eclipse.jetty.util.component.AbstractLifeCycle -- starting ManagedSelector@5e796d29{STOPPED} id=7 keys=-1 selected=-1 updates=0
18:14:50.129 [Executing mockUpdateCredential(org.conjur.jenkins.credentials.ConjurCredentialStoreTest)] DEBUG org.eclipse.jetty.util.component.AbstractLifeCycle -- starting EatWhatYouKill@10461713/SelectorProducer@271c1a67/IDLE/p=false/QueuedThreadPool[Jetty (JenkinsRule)]@1c65e02b{STARTED,8<=8<=200,i=1,r=-1,q=0}[ReservedThreadExecutor@1aee6ce1{reserved=0/16,pending=0}][pc=0,pic=0,pec=0,epc=0]@2024-10-22T18:14:50.12968+05:30
18:14:50.129 [Executing mockUpdateCredential(org.conjur.jenkins.credentials.ConjurCredentialStoreTest)] DEBUG org.eclipse.jetty.util.component.AbstractLifeCycle -- STARTED @17233ms EatWhatYouKill@10461713/SelectorProducer@271c1a67/IDLE/p=false/QueuedThreadPool[Jetty (JenkinsRule)]@1c65e02b{STARTED,8<=8<=200,i=1,r=-1,q=0}[ReservedThreadExecutor@1aee6ce1{reserved=0/16,pending=0}][pc=0,pic=0,pec=0,epc=0]@2024-10-22T18:14:50.129741+05:30
18:14:50.129 [Executing mockUpdateCredential(org.conjur.jenkins.credentials.ConjurCredentialStoreTest)] DEBUG org.eclipse.jetty.util.thread.QueuedThreadPool -- queue org.eclipse.jetty.io.ManagedSelector$$Lambda$424/0x00000001403801f8@6a87e298 startThread=0
18:14:50.129 [Executing mockUpdateCredential(org.conjur.jenkins.credentials.ConjurCredentialStoreTest)] DEBUG org.eclipse.jetty.io.ManagedSelector -- Queued change lazy=false org.eclipse.jetty.io.ManagedSelector$Start@63e9f12b on ManagedSelector@5e796d29{STARTING} id=7 keys=0 selected=0 updates=0
18:14:50.129 [Jetty (JenkinsRule)-303] DEBUG org.eclipse.jetty.util.thread.QueuedThreadPool -- run org.eclipse.jetty.io.ManagedSelector$$Lambda$424/0x00000001403801f8@6a87e298 in QueuedThreadPool[Jetty (JenkinsRule)]@1c65e02b{STARTED,8<=8<=200,i=0,r=-1,q=0}[ReservedThreadExecutor@1aee6ce1{reserved=0/16,pending=0}]
18:14:50.129 [Jetty (JenkinsRule)-303] DEBUG org.eclipse.jetty.util.thread.strategy.EatWhatYouKill -- EatWhatYouKill@10461713/SelectorProducer@271c1a67/IDLE/p=false/QueuedThreadPool[Jetty (JenkinsRule)]@1c65e02b{STARTED,8<=8<=200,i=0,r=-1,q=0}[ReservedThreadExecutor@1aee6ce1{reserved=0/16,pending=0}][pc=0,pic=0,pec=0,epc=0]@2024-10-22T18:14:50.129955+05:30 tryProduce false
18:14:50.129 [Jetty (JenkinsRule)-303] DEBUG org.eclipse.jetty.io.ManagedSelector -- updateable 1
18:14:50.130 [Jetty (JenkinsRule)-303] DEBUG org.eclipse.jetty.io.ManagedSelector -- update org.eclipse.jetty.io.ManagedSelector$Start@63e9f12b
18:14:50.130 [Jetty (JenkinsRule)-303] DEBUG org.eclipse.jetty.io.ManagedSelector -- updates 0
18:14:50.130 [Jetty (JenkinsRule)-303] DEBUG org.eclipse.jetty.io.ManagedSelector -- Selector sun.nio.ch.KQueueSelectorImpl@7e07e6a2 waiting with 0 keys
18:14:50.130 [Executing mockUpdateCredential(org.conjur.jenkins.credentials.ConjurCredentialStoreTest)] DEBUG org.eclipse.jetty.util.component.AbstractLifeCycle -- STARTED @17233ms ManagedSelector@5e796d29{STARTED} id=7 keys=0 selected=0 updates=0
18:14:50.130 [Executing mockUpdateCredential(org.conjur.jenkins.credentials.ConjurCredentialStoreTest)] DEBUG org.eclipse.jetty.util.component.AbstractLifeCycle -- STARTED @17233ms SelectorManager@ServerConnector@39947c9b{HTTP/1.1, (http/1.1)}{localhost:51460}
18:14:50.130 [Executing mockUpdateCredential(org.conjur.jenkins.credentials.ConjurCredentialStoreTest)] DEBUG org.eclipse.jetty.util.component.ContainerLifeCycle -- ServerConnector@39947c9b{HTTP/1.1, (http/1.1)}{localhost:51460} added {acceptor-0@60f82b1f,POJO}
18:14:50.130 [Executing mockUpdateCredential(org.conjur.jenkins.credentials.ConjurCredentialStoreTest)] DEBUG org.eclipse.jetty.util.thread.QueuedThreadPool -- queue acceptor-0@60f82b1f startThread=1
18:14:50.130 [Executing mockUpdateCredential(org.conjur.jenkins.credentials.ConjurCredentialStoreTest)] DEBUG org.eclipse.jetty.util.thread.QueuedThreadPool -- Starting Thread[Jetty (JenkinsRule)-305,5,main]
18:14:50.130 [Executing mockUpdateCredential(org.conjur.jenkins.credentials.ConjurCredentialStoreTest)] DEBUG org.eclipse.jetty.util.component.ContainerLifeCycle -- ServerConnector@39947c9b{HTTP/1.1, (http/1.1)}{localhost:51460} added {acceptor-1@58f0ddb6,POJO}
18:14:50.130 [Executing mockUpdateCredential(org.conjur.jenkins.credentials.ConjurCredentialStoreTest)] DEBUG org.eclipse.jetty.util.thread.QueuedThreadPool -- queue acceptor-1@58f0ddb6 startThread=1
18:14:50.130 [Executing mockUpdateCredential(org.conjur.jenkins.credentials.ConjurCredentialStoreTest)] DEBUG org.eclipse.jetty.util.thread.QueuedThreadPool -- Starting Thread[Jetty (JenkinsRule)-306,5,main]
18:14:50.130 [Jetty (JenkinsRule)-305] DEBUG org.eclipse.jetty.util.thread.QueuedThreadPool -- Runner started for QueuedThreadPool[Jetty (JenkinsRule)]@1c65e02b{STARTED,8<=10<=200,i=0,r=-1,q=0}[ReservedThreadExecutor@1aee6ce1{reserved=0/16,pending=0}]
18:14:50.130 [Jetty (JenkinsRule)-305] DEBUG org.eclipse.jetty.util.thread.QueuedThreadPool -- run acceptor-0@60f82b1f in QueuedThreadPool[Jetty (JenkinsRule)]@1c65e02b{STARTED,8<=10<=200,i=0,r=-1,q=0}[ReservedThreadExecutor@1aee6ce1{reserved=0/16,pending=0}]
18:14:50.130 [Executing mockUpdateCredential(org.conjur.jenkins.credentials.ConjurCredentialStoreTest)] INFO org.eclipse.jetty.server.AbstractConnector -- Started ServerConnector@39947c9b{HTTP/1.1, (http/1.1)}{localhost:51460}
18:14:50.130 [Executing mockUpdateCredential(org.conjur.jenkins.credentials.ConjurCredentialStoreTest)] DEBUG org.eclipse.jetty.util.component.AbstractLifeCycle -- STARTED @17234ms ServerConnector@39947c9b{HTTP/1.1, (http/1.1)}{localhost:51460}
18:14:50.130 [Jetty (JenkinsRule)-306] DEBUG org.eclipse.jetty.util.thread.QueuedThreadPool -- Runner started for QueuedThreadPool[Jetty (JenkinsRule)]@1c65e02b{STARTED,8<=10<=200,i=0,r=-1,q=0}[ReservedThreadExecutor@1aee6ce1{reserved=0/16,pending=0}]
18:14:50.130 [Executing mockUpdateCredential(org.conjur.jenkins.credentials.ConjurCredentialStoreTest)] INFO org.eclipse.jetty.server.Server -- Started @17234ms
18:14:50.130 [Jetty (JenkinsRule)-306] DEBUG org.eclipse.jetty.util.thread.QueuedThreadPool -- run acceptor-1@58f0ddb6 in QueuedThreadPool[Jetty (JenkinsRule)]@1c65e02b{STARTED,8<=10<=200,i=0,r=-1,q=0}[ReservedThreadExecutor@1aee6ce1{reserved=0/16,pending=0}]
18:14:50.130 [Executing mockUpdateCredential(org.conjur.jenkins.credentials.ConjurCredentialStoreTest)] DEBUG org.eclipse.jetty.util.component.AbstractLifeCycle -- STARTED @17234ms Server@5d58ea10{STARTED}[9.4.48.v20220622]
18:14:50.184 [Executing mockUpdateCredential(org.conjur.jenkins.credentials.ConjurCredentialStoreTest)] DEBUG org.apache.commons.discovery.resource.names.DiscoverNamesInFile -- find: serviceName = 'META-INF/services/org.kohsuke.stapler.Facet'
18:14:50.184 [Executing mockUpdateCredential(org.conjur.jenkins.credentials.ConjurCredentialStoreTest)] DEBUG org.apache.commons.discovery.resource.DiscoverResources -- find: resourceName='META-INF/services/org.kohsuke.stapler.Facet'
18:14:50.184 [Executing mockUpdateCredential(org.conjur.jenkins.credentials.ConjurCredentialStoreTest)] DEBUG org.apache.commons.discovery.resource.DiscoverResources -- getNextResources: search using ClassLoader 'jdk.internal.loader.ClassLoaders$AppClassLoader@5ffd2b27'
18:14:50.185 [Executing mockUpdateCredential(org.conjur.jenkins.credentials.ConjurCredentialStoreTest)] DEBUG org.apache.commons.discovery.resource.DiscoverResources -- getNextResource: next URL='jar:file:/Users/sameer.shaik/.m2/repository/org/kohsuke/stapler/stapler-groovy/1669.v95a_4b_919a_b_a_2/stapler-groovy-1669.v95a_4b_919a_b_a_2.jar!/META-INF/services/org.kohsuke.stapler.Facet'
18:14:50.185 [Executing mockUpdateCredential(org.conjur.jenkins.credentials.ConjurCredentialStoreTest)] DEBUG org.apache.commons.discovery.resource.names.DiscoverNamesInFile -- getNextClassResource: next class='org.kohsuke.stapler.jelly.groovy.GroovyFacet'
18:14:50.185 [Executing mockUpdateCredential(org.conjur.jenkins.credentials.ConjurCredentialStoreTest)] DEBUG org.apache.commons.discovery.resource.DiscoverResources -- getNextResource: next URL='jar:file:/Users/sameer.shaik/.m2/repository/org/kohsuke/stapler/stapler-jelly/1669.v95a_4b_919a_b_a_2/stapler-jelly-1669.v95a_4b_919a_b_a_2.jar!/META-INF/services/org.kohsuke.stapler.Facet'
18:14:50.185 [Executing mockUpdateCredential(org.conjur.jenkins.credentials.ConjurCredentialStoreTest)] DEBUG org.apache.commons.discovery.resource.names.DiscoverNamesInFile -- getNextClassResource: next class='org.kohsuke.stapler.jelly.JellyFacet'
18:14:50.185 [Executing mockUpdateCredential(org.conjur.jenkins.credentials.ConjurCredentialStoreTest)] DEBUG org.apache.commons.discovery.resource.names.DiscoverNamesInFile -- find: serviceName = 'META-INF/services/org.kohsuke.stapler.Facet'
18:14:50.185 [Executing mockUpdateCredential(org.conjur.jenkins.credentials.ConjurCredentialStoreTest)] DEBUG org.apache.commons.discovery.resource.DiscoverResources -- find: resourceName='META-INF/services/org.kohsuke.stapler.Facet'
18:14:50.185 [Executing mockUpdateCredential(org.conjur.jenkins.credentials.ConjurCredentialStoreTest)] DEBUG org.apache.commons.discovery.resource.DiscoverResources -- getNextResources: search using ClassLoader 'jdk.internal.loader.ClassLoaders$AppClassLoader@5ffd2b27'
18:14:50.185 [Executing mockUpdateCredential(org.conjur.jenkins.credentials.ConjurCredentialStoreTest)] DEBUG org.apache.commons.discovery.resource.DiscoverResources -- getNextResource: next URL='jar:file:/Users/sameer.shaik/.m2/repository/org/kohsuke/stapler/stapler-groovy/1669.v95a_4b_919a_b_a_2/stapler-groovy-1669.v95a_4b_919a_b_a_2.jar!/META-INF/services/org.kohsuke.stapler.Facet'
18:14:50.185 [Executing mockUpdateCredential(org.conjur.jenkins.credentials.ConjurCredentialStoreTest)] DEBUG org.apache.commons.discovery.resource.names.DiscoverNamesInFile -- getNextClassResource: next class='org.kohsuke.stapler.jelly.groovy.GroovyFacet'
18:14:50.185 [Executing mockUpdateCredential(org.conjur.jenkins.credentials.ConjurCredentialStoreTest)] DEBUG org.apache.commons.discovery.resource.DiscoverResources -- getNextResource: next URL='jar:file:/Users/sameer.shaik/.m2/repository/org/kohsuke/stapler/stapler-jelly/1669.v95a_4b_919a_b_a_2/stapler-jelly-1669.v95a_4b_919a_b_a_2.jar!/META-INF/services/org.kohsuke.stapler.Facet'
18:14:50.185 [Executing mockUpdateCredential(org.conjur.jenkins.credentials.ConjurCredentialStoreTest)] DEBUG org.apache.commons.discovery.resource.names.DiscoverNamesInFile -- getNextClassResource: next class='org.kohsuke.stapler.jelly.JellyFacet'
18:14:50.700 [Executing mockUpdateCredential(org.conjur.jenkins.credentials.ConjurCredentialStoreTest)] DEBUG org.eclipse.jetty.util.component.AbstractLifeCycle -- stopping Server@5d58ea10{STARTED}[9.4.48.v20220622]
18:14:50.700 [Executing mockUpdateCredential(org.conjur.jenkins.credentials.ConjurCredentialStoreTest)] DEBUG org.eclipse.jetty.server.Server -- doStop Server@5d58ea10{STOPPING}[9.4.48.v20220622]
18:14:50.700 [Executing mockUpdateCredential(org.conjur.jenkins.credentials.ConjurCredentialStoreTest)] DEBUG org.eclipse.jetty.server.handler.AbstractHandlerContainer -- Graceful shutdown Server@5d58ea10{STOPPING}[9.4.48.v20220622] by 
18:14:50.700 [Executing mockUpdateCredential(org.conjur.jenkins.credentials.ConjurCredentialStoreTest)] DEBUG org.eclipse.jetty.util.component.AbstractLifeCycle -- stopping ServerConnector@39947c9b{HTTP/1.1, (http/1.1)}{localhost:0}
18:14:50.700 [Jetty (JenkinsRule)-305] DEBUG org.eclipse.jetty.util.thread.QueuedThreadPool -- ran Jetty (JenkinsRule)-305-acceptor-0@60f82b1f-ServerConnector@39947c9b{HTTP/1.1, (http/1.1)}{localhost:51460} in QueuedThreadPool[Jetty (JenkinsRule)]@1c65e02b{STARTED,8<=10<=200,i=0,r=-1,q=0}[ReservedThreadExecutor@1aee6ce1{reserved=0/16,pending=0}]
18:14:50.700 [Jetty (JenkinsRule)-306] DEBUG org.eclipse.jetty.util.thread.QueuedThreadPool -- ran Jetty (JenkinsRule)-306-acceptor-1@58f0ddb6-ServerConnector@39947c9b{HTTP/1.1, (http/1.1)}{localhost:51460} in QueuedThreadPool[Jetty (JenkinsRule)]@1c65e02b{STARTED,8<=10<=200,i=0,r=-1,q=0}[ReservedThreadExecutor@1aee6ce1{reserved=0/16,pending=0}]
18:14:50.700 [Executing mockUpdateCredential(org.conjur.jenkins.credentials.ConjurCredentialStoreTest)] DEBUG org.eclipse.jetty.util.component.AbstractLifeCycle -- stopping SelectorManager@ServerConnector@39947c9b{HTTP/1.1, (http/1.1)}{localhost:0}
18:14:50.700 [Executing mockUpdateCredential(org.conjur.jenkins.credentials.ConjurCredentialStoreTest)] DEBUG org.eclipse.jetty.util.component.AbstractLifeCycle -- stopping ManagedSelector@5e796d29{STARTED} id=7 keys=0 selected=0 updates=0
18:14:50.700 [Executing mockUpdateCredential(org.conjur.jenkins.credentials.ConjurCredentialStoreTest)] DEBUG org.eclipse.jetty.io.ManagedSelector -- Queued change lazy=false org.eclipse.jetty.io.ManagedSelector$CloseConnections@79c13ee4 on ManagedSelector@5e796d29{STOPPING} id=7 keys=0 selected=0 updates=0
18:14:50.700 [Executing mockUpdateCredential(org.conjur.jenkins.credentials.ConjurCredentialStoreTest)] DEBUG org.eclipse.jetty.io.ManagedSelector -- Wakeup on submit ManagedSelector@5e796d29{STOPPING} id=7 keys=0 selected=0 updates=1
18:14:50.700 [Jetty (JenkinsRule)-303] DEBUG org.eclipse.jetty.io.ManagedSelector -- Selector sun.nio.ch.KQueueSelectorImpl@7e07e6a2 woken with none selected
18:14:50.700 [Jetty (JenkinsRule)-303] DEBUG org.eclipse.jetty.io.ManagedSelector -- Selector sun.nio.ch.KQueueSelectorImpl@7e07e6a2 woken up from select, 0/0/0 selected
18:14:50.700 [Jetty (JenkinsRule)-303] DEBUG org.eclipse.jetty.io.ManagedSelector -- Selector sun.nio.ch.KQueueSelectorImpl@7e07e6a2 processing 0 keys, 1 updates
18:14:50.700 [Jetty (JenkinsRule)-303] DEBUG org.eclipse.jetty.io.ManagedSelector -- updateable 1
18:14:50.700 [Jetty (JenkinsRule)-303] DEBUG org.eclipse.jetty.io.ManagedSelector -- update org.eclipse.jetty.io.ManagedSelector$CloseConnections@79c13ee4
18:14:50.700 [Jetty (JenkinsRule)-303] DEBUG org.eclipse.jetty.io.ManagedSelector -- Closing 0 connections on ManagedSelector@5e796d29{STOPPING} id=7 keys=0 selected=0 updates=0
18:14:50.700 [Jetty (JenkinsRule)-303] DEBUG org.eclipse.jetty.io.ManagedSelector -- updates 0
18:14:50.701 [Jetty (JenkinsRule)-303] DEBUG org.eclipse.jetty.io.ManagedSelector -- Selector sun.nio.ch.KQueueSelectorImpl@7e07e6a2 waiting with 0 keys
18:14:50.701 [Executing mockUpdateCredential(org.conjur.jenkins.credentials.ConjurCredentialStoreTest)] DEBUG org.eclipse.jetty.io.ManagedSelector -- Queued change lazy=false org.eclipse.jetty.io.ManagedSelector$StopSelector@666b3c6a on ManagedSelector@5e796d29{STOPPING} id=7 keys=0 selected=0 updates=0
18:14:50.701 [Executing mockUpdateCredential(org.conjur.jenkins.credentials.ConjurCredentialStoreTest)] DEBUG org.eclipse.jetty.io.ManagedSelector -- Wakeup on submit ManagedSelector@5e796d29{STOPPING} id=7 keys=0 selected=0 updates=1
18:14:50.701 [Jetty (JenkinsRule)-303] DEBUG org.eclipse.jetty.io.ManagedSelector -- Selector sun.nio.ch.KQueueSelectorImpl@7e07e6a2 woken with none selected
18:14:50.701 [Jetty (JenkinsRule)-303] DEBUG org.eclipse.jetty.io.ManagedSelector -- Selector sun.nio.ch.KQueueSelectorImpl@7e07e6a2 woken up from select, 0/0/0 selected
18:14:50.701 [Jetty (JenkinsRule)-303] DEBUG org.eclipse.jetty.io.ManagedSelector -- Selector sun.nio.ch.KQueueSelectorImpl@7e07e6a2 processing 0 keys, 1 updates
18:14:50.701 [Jetty (JenkinsRule)-303] DEBUG org.eclipse.jetty.io.ManagedSelector -- updateable 1
18:14:50.701 [Jetty (JenkinsRule)-303] DEBUG org.eclipse.jetty.io.ManagedSelector -- update org.eclipse.jetty.io.ManagedSelector$StopSelector@666b3c6a
18:14:50.701 [Jetty (JenkinsRule)-303] DEBUG org.eclipse.jetty.io.ManagedSelector -- updates 0
18:14:50.701 [Jetty (JenkinsRule)-303] DEBUG org.eclipse.jetty.util.thread.QueuedThreadPool -- ran org.eclipse.jetty.io.ManagedSelector$$Lambda$424/0x00000001403801f8@6a87e298 in QueuedThreadPool[Jetty (JenkinsRule)]@1c65e02b{STARTED,8<=10<=200,i=2,r=-1,q=0}[ReservedThreadExecutor@1aee6ce1{reserved=0/16,pending=0}]
18:14:50.701 [Executing mockUpdateCredential(org.conjur.jenkins.credentials.ConjurCredentialStoreTest)] DEBUG org.eclipse.jetty.util.component.AbstractLifeCycle -- stopping EatWhatYouKill@10461713/SelectorProducer@271c1a67/IDLE/p=false/QueuedThreadPool[Jetty (JenkinsRule)]@1c65e02b{STARTED,8<=10<=200,i=2,r=-1,q=0}[ReservedThreadExecutor@1aee6ce1{reserved=0/16,pending=0}][pc=0,pic=0,pec=0,epc=0]@2024-10-22T18:14:50.701339+05:30
18:14:50.701 [Executing mockUpdateCredential(org.conjur.jenkins.credentials.ConjurCredentialStoreTest)] DEBUG org.eclipse.jetty.util.component.AbstractLifeCycle -- STOPPED EatWhatYouKill@10461713/SelectorProducer@271c1a67/IDLE/p=false/QueuedThreadPool[Jetty (JenkinsRule)]@1c65e02b{STARTED,8<=10<=200,i=3,r=-1,q=0}[ReservedThreadExecutor@1aee6ce1{reserved=0/16,pending=0}][pc=0,pic=0,pec=0,epc=0]@2024-10-22T18:14:50.701412+05:30
18:14:50.701 [Executing mockUpdateCredential(org.conjur.jenkins.credentials.ConjurCredentialStoreTest)] DEBUG org.eclipse.jetty.util.component.AbstractLifeCycle -- STOPPED ManagedSelector@5e796d29{STOPPED} id=7 keys=-1 selected=-1 updates=0
18:14:50.701 [Executing mockUpdateCredential(org.conjur.jenkins.credentials.ConjurCredentialStoreTest)] DEBUG org.eclipse.jetty.util.component.AbstractLifeCycle -- stopping ManagedSelector@2271b8bf{STARTED} id=6 keys=0 selected=0 updates=0
18:14:50.701 [Executing mockUpdateCredential(org.conjur.jenkins.credentials.ConjurCredentialStoreTest)] DEBUG org.eclipse.jetty.io.ManagedSelector -- Queued change lazy=false org.eclipse.jetty.io.ManagedSelector$CloseConnections@693da6bb on ManagedSelector@2271b8bf{STOPPING} id=6 keys=0 selected=0 updates=0
18:14:50.701 [Executing mockUpdateCredential(org.conjur.jenkins.credentials.ConjurCredentialStoreTest)] DEBUG org.eclipse.jetty.io.ManagedSelector -- Wakeup on submit ManagedSelector@2271b8bf{STOPPING} id=6 keys=0 selected=0 updates=1
18:14:50.701 [Jetty (JenkinsRule)-302] DEBUG org.eclipse.jetty.io.ManagedSelector -- Selector sun.nio.ch.KQueueSelectorImpl@5748afcd woken with none selected
18:14:50.701 [Jetty (JenkinsRule)-302] DEBUG org.eclipse.jetty.io.ManagedSelector -- Selector sun.nio.ch.KQueueSelectorImpl@5748afcd woken up from select, 0/0/0 selected
18:14:50.701 [Jetty (JenkinsRule)-302] DEBUG org.eclipse.jetty.io.ManagedSelector -- Selector sun.nio.ch.KQueueSelectorImpl@5748afcd processing 0 keys, 1 updates
18:14:50.701 [Jetty (JenkinsRule)-302] DEBUG org.eclipse.jetty.io.ManagedSelector -- updateable 1
18:14:50.701 [Jetty (JenkinsRule)-302] DEBUG org.eclipse.jetty.io.ManagedSelector -- update org.eclipse.jetty.io.ManagedSelector$CloseConnections@693da6bb
18:14:50.701 [Jetty (JenkinsRule)-302] DEBUG org.eclipse.jetty.io.ManagedSelector -- Closing 0 connections on ManagedSelector@2271b8bf{STOPPING} id=6 keys=0 selected=0 updates=0
18:14:50.701 [Jetty (JenkinsRule)-302] DEBUG org.eclipse.jetty.io.ManagedSelector -- updates 0
18:14:50.701 [Jetty (JenkinsRule)-302] DEBUG org.eclipse.jetty.io.ManagedSelector -- Selector sun.nio.ch.KQueueSelectorImpl@5748afcd waiting with 0 keys
18:14:50.701 [Executing mockUpdateCredential(org.conjur.jenkins.credentials.ConjurCredentialStoreTest)] DEBUG org.eclipse.jetty.io.ManagedSelector -- Queued change lazy=false org.eclipse.jetty.io.ManagedSelector$StopSelector@7544a32e on ManagedSelector@2271b8bf{STOPPING} id=6 keys=0 selected=0 updates=0
18:14:50.701 [Executing mockUpdateCredential(org.conjur.jenkins.credentials.ConjurCredentialStoreTest)] DEBUG org.eclipse.jetty.io.ManagedSelector -- Wakeup on submit ManagedSelector@2271b8bf{STOPPING} id=6 keys=0 selected=0 updates=1
18:14:50.701 [Jetty (JenkinsRule)-302] DEBUG org.eclipse.jetty.io.ManagedSelector -- Selector sun.nio.ch.KQueueSelectorImpl@5748afcd woken with none selected
18:14:50.701 [Jetty (JenkinsRule)-302] DEBUG org.eclipse.jetty.io.ManagedSelector -- Selector sun.nio.ch.KQueueSelectorImpl@5748afcd woken up from select, 0/0/0 selected
18:14:50.701 [Jetty (JenkinsRule)-302] DEBUG org.eclipse.jetty.io.ManagedSelector -- Selector sun.nio.ch.KQueueSelectorImpl@5748afcd processing 0 keys, 1 updates
18:14:50.701 [Jetty (JenkinsRule)-302] DEBUG org.eclipse.jetty.io.ManagedSelector -- updateable 1
18:14:50.701 [Jetty (JenkinsRule)-302] DEBUG org.eclipse.jetty.io.ManagedSelector -- update org.eclipse.jetty.io.ManagedSelector$StopSelector@7544a32e
18:14:50.701 [Jetty (JenkinsRule)-302] DEBUG org.eclipse.jetty.io.ManagedSelector -- updates 0
18:14:50.701 [Jetty (JenkinsRule)-302] DEBUG org.eclipse.jetty.util.thread.QueuedThreadPool -- ran org.eclipse.jetty.io.ManagedSelector$$Lambda$424/0x00000001403801f8@32f63c9d in QueuedThreadPool[Jetty (JenkinsRule)]@1c65e02b{STARTED,8<=10<=200,i=3,r=-1,q=0}[ReservedThreadExecutor@1aee6ce1{reserved=0/16,pending=0}]
18:14:50.701 [Executing mockUpdateCredential(org.conjur.jenkins.credentials.ConjurCredentialStoreTest)] DEBUG org.eclipse.jetty.util.component.AbstractLifeCycle -- stopping EatWhatYouKill@7bf9828e/SelectorProducer@6ae27fc2/IDLE/p=false/QueuedThreadPool[Jetty (JenkinsRule)]@1c65e02b{STARTED,8<=10<=200,i=3,r=-1,q=0}[ReservedThreadExecutor@1aee6ce1{reserved=0/16,pending=0}][pc=0,pic=0,pec=0,epc=0]@2024-10-22T18:14:50.701912+05:30
18:14:50.701 [Executing mockUpdateCredential(org.conjur.jenkins.credentials.ConjurCredentialStoreTest)] DEBUG org.eclipse.jetty.util.component.AbstractLifeCycle -- STOPPED EatWhatYouKill@7bf9828e/SelectorProducer@6ae27fc2/IDLE/p=false/QueuedThreadPool[Jetty (JenkinsRule)]@1c65e02b{STARTED,8<=10<=200,i=4,r=-1,q=0}[ReservedThreadExecutor@1aee6ce1{reserved=0/16,pending=0}][pc=0,pic=0,pec=0,epc=0]@2024-10-22T18:14:50.701977+05:30
18:14:50.702 [Executing mockUpdateCredential(org.conjur.jenkins.credentials.ConjurCredentialStoreTest)] DEBUG org.eclipse.jetty.util.component.AbstractLifeCycle -- STOPPED ManagedSelector@2271b8bf{STOPPED} id=6 keys=-1 selected=-1 updates=0
18:14:50.702 [Executing mockUpdateCredential(org.conjur.jenkins.credentials.ConjurCredentialStoreTest)] DEBUG org.eclipse.jetty.util.component.AbstractLifeCycle -- stopping ManagedSelector@8f75e5c{STARTED} id=5 keys=0 selected=0 updates=0
18:14:50.702 [Executing mockUpdateCredential(org.conjur.jenkins.credentials.ConjurCredentialStoreTest)] DEBUG org.eclipse.jetty.io.ManagedSelector -- Queued change lazy=false org.eclipse.jetty.io.ManagedSelector$CloseConnections@582857c on ManagedSelector@8f75e5c{STOPPING} id=5 keys=0 selected=0 updates=0
18:14:50.702 [Executing mockUpdateCredential(org.conjur.jenkins.credentials.ConjurCredentialStoreTest)] DEBUG org.eclipse.jetty.io.ManagedSelector -- Wakeup on submit ManagedSelector@8f75e5c{STOPPING} id=5 keys=0 selected=0 updates=1
18:14:50.702 [Jetty (JenkinsRule)-301] DEBUG org.eclipse.jetty.io.ManagedSelector -- Selector sun.nio.ch.KQueueSelectorImpl@267c369b woken with none selected
18:14:50.702 [Jetty (JenkinsRule)-301] DEBUG org.eclipse.jetty.io.ManagedSelector -- Selector sun.nio.ch.KQueueSelectorImpl@267c369b woken up from select, 0/0/0 selected
18:14:50.702 [Jetty (JenkinsRule)-301] DEBUG org.eclipse.jetty.io.ManagedSelector -- Selector sun.nio.ch.KQueueSelectorImpl@267c369b processing 0 keys, 1 updates
18:14:50.702 [Jetty (JenkinsRule)-301] DEBUG org.eclipse.jetty.io.ManagedSelector -- updateable 1
18:14:50.702 [Jetty (JenkinsRule)-301] DEBUG org.eclipse.jetty.io.ManagedSelector -- update org.eclipse.jetty.io.ManagedSelector$CloseConnections@582857c
18:14:50.702 [Jetty (JenkinsRule)-301] DEBUG org.eclipse.jetty.io.ManagedSelector -- Closing 0 connections on ManagedSelector@8f75e5c{STOPPING} id=5 keys=0 selected=0 updates=0
18:14:50.702 [Jetty (JenkinsRule)-301] DEBUG org.eclipse.jetty.io.ManagedSelector -- updates 0
18:14:50.702 [Jetty (JenkinsRule)-301] DEBUG org.eclipse.jetty.io.ManagedSelector -- Selector sun.nio.ch.KQueueSelectorImpl@267c369b waiting with 0 keys
18:14:50.702 [Executing mockUpdateCredential(org.conjur.jenkins.credentials.ConjurCredentialStoreTest)] DEBUG org.eclipse.jetty.io.ManagedSelector -- Queued change lazy=false org.eclipse.jetty.io.ManagedSelector$StopSelector@3ab571ca on ManagedSelector@8f75e5c{STOPPING} id=5 keys=0 selected=0 updates=0
18:14:50.702 [Executing mockUpdateCredential(org.conjur.jenkins.credentials.ConjurCredentialStoreTest)] DEBUG org.eclipse.jetty.io.ManagedSelector -- Wakeup on submit ManagedSelector@8f75e5c{STOPPING} id=5 keys=0 selected=0 updates=1
18:14:50.702 [Jetty (JenkinsRule)-301] DEBUG org.eclipse.jetty.io.ManagedSelector -- Selector sun.nio.ch.KQueueSelectorImpl@267c369b woken with none selected
18:14:50.702 [Jetty (JenkinsRule)-301] DEBUG org.eclipse.jetty.io.ManagedSelector -- Selector sun.nio.ch.KQueueSelectorImpl@267c369b woken up from select, 0/0/0 selected
18:14:50.702 [Jetty (JenkinsRule)-301] DEBUG org.eclipse.jetty.io.ManagedSelector -- Selector sun.nio.ch.KQueueSelectorImpl@267c369b processing 0 keys, 1 updates
18:14:50.702 [Jetty (JenkinsRule)-301] DEBUG org.eclipse.jetty.io.ManagedSelector -- updateable 1
18:14:50.702 [Jetty (JenkinsRule)-301] DEBUG org.eclipse.jetty.io.ManagedSelector -- update org.eclipse.jetty.io.ManagedSelector$StopSelector@3ab571ca
18:14:50.702 [Jetty (JenkinsRule)-301] DEBUG org.eclipse.jetty.io.ManagedSelector -- updates 0
18:14:50.702 [Executing mockUpdateCredential(org.conjur.jenkins.credentials.ConjurCredentialStoreTest)] DEBUG org.eclipse.jetty.util.component.AbstractLifeCycle -- stopping EatWhatYouKill@740ca0cb/SelectorProducer@78d611b0/PRODUCING/p=false/QueuedThreadPool[Jetty (JenkinsRule)]@1c65e02b{STARTED,8<=10<=200,i=4,r=-1,q=0}[ReservedThreadExecutor@1aee6ce1{reserved=0/16,pending=0}][pc=0,pic=0,pec=0,epc=0]@2024-10-22T18:14:50.702492+05:30
18:14:50.702 [Jetty (JenkinsRule)-301] DEBUG org.eclipse.jetty.util.thread.QueuedThreadPool -- ran org.eclipse.jetty.io.ManagedSelector$$Lambda$424/0x00000001403801f8@2d08a95f in QueuedThreadPool[Jetty (JenkinsRule)]@1c65e02b{STARTED,8<=10<=200,i=4,r=-1,q=0}[ReservedThreadExecutor@1aee6ce1{reserved=0/16,pending=0}]
18:14:50.702 [Executing mockUpdateCredential(org.conjur.jenkins.credentials.ConjurCredentialStoreTest)] DEBUG org.eclipse.jetty.util.component.AbstractLifeCycle -- STOPPED EatWhatYouKill@740ca0cb/SelectorProducer@78d611b0/IDLE/p=false/QueuedThreadPool[Jetty (JenkinsRule)]@1c65e02b{STARTED,8<=10<=200,i=4,r=-1,q=0}[ReservedThreadExecutor@1aee6ce1{reserved=0/16,pending=0}][pc=0,pic=0,pec=0,epc=0]@2024-10-22T18:14:50.702549+05:30
18:14:50.702 [Executing mockUpdateCredential(org.conjur.jenkins.credentials.ConjurCredentialStoreTest)] DEBUG org.eclipse.jetty.util.component.AbstractLifeCycle -- STOPPED ManagedSelector@8f75e5c{STOPPED} id=5 keys=-1 selected=-1 updates=0
18:14:50.702 [Executing mockUpdateCredential(org.conjur.jenkins.credentials.ConjurCredentialStoreTest)] DEBUG org.eclipse.jetty.util.component.AbstractLifeCycle -- stopping ManagedSelector@257ad0fc{STARTED} id=4 keys=0 selected=0 updates=0
18:14:50.702 [Executing mockUpdateCredential(org.conjur.jenkins.credentials.ConjurCredentialStoreTest)] DEBUG org.eclipse.jetty.io.ManagedSelector -- Queued change lazy=false org.eclipse.jetty.io.ManagedSelector$CloseConnections@3e390059 on ManagedSelector@257ad0fc{STOPPING} id=4 keys=0 selected=0 updates=0
18:14:50.702 [Executing mockUpdateCredential(org.conjur.jenkins.credentials.ConjurCredentialStoreTest)] DEBUG org.eclipse.jetty.io.ManagedSelector -- Wakeup on submit ManagedSelector@257ad0fc{STOPPING} id=4 keys=0 selected=0 updates=1
18:14:50.702 [Jetty (JenkinsRule)-300] DEBUG org.eclipse.jetty.io.ManagedSelector -- Selector sun.nio.ch.KQueueSelectorImpl@30a80216 woken with none selected
18:14:50.702 [Jetty (JenkinsRule)-300] DEBUG org.eclipse.jetty.io.ManagedSelector -- Selector sun.nio.ch.KQueueSelectorImpl@30a80216 woken up from select, 0/0/0 selected
18:14:50.702 [Jetty (JenkinsRule)-300] DEBUG org.eclipse.jetty.io.ManagedSelector -- Selector sun.nio.ch.KQueueSelectorImpl@30a80216 processing 0 keys, 1 updates
18:14:50.702 [Jetty (JenkinsRule)-300] DEBUG org.eclipse.jetty.io.ManagedSelector -- updateable 1
18:14:50.702 [Jetty (JenkinsRule)-300] DEBUG org.eclipse.jetty.io.ManagedSelector -- update org.eclipse.jetty.io.ManagedSelector$CloseConnections@3e390059
18:14:50.702 [Jetty (JenkinsRule)-300] DEBUG org.eclipse.jetty.io.ManagedSelector -- Closing 0 connections on ManagedSelector@257ad0fc{STOPPING} id=4 keys=0 selected=0 updates=0
18:14:50.702 [Jetty (JenkinsRule)-300] DEBUG org.eclipse.jetty.io.ManagedSelector -- updates 0
18:14:50.702 [Jetty (JenkinsRule)-300] DEBUG org.eclipse.jetty.io.ManagedSelector -- Selector sun.nio.ch.KQueueSelectorImpl@30a80216 waiting with 0 keys
18:14:50.702 [Executing mockUpdateCredential(org.conjur.jenkins.credentials.ConjurCredentialStoreTest)] DEBUG org.eclipse.jetty.io.ManagedSelector -- Queued change lazy=false org.eclipse.jetty.io.ManagedSelector$StopSelector@6e349963 on ManagedSelector@257ad0fc{STOPPING} id=4 keys=0 selected=0 updates=0
18:14:50.702 [Executing mockUpdateCredential(org.conjur.jenkins.credentials.ConjurCredentialStoreTest)] DEBUG org.eclipse.jetty.io.ManagedSelector -- Wakeup on submit ManagedSelector@257ad0fc{STOPPING} id=4 keys=0 selected=0 updates=1
18:14:50.702 [Jetty (JenkinsRule)-300] DEBUG org.eclipse.jetty.io.ManagedSelector -- Selector sun.nio.ch.KQueueSelectorImpl@30a80216 woken with none selected
18:14:50.702 [Jetty (JenkinsRule)-300] DEBUG org.eclipse.jetty.io.ManagedSelector -- Selector sun.nio.ch.KQueueSelectorImpl@30a80216 woken up from select, 0/0/0 selected
18:14:50.702 [Jetty (JenkinsRule)-300] DEBUG org.eclipse.jetty.io.ManagedSelector -- Selector sun.nio.ch.KQueueSelectorImpl@30a80216 processing 0 keys, 1 updates
18:14:50.702 [Jetty (JenkinsRule)-300] DEBUG org.eclipse.jetty.io.ManagedSelector -- updateable 1
18:14:50.702 [Jetty (JenkinsRule)-300] DEBUG org.eclipse.jetty.io.ManagedSelector -- update org.eclipse.jetty.io.ManagedSelector$StopSelector@6e349963
18:14:50.702 [Jetty (JenkinsRule)-300] DEBUG org.eclipse.jetty.io.ManagedSelector -- updates 0
18:14:50.703 [Jetty (JenkinsRule)-300] DEBUG org.eclipse.jetty.util.thread.QueuedThreadPool -- ran org.eclipse.jetty.io.ManagedSelector$$Lambda$424/0x00000001403801f8@3a1f0082 in QueuedThreadPool[Jetty (JenkinsRule)]@1c65e02b{STARTED,8<=10<=200,i=5,r=-1,q=0}[ReservedThreadExecutor@1aee6ce1{reserved=0/16,pending=0}]
18:14:50.703 [Executing mockUpdateCredential(org.conjur.jenkins.credentials.ConjurCredentialStoreTest)] DEBUG org.eclipse.jetty.util.component.AbstractLifeCycle -- stopping EatWhatYouKill@5b5af193/SelectorProducer@259aa967/IDLE/p=false/QueuedThreadPool[Jetty (JenkinsRule)]@1c65e02b{STARTED,8<=10<=200,i=5,r=-1,q=0}[ReservedThreadExecutor@1aee6ce1{reserved=0/16,pending=0}][pc=0,pic=0,pec=0,epc=0]@2024-10-22T18:14:50.703058+05:30
18:14:50.703 [Executing mockUpdateCredential(org.conjur.jenkins.credentials.ConjurCredentialStoreTest)] DEBUG org.eclipse.jetty.util.component.AbstractLifeCycle -- STOPPED EatWhatYouKill@5b5af193/SelectorProducer@259aa967/IDLE/p=false/QueuedThreadPool[Jetty (JenkinsRule)]@1c65e02b{STARTED,8<=10<=200,i=6,r=-1,q=0}[ReservedThreadExecutor@1aee6ce1{reserved=0/16,pending=0}][pc=0,pic=0,pec=0,epc=0]@2024-10-22T18:14:50.703122+05:30
18:14:50.703 [Executing mockUpdateCredential(org.conjur.jenkins.credentials.ConjurCredentialStoreTest)] DEBUG org.eclipse.jetty.util.component.AbstractLifeCycle -- STOPPED ManagedSelector@257ad0fc{STOPPED} id=4 keys=-1 selected=-1 updates=0
18:14:50.703 [Executing mockUpdateCredential(org.conjur.jenkins.credentials.ConjurCredentialStoreTest)] DEBUG org.eclipse.jetty.util.component.AbstractLifeCycle -- stopping ManagedSelector@19790bcb{STARTED} id=3 keys=0 selected=0 updates=0
18:14:50.703 [Executing mockUpdateCredential(org.conjur.jenkins.credentials.ConjurCredentialStoreTest)] DEBUG org.eclipse.jetty.io.ManagedSelector -- Queued change lazy=false org.eclipse.jetty.io.ManagedSelector$CloseConnections@7f0c48bc on ManagedSelector@19790bcb{STOPPING} id=3 keys=0 selected=0 updates=0
18:14:50.703 [Executing mockUpdateCredential(org.conjur.jenkins.credentials.ConjurCredentialStoreTest)] DEBUG org.eclipse.jetty.io.ManagedSelector -- Wakeup on submit ManagedSelector@19790bcb{STOPPING} id=3 keys=0 selected=0 updates=1
18:14:50.703 [Jetty (JenkinsRule)-299] DEBUG org.eclipse.jetty.io.ManagedSelector -- Selector sun.nio.ch.KQueueSelectorImpl@2a63245a woken with none selected
18:14:50.703 [Jetty (JenkinsRule)-299] DEBUG org.eclipse.jetty.io.ManagedSelector -- Selector sun.nio.ch.KQueueSelectorImpl@2a63245a woken up from select, 0/0/0 selected
18:14:50.703 [Jetty (JenkinsRule)-299] DEBUG org.eclipse.jetty.io.ManagedSelector -- Selector sun.nio.ch.KQueueSelectorImpl@2a63245a processing 0 keys, 1 updates
18:14:50.703 [Jetty (JenkinsRule)-299] DEBUG org.eclipse.jetty.io.ManagedSelector -- updateable 1
18:14:50.703 [Jetty (JenkinsRule)-299] DEBUG org.eclipse.jetty.io.ManagedSelector -- update org.eclipse.jetty.io.ManagedSelector$CloseConnections@7f0c48bc
18:14:50.703 [Jetty (JenkinsRule)-299] DEBUG org.eclipse.jetty.io.ManagedSelector -- Closing 0 connections on ManagedSelector@19790bcb{STOPPING} id=3 keys=0 selected=0 updates=0
18:14:50.703 [Jetty (JenkinsRule)-299] DEBUG org.eclipse.jetty.io.ManagedSelector -- updates 0
18:14:50.703 [Jetty (JenkinsRule)-299] DEBUG org.eclipse.jetty.io.ManagedSelector -- Selector sun.nio.ch.KQueueSelectorImpl@2a63245a waiting with 0 keys
18:14:50.703 [Executing mockUpdateCredential(org.conjur.jenkins.credentials.ConjurCredentialStoreTest)] DEBUG org.eclipse.jetty.io.ManagedSelector -- Queued change lazy=false org.eclipse.jetty.io.ManagedSelector$StopSelector@6ea65db6 on ManagedSelector@19790bcb{STOPPING} id=3 keys=0 selected=0 updates=0
18:14:50.703 [Executing mockUpdateCredential(org.conjur.jenkins.credentials.ConjurCredentialStoreTest)] DEBUG org.eclipse.jetty.io.ManagedSelector -- Wakeup on submit ManagedSelector@19790bcb{STOPPING} id=3 keys=0 selected=0 updates=1
18:14:50.703 [Jetty (JenkinsRule)-299] DEBUG org.eclipse.jetty.io.ManagedSelector -- Selector sun.nio.ch.KQueueSelectorImpl@2a63245a woken with none selected
18:14:50.703 [Jetty (JenkinsRule)-299] DEBUG org.eclipse.jetty.io.ManagedSelector -- Selector sun.nio.ch.KQueueSelectorImpl@2a63245a woken up from select, 0/0/0 selected
18:14:50.703 [Jetty (JenkinsRule)-299] DEBUG org.eclipse.jetty.io.ManagedSelector -- Selector sun.nio.ch.KQueueSelectorImpl@2a63245a processing 0 keys, 1 updates
18:14:50.703 [Jetty (JenkinsRule)-299] DEBUG org.eclipse.jetty.io.ManagedSelector -- updateable 1
18:14:50.703 [Jetty (JenkinsRule)-299] DEBUG org.eclipse.jetty.io.ManagedSelector -- update org.eclipse.jetty.io.ManagedSelector$StopSelector@6ea65db6
18:14:50.703 [Jetty (JenkinsRule)-299] DEBUG org.eclipse.jetty.io.ManagedSelector -- updates 0
18:14:50.703 [Executing mockUpdateCredential(org.conjur.jenkins.credentials.ConjurCredentialStoreTest)] DEBUG org.eclipse.jetty.util.component.AbstractLifeCycle -- stopping EatWhatYouKill@75516de2/SelectorProducer@694d35b5/PRODUCING/p=false/QueuedThreadPool[Jetty (JenkinsRule)]@1c65e02b{STARTED,8<=10<=200,i=6,r=-1,q=0}[ReservedThreadExecutor@1aee6ce1{reserved=0/16,pending=0}][pc=0,pic=0,pec=0,epc=0]@2024-10-22T18:14:50.703561+05:30
18:14:50.703 [Jetty (JenkinsRule)-299] DEBUG org.eclipse.jetty.util.thread.QueuedThreadPool -- ran org.eclipse.jetty.io.ManagedSelector$$Lambda$424/0x00000001403801f8@6615c7fd in QueuedThreadPool[Jetty (JenkinsRule)]@1c65e02b{STARTED,8<=10<=200,i=6,r=-1,q=0}[ReservedThreadExecutor@1aee6ce1{reserved=0/16,pending=0}]
18:14:50.703 [Executing mockUpdateCredential(org.conjur.jenkins.credentials.ConjurCredentialStoreTest)] DEBUG org.eclipse.jetty.util.component.AbstractLifeCycle -- STOPPED EatWhatYouKill@75516de2/SelectorProducer@694d35b5/IDLE/p=false/QueuedThreadPool[Jetty (JenkinsRule)]@1c65e02b{STARTED,8<=10<=200,i=6,r=-1,q=0}[ReservedThreadExecutor@1aee6ce1{reserved=0/16,pending=0}][pc=0,pic=0,pec=0,epc=0]@2024-10-22T18:14:50.703627+05:30
18:14:50.703 [Executing mockUpdateCredential(org.conjur.jenkins.credentials.ConjurCredentialStoreTest)] DEBUG org.eclipse.jetty.util.component.AbstractLifeCycle -- STOPPED ManagedSelector@19790bcb{STOPPED} id=3 keys=-1 selected=-1 updates=0
18:14:50.703 [Executing mockUpdateCredential(org.conjur.jenkins.credentials.ConjurCredentialStoreTest)] DEBUG org.eclipse.jetty.util.component.AbstractLifeCycle -- stopping ManagedSelector@71e670ff{STARTED} id=2 keys=0 selected=0 updates=0
18:14:50.703 [Executing mockUpdateCredential(org.conjur.jenkins.credentials.ConjurCredentialStoreTest)] DEBUG org.eclipse.jetty.io.ManagedSelector -- Queued change lazy=false org.eclipse.jetty.io.ManagedSelector$CloseConnections@18ebb3f3 on ManagedSelector@71e670ff{STOPPING} id=2 keys=0 selected=0 updates=0
18:14:50.703 [Executing mockUpdateCredential(org.conjur.jenkins.credentials.ConjurCredentialStoreTest)] DEBUG org.eclipse.jetty.io.ManagedSelector -- Wakeup on submit ManagedSelector@71e670ff{STOPPING} id=2 keys=0 selected=0 updates=1
18:14:50.703 [Jetty (JenkinsRule)-298] DEBUG org.eclipse.jetty.io.ManagedSelector -- Selector sun.nio.ch.KQueueSelectorImpl@1f510273 woken with none selected
18:14:50.703 [Jetty (JenkinsRule)-298] DEBUG org.eclipse.jetty.io.ManagedSelector -- Selector sun.nio.ch.KQueueSelectorImpl@1f510273 woken up from select, 0/0/0 selected
18:14:50.703 [Jetty (JenkinsRule)-298] DEBUG org.eclipse.jetty.io.ManagedSelector -- Selector sun.nio.ch.KQueueSelectorImpl@1f510273 processing 0 keys, 1 updates
18:14:50.703 [Jetty (JenkinsRule)-298] DEBUG org.eclipse.jetty.io.ManagedSelector -- updateable 1
18:14:50.703 [Jetty (JenkinsRule)-298] DEBUG org.eclipse.jetty.io.ManagedSelector -- update org.eclipse.jetty.io.ManagedSelector$CloseConnections@18ebb3f3
18:14:50.703 [Jetty (JenkinsRule)-298] DEBUG org.eclipse.jetty.io.ManagedSelector -- Closing 0 connections on ManagedSelector@71e670ff{STOPPING} id=2 keys=0 selected=0 updates=0
18:14:50.703 [Jetty (JenkinsRule)-298] DEBUG org.eclipse.jetty.io.ManagedSelector -- updates 0
18:14:50.703 [Jetty (JenkinsRule)-298] DEBUG org.eclipse.jetty.io.ManagedSelector -- Selector sun.nio.ch.KQueueSelectorImpl@1f510273 waiting with 0 keys
18:14:50.703 [Executing mockUpdateCredential(org.conjur.jenkins.credentials.ConjurCredentialStoreTest)] DEBUG org.eclipse.jetty.io.ManagedSelector -- Queued change lazy=false org.eclipse.jetty.io.ManagedSelector$StopSelector@525ede0c on ManagedSelector@71e670ff{STOPPING} id=2 keys=0 selected=0 updates=0
18:14:50.703 [Executing mockUpdateCredential(org.conjur.jenkins.credentials.ConjurCredentialStoreTest)] DEBUG org.eclipse.jetty.io.ManagedSelector -- Wakeup on submit ManagedSelector@71e670ff{STOPPING} id=2 keys=0 selected=0 updates=1
18:14:50.703 [Jetty (JenkinsRule)-298] DEBUG org.eclipse.jetty.io.ManagedSelector -- Selector sun.nio.ch.KQueueSelectorImpl@1f510273 woken with none selected
18:14:50.703 [Jetty (JenkinsRule)-298] DEBUG org.eclipse.jetty.io.ManagedSelector -- Selector sun.nio.ch.KQueueSelectorImpl@1f510273 woken up from select, 0/0/0 selected
18:14:50.703 [Jetty (JenkinsRule)-298] DEBUG org.eclipse.jetty.io.ManagedSelector -- Selector sun.nio.ch.KQueueSelectorImpl@1f510273 processing 0 keys, 1 updates
18:14:50.703 [Jetty (JenkinsRule)-298] DEBUG org.eclipse.jetty.io.ManagedSelector -- updateable 1
18:14:50.703 [Jetty (JenkinsRule)-298] DEBUG org.eclipse.jetty.io.ManagedSelector -- update org.eclipse.jetty.io.ManagedSelector$StopSelector@525ede0c
18:14:50.704 [Jetty (JenkinsRule)-298] DEBUG org.eclipse.jetty.io.ManagedSelector -- updates 0
18:14:50.704 [Executing mockUpdateCredential(org.conjur.jenkins.credentials.ConjurCredentialStoreTest)] DEBUG org.eclipse.jetty.util.component.AbstractLifeCycle -- stopping EatWhatYouKill@34750eab/SelectorProducer@3f79f7a0/PRODUCING/p=false/QueuedThreadPool[Jetty (JenkinsRule)]@1c65e02b{STARTED,8<=10<=200,i=7,r=-1,q=0}[ReservedThreadExecutor@1aee6ce1{reserved=0/16,pending=0}][pc=0,pic=0,pec=0,epc=0]@2024-10-22T18:14:50.704058+05:30
18:14:50.704 [Jetty (JenkinsRule)-298] DEBUG org.eclipse.jetty.util.thread.QueuedThreadPool -- ran org.eclipse.jetty.io.ManagedSelector$$Lambda$424/0x00000001403801f8@66261534 in QueuedThreadPool[Jetty (JenkinsRule)]@1c65e02b{STARTED,8<=10<=200,i=7,r=-1,q=0}[ReservedThreadExecutor@1aee6ce1{reserved=0/16,pending=0}]
18:14:50.704 [Executing mockUpdateCredential(org.conjur.jenkins.credentials.ConjurCredentialStoreTest)] DEBUG org.eclipse.jetty.util.component.AbstractLifeCycle -- STOPPED EatWhatYouKill@34750eab/SelectorProducer@3f79f7a0/IDLE/p=false/QueuedThreadPool[Jetty (JenkinsRule)]@1c65e02b{STARTED,8<=10<=200,i=7,r=-1,q=0}[ReservedThreadExecutor@1aee6ce1{reserved=0/16,pending=0}][pc=0,pic=0,pec=0,epc=0]@2024-10-22T18:14:50.704127+05:30
18:14:50.704 [Executing mockUpdateCredential(org.conjur.jenkins.credentials.ConjurCredentialStoreTest)] DEBUG org.eclipse.jetty.util.component.AbstractLifeCycle -- STOPPED ManagedSelector@71e670ff{STOPPED} id=2 keys=-1 selected=-1 updates=0
18:14:50.704 [Executing mockUpdateCredential(org.conjur.jenkins.credentials.ConjurCredentialStoreTest)] DEBUG org.eclipse.jetty.util.component.AbstractLifeCycle -- stopping ManagedSelector@39f7a881{STARTED} id=1 keys=0 selected=0 updates=0
18:14:50.704 [Executing mockUpdateCredential(org.conjur.jenkins.credentials.ConjurCredentialStoreTest)] DEBUG org.eclipse.jetty.io.ManagedSelector -- Queued change lazy=false org.eclipse.jetty.io.ManagedSelector$CloseConnections@4f0a2553 on ManagedSelector@39f7a881{STOPPING} id=1 keys=0 selected=0 updates=0
18:14:50.704 [Executing mockUpdateCredential(org.conjur.jenkins.credentials.ConjurCredentialStoreTest)] DEBUG org.eclipse.jetty.io.ManagedSelector -- Wakeup on submit ManagedSelector@39f7a881{STOPPING} id=1 keys=0 selected=0 updates=1
18:14:50.704 [Jetty (JenkinsRule)-297] DEBUG org.eclipse.jetty.io.ManagedSelector -- Selector sun.nio.ch.KQueueSelectorImpl@32eb29e3 woken with none selected
18:14:50.704 [Jetty (JenkinsRule)-297] DEBUG org.eclipse.jetty.io.ManagedSelector -- Selector sun.nio.ch.KQueueSelectorImpl@32eb29e3 woken up from select, 0/0/0 selected
18:14:50.704 [Jetty (JenkinsRule)-297] DEBUG org.eclipse.jetty.io.ManagedSelector -- Selector sun.nio.ch.KQueueSelectorImpl@32eb29e3 processing 0 keys, 1 updates
18:14:50.704 [Jetty (JenkinsRule)-297] DEBUG org.eclipse.jetty.io.ManagedSelector -- updateable 1
18:14:50.704 [Jetty (JenkinsRule)-297] DEBUG org.eclipse.jetty.io.ManagedSelector -- update org.eclipse.jetty.io.ManagedSelector$CloseConnections@4f0a2553
18:14:50.704 [Jetty (JenkinsRule)-297] DEBUG org.eclipse.jetty.io.ManagedSelector -- Closing 0 connections on ManagedSelector@39f7a881{STOPPING} id=1 keys=0 selected=0 updates=0
18:14:50.704 [Jetty (JenkinsRule)-297] DEBUG org.eclipse.jetty.io.ManagedSelector -- updates 0
18:14:50.704 [Jetty (JenkinsRule)-297] DEBUG org.eclipse.jetty.io.ManagedSelector -- Selector sun.nio.ch.KQueueSelectorImpl@32eb29e3 waiting with 0 keys
18:14:50.704 [Executing mockUpdateCredential(org.conjur.jenkins.credentials.ConjurCredentialStoreTest)] DEBUG org.eclipse.jetty.io.ManagedSelector -- Queued change lazy=false org.eclipse.jetty.io.ManagedSelector$StopSelector@139d9ae9 on ManagedSelector@39f7a881{STOPPING} id=1 keys=0 selected=0 updates=0
18:14:50.704 [Executing mockUpdateCredential(org.conjur.jenkins.credentials.ConjurCredentialStoreTest)] DEBUG org.eclipse.jetty.io.ManagedSelector -- Wakeup on submit ManagedSelector@39f7a881{STOPPING} id=1 keys=0 selected=0 updates=1
18:14:50.704 [Jetty (JenkinsRule)-297] DEBUG org.eclipse.jetty.io.ManagedSelector -- Selector sun.nio.ch.KQueueSelectorImpl@32eb29e3 woken with none selected
18:14:50.704 [Jetty (JenkinsRule)-297] DEBUG org.eclipse.jetty.io.ManagedSelector -- Selector sun.nio.ch.KQueueSelectorImpl@32eb29e3 woken up from select, 0/0/0 selected
18:14:50.704 [Jetty (JenkinsRule)-297] DEBUG org.eclipse.jetty.io.ManagedSelector -- Selector sun.nio.ch.KQueueSelectorImpl@32eb29e3 processing 0 keys, 1 updates
18:14:50.704 [Jetty (JenkinsRule)-297] DEBUG org.eclipse.jetty.io.ManagedSelector -- updateable 1
18:14:50.704 [Jetty (JenkinsRule)-297] DEBUG org.eclipse.jetty.io.ManagedSelector -- update org.eclipse.jetty.io.ManagedSelector$StopSelector@139d9ae9
18:14:50.704 [Jetty (JenkinsRule)-297] DEBUG org.eclipse.jetty.io.ManagedSelector -- updates 0
18:14:50.704 [Jetty (JenkinsRule)-297] DEBUG org.eclipse.jetty.util.thread.QueuedThreadPool -- ran org.eclipse.jetty.io.ManagedSelector$$Lambda$424/0x00000001403801f8@16b41acb in QueuedThreadPool[Jetty (JenkinsRule)]@1c65e02b{STARTED,8<=10<=200,i=8,r=-1,q=0}[ReservedThreadExecutor@1aee6ce1{reserved=0/16,pending=0}]
18:14:50.704 [Executing mockUpdateCredential(org.conjur.jenkins.credentials.ConjurCredentialStoreTest)] DEBUG org.eclipse.jetty.util.component.AbstractLifeCycle -- stopping EatWhatYouKill@b8000ed/SelectorProducer@3c1e59e1/IDLE/p=false/QueuedThreadPool[Jetty (JenkinsRule)]@1c65e02b{STARTED,8<=10<=200,i=8,r=-1,q=0}[ReservedThreadExecutor@1aee6ce1{reserved=0/16,pending=0}][pc=0,pic=0,pec=0,epc=0]@2024-10-22T18:14:50.704743+05:30
18:14:50.704 [Executing mockUpdateCredential(org.conjur.jenkins.credentials.ConjurCredentialStoreTest)] DEBUG org.eclipse.jetty.util.component.AbstractLifeCycle -- STOPPED EatWhatYouKill@b8000ed/SelectorProducer@3c1e59e1/IDLE/p=false/QueuedThreadPool[Jetty (JenkinsRule)]@1c65e02b{STARTED,8<=10<=200,i=9,r=-1,q=0}[ReservedThreadExecutor@1aee6ce1{reserved=0/16,pending=0}][pc=0,pic=0,pec=0,epc=0]@2024-10-22T18:14:50.704802+05:30
18:14:50.704 [Executing mockUpdateCredential(org.conjur.jenkins.credentials.ConjurCredentialStoreTest)] DEBUG org.eclipse.jetty.util.component.AbstractLifeCycle -- STOPPED ManagedSelector@39f7a881{STOPPED} id=1 keys=-1 selected=-1 updates=0
18:14:50.704 [Executing mockUpdateCredential(org.conjur.jenkins.credentials.ConjurCredentialStoreTest)] DEBUG org.eclipse.jetty.util.component.AbstractLifeCycle -- stopping ManagedSelector@7efe6e2a{STARTED} id=0 keys=0 selected=0 updates=0
18:14:50.704 [Executing mockUpdateCredential(org.conjur.jenkins.credentials.ConjurCredentialStoreTest)] DEBUG org.eclipse.jetty.io.ManagedSelector -- Queued change lazy=false org.eclipse.jetty.io.ManagedSelector$CloseConnections@562cc742 on ManagedSelector@7efe6e2a{STOPPING} id=0 keys=0 selected=0 updates=0
18:14:50.704 [Executing mockUpdateCredential(org.conjur.jenkins.credentials.ConjurCredentialStoreTest)] DEBUG org.eclipse.jetty.io.ManagedSelector -- Wakeup on submit ManagedSelector@7efe6e2a{STOPPING} id=0 keys=0 selected=0 updates=1
18:14:50.704 [Jetty (JenkinsRule)-296] DEBUG org.eclipse.jetty.io.ManagedSelector -- Selector sun.nio.ch.KQueueSelectorImpl@6f5801d9 woken with none selected
18:14:50.704 [Jetty (JenkinsRule)-296] DEBUG org.eclipse.jetty.io.ManagedSelector -- Selector sun.nio.ch.KQueueSelectorImpl@6f5801d9 woken up from select, 0/0/0 selected
18:14:50.705 [Jetty (JenkinsRule)-296] DEBUG org.eclipse.jetty.io.ManagedSelector -- Selector sun.nio.ch.KQueueSelectorImpl@6f5801d9 processing 0 keys, 1 updates
18:14:50.705 [Jetty (JenkinsRule)-296] DEBUG org.eclipse.jetty.io.ManagedSelector -- updateable 1
18:14:50.705 [Jetty (JenkinsRule)-296] DEBUG org.eclipse.jetty.io.ManagedSelector -- update org.eclipse.jetty.io.ManagedSelector$CloseConnections@562cc742
18:14:50.705 [Jetty (JenkinsRule)-296] DEBUG org.eclipse.jetty.io.ManagedSelector -- Closing 0 connections on ManagedSelector@7efe6e2a{STOPPING} id=0 keys=0 selected=0 updates=0
18:14:50.705 [Jetty (JenkinsRule)-296] DEBUG org.eclipse.jetty.io.ManagedSelector -- updates 0
18:14:50.705 [Jetty (JenkinsRule)-296] DEBUG org.eclipse.jetty.io.ManagedSelector -- Selector sun.nio.ch.KQueueSelectorImpl@6f5801d9 waiting with 0 keys
18:14:50.705 [Executing mockUpdateCredential(org.conjur.jenkins.credentials.ConjurCredentialStoreTest)] DEBUG org.eclipse.jetty.io.ManagedSelector -- Queued change lazy=false org.eclipse.jetty.io.ManagedSelector$StopSelector@72a6cd35 on ManagedSelector@7efe6e2a{STOPPING} id=0 keys=0 selected=0 updates=0
18:14:50.705 [Executing mockUpdateCredential(org.conjur.jenkins.credentials.ConjurCredentialStoreTest)] DEBUG org.eclipse.jetty.io.ManagedSelector -- Wakeup on submit ManagedSelector@7efe6e2a{STOPPING} id=0 keys=0 selected=0 updates=1
18:14:50.705 [Jetty (JenkinsRule)-296] DEBUG org.eclipse.jetty.io.ManagedSelector -- Selector sun.nio.ch.KQueueSelectorImpl@6f5801d9 woken with none selected
18:14:50.705 [Jetty (JenkinsRule)-296] DEBUG org.eclipse.jetty.io.ManagedSelector -- Selector sun.nio.ch.KQueueSelectorImpl@6f5801d9 woken up from select, 0/0/0 selected
18:14:50.705 [Jetty (JenkinsRule)-296] DEBUG org.eclipse.jetty.io.ManagedSelector -- Selector sun.nio.ch.KQueueSelectorImpl@6f5801d9 processing 0 keys, 1 updates
18:14:50.705 [Jetty (JenkinsRule)-296] DEBUG org.eclipse.jetty.io.ManagedSelector -- updateable 1
18:14:50.705 [Jetty (JenkinsRule)-296] DEBUG org.eclipse.jetty.io.ManagedSelector -- update org.eclipse.jetty.io.ManagedSelector$StopSelector@72a6cd35
18:14:50.705 [Jetty (JenkinsRule)-296] DEBUG org.eclipse.jetty.io.ManagedSelector -- updates 0
18:14:50.705 [Executing mockUpdateCredential(org.conjur.jenkins.credentials.ConjurCredentialStoreTest)] DEBUG org.eclipse.jetty.util.component.AbstractLifeCycle -- stopping EatWhatYouKill@1fe5099d/SelectorProducer@5ffb42e9/PRODUCING/p=false/QueuedThreadPool[Jetty (JenkinsRule)]@1c65e02b{STARTED,8<=10<=200,i=9,r=-1,q=0}[ReservedThreadExecutor@1aee6ce1{reserved=0/16,pending=0}][pc=0,pic=0,pec=0,epc=0]@2024-10-22T18:14:50.705358+05:30
18:14:50.705 [Jetty (JenkinsRule)-296] DEBUG org.eclipse.jetty.util.thread.QueuedThreadPool -- ran org.eclipse.jetty.io.ManagedSelector$$Lambda$424/0x00000001403801f8@71e29219 in QueuedThreadPool[Jetty (JenkinsRule)]@1c65e02b{STARTED,8<=10<=200,i=9,r=-1,q=0}[ReservedThreadExecutor@1aee6ce1{reserved=0/16,pending=0}]
18:14:50.705 [Executing mockUpdateCredential(org.conjur.jenkins.credentials.ConjurCredentialStoreTest)] DEBUG org.eclipse.jetty.util.component.AbstractLifeCycle -- STOPPED EatWhatYouKill@1fe5099d/SelectorProducer@5ffb42e9/IDLE/p=false/QueuedThreadPool[Jetty (JenkinsRule)]@1c65e02b{STARTED,8<=10<=200,i=9,r=-1,q=0}[ReservedThreadExecutor@1aee6ce1{reserved=0/16,pending=0}][pc=0,pic=0,pec=0,epc=0]@2024-10-22T18:14:50.705421+05:30
18:14:50.705 [Executing mockUpdateCredential(org.conjur.jenkins.credentials.ConjurCredentialStoreTest)] DEBUG org.eclipse.jetty.util.component.AbstractLifeCycle -- STOPPED ManagedSelector@7efe6e2a{STOPPED} id=0 keys=-1 selected=-1 updates=0
18:14:50.705 [Executing mockUpdateCredential(org.conjur.jenkins.credentials.ConjurCredentialStoreTest)] DEBUG org.eclipse.jetty.util.component.AbstractLifeCycle -- STOPPED SelectorManager@ServerConnector@39947c9b{HTTP/1.1, (http/1.1)}{localhost:0}
18:14:50.705 [Executing mockUpdateCredential(org.conjur.jenkins.credentials.ConjurCredentialStoreTest)] DEBUG org.eclipse.jetty.util.component.AbstractLifeCycle -- stopping HttpConnectionFactory@633f33c3[HTTP/1.1]
18:14:50.705 [Executing mockUpdateCredential(org.conjur.jenkins.credentials.ConjurCredentialStoreTest)] DEBUG org.eclipse.jetty.util.component.AbstractLifeCycle -- STOPPED HttpConnectionFactory@633f33c3[HTTP/1.1]
18:14:50.705 [Executing mockUpdateCredential(org.conjur.jenkins.credentials.ConjurCredentialStoreTest)] DEBUG org.eclipse.jetty.util.component.AbstractLifeCycle -- stopping ScheduledExecutorScheduler@1f3901dd{STARTED}
18:14:50.705 [Executing mockUpdateCredential(org.conjur.jenkins.credentials.ConjurCredentialStoreTest)] DEBUG org.eclipse.jetty.util.component.AbstractLifeCycle -- STOPPED ScheduledExecutorScheduler@1f3901dd{STOPPED}
18:14:50.705 [Executing mockUpdateCredential(org.conjur.jenkins.credentials.ConjurCredentialStoreTest)] INFO org.eclipse.jetty.server.AbstractConnector -- Stopped ServerConnector@39947c9b{HTTP/1.1, (http/1.1)}{localhost:0}
18:14:50.705 [Executing mockUpdateCredential(org.conjur.jenkins.credentials.ConjurCredentialStoreTest)] DEBUG org.eclipse.jetty.util.component.AbstractLifeCycle -- STOPPED ServerConnector@39947c9b{HTTP/1.1, (http/1.1)}{localhost:0}
18:14:50.705 [Executing mockUpdateCredential(org.conjur.jenkins.credentials.ConjurCredentialStoreTest)] DEBUG org.eclipse.jetty.server.handler.AbstractHandler -- stopping Server@5d58ea10{STOPPING}[9.4.48.v20220622]
18:14:50.705 [Executing mockUpdateCredential(org.conjur.jenkins.credentials.ConjurCredentialStoreTest)] DEBUG org.eclipse.jetty.util.component.AbstractLifeCycle -- stopping DefaultSessionIdManager@5324a31b{STARTED}[worker=node0]
18:14:50.705 [Executing mockUpdateCredential(org.conjur.jenkins.credentials.ConjurCredentialStoreTest)] DEBUG org.eclipse.jetty.util.component.AbstractLifeCycle -- stopping HouseKeeper@c24c262{STARTED}[interval=600000, ownscheduler=true]
18:14:50.705 [Executing mockUpdateCredential(org.conjur.jenkins.credentials.ConjurCredentialStoreTest)] INFO org.eclipse.jetty.server.session -- node0 Stopped scavenging
18:14:50.705 [Executing mockUpdateCredential(org.conjur.jenkins.credentials.ConjurCredentialStoreTest)] DEBUG org.eclipse.jetty.util.component.AbstractLifeCycle -- stopping ScheduledExecutorScheduler@484111ca{STARTED}
18:14:50.705 [Executing mockUpdateCredential(org.conjur.jenkins.credentials.ConjurCredentialStoreTest)] DEBUG org.eclipse.jetty.util.component.AbstractLifeCycle -- STOPPED ScheduledExecutorScheduler@484111ca{STOPPED}
18:14:50.705 [Executing mockUpdateCredential(org.conjur.jenkins.credentials.ConjurCredentialStoreTest)] DEBUG org.eclipse.jetty.util.component.AbstractLifeCycle -- STOPPED HouseKeeper@c24c262{STOPPED}[interval=600000, ownscheduler=false]
18:14:50.705 [Executing mockUpdateCredential(org.conjur.jenkins.credentials.ConjurCredentialStoreTest)] DEBUG org.eclipse.jetty.util.component.AbstractLifeCycle -- STOPPED DefaultSessionIdManager@5324a31b{STOPPED}[worker=node0]
18:14:50.705 [Executing mockUpdateCredential(org.conjur.jenkins.credentials.ConjurCredentialStoreTest)] DEBUG org.eclipse.jetty.util.component.AbstractLifeCycle -- stopping ErrorHandler@4b8de{STARTED}
18:14:50.705 [Executing mockUpdateCredential(org.conjur.jenkins.credentials.ConjurCredentialStoreTest)] DEBUG org.eclipse.jetty.server.handler.AbstractHandler -- stopping ErrorHandler@4b8de{STOPPING}
18:14:50.705 [Executing mockUpdateCredential(org.conjur.jenkins.credentials.ConjurCredentialStoreTest)] DEBUG org.eclipse.jetty.util.component.AbstractLifeCycle -- STOPPED ErrorHandler@4b8de{STOPPED}
18:14:50.705 [Executing mockUpdateCredential(org.conjur.jenkins.credentials.ConjurCredentialStoreTest)] DEBUG org.eclipse.jetty.util.component.AbstractLifeCycle -- stopping o.e.j.w.WebAppContext@5f18d7d0{Jenkins v2.346.3,/jenkins,file:///Users/sameer.shaik/MyWorkSpace/17OctV2.2.3-New-BitBucketIssueFixed/conjur-credentials-plugin/target/jenkins-for-test/,SHUTDOWN}{/Users/sameer.shaik/MyWorkSpace/17OctV2.2.3-New-BitBucketIssueFixed/conjur-credentials-plugin/target/jenkins-for-test}
18:14:50.706 [Executing mockUpdateCredential(org.conjur.jenkins.credentials.ConjurCredentialStoreTest)] DEBUG org.eclipse.jetty.server.handler.AbstractHandlerContainer -- Graceful shutdown o.e.j.w.WebAppContext@5f18d7d0{Jenkins v2.346.3,/jenkins,file:///Users/sameer.shaik/MyWorkSpace/17OctV2.2.3-New-BitBucketIssueFixed/conjur-credentials-plugin/target/jenkins-for-test/,SHUTDOWN}{/Users/sameer.shaik/MyWorkSpace/17OctV2.2.3-New-BitBucketIssueFixed/conjur-credentials-plugin/target/jenkins-for-test} by 
18:14:50.706 [Executing mockUpdateCredential(org.conjur.jenkins.credentials.ConjurCredentialStoreTest)] DEBUG org.eclipse.jetty.server.handler.AbstractHandler -- stopping o.e.j.w.WebAppContext@5f18d7d0{Jenkins v2.346.3,/jenkins,file:///Users/sameer.shaik/MyWorkSpace/17OctV2.2.3-New-BitBucketIssueFixed/conjur-credentials-plugin/target/jenkins-for-test/,STOPPED}{/Users/sameer.shaik/MyWorkSpace/17OctV2.2.3-New-BitBucketIssueFixed/conjur-credentials-plugin/target/jenkins-for-test}
18:14:50.706 [Executing mockUpdateCredential(org.conjur.jenkins.credentials.ConjurCredentialStoreTest)] DEBUG org.eclipse.jetty.util.component.AbstractLifeCycle -- stopping NoListenerConfiguration@5a89db83{STARTED}
18:14:50.706 [Executing mockUpdateCredential(org.conjur.jenkins.credentials.ConjurCredentialStoreTest)] DEBUG org.eclipse.jetty.util.component.AbstractLifeCycle -- STOPPED NoListenerConfiguration@5a89db83{STOPPED}
18:14:50.706 [Executing mockUpdateCredential(org.conjur.jenkins.credentials.ConjurCredentialStoreTest)] DEBUG org.eclipse.jetty.util.component.AbstractLifeCycle -- stopping ErrorPageErrorHandler@39394c81{STARTED}
18:14:50.706 [Executing mockUpdateCredential(org.conjur.jenkins.credentials.ConjurCredentialStoreTest)] DEBUG org.eclipse.jetty.server.handler.AbstractHandler -- stopping ErrorPageErrorHandler@39394c81{STOPPING}
18:14:50.706 [Executing mockUpdateCredential(org.conjur.jenkins.credentials.ConjurCredentialStoreTest)] DEBUG org.eclipse.jetty.util.component.AbstractLifeCycle -- STOPPED ErrorPageErrorHandler@39394c81{STOPPED}
18:14:50.706 [Executing mockUpdateCredential(org.conjur.jenkins.credentials.ConjurCredentialStoreTest)] DEBUG org.eclipse.jetty.util.component.AbstractLifeCycle -- stopping org.eclipse.jetty.server.session.SessionHandler1031214431==dftMaxIdleSec=1800
18:14:50.706 [Executing mockUpdateCredential(org.conjur.jenkins.credentials.ConjurCredentialStoreTest)] DEBUG org.eclipse.jetty.server.session -- Shutdown sessions, invalidating = false
18:14:50.706 [Executing mockUpdateCredential(org.conjur.jenkins.credentials.ConjurCredentialStoreTest)] DEBUG org.eclipse.jetty.util.component.AbstractLifeCycle -- stopping org.eclipse.jetty.server.session.DefaultSessionCache@38ff9bcf[evict=-1,removeUnloadable=false,saveOnCreate=false,saveOnInactiveEvict=false]
18:14:50.706 [Executing mockUpdateCredential(org.conjur.jenkins.credentials.ConjurCredentialStoreTest)] DEBUG org.eclipse.jetty.util.component.AbstractLifeCycle -- stopping org.eclipse.jetty.server.session.NullSessionDataStore@4e8be859[passivating=false,graceSec=3600]
18:14:50.706 [Executing mockUpdateCredential(org.conjur.jenkins.credentials.ConjurCredentialStoreTest)] DEBUG org.eclipse.jetty.util.component.AbstractLifeCycle -- STOPPED org.eclipse.jetty.server.session.NullSessionDataStore@4e8be859[passivating=false,graceSec=3600]
18:14:50.706 [Executing mockUpdateCredential(org.conjur.jenkins.credentials.ConjurCredentialStoreTest)] DEBUG org.eclipse.jetty.util.component.AbstractLifeCycle -- STOPPED org.eclipse.jetty.server.session.DefaultSessionCache@38ff9bcf[evict=-1,removeUnloadable=false,saveOnCreate=false,saveOnInactiveEvict=false]
18:14:50.706 [Executing mockUpdateCredential(org.conjur.jenkins.credentials.ConjurCredentialStoreTest)] DEBUG org.eclipse.jetty.util.component.AbstractLifeCycle -- stopping ScheduledExecutorScheduler@2f53adf8{STARTED}
18:14:50.706 [Executing mockUpdateCredential(org.conjur.jenkins.credentials.ConjurCredentialStoreTest)] DEBUG org.eclipse.jetty.util.component.AbstractLifeCycle -- STOPPED ScheduledExecutorScheduler@2f53adf8{STOPPED}
18:14:50.706 [Executing mockUpdateCredential(org.conjur.jenkins.credentials.ConjurCredentialStoreTest)] DEBUG org.eclipse.jetty.server.handler.AbstractHandler -- stopping org.eclipse.jetty.server.session.SessionHandler1031214431==dftMaxIdleSec=1800
18:14:50.706 [Executing mockUpdateCredential(org.conjur.jenkins.credentials.ConjurCredentialStoreTest)] DEBUG org.eclipse.jetty.util.component.AbstractLifeCycle -- stopping ConstraintSecurityHandler@24c8e376{STARTED}
18:14:50.706 [Executing mockUpdateCredential(org.conjur.jenkins.credentials.ConjurCredentialStoreTest)] DEBUG org.eclipse.jetty.server.handler.AbstractHandler -- stopping ConstraintSecurityHandler@24c8e376{STOPPING}
18:14:50.706 [Executing mockUpdateCredential(org.conjur.jenkins.credentials.ConjurCredentialStoreTest)] DEBUG org.eclipse.jetty.util.component.AbstractLifeCycle -- stopping HashLoginService@5f70f9c8[default]
18:14:50.706 [Executing mockUpdateCredential(org.conjur.jenkins.credentials.ConjurCredentialStoreTest)] DEBUG org.eclipse.jetty.util.component.AbstractLifeCycle -- stopping UserStore@1bd5d9c0{STARTED}
18:14:50.706 [Executing mockUpdateCredential(org.conjur.jenkins.credentials.ConjurCredentialStoreTest)] DEBUG org.eclipse.jetty.util.component.AbstractLifeCycle -- STOPPED UserStore@1bd5d9c0{STOPPED}
18:14:50.706 [Executing mockUpdateCredential(org.conjur.jenkins.credentials.ConjurCredentialStoreTest)] DEBUG org.eclipse.jetty.util.component.AbstractLifeCycle -- STOPPED HashLoginService@5f70f9c8[default]
18:14:50.706 [Executing mockUpdateCredential(org.conjur.jenkins.credentials.ConjurCredentialStoreTest)] DEBUG org.eclipse.jetty.util.component.AbstractLifeCycle -- stopping ServletHandler@3c617bbf{STARTED}
18:14:50.706 [Executing mockUpdateCredential(org.conjur.jenkins.credentials.ConjurCredentialStoreTest)] DEBUG org.eclipse.jetty.server.handler.AbstractHandler -- stopping ServletHandler@3c617bbf{STOPPING}
18:14:50.706 [Executing mockUpdateCredential(org.conjur.jenkins.credentials.ConjurCredentialStoreTest)] DEBUG org.eclipse.jetty.util.component.AbstractLifeCycle -- stopping plugins-filter==hudson.util.PluginServletFilter@32f5f8f3{inst=true,async=true,src=DESCRIPTOR:file:///Users/sameer.shaik/MyWorkSpace/17OctV2.2.3-New-BitBucketIssueFixed/conjur-credentials-plugin/target/jenkins-for-test/WEB-INF/web.xml}
18:14:50.706 [Executing mockUpdateCredential(org.conjur.jenkins.credentials.ConjurCredentialStoreTest)] DEBUG org.eclipse.jetty.util.component.AbstractLifeCycle -- STOPPED plugins-filter==hudson.util.PluginServletFilter@32f5f8f3{inst=false,async=true,src=DESCRIPTOR:file:///Users/sameer.shaik/MyWorkSpace/17OctV2.2.3-New-BitBucketIssueFixed/conjur-credentials-plugin/target/jenkins-for-test/WEB-INF/web.xml}
18:14:50.706 [Executing mockUpdateCredential(org.conjur.jenkins.credentials.ConjurCredentialStoreTest)] DEBUG org.eclipse.jetty.util.component.AbstractLifeCycle -- stopping csrf-filter==hudson.security.csrf.CrumbFilter@5ef51eef{inst=true,async=true,src=DESCRIPTOR:file:///Users/sameer.shaik/MyWorkSpace/17OctV2.2.3-New-BitBucketIssueFixed/conjur-credentials-plugin/target/jenkins-for-test/WEB-INF/web.xml}
18:14:50.706 [Executing mockUpdateCredential(org.conjur.jenkins.credentials.ConjurCredentialStoreTest)] DEBUG org.eclipse.jetty.util.component.AbstractLifeCycle -- STOPPED csrf-filter==hudson.security.csrf.CrumbFilter@5ef51eef{inst=false,async=true,src=DESCRIPTOR:file:///Users/sameer.shaik/MyWorkSpace/17OctV2.2.3-New-BitBucketIssueFixed/conjur-credentials-plugin/target/jenkins-for-test/WEB-INF/web.xml}
18:14:50.706 [Executing mockUpdateCredential(org.conjur.jenkins.credentials.ConjurCredentialStoreTest)] DEBUG org.eclipse.jetty.util.component.AbstractLifeCycle -- stopping authentication-filter==hudson.security.HudsonFilter@446e8372{inst=true,async=true,src=DESCRIPTOR:file:///Users/sameer.shaik/MyWorkSpace/17OctV2.2.3-New-BitBucketIssueFixed/conjur-credentials-plugin/target/jenkins-for-test/WEB-INF/web.xml}
18:14:50.706 [Executing mockUpdateCredential(org.conjur.jenkins.credentials.ConjurCredentialStoreTest)] DEBUG org.eclipse.jetty.util.component.AbstractLifeCycle -- STOPPED authentication-filter==hudson.security.HudsonFilter@446e8372{inst=false,async=true,src=DESCRIPTOR:file:///Users/sameer.shaik/MyWorkSpace/17OctV2.2.3-New-BitBucketIssueFixed/conjur-credentials-plugin/target/jenkins-for-test/WEB-INF/web.xml}
18:14:50.706 [Executing mockUpdateCredential(org.conjur.jenkins.credentials.ConjurCredentialStoreTest)] DEBUG org.eclipse.jetty.util.component.AbstractLifeCycle -- stopping compression-filter==org.kohsuke.stapler.compression.CompressionFilter@698a6ff3{inst=true,async=true,src=DESCRIPTOR:file:///Users/sameer.shaik/MyWorkSpace/17OctV2.2.3-New-BitBucketIssueFixed/conjur-credentials-plugin/target/jenkins-for-test/WEB-INF/web.xml}
18:14:50.706 [Executing mockUpdateCredential(org.conjur.jenkins.credentials.ConjurCredentialStoreTest)] DEBUG org.eclipse.jetty.util.component.AbstractLifeCycle -- STOPPED compression-filter==org.kohsuke.stapler.compression.CompressionFilter@698a6ff3{inst=false,async=true,src=DESCRIPTOR:file:///Users/sameer.shaik/MyWorkSpace/17OctV2.2.3-New-BitBucketIssueFixed/conjur-credentials-plugin/target/jenkins-for-test/WEB-INF/web.xml}
18:14:50.706 [Executing mockUpdateCredential(org.conjur.jenkins.credentials.ConjurCredentialStoreTest)] DEBUG org.eclipse.jetty.util.component.AbstractLifeCycle -- stopping encoding-filter==hudson.util.CharacterEncodingFilter@78a289d3{inst=true,async=true,src=DESCRIPTOR:file:///Users/sameer.shaik/MyWorkSpace/17OctV2.2.3-New-BitBucketIssueFixed/conjur-credentials-plugin/target/jenkins-for-test/WEB-INF/web.xml}
18:14:50.706 [Executing mockUpdateCredential(org.conjur.jenkins.credentials.ConjurCredentialStoreTest)] DEBUG org.eclipse.jetty.util.component.AbstractLifeCycle -- STOPPED encoding-filter==hudson.util.CharacterEncodingFilter@78a289d3{inst=false,async=true,src=DESCRIPTOR:file:///Users/sameer.shaik/MyWorkSpace/17OctV2.2.3-New-BitBucketIssueFixed/conjur-credentials-plugin/target/jenkins-for-test/WEB-INF/web.xml}
18:14:50.706 [Executing mockUpdateCredential(org.conjur.jenkins.credentials.ConjurCredentialStoreTest)] DEBUG org.eclipse.jetty.util.component.AbstractLifeCycle -- stopping diagnostic-name-filter==org.kohsuke.stapler.DiagnosticThreadNameFilter@17a1a414{inst=true,async=true,src=DESCRIPTOR:file:///Users/sameer.shaik/MyWorkSpace/17OctV2.2.3-New-BitBucketIssueFixed/conjur-credentials-plugin/target/jenkins-for-test/WEB-INF/web.xml}
18:14:50.706 [Executing mockUpdateCredential(org.conjur.jenkins.credentials.ConjurCredentialStoreTest)] DEBUG org.eclipse.jetty.util.component.AbstractLifeCycle -- STOPPED diagnostic-name-filter==org.kohsuke.stapler.DiagnosticThreadNameFilter@17a1a414{inst=false,async=true,src=DESCRIPTOR:file:///Users/sameer.shaik/MyWorkSpace/17OctV2.2.3-New-BitBucketIssueFixed/conjur-credentials-plugin/target/jenkins-for-test/WEB-INF/web.xml}
18:14:50.706 [Executing mockUpdateCredential(org.conjur.jenkins.credentials.ConjurCredentialStoreTest)] DEBUG org.eclipse.jetty.util.component.AbstractLifeCycle -- stopping suspicious-request-filter==jenkins.security.SuspiciousRequestFilter@66096818{inst=true,async=true,src=DESCRIPTOR:file:///Users/sameer.shaik/MyWorkSpace/17OctV2.2.3-New-BitBucketIssueFixed/conjur-credentials-plugin/target/jenkins-for-test/WEB-INF/web.xml}
18:14:50.706 [Executing mockUpdateCredential(org.conjur.jenkins.credentials.ConjurCredentialStoreTest)] DEBUG org.eclipse.jetty.util.component.AbstractLifeCycle -- STOPPED suspicious-request-filter==jenkins.security.SuspiciousRequestFilter@66096818{inst=false,async=true,src=DESCRIPTOR:file:///Users/sameer.shaik/MyWorkSpace/17OctV2.2.3-New-BitBucketIssueFixed/conjur-credentials-plugin/target/jenkins-for-test/WEB-INF/web.xml}
18:14:50.706 [Executing mockUpdateCredential(org.conjur.jenkins.credentials.ConjurCredentialStoreTest)] DEBUG org.eclipse.jetty.util.component.AbstractLifeCycle -- stopping Stapler==org.kohsuke.stapler.Stapler@f222d1a9{jsp=null,order=-1,inst=false,async=true,src=DESCRIPTOR:file:///Users/sameer.shaik/MyWorkSpace/17OctV2.2.3-New-BitBucketIssueFixed/conjur-credentials-plugin/target/jenkins-for-test/WEB-INF/web.xml,STARTED}
18:14:50.706 [Executing mockUpdateCredential(org.conjur.jenkins.credentials.ConjurCredentialStoreTest)] DEBUG org.eclipse.jetty.util.component.AbstractLifeCycle -- STOPPED Stapler==org.kohsuke.stapler.Stapler@f222d1a9{jsp=null,order=-1,inst=false,async=true,src=DESCRIPTOR:file:///Users/sameer.shaik/MyWorkSpace/17OctV2.2.3-New-BitBucketIssueFixed/conjur-credentials-plugin/target/jenkins-for-test/WEB-INF/web.xml,STOPPED}
18:14:50.707 [Executing mockUpdateCredential(org.conjur.jenkins.credentials.ConjurCredentialStoreTest)] DEBUG org.eclipse.jetty.util.component.AbstractLifeCycle -- stopping jsp==org.eclipse.jetty.servlet.NoJspServlet@19c47{jsp=null,order=0,inst=true,async=false,src=DESCRIPTOR:jar:file:/Users/sameer.shaik/.m2/repository/org/eclipse/jetty/jetty-webapp/9.4.48.v20220622/jetty-webapp-9.4.48.v20220622.jar!/org/eclipse/jetty/webapp/webdefault.xml,STARTED}
18:14:50.707 [Executing mockUpdateCredential(org.conjur.jenkins.credentials.ConjurCredentialStoreTest)] DEBUG org.eclipse.jetty.util.component.AbstractLifeCycle -- STOPPED jsp==org.eclipse.jetty.servlet.NoJspServlet@19c47{jsp=null,order=0,inst=false,async=false,src=DESCRIPTOR:jar:file:/Users/sameer.shaik/.m2/repository/org/eclipse/jetty/jetty-webapp/9.4.48.v20220622/jetty-webapp-9.4.48.v20220622.jar!/org/eclipse/jetty/webapp/webdefault.xml,STOPPED}
18:14:50.707 [Executing mockUpdateCredential(org.conjur.jenkins.credentials.ConjurCredentialStoreTest)] DEBUG org.eclipse.jetty.util.component.AbstractLifeCycle -- stopping default==org.eclipse.jetty.servlet.DefaultServlet@5c13d641{jsp=null,order=0,inst=true,async=false,src=DESCRIPTOR:jar:file:/Users/sameer.shaik/.m2/repository/org/eclipse/jetty/jetty-webapp/9.4.48.v20220622/jetty-webapp-9.4.48.v20220622.jar!/org/eclipse/jetty/webapp/webdefault.xml,STARTED}
18:14:50.707 [Executing mockUpdateCredential(org.conjur.jenkins.credentials.ConjurCredentialStoreTest)] DEBUG org.eclipse.jetty.util.component.AbstractLifeCycle -- STOPPED default==org.eclipse.jetty.servlet.DefaultServlet@5c13d641{jsp=null,order=0,inst=false,async=false,src=DESCRIPTOR:jar:file:/Users/sameer.shaik/.m2/repository/org/eclipse/jetty/jetty-webapp/9.4.48.v20220622/jetty-webapp-9.4.48.v20220622.jar!/org/eclipse/jetty/webapp/webdefault.xml,STOPPED}
18:14:50.707 [Executing mockUpdateCredential(org.conjur.jenkins.credentials.ConjurCredentialStoreTest)] DEBUG org.eclipse.jetty.server.handler.ContextHandler -- contextDestroyed: javax.servlet.ServletContextEvent[source=ServletContext@o.e.j.w.WebAppContext@5f18d7d0{Jenkins v2.346.3,/jenkins,file:///Users/sameer.shaik/MyWorkSpace/17OctV2.2.3-New-BitBucketIssueFixed/conjur-credentials-plugin/target/jenkins-for-test/,STOPPED}{/Users/sameer.shaik/MyWorkSpace/17OctV2.2.3-New-BitBucketIssueFixed/conjur-credentials-plugin/target/jenkins-for-test}]->jenkins.util.SystemProperties$Listener@16994f91
18:14:50.707 [Executing mockUpdateCredential(org.conjur.jenkins.credentials.ConjurCredentialStoreTest)] DEBUG org.eclipse.jetty.server.handler.ContextHandler -- contextDestroyed: javax.servlet.ServletContextEvent[source=ServletContext@o.e.j.w.WebAppContext@5f18d7d0{Jenkins v2.346.3,/jenkins,file:///Users/sameer.shaik/MyWorkSpace/17OctV2.2.3-New-BitBucketIssueFixed/conjur-credentials-plugin/target/jenkins-for-test/,STOPPED}{/Users/sameer.shaik/MyWorkSpace/17OctV2.2.3-New-BitBucketIssueFixed/conjur-credentials-plugin/target/jenkins-for-test}]->org.eclipse.jetty.servlet.listener.IntrospectorCleaner@61cdbd57
18:14:50.707 [Executing mockUpdateCredential(org.conjur.jenkins.credentials.ConjurCredentialStoreTest)] DEBUG org.eclipse.jetty.server.handler.ContextHandler -- contextDestroyed: javax.servlet.ServletContextEvent[source=ServletContext@o.e.j.w.WebAppContext@5f18d7d0{Jenkins v2.346.3,/jenkins,file:///Users/sameer.shaik/MyWorkSpace/17OctV2.2.3-New-BitBucketIssueFixed/conjur-credentials-plugin/target/jenkins-for-test/,STOPPED}{/Users/sameer.shaik/MyWorkSpace/17OctV2.2.3-New-BitBucketIssueFixed/conjur-credentials-plugin/target/jenkins-for-test}]->org.eclipse.jetty.servlet.listener.ELContextCleaner@5343f6aa
18:14:50.707 [Executing mockUpdateCredential(org.conjur.jenkins.credentials.ConjurCredentialStoreTest)] DEBUG org.eclipse.jetty.util.component.AbstractLifeCycle -- stopping jenkins.JenkinsHttpSessionListener@46bae074{src=DESCRIPTOR:file:///Users/sameer.shaik/MyWorkSpace/17OctV2.2.3-New-BitBucketIssueFixed/conjur-credentials-plugin/target/jenkins-for-test/WEB-INF/web.xml}
18:14:50.707 [Executing mockUpdateCredential(org.conjur.jenkins.credentials.ConjurCredentialStoreTest)] DEBUG org.eclipse.jetty.util.component.AbstractLifeCycle -- STOPPED jenkins.JenkinsHttpSessionListener@46bae074{src=DESCRIPTOR:file:///Users/sameer.shaik/MyWorkSpace/17OctV2.2.3-New-BitBucketIssueFixed/conjur-credentials-plugin/target/jenkins-for-test/WEB-INF/web.xml}
18:14:50.707 [Executing mockUpdateCredential(org.conjur.jenkins.credentials.ConjurCredentialStoreTest)] DEBUG org.eclipse.jetty.util.component.AbstractLifeCycle -- stopping hudson.WebAppMain@75f343f0{src=DESCRIPTOR:file:///Users/sameer.shaik/MyWorkSpace/17OctV2.2.3-New-BitBucketIssueFixed/conjur-credentials-plugin/target/jenkins-for-test/WEB-INF/web.xml}
18:14:50.707 [Executing mockUpdateCredential(org.conjur.jenkins.credentials.ConjurCredentialStoreTest)] DEBUG org.eclipse.jetty.util.component.AbstractLifeCycle -- STOPPED hudson.WebAppMain@75f343f0{src=DESCRIPTOR:file:///Users/sameer.shaik/MyWorkSpace/17OctV2.2.3-New-BitBucketIssueFixed/conjur-credentials-plugin/target/jenkins-for-test/WEB-INF/web.xml}
18:14:50.707 [Executing mockUpdateCredential(org.conjur.jenkins.credentials.ConjurCredentialStoreTest)] DEBUG org.eclipse.jetty.util.component.AbstractLifeCycle -- stopping jenkins.util.SystemProperties$Listener@6c13a944{src=DESCRIPTOR:file:///Users/sameer.shaik/MyWorkSpace/17OctV2.2.3-New-BitBucketIssueFixed/conjur-credentials-plugin/target/jenkins-for-test/WEB-INF/web.xml}
18:14:50.707 [Executing mockUpdateCredential(org.conjur.jenkins.credentials.ConjurCredentialStoreTest)] DEBUG org.eclipse.jetty.util.component.AbstractLifeCycle -- STOPPED jenkins.util.SystemProperties$Listener@6c13a944{src=DESCRIPTOR:file:///Users/sameer.shaik/MyWorkSpace/17OctV2.2.3-New-BitBucketIssueFixed/conjur-credentials-plugin/target/jenkins-for-test/WEB-INF/web.xml}
18:14:50.707 [Executing mockUpdateCredential(org.conjur.jenkins.credentials.ConjurCredentialStoreTest)] DEBUG org.eclipse.jetty.util.component.AbstractLifeCycle -- stopping org.eclipse.jetty.servlet.listener.IntrospectorCleaner@5b085e28{src=DESCRIPTOR:jar:file:/Users/sameer.shaik/.m2/repository/org/eclipse/jetty/jetty-webapp/9.4.48.v20220622/jetty-webapp-9.4.48.v20220622.jar!/org/eclipse/jetty/webapp/webdefault.xml}
18:14:50.708 [Executing mockUpdateCredential(org.conjur.jenkins.credentials.ConjurCredentialStoreTest)] DEBUG org.eclipse.jetty.util.component.AbstractLifeCycle -- STOPPED org.eclipse.jetty.servlet.listener.IntrospectorCleaner@5b085e28{src=DESCRIPTOR:jar:file:/Users/sameer.shaik/.m2/repository/org/eclipse/jetty/jetty-webapp/9.4.48.v20220622/jetty-webapp-9.4.48.v20220622.jar!/org/eclipse/jetty/webapp/webdefault.xml}
18:14:50.708 [Executing mockUpdateCredential(org.conjur.jenkins.credentials.ConjurCredentialStoreTest)] DEBUG org.eclipse.jetty.util.component.AbstractLifeCycle -- stopping org.eclipse.jetty.servlet.listener.ELContextCleaner@77bdb7da{src=DESCRIPTOR:jar:file:/Users/sameer.shaik/.m2/repository/org/eclipse/jetty/jetty-webapp/9.4.48.v20220622/jetty-webapp-9.4.48.v20220622.jar!/org/eclipse/jetty/webapp/webdefault.xml}
18:14:50.708 [Executing mockUpdateCredential(org.conjur.jenkins.credentials.ConjurCredentialStoreTest)] DEBUG org.eclipse.jetty.util.component.AbstractLifeCycle -- STOPPED org.eclipse.jetty.servlet.listener.ELContextCleaner@77bdb7da{src=DESCRIPTOR:jar:file:/Users/sameer.shaik/.m2/repository/org/eclipse/jetty/jetty-webapp/9.4.48.v20220622/jetty-webapp-9.4.48.v20220622.jar!/org/eclipse/jetty/webapp/webdefault.xml}
18:14:50.708 [Executing mockUpdateCredential(org.conjur.jenkins.credentials.ConjurCredentialStoreTest)] DEBUG org.eclipse.jetty.util.component.AbstractLifeCycle -- STOPPED ServletHandler@3c617bbf{STOPPED}
18:14:50.708 [Executing mockUpdateCredential(org.conjur.jenkins.credentials.ConjurCredentialStoreTest)] DEBUG org.eclipse.jetty.util.component.AbstractLifeCycle -- STOPPED ConstraintSecurityHandler@24c8e376{STOPPED}
18:14:50.708 [Executing mockUpdateCredential(org.conjur.jenkins.credentials.ConjurCredentialStoreTest)] DEBUG org.eclipse.jetty.util.component.AbstractLifeCycle -- STOPPED org.eclipse.jetty.server.session.SessionHandler1031214431==dftMaxIdleSec=1800
18:14:50.708 [Executing mockUpdateCredential(org.conjur.jenkins.credentials.ConjurCredentialStoreTest)] DEBUG org.eclipse.jetty.util.component.AbstractLifeCycle -- stopping SymlinkAllowedResourceAliasChecker@6ccf10a0{base=/Users/sameer.shaik/MyWorkSpace/17OctV2.2.3-New-BitBucketIssueFixed/conjur-credentials-plugin/target/jenkins-for-test,protected=[/WEB-INF, /META-INF]}
18:14:50.708 [Executing mockUpdateCredential(org.conjur.jenkins.credentials.ConjurCredentialStoreTest)] DEBUG org.eclipse.jetty.util.component.AbstractLifeCycle -- STOPPED SymlinkAllowedResourceAliasChecker@6ccf10a0{base=null,protected=[/WEB-INF, /META-INF]}
18:14:50.708 [Executing mockUpdateCredential(org.conjur.jenkins.credentials.ConjurCredentialStoreTest)] INFO org.eclipse.jetty.server.handler.ContextHandler -- Stopped o.e.j.w.WebAppContext@5f18d7d0{Jenkins v2.346.3,/jenkins,file:///Users/sameer.shaik/MyWorkSpace/17OctV2.2.3-New-BitBucketIssueFixed/conjur-credentials-plugin/target/jenkins-for-test/,STOPPED}{/Users/sameer.shaik/MyWorkSpace/17OctV2.2.3-New-BitBucketIssueFixed/conjur-credentials-plugin/target/jenkins-for-test}
18:14:50.708 [Executing mockUpdateCredential(org.conjur.jenkins.credentials.ConjurCredentialStoreTest)] DEBUG org.eclipse.jetty.util.component.AbstractLifeCycle -- STOPPED o.e.j.w.WebAppContext@5f18d7d0{Jenkins v2.346.3,/jenkins,file:///Users/sameer.shaik/MyWorkSpace/17OctV2.2.3-New-BitBucketIssueFixed/conjur-credentials-plugin/target/jenkins-for-test/,STOPPED}{/Users/sameer.shaik/MyWorkSpace/17OctV2.2.3-New-BitBucketIssueFixed/conjur-credentials-plugin/target/jenkins-for-test}
18:14:50.708 [Executing mockUpdateCredential(org.conjur.jenkins.credentials.ConjurCredentialStoreTest)] DEBUG org.eclipse.jetty.util.component.AbstractLifeCycle -- stopping QueuedThreadPool[Jetty (JenkinsRule)]@1c65e02b{STARTED,8<=10<=200,i=10,r=-1,q=0}[ReservedThreadExecutor@1aee6ce1{reserved=0/16,pending=0}]
18:14:50.708 [Executing mockUpdateCredential(org.conjur.jenkins.credentials.ConjurCredentialStoreTest)] DEBUG org.eclipse.jetty.util.thread.QueuedThreadPool -- Stopping QueuedThreadPool[Jetty (JenkinsRule)]@1c65e02b{STOPPING,8<=10<=200,i=10,r=-1,q=0}[ReservedThreadExecutor@1aee6ce1{reserved=0/16,pending=0}]
18:14:50.708 [Executing mockUpdateCredential(org.conjur.jenkins.credentials.ConjurCredentialStoreTest)] DEBUG org.eclipse.jetty.util.component.AbstractLifeCycle -- stopping ReservedThreadExecutor@1aee6ce1{reserved=0/16,pending=0}
18:14:50.708 [Executing mockUpdateCredential(org.conjur.jenkins.credentials.ConjurCredentialStoreTest)] DEBUG org.eclipse.jetty.util.component.AbstractLifeCycle -- STOPPED ReservedThreadExecutor@1aee6ce1{reserved=-1/16,pending=0}
18:14:50.708 [Executing mockUpdateCredential(org.conjur.jenkins.credentials.ConjurCredentialStoreTest)] DEBUG org.eclipse.jetty.util.thread.QueuedThreadPool -- Waiting for Thread[Jetty (JenkinsRule)-299,5,main] for 14999
18:14:50.708 [Jetty (JenkinsRule)-305] DEBUG org.eclipse.jetty.util.thread.QueuedThreadPool -- run org.eclipse.jetty.util.thread.QueuedThreadPool$$Lambda$384/0x00000001402dccc0@1d12c9bd in QueuedThreadPool[Jetty (JenkinsRule)]@1c65e02b{STOPPING,8<=0<=200,i=10,r=-1,q=0}[NO_TRY]
18:14:50.708 [Jetty (JenkinsRule)-306] DEBUG org.eclipse.jetty.util.thread.QueuedThreadPool -- run org.eclipse.jetty.util.thread.QueuedThreadPool$$Lambda$384/0x00000001402dccc0@1d12c9bd in QueuedThreadPool[Jetty (JenkinsRule)]@1c65e02b{STOPPING,8<=0<=200,i=10,r=-1,q=0}[NO_TRY]
18:14:50.708 [Jetty (JenkinsRule)-303] DEBUG org.eclipse.jetty.util.thread.QueuedThreadPool -- run org.eclipse.jetty.util.thread.QueuedThreadPool$$Lambda$384/0x00000001402dccc0@1d12c9bd in QueuedThreadPool[Jetty (JenkinsRule)]@1c65e02b{STOPPING,8<=0<=200,i=10,r=-1,q=0}[NO_TRY]
18:14:50.708 [Jetty (JenkinsRule)-305] DEBUG org.eclipse.jetty.util.thread.QueuedThreadPool -- ran org.eclipse.jetty.util.thread.QueuedThreadPool$$Lambda$384/0x00000001402dccc0@1d12c9bd in QueuedThreadPool[Jetty (JenkinsRule)]@1c65e02b{STOPPING,8<=0<=200,i=10,r=-1,q=0}[NO_TRY]
18:14:50.708 [Jetty (JenkinsRule)-306] DEBUG org.eclipse.jetty.util.thread.QueuedThreadPool -- ran org.eclipse.jetty.util.thread.QueuedThreadPool$$Lambda$384/0x00000001402dccc0@1d12c9bd in QueuedThreadPool[Jetty (JenkinsRule)]@1c65e02b{STOPPING,8<=0<=200,i=10,r=-1,q=0}[NO_TRY]
18:14:50.708 [Jetty (JenkinsRule)-302] DEBUG org.eclipse.jetty.util.thread.QueuedThreadPool -- run org.eclipse.jetty.util.thread.QueuedThreadPool$$Lambda$384/0x00000001402dccc0@1d12c9bd in QueuedThreadPool[Jetty (JenkinsRule)]@1c65e02b{STOPPING,8<=0<=200,i=10,r=-1,q=0}[NO_TRY]
18:14:50.709 [Jetty (JenkinsRule)-305] DEBUG org.eclipse.jetty.util.thread.QueuedThreadPool -- Thread[Jetty (JenkinsRule)-305,5,main] exited for QueuedThreadPool[Jetty (JenkinsRule)]@1c65e02b{STOPPING,8<=0<=200,i=10,r=-1,q=0}[NO_TRY]
18:14:50.709 [Jetty (JenkinsRule)-303] DEBUG org.eclipse.jetty.util.thread.QueuedThreadPool -- ran org.eclipse.jetty.util.thread.QueuedThreadPool$$Lambda$384/0x00000001402dccc0@1d12c9bd in QueuedThreadPool[Jetty (JenkinsRule)]@1c65e02b{STOPPING,8<=0<=200,i=10,r=-1,q=0}[NO_TRY]
18:14:50.709 [Jetty (JenkinsRule)-300] DEBUG org.eclipse.jetty.util.thread.QueuedThreadPool -- run org.eclipse.jetty.util.thread.QueuedThreadPool$$Lambda$384/0x00000001402dccc0@1d12c9bd in QueuedThreadPool[Jetty (JenkinsRule)]@1c65e02b{STOPPING,8<=0<=200,i=10,r=-1,q=0}[NO_TRY]
18:14:50.709 [Jetty (JenkinsRule)-296] DEBUG org.eclipse.jetty.util.thread.QueuedThreadPool -- run org.eclipse.jetty.util.thread.QueuedThreadPool$$Lambda$384/0x00000001402dccc0@1d12c9bd in QueuedThreadPool[Jetty (JenkinsRule)]@1c65e02b{STOPPING,8<=0<=200,i=10,r=-1,q=0}[NO_TRY]
18:14:50.709 [Jetty (JenkinsRule)-301] DEBUG org.eclipse.jetty.util.thread.QueuedThreadPool -- run org.eclipse.jetty.util.thread.QueuedThreadPool$$Lambda$384/0x00000001402dccc0@1d12c9bd in QueuedThreadPool[Jetty (JenkinsRule)]@1c65e02b{STOPPING,8<=0<=200,i=10,r=-1,q=0}[NO_TRY]
18:14:50.709 [Jetty (JenkinsRule)-306] DEBUG org.eclipse.jetty.util.thread.QueuedThreadPool -- Thread[Jetty (JenkinsRule)-306,5,main] exited for QueuedThreadPool[Jetty (JenkinsRule)]@1c65e02b{STOPPING,8<=0<=200,i=10,r=-1,q=0}[NO_TRY]
18:14:50.709 [Jetty (JenkinsRule)-301] DEBUG org.eclipse.jetty.util.thread.QueuedThreadPool -- ran org.eclipse.jetty.util.thread.QueuedThreadPool$$Lambda$384/0x00000001402dccc0@1d12c9bd in QueuedThreadPool[Jetty (JenkinsRule)]@1c65e02b{STOPPING,8<=0<=200,i=10,r=-1,q=0}[NO_TRY]
18:14:50.709 [Jetty (JenkinsRule)-299] DEBUG org.eclipse.jetty.util.thread.QueuedThreadPool -- run org.eclipse.jetty.util.thread.QueuedThreadPool$$Lambda$384/0x00000001402dccc0@1d12c9bd in QueuedThreadPool[Jetty (JenkinsRule)]@1c65e02b{STOPPING,8<=0<=200,i=10,r=-1,q=0}[NO_TRY]
18:14:50.709 [Jetty (JenkinsRule)-298] DEBUG org.eclipse.jetty.util.thread.QueuedThreadPool -- run org.eclipse.jetty.util.thread.QueuedThreadPool$$Lambda$384/0x00000001402dccc0@1d12c9bd in QueuedThreadPool[Jetty (JenkinsRule)]@1c65e02b{STOPPING,8<=0<=200,i=10,r=-1,q=0}[NO_TRY]
18:14:50.709 [Jetty (JenkinsRule)-302] DEBUG org.eclipse.jetty.util.thread.QueuedThreadPool -- ran org.eclipse.jetty.util.thread.QueuedThreadPool$$Lambda$384/0x00000001402dccc0@1d12c9bd in QueuedThreadPool[Jetty (JenkinsRule)]@1c65e02b{STOPPING,8<=0<=200,i=10,r=-1,q=0}[NO_TRY]
18:14:50.709 [Jetty (JenkinsRule)-299] DEBUG org.eclipse.jetty.util.thread.QueuedThreadPool -- ran org.eclipse.jetty.util.thread.QueuedThreadPool$$Lambda$384/0x00000001402dccc0@1d12c9bd in QueuedThreadPool[Jetty (JenkinsRule)]@1c65e02b{STOPPING,8<=0<=200,i=10,r=-1,q=0}[NO_TRY]
18:14:50.709 [Jetty (JenkinsRule)-297] DEBUG org.eclipse.jetty.util.thread.QueuedThreadPool -- run org.eclipse.jetty.util.thread.QueuedThreadPool$$Lambda$384/0x00000001402dccc0@1d12c9bd in QueuedThreadPool[Jetty (JenkinsRule)]@1c65e02b{STOPPING,8<=0<=200,i=10,r=-1,q=0}[NO_TRY]
18:14:50.709 [Jetty (JenkinsRule)-303] DEBUG org.eclipse.jetty.util.thread.QueuedThreadPool -- Thread[Jetty (JenkinsRule)-303,5,main] exited for QueuedThreadPool[Jetty (JenkinsRule)]@1c65e02b{STOPPING,8<=0<=200,i=10,r=-1,q=0}[NO_TRY]
18:14:50.709 [Jetty (JenkinsRule)-300] DEBUG org.eclipse.jetty.util.thread.QueuedThreadPool -- ran org.eclipse.jetty.util.thread.QueuedThreadPool$$Lambda$384/0x00000001402dccc0@1d12c9bd in QueuedThreadPool[Jetty (JenkinsRule)]@1c65e02b{STOPPING,8<=0<=200,i=10,r=-1,q=0}[NO_TRY]
18:14:50.709 [Jetty (JenkinsRule)-296] DEBUG org.eclipse.jetty.util.thread.QueuedThreadPool -- ran org.eclipse.jetty.util.thread.QueuedThreadPool$$Lambda$384/0x00000001402dccc0@1d12c9bd in QueuedThreadPool[Jetty (JenkinsRule)]@1c65e02b{STOPPING,8<=0<=200,i=10,r=-1,q=0}[NO_TRY]
18:14:50.709 [Jetty (JenkinsRule)-300] DEBUG org.eclipse.jetty.util.thread.QueuedThreadPool -- Thread[Jetty (JenkinsRule)-300,5,main] exited for QueuedThreadPool[Jetty (JenkinsRule)]@1c65e02b{STOPPING,8<=0<=200,i=10,r=-1,q=0}[NO_TRY]
18:14:50.709 [Jetty (JenkinsRule)-301] DEBUG org.eclipse.jetty.util.thread.QueuedThreadPool -- Thread[Jetty (JenkinsRule)-301,5,main] exited for QueuedThreadPool[Jetty (JenkinsRule)]@1c65e02b{STOPPING,8<=0<=200,i=10,r=-1,q=0}[NO_TRY]
18:14:50.709 [Jetty (JenkinsRule)-296] DEBUG org.eclipse.jetty.util.thread.QueuedThreadPool -- Thread[Jetty (JenkinsRule)-296,5,main] exited for QueuedThreadPool[Jetty (JenkinsRule)]@1c65e02b{STOPPING,8<=0<=200,i=10,r=-1,q=0}[NO_TRY]
18:14:50.709 [Jetty (JenkinsRule)-298] DEBUG org.eclipse.jetty.util.thread.QueuedThreadPool -- ran org.eclipse.jetty.util.thread.QueuedThreadPool$$Lambda$384/0x00000001402dccc0@1d12c9bd in QueuedThreadPool[Jetty (JenkinsRule)]@1c65e02b{STOPPING,8<=0<=200,i=10,r=-1,q=0}[NO_TRY]
18:14:50.709 [Jetty (JenkinsRule)-302] DEBUG org.eclipse.jetty.util.thread.QueuedThreadPool -- Thread[Jetty (JenkinsRule)-302,5,main] exited for QueuedThreadPool[Jetty (JenkinsRule)]@1c65e02b{STOPPING,8<=0<=200,i=10,r=-1,q=0}[NO_TRY]
18:14:50.709 [Jetty (JenkinsRule)-299] DEBUG org.eclipse.jetty.util.thread.QueuedThreadPool -- Thread[Jetty (JenkinsRule)-299,5,main] exited for QueuedThreadPool[Jetty (JenkinsRule)]@1c65e02b{STOPPING,8<=0<=200,i=10,r=-1,q=0}[NO_TRY]
18:14:50.709 [Jetty (JenkinsRule)-298] DEBUG org.eclipse.jetty.util.thread.QueuedThreadPool -- Thread[Jetty (JenkinsRule)-298,5,main] exited for QueuedThreadPool[Jetty (JenkinsRule)]@1c65e02b{STOPPING,8<=0<=200,i=10,r=-1,q=0}[NO_TRY]
18:14:50.709 [Jetty (JenkinsRule)-297] DEBUG org.eclipse.jetty.util.thread.QueuedThreadPool -- ran org.eclipse.jetty.util.thread.QueuedThreadPool$$Lambda$384/0x00000001402dccc0@1d12c9bd in QueuedThreadPool[Jetty (JenkinsRule)]@1c65e02b{STOPPING,8<=0<=200,i=10,r=-1,q=0}[NO_TRY]
18:14:50.709 [Executing mockUpdateCredential(org.conjur.jenkins.credentials.ConjurCredentialStoreTest)] DEBUG org.eclipse.jetty.util.thread.QueuedThreadPool -- Waiting for Thread[Jetty (JenkinsRule)-298,5,] for 14999
18:14:50.709 [Executing mockUpdateCredential(org.conjur.jenkins.credentials.ConjurCredentialStoreTest)] DEBUG org.eclipse.jetty.util.thread.QueuedThreadPool -- Waiting for Thread[Jetty (JenkinsRule)-297,5,main] for 14999
18:14:50.709 [Jetty (JenkinsRule)-297] DEBUG org.eclipse.jetty.util.thread.QueuedThreadPool -- Thread[Jetty (JenkinsRule)-297,5,main] exited for QueuedThreadPool[Jetty (JenkinsRule)]@1c65e02b{STOPPING,8<=0<=200,i=10,r=-1,q=0}[NO_TRY]
18:14:50.709 [Executing mockUpdateCredential(org.conjur.jenkins.credentials.ConjurCredentialStoreTest)] DEBUG org.eclipse.jetty.util.component.AbstractLifeCycle -- STOPPED QueuedThreadPool[Jetty (JenkinsRule)]@1c65e02b{STOPPED,8<=0<=200,i=10,r=-1,q=0}[NO_TRY]
18:14:50.709 [Executing mockUpdateCredential(org.conjur.jenkins.credentials.ConjurCredentialStoreTest)] DEBUG org.eclipse.jetty.util.component.AbstractLifeCycle -- STOPPED Server@5d58ea10{STOPPED}[9.4.48.v20220622]
]]></system-out>
    <system-err><![CDATA[   0.029 [id=295]	INFO	o.jvnet.hudson.test.JenkinsRule#createWebServer: Running on http://localhost:51460/jenkins/
   0.089 [id=310]	INFO	jenkins.InitReactorRunner$1#onAttained: Started initialization
   0.091 [id=324]	INFO	jenkins.InitReactorRunner$1#onAttained: Listed all plugins
   0.216 [id=330]	INFO	jenkins.InitReactorRunner$1#onAttained: Prepared all plugins
   0.218 [id=326]	INFO	jenkins.InitReactorRunner$1#onAttained: Started all plugins
   0.218 [id=336]	INFO	jenkins.InitReactorRunner$1#onAttained: Augmented all extensions
   0.390 [id=337]	INFO	jenkins.InitReactorRunner$1#onAttained: System config loaded
   0.391 [id=325]	INFO	jenkins.InitReactorRunner$1#onAttained: System config adapted
   0.391 [id=333]	INFO	jenkins.InitReactorRunner$1#onAttained: Loaded all jobs
   0.392 [id=311]	INFO	jenkins.InitReactorRunner$1#onAttained: Configuration for all jobs updated
   0.416 [id=320]	INFO	jenkins.InitReactorRunner$1#onAttained: Completed initialization
   0.608 [id=295]	INFO	hudson.lifecycle.Lifecycle#onStatusUpdate: Stopping Jenkins
   0.683 [id=295]	INFO	hudson.lifecycle.Lifecycle#onStatusUpdate: Jenkins stopped
]]></system-err>
  </testcase>
  <testcase name="testUserWithFolderLevelPermission" classname="org.conjur.jenkins.credentials.ConjurCredentialStoreTest" time="0.652">
    <system-out><![CDATA[=== Starting testUserWithFolderLevelPermission(org.conjur.jenkins.credentials.ConjurCredentialStoreTest)
18:14:50.847 [Executing testUserWithFolderLevelPermission(org.conjur.jenkins.credentials.ConjurCredentialStoreTest)] DEBUG org.eclipse.jetty.util.component.ContainerLifeCycle -- QueuedThreadPool[qtp1814225476]@6c22e244{STOPPED,8<=0<=200,i=0,r=-1,q=0}[NO_TRY] added {org.eclipse.jetty.util.thread.ThreadPoolBudget@681d7b18,POJO}
18:14:50.847 [Executing testUserWithFolderLevelPermission(org.conjur.jenkins.credentials.ConjurCredentialStoreTest)] DEBUG org.eclipse.jetty.util.component.ContainerLifeCycle -- Server@2d1fe87f{STOPPED}[9.4.48.v20220622] added {QueuedThreadPool[Jetty (JenkinsRule)]@6c22e244{STOPPED,8<=0<=200,i=0,r=-1,q=0}[NO_TRY],AUTO}
18:14:50.848 [Executing testUserWithFolderLevelPermission(org.conjur.jenkins.credentials.ConjurCredentialStoreTest)] DEBUG org.eclipse.jetty.util.component.ContainerLifeCycle -- o.e.j.w.WebAppContext@6733cbe4{/,null,STOPPED} added {SymlinkAllowedResourceAliasChecker@1cf82584{base=null,protected=null},MANAGED}
18:14:50.848 [Executing testUserWithFolderLevelPermission(org.conjur.jenkins.credentials.ConjurCredentialStoreTest)] DEBUG org.eclipse.jetty.util.DecoratedObjectFactory -- Adding Decorator: org.eclipse.jetty.util.DeprecationWarning@1f3e58b8
18:14:50.848 [Executing testUserWithFolderLevelPermission(org.conjur.jenkins.credentials.ConjurCredentialStoreTest)] DEBUG org.eclipse.jetty.util.component.ContainerLifeCycle -- o.e.j.w.WebAppContext@6733cbe4{/jenkins,null,STOPPED} added {org.eclipse.jetty.server.session.SessionHandler1294997296==dftMaxIdleSec=-1,MANAGED}
18:14:50.848 [Executing testUserWithFolderLevelPermission(org.conjur.jenkins.credentials.ConjurCredentialStoreTest)] DEBUG org.eclipse.jetty.util.component.ContainerLifeCycle -- ConstraintSecurityHandler@34259999{STOPPED} added {org.eclipse.jetty.util.component.DumpableCollection@692c4e9c,POJO}
18:14:50.848 [Executing testUserWithFolderLevelPermission(org.conjur.jenkins.credentials.ConjurCredentialStoreTest)] DEBUG org.eclipse.jetty.util.component.ContainerLifeCycle -- org.eclipse.jetty.server.session.SessionHandler1294997296==dftMaxIdleSec=-1 added {ConstraintSecurityHandler@34259999{STOPPED},MANAGED}
18:14:50.848 [Executing testUserWithFolderLevelPermission(org.conjur.jenkins.credentials.ConjurCredentialStoreTest)] DEBUG org.eclipse.jetty.util.component.ContainerLifeCycle -- ConstraintSecurityHandler@34259999{STOPPED} added {ServletHandler@43a3099{STOPPED},MANAGED}
18:14:50.848 [Executing testUserWithFolderLevelPermission(org.conjur.jenkins.credentials.ConjurCredentialStoreTest)] DEBUG org.eclipse.jetty.util.component.ContainerLifeCycle -- o.e.j.w.WebAppContext@6733cbe4{/jenkins,null,STOPPED} added {ErrorPageErrorHandler@497e2eb9{STOPPED},MANAGED}
18:14:50.848 [Executing testUserWithFolderLevelPermission(org.conjur.jenkins.credentials.ConjurCredentialStoreTest)] DEBUG org.eclipse.jetty.util.component.ContainerLifeCycle -- o.e.j.w.WebAppContext@6733cbe4{/jenkins,null,STOPPED}{/Users/sameer.shaik/MyWorkSpace/17OctV2.2.3-New-BitBucketIssueFixed/conjur-credentials-plugin/target/jenkins-for-test} added {NoListenerConfiguration@518f8f5e{STOPPED},AUTO}
18:14:50.848 [Executing testUserWithFolderLevelPermission(org.conjur.jenkins.credentials.ConjurCredentialStoreTest)] DEBUG org.eclipse.jetty.util.component.ContainerLifeCycle -- Server@2d1fe87f{STOPPED}[9.4.48.v20220622] added {o.e.j.w.WebAppContext@6733cbe4{/jenkins,null,STOPPED}{/Users/sameer.shaik/MyWorkSpace/17OctV2.2.3-New-BitBucketIssueFixed/conjur-credentials-plugin/target/jenkins-for-test},MANAGED}
18:14:50.848 [Executing testUserWithFolderLevelPermission(org.conjur.jenkins.credentials.ConjurCredentialStoreTest)] DEBUG org.eclipse.jetty.util.component.ContainerLifeCycle -- HashLoginService@5a5c635d[null] added {org.eclipse.jetty.security.DefaultIdentityService@f372e77,POJO}
18:14:50.848 [Executing testUserWithFolderLevelPermission(org.conjur.jenkins.credentials.ConjurCredentialStoreTest)] DEBUG org.eclipse.jetty.util.component.ContainerLifeCycle -- HashLoginService@5a5c635d[default] added {UserStore@3704d2ce{STOPPED},AUTO}
18:14:50.848 [Executing testUserWithFolderLevelPermission(org.conjur.jenkins.credentials.ConjurCredentialStoreTest)] DEBUG org.eclipse.jetty.util.component.ContainerLifeCycle -- ConstraintSecurityHandler@34259999{STOPPED} added {HashLoginService@5a5c635d[default],AUTO}
18:14:50.848 [Executing testUserWithFolderLevelPermission(org.conjur.jenkins.credentials.ConjurCredentialStoreTest)] DEBUG org.eclipse.jetty.util.component.ContainerLifeCycle -- HttpConnectionFactory@5ce0416a[HTTP/1.1] added {HttpConfiguration@4b8352cb{32768/8192,8192/8192,https://:0,[]},POJO}
18:14:50.848 [Executing testUserWithFolderLevelPermission(org.conjur.jenkins.credentials.ConjurCredentialStoreTest)] DEBUG org.eclipse.jetty.util.component.ContainerLifeCycle -- ServerConnector@4b95027{null, ()}{0.0.0.0:0} added {Server@2d1fe87f{STOPPED}[9.4.48.v20220622],UNMANAGED}
18:14:50.848 [Executing testUserWithFolderLevelPermission(org.conjur.jenkins.credentials.ConjurCredentialStoreTest)] DEBUG org.eclipse.jetty.util.component.ContainerLifeCycle -- ServerConnector@4b95027{null, ()}{0.0.0.0:0} added {QueuedThreadPool[Jetty (JenkinsRule)]@6c22e244{STOPPED,8<=0<=200,i=0,r=-1,q=0}[NO_TRY],AUTO}
18:14:50.849 [Executing testUserWithFolderLevelPermission(org.conjur.jenkins.credentials.ConjurCredentialStoreTest)] DEBUG org.eclipse.jetty.util.component.ContainerLifeCycle -- ServerConnector@4b95027{null, ()}{0.0.0.0:0} added {ScheduledExecutorScheduler@31a1ab96{STOPPED},AUTO}
18:14:50.849 [Executing testUserWithFolderLevelPermission(org.conjur.jenkins.credentials.ConjurCredentialStoreTest)] DEBUG org.eclipse.jetty.util.component.ContainerLifeCycle -- ServerConnector@4b95027{null, ()}{0.0.0.0:0} added {ArrayByteBufferPool@6f1447d9{minBufferCapacity=0, maxBufferCapacity=65536, maxQueueLength=-1, factor=1024},POJO}
18:14:50.849 [Executing testUserWithFolderLevelPermission(org.conjur.jenkins.credentials.ConjurCredentialStoreTest)] DEBUG org.eclipse.jetty.util.component.ContainerLifeCycle -- ServerConnector@4b95027{null, (http/1.1)}{0.0.0.0:0} added {HttpConnectionFactory@5ce0416a[HTTP/1.1],AUTO}
18:14:50.849 [Executing testUserWithFolderLevelPermission(org.conjur.jenkins.credentials.ConjurCredentialStoreTest)] DEBUG org.eclipse.jetty.server.AbstractConnector -- ServerConnector@4b95027{HTTP/1.1, (http/1.1)}{0.0.0.0:0} added HttpConnectionFactory@5ce0416a[HTTP/1.1]
18:14:50.849 [Executing testUserWithFolderLevelPermission(org.conjur.jenkins.credentials.ConjurCredentialStoreTest)] DEBUG org.eclipse.jetty.util.component.ContainerLifeCycle -- ServerConnector@4b95027{HTTP/1.1, (http/1.1)}{0.0.0.0:0} added {SelectorManager@ServerConnector@4b95027{HTTP/1.1, (http/1.1)}{0.0.0.0:0},MANAGED}
18:14:50.849 [Executing testUserWithFolderLevelPermission(org.conjur.jenkins.credentials.ConjurCredentialStoreTest)] DEBUG org.eclipse.jetty.util.component.ContainerLifeCycle -- Server@2d1fe87f{STOPPED}[9.4.48.v20220622] added {ServerConnector@4b95027{HTTP/1.1, (http/1.1)}{localhost:0},AUTO}
18:14:50.849 [Executing testUserWithFolderLevelPermission(org.conjur.jenkins.credentials.ConjurCredentialStoreTest)] DEBUG org.eclipse.jetty.util.component.AbstractLifeCycle -- starting Server@2d1fe87f{STOPPED}[9.4.48.v20220622]
18:14:50.849 [Executing testUserWithFolderLevelPermission(org.conjur.jenkins.credentials.ConjurCredentialStoreTest)] DEBUG org.eclipse.jetty.util.component.ContainerLifeCycle -- Server@2d1fe87f{STARTING}[9.4.48.v20220622] added {ErrorHandler@3ed045fa{STOPPED},AUTO}
18:14:50.849 [Executing testUserWithFolderLevelPermission(org.conjur.jenkins.credentials.ConjurCredentialStoreTest)] INFO org.eclipse.jetty.server.Server -- jetty-9.4.48.v20220622; built: 2022-06-21T20:42:25.880Z; git: 6b67c5719d1f4371b33655ff2d047d24e171e49a; jvm 17.0.11+9-adhoc.admin.jdk17u
18:14:50.849 [Executing testUserWithFolderLevelPermission(org.conjur.jenkins.credentials.ConjurCredentialStoreTest)] DEBUG org.eclipse.jetty.server.handler.AbstractHandler -- starting Server@2d1fe87f{STARTING}[9.4.48.v20220622]
18:14:50.849 [Executing testUserWithFolderLevelPermission(org.conjur.jenkins.credentials.ConjurCredentialStoreTest)] DEBUG org.eclipse.jetty.util.component.AbstractLifeCycle -- starting QueuedThreadPool[Jetty (JenkinsRule)]@6c22e244{STOPPED,8<=0<=200,i=0,r=-1,q=0}[NO_TRY]
18:14:50.849 [Executing testUserWithFolderLevelPermission(org.conjur.jenkins.credentials.ConjurCredentialStoreTest)] DEBUG org.eclipse.jetty.util.thread.ReservedThreadExecutor -- ReservedThreadExecutor@7026126f{reserved=0/16,pending=0}
18:14:50.849 [Executing testUserWithFolderLevelPermission(org.conjur.jenkins.credentials.ConjurCredentialStoreTest)] DEBUG org.eclipse.jetty.util.component.ContainerLifeCycle -- QueuedThreadPool[Jetty (JenkinsRule)]@6c22e244{STARTING,8<=0<=200,i=0,r=-1,q=0}[ReservedThreadExecutor@7026126f{reserved=0/16,pending=0}] added {ReservedThreadExecutor@7026126f{reserved=0/16,pending=0},AUTO}
18:14:50.849 [Executing testUserWithFolderLevelPermission(org.conjur.jenkins.credentials.ConjurCredentialStoreTest)] DEBUG org.eclipse.jetty.util.component.AbstractLifeCycle -- starting ReservedThreadExecutor@7026126f{reserved=0/16,pending=0}
18:14:50.849 [Executing testUserWithFolderLevelPermission(org.conjur.jenkins.credentials.ConjurCredentialStoreTest)] DEBUG org.eclipse.jetty.util.component.AbstractLifeCycle -- STARTED @17953ms ReservedThreadExecutor@7026126f{reserved=0/16,pending=0}
18:14:50.849 [Executing testUserWithFolderLevelPermission(org.conjur.jenkins.credentials.ConjurCredentialStoreTest)] DEBUG org.eclipse.jetty.util.thread.QueuedThreadPool -- Starting Thread[Jetty (JenkinsRule)-359,5,main]
18:14:50.849 [Executing testUserWithFolderLevelPermission(org.conjur.jenkins.credentials.ConjurCredentialStoreTest)] DEBUG org.eclipse.jetty.util.thread.QueuedThreadPool -- Starting Thread[Jetty (JenkinsRule)-360,5,main]
18:14:50.849 [Jetty (JenkinsRule)-359] DEBUG org.eclipse.jetty.util.thread.QueuedThreadPool -- Runner started for QueuedThreadPool[Jetty (JenkinsRule)]@6c22e244{STARTING,8<=2<=200,i=2,r=-1,q=0}[ReservedThreadExecutor@7026126f{reserved=0/16,pending=0}]
18:14:50.850 [Executing testUserWithFolderLevelPermission(org.conjur.jenkins.credentials.ConjurCredentialStoreTest)] DEBUG org.eclipse.jetty.util.thread.QueuedThreadPool -- Starting Thread[Jetty (JenkinsRule)-361,5,main]
18:14:50.850 [Jetty (JenkinsRule)-360] DEBUG org.eclipse.jetty.util.thread.QueuedThreadPool -- Runner started for QueuedThreadPool[Jetty (JenkinsRule)]@6c22e244{STARTING,8<=3<=200,i=3,r=-1,q=0}[ReservedThreadExecutor@7026126f{reserved=0/16,pending=0}]
18:14:50.850 [Executing testUserWithFolderLevelPermission(org.conjur.jenkins.credentials.ConjurCredentialStoreTest)] DEBUG org.eclipse.jetty.util.thread.QueuedThreadPool -- Starting Thread[Jetty (JenkinsRule)-362,5,main]
18:14:50.850 [Jetty (JenkinsRule)-361] DEBUG org.eclipse.jetty.util.thread.QueuedThreadPool -- Runner started for QueuedThreadPool[Jetty (JenkinsRule)]@6c22e244{STARTING,8<=4<=200,i=4,r=-1,q=0}[ReservedThreadExecutor@7026126f{reserved=0/16,pending=0}]
18:14:50.850 [Executing testUserWithFolderLevelPermission(org.conjur.jenkins.credentials.ConjurCredentialStoreTest)] DEBUG org.eclipse.jetty.util.thread.QueuedThreadPool -- Starting Thread[Jetty (JenkinsRule)-363,5,main]
18:14:50.850 [Jetty (JenkinsRule)-362] DEBUG org.eclipse.jetty.util.thread.QueuedThreadPool -- Runner started for QueuedThreadPool[Jetty (JenkinsRule)]@6c22e244{STARTING,8<=5<=200,i=5,r=-1,q=0}[ReservedThreadExecutor@7026126f{reserved=0/16,pending=0}]
18:14:50.850 [Executing testUserWithFolderLevelPermission(org.conjur.jenkins.credentials.ConjurCredentialStoreTest)] DEBUG org.eclipse.jetty.util.thread.QueuedThreadPool -- Starting Thread[Jetty (JenkinsRule)-364,5,main]
18:14:50.850 [Jetty (JenkinsRule)-363] DEBUG org.eclipse.jetty.util.thread.QueuedThreadPool -- Runner started for QueuedThreadPool[Jetty (JenkinsRule)]@6c22e244{STARTING,8<=6<=200,i=6,r=-1,q=0}[ReservedThreadExecutor@7026126f{reserved=0/16,pending=0}]
18:14:50.850 [Executing testUserWithFolderLevelPermission(org.conjur.jenkins.credentials.ConjurCredentialStoreTest)] DEBUG org.eclipse.jetty.util.thread.QueuedThreadPool -- Starting Thread[Jetty (JenkinsRule)-365,5,main]
18:14:50.850 [Jetty (JenkinsRule)-364] DEBUG org.eclipse.jetty.util.thread.QueuedThreadPool -- Runner started for QueuedThreadPool[Jetty (JenkinsRule)]@6c22e244{STARTING,8<=7<=200,i=7,r=-1,q=0}[ReservedThreadExecutor@7026126f{reserved=0/16,pending=0}]
18:14:50.850 [Executing testUserWithFolderLevelPermission(org.conjur.jenkins.credentials.ConjurCredentialStoreTest)] DEBUG org.eclipse.jetty.util.thread.QueuedThreadPool -- Starting Thread[Jetty (JenkinsRule)-366,5,main]
18:14:50.850 [Jetty (JenkinsRule)-365] DEBUG org.eclipse.jetty.util.thread.QueuedThreadPool -- Runner started for QueuedThreadPool[Jetty (JenkinsRule)]@6c22e244{STARTING,8<=8<=200,i=8,r=-1,q=0}[ReservedThreadExecutor@7026126f{reserved=0/16,pending=0}]
18:14:50.850 [Executing testUserWithFolderLevelPermission(org.conjur.jenkins.credentials.ConjurCredentialStoreTest)] DEBUG org.eclipse.jetty.util.component.AbstractLifeCycle -- STARTED @17954ms QueuedThreadPool[Jetty (JenkinsRule)]@6c22e244{STARTED,8<=8<=200,i=8,r=-1,q=0}[ReservedThreadExecutor@7026126f{reserved=0/16,pending=0}]
18:14:50.851 [Executing testUserWithFolderLevelPermission(org.conjur.jenkins.credentials.ConjurCredentialStoreTest)] DEBUG org.eclipse.jetty.util.component.AbstractLifeCycle -- starting o.e.j.w.WebAppContext@6733cbe4{/jenkins,file:///Users/sameer.shaik/MyWorkSpace/17OctV2.2.3-New-BitBucketIssueFixed/conjur-credentials-plugin/target/jenkins-for-test/,STOPPED}{/Users/sameer.shaik/MyWorkSpace/17OctV2.2.3-New-BitBucketIssueFixed/conjur-credentials-plugin/target/jenkins-for-test}
18:14:50.851 [Jetty (JenkinsRule)-366] DEBUG org.eclipse.jetty.util.thread.QueuedThreadPool -- Runner started for QueuedThreadPool[Jetty (JenkinsRule)]@6c22e244{STARTED,8<=8<=200,i=8,r=-1,q=0}[ReservedThreadExecutor@7026126f{reserved=0/16,pending=0}]
18:14:50.851 [Executing testUserWithFolderLevelPermission(org.conjur.jenkins.credentials.ConjurCredentialStoreTest)] DEBUG org.eclipse.jetty.webapp.WebAppContext -- Thread Context classloader jdk.internal.loader.ClassLoaders$AppClassLoader@5ffd2b27
18:14:50.851 [Executing testUserWithFolderLevelPermission(org.conjur.jenkins.credentials.ConjurCredentialStoreTest)] DEBUG org.eclipse.jetty.webapp.WebAppContext -- Parent class loader: jdk.internal.loader.ClassLoaders$PlatformClassLoader@6a175569 
18:14:50.851 [Executing testUserWithFolderLevelPermission(org.conjur.jenkins.credentials.ConjurCredentialStoreTest)] DEBUG org.eclipse.jetty.webapp.WebAppContext -- preConfigure o.e.j.w.WebAppContext@6733cbe4{/jenkins,file:///Users/sameer.shaik/MyWorkSpace/17OctV2.2.3-New-BitBucketIssueFixed/conjur-credentials-plugin/target/jenkins-for-test/,STOPPED}{/Users/sameer.shaik/MyWorkSpace/17OctV2.2.3-New-BitBucketIssueFixed/conjur-credentials-plugin/target/jenkins-for-test} with org.eclipse.jetty.webapp.WebXmlConfiguration@45c0418b
18:14:50.853 [Executing testUserWithFolderLevelPermission(org.conjur.jenkins.credentials.ConjurCredentialStoreTest)] DEBUG org.eclipse.jetty.webapp.WebDescriptor -- jar:file:/Users/sameer.shaik/.m2/repository/org/eclipse/jetty/jetty-webapp/9.4.48.v20220622/jetty-webapp-9.4.48.v20220622.jar!/org/eclipse/jetty/webapp/webdefault.xml: Calculated metadatacomplete = False with version=3.1
18:14:50.854 [Executing testUserWithFolderLevelPermission(org.conjur.jenkins.credentials.ConjurCredentialStoreTest)] DEBUG org.eclipse.jetty.webapp.WebDescriptor -- file:///Users/sameer.shaik/MyWorkSpace/17OctV2.2.3-New-BitBucketIssueFixed/conjur-credentials-plugin/target/jenkins-for-test/WEB-INF/web.xml: Calculated metadatacomplete = True with version=3.1
18:14:50.855 [Executing testUserWithFolderLevelPermission(org.conjur.jenkins.credentials.ConjurCredentialStoreTest)] DEBUG org.eclipse.jetty.webapp.WebAppContext -- configure o.e.j.w.WebAppContext@6733cbe4{/jenkins,file:///Users/sameer.shaik/MyWorkSpace/17OctV2.2.3-New-BitBucketIssueFixed/conjur-credentials-plugin/target/jenkins-for-test/,STARTING}{/Users/sameer.shaik/MyWorkSpace/17OctV2.2.3-New-BitBucketIssueFixed/conjur-credentials-plugin/target/jenkins-for-test} with org.eclipse.jetty.webapp.WebXmlConfiguration@45c0418b
18:14:50.855 [Executing testUserWithFolderLevelPermission(org.conjur.jenkins.credentials.ConjurCredentialStoreTest)] DEBUG org.eclipse.jetty.webapp.MetaData -- metadata resolve o.e.j.w.WebAppContext@6733cbe4{/jenkins,file:///Users/sameer.shaik/MyWorkSpace/17OctV2.2.3-New-BitBucketIssueFixed/conjur-credentials-plugin/target/jenkins-for-test/,STARTING}{/Users/sameer.shaik/MyWorkSpace/17OctV2.2.3-New-BitBucketIssueFixed/conjur-credentials-plugin/target/jenkins-for-test}
18:14:50.855 [Executing testUserWithFolderLevelPermission(org.conjur.jenkins.credentials.ConjurCredentialStoreTest)] DEBUG org.eclipse.jetty.util.component.ContainerLifeCycle -- ServletHandler@43a3099{STOPPED} added {org.eclipse.jetty.servlet.listener.ELContextCleaner@6e41736b{src=DESCRIPTOR:jar:file:/Users/sameer.shaik/.m2/repository/org/eclipse/jetty/jetty-webapp/9.4.48.v20220622/jetty-webapp-9.4.48.v20220622.jar!/org/eclipse/jetty/webapp/webdefault.xml},AUTO}
18:14:50.855 [Executing testUserWithFolderLevelPermission(org.conjur.jenkins.credentials.ConjurCredentialStoreTest)] DEBUG org.eclipse.jetty.util.component.ContainerLifeCycle -- ServletHandler@43a3099{STOPPED} added {org.eclipse.jetty.servlet.listener.IntrospectorCleaner@294abb31{src=DESCRIPTOR:jar:file:/Users/sameer.shaik/.m2/repository/org/eclipse/jetty/jetty-webapp/9.4.48.v20220622/jetty-webapp-9.4.48.v20220622.jar!/org/eclipse/jetty/webapp/webdefault.xml},AUTO}
18:14:50.855 [Executing testUserWithFolderLevelPermission(org.conjur.jenkins.credentials.ConjurCredentialStoreTest)] DEBUG org.eclipse.jetty.webapp.StandardDescriptorProcessor -- Added mapping [/]=>default 
18:14:50.855 [Executing testUserWithFolderLevelPermission(org.conjur.jenkins.credentials.ConjurCredentialStoreTest)] INFO org.eclipse.jetty.webapp.StandardDescriptorProcessor -- NO JSP Support for /jenkins, did not find org.eclipse.jetty.jsp.JettyJspServlet
18:14:50.855 [Executing testUserWithFolderLevelPermission(org.conjur.jenkins.credentials.ConjurCredentialStoreTest)] DEBUG org.eclipse.jetty.webapp.StandardDescriptorProcessor -- Added mapping [*.jsp, *.jspf, *.jspx, *.xsp, *.JSP, *.JSPF, *.JSPX, *.XSP]=>jsp 
18:14:50.855 [Executing testUserWithFolderLevelPermission(org.conjur.jenkins.credentials.ConjurCredentialStoreTest)] DEBUG org.eclipse.jetty.server.session -- SessionManager default maxInactiveInterval=1800
18:14:50.855 [Executing testUserWithFolderLevelPermission(org.conjur.jenkins.credentials.ConjurCredentialStoreTest)] DEBUG org.eclipse.jetty.util.component.ContainerLifeCycle -- ServletHandler@43a3099{STOPPED} added {default==org.eclipse.jetty.servlet.DefaultServlet@5c13d641{jsp=null,order=0,inst=false,async=false,src=DESCRIPTOR:jar:file:/Users/sameer.shaik/.m2/repository/org/eclipse/jetty/jetty-webapp/9.4.48.v20220622/jetty-webapp-9.4.48.v20220622.jar!/org/eclipse/jetty/webapp/webdefault.xml,STOPPED},AUTO}
18:14:50.855 [Executing testUserWithFolderLevelPermission(org.conjur.jenkins.credentials.ConjurCredentialStoreTest)] DEBUG org.eclipse.jetty.util.component.ContainerLifeCycle -- ServletHandler@43a3099{STOPPED} added {jsp==org.eclipse.jetty.servlet.NoJspServlet@19c47{jsp=null,order=0,inst=false,async=false,src=DESCRIPTOR:jar:file:/Users/sameer.shaik/.m2/repository/org/eclipse/jetty/jetty-webapp/9.4.48.v20220622/jetty-webapp-9.4.48.v20220622.jar!/org/eclipse/jetty/webapp/webdefault.xml,STOPPED},AUTO}
18:14:50.855 [Executing testUserWithFolderLevelPermission(org.conjur.jenkins.credentials.ConjurCredentialStoreTest)] DEBUG org.eclipse.jetty.util.component.ContainerLifeCycle -- ServletHandler@43a3099{STOPPED} added {[/]=>default,POJO}
18:14:50.856 [Executing testUserWithFolderLevelPermission(org.conjur.jenkins.credentials.ConjurCredentialStoreTest)] DEBUG org.eclipse.jetty.util.component.ContainerLifeCycle -- ServletHandler@43a3099{STOPPED} added {[*.jsp, *.jspf, *.jspx, *.xsp, *.JSP, *.JSPF, *.JSPX, *.XSP]=>jsp,POJO}
18:14:50.856 [Executing testUserWithFolderLevelPermission(org.conjur.jenkins.credentials.ConjurCredentialStoreTest)] DEBUG org.eclipse.jetty.webapp.StandardDescriptorProcessor -- Added mapping [/*]=>Stapler 
18:14:50.856 [Executing testUserWithFolderLevelPermission(org.conjur.jenkins.credentials.ConjurCredentialStoreTest)] DEBUG org.eclipse.jetty.util.component.ContainerLifeCycle -- ServletHandler@43a3099{STOPPED} added {jenkins.util.SystemProperties$Listener@284c283d{src=DESCRIPTOR:file:///Users/sameer.shaik/MyWorkSpace/17OctV2.2.3-New-BitBucketIssueFixed/conjur-credentials-plugin/target/jenkins-for-test/WEB-INF/web.xml},AUTO}
18:14:50.856 [Executing testUserWithFolderLevelPermission(org.conjur.jenkins.credentials.ConjurCredentialStoreTest)] DEBUG org.eclipse.jetty.util.component.ContainerLifeCycle -- ServletHandler@43a3099{STOPPED} added {hudson.WebAppMain@11337e01{src=DESCRIPTOR:file:///Users/sameer.shaik/MyWorkSpace/17OctV2.2.3-New-BitBucketIssueFixed/conjur-credentials-plugin/target/jenkins-for-test/WEB-INF/web.xml},AUTO}
18:14:50.856 [Executing testUserWithFolderLevelPermission(org.conjur.jenkins.credentials.ConjurCredentialStoreTest)] DEBUG org.eclipse.jetty.util.component.ContainerLifeCycle -- ServletHandler@43a3099{STOPPED} added {jenkins.JenkinsHttpSessionListener@740c9d67{src=DESCRIPTOR:file:///Users/sameer.shaik/MyWorkSpace/17OctV2.2.3-New-BitBucketIssueFixed/conjur-credentials-plugin/target/jenkins-for-test/WEB-INF/web.xml},AUTO}
18:14:50.856 [Executing testUserWithFolderLevelPermission(org.conjur.jenkins.credentials.ConjurCredentialStoreTest)] DEBUG org.eclipse.jetty.util.component.ContainerLifeCycle -- ServletHandler@43a3099{STOPPED} added {suspicious-request-filter==jenkins.security.SuspiciousRequestFilter@8e333e4{inst=false,async=true,src=DESCRIPTOR:file:///Users/sameer.shaik/MyWorkSpace/17OctV2.2.3-New-BitBucketIssueFixed/conjur-credentials-plugin/target/jenkins-for-test/WEB-INF/web.xml},AUTO}
18:14:50.856 [Executing testUserWithFolderLevelPermission(org.conjur.jenkins.credentials.ConjurCredentialStoreTest)] DEBUG org.eclipse.jetty.util.component.ContainerLifeCycle -- ServletHandler@43a3099{STOPPED} added {diagnostic-name-filter==org.kohsuke.stapler.DiagnosticThreadNameFilter@4127ff05{inst=false,async=true,src=DESCRIPTOR:file:///Users/sameer.shaik/MyWorkSpace/17OctV2.2.3-New-BitBucketIssueFixed/conjur-credentials-plugin/target/jenkins-for-test/WEB-INF/web.xml},AUTO}
18:14:50.856 [Executing testUserWithFolderLevelPermission(org.conjur.jenkins.credentials.ConjurCredentialStoreTest)] DEBUG org.eclipse.jetty.util.component.ContainerLifeCycle -- ServletHandler@43a3099{STOPPED} added {encoding-filter==hudson.util.CharacterEncodingFilter@4bee5256{inst=false,async=true,src=DESCRIPTOR:file:///Users/sameer.shaik/MyWorkSpace/17OctV2.2.3-New-BitBucketIssueFixed/conjur-credentials-plugin/target/jenkins-for-test/WEB-INF/web.xml},AUTO}
18:14:50.856 [Executing testUserWithFolderLevelPermission(org.conjur.jenkins.credentials.ConjurCredentialStoreTest)] DEBUG org.eclipse.jetty.util.component.ContainerLifeCycle -- ServletHandler@43a3099{STOPPED} added {compression-filter==org.kohsuke.stapler.compression.CompressionFilter@5b1909e9{inst=false,async=true,src=DESCRIPTOR:file:///Users/sameer.shaik/MyWorkSpace/17OctV2.2.3-New-BitBucketIssueFixed/conjur-credentials-plugin/target/jenkins-for-test/WEB-INF/web.xml},AUTO}
18:14:50.856 [Executing testUserWithFolderLevelPermission(org.conjur.jenkins.credentials.ConjurCredentialStoreTest)] DEBUG org.eclipse.jetty.util.component.ContainerLifeCycle -- ServletHandler@43a3099{STOPPED} added {authentication-filter==hudson.security.HudsonFilter@4a747d7d{inst=false,async=true,src=DESCRIPTOR:file:///Users/sameer.shaik/MyWorkSpace/17OctV2.2.3-New-BitBucketIssueFixed/conjur-credentials-plugin/target/jenkins-for-test/WEB-INF/web.xml},AUTO}
18:14:50.856 [Executing testUserWithFolderLevelPermission(org.conjur.jenkins.credentials.ConjurCredentialStoreTest)] DEBUG org.eclipse.jetty.util.component.ContainerLifeCycle -- ServletHandler@43a3099{STOPPED} added {csrf-filter==hudson.security.csrf.CrumbFilter@34556ce1{inst=false,async=true,src=DESCRIPTOR:file:///Users/sameer.shaik/MyWorkSpace/17OctV2.2.3-New-BitBucketIssueFixed/conjur-credentials-plugin/target/jenkins-for-test/WEB-INF/web.xml},AUTO}
18:14:50.856 [Executing testUserWithFolderLevelPermission(org.conjur.jenkins.credentials.ConjurCredentialStoreTest)] DEBUG org.eclipse.jetty.util.component.ContainerLifeCycle -- ServletHandler@43a3099{STOPPED} added {plugins-filter==hudson.util.PluginServletFilter@d90f4df{inst=false,async=true,src=DESCRIPTOR:file:///Users/sameer.shaik/MyWorkSpace/17OctV2.2.3-New-BitBucketIssueFixed/conjur-credentials-plugin/target/jenkins-for-test/WEB-INF/web.xml},AUTO}
18:14:50.856 [Executing testUserWithFolderLevelPermission(org.conjur.jenkins.credentials.ConjurCredentialStoreTest)] DEBUG org.eclipse.jetty.util.component.ContainerLifeCycle -- ServletHandler@43a3099{STOPPED} added {Stapler==org.kohsuke.stapler.Stapler@f222d1a9{jsp=null,order=-1,inst=false,async=true,src=DESCRIPTOR:file:///Users/sameer.shaik/MyWorkSpace/17OctV2.2.3-New-BitBucketIssueFixed/conjur-credentials-plugin/target/jenkins-for-test/WEB-INF/web.xml,STOPPED},AUTO}
18:14:50.856 [Executing testUserWithFolderLevelPermission(org.conjur.jenkins.credentials.ConjurCredentialStoreTest)] DEBUG org.eclipse.jetty.util.component.ContainerLifeCycle -- ServletHandler@43a3099{STOPPED} added {[/*]/[]/[REQUEST]=>suspicious-request-filter,POJO}
18:14:50.856 [Executing testUserWithFolderLevelPermission(org.conjur.jenkins.credentials.ConjurCredentialStoreTest)] DEBUG org.eclipse.jetty.util.component.ContainerLifeCycle -- ServletHandler@43a3099{STOPPED} added {[/*]/[]/[REQUEST]=>diagnostic-name-filter,POJO}
18:14:50.856 [Executing testUserWithFolderLevelPermission(org.conjur.jenkins.credentials.ConjurCredentialStoreTest)] DEBUG org.eclipse.jetty.util.component.ContainerLifeCycle -- ServletHandler@43a3099{STOPPED} added {[/*]/[]/[REQUEST]=>encoding-filter,POJO}
18:14:50.856 [Executing testUserWithFolderLevelPermission(org.conjur.jenkins.credentials.ConjurCredentialStoreTest)] DEBUG org.eclipse.jetty.util.component.ContainerLifeCycle -- ServletHandler@43a3099{STOPPED} added {[/*]/[]/[REQUEST]=>compression-filter,POJO}
18:14:50.856 [Executing testUserWithFolderLevelPermission(org.conjur.jenkins.credentials.ConjurCredentialStoreTest)] DEBUG org.eclipse.jetty.util.component.ContainerLifeCycle -- ServletHandler@43a3099{STOPPED} added {[/*]/[]/[REQUEST]=>authentication-filter,POJO}
18:14:50.856 [Executing testUserWithFolderLevelPermission(org.conjur.jenkins.credentials.ConjurCredentialStoreTest)] DEBUG org.eclipse.jetty.util.component.ContainerLifeCycle -- ServletHandler@43a3099{STOPPED} added {[/*]/[]/[REQUEST]=>csrf-filter,POJO}
18:14:50.856 [Executing testUserWithFolderLevelPermission(org.conjur.jenkins.credentials.ConjurCredentialStoreTest)] DEBUG org.eclipse.jetty.util.component.ContainerLifeCycle -- ServletHandler@43a3099{STOPPED} added {[/*]/[]/[REQUEST]=>plugins-filter,POJO}
18:14:50.857 [Executing testUserWithFolderLevelPermission(org.conjur.jenkins.credentials.ConjurCredentialStoreTest)] DEBUG org.eclipse.jetty.util.component.ContainerLifeCycle -- ServletHandler@43a3099{STOPPED} added {[/*]=>Stapler,POJO}
18:14:50.857 [Executing testUserWithFolderLevelPermission(org.conjur.jenkins.credentials.ConjurCredentialStoreTest)] DEBUG org.eclipse.jetty.util.component.AbstractLifeCycle -- starting org.eclipse.jetty.servlet.listener.ELContextCleaner@6e41736b{src=DESCRIPTOR:jar:file:/Users/sameer.shaik/.m2/repository/org/eclipse/jetty/jetty-webapp/9.4.48.v20220622/jetty-webapp-9.4.48.v20220622.jar!/org/eclipse/jetty/webapp/webdefault.xml}
18:14:50.857 [Executing testUserWithFolderLevelPermission(org.conjur.jenkins.credentials.ConjurCredentialStoreTest)] DEBUG org.eclipse.jetty.servlet.BaseHolder -- Holding class org.eclipse.jetty.servlet.listener.ELContextCleaner from jdk.internal.loader.ClassLoaders$AppClassLoader@5ffd2b27
18:14:50.857 [Executing testUserWithFolderLevelPermission(org.conjur.jenkins.credentials.ConjurCredentialStoreTest)] DEBUG org.eclipse.jetty.util.component.AbstractLifeCycle -- STARTED @17960ms org.eclipse.jetty.servlet.listener.ELContextCleaner@6e41736b{src=DESCRIPTOR:jar:file:/Users/sameer.shaik/.m2/repository/org/eclipse/jetty/jetty-webapp/9.4.48.v20220622/jetty-webapp-9.4.48.v20220622.jar!/org/eclipse/jetty/webapp/webdefault.xml}
18:14:50.857 [Executing testUserWithFolderLevelPermission(org.conjur.jenkins.credentials.ConjurCredentialStoreTest)] DEBUG org.eclipse.jetty.util.component.AbstractLifeCycle -- starting org.eclipse.jetty.servlet.listener.IntrospectorCleaner@294abb31{src=DESCRIPTOR:jar:file:/Users/sameer.shaik/.m2/repository/org/eclipse/jetty/jetty-webapp/9.4.48.v20220622/jetty-webapp-9.4.48.v20220622.jar!/org/eclipse/jetty/webapp/webdefault.xml}
18:14:50.857 [Executing testUserWithFolderLevelPermission(org.conjur.jenkins.credentials.ConjurCredentialStoreTest)] DEBUG org.eclipse.jetty.servlet.BaseHolder -- Holding class org.eclipse.jetty.servlet.listener.IntrospectorCleaner from jdk.internal.loader.ClassLoaders$AppClassLoader@5ffd2b27
18:14:50.857 [Executing testUserWithFolderLevelPermission(org.conjur.jenkins.credentials.ConjurCredentialStoreTest)] DEBUG org.eclipse.jetty.util.component.AbstractLifeCycle -- STARTED @17961ms org.eclipse.jetty.servlet.listener.IntrospectorCleaner@294abb31{src=DESCRIPTOR:jar:file:/Users/sameer.shaik/.m2/repository/org/eclipse/jetty/jetty-webapp/9.4.48.v20220622/jetty-webapp-9.4.48.v20220622.jar!/org/eclipse/jetty/webapp/webdefault.xml}
18:14:50.857 [Executing testUserWithFolderLevelPermission(org.conjur.jenkins.credentials.ConjurCredentialStoreTest)] DEBUG org.eclipse.jetty.util.component.AbstractLifeCycle -- starting jenkins.util.SystemProperties$Listener@284c283d{src=DESCRIPTOR:file:///Users/sameer.shaik/MyWorkSpace/17OctV2.2.3-New-BitBucketIssueFixed/conjur-credentials-plugin/target/jenkins-for-test/WEB-INF/web.xml}
18:14:50.857 [Executing testUserWithFolderLevelPermission(org.conjur.jenkins.credentials.ConjurCredentialStoreTest)] DEBUG org.eclipse.jetty.servlet.BaseHolder -- Holding class jenkins.util.SystemProperties$Listener from jdk.internal.loader.ClassLoaders$AppClassLoader@5ffd2b27
18:14:50.857 [Executing testUserWithFolderLevelPermission(org.conjur.jenkins.credentials.ConjurCredentialStoreTest)] DEBUG org.eclipse.jetty.util.component.AbstractLifeCycle -- STARTED @17961ms jenkins.util.SystemProperties$Listener@284c283d{src=DESCRIPTOR:file:///Users/sameer.shaik/MyWorkSpace/17OctV2.2.3-New-BitBucketIssueFixed/conjur-credentials-plugin/target/jenkins-for-test/WEB-INF/web.xml}
18:14:50.857 [Executing testUserWithFolderLevelPermission(org.conjur.jenkins.credentials.ConjurCredentialStoreTest)] DEBUG org.eclipse.jetty.util.component.AbstractLifeCycle -- starting hudson.WebAppMain@11337e01{src=DESCRIPTOR:file:///Users/sameer.shaik/MyWorkSpace/17OctV2.2.3-New-BitBucketIssueFixed/conjur-credentials-plugin/target/jenkins-for-test/WEB-INF/web.xml}
18:14:50.857 [Executing testUserWithFolderLevelPermission(org.conjur.jenkins.credentials.ConjurCredentialStoreTest)] DEBUG org.eclipse.jetty.servlet.BaseHolder -- Holding class hudson.WebAppMain from jdk.internal.loader.ClassLoaders$AppClassLoader@5ffd2b27
18:14:50.857 [Executing testUserWithFolderLevelPermission(org.conjur.jenkins.credentials.ConjurCredentialStoreTest)] DEBUG org.eclipse.jetty.util.component.AbstractLifeCycle -- STARTED @17961ms hudson.WebAppMain@11337e01{src=DESCRIPTOR:file:///Users/sameer.shaik/MyWorkSpace/17OctV2.2.3-New-BitBucketIssueFixed/conjur-credentials-plugin/target/jenkins-for-test/WEB-INF/web.xml}
18:14:50.857 [Executing testUserWithFolderLevelPermission(org.conjur.jenkins.credentials.ConjurCredentialStoreTest)] DEBUG org.eclipse.jetty.util.component.AbstractLifeCycle -- starting jenkins.JenkinsHttpSessionListener@740c9d67{src=DESCRIPTOR:file:///Users/sameer.shaik/MyWorkSpace/17OctV2.2.3-New-BitBucketIssueFixed/conjur-credentials-plugin/target/jenkins-for-test/WEB-INF/web.xml}
18:14:50.857 [Executing testUserWithFolderLevelPermission(org.conjur.jenkins.credentials.ConjurCredentialStoreTest)] DEBUG org.eclipse.jetty.servlet.BaseHolder -- Holding class jenkins.JenkinsHttpSessionListener from jdk.internal.loader.ClassLoaders$AppClassLoader@5ffd2b27
18:14:50.857 [Executing testUserWithFolderLevelPermission(org.conjur.jenkins.credentials.ConjurCredentialStoreTest)] DEBUG org.eclipse.jetty.util.component.ContainerLifeCycle -- org.eclipse.jetty.server.session.SessionHandler1294997296==dftMaxIdleSec=1800 added {jenkins.JenkinsHttpSessionListener@1ed5f2c5,UNMANAGED}
18:14:50.857 [Executing testUserWithFolderLevelPermission(org.conjur.jenkins.credentials.ConjurCredentialStoreTest)] DEBUG org.eclipse.jetty.util.component.AbstractLifeCycle -- STARTED @17961ms jenkins.JenkinsHttpSessionListener@740c9d67{src=DESCRIPTOR:file:///Users/sameer.shaik/MyWorkSpace/17OctV2.2.3-New-BitBucketIssueFixed/conjur-credentials-plugin/target/jenkins-for-test/WEB-INF/web.xml}
18:14:50.857 [Executing testUserWithFolderLevelPermission(org.conjur.jenkins.credentials.ConjurCredentialStoreTest)] DEBUG org.eclipse.jetty.server.handler.AbstractHandler -- starting o.e.j.w.WebAppContext@6733cbe4{Jenkins v2.346.3,/jenkins,file:///Users/sameer.shaik/MyWorkSpace/17OctV2.2.3-New-BitBucketIssueFixed/conjur-credentials-plugin/target/jenkins-for-test/,STARTING}{/Users/sameer.shaik/MyWorkSpace/17OctV2.2.3-New-BitBucketIssueFixed/conjur-credentials-plugin/target/jenkins-for-test}
18:14:50.857 [Executing testUserWithFolderLevelPermission(org.conjur.jenkins.credentials.ConjurCredentialStoreTest)] DEBUG org.eclipse.jetty.util.component.AbstractLifeCycle -- starting SymlinkAllowedResourceAliasChecker@1cf82584{base=null,protected=[/WEB-INF, /META-INF]}
18:14:50.857 [Executing testUserWithFolderLevelPermission(org.conjur.jenkins.credentials.ConjurCredentialStoreTest)] DEBUG org.eclipse.jetty.util.component.AbstractLifeCycle -- STARTED @17961ms SymlinkAllowedResourceAliasChecker@1cf82584{base=null,protected=[/WEB-INF, /META-INF]}
18:14:50.857 [Executing testUserWithFolderLevelPermission(org.conjur.jenkins.credentials.ConjurCredentialStoreTest)] DEBUG org.eclipse.jetty.util.component.AbstractLifeCycle -- starting org.eclipse.jetty.server.session.SessionHandler1294997296==dftMaxIdleSec=1800
18:14:50.857 [Executing testUserWithFolderLevelPermission(org.conjur.jenkins.credentials.ConjurCredentialStoreTest)] DEBUG org.eclipse.jetty.util.component.ContainerLifeCycle -- org.eclipse.jetty.server.session.SessionHandler1294997296==dftMaxIdleSec=1800 added {org.eclipse.jetty.server.session.DefaultSessionCache@7723ebf7[evict=-1,removeUnloadable=false,saveOnCreate=false,saveOnInactiveEvict=false],AUTO}
18:14:50.857 [Executing testUserWithFolderLevelPermission(org.conjur.jenkins.credentials.ConjurCredentialStoreTest)] DEBUG org.eclipse.jetty.util.component.ContainerLifeCycle -- org.eclipse.jetty.server.session.DefaultSessionCache@7723ebf7[evict=-1,removeUnloadable=false,saveOnCreate=false,saveOnInactiveEvict=false] added {org.eclipse.jetty.server.session.NullSessionDataStore@688ea396[passivating=false,graceSec=3600],AUTO}
18:14:50.857 [Executing testUserWithFolderLevelPermission(org.conjur.jenkins.credentials.ConjurCredentialStoreTest)] DEBUG org.eclipse.jetty.util.component.AbstractLifeCycle -- starting DefaultSessionIdManager@62b29454{STOPPED}[worker=null]
18:14:50.857 [Executing testUserWithFolderLevelPermission(org.conjur.jenkins.credentials.ConjurCredentialStoreTest)] INFO org.eclipse.jetty.server.session -- DefaultSessionIdManager workerName=node0
18:14:50.857 [Executing testUserWithFolderLevelPermission(org.conjur.jenkins.credentials.ConjurCredentialStoreTest)] INFO org.eclipse.jetty.server.session -- No SessionScavenger set, using defaults
18:14:50.857 [Executing testUserWithFolderLevelPermission(org.conjur.jenkins.credentials.ConjurCredentialStoreTest)] DEBUG org.eclipse.jetty.util.component.ContainerLifeCycle -- DefaultSessionIdManager@62b29454{STARTING}[worker=node0] added {HouseKeeper@53c0011d{STOPPED}[interval=600000, ownscheduler=false],MANAGED}
18:14:50.857 [Executing testUserWithFolderLevelPermission(org.conjur.jenkins.credentials.ConjurCredentialStoreTest)] DEBUG org.eclipse.jetty.util.component.AbstractLifeCycle -- starting HouseKeeper@53c0011d{STOPPED}[interval=600000, ownscheduler=false]
18:14:50.858 [Executing testUserWithFolderLevelPermission(org.conjur.jenkins.credentials.ConjurCredentialStoreTest)] DEBUG org.eclipse.jetty.util.component.AbstractLifeCycle -- starting ScheduledExecutorScheduler@3b5424c1{STOPPED}
18:14:50.858 [Executing testUserWithFolderLevelPermission(org.conjur.jenkins.credentials.ConjurCredentialStoreTest)] DEBUG org.eclipse.jetty.util.component.AbstractLifeCycle -- STARTED @17961ms ScheduledExecutorScheduler@3b5424c1{STARTED}
18:14:50.858 [Executing testUserWithFolderLevelPermission(org.conjur.jenkins.credentials.ConjurCredentialStoreTest)] DEBUG org.eclipse.jetty.server.session -- Using own scheduler for scavenging
18:14:50.858 [Executing testUserWithFolderLevelPermission(org.conjur.jenkins.credentials.ConjurCredentialStoreTest)] INFO org.eclipse.jetty.server.session -- node0 Scavenging every 600000ms
18:14:50.858 [Executing testUserWithFolderLevelPermission(org.conjur.jenkins.credentials.ConjurCredentialStoreTest)] DEBUG org.eclipse.jetty.util.component.AbstractLifeCycle -- STARTED @17962ms HouseKeeper@53c0011d{STARTED}[interval=600000, ownscheduler=true]
18:14:50.858 [Executing testUserWithFolderLevelPermission(org.conjur.jenkins.credentials.ConjurCredentialStoreTest)] DEBUG org.eclipse.jetty.util.component.AbstractLifeCycle -- STARTED @17962ms DefaultSessionIdManager@62b29454{STARTED}[worker=node0]
18:14:50.858 [Executing testUserWithFolderLevelPermission(org.conjur.jenkins.credentials.ConjurCredentialStoreTest)] DEBUG org.eclipse.jetty.util.component.ContainerLifeCycle -- Server@2d1fe87f{STARTING}[9.4.48.v20220622] added {DefaultSessionIdManager@62b29454{STARTED}[worker=node0],MANAGED}
18:14:50.858 [Executing testUserWithFolderLevelPermission(org.conjur.jenkins.credentials.ConjurCredentialStoreTest)] DEBUG org.eclipse.jetty.util.component.ContainerLifeCycle -- org.eclipse.jetty.server.session.SessionHandler1294997296==dftMaxIdleSec=1800 added {DefaultSessionIdManager@62b29454{STARTED}[worker=node0],UNMANAGED}
18:14:50.858 [Executing testUserWithFolderLevelPermission(org.conjur.jenkins.credentials.ConjurCredentialStoreTest)] DEBUG org.eclipse.jetty.util.component.AbstractLifeCycle -- starting ScheduledExecutorScheduler@503d8295{STOPPED}
18:14:50.858 [Executing testUserWithFolderLevelPermission(org.conjur.jenkins.credentials.ConjurCredentialStoreTest)] DEBUG org.eclipse.jetty.util.component.AbstractLifeCycle -- STARTED @17962ms ScheduledExecutorScheduler@503d8295{STARTED}
18:14:50.858 [Executing testUserWithFolderLevelPermission(org.conjur.jenkins.credentials.ConjurCredentialStoreTest)] DEBUG org.eclipse.jetty.server.handler.AbstractHandler -- starting org.eclipse.jetty.server.session.SessionHandler1294997296==dftMaxIdleSec=1800
18:14:50.858 [Executing testUserWithFolderLevelPermission(org.conjur.jenkins.credentials.ConjurCredentialStoreTest)] DEBUG org.eclipse.jetty.util.component.AbstractLifeCycle -- starting ConstraintSecurityHandler@34259999{STOPPED}
18:14:50.858 [Executing testUserWithFolderLevelPermission(org.conjur.jenkins.credentials.ConjurCredentialStoreTest)] DEBUG org.eclipse.jetty.util.component.ContainerLifeCycle -- ConstraintSecurityHandler@34259999{STARTING} added {org.eclipse.jetty.security.DefaultIdentityService@f372e77,POJO}
18:14:50.858 [Executing testUserWithFolderLevelPermission(org.conjur.jenkins.credentials.ConjurCredentialStoreTest)] DEBUG org.eclipse.jetty.security.SecurityHandler -- Created authenticator org.eclipse.jetty.security.authentication.FormAuthenticator@3a6a966 with org.eclipse.jetty.security.DefaultAuthenticatorFactory@a76ae10
18:14:50.858 [Executing testUserWithFolderLevelPermission(org.conjur.jenkins.credentials.ConjurCredentialStoreTest)] DEBUG org.eclipse.jetty.util.component.ContainerLifeCycle -- ConstraintSecurityHandler@34259999{STARTING} added {org.eclipse.jetty.security.authentication.FormAuthenticator@3a6a966,POJO}
18:14:50.858 [Executing testUserWithFolderLevelPermission(org.conjur.jenkins.credentials.ConjurCredentialStoreTest)] DEBUG org.eclipse.jetty.server.handler.AbstractHandler -- starting ConstraintSecurityHandler@34259999{STARTING}
18:14:50.858 [Executing testUserWithFolderLevelPermission(org.conjur.jenkins.credentials.ConjurCredentialStoreTest)] DEBUG org.eclipse.jetty.util.component.AbstractLifeCycle -- starting ServletHandler@43a3099{STOPPED}
18:14:50.858 [Executing testUserWithFolderLevelPermission(org.conjur.jenkins.credentials.ConjurCredentialStoreTest)] DEBUG org.eclipse.jetty.servlet.ServletHandler -- Path=*.jspx[DESCRIPTOR:jar:file:/Users/sameer.shaik/.m2/repository/org/eclipse/jetty/jetty-webapp/9.4.48.v20220622/jetty-webapp-9.4.48.v20220622.jar!/org/eclipse/jetty/webapp/webdefault.xml] mapped to servlet=jsp[DESCRIPTOR:jar:file:/Users/sameer.shaik/.m2/repository/org/eclipse/jetty/jetty-webapp/9.4.48.v20220622/jetty-webapp-9.4.48.v20220622.jar!/org/eclipse/jetty/webapp/webdefault.xml]
18:14:50.858 [Executing testUserWithFolderLevelPermission(org.conjur.jenkins.credentials.ConjurCredentialStoreTest)] DEBUG org.eclipse.jetty.http.pathmap.ServletPathSpec -- Creating ServletPathSpec[*.jspx] (group: SUFFIX_GLOB, prefix: "null", suffix: "jspx")
18:14:50.858 [Executing testUserWithFolderLevelPermission(org.conjur.jenkins.credentials.ConjurCredentialStoreTest)] DEBUG org.eclipse.jetty.http.pathmap.PathMappings -- Added MappedResource[pathSpec=ServletPathSpec@96a7cfb7{*.jspx},resource=jsp==org.eclipse.jetty.servlet.NoJspServlet@19c47{jsp=null,order=0,inst=false,async=false,src=DESCRIPTOR:jar:file:/Users/sameer.shaik/.m2/repository/org/eclipse/jetty/jetty-webapp/9.4.48.v20220622/jetty-webapp-9.4.48.v20220622.jar!/org/eclipse/jetty/webapp/webdefault.xml,STOPPED}] to PathMappings[size=1]
18:14:50.858 [Executing testUserWithFolderLevelPermission(org.conjur.jenkins.credentials.ConjurCredentialStoreTest)] DEBUG org.eclipse.jetty.servlet.ServletHandler -- Path=*.JSPX[DESCRIPTOR:jar:file:/Users/sameer.shaik/.m2/repository/org/eclipse/jetty/jetty-webapp/9.4.48.v20220622/jetty-webapp-9.4.48.v20220622.jar!/org/eclipse/jetty/webapp/webdefault.xml] mapped to servlet=jsp[DESCRIPTOR:jar:file:/Users/sameer.shaik/.m2/repository/org/eclipse/jetty/jetty-webapp/9.4.48.v20220622/jetty-webapp-9.4.48.v20220622.jar!/org/eclipse/jetty/webapp/webdefault.xml]
18:14:50.858 [Executing testUserWithFolderLevelPermission(org.conjur.jenkins.credentials.ConjurCredentialStoreTest)] DEBUG org.eclipse.jetty.http.pathmap.ServletPathSpec -- Creating ServletPathSpec[*.JSPX] (group: SUFFIX_GLOB, prefix: "null", suffix: "JSPX")
18:14:50.858 [Executing testUserWithFolderLevelPermission(org.conjur.jenkins.credentials.ConjurCredentialStoreTest)] DEBUG org.eclipse.jetty.http.pathmap.PathMappings -- Added MappedResource[pathSpec=ServletPathSpec@94d5d7b7{*.JSPX},resource=jsp==org.eclipse.jetty.servlet.NoJspServlet@19c47{jsp=null,order=0,inst=false,async=false,src=DESCRIPTOR:jar:file:/Users/sameer.shaik/.m2/repository/org/eclipse/jetty/jetty-webapp/9.4.48.v20220622/jetty-webapp-9.4.48.v20220622.jar!/org/eclipse/jetty/webapp/webdefault.xml,STOPPED}] to PathMappings[size=2]
18:14:50.858 [Executing testUserWithFolderLevelPermission(org.conjur.jenkins.credentials.ConjurCredentialStoreTest)] DEBUG org.eclipse.jetty.servlet.ServletHandler -- Path=*.JSPF[DESCRIPTOR:jar:file:/Users/sameer.shaik/.m2/repository/org/eclipse/jetty/jetty-webapp/9.4.48.v20220622/jetty-webapp-9.4.48.v20220622.jar!/org/eclipse/jetty/webapp/webdefault.xml] mapped to servlet=jsp[DESCRIPTOR:jar:file:/Users/sameer.shaik/.m2/repository/org/eclipse/jetty/jetty-webapp/9.4.48.v20220622/jetty-webapp-9.4.48.v20220622.jar!/org/eclipse/jetty/webapp/webdefault.xml]
18:14:50.858 [Executing testUserWithFolderLevelPermission(org.conjur.jenkins.credentials.ConjurCredentialStoreTest)] DEBUG org.eclipse.jetty.http.pathmap.ServletPathSpec -- Creating ServletPathSpec[*.JSPF] (group: SUFFIX_GLOB, prefix: "null", suffix: "JSPF")
18:14:50.859 [Executing testUserWithFolderLevelPermission(org.conjur.jenkins.credentials.ConjurCredentialStoreTest)] DEBUG org.eclipse.jetty.http.pathmap.PathMappings -- Added MappedResource[pathSpec=ServletPathSpec@94d5d589{*.JSPF},resource=jsp==org.eclipse.jetty.servlet.NoJspServlet@19c47{jsp=null,order=0,inst=false,async=false,src=DESCRIPTOR:jar:file:/Users/sameer.shaik/.m2/repository/org/eclipse/jetty/jetty-webapp/9.4.48.v20220622/jetty-webapp-9.4.48.v20220622.jar!/org/eclipse/jetty/webapp/webdefault.xml,STOPPED}] to PathMappings[size=3]
18:14:50.859 [Executing testUserWithFolderLevelPermission(org.conjur.jenkins.credentials.ConjurCredentialStoreTest)] DEBUG org.eclipse.jetty.servlet.ServletHandler -- Path=*.jsp[DESCRIPTOR:jar:file:/Users/sameer.shaik/.m2/repository/org/eclipse/jetty/jetty-webapp/9.4.48.v20220622/jetty-webapp-9.4.48.v20220622.jar!/org/eclipse/jetty/webapp/webdefault.xml] mapped to servlet=jsp[DESCRIPTOR:jar:file:/Users/sameer.shaik/.m2/repository/org/eclipse/jetty/jetty-webapp/9.4.48.v20220622/jetty-webapp-9.4.48.v20220622.jar!/org/eclipse/jetty/webapp/webdefault.xml]
18:14:50.859 [Executing testUserWithFolderLevelPermission(org.conjur.jenkins.credentials.ConjurCredentialStoreTest)] DEBUG org.eclipse.jetty.http.pathmap.ServletPathSpec -- Creating ServletPathSpec[*.jsp] (group: SUFFIX_GLOB, prefix: "null", suffix: "jsp")
18:14:50.859 [Executing testUserWithFolderLevelPermission(org.conjur.jenkins.credentials.ConjurCredentialStoreTest)] DEBUG org.eclipse.jetty.http.pathmap.PathMappings -- Added MappedResource[pathSpec=ServletPathSpec@debd2188{*.jsp},resource=jsp==org.eclipse.jetty.servlet.NoJspServlet@19c47{jsp=null,order=0,inst=false,async=false,src=DESCRIPTOR:jar:file:/Users/sameer.shaik/.m2/repository/org/eclipse/jetty/jetty-webapp/9.4.48.v20220622/jetty-webapp-9.4.48.v20220622.jar!/org/eclipse/jetty/webapp/webdefault.xml,STOPPED}] to PathMappings[size=4]
18:14:50.859 [Executing testUserWithFolderLevelPermission(org.conjur.jenkins.credentials.ConjurCredentialStoreTest)] DEBUG org.eclipse.jetty.servlet.ServletHandler -- Path=*.JSP[DESCRIPTOR:jar:file:/Users/sameer.shaik/.m2/repository/org/eclipse/jetty/jetty-webapp/9.4.48.v20220622/jetty-webapp-9.4.48.v20220622.jar!/org/eclipse/jetty/webapp/webdefault.xml] mapped to servlet=jsp[DESCRIPTOR:jar:file:/Users/sameer.shaik/.m2/repository/org/eclipse/jetty/jetty-webapp/9.4.48.v20220622/jetty-webapp-9.4.48.v20220622.jar!/org/eclipse/jetty/webapp/webdefault.xml]
18:14:50.859 [Executing testUserWithFolderLevelPermission(org.conjur.jenkins.credentials.ConjurCredentialStoreTest)] DEBUG org.eclipse.jetty.http.pathmap.ServletPathSpec -- Creating ServletPathSpec[*.JSP] (group: SUFFIX_GLOB, prefix: "null", suffix: "JSP")
18:14:50.859 [Executing testUserWithFolderLevelPermission(org.conjur.jenkins.credentials.ConjurCredentialStoreTest)] DEBUG org.eclipse.jetty.http.pathmap.PathMappings -- Added MappedResource[pathSpec=ServletPathSpec@deae19a8{*.JSP},resource=jsp==org.eclipse.jetty.servlet.NoJspServlet@19c47{jsp=null,order=0,inst=false,async=false,src=DESCRIPTOR:jar:file:/Users/sameer.shaik/.m2/repository/org/eclipse/jetty/jetty-webapp/9.4.48.v20220622/jetty-webapp-9.4.48.v20220622.jar!/org/eclipse/jetty/webapp/webdefault.xml,STOPPED}] to PathMappings[size=5]
18:14:50.859 [Executing testUserWithFolderLevelPermission(org.conjur.jenkins.credentials.ConjurCredentialStoreTest)] DEBUG org.eclipse.jetty.servlet.ServletHandler -- Path=*.jspf[DESCRIPTOR:jar:file:/Users/sameer.shaik/.m2/repository/org/eclipse/jetty/jetty-webapp/9.4.48.v20220622/jetty-webapp-9.4.48.v20220622.jar!/org/eclipse/jetty/webapp/webdefault.xml] mapped to servlet=jsp[DESCRIPTOR:jar:file:/Users/sameer.shaik/.m2/repository/org/eclipse/jetty/jetty-webapp/9.4.48.v20220622/jetty-webapp-9.4.48.v20220622.jar!/org/eclipse/jetty/webapp/webdefault.xml]
18:14:50.859 [Executing testUserWithFolderLevelPermission(org.conjur.jenkins.credentials.ConjurCredentialStoreTest)] DEBUG org.eclipse.jetty.http.pathmap.ServletPathSpec -- Creating ServletPathSpec[*.jspf] (group: SUFFIX_GLOB, prefix: "null", suffix: "jspf")
18:14:50.859 [Executing testUserWithFolderLevelPermission(org.conjur.jenkins.credentials.ConjurCredentialStoreTest)] DEBUG org.eclipse.jetty.http.pathmap.PathMappings -- Added MappedResource[pathSpec=ServletPathSpec@96a7cd89{*.jspf},resource=jsp==org.eclipse.jetty.servlet.NoJspServlet@19c47{jsp=null,order=0,inst=false,async=false,src=DESCRIPTOR:jar:file:/Users/sameer.shaik/.m2/repository/org/eclipse/jetty/jetty-webapp/9.4.48.v20220622/jetty-webapp-9.4.48.v20220622.jar!/org/eclipse/jetty/webapp/webdefault.xml,STOPPED}] to PathMappings[size=6]
18:14:50.859 [Executing testUserWithFolderLevelPermission(org.conjur.jenkins.credentials.ConjurCredentialStoreTest)] DEBUG org.eclipse.jetty.servlet.ServletHandler -- Path=*.XSP[DESCRIPTOR:jar:file:/Users/sameer.shaik/.m2/repository/org/eclipse/jetty/jetty-webapp/9.4.48.v20220622/jetty-webapp-9.4.48.v20220622.jar!/org/eclipse/jetty/webapp/webdefault.xml] mapped to servlet=jsp[DESCRIPTOR:jar:file:/Users/sameer.shaik/.m2/repository/org/eclipse/jetty/jetty-webapp/9.4.48.v20220622/jetty-webapp-9.4.48.v20220622.jar!/org/eclipse/jetty/webapp/webdefault.xml]
18:14:50.859 [Executing testUserWithFolderLevelPermission(org.conjur.jenkins.credentials.ConjurCredentialStoreTest)] DEBUG org.eclipse.jetty.http.pathmap.ServletPathSpec -- Creating ServletPathSpec[*.XSP] (group: SUFFIX_GLOB, prefix: "null", suffix: "XSP")
18:14:50.859 [Executing testUserWithFolderLevelPermission(org.conjur.jenkins.credentials.ConjurCredentialStoreTest)] DEBUG org.eclipse.jetty.http.pathmap.PathMappings -- Added MappedResource[pathSpec=ServletPathSpec@deb476da{*.XSP},resource=jsp==org.eclipse.jetty.servlet.NoJspServlet@19c47{jsp=null,order=0,inst=false,async=false,src=DESCRIPTOR:jar:file:/Users/sameer.shaik/.m2/repository/org/eclipse/jetty/jetty-webapp/9.4.48.v20220622/jetty-webapp-9.4.48.v20220622.jar!/org/eclipse/jetty/webapp/webdefault.xml,STOPPED}] to PathMappings[size=7]
18:14:50.859 [Executing testUserWithFolderLevelPermission(org.conjur.jenkins.credentials.ConjurCredentialStoreTest)] DEBUG org.eclipse.jetty.servlet.ServletHandler -- Path=*.xsp[DESCRIPTOR:jar:file:/Users/sameer.shaik/.m2/repository/org/eclipse/jetty/jetty-webapp/9.4.48.v20220622/jetty-webapp-9.4.48.v20220622.jar!/org/eclipse/jetty/webapp/webdefault.xml] mapped to servlet=jsp[DESCRIPTOR:jar:file:/Users/sameer.shaik/.m2/repository/org/eclipse/jetty/jetty-webapp/9.4.48.v20220622/jetty-webapp-9.4.48.v20220622.jar!/org/eclipse/jetty/webapp/webdefault.xml]
18:14:50.859 [Executing testUserWithFolderLevelPermission(org.conjur.jenkins.credentials.ConjurCredentialStoreTest)] DEBUG org.eclipse.jetty.http.pathmap.ServletPathSpec -- Creating ServletPathSpec[*.xsp] (group: SUFFIX_GLOB, prefix: "null", suffix: "xsp")
18:14:50.859 [Executing testUserWithFolderLevelPermission(org.conjur.jenkins.credentials.ConjurCredentialStoreTest)] DEBUG org.eclipse.jetty.http.pathmap.PathMappings -- Added MappedResource[pathSpec=ServletPathSpec@dec37eba{*.xsp},resource=jsp==org.eclipse.jetty.servlet.NoJspServlet@19c47{jsp=null,order=0,inst=false,async=false,src=DESCRIPTOR:jar:file:/Users/sameer.shaik/.m2/repository/org/eclipse/jetty/jetty-webapp/9.4.48.v20220622/jetty-webapp-9.4.48.v20220622.jar!/org/eclipse/jetty/webapp/webdefault.xml,STOPPED}] to PathMappings[size=8]
18:14:50.859 [Executing testUserWithFolderLevelPermission(org.conjur.jenkins.credentials.ConjurCredentialStoreTest)] DEBUG org.eclipse.jetty.servlet.ServletHandler -- Path=/*[DESCRIPTOR:file:///Users/sameer.shaik/MyWorkSpace/17OctV2.2.3-New-BitBucketIssueFixed/conjur-credentials-plugin/target/jenkins-for-test/WEB-INF/web.xml] mapped to servlet=Stapler[DESCRIPTOR:file:///Users/sameer.shaik/MyWorkSpace/17OctV2.2.3-New-BitBucketIssueFixed/conjur-credentials-plugin/target/jenkins-for-test/WEB-INF/web.xml]
18:14:50.859 [Executing testUserWithFolderLevelPermission(org.conjur.jenkins.credentials.ConjurCredentialStoreTest)] DEBUG org.eclipse.jetty.http.pathmap.ServletPathSpec -- Creating ServletPathSpec[/*] (group: PREFIX_GLOB, prefix: "", suffix: "null")
18:14:50.859 [Executing testUserWithFolderLevelPermission(org.conjur.jenkins.credentials.ConjurCredentialStoreTest)] DEBUG org.eclipse.jetty.http.pathmap.PathMappings -- Added MappedResource[pathSpec=ServletPathSpec@9457a78e{/*},resource=Stapler==org.kohsuke.stapler.Stapler@f222d1a9{jsp=null,order=-1,inst=false,async=true,src=DESCRIPTOR:file:///Users/sameer.shaik/MyWorkSpace/17OctV2.2.3-New-BitBucketIssueFixed/conjur-credentials-plugin/target/jenkins-for-test/WEB-INF/web.xml,STOPPED}] to PathMappings[size=9]
18:14:50.859 [Executing testUserWithFolderLevelPermission(org.conjur.jenkins.credentials.ConjurCredentialStoreTest)] DEBUG org.eclipse.jetty.servlet.ServletHandler -- Path=/[DESCRIPTOR:jar:file:/Users/sameer.shaik/.m2/repository/org/eclipse/jetty/jetty-webapp/9.4.48.v20220622/jetty-webapp-9.4.48.v20220622.jar!/org/eclipse/jetty/webapp/webdefault.xml] mapped to servlet=default[DESCRIPTOR:jar:file:/Users/sameer.shaik/.m2/repository/org/eclipse/jetty/jetty-webapp/9.4.48.v20220622/jetty-webapp-9.4.48.v20220622.jar!/org/eclipse/jetty/webapp/webdefault.xml]
18:14:50.859 [Executing testUserWithFolderLevelPermission(org.conjur.jenkins.credentials.ConjurCredentialStoreTest)] DEBUG org.eclipse.jetty.http.pathmap.PathMappings -- Added MappedResource[pathSpec=ServletPathSpec@9457dcb7{/},resource=default==org.eclipse.jetty.servlet.DefaultServlet@5c13d641{jsp=null,order=0,inst=false,async=false,src=DESCRIPTOR:jar:file:/Users/sameer.shaik/.m2/repository/org/eclipse/jetty/jetty-webapp/9.4.48.v20220622/jetty-webapp-9.4.48.v20220622.jar!/org/eclipse/jetty/webapp/webdefault.xml,STOPPED}] to PathMappings[size=10]
18:14:50.859 [Executing testUserWithFolderLevelPermission(org.conjur.jenkins.credentials.ConjurCredentialStoreTest)] DEBUG org.eclipse.jetty.servlet.ServletHandler -- filterNameMap={csrf-filter=csrf-filter==hudson.security.csrf.CrumbFilter@34556ce1{inst=false,async=true,src=DESCRIPTOR:file:///Users/sameer.shaik/MyWorkSpace/17OctV2.2.3-New-BitBucketIssueFixed/conjur-credentials-plugin/target/jenkins-for-test/WEB-INF/web.xml}, encoding-filter=encoding-filter==hudson.util.CharacterEncodingFilter@4bee5256{inst=false,async=true,src=DESCRIPTOR:file:///Users/sameer.shaik/MyWorkSpace/17OctV2.2.3-New-BitBucketIssueFixed/conjur-credentials-plugin/target/jenkins-for-test/WEB-INF/web.xml}, diagnostic-name-filter=diagnostic-name-filter==org.kohsuke.stapler.DiagnosticThreadNameFilter@4127ff05{inst=false,async=true,src=DESCRIPTOR:file:///Users/sameer.shaik/MyWorkSpace/17OctV2.2.3-New-BitBucketIssueFixed/conjur-credentials-plugin/target/jenkins-for-test/WEB-INF/web.xml}, compression-filter=compression-filter==org.kohsuke.stapler.compression.CompressionFilter@5b1909e9{inst=false,async=true,src=DESCRIPTOR:file:///Users/sameer.shaik/MyWorkSpace/17OctV2.2.3-New-BitBucketIssueFixed/conjur-credentials-plugin/target/jenkins-for-test/WEB-INF/web.xml}, plugins-filter=plugins-filter==hudson.util.PluginServletFilter@d90f4df{inst=false,async=true,src=DESCRIPTOR:file:///Users/sameer.shaik/MyWorkSpace/17OctV2.2.3-New-BitBucketIssueFixed/conjur-credentials-plugin/target/jenkins-for-test/WEB-INF/web.xml}, authentication-filter=authentication-filter==hudson.security.HudsonFilter@4a747d7d{inst=false,async=true,src=DESCRIPTOR:file:///Users/sameer.shaik/MyWorkSpace/17OctV2.2.3-New-BitBucketIssueFixed/conjur-credentials-plugin/target/jenkins-for-test/WEB-INF/web.xml}, suspicious-request-filter=suspicious-request-filter==jenkins.security.SuspiciousRequestFilter@8e333e4{inst=false,async=true,src=DESCRIPTOR:file:///Users/sameer.shaik/MyWorkSpace/17OctV2.2.3-New-BitBucketIssueFixed/conjur-credentials-plugin/target/jenkins-for-test/WEB-INF/web.xml}}
18:14:50.859 [Executing testUserWithFolderLevelPermission(org.conjur.jenkins.credentials.ConjurCredentialStoreTest)] DEBUG org.eclipse.jetty.servlet.ServletHandler -- pathFilters=[[/*]/[]/[REQUEST, ASYNC]=>plugins-filter, [/*]/[]/[REQUEST, ASYNC]=>csrf-filter, [/*]/[]/[REQUEST, ASYNC]=>authentication-filter, [/*]/[]/[REQUEST, ASYNC]=>compression-filter, [/*]/[]/[REQUEST, ASYNC]=>encoding-filter, [/*]/[]/[REQUEST, ASYNC]=>diagnostic-name-filter, [/*]/[]/[REQUEST, ASYNC]=>suspicious-request-filter]
18:14:50.859 [Executing testUserWithFolderLevelPermission(org.conjur.jenkins.credentials.ConjurCredentialStoreTest)] DEBUG org.eclipse.jetty.servlet.ServletHandler -- servletFilterMap={}
18:14:50.859 [Executing testUserWithFolderLevelPermission(org.conjur.jenkins.credentials.ConjurCredentialStoreTest)] DEBUG org.eclipse.jetty.servlet.ServletHandler -- servletPathMap=PathMappings[size=10]
18:14:50.860 [Executing testUserWithFolderLevelPermission(org.conjur.jenkins.credentials.ConjurCredentialStoreTest)] DEBUG org.eclipse.jetty.servlet.ServletHandler -- servletNameMap={default=default==org.eclipse.jetty.servlet.DefaultServlet@5c13d641{jsp=null,order=0,inst=false,async=false,src=DESCRIPTOR:jar:file:/Users/sameer.shaik/.m2/repository/org/eclipse/jetty/jetty-webapp/9.4.48.v20220622/jetty-webapp-9.4.48.v20220622.jar!/org/eclipse/jetty/webapp/webdefault.xml,STOPPED}, jsp=jsp==org.eclipse.jetty.servlet.NoJspServlet@19c47{jsp=null,order=0,inst=false,async=false,src=DESCRIPTOR:jar:file:/Users/sameer.shaik/.m2/repository/org/eclipse/jetty/jetty-webapp/9.4.48.v20220622/jetty-webapp-9.4.48.v20220622.jar!/org/eclipse/jetty/webapp/webdefault.xml,STOPPED}, Stapler=Stapler==org.kohsuke.stapler.Stapler@f222d1a9{jsp=null,order=-1,inst=false,async=true,src=DESCRIPTOR:file:///Users/sameer.shaik/MyWorkSpace/17OctV2.2.3-New-BitBucketIssueFixed/conjur-credentials-plugin/target/jenkins-for-test/WEB-INF/web.xml,STOPPED}}
18:14:50.860 [Executing testUserWithFolderLevelPermission(org.conjur.jenkins.credentials.ConjurCredentialStoreTest)] DEBUG org.eclipse.jetty.server.handler.AbstractHandler -- starting ServletHandler@43a3099{STARTING}
18:14:50.860 [Executing testUserWithFolderLevelPermission(org.conjur.jenkins.credentials.ConjurCredentialStoreTest)] DEBUG org.eclipse.jetty.util.component.AbstractLifeCycle -- STARTED @17963ms ServletHandler@43a3099{STARTED}
18:14:50.860 [Executing testUserWithFolderLevelPermission(org.conjur.jenkins.credentials.ConjurCredentialStoreTest)] DEBUG org.eclipse.jetty.util.component.AbstractLifeCycle -- starting HashLoginService@5a5c635d[default]
18:14:50.860 [Executing testUserWithFolderLevelPermission(org.conjur.jenkins.credentials.ConjurCredentialStoreTest)] DEBUG org.eclipse.jetty.util.component.AbstractLifeCycle -- starting UserStore@3704d2ce{STOPPED}
18:14:50.860 [Executing testUserWithFolderLevelPermission(org.conjur.jenkins.credentials.ConjurCredentialStoreTest)] DEBUG org.eclipse.jetty.util.component.AbstractLifeCycle -- STARTED @17963ms UserStore@3704d2ce{STARTED}
18:14:50.860 [Executing testUserWithFolderLevelPermission(org.conjur.jenkins.credentials.ConjurCredentialStoreTest)] DEBUG org.eclipse.jetty.util.component.AbstractLifeCycle -- STARTED @17964ms HashLoginService@5a5c635d[default]
18:14:50.860 [Executing testUserWithFolderLevelPermission(org.conjur.jenkins.credentials.ConjurCredentialStoreTest)] DEBUG org.eclipse.jetty.util.component.AbstractLifeCycle -- STARTED @17964ms ConstraintSecurityHandler@34259999{STARTED}
18:14:50.860 [Executing testUserWithFolderLevelPermission(org.conjur.jenkins.credentials.ConjurCredentialStoreTest)] DEBUG org.eclipse.jetty.util.component.AbstractLifeCycle -- starting org.eclipse.jetty.server.session.DefaultSessionCache@7723ebf7[evict=-1,removeUnloadable=false,saveOnCreate=false,saveOnInactiveEvict=false]
18:14:50.860 [Executing testUserWithFolderLevelPermission(org.conjur.jenkins.credentials.ConjurCredentialStoreTest)] DEBUG org.eclipse.jetty.util.component.AbstractLifeCycle -- starting org.eclipse.jetty.server.session.NullSessionDataStore@688ea396[passivating=false,graceSec=3600]
18:14:50.860 [Executing testUserWithFolderLevelPermission(org.conjur.jenkins.credentials.ConjurCredentialStoreTest)] DEBUG org.eclipse.jetty.util.component.AbstractLifeCycle -- STARTED @17964ms org.eclipse.jetty.server.session.NullSessionDataStore@688ea396[passivating=false,graceSec=3600]
18:14:50.860 [Executing testUserWithFolderLevelPermission(org.conjur.jenkins.credentials.ConjurCredentialStoreTest)] DEBUG org.eclipse.jetty.util.component.AbstractLifeCycle -- STARTED @17964ms org.eclipse.jetty.server.session.DefaultSessionCache@7723ebf7[evict=-1,removeUnloadable=false,saveOnCreate=false,saveOnInactiveEvict=false]
18:14:50.860 [Executing testUserWithFolderLevelPermission(org.conjur.jenkins.credentials.ConjurCredentialStoreTest)] DEBUG org.eclipse.jetty.util.component.AbstractLifeCycle -- STARTED @17964ms org.eclipse.jetty.server.session.SessionHandler1294997296==dftMaxIdleSec=1800
18:14:50.860 [Executing testUserWithFolderLevelPermission(org.conjur.jenkins.credentials.ConjurCredentialStoreTest)] DEBUG org.eclipse.jetty.util.component.AbstractLifeCycle -- starting ErrorPageErrorHandler@497e2eb9{STOPPED}
18:14:50.860 [Executing testUserWithFolderLevelPermission(org.conjur.jenkins.credentials.ConjurCredentialStoreTest)] DEBUG org.eclipse.jetty.server.handler.AbstractHandler -- starting ErrorPageErrorHandler@497e2eb9{STARTING}
18:14:50.860 [Executing testUserWithFolderLevelPermission(org.conjur.jenkins.credentials.ConjurCredentialStoreTest)] DEBUG org.eclipse.jetty.util.component.AbstractLifeCycle -- STARTED @17964ms ErrorPageErrorHandler@497e2eb9{STARTED}
18:14:50.860 [Executing testUserWithFolderLevelPermission(org.conjur.jenkins.credentials.ConjurCredentialStoreTest)] DEBUG org.eclipse.jetty.util.component.AbstractLifeCycle -- starting NoListenerConfiguration@518f8f5e{STOPPED}
18:14:50.860 [Executing testUserWithFolderLevelPermission(org.conjur.jenkins.credentials.ConjurCredentialStoreTest)] DEBUG org.eclipse.jetty.util.component.AbstractLifeCycle -- STARTED @17964ms NoListenerConfiguration@518f8f5e{STARTED}
18:14:50.860 [Executing testUserWithFolderLevelPermission(org.conjur.jenkins.credentials.ConjurCredentialStoreTest)] DEBUG org.eclipse.jetty.server.handler.ContextHandler -- contextInitialized: javax.servlet.ServletContextEvent[source=ServletContext@o.e.j.w.WebAppContext@6733cbe4{Jenkins v2.346.3,/jenkins,file:///Users/sameer.shaik/MyWorkSpace/17OctV2.2.3-New-BitBucketIssueFixed/conjur-credentials-plugin/target/jenkins-for-test/,STARTING}{/Users/sameer.shaik/MyWorkSpace/17OctV2.2.3-New-BitBucketIssueFixed/conjur-credentials-plugin/target/jenkins-for-test}]->org.eclipse.jetty.servlet.listener.ELContextCleaner@62ff7c2a
18:14:50.860 [Executing testUserWithFolderLevelPermission(org.conjur.jenkins.credentials.ConjurCredentialStoreTest)] DEBUG org.eclipse.jetty.server.handler.ContextHandler -- contextInitialized: javax.servlet.ServletContextEvent[source=ServletContext@o.e.j.w.WebAppContext@6733cbe4{Jenkins v2.346.3,/jenkins,file:///Users/sameer.shaik/MyWorkSpace/17OctV2.2.3-New-BitBucketIssueFixed/conjur-credentials-plugin/target/jenkins-for-test/,STARTING}{/Users/sameer.shaik/MyWorkSpace/17OctV2.2.3-New-BitBucketIssueFixed/conjur-credentials-plugin/target/jenkins-for-test}]->org.eclipse.jetty.servlet.listener.IntrospectorCleaner@5e6a73ca
18:14:50.860 [Executing testUserWithFolderLevelPermission(org.conjur.jenkins.credentials.ConjurCredentialStoreTest)] DEBUG org.eclipse.jetty.server.handler.ContextHandler -- contextInitialized: javax.servlet.ServletContextEvent[source=ServletContext@o.e.j.w.WebAppContext@6733cbe4{Jenkins v2.346.3,/jenkins,file:///Users/sameer.shaik/MyWorkSpace/17OctV2.2.3-New-BitBucketIssueFixed/conjur-credentials-plugin/target/jenkins-for-test/,STARTING}{/Users/sameer.shaik/MyWorkSpace/17OctV2.2.3-New-BitBucketIssueFixed/conjur-credentials-plugin/target/jenkins-for-test}]->jenkins.util.SystemProperties$Listener@68b11cf8
18:14:50.860 [Executing testUserWithFolderLevelPermission(org.conjur.jenkins.credentials.ConjurCredentialStoreTest)] DEBUG org.eclipse.jetty.util.component.AbstractLifeCycle -- starting suspicious-request-filter==jenkins.security.SuspiciousRequestFilter@8e333e4{inst=false,async=true,src=DESCRIPTOR:file:///Users/sameer.shaik/MyWorkSpace/17OctV2.2.3-New-BitBucketIssueFixed/conjur-credentials-plugin/target/jenkins-for-test/WEB-INF/web.xml}
18:14:50.860 [Executing testUserWithFolderLevelPermission(org.conjur.jenkins.credentials.ConjurCredentialStoreTest)] DEBUG org.eclipse.jetty.servlet.BaseHolder -- Holding class jenkins.security.SuspiciousRequestFilter from jdk.internal.loader.ClassLoaders$AppClassLoader@5ffd2b27
18:14:50.860 [Executing testUserWithFolderLevelPermission(org.conjur.jenkins.credentials.ConjurCredentialStoreTest)] DEBUG org.eclipse.jetty.util.component.AbstractLifeCycle -- STARTED @17964ms suspicious-request-filter==jenkins.security.SuspiciousRequestFilter@8e333e4{inst=false,async=true,src=DESCRIPTOR:file:///Users/sameer.shaik/MyWorkSpace/17OctV2.2.3-New-BitBucketIssueFixed/conjur-credentials-plugin/target/jenkins-for-test/WEB-INF/web.xml}
18:14:50.860 [Executing testUserWithFolderLevelPermission(org.conjur.jenkins.credentials.ConjurCredentialStoreTest)] DEBUG org.eclipse.jetty.servlet.FilterHolder -- Filter.init jenkins.security.SuspiciousRequestFilter@6ae7f1e
18:14:50.860 [Executing testUserWithFolderLevelPermission(org.conjur.jenkins.credentials.ConjurCredentialStoreTest)] DEBUG org.eclipse.jetty.util.component.AbstractLifeCycle -- starting diagnostic-name-filter==org.kohsuke.stapler.DiagnosticThreadNameFilter@4127ff05{inst=false,async=true,src=DESCRIPTOR:file:///Users/sameer.shaik/MyWorkSpace/17OctV2.2.3-New-BitBucketIssueFixed/conjur-credentials-plugin/target/jenkins-for-test/WEB-INF/web.xml}
18:14:50.860 [Executing testUserWithFolderLevelPermission(org.conjur.jenkins.credentials.ConjurCredentialStoreTest)] DEBUG org.eclipse.jetty.servlet.BaseHolder -- Holding class org.kohsuke.stapler.DiagnosticThreadNameFilter from jdk.internal.loader.ClassLoaders$AppClassLoader@5ffd2b27
18:14:50.860 [Executing testUserWithFolderLevelPermission(org.conjur.jenkins.credentials.ConjurCredentialStoreTest)] DEBUG org.eclipse.jetty.util.component.AbstractLifeCycle -- STARTED @17964ms diagnostic-name-filter==org.kohsuke.stapler.DiagnosticThreadNameFilter@4127ff05{inst=false,async=true,src=DESCRIPTOR:file:///Users/sameer.shaik/MyWorkSpace/17OctV2.2.3-New-BitBucketIssueFixed/conjur-credentials-plugin/target/jenkins-for-test/WEB-INF/web.xml}
18:14:50.860 [Executing testUserWithFolderLevelPermission(org.conjur.jenkins.credentials.ConjurCredentialStoreTest)] DEBUG org.eclipse.jetty.servlet.FilterHolder -- Filter.init org.kohsuke.stapler.DiagnosticThreadNameFilter@1f295dcd
18:14:50.860 [Executing testUserWithFolderLevelPermission(org.conjur.jenkins.credentials.ConjurCredentialStoreTest)] DEBUG org.eclipse.jetty.util.component.AbstractLifeCycle -- starting encoding-filter==hudson.util.CharacterEncodingFilter@4bee5256{inst=false,async=true,src=DESCRIPTOR:file:///Users/sameer.shaik/MyWorkSpace/17OctV2.2.3-New-BitBucketIssueFixed/conjur-credentials-plugin/target/jenkins-for-test/WEB-INF/web.xml}
18:14:50.860 [Executing testUserWithFolderLevelPermission(org.conjur.jenkins.credentials.ConjurCredentialStoreTest)] DEBUG org.eclipse.jetty.servlet.BaseHolder -- Holding class hudson.util.CharacterEncodingFilter from jdk.internal.loader.ClassLoaders$AppClassLoader@5ffd2b27
18:14:50.860 [Executing testUserWithFolderLevelPermission(org.conjur.jenkins.credentials.ConjurCredentialStoreTest)] DEBUG org.eclipse.jetty.util.component.AbstractLifeCycle -- STARTED @17964ms encoding-filter==hudson.util.CharacterEncodingFilter@4bee5256{inst=false,async=true,src=DESCRIPTOR:file:///Users/sameer.shaik/MyWorkSpace/17OctV2.2.3-New-BitBucketIssueFixed/conjur-credentials-plugin/target/jenkins-for-test/WEB-INF/web.xml}
18:14:50.860 [Executing testUserWithFolderLevelPermission(org.conjur.jenkins.credentials.ConjurCredentialStoreTest)] DEBUG org.eclipse.jetty.servlet.FilterHolder -- Filter.init hudson.util.CharacterEncodingFilter@125089c1
18:14:50.861 [Executing testUserWithFolderLevelPermission(org.conjur.jenkins.credentials.ConjurCredentialStoreTest)] DEBUG org.eclipse.jetty.util.component.AbstractLifeCycle -- starting compression-filter==org.kohsuke.stapler.compression.CompressionFilter@5b1909e9{inst=false,async=true,src=DESCRIPTOR:file:///Users/sameer.shaik/MyWorkSpace/17OctV2.2.3-New-BitBucketIssueFixed/conjur-credentials-plugin/target/jenkins-for-test/WEB-INF/web.xml}
18:14:50.861 [Executing testUserWithFolderLevelPermission(org.conjur.jenkins.credentials.ConjurCredentialStoreTest)] DEBUG org.eclipse.jetty.servlet.BaseHolder -- Holding class org.kohsuke.stapler.compression.CompressionFilter from jdk.internal.loader.ClassLoaders$AppClassLoader@5ffd2b27
18:14:50.861 [Executing testUserWithFolderLevelPermission(org.conjur.jenkins.credentials.ConjurCredentialStoreTest)] DEBUG org.eclipse.jetty.util.component.AbstractLifeCycle -- STARTED @17964ms compression-filter==org.kohsuke.stapler.compression.CompressionFilter@5b1909e9{inst=false,async=true,src=DESCRIPTOR:file:///Users/sameer.shaik/MyWorkSpace/17OctV2.2.3-New-BitBucketIssueFixed/conjur-credentials-plugin/target/jenkins-for-test/WEB-INF/web.xml}
18:14:50.861 [Executing testUserWithFolderLevelPermission(org.conjur.jenkins.credentials.ConjurCredentialStoreTest)] DEBUG org.eclipse.jetty.servlet.FilterHolder -- Filter.init org.kohsuke.stapler.compression.CompressionFilter@726611af
18:14:50.861 [Executing testUserWithFolderLevelPermission(org.conjur.jenkins.credentials.ConjurCredentialStoreTest)] DEBUG org.eclipse.jetty.util.component.AbstractLifeCycle -- starting authentication-filter==hudson.security.HudsonFilter@4a747d7d{inst=false,async=true,src=DESCRIPTOR:file:///Users/sameer.shaik/MyWorkSpace/17OctV2.2.3-New-BitBucketIssueFixed/conjur-credentials-plugin/target/jenkins-for-test/WEB-INF/web.xml}
18:14:50.861 [Executing testUserWithFolderLevelPermission(org.conjur.jenkins.credentials.ConjurCredentialStoreTest)] DEBUG org.eclipse.jetty.servlet.BaseHolder -- Holding class hudson.security.HudsonFilter from jdk.internal.loader.ClassLoaders$AppClassLoader@5ffd2b27
18:14:50.861 [Executing testUserWithFolderLevelPermission(org.conjur.jenkins.credentials.ConjurCredentialStoreTest)] DEBUG org.eclipse.jetty.util.component.AbstractLifeCycle -- STARTED @17965ms authentication-filter==hudson.security.HudsonFilter@4a747d7d{inst=false,async=true,src=DESCRIPTOR:file:///Users/sameer.shaik/MyWorkSpace/17OctV2.2.3-New-BitBucketIssueFixed/conjur-credentials-plugin/target/jenkins-for-test/WEB-INF/web.xml}
18:14:50.861 [Executing testUserWithFolderLevelPermission(org.conjur.jenkins.credentials.ConjurCredentialStoreTest)] DEBUG org.eclipse.jetty.servlet.FilterHolder -- Filter.init hudson.security.HudsonFilter@7c5d672
18:14:50.861 [Executing testUserWithFolderLevelPermission(org.conjur.jenkins.credentials.ConjurCredentialStoreTest)] DEBUG org.eclipse.jetty.util.component.AbstractLifeCycle -- starting csrf-filter==hudson.security.csrf.CrumbFilter@34556ce1{inst=false,async=true,src=DESCRIPTOR:file:///Users/sameer.shaik/MyWorkSpace/17OctV2.2.3-New-BitBucketIssueFixed/conjur-credentials-plugin/target/jenkins-for-test/WEB-INF/web.xml}
18:14:50.861 [Executing testUserWithFolderLevelPermission(org.conjur.jenkins.credentials.ConjurCredentialStoreTest)] DEBUG org.eclipse.jetty.servlet.BaseHolder -- Holding class hudson.security.csrf.CrumbFilter from jdk.internal.loader.ClassLoaders$AppClassLoader@5ffd2b27
18:14:50.861 [Executing testUserWithFolderLevelPermission(org.conjur.jenkins.credentials.ConjurCredentialStoreTest)] DEBUG org.eclipse.jetty.util.component.AbstractLifeCycle -- STARTED @17965ms csrf-filter==hudson.security.csrf.CrumbFilter@34556ce1{inst=false,async=true,src=DESCRIPTOR:file:///Users/sameer.shaik/MyWorkSpace/17OctV2.2.3-New-BitBucketIssueFixed/conjur-credentials-plugin/target/jenkins-for-test/WEB-INF/web.xml}
18:14:50.861 [Executing testUserWithFolderLevelPermission(org.conjur.jenkins.credentials.ConjurCredentialStoreTest)] DEBUG org.eclipse.jetty.servlet.FilterHolder -- Filter.init hudson.security.csrf.CrumbFilter@52572472
18:14:50.861 [Executing testUserWithFolderLevelPermission(org.conjur.jenkins.credentials.ConjurCredentialStoreTest)] DEBUG org.eclipse.jetty.util.component.AbstractLifeCycle -- starting plugins-filter==hudson.util.PluginServletFilter@d90f4df{inst=false,async=true,src=DESCRIPTOR:file:///Users/sameer.shaik/MyWorkSpace/17OctV2.2.3-New-BitBucketIssueFixed/conjur-credentials-plugin/target/jenkins-for-test/WEB-INF/web.xml}
18:14:50.861 [Executing testUserWithFolderLevelPermission(org.conjur.jenkins.credentials.ConjurCredentialStoreTest)] DEBUG org.eclipse.jetty.servlet.BaseHolder -- Holding class hudson.util.PluginServletFilter from jdk.internal.loader.ClassLoaders$AppClassLoader@5ffd2b27
18:14:50.861 [Executing testUserWithFolderLevelPermission(org.conjur.jenkins.credentials.ConjurCredentialStoreTest)] DEBUG org.eclipse.jetty.util.component.AbstractLifeCycle -- STARTED @17965ms plugins-filter==hudson.util.PluginServletFilter@d90f4df{inst=false,async=true,src=DESCRIPTOR:file:///Users/sameer.shaik/MyWorkSpace/17OctV2.2.3-New-BitBucketIssueFixed/conjur-credentials-plugin/target/jenkins-for-test/WEB-INF/web.xml}
18:14:50.861 [Executing testUserWithFolderLevelPermission(org.conjur.jenkins.credentials.ConjurCredentialStoreTest)] DEBUG org.eclipse.jetty.servlet.FilterHolder -- Filter.init hudson.util.PluginServletFilter@445fb178
18:14:50.861 [Executing testUserWithFolderLevelPermission(org.conjur.jenkins.credentials.ConjurCredentialStoreTest)] DEBUG org.eclipse.jetty.util.component.AbstractLifeCycle -- starting Stapler==org.kohsuke.stapler.Stapler@f222d1a9{jsp=null,order=-1,inst=false,async=true,src=DESCRIPTOR:file:///Users/sameer.shaik/MyWorkSpace/17OctV2.2.3-New-BitBucketIssueFixed/conjur-credentials-plugin/target/jenkins-for-test/WEB-INF/web.xml,STOPPED}
18:14:50.861 [Executing testUserWithFolderLevelPermission(org.conjur.jenkins.credentials.ConjurCredentialStoreTest)] DEBUG org.eclipse.jetty.servlet.BaseHolder -- Holding class org.kohsuke.stapler.Stapler from jdk.internal.loader.ClassLoaders$AppClassLoader@5ffd2b27
18:14:50.861 [Executing testUserWithFolderLevelPermission(org.conjur.jenkins.credentials.ConjurCredentialStoreTest)] DEBUG org.eclipse.jetty.util.component.AbstractLifeCycle -- STARTED @17965ms Stapler==org.kohsuke.stapler.Stapler@f222d1a9{jsp=null,order=-1,inst=false,async=true,src=DESCRIPTOR:file:///Users/sameer.shaik/MyWorkSpace/17OctV2.2.3-New-BitBucketIssueFixed/conjur-credentials-plugin/target/jenkins-for-test/WEB-INF/web.xml,STARTED}
18:14:50.861 [Executing testUserWithFolderLevelPermission(org.conjur.jenkins.credentials.ConjurCredentialStoreTest)] DEBUG org.eclipse.jetty.util.component.AbstractLifeCycle -- starting default==org.eclipse.jetty.servlet.DefaultServlet@5c13d641{jsp=null,order=0,inst=false,async=false,src=DESCRIPTOR:jar:file:/Users/sameer.shaik/.m2/repository/org/eclipse/jetty/jetty-webapp/9.4.48.v20220622/jetty-webapp-9.4.48.v20220622.jar!/org/eclipse/jetty/webapp/webdefault.xml,STOPPED}
18:14:50.861 [Executing testUserWithFolderLevelPermission(org.conjur.jenkins.credentials.ConjurCredentialStoreTest)] DEBUG org.eclipse.jetty.servlet.BaseHolder -- Holding class org.eclipse.jetty.servlet.DefaultServlet from jdk.internal.loader.ClassLoaders$AppClassLoader@5ffd2b27
18:14:50.861 [Executing testUserWithFolderLevelPermission(org.conjur.jenkins.credentials.ConjurCredentialStoreTest)] DEBUG org.eclipse.jetty.util.component.AbstractLifeCycle -- STARTED @17965ms default==org.eclipse.jetty.servlet.DefaultServlet@5c13d641{jsp=null,order=0,inst=false,async=false,src=DESCRIPTOR:jar:file:/Users/sameer.shaik/.m2/repository/org/eclipse/jetty/jetty-webapp/9.4.48.v20220622/jetty-webapp-9.4.48.v20220622.jar!/org/eclipse/jetty/webapp/webdefault.xml,STARTED}
18:14:50.861 [Executing testUserWithFolderLevelPermission(org.conjur.jenkins.credentials.ConjurCredentialStoreTest)] DEBUG org.eclipse.jetty.servlet.ServletHolder -- Servlet.init null for default
18:14:50.861 [Executing testUserWithFolderLevelPermission(org.conjur.jenkins.credentials.ConjurCredentialStoreTest)] DEBUG org.eclipse.jetty.servlet.DefaultServlet -- resource base = null
18:14:50.861 [Executing testUserWithFolderLevelPermission(org.conjur.jenkins.credentials.ConjurCredentialStoreTest)] DEBUG org.eclipse.jetty.util.component.AbstractLifeCycle -- starting jsp==org.eclipse.jetty.servlet.NoJspServlet@19c47{jsp=null,order=0,inst=false,async=false,src=DESCRIPTOR:jar:file:/Users/sameer.shaik/.m2/repository/org/eclipse/jetty/jetty-webapp/9.4.48.v20220622/jetty-webapp-9.4.48.v20220622.jar!/org/eclipse/jetty/webapp/webdefault.xml,STOPPED}
18:14:50.861 [Executing testUserWithFolderLevelPermission(org.conjur.jenkins.credentials.ConjurCredentialStoreTest)] DEBUG org.eclipse.jetty.servlet.BaseHolder -- Holding class org.eclipse.jetty.servlet.NoJspServlet from jdk.internal.loader.ClassLoaders$AppClassLoader@5ffd2b27
18:14:50.862 [Executing testUserWithFolderLevelPermission(org.conjur.jenkins.credentials.ConjurCredentialStoreTest)] DEBUG org.eclipse.jetty.util.component.AbstractLifeCycle -- STARTED @17965ms jsp==org.eclipse.jetty.servlet.NoJspServlet@19c47{jsp=null,order=0,inst=false,async=false,src=DESCRIPTOR:jar:file:/Users/sameer.shaik/.m2/repository/org/eclipse/jetty/jetty-webapp/9.4.48.v20220622/jetty-webapp-9.4.48.v20220622.jar!/org/eclipse/jetty/webapp/webdefault.xml,STARTED}
18:14:50.862 [Executing testUserWithFolderLevelPermission(org.conjur.jenkins.credentials.ConjurCredentialStoreTest)] DEBUG org.eclipse.jetty.servlet.ServletHolder -- Servlet.init null for jsp
18:14:50.862 [Executing testUserWithFolderLevelPermission(org.conjur.jenkins.credentials.ConjurCredentialStoreTest)] INFO org.eclipse.jetty.server.handler.ContextHandler -- Started o.e.j.w.WebAppContext@6733cbe4{Jenkins v2.346.3,/jenkins,file:///Users/sameer.shaik/MyWorkSpace/17OctV2.2.3-New-BitBucketIssueFixed/conjur-credentials-plugin/target/jenkins-for-test/,AVAILABLE}{/Users/sameer.shaik/MyWorkSpace/17OctV2.2.3-New-BitBucketIssueFixed/conjur-credentials-plugin/target/jenkins-for-test}
18:14:50.862 [Executing testUserWithFolderLevelPermission(org.conjur.jenkins.credentials.ConjurCredentialStoreTest)] DEBUG org.eclipse.jetty.webapp.WebAppContext -- postConfigure o.e.j.w.WebAppContext@6733cbe4{Jenkins v2.346.3,/jenkins,file:///Users/sameer.shaik/MyWorkSpace/17OctV2.2.3-New-BitBucketIssueFixed/conjur-credentials-plugin/target/jenkins-for-test/,AVAILABLE}{/Users/sameer.shaik/MyWorkSpace/17OctV2.2.3-New-BitBucketIssueFixed/conjur-credentials-plugin/target/jenkins-for-test} with org.eclipse.jetty.webapp.WebXmlConfiguration@45c0418b
18:14:50.862 [Executing testUserWithFolderLevelPermission(org.conjur.jenkins.credentials.ConjurCredentialStoreTest)] DEBUG org.eclipse.jetty.util.component.AbstractLifeCycle -- STARTED @17965ms o.e.j.w.WebAppContext@6733cbe4{Jenkins v2.346.3,/jenkins,file:///Users/sameer.shaik/MyWorkSpace/17OctV2.2.3-New-BitBucketIssueFixed/conjur-credentials-plugin/target/jenkins-for-test/,AVAILABLE}{/Users/sameer.shaik/MyWorkSpace/17OctV2.2.3-New-BitBucketIssueFixed/conjur-credentials-plugin/target/jenkins-for-test}
18:14:50.862 [Executing testUserWithFolderLevelPermission(org.conjur.jenkins.credentials.ConjurCredentialStoreTest)] DEBUG org.eclipse.jetty.util.component.AbstractLifeCycle -- starting ErrorHandler@3ed045fa{STOPPED}
18:14:50.862 [Executing testUserWithFolderLevelPermission(org.conjur.jenkins.credentials.ConjurCredentialStoreTest)] DEBUG org.eclipse.jetty.server.handler.AbstractHandler -- starting ErrorHandler@3ed045fa{STARTING}
18:14:50.862 [Executing testUserWithFolderLevelPermission(org.conjur.jenkins.credentials.ConjurCredentialStoreTest)] DEBUG org.eclipse.jetty.util.component.AbstractLifeCycle -- STARTED @17966ms ErrorHandler@3ed045fa{STARTED}
18:14:50.862 [Executing testUserWithFolderLevelPermission(org.conjur.jenkins.credentials.ConjurCredentialStoreTest)] DEBUG org.eclipse.jetty.util.component.AbstractLifeCycle -- starting ServerConnector@4b95027{HTTP/1.1, (http/1.1)}{localhost:0}
18:14:50.862 [Executing testUserWithFolderLevelPermission(org.conjur.jenkins.credentials.ConjurCredentialStoreTest)] DEBUG org.eclipse.jetty.util.component.ContainerLifeCycle -- ServerConnector@4b95027{HTTP/1.1, (http/1.1)}{localhost:51463} added {sun.nio.ch.ServerSocketChannelImpl[/127.0.0.1:51463],POJO}
18:14:50.862 [Executing testUserWithFolderLevelPermission(org.conjur.jenkins.credentials.ConjurCredentialStoreTest)] DEBUG org.eclipse.jetty.util.component.AbstractLifeCycle -- starting ScheduledExecutorScheduler@31a1ab96{STOPPED}
18:14:50.862 [Executing testUserWithFolderLevelPermission(org.conjur.jenkins.credentials.ConjurCredentialStoreTest)] DEBUG org.eclipse.jetty.util.component.AbstractLifeCycle -- STARTED @17966ms ScheduledExecutorScheduler@31a1ab96{STARTED}
18:14:50.862 [Executing testUserWithFolderLevelPermission(org.conjur.jenkins.credentials.ConjurCredentialStoreTest)] DEBUG org.eclipse.jetty.util.component.AbstractLifeCycle -- starting HttpConnectionFactory@5ce0416a[HTTP/1.1]
18:14:50.862 [Executing testUserWithFolderLevelPermission(org.conjur.jenkins.credentials.ConjurCredentialStoreTest)] DEBUG org.eclipse.jetty.util.component.AbstractLifeCycle -- STARTED @17966ms HttpConnectionFactory@5ce0416a[HTTP/1.1]
18:14:50.862 [Executing testUserWithFolderLevelPermission(org.conjur.jenkins.credentials.ConjurCredentialStoreTest)] DEBUG org.eclipse.jetty.util.component.AbstractLifeCycle -- starting SelectorManager@ServerConnector@4b95027{HTTP/1.1, (http/1.1)}{localhost:51463}
18:14:50.862 [Executing testUserWithFolderLevelPermission(org.conjur.jenkins.credentials.ConjurCredentialStoreTest)] DEBUG org.eclipse.jetty.util.component.ContainerLifeCycle -- EatWhatYouKill@44b6ceec/SelectorProducer@7ddb6373/IDLE/p=false/QueuedThreadPool[Jetty (JenkinsRule)]@6c22e244{STARTED,8<=8<=200,i=8,r=-1,q=0}[ReservedThreadExecutor@7026126f{reserved=0/16,pending=0}][pc=0,pic=0,pec=0,epc=0]@2024-10-22T18:14:50.862841+05:30 added {SelectorProducer@7ddb6373,POJO}
18:14:50.862 [Executing testUserWithFolderLevelPermission(org.conjur.jenkins.credentials.ConjurCredentialStoreTest)] DEBUG org.eclipse.jetty.util.component.ContainerLifeCycle -- EatWhatYouKill@44b6ceec/SelectorProducer@7ddb6373/IDLE/p=false/QueuedThreadPool[Jetty (JenkinsRule)]@6c22e244{STARTED,8<=8<=200,i=8,r=-1,q=0}[ReservedThreadExecutor@7026126f{reserved=0/16,pending=0}][pc=0,pic=0,pec=0,epc=0]@2024-10-22T18:14:50.862899+05:30 added {QueuedThreadPool[Jetty (JenkinsRule)]@6c22e244{STARTED,8<=8<=200,i=8,r=-1,q=0}[ReservedThreadExecutor@7026126f{reserved=0/16,pending=0}],UNMANAGED}
18:14:50.862 [Executing testUserWithFolderLevelPermission(org.conjur.jenkins.credentials.ConjurCredentialStoreTest)] DEBUG org.eclipse.jetty.util.thread.strategy.EatWhatYouKill -- EatWhatYouKill@44b6ceec/SelectorProducer@7ddb6373/IDLE/p=false/QueuedThreadPool[Jetty (JenkinsRule)]@6c22e244{STARTED,8<=8<=200,i=8,r=-1,q=0}[ReservedThreadExecutor@7026126f{reserved=0/16,pending=0}][pc=0,pic=0,pec=0,epc=0]@2024-10-22T18:14:50.86297+05:30 created
18:14:50.863 [Executing testUserWithFolderLevelPermission(org.conjur.jenkins.credentials.ConjurCredentialStoreTest)] DEBUG org.eclipse.jetty.util.component.ContainerLifeCycle -- ManagedSelector@4a43406e{STOPPED} id=0 keys=-1 selected=-1 updates=0 added {EatWhatYouKill@44b6ceec/SelectorProducer@7ddb6373/IDLE/p=false/QueuedThreadPool[Jetty (JenkinsRule)]@6c22e244{STARTED,8<=8<=200,i=8,r=-1,q=0}[ReservedThreadExecutor@7026126f{reserved=0/16,pending=0}][pc=0,pic=0,pec=0,epc=0]@2024-10-22T18:14:50.863029+05:30,MANAGED}
18:14:50.863 [Executing testUserWithFolderLevelPermission(org.conjur.jenkins.credentials.ConjurCredentialStoreTest)] DEBUG org.eclipse.jetty.util.component.ContainerLifeCycle -- SelectorManager@ServerConnector@4b95027{HTTP/1.1, (http/1.1)}{localhost:51463} added {ManagedSelector@4a43406e{STOPPED} id=0 keys=-1 selected=-1 updates=0,AUTO}
18:14:50.863 [Executing testUserWithFolderLevelPermission(org.conjur.jenkins.credentials.ConjurCredentialStoreTest)] DEBUG org.eclipse.jetty.util.component.ContainerLifeCycle -- EatWhatYouKill@2d53cd8a/SelectorProducer@5f60a762/IDLE/p=false/QueuedThreadPool[Jetty (JenkinsRule)]@6c22e244{STARTED,8<=8<=200,i=8,r=-1,q=0}[ReservedThreadExecutor@7026126f{reserved=0/16,pending=0}][pc=0,pic=0,pec=0,epc=0]@2024-10-22T18:14:50.863148+05:30 added {SelectorProducer@5f60a762,POJO}
18:14:50.863 [Executing testUserWithFolderLevelPermission(org.conjur.jenkins.credentials.ConjurCredentialStoreTest)] DEBUG org.eclipse.jetty.util.component.ContainerLifeCycle -- EatWhatYouKill@2d53cd8a/SelectorProducer@5f60a762/IDLE/p=false/QueuedThreadPool[Jetty (JenkinsRule)]@6c22e244{STARTED,8<=8<=200,i=8,r=-1,q=0}[ReservedThreadExecutor@7026126f{reserved=0/16,pending=0}][pc=0,pic=0,pec=0,epc=0]@2024-10-22T18:14:50.863206+05:30 added {QueuedThreadPool[Jetty (JenkinsRule)]@6c22e244{STARTED,8<=8<=200,i=8,r=-1,q=0}[ReservedThreadExecutor@7026126f{reserved=0/16,pending=0}],UNMANAGED}
18:14:50.863 [Executing testUserWithFolderLevelPermission(org.conjur.jenkins.credentials.ConjurCredentialStoreTest)] DEBUG org.eclipse.jetty.util.thread.strategy.EatWhatYouKill -- EatWhatYouKill@2d53cd8a/SelectorProducer@5f60a762/IDLE/p=false/QueuedThreadPool[Jetty (JenkinsRule)]@6c22e244{STARTED,8<=8<=200,i=8,r=-1,q=0}[ReservedThreadExecutor@7026126f{reserved=0/16,pending=0}][pc=0,pic=0,pec=0,epc=0]@2024-10-22T18:14:50.863279+05:30 created
18:14:50.863 [Executing testUserWithFolderLevelPermission(org.conjur.jenkins.credentials.ConjurCredentialStoreTest)] DEBUG org.eclipse.jetty.util.component.ContainerLifeCycle -- ManagedSelector@79868706{STOPPED} id=1 keys=-1 selected=-1 updates=0 added {EatWhatYouKill@2d53cd8a/SelectorProducer@5f60a762/IDLE/p=false/QueuedThreadPool[Jetty (JenkinsRule)]@6c22e244{STARTED,8<=8<=200,i=8,r=-1,q=0}[ReservedThreadExecutor@7026126f{reserved=0/16,pending=0}][pc=0,pic=0,pec=0,epc=0]@2024-10-22T18:14:50.863337+05:30,MANAGED}
18:14:50.863 [Executing testUserWithFolderLevelPermission(org.conjur.jenkins.credentials.ConjurCredentialStoreTest)] DEBUG org.eclipse.jetty.util.component.ContainerLifeCycle -- SelectorManager@ServerConnector@4b95027{HTTP/1.1, (http/1.1)}{localhost:51463} added {ManagedSelector@79868706{STOPPED} id=1 keys=-1 selected=-1 updates=0,AUTO}
18:14:50.863 [Executing testUserWithFolderLevelPermission(org.conjur.jenkins.credentials.ConjurCredentialStoreTest)] DEBUG org.eclipse.jetty.util.component.ContainerLifeCycle -- EatWhatYouKill@2916e868/SelectorProducer@1a9a4f5d/IDLE/p=false/QueuedThreadPool[Jetty (JenkinsRule)]@6c22e244{STARTED,8<=8<=200,i=8,r=-1,q=0}[ReservedThreadExecutor@7026126f{reserved=0/16,pending=0}][pc=0,pic=0,pec=0,epc=0]@2024-10-22T18:14:50.863445+05:30 added {SelectorProducer@1a9a4f5d,POJO}
18:14:50.863 [Executing testUserWithFolderLevelPermission(org.conjur.jenkins.credentials.ConjurCredentialStoreTest)] DEBUG org.eclipse.jetty.util.component.ContainerLifeCycle -- EatWhatYouKill@2916e868/SelectorProducer@1a9a4f5d/IDLE/p=false/QueuedThreadPool[Jetty (JenkinsRule)]@6c22e244{STARTED,8<=8<=200,i=8,r=-1,q=0}[ReservedThreadExecutor@7026126f{reserved=0/16,pending=0}][pc=0,pic=0,pec=0,epc=0]@2024-10-22T18:14:50.863494+05:30 added {QueuedThreadPool[Jetty (JenkinsRule)]@6c22e244{STARTED,8<=8<=200,i=8,r=-1,q=0}[ReservedThreadExecutor@7026126f{reserved=0/16,pending=0}],UNMANAGED}
18:14:50.863 [Executing testUserWithFolderLevelPermission(org.conjur.jenkins.credentials.ConjurCredentialStoreTest)] DEBUG org.eclipse.jetty.util.thread.strategy.EatWhatYouKill -- EatWhatYouKill@2916e868/SelectorProducer@1a9a4f5d/IDLE/p=false/QueuedThreadPool[Jetty (JenkinsRule)]@6c22e244{STARTED,8<=8<=200,i=8,r=-1,q=0}[ReservedThreadExecutor@7026126f{reserved=0/16,pending=0}][pc=0,pic=0,pec=0,epc=0]@2024-10-22T18:14:50.863559+05:30 created
18:14:50.863 [Executing testUserWithFolderLevelPermission(org.conjur.jenkins.credentials.ConjurCredentialStoreTest)] DEBUG org.eclipse.jetty.util.component.ContainerLifeCycle -- ManagedSelector@401bb0db{STOPPED} id=2 keys=-1 selected=-1 updates=0 added {EatWhatYouKill@2916e868/SelectorProducer@1a9a4f5d/IDLE/p=false/QueuedThreadPool[Jetty (JenkinsRule)]@6c22e244{STARTED,8<=8<=200,i=8,r=-1,q=0}[ReservedThreadExecutor@7026126f{reserved=0/16,pending=0}][pc=0,pic=0,pec=0,epc=0]@2024-10-22T18:14:50.863615+05:30,MANAGED}
18:14:50.863 [Executing testUserWithFolderLevelPermission(org.conjur.jenkins.credentials.ConjurCredentialStoreTest)] DEBUG org.eclipse.jetty.util.component.ContainerLifeCycle -- SelectorManager@ServerConnector@4b95027{HTTP/1.1, (http/1.1)}{localhost:51463} added {ManagedSelector@401bb0db{STOPPED} id=2 keys=-1 selected=-1 updates=0,AUTO}
18:14:50.863 [Executing testUserWithFolderLevelPermission(org.conjur.jenkins.credentials.ConjurCredentialStoreTest)] DEBUG org.eclipse.jetty.util.component.ContainerLifeCycle -- EatWhatYouKill@d68b169/SelectorProducer@13a35d04/IDLE/p=false/QueuedThreadPool[Jetty (JenkinsRule)]@6c22e244{STARTED,8<=8<=200,i=8,r=-1,q=0}[ReservedThreadExecutor@7026126f{reserved=0/16,pending=0}][pc=0,pic=0,pec=0,epc=0]@2024-10-22T18:14:50.863726+05:30 added {SelectorProducer@13a35d04,POJO}
18:14:50.863 [Executing testUserWithFolderLevelPermission(org.conjur.jenkins.credentials.ConjurCredentialStoreTest)] DEBUG org.eclipse.jetty.util.component.ContainerLifeCycle -- EatWhatYouKill@d68b169/SelectorProducer@13a35d04/IDLE/p=false/QueuedThreadPool[Jetty (JenkinsRule)]@6c22e244{STARTED,8<=8<=200,i=8,r=-1,q=0}[ReservedThreadExecutor@7026126f{reserved=0/16,pending=0}][pc=0,pic=0,pec=0,epc=0]@2024-10-22T18:14:50.863776+05:30 added {QueuedThreadPool[Jetty (JenkinsRule)]@6c22e244{STARTED,8<=8<=200,i=8,r=-1,q=0}[ReservedThreadExecutor@7026126f{reserved=0/16,pending=0}],UNMANAGED}
18:14:50.863 [Executing testUserWithFolderLevelPermission(org.conjur.jenkins.credentials.ConjurCredentialStoreTest)] DEBUG org.eclipse.jetty.util.thread.strategy.EatWhatYouKill -- EatWhatYouKill@d68b169/SelectorProducer@13a35d04/IDLE/p=false/QueuedThreadPool[Jetty (JenkinsRule)]@6c22e244{STARTED,8<=8<=200,i=8,r=-1,q=0}[ReservedThreadExecutor@7026126f{reserved=0/16,pending=0}][pc=0,pic=0,pec=0,epc=0]@2024-10-22T18:14:50.86384+05:30 created
18:14:50.863 [Executing testUserWithFolderLevelPermission(org.conjur.jenkins.credentials.ConjurCredentialStoreTest)] DEBUG org.eclipse.jetty.util.component.ContainerLifeCycle -- ManagedSelector@5b0b188a{STOPPED} id=3 keys=-1 selected=-1 updates=0 added {EatWhatYouKill@d68b169/SelectorProducer@13a35d04/IDLE/p=false/QueuedThreadPool[Jetty (JenkinsRule)]@6c22e244{STARTED,8<=8<=200,i=8,r=-1,q=0}[ReservedThreadExecutor@7026126f{reserved=0/16,pending=0}][pc=0,pic=0,pec=0,epc=0]@2024-10-22T18:14:50.863896+05:30,MANAGED}
18:14:50.863 [Executing testUserWithFolderLevelPermission(org.conjur.jenkins.credentials.ConjurCredentialStoreTest)] DEBUG org.eclipse.jetty.util.component.ContainerLifeCycle -- SelectorManager@ServerConnector@4b95027{HTTP/1.1, (http/1.1)}{localhost:51463} added {ManagedSelector@5b0b188a{STOPPED} id=3 keys=-1 selected=-1 updates=0,AUTO}
18:14:50.864 [Executing testUserWithFolderLevelPermission(org.conjur.jenkins.credentials.ConjurCredentialStoreTest)] DEBUG org.eclipse.jetty.util.component.ContainerLifeCycle -- EatWhatYouKill@460be658/SelectorProducer@e20e409/IDLE/p=false/QueuedThreadPool[Jetty (JenkinsRule)]@6c22e244{STARTED,8<=8<=200,i=8,r=-1,q=0}[ReservedThreadExecutor@7026126f{reserved=0/16,pending=0}][pc=0,pic=0,pec=0,epc=0]@2024-10-22T18:14:50.86399+05:30 added {SelectorProducer@e20e409,POJO}
18:14:50.864 [Executing testUserWithFolderLevelPermission(org.conjur.jenkins.credentials.ConjurCredentialStoreTest)] DEBUG org.eclipse.jetty.util.component.ContainerLifeCycle -- EatWhatYouKill@460be658/SelectorProducer@e20e409/IDLE/p=false/QueuedThreadPool[Jetty (JenkinsRule)]@6c22e244{STARTED,8<=8<=200,i=8,r=-1,q=0}[ReservedThreadExecutor@7026126f{reserved=0/16,pending=0}][pc=0,pic=0,pec=0,epc=0]@2024-10-22T18:14:50.864047+05:30 added {QueuedThreadPool[Jetty (JenkinsRule)]@6c22e244{STARTED,8<=8<=200,i=8,r=-1,q=0}[ReservedThreadExecutor@7026126f{reserved=0/16,pending=0}],UNMANAGED}
18:14:50.864 [Executing testUserWithFolderLevelPermission(org.conjur.jenkins.credentials.ConjurCredentialStoreTest)] DEBUG org.eclipse.jetty.util.thread.strategy.EatWhatYouKill -- EatWhatYouKill@460be658/SelectorProducer@e20e409/IDLE/p=false/QueuedThreadPool[Jetty (JenkinsRule)]@6c22e244{STARTED,8<=8<=200,i=8,r=-1,q=0}[ReservedThreadExecutor@7026126f{reserved=0/16,pending=0}][pc=0,pic=0,pec=0,epc=0]@2024-10-22T18:14:50.864111+05:30 created
18:14:50.864 [Executing testUserWithFolderLevelPermission(org.conjur.jenkins.credentials.ConjurCredentialStoreTest)] DEBUG org.eclipse.jetty.util.component.ContainerLifeCycle -- ManagedSelector@762d3b4{STOPPED} id=4 keys=-1 selected=-1 updates=0 added {EatWhatYouKill@460be658/SelectorProducer@e20e409/IDLE/p=false/QueuedThreadPool[Jetty (JenkinsRule)]@6c22e244{STARTED,8<=8<=200,i=8,r=-1,q=0}[ReservedThreadExecutor@7026126f{reserved=0/16,pending=0}][pc=0,pic=0,pec=0,epc=0]@2024-10-22T18:14:50.864191+05:30,MANAGED}
18:14:50.864 [Executing testUserWithFolderLevelPermission(org.conjur.jenkins.credentials.ConjurCredentialStoreTest)] DEBUG org.eclipse.jetty.util.component.ContainerLifeCycle -- SelectorManager@ServerConnector@4b95027{HTTP/1.1, (http/1.1)}{localhost:51463} added {ManagedSelector@762d3b4{STOPPED} id=4 keys=-1 selected=-1 updates=0,AUTO}
18:14:50.864 [Executing testUserWithFolderLevelPermission(org.conjur.jenkins.credentials.ConjurCredentialStoreTest)] DEBUG org.eclipse.jetty.util.component.ContainerLifeCycle -- EatWhatYouKill@4ae549a/SelectorProducer@1d0e4b71/IDLE/p=false/QueuedThreadPool[Jetty (JenkinsRule)]@6c22e244{STARTED,8<=8<=200,i=8,r=-1,q=0}[ReservedThreadExecutor@7026126f{reserved=0/16,pending=0}][pc=0,pic=0,pec=0,epc=0]@2024-10-22T18:14:50.864295+05:30 added {SelectorProducer@1d0e4b71,POJO}
18:14:50.864 [Executing testUserWithFolderLevelPermission(org.conjur.jenkins.credentials.ConjurCredentialStoreTest)] DEBUG org.eclipse.jetty.util.component.ContainerLifeCycle -- EatWhatYouKill@4ae549a/SelectorProducer@1d0e4b71/IDLE/p=false/QueuedThreadPool[Jetty (JenkinsRule)]@6c22e244{STARTED,8<=8<=200,i=8,r=-1,q=0}[ReservedThreadExecutor@7026126f{reserved=0/16,pending=0}][pc=0,pic=0,pec=0,epc=0]@2024-10-22T18:14:50.864345+05:30 added {QueuedThreadPool[Jetty (JenkinsRule)]@6c22e244{STARTED,8<=8<=200,i=8,r=-1,q=0}[ReservedThreadExecutor@7026126f{reserved=0/16,pending=0}],UNMANAGED}
18:14:50.864 [Executing testUserWithFolderLevelPermission(org.conjur.jenkins.credentials.ConjurCredentialStoreTest)] DEBUG org.eclipse.jetty.util.thread.strategy.EatWhatYouKill -- EatWhatYouKill@4ae549a/SelectorProducer@1d0e4b71/IDLE/p=false/QueuedThreadPool[Jetty (JenkinsRule)]@6c22e244{STARTED,8<=8<=200,i=8,r=-1,q=0}[ReservedThreadExecutor@7026126f{reserved=0/16,pending=0}][pc=0,pic=0,pec=0,epc=0]@2024-10-22T18:14:50.864409+05:30 created
18:14:50.864 [Executing testUserWithFolderLevelPermission(org.conjur.jenkins.credentials.ConjurCredentialStoreTest)] DEBUG org.eclipse.jetty.util.component.ContainerLifeCycle -- ManagedSelector@1407f475{STOPPED} id=5 keys=-1 selected=-1 updates=0 added {EatWhatYouKill@4ae549a/SelectorProducer@1d0e4b71/IDLE/p=false/QueuedThreadPool[Jetty (JenkinsRule)]@6c22e244{STARTED,8<=8<=200,i=8,r=-1,q=0}[ReservedThreadExecutor@7026126f{reserved=0/16,pending=0}][pc=0,pic=0,pec=0,epc=0]@2024-10-22T18:14:50.864465+05:30,MANAGED}
18:14:50.864 [Executing testUserWithFolderLevelPermission(org.conjur.jenkins.credentials.ConjurCredentialStoreTest)] DEBUG org.eclipse.jetty.util.component.ContainerLifeCycle -- SelectorManager@ServerConnector@4b95027{HTTP/1.1, (http/1.1)}{localhost:51463} added {ManagedSelector@1407f475{STOPPED} id=5 keys=-1 selected=-1 updates=0,AUTO}
18:14:50.865 [Executing testUserWithFolderLevelPermission(org.conjur.jenkins.credentials.ConjurCredentialStoreTest)] DEBUG org.eclipse.jetty.util.component.ContainerLifeCycle -- EatWhatYouKill@5e96a32/SelectorProducer@7395f491/IDLE/p=false/QueuedThreadPool[Jetty (JenkinsRule)]@6c22e244{STARTED,8<=8<=200,i=8,r=-1,q=0}[ReservedThreadExecutor@7026126f{reserved=0/16,pending=0}][pc=0,pic=0,pec=0,epc=0]@2024-10-22T18:14:50.865004+05:30 added {SelectorProducer@7395f491,POJO}
18:14:50.865 [Executing testUserWithFolderLevelPermission(org.conjur.jenkins.credentials.ConjurCredentialStoreTest)] DEBUG org.eclipse.jetty.util.component.ContainerLifeCycle -- EatWhatYouKill@5e96a32/SelectorProducer@7395f491/IDLE/p=false/QueuedThreadPool[Jetty (JenkinsRule)]@6c22e244{STARTED,8<=8<=200,i=8,r=-1,q=0}[ReservedThreadExecutor@7026126f{reserved=0/16,pending=0}][pc=0,pic=0,pec=0,epc=0]@2024-10-22T18:14:50.865076+05:30 added {QueuedThreadPool[Jetty (JenkinsRule)]@6c22e244{STARTED,8<=8<=200,i=8,r=-1,q=0}[ReservedThreadExecutor@7026126f{reserved=0/16,pending=0}],UNMANAGED}
18:14:50.865 [Executing testUserWithFolderLevelPermission(org.conjur.jenkins.credentials.ConjurCredentialStoreTest)] DEBUG org.eclipse.jetty.util.thread.strategy.EatWhatYouKill -- EatWhatYouKill@5e96a32/SelectorProducer@7395f491/IDLE/p=false/QueuedThreadPool[Jetty (JenkinsRule)]@6c22e244{STARTED,8<=8<=200,i=8,r=-1,q=0}[ReservedThreadExecutor@7026126f{reserved=0/16,pending=0}][pc=0,pic=0,pec=0,epc=0]@2024-10-22T18:14:50.865164+05:30 created
18:14:50.865 [Executing testUserWithFolderLevelPermission(org.conjur.jenkins.credentials.ConjurCredentialStoreTest)] DEBUG org.eclipse.jetty.util.component.ContainerLifeCycle -- ManagedSelector@1c2f7c51{STOPPED} id=6 keys=-1 selected=-1 updates=0 added {EatWhatYouKill@5e96a32/SelectorProducer@7395f491/IDLE/p=false/QueuedThreadPool[Jetty (JenkinsRule)]@6c22e244{STARTED,8<=8<=200,i=8,r=-1,q=0}[ReservedThreadExecutor@7026126f{reserved=0/16,pending=0}][pc=0,pic=0,pec=0,epc=0]@2024-10-22T18:14:50.865223+05:30,MANAGED}
18:14:50.865 [Executing testUserWithFolderLevelPermission(org.conjur.jenkins.credentials.ConjurCredentialStoreTest)] DEBUG org.eclipse.jetty.util.component.ContainerLifeCycle -- SelectorManager@ServerConnector@4b95027{HTTP/1.1, (http/1.1)}{localhost:51463} added {ManagedSelector@1c2f7c51{STOPPED} id=6 keys=-1 selected=-1 updates=0,AUTO}
18:14:50.865 [Executing testUserWithFolderLevelPermission(org.conjur.jenkins.credentials.ConjurCredentialStoreTest)] DEBUG org.eclipse.jetty.util.component.ContainerLifeCycle -- EatWhatYouKill@372087fd/SelectorProducer@7956d3d1/IDLE/p=false/QueuedThreadPool[Jetty (JenkinsRule)]@6c22e244{STARTED,8<=8<=200,i=8,r=-1,q=0}[ReservedThreadExecutor@7026126f{reserved=0/16,pending=0}][pc=0,pic=0,pec=0,epc=0]@2024-10-22T18:14:50.86533+05:30 added {SelectorProducer@7956d3d1,POJO}
18:14:50.865 [Executing testUserWithFolderLevelPermission(org.conjur.jenkins.credentials.ConjurCredentialStoreTest)] DEBUG org.eclipse.jetty.util.component.ContainerLifeCycle -- EatWhatYouKill@372087fd/SelectorProducer@7956d3d1/IDLE/p=false/QueuedThreadPool[Jetty (JenkinsRule)]@6c22e244{STARTED,8<=8<=200,i=8,r=-1,q=0}[ReservedThreadExecutor@7026126f{reserved=0/16,pending=0}][pc=0,pic=0,pec=0,epc=0]@2024-10-22T18:14:50.86538+05:30 added {QueuedThreadPool[Jetty (JenkinsRule)]@6c22e244{STARTED,8<=8<=200,i=8,r=-1,q=0}[ReservedThreadExecutor@7026126f{reserved=0/16,pending=0}],UNMANAGED}
18:14:50.865 [Executing testUserWithFolderLevelPermission(org.conjur.jenkins.credentials.ConjurCredentialStoreTest)] DEBUG org.eclipse.jetty.util.thread.strategy.EatWhatYouKill -- EatWhatYouKill@372087fd/SelectorProducer@7956d3d1/IDLE/p=false/QueuedThreadPool[Jetty (JenkinsRule)]@6c22e244{STARTED,8<=8<=200,i=8,r=-1,q=0}[ReservedThreadExecutor@7026126f{reserved=0/16,pending=0}][pc=0,pic=0,pec=0,epc=0]@2024-10-22T18:14:50.865445+05:30 created
18:14:50.865 [Executing testUserWithFolderLevelPermission(org.conjur.jenkins.credentials.ConjurCredentialStoreTest)] DEBUG org.eclipse.jetty.util.component.ContainerLifeCycle -- ManagedSelector@253b9116{STOPPED} id=7 keys=-1 selected=-1 updates=0 added {EatWhatYouKill@372087fd/SelectorProducer@7956d3d1/IDLE/p=false/QueuedThreadPool[Jetty (JenkinsRule)]@6c22e244{STARTED,8<=8<=200,i=8,r=-1,q=0}[ReservedThreadExecutor@7026126f{reserved=0/16,pending=0}][pc=0,pic=0,pec=0,epc=0]@2024-10-22T18:14:50.865503+05:30,MANAGED}
18:14:50.865 [Executing testUserWithFolderLevelPermission(org.conjur.jenkins.credentials.ConjurCredentialStoreTest)] DEBUG org.eclipse.jetty.util.component.ContainerLifeCycle -- SelectorManager@ServerConnector@4b95027{HTTP/1.1, (http/1.1)}{localhost:51463} added {ManagedSelector@253b9116{STOPPED} id=7 keys=-1 selected=-1 updates=0,AUTO}
18:14:50.865 [Executing testUserWithFolderLevelPermission(org.conjur.jenkins.credentials.ConjurCredentialStoreTest)] DEBUG org.eclipse.jetty.util.component.AbstractLifeCycle -- starting ManagedSelector@4a43406e{STOPPED} id=0 keys=-1 selected=-1 updates=0
18:14:50.865 [Executing testUserWithFolderLevelPermission(org.conjur.jenkins.credentials.ConjurCredentialStoreTest)] DEBUG org.eclipse.jetty.util.component.AbstractLifeCycle -- starting EatWhatYouKill@44b6ceec/SelectorProducer@7ddb6373/IDLE/p=false/QueuedThreadPool[Jetty (JenkinsRule)]@6c22e244{STARTED,8<=8<=200,i=8,r=-1,q=0}[ReservedThreadExecutor@7026126f{reserved=0/16,pending=0}][pc=0,pic=0,pec=0,epc=0]@2024-10-22T18:14:50.865627+05:30
18:14:50.865 [Executing testUserWithFolderLevelPermission(org.conjur.jenkins.credentials.ConjurCredentialStoreTest)] DEBUG org.eclipse.jetty.util.component.AbstractLifeCycle -- STARTED @17969ms EatWhatYouKill@44b6ceec/SelectorProducer@7ddb6373/IDLE/p=false/QueuedThreadPool[Jetty (JenkinsRule)]@6c22e244{STARTED,8<=8<=200,i=8,r=-1,q=0}[ReservedThreadExecutor@7026126f{reserved=0/16,pending=0}][pc=0,pic=0,pec=0,epc=0]@2024-10-22T18:14:50.865699+05:30
18:14:50.865 [Executing testUserWithFolderLevelPermission(org.conjur.jenkins.credentials.ConjurCredentialStoreTest)] DEBUG org.eclipse.jetty.util.thread.QueuedThreadPool -- queue org.eclipse.jetty.io.ManagedSelector$$Lambda$424/0x00000001403801f8@4291ac14 startThread=0
18:14:50.865 [Executing testUserWithFolderLevelPermission(org.conjur.jenkins.credentials.ConjurCredentialStoreTest)] DEBUG org.eclipse.jetty.io.ManagedSelector -- Queued change lazy=false org.eclipse.jetty.io.ManagedSelector$Start@713dd4d4 on ManagedSelector@4a43406e{STARTING} id=0 keys=0 selected=0 updates=0
18:14:50.865 [Jetty (JenkinsRule)-359] DEBUG org.eclipse.jetty.util.thread.QueuedThreadPool -- run org.eclipse.jetty.io.ManagedSelector$$Lambda$424/0x00000001403801f8@4291ac14 in QueuedThreadPool[Jetty (JenkinsRule)]@6c22e244{STARTED,8<=8<=200,i=7,r=-1,q=0}[ReservedThreadExecutor@7026126f{reserved=0/16,pending=0}]
18:14:50.865 [Jetty (JenkinsRule)-359] DEBUG org.eclipse.jetty.util.thread.strategy.EatWhatYouKill -- EatWhatYouKill@44b6ceec/SelectorProducer@7ddb6373/IDLE/p=false/QueuedThreadPool[Jetty (JenkinsRule)]@6c22e244{STARTED,8<=8<=200,i=7,r=-1,q=0}[ReservedThreadExecutor@7026126f{reserved=0/16,pending=0}][pc=0,pic=0,pec=0,epc=0]@2024-10-22T18:14:50.865911+05:30 tryProduce false
18:14:50.865 [Jetty (JenkinsRule)-359] DEBUG org.eclipse.jetty.io.ManagedSelector -- updateable 1
18:14:50.865 [Jetty (JenkinsRule)-359] DEBUG org.eclipse.jetty.io.ManagedSelector -- update org.eclipse.jetty.io.ManagedSelector$Start@713dd4d4
18:14:50.865 [Jetty (JenkinsRule)-359] DEBUG org.eclipse.jetty.io.ManagedSelector -- updates 0
18:14:50.866 [Jetty (JenkinsRule)-359] DEBUG org.eclipse.jetty.io.ManagedSelector -- Selector sun.nio.ch.KQueueSelectorImpl@47bb73b6 waiting with 0 keys
18:14:50.866 [Executing testUserWithFolderLevelPermission(org.conjur.jenkins.credentials.ConjurCredentialStoreTest)] DEBUG org.eclipse.jetty.util.component.AbstractLifeCycle -- STARTED @17969ms ManagedSelector@4a43406e{STARTED} id=0 keys=0 selected=0 updates=0
18:14:50.866 [Executing testUserWithFolderLevelPermission(org.conjur.jenkins.credentials.ConjurCredentialStoreTest)] DEBUG org.eclipse.jetty.util.component.AbstractLifeCycle -- starting ManagedSelector@79868706{STOPPED} id=1 keys=-1 selected=-1 updates=0
18:14:50.866 [Executing testUserWithFolderLevelPermission(org.conjur.jenkins.credentials.ConjurCredentialStoreTest)] DEBUG org.eclipse.jetty.util.component.AbstractLifeCycle -- starting EatWhatYouKill@2d53cd8a/SelectorProducer@5f60a762/IDLE/p=false/QueuedThreadPool[Jetty (JenkinsRule)]@6c22e244{STARTED,8<=8<=200,i=7,r=-1,q=0}[ReservedThreadExecutor@7026126f{reserved=0/16,pending=0}][pc=0,pic=0,pec=0,epc=0]@2024-10-22T18:14:50.866106+05:30
18:14:50.866 [Executing testUserWithFolderLevelPermission(org.conjur.jenkins.credentials.ConjurCredentialStoreTest)] DEBUG org.eclipse.jetty.util.component.AbstractLifeCycle -- STARTED @17969ms EatWhatYouKill@2d53cd8a/SelectorProducer@5f60a762/IDLE/p=false/QueuedThreadPool[Jetty (JenkinsRule)]@6c22e244{STARTED,8<=8<=200,i=7,r=-1,q=0}[ReservedThreadExecutor@7026126f{reserved=0/16,pending=0}][pc=0,pic=0,pec=0,epc=0]@2024-10-22T18:14:50.866175+05:30
18:14:50.866 [Executing testUserWithFolderLevelPermission(org.conjur.jenkins.credentials.ConjurCredentialStoreTest)] DEBUG org.eclipse.jetty.util.thread.QueuedThreadPool -- queue org.eclipse.jetty.io.ManagedSelector$$Lambda$424/0x00000001403801f8@3e3a5979 startThread=0
18:14:50.866 [Executing testUserWithFolderLevelPermission(org.conjur.jenkins.credentials.ConjurCredentialStoreTest)] DEBUG org.eclipse.jetty.io.ManagedSelector -- Queued change lazy=false org.eclipse.jetty.io.ManagedSelector$Start@4770cc89 on ManagedSelector@79868706{STARTING} id=1 keys=0 selected=0 updates=0
18:14:50.866 [Jetty (JenkinsRule)-360] DEBUG org.eclipse.jetty.util.thread.QueuedThreadPool -- run org.eclipse.jetty.io.ManagedSelector$$Lambda$424/0x00000001403801f8@3e3a5979 in QueuedThreadPool[Jetty (JenkinsRule)]@6c22e244{STARTED,8<=8<=200,i=6,r=-1,q=0}[ReservedThreadExecutor@7026126f{reserved=0/16,pending=0}]
18:14:50.866 [Jetty (JenkinsRule)-360] DEBUG org.eclipse.jetty.util.thread.strategy.EatWhatYouKill -- EatWhatYouKill@2d53cd8a/SelectorProducer@5f60a762/IDLE/p=false/QueuedThreadPool[Jetty (JenkinsRule)]@6c22e244{STARTED,8<=8<=200,i=6,r=-1,q=0}[ReservedThreadExecutor@7026126f{reserved=0/16,pending=0}][pc=0,pic=0,pec=0,epc=0]@2024-10-22T18:14:50.866348+05:30 tryProduce false
18:14:50.866 [Jetty (JenkinsRule)-360] DEBUG org.eclipse.jetty.io.ManagedSelector -- updateable 1
18:14:50.866 [Jetty (JenkinsRule)-360] DEBUG org.eclipse.jetty.io.ManagedSelector -- update org.eclipse.jetty.io.ManagedSelector$Start@4770cc89
18:14:50.866 [Jetty (JenkinsRule)-360] DEBUG org.eclipse.jetty.io.ManagedSelector -- updates 0
18:14:50.866 [Jetty (JenkinsRule)-360] DEBUG org.eclipse.jetty.io.ManagedSelector -- Selector sun.nio.ch.KQueueSelectorImpl@7f133528 waiting with 0 keys
18:14:50.866 [Executing testUserWithFolderLevelPermission(org.conjur.jenkins.credentials.ConjurCredentialStoreTest)] DEBUG org.eclipse.jetty.util.component.AbstractLifeCycle -- STARTED @17970ms ManagedSelector@79868706{STARTED} id=1 keys=0 selected=0 updates=0
18:14:50.866 [Executing testUserWithFolderLevelPermission(org.conjur.jenkins.credentials.ConjurCredentialStoreTest)] DEBUG org.eclipse.jetty.util.component.AbstractLifeCycle -- starting ManagedSelector@401bb0db{STOPPED} id=2 keys=-1 selected=-1 updates=0
18:14:50.866 [Executing testUserWithFolderLevelPermission(org.conjur.jenkins.credentials.ConjurCredentialStoreTest)] DEBUG org.eclipse.jetty.util.component.AbstractLifeCycle -- starting EatWhatYouKill@2916e868/SelectorProducer@1a9a4f5d/IDLE/p=false/QueuedThreadPool[Jetty (JenkinsRule)]@6c22e244{STARTED,8<=8<=200,i=6,r=-1,q=0}[ReservedThreadExecutor@7026126f{reserved=0/16,pending=0}][pc=0,pic=0,pec=0,epc=0]@2024-10-22T18:14:50.866539+05:30
18:14:50.866 [Executing testUserWithFolderLevelPermission(org.conjur.jenkins.credentials.ConjurCredentialStoreTest)] DEBUG org.eclipse.jetty.util.component.AbstractLifeCycle -- STARTED @17970ms EatWhatYouKill@2916e868/SelectorProducer@1a9a4f5d/IDLE/p=false/QueuedThreadPool[Jetty (JenkinsRule)]@6c22e244{STARTED,8<=8<=200,i=6,r=-1,q=0}[ReservedThreadExecutor@7026126f{reserved=0/16,pending=0}][pc=0,pic=0,pec=0,epc=0]@2024-10-22T18:14:50.866592+05:30
18:14:50.866 [Executing testUserWithFolderLevelPermission(org.conjur.jenkins.credentials.ConjurCredentialStoreTest)] DEBUG org.eclipse.jetty.util.thread.QueuedThreadPool -- queue org.eclipse.jetty.io.ManagedSelector$$Lambda$424/0x00000001403801f8@84e297f startThread=0
18:14:50.866 [Executing testUserWithFolderLevelPermission(org.conjur.jenkins.credentials.ConjurCredentialStoreTest)] DEBUG org.eclipse.jetty.io.ManagedSelector -- Queued change lazy=false org.eclipse.jetty.io.ManagedSelector$Start@17cac7d6 on ManagedSelector@401bb0db{STARTING} id=2 keys=0 selected=0 updates=0
18:14:50.866 [Jetty (JenkinsRule)-361] DEBUG org.eclipse.jetty.util.thread.QueuedThreadPool -- run org.eclipse.jetty.io.ManagedSelector$$Lambda$424/0x00000001403801f8@84e297f in QueuedThreadPool[Jetty (JenkinsRule)]@6c22e244{STARTED,8<=8<=200,i=5,r=-1,q=0}[ReservedThreadExecutor@7026126f{reserved=0/16,pending=0}]
18:14:50.866 [Jetty (JenkinsRule)-361] DEBUG org.eclipse.jetty.util.thread.strategy.EatWhatYouKill -- EatWhatYouKill@2916e868/SelectorProducer@1a9a4f5d/IDLE/p=false/QueuedThreadPool[Jetty (JenkinsRule)]@6c22e244{STARTED,8<=8<=200,i=5,r=-1,q=0}[ReservedThreadExecutor@7026126f{reserved=0/16,pending=0}][pc=0,pic=0,pec=0,epc=0]@2024-10-22T18:14:50.86675+05:30 tryProduce false
18:14:50.867 [Jetty (JenkinsRule)-361] DEBUG org.eclipse.jetty.io.ManagedSelector -- updateable 1
18:14:50.867 [Jetty (JenkinsRule)-361] DEBUG org.eclipse.jetty.io.ManagedSelector -- update org.eclipse.jetty.io.ManagedSelector$Start@17cac7d6
18:14:50.867 [Jetty (JenkinsRule)-361] DEBUG org.eclipse.jetty.io.ManagedSelector -- updates 0
18:14:50.867 [Jetty (JenkinsRule)-361] DEBUG org.eclipse.jetty.io.ManagedSelector -- Selector sun.nio.ch.KQueueSelectorImpl@346b4be waiting with 0 keys
18:14:50.867 [Executing testUserWithFolderLevelPermission(org.conjur.jenkins.credentials.ConjurCredentialStoreTest)] DEBUG org.eclipse.jetty.util.component.AbstractLifeCycle -- STARTED @17971ms ManagedSelector@401bb0db{STARTED} id=2 keys=0 selected=0 updates=0
18:14:50.867 [Executing testUserWithFolderLevelPermission(org.conjur.jenkins.credentials.ConjurCredentialStoreTest)] DEBUG org.eclipse.jetty.util.component.AbstractLifeCycle -- starting ManagedSelector@5b0b188a{STOPPED} id=3 keys=-1 selected=-1 updates=0
18:14:50.867 [Executing testUserWithFolderLevelPermission(org.conjur.jenkins.credentials.ConjurCredentialStoreTest)] DEBUG org.eclipse.jetty.util.component.AbstractLifeCycle -- starting EatWhatYouKill@d68b169/SelectorProducer@13a35d04/IDLE/p=false/QueuedThreadPool[Jetty (JenkinsRule)]@6c22e244{STARTED,8<=8<=200,i=5,r=-1,q=0}[ReservedThreadExecutor@7026126f{reserved=0/16,pending=0}][pc=0,pic=0,pec=0,epc=0]@2024-10-22T18:14:50.867832+05:30
18:14:50.867 [Executing testUserWithFolderLevelPermission(org.conjur.jenkins.credentials.ConjurCredentialStoreTest)] DEBUG org.eclipse.jetty.util.component.AbstractLifeCycle -- STARTED @17971ms EatWhatYouKill@d68b169/SelectorProducer@13a35d04/IDLE/p=false/QueuedThreadPool[Jetty (JenkinsRule)]@6c22e244{STARTED,8<=8<=200,i=5,r=-1,q=0}[ReservedThreadExecutor@7026126f{reserved=0/16,pending=0}][pc=0,pic=0,pec=0,epc=0]@2024-10-22T18:14:50.867882+05:30
18:14:50.867 [Executing testUserWithFolderLevelPermission(org.conjur.jenkins.credentials.ConjurCredentialStoreTest)] DEBUG org.eclipse.jetty.util.thread.QueuedThreadPool -- queue org.eclipse.jetty.io.ManagedSelector$$Lambda$424/0x00000001403801f8@7bd7a5c7 startThread=0
18:14:50.867 [Executing testUserWithFolderLevelPermission(org.conjur.jenkins.credentials.ConjurCredentialStoreTest)] DEBUG org.eclipse.jetty.io.ManagedSelector -- Queued change lazy=false org.eclipse.jetty.io.ManagedSelector$Start@3a822ab0 on ManagedSelector@5b0b188a{STARTING} id=3 keys=0 selected=0 updates=0
18:14:50.868 [Jetty (JenkinsRule)-362] DEBUG org.eclipse.jetty.util.thread.QueuedThreadPool -- run org.eclipse.jetty.io.ManagedSelector$$Lambda$424/0x00000001403801f8@7bd7a5c7 in QueuedThreadPool[Jetty (JenkinsRule)]@6c22e244{STARTED,8<=8<=200,i=4,r=-1,q=0}[ReservedThreadExecutor@7026126f{reserved=0/16,pending=0}]
18:14:50.868 [Jetty (JenkinsRule)-362] DEBUG org.eclipse.jetty.util.thread.strategy.EatWhatYouKill -- EatWhatYouKill@d68b169/SelectorProducer@13a35d04/IDLE/p=false/QueuedThreadPool[Jetty (JenkinsRule)]@6c22e244{STARTED,8<=8<=200,i=4,r=-1,q=0}[ReservedThreadExecutor@7026126f{reserved=0/16,pending=0}][pc=0,pic=0,pec=0,epc=0]@2024-10-22T18:14:50.868066+05:30 tryProduce false
18:14:50.868 [Jetty (JenkinsRule)-362] DEBUG org.eclipse.jetty.io.ManagedSelector -- updateable 1
18:14:50.868 [Jetty (JenkinsRule)-362] DEBUG org.eclipse.jetty.io.ManagedSelector -- update org.eclipse.jetty.io.ManagedSelector$Start@3a822ab0
18:14:50.868 [Jetty (JenkinsRule)-362] DEBUG org.eclipse.jetty.io.ManagedSelector -- updates 0
18:14:50.868 [Jetty (JenkinsRule)-362] DEBUG org.eclipse.jetty.io.ManagedSelector -- Selector sun.nio.ch.KQueueSelectorImpl@807e95f waiting with 0 keys
18:14:50.868 [Executing testUserWithFolderLevelPermission(org.conjur.jenkins.credentials.ConjurCredentialStoreTest)] DEBUG org.eclipse.jetty.util.component.AbstractLifeCycle -- STARTED @17971ms ManagedSelector@5b0b188a{STARTED} id=3 keys=0 selected=0 updates=0
18:14:50.868 [Executing testUserWithFolderLevelPermission(org.conjur.jenkins.credentials.ConjurCredentialStoreTest)] DEBUG org.eclipse.jetty.util.component.AbstractLifeCycle -- starting ManagedSelector@762d3b4{STOPPED} id=4 keys=-1 selected=-1 updates=0
18:14:50.868 [Executing testUserWithFolderLevelPermission(org.conjur.jenkins.credentials.ConjurCredentialStoreTest)] DEBUG org.eclipse.jetty.util.component.AbstractLifeCycle -- starting EatWhatYouKill@460be658/SelectorProducer@e20e409/IDLE/p=false/QueuedThreadPool[Jetty (JenkinsRule)]@6c22e244{STARTED,8<=8<=200,i=4,r=-1,q=0}[ReservedThreadExecutor@7026126f{reserved=0/16,pending=0}][pc=0,pic=0,pec=0,epc=0]@2024-10-22T18:14:50.868314+05:30
18:14:50.868 [Executing testUserWithFolderLevelPermission(org.conjur.jenkins.credentials.ConjurCredentialStoreTest)] DEBUG org.eclipse.jetty.util.component.AbstractLifeCycle -- STARTED @17972ms EatWhatYouKill@460be658/SelectorProducer@e20e409/IDLE/p=false/QueuedThreadPool[Jetty (JenkinsRule)]@6c22e244{STARTED,8<=8<=200,i=4,r=-1,q=0}[ReservedThreadExecutor@7026126f{reserved=0/16,pending=0}][pc=0,pic=0,pec=0,epc=0]@2024-10-22T18:14:50.868374+05:30
18:14:50.868 [Executing testUserWithFolderLevelPermission(org.conjur.jenkins.credentials.ConjurCredentialStoreTest)] DEBUG org.eclipse.jetty.util.thread.QueuedThreadPool -- queue org.eclipse.jetty.io.ManagedSelector$$Lambda$424/0x00000001403801f8@43fee94e startThread=0
18:14:50.868 [Executing testUserWithFolderLevelPermission(org.conjur.jenkins.credentials.ConjurCredentialStoreTest)] DEBUG org.eclipse.jetty.io.ManagedSelector -- Queued change lazy=false org.eclipse.jetty.io.ManagedSelector$Start@24b7290 on ManagedSelector@762d3b4{STARTING} id=4 keys=0 selected=0 updates=0
18:14:50.868 [Jetty (JenkinsRule)-363] DEBUG org.eclipse.jetty.util.thread.QueuedThreadPool -- run org.eclipse.jetty.io.ManagedSelector$$Lambda$424/0x00000001403801f8@43fee94e in QueuedThreadPool[Jetty (JenkinsRule)]@6c22e244{STARTED,8<=8<=200,i=3,r=-1,q=0}[ReservedThreadExecutor@7026126f{reserved=0/16,pending=0}]
18:14:50.868 [Jetty (JenkinsRule)-363] DEBUG org.eclipse.jetty.util.thread.strategy.EatWhatYouKill -- EatWhatYouKill@460be658/SelectorProducer@e20e409/IDLE/p=false/QueuedThreadPool[Jetty (JenkinsRule)]@6c22e244{STARTED,8<=8<=200,i=3,r=-1,q=0}[ReservedThreadExecutor@7026126f{reserved=0/16,pending=0}][pc=0,pic=0,pec=0,epc=0]@2024-10-22T18:14:50.868539+05:30 tryProduce false
18:14:50.868 [Jetty (JenkinsRule)-363] DEBUG org.eclipse.jetty.io.ManagedSelector -- updateable 1
18:14:50.868 [Jetty (JenkinsRule)-363] DEBUG org.eclipse.jetty.io.ManagedSelector -- update org.eclipse.jetty.io.ManagedSelector$Start@24b7290
18:14:50.868 [Jetty (JenkinsRule)-363] DEBUG org.eclipse.jetty.io.ManagedSelector -- updates 0
18:14:50.868 [Jetty (JenkinsRule)-363] DEBUG org.eclipse.jetty.io.ManagedSelector -- Selector sun.nio.ch.KQueueSelectorImpl@1db3c0b7 waiting with 0 keys
18:14:50.868 [Executing testUserWithFolderLevelPermission(org.conjur.jenkins.credentials.ConjurCredentialStoreTest)] DEBUG org.eclipse.jetty.util.component.AbstractLifeCycle -- STARTED @17972ms ManagedSelector@762d3b4{STARTED} id=4 keys=0 selected=0 updates=0
18:14:50.868 [Executing testUserWithFolderLevelPermission(org.conjur.jenkins.credentials.ConjurCredentialStoreTest)] DEBUG org.eclipse.jetty.util.component.AbstractLifeCycle -- starting ManagedSelector@1407f475{STOPPED} id=5 keys=-1 selected=-1 updates=0
18:14:50.868 [Executing testUserWithFolderLevelPermission(org.conjur.jenkins.credentials.ConjurCredentialStoreTest)] DEBUG org.eclipse.jetty.util.component.AbstractLifeCycle -- starting EatWhatYouKill@4ae549a/SelectorProducer@1d0e4b71/IDLE/p=false/QueuedThreadPool[Jetty (JenkinsRule)]@6c22e244{STARTED,8<=8<=200,i=3,r=-1,q=0}[ReservedThreadExecutor@7026126f{reserved=0/16,pending=0}][pc=0,pic=0,pec=0,epc=0]@2024-10-22T18:14:50.868742+05:30
18:14:50.868 [Executing testUserWithFolderLevelPermission(org.conjur.jenkins.credentials.ConjurCredentialStoreTest)] DEBUG org.eclipse.jetty.util.component.AbstractLifeCycle -- STARTED @17972ms EatWhatYouKill@4ae549a/SelectorProducer@1d0e4b71/IDLE/p=false/QueuedThreadPool[Jetty (JenkinsRule)]@6c22e244{STARTED,8<=8<=200,i=3,r=-1,q=0}[ReservedThreadExecutor@7026126f{reserved=0/16,pending=0}][pc=0,pic=0,pec=0,epc=0]@2024-10-22T18:14:50.868801+05:30
18:14:50.868 [Executing testUserWithFolderLevelPermission(org.conjur.jenkins.credentials.ConjurCredentialStoreTest)] DEBUG org.eclipse.jetty.util.thread.QueuedThreadPool -- queue org.eclipse.jetty.io.ManagedSelector$$Lambda$424/0x00000001403801f8@44f40683 startThread=0
18:14:50.868 [Executing testUserWithFolderLevelPermission(org.conjur.jenkins.credentials.ConjurCredentialStoreTest)] DEBUG org.eclipse.jetty.io.ManagedSelector -- Queued change lazy=false org.eclipse.jetty.io.ManagedSelector$Start@6f886307 on ManagedSelector@1407f475{STARTING} id=5 keys=0 selected=0 updates=0
18:14:50.868 [Jetty (JenkinsRule)-364] DEBUG org.eclipse.jetty.util.thread.QueuedThreadPool -- run org.eclipse.jetty.io.ManagedSelector$$Lambda$424/0x00000001403801f8@44f40683 in QueuedThreadPool[Jetty (JenkinsRule)]@6c22e244{STARTED,8<=8<=200,i=2,r=-1,q=0}[ReservedThreadExecutor@7026126f{reserved=0/16,pending=0}]
18:14:50.868 [Jetty (JenkinsRule)-364] DEBUG org.eclipse.jetty.util.thread.strategy.EatWhatYouKill -- EatWhatYouKill@4ae549a/SelectorProducer@1d0e4b71/IDLE/p=false/QueuedThreadPool[Jetty (JenkinsRule)]@6c22e244{STARTED,8<=8<=200,i=2,r=-1,q=0}[ReservedThreadExecutor@7026126f{reserved=0/16,pending=0}][pc=0,pic=0,pec=0,epc=0]@2024-10-22T18:14:50.868974+05:30 tryProduce false
18:14:50.869 [Jetty (JenkinsRule)-364] DEBUG org.eclipse.jetty.io.ManagedSelector -- updateable 1
18:14:50.869 [Jetty (JenkinsRule)-364] DEBUG org.eclipse.jetty.io.ManagedSelector -- update org.eclipse.jetty.io.ManagedSelector$Start@6f886307
18:14:50.869 [Jetty (JenkinsRule)-364] DEBUG org.eclipse.jetty.io.ManagedSelector -- updates 0
18:14:50.869 [Jetty (JenkinsRule)-364] DEBUG org.eclipse.jetty.io.ManagedSelector -- Selector sun.nio.ch.KQueueSelectorImpl@4d1eb293 waiting with 0 keys
18:14:50.869 [Executing testUserWithFolderLevelPermission(org.conjur.jenkins.credentials.ConjurCredentialStoreTest)] DEBUG org.eclipse.jetty.util.component.AbstractLifeCycle -- STARTED @17972ms ManagedSelector@1407f475{STARTED} id=5 keys=0 selected=0 updates=0
18:14:50.869 [Executing testUserWithFolderLevelPermission(org.conjur.jenkins.credentials.ConjurCredentialStoreTest)] DEBUG org.eclipse.jetty.util.component.AbstractLifeCycle -- starting ManagedSelector@1c2f7c51{STOPPED} id=6 keys=-1 selected=-1 updates=0
18:14:50.869 [Executing testUserWithFolderLevelPermission(org.conjur.jenkins.credentials.ConjurCredentialStoreTest)] DEBUG org.eclipse.jetty.util.component.AbstractLifeCycle -- starting EatWhatYouKill@5e96a32/SelectorProducer@7395f491/IDLE/p=false/QueuedThreadPool[Jetty (JenkinsRule)]@6c22e244{STARTED,8<=8<=200,i=2,r=-1,q=0}[ReservedThreadExecutor@7026126f{reserved=0/16,pending=0}][pc=0,pic=0,pec=0,epc=0]@2024-10-22T18:14:50.869213+05:30
18:14:50.869 [Executing testUserWithFolderLevelPermission(org.conjur.jenkins.credentials.ConjurCredentialStoreTest)] DEBUG org.eclipse.jetty.util.component.AbstractLifeCycle -- STARTED @17973ms EatWhatYouKill@5e96a32/SelectorProducer@7395f491/IDLE/p=false/QueuedThreadPool[Jetty (JenkinsRule)]@6c22e244{STARTED,8<=8<=200,i=2,r=-1,q=0}[ReservedThreadExecutor@7026126f{reserved=0/16,pending=0}][pc=0,pic=0,pec=0,epc=0]@2024-10-22T18:14:50.869273+05:30
18:14:50.869 [Executing testUserWithFolderLevelPermission(org.conjur.jenkins.credentials.ConjurCredentialStoreTest)] DEBUG org.eclipse.jetty.util.thread.QueuedThreadPool -- queue org.eclipse.jetty.io.ManagedSelector$$Lambda$424/0x00000001403801f8@5b084321 startThread=0
18:14:50.869 [Executing testUserWithFolderLevelPermission(org.conjur.jenkins.credentials.ConjurCredentialStoreTest)] DEBUG org.eclipse.jetty.io.ManagedSelector -- Queued change lazy=false org.eclipse.jetty.io.ManagedSelector$Start@20e6522 on ManagedSelector@1c2f7c51{STARTING} id=6 keys=0 selected=0 updates=0
18:14:50.869 [Jetty (JenkinsRule)-365] DEBUG org.eclipse.jetty.util.thread.QueuedThreadPool -- run org.eclipse.jetty.io.ManagedSelector$$Lambda$424/0x00000001403801f8@5b084321 in QueuedThreadPool[Jetty (JenkinsRule)]@6c22e244{STARTED,8<=8<=200,i=1,r=-1,q=0}[ReservedThreadExecutor@7026126f{reserved=0/16,pending=0}]
18:14:50.869 [Jetty (JenkinsRule)-365] DEBUG org.eclipse.jetty.util.thread.strategy.EatWhatYouKill -- EatWhatYouKill@5e96a32/SelectorProducer@7395f491/IDLE/p=false/QueuedThreadPool[Jetty (JenkinsRule)]@6c22e244{STARTED,8<=8<=200,i=1,r=-1,q=0}[ReservedThreadExecutor@7026126f{reserved=0/16,pending=0}][pc=0,pic=0,pec=0,epc=0]@2024-10-22T18:14:50.869448+05:30 tryProduce false
18:14:50.869 [Jetty (JenkinsRule)-365] DEBUG org.eclipse.jetty.io.ManagedSelector -- updateable 1
18:14:50.869 [Jetty (JenkinsRule)-365] DEBUG org.eclipse.jetty.io.ManagedSelector -- update org.eclipse.jetty.io.ManagedSelector$Start@20e6522
18:14:50.869 [Jetty (JenkinsRule)-365] DEBUG org.eclipse.jetty.io.ManagedSelector -- updates 0
18:14:50.869 [Jetty (JenkinsRule)-365] DEBUG org.eclipse.jetty.io.ManagedSelector -- Selector sun.nio.ch.KQueueSelectorImpl@32629489 waiting with 0 keys
18:14:50.869 [Executing testUserWithFolderLevelPermission(org.conjur.jenkins.credentials.ConjurCredentialStoreTest)] DEBUG org.eclipse.jetty.util.component.AbstractLifeCycle -- STARTED @17973ms ManagedSelector@1c2f7c51{STARTED} id=6 keys=0 selected=0 updates=0
18:14:50.869 [Executing testUserWithFolderLevelPermission(org.conjur.jenkins.credentials.ConjurCredentialStoreTest)] DEBUG org.eclipse.jetty.util.component.AbstractLifeCycle -- starting ManagedSelector@253b9116{STOPPED} id=7 keys=-1 selected=-1 updates=0
18:14:50.869 [Executing testUserWithFolderLevelPermission(org.conjur.jenkins.credentials.ConjurCredentialStoreTest)] DEBUG org.eclipse.jetty.util.component.AbstractLifeCycle -- starting EatWhatYouKill@372087fd/SelectorProducer@7956d3d1/IDLE/p=false/QueuedThreadPool[Jetty (JenkinsRule)]@6c22e244{STARTED,8<=8<=200,i=1,r=-1,q=0}[ReservedThreadExecutor@7026126f{reserved=0/16,pending=0}][pc=0,pic=0,pec=0,epc=0]@2024-10-22T18:14:50.869602+05:30
18:14:50.869 [Executing testUserWithFolderLevelPermission(org.conjur.jenkins.credentials.ConjurCredentialStoreTest)] DEBUG org.eclipse.jetty.util.component.AbstractLifeCycle -- STARTED @17973ms EatWhatYouKill@372087fd/SelectorProducer@7956d3d1/IDLE/p=false/QueuedThreadPool[Jetty (JenkinsRule)]@6c22e244{STARTED,8<=8<=200,i=1,r=-1,q=0}[ReservedThreadExecutor@7026126f{reserved=0/16,pending=0}][pc=0,pic=0,pec=0,epc=0]@2024-10-22T18:14:50.869656+05:30
18:14:50.869 [Executing testUserWithFolderLevelPermission(org.conjur.jenkins.credentials.ConjurCredentialStoreTest)] DEBUG org.eclipse.jetty.util.thread.QueuedThreadPool -- queue org.eclipse.jetty.io.ManagedSelector$$Lambda$424/0x00000001403801f8@66aaabfe startThread=0
18:14:50.869 [Executing testUserWithFolderLevelPermission(org.conjur.jenkins.credentials.ConjurCredentialStoreTest)] DEBUG org.eclipse.jetty.io.ManagedSelector -- Queued change lazy=false org.eclipse.jetty.io.ManagedSelector$Start@4a167c77 on ManagedSelector@253b9116{STARTING} id=7 keys=0 selected=0 updates=0
18:14:50.869 [Jetty (JenkinsRule)-366] DEBUG org.eclipse.jetty.util.thread.QueuedThreadPool -- run org.eclipse.jetty.io.ManagedSelector$$Lambda$424/0x00000001403801f8@66aaabfe in QueuedThreadPool[Jetty (JenkinsRule)]@6c22e244{STARTED,8<=8<=200,i=0,r=-1,q=0}[ReservedThreadExecutor@7026126f{reserved=0/16,pending=0}]
18:14:50.869 [Jetty (JenkinsRule)-366] DEBUG org.eclipse.jetty.util.thread.strategy.EatWhatYouKill -- EatWhatYouKill@372087fd/SelectorProducer@7956d3d1/IDLE/p=false/QueuedThreadPool[Jetty (JenkinsRule)]@6c22e244{STARTED,8<=8<=200,i=0,r=-1,q=0}[ReservedThreadExecutor@7026126f{reserved=0/16,pending=0}][pc=0,pic=0,pec=0,epc=0]@2024-10-22T18:14:50.869809+05:30 tryProduce false
18:14:50.869 [Jetty (JenkinsRule)-366] DEBUG org.eclipse.jetty.io.ManagedSelector -- updateable 1
18:14:50.869 [Jetty (JenkinsRule)-366] DEBUG org.eclipse.jetty.io.ManagedSelector -- update org.eclipse.jetty.io.ManagedSelector$Start@4a167c77
18:14:50.869 [Jetty (JenkinsRule)-366] DEBUG org.eclipse.jetty.io.ManagedSelector -- updates 0
18:14:50.869 [Jetty (JenkinsRule)-366] DEBUG org.eclipse.jetty.io.ManagedSelector -- Selector sun.nio.ch.KQueueSelectorImpl@42e20bec waiting with 0 keys
18:14:50.869 [Executing testUserWithFolderLevelPermission(org.conjur.jenkins.credentials.ConjurCredentialStoreTest)] DEBUG org.eclipse.jetty.util.component.AbstractLifeCycle -- STARTED @17973ms ManagedSelector@253b9116{STARTED} id=7 keys=0 selected=0 updates=0
18:14:50.869 [Executing testUserWithFolderLevelPermission(org.conjur.jenkins.credentials.ConjurCredentialStoreTest)] DEBUG org.eclipse.jetty.util.component.AbstractLifeCycle -- STARTED @17973ms SelectorManager@ServerConnector@4b95027{HTTP/1.1, (http/1.1)}{localhost:51463}
18:14:50.869 [Executing testUserWithFolderLevelPermission(org.conjur.jenkins.credentials.ConjurCredentialStoreTest)] DEBUG org.eclipse.jetty.util.component.ContainerLifeCycle -- ServerConnector@4b95027{HTTP/1.1, (http/1.1)}{localhost:51463} added {acceptor-0@531e3f5f,POJO}
18:14:50.870 [Executing testUserWithFolderLevelPermission(org.conjur.jenkins.credentials.ConjurCredentialStoreTest)] DEBUG org.eclipse.jetty.util.thread.QueuedThreadPool -- queue acceptor-0@531e3f5f startThread=1
18:14:50.870 [Executing testUserWithFolderLevelPermission(org.conjur.jenkins.credentials.ConjurCredentialStoreTest)] DEBUG org.eclipse.jetty.util.thread.QueuedThreadPool -- Starting Thread[Jetty (JenkinsRule)-368,5,main]
18:14:50.870 [Executing testUserWithFolderLevelPermission(org.conjur.jenkins.credentials.ConjurCredentialStoreTest)] DEBUG org.eclipse.jetty.util.component.ContainerLifeCycle -- ServerConnector@4b95027{HTTP/1.1, (http/1.1)}{localhost:51463} added {acceptor-1@118edd97,POJO}
18:14:50.870 [Executing testUserWithFolderLevelPermission(org.conjur.jenkins.credentials.ConjurCredentialStoreTest)] DEBUG org.eclipse.jetty.util.thread.QueuedThreadPool -- queue acceptor-1@118edd97 startThread=1
18:14:50.870 [Executing testUserWithFolderLevelPermission(org.conjur.jenkins.credentials.ConjurCredentialStoreTest)] DEBUG org.eclipse.jetty.util.thread.QueuedThreadPool -- Starting Thread[Jetty (JenkinsRule)-369,5,main]
18:14:50.870 [Jetty (JenkinsRule)-368] DEBUG org.eclipse.jetty.util.thread.QueuedThreadPool -- Runner started for QueuedThreadPool[Jetty (JenkinsRule)]@6c22e244{STARTED,8<=10<=200,i=0,r=-1,q=0}[ReservedThreadExecutor@7026126f{reserved=0/16,pending=0}]
18:14:50.870 [Jetty (JenkinsRule)-368] DEBUG org.eclipse.jetty.util.thread.QueuedThreadPool -- run acceptor-0@531e3f5f in QueuedThreadPool[Jetty (JenkinsRule)]@6c22e244{STARTED,8<=10<=200,i=0,r=-1,q=0}[ReservedThreadExecutor@7026126f{reserved=0/16,pending=0}]
18:14:50.870 [Executing testUserWithFolderLevelPermission(org.conjur.jenkins.credentials.ConjurCredentialStoreTest)] INFO org.eclipse.jetty.server.AbstractConnector -- Started ServerConnector@4b95027{HTTP/1.1, (http/1.1)}{localhost:51463}
18:14:50.870 [Executing testUserWithFolderLevelPermission(org.conjur.jenkins.credentials.ConjurCredentialStoreTest)] DEBUG org.eclipse.jetty.util.component.AbstractLifeCycle -- STARTED @17974ms ServerConnector@4b95027{HTTP/1.1, (http/1.1)}{localhost:51463}
18:14:50.870 [Executing testUserWithFolderLevelPermission(org.conjur.jenkins.credentials.ConjurCredentialStoreTest)] INFO org.eclipse.jetty.server.Server -- Started @17974ms
18:14:50.870 [Jetty (JenkinsRule)-369] DEBUG org.eclipse.jetty.util.thread.QueuedThreadPool -- Runner started for QueuedThreadPool[Jetty (JenkinsRule)]@6c22e244{STARTED,8<=10<=200,i=0,r=-1,q=0}[ReservedThreadExecutor@7026126f{reserved=0/16,pending=0}]
18:14:50.870 [Executing testUserWithFolderLevelPermission(org.conjur.jenkins.credentials.ConjurCredentialStoreTest)] DEBUG org.eclipse.jetty.util.component.AbstractLifeCycle -- STARTED @17974ms Server@2d1fe87f{STARTED}[9.4.48.v20220622]
18:14:50.870 [Jetty (JenkinsRule)-369] DEBUG org.eclipse.jetty.util.thread.QueuedThreadPool -- run acceptor-1@118edd97 in QueuedThreadPool[Jetty (JenkinsRule)]@6c22e244{STARTED,8<=10<=200,i=0,r=-1,q=0}[ReservedThreadExecutor@7026126f{reserved=0/16,pending=0}]
18:14:50.934 [Executing testUserWithFolderLevelPermission(org.conjur.jenkins.credentials.ConjurCredentialStoreTest)] DEBUG org.apache.commons.discovery.resource.names.DiscoverNamesInFile -- find: serviceName = 'META-INF/services/org.kohsuke.stapler.Facet'
18:14:50.934 [Executing testUserWithFolderLevelPermission(org.conjur.jenkins.credentials.ConjurCredentialStoreTest)] DEBUG org.apache.commons.discovery.resource.DiscoverResources -- find: resourceName='META-INF/services/org.kohsuke.stapler.Facet'
18:14:50.934 [Executing testUserWithFolderLevelPermission(org.conjur.jenkins.credentials.ConjurCredentialStoreTest)] DEBUG org.apache.commons.discovery.resource.DiscoverResources -- getNextResources: search using ClassLoader 'jdk.internal.loader.ClassLoaders$AppClassLoader@5ffd2b27'
18:14:50.935 [Executing testUserWithFolderLevelPermission(org.conjur.jenkins.credentials.ConjurCredentialStoreTest)] DEBUG org.apache.commons.discovery.resource.DiscoverResources -- getNextResource: next URL='jar:file:/Users/sameer.shaik/.m2/repository/org/kohsuke/stapler/stapler-groovy/1669.v95a_4b_919a_b_a_2/stapler-groovy-1669.v95a_4b_919a_b_a_2.jar!/META-INF/services/org.kohsuke.stapler.Facet'
18:14:50.935 [Executing testUserWithFolderLevelPermission(org.conjur.jenkins.credentials.ConjurCredentialStoreTest)] DEBUG org.apache.commons.discovery.resource.names.DiscoverNamesInFile -- getNextClassResource: next class='org.kohsuke.stapler.jelly.groovy.GroovyFacet'
18:14:50.935 [Executing testUserWithFolderLevelPermission(org.conjur.jenkins.credentials.ConjurCredentialStoreTest)] DEBUG org.apache.commons.discovery.resource.DiscoverResources -- getNextResource: next URL='jar:file:/Users/sameer.shaik/.m2/repository/org/kohsuke/stapler/stapler-jelly/1669.v95a_4b_919a_b_a_2/stapler-jelly-1669.v95a_4b_919a_b_a_2.jar!/META-INF/services/org.kohsuke.stapler.Facet'
18:14:50.935 [Executing testUserWithFolderLevelPermission(org.conjur.jenkins.credentials.ConjurCredentialStoreTest)] DEBUG org.apache.commons.discovery.resource.names.DiscoverNamesInFile -- getNextClassResource: next class='org.kohsuke.stapler.jelly.JellyFacet'
18:14:50.935 [Executing testUserWithFolderLevelPermission(org.conjur.jenkins.credentials.ConjurCredentialStoreTest)] DEBUG org.apache.commons.discovery.resource.names.DiscoverNamesInFile -- find: serviceName = 'META-INF/services/org.kohsuke.stapler.Facet'
18:14:50.935 [Executing testUserWithFolderLevelPermission(org.conjur.jenkins.credentials.ConjurCredentialStoreTest)] DEBUG org.apache.commons.discovery.resource.DiscoverResources -- find: resourceName='META-INF/services/org.kohsuke.stapler.Facet'
18:14:50.935 [Executing testUserWithFolderLevelPermission(org.conjur.jenkins.credentials.ConjurCredentialStoreTest)] DEBUG org.apache.commons.discovery.resource.DiscoverResources -- getNextResources: search using ClassLoader 'jdk.internal.loader.ClassLoaders$AppClassLoader@5ffd2b27'
18:14:50.935 [Executing testUserWithFolderLevelPermission(org.conjur.jenkins.credentials.ConjurCredentialStoreTest)] DEBUG org.apache.commons.discovery.resource.DiscoverResources -- getNextResource: next URL='jar:file:/Users/sameer.shaik/.m2/repository/org/kohsuke/stapler/stapler-groovy/1669.v95a_4b_919a_b_a_2/stapler-groovy-1669.v95a_4b_919a_b_a_2.jar!/META-INF/services/org.kohsuke.stapler.Facet'
18:14:50.935 [Executing testUserWithFolderLevelPermission(org.conjur.jenkins.credentials.ConjurCredentialStoreTest)] DEBUG org.apache.commons.discovery.resource.names.DiscoverNamesInFile -- getNextClassResource: next class='org.kohsuke.stapler.jelly.groovy.GroovyFacet'
18:14:50.935 [Executing testUserWithFolderLevelPermission(org.conjur.jenkins.credentials.ConjurCredentialStoreTest)] DEBUG org.apache.commons.discovery.resource.DiscoverResources -- getNextResource: next URL='jar:file:/Users/sameer.shaik/.m2/repository/org/kohsuke/stapler/stapler-jelly/1669.v95a_4b_919a_b_a_2/stapler-jelly-1669.v95a_4b_919a_b_a_2.jar!/META-INF/services/org.kohsuke.stapler.Facet'
18:14:50.935 [Executing testUserWithFolderLevelPermission(org.conjur.jenkins.credentials.ConjurCredentialStoreTest)] DEBUG org.apache.commons.discovery.resource.names.DiscoverNamesInFile -- getNextClassResource: next class='org.kohsuke.stapler.jelly.JellyFacet'
18:14:51.362 [Executing testUserWithFolderLevelPermission(org.conjur.jenkins.credentials.ConjurCredentialStoreTest)] DEBUG org.eclipse.jetty.util.component.AbstractLifeCycle -- stopping Server@2d1fe87f{STARTED}[9.4.48.v20220622]
18:14:51.362 [Executing testUserWithFolderLevelPermission(org.conjur.jenkins.credentials.ConjurCredentialStoreTest)] DEBUG org.eclipse.jetty.server.Server -- doStop Server@2d1fe87f{STOPPING}[9.4.48.v20220622]
18:14:51.362 [Executing testUserWithFolderLevelPermission(org.conjur.jenkins.credentials.ConjurCredentialStoreTest)] DEBUG org.eclipse.jetty.server.handler.AbstractHandlerContainer -- Graceful shutdown Server@2d1fe87f{STOPPING}[9.4.48.v20220622] by 
18:14:51.362 [Executing testUserWithFolderLevelPermission(org.conjur.jenkins.credentials.ConjurCredentialStoreTest)] DEBUG org.eclipse.jetty.util.component.AbstractLifeCycle -- stopping ServerConnector@4b95027{HTTP/1.1, (http/1.1)}{localhost:0}
18:14:51.362 [Jetty (JenkinsRule)-368] DEBUG org.eclipse.jetty.util.thread.QueuedThreadPool -- ran Jetty (JenkinsRule)-368-acceptor-0@531e3f5f-ServerConnector@4b95027{HTTP/1.1, (http/1.1)}{localhost:51463} in QueuedThreadPool[Jetty (JenkinsRule)]@6c22e244{STARTED,8<=10<=200,i=0,r=-1,q=0}[ReservedThreadExecutor@7026126f{reserved=0/16,pending=0}]
18:14:51.362 [Jetty (JenkinsRule)-369] DEBUG org.eclipse.jetty.util.thread.QueuedThreadPool -- ran Jetty (JenkinsRule)-369-acceptor-1@118edd97-ServerConnector@4b95027{HTTP/1.1, (http/1.1)}{localhost:51463} in QueuedThreadPool[Jetty (JenkinsRule)]@6c22e244{STARTED,8<=10<=200,i=0,r=-1,q=0}[ReservedThreadExecutor@7026126f{reserved=0/16,pending=0}]
18:14:51.362 [Executing testUserWithFolderLevelPermission(org.conjur.jenkins.credentials.ConjurCredentialStoreTest)] DEBUG org.eclipse.jetty.util.component.AbstractLifeCycle -- stopping SelectorManager@ServerConnector@4b95027{HTTP/1.1, (http/1.1)}{localhost:0}
18:14:51.362 [Executing testUserWithFolderLevelPermission(org.conjur.jenkins.credentials.ConjurCredentialStoreTest)] DEBUG org.eclipse.jetty.util.component.AbstractLifeCycle -- stopping ManagedSelector@253b9116{STARTED} id=7 keys=0 selected=0 updates=0
18:14:51.362 [Executing testUserWithFolderLevelPermission(org.conjur.jenkins.credentials.ConjurCredentialStoreTest)] DEBUG org.eclipse.jetty.io.ManagedSelector -- Queued change lazy=false org.eclipse.jetty.io.ManagedSelector$CloseConnections@1502ab64 on ManagedSelector@253b9116{STOPPING} id=7 keys=0 selected=0 updates=0
18:14:51.362 [Executing testUserWithFolderLevelPermission(org.conjur.jenkins.credentials.ConjurCredentialStoreTest)] DEBUG org.eclipse.jetty.io.ManagedSelector -- Wakeup on submit ManagedSelector@253b9116{STOPPING} id=7 keys=0 selected=0 updates=1
18:14:51.362 [Jetty (JenkinsRule)-366] DEBUG org.eclipse.jetty.io.ManagedSelector -- Selector sun.nio.ch.KQueueSelectorImpl@42e20bec woken with none selected
18:14:51.362 [Jetty (JenkinsRule)-366] DEBUG org.eclipse.jetty.io.ManagedSelector -- Selector sun.nio.ch.KQueueSelectorImpl@42e20bec woken up from select, 0/0/0 selected
18:14:51.362 [Jetty (JenkinsRule)-366] DEBUG org.eclipse.jetty.io.ManagedSelector -- Selector sun.nio.ch.KQueueSelectorImpl@42e20bec processing 0 keys, 1 updates
18:14:51.362 [Jetty (JenkinsRule)-366] DEBUG org.eclipse.jetty.io.ManagedSelector -- updateable 1
18:14:51.362 [Jetty (JenkinsRule)-366] DEBUG org.eclipse.jetty.io.ManagedSelector -- update org.eclipse.jetty.io.ManagedSelector$CloseConnections@1502ab64
18:14:51.362 [Jetty (JenkinsRule)-366] DEBUG org.eclipse.jetty.io.ManagedSelector -- Closing 0 connections on ManagedSelector@253b9116{STOPPING} id=7 keys=0 selected=0 updates=0
18:14:51.362 [Jetty (JenkinsRule)-366] DEBUG org.eclipse.jetty.io.ManagedSelector -- updates 0
18:14:51.362 [Jetty (JenkinsRule)-366] DEBUG org.eclipse.jetty.io.ManagedSelector -- Selector sun.nio.ch.KQueueSelectorImpl@42e20bec waiting with 0 keys
18:14:51.362 [Executing testUserWithFolderLevelPermission(org.conjur.jenkins.credentials.ConjurCredentialStoreTest)] DEBUG org.eclipse.jetty.io.ManagedSelector -- Queued change lazy=false org.eclipse.jetty.io.ManagedSelector$StopSelector@35c990ee on ManagedSelector@253b9116{STOPPING} id=7 keys=0 selected=0 updates=0
18:14:51.362 [Executing testUserWithFolderLevelPermission(org.conjur.jenkins.credentials.ConjurCredentialStoreTest)] DEBUG org.eclipse.jetty.io.ManagedSelector -- Wakeup on submit ManagedSelector@253b9116{STOPPING} id=7 keys=0 selected=0 updates=1
18:14:51.362 [Jetty (JenkinsRule)-366] DEBUG org.eclipse.jetty.io.ManagedSelector -- Selector sun.nio.ch.KQueueSelectorImpl@42e20bec woken with none selected
18:14:51.362 [Jetty (JenkinsRule)-366] DEBUG org.eclipse.jetty.io.ManagedSelector -- Selector sun.nio.ch.KQueueSelectorImpl@42e20bec woken up from select, 0/0/0 selected
18:14:51.362 [Jetty (JenkinsRule)-366] DEBUG org.eclipse.jetty.io.ManagedSelector -- Selector sun.nio.ch.KQueueSelectorImpl@42e20bec processing 0 keys, 1 updates
18:14:51.362 [Jetty (JenkinsRule)-366] DEBUG org.eclipse.jetty.io.ManagedSelector -- updateable 1
18:14:51.362 [Jetty (JenkinsRule)-366] DEBUG org.eclipse.jetty.io.ManagedSelector -- update org.eclipse.jetty.io.ManagedSelector$StopSelector@35c990ee
18:14:51.363 [Jetty (JenkinsRule)-366] DEBUG org.eclipse.jetty.io.ManagedSelector -- updates 0
18:14:51.363 [Jetty (JenkinsRule)-366] DEBUG org.eclipse.jetty.util.thread.QueuedThreadPool -- ran org.eclipse.jetty.io.ManagedSelector$$Lambda$424/0x00000001403801f8@66aaabfe in QueuedThreadPool[Jetty (JenkinsRule)]@6c22e244{STARTED,8<=10<=200,i=2,r=-1,q=0}[ReservedThreadExecutor@7026126f{reserved=0/16,pending=0}]
18:14:51.363 [Executing testUserWithFolderLevelPermission(org.conjur.jenkins.credentials.ConjurCredentialStoreTest)] DEBUG org.eclipse.jetty.util.component.AbstractLifeCycle -- stopping EatWhatYouKill@372087fd/SelectorProducer@7956d3d1/IDLE/p=false/QueuedThreadPool[Jetty (JenkinsRule)]@6c22e244{STARTED,8<=10<=200,i=2,r=-1,q=0}[ReservedThreadExecutor@7026126f{reserved=0/16,pending=0}][pc=0,pic=0,pec=0,epc=0]@2024-10-22T18:14:51.363119+05:30
18:14:51.363 [Executing testUserWithFolderLevelPermission(org.conjur.jenkins.credentials.ConjurCredentialStoreTest)] DEBUG org.eclipse.jetty.util.component.AbstractLifeCycle -- STOPPED EatWhatYouKill@372087fd/SelectorProducer@7956d3d1/IDLE/p=false/QueuedThreadPool[Jetty (JenkinsRule)]@6c22e244{STARTED,8<=10<=200,i=3,r=-1,q=0}[ReservedThreadExecutor@7026126f{reserved=0/16,pending=0}][pc=0,pic=0,pec=0,epc=0]@2024-10-22T18:14:51.363173+05:30
18:14:51.363 [Executing testUserWithFolderLevelPermission(org.conjur.jenkins.credentials.ConjurCredentialStoreTest)] DEBUG org.eclipse.jetty.util.component.AbstractLifeCycle -- STOPPED ManagedSelector@253b9116{STOPPED} id=7 keys=-1 selected=-1 updates=0
18:14:51.363 [Executing testUserWithFolderLevelPermission(org.conjur.jenkins.credentials.ConjurCredentialStoreTest)] DEBUG org.eclipse.jetty.util.component.AbstractLifeCycle -- stopping ManagedSelector@1c2f7c51{STARTED} id=6 keys=0 selected=0 updates=0
18:14:51.363 [Executing testUserWithFolderLevelPermission(org.conjur.jenkins.credentials.ConjurCredentialStoreTest)] DEBUG org.eclipse.jetty.io.ManagedSelector -- Queued change lazy=false org.eclipse.jetty.io.ManagedSelector$CloseConnections@3bc3e1f6 on ManagedSelector@1c2f7c51{STOPPING} id=6 keys=0 selected=0 updates=0
18:14:51.363 [Executing testUserWithFolderLevelPermission(org.conjur.jenkins.credentials.ConjurCredentialStoreTest)] DEBUG org.eclipse.jetty.io.ManagedSelector -- Wakeup on submit ManagedSelector@1c2f7c51{STOPPING} id=6 keys=0 selected=0 updates=1
18:14:51.363 [Jetty (JenkinsRule)-365] DEBUG org.eclipse.jetty.io.ManagedSelector -- Selector sun.nio.ch.KQueueSelectorImpl@32629489 woken with none selected
18:14:51.363 [Jetty (JenkinsRule)-365] DEBUG org.eclipse.jetty.io.ManagedSelector -- Selector sun.nio.ch.KQueueSelectorImpl@32629489 woken up from select, 0/0/0 selected
18:14:51.363 [Jetty (JenkinsRule)-365] DEBUG org.eclipse.jetty.io.ManagedSelector -- Selector sun.nio.ch.KQueueSelectorImpl@32629489 processing 0 keys, 1 updates
18:14:51.363 [Jetty (JenkinsRule)-365] DEBUG org.eclipse.jetty.io.ManagedSelector -- updateable 1
18:14:51.363 [Jetty (JenkinsRule)-365] DEBUG org.eclipse.jetty.io.ManagedSelector -- update org.eclipse.jetty.io.ManagedSelector$CloseConnections@3bc3e1f6
18:14:51.363 [Jetty (JenkinsRule)-365] DEBUG org.eclipse.jetty.io.ManagedSelector -- Closing 0 connections on ManagedSelector@1c2f7c51{STOPPING} id=6 keys=0 selected=0 updates=0
18:14:51.363 [Jetty (JenkinsRule)-365] DEBUG org.eclipse.jetty.io.ManagedSelector -- updates 0
18:14:51.363 [Jetty (JenkinsRule)-365] DEBUG org.eclipse.jetty.io.ManagedSelector -- Selector sun.nio.ch.KQueueSelectorImpl@32629489 waiting with 0 keys
18:14:51.363 [Executing testUserWithFolderLevelPermission(org.conjur.jenkins.credentials.ConjurCredentialStoreTest)] DEBUG org.eclipse.jetty.io.ManagedSelector -- Queued change lazy=false org.eclipse.jetty.io.ManagedSelector$StopSelector@33fd1b96 on ManagedSelector@1c2f7c51{STOPPING} id=6 keys=0 selected=0 updates=0
18:14:51.363 [Executing testUserWithFolderLevelPermission(org.conjur.jenkins.credentials.ConjurCredentialStoreTest)] DEBUG org.eclipse.jetty.io.ManagedSelector -- Wakeup on submit ManagedSelector@1c2f7c51{STOPPING} id=6 keys=0 selected=0 updates=1
18:14:51.363 [Jetty (JenkinsRule)-365] DEBUG org.eclipse.jetty.io.ManagedSelector -- Selector sun.nio.ch.KQueueSelectorImpl@32629489 woken with none selected
18:14:51.363 [Jetty (JenkinsRule)-365] DEBUG org.eclipse.jetty.io.ManagedSelector -- Selector sun.nio.ch.KQueueSelectorImpl@32629489 woken up from select, 0/0/0 selected
18:14:51.363 [Jetty (JenkinsRule)-365] DEBUG org.eclipse.jetty.io.ManagedSelector -- Selector sun.nio.ch.KQueueSelectorImpl@32629489 processing 0 keys, 1 updates
18:14:51.363 [Jetty (JenkinsRule)-365] DEBUG org.eclipse.jetty.io.ManagedSelector -- updateable 1
18:14:51.363 [Jetty (JenkinsRule)-365] DEBUG org.eclipse.jetty.io.ManagedSelector -- update org.eclipse.jetty.io.ManagedSelector$StopSelector@33fd1b96
18:14:51.363 [Jetty (JenkinsRule)-365] DEBUG org.eclipse.jetty.io.ManagedSelector -- updates 0
18:14:51.363 [Jetty (JenkinsRule)-365] DEBUG org.eclipse.jetty.util.thread.QueuedThreadPool -- ran org.eclipse.jetty.io.ManagedSelector$$Lambda$424/0x00000001403801f8@5b084321 in QueuedThreadPool[Jetty (JenkinsRule)]@6c22e244{STARTED,8<=10<=200,i=3,r=-1,q=0}[ReservedThreadExecutor@7026126f{reserved=0/16,pending=0}]
18:14:51.363 [Executing testUserWithFolderLevelPermission(org.conjur.jenkins.credentials.ConjurCredentialStoreTest)] DEBUG org.eclipse.jetty.util.component.AbstractLifeCycle -- stopping EatWhatYouKill@5e96a32/SelectorProducer@7395f491/IDLE/p=false/QueuedThreadPool[Jetty (JenkinsRule)]@6c22e244{STARTED,8<=10<=200,i=3,r=-1,q=0}[ReservedThreadExecutor@7026126f{reserved=0/16,pending=0}][pc=0,pic=0,pec=0,epc=0]@2024-10-22T18:14:51.363576+05:30
18:14:51.363 [Executing testUserWithFolderLevelPermission(org.conjur.jenkins.credentials.ConjurCredentialStoreTest)] DEBUG org.eclipse.jetty.util.component.AbstractLifeCycle -- STOPPED EatWhatYouKill@5e96a32/SelectorProducer@7395f491/IDLE/p=false/QueuedThreadPool[Jetty (JenkinsRule)]@6c22e244{STARTED,8<=10<=200,i=4,r=-1,q=0}[ReservedThreadExecutor@7026126f{reserved=0/16,pending=0}][pc=0,pic=0,pec=0,epc=0]@2024-10-22T18:14:51.363636+05:30
18:14:51.363 [Executing testUserWithFolderLevelPermission(org.conjur.jenkins.credentials.ConjurCredentialStoreTest)] DEBUG org.eclipse.jetty.util.component.AbstractLifeCycle -- STOPPED ManagedSelector@1c2f7c51{STOPPED} id=6 keys=-1 selected=-1 updates=0
18:14:51.363 [Executing testUserWithFolderLevelPermission(org.conjur.jenkins.credentials.ConjurCredentialStoreTest)] DEBUG org.eclipse.jetty.util.component.AbstractLifeCycle -- stopping ManagedSelector@1407f475{STARTED} id=5 keys=0 selected=0 updates=0
18:14:51.363 [Executing testUserWithFolderLevelPermission(org.conjur.jenkins.credentials.ConjurCredentialStoreTest)] DEBUG org.eclipse.jetty.io.ManagedSelector -- Queued change lazy=false org.eclipse.jetty.io.ManagedSelector$CloseConnections@3324df06 on ManagedSelector@1407f475{STOPPING} id=5 keys=0 selected=0 updates=0
18:14:51.363 [Executing testUserWithFolderLevelPermission(org.conjur.jenkins.credentials.ConjurCredentialStoreTest)] DEBUG org.eclipse.jetty.io.ManagedSelector -- Wakeup on submit ManagedSelector@1407f475{STOPPING} id=5 keys=0 selected=0 updates=1
18:14:51.363 [Jetty (JenkinsRule)-364] DEBUG org.eclipse.jetty.io.ManagedSelector -- Selector sun.nio.ch.KQueueSelectorImpl@4d1eb293 woken with none selected
18:14:51.363 [Jetty (JenkinsRule)-364] DEBUG org.eclipse.jetty.io.ManagedSelector -- Selector sun.nio.ch.KQueueSelectorImpl@4d1eb293 woken up from select, 0/0/0 selected
18:14:51.363 [Jetty (JenkinsRule)-364] DEBUG org.eclipse.jetty.io.ManagedSelector -- Selector sun.nio.ch.KQueueSelectorImpl@4d1eb293 processing 0 keys, 1 updates
18:14:51.363 [Jetty (JenkinsRule)-364] DEBUG org.eclipse.jetty.io.ManagedSelector -- updateable 1
18:14:51.363 [Jetty (JenkinsRule)-364] DEBUG org.eclipse.jetty.io.ManagedSelector -- update org.eclipse.jetty.io.ManagedSelector$CloseConnections@3324df06
18:14:51.363 [Jetty (JenkinsRule)-364] DEBUG org.eclipse.jetty.io.ManagedSelector -- Closing 0 connections on ManagedSelector@1407f475{STOPPING} id=5 keys=0 selected=0 updates=0
18:14:51.363 [Jetty (JenkinsRule)-364] DEBUG org.eclipse.jetty.io.ManagedSelector -- updates 0
18:14:51.363 [Jetty (JenkinsRule)-364] DEBUG org.eclipse.jetty.io.ManagedSelector -- Selector sun.nio.ch.KQueueSelectorImpl@4d1eb293 waiting with 0 keys
18:14:51.363 [Executing testUserWithFolderLevelPermission(org.conjur.jenkins.credentials.ConjurCredentialStoreTest)] DEBUG org.eclipse.jetty.io.ManagedSelector -- Queued change lazy=false org.eclipse.jetty.io.ManagedSelector$StopSelector@4a13776c on ManagedSelector@1407f475{STOPPING} id=5 keys=0 selected=0 updates=0
18:14:51.363 [Executing testUserWithFolderLevelPermission(org.conjur.jenkins.credentials.ConjurCredentialStoreTest)] DEBUG org.eclipse.jetty.io.ManagedSelector -- Wakeup on submit ManagedSelector@1407f475{STOPPING} id=5 keys=0 selected=0 updates=1
18:14:51.363 [Jetty (JenkinsRule)-364] DEBUG org.eclipse.jetty.io.ManagedSelector -- Selector sun.nio.ch.KQueueSelectorImpl@4d1eb293 woken with none selected
18:14:51.363 [Jetty (JenkinsRule)-364] DEBUG org.eclipse.jetty.io.ManagedSelector -- Selector sun.nio.ch.KQueueSelectorImpl@4d1eb293 woken up from select, 0/0/0 selected
18:14:51.363 [Jetty (JenkinsRule)-364] DEBUG org.eclipse.jetty.io.ManagedSelector -- Selector sun.nio.ch.KQueueSelectorImpl@4d1eb293 processing 0 keys, 1 updates
18:14:51.363 [Jetty (JenkinsRule)-364] DEBUG org.eclipse.jetty.io.ManagedSelector -- updateable 1
18:14:51.363 [Jetty (JenkinsRule)-364] DEBUG org.eclipse.jetty.io.ManagedSelector -- update org.eclipse.jetty.io.ManagedSelector$StopSelector@4a13776c
18:14:51.364 [Jetty (JenkinsRule)-364] DEBUG org.eclipse.jetty.io.ManagedSelector -- updates 0
18:14:51.364 [Jetty (JenkinsRule)-364] DEBUG org.eclipse.jetty.util.thread.QueuedThreadPool -- ran org.eclipse.jetty.io.ManagedSelector$$Lambda$424/0x00000001403801f8@44f40683 in QueuedThreadPool[Jetty (JenkinsRule)]@6c22e244{STARTED,8<=10<=200,i=4,r=-1,q=0}[ReservedThreadExecutor@7026126f{reserved=0/16,pending=0}]
18:14:51.364 [Executing testUserWithFolderLevelPermission(org.conjur.jenkins.credentials.ConjurCredentialStoreTest)] DEBUG org.eclipse.jetty.util.component.AbstractLifeCycle -- stopping EatWhatYouKill@4ae549a/SelectorProducer@1d0e4b71/IDLE/p=false/QueuedThreadPool[Jetty (JenkinsRule)]@6c22e244{STARTED,8<=10<=200,i=4,r=-1,q=0}[ReservedThreadExecutor@7026126f{reserved=0/16,pending=0}][pc=0,pic=0,pec=0,epc=0]@2024-10-22T18:14:51.364096+05:30
18:14:51.364 [Executing testUserWithFolderLevelPermission(org.conjur.jenkins.credentials.ConjurCredentialStoreTest)] DEBUG org.eclipse.jetty.util.component.AbstractLifeCycle -- STOPPED EatWhatYouKill@4ae549a/SelectorProducer@1d0e4b71/IDLE/p=false/QueuedThreadPool[Jetty (JenkinsRule)]@6c22e244{STARTED,8<=10<=200,i=5,r=-1,q=0}[ReservedThreadExecutor@7026126f{reserved=0/16,pending=0}][pc=0,pic=0,pec=0,epc=0]@2024-10-22T18:14:51.364163+05:30
18:14:51.364 [Executing testUserWithFolderLevelPermission(org.conjur.jenkins.credentials.ConjurCredentialStoreTest)] DEBUG org.eclipse.jetty.util.component.AbstractLifeCycle -- STOPPED ManagedSelector@1407f475{STOPPED} id=5 keys=-1 selected=-1 updates=0
18:14:51.364 [Executing testUserWithFolderLevelPermission(org.conjur.jenkins.credentials.ConjurCredentialStoreTest)] DEBUG org.eclipse.jetty.util.component.AbstractLifeCycle -- stopping ManagedSelector@762d3b4{STARTED} id=4 keys=0 selected=0 updates=0
18:14:51.364 [Executing testUserWithFolderLevelPermission(org.conjur.jenkins.credentials.ConjurCredentialStoreTest)] DEBUG org.eclipse.jetty.io.ManagedSelector -- Queued change lazy=false org.eclipse.jetty.io.ManagedSelector$CloseConnections@6e7be389 on ManagedSelector@762d3b4{STOPPING} id=4 keys=0 selected=0 updates=0
18:14:51.364 [Executing testUserWithFolderLevelPermission(org.conjur.jenkins.credentials.ConjurCredentialStoreTest)] DEBUG org.eclipse.jetty.io.ManagedSelector -- Wakeup on submit ManagedSelector@762d3b4{STOPPING} id=4 keys=0 selected=0 updates=1
18:14:51.364 [Jetty (JenkinsRule)-363] DEBUG org.eclipse.jetty.io.ManagedSelector -- Selector sun.nio.ch.KQueueSelectorImpl@1db3c0b7 woken with none selected
18:14:51.364 [Jetty (JenkinsRule)-363] DEBUG org.eclipse.jetty.io.ManagedSelector -- Selector sun.nio.ch.KQueueSelectorImpl@1db3c0b7 woken up from select, 0/0/0 selected
18:14:51.364 [Jetty (JenkinsRule)-363] DEBUG org.eclipse.jetty.io.ManagedSelector -- Selector sun.nio.ch.KQueueSelectorImpl@1db3c0b7 processing 0 keys, 1 updates
18:14:51.364 [Jetty (JenkinsRule)-363] DEBUG org.eclipse.jetty.io.ManagedSelector -- updateable 1
18:14:51.364 [Jetty (JenkinsRule)-363] DEBUG org.eclipse.jetty.io.ManagedSelector -- update org.eclipse.jetty.io.ManagedSelector$CloseConnections@6e7be389
18:14:51.364 [Jetty (JenkinsRule)-363] DEBUG org.eclipse.jetty.io.ManagedSelector -- Closing 0 connections on ManagedSelector@762d3b4{STOPPING} id=4 keys=0 selected=0 updates=0
18:14:51.364 [Jetty (JenkinsRule)-363] DEBUG org.eclipse.jetty.io.ManagedSelector -- updates 0
18:14:51.364 [Jetty (JenkinsRule)-363] DEBUG org.eclipse.jetty.io.ManagedSelector -- Selector sun.nio.ch.KQueueSelectorImpl@1db3c0b7 waiting with 0 keys
18:14:51.364 [Executing testUserWithFolderLevelPermission(org.conjur.jenkins.credentials.ConjurCredentialStoreTest)] DEBUG org.eclipse.jetty.io.ManagedSelector -- Queued change lazy=false org.eclipse.jetty.io.ManagedSelector$StopSelector@3501747b on ManagedSelector@762d3b4{STOPPING} id=4 keys=0 selected=0 updates=0
18:14:51.364 [Executing testUserWithFolderLevelPermission(org.conjur.jenkins.credentials.ConjurCredentialStoreTest)] DEBUG org.eclipse.jetty.io.ManagedSelector -- Wakeup on submit ManagedSelector@762d3b4{STOPPING} id=4 keys=0 selected=0 updates=1
18:14:51.364 [Jetty (JenkinsRule)-363] DEBUG org.eclipse.jetty.io.ManagedSelector -- Selector sun.nio.ch.KQueueSelectorImpl@1db3c0b7 woken with none selected
18:14:51.364 [Jetty (JenkinsRule)-363] DEBUG org.eclipse.jetty.io.ManagedSelector -- Selector sun.nio.ch.KQueueSelectorImpl@1db3c0b7 woken up from select, 0/0/0 selected
18:14:51.364 [Jetty (JenkinsRule)-363] DEBUG org.eclipse.jetty.io.ManagedSelector -- Selector sun.nio.ch.KQueueSelectorImpl@1db3c0b7 processing 0 keys, 1 updates
18:14:51.364 [Jetty (JenkinsRule)-363] DEBUG org.eclipse.jetty.io.ManagedSelector -- updateable 1
18:14:51.364 [Jetty (JenkinsRule)-363] DEBUG org.eclipse.jetty.io.ManagedSelector -- update org.eclipse.jetty.io.ManagedSelector$StopSelector@3501747b
18:14:51.364 [Jetty (JenkinsRule)-363] DEBUG org.eclipse.jetty.io.ManagedSelector -- updates 0
18:14:51.364 [Jetty (JenkinsRule)-363] DEBUG org.eclipse.jetty.util.thread.QueuedThreadPool -- ran org.eclipse.jetty.io.ManagedSelector$$Lambda$424/0x00000001403801f8@43fee94e in QueuedThreadPool[Jetty (JenkinsRule)]@6c22e244{STARTED,8<=10<=200,i=5,r=-1,q=0}[ReservedThreadExecutor@7026126f{reserved=0/16,pending=0}]
18:14:51.364 [Executing testUserWithFolderLevelPermission(org.conjur.jenkins.credentials.ConjurCredentialStoreTest)] DEBUG org.eclipse.jetty.util.component.AbstractLifeCycle -- stopping EatWhatYouKill@460be658/SelectorProducer@e20e409/IDLE/p=false/QueuedThreadPool[Jetty (JenkinsRule)]@6c22e244{STARTED,8<=10<=200,i=6,r=-1,q=0}[ReservedThreadExecutor@7026126f{reserved=0/16,pending=0}][pc=0,pic=0,pec=0,epc=0]@2024-10-22T18:14:51.364604+05:30
18:14:51.364 [Executing testUserWithFolderLevelPermission(org.conjur.jenkins.credentials.ConjurCredentialStoreTest)] DEBUG org.eclipse.jetty.util.component.AbstractLifeCycle -- STOPPED EatWhatYouKill@460be658/SelectorProducer@e20e409/IDLE/p=false/QueuedThreadPool[Jetty (JenkinsRule)]@6c22e244{STARTED,8<=10<=200,i=6,r=-1,q=0}[ReservedThreadExecutor@7026126f{reserved=0/16,pending=0}][pc=0,pic=0,pec=0,epc=0]@2024-10-22T18:14:51.364655+05:30
18:14:51.364 [Executing testUserWithFolderLevelPermission(org.conjur.jenkins.credentials.ConjurCredentialStoreTest)] DEBUG org.eclipse.jetty.util.component.AbstractLifeCycle -- STOPPED ManagedSelector@762d3b4{STOPPED} id=4 keys=-1 selected=-1 updates=0
18:14:51.364 [Executing testUserWithFolderLevelPermission(org.conjur.jenkins.credentials.ConjurCredentialStoreTest)] DEBUG org.eclipse.jetty.util.component.AbstractLifeCycle -- stopping ManagedSelector@5b0b188a{STARTED} id=3 keys=0 selected=0 updates=0
18:14:51.364 [Executing testUserWithFolderLevelPermission(org.conjur.jenkins.credentials.ConjurCredentialStoreTest)] DEBUG org.eclipse.jetty.io.ManagedSelector -- Queued change lazy=false org.eclipse.jetty.io.ManagedSelector$CloseConnections@20c85132 on ManagedSelector@5b0b188a{STOPPING} id=3 keys=0 selected=0 updates=0
18:14:51.364 [Executing testUserWithFolderLevelPermission(org.conjur.jenkins.credentials.ConjurCredentialStoreTest)] DEBUG org.eclipse.jetty.io.ManagedSelector -- Wakeup on submit ManagedSelector@5b0b188a{STOPPING} id=3 keys=0 selected=0 updates=1
18:14:51.364 [Jetty (JenkinsRule)-362] DEBUG org.eclipse.jetty.io.ManagedSelector -- Selector sun.nio.ch.KQueueSelectorImpl@807e95f woken with none selected
18:14:51.364 [Jetty (JenkinsRule)-362] DEBUG org.eclipse.jetty.io.ManagedSelector -- Selector sun.nio.ch.KQueueSelectorImpl@807e95f woken up from select, 0/0/0 selected
18:14:51.364 [Jetty (JenkinsRule)-362] DEBUG org.eclipse.jetty.io.ManagedSelector -- Selector sun.nio.ch.KQueueSelectorImpl@807e95f processing 0 keys, 1 updates
18:14:51.364 [Jetty (JenkinsRule)-362] DEBUG org.eclipse.jetty.io.ManagedSelector -- updateable 1
18:14:51.364 [Jetty (JenkinsRule)-362] DEBUG org.eclipse.jetty.io.ManagedSelector -- update org.eclipse.jetty.io.ManagedSelector$CloseConnections@20c85132
18:14:51.364 [Jetty (JenkinsRule)-362] DEBUG org.eclipse.jetty.io.ManagedSelector -- Closing 0 connections on ManagedSelector@5b0b188a{STOPPING} id=3 keys=0 selected=0 updates=0
18:14:51.364 [Jetty (JenkinsRule)-362] DEBUG org.eclipse.jetty.io.ManagedSelector -- updates 0
18:14:51.364 [Jetty (JenkinsRule)-362] DEBUG org.eclipse.jetty.io.ManagedSelector -- Selector sun.nio.ch.KQueueSelectorImpl@807e95f waiting with 0 keys
18:14:51.364 [Executing testUserWithFolderLevelPermission(org.conjur.jenkins.credentials.ConjurCredentialStoreTest)] DEBUG org.eclipse.jetty.io.ManagedSelector -- Queued change lazy=false org.eclipse.jetty.io.ManagedSelector$StopSelector@71b1fa50 on ManagedSelector@5b0b188a{STOPPING} id=3 keys=0 selected=0 updates=0
18:14:51.364 [Executing testUserWithFolderLevelPermission(org.conjur.jenkins.credentials.ConjurCredentialStoreTest)] DEBUG org.eclipse.jetty.io.ManagedSelector -- Wakeup on submit ManagedSelector@5b0b188a{STOPPING} id=3 keys=0 selected=0 updates=1
18:14:51.364 [Jetty (JenkinsRule)-362] DEBUG org.eclipse.jetty.io.ManagedSelector -- Selector sun.nio.ch.KQueueSelectorImpl@807e95f woken with none selected
18:14:51.364 [Jetty (JenkinsRule)-362] DEBUG org.eclipse.jetty.io.ManagedSelector -- Selector sun.nio.ch.KQueueSelectorImpl@807e95f woken up from select, 0/0/0 selected
18:14:51.364 [Jetty (JenkinsRule)-362] DEBUG org.eclipse.jetty.io.ManagedSelector -- Selector sun.nio.ch.KQueueSelectorImpl@807e95f processing 0 keys, 1 updates
18:14:51.364 [Jetty (JenkinsRule)-362] DEBUG org.eclipse.jetty.io.ManagedSelector -- updateable 1
18:14:51.364 [Jetty (JenkinsRule)-362] DEBUG org.eclipse.jetty.io.ManagedSelector -- update org.eclipse.jetty.io.ManagedSelector$StopSelector@71b1fa50
18:14:51.365 [Jetty (JenkinsRule)-362] DEBUG org.eclipse.jetty.io.ManagedSelector -- updates 0
18:14:51.365 [Executing testUserWithFolderLevelPermission(org.conjur.jenkins.credentials.ConjurCredentialStoreTest)] DEBUG org.eclipse.jetty.util.component.AbstractLifeCycle -- stopping EatWhatYouKill@d68b169/SelectorProducer@13a35d04/PRODUCING/p=false/QueuedThreadPool[Jetty (JenkinsRule)]@6c22e244{STARTED,8<=10<=200,i=6,r=-1,q=0}[ReservedThreadExecutor@7026126f{reserved=0/16,pending=0}][pc=0,pic=0,pec=0,epc=0]@2024-10-22T18:14:51.365076+05:30
18:14:51.365 [Jetty (JenkinsRule)-362] DEBUG org.eclipse.jetty.util.thread.QueuedThreadPool -- ran org.eclipse.jetty.io.ManagedSelector$$Lambda$424/0x00000001403801f8@7bd7a5c7 in QueuedThreadPool[Jetty (JenkinsRule)]@6c22e244{STARTED,8<=10<=200,i=6,r=-1,q=0}[ReservedThreadExecutor@7026126f{reserved=0/16,pending=0}]
18:14:51.365 [Executing testUserWithFolderLevelPermission(org.conjur.jenkins.credentials.ConjurCredentialStoreTest)] DEBUG org.eclipse.jetty.util.component.AbstractLifeCycle -- STOPPED EatWhatYouKill@d68b169/SelectorProducer@13a35d04/IDLE/p=false/QueuedThreadPool[Jetty (JenkinsRule)]@6c22e244{STARTED,8<=10<=200,i=6,r=-1,q=0}[ReservedThreadExecutor@7026126f{reserved=0/16,pending=0}][pc=0,pic=0,pec=0,epc=0]@2024-10-22T18:14:51.365135+05:30
18:14:51.365 [Executing testUserWithFolderLevelPermission(org.conjur.jenkins.credentials.ConjurCredentialStoreTest)] DEBUG org.eclipse.jetty.util.component.AbstractLifeCycle -- STOPPED ManagedSelector@5b0b188a{STOPPED} id=3 keys=-1 selected=-1 updates=0
18:14:51.365 [Executing testUserWithFolderLevelPermission(org.conjur.jenkins.credentials.ConjurCredentialStoreTest)] DEBUG org.eclipse.jetty.util.component.AbstractLifeCycle -- stopping ManagedSelector@401bb0db{STARTED} id=2 keys=0 selected=0 updates=0
18:14:51.365 [Executing testUserWithFolderLevelPermission(org.conjur.jenkins.credentials.ConjurCredentialStoreTest)] DEBUG org.eclipse.jetty.io.ManagedSelector -- Queued change lazy=false org.eclipse.jetty.io.ManagedSelector$CloseConnections@40e73844 on ManagedSelector@401bb0db{STOPPING} id=2 keys=0 selected=0 updates=0
18:14:51.365 [Executing testUserWithFolderLevelPermission(org.conjur.jenkins.credentials.ConjurCredentialStoreTest)] DEBUG org.eclipse.jetty.io.ManagedSelector -- Wakeup on submit ManagedSelector@401bb0db{STOPPING} id=2 keys=0 selected=0 updates=1
18:14:51.365 [Jetty (JenkinsRule)-361] DEBUG org.eclipse.jetty.io.ManagedSelector -- Selector sun.nio.ch.KQueueSelectorImpl@346b4be woken with none selected
18:14:51.365 [Jetty (JenkinsRule)-361] DEBUG org.eclipse.jetty.io.ManagedSelector -- Selector sun.nio.ch.KQueueSelectorImpl@346b4be woken up from select, 0/0/0 selected
18:14:51.365 [Jetty (JenkinsRule)-361] DEBUG org.eclipse.jetty.io.ManagedSelector -- Selector sun.nio.ch.KQueueSelectorImpl@346b4be processing 0 keys, 1 updates
18:14:51.365 [Jetty (JenkinsRule)-361] DEBUG org.eclipse.jetty.io.ManagedSelector -- updateable 1
18:14:51.365 [Jetty (JenkinsRule)-361] DEBUG org.eclipse.jetty.io.ManagedSelector -- update org.eclipse.jetty.io.ManagedSelector$CloseConnections@40e73844
18:14:51.365 [Jetty (JenkinsRule)-361] DEBUG org.eclipse.jetty.io.ManagedSelector -- Closing 0 connections on ManagedSelector@401bb0db{STOPPING} id=2 keys=0 selected=0 updates=0
18:14:51.365 [Jetty (JenkinsRule)-361] DEBUG org.eclipse.jetty.io.ManagedSelector -- updates 0
18:14:51.365 [Jetty (JenkinsRule)-361] DEBUG org.eclipse.jetty.io.ManagedSelector -- Selector sun.nio.ch.KQueueSelectorImpl@346b4be waiting with 0 keys
18:14:51.365 [Executing testUserWithFolderLevelPermission(org.conjur.jenkins.credentials.ConjurCredentialStoreTest)] DEBUG org.eclipse.jetty.io.ManagedSelector -- Queued change lazy=false org.eclipse.jetty.io.ManagedSelector$StopSelector@7efb3e8f on ManagedSelector@401bb0db{STOPPING} id=2 keys=0 selected=0 updates=0
18:14:51.365 [Executing testUserWithFolderLevelPermission(org.conjur.jenkins.credentials.ConjurCredentialStoreTest)] DEBUG org.eclipse.jetty.io.ManagedSelector -- Wakeup on submit ManagedSelector@401bb0db{STOPPING} id=2 keys=0 selected=0 updates=1
18:14:51.365 [Jetty (JenkinsRule)-361] DEBUG org.eclipse.jetty.io.ManagedSelector -- Selector sun.nio.ch.KQueueSelectorImpl@346b4be woken with none selected
18:14:51.365 [Jetty (JenkinsRule)-361] DEBUG org.eclipse.jetty.io.ManagedSelector -- Selector sun.nio.ch.KQueueSelectorImpl@346b4be woken up from select, 0/0/0 selected
18:14:51.365 [Jetty (JenkinsRule)-361] DEBUG org.eclipse.jetty.io.ManagedSelector -- Selector sun.nio.ch.KQueueSelectorImpl@346b4be processing 0 keys, 1 updates
18:14:51.365 [Jetty (JenkinsRule)-361] DEBUG org.eclipse.jetty.io.ManagedSelector -- updateable 1
18:14:51.365 [Jetty (JenkinsRule)-361] DEBUG org.eclipse.jetty.io.ManagedSelector -- update org.eclipse.jetty.io.ManagedSelector$StopSelector@7efb3e8f
18:14:51.365 [Jetty (JenkinsRule)-361] DEBUG org.eclipse.jetty.io.ManagedSelector -- updates 0
18:14:51.365 [Jetty (JenkinsRule)-361] DEBUG org.eclipse.jetty.util.thread.QueuedThreadPool -- ran org.eclipse.jetty.io.ManagedSelector$$Lambda$424/0x00000001403801f8@84e297f in QueuedThreadPool[Jetty (JenkinsRule)]@6c22e244{STARTED,8<=10<=200,i=7,r=-1,q=0}[ReservedThreadExecutor@7026126f{reserved=0/16,pending=0}]
18:14:51.365 [Executing testUserWithFolderLevelPermission(org.conjur.jenkins.credentials.ConjurCredentialStoreTest)] DEBUG org.eclipse.jetty.util.component.AbstractLifeCycle -- stopping EatWhatYouKill@2916e868/SelectorProducer@1a9a4f5d/IDLE/p=false/QueuedThreadPool[Jetty (JenkinsRule)]@6c22e244{STARTED,8<=10<=200,i=7,r=-1,q=0}[ReservedThreadExecutor@7026126f{reserved=0/16,pending=0}][pc=0,pic=0,pec=0,epc=0]@2024-10-22T18:14:51.365534+05:30
18:14:51.366 [Executing testUserWithFolderLevelPermission(org.conjur.jenkins.credentials.ConjurCredentialStoreTest)] DEBUG org.eclipse.jetty.util.component.AbstractLifeCycle -- STOPPED EatWhatYouKill@2916e868/SelectorProducer@1a9a4f5d/IDLE/p=false/QueuedThreadPool[Jetty (JenkinsRule)]@6c22e244{STARTED,8<=10<=200,i=8,r=-1,q=0}[ReservedThreadExecutor@7026126f{reserved=0/16,pending=0}][pc=0,pic=0,pec=0,epc=0]@2024-10-22T18:14:51.366127+05:30
18:14:51.366 [Executing testUserWithFolderLevelPermission(org.conjur.jenkins.credentials.ConjurCredentialStoreTest)] DEBUG org.eclipse.jetty.util.component.AbstractLifeCycle -- STOPPED ManagedSelector@401bb0db{STOPPED} id=2 keys=-1 selected=-1 updates=0
18:14:51.366 [Executing testUserWithFolderLevelPermission(org.conjur.jenkins.credentials.ConjurCredentialStoreTest)] DEBUG org.eclipse.jetty.util.component.AbstractLifeCycle -- stopping ManagedSelector@79868706{STARTED} id=1 keys=0 selected=0 updates=0
18:14:51.366 [Executing testUserWithFolderLevelPermission(org.conjur.jenkins.credentials.ConjurCredentialStoreTest)] DEBUG org.eclipse.jetty.io.ManagedSelector -- Queued change lazy=false org.eclipse.jetty.io.ManagedSelector$CloseConnections@1c58a1a3 on ManagedSelector@79868706{STOPPING} id=1 keys=0 selected=0 updates=0
18:14:51.366 [Executing testUserWithFolderLevelPermission(org.conjur.jenkins.credentials.ConjurCredentialStoreTest)] DEBUG org.eclipse.jetty.io.ManagedSelector -- Wakeup on submit ManagedSelector@79868706{STOPPING} id=1 keys=0 selected=0 updates=1
18:14:51.366 [Jetty (JenkinsRule)-360] DEBUG org.eclipse.jetty.io.ManagedSelector -- Selector sun.nio.ch.KQueueSelectorImpl@7f133528 woken with none selected
18:14:51.366 [Jetty (JenkinsRule)-360] DEBUG org.eclipse.jetty.io.ManagedSelector -- Selector sun.nio.ch.KQueueSelectorImpl@7f133528 woken up from select, 0/0/0 selected
18:14:51.366 [Jetty (JenkinsRule)-360] DEBUG org.eclipse.jetty.io.ManagedSelector -- Selector sun.nio.ch.KQueueSelectorImpl@7f133528 processing 0 keys, 1 updates
18:14:51.366 [Jetty (JenkinsRule)-360] DEBUG org.eclipse.jetty.io.ManagedSelector -- updateable 1
18:14:51.366 [Jetty (JenkinsRule)-360] DEBUG org.eclipse.jetty.io.ManagedSelector -- update org.eclipse.jetty.io.ManagedSelector$CloseConnections@1c58a1a3
18:14:51.366 [Jetty (JenkinsRule)-360] DEBUG org.eclipse.jetty.io.ManagedSelector -- Closing 0 connections on ManagedSelector@79868706{STOPPING} id=1 keys=0 selected=0 updates=0
18:14:51.366 [Jetty (JenkinsRule)-360] DEBUG org.eclipse.jetty.io.ManagedSelector -- updates 0
18:14:51.366 [Jetty (JenkinsRule)-360] DEBUG org.eclipse.jetty.io.ManagedSelector -- Selector sun.nio.ch.KQueueSelectorImpl@7f133528 waiting with 0 keys
18:14:51.366 [Executing testUserWithFolderLevelPermission(org.conjur.jenkins.credentials.ConjurCredentialStoreTest)] DEBUG org.eclipse.jetty.io.ManagedSelector -- Queued change lazy=false org.eclipse.jetty.io.ManagedSelector$StopSelector@62c5bb02 on ManagedSelector@79868706{STOPPING} id=1 keys=0 selected=0 updates=0
18:14:51.366 [Executing testUserWithFolderLevelPermission(org.conjur.jenkins.credentials.ConjurCredentialStoreTest)] DEBUG org.eclipse.jetty.io.ManagedSelector -- Wakeup on submit ManagedSelector@79868706{STOPPING} id=1 keys=0 selected=0 updates=1
18:14:51.366 [Jetty (JenkinsRule)-360] DEBUG org.eclipse.jetty.io.ManagedSelector -- Selector sun.nio.ch.KQueueSelectorImpl@7f133528 woken with none selected
18:14:51.366 [Jetty (JenkinsRule)-360] DEBUG org.eclipse.jetty.io.ManagedSelector -- Selector sun.nio.ch.KQueueSelectorImpl@7f133528 woken up from select, 0/0/0 selected
18:14:51.366 [Jetty (JenkinsRule)-360] DEBUG org.eclipse.jetty.io.ManagedSelector -- Selector sun.nio.ch.KQueueSelectorImpl@7f133528 processing 0 keys, 1 updates
18:14:51.366 [Jetty (JenkinsRule)-360] DEBUG org.eclipse.jetty.io.ManagedSelector -- updateable 1
18:14:51.366 [Jetty (JenkinsRule)-360] DEBUG org.eclipse.jetty.io.ManagedSelector -- update org.eclipse.jetty.io.ManagedSelector$StopSelector@62c5bb02
18:14:51.366 [Jetty (JenkinsRule)-360] DEBUG org.eclipse.jetty.io.ManagedSelector -- updates 0
18:14:51.366 [Jetty (JenkinsRule)-360] DEBUG org.eclipse.jetty.util.thread.QueuedThreadPool -- ran org.eclipse.jetty.io.ManagedSelector$$Lambda$424/0x00000001403801f8@3e3a5979 in QueuedThreadPool[Jetty (JenkinsRule)]@6c22e244{STARTED,8<=10<=200,i=8,r=-1,q=0}[ReservedThreadExecutor@7026126f{reserved=0/16,pending=0}]
18:14:51.366 [Executing testUserWithFolderLevelPermission(org.conjur.jenkins.credentials.ConjurCredentialStoreTest)] DEBUG org.eclipse.jetty.util.component.AbstractLifeCycle -- stopping EatWhatYouKill@2d53cd8a/SelectorProducer@5f60a762/IDLE/p=false/QueuedThreadPool[Jetty (JenkinsRule)]@6c22e244{STARTED,8<=10<=200,i=8,r=-1,q=0}[ReservedThreadExecutor@7026126f{reserved=0/16,pending=0}][pc=0,pic=0,pec=0,epc=0]@2024-10-22T18:14:51.366561+05:30
18:14:51.366 [Executing testUserWithFolderLevelPermission(org.conjur.jenkins.credentials.ConjurCredentialStoreTest)] DEBUG org.eclipse.jetty.util.component.AbstractLifeCycle -- STOPPED EatWhatYouKill@2d53cd8a/SelectorProducer@5f60a762/IDLE/p=false/QueuedThreadPool[Jetty (JenkinsRule)]@6c22e244{STARTED,8<=10<=200,i=9,r=-1,q=0}[ReservedThreadExecutor@7026126f{reserved=0/16,pending=0}][pc=0,pic=0,pec=0,epc=0]@2024-10-22T18:14:51.366607+05:30
18:14:51.366 [Executing testUserWithFolderLevelPermission(org.conjur.jenkins.credentials.ConjurCredentialStoreTest)] DEBUG org.eclipse.jetty.util.component.AbstractLifeCycle -- STOPPED ManagedSelector@79868706{STOPPED} id=1 keys=-1 selected=-1 updates=0
18:14:51.366 [Executing testUserWithFolderLevelPermission(org.conjur.jenkins.credentials.ConjurCredentialStoreTest)] DEBUG org.eclipse.jetty.util.component.AbstractLifeCycle -- stopping ManagedSelector@4a43406e{STARTED} id=0 keys=0 selected=0 updates=0
18:14:51.366 [Executing testUserWithFolderLevelPermission(org.conjur.jenkins.credentials.ConjurCredentialStoreTest)] DEBUG org.eclipse.jetty.io.ManagedSelector -- Queued change lazy=false org.eclipse.jetty.io.ManagedSelector$CloseConnections@1b999a06 on ManagedSelector@4a43406e{STOPPING} id=0 keys=0 selected=0 updates=0
18:14:51.366 [Executing testUserWithFolderLevelPermission(org.conjur.jenkins.credentials.ConjurCredentialStoreTest)] DEBUG org.eclipse.jetty.io.ManagedSelector -- Wakeup on submit ManagedSelector@4a43406e{STOPPING} id=0 keys=0 selected=0 updates=1
18:14:51.366 [Jetty (JenkinsRule)-359] DEBUG org.eclipse.jetty.io.ManagedSelector -- Selector sun.nio.ch.KQueueSelectorImpl@47bb73b6 woken with none selected
18:14:51.366 [Jetty (JenkinsRule)-359] DEBUG org.eclipse.jetty.io.ManagedSelector -- Selector sun.nio.ch.KQueueSelectorImpl@47bb73b6 woken up from select, 0/0/0 selected
18:14:51.366 [Jetty (JenkinsRule)-359] DEBUG org.eclipse.jetty.io.ManagedSelector -- Selector sun.nio.ch.KQueueSelectorImpl@47bb73b6 processing 0 keys, 1 updates
18:14:51.366 [Jetty (JenkinsRule)-359] DEBUG org.eclipse.jetty.io.ManagedSelector -- updateable 1
18:14:51.366 [Jetty (JenkinsRule)-359] DEBUG org.eclipse.jetty.io.ManagedSelector -- update org.eclipse.jetty.io.ManagedSelector$CloseConnections@1b999a06
18:14:51.366 [Jetty (JenkinsRule)-359] DEBUG org.eclipse.jetty.io.ManagedSelector -- Closing 0 connections on ManagedSelector@4a43406e{STOPPING} id=0 keys=0 selected=0 updates=0
18:14:51.366 [Jetty (JenkinsRule)-359] DEBUG org.eclipse.jetty.io.ManagedSelector -- updates 0
18:14:51.366 [Jetty (JenkinsRule)-359] DEBUG org.eclipse.jetty.io.ManagedSelector -- Selector sun.nio.ch.KQueueSelectorImpl@47bb73b6 waiting with 0 keys
18:14:51.366 [Executing testUserWithFolderLevelPermission(org.conjur.jenkins.credentials.ConjurCredentialStoreTest)] DEBUG org.eclipse.jetty.io.ManagedSelector -- Queued change lazy=false org.eclipse.jetty.io.ManagedSelector$StopSelector@3cb1c0bc on ManagedSelector@4a43406e{STOPPING} id=0 keys=0 selected=0 updates=0
18:14:51.366 [Executing testUserWithFolderLevelPermission(org.conjur.jenkins.credentials.ConjurCredentialStoreTest)] DEBUG org.eclipse.jetty.io.ManagedSelector -- Wakeup on submit ManagedSelector@4a43406e{STOPPING} id=0 keys=0 selected=0 updates=1
18:14:51.366 [Jetty (JenkinsRule)-359] DEBUG org.eclipse.jetty.io.ManagedSelector -- Selector sun.nio.ch.KQueueSelectorImpl@47bb73b6 woken with none selected
18:14:51.366 [Jetty (JenkinsRule)-359] DEBUG org.eclipse.jetty.io.ManagedSelector -- Selector sun.nio.ch.KQueueSelectorImpl@47bb73b6 woken up from select, 0/0/0 selected
18:14:51.366 [Jetty (JenkinsRule)-359] DEBUG org.eclipse.jetty.io.ManagedSelector -- Selector sun.nio.ch.KQueueSelectorImpl@47bb73b6 processing 0 keys, 1 updates
18:14:51.366 [Jetty (JenkinsRule)-359] DEBUG org.eclipse.jetty.io.ManagedSelector -- updateable 1
18:14:51.366 [Jetty (JenkinsRule)-359] DEBUG org.eclipse.jetty.io.ManagedSelector -- update org.eclipse.jetty.io.ManagedSelector$StopSelector@3cb1c0bc
18:14:51.366 [Jetty (JenkinsRule)-359] DEBUG org.eclipse.jetty.io.ManagedSelector -- updates 0
18:14:51.366 [Jetty (JenkinsRule)-359] DEBUG org.eclipse.jetty.util.thread.QueuedThreadPool -- ran org.eclipse.jetty.io.ManagedSelector$$Lambda$424/0x00000001403801f8@4291ac14 in QueuedThreadPool[Jetty (JenkinsRule)]@6c22e244{STARTED,8<=10<=200,i=9,r=-1,q=0}[ReservedThreadExecutor@7026126f{reserved=0/16,pending=0}]
18:14:51.367 [Executing testUserWithFolderLevelPermission(org.conjur.jenkins.credentials.ConjurCredentialStoreTest)] DEBUG org.eclipse.jetty.util.component.AbstractLifeCycle -- stopping EatWhatYouKill@44b6ceec/SelectorProducer@7ddb6373/IDLE/p=false/QueuedThreadPool[Jetty (JenkinsRule)]@6c22e244{STARTED,8<=10<=200,i=9,r=-1,q=0}[ReservedThreadExecutor@7026126f{reserved=0/16,pending=0}][pc=0,pic=0,pec=0,epc=0]@2024-10-22T18:14:51.366994+05:30
18:14:51.367 [Executing testUserWithFolderLevelPermission(org.conjur.jenkins.credentials.ConjurCredentialStoreTest)] DEBUG org.eclipse.jetty.util.component.AbstractLifeCycle -- STOPPED EatWhatYouKill@44b6ceec/SelectorProducer@7ddb6373/IDLE/p=false/QueuedThreadPool[Jetty (JenkinsRule)]@6c22e244{STARTED,8<=10<=200,i=10,r=-1,q=0}[ReservedThreadExecutor@7026126f{reserved=0/16,pending=0}][pc=0,pic=0,pec=0,epc=0]@2024-10-22T18:14:51.367057+05:30
18:14:51.367 [Executing testUserWithFolderLevelPermission(org.conjur.jenkins.credentials.ConjurCredentialStoreTest)] DEBUG org.eclipse.jetty.util.component.AbstractLifeCycle -- STOPPED ManagedSelector@4a43406e{STOPPED} id=0 keys=-1 selected=-1 updates=0
18:14:51.367 [Executing testUserWithFolderLevelPermission(org.conjur.jenkins.credentials.ConjurCredentialStoreTest)] DEBUG org.eclipse.jetty.util.component.AbstractLifeCycle -- STOPPED SelectorManager@ServerConnector@4b95027{HTTP/1.1, (http/1.1)}{localhost:0}
18:14:51.367 [Executing testUserWithFolderLevelPermission(org.conjur.jenkins.credentials.ConjurCredentialStoreTest)] DEBUG org.eclipse.jetty.util.component.AbstractLifeCycle -- stopping HttpConnectionFactory@5ce0416a[HTTP/1.1]
18:14:51.367 [Executing testUserWithFolderLevelPermission(org.conjur.jenkins.credentials.ConjurCredentialStoreTest)] DEBUG org.eclipse.jetty.util.component.AbstractLifeCycle -- STOPPED HttpConnectionFactory@5ce0416a[HTTP/1.1]
18:14:51.367 [Executing testUserWithFolderLevelPermission(org.conjur.jenkins.credentials.ConjurCredentialStoreTest)] DEBUG org.eclipse.jetty.util.component.AbstractLifeCycle -- stopping ScheduledExecutorScheduler@31a1ab96{STARTED}
18:14:51.367 [Executing testUserWithFolderLevelPermission(org.conjur.jenkins.credentials.ConjurCredentialStoreTest)] DEBUG org.eclipse.jetty.util.component.AbstractLifeCycle -- STOPPED ScheduledExecutorScheduler@31a1ab96{STOPPED}
18:14:51.367 [Executing testUserWithFolderLevelPermission(org.conjur.jenkins.credentials.ConjurCredentialStoreTest)] INFO org.eclipse.jetty.server.AbstractConnector -- Stopped ServerConnector@4b95027{HTTP/1.1, (http/1.1)}{localhost:0}
18:14:51.367 [Executing testUserWithFolderLevelPermission(org.conjur.jenkins.credentials.ConjurCredentialStoreTest)] DEBUG org.eclipse.jetty.util.component.AbstractLifeCycle -- STOPPED ServerConnector@4b95027{HTTP/1.1, (http/1.1)}{localhost:0}
18:14:51.367 [Executing testUserWithFolderLevelPermission(org.conjur.jenkins.credentials.ConjurCredentialStoreTest)] DEBUG org.eclipse.jetty.server.handler.AbstractHandler -- stopping Server@2d1fe87f{STOPPING}[9.4.48.v20220622]
18:14:51.367 [Executing testUserWithFolderLevelPermission(org.conjur.jenkins.credentials.ConjurCredentialStoreTest)] DEBUG org.eclipse.jetty.util.component.AbstractLifeCycle -- stopping DefaultSessionIdManager@62b29454{STARTED}[worker=node0]
18:14:51.367 [Executing testUserWithFolderLevelPermission(org.conjur.jenkins.credentials.ConjurCredentialStoreTest)] DEBUG org.eclipse.jetty.util.component.AbstractLifeCycle -- stopping HouseKeeper@53c0011d{STARTED}[interval=600000, ownscheduler=true]
18:14:51.367 [Executing testUserWithFolderLevelPermission(org.conjur.jenkins.credentials.ConjurCredentialStoreTest)] INFO org.eclipse.jetty.server.session -- node0 Stopped scavenging
18:14:51.367 [Executing testUserWithFolderLevelPermission(org.conjur.jenkins.credentials.ConjurCredentialStoreTest)] DEBUG org.eclipse.jetty.util.component.AbstractLifeCycle -- stopping ScheduledExecutorScheduler@3b5424c1{STARTED}
18:14:51.367 [Executing testUserWithFolderLevelPermission(org.conjur.jenkins.credentials.ConjurCredentialStoreTest)] DEBUG org.eclipse.jetty.util.component.AbstractLifeCycle -- STOPPED ScheduledExecutorScheduler@3b5424c1{STOPPED}
18:14:51.367 [Executing testUserWithFolderLevelPermission(org.conjur.jenkins.credentials.ConjurCredentialStoreTest)] DEBUG org.eclipse.jetty.util.component.AbstractLifeCycle -- STOPPED HouseKeeper@53c0011d{STOPPED}[interval=600000, ownscheduler=false]
18:14:51.367 [Executing testUserWithFolderLevelPermission(org.conjur.jenkins.credentials.ConjurCredentialStoreTest)] DEBUG org.eclipse.jetty.util.component.AbstractLifeCycle -- STOPPED DefaultSessionIdManager@62b29454{STOPPED}[worker=node0]
18:14:51.367 [Executing testUserWithFolderLevelPermission(org.conjur.jenkins.credentials.ConjurCredentialStoreTest)] DEBUG org.eclipse.jetty.util.component.AbstractLifeCycle -- stopping ErrorHandler@3ed045fa{STARTED}
18:14:51.367 [Executing testUserWithFolderLevelPermission(org.conjur.jenkins.credentials.ConjurCredentialStoreTest)] DEBUG org.eclipse.jetty.server.handler.AbstractHandler -- stopping ErrorHandler@3ed045fa{STOPPING}
18:14:51.367 [Executing testUserWithFolderLevelPermission(org.conjur.jenkins.credentials.ConjurCredentialStoreTest)] DEBUG org.eclipse.jetty.util.component.AbstractLifeCycle -- STOPPED ErrorHandler@3ed045fa{STOPPED}
18:14:51.367 [Executing testUserWithFolderLevelPermission(org.conjur.jenkins.credentials.ConjurCredentialStoreTest)] DEBUG org.eclipse.jetty.util.component.AbstractLifeCycle -- stopping o.e.j.w.WebAppContext@6733cbe4{Jenkins v2.346.3,/jenkins,file:///Users/sameer.shaik/MyWorkSpace/17OctV2.2.3-New-BitBucketIssueFixed/conjur-credentials-plugin/target/jenkins-for-test/,SHUTDOWN}{/Users/sameer.shaik/MyWorkSpace/17OctV2.2.3-New-BitBucketIssueFixed/conjur-credentials-plugin/target/jenkins-for-test}
18:14:51.367 [Executing testUserWithFolderLevelPermission(org.conjur.jenkins.credentials.ConjurCredentialStoreTest)] DEBUG org.eclipse.jetty.server.handler.AbstractHandlerContainer -- Graceful shutdown o.e.j.w.WebAppContext@6733cbe4{Jenkins v2.346.3,/jenkins,file:///Users/sameer.shaik/MyWorkSpace/17OctV2.2.3-New-BitBucketIssueFixed/conjur-credentials-plugin/target/jenkins-for-test/,SHUTDOWN}{/Users/sameer.shaik/MyWorkSpace/17OctV2.2.3-New-BitBucketIssueFixed/conjur-credentials-plugin/target/jenkins-for-test} by 
18:14:51.367 [Executing testUserWithFolderLevelPermission(org.conjur.jenkins.credentials.ConjurCredentialStoreTest)] DEBUG org.eclipse.jetty.server.handler.AbstractHandler -- stopping o.e.j.w.WebAppContext@6733cbe4{Jenkins v2.346.3,/jenkins,file:///Users/sameer.shaik/MyWorkSpace/17OctV2.2.3-New-BitBucketIssueFixed/conjur-credentials-plugin/target/jenkins-for-test/,STOPPED}{/Users/sameer.shaik/MyWorkSpace/17OctV2.2.3-New-BitBucketIssueFixed/conjur-credentials-plugin/target/jenkins-for-test}
18:14:51.367 [Executing testUserWithFolderLevelPermission(org.conjur.jenkins.credentials.ConjurCredentialStoreTest)] DEBUG org.eclipse.jetty.util.component.AbstractLifeCycle -- stopping NoListenerConfiguration@518f8f5e{STARTED}
18:14:51.367 [Executing testUserWithFolderLevelPermission(org.conjur.jenkins.credentials.ConjurCredentialStoreTest)] DEBUG org.eclipse.jetty.util.component.AbstractLifeCycle -- STOPPED NoListenerConfiguration@518f8f5e{STOPPED}
18:14:51.367 [Executing testUserWithFolderLevelPermission(org.conjur.jenkins.credentials.ConjurCredentialStoreTest)] DEBUG org.eclipse.jetty.util.component.AbstractLifeCycle -- stopping ErrorPageErrorHandler@497e2eb9{STARTED}
18:14:51.367 [Executing testUserWithFolderLevelPermission(org.conjur.jenkins.credentials.ConjurCredentialStoreTest)] DEBUG org.eclipse.jetty.server.handler.AbstractHandler -- stopping ErrorPageErrorHandler@497e2eb9{STOPPING}
18:14:51.367 [Executing testUserWithFolderLevelPermission(org.conjur.jenkins.credentials.ConjurCredentialStoreTest)] DEBUG org.eclipse.jetty.util.component.AbstractLifeCycle -- STOPPED ErrorPageErrorHandler@497e2eb9{STOPPED}
18:14:51.367 [Executing testUserWithFolderLevelPermission(org.conjur.jenkins.credentials.ConjurCredentialStoreTest)] DEBUG org.eclipse.jetty.util.component.AbstractLifeCycle -- stopping org.eclipse.jetty.server.session.SessionHandler1294997296==dftMaxIdleSec=1800
18:14:51.367 [Executing testUserWithFolderLevelPermission(org.conjur.jenkins.credentials.ConjurCredentialStoreTest)] DEBUG org.eclipse.jetty.server.session -- Shutdown sessions, invalidating = false
18:14:51.367 [Executing testUserWithFolderLevelPermission(org.conjur.jenkins.credentials.ConjurCredentialStoreTest)] DEBUG org.eclipse.jetty.util.component.AbstractLifeCycle -- stopping org.eclipse.jetty.server.session.DefaultSessionCache@7723ebf7[evict=-1,removeUnloadable=false,saveOnCreate=false,saveOnInactiveEvict=false]
18:14:51.367 [Executing testUserWithFolderLevelPermission(org.conjur.jenkins.credentials.ConjurCredentialStoreTest)] DEBUG org.eclipse.jetty.util.component.AbstractLifeCycle -- stopping org.eclipse.jetty.server.session.NullSessionDataStore@688ea396[passivating=false,graceSec=3600]
18:14:51.367 [Executing testUserWithFolderLevelPermission(org.conjur.jenkins.credentials.ConjurCredentialStoreTest)] DEBUG org.eclipse.jetty.util.component.AbstractLifeCycle -- STOPPED org.eclipse.jetty.server.session.NullSessionDataStore@688ea396[passivating=false,graceSec=3600]
18:14:51.367 [Executing testUserWithFolderLevelPermission(org.conjur.jenkins.credentials.ConjurCredentialStoreTest)] DEBUG org.eclipse.jetty.util.component.AbstractLifeCycle -- STOPPED org.eclipse.jetty.server.session.DefaultSessionCache@7723ebf7[evict=-1,removeUnloadable=false,saveOnCreate=false,saveOnInactiveEvict=false]
18:14:51.367 [Executing testUserWithFolderLevelPermission(org.conjur.jenkins.credentials.ConjurCredentialStoreTest)] DEBUG org.eclipse.jetty.util.component.AbstractLifeCycle -- stopping ScheduledExecutorScheduler@503d8295{STARTED}
18:14:51.367 [Executing testUserWithFolderLevelPermission(org.conjur.jenkins.credentials.ConjurCredentialStoreTest)] DEBUG org.eclipse.jetty.util.component.AbstractLifeCycle -- STOPPED ScheduledExecutorScheduler@503d8295{STOPPED}
18:14:51.367 [Executing testUserWithFolderLevelPermission(org.conjur.jenkins.credentials.ConjurCredentialStoreTest)] DEBUG org.eclipse.jetty.server.handler.AbstractHandler -- stopping org.eclipse.jetty.server.session.SessionHandler1294997296==dftMaxIdleSec=1800
18:14:51.367 [Executing testUserWithFolderLevelPermission(org.conjur.jenkins.credentials.ConjurCredentialStoreTest)] DEBUG org.eclipse.jetty.util.component.AbstractLifeCycle -- stopping ConstraintSecurityHandler@34259999{STARTED}
18:14:51.367 [Executing testUserWithFolderLevelPermission(org.conjur.jenkins.credentials.ConjurCredentialStoreTest)] DEBUG org.eclipse.jetty.server.handler.AbstractHandler -- stopping ConstraintSecurityHandler@34259999{STOPPING}
18:14:51.368 [Executing testUserWithFolderLevelPermission(org.conjur.jenkins.credentials.ConjurCredentialStoreTest)] DEBUG org.eclipse.jetty.util.component.AbstractLifeCycle -- stopping HashLoginService@5a5c635d[default]
18:14:51.368 [Executing testUserWithFolderLevelPermission(org.conjur.jenkins.credentials.ConjurCredentialStoreTest)] DEBUG org.eclipse.jetty.util.component.AbstractLifeCycle -- stopping UserStore@3704d2ce{STARTED}
18:14:51.368 [Executing testUserWithFolderLevelPermission(org.conjur.jenkins.credentials.ConjurCredentialStoreTest)] DEBUG org.eclipse.jetty.util.component.AbstractLifeCycle -- STOPPED UserStore@3704d2ce{STOPPED}
18:14:51.368 [Executing testUserWithFolderLevelPermission(org.conjur.jenkins.credentials.ConjurCredentialStoreTest)] DEBUG org.eclipse.jetty.util.component.AbstractLifeCycle -- STOPPED HashLoginService@5a5c635d[default]
18:14:51.368 [Executing testUserWithFolderLevelPermission(org.conjur.jenkins.credentials.ConjurCredentialStoreTest)] DEBUG org.eclipse.jetty.util.component.AbstractLifeCycle -- stopping ServletHandler@43a3099{STARTED}
18:14:51.368 [Executing testUserWithFolderLevelPermission(org.conjur.jenkins.credentials.ConjurCredentialStoreTest)] DEBUG org.eclipse.jetty.server.handler.AbstractHandler -- stopping ServletHandler@43a3099{STOPPING}
18:14:51.368 [Executing testUserWithFolderLevelPermission(org.conjur.jenkins.credentials.ConjurCredentialStoreTest)] DEBUG org.eclipse.jetty.util.component.AbstractLifeCycle -- stopping plugins-filter==hudson.util.PluginServletFilter@d90f4df{inst=true,async=true,src=DESCRIPTOR:file:///Users/sameer.shaik/MyWorkSpace/17OctV2.2.3-New-BitBucketIssueFixed/conjur-credentials-plugin/target/jenkins-for-test/WEB-INF/web.xml}
18:14:51.368 [Executing testUserWithFolderLevelPermission(org.conjur.jenkins.credentials.ConjurCredentialStoreTest)] DEBUG org.eclipse.jetty.util.component.AbstractLifeCycle -- STOPPED plugins-filter==hudson.util.PluginServletFilter@d90f4df{inst=false,async=true,src=DESCRIPTOR:file:///Users/sameer.shaik/MyWorkSpace/17OctV2.2.3-New-BitBucketIssueFixed/conjur-credentials-plugin/target/jenkins-for-test/WEB-INF/web.xml}
18:14:51.368 [Executing testUserWithFolderLevelPermission(org.conjur.jenkins.credentials.ConjurCredentialStoreTest)] DEBUG org.eclipse.jetty.util.component.AbstractLifeCycle -- stopping csrf-filter==hudson.security.csrf.CrumbFilter@34556ce1{inst=true,async=true,src=DESCRIPTOR:file:///Users/sameer.shaik/MyWorkSpace/17OctV2.2.3-New-BitBucketIssueFixed/conjur-credentials-plugin/target/jenkins-for-test/WEB-INF/web.xml}
18:14:51.368 [Executing testUserWithFolderLevelPermission(org.conjur.jenkins.credentials.ConjurCredentialStoreTest)] DEBUG org.eclipse.jetty.util.component.AbstractLifeCycle -- STOPPED csrf-filter==hudson.security.csrf.CrumbFilter@34556ce1{inst=false,async=true,src=DESCRIPTOR:file:///Users/sameer.shaik/MyWorkSpace/17OctV2.2.3-New-BitBucketIssueFixed/conjur-credentials-plugin/target/jenkins-for-test/WEB-INF/web.xml}
18:14:51.368 [Executing testUserWithFolderLevelPermission(org.conjur.jenkins.credentials.ConjurCredentialStoreTest)] DEBUG org.eclipse.jetty.util.component.AbstractLifeCycle -- stopping authentication-filter==hudson.security.HudsonFilter@4a747d7d{inst=true,async=true,src=DESCRIPTOR:file:///Users/sameer.shaik/MyWorkSpace/17OctV2.2.3-New-BitBucketIssueFixed/conjur-credentials-plugin/target/jenkins-for-test/WEB-INF/web.xml}
18:14:51.368 [Executing testUserWithFolderLevelPermission(org.conjur.jenkins.credentials.ConjurCredentialStoreTest)] DEBUG org.eclipse.jetty.util.component.AbstractLifeCycle -- STOPPED authentication-filter==hudson.security.HudsonFilter@4a747d7d{inst=false,async=true,src=DESCRIPTOR:file:///Users/sameer.shaik/MyWorkSpace/17OctV2.2.3-New-BitBucketIssueFixed/conjur-credentials-plugin/target/jenkins-for-test/WEB-INF/web.xml}
18:14:51.368 [Executing testUserWithFolderLevelPermission(org.conjur.jenkins.credentials.ConjurCredentialStoreTest)] DEBUG org.eclipse.jetty.util.component.AbstractLifeCycle -- stopping compression-filter==org.kohsuke.stapler.compression.CompressionFilter@5b1909e9{inst=true,async=true,src=DESCRIPTOR:file:///Users/sameer.shaik/MyWorkSpace/17OctV2.2.3-New-BitBucketIssueFixed/conjur-credentials-plugin/target/jenkins-for-test/WEB-INF/web.xml}
18:14:51.368 [Executing testUserWithFolderLevelPermission(org.conjur.jenkins.credentials.ConjurCredentialStoreTest)] DEBUG org.eclipse.jetty.util.component.AbstractLifeCycle -- STOPPED compression-filter==org.kohsuke.stapler.compression.CompressionFilter@5b1909e9{inst=false,async=true,src=DESCRIPTOR:file:///Users/sameer.shaik/MyWorkSpace/17OctV2.2.3-New-BitBucketIssueFixed/conjur-credentials-plugin/target/jenkins-for-test/WEB-INF/web.xml}
18:14:51.368 [Executing testUserWithFolderLevelPermission(org.conjur.jenkins.credentials.ConjurCredentialStoreTest)] DEBUG org.eclipse.jetty.util.component.AbstractLifeCycle -- stopping encoding-filter==hudson.util.CharacterEncodingFilter@4bee5256{inst=true,async=true,src=DESCRIPTOR:file:///Users/sameer.shaik/MyWorkSpace/17OctV2.2.3-New-BitBucketIssueFixed/conjur-credentials-plugin/target/jenkins-for-test/WEB-INF/web.xml}
18:14:51.368 [Executing testUserWithFolderLevelPermission(org.conjur.jenkins.credentials.ConjurCredentialStoreTest)] DEBUG org.eclipse.jetty.util.component.AbstractLifeCycle -- STOPPED encoding-filter==hudson.util.CharacterEncodingFilter@4bee5256{inst=false,async=true,src=DESCRIPTOR:file:///Users/sameer.shaik/MyWorkSpace/17OctV2.2.3-New-BitBucketIssueFixed/conjur-credentials-plugin/target/jenkins-for-test/WEB-INF/web.xml}
18:14:51.368 [Executing testUserWithFolderLevelPermission(org.conjur.jenkins.credentials.ConjurCredentialStoreTest)] DEBUG org.eclipse.jetty.util.component.AbstractLifeCycle -- stopping diagnostic-name-filter==org.kohsuke.stapler.DiagnosticThreadNameFilter@4127ff05{inst=true,async=true,src=DESCRIPTOR:file:///Users/sameer.shaik/MyWorkSpace/17OctV2.2.3-New-BitBucketIssueFixed/conjur-credentials-plugin/target/jenkins-for-test/WEB-INF/web.xml}
18:14:51.368 [Executing testUserWithFolderLevelPermission(org.conjur.jenkins.credentials.ConjurCredentialStoreTest)] DEBUG org.eclipse.jetty.util.component.AbstractLifeCycle -- STOPPED diagnostic-name-filter==org.kohsuke.stapler.DiagnosticThreadNameFilter@4127ff05{inst=false,async=true,src=DESCRIPTOR:file:///Users/sameer.shaik/MyWorkSpace/17OctV2.2.3-New-BitBucketIssueFixed/conjur-credentials-plugin/target/jenkins-for-test/WEB-INF/web.xml}
18:14:51.368 [Executing testUserWithFolderLevelPermission(org.conjur.jenkins.credentials.ConjurCredentialStoreTest)] DEBUG org.eclipse.jetty.util.component.AbstractLifeCycle -- stopping suspicious-request-filter==jenkins.security.SuspiciousRequestFilter@8e333e4{inst=true,async=true,src=DESCRIPTOR:file:///Users/sameer.shaik/MyWorkSpace/17OctV2.2.3-New-BitBucketIssueFixed/conjur-credentials-plugin/target/jenkins-for-test/WEB-INF/web.xml}
18:14:51.368 [Executing testUserWithFolderLevelPermission(org.conjur.jenkins.credentials.ConjurCredentialStoreTest)] DEBUG org.eclipse.jetty.util.component.AbstractLifeCycle -- STOPPED suspicious-request-filter==jenkins.security.SuspiciousRequestFilter@8e333e4{inst=false,async=true,src=DESCRIPTOR:file:///Users/sameer.shaik/MyWorkSpace/17OctV2.2.3-New-BitBucketIssueFixed/conjur-credentials-plugin/target/jenkins-for-test/WEB-INF/web.xml}
18:14:51.368 [Executing testUserWithFolderLevelPermission(org.conjur.jenkins.credentials.ConjurCredentialStoreTest)] DEBUG org.eclipse.jetty.util.component.AbstractLifeCycle -- stopping Stapler==org.kohsuke.stapler.Stapler@f222d1a9{jsp=null,order=-1,inst=false,async=true,src=DESCRIPTOR:file:///Users/sameer.shaik/MyWorkSpace/17OctV2.2.3-New-BitBucketIssueFixed/conjur-credentials-plugin/target/jenkins-for-test/WEB-INF/web.xml,STARTED}
18:14:51.368 [Executing testUserWithFolderLevelPermission(org.conjur.jenkins.credentials.ConjurCredentialStoreTest)] DEBUG org.eclipse.jetty.util.component.AbstractLifeCycle -- STOPPED Stapler==org.kohsuke.stapler.Stapler@f222d1a9{jsp=null,order=-1,inst=false,async=true,src=DESCRIPTOR:file:///Users/sameer.shaik/MyWorkSpace/17OctV2.2.3-New-BitBucketIssueFixed/conjur-credentials-plugin/target/jenkins-for-test/WEB-INF/web.xml,STOPPED}
18:14:51.368 [Executing testUserWithFolderLevelPermission(org.conjur.jenkins.credentials.ConjurCredentialStoreTest)] DEBUG org.eclipse.jetty.util.component.AbstractLifeCycle -- stopping jsp==org.eclipse.jetty.servlet.NoJspServlet@19c47{jsp=null,order=0,inst=true,async=false,src=DESCRIPTOR:jar:file:/Users/sameer.shaik/.m2/repository/org/eclipse/jetty/jetty-webapp/9.4.48.v20220622/jetty-webapp-9.4.48.v20220622.jar!/org/eclipse/jetty/webapp/webdefault.xml,STARTED}
18:14:51.368 [Executing testUserWithFolderLevelPermission(org.conjur.jenkins.credentials.ConjurCredentialStoreTest)] DEBUG org.eclipse.jetty.util.component.AbstractLifeCycle -- STOPPED jsp==org.eclipse.jetty.servlet.NoJspServlet@19c47{jsp=null,order=0,inst=false,async=false,src=DESCRIPTOR:jar:file:/Users/sameer.shaik/.m2/repository/org/eclipse/jetty/jetty-webapp/9.4.48.v20220622/jetty-webapp-9.4.48.v20220622.jar!/org/eclipse/jetty/webapp/webdefault.xml,STOPPED}
18:14:51.368 [Executing testUserWithFolderLevelPermission(org.conjur.jenkins.credentials.ConjurCredentialStoreTest)] DEBUG org.eclipse.jetty.util.component.AbstractLifeCycle -- stopping default==org.eclipse.jetty.servlet.DefaultServlet@5c13d641{jsp=null,order=0,inst=true,async=false,src=DESCRIPTOR:jar:file:/Users/sameer.shaik/.m2/repository/org/eclipse/jetty/jetty-webapp/9.4.48.v20220622/jetty-webapp-9.4.48.v20220622.jar!/org/eclipse/jetty/webapp/webdefault.xml,STARTED}
18:14:51.368 [Executing testUserWithFolderLevelPermission(org.conjur.jenkins.credentials.ConjurCredentialStoreTest)] DEBUG org.eclipse.jetty.util.component.AbstractLifeCycle -- STOPPED default==org.eclipse.jetty.servlet.DefaultServlet@5c13d641{jsp=null,order=0,inst=false,async=false,src=DESCRIPTOR:jar:file:/Users/sameer.shaik/.m2/repository/org/eclipse/jetty/jetty-webapp/9.4.48.v20220622/jetty-webapp-9.4.48.v20220622.jar!/org/eclipse/jetty/webapp/webdefault.xml,STOPPED}
18:14:51.368 [Executing testUserWithFolderLevelPermission(org.conjur.jenkins.credentials.ConjurCredentialStoreTest)] DEBUG org.eclipse.jetty.server.handler.ContextHandler -- contextDestroyed: javax.servlet.ServletContextEvent[source=ServletContext@o.e.j.w.WebAppContext@6733cbe4{Jenkins v2.346.3,/jenkins,file:///Users/sameer.shaik/MyWorkSpace/17OctV2.2.3-New-BitBucketIssueFixed/conjur-credentials-plugin/target/jenkins-for-test/,STOPPED}{/Users/sameer.shaik/MyWorkSpace/17OctV2.2.3-New-BitBucketIssueFixed/conjur-credentials-plugin/target/jenkins-for-test}]->jenkins.util.SystemProperties$Listener@68b11cf8
18:14:51.368 [Executing testUserWithFolderLevelPermission(org.conjur.jenkins.credentials.ConjurCredentialStoreTest)] DEBUG org.eclipse.jetty.server.handler.ContextHandler -- contextDestroyed: javax.servlet.ServletContextEvent[source=ServletContext@o.e.j.w.WebAppContext@6733cbe4{Jenkins v2.346.3,/jenkins,file:///Users/sameer.shaik/MyWorkSpace/17OctV2.2.3-New-BitBucketIssueFixed/conjur-credentials-plugin/target/jenkins-for-test/,STOPPED}{/Users/sameer.shaik/MyWorkSpace/17OctV2.2.3-New-BitBucketIssueFixed/conjur-credentials-plugin/target/jenkins-for-test}]->org.eclipse.jetty.servlet.listener.IntrospectorCleaner@5e6a73ca
18:14:51.368 [Executing testUserWithFolderLevelPermission(org.conjur.jenkins.credentials.ConjurCredentialStoreTest)] DEBUG org.eclipse.jetty.server.handler.ContextHandler -- contextDestroyed: javax.servlet.ServletContextEvent[source=ServletContext@o.e.j.w.WebAppContext@6733cbe4{Jenkins v2.346.3,/jenkins,file:///Users/sameer.shaik/MyWorkSpace/17OctV2.2.3-New-BitBucketIssueFixed/conjur-credentials-plugin/target/jenkins-for-test/,STOPPED}{/Users/sameer.shaik/MyWorkSpace/17OctV2.2.3-New-BitBucketIssueFixed/conjur-credentials-plugin/target/jenkins-for-test}]->org.eclipse.jetty.servlet.listener.ELContextCleaner@62ff7c2a
18:14:51.369 [Executing testUserWithFolderLevelPermission(org.conjur.jenkins.credentials.ConjurCredentialStoreTest)] DEBUG org.eclipse.jetty.util.component.AbstractLifeCycle -- stopping jenkins.JenkinsHttpSessionListener@740c9d67{src=DESCRIPTOR:file:///Users/sameer.shaik/MyWorkSpace/17OctV2.2.3-New-BitBucketIssueFixed/conjur-credentials-plugin/target/jenkins-for-test/WEB-INF/web.xml}
18:14:51.369 [Executing testUserWithFolderLevelPermission(org.conjur.jenkins.credentials.ConjurCredentialStoreTest)] DEBUG org.eclipse.jetty.util.component.AbstractLifeCycle -- STOPPED jenkins.JenkinsHttpSessionListener@740c9d67{src=DESCRIPTOR:file:///Users/sameer.shaik/MyWorkSpace/17OctV2.2.3-New-BitBucketIssueFixed/conjur-credentials-plugin/target/jenkins-for-test/WEB-INF/web.xml}
18:14:51.369 [Executing testUserWithFolderLevelPermission(org.conjur.jenkins.credentials.ConjurCredentialStoreTest)] DEBUG org.eclipse.jetty.util.component.AbstractLifeCycle -- stopping hudson.WebAppMain@11337e01{src=DESCRIPTOR:file:///Users/sameer.shaik/MyWorkSpace/17OctV2.2.3-New-BitBucketIssueFixed/conjur-credentials-plugin/target/jenkins-for-test/WEB-INF/web.xml}
18:14:51.369 [Executing testUserWithFolderLevelPermission(org.conjur.jenkins.credentials.ConjurCredentialStoreTest)] DEBUG org.eclipse.jetty.util.component.AbstractLifeCycle -- STOPPED hudson.WebAppMain@11337e01{src=DESCRIPTOR:file:///Users/sameer.shaik/MyWorkSpace/17OctV2.2.3-New-BitBucketIssueFixed/conjur-credentials-plugin/target/jenkins-for-test/WEB-INF/web.xml}
18:14:51.369 [Executing testUserWithFolderLevelPermission(org.conjur.jenkins.credentials.ConjurCredentialStoreTest)] DEBUG org.eclipse.jetty.util.component.AbstractLifeCycle -- stopping jenkins.util.SystemProperties$Listener@284c283d{src=DESCRIPTOR:file:///Users/sameer.shaik/MyWorkSpace/17OctV2.2.3-New-BitBucketIssueFixed/conjur-credentials-plugin/target/jenkins-for-test/WEB-INF/web.xml}
18:14:51.369 [Executing testUserWithFolderLevelPermission(org.conjur.jenkins.credentials.ConjurCredentialStoreTest)] DEBUG org.eclipse.jetty.util.component.AbstractLifeCycle -- STOPPED jenkins.util.SystemProperties$Listener@284c283d{src=DESCRIPTOR:file:///Users/sameer.shaik/MyWorkSpace/17OctV2.2.3-New-BitBucketIssueFixed/conjur-credentials-plugin/target/jenkins-for-test/WEB-INF/web.xml}
18:14:51.369 [Executing testUserWithFolderLevelPermission(org.conjur.jenkins.credentials.ConjurCredentialStoreTest)] DEBUG org.eclipse.jetty.util.component.AbstractLifeCycle -- stopping org.eclipse.jetty.servlet.listener.IntrospectorCleaner@294abb31{src=DESCRIPTOR:jar:file:/Users/sameer.shaik/.m2/repository/org/eclipse/jetty/jetty-webapp/9.4.48.v20220622/jetty-webapp-9.4.48.v20220622.jar!/org/eclipse/jetty/webapp/webdefault.xml}
18:14:51.369 [Executing testUserWithFolderLevelPermission(org.conjur.jenkins.credentials.ConjurCredentialStoreTest)] DEBUG org.eclipse.jetty.util.component.AbstractLifeCycle -- STOPPED org.eclipse.jetty.servlet.listener.IntrospectorCleaner@294abb31{src=DESCRIPTOR:jar:file:/Users/sameer.shaik/.m2/repository/org/eclipse/jetty/jetty-webapp/9.4.48.v20220622/jetty-webapp-9.4.48.v20220622.jar!/org/eclipse/jetty/webapp/webdefault.xml}
18:14:51.369 [Executing testUserWithFolderLevelPermission(org.conjur.jenkins.credentials.ConjurCredentialStoreTest)] DEBUG org.eclipse.jetty.util.component.AbstractLifeCycle -- stopping org.eclipse.jetty.servlet.listener.ELContextCleaner@6e41736b{src=DESCRIPTOR:jar:file:/Users/sameer.shaik/.m2/repository/org/eclipse/jetty/jetty-webapp/9.4.48.v20220622/jetty-webapp-9.4.48.v20220622.jar!/org/eclipse/jetty/webapp/webdefault.xml}
18:14:51.369 [Executing testUserWithFolderLevelPermission(org.conjur.jenkins.credentials.ConjurCredentialStoreTest)] DEBUG org.eclipse.jetty.util.component.AbstractLifeCycle -- STOPPED org.eclipse.jetty.servlet.listener.ELContextCleaner@6e41736b{src=DESCRIPTOR:jar:file:/Users/sameer.shaik/.m2/repository/org/eclipse/jetty/jetty-webapp/9.4.48.v20220622/jetty-webapp-9.4.48.v20220622.jar!/org/eclipse/jetty/webapp/webdefault.xml}
18:14:51.369 [Executing testUserWithFolderLevelPermission(org.conjur.jenkins.credentials.ConjurCredentialStoreTest)] DEBUG org.eclipse.jetty.util.component.AbstractLifeCycle -- STOPPED ServletHandler@43a3099{STOPPED}
18:14:51.369 [Executing testUserWithFolderLevelPermission(org.conjur.jenkins.credentials.ConjurCredentialStoreTest)] DEBUG org.eclipse.jetty.util.component.AbstractLifeCycle -- STOPPED ConstraintSecurityHandler@34259999{STOPPED}
18:14:51.369 [Executing testUserWithFolderLevelPermission(org.conjur.jenkins.credentials.ConjurCredentialStoreTest)] DEBUG org.eclipse.jetty.util.component.AbstractLifeCycle -- STOPPED org.eclipse.jetty.server.session.SessionHandler1294997296==dftMaxIdleSec=1800
18:14:51.369 [Executing testUserWithFolderLevelPermission(org.conjur.jenkins.credentials.ConjurCredentialStoreTest)] DEBUG org.eclipse.jetty.util.component.AbstractLifeCycle -- stopping SymlinkAllowedResourceAliasChecker@1cf82584{base=/Users/sameer.shaik/MyWorkSpace/17OctV2.2.3-New-BitBucketIssueFixed/conjur-credentials-plugin/target/jenkins-for-test,protected=[/WEB-INF, /META-INF]}
18:14:51.369 [Executing testUserWithFolderLevelPermission(org.conjur.jenkins.credentials.ConjurCredentialStoreTest)] DEBUG org.eclipse.jetty.util.component.AbstractLifeCycle -- STOPPED SymlinkAllowedResourceAliasChecker@1cf82584{base=null,protected=[/WEB-INF, /META-INF]}
18:14:51.369 [Executing testUserWithFolderLevelPermission(org.conjur.jenkins.credentials.ConjurCredentialStoreTest)] INFO org.eclipse.jetty.server.handler.ContextHandler -- Stopped o.e.j.w.WebAppContext@6733cbe4{Jenkins v2.346.3,/jenkins,file:///Users/sameer.shaik/MyWorkSpace/17OctV2.2.3-New-BitBucketIssueFixed/conjur-credentials-plugin/target/jenkins-for-test/,STOPPED}{/Users/sameer.shaik/MyWorkSpace/17OctV2.2.3-New-BitBucketIssueFixed/conjur-credentials-plugin/target/jenkins-for-test}
18:14:51.369 [Executing testUserWithFolderLevelPermission(org.conjur.jenkins.credentials.ConjurCredentialStoreTest)] DEBUG org.eclipse.jetty.util.component.AbstractLifeCycle -- STOPPED o.e.j.w.WebAppContext@6733cbe4{Jenkins v2.346.3,/jenkins,file:///Users/sameer.shaik/MyWorkSpace/17OctV2.2.3-New-BitBucketIssueFixed/conjur-credentials-plugin/target/jenkins-for-test/,STOPPED}{/Users/sameer.shaik/MyWorkSpace/17OctV2.2.3-New-BitBucketIssueFixed/conjur-credentials-plugin/target/jenkins-for-test}
18:14:51.369 [Executing testUserWithFolderLevelPermission(org.conjur.jenkins.credentials.ConjurCredentialStoreTest)] DEBUG org.eclipse.jetty.util.component.AbstractLifeCycle -- stopping QueuedThreadPool[Jetty (JenkinsRule)]@6c22e244{STARTED,8<=10<=200,i=10,r=-1,q=0}[ReservedThreadExecutor@7026126f{reserved=0/16,pending=0}]
18:14:51.369 [Executing testUserWithFolderLevelPermission(org.conjur.jenkins.credentials.ConjurCredentialStoreTest)] DEBUG org.eclipse.jetty.util.thread.QueuedThreadPool -- Stopping QueuedThreadPool[Jetty (JenkinsRule)]@6c22e244{STOPPING,8<=10<=200,i=10,r=-1,q=0}[ReservedThreadExecutor@7026126f{reserved=0/16,pending=0}]
18:14:51.369 [Executing testUserWithFolderLevelPermission(org.conjur.jenkins.credentials.ConjurCredentialStoreTest)] DEBUG org.eclipse.jetty.util.component.AbstractLifeCycle -- stopping ReservedThreadExecutor@7026126f{reserved=0/16,pending=0}
18:14:51.369 [Executing testUserWithFolderLevelPermission(org.conjur.jenkins.credentials.ConjurCredentialStoreTest)] DEBUG org.eclipse.jetty.util.component.AbstractLifeCycle -- STOPPED ReservedThreadExecutor@7026126f{reserved=-1/16,pending=0}
18:14:51.369 [Executing testUserWithFolderLevelPermission(org.conjur.jenkins.credentials.ConjurCredentialStoreTest)] DEBUG org.eclipse.jetty.util.thread.QueuedThreadPool -- Waiting for Thread[Jetty (JenkinsRule)-361,5,main] for 14999
18:14:51.369 [Jetty (JenkinsRule)-368] DEBUG org.eclipse.jetty.util.thread.QueuedThreadPool -- run org.eclipse.jetty.util.thread.QueuedThreadPool$$Lambda$384/0x00000001402dccc0@1d12c9bd in QueuedThreadPool[Jetty (JenkinsRule)]@6c22e244{STOPPING,8<=0<=200,i=10,r=-1,q=0}[NO_TRY]
18:14:51.369 [Jetty (JenkinsRule)-369] DEBUG org.eclipse.jetty.util.thread.QueuedThreadPool -- run org.eclipse.jetty.util.thread.QueuedThreadPool$$Lambda$384/0x00000001402dccc0@1d12c9bd in QueuedThreadPool[Jetty (JenkinsRule)]@6c22e244{STOPPING,8<=0<=200,i=10,r=-1,q=0}[NO_TRY]
18:14:51.369 [Jetty (JenkinsRule)-366] DEBUG org.eclipse.jetty.util.thread.QueuedThreadPool -- run org.eclipse.jetty.util.thread.QueuedThreadPool$$Lambda$384/0x00000001402dccc0@1d12c9bd in QueuedThreadPool[Jetty (JenkinsRule)]@6c22e244{STOPPING,8<=0<=200,i=10,r=-1,q=0}[NO_TRY]
18:14:51.369 [Jetty (JenkinsRule)-368] DEBUG org.eclipse.jetty.util.thread.QueuedThreadPool -- ran org.eclipse.jetty.util.thread.QueuedThreadPool$$Lambda$384/0x00000001402dccc0@1d12c9bd in QueuedThreadPool[Jetty (JenkinsRule)]@6c22e244{STOPPING,8<=0<=200,i=10,r=-1,q=0}[NO_TRY]
18:14:51.369 [Jetty (JenkinsRule)-369] DEBUG org.eclipse.jetty.util.thread.QueuedThreadPool -- ran org.eclipse.jetty.util.thread.QueuedThreadPool$$Lambda$384/0x00000001402dccc0@1d12c9bd in QueuedThreadPool[Jetty (JenkinsRule)]@6c22e244{STOPPING,8<=0<=200,i=10,r=-1,q=0}[NO_TRY]
18:14:51.369 [Jetty (JenkinsRule)-365] DEBUG org.eclipse.jetty.util.thread.QueuedThreadPool -- run org.eclipse.jetty.util.thread.QueuedThreadPool$$Lambda$384/0x00000001402dccc0@1d12c9bd in QueuedThreadPool[Jetty (JenkinsRule)]@6c22e244{STOPPING,8<=0<=200,i=10,r=-1,q=0}[NO_TRY]
18:14:51.369 [Jetty (JenkinsRule)-362] DEBUG org.eclipse.jetty.util.thread.QueuedThreadPool -- run org.eclipse.jetty.util.thread.QueuedThreadPool$$Lambda$384/0x00000001402dccc0@1d12c9bd in QueuedThreadPool[Jetty (JenkinsRule)]@6c22e244{STOPPING,8<=0<=200,i=10,r=-1,q=0}[NO_TRY]
18:14:51.369 [Jetty (JenkinsRule)-364] DEBUG org.eclipse.jetty.util.thread.QueuedThreadPool -- run org.eclipse.jetty.util.thread.QueuedThreadPool$$Lambda$384/0x00000001402dccc0@1d12c9bd in QueuedThreadPool[Jetty (JenkinsRule)]@6c22e244{STOPPING,8<=0<=200,i=10,r=-1,q=0}[NO_TRY]
18:14:51.369 [Jetty (JenkinsRule)-365] DEBUG org.eclipse.jetty.util.thread.QueuedThreadPool -- ran org.eclipse.jetty.util.thread.QueuedThreadPool$$Lambda$384/0x00000001402dccc0@1d12c9bd in QueuedThreadPool[Jetty (JenkinsRule)]@6c22e244{STOPPING,8<=0<=200,i=10,r=-1,q=0}[NO_TRY]
18:14:51.369 [Jetty (JenkinsRule)-363] DEBUG org.eclipse.jetty.util.thread.QueuedThreadPool -- run org.eclipse.jetty.util.thread.QueuedThreadPool$$Lambda$384/0x00000001402dccc0@1d12c9bd in QueuedThreadPool[Jetty (JenkinsRule)]@6c22e244{STOPPING,8<=0<=200,i=10,r=-1,q=0}[NO_TRY]
18:14:51.369 [Jetty (JenkinsRule)-362] DEBUG org.eclipse.jetty.util.thread.QueuedThreadPool -- ran org.eclipse.jetty.util.thread.QueuedThreadPool$$Lambda$384/0x00000001402dccc0@1d12c9bd in QueuedThreadPool[Jetty (JenkinsRule)]@6c22e244{STOPPING,8<=0<=200,i=10,r=-1,q=0}[NO_TRY]
18:14:51.369 [Jetty (JenkinsRule)-366] DEBUG org.eclipse.jetty.util.thread.QueuedThreadPool -- ran org.eclipse.jetty.util.thread.QueuedThreadPool$$Lambda$384/0x00000001402dccc0@1d12c9bd in QueuedThreadPool[Jetty (JenkinsRule)]@6c22e244{STOPPING,8<=0<=200,i=10,r=-1,q=0}[NO_TRY]
18:14:51.369 [Jetty (JenkinsRule)-368] DEBUG org.eclipse.jetty.util.thread.QueuedThreadPool -- Thread[Jetty (JenkinsRule)-368,5,main] exited for QueuedThreadPool[Jetty (JenkinsRule)]@6c22e244{STOPPING,8<=0<=200,i=10,r=-1,q=0}[NO_TRY]
18:14:51.369 [Jetty (JenkinsRule)-359] DEBUG org.eclipse.jetty.util.thread.QueuedThreadPool -- run org.eclipse.jetty.util.thread.QueuedThreadPool$$Lambda$384/0x00000001402dccc0@1d12c9bd in QueuedThreadPool[Jetty (JenkinsRule)]@6c22e244{STOPPING,8<=0<=200,i=10,r=-1,q=0}[NO_TRY]
18:14:51.369 [Jetty (JenkinsRule)-366] DEBUG org.eclipse.jetty.util.thread.QueuedThreadPool -- Thread[Jetty (JenkinsRule)-366,5,main] exited for QueuedThreadPool[Jetty (JenkinsRule)]@6c22e244{STOPPING,8<=0<=200,i=10,r=-1,q=0}[NO_TRY]
18:14:51.369 [Jetty (JenkinsRule)-369] DEBUG org.eclipse.jetty.util.thread.QueuedThreadPool -- Thread[Jetty (JenkinsRule)-369,5,main] exited for QueuedThreadPool[Jetty (JenkinsRule)]@6c22e244{STOPPING,8<=0<=200,i=10,r=-1,q=0}[NO_TRY]
18:14:51.369 [Jetty (JenkinsRule)-361] DEBUG org.eclipse.jetty.util.thread.QueuedThreadPool -- run org.eclipse.jetty.util.thread.QueuedThreadPool$$Lambda$384/0x00000001402dccc0@1d12c9bd in QueuedThreadPool[Jetty (JenkinsRule)]@6c22e244{STOPPING,8<=0<=200,i=10,r=-1,q=0}[NO_TRY]
18:14:51.369 [Jetty (JenkinsRule)-360] DEBUG org.eclipse.jetty.util.thread.QueuedThreadPool -- run org.eclipse.jetty.util.thread.QueuedThreadPool$$Lambda$384/0x00000001402dccc0@1d12c9bd in QueuedThreadPool[Jetty (JenkinsRule)]@6c22e244{STOPPING,8<=0<=200,i=10,r=-1,q=0}[NO_TRY]
18:14:51.369 [Jetty (JenkinsRule)-361] DEBUG org.eclipse.jetty.util.thread.QueuedThreadPool -- ran org.eclipse.jetty.util.thread.QueuedThreadPool$$Lambda$384/0x00000001402dccc0@1d12c9bd in QueuedThreadPool[Jetty (JenkinsRule)]@6c22e244{STOPPING,8<=0<=200,i=10,r=-1,q=0}[NO_TRY]
18:14:51.369 [Jetty (JenkinsRule)-365] DEBUG org.eclipse.jetty.util.thread.QueuedThreadPool -- Thread[Jetty (JenkinsRule)-365,5,main] exited for QueuedThreadPool[Jetty (JenkinsRule)]@6c22e244{STOPPING,8<=0<=200,i=10,r=-1,q=0}[NO_TRY]
18:14:51.369 [Jetty (JenkinsRule)-364] DEBUG org.eclipse.jetty.util.thread.QueuedThreadPool -- ran org.eclipse.jetty.util.thread.QueuedThreadPool$$Lambda$384/0x00000001402dccc0@1d12c9bd in QueuedThreadPool[Jetty (JenkinsRule)]@6c22e244{STOPPING,8<=0<=200,i=10,r=-1,q=0}[NO_TRY]
18:14:51.369 [Jetty (JenkinsRule)-363] DEBUG org.eclipse.jetty.util.thread.QueuedThreadPool -- ran org.eclipse.jetty.util.thread.QueuedThreadPool$$Lambda$384/0x00000001402dccc0@1d12c9bd in QueuedThreadPool[Jetty (JenkinsRule)]@6c22e244{STOPPING,8<=0<=200,i=10,r=-1,q=0}[NO_TRY]
18:14:51.369 [Jetty (JenkinsRule)-361] DEBUG org.eclipse.jetty.util.thread.QueuedThreadPool -- Thread[Jetty (JenkinsRule)-361,5,main] exited for QueuedThreadPool[Jetty (JenkinsRule)]@6c22e244{STOPPING,8<=0<=200,i=10,r=-1,q=0}[NO_TRY]
18:14:51.369 [Jetty (JenkinsRule)-362] DEBUG org.eclipse.jetty.util.thread.QueuedThreadPool -- Thread[Jetty (JenkinsRule)-362,5,main] exited for QueuedThreadPool[Jetty (JenkinsRule)]@6c22e244{STOPPING,8<=0<=200,i=10,r=-1,q=0}[NO_TRY]
18:14:51.370 [Jetty (JenkinsRule)-364] DEBUG org.eclipse.jetty.util.thread.QueuedThreadPool -- Thread[Jetty (JenkinsRule)-364,5,main] exited for QueuedThreadPool[Jetty (JenkinsRule)]@6c22e244{STOPPING,8<=0<=200,i=10,r=-1,q=0}[NO_TRY]
18:14:51.369 [Jetty (JenkinsRule)-359] DEBUG org.eclipse.jetty.util.thread.QueuedThreadPool -- ran org.eclipse.jetty.util.thread.QueuedThreadPool$$Lambda$384/0x00000001402dccc0@1d12c9bd in QueuedThreadPool[Jetty (JenkinsRule)]@6c22e244{STOPPING,8<=0<=200,i=10,r=-1,q=0}[NO_TRY]
18:14:51.369 [Jetty (JenkinsRule)-360] DEBUG org.eclipse.jetty.util.thread.QueuedThreadPool -- ran org.eclipse.jetty.util.thread.QueuedThreadPool$$Lambda$384/0x00000001402dccc0@1d12c9bd in QueuedThreadPool[Jetty (JenkinsRule)]@6c22e244{STOPPING,8<=0<=200,i=10,r=-1,q=0}[NO_TRY]
18:14:51.370 [Jetty (JenkinsRule)-359] DEBUG org.eclipse.jetty.util.thread.QueuedThreadPool -- Thread[Jetty (JenkinsRule)-359,5,main] exited for QueuedThreadPool[Jetty (JenkinsRule)]@6c22e244{STOPPING,8<=0<=200,i=10,r=-1,q=0}[NO_TRY]
18:14:51.370 [Jetty (JenkinsRule)-363] DEBUG org.eclipse.jetty.util.thread.QueuedThreadPool -- Thread[Jetty (JenkinsRule)-363,5,main] exited for QueuedThreadPool[Jetty (JenkinsRule)]@6c22e244{STOPPING,8<=0<=200,i=10,r=-1,q=0}[NO_TRY]
18:14:51.370 [Executing testUserWithFolderLevelPermission(org.conjur.jenkins.credentials.ConjurCredentialStoreTest)] DEBUG org.eclipse.jetty.util.thread.QueuedThreadPool -- Waiting for Thread[Jetty (JenkinsRule)-359,5,main] for 14999
18:14:51.370 [Jetty (JenkinsRule)-360] DEBUG org.eclipse.jetty.util.thread.QueuedThreadPool -- Thread[Jetty (JenkinsRule)-360,5,main] exited for QueuedThreadPool[Jetty (JenkinsRule)]@6c22e244{STOPPING,8<=0<=200,i=10,r=-1,q=0}[NO_TRY]
18:14:51.370 [Executing testUserWithFolderLevelPermission(org.conjur.jenkins.credentials.ConjurCredentialStoreTest)] DEBUG org.eclipse.jetty.util.thread.QueuedThreadPool -- Waiting for Thread[Jetty (JenkinsRule)-360,5,main] for 14999
18:14:51.370 [Executing testUserWithFolderLevelPermission(org.conjur.jenkins.credentials.ConjurCredentialStoreTest)] DEBUG org.eclipse.jetty.util.component.AbstractLifeCycle -- STOPPED QueuedThreadPool[Jetty (JenkinsRule)]@6c22e244{STOPPED,8<=0<=200,i=10,r=-1,q=0}[NO_TRY]
18:14:51.370 [Executing testUserWithFolderLevelPermission(org.conjur.jenkins.credentials.ConjurCredentialStoreTest)] DEBUG org.eclipse.jetty.util.component.AbstractLifeCycle -- STOPPED Server@2d1fe87f{STOPPED}[9.4.48.v20220622]
]]></system-out>
    <system-err><![CDATA[   0.023 [id=358]	INFO	o.jvnet.hudson.test.JenkinsRule#createWebServer: Running on http://localhost:51463/jenkins/
   0.092 [id=373]	INFO	jenkins.InitReactorRunner$1#onAttained: Started initialization
   0.093 [id=388]	INFO	jenkins.InitReactorRunner$1#onAttained: Listed all plugins
   0.221 [id=394]	INFO	jenkins.InitReactorRunner$1#onAttained: Prepared all plugins
   0.222 [id=376]	INFO	jenkins.InitReactorRunner$1#onAttained: Started all plugins
   0.223 [id=376]	INFO	jenkins.InitReactorRunner$1#onAttained: Augmented all extensions
   0.394 [id=388]	INFO	jenkins.InitReactorRunner$1#onAttained: System config loaded
   0.394 [id=388]	INFO	jenkins.InitReactorRunner$1#onAttained: System config adapted
   0.394 [id=388]	INFO	jenkins.InitReactorRunner$1#onAttained: Loaded all jobs
   0.395 [id=388]	INFO	jenkins.InitReactorRunner$1#onAttained: Configuration for all jobs updated
   0.418 [id=402]	INFO	jenkins.InitReactorRunner$1#onAttained: Completed initialization
   0.523 [id=358]	INFO	hudson.lifecycle.Lifecycle#onStatusUpdate: Stopping Jenkins
   0.607 [id=358]	INFO	hudson.lifecycle.Lifecycle#onStatusUpdate: Jenkins stopped
]]></system-err>
  </testcase>
  <testcase name="mockAddCredential" classname="org.conjur.jenkins.credentials.ConjurCredentialStoreTest" time="0.85">
    <system-out><![CDATA[=== Starting mockAddCredential(org.conjur.jenkins.credentials.ConjurCredentialStoreTest)
18:14:51.499 [Executing mockAddCredential(org.conjur.jenkins.credentials.ConjurCredentialStoreTest)] DEBUG org.eclipse.jetty.util.component.ContainerLifeCycle -- QueuedThreadPool[qtp1284531368]@4c9064a8{STOPPED,8<=0<=200,i=0,r=-1,q=0}[NO_TRY] added {org.eclipse.jetty.util.thread.ThreadPoolBudget@48afe9e2,POJO}
18:14:51.499 [Executing mockAddCredential(org.conjur.jenkins.credentials.ConjurCredentialStoreTest)] DEBUG org.eclipse.jetty.util.component.ContainerLifeCycle -- Server@dad6e93{STOPPED}[9.4.48.v20220622] added {QueuedThreadPool[Jetty (JenkinsRule)]@4c9064a8{STOPPED,8<=0<=200,i=0,r=-1,q=0}[NO_TRY],AUTO}
18:14:51.499 [Executing mockAddCredential(org.conjur.jenkins.credentials.ConjurCredentialStoreTest)] DEBUG org.eclipse.jetty.util.component.ContainerLifeCycle -- o.e.j.w.WebAppContext@73903ea6{/,null,STOPPED} added {SymlinkAllowedResourceAliasChecker@3ceaa158{base=null,protected=null},MANAGED}
18:14:51.499 [Executing mockAddCredential(org.conjur.jenkins.credentials.ConjurCredentialStoreTest)] DEBUG org.eclipse.jetty.util.DecoratedObjectFactory -- Adding Decorator: org.eclipse.jetty.util.DeprecationWarning@b3dafde
18:14:51.499 [Executing mockAddCredential(org.conjur.jenkins.credentials.ConjurCredentialStoreTest)] DEBUG org.eclipse.jetty.util.component.ContainerLifeCycle -- o.e.j.w.WebAppContext@73903ea6{/jenkins,null,STOPPED} added {org.eclipse.jetty.server.session.SessionHandler1837273564==dftMaxIdleSec=-1,MANAGED}
18:14:51.500 [Executing mockAddCredential(org.conjur.jenkins.credentials.ConjurCredentialStoreTest)] DEBUG org.eclipse.jetty.util.component.ContainerLifeCycle -- ConstraintSecurityHandler@1f15e7c4{STOPPED} added {org.eclipse.jetty.util.component.DumpableCollection@761c651f,POJO}
18:14:51.500 [Executing mockAddCredential(org.conjur.jenkins.credentials.ConjurCredentialStoreTest)] DEBUG org.eclipse.jetty.util.component.ContainerLifeCycle -- org.eclipse.jetty.server.session.SessionHandler1837273564==dftMaxIdleSec=-1 added {ConstraintSecurityHandler@1f15e7c4{STOPPED},MANAGED}
18:14:51.500 [Executing mockAddCredential(org.conjur.jenkins.credentials.ConjurCredentialStoreTest)] DEBUG org.eclipse.jetty.util.component.ContainerLifeCycle -- ConstraintSecurityHandler@1f15e7c4{STOPPED} added {ServletHandler@1039675d{STOPPED},MANAGED}
18:14:51.500 [Executing mockAddCredential(org.conjur.jenkins.credentials.ConjurCredentialStoreTest)] DEBUG org.eclipse.jetty.util.component.ContainerLifeCycle -- o.e.j.w.WebAppContext@73903ea6{/jenkins,null,STOPPED} added {ErrorPageErrorHandler@69cc08f7{STOPPED},MANAGED}
18:14:51.500 [Executing mockAddCredential(org.conjur.jenkins.credentials.ConjurCredentialStoreTest)] DEBUG org.eclipse.jetty.util.component.ContainerLifeCycle -- o.e.j.w.WebAppContext@73903ea6{/jenkins,null,STOPPED}{/Users/sameer.shaik/MyWorkSpace/17OctV2.2.3-New-BitBucketIssueFixed/conjur-credentials-plugin/target/jenkins-for-test} added {NoListenerConfiguration@5957e9cd{STOPPED},AUTO}
18:14:51.500 [Executing mockAddCredential(org.conjur.jenkins.credentials.ConjurCredentialStoreTest)] DEBUG org.eclipse.jetty.util.component.ContainerLifeCycle -- Server@dad6e93{STOPPED}[9.4.48.v20220622] added {o.e.j.w.WebAppContext@73903ea6{/jenkins,null,STOPPED}{/Users/sameer.shaik/MyWorkSpace/17OctV2.2.3-New-BitBucketIssueFixed/conjur-credentials-plugin/target/jenkins-for-test},MANAGED}
18:14:51.500 [Executing mockAddCredential(org.conjur.jenkins.credentials.ConjurCredentialStoreTest)] DEBUG org.eclipse.jetty.util.component.ContainerLifeCycle -- HashLoginService@4c765b65[null] added {org.eclipse.jetty.security.DefaultIdentityService@172ece39,POJO}
18:14:51.500 [Executing mockAddCredential(org.conjur.jenkins.credentials.ConjurCredentialStoreTest)] DEBUG org.eclipse.jetty.util.component.ContainerLifeCycle -- HashLoginService@4c765b65[default] added {UserStore@1eace79b{STOPPED},AUTO}
18:14:51.500 [Executing mockAddCredential(org.conjur.jenkins.credentials.ConjurCredentialStoreTest)] DEBUG org.eclipse.jetty.util.component.ContainerLifeCycle -- ConstraintSecurityHandler@1f15e7c4{STOPPED} added {HashLoginService@4c765b65[default],AUTO}
18:14:51.500 [Executing mockAddCredential(org.conjur.jenkins.credentials.ConjurCredentialStoreTest)] DEBUG org.eclipse.jetty.util.component.ContainerLifeCycle -- HttpConnectionFactory@6ee5cb35[HTTP/1.1] added {HttpConfiguration@4a2b6b1c{32768/8192,8192/8192,https://:0,[]},POJO}
18:14:51.500 [Executing mockAddCredential(org.conjur.jenkins.credentials.ConjurCredentialStoreTest)] DEBUG org.eclipse.jetty.util.component.ContainerLifeCycle -- ServerConnector@b3506f4{null, ()}{0.0.0.0:0} added {Server@dad6e93{STOPPED}[9.4.48.v20220622],UNMANAGED}
18:14:51.500 [Executing mockAddCredential(org.conjur.jenkins.credentials.ConjurCredentialStoreTest)] DEBUG org.eclipse.jetty.util.component.ContainerLifeCycle -- ServerConnector@b3506f4{null, ()}{0.0.0.0:0} added {QueuedThreadPool[Jetty (JenkinsRule)]@4c9064a8{STOPPED,8<=0<=200,i=0,r=-1,q=0}[NO_TRY],AUTO}
18:14:51.500 [Executing mockAddCredential(org.conjur.jenkins.credentials.ConjurCredentialStoreTest)] DEBUG org.eclipse.jetty.util.component.ContainerLifeCycle -- ServerConnector@b3506f4{null, ()}{0.0.0.0:0} added {ScheduledExecutorScheduler@144df97e{STOPPED},AUTO}
18:14:51.500 [Executing mockAddCredential(org.conjur.jenkins.credentials.ConjurCredentialStoreTest)] DEBUG org.eclipse.jetty.util.component.ContainerLifeCycle -- ServerConnector@b3506f4{null, ()}{0.0.0.0:0} added {ArrayByteBufferPool@543124a1{minBufferCapacity=0, maxBufferCapacity=65536, maxQueueLength=-1, factor=1024},POJO}
18:14:51.500 [Executing mockAddCredential(org.conjur.jenkins.credentials.ConjurCredentialStoreTest)] DEBUG org.eclipse.jetty.util.component.ContainerLifeCycle -- ServerConnector@b3506f4{null, (http/1.1)}{0.0.0.0:0} added {HttpConnectionFactory@6ee5cb35[HTTP/1.1],AUTO}
18:14:51.500 [Executing mockAddCredential(org.conjur.jenkins.credentials.ConjurCredentialStoreTest)] DEBUG org.eclipse.jetty.server.AbstractConnector -- ServerConnector@b3506f4{HTTP/1.1, (http/1.1)}{0.0.0.0:0} added HttpConnectionFactory@6ee5cb35[HTTP/1.1]
18:14:51.500 [Executing mockAddCredential(org.conjur.jenkins.credentials.ConjurCredentialStoreTest)] DEBUG org.eclipse.jetty.util.component.ContainerLifeCycle -- ServerConnector@b3506f4{HTTP/1.1, (http/1.1)}{0.0.0.0:0} added {SelectorManager@ServerConnector@b3506f4{HTTP/1.1, (http/1.1)}{0.0.0.0:0},MANAGED}
18:14:51.500 [Executing mockAddCredential(org.conjur.jenkins.credentials.ConjurCredentialStoreTest)] DEBUG org.eclipse.jetty.util.component.ContainerLifeCycle -- Server@dad6e93{STOPPED}[9.4.48.v20220622] added {ServerConnector@b3506f4{HTTP/1.1, (http/1.1)}{localhost:0},AUTO}
18:14:51.500 [Executing mockAddCredential(org.conjur.jenkins.credentials.ConjurCredentialStoreTest)] DEBUG org.eclipse.jetty.util.component.AbstractLifeCycle -- starting Server@dad6e93{STOPPED}[9.4.48.v20220622]
18:14:51.500 [Executing mockAddCredential(org.conjur.jenkins.credentials.ConjurCredentialStoreTest)] DEBUG org.eclipse.jetty.util.component.ContainerLifeCycle -- Server@dad6e93{STARTING}[9.4.48.v20220622] added {ErrorHandler@45d3c6b0{STOPPED},AUTO}
18:14:51.500 [Executing mockAddCredential(org.conjur.jenkins.credentials.ConjurCredentialStoreTest)] INFO org.eclipse.jetty.server.Server -- jetty-9.4.48.v20220622; built: 2022-06-21T20:42:25.880Z; git: 6b67c5719d1f4371b33655ff2d047d24e171e49a; jvm 17.0.11+9-adhoc.admin.jdk17u
18:14:51.501 [Executing mockAddCredential(org.conjur.jenkins.credentials.ConjurCredentialStoreTest)] DEBUG org.eclipse.jetty.server.handler.AbstractHandler -- starting Server@dad6e93{STARTING}[9.4.48.v20220622]
18:14:51.501 [Executing mockAddCredential(org.conjur.jenkins.credentials.ConjurCredentialStoreTest)] DEBUG org.eclipse.jetty.util.component.AbstractLifeCycle -- starting QueuedThreadPool[Jetty (JenkinsRule)]@4c9064a8{STOPPED,8<=0<=200,i=0,r=-1,q=0}[NO_TRY]
18:14:51.501 [Executing mockAddCredential(org.conjur.jenkins.credentials.ConjurCredentialStoreTest)] DEBUG org.eclipse.jetty.util.thread.ReservedThreadExecutor -- ReservedThreadExecutor@66726a58{reserved=0/16,pending=0}
18:14:51.501 [Executing mockAddCredential(org.conjur.jenkins.credentials.ConjurCredentialStoreTest)] DEBUG org.eclipse.jetty.util.component.ContainerLifeCycle -- QueuedThreadPool[Jetty (JenkinsRule)]@4c9064a8{STARTING,8<=0<=200,i=0,r=-1,q=0}[ReservedThreadExecutor@66726a58{reserved=0/16,pending=0}] added {ReservedThreadExecutor@66726a58{reserved=0/16,pending=0},AUTO}
18:14:51.501 [Executing mockAddCredential(org.conjur.jenkins.credentials.ConjurCredentialStoreTest)] DEBUG org.eclipse.jetty.util.component.AbstractLifeCycle -- starting ReservedThreadExecutor@66726a58{reserved=0/16,pending=0}
18:14:51.501 [Executing mockAddCredential(org.conjur.jenkins.credentials.ConjurCredentialStoreTest)] DEBUG org.eclipse.jetty.util.component.AbstractLifeCycle -- STARTED @18604ms ReservedThreadExecutor@66726a58{reserved=0/16,pending=0}
18:14:51.501 [Executing mockAddCredential(org.conjur.jenkins.credentials.ConjurCredentialStoreTest)] DEBUG org.eclipse.jetty.util.thread.QueuedThreadPool -- Starting Thread[Jetty (JenkinsRule)-422,5,main]
18:14:51.501 [Executing mockAddCredential(org.conjur.jenkins.credentials.ConjurCredentialStoreTest)] DEBUG org.eclipse.jetty.util.thread.QueuedThreadPool -- Starting Thread[Jetty (JenkinsRule)-423,5,main]
18:14:51.501 [Jetty (JenkinsRule)-422] DEBUG org.eclipse.jetty.util.thread.QueuedThreadPool -- Runner started for QueuedThreadPool[Jetty (JenkinsRule)]@4c9064a8{STARTING,8<=2<=200,i=2,r=-1,q=0}[ReservedThreadExecutor@66726a58{reserved=0/16,pending=0}]
18:14:51.501 [Executing mockAddCredential(org.conjur.jenkins.credentials.ConjurCredentialStoreTest)] DEBUG org.eclipse.jetty.util.thread.QueuedThreadPool -- Starting Thread[Jetty (JenkinsRule)-424,5,main]
18:14:51.501 [Jetty (JenkinsRule)-423] DEBUG org.eclipse.jetty.util.thread.QueuedThreadPool -- Runner started for QueuedThreadPool[Jetty (JenkinsRule)]@4c9064a8{STARTING,8<=3<=200,i=3,r=-1,q=0}[ReservedThreadExecutor@66726a58{reserved=0/16,pending=0}]
18:14:51.501 [Executing mockAddCredential(org.conjur.jenkins.credentials.ConjurCredentialStoreTest)] DEBUG org.eclipse.jetty.util.thread.QueuedThreadPool -- Starting Thread[Jetty (JenkinsRule)-425,5,main]
18:14:51.501 [Jetty (JenkinsRule)-424] DEBUG org.eclipse.jetty.util.thread.QueuedThreadPool -- Runner started for QueuedThreadPool[Jetty (JenkinsRule)]@4c9064a8{STARTING,8<=4<=200,i=4,r=-1,q=0}[ReservedThreadExecutor@66726a58{reserved=0/16,pending=0}]
18:14:51.501 [Executing mockAddCredential(org.conjur.jenkins.credentials.ConjurCredentialStoreTest)] DEBUG org.eclipse.jetty.util.thread.QueuedThreadPool -- Starting Thread[Jetty (JenkinsRule)-426,5,main]
18:14:51.501 [Jetty (JenkinsRule)-425] DEBUG org.eclipse.jetty.util.thread.QueuedThreadPool -- Runner started for QueuedThreadPool[Jetty (JenkinsRule)]@4c9064a8{STARTING,8<=5<=200,i=5,r=-1,q=0}[ReservedThreadExecutor@66726a58{reserved=0/16,pending=0}]
18:14:51.501 [Executing mockAddCredential(org.conjur.jenkins.credentials.ConjurCredentialStoreTest)] DEBUG org.eclipse.jetty.util.thread.QueuedThreadPool -- Starting Thread[Jetty (JenkinsRule)-427,5,main]
18:14:51.501 [Jetty (JenkinsRule)-426] DEBUG org.eclipse.jetty.util.thread.QueuedThreadPool -- Runner started for QueuedThreadPool[Jetty (JenkinsRule)]@4c9064a8{STARTING,8<=6<=200,i=6,r=-1,q=0}[ReservedThreadExecutor@66726a58{reserved=0/16,pending=0}]
18:14:51.502 [Executing mockAddCredential(org.conjur.jenkins.credentials.ConjurCredentialStoreTest)] DEBUG org.eclipse.jetty.util.thread.QueuedThreadPool -- Starting Thread[Jetty (JenkinsRule)-428,5,main]
18:14:51.502 [Jetty (JenkinsRule)-427] DEBUG org.eclipse.jetty.util.thread.QueuedThreadPool -- Runner started for QueuedThreadPool[Jetty (JenkinsRule)]@4c9064a8{STARTING,8<=7<=200,i=7,r=-1,q=0}[ReservedThreadExecutor@66726a58{reserved=0/16,pending=0}]
18:14:51.502 [Executing mockAddCredential(org.conjur.jenkins.credentials.ConjurCredentialStoreTest)] DEBUG org.eclipse.jetty.util.thread.QueuedThreadPool -- Starting Thread[Jetty (JenkinsRule)-429,5,main]
18:14:51.502 [Jetty (JenkinsRule)-428] DEBUG org.eclipse.jetty.util.thread.QueuedThreadPool -- Runner started for QueuedThreadPool[Jetty (JenkinsRule)]@4c9064a8{STARTING,8<=8<=200,i=8,r=-1,q=0}[ReservedThreadExecutor@66726a58{reserved=0/16,pending=0}]
18:14:51.502 [Executing mockAddCredential(org.conjur.jenkins.credentials.ConjurCredentialStoreTest)] DEBUG org.eclipse.jetty.util.component.AbstractLifeCycle -- STARTED @18606ms QueuedThreadPool[Jetty (JenkinsRule)]@4c9064a8{STARTED,8<=8<=200,i=8,r=-1,q=0}[ReservedThreadExecutor@66726a58{reserved=0/16,pending=0}]
18:14:51.502 [Executing mockAddCredential(org.conjur.jenkins.credentials.ConjurCredentialStoreTest)] DEBUG org.eclipse.jetty.util.component.AbstractLifeCycle -- starting o.e.j.w.WebAppContext@73903ea6{/jenkins,file:///Users/sameer.shaik/MyWorkSpace/17OctV2.2.3-New-BitBucketIssueFixed/conjur-credentials-plugin/target/jenkins-for-test/,STOPPED}{/Users/sameer.shaik/MyWorkSpace/17OctV2.2.3-New-BitBucketIssueFixed/conjur-credentials-plugin/target/jenkins-for-test}
18:14:51.502 [Jetty (JenkinsRule)-429] DEBUG org.eclipse.jetty.util.thread.QueuedThreadPool -- Runner started for QueuedThreadPool[Jetty (JenkinsRule)]@4c9064a8{STARTED,8<=8<=200,i=8,r=-1,q=0}[ReservedThreadExecutor@66726a58{reserved=0/16,pending=0}]
18:14:51.502 [Executing mockAddCredential(org.conjur.jenkins.credentials.ConjurCredentialStoreTest)] DEBUG org.eclipse.jetty.webapp.WebAppContext -- Thread Context classloader jdk.internal.loader.ClassLoaders$AppClassLoader@5ffd2b27
18:14:51.502 [Executing mockAddCredential(org.conjur.jenkins.credentials.ConjurCredentialStoreTest)] DEBUG org.eclipse.jetty.webapp.WebAppContext -- Parent class loader: jdk.internal.loader.ClassLoaders$PlatformClassLoader@6a175569 
18:14:51.502 [Executing mockAddCredential(org.conjur.jenkins.credentials.ConjurCredentialStoreTest)] DEBUG org.eclipse.jetty.webapp.WebAppContext -- preConfigure o.e.j.w.WebAppContext@73903ea6{/jenkins,file:///Users/sameer.shaik/MyWorkSpace/17OctV2.2.3-New-BitBucketIssueFixed/conjur-credentials-plugin/target/jenkins-for-test/,STOPPED}{/Users/sameer.shaik/MyWorkSpace/17OctV2.2.3-New-BitBucketIssueFixed/conjur-credentials-plugin/target/jenkins-for-test} with org.eclipse.jetty.webapp.WebXmlConfiguration@4d73a0ed
18:14:51.504 [Executing mockAddCredential(org.conjur.jenkins.credentials.ConjurCredentialStoreTest)] DEBUG org.eclipse.jetty.webapp.WebDescriptor -- jar:file:/Users/sameer.shaik/.m2/repository/org/eclipse/jetty/jetty-webapp/9.4.48.v20220622/jetty-webapp-9.4.48.v20220622.jar!/org/eclipse/jetty/webapp/webdefault.xml: Calculated metadatacomplete = False with version=3.1
18:14:51.506 [Executing mockAddCredential(org.conjur.jenkins.credentials.ConjurCredentialStoreTest)] DEBUG org.eclipse.jetty.webapp.WebDescriptor -- file:///Users/sameer.shaik/MyWorkSpace/17OctV2.2.3-New-BitBucketIssueFixed/conjur-credentials-plugin/target/jenkins-for-test/WEB-INF/web.xml: Calculated metadatacomplete = True with version=3.1
18:14:51.506 [Executing mockAddCredential(org.conjur.jenkins.credentials.ConjurCredentialStoreTest)] DEBUG org.eclipse.jetty.webapp.WebAppContext -- configure o.e.j.w.WebAppContext@73903ea6{/jenkins,file:///Users/sameer.shaik/MyWorkSpace/17OctV2.2.3-New-BitBucketIssueFixed/conjur-credentials-plugin/target/jenkins-for-test/,STARTING}{/Users/sameer.shaik/MyWorkSpace/17OctV2.2.3-New-BitBucketIssueFixed/conjur-credentials-plugin/target/jenkins-for-test} with org.eclipse.jetty.webapp.WebXmlConfiguration@4d73a0ed
18:14:51.506 [Executing mockAddCredential(org.conjur.jenkins.credentials.ConjurCredentialStoreTest)] DEBUG org.eclipse.jetty.webapp.MetaData -- metadata resolve o.e.j.w.WebAppContext@73903ea6{/jenkins,file:///Users/sameer.shaik/MyWorkSpace/17OctV2.2.3-New-BitBucketIssueFixed/conjur-credentials-plugin/target/jenkins-for-test/,STARTING}{/Users/sameer.shaik/MyWorkSpace/17OctV2.2.3-New-BitBucketIssueFixed/conjur-credentials-plugin/target/jenkins-for-test}
18:14:51.506 [Executing mockAddCredential(org.conjur.jenkins.credentials.ConjurCredentialStoreTest)] DEBUG org.eclipse.jetty.util.component.ContainerLifeCycle -- ServletHandler@1039675d{STOPPED} added {org.eclipse.jetty.servlet.listener.ELContextCleaner@2a8bf244{src=DESCRIPTOR:jar:file:/Users/sameer.shaik/.m2/repository/org/eclipse/jetty/jetty-webapp/9.4.48.v20220622/jetty-webapp-9.4.48.v20220622.jar!/org/eclipse/jetty/webapp/webdefault.xml},AUTO}
18:14:51.506 [Executing mockAddCredential(org.conjur.jenkins.credentials.ConjurCredentialStoreTest)] DEBUG org.eclipse.jetty.util.component.ContainerLifeCycle -- ServletHandler@1039675d{STOPPED} added {org.eclipse.jetty.servlet.listener.IntrospectorCleaner@7a2f4b30{src=DESCRIPTOR:jar:file:/Users/sameer.shaik/.m2/repository/org/eclipse/jetty/jetty-webapp/9.4.48.v20220622/jetty-webapp-9.4.48.v20220622.jar!/org/eclipse/jetty/webapp/webdefault.xml},AUTO}
18:14:51.507 [Executing mockAddCredential(org.conjur.jenkins.credentials.ConjurCredentialStoreTest)] DEBUG org.eclipse.jetty.webapp.StandardDescriptorProcessor -- Added mapping [/]=>default 
18:14:51.507 [Executing mockAddCredential(org.conjur.jenkins.credentials.ConjurCredentialStoreTest)] INFO org.eclipse.jetty.webapp.StandardDescriptorProcessor -- NO JSP Support for /jenkins, did not find org.eclipse.jetty.jsp.JettyJspServlet
18:14:51.507 [Executing mockAddCredential(org.conjur.jenkins.credentials.ConjurCredentialStoreTest)] DEBUG org.eclipse.jetty.webapp.StandardDescriptorProcessor -- Added mapping [*.jsp, *.jspf, *.jspx, *.xsp, *.JSP, *.JSPF, *.JSPX, *.XSP]=>jsp 
18:14:51.507 [Executing mockAddCredential(org.conjur.jenkins.credentials.ConjurCredentialStoreTest)] DEBUG org.eclipse.jetty.server.session -- SessionManager default maxInactiveInterval=1800
18:14:51.507 [Executing mockAddCredential(org.conjur.jenkins.credentials.ConjurCredentialStoreTest)] DEBUG org.eclipse.jetty.util.component.ContainerLifeCycle -- ServletHandler@1039675d{STOPPED} added {default==org.eclipse.jetty.servlet.DefaultServlet@5c13d641{jsp=null,order=0,inst=false,async=false,src=DESCRIPTOR:jar:file:/Users/sameer.shaik/.m2/repository/org/eclipse/jetty/jetty-webapp/9.4.48.v20220622/jetty-webapp-9.4.48.v20220622.jar!/org/eclipse/jetty/webapp/webdefault.xml,STOPPED},AUTO}
18:14:51.507 [Executing mockAddCredential(org.conjur.jenkins.credentials.ConjurCredentialStoreTest)] DEBUG org.eclipse.jetty.util.component.ContainerLifeCycle -- ServletHandler@1039675d{STOPPED} added {jsp==org.eclipse.jetty.servlet.NoJspServlet@19c47{jsp=null,order=0,inst=false,async=false,src=DESCRIPTOR:jar:file:/Users/sameer.shaik/.m2/repository/org/eclipse/jetty/jetty-webapp/9.4.48.v20220622/jetty-webapp-9.4.48.v20220622.jar!/org/eclipse/jetty/webapp/webdefault.xml,STOPPED},AUTO}
18:14:51.507 [Executing mockAddCredential(org.conjur.jenkins.credentials.ConjurCredentialStoreTest)] DEBUG org.eclipse.jetty.util.component.ContainerLifeCycle -- ServletHandler@1039675d{STOPPED} added {[/]=>default,POJO}
18:14:51.507 [Executing mockAddCredential(org.conjur.jenkins.credentials.ConjurCredentialStoreTest)] DEBUG org.eclipse.jetty.util.component.ContainerLifeCycle -- ServletHandler@1039675d{STOPPED} added {[*.jsp, *.jspf, *.jspx, *.xsp, *.JSP, *.JSPF, *.JSPX, *.XSP]=>jsp,POJO}
18:14:51.507 [Executing mockAddCredential(org.conjur.jenkins.credentials.ConjurCredentialStoreTest)] DEBUG org.eclipse.jetty.webapp.StandardDescriptorProcessor -- Added mapping [/*]=>Stapler 
18:14:51.507 [Executing mockAddCredential(org.conjur.jenkins.credentials.ConjurCredentialStoreTest)] DEBUG org.eclipse.jetty.util.component.ContainerLifeCycle -- ServletHandler@1039675d{STOPPED} added {jenkins.util.SystemProperties$Listener@124ab2f6{src=DESCRIPTOR:file:///Users/sameer.shaik/MyWorkSpace/17OctV2.2.3-New-BitBucketIssueFixed/conjur-credentials-plugin/target/jenkins-for-test/WEB-INF/web.xml},AUTO}
18:14:51.507 [Executing mockAddCredential(org.conjur.jenkins.credentials.ConjurCredentialStoreTest)] DEBUG org.eclipse.jetty.util.component.ContainerLifeCycle -- ServletHandler@1039675d{STOPPED} added {hudson.WebAppMain@643db1e7{src=DESCRIPTOR:file:///Users/sameer.shaik/MyWorkSpace/17OctV2.2.3-New-BitBucketIssueFixed/conjur-credentials-plugin/target/jenkins-for-test/WEB-INF/web.xml},AUTO}
18:14:51.508 [Executing mockAddCredential(org.conjur.jenkins.credentials.ConjurCredentialStoreTest)] DEBUG org.eclipse.jetty.util.component.ContainerLifeCycle -- ServletHandler@1039675d{STOPPED} added {jenkins.JenkinsHttpSessionListener@10192d8{src=DESCRIPTOR:file:///Users/sameer.shaik/MyWorkSpace/17OctV2.2.3-New-BitBucketIssueFixed/conjur-credentials-plugin/target/jenkins-for-test/WEB-INF/web.xml},AUTO}
18:14:51.508 [Executing mockAddCredential(org.conjur.jenkins.credentials.ConjurCredentialStoreTest)] DEBUG org.eclipse.jetty.util.component.ContainerLifeCycle -- ServletHandler@1039675d{STOPPED} added {suspicious-request-filter==jenkins.security.SuspiciousRequestFilter@1fad5b71{inst=false,async=true,src=DESCRIPTOR:file:///Users/sameer.shaik/MyWorkSpace/17OctV2.2.3-New-BitBucketIssueFixed/conjur-credentials-plugin/target/jenkins-for-test/WEB-INF/web.xml},AUTO}
18:14:51.508 [Executing mockAddCredential(org.conjur.jenkins.credentials.ConjurCredentialStoreTest)] DEBUG org.eclipse.jetty.util.component.ContainerLifeCycle -- ServletHandler@1039675d{STOPPED} added {diagnostic-name-filter==org.kohsuke.stapler.DiagnosticThreadNameFilter@12378d0e{inst=false,async=true,src=DESCRIPTOR:file:///Users/sameer.shaik/MyWorkSpace/17OctV2.2.3-New-BitBucketIssueFixed/conjur-credentials-plugin/target/jenkins-for-test/WEB-INF/web.xml},AUTO}
18:14:51.508 [Executing mockAddCredential(org.conjur.jenkins.credentials.ConjurCredentialStoreTest)] DEBUG org.eclipse.jetty.util.component.ContainerLifeCycle -- ServletHandler@1039675d{STOPPED} added {encoding-filter==hudson.util.CharacterEncodingFilter@26b75c27{inst=false,async=true,src=DESCRIPTOR:file:///Users/sameer.shaik/MyWorkSpace/17OctV2.2.3-New-BitBucketIssueFixed/conjur-credentials-plugin/target/jenkins-for-test/WEB-INF/web.xml},AUTO}
18:14:51.508 [Executing mockAddCredential(org.conjur.jenkins.credentials.ConjurCredentialStoreTest)] DEBUG org.eclipse.jetty.util.component.ContainerLifeCycle -- ServletHandler@1039675d{STOPPED} added {compression-filter==org.kohsuke.stapler.compression.CompressionFilter@392c236{inst=false,async=true,src=DESCRIPTOR:file:///Users/sameer.shaik/MyWorkSpace/17OctV2.2.3-New-BitBucketIssueFixed/conjur-credentials-plugin/target/jenkins-for-test/WEB-INF/web.xml},AUTO}
18:14:51.508 [Executing mockAddCredential(org.conjur.jenkins.credentials.ConjurCredentialStoreTest)] DEBUG org.eclipse.jetty.util.component.ContainerLifeCycle -- ServletHandler@1039675d{STOPPED} added {authentication-filter==hudson.security.HudsonFilter@761167e6{inst=false,async=true,src=DESCRIPTOR:file:///Users/sameer.shaik/MyWorkSpace/17OctV2.2.3-New-BitBucketIssueFixed/conjur-credentials-plugin/target/jenkins-for-test/WEB-INF/web.xml},AUTO}
18:14:51.508 [Executing mockAddCredential(org.conjur.jenkins.credentials.ConjurCredentialStoreTest)] DEBUG org.eclipse.jetty.util.component.ContainerLifeCycle -- ServletHandler@1039675d{STOPPED} added {csrf-filter==hudson.security.csrf.CrumbFilter@5860dbd7{inst=false,async=true,src=DESCRIPTOR:file:///Users/sameer.shaik/MyWorkSpace/17OctV2.2.3-New-BitBucketIssueFixed/conjur-credentials-plugin/target/jenkins-for-test/WEB-INF/web.xml},AUTO}
18:14:51.508 [Executing mockAddCredential(org.conjur.jenkins.credentials.ConjurCredentialStoreTest)] DEBUG org.eclipse.jetty.util.component.ContainerLifeCycle -- ServletHandler@1039675d{STOPPED} added {plugins-filter==hudson.util.PluginServletFilter@442af298{inst=false,async=true,src=DESCRIPTOR:file:///Users/sameer.shaik/MyWorkSpace/17OctV2.2.3-New-BitBucketIssueFixed/conjur-credentials-plugin/target/jenkins-for-test/WEB-INF/web.xml},AUTO}
18:14:51.508 [Executing mockAddCredential(org.conjur.jenkins.credentials.ConjurCredentialStoreTest)] DEBUG org.eclipse.jetty.util.component.ContainerLifeCycle -- ServletHandler@1039675d{STOPPED} added {Stapler==org.kohsuke.stapler.Stapler@f222d1a9{jsp=null,order=-1,inst=false,async=true,src=DESCRIPTOR:file:///Users/sameer.shaik/MyWorkSpace/17OctV2.2.3-New-BitBucketIssueFixed/conjur-credentials-plugin/target/jenkins-for-test/WEB-INF/web.xml,STOPPED},AUTO}
18:14:51.508 [Executing mockAddCredential(org.conjur.jenkins.credentials.ConjurCredentialStoreTest)] DEBUG org.eclipse.jetty.util.component.ContainerLifeCycle -- ServletHandler@1039675d{STOPPED} added {[/*]/[]/[REQUEST]=>suspicious-request-filter,POJO}
18:14:51.508 [Executing mockAddCredential(org.conjur.jenkins.credentials.ConjurCredentialStoreTest)] DEBUG org.eclipse.jetty.util.component.ContainerLifeCycle -- ServletHandler@1039675d{STOPPED} added {[/*]/[]/[REQUEST]=>diagnostic-name-filter,POJO}
18:14:51.508 [Executing mockAddCredential(org.conjur.jenkins.credentials.ConjurCredentialStoreTest)] DEBUG org.eclipse.jetty.util.component.ContainerLifeCycle -- ServletHandler@1039675d{STOPPED} added {[/*]/[]/[REQUEST]=>encoding-filter,POJO}
18:14:51.508 [Executing mockAddCredential(org.conjur.jenkins.credentials.ConjurCredentialStoreTest)] DEBUG org.eclipse.jetty.util.component.ContainerLifeCycle -- ServletHandler@1039675d{STOPPED} added {[/*]/[]/[REQUEST]=>compression-filter,POJO}
18:14:51.508 [Executing mockAddCredential(org.conjur.jenkins.credentials.ConjurCredentialStoreTest)] DEBUG org.eclipse.jetty.util.component.ContainerLifeCycle -- ServletHandler@1039675d{STOPPED} added {[/*]/[]/[REQUEST]=>authentication-filter,POJO}
18:14:51.508 [Executing mockAddCredential(org.conjur.jenkins.credentials.ConjurCredentialStoreTest)] DEBUG org.eclipse.jetty.util.component.ContainerLifeCycle -- ServletHandler@1039675d{STOPPED} added {[/*]/[]/[REQUEST]=>csrf-filter,POJO}
18:14:51.508 [Executing mockAddCredential(org.conjur.jenkins.credentials.ConjurCredentialStoreTest)] DEBUG org.eclipse.jetty.util.component.ContainerLifeCycle -- ServletHandler@1039675d{STOPPED} added {[/*]/[]/[REQUEST]=>plugins-filter,POJO}
18:14:51.508 [Executing mockAddCredential(org.conjur.jenkins.credentials.ConjurCredentialStoreTest)] DEBUG org.eclipse.jetty.util.component.ContainerLifeCycle -- ServletHandler@1039675d{STOPPED} added {[/*]=>Stapler,POJO}
18:14:51.508 [Executing mockAddCredential(org.conjur.jenkins.credentials.ConjurCredentialStoreTest)] DEBUG org.eclipse.jetty.util.component.AbstractLifeCycle -- starting org.eclipse.jetty.servlet.listener.ELContextCleaner@2a8bf244{src=DESCRIPTOR:jar:file:/Users/sameer.shaik/.m2/repository/org/eclipse/jetty/jetty-webapp/9.4.48.v20220622/jetty-webapp-9.4.48.v20220622.jar!/org/eclipse/jetty/webapp/webdefault.xml}
18:14:51.508 [Executing mockAddCredential(org.conjur.jenkins.credentials.ConjurCredentialStoreTest)] DEBUG org.eclipse.jetty.servlet.BaseHolder -- Holding class org.eclipse.jetty.servlet.listener.ELContextCleaner from jdk.internal.loader.ClassLoaders$AppClassLoader@5ffd2b27
18:14:51.508 [Executing mockAddCredential(org.conjur.jenkins.credentials.ConjurCredentialStoreTest)] DEBUG org.eclipse.jetty.util.component.AbstractLifeCycle -- STARTED @18612ms org.eclipse.jetty.servlet.listener.ELContextCleaner@2a8bf244{src=DESCRIPTOR:jar:file:/Users/sameer.shaik/.m2/repository/org/eclipse/jetty/jetty-webapp/9.4.48.v20220622/jetty-webapp-9.4.48.v20220622.jar!/org/eclipse/jetty/webapp/webdefault.xml}
18:14:51.508 [Executing mockAddCredential(org.conjur.jenkins.credentials.ConjurCredentialStoreTest)] DEBUG org.eclipse.jetty.util.component.AbstractLifeCycle -- starting org.eclipse.jetty.servlet.listener.IntrospectorCleaner@7a2f4b30{src=DESCRIPTOR:jar:file:/Users/sameer.shaik/.m2/repository/org/eclipse/jetty/jetty-webapp/9.4.48.v20220622/jetty-webapp-9.4.48.v20220622.jar!/org/eclipse/jetty/webapp/webdefault.xml}
18:14:51.508 [Executing mockAddCredential(org.conjur.jenkins.credentials.ConjurCredentialStoreTest)] DEBUG org.eclipse.jetty.servlet.BaseHolder -- Holding class org.eclipse.jetty.servlet.listener.IntrospectorCleaner from jdk.internal.loader.ClassLoaders$AppClassLoader@5ffd2b27
18:14:51.508 [Executing mockAddCredential(org.conjur.jenkins.credentials.ConjurCredentialStoreTest)] DEBUG org.eclipse.jetty.util.component.AbstractLifeCycle -- STARTED @18612ms org.eclipse.jetty.servlet.listener.IntrospectorCleaner@7a2f4b30{src=DESCRIPTOR:jar:file:/Users/sameer.shaik/.m2/repository/org/eclipse/jetty/jetty-webapp/9.4.48.v20220622/jetty-webapp-9.4.48.v20220622.jar!/org/eclipse/jetty/webapp/webdefault.xml}
18:14:51.508 [Executing mockAddCredential(org.conjur.jenkins.credentials.ConjurCredentialStoreTest)] DEBUG org.eclipse.jetty.util.component.AbstractLifeCycle -- starting jenkins.util.SystemProperties$Listener@124ab2f6{src=DESCRIPTOR:file:///Users/sameer.shaik/MyWorkSpace/17OctV2.2.3-New-BitBucketIssueFixed/conjur-credentials-plugin/target/jenkins-for-test/WEB-INF/web.xml}
18:14:51.508 [Executing mockAddCredential(org.conjur.jenkins.credentials.ConjurCredentialStoreTest)] DEBUG org.eclipse.jetty.servlet.BaseHolder -- Holding class jenkins.util.SystemProperties$Listener from jdk.internal.loader.ClassLoaders$AppClassLoader@5ffd2b27
18:14:51.508 [Executing mockAddCredential(org.conjur.jenkins.credentials.ConjurCredentialStoreTest)] DEBUG org.eclipse.jetty.util.component.AbstractLifeCycle -- STARTED @18612ms jenkins.util.SystemProperties$Listener@124ab2f6{src=DESCRIPTOR:file:///Users/sameer.shaik/MyWorkSpace/17OctV2.2.3-New-BitBucketIssueFixed/conjur-credentials-plugin/target/jenkins-for-test/WEB-INF/web.xml}
18:14:51.508 [Executing mockAddCredential(org.conjur.jenkins.credentials.ConjurCredentialStoreTest)] DEBUG org.eclipse.jetty.util.component.AbstractLifeCycle -- starting hudson.WebAppMain@643db1e7{src=DESCRIPTOR:file:///Users/sameer.shaik/MyWorkSpace/17OctV2.2.3-New-BitBucketIssueFixed/conjur-credentials-plugin/target/jenkins-for-test/WEB-INF/web.xml}
18:14:51.508 [Executing mockAddCredential(org.conjur.jenkins.credentials.ConjurCredentialStoreTest)] DEBUG org.eclipse.jetty.servlet.BaseHolder -- Holding class hudson.WebAppMain from jdk.internal.loader.ClassLoaders$AppClassLoader@5ffd2b27
18:14:51.509 [Executing mockAddCredential(org.conjur.jenkins.credentials.ConjurCredentialStoreTest)] DEBUG org.eclipse.jetty.util.component.AbstractLifeCycle -- STARTED @18612ms hudson.WebAppMain@643db1e7{src=DESCRIPTOR:file:///Users/sameer.shaik/MyWorkSpace/17OctV2.2.3-New-BitBucketIssueFixed/conjur-credentials-plugin/target/jenkins-for-test/WEB-INF/web.xml}
18:14:51.509 [Executing mockAddCredential(org.conjur.jenkins.credentials.ConjurCredentialStoreTest)] DEBUG org.eclipse.jetty.util.component.AbstractLifeCycle -- starting jenkins.JenkinsHttpSessionListener@10192d8{src=DESCRIPTOR:file:///Users/sameer.shaik/MyWorkSpace/17OctV2.2.3-New-BitBucketIssueFixed/conjur-credentials-plugin/target/jenkins-for-test/WEB-INF/web.xml}
18:14:51.509 [Executing mockAddCredential(org.conjur.jenkins.credentials.ConjurCredentialStoreTest)] DEBUG org.eclipse.jetty.servlet.BaseHolder -- Holding class jenkins.JenkinsHttpSessionListener from jdk.internal.loader.ClassLoaders$AppClassLoader@5ffd2b27
18:14:51.509 [Executing mockAddCredential(org.conjur.jenkins.credentials.ConjurCredentialStoreTest)] DEBUG org.eclipse.jetty.util.component.ContainerLifeCycle -- org.eclipse.jetty.server.session.SessionHandler1837273564==dftMaxIdleSec=1800 added {jenkins.JenkinsHttpSessionListener@513c1b59,UNMANAGED}
18:14:51.509 [Executing mockAddCredential(org.conjur.jenkins.credentials.ConjurCredentialStoreTest)] DEBUG org.eclipse.jetty.util.component.AbstractLifeCycle -- STARTED @18612ms jenkins.JenkinsHttpSessionListener@10192d8{src=DESCRIPTOR:file:///Users/sameer.shaik/MyWorkSpace/17OctV2.2.3-New-BitBucketIssueFixed/conjur-credentials-plugin/target/jenkins-for-test/WEB-INF/web.xml}
18:14:51.509 [Executing mockAddCredential(org.conjur.jenkins.credentials.ConjurCredentialStoreTest)] DEBUG org.eclipse.jetty.server.handler.AbstractHandler -- starting o.e.j.w.WebAppContext@73903ea6{Jenkins v2.346.3,/jenkins,file:///Users/sameer.shaik/MyWorkSpace/17OctV2.2.3-New-BitBucketIssueFixed/conjur-credentials-plugin/target/jenkins-for-test/,STARTING}{/Users/sameer.shaik/MyWorkSpace/17OctV2.2.3-New-BitBucketIssueFixed/conjur-credentials-plugin/target/jenkins-for-test}
18:14:51.509 [Executing mockAddCredential(org.conjur.jenkins.credentials.ConjurCredentialStoreTest)] DEBUG org.eclipse.jetty.util.component.AbstractLifeCycle -- starting SymlinkAllowedResourceAliasChecker@3ceaa158{base=null,protected=[/WEB-INF, /META-INF]}
18:14:51.509 [Executing mockAddCredential(org.conjur.jenkins.credentials.ConjurCredentialStoreTest)] DEBUG org.eclipse.jetty.util.component.AbstractLifeCycle -- STARTED @18613ms SymlinkAllowedResourceAliasChecker@3ceaa158{base=null,protected=[/WEB-INF, /META-INF]}
18:14:51.509 [Executing mockAddCredential(org.conjur.jenkins.credentials.ConjurCredentialStoreTest)] DEBUG org.eclipse.jetty.util.component.AbstractLifeCycle -- starting org.eclipse.jetty.server.session.SessionHandler1837273564==dftMaxIdleSec=1800
18:14:51.509 [Executing mockAddCredential(org.conjur.jenkins.credentials.ConjurCredentialStoreTest)] DEBUG org.eclipse.jetty.util.component.ContainerLifeCycle -- org.eclipse.jetty.server.session.SessionHandler1837273564==dftMaxIdleSec=1800 added {org.eclipse.jetty.server.session.DefaultSessionCache@2c6f68cf[evict=-1,removeUnloadable=false,saveOnCreate=false,saveOnInactiveEvict=false],AUTO}
18:14:51.509 [Executing mockAddCredential(org.conjur.jenkins.credentials.ConjurCredentialStoreTest)] DEBUG org.eclipse.jetty.util.component.ContainerLifeCycle -- org.eclipse.jetty.server.session.DefaultSessionCache@2c6f68cf[evict=-1,removeUnloadable=false,saveOnCreate=false,saveOnInactiveEvict=false] added {org.eclipse.jetty.server.session.NullSessionDataStore@720fb0f6[passivating=false,graceSec=3600],AUTO}
18:14:51.509 [Executing mockAddCredential(org.conjur.jenkins.credentials.ConjurCredentialStoreTest)] DEBUG org.eclipse.jetty.util.component.AbstractLifeCycle -- starting DefaultSessionIdManager@6122221d{STOPPED}[worker=null]
18:14:51.509 [Executing mockAddCredential(org.conjur.jenkins.credentials.ConjurCredentialStoreTest)] INFO org.eclipse.jetty.server.session -- DefaultSessionIdManager workerName=node0
18:14:51.509 [Executing mockAddCredential(org.conjur.jenkins.credentials.ConjurCredentialStoreTest)] INFO org.eclipse.jetty.server.session -- No SessionScavenger set, using defaults
18:14:51.509 [Executing mockAddCredential(org.conjur.jenkins.credentials.ConjurCredentialStoreTest)] DEBUG org.eclipse.jetty.util.component.ContainerLifeCycle -- DefaultSessionIdManager@6122221d{STARTING}[worker=node0] added {HouseKeeper@50751bb3{STOPPED}[interval=600000, ownscheduler=false],MANAGED}
18:14:51.509 [Executing mockAddCredential(org.conjur.jenkins.credentials.ConjurCredentialStoreTest)] DEBUG org.eclipse.jetty.util.component.AbstractLifeCycle -- starting HouseKeeper@50751bb3{STOPPED}[interval=600000, ownscheduler=false]
18:14:51.509 [Executing mockAddCredential(org.conjur.jenkins.credentials.ConjurCredentialStoreTest)] DEBUG org.eclipse.jetty.util.component.AbstractLifeCycle -- starting ScheduledExecutorScheduler@70b3862{STOPPED}
18:14:51.509 [Executing mockAddCredential(org.conjur.jenkins.credentials.ConjurCredentialStoreTest)] DEBUG org.eclipse.jetty.util.component.AbstractLifeCycle -- STARTED @18613ms ScheduledExecutorScheduler@70b3862{STARTED}
18:14:51.509 [Executing mockAddCredential(org.conjur.jenkins.credentials.ConjurCredentialStoreTest)] DEBUG org.eclipse.jetty.server.session -- Using own scheduler for scavenging
18:14:51.509 [Executing mockAddCredential(org.conjur.jenkins.credentials.ConjurCredentialStoreTest)] INFO org.eclipse.jetty.server.session -- node0 Scavenging every 600000ms
18:14:51.509 [Executing mockAddCredential(org.conjur.jenkins.credentials.ConjurCredentialStoreTest)] DEBUG org.eclipse.jetty.util.component.AbstractLifeCycle -- STARTED @18613ms HouseKeeper@50751bb3{STARTED}[interval=600000, ownscheduler=true]
18:14:51.509 [Executing mockAddCredential(org.conjur.jenkins.credentials.ConjurCredentialStoreTest)] DEBUG org.eclipse.jetty.util.component.AbstractLifeCycle -- STARTED @18613ms DefaultSessionIdManager@6122221d{STARTED}[worker=node0]
18:14:51.509 [Executing mockAddCredential(org.conjur.jenkins.credentials.ConjurCredentialStoreTest)] DEBUG org.eclipse.jetty.util.component.ContainerLifeCycle -- Server@dad6e93{STARTING}[9.4.48.v20220622] added {DefaultSessionIdManager@6122221d{STARTED}[worker=node0],MANAGED}
18:14:51.509 [Executing mockAddCredential(org.conjur.jenkins.credentials.ConjurCredentialStoreTest)] DEBUG org.eclipse.jetty.util.component.ContainerLifeCycle -- org.eclipse.jetty.server.session.SessionHandler1837273564==dftMaxIdleSec=1800 added {DefaultSessionIdManager@6122221d{STARTED}[worker=node0],UNMANAGED}
18:14:51.509 [Executing mockAddCredential(org.conjur.jenkins.credentials.ConjurCredentialStoreTest)] DEBUG org.eclipse.jetty.util.component.AbstractLifeCycle -- starting ScheduledExecutorScheduler@784e59a3{STOPPED}
18:14:51.509 [Executing mockAddCredential(org.conjur.jenkins.credentials.ConjurCredentialStoreTest)] DEBUG org.eclipse.jetty.util.component.AbstractLifeCycle -- STARTED @18613ms ScheduledExecutorScheduler@784e59a3{STARTED}
18:14:51.509 [Executing mockAddCredential(org.conjur.jenkins.credentials.ConjurCredentialStoreTest)] DEBUG org.eclipse.jetty.server.handler.AbstractHandler -- starting org.eclipse.jetty.server.session.SessionHandler1837273564==dftMaxIdleSec=1800
18:14:51.509 [Executing mockAddCredential(org.conjur.jenkins.credentials.ConjurCredentialStoreTest)] DEBUG org.eclipse.jetty.util.component.AbstractLifeCycle -- starting ConstraintSecurityHandler@1f15e7c4{STOPPED}
18:14:51.510 [Executing mockAddCredential(org.conjur.jenkins.credentials.ConjurCredentialStoreTest)] DEBUG org.eclipse.jetty.util.component.ContainerLifeCycle -- ConstraintSecurityHandler@1f15e7c4{STARTING} added {org.eclipse.jetty.security.DefaultIdentityService@172ece39,POJO}
18:14:51.510 [Executing mockAddCredential(org.conjur.jenkins.credentials.ConjurCredentialStoreTest)] DEBUG org.eclipse.jetty.security.SecurityHandler -- Created authenticator org.eclipse.jetty.security.authentication.FormAuthenticator@9e7d9a with org.eclipse.jetty.security.DefaultAuthenticatorFactory@a76ae10
18:14:51.510 [Executing mockAddCredential(org.conjur.jenkins.credentials.ConjurCredentialStoreTest)] DEBUG org.eclipse.jetty.util.component.ContainerLifeCycle -- ConstraintSecurityHandler@1f15e7c4{STARTING} added {org.eclipse.jetty.security.authentication.FormAuthenticator@9e7d9a,POJO}
18:14:51.510 [Executing mockAddCredential(org.conjur.jenkins.credentials.ConjurCredentialStoreTest)] DEBUG org.eclipse.jetty.server.handler.AbstractHandler -- starting ConstraintSecurityHandler@1f15e7c4{STARTING}
18:14:51.510 [Executing mockAddCredential(org.conjur.jenkins.credentials.ConjurCredentialStoreTest)] DEBUG org.eclipse.jetty.util.component.AbstractLifeCycle -- starting ServletHandler@1039675d{STOPPED}
18:14:51.510 [Executing mockAddCredential(org.conjur.jenkins.credentials.ConjurCredentialStoreTest)] DEBUG org.eclipse.jetty.servlet.ServletHandler -- Path=*.jspx[DESCRIPTOR:jar:file:/Users/sameer.shaik/.m2/repository/org/eclipse/jetty/jetty-webapp/9.4.48.v20220622/jetty-webapp-9.4.48.v20220622.jar!/org/eclipse/jetty/webapp/webdefault.xml] mapped to servlet=jsp[DESCRIPTOR:jar:file:/Users/sameer.shaik/.m2/repository/org/eclipse/jetty/jetty-webapp/9.4.48.v20220622/jetty-webapp-9.4.48.v20220622.jar!/org/eclipse/jetty/webapp/webdefault.xml]
18:14:51.510 [Executing mockAddCredential(org.conjur.jenkins.credentials.ConjurCredentialStoreTest)] DEBUG org.eclipse.jetty.http.pathmap.ServletPathSpec -- Creating ServletPathSpec[*.jspx] (group: SUFFIX_GLOB, prefix: "null", suffix: "jspx")
18:14:51.510 [Executing mockAddCredential(org.conjur.jenkins.credentials.ConjurCredentialStoreTest)] DEBUG org.eclipse.jetty.http.pathmap.PathMappings -- Added MappedResource[pathSpec=ServletPathSpec@96a7cfb7{*.jspx},resource=jsp==org.eclipse.jetty.servlet.NoJspServlet@19c47{jsp=null,order=0,inst=false,async=false,src=DESCRIPTOR:jar:file:/Users/sameer.shaik/.m2/repository/org/eclipse/jetty/jetty-webapp/9.4.48.v20220622/jetty-webapp-9.4.48.v20220622.jar!/org/eclipse/jetty/webapp/webdefault.xml,STOPPED}] to PathMappings[size=1]
18:14:51.510 [Executing mockAddCredential(org.conjur.jenkins.credentials.ConjurCredentialStoreTest)] DEBUG org.eclipse.jetty.servlet.ServletHandler -- Path=*.JSPX[DESCRIPTOR:jar:file:/Users/sameer.shaik/.m2/repository/org/eclipse/jetty/jetty-webapp/9.4.48.v20220622/jetty-webapp-9.4.48.v20220622.jar!/org/eclipse/jetty/webapp/webdefault.xml] mapped to servlet=jsp[DESCRIPTOR:jar:file:/Users/sameer.shaik/.m2/repository/org/eclipse/jetty/jetty-webapp/9.4.48.v20220622/jetty-webapp-9.4.48.v20220622.jar!/org/eclipse/jetty/webapp/webdefault.xml]
18:14:51.510 [Executing mockAddCredential(org.conjur.jenkins.credentials.ConjurCredentialStoreTest)] DEBUG org.eclipse.jetty.http.pathmap.ServletPathSpec -- Creating ServletPathSpec[*.JSPX] (group: SUFFIX_GLOB, prefix: "null", suffix: "JSPX")
18:14:51.510 [Executing mockAddCredential(org.conjur.jenkins.credentials.ConjurCredentialStoreTest)] DEBUG org.eclipse.jetty.http.pathmap.PathMappings -- Added MappedResource[pathSpec=ServletPathSpec@94d5d7b7{*.JSPX},resource=jsp==org.eclipse.jetty.servlet.NoJspServlet@19c47{jsp=null,order=0,inst=false,async=false,src=DESCRIPTOR:jar:file:/Users/sameer.shaik/.m2/repository/org/eclipse/jetty/jetty-webapp/9.4.48.v20220622/jetty-webapp-9.4.48.v20220622.jar!/org/eclipse/jetty/webapp/webdefault.xml,STOPPED}] to PathMappings[size=2]
18:14:51.510 [Executing mockAddCredential(org.conjur.jenkins.credentials.ConjurCredentialStoreTest)] DEBUG org.eclipse.jetty.servlet.ServletHandler -- Path=*.JSPF[DESCRIPTOR:jar:file:/Users/sameer.shaik/.m2/repository/org/eclipse/jetty/jetty-webapp/9.4.48.v20220622/jetty-webapp-9.4.48.v20220622.jar!/org/eclipse/jetty/webapp/webdefault.xml] mapped to servlet=jsp[DESCRIPTOR:jar:file:/Users/sameer.shaik/.m2/repository/org/eclipse/jetty/jetty-webapp/9.4.48.v20220622/jetty-webapp-9.4.48.v20220622.jar!/org/eclipse/jetty/webapp/webdefault.xml]
18:14:51.510 [Executing mockAddCredential(org.conjur.jenkins.credentials.ConjurCredentialStoreTest)] DEBUG org.eclipse.jetty.http.pathmap.ServletPathSpec -- Creating ServletPathSpec[*.JSPF] (group: SUFFIX_GLOB, prefix: "null", suffix: "JSPF")
18:14:51.510 [Executing mockAddCredential(org.conjur.jenkins.credentials.ConjurCredentialStoreTest)] DEBUG org.eclipse.jetty.http.pathmap.PathMappings -- Added MappedResource[pathSpec=ServletPathSpec@94d5d589{*.JSPF},resource=jsp==org.eclipse.jetty.servlet.NoJspServlet@19c47{jsp=null,order=0,inst=false,async=false,src=DESCRIPTOR:jar:file:/Users/sameer.shaik/.m2/repository/org/eclipse/jetty/jetty-webapp/9.4.48.v20220622/jetty-webapp-9.4.48.v20220622.jar!/org/eclipse/jetty/webapp/webdefault.xml,STOPPED}] to PathMappings[size=3]
18:14:51.510 [Executing mockAddCredential(org.conjur.jenkins.credentials.ConjurCredentialStoreTest)] DEBUG org.eclipse.jetty.servlet.ServletHandler -- Path=*.jsp[DESCRIPTOR:jar:file:/Users/sameer.shaik/.m2/repository/org/eclipse/jetty/jetty-webapp/9.4.48.v20220622/jetty-webapp-9.4.48.v20220622.jar!/org/eclipse/jetty/webapp/webdefault.xml] mapped to servlet=jsp[DESCRIPTOR:jar:file:/Users/sameer.shaik/.m2/repository/org/eclipse/jetty/jetty-webapp/9.4.48.v20220622/jetty-webapp-9.4.48.v20220622.jar!/org/eclipse/jetty/webapp/webdefault.xml]
18:14:51.510 [Executing mockAddCredential(org.conjur.jenkins.credentials.ConjurCredentialStoreTest)] DEBUG org.eclipse.jetty.http.pathmap.ServletPathSpec -- Creating ServletPathSpec[*.jsp] (group: SUFFIX_GLOB, prefix: "null", suffix: "jsp")
18:14:51.510 [Executing mockAddCredential(org.conjur.jenkins.credentials.ConjurCredentialStoreTest)] DEBUG org.eclipse.jetty.http.pathmap.PathMappings -- Added MappedResource[pathSpec=ServletPathSpec@debd2188{*.jsp},resource=jsp==org.eclipse.jetty.servlet.NoJspServlet@19c47{jsp=null,order=0,inst=false,async=false,src=DESCRIPTOR:jar:file:/Users/sameer.shaik/.m2/repository/org/eclipse/jetty/jetty-webapp/9.4.48.v20220622/jetty-webapp-9.4.48.v20220622.jar!/org/eclipse/jetty/webapp/webdefault.xml,STOPPED}] to PathMappings[size=4]
18:14:51.510 [Executing mockAddCredential(org.conjur.jenkins.credentials.ConjurCredentialStoreTest)] DEBUG org.eclipse.jetty.servlet.ServletHandler -- Path=*.JSP[DESCRIPTOR:jar:file:/Users/sameer.shaik/.m2/repository/org/eclipse/jetty/jetty-webapp/9.4.48.v20220622/jetty-webapp-9.4.48.v20220622.jar!/org/eclipse/jetty/webapp/webdefault.xml] mapped to servlet=jsp[DESCRIPTOR:jar:file:/Users/sameer.shaik/.m2/repository/org/eclipse/jetty/jetty-webapp/9.4.48.v20220622/jetty-webapp-9.4.48.v20220622.jar!/org/eclipse/jetty/webapp/webdefault.xml]
18:14:51.510 [Executing mockAddCredential(org.conjur.jenkins.credentials.ConjurCredentialStoreTest)] DEBUG org.eclipse.jetty.http.pathmap.ServletPathSpec -- Creating ServletPathSpec[*.JSP] (group: SUFFIX_GLOB, prefix: "null", suffix: "JSP")
18:14:51.510 [Executing mockAddCredential(org.conjur.jenkins.credentials.ConjurCredentialStoreTest)] DEBUG org.eclipse.jetty.http.pathmap.PathMappings -- Added MappedResource[pathSpec=ServletPathSpec@deae19a8{*.JSP},resource=jsp==org.eclipse.jetty.servlet.NoJspServlet@19c47{jsp=null,order=0,inst=false,async=false,src=DESCRIPTOR:jar:file:/Users/sameer.shaik/.m2/repository/org/eclipse/jetty/jetty-webapp/9.4.48.v20220622/jetty-webapp-9.4.48.v20220622.jar!/org/eclipse/jetty/webapp/webdefault.xml,STOPPED}] to PathMappings[size=5]
18:14:51.510 [Executing mockAddCredential(org.conjur.jenkins.credentials.ConjurCredentialStoreTest)] DEBUG org.eclipse.jetty.servlet.ServletHandler -- Path=*.jspf[DESCRIPTOR:jar:file:/Users/sameer.shaik/.m2/repository/org/eclipse/jetty/jetty-webapp/9.4.48.v20220622/jetty-webapp-9.4.48.v20220622.jar!/org/eclipse/jetty/webapp/webdefault.xml] mapped to servlet=jsp[DESCRIPTOR:jar:file:/Users/sameer.shaik/.m2/repository/org/eclipse/jetty/jetty-webapp/9.4.48.v20220622/jetty-webapp-9.4.48.v20220622.jar!/org/eclipse/jetty/webapp/webdefault.xml]
18:14:51.510 [Executing mockAddCredential(org.conjur.jenkins.credentials.ConjurCredentialStoreTest)] DEBUG org.eclipse.jetty.http.pathmap.ServletPathSpec -- Creating ServletPathSpec[*.jspf] (group: SUFFIX_GLOB, prefix: "null", suffix: "jspf")
18:14:51.510 [Executing mockAddCredential(org.conjur.jenkins.credentials.ConjurCredentialStoreTest)] DEBUG org.eclipse.jetty.http.pathmap.PathMappings -- Added MappedResource[pathSpec=ServletPathSpec@96a7cd89{*.jspf},resource=jsp==org.eclipse.jetty.servlet.NoJspServlet@19c47{jsp=null,order=0,inst=false,async=false,src=DESCRIPTOR:jar:file:/Users/sameer.shaik/.m2/repository/org/eclipse/jetty/jetty-webapp/9.4.48.v20220622/jetty-webapp-9.4.48.v20220622.jar!/org/eclipse/jetty/webapp/webdefault.xml,STOPPED}] to PathMappings[size=6]
18:14:51.510 [Executing mockAddCredential(org.conjur.jenkins.credentials.ConjurCredentialStoreTest)] DEBUG org.eclipse.jetty.servlet.ServletHandler -- Path=*.XSP[DESCRIPTOR:jar:file:/Users/sameer.shaik/.m2/repository/org/eclipse/jetty/jetty-webapp/9.4.48.v20220622/jetty-webapp-9.4.48.v20220622.jar!/org/eclipse/jetty/webapp/webdefault.xml] mapped to servlet=jsp[DESCRIPTOR:jar:file:/Users/sameer.shaik/.m2/repository/org/eclipse/jetty/jetty-webapp/9.4.48.v20220622/jetty-webapp-9.4.48.v20220622.jar!/org/eclipse/jetty/webapp/webdefault.xml]
18:14:51.510 [Executing mockAddCredential(org.conjur.jenkins.credentials.ConjurCredentialStoreTest)] DEBUG org.eclipse.jetty.http.pathmap.ServletPathSpec -- Creating ServletPathSpec[*.XSP] (group: SUFFIX_GLOB, prefix: "null", suffix: "XSP")
18:14:51.510 [Executing mockAddCredential(org.conjur.jenkins.credentials.ConjurCredentialStoreTest)] DEBUG org.eclipse.jetty.http.pathmap.PathMappings -- Added MappedResource[pathSpec=ServletPathSpec@deb476da{*.XSP},resource=jsp==org.eclipse.jetty.servlet.NoJspServlet@19c47{jsp=null,order=0,inst=false,async=false,src=DESCRIPTOR:jar:file:/Users/sameer.shaik/.m2/repository/org/eclipse/jetty/jetty-webapp/9.4.48.v20220622/jetty-webapp-9.4.48.v20220622.jar!/org/eclipse/jetty/webapp/webdefault.xml,STOPPED}] to PathMappings[size=7]
18:14:51.510 [Executing mockAddCredential(org.conjur.jenkins.credentials.ConjurCredentialStoreTest)] DEBUG org.eclipse.jetty.servlet.ServletHandler -- Path=*.xsp[DESCRIPTOR:jar:file:/Users/sameer.shaik/.m2/repository/org/eclipse/jetty/jetty-webapp/9.4.48.v20220622/jetty-webapp-9.4.48.v20220622.jar!/org/eclipse/jetty/webapp/webdefault.xml] mapped to servlet=jsp[DESCRIPTOR:jar:file:/Users/sameer.shaik/.m2/repository/org/eclipse/jetty/jetty-webapp/9.4.48.v20220622/jetty-webapp-9.4.48.v20220622.jar!/org/eclipse/jetty/webapp/webdefault.xml]
18:14:51.510 [Executing mockAddCredential(org.conjur.jenkins.credentials.ConjurCredentialStoreTest)] DEBUG org.eclipse.jetty.http.pathmap.ServletPathSpec -- Creating ServletPathSpec[*.xsp] (group: SUFFIX_GLOB, prefix: "null", suffix: "xsp")
18:14:51.510 [Executing mockAddCredential(org.conjur.jenkins.credentials.ConjurCredentialStoreTest)] DEBUG org.eclipse.jetty.http.pathmap.PathMappings -- Added MappedResource[pathSpec=ServletPathSpec@dec37eba{*.xsp},resource=jsp==org.eclipse.jetty.servlet.NoJspServlet@19c47{jsp=null,order=0,inst=false,async=false,src=DESCRIPTOR:jar:file:/Users/sameer.shaik/.m2/repository/org/eclipse/jetty/jetty-webapp/9.4.48.v20220622/jetty-webapp-9.4.48.v20220622.jar!/org/eclipse/jetty/webapp/webdefault.xml,STOPPED}] to PathMappings[size=8]
18:14:51.510 [Executing mockAddCredential(org.conjur.jenkins.credentials.ConjurCredentialStoreTest)] DEBUG org.eclipse.jetty.servlet.ServletHandler -- Path=/*[DESCRIPTOR:file:///Users/sameer.shaik/MyWorkSpace/17OctV2.2.3-New-BitBucketIssueFixed/conjur-credentials-plugin/target/jenkins-for-test/WEB-INF/web.xml] mapped to servlet=Stapler[DESCRIPTOR:file:///Users/sameer.shaik/MyWorkSpace/17OctV2.2.3-New-BitBucketIssueFixed/conjur-credentials-plugin/target/jenkins-for-test/WEB-INF/web.xml]
18:14:51.510 [Executing mockAddCredential(org.conjur.jenkins.credentials.ConjurCredentialStoreTest)] DEBUG org.eclipse.jetty.http.pathmap.ServletPathSpec -- Creating ServletPathSpec[/*] (group: PREFIX_GLOB, prefix: "", suffix: "null")
18:14:51.510 [Executing mockAddCredential(org.conjur.jenkins.credentials.ConjurCredentialStoreTest)] DEBUG org.eclipse.jetty.http.pathmap.PathMappings -- Added MappedResource[pathSpec=ServletPathSpec@9457a78e{/*},resource=Stapler==org.kohsuke.stapler.Stapler@f222d1a9{jsp=null,order=-1,inst=false,async=true,src=DESCRIPTOR:file:///Users/sameer.shaik/MyWorkSpace/17OctV2.2.3-New-BitBucketIssueFixed/conjur-credentials-plugin/target/jenkins-for-test/WEB-INF/web.xml,STOPPED}] to PathMappings[size=9]
18:14:51.510 [Executing mockAddCredential(org.conjur.jenkins.credentials.ConjurCredentialStoreTest)] DEBUG org.eclipse.jetty.servlet.ServletHandler -- Path=/[DESCRIPTOR:jar:file:/Users/sameer.shaik/.m2/repository/org/eclipse/jetty/jetty-webapp/9.4.48.v20220622/jetty-webapp-9.4.48.v20220622.jar!/org/eclipse/jetty/webapp/webdefault.xml] mapped to servlet=default[DESCRIPTOR:jar:file:/Users/sameer.shaik/.m2/repository/org/eclipse/jetty/jetty-webapp/9.4.48.v20220622/jetty-webapp-9.4.48.v20220622.jar!/org/eclipse/jetty/webapp/webdefault.xml]
18:14:51.510 [Executing mockAddCredential(org.conjur.jenkins.credentials.ConjurCredentialStoreTest)] DEBUG org.eclipse.jetty.http.pathmap.PathMappings -- Added MappedResource[pathSpec=ServletPathSpec@9457dcb7{/},resource=default==org.eclipse.jetty.servlet.DefaultServlet@5c13d641{jsp=null,order=0,inst=false,async=false,src=DESCRIPTOR:jar:file:/Users/sameer.shaik/.m2/repository/org/eclipse/jetty/jetty-webapp/9.4.48.v20220622/jetty-webapp-9.4.48.v20220622.jar!/org/eclipse/jetty/webapp/webdefault.xml,STOPPED}] to PathMappings[size=10]
18:14:51.510 [Executing mockAddCredential(org.conjur.jenkins.credentials.ConjurCredentialStoreTest)] DEBUG org.eclipse.jetty.servlet.ServletHandler -- filterNameMap={csrf-filter=csrf-filter==hudson.security.csrf.CrumbFilter@5860dbd7{inst=false,async=true,src=DESCRIPTOR:file:///Users/sameer.shaik/MyWorkSpace/17OctV2.2.3-New-BitBucketIssueFixed/conjur-credentials-plugin/target/jenkins-for-test/WEB-INF/web.xml}, encoding-filter=encoding-filter==hudson.util.CharacterEncodingFilter@26b75c27{inst=false,async=true,src=DESCRIPTOR:file:///Users/sameer.shaik/MyWorkSpace/17OctV2.2.3-New-BitBucketIssueFixed/conjur-credentials-plugin/target/jenkins-for-test/WEB-INF/web.xml}, diagnostic-name-filter=diagnostic-name-filter==org.kohsuke.stapler.DiagnosticThreadNameFilter@12378d0e{inst=false,async=true,src=DESCRIPTOR:file:///Users/sameer.shaik/MyWorkSpace/17OctV2.2.3-New-BitBucketIssueFixed/conjur-credentials-plugin/target/jenkins-for-test/WEB-INF/web.xml}, compression-filter=compression-filter==org.kohsuke.stapler.compression.CompressionFilter@392c236{inst=false,async=true,src=DESCRIPTOR:file:///Users/sameer.shaik/MyWorkSpace/17OctV2.2.3-New-BitBucketIssueFixed/conjur-credentials-plugin/target/jenkins-for-test/WEB-INF/web.xml}, plugins-filter=plugins-filter==hudson.util.PluginServletFilter@442af298{inst=false,async=true,src=DESCRIPTOR:file:///Users/sameer.shaik/MyWorkSpace/17OctV2.2.3-New-BitBucketIssueFixed/conjur-credentials-plugin/target/jenkins-for-test/WEB-INF/web.xml}, authentication-filter=authentication-filter==hudson.security.HudsonFilter@761167e6{inst=false,async=true,src=DESCRIPTOR:file:///Users/sameer.shaik/MyWorkSpace/17OctV2.2.3-New-BitBucketIssueFixed/conjur-credentials-plugin/target/jenkins-for-test/WEB-INF/web.xml}, suspicious-request-filter=suspicious-request-filter==jenkins.security.SuspiciousRequestFilter@1fad5b71{inst=false,async=true,src=DESCRIPTOR:file:///Users/sameer.shaik/MyWorkSpace/17OctV2.2.3-New-BitBucketIssueFixed/conjur-credentials-plugin/target/jenkins-for-test/WEB-INF/web.xml}}
18:14:51.510 [Executing mockAddCredential(org.conjur.jenkins.credentials.ConjurCredentialStoreTest)] DEBUG org.eclipse.jetty.servlet.ServletHandler -- pathFilters=[[/*]/[]/[REQUEST, ASYNC]=>plugins-filter, [/*]/[]/[REQUEST, ASYNC]=>csrf-filter, [/*]/[]/[REQUEST, ASYNC]=>authentication-filter, [/*]/[]/[REQUEST, ASYNC]=>compression-filter, [/*]/[]/[REQUEST, ASYNC]=>encoding-filter, [/*]/[]/[REQUEST, ASYNC]=>diagnostic-name-filter, [/*]/[]/[REQUEST, ASYNC]=>suspicious-request-filter]
18:14:51.510 [Executing mockAddCredential(org.conjur.jenkins.credentials.ConjurCredentialStoreTest)] DEBUG org.eclipse.jetty.servlet.ServletHandler -- servletFilterMap={}
18:14:51.510 [Executing mockAddCredential(org.conjur.jenkins.credentials.ConjurCredentialStoreTest)] DEBUG org.eclipse.jetty.servlet.ServletHandler -- servletPathMap=PathMappings[size=10]
18:14:51.511 [Executing mockAddCredential(org.conjur.jenkins.credentials.ConjurCredentialStoreTest)] DEBUG org.eclipse.jetty.servlet.ServletHandler -- servletNameMap={default=default==org.eclipse.jetty.servlet.DefaultServlet@5c13d641{jsp=null,order=0,inst=false,async=false,src=DESCRIPTOR:jar:file:/Users/sameer.shaik/.m2/repository/org/eclipse/jetty/jetty-webapp/9.4.48.v20220622/jetty-webapp-9.4.48.v20220622.jar!/org/eclipse/jetty/webapp/webdefault.xml,STOPPED}, jsp=jsp==org.eclipse.jetty.servlet.NoJspServlet@19c47{jsp=null,order=0,inst=false,async=false,src=DESCRIPTOR:jar:file:/Users/sameer.shaik/.m2/repository/org/eclipse/jetty/jetty-webapp/9.4.48.v20220622/jetty-webapp-9.4.48.v20220622.jar!/org/eclipse/jetty/webapp/webdefault.xml,STOPPED}, Stapler=Stapler==org.kohsuke.stapler.Stapler@f222d1a9{jsp=null,order=-1,inst=false,async=true,src=DESCRIPTOR:file:///Users/sameer.shaik/MyWorkSpace/17OctV2.2.3-New-BitBucketIssueFixed/conjur-credentials-plugin/target/jenkins-for-test/WEB-INF/web.xml,STOPPED}}
18:14:51.511 [Executing mockAddCredential(org.conjur.jenkins.credentials.ConjurCredentialStoreTest)] DEBUG org.eclipse.jetty.server.handler.AbstractHandler -- starting ServletHandler@1039675d{STARTING}
18:14:51.511 [Executing mockAddCredential(org.conjur.jenkins.credentials.ConjurCredentialStoreTest)] DEBUG org.eclipse.jetty.util.component.AbstractLifeCycle -- STARTED @18614ms ServletHandler@1039675d{STARTED}
18:14:51.511 [Executing mockAddCredential(org.conjur.jenkins.credentials.ConjurCredentialStoreTest)] DEBUG org.eclipse.jetty.util.component.AbstractLifeCycle -- starting HashLoginService@4c765b65[default]
18:14:51.511 [Executing mockAddCredential(org.conjur.jenkins.credentials.ConjurCredentialStoreTest)] DEBUG org.eclipse.jetty.util.component.AbstractLifeCycle -- starting UserStore@1eace79b{STOPPED}
18:14:51.511 [Executing mockAddCredential(org.conjur.jenkins.credentials.ConjurCredentialStoreTest)] DEBUG org.eclipse.jetty.util.component.AbstractLifeCycle -- STARTED @18614ms UserStore@1eace79b{STARTED}
18:14:51.511 [Executing mockAddCredential(org.conjur.jenkins.credentials.ConjurCredentialStoreTest)] DEBUG org.eclipse.jetty.util.component.AbstractLifeCycle -- STARTED @18614ms HashLoginService@4c765b65[default]
18:14:51.511 [Executing mockAddCredential(org.conjur.jenkins.credentials.ConjurCredentialStoreTest)] DEBUG org.eclipse.jetty.util.component.AbstractLifeCycle -- STARTED @18614ms ConstraintSecurityHandler@1f15e7c4{STARTED}
18:14:51.511 [Executing mockAddCredential(org.conjur.jenkins.credentials.ConjurCredentialStoreTest)] DEBUG org.eclipse.jetty.util.component.AbstractLifeCycle -- starting org.eclipse.jetty.server.session.DefaultSessionCache@2c6f68cf[evict=-1,removeUnloadable=false,saveOnCreate=false,saveOnInactiveEvict=false]
18:14:51.511 [Executing mockAddCredential(org.conjur.jenkins.credentials.ConjurCredentialStoreTest)] DEBUG org.eclipse.jetty.util.component.AbstractLifeCycle -- starting org.eclipse.jetty.server.session.NullSessionDataStore@720fb0f6[passivating=false,graceSec=3600]
18:14:51.511 [Executing mockAddCredential(org.conjur.jenkins.credentials.ConjurCredentialStoreTest)] DEBUG org.eclipse.jetty.util.component.AbstractLifeCycle -- STARTED @18615ms org.eclipse.jetty.server.session.NullSessionDataStore@720fb0f6[passivating=false,graceSec=3600]
18:14:51.511 [Executing mockAddCredential(org.conjur.jenkins.credentials.ConjurCredentialStoreTest)] DEBUG org.eclipse.jetty.util.component.AbstractLifeCycle -- STARTED @18615ms org.eclipse.jetty.server.session.DefaultSessionCache@2c6f68cf[evict=-1,removeUnloadable=false,saveOnCreate=false,saveOnInactiveEvict=false]
18:14:51.511 [Executing mockAddCredential(org.conjur.jenkins.credentials.ConjurCredentialStoreTest)] DEBUG org.eclipse.jetty.util.component.AbstractLifeCycle -- STARTED @18615ms org.eclipse.jetty.server.session.SessionHandler1837273564==dftMaxIdleSec=1800
18:14:51.511 [Executing mockAddCredential(org.conjur.jenkins.credentials.ConjurCredentialStoreTest)] DEBUG org.eclipse.jetty.util.component.AbstractLifeCycle -- starting ErrorPageErrorHandler@69cc08f7{STOPPED}
18:14:51.511 [Executing mockAddCredential(org.conjur.jenkins.credentials.ConjurCredentialStoreTest)] DEBUG org.eclipse.jetty.server.handler.AbstractHandler -- starting ErrorPageErrorHandler@69cc08f7{STARTING}
18:14:51.511 [Executing mockAddCredential(org.conjur.jenkins.credentials.ConjurCredentialStoreTest)] DEBUG org.eclipse.jetty.util.component.AbstractLifeCycle -- STARTED @18615ms ErrorPageErrorHandler@69cc08f7{STARTED}
18:14:51.511 [Executing mockAddCredential(org.conjur.jenkins.credentials.ConjurCredentialStoreTest)] DEBUG org.eclipse.jetty.util.component.AbstractLifeCycle -- starting NoListenerConfiguration@5957e9cd{STOPPED}
18:14:51.511 [Executing mockAddCredential(org.conjur.jenkins.credentials.ConjurCredentialStoreTest)] DEBUG org.eclipse.jetty.util.component.AbstractLifeCycle -- STARTED @18615ms NoListenerConfiguration@5957e9cd{STARTED}
18:14:51.511 [Executing mockAddCredential(org.conjur.jenkins.credentials.ConjurCredentialStoreTest)] DEBUG org.eclipse.jetty.server.handler.ContextHandler -- contextInitialized: javax.servlet.ServletContextEvent[source=ServletContext@o.e.j.w.WebAppContext@73903ea6{Jenkins v2.346.3,/jenkins,file:///Users/sameer.shaik/MyWorkSpace/17OctV2.2.3-New-BitBucketIssueFixed/conjur-credentials-plugin/target/jenkins-for-test/,STARTING}{/Users/sameer.shaik/MyWorkSpace/17OctV2.2.3-New-BitBucketIssueFixed/conjur-credentials-plugin/target/jenkins-for-test}]->org.eclipse.jetty.servlet.listener.ELContextCleaner@33ea816f
18:14:51.511 [Executing mockAddCredential(org.conjur.jenkins.credentials.ConjurCredentialStoreTest)] DEBUG org.eclipse.jetty.server.handler.ContextHandler -- contextInitialized: javax.servlet.ServletContextEvent[source=ServletContext@o.e.j.w.WebAppContext@73903ea6{Jenkins v2.346.3,/jenkins,file:///Users/sameer.shaik/MyWorkSpace/17OctV2.2.3-New-BitBucketIssueFixed/conjur-credentials-plugin/target/jenkins-for-test/,STARTING}{/Users/sameer.shaik/MyWorkSpace/17OctV2.2.3-New-BitBucketIssueFixed/conjur-credentials-plugin/target/jenkins-for-test}]->org.eclipse.jetty.servlet.listener.IntrospectorCleaner@396355f0
18:14:51.511 [Executing mockAddCredential(org.conjur.jenkins.credentials.ConjurCredentialStoreTest)] DEBUG org.eclipse.jetty.server.handler.ContextHandler -- contextInitialized: javax.servlet.ServletContextEvent[source=ServletContext@o.e.j.w.WebAppContext@73903ea6{Jenkins v2.346.3,/jenkins,file:///Users/sameer.shaik/MyWorkSpace/17OctV2.2.3-New-BitBucketIssueFixed/conjur-credentials-plugin/target/jenkins-for-test/,STARTING}{/Users/sameer.shaik/MyWorkSpace/17OctV2.2.3-New-BitBucketIssueFixed/conjur-credentials-plugin/target/jenkins-for-test}]->jenkins.util.SystemProperties$Listener@4ae29deb
18:14:51.511 [Executing mockAddCredential(org.conjur.jenkins.credentials.ConjurCredentialStoreTest)] DEBUG org.eclipse.jetty.util.component.AbstractLifeCycle -- starting suspicious-request-filter==jenkins.security.SuspiciousRequestFilter@1fad5b71{inst=false,async=true,src=DESCRIPTOR:file:///Users/sameer.shaik/MyWorkSpace/17OctV2.2.3-New-BitBucketIssueFixed/conjur-credentials-plugin/target/jenkins-for-test/WEB-INF/web.xml}
18:14:51.511 [Executing mockAddCredential(org.conjur.jenkins.credentials.ConjurCredentialStoreTest)] DEBUG org.eclipse.jetty.servlet.BaseHolder -- Holding class jenkins.security.SuspiciousRequestFilter from jdk.internal.loader.ClassLoaders$AppClassLoader@5ffd2b27
18:14:51.511 [Executing mockAddCredential(org.conjur.jenkins.credentials.ConjurCredentialStoreTest)] DEBUG org.eclipse.jetty.util.component.AbstractLifeCycle -- STARTED @18615ms suspicious-request-filter==jenkins.security.SuspiciousRequestFilter@1fad5b71{inst=false,async=true,src=DESCRIPTOR:file:///Users/sameer.shaik/MyWorkSpace/17OctV2.2.3-New-BitBucketIssueFixed/conjur-credentials-plugin/target/jenkins-for-test/WEB-INF/web.xml}
18:14:51.511 [Executing mockAddCredential(org.conjur.jenkins.credentials.ConjurCredentialStoreTest)] DEBUG org.eclipse.jetty.servlet.FilterHolder -- Filter.init jenkins.security.SuspiciousRequestFilter@501e77f1
18:14:51.511 [Executing mockAddCredential(org.conjur.jenkins.credentials.ConjurCredentialStoreTest)] DEBUG org.eclipse.jetty.util.component.AbstractLifeCycle -- starting diagnostic-name-filter==org.kohsuke.stapler.DiagnosticThreadNameFilter@12378d0e{inst=false,async=true,src=DESCRIPTOR:file:///Users/sameer.shaik/MyWorkSpace/17OctV2.2.3-New-BitBucketIssueFixed/conjur-credentials-plugin/target/jenkins-for-test/WEB-INF/web.xml}
18:14:51.511 [Executing mockAddCredential(org.conjur.jenkins.credentials.ConjurCredentialStoreTest)] DEBUG org.eclipse.jetty.servlet.BaseHolder -- Holding class org.kohsuke.stapler.DiagnosticThreadNameFilter from jdk.internal.loader.ClassLoaders$AppClassLoader@5ffd2b27
18:14:51.511 [Executing mockAddCredential(org.conjur.jenkins.credentials.ConjurCredentialStoreTest)] DEBUG org.eclipse.jetty.util.component.AbstractLifeCycle -- STARTED @18615ms diagnostic-name-filter==org.kohsuke.stapler.DiagnosticThreadNameFilter@12378d0e{inst=false,async=true,src=DESCRIPTOR:file:///Users/sameer.shaik/MyWorkSpace/17OctV2.2.3-New-BitBucketIssueFixed/conjur-credentials-plugin/target/jenkins-for-test/WEB-INF/web.xml}
18:14:51.511 [Executing mockAddCredential(org.conjur.jenkins.credentials.ConjurCredentialStoreTest)] DEBUG org.eclipse.jetty.servlet.FilterHolder -- Filter.init org.kohsuke.stapler.DiagnosticThreadNameFilter@37187564
18:14:51.511 [Executing mockAddCredential(org.conjur.jenkins.credentials.ConjurCredentialStoreTest)] DEBUG org.eclipse.jetty.util.component.AbstractLifeCycle -- starting encoding-filter==hudson.util.CharacterEncodingFilter@26b75c27{inst=false,async=true,src=DESCRIPTOR:file:///Users/sameer.shaik/MyWorkSpace/17OctV2.2.3-New-BitBucketIssueFixed/conjur-credentials-plugin/target/jenkins-for-test/WEB-INF/web.xml}
18:14:51.511 [Executing mockAddCredential(org.conjur.jenkins.credentials.ConjurCredentialStoreTest)] DEBUG org.eclipse.jetty.servlet.BaseHolder -- Holding class hudson.util.CharacterEncodingFilter from jdk.internal.loader.ClassLoaders$AppClassLoader@5ffd2b27
18:14:51.511 [Executing mockAddCredential(org.conjur.jenkins.credentials.ConjurCredentialStoreTest)] DEBUG org.eclipse.jetty.util.component.AbstractLifeCycle -- STARTED @18615ms encoding-filter==hudson.util.CharacterEncodingFilter@26b75c27{inst=false,async=true,src=DESCRIPTOR:file:///Users/sameer.shaik/MyWorkSpace/17OctV2.2.3-New-BitBucketIssueFixed/conjur-credentials-plugin/target/jenkins-for-test/WEB-INF/web.xml}
18:14:51.511 [Executing mockAddCredential(org.conjur.jenkins.credentials.ConjurCredentialStoreTest)] DEBUG org.eclipse.jetty.servlet.FilterHolder -- Filter.init hudson.util.CharacterEncodingFilter@14776aa2
18:14:51.511 [Executing mockAddCredential(org.conjur.jenkins.credentials.ConjurCredentialStoreTest)] DEBUG org.eclipse.jetty.util.component.AbstractLifeCycle -- starting compression-filter==org.kohsuke.stapler.compression.CompressionFilter@392c236{inst=false,async=true,src=DESCRIPTOR:file:///Users/sameer.shaik/MyWorkSpace/17OctV2.2.3-New-BitBucketIssueFixed/conjur-credentials-plugin/target/jenkins-for-test/WEB-INF/web.xml}
18:14:51.511 [Executing mockAddCredential(org.conjur.jenkins.credentials.ConjurCredentialStoreTest)] DEBUG org.eclipse.jetty.servlet.BaseHolder -- Holding class org.kohsuke.stapler.compression.CompressionFilter from jdk.internal.loader.ClassLoaders$AppClassLoader@5ffd2b27
18:14:51.511 [Executing mockAddCredential(org.conjur.jenkins.credentials.ConjurCredentialStoreTest)] DEBUG org.eclipse.jetty.util.component.AbstractLifeCycle -- STARTED @18615ms compression-filter==org.kohsuke.stapler.compression.CompressionFilter@392c236{inst=false,async=true,src=DESCRIPTOR:file:///Users/sameer.shaik/MyWorkSpace/17OctV2.2.3-New-BitBucketIssueFixed/conjur-credentials-plugin/target/jenkins-for-test/WEB-INF/web.xml}
18:14:51.512 [Executing mockAddCredential(org.conjur.jenkins.credentials.ConjurCredentialStoreTest)] DEBUG org.eclipse.jetty.servlet.FilterHolder -- Filter.init org.kohsuke.stapler.compression.CompressionFilter@4a24b002
18:14:51.512 [Executing mockAddCredential(org.conjur.jenkins.credentials.ConjurCredentialStoreTest)] DEBUG org.eclipse.jetty.util.component.AbstractLifeCycle -- starting authentication-filter==hudson.security.HudsonFilter@761167e6{inst=false,async=true,src=DESCRIPTOR:file:///Users/sameer.shaik/MyWorkSpace/17OctV2.2.3-New-BitBucketIssueFixed/conjur-credentials-plugin/target/jenkins-for-test/WEB-INF/web.xml}
18:14:51.512 [Executing mockAddCredential(org.conjur.jenkins.credentials.ConjurCredentialStoreTest)] DEBUG org.eclipse.jetty.servlet.BaseHolder -- Holding class hudson.security.HudsonFilter from jdk.internal.loader.ClassLoaders$AppClassLoader@5ffd2b27
18:14:51.512 [Executing mockAddCredential(org.conjur.jenkins.credentials.ConjurCredentialStoreTest)] DEBUG org.eclipse.jetty.util.component.AbstractLifeCycle -- STARTED @18615ms authentication-filter==hudson.security.HudsonFilter@761167e6{inst=false,async=true,src=DESCRIPTOR:file:///Users/sameer.shaik/MyWorkSpace/17OctV2.2.3-New-BitBucketIssueFixed/conjur-credentials-plugin/target/jenkins-for-test/WEB-INF/web.xml}
18:14:51.512 [Executing mockAddCredential(org.conjur.jenkins.credentials.ConjurCredentialStoreTest)] DEBUG org.eclipse.jetty.servlet.FilterHolder -- Filter.init hudson.security.HudsonFilter@69a6f748
18:14:51.512 [Executing mockAddCredential(org.conjur.jenkins.credentials.ConjurCredentialStoreTest)] DEBUG org.eclipse.jetty.util.component.AbstractLifeCycle -- starting csrf-filter==hudson.security.csrf.CrumbFilter@5860dbd7{inst=false,async=true,src=DESCRIPTOR:file:///Users/sameer.shaik/MyWorkSpace/17OctV2.2.3-New-BitBucketIssueFixed/conjur-credentials-plugin/target/jenkins-for-test/WEB-INF/web.xml}
18:14:51.512 [Executing mockAddCredential(org.conjur.jenkins.credentials.ConjurCredentialStoreTest)] DEBUG org.eclipse.jetty.servlet.BaseHolder -- Holding class hudson.security.csrf.CrumbFilter from jdk.internal.loader.ClassLoaders$AppClassLoader@5ffd2b27
18:14:51.512 [Executing mockAddCredential(org.conjur.jenkins.credentials.ConjurCredentialStoreTest)] DEBUG org.eclipse.jetty.util.component.AbstractLifeCycle -- STARTED @18615ms csrf-filter==hudson.security.csrf.CrumbFilter@5860dbd7{inst=false,async=true,src=DESCRIPTOR:file:///Users/sameer.shaik/MyWorkSpace/17OctV2.2.3-New-BitBucketIssueFixed/conjur-credentials-plugin/target/jenkins-for-test/WEB-INF/web.xml}
18:14:51.512 [Executing mockAddCredential(org.conjur.jenkins.credentials.ConjurCredentialStoreTest)] DEBUG org.eclipse.jetty.servlet.FilterHolder -- Filter.init hudson.security.csrf.CrumbFilter@1de10c4d
18:14:51.512 [Executing mockAddCredential(org.conjur.jenkins.credentials.ConjurCredentialStoreTest)] DEBUG org.eclipse.jetty.util.component.AbstractLifeCycle -- starting plugins-filter==hudson.util.PluginServletFilter@442af298{inst=false,async=true,src=DESCRIPTOR:file:///Users/sameer.shaik/MyWorkSpace/17OctV2.2.3-New-BitBucketIssueFixed/conjur-credentials-plugin/target/jenkins-for-test/WEB-INF/web.xml}
18:14:51.512 [Executing mockAddCredential(org.conjur.jenkins.credentials.ConjurCredentialStoreTest)] DEBUG org.eclipse.jetty.servlet.BaseHolder -- Holding class hudson.util.PluginServletFilter from jdk.internal.loader.ClassLoaders$AppClassLoader@5ffd2b27
18:14:51.512 [Executing mockAddCredential(org.conjur.jenkins.credentials.ConjurCredentialStoreTest)] DEBUG org.eclipse.jetty.util.component.AbstractLifeCycle -- STARTED @18616ms plugins-filter==hudson.util.PluginServletFilter@442af298{inst=false,async=true,src=DESCRIPTOR:file:///Users/sameer.shaik/MyWorkSpace/17OctV2.2.3-New-BitBucketIssueFixed/conjur-credentials-plugin/target/jenkins-for-test/WEB-INF/web.xml}
18:14:51.512 [Executing mockAddCredential(org.conjur.jenkins.credentials.ConjurCredentialStoreTest)] DEBUG org.eclipse.jetty.servlet.FilterHolder -- Filter.init hudson.util.PluginServletFilter@32ec5729
18:14:51.512 [Executing mockAddCredential(org.conjur.jenkins.credentials.ConjurCredentialStoreTest)] DEBUG org.eclipse.jetty.util.component.AbstractLifeCycle -- starting Stapler==org.kohsuke.stapler.Stapler@f222d1a9{jsp=null,order=-1,inst=false,async=true,src=DESCRIPTOR:file:///Users/sameer.shaik/MyWorkSpace/17OctV2.2.3-New-BitBucketIssueFixed/conjur-credentials-plugin/target/jenkins-for-test/WEB-INF/web.xml,STOPPED}
18:14:51.512 [Executing mockAddCredential(org.conjur.jenkins.credentials.ConjurCredentialStoreTest)] DEBUG org.eclipse.jetty.servlet.BaseHolder -- Holding class org.kohsuke.stapler.Stapler from jdk.internal.loader.ClassLoaders$AppClassLoader@5ffd2b27
18:14:51.512 [Executing mockAddCredential(org.conjur.jenkins.credentials.ConjurCredentialStoreTest)] DEBUG org.eclipse.jetty.util.component.AbstractLifeCycle -- STARTED @18616ms Stapler==org.kohsuke.stapler.Stapler@f222d1a9{jsp=null,order=-1,inst=false,async=true,src=DESCRIPTOR:file:///Users/sameer.shaik/MyWorkSpace/17OctV2.2.3-New-BitBucketIssueFixed/conjur-credentials-plugin/target/jenkins-for-test/WEB-INF/web.xml,STARTED}
18:14:51.512 [Executing mockAddCredential(org.conjur.jenkins.credentials.ConjurCredentialStoreTest)] DEBUG org.eclipse.jetty.util.component.AbstractLifeCycle -- starting default==org.eclipse.jetty.servlet.DefaultServlet@5c13d641{jsp=null,order=0,inst=false,async=false,src=DESCRIPTOR:jar:file:/Users/sameer.shaik/.m2/repository/org/eclipse/jetty/jetty-webapp/9.4.48.v20220622/jetty-webapp-9.4.48.v20220622.jar!/org/eclipse/jetty/webapp/webdefault.xml,STOPPED}
18:14:51.512 [Executing mockAddCredential(org.conjur.jenkins.credentials.ConjurCredentialStoreTest)] DEBUG org.eclipse.jetty.servlet.BaseHolder -- Holding class org.eclipse.jetty.servlet.DefaultServlet from jdk.internal.loader.ClassLoaders$AppClassLoader@5ffd2b27
18:14:51.512 [Executing mockAddCredential(org.conjur.jenkins.credentials.ConjurCredentialStoreTest)] DEBUG org.eclipse.jetty.util.component.AbstractLifeCycle -- STARTED @18616ms default==org.eclipse.jetty.servlet.DefaultServlet@5c13d641{jsp=null,order=0,inst=false,async=false,src=DESCRIPTOR:jar:file:/Users/sameer.shaik/.m2/repository/org/eclipse/jetty/jetty-webapp/9.4.48.v20220622/jetty-webapp-9.4.48.v20220622.jar!/org/eclipse/jetty/webapp/webdefault.xml,STARTED}
18:14:51.512 [Executing mockAddCredential(org.conjur.jenkins.credentials.ConjurCredentialStoreTest)] DEBUG org.eclipse.jetty.servlet.ServletHolder -- Servlet.init null for default
18:14:51.512 [Executing mockAddCredential(org.conjur.jenkins.credentials.ConjurCredentialStoreTest)] DEBUG org.eclipse.jetty.servlet.DefaultServlet -- resource base = null
18:14:51.512 [Executing mockAddCredential(org.conjur.jenkins.credentials.ConjurCredentialStoreTest)] DEBUG org.eclipse.jetty.util.component.AbstractLifeCycle -- starting jsp==org.eclipse.jetty.servlet.NoJspServlet@19c47{jsp=null,order=0,inst=false,async=false,src=DESCRIPTOR:jar:file:/Users/sameer.shaik/.m2/repository/org/eclipse/jetty/jetty-webapp/9.4.48.v20220622/jetty-webapp-9.4.48.v20220622.jar!/org/eclipse/jetty/webapp/webdefault.xml,STOPPED}
18:14:51.512 [Executing mockAddCredential(org.conjur.jenkins.credentials.ConjurCredentialStoreTest)] DEBUG org.eclipse.jetty.servlet.BaseHolder -- Holding class org.eclipse.jetty.servlet.NoJspServlet from jdk.internal.loader.ClassLoaders$AppClassLoader@5ffd2b27
18:14:51.512 [Executing mockAddCredential(org.conjur.jenkins.credentials.ConjurCredentialStoreTest)] DEBUG org.eclipse.jetty.util.component.AbstractLifeCycle -- STARTED @18616ms jsp==org.eclipse.jetty.servlet.NoJspServlet@19c47{jsp=null,order=0,inst=false,async=false,src=DESCRIPTOR:jar:file:/Users/sameer.shaik/.m2/repository/org/eclipse/jetty/jetty-webapp/9.4.48.v20220622/jetty-webapp-9.4.48.v20220622.jar!/org/eclipse/jetty/webapp/webdefault.xml,STARTED}
18:14:51.512 [Executing mockAddCredential(org.conjur.jenkins.credentials.ConjurCredentialStoreTest)] DEBUG org.eclipse.jetty.servlet.ServletHolder -- Servlet.init null for jsp
18:14:51.512 [Executing mockAddCredential(org.conjur.jenkins.credentials.ConjurCredentialStoreTest)] INFO org.eclipse.jetty.server.handler.ContextHandler -- Started o.e.j.w.WebAppContext@73903ea6{Jenkins v2.346.3,/jenkins,file:///Users/sameer.shaik/MyWorkSpace/17OctV2.2.3-New-BitBucketIssueFixed/conjur-credentials-plugin/target/jenkins-for-test/,AVAILABLE}{/Users/sameer.shaik/MyWorkSpace/17OctV2.2.3-New-BitBucketIssueFixed/conjur-credentials-plugin/target/jenkins-for-test}
18:14:51.512 [Executing mockAddCredential(org.conjur.jenkins.credentials.ConjurCredentialStoreTest)] DEBUG org.eclipse.jetty.webapp.WebAppContext -- postConfigure o.e.j.w.WebAppContext@73903ea6{Jenkins v2.346.3,/jenkins,file:///Users/sameer.shaik/MyWorkSpace/17OctV2.2.3-New-BitBucketIssueFixed/conjur-credentials-plugin/target/jenkins-for-test/,AVAILABLE}{/Users/sameer.shaik/MyWorkSpace/17OctV2.2.3-New-BitBucketIssueFixed/conjur-credentials-plugin/target/jenkins-for-test} with org.eclipse.jetty.webapp.WebXmlConfiguration@4d73a0ed
18:14:51.512 [Executing mockAddCredential(org.conjur.jenkins.credentials.ConjurCredentialStoreTest)] DEBUG org.eclipse.jetty.util.component.AbstractLifeCycle -- STARTED @18616ms o.e.j.w.WebAppContext@73903ea6{Jenkins v2.346.3,/jenkins,file:///Users/sameer.shaik/MyWorkSpace/17OctV2.2.3-New-BitBucketIssueFixed/conjur-credentials-plugin/target/jenkins-for-test/,AVAILABLE}{/Users/sameer.shaik/MyWorkSpace/17OctV2.2.3-New-BitBucketIssueFixed/conjur-credentials-plugin/target/jenkins-for-test}
18:14:51.512 [Executing mockAddCredential(org.conjur.jenkins.credentials.ConjurCredentialStoreTest)] DEBUG org.eclipse.jetty.util.component.AbstractLifeCycle -- starting ErrorHandler@45d3c6b0{STOPPED}
18:14:51.512 [Executing mockAddCredential(org.conjur.jenkins.credentials.ConjurCredentialStoreTest)] DEBUG org.eclipse.jetty.server.handler.AbstractHandler -- starting ErrorHandler@45d3c6b0{STARTING}
18:14:51.512 [Executing mockAddCredential(org.conjur.jenkins.credentials.ConjurCredentialStoreTest)] DEBUG org.eclipse.jetty.util.component.AbstractLifeCycle -- STARTED @18616ms ErrorHandler@45d3c6b0{STARTED}
18:14:51.513 [Executing mockAddCredential(org.conjur.jenkins.credentials.ConjurCredentialStoreTest)] DEBUG org.eclipse.jetty.util.component.AbstractLifeCycle -- starting ServerConnector@b3506f4{HTTP/1.1, (http/1.1)}{localhost:0}
18:14:51.513 [Executing mockAddCredential(org.conjur.jenkins.credentials.ConjurCredentialStoreTest)] DEBUG org.eclipse.jetty.util.component.ContainerLifeCycle -- ServerConnector@b3506f4{HTTP/1.1, (http/1.1)}{localhost:51467} added {sun.nio.ch.ServerSocketChannelImpl[/127.0.0.1:51467],POJO}
18:14:51.513 [Executing mockAddCredential(org.conjur.jenkins.credentials.ConjurCredentialStoreTest)] DEBUG org.eclipse.jetty.util.component.AbstractLifeCycle -- starting ScheduledExecutorScheduler@144df97e{STOPPED}
18:14:51.513 [Executing mockAddCredential(org.conjur.jenkins.credentials.ConjurCredentialStoreTest)] DEBUG org.eclipse.jetty.util.component.AbstractLifeCycle -- STARTED @18617ms ScheduledExecutorScheduler@144df97e{STARTED}
18:14:51.513 [Executing mockAddCredential(org.conjur.jenkins.credentials.ConjurCredentialStoreTest)] DEBUG org.eclipse.jetty.util.component.AbstractLifeCycle -- starting HttpConnectionFactory@6ee5cb35[HTTP/1.1]
18:14:51.513 [Executing mockAddCredential(org.conjur.jenkins.credentials.ConjurCredentialStoreTest)] DEBUG org.eclipse.jetty.util.component.AbstractLifeCycle -- STARTED @18617ms HttpConnectionFactory@6ee5cb35[HTTP/1.1]
18:14:51.513 [Executing mockAddCredential(org.conjur.jenkins.credentials.ConjurCredentialStoreTest)] DEBUG org.eclipse.jetty.util.component.AbstractLifeCycle -- starting SelectorManager@ServerConnector@b3506f4{HTTP/1.1, (http/1.1)}{localhost:51467}
18:14:51.513 [Executing mockAddCredential(org.conjur.jenkins.credentials.ConjurCredentialStoreTest)] DEBUG org.eclipse.jetty.util.component.ContainerLifeCycle -- EatWhatYouKill@16f302d8/SelectorProducer@46f64a30/IDLE/p=false/QueuedThreadPool[Jetty (JenkinsRule)]@4c9064a8{STARTED,8<=8<=200,i=8,r=-1,q=0}[ReservedThreadExecutor@66726a58{reserved=0/16,pending=0}][pc=0,pic=0,pec=0,epc=0]@2024-10-22T18:14:51.513472+05:30 added {SelectorProducer@46f64a30,POJO}
18:14:51.513 [Executing mockAddCredential(org.conjur.jenkins.credentials.ConjurCredentialStoreTest)] DEBUG org.eclipse.jetty.util.component.ContainerLifeCycle -- EatWhatYouKill@16f302d8/SelectorProducer@46f64a30/IDLE/p=false/QueuedThreadPool[Jetty (JenkinsRule)]@4c9064a8{STARTED,8<=8<=200,i=8,r=-1,q=0}[ReservedThreadExecutor@66726a58{reserved=0/16,pending=0}][pc=0,pic=0,pec=0,epc=0]@2024-10-22T18:14:51.513526+05:30 added {QueuedThreadPool[Jetty (JenkinsRule)]@4c9064a8{STARTED,8<=8<=200,i=8,r=-1,q=0}[ReservedThreadExecutor@66726a58{reserved=0/16,pending=0}],UNMANAGED}
18:14:51.513 [Executing mockAddCredential(org.conjur.jenkins.credentials.ConjurCredentialStoreTest)] DEBUG org.eclipse.jetty.util.thread.strategy.EatWhatYouKill -- EatWhatYouKill@16f302d8/SelectorProducer@46f64a30/IDLE/p=false/QueuedThreadPool[Jetty (JenkinsRule)]@4c9064a8{STARTED,8<=8<=200,i=8,r=-1,q=0}[ReservedThreadExecutor@66726a58{reserved=0/16,pending=0}][pc=0,pic=0,pec=0,epc=0]@2024-10-22T18:14:51.513585+05:30 created
18:14:51.513 [Executing mockAddCredential(org.conjur.jenkins.credentials.ConjurCredentialStoreTest)] DEBUG org.eclipse.jetty.util.component.ContainerLifeCycle -- ManagedSelector@2118aedd{STOPPED} id=0 keys=-1 selected=-1 updates=0 added {EatWhatYouKill@16f302d8/SelectorProducer@46f64a30/IDLE/p=false/QueuedThreadPool[Jetty (JenkinsRule)]@4c9064a8{STARTED,8<=8<=200,i=8,r=-1,q=0}[ReservedThreadExecutor@66726a58{reserved=0/16,pending=0}][pc=0,pic=0,pec=0,epc=0]@2024-10-22T18:14:51.513631+05:30,MANAGED}
18:14:51.513 [Executing mockAddCredential(org.conjur.jenkins.credentials.ConjurCredentialStoreTest)] DEBUG org.eclipse.jetty.util.component.ContainerLifeCycle -- SelectorManager@ServerConnector@b3506f4{HTTP/1.1, (http/1.1)}{localhost:51467} added {ManagedSelector@2118aedd{STOPPED} id=0 keys=-1 selected=-1 updates=0,AUTO}
18:14:51.513 [Executing mockAddCredential(org.conjur.jenkins.credentials.ConjurCredentialStoreTest)] DEBUG org.eclipse.jetty.util.component.ContainerLifeCycle -- EatWhatYouKill@d7dfe6e/SelectorProducer@316c8db/IDLE/p=false/QueuedThreadPool[Jetty (JenkinsRule)]@4c9064a8{STARTED,8<=8<=200,i=8,r=-1,q=0}[ReservedThreadExecutor@66726a58{reserved=0/16,pending=0}][pc=0,pic=0,pec=0,epc=0]@2024-10-22T18:14:51.513723+05:30 added {SelectorProducer@316c8db,POJO}
18:14:51.513 [Executing mockAddCredential(org.conjur.jenkins.credentials.ConjurCredentialStoreTest)] DEBUG org.eclipse.jetty.util.component.ContainerLifeCycle -- EatWhatYouKill@d7dfe6e/SelectorProducer@316c8db/IDLE/p=false/QueuedThreadPool[Jetty (JenkinsRule)]@4c9064a8{STARTED,8<=8<=200,i=8,r=-1,q=0}[ReservedThreadExecutor@66726a58{reserved=0/16,pending=0}][pc=0,pic=0,pec=0,epc=0]@2024-10-22T18:14:51.513761+05:30 added {QueuedThreadPool[Jetty (JenkinsRule)]@4c9064a8{STARTED,8<=8<=200,i=8,r=-1,q=0}[ReservedThreadExecutor@66726a58{reserved=0/16,pending=0}],UNMANAGED}
18:14:51.513 [Executing mockAddCredential(org.conjur.jenkins.credentials.ConjurCredentialStoreTest)] DEBUG org.eclipse.jetty.util.thread.strategy.EatWhatYouKill -- EatWhatYouKill@d7dfe6e/SelectorProducer@316c8db/IDLE/p=false/QueuedThreadPool[Jetty (JenkinsRule)]@4c9064a8{STARTED,8<=8<=200,i=8,r=-1,q=0}[ReservedThreadExecutor@66726a58{reserved=0/16,pending=0}][pc=0,pic=0,pec=0,epc=0]@2024-10-22T18:14:51.513813+05:30 created
18:14:51.513 [Executing mockAddCredential(org.conjur.jenkins.credentials.ConjurCredentialStoreTest)] DEBUG org.eclipse.jetty.util.component.ContainerLifeCycle -- ManagedSelector@7745a543{STOPPED} id=1 keys=-1 selected=-1 updates=0 added {EatWhatYouKill@d7dfe6e/SelectorProducer@316c8db/IDLE/p=false/QueuedThreadPool[Jetty (JenkinsRule)]@4c9064a8{STARTED,8<=8<=200,i=8,r=-1,q=0}[ReservedThreadExecutor@66726a58{reserved=0/16,pending=0}][pc=0,pic=0,pec=0,epc=0]@2024-10-22T18:14:51.513857+05:30,MANAGED}
18:14:51.513 [Executing mockAddCredential(org.conjur.jenkins.credentials.ConjurCredentialStoreTest)] DEBUG org.eclipse.jetty.util.component.ContainerLifeCycle -- SelectorManager@ServerConnector@b3506f4{HTTP/1.1, (http/1.1)}{localhost:51467} added {ManagedSelector@7745a543{STOPPED} id=1 keys=-1 selected=-1 updates=0,AUTO}
18:14:51.513 [Executing mockAddCredential(org.conjur.jenkins.credentials.ConjurCredentialStoreTest)] DEBUG org.eclipse.jetty.util.component.ContainerLifeCycle -- EatWhatYouKill@134f9330/SelectorProducer@71a381b9/IDLE/p=false/QueuedThreadPool[Jetty (JenkinsRule)]@4c9064a8{STARTED,8<=8<=200,i=8,r=-1,q=0}[ReservedThreadExecutor@66726a58{reserved=0/16,pending=0}][pc=0,pic=0,pec=0,epc=0]@2024-10-22T18:14:51.513934+05:30 added {SelectorProducer@71a381b9,POJO}
18:14:51.514 [Executing mockAddCredential(org.conjur.jenkins.credentials.ConjurCredentialStoreTest)] DEBUG org.eclipse.jetty.util.component.ContainerLifeCycle -- EatWhatYouKill@134f9330/SelectorProducer@71a381b9/IDLE/p=false/QueuedThreadPool[Jetty (JenkinsRule)]@4c9064a8{STARTED,8<=8<=200,i=8,r=-1,q=0}[ReservedThreadExecutor@66726a58{reserved=0/16,pending=0}][pc=0,pic=0,pec=0,epc=0]@2024-10-22T18:14:51.513975+05:30 added {QueuedThreadPool[Jetty (JenkinsRule)]@4c9064a8{STARTED,8<=8<=200,i=8,r=-1,q=0}[ReservedThreadExecutor@66726a58{reserved=0/16,pending=0}],UNMANAGED}
18:14:51.514 [Executing mockAddCredential(org.conjur.jenkins.credentials.ConjurCredentialStoreTest)] DEBUG org.eclipse.jetty.util.thread.strategy.EatWhatYouKill -- EatWhatYouKill@134f9330/SelectorProducer@71a381b9/IDLE/p=false/QueuedThreadPool[Jetty (JenkinsRule)]@4c9064a8{STARTED,8<=8<=200,i=8,r=-1,q=0}[ReservedThreadExecutor@66726a58{reserved=0/16,pending=0}][pc=0,pic=0,pec=0,epc=0]@2024-10-22T18:14:51.514035+05:30 created
18:14:51.514 [Executing mockAddCredential(org.conjur.jenkins.credentials.ConjurCredentialStoreTest)] DEBUG org.eclipse.jetty.util.component.ContainerLifeCycle -- ManagedSelector@4446df46{STOPPED} id=2 keys=-1 selected=-1 updates=0 added {EatWhatYouKill@134f9330/SelectorProducer@71a381b9/IDLE/p=false/QueuedThreadPool[Jetty (JenkinsRule)]@4c9064a8{STARTED,8<=8<=200,i=8,r=-1,q=0}[ReservedThreadExecutor@66726a58{reserved=0/16,pending=0}][pc=0,pic=0,pec=0,epc=0]@2024-10-22T18:14:51.51408+05:30,MANAGED}
18:14:51.514 [Executing mockAddCredential(org.conjur.jenkins.credentials.ConjurCredentialStoreTest)] DEBUG org.eclipse.jetty.util.component.ContainerLifeCycle -- SelectorManager@ServerConnector@b3506f4{HTTP/1.1, (http/1.1)}{localhost:51467} added {ManagedSelector@4446df46{STOPPED} id=2 keys=-1 selected=-1 updates=0,AUTO}
18:14:51.514 [Executing mockAddCredential(org.conjur.jenkins.credentials.ConjurCredentialStoreTest)] DEBUG org.eclipse.jetty.util.component.ContainerLifeCycle -- EatWhatYouKill@1ef30530/SelectorProducer@71cad3cd/IDLE/p=false/QueuedThreadPool[Jetty (JenkinsRule)]@4c9064a8{STARTED,8<=8<=200,i=8,r=-1,q=0}[ReservedThreadExecutor@66726a58{reserved=0/16,pending=0}][pc=0,pic=0,pec=0,epc=0]@2024-10-22T18:14:51.514172+05:30 added {SelectorProducer@71cad3cd,POJO}
18:14:51.514 [Executing mockAddCredential(org.conjur.jenkins.credentials.ConjurCredentialStoreTest)] DEBUG org.eclipse.jetty.util.component.ContainerLifeCycle -- EatWhatYouKill@1ef30530/SelectorProducer@71cad3cd/IDLE/p=false/QueuedThreadPool[Jetty (JenkinsRule)]@4c9064a8{STARTED,8<=8<=200,i=8,r=-1,q=0}[ReservedThreadExecutor@66726a58{reserved=0/16,pending=0}][pc=0,pic=0,pec=0,epc=0]@2024-10-22T18:14:51.51421+05:30 added {QueuedThreadPool[Jetty (JenkinsRule)]@4c9064a8{STARTED,8<=8<=200,i=8,r=-1,q=0}[ReservedThreadExecutor@66726a58{reserved=0/16,pending=0}],UNMANAGED}
18:14:51.514 [Executing mockAddCredential(org.conjur.jenkins.credentials.ConjurCredentialStoreTest)] DEBUG org.eclipse.jetty.util.thread.strategy.EatWhatYouKill -- EatWhatYouKill@1ef30530/SelectorProducer@71cad3cd/IDLE/p=false/QueuedThreadPool[Jetty (JenkinsRule)]@4c9064a8{STARTED,8<=8<=200,i=8,r=-1,q=0}[ReservedThreadExecutor@66726a58{reserved=0/16,pending=0}][pc=0,pic=0,pec=0,epc=0]@2024-10-22T18:14:51.514264+05:30 created
18:14:51.514 [Executing mockAddCredential(org.conjur.jenkins.credentials.ConjurCredentialStoreTest)] DEBUG org.eclipse.jetty.util.component.ContainerLifeCycle -- ManagedSelector@1c893a04{STOPPED} id=3 keys=-1 selected=-1 updates=0 added {EatWhatYouKill@1ef30530/SelectorProducer@71cad3cd/IDLE/p=false/QueuedThreadPool[Jetty (JenkinsRule)]@4c9064a8{STARTED,8<=8<=200,i=8,r=-1,q=0}[ReservedThreadExecutor@66726a58{reserved=0/16,pending=0}][pc=0,pic=0,pec=0,epc=0]@2024-10-22T18:14:51.51431+05:30,MANAGED}
18:14:51.514 [Executing mockAddCredential(org.conjur.jenkins.credentials.ConjurCredentialStoreTest)] DEBUG org.eclipse.jetty.util.component.ContainerLifeCycle -- SelectorManager@ServerConnector@b3506f4{HTTP/1.1, (http/1.1)}{localhost:51467} added {ManagedSelector@1c893a04{STOPPED} id=3 keys=-1 selected=-1 updates=0,AUTO}
18:14:51.514 [Executing mockAddCredential(org.conjur.jenkins.credentials.ConjurCredentialStoreTest)] DEBUG org.eclipse.jetty.util.component.ContainerLifeCycle -- EatWhatYouKill@6e477a3c/SelectorProducer@689b3841/IDLE/p=false/QueuedThreadPool[Jetty (JenkinsRule)]@4c9064a8{STARTED,8<=8<=200,i=8,r=-1,q=0}[ReservedThreadExecutor@66726a58{reserved=0/16,pending=0}][pc=0,pic=0,pec=0,epc=0]@2024-10-22T18:14:51.514387+05:30 added {SelectorProducer@689b3841,POJO}
18:14:51.514 [Executing mockAddCredential(org.conjur.jenkins.credentials.ConjurCredentialStoreTest)] DEBUG org.eclipse.jetty.util.component.ContainerLifeCycle -- EatWhatYouKill@6e477a3c/SelectorProducer@689b3841/IDLE/p=false/QueuedThreadPool[Jetty (JenkinsRule)]@4c9064a8{STARTED,8<=8<=200,i=8,r=-1,q=0}[ReservedThreadExecutor@66726a58{reserved=0/16,pending=0}][pc=0,pic=0,pec=0,epc=0]@2024-10-22T18:14:51.514428+05:30 added {QueuedThreadPool[Jetty (JenkinsRule)]@4c9064a8{STARTED,8<=8<=200,i=8,r=-1,q=0}[ReservedThreadExecutor@66726a58{reserved=0/16,pending=0}],UNMANAGED}
18:14:51.514 [Executing mockAddCredential(org.conjur.jenkins.credentials.ConjurCredentialStoreTest)] DEBUG org.eclipse.jetty.util.thread.strategy.EatWhatYouKill -- EatWhatYouKill@6e477a3c/SelectorProducer@689b3841/IDLE/p=false/QueuedThreadPool[Jetty (JenkinsRule)]@4c9064a8{STARTED,8<=8<=200,i=8,r=-1,q=0}[ReservedThreadExecutor@66726a58{reserved=0/16,pending=0}][pc=0,pic=0,pec=0,epc=0]@2024-10-22T18:14:51.51448+05:30 created
18:14:51.514 [Executing mockAddCredential(org.conjur.jenkins.credentials.ConjurCredentialStoreTest)] DEBUG org.eclipse.jetty.util.component.ContainerLifeCycle -- ManagedSelector@4fe8ca24{STOPPED} id=4 keys=-1 selected=-1 updates=0 added {EatWhatYouKill@6e477a3c/SelectorProducer@689b3841/IDLE/p=false/QueuedThreadPool[Jetty (JenkinsRule)]@4c9064a8{STARTED,8<=8<=200,i=8,r=-1,q=0}[ReservedThreadExecutor@66726a58{reserved=0/16,pending=0}][pc=0,pic=0,pec=0,epc=0]@2024-10-22T18:14:51.514527+05:30,MANAGED}
18:14:51.514 [Executing mockAddCredential(org.conjur.jenkins.credentials.ConjurCredentialStoreTest)] DEBUG org.eclipse.jetty.util.component.ContainerLifeCycle -- SelectorManager@ServerConnector@b3506f4{HTTP/1.1, (http/1.1)}{localhost:51467} added {ManagedSelector@4fe8ca24{STOPPED} id=4 keys=-1 selected=-1 updates=0,AUTO}
18:14:51.514 [Executing mockAddCredential(org.conjur.jenkins.credentials.ConjurCredentialStoreTest)] DEBUG org.eclipse.jetty.util.component.ContainerLifeCycle -- EatWhatYouKill@1a6490c7/SelectorProducer@4f279f2d/IDLE/p=false/QueuedThreadPool[Jetty (JenkinsRule)]@4c9064a8{STARTED,8<=8<=200,i=8,r=-1,q=0}[ReservedThreadExecutor@66726a58{reserved=0/16,pending=0}][pc=0,pic=0,pec=0,epc=0]@2024-10-22T18:14:51.514605+05:30 added {SelectorProducer@4f279f2d,POJO}
18:14:51.514 [Executing mockAddCredential(org.conjur.jenkins.credentials.ConjurCredentialStoreTest)] DEBUG org.eclipse.jetty.util.component.ContainerLifeCycle -- EatWhatYouKill@1a6490c7/SelectorProducer@4f279f2d/IDLE/p=false/QueuedThreadPool[Jetty (JenkinsRule)]@4c9064a8{STARTED,8<=8<=200,i=8,r=-1,q=0}[ReservedThreadExecutor@66726a58{reserved=0/16,pending=0}][pc=0,pic=0,pec=0,epc=0]@2024-10-22T18:14:51.514646+05:30 added {QueuedThreadPool[Jetty (JenkinsRule)]@4c9064a8{STARTED,8<=8<=200,i=8,r=-1,q=0}[ReservedThreadExecutor@66726a58{reserved=0/16,pending=0}],UNMANAGED}
18:14:51.514 [Executing mockAddCredential(org.conjur.jenkins.credentials.ConjurCredentialStoreTest)] DEBUG org.eclipse.jetty.util.thread.strategy.EatWhatYouKill -- EatWhatYouKill@1a6490c7/SelectorProducer@4f279f2d/IDLE/p=false/QueuedThreadPool[Jetty (JenkinsRule)]@4c9064a8{STARTED,8<=8<=200,i=8,r=-1,q=0}[ReservedThreadExecutor@66726a58{reserved=0/16,pending=0}][pc=0,pic=0,pec=0,epc=0]@2024-10-22T18:14:51.514698+05:30 created
18:14:51.514 [Executing mockAddCredential(org.conjur.jenkins.credentials.ConjurCredentialStoreTest)] DEBUG org.eclipse.jetty.util.component.ContainerLifeCycle -- ManagedSelector@7e4fefb8{STOPPED} id=5 keys=-1 selected=-1 updates=0 added {EatWhatYouKill@1a6490c7/SelectorProducer@4f279f2d/IDLE/p=false/QueuedThreadPool[Jetty (JenkinsRule)]@4c9064a8{STARTED,8<=8<=200,i=8,r=-1,q=0}[ReservedThreadExecutor@66726a58{reserved=0/16,pending=0}][pc=0,pic=0,pec=0,epc=0]@2024-10-22T18:14:51.514744+05:30,MANAGED}
18:14:51.514 [Executing mockAddCredential(org.conjur.jenkins.credentials.ConjurCredentialStoreTest)] DEBUG org.eclipse.jetty.util.component.ContainerLifeCycle -- SelectorManager@ServerConnector@b3506f4{HTTP/1.1, (http/1.1)}{localhost:51467} added {ManagedSelector@7e4fefb8{STOPPED} id=5 keys=-1 selected=-1 updates=0,AUTO}
18:14:51.514 [Executing mockAddCredential(org.conjur.jenkins.credentials.ConjurCredentialStoreTest)] DEBUG org.eclipse.jetty.util.component.ContainerLifeCycle -- EatWhatYouKill@777fa3bf/SelectorProducer@49a3e73f/IDLE/p=false/QueuedThreadPool[Jetty (JenkinsRule)]@4c9064a8{STARTED,8<=8<=200,i=8,r=-1,q=0}[ReservedThreadExecutor@66726a58{reserved=0/16,pending=0}][pc=0,pic=0,pec=0,epc=0]@2024-10-22T18:14:51.514817+05:30 added {SelectorProducer@49a3e73f,POJO}
18:14:51.514 [Executing mockAddCredential(org.conjur.jenkins.credentials.ConjurCredentialStoreTest)] DEBUG org.eclipse.jetty.util.component.ContainerLifeCycle -- EatWhatYouKill@777fa3bf/SelectorProducer@49a3e73f/IDLE/p=false/QueuedThreadPool[Jetty (JenkinsRule)]@4c9064a8{STARTED,8<=8<=200,i=8,r=-1,q=0}[ReservedThreadExecutor@66726a58{reserved=0/16,pending=0}][pc=0,pic=0,pec=0,epc=0]@2024-10-22T18:14:51.514857+05:30 added {QueuedThreadPool[Jetty (JenkinsRule)]@4c9064a8{STARTED,8<=8<=200,i=8,r=-1,q=0}[ReservedThreadExecutor@66726a58{reserved=0/16,pending=0}],UNMANAGED}
18:14:51.514 [Executing mockAddCredential(org.conjur.jenkins.credentials.ConjurCredentialStoreTest)] DEBUG org.eclipse.jetty.util.thread.strategy.EatWhatYouKill -- EatWhatYouKill@777fa3bf/SelectorProducer@49a3e73f/IDLE/p=false/QueuedThreadPool[Jetty (JenkinsRule)]@4c9064a8{STARTED,8<=8<=200,i=8,r=-1,q=0}[ReservedThreadExecutor@66726a58{reserved=0/16,pending=0}][pc=0,pic=0,pec=0,epc=0]@2024-10-22T18:14:51.514907+05:30 created
18:14:51.514 [Executing mockAddCredential(org.conjur.jenkins.credentials.ConjurCredentialStoreTest)] DEBUG org.eclipse.jetty.util.component.ContainerLifeCycle -- ManagedSelector@3a8ec7d1{STOPPED} id=6 keys=-1 selected=-1 updates=0 added {EatWhatYouKill@777fa3bf/SelectorProducer@49a3e73f/IDLE/p=false/QueuedThreadPool[Jetty (JenkinsRule)]@4c9064a8{STARTED,8<=8<=200,i=8,r=-1,q=0}[ReservedThreadExecutor@66726a58{reserved=0/16,pending=0}][pc=0,pic=0,pec=0,epc=0]@2024-10-22T18:14:51.514954+05:30,MANAGED}
18:14:51.514 [Executing mockAddCredential(org.conjur.jenkins.credentials.ConjurCredentialStoreTest)] DEBUG org.eclipse.jetty.util.component.ContainerLifeCycle -- SelectorManager@ServerConnector@b3506f4{HTTP/1.1, (http/1.1)}{localhost:51467} added {ManagedSelector@3a8ec7d1{STOPPED} id=6 keys=-1 selected=-1 updates=0,AUTO}
18:14:51.515 [Executing mockAddCredential(org.conjur.jenkins.credentials.ConjurCredentialStoreTest)] DEBUG org.eclipse.jetty.util.component.ContainerLifeCycle -- EatWhatYouKill@3b3dcd17/SelectorProducer@31d5f394/IDLE/p=false/QueuedThreadPool[Jetty (JenkinsRule)]@4c9064a8{STARTED,8<=8<=200,i=8,r=-1,q=0}[ReservedThreadExecutor@66726a58{reserved=0/16,pending=0}][pc=0,pic=0,pec=0,epc=0]@2024-10-22T18:14:51.51503+05:30 added {SelectorProducer@31d5f394,POJO}
18:14:51.515 [Executing mockAddCredential(org.conjur.jenkins.credentials.ConjurCredentialStoreTest)] DEBUG org.eclipse.jetty.util.component.ContainerLifeCycle -- EatWhatYouKill@3b3dcd17/SelectorProducer@31d5f394/IDLE/p=false/QueuedThreadPool[Jetty (JenkinsRule)]@4c9064a8{STARTED,8<=8<=200,i=8,r=-1,q=0}[ReservedThreadExecutor@66726a58{reserved=0/16,pending=0}][pc=0,pic=0,pec=0,epc=0]@2024-10-22T18:14:51.515073+05:30 added {QueuedThreadPool[Jetty (JenkinsRule)]@4c9064a8{STARTED,8<=8<=200,i=8,r=-1,q=0}[ReservedThreadExecutor@66726a58{reserved=0/16,pending=0}],UNMANAGED}
18:14:51.515 [Executing mockAddCredential(org.conjur.jenkins.credentials.ConjurCredentialStoreTest)] DEBUG org.eclipse.jetty.util.thread.strategy.EatWhatYouKill -- EatWhatYouKill@3b3dcd17/SelectorProducer@31d5f394/IDLE/p=false/QueuedThreadPool[Jetty (JenkinsRule)]@4c9064a8{STARTED,8<=8<=200,i=8,r=-1,q=0}[ReservedThreadExecutor@66726a58{reserved=0/16,pending=0}][pc=0,pic=0,pec=0,epc=0]@2024-10-22T18:14:51.515127+05:30 created
18:14:51.515 [Executing mockAddCredential(org.conjur.jenkins.credentials.ConjurCredentialStoreTest)] DEBUG org.eclipse.jetty.util.component.ContainerLifeCycle -- ManagedSelector@6719608e{STOPPED} id=7 keys=-1 selected=-1 updates=0 added {EatWhatYouKill@3b3dcd17/SelectorProducer@31d5f394/IDLE/p=false/QueuedThreadPool[Jetty (JenkinsRule)]@4c9064a8{STARTED,8<=8<=200,i=8,r=-1,q=0}[ReservedThreadExecutor@66726a58{reserved=0/16,pending=0}][pc=0,pic=0,pec=0,epc=0]@2024-10-22T18:14:51.515173+05:30,MANAGED}
18:14:51.515 [Executing mockAddCredential(org.conjur.jenkins.credentials.ConjurCredentialStoreTest)] DEBUG org.eclipse.jetty.util.component.ContainerLifeCycle -- SelectorManager@ServerConnector@b3506f4{HTTP/1.1, (http/1.1)}{localhost:51467} added {ManagedSelector@6719608e{STOPPED} id=7 keys=-1 selected=-1 updates=0,AUTO}
18:14:51.515 [Executing mockAddCredential(org.conjur.jenkins.credentials.ConjurCredentialStoreTest)] DEBUG org.eclipse.jetty.util.component.AbstractLifeCycle -- starting ManagedSelector@2118aedd{STOPPED} id=0 keys=-1 selected=-1 updates=0
18:14:51.515 [Executing mockAddCredential(org.conjur.jenkins.credentials.ConjurCredentialStoreTest)] DEBUG org.eclipse.jetty.util.component.AbstractLifeCycle -- starting EatWhatYouKill@16f302d8/SelectorProducer@46f64a30/IDLE/p=false/QueuedThreadPool[Jetty (JenkinsRule)]@4c9064a8{STARTED,8<=8<=200,i=8,r=-1,q=0}[ReservedThreadExecutor@66726a58{reserved=0/16,pending=0}][pc=0,pic=0,pec=0,epc=0]@2024-10-22T18:14:51.515265+05:30
18:14:51.515 [Executing mockAddCredential(org.conjur.jenkins.credentials.ConjurCredentialStoreTest)] DEBUG org.eclipse.jetty.util.component.AbstractLifeCycle -- STARTED @18619ms EatWhatYouKill@16f302d8/SelectorProducer@46f64a30/IDLE/p=false/QueuedThreadPool[Jetty (JenkinsRule)]@4c9064a8{STARTED,8<=8<=200,i=8,r=-1,q=0}[ReservedThreadExecutor@66726a58{reserved=0/16,pending=0}][pc=0,pic=0,pec=0,epc=0]@2024-10-22T18:14:51.515305+05:30
18:14:51.515 [Executing mockAddCredential(org.conjur.jenkins.credentials.ConjurCredentialStoreTest)] DEBUG org.eclipse.jetty.util.thread.QueuedThreadPool -- queue org.eclipse.jetty.io.ManagedSelector$$Lambda$424/0x00000001403801f8@2b6583f3 startThread=0
18:14:51.515 [Executing mockAddCredential(org.conjur.jenkins.credentials.ConjurCredentialStoreTest)] DEBUG org.eclipse.jetty.io.ManagedSelector -- Queued change lazy=false org.eclipse.jetty.io.ManagedSelector$Start@7ee5a6fd on ManagedSelector@2118aedd{STARTING} id=0 keys=0 selected=0 updates=0
18:14:51.515 [Jetty (JenkinsRule)-422] DEBUG org.eclipse.jetty.util.thread.QueuedThreadPool -- run org.eclipse.jetty.io.ManagedSelector$$Lambda$424/0x00000001403801f8@2b6583f3 in QueuedThreadPool[Jetty (JenkinsRule)]@4c9064a8{STARTED,8<=8<=200,i=7,r=-1,q=0}[ReservedThreadExecutor@66726a58{reserved=0/16,pending=0}]
18:14:51.515 [Jetty (JenkinsRule)-422] DEBUG org.eclipse.jetty.util.thread.strategy.EatWhatYouKill -- EatWhatYouKill@16f302d8/SelectorProducer@46f64a30/IDLE/p=false/QueuedThreadPool[Jetty (JenkinsRule)]@4c9064a8{STARTED,8<=8<=200,i=7,r=-1,q=0}[ReservedThreadExecutor@66726a58{reserved=0/16,pending=0}][pc=0,pic=0,pec=0,epc=0]@2024-10-22T18:14:51.515505+05:30 tryProduce false
18:14:51.515 [Jetty (JenkinsRule)-422] DEBUG org.eclipse.jetty.io.ManagedSelector -- updateable 1
18:14:51.515 [Jetty (JenkinsRule)-422] DEBUG org.eclipse.jetty.io.ManagedSelector -- update org.eclipse.jetty.io.ManagedSelector$Start@7ee5a6fd
18:14:51.515 [Jetty (JenkinsRule)-422] DEBUG org.eclipse.jetty.io.ManagedSelector -- updates 0
18:14:51.515 [Jetty (JenkinsRule)-422] DEBUG org.eclipse.jetty.io.ManagedSelector -- Selector sun.nio.ch.KQueueSelectorImpl@19d8cdf1 waiting with 0 keys
18:14:51.515 [Executing mockAddCredential(org.conjur.jenkins.credentials.ConjurCredentialStoreTest)] DEBUG org.eclipse.jetty.util.component.AbstractLifeCycle -- STARTED @18619ms ManagedSelector@2118aedd{STARTED} id=0 keys=0 selected=0 updates=0
18:14:51.515 [Executing mockAddCredential(org.conjur.jenkins.credentials.ConjurCredentialStoreTest)] DEBUG org.eclipse.jetty.util.component.AbstractLifeCycle -- starting ManagedSelector@7745a543{STOPPED} id=1 keys=-1 selected=-1 updates=0
18:14:51.515 [Executing mockAddCredential(org.conjur.jenkins.credentials.ConjurCredentialStoreTest)] DEBUG org.eclipse.jetty.util.component.AbstractLifeCycle -- starting EatWhatYouKill@d7dfe6e/SelectorProducer@316c8db/IDLE/p=false/QueuedThreadPool[Jetty (JenkinsRule)]@4c9064a8{STARTED,8<=8<=200,i=7,r=-1,q=0}[ReservedThreadExecutor@66726a58{reserved=0/16,pending=0}][pc=0,pic=0,pec=0,epc=0]@2024-10-22T18:14:51.515717+05:30
18:14:51.515 [Executing mockAddCredential(org.conjur.jenkins.credentials.ConjurCredentialStoreTest)] DEBUG org.eclipse.jetty.util.component.AbstractLifeCycle -- STARTED @18619ms EatWhatYouKill@d7dfe6e/SelectorProducer@316c8db/IDLE/p=false/QueuedThreadPool[Jetty (JenkinsRule)]@4c9064a8{STARTED,8<=8<=200,i=7,r=-1,q=0}[ReservedThreadExecutor@66726a58{reserved=0/16,pending=0}][pc=0,pic=0,pec=0,epc=0]@2024-10-22T18:14:51.515765+05:30
18:14:51.515 [Executing mockAddCredential(org.conjur.jenkins.credentials.ConjurCredentialStoreTest)] DEBUG org.eclipse.jetty.util.thread.QueuedThreadPool -- queue org.eclipse.jetty.io.ManagedSelector$$Lambda$424/0x00000001403801f8@60b2a3e6 startThread=0
18:14:51.515 [Executing mockAddCredential(org.conjur.jenkins.credentials.ConjurCredentialStoreTest)] DEBUG org.eclipse.jetty.io.ManagedSelector -- Queued change lazy=false org.eclipse.jetty.io.ManagedSelector$Start@4c83b26e on ManagedSelector@7745a543{STARTING} id=1 keys=0 selected=0 updates=0
18:14:51.515 [Jetty (JenkinsRule)-423] DEBUG org.eclipse.jetty.util.thread.QueuedThreadPool -- run org.eclipse.jetty.io.ManagedSelector$$Lambda$424/0x00000001403801f8@60b2a3e6 in QueuedThreadPool[Jetty (JenkinsRule)]@4c9064a8{STARTED,8<=8<=200,i=6,r=-1,q=0}[ReservedThreadExecutor@66726a58{reserved=0/16,pending=0}]
18:14:51.515 [Jetty (JenkinsRule)-423] DEBUG org.eclipse.jetty.util.thread.strategy.EatWhatYouKill -- EatWhatYouKill@d7dfe6e/SelectorProducer@316c8db/IDLE/p=false/QueuedThreadPool[Jetty (JenkinsRule)]@4c9064a8{STARTED,8<=8<=200,i=6,r=-1,q=0}[ReservedThreadExecutor@66726a58{reserved=0/16,pending=0}][pc=0,pic=0,pec=0,epc=0]@2024-10-22T18:14:51.515932+05:30 tryProduce false
18:14:51.515 [Jetty (JenkinsRule)-423] DEBUG org.eclipse.jetty.io.ManagedSelector -- updateable 1
18:14:51.515 [Jetty (JenkinsRule)-423] DEBUG org.eclipse.jetty.io.ManagedSelector -- update org.eclipse.jetty.io.ManagedSelector$Start@4c83b26e
18:14:51.515 [Jetty (JenkinsRule)-423] DEBUG org.eclipse.jetty.io.ManagedSelector -- updates 0
18:14:51.515 [Jetty (JenkinsRule)-423] DEBUG org.eclipse.jetty.io.ManagedSelector -- Selector sun.nio.ch.KQueueSelectorImpl@16c73528 waiting with 0 keys
18:14:51.516 [Executing mockAddCredential(org.conjur.jenkins.credentials.ConjurCredentialStoreTest)] DEBUG org.eclipse.jetty.util.component.AbstractLifeCycle -- STARTED @18619ms ManagedSelector@7745a543{STARTED} id=1 keys=0 selected=0 updates=0
18:14:51.516 [Executing mockAddCredential(org.conjur.jenkins.credentials.ConjurCredentialStoreTest)] DEBUG org.eclipse.jetty.util.component.AbstractLifeCycle -- starting ManagedSelector@4446df46{STOPPED} id=2 keys=-1 selected=-1 updates=0
18:14:51.516 [Executing mockAddCredential(org.conjur.jenkins.credentials.ConjurCredentialStoreTest)] DEBUG org.eclipse.jetty.util.component.AbstractLifeCycle -- starting EatWhatYouKill@134f9330/SelectorProducer@71a381b9/IDLE/p=false/QueuedThreadPool[Jetty (JenkinsRule)]@4c9064a8{STARTED,8<=8<=200,i=6,r=-1,q=0}[ReservedThreadExecutor@66726a58{reserved=0/16,pending=0}][pc=0,pic=0,pec=0,epc=0]@2024-10-22T18:14:51.516102+05:30
18:14:51.516 [Executing mockAddCredential(org.conjur.jenkins.credentials.ConjurCredentialStoreTest)] DEBUG org.eclipse.jetty.util.component.AbstractLifeCycle -- STARTED @18619ms EatWhatYouKill@134f9330/SelectorProducer@71a381b9/IDLE/p=false/QueuedThreadPool[Jetty (JenkinsRule)]@4c9064a8{STARTED,8<=8<=200,i=6,r=-1,q=0}[ReservedThreadExecutor@66726a58{reserved=0/16,pending=0}][pc=0,pic=0,pec=0,epc=0]@2024-10-22T18:14:51.516144+05:30
18:14:51.516 [Executing mockAddCredential(org.conjur.jenkins.credentials.ConjurCredentialStoreTest)] DEBUG org.eclipse.jetty.util.thread.QueuedThreadPool -- queue org.eclipse.jetty.io.ManagedSelector$$Lambda$424/0x00000001403801f8@4bfeca16 startThread=0
18:14:51.516 [Executing mockAddCredential(org.conjur.jenkins.credentials.ConjurCredentialStoreTest)] DEBUG org.eclipse.jetty.io.ManagedSelector -- Queued change lazy=false org.eclipse.jetty.io.ManagedSelector$Start@18ff4fda on ManagedSelector@4446df46{STARTING} id=2 keys=0 selected=0 updates=0
18:14:51.516 [Jetty (JenkinsRule)-424] DEBUG org.eclipse.jetty.util.thread.QueuedThreadPool -- run org.eclipse.jetty.io.ManagedSelector$$Lambda$424/0x00000001403801f8@4bfeca16 in QueuedThreadPool[Jetty (JenkinsRule)]@4c9064a8{STARTED,8<=8<=200,i=5,r=-1,q=0}[ReservedThreadExecutor@66726a58{reserved=0/16,pending=0}]
18:14:51.516 [Jetty (JenkinsRule)-424] DEBUG org.eclipse.jetty.util.thread.strategy.EatWhatYouKill -- EatWhatYouKill@134f9330/SelectorProducer@71a381b9/IDLE/p=false/QueuedThreadPool[Jetty (JenkinsRule)]@4c9064a8{STARTED,8<=8<=200,i=5,r=-1,q=0}[ReservedThreadExecutor@66726a58{reserved=0/16,pending=0}][pc=0,pic=0,pec=0,epc=0]@2024-10-22T18:14:51.516336+05:30 tryProduce false
18:14:51.516 [Jetty (JenkinsRule)-424] DEBUG org.eclipse.jetty.io.ManagedSelector -- updateable 1
18:14:51.516 [Jetty (JenkinsRule)-424] DEBUG org.eclipse.jetty.io.ManagedSelector -- update org.eclipse.jetty.io.ManagedSelector$Start@18ff4fda
18:14:51.516 [Jetty (JenkinsRule)-424] DEBUG org.eclipse.jetty.io.ManagedSelector -- updates 0
18:14:51.516 [Jetty (JenkinsRule)-424] DEBUG org.eclipse.jetty.io.ManagedSelector -- Selector sun.nio.ch.KQueueSelectorImpl@89dbc1e waiting with 0 keys
18:14:51.516 [Executing mockAddCredential(org.conjur.jenkins.credentials.ConjurCredentialStoreTest)] DEBUG org.eclipse.jetty.util.component.AbstractLifeCycle -- STARTED @18620ms ManagedSelector@4446df46{STARTED} id=2 keys=0 selected=0 updates=0
18:14:51.516 [Executing mockAddCredential(org.conjur.jenkins.credentials.ConjurCredentialStoreTest)] DEBUG org.eclipse.jetty.util.component.AbstractLifeCycle -- starting ManagedSelector@1c893a04{STOPPED} id=3 keys=-1 selected=-1 updates=0
18:14:51.516 [Executing mockAddCredential(org.conjur.jenkins.credentials.ConjurCredentialStoreTest)] DEBUG org.eclipse.jetty.util.component.AbstractLifeCycle -- starting EatWhatYouKill@1ef30530/SelectorProducer@71cad3cd/IDLE/p=false/QueuedThreadPool[Jetty (JenkinsRule)]@4c9064a8{STARTED,8<=8<=200,i=5,r=-1,q=0}[ReservedThreadExecutor@66726a58{reserved=0/16,pending=0}][pc=0,pic=0,pec=0,epc=0]@2024-10-22T18:14:51.516494+05:30
18:14:51.516 [Executing mockAddCredential(org.conjur.jenkins.credentials.ConjurCredentialStoreTest)] DEBUG org.eclipse.jetty.util.component.AbstractLifeCycle -- STARTED @18620ms EatWhatYouKill@1ef30530/SelectorProducer@71cad3cd/IDLE/p=false/QueuedThreadPool[Jetty (JenkinsRule)]@4c9064a8{STARTED,8<=8<=200,i=5,r=-1,q=0}[ReservedThreadExecutor@66726a58{reserved=0/16,pending=0}][pc=0,pic=0,pec=0,epc=0]@2024-10-22T18:14:51.51655+05:30
18:14:51.516 [Executing mockAddCredential(org.conjur.jenkins.credentials.ConjurCredentialStoreTest)] DEBUG org.eclipse.jetty.util.thread.QueuedThreadPool -- queue org.eclipse.jetty.io.ManagedSelector$$Lambda$424/0x00000001403801f8@6d2772b0 startThread=0
18:14:51.516 [Executing mockAddCredential(org.conjur.jenkins.credentials.ConjurCredentialStoreTest)] DEBUG org.eclipse.jetty.io.ManagedSelector -- Queued change lazy=false org.eclipse.jetty.io.ManagedSelector$Start@3ce6adb8 on ManagedSelector@1c893a04{STARTING} id=3 keys=0 selected=0 updates=0
18:14:51.516 [Jetty (JenkinsRule)-425] DEBUG org.eclipse.jetty.util.thread.QueuedThreadPool -- run org.eclipse.jetty.io.ManagedSelector$$Lambda$424/0x00000001403801f8@6d2772b0 in QueuedThreadPool[Jetty (JenkinsRule)]@4c9064a8{STARTED,8<=8<=200,i=4,r=-1,q=0}[ReservedThreadExecutor@66726a58{reserved=0/16,pending=0}]
18:14:51.516 [Jetty (JenkinsRule)-425] DEBUG org.eclipse.jetty.util.thread.strategy.EatWhatYouKill -- EatWhatYouKill@1ef30530/SelectorProducer@71cad3cd/IDLE/p=false/QueuedThreadPool[Jetty (JenkinsRule)]@4c9064a8{STARTED,8<=8<=200,i=4,r=-1,q=0}[ReservedThreadExecutor@66726a58{reserved=0/16,pending=0}][pc=0,pic=0,pec=0,epc=0]@2024-10-22T18:14:51.516704+05:30 tryProduce false
18:14:51.516 [Jetty (JenkinsRule)-425] DEBUG org.eclipse.jetty.io.ManagedSelector -- updateable 1
18:14:51.516 [Jetty (JenkinsRule)-425] DEBUG org.eclipse.jetty.io.ManagedSelector -- update org.eclipse.jetty.io.ManagedSelector$Start@3ce6adb8
18:14:51.516 [Jetty (JenkinsRule)-425] DEBUG org.eclipse.jetty.io.ManagedSelector -- updates 0
18:14:51.516 [Jetty (JenkinsRule)-425] DEBUG org.eclipse.jetty.io.ManagedSelector -- Selector sun.nio.ch.KQueueSelectorImpl@51707723 waiting with 0 keys
18:14:51.516 [Executing mockAddCredential(org.conjur.jenkins.credentials.ConjurCredentialStoreTest)] DEBUG org.eclipse.jetty.util.component.AbstractLifeCycle -- STARTED @18620ms ManagedSelector@1c893a04{STARTED} id=3 keys=0 selected=0 updates=0
18:14:51.516 [Executing mockAddCredential(org.conjur.jenkins.credentials.ConjurCredentialStoreTest)] DEBUG org.eclipse.jetty.util.component.AbstractLifeCycle -- starting ManagedSelector@4fe8ca24{STOPPED} id=4 keys=-1 selected=-1 updates=0
18:14:51.516 [Executing mockAddCredential(org.conjur.jenkins.credentials.ConjurCredentialStoreTest)] DEBUG org.eclipse.jetty.util.component.AbstractLifeCycle -- starting EatWhatYouKill@6e477a3c/SelectorProducer@689b3841/IDLE/p=false/QueuedThreadPool[Jetty (JenkinsRule)]@4c9064a8{STARTED,8<=8<=200,i=4,r=-1,q=0}[ReservedThreadExecutor@66726a58{reserved=0/16,pending=0}][pc=0,pic=0,pec=0,epc=0]@2024-10-22T18:14:51.516891+05:30
18:14:51.516 [Executing mockAddCredential(org.conjur.jenkins.credentials.ConjurCredentialStoreTest)] DEBUG org.eclipse.jetty.util.component.AbstractLifeCycle -- STARTED @18620ms EatWhatYouKill@6e477a3c/SelectorProducer@689b3841/IDLE/p=false/QueuedThreadPool[Jetty (JenkinsRule)]@4c9064a8{STARTED,8<=8<=200,i=4,r=-1,q=0}[ReservedThreadExecutor@66726a58{reserved=0/16,pending=0}][pc=0,pic=0,pec=0,epc=0]@2024-10-22T18:14:51.516948+05:30
18:14:51.517 [Executing mockAddCredential(org.conjur.jenkins.credentials.ConjurCredentialStoreTest)] DEBUG org.eclipse.jetty.util.thread.QueuedThreadPool -- queue org.eclipse.jetty.io.ManagedSelector$$Lambda$424/0x00000001403801f8@1756e48 startThread=0
18:14:51.517 [Executing mockAddCredential(org.conjur.jenkins.credentials.ConjurCredentialStoreTest)] DEBUG org.eclipse.jetty.io.ManagedSelector -- Queued change lazy=false org.eclipse.jetty.io.ManagedSelector$Start@63166023 on ManagedSelector@4fe8ca24{STARTING} id=4 keys=0 selected=0 updates=0
18:14:51.517 [Jetty (JenkinsRule)-426] DEBUG org.eclipse.jetty.util.thread.QueuedThreadPool -- run org.eclipse.jetty.io.ManagedSelector$$Lambda$424/0x00000001403801f8@1756e48 in QueuedThreadPool[Jetty (JenkinsRule)]@4c9064a8{STARTED,8<=8<=200,i=3,r=-1,q=0}[ReservedThreadExecutor@66726a58{reserved=0/16,pending=0}]
18:14:51.517 [Jetty (JenkinsRule)-426] DEBUG org.eclipse.jetty.util.thread.strategy.EatWhatYouKill -- EatWhatYouKill@6e477a3c/SelectorProducer@689b3841/IDLE/p=false/QueuedThreadPool[Jetty (JenkinsRule)]@4c9064a8{STARTED,8<=8<=200,i=3,r=-1,q=0}[ReservedThreadExecutor@66726a58{reserved=0/16,pending=0}][pc=0,pic=0,pec=0,epc=0]@2024-10-22T18:14:51.517132+05:30 tryProduce false
18:14:51.517 [Jetty (JenkinsRule)-426] DEBUG org.eclipse.jetty.io.ManagedSelector -- updateable 1
18:14:51.517 [Jetty (JenkinsRule)-426] DEBUG org.eclipse.jetty.io.ManagedSelector -- update org.eclipse.jetty.io.ManagedSelector$Start@63166023
18:14:51.517 [Jetty (JenkinsRule)-426] DEBUG org.eclipse.jetty.io.ManagedSelector -- updates 0
18:14:51.517 [Jetty (JenkinsRule)-426] DEBUG org.eclipse.jetty.io.ManagedSelector -- Selector sun.nio.ch.KQueueSelectorImpl@5010466e waiting with 0 keys
18:14:51.517 [Executing mockAddCredential(org.conjur.jenkins.credentials.ConjurCredentialStoreTest)] DEBUG org.eclipse.jetty.util.component.AbstractLifeCycle -- STARTED @18621ms ManagedSelector@4fe8ca24{STARTED} id=4 keys=0 selected=0 updates=0
18:14:51.517 [Executing mockAddCredential(org.conjur.jenkins.credentials.ConjurCredentialStoreTest)] DEBUG org.eclipse.jetty.util.component.AbstractLifeCycle -- starting ManagedSelector@7e4fefb8{STOPPED} id=5 keys=-1 selected=-1 updates=0
18:14:51.517 [Executing mockAddCredential(org.conjur.jenkins.credentials.ConjurCredentialStoreTest)] DEBUG org.eclipse.jetty.util.component.AbstractLifeCycle -- starting EatWhatYouKill@1a6490c7/SelectorProducer@4f279f2d/IDLE/p=false/QueuedThreadPool[Jetty (JenkinsRule)]@4c9064a8{STARTED,8<=8<=200,i=3,r=-1,q=0}[ReservedThreadExecutor@66726a58{reserved=0/16,pending=0}][pc=0,pic=0,pec=0,epc=0]@2024-10-22T18:14:51.5173+05:30
18:14:51.517 [Executing mockAddCredential(org.conjur.jenkins.credentials.ConjurCredentialStoreTest)] DEBUG org.eclipse.jetty.util.component.AbstractLifeCycle -- STARTED @18621ms EatWhatYouKill@1a6490c7/SelectorProducer@4f279f2d/IDLE/p=false/QueuedThreadPool[Jetty (JenkinsRule)]@4c9064a8{STARTED,8<=8<=200,i=3,r=-1,q=0}[ReservedThreadExecutor@66726a58{reserved=0/16,pending=0}][pc=0,pic=0,pec=0,epc=0]@2024-10-22T18:14:51.517347+05:30
18:14:51.517 [Executing mockAddCredential(org.conjur.jenkins.credentials.ConjurCredentialStoreTest)] DEBUG org.eclipse.jetty.util.thread.QueuedThreadPool -- queue org.eclipse.jetty.io.ManagedSelector$$Lambda$424/0x00000001403801f8@35f22c03 startThread=0
18:14:51.517 [Executing mockAddCredential(org.conjur.jenkins.credentials.ConjurCredentialStoreTest)] DEBUG org.eclipse.jetty.io.ManagedSelector -- Queued change lazy=false org.eclipse.jetty.io.ManagedSelector$Start@3cf0cc68 on ManagedSelector@7e4fefb8{STARTING} id=5 keys=0 selected=0 updates=0
18:14:51.517 [Jetty (JenkinsRule)-427] DEBUG org.eclipse.jetty.util.thread.QueuedThreadPool -- run org.eclipse.jetty.io.ManagedSelector$$Lambda$424/0x00000001403801f8@35f22c03 in QueuedThreadPool[Jetty (JenkinsRule)]@4c9064a8{STARTED,8<=8<=200,i=2,r=-1,q=0}[ReservedThreadExecutor@66726a58{reserved=0/16,pending=0}]
18:14:51.517 [Jetty (JenkinsRule)-427] DEBUG org.eclipse.jetty.util.thread.strategy.EatWhatYouKill -- EatWhatYouKill@1a6490c7/SelectorProducer@4f279f2d/IDLE/p=false/QueuedThreadPool[Jetty (JenkinsRule)]@4c9064a8{STARTED,8<=8<=200,i=2,r=-1,q=0}[ReservedThreadExecutor@66726a58{reserved=0/16,pending=0}][pc=0,pic=0,pec=0,epc=0]@2024-10-22T18:14:51.517587+05:30 tryProduce false
18:14:51.517 [Jetty (JenkinsRule)-427] DEBUG org.eclipse.jetty.io.ManagedSelector -- updateable 1
18:14:51.517 [Jetty (JenkinsRule)-427] DEBUG org.eclipse.jetty.io.ManagedSelector -- update org.eclipse.jetty.io.ManagedSelector$Start@3cf0cc68
18:14:51.517 [Jetty (JenkinsRule)-427] DEBUG org.eclipse.jetty.io.ManagedSelector -- updates 0
18:14:51.517 [Jetty (JenkinsRule)-427] DEBUG org.eclipse.jetty.io.ManagedSelector -- Selector sun.nio.ch.KQueueSelectorImpl@1d4d2eb3 waiting with 0 keys
18:14:51.517 [Executing mockAddCredential(org.conjur.jenkins.credentials.ConjurCredentialStoreTest)] DEBUG org.eclipse.jetty.util.component.AbstractLifeCycle -- STARTED @18621ms ManagedSelector@7e4fefb8{STARTED} id=5 keys=0 selected=0 updates=0
18:14:51.517 [Executing mockAddCredential(org.conjur.jenkins.credentials.ConjurCredentialStoreTest)] DEBUG org.eclipse.jetty.util.component.AbstractLifeCycle -- starting ManagedSelector@3a8ec7d1{STOPPED} id=6 keys=-1 selected=-1 updates=0
18:14:51.517 [Executing mockAddCredential(org.conjur.jenkins.credentials.ConjurCredentialStoreTest)] DEBUG org.eclipse.jetty.util.component.AbstractLifeCycle -- starting EatWhatYouKill@777fa3bf/SelectorProducer@49a3e73f/IDLE/p=false/QueuedThreadPool[Jetty (JenkinsRule)]@4c9064a8{STARTED,8<=8<=200,i=2,r=-1,q=0}[ReservedThreadExecutor@66726a58{reserved=0/16,pending=0}][pc=0,pic=0,pec=0,epc=0]@2024-10-22T18:14:51.517726+05:30
18:14:51.517 [Executing mockAddCredential(org.conjur.jenkins.credentials.ConjurCredentialStoreTest)] DEBUG org.eclipse.jetty.util.component.AbstractLifeCycle -- STARTED @18621ms EatWhatYouKill@777fa3bf/SelectorProducer@49a3e73f/IDLE/p=false/QueuedThreadPool[Jetty (JenkinsRule)]@4c9064a8{STARTED,8<=8<=200,i=2,r=-1,q=0}[ReservedThreadExecutor@66726a58{reserved=0/16,pending=0}][pc=0,pic=0,pec=0,epc=0]@2024-10-22T18:14:51.517769+05:30
18:14:51.517 [Executing mockAddCredential(org.conjur.jenkins.credentials.ConjurCredentialStoreTest)] DEBUG org.eclipse.jetty.util.thread.QueuedThreadPool -- queue org.eclipse.jetty.io.ManagedSelector$$Lambda$424/0x00000001403801f8@16ddf290 startThread=0
18:14:51.517 [Executing mockAddCredential(org.conjur.jenkins.credentials.ConjurCredentialStoreTest)] DEBUG org.eclipse.jetty.io.ManagedSelector -- Queued change lazy=false org.eclipse.jetty.io.ManagedSelector$Start@461a8f10 on ManagedSelector@3a8ec7d1{STARTING} id=6 keys=0 selected=0 updates=0
18:14:51.517 [Jetty (JenkinsRule)-428] DEBUG org.eclipse.jetty.util.thread.QueuedThreadPool -- run org.eclipse.jetty.io.ManagedSelector$$Lambda$424/0x00000001403801f8@16ddf290 in QueuedThreadPool[Jetty (JenkinsRule)]@4c9064a8{STARTED,8<=8<=200,i=1,r=-1,q=0}[ReservedThreadExecutor@66726a58{reserved=0/16,pending=0}]
18:14:51.517 [Jetty (JenkinsRule)-428] DEBUG org.eclipse.jetty.util.thread.strategy.EatWhatYouKill -- EatWhatYouKill@777fa3bf/SelectorProducer@49a3e73f/IDLE/p=false/QueuedThreadPool[Jetty (JenkinsRule)]@4c9064a8{STARTED,8<=8<=200,i=1,r=-1,q=0}[ReservedThreadExecutor@66726a58{reserved=0/16,pending=0}][pc=0,pic=0,pec=0,epc=0]@2024-10-22T18:14:51.517974+05:30 tryProduce false
18:14:51.518 [Jetty (JenkinsRule)-428] DEBUG org.eclipse.jetty.io.ManagedSelector -- updateable 1
18:14:51.518 [Jetty (JenkinsRule)-428] DEBUG org.eclipse.jetty.io.ManagedSelector -- update org.eclipse.jetty.io.ManagedSelector$Start@461a8f10
18:14:51.518 [Jetty (JenkinsRule)-428] DEBUG org.eclipse.jetty.io.ManagedSelector -- updates 0
18:14:51.518 [Jetty (JenkinsRule)-428] DEBUG org.eclipse.jetty.io.ManagedSelector -- Selector sun.nio.ch.KQueueSelectorImpl@e516ef2 waiting with 0 keys
18:14:51.518 [Executing mockAddCredential(org.conjur.jenkins.credentials.ConjurCredentialStoreTest)] DEBUG org.eclipse.jetty.util.component.AbstractLifeCycle -- STARTED @18621ms ManagedSelector@3a8ec7d1{STARTED} id=6 keys=0 selected=0 updates=0
18:14:51.518 [Executing mockAddCredential(org.conjur.jenkins.credentials.ConjurCredentialStoreTest)] DEBUG org.eclipse.jetty.util.component.AbstractLifeCycle -- starting ManagedSelector@6719608e{STOPPED} id=7 keys=-1 selected=-1 updates=0
18:14:51.518 [Executing mockAddCredential(org.conjur.jenkins.credentials.ConjurCredentialStoreTest)] DEBUG org.eclipse.jetty.util.component.AbstractLifeCycle -- starting EatWhatYouKill@3b3dcd17/SelectorProducer@31d5f394/IDLE/p=false/QueuedThreadPool[Jetty (JenkinsRule)]@4c9064a8{STARTED,8<=8<=200,i=1,r=-1,q=0}[ReservedThreadExecutor@66726a58{reserved=0/16,pending=0}][pc=0,pic=0,pec=0,epc=0]@2024-10-22T18:14:51.518113+05:30
18:14:51.518 [Executing mockAddCredential(org.conjur.jenkins.credentials.ConjurCredentialStoreTest)] DEBUG org.eclipse.jetty.util.component.AbstractLifeCycle -- STARTED @18621ms EatWhatYouKill@3b3dcd17/SelectorProducer@31d5f394/IDLE/p=false/QueuedThreadPool[Jetty (JenkinsRule)]@4c9064a8{STARTED,8<=8<=200,i=1,r=-1,q=0}[ReservedThreadExecutor@66726a58{reserved=0/16,pending=0}][pc=0,pic=0,pec=0,epc=0]@2024-10-22T18:14:51.51816+05:30
18:14:51.518 [Executing mockAddCredential(org.conjur.jenkins.credentials.ConjurCredentialStoreTest)] DEBUG org.eclipse.jetty.util.thread.QueuedThreadPool -- queue org.eclipse.jetty.io.ManagedSelector$$Lambda$424/0x00000001403801f8@622c21e4 startThread=0
18:14:51.518 [Executing mockAddCredential(org.conjur.jenkins.credentials.ConjurCredentialStoreTest)] DEBUG org.eclipse.jetty.io.ManagedSelector -- Queued change lazy=false org.eclipse.jetty.io.ManagedSelector$Start@58852245 on ManagedSelector@6719608e{STARTING} id=7 keys=0 selected=0 updates=0
18:14:51.518 [Jetty (JenkinsRule)-429] DEBUG org.eclipse.jetty.util.thread.QueuedThreadPool -- run org.eclipse.jetty.io.ManagedSelector$$Lambda$424/0x00000001403801f8@622c21e4 in QueuedThreadPool[Jetty (JenkinsRule)]@4c9064a8{STARTED,8<=8<=200,i=0,r=-1,q=0}[ReservedThreadExecutor@66726a58{reserved=0/16,pending=0}]
18:14:51.518 [Jetty (JenkinsRule)-429] DEBUG org.eclipse.jetty.util.thread.strategy.EatWhatYouKill -- EatWhatYouKill@3b3dcd17/SelectorProducer@31d5f394/IDLE/p=false/QueuedThreadPool[Jetty (JenkinsRule)]@4c9064a8{STARTED,8<=8<=200,i=0,r=-1,q=0}[ReservedThreadExecutor@66726a58{reserved=0/16,pending=0}][pc=0,pic=0,pec=0,epc=0]@2024-10-22T18:14:51.518342+05:30 tryProduce false
18:14:51.518 [Jetty (JenkinsRule)-429] DEBUG org.eclipse.jetty.io.ManagedSelector -- updateable 1
18:14:51.518 [Jetty (JenkinsRule)-429] DEBUG org.eclipse.jetty.io.ManagedSelector -- update org.eclipse.jetty.io.ManagedSelector$Start@58852245
18:14:51.518 [Jetty (JenkinsRule)-429] DEBUG org.eclipse.jetty.io.ManagedSelector -- updates 0
18:14:51.518 [Executing mockAddCredential(org.conjur.jenkins.credentials.ConjurCredentialStoreTest)] DEBUG org.eclipse.jetty.util.component.AbstractLifeCycle -- STARTED @18622ms ManagedSelector@6719608e{STARTED} id=7 keys=0 selected=0 updates=0
18:14:51.518 [Jetty (JenkinsRule)-429] DEBUG org.eclipse.jetty.io.ManagedSelector -- Selector sun.nio.ch.KQueueSelectorImpl@7e8214f4 waiting with 0 keys
18:14:51.518 [Executing mockAddCredential(org.conjur.jenkins.credentials.ConjurCredentialStoreTest)] DEBUG org.eclipse.jetty.util.component.AbstractLifeCycle -- STARTED @18622ms SelectorManager@ServerConnector@b3506f4{HTTP/1.1, (http/1.1)}{localhost:51467}
18:14:51.518 [Executing mockAddCredential(org.conjur.jenkins.credentials.ConjurCredentialStoreTest)] DEBUG org.eclipse.jetty.util.component.ContainerLifeCycle -- ServerConnector@b3506f4{HTTP/1.1, (http/1.1)}{localhost:51467} added {acceptor-0@21b502b7,POJO}
18:14:51.518 [Executing mockAddCredential(org.conjur.jenkins.credentials.ConjurCredentialStoreTest)] DEBUG org.eclipse.jetty.util.thread.QueuedThreadPool -- queue acceptor-0@21b502b7 startThread=1
18:14:51.518 [Executing mockAddCredential(org.conjur.jenkins.credentials.ConjurCredentialStoreTest)] DEBUG org.eclipse.jetty.util.thread.QueuedThreadPool -- Starting Thread[Jetty (JenkinsRule)-431,5,main]
18:14:51.518 [Executing mockAddCredential(org.conjur.jenkins.credentials.ConjurCredentialStoreTest)] DEBUG org.eclipse.jetty.util.component.ContainerLifeCycle -- ServerConnector@b3506f4{HTTP/1.1, (http/1.1)}{localhost:51467} added {acceptor-1@30e55f13,POJO}
18:14:51.518 [Executing mockAddCredential(org.conjur.jenkins.credentials.ConjurCredentialStoreTest)] DEBUG org.eclipse.jetty.util.thread.QueuedThreadPool -- queue acceptor-1@30e55f13 startThread=1
18:14:51.518 [Executing mockAddCredential(org.conjur.jenkins.credentials.ConjurCredentialStoreTest)] DEBUG org.eclipse.jetty.util.thread.QueuedThreadPool -- Starting Thread[Jetty (JenkinsRule)-432,5,main]
18:14:51.518 [Jetty (JenkinsRule)-431] DEBUG org.eclipse.jetty.util.thread.QueuedThreadPool -- Runner started for QueuedThreadPool[Jetty (JenkinsRule)]@4c9064a8{STARTED,8<=10<=200,i=0,r=-1,q=0}[ReservedThreadExecutor@66726a58{reserved=0/16,pending=0}]
18:14:51.518 [Jetty (JenkinsRule)-431] DEBUG org.eclipse.jetty.util.thread.QueuedThreadPool -- run acceptor-0@21b502b7 in QueuedThreadPool[Jetty (JenkinsRule)]@4c9064a8{STARTED,8<=10<=200,i=0,r=-1,q=0}[ReservedThreadExecutor@66726a58{reserved=0/16,pending=0}]
18:14:51.518 [Executing mockAddCredential(org.conjur.jenkins.credentials.ConjurCredentialStoreTest)] INFO org.eclipse.jetty.server.AbstractConnector -- Started ServerConnector@b3506f4{HTTP/1.1, (http/1.1)}{localhost:51467}
18:14:51.519 [Executing mockAddCredential(org.conjur.jenkins.credentials.ConjurCredentialStoreTest)] DEBUG org.eclipse.jetty.util.component.AbstractLifeCycle -- STARTED @18622ms ServerConnector@b3506f4{HTTP/1.1, (http/1.1)}{localhost:51467}
18:14:51.519 [Executing mockAddCredential(org.conjur.jenkins.credentials.ConjurCredentialStoreTest)] INFO org.eclipse.jetty.server.Server -- Started @18622ms
18:14:51.519 [Executing mockAddCredential(org.conjur.jenkins.credentials.ConjurCredentialStoreTest)] DEBUG org.eclipse.jetty.util.component.AbstractLifeCycle -- STARTED @18622ms Server@dad6e93{STARTED}[9.4.48.v20220622]
18:14:51.519 [Jetty (JenkinsRule)-432] DEBUG org.eclipse.jetty.util.thread.QueuedThreadPool -- Runner started for QueuedThreadPool[Jetty (JenkinsRule)]@4c9064a8{STARTED,8<=10<=200,i=0,r=-1,q=0}[ReservedThreadExecutor@66726a58{reserved=0/16,pending=0}]
18:14:51.519 [Jetty (JenkinsRule)-432] DEBUG org.eclipse.jetty.util.thread.QueuedThreadPool -- run acceptor-1@30e55f13 in QueuedThreadPool[Jetty (JenkinsRule)]@4c9064a8{STARTED,8<=10<=200,i=0,r=-1,q=0}[ReservedThreadExecutor@66726a58{reserved=0/16,pending=0}]
18:14:51.588 [Executing mockAddCredential(org.conjur.jenkins.credentials.ConjurCredentialStoreTest)] DEBUG org.apache.commons.discovery.resource.names.DiscoverNamesInFile -- find: serviceName = 'META-INF/services/org.kohsuke.stapler.Facet'
18:14:51.588 [Executing mockAddCredential(org.conjur.jenkins.credentials.ConjurCredentialStoreTest)] DEBUG org.apache.commons.discovery.resource.DiscoverResources -- find: resourceName='META-INF/services/org.kohsuke.stapler.Facet'
18:14:51.588 [Executing mockAddCredential(org.conjur.jenkins.credentials.ConjurCredentialStoreTest)] DEBUG org.apache.commons.discovery.resource.DiscoverResources -- getNextResources: search using ClassLoader 'jdk.internal.loader.ClassLoaders$AppClassLoader@5ffd2b27'
18:14:51.588 [Executing mockAddCredential(org.conjur.jenkins.credentials.ConjurCredentialStoreTest)] DEBUG org.apache.commons.discovery.resource.DiscoverResources -- getNextResource: next URL='jar:file:/Users/sameer.shaik/.m2/repository/org/kohsuke/stapler/stapler-groovy/1669.v95a_4b_919a_b_a_2/stapler-groovy-1669.v95a_4b_919a_b_a_2.jar!/META-INF/services/org.kohsuke.stapler.Facet'
18:14:51.588 [Executing mockAddCredential(org.conjur.jenkins.credentials.ConjurCredentialStoreTest)] DEBUG org.apache.commons.discovery.resource.names.DiscoverNamesInFile -- getNextClassResource: next class='org.kohsuke.stapler.jelly.groovy.GroovyFacet'
18:14:51.588 [Executing mockAddCredential(org.conjur.jenkins.credentials.ConjurCredentialStoreTest)] DEBUG org.apache.commons.discovery.resource.DiscoverResources -- getNextResource: next URL='jar:file:/Users/sameer.shaik/.m2/repository/org/kohsuke/stapler/stapler-jelly/1669.v95a_4b_919a_b_a_2/stapler-jelly-1669.v95a_4b_919a_b_a_2.jar!/META-INF/services/org.kohsuke.stapler.Facet'
18:14:51.588 [Executing mockAddCredential(org.conjur.jenkins.credentials.ConjurCredentialStoreTest)] DEBUG org.apache.commons.discovery.resource.names.DiscoverNamesInFile -- getNextClassResource: next class='org.kohsuke.stapler.jelly.JellyFacet'
18:14:51.588 [Executing mockAddCredential(org.conjur.jenkins.credentials.ConjurCredentialStoreTest)] DEBUG org.apache.commons.discovery.resource.names.DiscoverNamesInFile -- find: serviceName = 'META-INF/services/org.kohsuke.stapler.Facet'
18:14:51.588 [Executing mockAddCredential(org.conjur.jenkins.credentials.ConjurCredentialStoreTest)] DEBUG org.apache.commons.discovery.resource.DiscoverResources -- find: resourceName='META-INF/services/org.kohsuke.stapler.Facet'
18:14:51.588 [Executing mockAddCredential(org.conjur.jenkins.credentials.ConjurCredentialStoreTest)] DEBUG org.apache.commons.discovery.resource.DiscoverResources -- getNextResources: search using ClassLoader 'jdk.internal.loader.ClassLoaders$AppClassLoader@5ffd2b27'
18:14:51.588 [Executing mockAddCredential(org.conjur.jenkins.credentials.ConjurCredentialStoreTest)] DEBUG org.apache.commons.discovery.resource.DiscoverResources -- getNextResource: next URL='jar:file:/Users/sameer.shaik/.m2/repository/org/kohsuke/stapler/stapler-groovy/1669.v95a_4b_919a_b_a_2/stapler-groovy-1669.v95a_4b_919a_b_a_2.jar!/META-INF/services/org.kohsuke.stapler.Facet'
18:14:51.589 [Executing mockAddCredential(org.conjur.jenkins.credentials.ConjurCredentialStoreTest)] DEBUG org.apache.commons.discovery.resource.names.DiscoverNamesInFile -- getNextClassResource: next class='org.kohsuke.stapler.jelly.groovy.GroovyFacet'
18:14:51.589 [Executing mockAddCredential(org.conjur.jenkins.credentials.ConjurCredentialStoreTest)] DEBUG org.apache.commons.discovery.resource.DiscoverResources -- getNextResource: next URL='jar:file:/Users/sameer.shaik/.m2/repository/org/kohsuke/stapler/stapler-jelly/1669.v95a_4b_919a_b_a_2/stapler-jelly-1669.v95a_4b_919a_b_a_2.jar!/META-INF/services/org.kohsuke.stapler.Facet'
18:14:51.589 [Executing mockAddCredential(org.conjur.jenkins.credentials.ConjurCredentialStoreTest)] DEBUG org.apache.commons.discovery.resource.names.DiscoverNamesInFile -- getNextClassResource: next class='org.kohsuke.stapler.jelly.JellyFacet'
18:14:52.211 [Executing mockAddCredential(org.conjur.jenkins.credentials.ConjurCredentialStoreTest)] DEBUG org.eclipse.jetty.util.component.AbstractLifeCycle -- stopping Server@dad6e93{STARTED}[9.4.48.v20220622]
18:14:52.211 [Executing mockAddCredential(org.conjur.jenkins.credentials.ConjurCredentialStoreTest)] DEBUG org.eclipse.jetty.server.Server -- doStop Server@dad6e93{STOPPING}[9.4.48.v20220622]
18:14:52.211 [Executing mockAddCredential(org.conjur.jenkins.credentials.ConjurCredentialStoreTest)] DEBUG org.eclipse.jetty.server.handler.AbstractHandlerContainer -- Graceful shutdown Server@dad6e93{STOPPING}[9.4.48.v20220622] by 
18:14:52.211 [Jetty (JenkinsRule)-431] DEBUG org.eclipse.jetty.util.thread.QueuedThreadPool -- ran Jetty (JenkinsRule)-431-acceptor-0@21b502b7-ServerConnector@b3506f4{HTTP/1.1, (http/1.1)}{localhost:51467} in QueuedThreadPool[Jetty (JenkinsRule)]@4c9064a8{STARTED,8<=10<=200,i=0,r=-1,q=0}[ReservedThreadExecutor@66726a58{reserved=0/16,pending=0}]
18:14:52.211 [Jetty (JenkinsRule)-432] DEBUG org.eclipse.jetty.util.thread.QueuedThreadPool -- ran Jetty (JenkinsRule)-432-acceptor-1@30e55f13-ServerConnector@b3506f4{HTTP/1.1, (http/1.1)}{localhost:51467} in QueuedThreadPool[Jetty (JenkinsRule)]@4c9064a8{STARTED,8<=10<=200,i=0,r=-1,q=0}[ReservedThreadExecutor@66726a58{reserved=0/16,pending=0}]
18:14:52.211 [Executing mockAddCredential(org.conjur.jenkins.credentials.ConjurCredentialStoreTest)] DEBUG org.eclipse.jetty.util.component.AbstractLifeCycle -- stopping ServerConnector@b3506f4{HTTP/1.1, (http/1.1)}{localhost:0}
18:14:52.211 [Executing mockAddCredential(org.conjur.jenkins.credentials.ConjurCredentialStoreTest)] DEBUG org.eclipse.jetty.util.component.AbstractLifeCycle -- stopping SelectorManager@ServerConnector@b3506f4{HTTP/1.1, (http/1.1)}{localhost:0}
18:14:52.211 [Executing mockAddCredential(org.conjur.jenkins.credentials.ConjurCredentialStoreTest)] DEBUG org.eclipse.jetty.util.component.AbstractLifeCycle -- stopping ManagedSelector@6719608e{STARTED} id=7 keys=0 selected=0 updates=0
18:14:52.211 [Executing mockAddCredential(org.conjur.jenkins.credentials.ConjurCredentialStoreTest)] DEBUG org.eclipse.jetty.io.ManagedSelector -- Queued change lazy=false org.eclipse.jetty.io.ManagedSelector$CloseConnections@5f2bc5cf on ManagedSelector@6719608e{STOPPING} id=7 keys=0 selected=0 updates=0
18:14:52.211 [Executing mockAddCredential(org.conjur.jenkins.credentials.ConjurCredentialStoreTest)] DEBUG org.eclipse.jetty.io.ManagedSelector -- Wakeup on submit ManagedSelector@6719608e{STOPPING} id=7 keys=0 selected=0 updates=1
18:14:52.211 [Jetty (JenkinsRule)-429] DEBUG org.eclipse.jetty.io.ManagedSelector -- Selector sun.nio.ch.KQueueSelectorImpl@7e8214f4 woken with none selected
18:14:52.211 [Jetty (JenkinsRule)-429] DEBUG org.eclipse.jetty.io.ManagedSelector -- Selector sun.nio.ch.KQueueSelectorImpl@7e8214f4 woken up from select, 0/0/0 selected
18:14:52.211 [Jetty (JenkinsRule)-429] DEBUG org.eclipse.jetty.io.ManagedSelector -- Selector sun.nio.ch.KQueueSelectorImpl@7e8214f4 processing 0 keys, 1 updates
18:14:52.211 [Jetty (JenkinsRule)-429] DEBUG org.eclipse.jetty.io.ManagedSelector -- updateable 1
18:14:52.211 [Jetty (JenkinsRule)-429] DEBUG org.eclipse.jetty.io.ManagedSelector -- update org.eclipse.jetty.io.ManagedSelector$CloseConnections@5f2bc5cf
18:14:52.211 [Jetty (JenkinsRule)-429] DEBUG org.eclipse.jetty.io.ManagedSelector -- Closing 0 connections on ManagedSelector@6719608e{STOPPING} id=7 keys=0 selected=0 updates=0
18:14:52.211 [Jetty (JenkinsRule)-429] DEBUG org.eclipse.jetty.io.ManagedSelector -- updates 0
18:14:52.211 [Jetty (JenkinsRule)-429] DEBUG org.eclipse.jetty.io.ManagedSelector -- Selector sun.nio.ch.KQueueSelectorImpl@7e8214f4 waiting with 0 keys
18:14:52.211 [Executing mockAddCredential(org.conjur.jenkins.credentials.ConjurCredentialStoreTest)] DEBUG org.eclipse.jetty.io.ManagedSelector -- Queued change lazy=false org.eclipse.jetty.io.ManagedSelector$StopSelector@5f1d3373 on ManagedSelector@6719608e{STOPPING} id=7 keys=0 selected=0 updates=0
18:14:52.211 [Executing mockAddCredential(org.conjur.jenkins.credentials.ConjurCredentialStoreTest)] DEBUG org.eclipse.jetty.io.ManagedSelector -- Wakeup on submit ManagedSelector@6719608e{STOPPING} id=7 keys=0 selected=0 updates=1
18:14:52.211 [Jetty (JenkinsRule)-429] DEBUG org.eclipse.jetty.io.ManagedSelector -- Selector sun.nio.ch.KQueueSelectorImpl@7e8214f4 woken with none selected
18:14:52.211 [Jetty (JenkinsRule)-429] DEBUG org.eclipse.jetty.io.ManagedSelector -- Selector sun.nio.ch.KQueueSelectorImpl@7e8214f4 woken up from select, 0/0/0 selected
18:14:52.211 [Jetty (JenkinsRule)-429] DEBUG org.eclipse.jetty.io.ManagedSelector -- Selector sun.nio.ch.KQueueSelectorImpl@7e8214f4 processing 0 keys, 1 updates
18:14:52.211 [Jetty (JenkinsRule)-429] DEBUG org.eclipse.jetty.io.ManagedSelector -- updateable 1
18:14:52.211 [Jetty (JenkinsRule)-429] DEBUG org.eclipse.jetty.io.ManagedSelector -- update org.eclipse.jetty.io.ManagedSelector$StopSelector@5f1d3373
18:14:52.212 [Jetty (JenkinsRule)-429] DEBUG org.eclipse.jetty.io.ManagedSelector -- updates 0
18:14:52.212 [Executing mockAddCredential(org.conjur.jenkins.credentials.ConjurCredentialStoreTest)] DEBUG org.eclipse.jetty.util.component.AbstractLifeCycle -- stopping EatWhatYouKill@3b3dcd17/SelectorProducer@31d5f394/PRODUCING/p=false/QueuedThreadPool[Jetty (JenkinsRule)]@4c9064a8{STARTED,8<=10<=200,i=2,r=-1,q=0}[ReservedThreadExecutor@66726a58{reserved=0/16,pending=0}][pc=0,pic=0,pec=0,epc=0]@2024-10-22T18:14:52.212093+05:30
18:14:52.212 [Jetty (JenkinsRule)-429] DEBUG org.eclipse.jetty.util.thread.QueuedThreadPool -- ran org.eclipse.jetty.io.ManagedSelector$$Lambda$424/0x00000001403801f8@622c21e4 in QueuedThreadPool[Jetty (JenkinsRule)]@4c9064a8{STARTED,8<=10<=200,i=2,r=-1,q=0}[ReservedThreadExecutor@66726a58{reserved=0/16,pending=0}]
18:14:52.212 [Executing mockAddCredential(org.conjur.jenkins.credentials.ConjurCredentialStoreTest)] DEBUG org.eclipse.jetty.util.component.AbstractLifeCycle -- STOPPED EatWhatYouKill@3b3dcd17/SelectorProducer@31d5f394/IDLE/p=false/QueuedThreadPool[Jetty (JenkinsRule)]@4c9064a8{STARTED,8<=10<=200,i=2,r=-1,q=0}[ReservedThreadExecutor@66726a58{reserved=0/16,pending=0}][pc=0,pic=0,pec=0,epc=0]@2024-10-22T18:14:52.212173+05:30
18:14:52.212 [Executing mockAddCredential(org.conjur.jenkins.credentials.ConjurCredentialStoreTest)] DEBUG org.eclipse.jetty.util.component.AbstractLifeCycle -- STOPPED ManagedSelector@6719608e{STOPPED} id=7 keys=-1 selected=-1 updates=0
18:14:52.212 [Executing mockAddCredential(org.conjur.jenkins.credentials.ConjurCredentialStoreTest)] DEBUG org.eclipse.jetty.util.component.AbstractLifeCycle -- stopping ManagedSelector@3a8ec7d1{STARTED} id=6 keys=0 selected=0 updates=0
18:14:52.212 [Executing mockAddCredential(org.conjur.jenkins.credentials.ConjurCredentialStoreTest)] DEBUG org.eclipse.jetty.io.ManagedSelector -- Queued change lazy=false org.eclipse.jetty.io.ManagedSelector$CloseConnections@4175f274 on ManagedSelector@3a8ec7d1{STOPPING} id=6 keys=0 selected=0 updates=0
18:14:52.212 [Executing mockAddCredential(org.conjur.jenkins.credentials.ConjurCredentialStoreTest)] DEBUG org.eclipse.jetty.io.ManagedSelector -- Wakeup on submit ManagedSelector@3a8ec7d1{STOPPING} id=6 keys=0 selected=0 updates=1
18:14:52.212 [Jetty (JenkinsRule)-428] DEBUG org.eclipse.jetty.io.ManagedSelector -- Selector sun.nio.ch.KQueueSelectorImpl@e516ef2 woken with none selected
18:14:52.212 [Jetty (JenkinsRule)-428] DEBUG org.eclipse.jetty.io.ManagedSelector -- Selector sun.nio.ch.KQueueSelectorImpl@e516ef2 woken up from select, 0/0/0 selected
18:14:52.212 [Jetty (JenkinsRule)-428] DEBUG org.eclipse.jetty.io.ManagedSelector -- Selector sun.nio.ch.KQueueSelectorImpl@e516ef2 processing 0 keys, 1 updates
18:14:52.212 [Jetty (JenkinsRule)-428] DEBUG org.eclipse.jetty.io.ManagedSelector -- updateable 1
18:14:52.212 [Jetty (JenkinsRule)-428] DEBUG org.eclipse.jetty.io.ManagedSelector -- update org.eclipse.jetty.io.ManagedSelector$CloseConnections@4175f274
18:14:52.212 [Jetty (JenkinsRule)-428] DEBUG org.eclipse.jetty.io.ManagedSelector -- Closing 0 connections on ManagedSelector@3a8ec7d1{STOPPING} id=6 keys=0 selected=0 updates=0
18:14:52.212 [Jetty (JenkinsRule)-428] DEBUG org.eclipse.jetty.io.ManagedSelector -- updates 0
18:14:52.212 [Jetty (JenkinsRule)-428] DEBUG org.eclipse.jetty.io.ManagedSelector -- Selector sun.nio.ch.KQueueSelectorImpl@e516ef2 waiting with 0 keys
18:14:52.212 [Executing mockAddCredential(org.conjur.jenkins.credentials.ConjurCredentialStoreTest)] DEBUG org.eclipse.jetty.io.ManagedSelector -- Queued change lazy=false org.eclipse.jetty.io.ManagedSelector$StopSelector@397627fd on ManagedSelector@3a8ec7d1{STOPPING} id=6 keys=0 selected=0 updates=0
18:14:52.212 [Executing mockAddCredential(org.conjur.jenkins.credentials.ConjurCredentialStoreTest)] DEBUG org.eclipse.jetty.io.ManagedSelector -- Wakeup on submit ManagedSelector@3a8ec7d1{STOPPING} id=6 keys=0 selected=0 updates=1
18:14:52.212 [Jetty (JenkinsRule)-428] DEBUG org.eclipse.jetty.io.ManagedSelector -- Selector sun.nio.ch.KQueueSelectorImpl@e516ef2 woken with none selected
18:14:52.212 [Jetty (JenkinsRule)-428] DEBUG org.eclipse.jetty.io.ManagedSelector -- Selector sun.nio.ch.KQueueSelectorImpl@e516ef2 woken up from select, 0/0/0 selected
18:14:52.212 [Jetty (JenkinsRule)-428] DEBUG org.eclipse.jetty.io.ManagedSelector -- Selector sun.nio.ch.KQueueSelectorImpl@e516ef2 processing 0 keys, 1 updates
18:14:52.212 [Jetty (JenkinsRule)-428] DEBUG org.eclipse.jetty.io.ManagedSelector -- updateable 1
18:14:52.212 [Jetty (JenkinsRule)-428] DEBUG org.eclipse.jetty.io.ManagedSelector -- update org.eclipse.jetty.io.ManagedSelector$StopSelector@397627fd
18:14:52.212 [Jetty (JenkinsRule)-428] DEBUG org.eclipse.jetty.io.ManagedSelector -- updates 0
18:14:52.212 [Jetty (JenkinsRule)-428] DEBUG org.eclipse.jetty.util.thread.QueuedThreadPool -- ran org.eclipse.jetty.io.ManagedSelector$$Lambda$424/0x00000001403801f8@16ddf290 in QueuedThreadPool[Jetty (JenkinsRule)]@4c9064a8{STARTED,8<=10<=200,i=3,r=-1,q=0}[ReservedThreadExecutor@66726a58{reserved=0/16,pending=0}]
18:14:52.212 [Executing mockAddCredential(org.conjur.jenkins.credentials.ConjurCredentialStoreTest)] DEBUG org.eclipse.jetty.util.component.AbstractLifeCycle -- stopping EatWhatYouKill@777fa3bf/SelectorProducer@49a3e73f/IDLE/p=false/QueuedThreadPool[Jetty (JenkinsRule)]@4c9064a8{STARTED,8<=10<=200,i=3,r=-1,q=0}[ReservedThreadExecutor@66726a58{reserved=0/16,pending=0}][pc=0,pic=0,pec=0,epc=0]@2024-10-22T18:14:52.212727+05:30
18:14:52.212 [Executing mockAddCredential(org.conjur.jenkins.credentials.ConjurCredentialStoreTest)] DEBUG org.eclipse.jetty.util.component.AbstractLifeCycle -- STOPPED EatWhatYouKill@777fa3bf/SelectorProducer@49a3e73f/IDLE/p=false/QueuedThreadPool[Jetty (JenkinsRule)]@4c9064a8{STARTED,8<=10<=200,i=4,r=-1,q=0}[ReservedThreadExecutor@66726a58{reserved=0/16,pending=0}][pc=0,pic=0,pec=0,epc=0]@2024-10-22T18:14:52.212786+05:30
18:14:52.212 [Executing mockAddCredential(org.conjur.jenkins.credentials.ConjurCredentialStoreTest)] DEBUG org.eclipse.jetty.util.component.AbstractLifeCycle -- STOPPED ManagedSelector@3a8ec7d1{STOPPED} id=6 keys=-1 selected=-1 updates=0
18:14:52.212 [Executing mockAddCredential(org.conjur.jenkins.credentials.ConjurCredentialStoreTest)] DEBUG org.eclipse.jetty.util.component.AbstractLifeCycle -- stopping ManagedSelector@7e4fefb8{STARTED} id=5 keys=0 selected=0 updates=0
18:14:52.212 [Executing mockAddCredential(org.conjur.jenkins.credentials.ConjurCredentialStoreTest)] DEBUG org.eclipse.jetty.io.ManagedSelector -- Queued change lazy=false org.eclipse.jetty.io.ManagedSelector$CloseConnections@387288a1 on ManagedSelector@7e4fefb8{STOPPING} id=5 keys=0 selected=0 updates=0
18:14:52.212 [Executing mockAddCredential(org.conjur.jenkins.credentials.ConjurCredentialStoreTest)] DEBUG org.eclipse.jetty.io.ManagedSelector -- Wakeup on submit ManagedSelector@7e4fefb8{STOPPING} id=5 keys=0 selected=0 updates=1
18:14:52.212 [Jetty (JenkinsRule)-427] DEBUG org.eclipse.jetty.io.ManagedSelector -- Selector sun.nio.ch.KQueueSelectorImpl@1d4d2eb3 woken with none selected
18:14:52.212 [Jetty (JenkinsRule)-427] DEBUG org.eclipse.jetty.io.ManagedSelector -- Selector sun.nio.ch.KQueueSelectorImpl@1d4d2eb3 woken up from select, 0/0/0 selected
18:14:52.212 [Jetty (JenkinsRule)-427] DEBUG org.eclipse.jetty.io.ManagedSelector -- Selector sun.nio.ch.KQueueSelectorImpl@1d4d2eb3 processing 0 keys, 1 updates
18:14:52.212 [Jetty (JenkinsRule)-427] DEBUG org.eclipse.jetty.io.ManagedSelector -- updateable 1
18:14:52.212 [Jetty (JenkinsRule)-427] DEBUG org.eclipse.jetty.io.ManagedSelector -- update org.eclipse.jetty.io.ManagedSelector$CloseConnections@387288a1
18:14:52.213 [Jetty (JenkinsRule)-427] DEBUG org.eclipse.jetty.io.ManagedSelector -- Closing 0 connections on ManagedSelector@7e4fefb8{STOPPING} id=5 keys=0 selected=0 updates=0
18:14:52.213 [Jetty (JenkinsRule)-427] DEBUG org.eclipse.jetty.io.ManagedSelector -- updates 0
18:14:52.213 [Jetty (JenkinsRule)-427] DEBUG org.eclipse.jetty.io.ManagedSelector -- Selector sun.nio.ch.KQueueSelectorImpl@1d4d2eb3 waiting with 0 keys
18:14:52.213 [Executing mockAddCredential(org.conjur.jenkins.credentials.ConjurCredentialStoreTest)] DEBUG org.eclipse.jetty.io.ManagedSelector -- Queued change lazy=false org.eclipse.jetty.io.ManagedSelector$StopSelector@ec2b277 on ManagedSelector@7e4fefb8{STOPPING} id=5 keys=0 selected=0 updates=0
18:14:52.213 [Executing mockAddCredential(org.conjur.jenkins.credentials.ConjurCredentialStoreTest)] DEBUG org.eclipse.jetty.io.ManagedSelector -- Wakeup on submit ManagedSelector@7e4fefb8{STOPPING} id=5 keys=0 selected=0 updates=1
18:14:52.213 [Jetty (JenkinsRule)-427] DEBUG org.eclipse.jetty.io.ManagedSelector -- Selector sun.nio.ch.KQueueSelectorImpl@1d4d2eb3 woken with none selected
18:14:52.213 [Jetty (JenkinsRule)-427] DEBUG org.eclipse.jetty.io.ManagedSelector -- Selector sun.nio.ch.KQueueSelectorImpl@1d4d2eb3 woken up from select, 0/0/0 selected
18:14:52.213 [Jetty (JenkinsRule)-427] DEBUG org.eclipse.jetty.io.ManagedSelector -- Selector sun.nio.ch.KQueueSelectorImpl@1d4d2eb3 processing 0 keys, 1 updates
18:14:52.213 [Jetty (JenkinsRule)-427] DEBUG org.eclipse.jetty.io.ManagedSelector -- updateable 1
18:14:52.213 [Jetty (JenkinsRule)-427] DEBUG org.eclipse.jetty.io.ManagedSelector -- update org.eclipse.jetty.io.ManagedSelector$StopSelector@ec2b277
18:14:52.213 [Jetty (JenkinsRule)-427] DEBUG org.eclipse.jetty.io.ManagedSelector -- updates 0
18:14:52.213 [Jetty (JenkinsRule)-427] DEBUG org.eclipse.jetty.util.thread.QueuedThreadPool -- ran org.eclipse.jetty.io.ManagedSelector$$Lambda$424/0x00000001403801f8@35f22c03 in QueuedThreadPool[Jetty (JenkinsRule)]@4c9064a8{STARTED,8<=10<=200,i=4,r=-1,q=0}[ReservedThreadExecutor@66726a58{reserved=0/16,pending=0}]
18:14:52.213 [Executing mockAddCredential(org.conjur.jenkins.credentials.ConjurCredentialStoreTest)] DEBUG org.eclipse.jetty.util.component.AbstractLifeCycle -- stopping EatWhatYouKill@1a6490c7/SelectorProducer@4f279f2d/IDLE/p=false/QueuedThreadPool[Jetty (JenkinsRule)]@4c9064a8{STARTED,8<=10<=200,i=4,r=-1,q=0}[ReservedThreadExecutor@66726a58{reserved=0/16,pending=0}][pc=0,pic=0,pec=0,epc=0]@2024-10-22T18:14:52.213313+05:30
18:14:52.213 [Executing mockAddCredential(org.conjur.jenkins.credentials.ConjurCredentialStoreTest)] DEBUG org.eclipse.jetty.util.component.AbstractLifeCycle -- STOPPED EatWhatYouKill@1a6490c7/SelectorProducer@4f279f2d/IDLE/p=false/QueuedThreadPool[Jetty (JenkinsRule)]@4c9064a8{STARTED,8<=10<=200,i=5,r=-1,q=0}[ReservedThreadExecutor@66726a58{reserved=0/16,pending=0}][pc=0,pic=0,pec=0,epc=0]@2024-10-22T18:14:52.213373+05:30
18:14:52.213 [Executing mockAddCredential(org.conjur.jenkins.credentials.ConjurCredentialStoreTest)] DEBUG org.eclipse.jetty.util.component.AbstractLifeCycle -- STOPPED ManagedSelector@7e4fefb8{STOPPED} id=5 keys=-1 selected=-1 updates=0
18:14:52.213 [Executing mockAddCredential(org.conjur.jenkins.credentials.ConjurCredentialStoreTest)] DEBUG org.eclipse.jetty.util.component.AbstractLifeCycle -- stopping ManagedSelector@4fe8ca24{STARTED} id=4 keys=0 selected=0 updates=0
18:14:52.213 [Executing mockAddCredential(org.conjur.jenkins.credentials.ConjurCredentialStoreTest)] DEBUG org.eclipse.jetty.io.ManagedSelector -- Queued change lazy=false org.eclipse.jetty.io.ManagedSelector$CloseConnections@604a1789 on ManagedSelector@4fe8ca24{STOPPING} id=4 keys=0 selected=0 updates=0
18:14:52.213 [Executing mockAddCredential(org.conjur.jenkins.credentials.ConjurCredentialStoreTest)] DEBUG org.eclipse.jetty.io.ManagedSelector -- Wakeup on submit ManagedSelector@4fe8ca24{STOPPING} id=4 keys=0 selected=0 updates=1
18:14:52.213 [Jetty (JenkinsRule)-426] DEBUG org.eclipse.jetty.io.ManagedSelector -- Selector sun.nio.ch.KQueueSelectorImpl@5010466e woken with none selected
18:14:52.213 [Jetty (JenkinsRule)-426] DEBUG org.eclipse.jetty.io.ManagedSelector -- Selector sun.nio.ch.KQueueSelectorImpl@5010466e woken up from select, 0/0/0 selected
18:14:52.213 [Jetty (JenkinsRule)-426] DEBUG org.eclipse.jetty.io.ManagedSelector -- Selector sun.nio.ch.KQueueSelectorImpl@5010466e processing 0 keys, 1 updates
18:14:52.213 [Jetty (JenkinsRule)-426] DEBUG org.eclipse.jetty.io.ManagedSelector -- updateable 1
18:14:52.213 [Jetty (JenkinsRule)-426] DEBUG org.eclipse.jetty.io.ManagedSelector -- update org.eclipse.jetty.io.ManagedSelector$CloseConnections@604a1789
18:14:52.213 [Jetty (JenkinsRule)-426] DEBUG org.eclipse.jetty.io.ManagedSelector -- Closing 0 connections on ManagedSelector@4fe8ca24{STOPPING} id=4 keys=0 selected=0 updates=0
18:14:52.213 [Jetty (JenkinsRule)-426] DEBUG org.eclipse.jetty.io.ManagedSelector -- updates 0
18:14:52.213 [Jetty (JenkinsRule)-426] DEBUG org.eclipse.jetty.io.ManagedSelector -- Selector sun.nio.ch.KQueueSelectorImpl@5010466e waiting with 0 keys
18:14:52.213 [Executing mockAddCredential(org.conjur.jenkins.credentials.ConjurCredentialStoreTest)] DEBUG org.eclipse.jetty.io.ManagedSelector -- Queued change lazy=false org.eclipse.jetty.io.ManagedSelector$StopSelector@680b8db2 on ManagedSelector@4fe8ca24{STOPPING} id=4 keys=0 selected=0 updates=0
18:14:52.213 [Executing mockAddCredential(org.conjur.jenkins.credentials.ConjurCredentialStoreTest)] DEBUG org.eclipse.jetty.io.ManagedSelector -- Wakeup on submit ManagedSelector@4fe8ca24{STOPPING} id=4 keys=0 selected=0 updates=1
18:14:52.213 [Jetty (JenkinsRule)-426] DEBUG org.eclipse.jetty.io.ManagedSelector -- Selector sun.nio.ch.KQueueSelectorImpl@5010466e woken with none selected
18:14:52.213 [Jetty (JenkinsRule)-426] DEBUG org.eclipse.jetty.io.ManagedSelector -- Selector sun.nio.ch.KQueueSelectorImpl@5010466e woken up from select, 0/0/0 selected
18:14:52.213 [Jetty (JenkinsRule)-426] DEBUG org.eclipse.jetty.io.ManagedSelector -- Selector sun.nio.ch.KQueueSelectorImpl@5010466e processing 0 keys, 1 updates
18:14:52.213 [Jetty (JenkinsRule)-426] DEBUG org.eclipse.jetty.io.ManagedSelector -- updateable 1
18:14:52.213 [Jetty (JenkinsRule)-426] DEBUG org.eclipse.jetty.io.ManagedSelector -- update org.eclipse.jetty.io.ManagedSelector$StopSelector@680b8db2
18:14:52.213 [Jetty (JenkinsRule)-426] DEBUG org.eclipse.jetty.io.ManagedSelector -- updates 0
18:14:52.213 [Jetty (JenkinsRule)-426] DEBUG org.eclipse.jetty.util.thread.QueuedThreadPool -- ran org.eclipse.jetty.io.ManagedSelector$$Lambda$424/0x00000001403801f8@1756e48 in QueuedThreadPool[Jetty (JenkinsRule)]@4c9064a8{STARTED,8<=10<=200,i=5,r=-1,q=0}[ReservedThreadExecutor@66726a58{reserved=0/16,pending=0}]
18:14:52.213 [Executing mockAddCredential(org.conjur.jenkins.credentials.ConjurCredentialStoreTest)] DEBUG org.eclipse.jetty.util.component.AbstractLifeCycle -- stopping EatWhatYouKill@6e477a3c/SelectorProducer@689b3841/IDLE/p=false/QueuedThreadPool[Jetty (JenkinsRule)]@4c9064a8{STARTED,8<=10<=200,i=6,r=-1,q=0}[ReservedThreadExecutor@66726a58{reserved=0/16,pending=0}][pc=0,pic=0,pec=0,epc=0]@2024-10-22T18:14:52.213867+05:30
18:14:52.213 [Executing mockAddCredential(org.conjur.jenkins.credentials.ConjurCredentialStoreTest)] DEBUG org.eclipse.jetty.util.component.AbstractLifeCycle -- STOPPED EatWhatYouKill@6e477a3c/SelectorProducer@689b3841/IDLE/p=false/QueuedThreadPool[Jetty (JenkinsRule)]@4c9064a8{STARTED,8<=10<=200,i=6,r=-1,q=0}[ReservedThreadExecutor@66726a58{reserved=0/16,pending=0}][pc=0,pic=0,pec=0,epc=0]@2024-10-22T18:14:52.213942+05:30
18:14:52.213 [Executing mockAddCredential(org.conjur.jenkins.credentials.ConjurCredentialStoreTest)] DEBUG org.eclipse.jetty.util.component.AbstractLifeCycle -- STOPPED ManagedSelector@4fe8ca24{STOPPED} id=4 keys=-1 selected=-1 updates=0
18:14:52.214 [Executing mockAddCredential(org.conjur.jenkins.credentials.ConjurCredentialStoreTest)] DEBUG org.eclipse.jetty.util.component.AbstractLifeCycle -- stopping ManagedSelector@1c893a04{STARTED} id=3 keys=0 selected=0 updates=0
18:14:52.214 [Executing mockAddCredential(org.conjur.jenkins.credentials.ConjurCredentialStoreTest)] DEBUG org.eclipse.jetty.io.ManagedSelector -- Queued change lazy=false org.eclipse.jetty.io.ManagedSelector$CloseConnections@44102792 on ManagedSelector@1c893a04{STOPPING} id=3 keys=0 selected=0 updates=0
18:14:52.214 [Executing mockAddCredential(org.conjur.jenkins.credentials.ConjurCredentialStoreTest)] DEBUG org.eclipse.jetty.io.ManagedSelector -- Wakeup on submit ManagedSelector@1c893a04{STOPPING} id=3 keys=0 selected=0 updates=1
18:14:52.214 [Jetty (JenkinsRule)-425] DEBUG org.eclipse.jetty.io.ManagedSelector -- Selector sun.nio.ch.KQueueSelectorImpl@51707723 woken with none selected
18:14:52.214 [Jetty (JenkinsRule)-425] DEBUG org.eclipse.jetty.io.ManagedSelector -- Selector sun.nio.ch.KQueueSelectorImpl@51707723 woken up from select, 0/0/0 selected
18:14:52.214 [Jetty (JenkinsRule)-425] DEBUG org.eclipse.jetty.io.ManagedSelector -- Selector sun.nio.ch.KQueueSelectorImpl@51707723 processing 0 keys, 1 updates
18:14:52.214 [Jetty (JenkinsRule)-425] DEBUG org.eclipse.jetty.io.ManagedSelector -- updateable 1
18:14:52.214 [Jetty (JenkinsRule)-425] DEBUG org.eclipse.jetty.io.ManagedSelector -- update org.eclipse.jetty.io.ManagedSelector$CloseConnections@44102792
18:14:52.214 [Jetty (JenkinsRule)-425] DEBUG org.eclipse.jetty.io.ManagedSelector -- Closing 0 connections on ManagedSelector@1c893a04{STOPPING} id=3 keys=0 selected=0 updates=0
18:14:52.214 [Jetty (JenkinsRule)-425] DEBUG org.eclipse.jetty.io.ManagedSelector -- updates 0
18:14:52.214 [Jetty (JenkinsRule)-425] DEBUG org.eclipse.jetty.io.ManagedSelector -- Selector sun.nio.ch.KQueueSelectorImpl@51707723 waiting with 0 keys
18:14:52.214 [Executing mockAddCredential(org.conjur.jenkins.credentials.ConjurCredentialStoreTest)] DEBUG org.eclipse.jetty.io.ManagedSelector -- Queued change lazy=false org.eclipse.jetty.io.ManagedSelector$StopSelector@5fda646d on ManagedSelector@1c893a04{STOPPING} id=3 keys=0 selected=0 updates=0
18:14:52.214 [Executing mockAddCredential(org.conjur.jenkins.credentials.ConjurCredentialStoreTest)] DEBUG org.eclipse.jetty.io.ManagedSelector -- Wakeup on submit ManagedSelector@1c893a04{STOPPING} id=3 keys=0 selected=0 updates=1
18:14:52.214 [Jetty (JenkinsRule)-425] DEBUG org.eclipse.jetty.io.ManagedSelector -- Selector sun.nio.ch.KQueueSelectorImpl@51707723 woken with none selected
18:14:52.214 [Jetty (JenkinsRule)-425] DEBUG org.eclipse.jetty.io.ManagedSelector -- Selector sun.nio.ch.KQueueSelectorImpl@51707723 woken up from select, 0/0/0 selected
18:14:52.214 [Jetty (JenkinsRule)-425] DEBUG org.eclipse.jetty.io.ManagedSelector -- Selector sun.nio.ch.KQueueSelectorImpl@51707723 processing 0 keys, 1 updates
18:14:52.214 [Jetty (JenkinsRule)-425] DEBUG org.eclipse.jetty.io.ManagedSelector -- updateable 1
18:14:52.214 [Jetty (JenkinsRule)-425] DEBUG org.eclipse.jetty.io.ManagedSelector -- update org.eclipse.jetty.io.ManagedSelector$StopSelector@5fda646d
18:14:52.214 [Jetty (JenkinsRule)-425] DEBUG org.eclipse.jetty.io.ManagedSelector -- updates 0
18:14:52.214 [Jetty (JenkinsRule)-425] DEBUG org.eclipse.jetty.util.thread.QueuedThreadPool -- ran org.eclipse.jetty.io.ManagedSelector$$Lambda$424/0x00000001403801f8@6d2772b0 in QueuedThreadPool[Jetty (JenkinsRule)]@4c9064a8{STARTED,8<=10<=200,i=6,r=-1,q=0}[ReservedThreadExecutor@66726a58{reserved=0/16,pending=0}]
18:14:52.214 [Executing mockAddCredential(org.conjur.jenkins.credentials.ConjurCredentialStoreTest)] DEBUG org.eclipse.jetty.util.component.AbstractLifeCycle -- stopping EatWhatYouKill@1ef30530/SelectorProducer@71cad3cd/IDLE/p=false/QueuedThreadPool[Jetty (JenkinsRule)]@4c9064a8{STARTED,8<=10<=200,i=6,r=-1,q=0}[ReservedThreadExecutor@66726a58{reserved=0/16,pending=0}][pc=0,pic=0,pec=0,epc=0]@2024-10-22T18:14:52.214632+05:30
18:14:52.214 [Executing mockAddCredential(org.conjur.jenkins.credentials.ConjurCredentialStoreTest)] DEBUG org.eclipse.jetty.util.component.AbstractLifeCycle -- STOPPED EatWhatYouKill@1ef30530/SelectorProducer@71cad3cd/IDLE/p=false/QueuedThreadPool[Jetty (JenkinsRule)]@4c9064a8{STARTED,8<=10<=200,i=7,r=-1,q=0}[ReservedThreadExecutor@66726a58{reserved=0/16,pending=0}][pc=0,pic=0,pec=0,epc=0]@2024-10-22T18:14:52.214696+05:30
18:14:52.214 [Executing mockAddCredential(org.conjur.jenkins.credentials.ConjurCredentialStoreTest)] DEBUG org.eclipse.jetty.util.component.AbstractLifeCycle -- STOPPED ManagedSelector@1c893a04{STOPPED} id=3 keys=-1 selected=-1 updates=0
18:14:52.214 [Executing mockAddCredential(org.conjur.jenkins.credentials.ConjurCredentialStoreTest)] DEBUG org.eclipse.jetty.util.component.AbstractLifeCycle -- stopping ManagedSelector@4446df46{STARTED} id=2 keys=0 selected=0 updates=0
18:14:52.214 [Executing mockAddCredential(org.conjur.jenkins.credentials.ConjurCredentialStoreTest)] DEBUG org.eclipse.jetty.io.ManagedSelector -- Queued change lazy=false org.eclipse.jetty.io.ManagedSelector$CloseConnections@6f9cc640 on ManagedSelector@4446df46{STOPPING} id=2 keys=0 selected=0 updates=0
18:14:52.214 [Executing mockAddCredential(org.conjur.jenkins.credentials.ConjurCredentialStoreTest)] DEBUG org.eclipse.jetty.io.ManagedSelector -- Wakeup on submit ManagedSelector@4446df46{STOPPING} id=2 keys=0 selected=0 updates=1
18:14:52.214 [Jetty (JenkinsRule)-424] DEBUG org.eclipse.jetty.io.ManagedSelector -- Selector sun.nio.ch.KQueueSelectorImpl@89dbc1e woken with none selected
18:14:52.214 [Jetty (JenkinsRule)-424] DEBUG org.eclipse.jetty.io.ManagedSelector -- Selector sun.nio.ch.KQueueSelectorImpl@89dbc1e woken up from select, 0/0/0 selected
18:14:52.214 [Jetty (JenkinsRule)-424] DEBUG org.eclipse.jetty.io.ManagedSelector -- Selector sun.nio.ch.KQueueSelectorImpl@89dbc1e processing 0 keys, 1 updates
18:14:52.214 [Jetty (JenkinsRule)-424] DEBUG org.eclipse.jetty.io.ManagedSelector -- updateable 1
18:14:52.214 [Jetty (JenkinsRule)-424] DEBUG org.eclipse.jetty.io.ManagedSelector -- update org.eclipse.jetty.io.ManagedSelector$CloseConnections@6f9cc640
18:14:52.214 [Jetty (JenkinsRule)-424] DEBUG org.eclipse.jetty.io.ManagedSelector -- Closing 0 connections on ManagedSelector@4446df46{STOPPING} id=2 keys=0 selected=0 updates=0
18:14:52.214 [Jetty (JenkinsRule)-424] DEBUG org.eclipse.jetty.io.ManagedSelector -- updates 0
18:14:52.214 [Jetty (JenkinsRule)-424] DEBUG org.eclipse.jetty.io.ManagedSelector -- Selector sun.nio.ch.KQueueSelectorImpl@89dbc1e waiting with 0 keys
18:14:52.215 [Executing mockAddCredential(org.conjur.jenkins.credentials.ConjurCredentialStoreTest)] DEBUG org.eclipse.jetty.io.ManagedSelector -- Queued change lazy=false org.eclipse.jetty.io.ManagedSelector$StopSelector@5b4ea01c on ManagedSelector@4446df46{STOPPING} id=2 keys=0 selected=0 updates=0
18:14:52.215 [Executing mockAddCredential(org.conjur.jenkins.credentials.ConjurCredentialStoreTest)] DEBUG org.eclipse.jetty.io.ManagedSelector -- Wakeup on submit ManagedSelector@4446df46{STOPPING} id=2 keys=0 selected=0 updates=1
18:14:52.215 [Jetty (JenkinsRule)-424] DEBUG org.eclipse.jetty.io.ManagedSelector -- Selector sun.nio.ch.KQueueSelectorImpl@89dbc1e woken with none selected
18:14:52.215 [Jetty (JenkinsRule)-424] DEBUG org.eclipse.jetty.io.ManagedSelector -- Selector sun.nio.ch.KQueueSelectorImpl@89dbc1e woken up from select, 0/0/0 selected
18:14:52.215 [Jetty (JenkinsRule)-424] DEBUG org.eclipse.jetty.io.ManagedSelector -- Selector sun.nio.ch.KQueueSelectorImpl@89dbc1e processing 0 keys, 1 updates
18:14:52.215 [Jetty (JenkinsRule)-424] DEBUG org.eclipse.jetty.io.ManagedSelector -- updateable 1
18:14:52.215 [Jetty (JenkinsRule)-424] DEBUG org.eclipse.jetty.io.ManagedSelector -- update org.eclipse.jetty.io.ManagedSelector$StopSelector@5b4ea01c
18:14:52.215 [Jetty (JenkinsRule)-424] DEBUG org.eclipse.jetty.io.ManagedSelector -- updates 0
18:14:52.215 [Jetty (JenkinsRule)-424] DEBUG org.eclipse.jetty.util.thread.QueuedThreadPool -- ran org.eclipse.jetty.io.ManagedSelector$$Lambda$424/0x00000001403801f8@4bfeca16 in QueuedThreadPool[Jetty (JenkinsRule)]@4c9064a8{STARTED,8<=10<=200,i=7,r=-1,q=0}[ReservedThreadExecutor@66726a58{reserved=0/16,pending=0}]
18:14:52.215 [Executing mockAddCredential(org.conjur.jenkins.credentials.ConjurCredentialStoreTest)] DEBUG org.eclipse.jetty.util.component.AbstractLifeCycle -- stopping EatWhatYouKill@134f9330/SelectorProducer@71a381b9/IDLE/p=false/QueuedThreadPool[Jetty (JenkinsRule)]@4c9064a8{STARTED,8<=10<=200,i=8,r=-1,q=0}[ReservedThreadExecutor@66726a58{reserved=0/16,pending=0}][pc=0,pic=0,pec=0,epc=0]@2024-10-22T18:14:52.215268+05:30
18:14:52.215 [Executing mockAddCredential(org.conjur.jenkins.credentials.ConjurCredentialStoreTest)] DEBUG org.eclipse.jetty.util.component.AbstractLifeCycle -- STOPPED EatWhatYouKill@134f9330/SelectorProducer@71a381b9/IDLE/p=false/QueuedThreadPool[Jetty (JenkinsRule)]@4c9064a8{STARTED,8<=10<=200,i=8,r=-1,q=0}[ReservedThreadExecutor@66726a58{reserved=0/16,pending=0}][pc=0,pic=0,pec=0,epc=0]@2024-10-22T18:14:52.215328+05:30
18:14:52.215 [Executing mockAddCredential(org.conjur.jenkins.credentials.ConjurCredentialStoreTest)] DEBUG org.eclipse.jetty.util.component.AbstractLifeCycle -- STOPPED ManagedSelector@4446df46{STOPPED} id=2 keys=-1 selected=-1 updates=0
18:14:52.215 [Executing mockAddCredential(org.conjur.jenkins.credentials.ConjurCredentialStoreTest)] DEBUG org.eclipse.jetty.util.component.AbstractLifeCycle -- stopping ManagedSelector@7745a543{STARTED} id=1 keys=0 selected=0 updates=0
18:14:52.215 [Executing mockAddCredential(org.conjur.jenkins.credentials.ConjurCredentialStoreTest)] DEBUG org.eclipse.jetty.io.ManagedSelector -- Queued change lazy=false org.eclipse.jetty.io.ManagedSelector$CloseConnections@1e273050 on ManagedSelector@7745a543{STOPPING} id=1 keys=0 selected=0 updates=0
18:14:52.215 [Executing mockAddCredential(org.conjur.jenkins.credentials.ConjurCredentialStoreTest)] DEBUG org.eclipse.jetty.io.ManagedSelector -- Wakeup on submit ManagedSelector@7745a543{STOPPING} id=1 keys=0 selected=0 updates=1
18:14:52.215 [Jetty (JenkinsRule)-423] DEBUG org.eclipse.jetty.io.ManagedSelector -- Selector sun.nio.ch.KQueueSelectorImpl@16c73528 woken with none selected
18:14:52.215 [Jetty (JenkinsRule)-423] DEBUG org.eclipse.jetty.io.ManagedSelector -- Selector sun.nio.ch.KQueueSelectorImpl@16c73528 woken up from select, 0/0/0 selected
18:14:52.215 [Jetty (JenkinsRule)-423] DEBUG org.eclipse.jetty.io.ManagedSelector -- Selector sun.nio.ch.KQueueSelectorImpl@16c73528 processing 0 keys, 1 updates
18:14:52.215 [Jetty (JenkinsRule)-423] DEBUG org.eclipse.jetty.io.ManagedSelector -- updateable 1
18:14:52.215 [Jetty (JenkinsRule)-423] DEBUG org.eclipse.jetty.io.ManagedSelector -- update org.eclipse.jetty.io.ManagedSelector$CloseConnections@1e273050
18:14:52.215 [Jetty (JenkinsRule)-423] DEBUG org.eclipse.jetty.io.ManagedSelector -- Closing 0 connections on ManagedSelector@7745a543{STOPPING} id=1 keys=0 selected=0 updates=0
18:14:52.215 [Jetty (JenkinsRule)-423] DEBUG org.eclipse.jetty.io.ManagedSelector -- updates 0
18:14:52.215 [Jetty (JenkinsRule)-423] DEBUG org.eclipse.jetty.io.ManagedSelector -- Selector sun.nio.ch.KQueueSelectorImpl@16c73528 waiting with 0 keys
18:14:52.215 [Executing mockAddCredential(org.conjur.jenkins.credentials.ConjurCredentialStoreTest)] DEBUG org.eclipse.jetty.io.ManagedSelector -- Queued change lazy=false org.eclipse.jetty.io.ManagedSelector$StopSelector@1252c6f5 on ManagedSelector@7745a543{STOPPING} id=1 keys=0 selected=0 updates=0
18:14:52.215 [Executing mockAddCredential(org.conjur.jenkins.credentials.ConjurCredentialStoreTest)] DEBUG org.eclipse.jetty.io.ManagedSelector -- Wakeup on submit ManagedSelector@7745a543{STOPPING} id=1 keys=0 selected=0 updates=1
18:14:52.215 [Jetty (JenkinsRule)-423] DEBUG org.eclipse.jetty.io.ManagedSelector -- Selector sun.nio.ch.KQueueSelectorImpl@16c73528 woken with none selected
18:14:52.215 [Jetty (JenkinsRule)-423] DEBUG org.eclipse.jetty.io.ManagedSelector -- Selector sun.nio.ch.KQueueSelectorImpl@16c73528 woken up from select, 0/0/0 selected
18:14:52.215 [Jetty (JenkinsRule)-423] DEBUG org.eclipse.jetty.io.ManagedSelector -- Selector sun.nio.ch.KQueueSelectorImpl@16c73528 processing 0 keys, 1 updates
18:14:52.215 [Jetty (JenkinsRule)-423] DEBUG org.eclipse.jetty.io.ManagedSelector -- updateable 1
18:14:52.215 [Jetty (JenkinsRule)-423] DEBUG org.eclipse.jetty.io.ManagedSelector -- update org.eclipse.jetty.io.ManagedSelector$StopSelector@1252c6f5
18:14:52.215 [Jetty (JenkinsRule)-423] DEBUG org.eclipse.jetty.io.ManagedSelector -- updates 0
18:14:52.215 [Jetty (JenkinsRule)-423] DEBUG org.eclipse.jetty.util.thread.QueuedThreadPool -- ran org.eclipse.jetty.io.ManagedSelector$$Lambda$424/0x00000001403801f8@60b2a3e6 in QueuedThreadPool[Jetty (JenkinsRule)]@4c9064a8{STARTED,8<=10<=200,i=8,r=-1,q=0}[ReservedThreadExecutor@66726a58{reserved=0/16,pending=0}]
18:14:52.215 [Executing mockAddCredential(org.conjur.jenkins.credentials.ConjurCredentialStoreTest)] DEBUG org.eclipse.jetty.util.component.AbstractLifeCycle -- stopping EatWhatYouKill@d7dfe6e/SelectorProducer@316c8db/IDLE/p=false/QueuedThreadPool[Jetty (JenkinsRule)]@4c9064a8{STARTED,8<=10<=200,i=9,r=-1,q=0}[ReservedThreadExecutor@66726a58{reserved=0/16,pending=0}][pc=0,pic=0,pec=0,epc=0]@2024-10-22T18:14:52.215833+05:30
18:14:52.215 [Executing mockAddCredential(org.conjur.jenkins.credentials.ConjurCredentialStoreTest)] DEBUG org.eclipse.jetty.util.component.AbstractLifeCycle -- STOPPED EatWhatYouKill@d7dfe6e/SelectorProducer@316c8db/IDLE/p=false/QueuedThreadPool[Jetty (JenkinsRule)]@4c9064a8{STARTED,8<=10<=200,i=9,r=-1,q=0}[ReservedThreadExecutor@66726a58{reserved=0/16,pending=0}][pc=0,pic=0,pec=0,epc=0]@2024-10-22T18:14:52.215889+05:30
18:14:52.215 [Executing mockAddCredential(org.conjur.jenkins.credentials.ConjurCredentialStoreTest)] DEBUG org.eclipse.jetty.util.component.AbstractLifeCycle -- STOPPED ManagedSelector@7745a543{STOPPED} id=1 keys=-1 selected=-1 updates=0
18:14:52.215 [Executing mockAddCredential(org.conjur.jenkins.credentials.ConjurCredentialStoreTest)] DEBUG org.eclipse.jetty.util.component.AbstractLifeCycle -- stopping ManagedSelector@2118aedd{STARTED} id=0 keys=0 selected=0 updates=0
18:14:52.215 [Executing mockAddCredential(org.conjur.jenkins.credentials.ConjurCredentialStoreTest)] DEBUG org.eclipse.jetty.io.ManagedSelector -- Queued change lazy=false org.eclipse.jetty.io.ManagedSelector$CloseConnections@1bf5bc39 on ManagedSelector@2118aedd{STOPPING} id=0 keys=0 selected=0 updates=0
18:14:52.215 [Executing mockAddCredential(org.conjur.jenkins.credentials.ConjurCredentialStoreTest)] DEBUG org.eclipse.jetty.io.ManagedSelector -- Wakeup on submit ManagedSelector@2118aedd{STOPPING} id=0 keys=0 selected=0 updates=1
18:14:52.216 [Jetty (JenkinsRule)-422] DEBUG org.eclipse.jetty.io.ManagedSelector -- Selector sun.nio.ch.KQueueSelectorImpl@19d8cdf1 woken with none selected
18:14:52.216 [Jetty (JenkinsRule)-422] DEBUG org.eclipse.jetty.io.ManagedSelector -- Selector sun.nio.ch.KQueueSelectorImpl@19d8cdf1 woken up from select, 0/0/0 selected
18:14:52.216 [Jetty (JenkinsRule)-422] DEBUG org.eclipse.jetty.io.ManagedSelector -- Selector sun.nio.ch.KQueueSelectorImpl@19d8cdf1 processing 0 keys, 1 updates
18:14:52.216 [Jetty (JenkinsRule)-422] DEBUG org.eclipse.jetty.io.ManagedSelector -- updateable 1
18:14:52.216 [Jetty (JenkinsRule)-422] DEBUG org.eclipse.jetty.io.ManagedSelector -- update org.eclipse.jetty.io.ManagedSelector$CloseConnections@1bf5bc39
18:14:52.216 [Jetty (JenkinsRule)-422] DEBUG org.eclipse.jetty.io.ManagedSelector -- Closing 0 connections on ManagedSelector@2118aedd{STOPPING} id=0 keys=0 selected=0 updates=0
18:14:52.216 [Jetty (JenkinsRule)-422] DEBUG org.eclipse.jetty.io.ManagedSelector -- updates 0
18:14:52.216 [Jetty (JenkinsRule)-422] DEBUG org.eclipse.jetty.io.ManagedSelector -- Selector sun.nio.ch.KQueueSelectorImpl@19d8cdf1 waiting with 0 keys
18:14:52.216 [Executing mockAddCredential(org.conjur.jenkins.credentials.ConjurCredentialStoreTest)] DEBUG org.eclipse.jetty.io.ManagedSelector -- Queued change lazy=false org.eclipse.jetty.io.ManagedSelector$StopSelector@3595a11b on ManagedSelector@2118aedd{STOPPING} id=0 keys=0 selected=0 updates=0
18:14:52.216 [Executing mockAddCredential(org.conjur.jenkins.credentials.ConjurCredentialStoreTest)] DEBUG org.eclipse.jetty.io.ManagedSelector -- Wakeup on submit ManagedSelector@2118aedd{STOPPING} id=0 keys=0 selected=0 updates=1
18:14:52.216 [Jetty (JenkinsRule)-422] DEBUG org.eclipse.jetty.io.ManagedSelector -- Selector sun.nio.ch.KQueueSelectorImpl@19d8cdf1 woken with none selected
18:14:52.216 [Jetty (JenkinsRule)-422] DEBUG org.eclipse.jetty.io.ManagedSelector -- Selector sun.nio.ch.KQueueSelectorImpl@19d8cdf1 woken up from select, 0/0/0 selected
18:14:52.216 [Jetty (JenkinsRule)-422] DEBUG org.eclipse.jetty.io.ManagedSelector -- Selector sun.nio.ch.KQueueSelectorImpl@19d8cdf1 processing 0 keys, 1 updates
18:14:52.216 [Jetty (JenkinsRule)-422] DEBUG org.eclipse.jetty.io.ManagedSelector -- updateable 1
18:14:52.216 [Jetty (JenkinsRule)-422] DEBUG org.eclipse.jetty.io.ManagedSelector -- update org.eclipse.jetty.io.ManagedSelector$StopSelector@3595a11b
18:14:52.216 [Jetty (JenkinsRule)-422] DEBUG org.eclipse.jetty.io.ManagedSelector -- updates 0
18:14:52.216 [Jetty (JenkinsRule)-422] DEBUG org.eclipse.jetty.util.thread.QueuedThreadPool -- ran org.eclipse.jetty.io.ManagedSelector$$Lambda$424/0x00000001403801f8@2b6583f3 in QueuedThreadPool[Jetty (JenkinsRule)]@4c9064a8{STARTED,8<=10<=200,i=9,r=-1,q=0}[ReservedThreadExecutor@66726a58{reserved=0/16,pending=0}]
18:14:52.216 [Executing mockAddCredential(org.conjur.jenkins.credentials.ConjurCredentialStoreTest)] DEBUG org.eclipse.jetty.util.component.AbstractLifeCycle -- stopping EatWhatYouKill@16f302d8/SelectorProducer@46f64a30/IDLE/p=false/QueuedThreadPool[Jetty (JenkinsRule)]@4c9064a8{STARTED,8<=10<=200,i=9,r=-1,q=0}[ReservedThreadExecutor@66726a58{reserved=0/16,pending=0}][pc=0,pic=0,pec=0,epc=0]@2024-10-22T18:14:52.216412+05:30
18:14:52.216 [Executing mockAddCredential(org.conjur.jenkins.credentials.ConjurCredentialStoreTest)] DEBUG org.eclipse.jetty.util.component.AbstractLifeCycle -- STOPPED EatWhatYouKill@16f302d8/SelectorProducer@46f64a30/IDLE/p=false/QueuedThreadPool[Jetty (JenkinsRule)]@4c9064a8{STARTED,8<=10<=200,i=10,r=-1,q=0}[ReservedThreadExecutor@66726a58{reserved=0/16,pending=0}][pc=0,pic=0,pec=0,epc=0]@2024-10-22T18:14:52.216469+05:30
18:14:52.216 [Executing mockAddCredential(org.conjur.jenkins.credentials.ConjurCredentialStoreTest)] DEBUG org.eclipse.jetty.util.component.AbstractLifeCycle -- STOPPED ManagedSelector@2118aedd{STOPPED} id=0 keys=-1 selected=-1 updates=0
18:14:52.216 [Executing mockAddCredential(org.conjur.jenkins.credentials.ConjurCredentialStoreTest)] DEBUG org.eclipse.jetty.util.component.AbstractLifeCycle -- STOPPED SelectorManager@ServerConnector@b3506f4{HTTP/1.1, (http/1.1)}{localhost:0}
18:14:52.216 [Executing mockAddCredential(org.conjur.jenkins.credentials.ConjurCredentialStoreTest)] DEBUG org.eclipse.jetty.util.component.AbstractLifeCycle -- stopping HttpConnectionFactory@6ee5cb35[HTTP/1.1]
18:14:52.216 [Executing mockAddCredential(org.conjur.jenkins.credentials.ConjurCredentialStoreTest)] DEBUG org.eclipse.jetty.util.component.AbstractLifeCycle -- STOPPED HttpConnectionFactory@6ee5cb35[HTTP/1.1]
18:14:52.216 [Executing mockAddCredential(org.conjur.jenkins.credentials.ConjurCredentialStoreTest)] DEBUG org.eclipse.jetty.util.component.AbstractLifeCycle -- stopping ScheduledExecutorScheduler@144df97e{STARTED}
18:14:52.216 [Executing mockAddCredential(org.conjur.jenkins.credentials.ConjurCredentialStoreTest)] DEBUG org.eclipse.jetty.util.component.AbstractLifeCycle -- STOPPED ScheduledExecutorScheduler@144df97e{STOPPED}
18:14:52.216 [Executing mockAddCredential(org.conjur.jenkins.credentials.ConjurCredentialStoreTest)] INFO org.eclipse.jetty.server.AbstractConnector -- Stopped ServerConnector@b3506f4{HTTP/1.1, (http/1.1)}{localhost:0}
18:14:52.216 [Executing mockAddCredential(org.conjur.jenkins.credentials.ConjurCredentialStoreTest)] DEBUG org.eclipse.jetty.util.component.AbstractLifeCycle -- STOPPED ServerConnector@b3506f4{HTTP/1.1, (http/1.1)}{localhost:0}
18:14:52.216 [Executing mockAddCredential(org.conjur.jenkins.credentials.ConjurCredentialStoreTest)] DEBUG org.eclipse.jetty.server.handler.AbstractHandler -- stopping Server@dad6e93{STOPPING}[9.4.48.v20220622]
18:14:52.216 [Executing mockAddCredential(org.conjur.jenkins.credentials.ConjurCredentialStoreTest)] DEBUG org.eclipse.jetty.util.component.AbstractLifeCycle -- stopping DefaultSessionIdManager@6122221d{STARTED}[worker=node0]
18:14:52.216 [Executing mockAddCredential(org.conjur.jenkins.credentials.ConjurCredentialStoreTest)] DEBUG org.eclipse.jetty.util.component.AbstractLifeCycle -- stopping HouseKeeper@50751bb3{STARTED}[interval=600000, ownscheduler=true]
18:14:52.216 [Executing mockAddCredential(org.conjur.jenkins.credentials.ConjurCredentialStoreTest)] INFO org.eclipse.jetty.server.session -- node0 Stopped scavenging
18:14:52.216 [Executing mockAddCredential(org.conjur.jenkins.credentials.ConjurCredentialStoreTest)] DEBUG org.eclipse.jetty.util.component.AbstractLifeCycle -- stopping ScheduledExecutorScheduler@70b3862{STARTED}
18:14:52.216 [Executing mockAddCredential(org.conjur.jenkins.credentials.ConjurCredentialStoreTest)] DEBUG org.eclipse.jetty.util.component.AbstractLifeCycle -- STOPPED ScheduledExecutorScheduler@70b3862{STOPPED}
18:14:52.216 [Executing mockAddCredential(org.conjur.jenkins.credentials.ConjurCredentialStoreTest)] DEBUG org.eclipse.jetty.util.component.AbstractLifeCycle -- STOPPED HouseKeeper@50751bb3{STOPPED}[interval=600000, ownscheduler=false]
18:14:52.216 [Executing mockAddCredential(org.conjur.jenkins.credentials.ConjurCredentialStoreTest)] DEBUG org.eclipse.jetty.util.component.AbstractLifeCycle -- STOPPED DefaultSessionIdManager@6122221d{STOPPED}[worker=node0]
18:14:52.216 [Executing mockAddCredential(org.conjur.jenkins.credentials.ConjurCredentialStoreTest)] DEBUG org.eclipse.jetty.util.component.AbstractLifeCycle -- stopping ErrorHandler@45d3c6b0{STARTED}
18:14:52.216 [Executing mockAddCredential(org.conjur.jenkins.credentials.ConjurCredentialStoreTest)] DEBUG org.eclipse.jetty.server.handler.AbstractHandler -- stopping ErrorHandler@45d3c6b0{STOPPING}
18:14:52.216 [Executing mockAddCredential(org.conjur.jenkins.credentials.ConjurCredentialStoreTest)] DEBUG org.eclipse.jetty.util.component.AbstractLifeCycle -- STOPPED ErrorHandler@45d3c6b0{STOPPED}
18:14:52.216 [Executing mockAddCredential(org.conjur.jenkins.credentials.ConjurCredentialStoreTest)] DEBUG org.eclipse.jetty.util.component.AbstractLifeCycle -- stopping o.e.j.w.WebAppContext@73903ea6{Jenkins v2.346.3,/jenkins,file:///Users/sameer.shaik/MyWorkSpace/17OctV2.2.3-New-BitBucketIssueFixed/conjur-credentials-plugin/target/jenkins-for-test/,SHUTDOWN}{/Users/sameer.shaik/MyWorkSpace/17OctV2.2.3-New-BitBucketIssueFixed/conjur-credentials-plugin/target/jenkins-for-test}
18:14:52.216 [Executing mockAddCredential(org.conjur.jenkins.credentials.ConjurCredentialStoreTest)] DEBUG org.eclipse.jetty.server.handler.AbstractHandlerContainer -- Graceful shutdown o.e.j.w.WebAppContext@73903ea6{Jenkins v2.346.3,/jenkins,file:///Users/sameer.shaik/MyWorkSpace/17OctV2.2.3-New-BitBucketIssueFixed/conjur-credentials-plugin/target/jenkins-for-test/,SHUTDOWN}{/Users/sameer.shaik/MyWorkSpace/17OctV2.2.3-New-BitBucketIssueFixed/conjur-credentials-plugin/target/jenkins-for-test} by 
18:14:52.216 [Executing mockAddCredential(org.conjur.jenkins.credentials.ConjurCredentialStoreTest)] DEBUG org.eclipse.jetty.server.handler.AbstractHandler -- stopping o.e.j.w.WebAppContext@73903ea6{Jenkins v2.346.3,/jenkins,file:///Users/sameer.shaik/MyWorkSpace/17OctV2.2.3-New-BitBucketIssueFixed/conjur-credentials-plugin/target/jenkins-for-test/,STOPPED}{/Users/sameer.shaik/MyWorkSpace/17OctV2.2.3-New-BitBucketIssueFixed/conjur-credentials-plugin/target/jenkins-for-test}
18:14:52.216 [Executing mockAddCredential(org.conjur.jenkins.credentials.ConjurCredentialStoreTest)] DEBUG org.eclipse.jetty.util.component.AbstractLifeCycle -- stopping NoListenerConfiguration@5957e9cd{STARTED}
18:14:52.216 [Executing mockAddCredential(org.conjur.jenkins.credentials.ConjurCredentialStoreTest)] DEBUG org.eclipse.jetty.util.component.AbstractLifeCycle -- STOPPED NoListenerConfiguration@5957e9cd{STOPPED}
18:14:52.216 [Executing mockAddCredential(org.conjur.jenkins.credentials.ConjurCredentialStoreTest)] DEBUG org.eclipse.jetty.util.component.AbstractLifeCycle -- stopping ErrorPageErrorHandler@69cc08f7{STARTED}
18:14:52.216 [Executing mockAddCredential(org.conjur.jenkins.credentials.ConjurCredentialStoreTest)] DEBUG org.eclipse.jetty.server.handler.AbstractHandler -- stopping ErrorPageErrorHandler@69cc08f7{STOPPING}
18:14:52.217 [Executing mockAddCredential(org.conjur.jenkins.credentials.ConjurCredentialStoreTest)] DEBUG org.eclipse.jetty.util.component.AbstractLifeCycle -- STOPPED ErrorPageErrorHandler@69cc08f7{STOPPED}
18:14:52.217 [Executing mockAddCredential(org.conjur.jenkins.credentials.ConjurCredentialStoreTest)] DEBUG org.eclipse.jetty.util.component.AbstractLifeCycle -- stopping org.eclipse.jetty.server.session.SessionHandler1837273564==dftMaxIdleSec=1800
18:14:52.217 [Executing mockAddCredential(org.conjur.jenkins.credentials.ConjurCredentialStoreTest)] DEBUG org.eclipse.jetty.server.session -- Shutdown sessions, invalidating = false
18:14:52.217 [Executing mockAddCredential(org.conjur.jenkins.credentials.ConjurCredentialStoreTest)] DEBUG org.eclipse.jetty.util.component.AbstractLifeCycle -- stopping org.eclipse.jetty.server.session.DefaultSessionCache@2c6f68cf[evict=-1,removeUnloadable=false,saveOnCreate=false,saveOnInactiveEvict=false]
18:14:52.217 [Executing mockAddCredential(org.conjur.jenkins.credentials.ConjurCredentialStoreTest)] DEBUG org.eclipse.jetty.util.component.AbstractLifeCycle -- stopping org.eclipse.jetty.server.session.NullSessionDataStore@720fb0f6[passivating=false,graceSec=3600]
18:14:52.217 [Executing mockAddCredential(org.conjur.jenkins.credentials.ConjurCredentialStoreTest)] DEBUG org.eclipse.jetty.util.component.AbstractLifeCycle -- STOPPED org.eclipse.jetty.server.session.NullSessionDataStore@720fb0f6[passivating=false,graceSec=3600]
18:14:52.217 [Executing mockAddCredential(org.conjur.jenkins.credentials.ConjurCredentialStoreTest)] DEBUG org.eclipse.jetty.util.component.AbstractLifeCycle -- STOPPED org.eclipse.jetty.server.session.DefaultSessionCache@2c6f68cf[evict=-1,removeUnloadable=false,saveOnCreate=false,saveOnInactiveEvict=false]
18:14:52.217 [Executing mockAddCredential(org.conjur.jenkins.credentials.ConjurCredentialStoreTest)] DEBUG org.eclipse.jetty.util.component.AbstractLifeCycle -- stopping ScheduledExecutorScheduler@784e59a3{STARTED}
18:14:52.217 [Executing mockAddCredential(org.conjur.jenkins.credentials.ConjurCredentialStoreTest)] DEBUG org.eclipse.jetty.util.component.AbstractLifeCycle -- STOPPED ScheduledExecutorScheduler@784e59a3{STOPPED}
18:14:52.217 [Executing mockAddCredential(org.conjur.jenkins.credentials.ConjurCredentialStoreTest)] DEBUG org.eclipse.jetty.server.handler.AbstractHandler -- stopping org.eclipse.jetty.server.session.SessionHandler1837273564==dftMaxIdleSec=1800
18:14:52.217 [Executing mockAddCredential(org.conjur.jenkins.credentials.ConjurCredentialStoreTest)] DEBUG org.eclipse.jetty.util.component.AbstractLifeCycle -- stopping ConstraintSecurityHandler@1f15e7c4{STARTED}
18:14:52.217 [Executing mockAddCredential(org.conjur.jenkins.credentials.ConjurCredentialStoreTest)] DEBUG org.eclipse.jetty.server.handler.AbstractHandler -- stopping ConstraintSecurityHandler@1f15e7c4{STOPPING}
18:14:52.217 [Executing mockAddCredential(org.conjur.jenkins.credentials.ConjurCredentialStoreTest)] DEBUG org.eclipse.jetty.util.component.AbstractLifeCycle -- stopping HashLoginService@4c765b65[default]
18:14:52.217 [Executing mockAddCredential(org.conjur.jenkins.credentials.ConjurCredentialStoreTest)] DEBUG org.eclipse.jetty.util.component.AbstractLifeCycle -- stopping UserStore@1eace79b{STARTED}
18:14:52.217 [Executing mockAddCredential(org.conjur.jenkins.credentials.ConjurCredentialStoreTest)] DEBUG org.eclipse.jetty.util.component.AbstractLifeCycle -- STOPPED UserStore@1eace79b{STOPPED}
18:14:52.217 [Executing mockAddCredential(org.conjur.jenkins.credentials.ConjurCredentialStoreTest)] DEBUG org.eclipse.jetty.util.component.AbstractLifeCycle -- STOPPED HashLoginService@4c765b65[default]
18:14:52.217 [Executing mockAddCredential(org.conjur.jenkins.credentials.ConjurCredentialStoreTest)] DEBUG org.eclipse.jetty.util.component.AbstractLifeCycle -- stopping ServletHandler@1039675d{STARTED}
18:14:52.217 [Executing mockAddCredential(org.conjur.jenkins.credentials.ConjurCredentialStoreTest)] DEBUG org.eclipse.jetty.server.handler.AbstractHandler -- stopping ServletHandler@1039675d{STOPPING}
18:14:52.217 [Executing mockAddCredential(org.conjur.jenkins.credentials.ConjurCredentialStoreTest)] DEBUG org.eclipse.jetty.util.component.AbstractLifeCycle -- stopping plugins-filter==hudson.util.PluginServletFilter@442af298{inst=true,async=true,src=DESCRIPTOR:file:///Users/sameer.shaik/MyWorkSpace/17OctV2.2.3-New-BitBucketIssueFixed/conjur-credentials-plugin/target/jenkins-for-test/WEB-INF/web.xml}
18:14:52.217 [Executing mockAddCredential(org.conjur.jenkins.credentials.ConjurCredentialStoreTest)] DEBUG org.eclipse.jetty.util.component.AbstractLifeCycle -- STOPPED plugins-filter==hudson.util.PluginServletFilter@442af298{inst=false,async=true,src=DESCRIPTOR:file:///Users/sameer.shaik/MyWorkSpace/17OctV2.2.3-New-BitBucketIssueFixed/conjur-credentials-plugin/target/jenkins-for-test/WEB-INF/web.xml}
18:14:52.217 [Executing mockAddCredential(org.conjur.jenkins.credentials.ConjurCredentialStoreTest)] DEBUG org.eclipse.jetty.util.component.AbstractLifeCycle -- stopping csrf-filter==hudson.security.csrf.CrumbFilter@5860dbd7{inst=true,async=true,src=DESCRIPTOR:file:///Users/sameer.shaik/MyWorkSpace/17OctV2.2.3-New-BitBucketIssueFixed/conjur-credentials-plugin/target/jenkins-for-test/WEB-INF/web.xml}
18:14:52.217 [Executing mockAddCredential(org.conjur.jenkins.credentials.ConjurCredentialStoreTest)] DEBUG org.eclipse.jetty.util.component.AbstractLifeCycle -- STOPPED csrf-filter==hudson.security.csrf.CrumbFilter@5860dbd7{inst=false,async=true,src=DESCRIPTOR:file:///Users/sameer.shaik/MyWorkSpace/17OctV2.2.3-New-BitBucketIssueFixed/conjur-credentials-plugin/target/jenkins-for-test/WEB-INF/web.xml}
18:14:52.217 [Executing mockAddCredential(org.conjur.jenkins.credentials.ConjurCredentialStoreTest)] DEBUG org.eclipse.jetty.util.component.AbstractLifeCycle -- stopping authentication-filter==hudson.security.HudsonFilter@761167e6{inst=true,async=true,src=DESCRIPTOR:file:///Users/sameer.shaik/MyWorkSpace/17OctV2.2.3-New-BitBucketIssueFixed/conjur-credentials-plugin/target/jenkins-for-test/WEB-INF/web.xml}
18:14:52.217 [Executing mockAddCredential(org.conjur.jenkins.credentials.ConjurCredentialStoreTest)] DEBUG org.eclipse.jetty.util.component.AbstractLifeCycle -- STOPPED authentication-filter==hudson.security.HudsonFilter@761167e6{inst=false,async=true,src=DESCRIPTOR:file:///Users/sameer.shaik/MyWorkSpace/17OctV2.2.3-New-BitBucketIssueFixed/conjur-credentials-plugin/target/jenkins-for-test/WEB-INF/web.xml}
18:14:52.217 [Executing mockAddCredential(org.conjur.jenkins.credentials.ConjurCredentialStoreTest)] DEBUG org.eclipse.jetty.util.component.AbstractLifeCycle -- stopping compression-filter==org.kohsuke.stapler.compression.CompressionFilter@392c236{inst=true,async=true,src=DESCRIPTOR:file:///Users/sameer.shaik/MyWorkSpace/17OctV2.2.3-New-BitBucketIssueFixed/conjur-credentials-plugin/target/jenkins-for-test/WEB-INF/web.xml}
18:14:52.217 [Executing mockAddCredential(org.conjur.jenkins.credentials.ConjurCredentialStoreTest)] DEBUG org.eclipse.jetty.util.component.AbstractLifeCycle -- STOPPED compression-filter==org.kohsuke.stapler.compression.CompressionFilter@392c236{inst=false,async=true,src=DESCRIPTOR:file:///Users/sameer.shaik/MyWorkSpace/17OctV2.2.3-New-BitBucketIssueFixed/conjur-credentials-plugin/target/jenkins-for-test/WEB-INF/web.xml}
18:14:52.217 [Executing mockAddCredential(org.conjur.jenkins.credentials.ConjurCredentialStoreTest)] DEBUG org.eclipse.jetty.util.component.AbstractLifeCycle -- stopping encoding-filter==hudson.util.CharacterEncodingFilter@26b75c27{inst=true,async=true,src=DESCRIPTOR:file:///Users/sameer.shaik/MyWorkSpace/17OctV2.2.3-New-BitBucketIssueFixed/conjur-credentials-plugin/target/jenkins-for-test/WEB-INF/web.xml}
18:14:52.217 [Executing mockAddCredential(org.conjur.jenkins.credentials.ConjurCredentialStoreTest)] DEBUG org.eclipse.jetty.util.component.AbstractLifeCycle -- STOPPED encoding-filter==hudson.util.CharacterEncodingFilter@26b75c27{inst=false,async=true,src=DESCRIPTOR:file:///Users/sameer.shaik/MyWorkSpace/17OctV2.2.3-New-BitBucketIssueFixed/conjur-credentials-plugin/target/jenkins-for-test/WEB-INF/web.xml}
18:14:52.217 [Executing mockAddCredential(org.conjur.jenkins.credentials.ConjurCredentialStoreTest)] DEBUG org.eclipse.jetty.util.component.AbstractLifeCycle -- stopping diagnostic-name-filter==org.kohsuke.stapler.DiagnosticThreadNameFilter@12378d0e{inst=true,async=true,src=DESCRIPTOR:file:///Users/sameer.shaik/MyWorkSpace/17OctV2.2.3-New-BitBucketIssueFixed/conjur-credentials-plugin/target/jenkins-for-test/WEB-INF/web.xml}
18:14:52.217 [Executing mockAddCredential(org.conjur.jenkins.credentials.ConjurCredentialStoreTest)] DEBUG org.eclipse.jetty.util.component.AbstractLifeCycle -- STOPPED diagnostic-name-filter==org.kohsuke.stapler.DiagnosticThreadNameFilter@12378d0e{inst=false,async=true,src=DESCRIPTOR:file:///Users/sameer.shaik/MyWorkSpace/17OctV2.2.3-New-BitBucketIssueFixed/conjur-credentials-plugin/target/jenkins-for-test/WEB-INF/web.xml}
18:14:52.217 [Executing mockAddCredential(org.conjur.jenkins.credentials.ConjurCredentialStoreTest)] DEBUG org.eclipse.jetty.util.component.AbstractLifeCycle -- stopping suspicious-request-filter==jenkins.security.SuspiciousRequestFilter@1fad5b71{inst=true,async=true,src=DESCRIPTOR:file:///Users/sameer.shaik/MyWorkSpace/17OctV2.2.3-New-BitBucketIssueFixed/conjur-credentials-plugin/target/jenkins-for-test/WEB-INF/web.xml}
18:14:52.217 [Executing mockAddCredential(org.conjur.jenkins.credentials.ConjurCredentialStoreTest)] DEBUG org.eclipse.jetty.util.component.AbstractLifeCycle -- STOPPED suspicious-request-filter==jenkins.security.SuspiciousRequestFilter@1fad5b71{inst=false,async=true,src=DESCRIPTOR:file:///Users/sameer.shaik/MyWorkSpace/17OctV2.2.3-New-BitBucketIssueFixed/conjur-credentials-plugin/target/jenkins-for-test/WEB-INF/web.xml}
18:14:52.217 [Executing mockAddCredential(org.conjur.jenkins.credentials.ConjurCredentialStoreTest)] DEBUG org.eclipse.jetty.util.component.AbstractLifeCycle -- stopping Stapler==org.kohsuke.stapler.Stapler@f222d1a9{jsp=null,order=-1,inst=false,async=true,src=DESCRIPTOR:file:///Users/sameer.shaik/MyWorkSpace/17OctV2.2.3-New-BitBucketIssueFixed/conjur-credentials-plugin/target/jenkins-for-test/WEB-INF/web.xml,STARTED}
18:14:52.217 [Executing mockAddCredential(org.conjur.jenkins.credentials.ConjurCredentialStoreTest)] DEBUG org.eclipse.jetty.util.component.AbstractLifeCycle -- STOPPED Stapler==org.kohsuke.stapler.Stapler@f222d1a9{jsp=null,order=-1,inst=false,async=true,src=DESCRIPTOR:file:///Users/sameer.shaik/MyWorkSpace/17OctV2.2.3-New-BitBucketIssueFixed/conjur-credentials-plugin/target/jenkins-for-test/WEB-INF/web.xml,STOPPED}
18:14:52.217 [Executing mockAddCredential(org.conjur.jenkins.credentials.ConjurCredentialStoreTest)] DEBUG org.eclipse.jetty.util.component.AbstractLifeCycle -- stopping jsp==org.eclipse.jetty.servlet.NoJspServlet@19c47{jsp=null,order=0,inst=true,async=false,src=DESCRIPTOR:jar:file:/Users/sameer.shaik/.m2/repository/org/eclipse/jetty/jetty-webapp/9.4.48.v20220622/jetty-webapp-9.4.48.v20220622.jar!/org/eclipse/jetty/webapp/webdefault.xml,STARTED}
18:14:52.217 [Executing mockAddCredential(org.conjur.jenkins.credentials.ConjurCredentialStoreTest)] DEBUG org.eclipse.jetty.util.component.AbstractLifeCycle -- STOPPED jsp==org.eclipse.jetty.servlet.NoJspServlet@19c47{jsp=null,order=0,inst=false,async=false,src=DESCRIPTOR:jar:file:/Users/sameer.shaik/.m2/repository/org/eclipse/jetty/jetty-webapp/9.4.48.v20220622/jetty-webapp-9.4.48.v20220622.jar!/org/eclipse/jetty/webapp/webdefault.xml,STOPPED}
18:14:52.217 [Executing mockAddCredential(org.conjur.jenkins.credentials.ConjurCredentialStoreTest)] DEBUG org.eclipse.jetty.util.component.AbstractLifeCycle -- stopping default==org.eclipse.jetty.servlet.DefaultServlet@5c13d641{jsp=null,order=0,inst=true,async=false,src=DESCRIPTOR:jar:file:/Users/sameer.shaik/.m2/repository/org/eclipse/jetty/jetty-webapp/9.4.48.v20220622/jetty-webapp-9.4.48.v20220622.jar!/org/eclipse/jetty/webapp/webdefault.xml,STARTED}
18:14:52.217 [Executing mockAddCredential(org.conjur.jenkins.credentials.ConjurCredentialStoreTest)] DEBUG org.eclipse.jetty.util.component.AbstractLifeCycle -- STOPPED default==org.eclipse.jetty.servlet.DefaultServlet@5c13d641{jsp=null,order=0,inst=false,async=false,src=DESCRIPTOR:jar:file:/Users/sameer.shaik/.m2/repository/org/eclipse/jetty/jetty-webapp/9.4.48.v20220622/jetty-webapp-9.4.48.v20220622.jar!/org/eclipse/jetty/webapp/webdefault.xml,STOPPED}
18:14:52.217 [Executing mockAddCredential(org.conjur.jenkins.credentials.ConjurCredentialStoreTest)] DEBUG org.eclipse.jetty.server.handler.ContextHandler -- contextDestroyed: javax.servlet.ServletContextEvent[source=ServletContext@o.e.j.w.WebAppContext@73903ea6{Jenkins v2.346.3,/jenkins,file:///Users/sameer.shaik/MyWorkSpace/17OctV2.2.3-New-BitBucketIssueFixed/conjur-credentials-plugin/target/jenkins-for-test/,STOPPED}{/Users/sameer.shaik/MyWorkSpace/17OctV2.2.3-New-BitBucketIssueFixed/conjur-credentials-plugin/target/jenkins-for-test}]->jenkins.util.SystemProperties$Listener@4ae29deb
18:14:52.217 [Executing mockAddCredential(org.conjur.jenkins.credentials.ConjurCredentialStoreTest)] DEBUG org.eclipse.jetty.server.handler.ContextHandler -- contextDestroyed: javax.servlet.ServletContextEvent[source=ServletContext@o.e.j.w.WebAppContext@73903ea6{Jenkins v2.346.3,/jenkins,file:///Users/sameer.shaik/MyWorkSpace/17OctV2.2.3-New-BitBucketIssueFixed/conjur-credentials-plugin/target/jenkins-for-test/,STOPPED}{/Users/sameer.shaik/MyWorkSpace/17OctV2.2.3-New-BitBucketIssueFixed/conjur-credentials-plugin/target/jenkins-for-test}]->org.eclipse.jetty.servlet.listener.IntrospectorCleaner@396355f0
18:14:52.217 [Executing mockAddCredential(org.conjur.jenkins.credentials.ConjurCredentialStoreTest)] DEBUG org.eclipse.jetty.server.handler.ContextHandler -- contextDestroyed: javax.servlet.ServletContextEvent[source=ServletContext@o.e.j.w.WebAppContext@73903ea6{Jenkins v2.346.3,/jenkins,file:///Users/sameer.shaik/MyWorkSpace/17OctV2.2.3-New-BitBucketIssueFixed/conjur-credentials-plugin/target/jenkins-for-test/,STOPPED}{/Users/sameer.shaik/MyWorkSpace/17OctV2.2.3-New-BitBucketIssueFixed/conjur-credentials-plugin/target/jenkins-for-test}]->org.eclipse.jetty.servlet.listener.ELContextCleaner@33ea816f
18:14:52.218 [Executing mockAddCredential(org.conjur.jenkins.credentials.ConjurCredentialStoreTest)] DEBUG org.eclipse.jetty.util.component.AbstractLifeCycle -- stopping jenkins.JenkinsHttpSessionListener@10192d8{src=DESCRIPTOR:file:///Users/sameer.shaik/MyWorkSpace/17OctV2.2.3-New-BitBucketIssueFixed/conjur-credentials-plugin/target/jenkins-for-test/WEB-INF/web.xml}
18:14:52.218 [Executing mockAddCredential(org.conjur.jenkins.credentials.ConjurCredentialStoreTest)] DEBUG org.eclipse.jetty.util.component.AbstractLifeCycle -- STOPPED jenkins.JenkinsHttpSessionListener@10192d8{src=DESCRIPTOR:file:///Users/sameer.shaik/MyWorkSpace/17OctV2.2.3-New-BitBucketIssueFixed/conjur-credentials-plugin/target/jenkins-for-test/WEB-INF/web.xml}
18:14:52.218 [Executing mockAddCredential(org.conjur.jenkins.credentials.ConjurCredentialStoreTest)] DEBUG org.eclipse.jetty.util.component.AbstractLifeCycle -- stopping hudson.WebAppMain@643db1e7{src=DESCRIPTOR:file:///Users/sameer.shaik/MyWorkSpace/17OctV2.2.3-New-BitBucketIssueFixed/conjur-credentials-plugin/target/jenkins-for-test/WEB-INF/web.xml}
18:14:52.218 [Executing mockAddCredential(org.conjur.jenkins.credentials.ConjurCredentialStoreTest)] DEBUG org.eclipse.jetty.util.component.AbstractLifeCycle -- STOPPED hudson.WebAppMain@643db1e7{src=DESCRIPTOR:file:///Users/sameer.shaik/MyWorkSpace/17OctV2.2.3-New-BitBucketIssueFixed/conjur-credentials-plugin/target/jenkins-for-test/WEB-INF/web.xml}
18:14:52.218 [Executing mockAddCredential(org.conjur.jenkins.credentials.ConjurCredentialStoreTest)] DEBUG org.eclipse.jetty.util.component.AbstractLifeCycle -- stopping jenkins.util.SystemProperties$Listener@124ab2f6{src=DESCRIPTOR:file:///Users/sameer.shaik/MyWorkSpace/17OctV2.2.3-New-BitBucketIssueFixed/conjur-credentials-plugin/target/jenkins-for-test/WEB-INF/web.xml}
18:14:52.218 [Executing mockAddCredential(org.conjur.jenkins.credentials.ConjurCredentialStoreTest)] DEBUG org.eclipse.jetty.util.component.AbstractLifeCycle -- STOPPED jenkins.util.SystemProperties$Listener@124ab2f6{src=DESCRIPTOR:file:///Users/sameer.shaik/MyWorkSpace/17OctV2.2.3-New-BitBucketIssueFixed/conjur-credentials-plugin/target/jenkins-for-test/WEB-INF/web.xml}
18:14:52.218 [Executing mockAddCredential(org.conjur.jenkins.credentials.ConjurCredentialStoreTest)] DEBUG org.eclipse.jetty.util.component.AbstractLifeCycle -- stopping org.eclipse.jetty.servlet.listener.IntrospectorCleaner@7a2f4b30{src=DESCRIPTOR:jar:file:/Users/sameer.shaik/.m2/repository/org/eclipse/jetty/jetty-webapp/9.4.48.v20220622/jetty-webapp-9.4.48.v20220622.jar!/org/eclipse/jetty/webapp/webdefault.xml}
18:14:52.218 [Executing mockAddCredential(org.conjur.jenkins.credentials.ConjurCredentialStoreTest)] DEBUG org.eclipse.jetty.util.component.AbstractLifeCycle -- STOPPED org.eclipse.jetty.servlet.listener.IntrospectorCleaner@7a2f4b30{src=DESCRIPTOR:jar:file:/Users/sameer.shaik/.m2/repository/org/eclipse/jetty/jetty-webapp/9.4.48.v20220622/jetty-webapp-9.4.48.v20220622.jar!/org/eclipse/jetty/webapp/webdefault.xml}
18:14:52.218 [Executing mockAddCredential(org.conjur.jenkins.credentials.ConjurCredentialStoreTest)] DEBUG org.eclipse.jetty.util.component.AbstractLifeCycle -- stopping org.eclipse.jetty.servlet.listener.ELContextCleaner@2a8bf244{src=DESCRIPTOR:jar:file:/Users/sameer.shaik/.m2/repository/org/eclipse/jetty/jetty-webapp/9.4.48.v20220622/jetty-webapp-9.4.48.v20220622.jar!/org/eclipse/jetty/webapp/webdefault.xml}
18:14:52.218 [Executing mockAddCredential(org.conjur.jenkins.credentials.ConjurCredentialStoreTest)] DEBUG org.eclipse.jetty.util.component.AbstractLifeCycle -- STOPPED org.eclipse.jetty.servlet.listener.ELContextCleaner@2a8bf244{src=DESCRIPTOR:jar:file:/Users/sameer.shaik/.m2/repository/org/eclipse/jetty/jetty-webapp/9.4.48.v20220622/jetty-webapp-9.4.48.v20220622.jar!/org/eclipse/jetty/webapp/webdefault.xml}
18:14:52.218 [Executing mockAddCredential(org.conjur.jenkins.credentials.ConjurCredentialStoreTest)] DEBUG org.eclipse.jetty.util.component.AbstractLifeCycle -- STOPPED ServletHandler@1039675d{STOPPED}
18:14:52.218 [Executing mockAddCredential(org.conjur.jenkins.credentials.ConjurCredentialStoreTest)] DEBUG org.eclipse.jetty.util.component.AbstractLifeCycle -- STOPPED ConstraintSecurityHandler@1f15e7c4{STOPPED}
18:14:52.218 [Executing mockAddCredential(org.conjur.jenkins.credentials.ConjurCredentialStoreTest)] DEBUG org.eclipse.jetty.util.component.AbstractLifeCycle -- STOPPED org.eclipse.jetty.server.session.SessionHandler1837273564==dftMaxIdleSec=1800
18:14:52.218 [Executing mockAddCredential(org.conjur.jenkins.credentials.ConjurCredentialStoreTest)] DEBUG org.eclipse.jetty.util.component.AbstractLifeCycle -- stopping SymlinkAllowedResourceAliasChecker@3ceaa158{base=/Users/sameer.shaik/MyWorkSpace/17OctV2.2.3-New-BitBucketIssueFixed/conjur-credentials-plugin/target/jenkins-for-test,protected=[/WEB-INF, /META-INF]}
18:14:52.218 [Executing mockAddCredential(org.conjur.jenkins.credentials.ConjurCredentialStoreTest)] DEBUG org.eclipse.jetty.util.component.AbstractLifeCycle -- STOPPED SymlinkAllowedResourceAliasChecker@3ceaa158{base=null,protected=[/WEB-INF, /META-INF]}
18:14:52.218 [Executing mockAddCredential(org.conjur.jenkins.credentials.ConjurCredentialStoreTest)] INFO org.eclipse.jetty.server.handler.ContextHandler -- Stopped o.e.j.w.WebAppContext@73903ea6{Jenkins v2.346.3,/jenkins,file:///Users/sameer.shaik/MyWorkSpace/17OctV2.2.3-New-BitBucketIssueFixed/conjur-credentials-plugin/target/jenkins-for-test/,STOPPED}{/Users/sameer.shaik/MyWorkSpace/17OctV2.2.3-New-BitBucketIssueFixed/conjur-credentials-plugin/target/jenkins-for-test}
18:14:52.218 [Executing mockAddCredential(org.conjur.jenkins.credentials.ConjurCredentialStoreTest)] DEBUG org.eclipse.jetty.util.component.AbstractLifeCycle -- STOPPED o.e.j.w.WebAppContext@73903ea6{Jenkins v2.346.3,/jenkins,file:///Users/sameer.shaik/MyWorkSpace/17OctV2.2.3-New-BitBucketIssueFixed/conjur-credentials-plugin/target/jenkins-for-test/,STOPPED}{/Users/sameer.shaik/MyWorkSpace/17OctV2.2.3-New-BitBucketIssueFixed/conjur-credentials-plugin/target/jenkins-for-test}
18:14:52.218 [Executing mockAddCredential(org.conjur.jenkins.credentials.ConjurCredentialStoreTest)] DEBUG org.eclipse.jetty.util.component.AbstractLifeCycle -- stopping QueuedThreadPool[Jetty (JenkinsRule)]@4c9064a8{STARTED,8<=10<=200,i=10,r=-1,q=0}[ReservedThreadExecutor@66726a58{reserved=0/16,pending=0}]
18:14:52.218 [Executing mockAddCredential(org.conjur.jenkins.credentials.ConjurCredentialStoreTest)] DEBUG org.eclipse.jetty.util.thread.QueuedThreadPool -- Stopping QueuedThreadPool[Jetty (JenkinsRule)]@4c9064a8{STOPPING,8<=10<=200,i=10,r=-1,q=0}[ReservedThreadExecutor@66726a58{reserved=0/16,pending=0}]
18:14:52.218 [Executing mockAddCredential(org.conjur.jenkins.credentials.ConjurCredentialStoreTest)] DEBUG org.eclipse.jetty.util.component.AbstractLifeCycle -- stopping ReservedThreadExecutor@66726a58{reserved=0/16,pending=0}
18:14:52.218 [Executing mockAddCredential(org.conjur.jenkins.credentials.ConjurCredentialStoreTest)] DEBUG org.eclipse.jetty.util.component.AbstractLifeCycle -- STOPPED ReservedThreadExecutor@66726a58{reserved=-1/16,pending=0}
18:14:52.218 [Executing mockAddCredential(org.conjur.jenkins.credentials.ConjurCredentialStoreTest)] DEBUG org.eclipse.jetty.util.thread.QueuedThreadPool -- Waiting for Thread[Jetty (JenkinsRule)-425,5,main] for 14999
18:14:52.218 [Jetty (JenkinsRule)-431] DEBUG org.eclipse.jetty.util.thread.QueuedThreadPool -- run org.eclipse.jetty.util.thread.QueuedThreadPool$$Lambda$384/0x00000001402dccc0@1d12c9bd in QueuedThreadPool[Jetty (JenkinsRule)]@4c9064a8{STOPPING,8<=0<=200,i=10,r=-1,q=0}[NO_TRY]
18:14:52.218 [Jetty (JenkinsRule)-432] DEBUG org.eclipse.jetty.util.thread.QueuedThreadPool -- run org.eclipse.jetty.util.thread.QueuedThreadPool$$Lambda$384/0x00000001402dccc0@1d12c9bd in QueuedThreadPool[Jetty (JenkinsRule)]@4c9064a8{STOPPING,8<=0<=200,i=10,r=-1,q=0}[NO_TRY]
18:14:52.218 [Jetty (JenkinsRule)-429] DEBUG org.eclipse.jetty.util.thread.QueuedThreadPool -- run org.eclipse.jetty.util.thread.QueuedThreadPool$$Lambda$384/0x00000001402dccc0@1d12c9bd in QueuedThreadPool[Jetty (JenkinsRule)]@4c9064a8{STOPPING,8<=0<=200,i=10,r=-1,q=0}[NO_TRY]
18:14:52.218 [Jetty (JenkinsRule)-428] DEBUG org.eclipse.jetty.util.thread.QueuedThreadPool -- run org.eclipse.jetty.util.thread.QueuedThreadPool$$Lambda$384/0x00000001402dccc0@1d12c9bd in QueuedThreadPool[Jetty (JenkinsRule)]@4c9064a8{STOPPING,8<=0<=200,i=10,r=-1,q=0}[NO_TRY]
18:14:52.218 [Jetty (JenkinsRule)-431] DEBUG org.eclipse.jetty.util.thread.QueuedThreadPool -- ran org.eclipse.jetty.util.thread.QueuedThreadPool$$Lambda$384/0x00000001402dccc0@1d12c9bd in QueuedThreadPool[Jetty (JenkinsRule)]@4c9064a8{STOPPING,8<=0<=200,i=10,r=-1,q=0}[NO_TRY]
18:14:52.218 [Jetty (JenkinsRule)-426] DEBUG org.eclipse.jetty.util.thread.QueuedThreadPool -- run org.eclipse.jetty.util.thread.QueuedThreadPool$$Lambda$384/0x00000001402dccc0@1d12c9bd in QueuedThreadPool[Jetty (JenkinsRule)]@4c9064a8{STOPPING,8<=0<=200,i=10,r=-1,q=0}[NO_TRY]
18:14:52.218 [Jetty (JenkinsRule)-432] DEBUG org.eclipse.jetty.util.thread.QueuedThreadPool -- ran org.eclipse.jetty.util.thread.QueuedThreadPool$$Lambda$384/0x00000001402dccc0@1d12c9bd in QueuedThreadPool[Jetty (JenkinsRule)]@4c9064a8{STOPPING,8<=0<=200,i=10,r=-1,q=0}[NO_TRY]
18:14:52.218 [Jetty (JenkinsRule)-429] DEBUG org.eclipse.jetty.util.thread.QueuedThreadPool -- ran org.eclipse.jetty.util.thread.QueuedThreadPool$$Lambda$384/0x00000001402dccc0@1d12c9bd in QueuedThreadPool[Jetty (JenkinsRule)]@4c9064a8{STOPPING,8<=0<=200,i=10,r=-1,q=0}[NO_TRY]
18:14:52.218 [Jetty (JenkinsRule)-423] DEBUG org.eclipse.jetty.util.thread.QueuedThreadPool -- run org.eclipse.jetty.util.thread.QueuedThreadPool$$Lambda$384/0x00000001402dccc0@1d12c9bd in QueuedThreadPool[Jetty (JenkinsRule)]@4c9064a8{STOPPING,8<=0<=200,i=10,r=-1,q=0}[NO_TRY]
18:14:52.218 [Jetty (JenkinsRule)-426] DEBUG org.eclipse.jetty.util.thread.QueuedThreadPool -- ran org.eclipse.jetty.util.thread.QueuedThreadPool$$Lambda$384/0x00000001402dccc0@1d12c9bd in QueuedThreadPool[Jetty (JenkinsRule)]@4c9064a8{STOPPING,8<=0<=200,i=10,r=-1,q=0}[NO_TRY]
18:14:52.218 [Jetty (JenkinsRule)-422] DEBUG org.eclipse.jetty.util.thread.QueuedThreadPool -- run org.eclipse.jetty.util.thread.QueuedThreadPool$$Lambda$384/0x00000001402dccc0@1d12c9bd in QueuedThreadPool[Jetty (JenkinsRule)]@4c9064a8{STOPPING,8<=0<=200,i=10,r=-1,q=0}[NO_TRY]
18:14:52.218 [Jetty (JenkinsRule)-424] DEBUG org.eclipse.jetty.util.thread.QueuedThreadPool -- run org.eclipse.jetty.util.thread.QueuedThreadPool$$Lambda$384/0x00000001402dccc0@1d12c9bd in QueuedThreadPool[Jetty (JenkinsRule)]@4c9064a8{STOPPING,8<=0<=200,i=10,r=-1,q=0}[NO_TRY]
18:14:52.218 [Jetty (JenkinsRule)-423] DEBUG org.eclipse.jetty.util.thread.QueuedThreadPool -- ran org.eclipse.jetty.util.thread.QueuedThreadPool$$Lambda$384/0x00000001402dccc0@1d12c9bd in QueuedThreadPool[Jetty (JenkinsRule)]@4c9064a8{STOPPING,8<=0<=200,i=10,r=-1,q=0}[NO_TRY]
18:14:52.218 [Jetty (JenkinsRule)-428] DEBUG org.eclipse.jetty.util.thread.QueuedThreadPool -- ran org.eclipse.jetty.util.thread.QueuedThreadPool$$Lambda$384/0x00000001402dccc0@1d12c9bd in QueuedThreadPool[Jetty (JenkinsRule)]@4c9064a8{STOPPING,8<=0<=200,i=10,r=-1,q=0}[NO_TRY]
18:14:52.218 [Jetty (JenkinsRule)-422] DEBUG org.eclipse.jetty.util.thread.QueuedThreadPool -- ran org.eclipse.jetty.util.thread.QueuedThreadPool$$Lambda$384/0x00000001402dccc0@1d12c9bd in QueuedThreadPool[Jetty (JenkinsRule)]@4c9064a8{STOPPING,8<=0<=200,i=10,r=-1,q=0}[NO_TRY]
18:14:52.218 [Jetty (JenkinsRule)-424] DEBUG org.eclipse.jetty.util.thread.QueuedThreadPool -- ran org.eclipse.jetty.util.thread.QueuedThreadPool$$Lambda$384/0x00000001402dccc0@1d12c9bd in QueuedThreadPool[Jetty (JenkinsRule)]@4c9064a8{STOPPING,8<=0<=200,i=10,r=-1,q=0}[NO_TRY]
18:14:52.218 [Jetty (JenkinsRule)-427] DEBUG org.eclipse.jetty.util.thread.QueuedThreadPool -- run org.eclipse.jetty.util.thread.QueuedThreadPool$$Lambda$384/0x00000001402dccc0@1d12c9bd in QueuedThreadPool[Jetty (JenkinsRule)]@4c9064a8{STOPPING,8<=0<=200,i=10,r=-1,q=0}[NO_TRY]
18:14:52.218 [Jetty (JenkinsRule)-428] DEBUG org.eclipse.jetty.util.thread.QueuedThreadPool -- Thread[Jetty (JenkinsRule)-428,5,main] exited for QueuedThreadPool[Jetty (JenkinsRule)]@4c9064a8{STOPPING,8<=0<=200,i=10,r=-1,q=0}[NO_TRY]
18:14:52.218 [Jetty (JenkinsRule)-424] DEBUG org.eclipse.jetty.util.thread.QueuedThreadPool -- Thread[Jetty (JenkinsRule)-424,5,main] exited for QueuedThreadPool[Jetty (JenkinsRule)]@4c9064a8{STOPPING,8<=0<=200,i=10,r=-1,q=0}[NO_TRY]
18:14:52.218 [Jetty (JenkinsRule)-425] DEBUG org.eclipse.jetty.util.thread.QueuedThreadPool -- run org.eclipse.jetty.util.thread.QueuedThreadPool$$Lambda$384/0x00000001402dccc0@1d12c9bd in QueuedThreadPool[Jetty (JenkinsRule)]@4c9064a8{STOPPING,8<=0<=200,i=10,r=-1,q=0}[NO_TRY]
18:14:52.218 [Jetty (JenkinsRule)-425] DEBUG org.eclipse.jetty.util.thread.QueuedThreadPool -- ran org.eclipse.jetty.util.thread.QueuedThreadPool$$Lambda$384/0x00000001402dccc0@1d12c9bd in QueuedThreadPool[Jetty (JenkinsRule)]@4c9064a8{STOPPING,8<=0<=200,i=10,r=-1,q=0}[NO_TRY]
18:14:52.218 [Jetty (JenkinsRule)-425] DEBUG org.eclipse.jetty.util.thread.QueuedThreadPool -- Thread[Jetty (JenkinsRule)-425,5,main] exited for QueuedThreadPool[Jetty (JenkinsRule)]@4c9064a8{STOPPING,8<=0<=200,i=10,r=-1,q=0}[NO_TRY]
18:14:52.218 [Jetty (JenkinsRule)-431] DEBUG org.eclipse.jetty.util.thread.QueuedThreadPool -- Thread[Jetty (JenkinsRule)-431,5,main] exited for QueuedThreadPool[Jetty (JenkinsRule)]@4c9064a8{STOPPING,8<=0<=200,i=10,r=-1,q=0}[NO_TRY]
18:14:52.218 [Jetty (JenkinsRule)-432] DEBUG org.eclipse.jetty.util.thread.QueuedThreadPool -- Thread[Jetty (JenkinsRule)-432,5,main] exited for QueuedThreadPool[Jetty (JenkinsRule)]@4c9064a8{STOPPING,8<=0<=200,i=10,r=-1,q=0}[NO_TRY]
18:14:52.219 [Executing mockAddCredential(org.conjur.jenkins.credentials.ConjurCredentialStoreTest)] DEBUG org.eclipse.jetty.util.thread.QueuedThreadPool -- Waiting for Thread[Jetty (JenkinsRule)-432,5,main] for 14999
18:14:52.219 [Executing mockAddCredential(org.conjur.jenkins.credentials.ConjurCredentialStoreTest)] DEBUG org.eclipse.jetty.util.thread.QueuedThreadPool -- Waiting for Thread[Jetty (JenkinsRule)-427,5,main] for 14999
18:14:52.218 [Jetty (JenkinsRule)-429] DEBUG org.eclipse.jetty.util.thread.QueuedThreadPool -- Thread[Jetty (JenkinsRule)-429,5,main] exited for QueuedThreadPool[Jetty (JenkinsRule)]@4c9064a8{STOPPING,8<=0<=200,i=10,r=-1,q=0}[NO_TRY]
18:14:52.218 [Jetty (JenkinsRule)-426] DEBUG org.eclipse.jetty.util.thread.QueuedThreadPool -- Thread[Jetty (JenkinsRule)-426,5,main] exited for QueuedThreadPool[Jetty (JenkinsRule)]@4c9064a8{STOPPING,8<=0<=200,i=10,r=-1,q=0}[NO_TRY]
18:14:52.218 [Jetty (JenkinsRule)-423] DEBUG org.eclipse.jetty.util.thread.QueuedThreadPool -- Thread[Jetty (JenkinsRule)-423,5,main] exited for QueuedThreadPool[Jetty (JenkinsRule)]@4c9064a8{STOPPING,8<=0<=200,i=10,r=-1,q=0}[NO_TRY]
18:14:52.218 [Jetty (JenkinsRule)-422] DEBUG org.eclipse.jetty.util.thread.QueuedThreadPool -- Thread[Jetty (JenkinsRule)-422,5,main] exited for QueuedThreadPool[Jetty (JenkinsRule)]@4c9064a8{STOPPING,8<=0<=200,i=10,r=-1,q=0}[NO_TRY]
18:14:52.218 [Jetty (JenkinsRule)-427] DEBUG org.eclipse.jetty.util.thread.QueuedThreadPool -- ran org.eclipse.jetty.util.thread.QueuedThreadPool$$Lambda$384/0x00000001402dccc0@1d12c9bd in QueuedThreadPool[Jetty (JenkinsRule)]@4c9064a8{STOPPING,8<=0<=200,i=10,r=-1,q=0}[NO_TRY]
18:14:52.219 [Jetty (JenkinsRule)-427] DEBUG org.eclipse.jetty.util.thread.QueuedThreadPool -- Thread[Jetty (JenkinsRule)-427,5,main] exited for QueuedThreadPool[Jetty (JenkinsRule)]@4c9064a8{STOPPING,8<=0<=200,i=10,r=-1,q=0}[NO_TRY]
18:14:52.219 [Executing mockAddCredential(org.conjur.jenkins.credentials.ConjurCredentialStoreTest)] DEBUG org.eclipse.jetty.util.component.AbstractLifeCycle -- STOPPED QueuedThreadPool[Jetty (JenkinsRule)]@4c9064a8{STOPPED,8<=0<=200,i=10,r=-1,q=0}[NO_TRY]
18:14:52.219 [Executing mockAddCredential(org.conjur.jenkins.credentials.ConjurCredentialStoreTest)] DEBUG org.eclipse.jetty.util.component.AbstractLifeCycle -- STOPPED Server@dad6e93{STOPPED}[9.4.48.v20220622]
]]></system-out>
    <system-err><![CDATA[   0.020 [id=421]	INFO	o.jvnet.hudson.test.JenkinsRule#createWebServer: Running on http://localhost:51467/jenkins/
   0.093 [id=436]	INFO	jenkins.InitReactorRunner$1#onAttained: Started initialization
   0.095 [id=451]	INFO	jenkins.InitReactorRunner$1#onAttained: Listed all plugins
   0.211 [id=465]	INFO	jenkins.InitReactorRunner$1#onAttained: Prepared all plugins
   0.212 [id=465]	INFO	jenkins.InitReactorRunner$1#onAttained: Started all plugins
   0.213 [id=465]	INFO	jenkins.InitReactorRunner$1#onAttained: Augmented all extensions
   0.590 [id=465]	INFO	jenkins.InitReactorRunner$1#onAttained: System config loaded
   0.590 [id=441]	INFO	jenkins.InitReactorRunner$1#onAttained: System config adapted
   0.590 [id=441]	INFO	jenkins.InitReactorRunner$1#onAttained: Loaded all jobs
   0.591 [id=453]	INFO	jenkins.InitReactorRunner$1#onAttained: Configuration for all jobs updated
   0.615 [id=463]	INFO	jenkins.InitReactorRunner$1#onAttained: Completed initialization
   0.720 [id=421]	INFO	hudson.lifecycle.Lifecycle#onStatusUpdate: Stopping Jenkins
   0.805 [id=421]	INFO	hudson.lifecycle.Lifecycle#onStatusUpdate: Jenkins stopped
]]></system-err>
  </testcase>
  <testcase name="testAdminWithoutCredentialsView" classname="org.conjur.jenkins.credentials.ConjurCredentialStoreTest" time="0.71">
    <system-out><![CDATA[=== Starting testAdminWithoutCredentialsView(org.conjur.jenkins.credentials.ConjurCredentialStoreTest)
18:14:52.349 [Executing testAdminWithoutCredentialsView(org.conjur.jenkins.credentials.ConjurCredentialStoreTest)] DEBUG org.eclipse.jetty.util.component.ContainerLifeCycle -- QueuedThreadPool[qtp468891843]@1bf2b8c3{STOPPED,8<=0<=200,i=0,r=-1,q=0}[NO_TRY] added {org.eclipse.jetty.util.thread.ThreadPoolBudget@1fcd3f65,POJO}
18:14:52.349 [Executing testAdminWithoutCredentialsView(org.conjur.jenkins.credentials.ConjurCredentialStoreTest)] DEBUG org.eclipse.jetty.util.component.ContainerLifeCycle -- Server@5acfb2f8{STOPPED}[9.4.48.v20220622] added {QueuedThreadPool[Jetty (JenkinsRule)]@1bf2b8c3{STOPPED,8<=0<=200,i=0,r=-1,q=0}[NO_TRY],AUTO}
18:14:52.349 [Executing testAdminWithoutCredentialsView(org.conjur.jenkins.credentials.ConjurCredentialStoreTest)] DEBUG org.eclipse.jetty.util.component.ContainerLifeCycle -- o.e.j.w.WebAppContext@6565d048{/,null,STOPPED} added {SymlinkAllowedResourceAliasChecker@6bdf4887{base=null,protected=null},MANAGED}
18:14:52.349 [Executing testAdminWithoutCredentialsView(org.conjur.jenkins.credentials.ConjurCredentialStoreTest)] DEBUG org.eclipse.jetty.util.DecoratedObjectFactory -- Adding Decorator: org.eclipse.jetty.util.DeprecationWarning@1d9f748e
18:14:52.349 [Executing testAdminWithoutCredentialsView(org.conjur.jenkins.credentials.ConjurCredentialStoreTest)] DEBUG org.eclipse.jetty.util.component.ContainerLifeCycle -- o.e.j.w.WebAppContext@6565d048{/jenkins,null,STOPPED} added {org.eclipse.jetty.server.session.SessionHandler987778487==dftMaxIdleSec=-1,MANAGED}
18:14:52.349 [Executing testAdminWithoutCredentialsView(org.conjur.jenkins.credentials.ConjurCredentialStoreTest)] DEBUG org.eclipse.jetty.util.component.ContainerLifeCycle -- ConstraintSecurityHandler@714c2d33{STOPPED} added {org.eclipse.jetty.util.component.DumpableCollection@60c6d8ed,POJO}
18:14:52.349 [Executing testAdminWithoutCredentialsView(org.conjur.jenkins.credentials.ConjurCredentialStoreTest)] DEBUG org.eclipse.jetty.util.component.ContainerLifeCycle -- org.eclipse.jetty.server.session.SessionHandler987778487==dftMaxIdleSec=-1 added {ConstraintSecurityHandler@714c2d33{STOPPED},MANAGED}
18:14:52.350 [Executing testAdminWithoutCredentialsView(org.conjur.jenkins.credentials.ConjurCredentialStoreTest)] DEBUG org.eclipse.jetty.util.component.ContainerLifeCycle -- ConstraintSecurityHandler@714c2d33{STOPPED} added {ServletHandler@69bfb7f{STOPPED},MANAGED}
18:14:52.350 [Executing testAdminWithoutCredentialsView(org.conjur.jenkins.credentials.ConjurCredentialStoreTest)] DEBUG org.eclipse.jetty.util.component.ContainerLifeCycle -- o.e.j.w.WebAppContext@6565d048{/jenkins,null,STOPPED} added {ErrorPageErrorHandler@3eae93ee{STOPPED},MANAGED}
18:14:52.350 [Executing testAdminWithoutCredentialsView(org.conjur.jenkins.credentials.ConjurCredentialStoreTest)] DEBUG org.eclipse.jetty.util.component.ContainerLifeCycle -- o.e.j.w.WebAppContext@6565d048{/jenkins,null,STOPPED}{/Users/sameer.shaik/MyWorkSpace/17OctV2.2.3-New-BitBucketIssueFixed/conjur-credentials-plugin/target/jenkins-for-test} added {NoListenerConfiguration@2e1b04bd{STOPPED},AUTO}
18:14:52.350 [Executing testAdminWithoutCredentialsView(org.conjur.jenkins.credentials.ConjurCredentialStoreTest)] DEBUG org.eclipse.jetty.util.component.ContainerLifeCycle -- Server@5acfb2f8{STOPPED}[9.4.48.v20220622] added {o.e.j.w.WebAppContext@6565d048{/jenkins,null,STOPPED}{/Users/sameer.shaik/MyWorkSpace/17OctV2.2.3-New-BitBucketIssueFixed/conjur-credentials-plugin/target/jenkins-for-test},MANAGED}
18:14:52.350 [Executing testAdminWithoutCredentialsView(org.conjur.jenkins.credentials.ConjurCredentialStoreTest)] DEBUG org.eclipse.jetty.util.component.ContainerLifeCycle -- HashLoginService@78cca023[null] added {org.eclipse.jetty.security.DefaultIdentityService@21d5ec46,POJO}
18:14:52.350 [Executing testAdminWithoutCredentialsView(org.conjur.jenkins.credentials.ConjurCredentialStoreTest)] DEBUG org.eclipse.jetty.util.component.ContainerLifeCycle -- HashLoginService@78cca023[default] added {UserStore@6bae3a71{STOPPED},AUTO}
18:14:52.350 [Executing testAdminWithoutCredentialsView(org.conjur.jenkins.credentials.ConjurCredentialStoreTest)] DEBUG org.eclipse.jetty.util.component.ContainerLifeCycle -- ConstraintSecurityHandler@714c2d33{STOPPED} added {HashLoginService@78cca023[default],AUTO}
18:14:52.350 [Executing testAdminWithoutCredentialsView(org.conjur.jenkins.credentials.ConjurCredentialStoreTest)] DEBUG org.eclipse.jetty.util.component.ContainerLifeCycle -- HttpConnectionFactory@7bae4ded[HTTP/1.1] added {HttpConfiguration@2e244b32{32768/8192,8192/8192,https://:0,[]},POJO}
18:14:52.350 [Executing testAdminWithoutCredentialsView(org.conjur.jenkins.credentials.ConjurCredentialStoreTest)] DEBUG org.eclipse.jetty.util.component.ContainerLifeCycle -- ServerConnector@65ca16f2{null, ()}{0.0.0.0:0} added {Server@5acfb2f8{STOPPED}[9.4.48.v20220622],UNMANAGED}
18:14:52.350 [Executing testAdminWithoutCredentialsView(org.conjur.jenkins.credentials.ConjurCredentialStoreTest)] DEBUG org.eclipse.jetty.util.component.ContainerLifeCycle -- ServerConnector@65ca16f2{null, ()}{0.0.0.0:0} added {QueuedThreadPool[Jetty (JenkinsRule)]@1bf2b8c3{STOPPED,8<=0<=200,i=0,r=-1,q=0}[NO_TRY],AUTO}
18:14:52.350 [Executing testAdminWithoutCredentialsView(org.conjur.jenkins.credentials.ConjurCredentialStoreTest)] DEBUG org.eclipse.jetty.util.component.ContainerLifeCycle -- ServerConnector@65ca16f2{null, ()}{0.0.0.0:0} added {ScheduledExecutorScheduler@57893f56{STOPPED},AUTO}
18:14:52.350 [Executing testAdminWithoutCredentialsView(org.conjur.jenkins.credentials.ConjurCredentialStoreTest)] DEBUG org.eclipse.jetty.util.component.ContainerLifeCycle -- ServerConnector@65ca16f2{null, ()}{0.0.0.0:0} added {ArrayByteBufferPool@5ec1d16f{minBufferCapacity=0, maxBufferCapacity=65536, maxQueueLength=-1, factor=1024},POJO}
18:14:52.350 [Executing testAdminWithoutCredentialsView(org.conjur.jenkins.credentials.ConjurCredentialStoreTest)] DEBUG org.eclipse.jetty.util.component.ContainerLifeCycle -- ServerConnector@65ca16f2{null, (http/1.1)}{0.0.0.0:0} added {HttpConnectionFactory@7bae4ded[HTTP/1.1],AUTO}
18:14:52.350 [Executing testAdminWithoutCredentialsView(org.conjur.jenkins.credentials.ConjurCredentialStoreTest)] DEBUG org.eclipse.jetty.server.AbstractConnector -- ServerConnector@65ca16f2{HTTP/1.1, (http/1.1)}{0.0.0.0:0} added HttpConnectionFactory@7bae4ded[HTTP/1.1]
18:14:52.350 [Executing testAdminWithoutCredentialsView(org.conjur.jenkins.credentials.ConjurCredentialStoreTest)] DEBUG org.eclipse.jetty.util.component.ContainerLifeCycle -- ServerConnector@65ca16f2{HTTP/1.1, (http/1.1)}{0.0.0.0:0} added {SelectorManager@ServerConnector@65ca16f2{HTTP/1.1, (http/1.1)}{0.0.0.0:0},MANAGED}
18:14:52.350 [Executing testAdminWithoutCredentialsView(org.conjur.jenkins.credentials.ConjurCredentialStoreTest)] DEBUG org.eclipse.jetty.util.component.ContainerLifeCycle -- Server@5acfb2f8{STOPPED}[9.4.48.v20220622] added {ServerConnector@65ca16f2{HTTP/1.1, (http/1.1)}{localhost:0},AUTO}
18:14:52.350 [Executing testAdminWithoutCredentialsView(org.conjur.jenkins.credentials.ConjurCredentialStoreTest)] DEBUG org.eclipse.jetty.util.component.AbstractLifeCycle -- starting Server@5acfb2f8{STOPPED}[9.4.48.v20220622]
18:14:52.350 [Executing testAdminWithoutCredentialsView(org.conjur.jenkins.credentials.ConjurCredentialStoreTest)] DEBUG org.eclipse.jetty.util.component.ContainerLifeCycle -- Server@5acfb2f8{STARTING}[9.4.48.v20220622] added {ErrorHandler@52b06c5e{STOPPED},AUTO}
18:14:52.350 [Executing testAdminWithoutCredentialsView(org.conjur.jenkins.credentials.ConjurCredentialStoreTest)] INFO org.eclipse.jetty.server.Server -- jetty-9.4.48.v20220622; built: 2022-06-21T20:42:25.880Z; git: 6b67c5719d1f4371b33655ff2d047d24e171e49a; jvm 17.0.11+9-adhoc.admin.jdk17u
18:14:52.350 [Executing testAdminWithoutCredentialsView(org.conjur.jenkins.credentials.ConjurCredentialStoreTest)] DEBUG org.eclipse.jetty.server.handler.AbstractHandler -- starting Server@5acfb2f8{STARTING}[9.4.48.v20220622]
18:14:52.350 [Executing testAdminWithoutCredentialsView(org.conjur.jenkins.credentials.ConjurCredentialStoreTest)] DEBUG org.eclipse.jetty.util.component.AbstractLifeCycle -- starting QueuedThreadPool[Jetty (JenkinsRule)]@1bf2b8c3{STOPPED,8<=0<=200,i=0,r=-1,q=0}[NO_TRY]
18:14:52.350 [Executing testAdminWithoutCredentialsView(org.conjur.jenkins.credentials.ConjurCredentialStoreTest)] DEBUG org.eclipse.jetty.util.thread.ReservedThreadExecutor -- ReservedThreadExecutor@67788d7c{reserved=0/16,pending=0}
18:14:52.351 [Executing testAdminWithoutCredentialsView(org.conjur.jenkins.credentials.ConjurCredentialStoreTest)] DEBUG org.eclipse.jetty.util.component.ContainerLifeCycle -- QueuedThreadPool[Jetty (JenkinsRule)]@1bf2b8c3{STARTING,8<=0<=200,i=0,r=-1,q=0}[ReservedThreadExecutor@67788d7c{reserved=0/16,pending=0}] added {ReservedThreadExecutor@67788d7c{reserved=0/16,pending=0},AUTO}
18:14:52.351 [Executing testAdminWithoutCredentialsView(org.conjur.jenkins.credentials.ConjurCredentialStoreTest)] DEBUG org.eclipse.jetty.util.component.AbstractLifeCycle -- starting ReservedThreadExecutor@67788d7c{reserved=0/16,pending=0}
18:14:52.351 [Executing testAdminWithoutCredentialsView(org.conjur.jenkins.credentials.ConjurCredentialStoreTest)] DEBUG org.eclipse.jetty.util.component.AbstractLifeCycle -- STARTED @19454ms ReservedThreadExecutor@67788d7c{reserved=0/16,pending=0}
18:14:52.351 [Executing testAdminWithoutCredentialsView(org.conjur.jenkins.credentials.ConjurCredentialStoreTest)] DEBUG org.eclipse.jetty.util.thread.QueuedThreadPool -- Starting Thread[Jetty (JenkinsRule)-485,5,main]
18:14:52.351 [Executing testAdminWithoutCredentialsView(org.conjur.jenkins.credentials.ConjurCredentialStoreTest)] DEBUG org.eclipse.jetty.util.thread.QueuedThreadPool -- Starting Thread[Jetty (JenkinsRule)-486,5,main]
18:14:52.351 [Jetty (JenkinsRule)-485] DEBUG org.eclipse.jetty.util.thread.QueuedThreadPool -- Runner started for QueuedThreadPool[Jetty (JenkinsRule)]@1bf2b8c3{STARTING,8<=2<=200,i=2,r=-1,q=0}[ReservedThreadExecutor@67788d7c{reserved=0/16,pending=0}]
18:14:52.351 [Executing testAdminWithoutCredentialsView(org.conjur.jenkins.credentials.ConjurCredentialStoreTest)] DEBUG org.eclipse.jetty.util.thread.QueuedThreadPool -- Starting Thread[Jetty (JenkinsRule)-487,5,main]
18:14:52.351 [Jetty (JenkinsRule)-486] DEBUG org.eclipse.jetty.util.thread.QueuedThreadPool -- Runner started for QueuedThreadPool[Jetty (JenkinsRule)]@1bf2b8c3{STARTING,8<=3<=200,i=3,r=-1,q=0}[ReservedThreadExecutor@67788d7c{reserved=0/16,pending=0}]
18:14:52.351 [Executing testAdminWithoutCredentialsView(org.conjur.jenkins.credentials.ConjurCredentialStoreTest)] DEBUG org.eclipse.jetty.util.thread.QueuedThreadPool -- Starting Thread[Jetty (JenkinsRule)-488,5,main]
18:14:52.351 [Jetty (JenkinsRule)-487] DEBUG org.eclipse.jetty.util.thread.QueuedThreadPool -- Runner started for QueuedThreadPool[Jetty (JenkinsRule)]@1bf2b8c3{STARTING,8<=4<=200,i=4,r=-1,q=0}[ReservedThreadExecutor@67788d7c{reserved=0/16,pending=0}]
18:14:52.351 [Executing testAdminWithoutCredentialsView(org.conjur.jenkins.credentials.ConjurCredentialStoreTest)] DEBUG org.eclipse.jetty.util.thread.QueuedThreadPool -- Starting Thread[Jetty (JenkinsRule)-489,5,main]
18:14:52.351 [Jetty (JenkinsRule)-488] DEBUG org.eclipse.jetty.util.thread.QueuedThreadPool -- Runner started for QueuedThreadPool[Jetty (JenkinsRule)]@1bf2b8c3{STARTING,8<=5<=200,i=5,r=-1,q=0}[ReservedThreadExecutor@67788d7c{reserved=0/16,pending=0}]
18:14:52.351 [Executing testAdminWithoutCredentialsView(org.conjur.jenkins.credentials.ConjurCredentialStoreTest)] DEBUG org.eclipse.jetty.util.thread.QueuedThreadPool -- Starting Thread[Jetty (JenkinsRule)-490,5,main]
18:14:52.351 [Jetty (JenkinsRule)-489] DEBUG org.eclipse.jetty.util.thread.QueuedThreadPool -- Runner started for QueuedThreadPool[Jetty (JenkinsRule)]@1bf2b8c3{STARTING,8<=6<=200,i=6,r=-1,q=0}[ReservedThreadExecutor@67788d7c{reserved=0/16,pending=0}]
18:14:52.351 [Executing testAdminWithoutCredentialsView(org.conjur.jenkins.credentials.ConjurCredentialStoreTest)] DEBUG org.eclipse.jetty.util.thread.QueuedThreadPool -- Starting Thread[Jetty (JenkinsRule)-491,5,main]
18:14:52.351 [Jetty (JenkinsRule)-490] DEBUG org.eclipse.jetty.util.thread.QueuedThreadPool -- Runner started for QueuedThreadPool[Jetty (JenkinsRule)]@1bf2b8c3{STARTING,8<=7<=200,i=7,r=-1,q=0}[ReservedThreadExecutor@67788d7c{reserved=0/16,pending=0}]
18:14:52.351 [Executing testAdminWithoutCredentialsView(org.conjur.jenkins.credentials.ConjurCredentialStoreTest)] DEBUG org.eclipse.jetty.util.thread.QueuedThreadPool -- Starting Thread[Jetty (JenkinsRule)-492,5,main]
18:14:52.352 [Jetty (JenkinsRule)-491] DEBUG org.eclipse.jetty.util.thread.QueuedThreadPool -- Runner started for QueuedThreadPool[Jetty (JenkinsRule)]@1bf2b8c3{STARTING,8<=8<=200,i=8,r=-1,q=0}[ReservedThreadExecutor@67788d7c{reserved=0/16,pending=0}]
18:14:52.352 [Executing testAdminWithoutCredentialsView(org.conjur.jenkins.credentials.ConjurCredentialStoreTest)] DEBUG org.eclipse.jetty.util.component.AbstractLifeCycle -- STARTED @19455ms QueuedThreadPool[Jetty (JenkinsRule)]@1bf2b8c3{STARTED,8<=8<=200,i=8,r=-1,q=0}[ReservedThreadExecutor@67788d7c{reserved=0/16,pending=0}]
18:14:52.352 [Executing testAdminWithoutCredentialsView(org.conjur.jenkins.credentials.ConjurCredentialStoreTest)] DEBUG org.eclipse.jetty.util.component.AbstractLifeCycle -- starting o.e.j.w.WebAppContext@6565d048{/jenkins,file:///Users/sameer.shaik/MyWorkSpace/17OctV2.2.3-New-BitBucketIssueFixed/conjur-credentials-plugin/target/jenkins-for-test/,STOPPED}{/Users/sameer.shaik/MyWorkSpace/17OctV2.2.3-New-BitBucketIssueFixed/conjur-credentials-plugin/target/jenkins-for-test}
18:14:52.352 [Jetty (JenkinsRule)-492] DEBUG org.eclipse.jetty.util.thread.QueuedThreadPool -- Runner started for QueuedThreadPool[Jetty (JenkinsRule)]@1bf2b8c3{STARTED,8<=8<=200,i=8,r=-1,q=0}[ReservedThreadExecutor@67788d7c{reserved=0/16,pending=0}]
18:14:52.352 [Executing testAdminWithoutCredentialsView(org.conjur.jenkins.credentials.ConjurCredentialStoreTest)] DEBUG org.eclipse.jetty.webapp.WebAppContext -- Thread Context classloader jdk.internal.loader.ClassLoaders$AppClassLoader@5ffd2b27
18:14:52.352 [Executing testAdminWithoutCredentialsView(org.conjur.jenkins.credentials.ConjurCredentialStoreTest)] DEBUG org.eclipse.jetty.webapp.WebAppContext -- Parent class loader: jdk.internal.loader.ClassLoaders$PlatformClassLoader@6a175569 
18:14:52.352 [Executing testAdminWithoutCredentialsView(org.conjur.jenkins.credentials.ConjurCredentialStoreTest)] DEBUG org.eclipse.jetty.webapp.WebAppContext -- preConfigure o.e.j.w.WebAppContext@6565d048{/jenkins,file:///Users/sameer.shaik/MyWorkSpace/17OctV2.2.3-New-BitBucketIssueFixed/conjur-credentials-plugin/target/jenkins-for-test/,STOPPED}{/Users/sameer.shaik/MyWorkSpace/17OctV2.2.3-New-BitBucketIssueFixed/conjur-credentials-plugin/target/jenkins-for-test} with org.eclipse.jetty.webapp.WebXmlConfiguration@7edf5c55
18:14:52.354 [Executing testAdminWithoutCredentialsView(org.conjur.jenkins.credentials.ConjurCredentialStoreTest)] DEBUG org.eclipse.jetty.webapp.WebDescriptor -- jar:file:/Users/sameer.shaik/.m2/repository/org/eclipse/jetty/jetty-webapp/9.4.48.v20220622/jetty-webapp-9.4.48.v20220622.jar!/org/eclipse/jetty/webapp/webdefault.xml: Calculated metadatacomplete = False with version=3.1
18:14:52.356 [Executing testAdminWithoutCredentialsView(org.conjur.jenkins.credentials.ConjurCredentialStoreTest)] DEBUG org.eclipse.jetty.webapp.WebDescriptor -- file:///Users/sameer.shaik/MyWorkSpace/17OctV2.2.3-New-BitBucketIssueFixed/conjur-credentials-plugin/target/jenkins-for-test/WEB-INF/web.xml: Calculated metadatacomplete = True with version=3.1
18:14:52.356 [Executing testAdminWithoutCredentialsView(org.conjur.jenkins.credentials.ConjurCredentialStoreTest)] DEBUG org.eclipse.jetty.webapp.WebAppContext -- configure o.e.j.w.WebAppContext@6565d048{/jenkins,file:///Users/sameer.shaik/MyWorkSpace/17OctV2.2.3-New-BitBucketIssueFixed/conjur-credentials-plugin/target/jenkins-for-test/,STARTING}{/Users/sameer.shaik/MyWorkSpace/17OctV2.2.3-New-BitBucketIssueFixed/conjur-credentials-plugin/target/jenkins-for-test} with org.eclipse.jetty.webapp.WebXmlConfiguration@7edf5c55
18:14:52.356 [Executing testAdminWithoutCredentialsView(org.conjur.jenkins.credentials.ConjurCredentialStoreTest)] DEBUG org.eclipse.jetty.webapp.MetaData -- metadata resolve o.e.j.w.WebAppContext@6565d048{/jenkins,file:///Users/sameer.shaik/MyWorkSpace/17OctV2.2.3-New-BitBucketIssueFixed/conjur-credentials-plugin/target/jenkins-for-test/,STARTING}{/Users/sameer.shaik/MyWorkSpace/17OctV2.2.3-New-BitBucketIssueFixed/conjur-credentials-plugin/target/jenkins-for-test}
18:14:52.356 [Executing testAdminWithoutCredentialsView(org.conjur.jenkins.credentials.ConjurCredentialStoreTest)] DEBUG org.eclipse.jetty.util.component.ContainerLifeCycle -- ServletHandler@69bfb7f{STOPPED} added {org.eclipse.jetty.servlet.listener.ELContextCleaner@6939f184{src=DESCRIPTOR:jar:file:/Users/sameer.shaik/.m2/repository/org/eclipse/jetty/jetty-webapp/9.4.48.v20220622/jetty-webapp-9.4.48.v20220622.jar!/org/eclipse/jetty/webapp/webdefault.xml},AUTO}
18:14:52.356 [Executing testAdminWithoutCredentialsView(org.conjur.jenkins.credentials.ConjurCredentialStoreTest)] DEBUG org.eclipse.jetty.util.component.ContainerLifeCycle -- ServletHandler@69bfb7f{STOPPED} added {org.eclipse.jetty.servlet.listener.IntrospectorCleaner@6d803502{src=DESCRIPTOR:jar:file:/Users/sameer.shaik/.m2/repository/org/eclipse/jetty/jetty-webapp/9.4.48.v20220622/jetty-webapp-9.4.48.v20220622.jar!/org/eclipse/jetty/webapp/webdefault.xml},AUTO}
18:14:52.356 [Executing testAdminWithoutCredentialsView(org.conjur.jenkins.credentials.ConjurCredentialStoreTest)] DEBUG org.eclipse.jetty.webapp.StandardDescriptorProcessor -- Added mapping [/]=>default 
18:14:52.357 [Executing testAdminWithoutCredentialsView(org.conjur.jenkins.credentials.ConjurCredentialStoreTest)] INFO org.eclipse.jetty.webapp.StandardDescriptorProcessor -- NO JSP Support for /jenkins, did not find org.eclipse.jetty.jsp.JettyJspServlet
18:14:52.357 [Executing testAdminWithoutCredentialsView(org.conjur.jenkins.credentials.ConjurCredentialStoreTest)] DEBUG org.eclipse.jetty.webapp.StandardDescriptorProcessor -- Added mapping [*.jsp, *.jspf, *.jspx, *.xsp, *.JSP, *.JSPF, *.JSPX, *.XSP]=>jsp 
18:14:52.357 [Executing testAdminWithoutCredentialsView(org.conjur.jenkins.credentials.ConjurCredentialStoreTest)] DEBUG org.eclipse.jetty.server.session -- SessionManager default maxInactiveInterval=1800
18:14:52.357 [Executing testAdminWithoutCredentialsView(org.conjur.jenkins.credentials.ConjurCredentialStoreTest)] DEBUG org.eclipse.jetty.util.component.ContainerLifeCycle -- ServletHandler@69bfb7f{STOPPED} added {default==org.eclipse.jetty.servlet.DefaultServlet@5c13d641{jsp=null,order=0,inst=false,async=false,src=DESCRIPTOR:jar:file:/Users/sameer.shaik/.m2/repository/org/eclipse/jetty/jetty-webapp/9.4.48.v20220622/jetty-webapp-9.4.48.v20220622.jar!/org/eclipse/jetty/webapp/webdefault.xml,STOPPED},AUTO}
18:14:52.357 [Executing testAdminWithoutCredentialsView(org.conjur.jenkins.credentials.ConjurCredentialStoreTest)] DEBUG org.eclipse.jetty.util.component.ContainerLifeCycle -- ServletHandler@69bfb7f{STOPPED} added {jsp==org.eclipse.jetty.servlet.NoJspServlet@19c47{jsp=null,order=0,inst=false,async=false,src=DESCRIPTOR:jar:file:/Users/sameer.shaik/.m2/repository/org/eclipse/jetty/jetty-webapp/9.4.48.v20220622/jetty-webapp-9.4.48.v20220622.jar!/org/eclipse/jetty/webapp/webdefault.xml,STOPPED},AUTO}
18:14:52.357 [Executing testAdminWithoutCredentialsView(org.conjur.jenkins.credentials.ConjurCredentialStoreTest)] DEBUG org.eclipse.jetty.util.component.ContainerLifeCycle -- ServletHandler@69bfb7f{STOPPED} added {[/]=>default,POJO}
18:14:52.357 [Executing testAdminWithoutCredentialsView(org.conjur.jenkins.credentials.ConjurCredentialStoreTest)] DEBUG org.eclipse.jetty.util.component.ContainerLifeCycle -- ServletHandler@69bfb7f{STOPPED} added {[*.jsp, *.jspf, *.jspx, *.xsp, *.JSP, *.JSPF, *.JSPX, *.XSP]=>jsp,POJO}
18:14:52.357 [Executing testAdminWithoutCredentialsView(org.conjur.jenkins.credentials.ConjurCredentialStoreTest)] DEBUG org.eclipse.jetty.webapp.StandardDescriptorProcessor -- Added mapping [/*]=>Stapler 
18:14:52.357 [Executing testAdminWithoutCredentialsView(org.conjur.jenkins.credentials.ConjurCredentialStoreTest)] DEBUG org.eclipse.jetty.util.component.ContainerLifeCycle -- ServletHandler@69bfb7f{STOPPED} added {jenkins.util.SystemProperties$Listener@7f439d78{src=DESCRIPTOR:file:///Users/sameer.shaik/MyWorkSpace/17OctV2.2.3-New-BitBucketIssueFixed/conjur-credentials-plugin/target/jenkins-for-test/WEB-INF/web.xml},AUTO}
18:14:52.357 [Executing testAdminWithoutCredentialsView(org.conjur.jenkins.credentials.ConjurCredentialStoreTest)] DEBUG org.eclipse.jetty.util.component.ContainerLifeCycle -- ServletHandler@69bfb7f{STOPPED} added {hudson.WebAppMain@73790559{src=DESCRIPTOR:file:///Users/sameer.shaik/MyWorkSpace/17OctV2.2.3-New-BitBucketIssueFixed/conjur-credentials-plugin/target/jenkins-for-test/WEB-INF/web.xml},AUTO}
18:14:52.357 [Executing testAdminWithoutCredentialsView(org.conjur.jenkins.credentials.ConjurCredentialStoreTest)] DEBUG org.eclipse.jetty.util.component.ContainerLifeCycle -- ServletHandler@69bfb7f{STOPPED} added {jenkins.JenkinsHttpSessionListener@556a6f63{src=DESCRIPTOR:file:///Users/sameer.shaik/MyWorkSpace/17OctV2.2.3-New-BitBucketIssueFixed/conjur-credentials-plugin/target/jenkins-for-test/WEB-INF/web.xml},AUTO}
18:14:52.357 [Executing testAdminWithoutCredentialsView(org.conjur.jenkins.credentials.ConjurCredentialStoreTest)] DEBUG org.eclipse.jetty.util.component.ContainerLifeCycle -- ServletHandler@69bfb7f{STOPPED} added {suspicious-request-filter==jenkins.security.SuspiciousRequestFilter@39ae78e9{inst=false,async=true,src=DESCRIPTOR:file:///Users/sameer.shaik/MyWorkSpace/17OctV2.2.3-New-BitBucketIssueFixed/conjur-credentials-plugin/target/jenkins-for-test/WEB-INF/web.xml},AUTO}
18:14:52.357 [Executing testAdminWithoutCredentialsView(org.conjur.jenkins.credentials.ConjurCredentialStoreTest)] DEBUG org.eclipse.jetty.util.component.ContainerLifeCycle -- ServletHandler@69bfb7f{STOPPED} added {diagnostic-name-filter==org.kohsuke.stapler.DiagnosticThreadNameFilter@5a658af9{inst=false,async=true,src=DESCRIPTOR:file:///Users/sameer.shaik/MyWorkSpace/17OctV2.2.3-New-BitBucketIssueFixed/conjur-credentials-plugin/target/jenkins-for-test/WEB-INF/web.xml},AUTO}
18:14:52.357 [Executing testAdminWithoutCredentialsView(org.conjur.jenkins.credentials.ConjurCredentialStoreTest)] DEBUG org.eclipse.jetty.util.component.ContainerLifeCycle -- ServletHandler@69bfb7f{STOPPED} added {encoding-filter==hudson.util.CharacterEncodingFilter@618d1f21{inst=false,async=true,src=DESCRIPTOR:file:///Users/sameer.shaik/MyWorkSpace/17OctV2.2.3-New-BitBucketIssueFixed/conjur-credentials-plugin/target/jenkins-for-test/WEB-INF/web.xml},AUTO}
18:14:52.357 [Executing testAdminWithoutCredentialsView(org.conjur.jenkins.credentials.ConjurCredentialStoreTest)] DEBUG org.eclipse.jetty.util.component.ContainerLifeCycle -- ServletHandler@69bfb7f{STOPPED} added {compression-filter==org.kohsuke.stapler.compression.CompressionFilter@671a6504{inst=false,async=true,src=DESCRIPTOR:file:///Users/sameer.shaik/MyWorkSpace/17OctV2.2.3-New-BitBucketIssueFixed/conjur-credentials-plugin/target/jenkins-for-test/WEB-INF/web.xml},AUTO}
18:14:52.357 [Executing testAdminWithoutCredentialsView(org.conjur.jenkins.credentials.ConjurCredentialStoreTest)] DEBUG org.eclipse.jetty.util.component.ContainerLifeCycle -- ServletHandler@69bfb7f{STOPPED} added {authentication-filter==hudson.security.HudsonFilter@2d39303e{inst=false,async=true,src=DESCRIPTOR:file:///Users/sameer.shaik/MyWorkSpace/17OctV2.2.3-New-BitBucketIssueFixed/conjur-credentials-plugin/target/jenkins-for-test/WEB-INF/web.xml},AUTO}
18:14:52.357 [Executing testAdminWithoutCredentialsView(org.conjur.jenkins.credentials.ConjurCredentialStoreTest)] DEBUG org.eclipse.jetty.util.component.ContainerLifeCycle -- ServletHandler@69bfb7f{STOPPED} added {csrf-filter==hudson.security.csrf.CrumbFilter@5b7d4522{inst=false,async=true,src=DESCRIPTOR:file:///Users/sameer.shaik/MyWorkSpace/17OctV2.2.3-New-BitBucketIssueFixed/conjur-credentials-plugin/target/jenkins-for-test/WEB-INF/web.xml},AUTO}
18:14:52.357 [Executing testAdminWithoutCredentialsView(org.conjur.jenkins.credentials.ConjurCredentialStoreTest)] DEBUG org.eclipse.jetty.util.component.ContainerLifeCycle -- ServletHandler@69bfb7f{STOPPED} added {plugins-filter==hudson.util.PluginServletFilter@52802d7b{inst=false,async=true,src=DESCRIPTOR:file:///Users/sameer.shaik/MyWorkSpace/17OctV2.2.3-New-BitBucketIssueFixed/conjur-credentials-plugin/target/jenkins-for-test/WEB-INF/web.xml},AUTO}
18:14:52.357 [Executing testAdminWithoutCredentialsView(org.conjur.jenkins.credentials.ConjurCredentialStoreTest)] DEBUG org.eclipse.jetty.util.component.ContainerLifeCycle -- ServletHandler@69bfb7f{STOPPED} added {Stapler==org.kohsuke.stapler.Stapler@f222d1a9{jsp=null,order=-1,inst=false,async=true,src=DESCRIPTOR:file:///Users/sameer.shaik/MyWorkSpace/17OctV2.2.3-New-BitBucketIssueFixed/conjur-credentials-plugin/target/jenkins-for-test/WEB-INF/web.xml,STOPPED},AUTO}
18:14:52.357 [Executing testAdminWithoutCredentialsView(org.conjur.jenkins.credentials.ConjurCredentialStoreTest)] DEBUG org.eclipse.jetty.util.component.ContainerLifeCycle -- ServletHandler@69bfb7f{STOPPED} added {[/*]/[]/[REQUEST]=>suspicious-request-filter,POJO}
18:14:52.357 [Executing testAdminWithoutCredentialsView(org.conjur.jenkins.credentials.ConjurCredentialStoreTest)] DEBUG org.eclipse.jetty.util.component.ContainerLifeCycle -- ServletHandler@69bfb7f{STOPPED} added {[/*]/[]/[REQUEST]=>diagnostic-name-filter,POJO}
18:14:52.357 [Executing testAdminWithoutCredentialsView(org.conjur.jenkins.credentials.ConjurCredentialStoreTest)] DEBUG org.eclipse.jetty.util.component.ContainerLifeCycle -- ServletHandler@69bfb7f{STOPPED} added {[/*]/[]/[REQUEST]=>encoding-filter,POJO}
18:14:52.357 [Executing testAdminWithoutCredentialsView(org.conjur.jenkins.credentials.ConjurCredentialStoreTest)] DEBUG org.eclipse.jetty.util.component.ContainerLifeCycle -- ServletHandler@69bfb7f{STOPPED} added {[/*]/[]/[REQUEST]=>compression-filter,POJO}
18:14:52.357 [Executing testAdminWithoutCredentialsView(org.conjur.jenkins.credentials.ConjurCredentialStoreTest)] DEBUG org.eclipse.jetty.util.component.ContainerLifeCycle -- ServletHandler@69bfb7f{STOPPED} added {[/*]/[]/[REQUEST]=>authentication-filter,POJO}
18:14:52.357 [Executing testAdminWithoutCredentialsView(org.conjur.jenkins.credentials.ConjurCredentialStoreTest)] DEBUG org.eclipse.jetty.util.component.ContainerLifeCycle -- ServletHandler@69bfb7f{STOPPED} added {[/*]/[]/[REQUEST]=>csrf-filter,POJO}
18:14:52.358 [Executing testAdminWithoutCredentialsView(org.conjur.jenkins.credentials.ConjurCredentialStoreTest)] DEBUG org.eclipse.jetty.util.component.ContainerLifeCycle -- ServletHandler@69bfb7f{STOPPED} added {[/*]/[]/[REQUEST]=>plugins-filter,POJO}
18:14:52.358 [Executing testAdminWithoutCredentialsView(org.conjur.jenkins.credentials.ConjurCredentialStoreTest)] DEBUG org.eclipse.jetty.util.component.ContainerLifeCycle -- ServletHandler@69bfb7f{STOPPED} added {[/*]=>Stapler,POJO}
18:14:52.358 [Executing testAdminWithoutCredentialsView(org.conjur.jenkins.credentials.ConjurCredentialStoreTest)] DEBUG org.eclipse.jetty.util.component.AbstractLifeCycle -- starting org.eclipse.jetty.servlet.listener.ELContextCleaner@6939f184{src=DESCRIPTOR:jar:file:/Users/sameer.shaik/.m2/repository/org/eclipse/jetty/jetty-webapp/9.4.48.v20220622/jetty-webapp-9.4.48.v20220622.jar!/org/eclipse/jetty/webapp/webdefault.xml}
18:14:52.358 [Executing testAdminWithoutCredentialsView(org.conjur.jenkins.credentials.ConjurCredentialStoreTest)] DEBUG org.eclipse.jetty.servlet.BaseHolder -- Holding class org.eclipse.jetty.servlet.listener.ELContextCleaner from jdk.internal.loader.ClassLoaders$AppClassLoader@5ffd2b27
18:14:52.358 [Executing testAdminWithoutCredentialsView(org.conjur.jenkins.credentials.ConjurCredentialStoreTest)] DEBUG org.eclipse.jetty.util.component.AbstractLifeCycle -- STARTED @19461ms org.eclipse.jetty.servlet.listener.ELContextCleaner@6939f184{src=DESCRIPTOR:jar:file:/Users/sameer.shaik/.m2/repository/org/eclipse/jetty/jetty-webapp/9.4.48.v20220622/jetty-webapp-9.4.48.v20220622.jar!/org/eclipse/jetty/webapp/webdefault.xml}
18:14:52.358 [Executing testAdminWithoutCredentialsView(org.conjur.jenkins.credentials.ConjurCredentialStoreTest)] DEBUG org.eclipse.jetty.util.component.AbstractLifeCycle -- starting org.eclipse.jetty.servlet.listener.IntrospectorCleaner@6d803502{src=DESCRIPTOR:jar:file:/Users/sameer.shaik/.m2/repository/org/eclipse/jetty/jetty-webapp/9.4.48.v20220622/jetty-webapp-9.4.48.v20220622.jar!/org/eclipse/jetty/webapp/webdefault.xml}
18:14:52.358 [Executing testAdminWithoutCredentialsView(org.conjur.jenkins.credentials.ConjurCredentialStoreTest)] DEBUG org.eclipse.jetty.servlet.BaseHolder -- Holding class org.eclipse.jetty.servlet.listener.IntrospectorCleaner from jdk.internal.loader.ClassLoaders$AppClassLoader@5ffd2b27
18:14:52.358 [Executing testAdminWithoutCredentialsView(org.conjur.jenkins.credentials.ConjurCredentialStoreTest)] DEBUG org.eclipse.jetty.util.component.AbstractLifeCycle -- STARTED @19461ms org.eclipse.jetty.servlet.listener.IntrospectorCleaner@6d803502{src=DESCRIPTOR:jar:file:/Users/sameer.shaik/.m2/repository/org/eclipse/jetty/jetty-webapp/9.4.48.v20220622/jetty-webapp-9.4.48.v20220622.jar!/org/eclipse/jetty/webapp/webdefault.xml}
18:14:52.358 [Executing testAdminWithoutCredentialsView(org.conjur.jenkins.credentials.ConjurCredentialStoreTest)] DEBUG org.eclipse.jetty.util.component.AbstractLifeCycle -- starting jenkins.util.SystemProperties$Listener@7f439d78{src=DESCRIPTOR:file:///Users/sameer.shaik/MyWorkSpace/17OctV2.2.3-New-BitBucketIssueFixed/conjur-credentials-plugin/target/jenkins-for-test/WEB-INF/web.xml}
18:14:52.358 [Executing testAdminWithoutCredentialsView(org.conjur.jenkins.credentials.ConjurCredentialStoreTest)] DEBUG org.eclipse.jetty.servlet.BaseHolder -- Holding class jenkins.util.SystemProperties$Listener from jdk.internal.loader.ClassLoaders$AppClassLoader@5ffd2b27
18:14:52.358 [Executing testAdminWithoutCredentialsView(org.conjur.jenkins.credentials.ConjurCredentialStoreTest)] DEBUG org.eclipse.jetty.util.component.AbstractLifeCycle -- STARTED @19462ms jenkins.util.SystemProperties$Listener@7f439d78{src=DESCRIPTOR:file:///Users/sameer.shaik/MyWorkSpace/17OctV2.2.3-New-BitBucketIssueFixed/conjur-credentials-plugin/target/jenkins-for-test/WEB-INF/web.xml}
18:14:52.358 [Executing testAdminWithoutCredentialsView(org.conjur.jenkins.credentials.ConjurCredentialStoreTest)] DEBUG org.eclipse.jetty.util.component.AbstractLifeCycle -- starting hudson.WebAppMain@73790559{src=DESCRIPTOR:file:///Users/sameer.shaik/MyWorkSpace/17OctV2.2.3-New-BitBucketIssueFixed/conjur-credentials-plugin/target/jenkins-for-test/WEB-INF/web.xml}
18:14:52.358 [Executing testAdminWithoutCredentialsView(org.conjur.jenkins.credentials.ConjurCredentialStoreTest)] DEBUG org.eclipse.jetty.servlet.BaseHolder -- Holding class hudson.WebAppMain from jdk.internal.loader.ClassLoaders$AppClassLoader@5ffd2b27
18:14:52.358 [Executing testAdminWithoutCredentialsView(org.conjur.jenkins.credentials.ConjurCredentialStoreTest)] DEBUG org.eclipse.jetty.util.component.AbstractLifeCycle -- STARTED @19462ms hudson.WebAppMain@73790559{src=DESCRIPTOR:file:///Users/sameer.shaik/MyWorkSpace/17OctV2.2.3-New-BitBucketIssueFixed/conjur-credentials-plugin/target/jenkins-for-test/WEB-INF/web.xml}
18:14:52.358 [Executing testAdminWithoutCredentialsView(org.conjur.jenkins.credentials.ConjurCredentialStoreTest)] DEBUG org.eclipse.jetty.util.component.AbstractLifeCycle -- starting jenkins.JenkinsHttpSessionListener@556a6f63{src=DESCRIPTOR:file:///Users/sameer.shaik/MyWorkSpace/17OctV2.2.3-New-BitBucketIssueFixed/conjur-credentials-plugin/target/jenkins-for-test/WEB-INF/web.xml}
18:14:52.358 [Executing testAdminWithoutCredentialsView(org.conjur.jenkins.credentials.ConjurCredentialStoreTest)] DEBUG org.eclipse.jetty.servlet.BaseHolder -- Holding class jenkins.JenkinsHttpSessionListener from jdk.internal.loader.ClassLoaders$AppClassLoader@5ffd2b27
18:14:52.358 [Executing testAdminWithoutCredentialsView(org.conjur.jenkins.credentials.ConjurCredentialStoreTest)] DEBUG org.eclipse.jetty.util.component.ContainerLifeCycle -- org.eclipse.jetty.server.session.SessionHandler987778487==dftMaxIdleSec=1800 added {jenkins.JenkinsHttpSessionListener@6606406a,UNMANAGED}
18:14:52.358 [Executing testAdminWithoutCredentialsView(org.conjur.jenkins.credentials.ConjurCredentialStoreTest)] DEBUG org.eclipse.jetty.util.component.AbstractLifeCycle -- STARTED @19462ms jenkins.JenkinsHttpSessionListener@556a6f63{src=DESCRIPTOR:file:///Users/sameer.shaik/MyWorkSpace/17OctV2.2.3-New-BitBucketIssueFixed/conjur-credentials-plugin/target/jenkins-for-test/WEB-INF/web.xml}
18:14:52.358 [Executing testAdminWithoutCredentialsView(org.conjur.jenkins.credentials.ConjurCredentialStoreTest)] DEBUG org.eclipse.jetty.server.handler.AbstractHandler -- starting o.e.j.w.WebAppContext@6565d048{Jenkins v2.346.3,/jenkins,file:///Users/sameer.shaik/MyWorkSpace/17OctV2.2.3-New-BitBucketIssueFixed/conjur-credentials-plugin/target/jenkins-for-test/,STARTING}{/Users/sameer.shaik/MyWorkSpace/17OctV2.2.3-New-BitBucketIssueFixed/conjur-credentials-plugin/target/jenkins-for-test}
18:14:52.358 [Executing testAdminWithoutCredentialsView(org.conjur.jenkins.credentials.ConjurCredentialStoreTest)] DEBUG org.eclipse.jetty.util.component.AbstractLifeCycle -- starting SymlinkAllowedResourceAliasChecker@6bdf4887{base=null,protected=[/WEB-INF, /META-INF]}
18:14:52.358 [Executing testAdminWithoutCredentialsView(org.conjur.jenkins.credentials.ConjurCredentialStoreTest)] DEBUG org.eclipse.jetty.util.component.AbstractLifeCycle -- STARTED @19462ms SymlinkAllowedResourceAliasChecker@6bdf4887{base=null,protected=[/WEB-INF, /META-INF]}
18:14:52.358 [Executing testAdminWithoutCredentialsView(org.conjur.jenkins.credentials.ConjurCredentialStoreTest)] DEBUG org.eclipse.jetty.util.component.AbstractLifeCycle -- starting org.eclipse.jetty.server.session.SessionHandler987778487==dftMaxIdleSec=1800
18:14:52.358 [Executing testAdminWithoutCredentialsView(org.conjur.jenkins.credentials.ConjurCredentialStoreTest)] DEBUG org.eclipse.jetty.util.component.ContainerLifeCycle -- org.eclipse.jetty.server.session.SessionHandler987778487==dftMaxIdleSec=1800 added {org.eclipse.jetty.server.session.DefaultSessionCache@25a3454[evict=-1,removeUnloadable=false,saveOnCreate=false,saveOnInactiveEvict=false],AUTO}
18:14:52.358 [Executing testAdminWithoutCredentialsView(org.conjur.jenkins.credentials.ConjurCredentialStoreTest)] DEBUG org.eclipse.jetty.util.component.ContainerLifeCycle -- org.eclipse.jetty.server.session.DefaultSessionCache@25a3454[evict=-1,removeUnloadable=false,saveOnCreate=false,saveOnInactiveEvict=false] added {org.eclipse.jetty.server.session.NullSessionDataStore@33bf2568[passivating=false,graceSec=3600],AUTO}
18:14:52.358 [Executing testAdminWithoutCredentialsView(org.conjur.jenkins.credentials.ConjurCredentialStoreTest)] DEBUG org.eclipse.jetty.util.component.AbstractLifeCycle -- starting DefaultSessionIdManager@60873d91{STOPPED}[worker=null]
18:14:52.358 [Executing testAdminWithoutCredentialsView(org.conjur.jenkins.credentials.ConjurCredentialStoreTest)] INFO org.eclipse.jetty.server.session -- DefaultSessionIdManager workerName=node0
18:14:52.358 [Executing testAdminWithoutCredentialsView(org.conjur.jenkins.credentials.ConjurCredentialStoreTest)] INFO org.eclipse.jetty.server.session -- No SessionScavenger set, using defaults
18:14:52.358 [Executing testAdminWithoutCredentialsView(org.conjur.jenkins.credentials.ConjurCredentialStoreTest)] DEBUG org.eclipse.jetty.util.component.ContainerLifeCycle -- DefaultSessionIdManager@60873d91{STARTING}[worker=node0] added {HouseKeeper@34d634fb{STOPPED}[interval=600000, ownscheduler=false],MANAGED}
18:14:52.358 [Executing testAdminWithoutCredentialsView(org.conjur.jenkins.credentials.ConjurCredentialStoreTest)] DEBUG org.eclipse.jetty.util.component.AbstractLifeCycle -- starting HouseKeeper@34d634fb{STOPPED}[interval=600000, ownscheduler=false]
18:14:52.358 [Executing testAdminWithoutCredentialsView(org.conjur.jenkins.credentials.ConjurCredentialStoreTest)] DEBUG org.eclipse.jetty.util.component.AbstractLifeCycle -- starting ScheduledExecutorScheduler@677d4ea1{STOPPED}
18:14:52.358 [Executing testAdminWithoutCredentialsView(org.conjur.jenkins.credentials.ConjurCredentialStoreTest)] DEBUG org.eclipse.jetty.util.component.AbstractLifeCycle -- STARTED @19462ms ScheduledExecutorScheduler@677d4ea1{STARTED}
18:14:52.358 [Executing testAdminWithoutCredentialsView(org.conjur.jenkins.credentials.ConjurCredentialStoreTest)] DEBUG org.eclipse.jetty.server.session -- Using own scheduler for scavenging
18:14:52.358 [Executing testAdminWithoutCredentialsView(org.conjur.jenkins.credentials.ConjurCredentialStoreTest)] INFO org.eclipse.jetty.server.session -- node0 Scavenging every 660000ms
18:14:52.358 [Executing testAdminWithoutCredentialsView(org.conjur.jenkins.credentials.ConjurCredentialStoreTest)] DEBUG org.eclipse.jetty.util.component.AbstractLifeCycle -- STARTED @19462ms HouseKeeper@34d634fb{STARTED}[interval=660000, ownscheduler=true]
18:14:52.358 [Executing testAdminWithoutCredentialsView(org.conjur.jenkins.credentials.ConjurCredentialStoreTest)] DEBUG org.eclipse.jetty.util.component.AbstractLifeCycle -- STARTED @19462ms DefaultSessionIdManager@60873d91{STARTED}[worker=node0]
18:14:52.358 [Executing testAdminWithoutCredentialsView(org.conjur.jenkins.credentials.ConjurCredentialStoreTest)] DEBUG org.eclipse.jetty.util.component.ContainerLifeCycle -- Server@5acfb2f8{STARTING}[9.4.48.v20220622] added {DefaultSessionIdManager@60873d91{STARTED}[worker=node0],MANAGED}
18:14:52.358 [Executing testAdminWithoutCredentialsView(org.conjur.jenkins.credentials.ConjurCredentialStoreTest)] DEBUG org.eclipse.jetty.util.component.ContainerLifeCycle -- org.eclipse.jetty.server.session.SessionHandler987778487==dftMaxIdleSec=1800 added {DefaultSessionIdManager@60873d91{STARTED}[worker=node0],UNMANAGED}
18:14:52.359 [Executing testAdminWithoutCredentialsView(org.conjur.jenkins.credentials.ConjurCredentialStoreTest)] DEBUG org.eclipse.jetty.util.component.AbstractLifeCycle -- starting ScheduledExecutorScheduler@749178c3{STOPPED}
18:14:52.359 [Executing testAdminWithoutCredentialsView(org.conjur.jenkins.credentials.ConjurCredentialStoreTest)] DEBUG org.eclipse.jetty.util.component.AbstractLifeCycle -- STARTED @19462ms ScheduledExecutorScheduler@749178c3{STARTED}
18:14:52.359 [Executing testAdminWithoutCredentialsView(org.conjur.jenkins.credentials.ConjurCredentialStoreTest)] DEBUG org.eclipse.jetty.server.handler.AbstractHandler -- starting org.eclipse.jetty.server.session.SessionHandler987778487==dftMaxIdleSec=1800
18:14:52.359 [Executing testAdminWithoutCredentialsView(org.conjur.jenkins.credentials.ConjurCredentialStoreTest)] DEBUG org.eclipse.jetty.util.component.AbstractLifeCycle -- starting ConstraintSecurityHandler@714c2d33{STOPPED}
18:14:52.359 [Executing testAdminWithoutCredentialsView(org.conjur.jenkins.credentials.ConjurCredentialStoreTest)] DEBUG org.eclipse.jetty.util.component.ContainerLifeCycle -- ConstraintSecurityHandler@714c2d33{STARTING} added {org.eclipse.jetty.security.DefaultIdentityService@21d5ec46,POJO}
18:14:52.359 [Executing testAdminWithoutCredentialsView(org.conjur.jenkins.credentials.ConjurCredentialStoreTest)] DEBUG org.eclipse.jetty.security.SecurityHandler -- Created authenticator org.eclipse.jetty.security.authentication.FormAuthenticator@71e5fb46 with org.eclipse.jetty.security.DefaultAuthenticatorFactory@a76ae10
18:14:52.359 [Executing testAdminWithoutCredentialsView(org.conjur.jenkins.credentials.ConjurCredentialStoreTest)] DEBUG org.eclipse.jetty.util.component.ContainerLifeCycle -- ConstraintSecurityHandler@714c2d33{STARTING} added {org.eclipse.jetty.security.authentication.FormAuthenticator@71e5fb46,POJO}
18:14:52.359 [Executing testAdminWithoutCredentialsView(org.conjur.jenkins.credentials.ConjurCredentialStoreTest)] DEBUG org.eclipse.jetty.server.handler.AbstractHandler -- starting ConstraintSecurityHandler@714c2d33{STARTING}
18:14:52.359 [Executing testAdminWithoutCredentialsView(org.conjur.jenkins.credentials.ConjurCredentialStoreTest)] DEBUG org.eclipse.jetty.util.component.AbstractLifeCycle -- starting ServletHandler@69bfb7f{STOPPED}
18:14:52.359 [Executing testAdminWithoutCredentialsView(org.conjur.jenkins.credentials.ConjurCredentialStoreTest)] DEBUG org.eclipse.jetty.servlet.ServletHandler -- Path=*.jspx[DESCRIPTOR:jar:file:/Users/sameer.shaik/.m2/repository/org/eclipse/jetty/jetty-webapp/9.4.48.v20220622/jetty-webapp-9.4.48.v20220622.jar!/org/eclipse/jetty/webapp/webdefault.xml] mapped to servlet=jsp[DESCRIPTOR:jar:file:/Users/sameer.shaik/.m2/repository/org/eclipse/jetty/jetty-webapp/9.4.48.v20220622/jetty-webapp-9.4.48.v20220622.jar!/org/eclipse/jetty/webapp/webdefault.xml]
18:14:52.359 [Executing testAdminWithoutCredentialsView(org.conjur.jenkins.credentials.ConjurCredentialStoreTest)] DEBUG org.eclipse.jetty.http.pathmap.ServletPathSpec -- Creating ServletPathSpec[*.jspx] (group: SUFFIX_GLOB, prefix: "null", suffix: "jspx")
18:14:52.359 [Executing testAdminWithoutCredentialsView(org.conjur.jenkins.credentials.ConjurCredentialStoreTest)] DEBUG org.eclipse.jetty.http.pathmap.PathMappings -- Added MappedResource[pathSpec=ServletPathSpec@96a7cfb7{*.jspx},resource=jsp==org.eclipse.jetty.servlet.NoJspServlet@19c47{jsp=null,order=0,inst=false,async=false,src=DESCRIPTOR:jar:file:/Users/sameer.shaik/.m2/repository/org/eclipse/jetty/jetty-webapp/9.4.48.v20220622/jetty-webapp-9.4.48.v20220622.jar!/org/eclipse/jetty/webapp/webdefault.xml,STOPPED}] to PathMappings[size=1]
18:14:52.359 [Executing testAdminWithoutCredentialsView(org.conjur.jenkins.credentials.ConjurCredentialStoreTest)] DEBUG org.eclipse.jetty.servlet.ServletHandler -- Path=*.JSPX[DESCRIPTOR:jar:file:/Users/sameer.shaik/.m2/repository/org/eclipse/jetty/jetty-webapp/9.4.48.v20220622/jetty-webapp-9.4.48.v20220622.jar!/org/eclipse/jetty/webapp/webdefault.xml] mapped to servlet=jsp[DESCRIPTOR:jar:file:/Users/sameer.shaik/.m2/repository/org/eclipse/jetty/jetty-webapp/9.4.48.v20220622/jetty-webapp-9.4.48.v20220622.jar!/org/eclipse/jetty/webapp/webdefault.xml]
18:14:52.359 [Executing testAdminWithoutCredentialsView(org.conjur.jenkins.credentials.ConjurCredentialStoreTest)] DEBUG org.eclipse.jetty.http.pathmap.ServletPathSpec -- Creating ServletPathSpec[*.JSPX] (group: SUFFIX_GLOB, prefix: "null", suffix: "JSPX")
18:14:52.359 [Executing testAdminWithoutCredentialsView(org.conjur.jenkins.credentials.ConjurCredentialStoreTest)] DEBUG org.eclipse.jetty.http.pathmap.PathMappings -- Added MappedResource[pathSpec=ServletPathSpec@94d5d7b7{*.JSPX},resource=jsp==org.eclipse.jetty.servlet.NoJspServlet@19c47{jsp=null,order=0,inst=false,async=false,src=DESCRIPTOR:jar:file:/Users/sameer.shaik/.m2/repository/org/eclipse/jetty/jetty-webapp/9.4.48.v20220622/jetty-webapp-9.4.48.v20220622.jar!/org/eclipse/jetty/webapp/webdefault.xml,STOPPED}] to PathMappings[size=2]
18:14:52.359 [Executing testAdminWithoutCredentialsView(org.conjur.jenkins.credentials.ConjurCredentialStoreTest)] DEBUG org.eclipse.jetty.servlet.ServletHandler -- Path=*.JSPF[DESCRIPTOR:jar:file:/Users/sameer.shaik/.m2/repository/org/eclipse/jetty/jetty-webapp/9.4.48.v20220622/jetty-webapp-9.4.48.v20220622.jar!/org/eclipse/jetty/webapp/webdefault.xml] mapped to servlet=jsp[DESCRIPTOR:jar:file:/Users/sameer.shaik/.m2/repository/org/eclipse/jetty/jetty-webapp/9.4.48.v20220622/jetty-webapp-9.4.48.v20220622.jar!/org/eclipse/jetty/webapp/webdefault.xml]
18:14:52.359 [Executing testAdminWithoutCredentialsView(org.conjur.jenkins.credentials.ConjurCredentialStoreTest)] DEBUG org.eclipse.jetty.http.pathmap.ServletPathSpec -- Creating ServletPathSpec[*.JSPF] (group: SUFFIX_GLOB, prefix: "null", suffix: "JSPF")
18:14:52.359 [Executing testAdminWithoutCredentialsView(org.conjur.jenkins.credentials.ConjurCredentialStoreTest)] DEBUG org.eclipse.jetty.http.pathmap.PathMappings -- Added MappedResource[pathSpec=ServletPathSpec@94d5d589{*.JSPF},resource=jsp==org.eclipse.jetty.servlet.NoJspServlet@19c47{jsp=null,order=0,inst=false,async=false,src=DESCRIPTOR:jar:file:/Users/sameer.shaik/.m2/repository/org/eclipse/jetty/jetty-webapp/9.4.48.v20220622/jetty-webapp-9.4.48.v20220622.jar!/org/eclipse/jetty/webapp/webdefault.xml,STOPPED}] to PathMappings[size=3]
18:14:52.359 [Executing testAdminWithoutCredentialsView(org.conjur.jenkins.credentials.ConjurCredentialStoreTest)] DEBUG org.eclipse.jetty.servlet.ServletHandler -- Path=*.jsp[DESCRIPTOR:jar:file:/Users/sameer.shaik/.m2/repository/org/eclipse/jetty/jetty-webapp/9.4.48.v20220622/jetty-webapp-9.4.48.v20220622.jar!/org/eclipse/jetty/webapp/webdefault.xml] mapped to servlet=jsp[DESCRIPTOR:jar:file:/Users/sameer.shaik/.m2/repository/org/eclipse/jetty/jetty-webapp/9.4.48.v20220622/jetty-webapp-9.4.48.v20220622.jar!/org/eclipse/jetty/webapp/webdefault.xml]
18:14:52.359 [Executing testAdminWithoutCredentialsView(org.conjur.jenkins.credentials.ConjurCredentialStoreTest)] DEBUG org.eclipse.jetty.http.pathmap.ServletPathSpec -- Creating ServletPathSpec[*.jsp] (group: SUFFIX_GLOB, prefix: "null", suffix: "jsp")
18:14:52.359 [Executing testAdminWithoutCredentialsView(org.conjur.jenkins.credentials.ConjurCredentialStoreTest)] DEBUG org.eclipse.jetty.http.pathmap.PathMappings -- Added MappedResource[pathSpec=ServletPathSpec@debd2188{*.jsp},resource=jsp==org.eclipse.jetty.servlet.NoJspServlet@19c47{jsp=null,order=0,inst=false,async=false,src=DESCRIPTOR:jar:file:/Users/sameer.shaik/.m2/repository/org/eclipse/jetty/jetty-webapp/9.4.48.v20220622/jetty-webapp-9.4.48.v20220622.jar!/org/eclipse/jetty/webapp/webdefault.xml,STOPPED}] to PathMappings[size=4]
18:14:52.359 [Executing testAdminWithoutCredentialsView(org.conjur.jenkins.credentials.ConjurCredentialStoreTest)] DEBUG org.eclipse.jetty.servlet.ServletHandler -- Path=*.JSP[DESCRIPTOR:jar:file:/Users/sameer.shaik/.m2/repository/org/eclipse/jetty/jetty-webapp/9.4.48.v20220622/jetty-webapp-9.4.48.v20220622.jar!/org/eclipse/jetty/webapp/webdefault.xml] mapped to servlet=jsp[DESCRIPTOR:jar:file:/Users/sameer.shaik/.m2/repository/org/eclipse/jetty/jetty-webapp/9.4.48.v20220622/jetty-webapp-9.4.48.v20220622.jar!/org/eclipse/jetty/webapp/webdefault.xml]
18:14:52.359 [Executing testAdminWithoutCredentialsView(org.conjur.jenkins.credentials.ConjurCredentialStoreTest)] DEBUG org.eclipse.jetty.http.pathmap.ServletPathSpec -- Creating ServletPathSpec[*.JSP] (group: SUFFIX_GLOB, prefix: "null", suffix: "JSP")
18:14:52.359 [Executing testAdminWithoutCredentialsView(org.conjur.jenkins.credentials.ConjurCredentialStoreTest)] DEBUG org.eclipse.jetty.http.pathmap.PathMappings -- Added MappedResource[pathSpec=ServletPathSpec@deae19a8{*.JSP},resource=jsp==org.eclipse.jetty.servlet.NoJspServlet@19c47{jsp=null,order=0,inst=false,async=false,src=DESCRIPTOR:jar:file:/Users/sameer.shaik/.m2/repository/org/eclipse/jetty/jetty-webapp/9.4.48.v20220622/jetty-webapp-9.4.48.v20220622.jar!/org/eclipse/jetty/webapp/webdefault.xml,STOPPED}] to PathMappings[size=5]
18:14:52.359 [Executing testAdminWithoutCredentialsView(org.conjur.jenkins.credentials.ConjurCredentialStoreTest)] DEBUG org.eclipse.jetty.servlet.ServletHandler -- Path=*.jspf[DESCRIPTOR:jar:file:/Users/sameer.shaik/.m2/repository/org/eclipse/jetty/jetty-webapp/9.4.48.v20220622/jetty-webapp-9.4.48.v20220622.jar!/org/eclipse/jetty/webapp/webdefault.xml] mapped to servlet=jsp[DESCRIPTOR:jar:file:/Users/sameer.shaik/.m2/repository/org/eclipse/jetty/jetty-webapp/9.4.48.v20220622/jetty-webapp-9.4.48.v20220622.jar!/org/eclipse/jetty/webapp/webdefault.xml]
18:14:52.359 [Executing testAdminWithoutCredentialsView(org.conjur.jenkins.credentials.ConjurCredentialStoreTest)] DEBUG org.eclipse.jetty.http.pathmap.ServletPathSpec -- Creating ServletPathSpec[*.jspf] (group: SUFFIX_GLOB, prefix: "null", suffix: "jspf")
18:14:52.359 [Executing testAdminWithoutCredentialsView(org.conjur.jenkins.credentials.ConjurCredentialStoreTest)] DEBUG org.eclipse.jetty.http.pathmap.PathMappings -- Added MappedResource[pathSpec=ServletPathSpec@96a7cd89{*.jspf},resource=jsp==org.eclipse.jetty.servlet.NoJspServlet@19c47{jsp=null,order=0,inst=false,async=false,src=DESCRIPTOR:jar:file:/Users/sameer.shaik/.m2/repository/org/eclipse/jetty/jetty-webapp/9.4.48.v20220622/jetty-webapp-9.4.48.v20220622.jar!/org/eclipse/jetty/webapp/webdefault.xml,STOPPED}] to PathMappings[size=6]
18:14:52.359 [Executing testAdminWithoutCredentialsView(org.conjur.jenkins.credentials.ConjurCredentialStoreTest)] DEBUG org.eclipse.jetty.servlet.ServletHandler -- Path=*.XSP[DESCRIPTOR:jar:file:/Users/sameer.shaik/.m2/repository/org/eclipse/jetty/jetty-webapp/9.4.48.v20220622/jetty-webapp-9.4.48.v20220622.jar!/org/eclipse/jetty/webapp/webdefault.xml] mapped to servlet=jsp[DESCRIPTOR:jar:file:/Users/sameer.shaik/.m2/repository/org/eclipse/jetty/jetty-webapp/9.4.48.v20220622/jetty-webapp-9.4.48.v20220622.jar!/org/eclipse/jetty/webapp/webdefault.xml]
18:14:52.359 [Executing testAdminWithoutCredentialsView(org.conjur.jenkins.credentials.ConjurCredentialStoreTest)] DEBUG org.eclipse.jetty.http.pathmap.ServletPathSpec -- Creating ServletPathSpec[*.XSP] (group: SUFFIX_GLOB, prefix: "null", suffix: "XSP")
18:14:52.359 [Executing testAdminWithoutCredentialsView(org.conjur.jenkins.credentials.ConjurCredentialStoreTest)] DEBUG org.eclipse.jetty.http.pathmap.PathMappings -- Added MappedResource[pathSpec=ServletPathSpec@deb476da{*.XSP},resource=jsp==org.eclipse.jetty.servlet.NoJspServlet@19c47{jsp=null,order=0,inst=false,async=false,src=DESCRIPTOR:jar:file:/Users/sameer.shaik/.m2/repository/org/eclipse/jetty/jetty-webapp/9.4.48.v20220622/jetty-webapp-9.4.48.v20220622.jar!/org/eclipse/jetty/webapp/webdefault.xml,STOPPED}] to PathMappings[size=7]
18:14:52.359 [Executing testAdminWithoutCredentialsView(org.conjur.jenkins.credentials.ConjurCredentialStoreTest)] DEBUG org.eclipse.jetty.servlet.ServletHandler -- Path=*.xsp[DESCRIPTOR:jar:file:/Users/sameer.shaik/.m2/repository/org/eclipse/jetty/jetty-webapp/9.4.48.v20220622/jetty-webapp-9.4.48.v20220622.jar!/org/eclipse/jetty/webapp/webdefault.xml] mapped to servlet=jsp[DESCRIPTOR:jar:file:/Users/sameer.shaik/.m2/repository/org/eclipse/jetty/jetty-webapp/9.4.48.v20220622/jetty-webapp-9.4.48.v20220622.jar!/org/eclipse/jetty/webapp/webdefault.xml]
18:14:52.359 [Executing testAdminWithoutCredentialsView(org.conjur.jenkins.credentials.ConjurCredentialStoreTest)] DEBUG org.eclipse.jetty.http.pathmap.ServletPathSpec -- Creating ServletPathSpec[*.xsp] (group: SUFFIX_GLOB, prefix: "null", suffix: "xsp")
18:14:52.359 [Executing testAdminWithoutCredentialsView(org.conjur.jenkins.credentials.ConjurCredentialStoreTest)] DEBUG org.eclipse.jetty.http.pathmap.PathMappings -- Added MappedResource[pathSpec=ServletPathSpec@dec37eba{*.xsp},resource=jsp==org.eclipse.jetty.servlet.NoJspServlet@19c47{jsp=null,order=0,inst=false,async=false,src=DESCRIPTOR:jar:file:/Users/sameer.shaik/.m2/repository/org/eclipse/jetty/jetty-webapp/9.4.48.v20220622/jetty-webapp-9.4.48.v20220622.jar!/org/eclipse/jetty/webapp/webdefault.xml,STOPPED}] to PathMappings[size=8]
18:14:52.359 [Executing testAdminWithoutCredentialsView(org.conjur.jenkins.credentials.ConjurCredentialStoreTest)] DEBUG org.eclipse.jetty.servlet.ServletHandler -- Path=/*[DESCRIPTOR:file:///Users/sameer.shaik/MyWorkSpace/17OctV2.2.3-New-BitBucketIssueFixed/conjur-credentials-plugin/target/jenkins-for-test/WEB-INF/web.xml] mapped to servlet=Stapler[DESCRIPTOR:file:///Users/sameer.shaik/MyWorkSpace/17OctV2.2.3-New-BitBucketIssueFixed/conjur-credentials-plugin/target/jenkins-for-test/WEB-INF/web.xml]
18:14:52.359 [Executing testAdminWithoutCredentialsView(org.conjur.jenkins.credentials.ConjurCredentialStoreTest)] DEBUG org.eclipse.jetty.http.pathmap.ServletPathSpec -- Creating ServletPathSpec[/*] (group: PREFIX_GLOB, prefix: "", suffix: "null")
18:14:52.359 [Executing testAdminWithoutCredentialsView(org.conjur.jenkins.credentials.ConjurCredentialStoreTest)] DEBUG org.eclipse.jetty.http.pathmap.PathMappings -- Added MappedResource[pathSpec=ServletPathSpec@9457a78e{/*},resource=Stapler==org.kohsuke.stapler.Stapler@f222d1a9{jsp=null,order=-1,inst=false,async=true,src=DESCRIPTOR:file:///Users/sameer.shaik/MyWorkSpace/17OctV2.2.3-New-BitBucketIssueFixed/conjur-credentials-plugin/target/jenkins-for-test/WEB-INF/web.xml,STOPPED}] to PathMappings[size=9]
18:14:52.359 [Executing testAdminWithoutCredentialsView(org.conjur.jenkins.credentials.ConjurCredentialStoreTest)] DEBUG org.eclipse.jetty.servlet.ServletHandler -- Path=/[DESCRIPTOR:jar:file:/Users/sameer.shaik/.m2/repository/org/eclipse/jetty/jetty-webapp/9.4.48.v20220622/jetty-webapp-9.4.48.v20220622.jar!/org/eclipse/jetty/webapp/webdefault.xml] mapped to servlet=default[DESCRIPTOR:jar:file:/Users/sameer.shaik/.m2/repository/org/eclipse/jetty/jetty-webapp/9.4.48.v20220622/jetty-webapp-9.4.48.v20220622.jar!/org/eclipse/jetty/webapp/webdefault.xml]
18:14:52.359 [Executing testAdminWithoutCredentialsView(org.conjur.jenkins.credentials.ConjurCredentialStoreTest)] DEBUG org.eclipse.jetty.http.pathmap.PathMappings -- Added MappedResource[pathSpec=ServletPathSpec@9457dcb7{/},resource=default==org.eclipse.jetty.servlet.DefaultServlet@5c13d641{jsp=null,order=0,inst=false,async=false,src=DESCRIPTOR:jar:file:/Users/sameer.shaik/.m2/repository/org/eclipse/jetty/jetty-webapp/9.4.48.v20220622/jetty-webapp-9.4.48.v20220622.jar!/org/eclipse/jetty/webapp/webdefault.xml,STOPPED}] to PathMappings[size=10]
18:14:52.359 [Executing testAdminWithoutCredentialsView(org.conjur.jenkins.credentials.ConjurCredentialStoreTest)] DEBUG org.eclipse.jetty.servlet.ServletHandler -- filterNameMap={csrf-filter=csrf-filter==hudson.security.csrf.CrumbFilter@5b7d4522{inst=false,async=true,src=DESCRIPTOR:file:///Users/sameer.shaik/MyWorkSpace/17OctV2.2.3-New-BitBucketIssueFixed/conjur-credentials-plugin/target/jenkins-for-test/WEB-INF/web.xml}, encoding-filter=encoding-filter==hudson.util.CharacterEncodingFilter@618d1f21{inst=false,async=true,src=DESCRIPTOR:file:///Users/sameer.shaik/MyWorkSpace/17OctV2.2.3-New-BitBucketIssueFixed/conjur-credentials-plugin/target/jenkins-for-test/WEB-INF/web.xml}, diagnostic-name-filter=diagnostic-name-filter==org.kohsuke.stapler.DiagnosticThreadNameFilter@5a658af9{inst=false,async=true,src=DESCRIPTOR:file:///Users/sameer.shaik/MyWorkSpace/17OctV2.2.3-New-BitBucketIssueFixed/conjur-credentials-plugin/target/jenkins-for-test/WEB-INF/web.xml}, compression-filter=compression-filter==org.kohsuke.stapler.compression.CompressionFilter@671a6504{inst=false,async=true,src=DESCRIPTOR:file:///Users/sameer.shaik/MyWorkSpace/17OctV2.2.3-New-BitBucketIssueFixed/conjur-credentials-plugin/target/jenkins-for-test/WEB-INF/web.xml}, plugins-filter=plugins-filter==hudson.util.PluginServletFilter@52802d7b{inst=false,async=true,src=DESCRIPTOR:file:///Users/sameer.shaik/MyWorkSpace/17OctV2.2.3-New-BitBucketIssueFixed/conjur-credentials-plugin/target/jenkins-for-test/WEB-INF/web.xml}, authentication-filter=authentication-filter==hudson.security.HudsonFilter@2d39303e{inst=false,async=true,src=DESCRIPTOR:file:///Users/sameer.shaik/MyWorkSpace/17OctV2.2.3-New-BitBucketIssueFixed/conjur-credentials-plugin/target/jenkins-for-test/WEB-INF/web.xml}, suspicious-request-filter=suspicious-request-filter==jenkins.security.SuspiciousRequestFilter@39ae78e9{inst=false,async=true,src=DESCRIPTOR:file:///Users/sameer.shaik/MyWorkSpace/17OctV2.2.3-New-BitBucketIssueFixed/conjur-credentials-plugin/target/jenkins-for-test/WEB-INF/web.xml}}
18:14:52.359 [Executing testAdminWithoutCredentialsView(org.conjur.jenkins.credentials.ConjurCredentialStoreTest)] DEBUG org.eclipse.jetty.servlet.ServletHandler -- pathFilters=[[/*]/[]/[REQUEST, ASYNC]=>plugins-filter, [/*]/[]/[REQUEST, ASYNC]=>csrf-filter, [/*]/[]/[REQUEST, ASYNC]=>authentication-filter, [/*]/[]/[REQUEST, ASYNC]=>compression-filter, [/*]/[]/[REQUEST, ASYNC]=>encoding-filter, [/*]/[]/[REQUEST, ASYNC]=>diagnostic-name-filter, [/*]/[]/[REQUEST, ASYNC]=>suspicious-request-filter]
18:14:52.359 [Executing testAdminWithoutCredentialsView(org.conjur.jenkins.credentials.ConjurCredentialStoreTest)] DEBUG org.eclipse.jetty.servlet.ServletHandler -- servletFilterMap={}
18:14:52.359 [Executing testAdminWithoutCredentialsView(org.conjur.jenkins.credentials.ConjurCredentialStoreTest)] DEBUG org.eclipse.jetty.servlet.ServletHandler -- servletPathMap=PathMappings[size=10]
18:14:52.360 [Executing testAdminWithoutCredentialsView(org.conjur.jenkins.credentials.ConjurCredentialStoreTest)] DEBUG org.eclipse.jetty.servlet.ServletHandler -- servletNameMap={default=default==org.eclipse.jetty.servlet.DefaultServlet@5c13d641{jsp=null,order=0,inst=false,async=false,src=DESCRIPTOR:jar:file:/Users/sameer.shaik/.m2/repository/org/eclipse/jetty/jetty-webapp/9.4.48.v20220622/jetty-webapp-9.4.48.v20220622.jar!/org/eclipse/jetty/webapp/webdefault.xml,STOPPED}, jsp=jsp==org.eclipse.jetty.servlet.NoJspServlet@19c47{jsp=null,order=0,inst=false,async=false,src=DESCRIPTOR:jar:file:/Users/sameer.shaik/.m2/repository/org/eclipse/jetty/jetty-webapp/9.4.48.v20220622/jetty-webapp-9.4.48.v20220622.jar!/org/eclipse/jetty/webapp/webdefault.xml,STOPPED}, Stapler=Stapler==org.kohsuke.stapler.Stapler@f222d1a9{jsp=null,order=-1,inst=false,async=true,src=DESCRIPTOR:file:///Users/sameer.shaik/MyWorkSpace/17OctV2.2.3-New-BitBucketIssueFixed/conjur-credentials-plugin/target/jenkins-for-test/WEB-INF/web.xml,STOPPED}}
18:14:52.360 [Executing testAdminWithoutCredentialsView(org.conjur.jenkins.credentials.ConjurCredentialStoreTest)] DEBUG org.eclipse.jetty.server.handler.AbstractHandler -- starting ServletHandler@69bfb7f{STARTING}
18:14:52.360 [Executing testAdminWithoutCredentialsView(org.conjur.jenkins.credentials.ConjurCredentialStoreTest)] DEBUG org.eclipse.jetty.util.component.AbstractLifeCycle -- STARTED @19463ms ServletHandler@69bfb7f{STARTED}
18:14:52.360 [Executing testAdminWithoutCredentialsView(org.conjur.jenkins.credentials.ConjurCredentialStoreTest)] DEBUG org.eclipse.jetty.util.component.AbstractLifeCycle -- starting HashLoginService@78cca023[default]
18:14:52.360 [Executing testAdminWithoutCredentialsView(org.conjur.jenkins.credentials.ConjurCredentialStoreTest)] DEBUG org.eclipse.jetty.util.component.AbstractLifeCycle -- starting UserStore@6bae3a71{STOPPED}
18:14:52.360 [Executing testAdminWithoutCredentialsView(org.conjur.jenkins.credentials.ConjurCredentialStoreTest)] DEBUG org.eclipse.jetty.util.component.AbstractLifeCycle -- STARTED @19463ms UserStore@6bae3a71{STARTED}
18:14:52.360 [Executing testAdminWithoutCredentialsView(org.conjur.jenkins.credentials.ConjurCredentialStoreTest)] DEBUG org.eclipse.jetty.util.component.AbstractLifeCycle -- STARTED @19463ms HashLoginService@78cca023[default]
18:14:52.360 [Executing testAdminWithoutCredentialsView(org.conjur.jenkins.credentials.ConjurCredentialStoreTest)] DEBUG org.eclipse.jetty.util.component.AbstractLifeCycle -- STARTED @19463ms ConstraintSecurityHandler@714c2d33{STARTED}
18:14:52.360 [Executing testAdminWithoutCredentialsView(org.conjur.jenkins.credentials.ConjurCredentialStoreTest)] DEBUG org.eclipse.jetty.util.component.AbstractLifeCycle -- starting org.eclipse.jetty.server.session.DefaultSessionCache@25a3454[evict=-1,removeUnloadable=false,saveOnCreate=false,saveOnInactiveEvict=false]
18:14:52.360 [Executing testAdminWithoutCredentialsView(org.conjur.jenkins.credentials.ConjurCredentialStoreTest)] DEBUG org.eclipse.jetty.util.component.AbstractLifeCycle -- starting org.eclipse.jetty.server.session.NullSessionDataStore@33bf2568[passivating=false,graceSec=3600]
18:14:52.360 [Executing testAdminWithoutCredentialsView(org.conjur.jenkins.credentials.ConjurCredentialStoreTest)] DEBUG org.eclipse.jetty.util.component.AbstractLifeCycle -- STARTED @19463ms org.eclipse.jetty.server.session.NullSessionDataStore@33bf2568[passivating=false,graceSec=3600]
18:14:52.360 [Executing testAdminWithoutCredentialsView(org.conjur.jenkins.credentials.ConjurCredentialStoreTest)] DEBUG org.eclipse.jetty.util.component.AbstractLifeCycle -- STARTED @19463ms org.eclipse.jetty.server.session.DefaultSessionCache@25a3454[evict=-1,removeUnloadable=false,saveOnCreate=false,saveOnInactiveEvict=false]
18:14:52.360 [Executing testAdminWithoutCredentialsView(org.conjur.jenkins.credentials.ConjurCredentialStoreTest)] DEBUG org.eclipse.jetty.util.component.AbstractLifeCycle -- STARTED @19464ms org.eclipse.jetty.server.session.SessionHandler987778487==dftMaxIdleSec=1800
18:14:52.360 [Executing testAdminWithoutCredentialsView(org.conjur.jenkins.credentials.ConjurCredentialStoreTest)] DEBUG org.eclipse.jetty.util.component.AbstractLifeCycle -- starting ErrorPageErrorHandler@3eae93ee{STOPPED}
18:14:52.360 [Executing testAdminWithoutCredentialsView(org.conjur.jenkins.credentials.ConjurCredentialStoreTest)] DEBUG org.eclipse.jetty.server.handler.AbstractHandler -- starting ErrorPageErrorHandler@3eae93ee{STARTING}
18:14:52.360 [Executing testAdminWithoutCredentialsView(org.conjur.jenkins.credentials.ConjurCredentialStoreTest)] DEBUG org.eclipse.jetty.util.component.AbstractLifeCycle -- STARTED @19464ms ErrorPageErrorHandler@3eae93ee{STARTED}
18:14:52.360 [Executing testAdminWithoutCredentialsView(org.conjur.jenkins.credentials.ConjurCredentialStoreTest)] DEBUG org.eclipse.jetty.util.component.AbstractLifeCycle -- starting NoListenerConfiguration@2e1b04bd{STOPPED}
18:14:52.360 [Executing testAdminWithoutCredentialsView(org.conjur.jenkins.credentials.ConjurCredentialStoreTest)] DEBUG org.eclipse.jetty.util.component.AbstractLifeCycle -- STARTED @19464ms NoListenerConfiguration@2e1b04bd{STARTED}
18:14:52.360 [Executing testAdminWithoutCredentialsView(org.conjur.jenkins.credentials.ConjurCredentialStoreTest)] DEBUG org.eclipse.jetty.server.handler.ContextHandler -- contextInitialized: javax.servlet.ServletContextEvent[source=ServletContext@o.e.j.w.WebAppContext@6565d048{Jenkins v2.346.3,/jenkins,file:///Users/sameer.shaik/MyWorkSpace/17OctV2.2.3-New-BitBucketIssueFixed/conjur-credentials-plugin/target/jenkins-for-test/,STARTING}{/Users/sameer.shaik/MyWorkSpace/17OctV2.2.3-New-BitBucketIssueFixed/conjur-credentials-plugin/target/jenkins-for-test}]->org.eclipse.jetty.servlet.listener.ELContextCleaner@4ce936f9
18:14:52.360 [Executing testAdminWithoutCredentialsView(org.conjur.jenkins.credentials.ConjurCredentialStoreTest)] DEBUG org.eclipse.jetty.server.handler.ContextHandler -- contextInitialized: javax.servlet.ServletContextEvent[source=ServletContext@o.e.j.w.WebAppContext@6565d048{Jenkins v2.346.3,/jenkins,file:///Users/sameer.shaik/MyWorkSpace/17OctV2.2.3-New-BitBucketIssueFixed/conjur-credentials-plugin/target/jenkins-for-test/,STARTING}{/Users/sameer.shaik/MyWorkSpace/17OctV2.2.3-New-BitBucketIssueFixed/conjur-credentials-plugin/target/jenkins-for-test}]->org.eclipse.jetty.servlet.listener.IntrospectorCleaner@33c118c7
18:14:52.360 [Executing testAdminWithoutCredentialsView(org.conjur.jenkins.credentials.ConjurCredentialStoreTest)] DEBUG org.eclipse.jetty.server.handler.ContextHandler -- contextInitialized: javax.servlet.ServletContextEvent[source=ServletContext@o.e.j.w.WebAppContext@6565d048{Jenkins v2.346.3,/jenkins,file:///Users/sameer.shaik/MyWorkSpace/17OctV2.2.3-New-BitBucketIssueFixed/conjur-credentials-plugin/target/jenkins-for-test/,STARTING}{/Users/sameer.shaik/MyWorkSpace/17OctV2.2.3-New-BitBucketIssueFixed/conjur-credentials-plugin/target/jenkins-for-test}]->jenkins.util.SystemProperties$Listener@6d20fa32
18:14:52.360 [Executing testAdminWithoutCredentialsView(org.conjur.jenkins.credentials.ConjurCredentialStoreTest)] DEBUG org.eclipse.jetty.util.component.AbstractLifeCycle -- starting suspicious-request-filter==jenkins.security.SuspiciousRequestFilter@39ae78e9{inst=false,async=true,src=DESCRIPTOR:file:///Users/sameer.shaik/MyWorkSpace/17OctV2.2.3-New-BitBucketIssueFixed/conjur-credentials-plugin/target/jenkins-for-test/WEB-INF/web.xml}
18:14:52.360 [Executing testAdminWithoutCredentialsView(org.conjur.jenkins.credentials.ConjurCredentialStoreTest)] DEBUG org.eclipse.jetty.servlet.BaseHolder -- Holding class jenkins.security.SuspiciousRequestFilter from jdk.internal.loader.ClassLoaders$AppClassLoader@5ffd2b27
18:14:52.360 [Executing testAdminWithoutCredentialsView(org.conjur.jenkins.credentials.ConjurCredentialStoreTest)] DEBUG org.eclipse.jetty.util.component.AbstractLifeCycle -- STARTED @19464ms suspicious-request-filter==jenkins.security.SuspiciousRequestFilter@39ae78e9{inst=false,async=true,src=DESCRIPTOR:file:///Users/sameer.shaik/MyWorkSpace/17OctV2.2.3-New-BitBucketIssueFixed/conjur-credentials-plugin/target/jenkins-for-test/WEB-INF/web.xml}
18:14:52.360 [Executing testAdminWithoutCredentialsView(org.conjur.jenkins.credentials.ConjurCredentialStoreTest)] DEBUG org.eclipse.jetty.servlet.FilterHolder -- Filter.init jenkins.security.SuspiciousRequestFilter@14650848
18:14:52.360 [Executing testAdminWithoutCredentialsView(org.conjur.jenkins.credentials.ConjurCredentialStoreTest)] DEBUG org.eclipse.jetty.util.component.AbstractLifeCycle -- starting diagnostic-name-filter==org.kohsuke.stapler.DiagnosticThreadNameFilter@5a658af9{inst=false,async=true,src=DESCRIPTOR:file:///Users/sameer.shaik/MyWorkSpace/17OctV2.2.3-New-BitBucketIssueFixed/conjur-credentials-plugin/target/jenkins-for-test/WEB-INF/web.xml}
18:14:52.360 [Executing testAdminWithoutCredentialsView(org.conjur.jenkins.credentials.ConjurCredentialStoreTest)] DEBUG org.eclipse.jetty.servlet.BaseHolder -- Holding class org.kohsuke.stapler.DiagnosticThreadNameFilter from jdk.internal.loader.ClassLoaders$AppClassLoader@5ffd2b27
18:14:52.360 [Executing testAdminWithoutCredentialsView(org.conjur.jenkins.credentials.ConjurCredentialStoreTest)] DEBUG org.eclipse.jetty.util.component.AbstractLifeCycle -- STARTED @19464ms diagnostic-name-filter==org.kohsuke.stapler.DiagnosticThreadNameFilter@5a658af9{inst=false,async=true,src=DESCRIPTOR:file:///Users/sameer.shaik/MyWorkSpace/17OctV2.2.3-New-BitBucketIssueFixed/conjur-credentials-plugin/target/jenkins-for-test/WEB-INF/web.xml}
18:14:52.360 [Executing testAdminWithoutCredentialsView(org.conjur.jenkins.credentials.ConjurCredentialStoreTest)] DEBUG org.eclipse.jetty.servlet.FilterHolder -- Filter.init org.kohsuke.stapler.DiagnosticThreadNameFilter@11bebac3
18:14:52.360 [Executing testAdminWithoutCredentialsView(org.conjur.jenkins.credentials.ConjurCredentialStoreTest)] DEBUG org.eclipse.jetty.util.component.AbstractLifeCycle -- starting encoding-filter==hudson.util.CharacterEncodingFilter@618d1f21{inst=false,async=true,src=DESCRIPTOR:file:///Users/sameer.shaik/MyWorkSpace/17OctV2.2.3-New-BitBucketIssueFixed/conjur-credentials-plugin/target/jenkins-for-test/WEB-INF/web.xml}
18:14:52.360 [Executing testAdminWithoutCredentialsView(org.conjur.jenkins.credentials.ConjurCredentialStoreTest)] DEBUG org.eclipse.jetty.servlet.BaseHolder -- Holding class hudson.util.CharacterEncodingFilter from jdk.internal.loader.ClassLoaders$AppClassLoader@5ffd2b27
18:14:52.360 [Executing testAdminWithoutCredentialsView(org.conjur.jenkins.credentials.ConjurCredentialStoreTest)] DEBUG org.eclipse.jetty.util.component.AbstractLifeCycle -- STARTED @19464ms encoding-filter==hudson.util.CharacterEncodingFilter@618d1f21{inst=false,async=true,src=DESCRIPTOR:file:///Users/sameer.shaik/MyWorkSpace/17OctV2.2.3-New-BitBucketIssueFixed/conjur-credentials-plugin/target/jenkins-for-test/WEB-INF/web.xml}
18:14:52.360 [Executing testAdminWithoutCredentialsView(org.conjur.jenkins.credentials.ConjurCredentialStoreTest)] DEBUG org.eclipse.jetty.servlet.FilterHolder -- Filter.init hudson.util.CharacterEncodingFilter@2a029f13
18:14:52.360 [Executing testAdminWithoutCredentialsView(org.conjur.jenkins.credentials.ConjurCredentialStoreTest)] DEBUG org.eclipse.jetty.util.component.AbstractLifeCycle -- starting compression-filter==org.kohsuke.stapler.compression.CompressionFilter@671a6504{inst=false,async=true,src=DESCRIPTOR:file:///Users/sameer.shaik/MyWorkSpace/17OctV2.2.3-New-BitBucketIssueFixed/conjur-credentials-plugin/target/jenkins-for-test/WEB-INF/web.xml}
18:14:52.360 [Executing testAdminWithoutCredentialsView(org.conjur.jenkins.credentials.ConjurCredentialStoreTest)] DEBUG org.eclipse.jetty.servlet.BaseHolder -- Holding class org.kohsuke.stapler.compression.CompressionFilter from jdk.internal.loader.ClassLoaders$AppClassLoader@5ffd2b27
18:14:52.360 [Executing testAdminWithoutCredentialsView(org.conjur.jenkins.credentials.ConjurCredentialStoreTest)] DEBUG org.eclipse.jetty.util.component.AbstractLifeCycle -- STARTED @19464ms compression-filter==org.kohsuke.stapler.compression.CompressionFilter@671a6504{inst=false,async=true,src=DESCRIPTOR:file:///Users/sameer.shaik/MyWorkSpace/17OctV2.2.3-New-BitBucketIssueFixed/conjur-credentials-plugin/target/jenkins-for-test/WEB-INF/web.xml}
18:14:52.360 [Executing testAdminWithoutCredentialsView(org.conjur.jenkins.credentials.ConjurCredentialStoreTest)] DEBUG org.eclipse.jetty.servlet.FilterHolder -- Filter.init org.kohsuke.stapler.compression.CompressionFilter@4099110b
18:14:52.360 [Executing testAdminWithoutCredentialsView(org.conjur.jenkins.credentials.ConjurCredentialStoreTest)] DEBUG org.eclipse.jetty.util.component.AbstractLifeCycle -- starting authentication-filter==hudson.security.HudsonFilter@2d39303e{inst=false,async=true,src=DESCRIPTOR:file:///Users/sameer.shaik/MyWorkSpace/17OctV2.2.3-New-BitBucketIssueFixed/conjur-credentials-plugin/target/jenkins-for-test/WEB-INF/web.xml}
18:14:52.360 [Executing testAdminWithoutCredentialsView(org.conjur.jenkins.credentials.ConjurCredentialStoreTest)] DEBUG org.eclipse.jetty.servlet.BaseHolder -- Holding class hudson.security.HudsonFilter from jdk.internal.loader.ClassLoaders$AppClassLoader@5ffd2b27
18:14:52.360 [Executing testAdminWithoutCredentialsView(org.conjur.jenkins.credentials.ConjurCredentialStoreTest)] DEBUG org.eclipse.jetty.util.component.AbstractLifeCycle -- STARTED @19464ms authentication-filter==hudson.security.HudsonFilter@2d39303e{inst=false,async=true,src=DESCRIPTOR:file:///Users/sameer.shaik/MyWorkSpace/17OctV2.2.3-New-BitBucketIssueFixed/conjur-credentials-plugin/target/jenkins-for-test/WEB-INF/web.xml}
18:14:52.360 [Executing testAdminWithoutCredentialsView(org.conjur.jenkins.credentials.ConjurCredentialStoreTest)] DEBUG org.eclipse.jetty.servlet.FilterHolder -- Filter.init hudson.security.HudsonFilter@7c026618
18:14:52.360 [Executing testAdminWithoutCredentialsView(org.conjur.jenkins.credentials.ConjurCredentialStoreTest)] DEBUG org.eclipse.jetty.util.component.AbstractLifeCycle -- starting csrf-filter==hudson.security.csrf.CrumbFilter@5b7d4522{inst=false,async=true,src=DESCRIPTOR:file:///Users/sameer.shaik/MyWorkSpace/17OctV2.2.3-New-BitBucketIssueFixed/conjur-credentials-plugin/target/jenkins-for-test/WEB-INF/web.xml}
18:14:52.360 [Executing testAdminWithoutCredentialsView(org.conjur.jenkins.credentials.ConjurCredentialStoreTest)] DEBUG org.eclipse.jetty.servlet.BaseHolder -- Holding class hudson.security.csrf.CrumbFilter from jdk.internal.loader.ClassLoaders$AppClassLoader@5ffd2b27
18:14:52.360 [Executing testAdminWithoutCredentialsView(org.conjur.jenkins.credentials.ConjurCredentialStoreTest)] DEBUG org.eclipse.jetty.util.component.AbstractLifeCycle -- STARTED @19464ms csrf-filter==hudson.security.csrf.CrumbFilter@5b7d4522{inst=false,async=true,src=DESCRIPTOR:file:///Users/sameer.shaik/MyWorkSpace/17OctV2.2.3-New-BitBucketIssueFixed/conjur-credentials-plugin/target/jenkins-for-test/WEB-INF/web.xml}
18:14:52.360 [Executing testAdminWithoutCredentialsView(org.conjur.jenkins.credentials.ConjurCredentialStoreTest)] DEBUG org.eclipse.jetty.servlet.FilterHolder -- Filter.init hudson.security.csrf.CrumbFilter@188ea3f9
18:14:52.360 [Executing testAdminWithoutCredentialsView(org.conjur.jenkins.credentials.ConjurCredentialStoreTest)] DEBUG org.eclipse.jetty.util.component.AbstractLifeCycle -- starting plugins-filter==hudson.util.PluginServletFilter@52802d7b{inst=false,async=true,src=DESCRIPTOR:file:///Users/sameer.shaik/MyWorkSpace/17OctV2.2.3-New-BitBucketIssueFixed/conjur-credentials-plugin/target/jenkins-for-test/WEB-INF/web.xml}
18:14:52.360 [Executing testAdminWithoutCredentialsView(org.conjur.jenkins.credentials.ConjurCredentialStoreTest)] DEBUG org.eclipse.jetty.servlet.BaseHolder -- Holding class hudson.util.PluginServletFilter from jdk.internal.loader.ClassLoaders$AppClassLoader@5ffd2b27
18:14:52.360 [Executing testAdminWithoutCredentialsView(org.conjur.jenkins.credentials.ConjurCredentialStoreTest)] DEBUG org.eclipse.jetty.util.component.AbstractLifeCycle -- STARTED @19464ms plugins-filter==hudson.util.PluginServletFilter@52802d7b{inst=false,async=true,src=DESCRIPTOR:file:///Users/sameer.shaik/MyWorkSpace/17OctV2.2.3-New-BitBucketIssueFixed/conjur-credentials-plugin/target/jenkins-for-test/WEB-INF/web.xml}
18:14:52.360 [Executing testAdminWithoutCredentialsView(org.conjur.jenkins.credentials.ConjurCredentialStoreTest)] DEBUG org.eclipse.jetty.servlet.FilterHolder -- Filter.init hudson.util.PluginServletFilter@26ca4dfc
18:14:52.360 [Executing testAdminWithoutCredentialsView(org.conjur.jenkins.credentials.ConjurCredentialStoreTest)] DEBUG org.eclipse.jetty.util.component.AbstractLifeCycle -- starting Stapler==org.kohsuke.stapler.Stapler@f222d1a9{jsp=null,order=-1,inst=false,async=true,src=DESCRIPTOR:file:///Users/sameer.shaik/MyWorkSpace/17OctV2.2.3-New-BitBucketIssueFixed/conjur-credentials-plugin/target/jenkins-for-test/WEB-INF/web.xml,STOPPED}
18:14:52.360 [Executing testAdminWithoutCredentialsView(org.conjur.jenkins.credentials.ConjurCredentialStoreTest)] DEBUG org.eclipse.jetty.servlet.BaseHolder -- Holding class org.kohsuke.stapler.Stapler from jdk.internal.loader.ClassLoaders$AppClassLoader@5ffd2b27
18:14:52.360 [Executing testAdminWithoutCredentialsView(org.conjur.jenkins.credentials.ConjurCredentialStoreTest)] DEBUG org.eclipse.jetty.util.component.AbstractLifeCycle -- STARTED @19464ms Stapler==org.kohsuke.stapler.Stapler@f222d1a9{jsp=null,order=-1,inst=false,async=true,src=DESCRIPTOR:file:///Users/sameer.shaik/MyWorkSpace/17OctV2.2.3-New-BitBucketIssueFixed/conjur-credentials-plugin/target/jenkins-for-test/WEB-INF/web.xml,STARTED}
18:14:52.360 [Executing testAdminWithoutCredentialsView(org.conjur.jenkins.credentials.ConjurCredentialStoreTest)] DEBUG org.eclipse.jetty.util.component.AbstractLifeCycle -- starting default==org.eclipse.jetty.servlet.DefaultServlet@5c13d641{jsp=null,order=0,inst=false,async=false,src=DESCRIPTOR:jar:file:/Users/sameer.shaik/.m2/repository/org/eclipse/jetty/jetty-webapp/9.4.48.v20220622/jetty-webapp-9.4.48.v20220622.jar!/org/eclipse/jetty/webapp/webdefault.xml,STOPPED}
18:14:52.361 [Executing testAdminWithoutCredentialsView(org.conjur.jenkins.credentials.ConjurCredentialStoreTest)] DEBUG org.eclipse.jetty.servlet.BaseHolder -- Holding class org.eclipse.jetty.servlet.DefaultServlet from jdk.internal.loader.ClassLoaders$AppClassLoader@5ffd2b27
18:14:52.361 [Executing testAdminWithoutCredentialsView(org.conjur.jenkins.credentials.ConjurCredentialStoreTest)] DEBUG org.eclipse.jetty.util.component.AbstractLifeCycle -- STARTED @19464ms default==org.eclipse.jetty.servlet.DefaultServlet@5c13d641{jsp=null,order=0,inst=false,async=false,src=DESCRIPTOR:jar:file:/Users/sameer.shaik/.m2/repository/org/eclipse/jetty/jetty-webapp/9.4.48.v20220622/jetty-webapp-9.4.48.v20220622.jar!/org/eclipse/jetty/webapp/webdefault.xml,STARTED}
18:14:52.361 [Executing testAdminWithoutCredentialsView(org.conjur.jenkins.credentials.ConjurCredentialStoreTest)] DEBUG org.eclipse.jetty.servlet.ServletHolder -- Servlet.init null for default
18:14:52.361 [Executing testAdminWithoutCredentialsView(org.conjur.jenkins.credentials.ConjurCredentialStoreTest)] DEBUG org.eclipse.jetty.servlet.DefaultServlet -- resource base = null
18:14:52.361 [Executing testAdminWithoutCredentialsView(org.conjur.jenkins.credentials.ConjurCredentialStoreTest)] DEBUG org.eclipse.jetty.util.component.AbstractLifeCycle -- starting jsp==org.eclipse.jetty.servlet.NoJspServlet@19c47{jsp=null,order=0,inst=false,async=false,src=DESCRIPTOR:jar:file:/Users/sameer.shaik/.m2/repository/org/eclipse/jetty/jetty-webapp/9.4.48.v20220622/jetty-webapp-9.4.48.v20220622.jar!/org/eclipse/jetty/webapp/webdefault.xml,STOPPED}
18:14:52.361 [Executing testAdminWithoutCredentialsView(org.conjur.jenkins.credentials.ConjurCredentialStoreTest)] DEBUG org.eclipse.jetty.servlet.BaseHolder -- Holding class org.eclipse.jetty.servlet.NoJspServlet from jdk.internal.loader.ClassLoaders$AppClassLoader@5ffd2b27
18:14:52.361 [Executing testAdminWithoutCredentialsView(org.conjur.jenkins.credentials.ConjurCredentialStoreTest)] DEBUG org.eclipse.jetty.util.component.AbstractLifeCycle -- STARTED @19465ms jsp==org.eclipse.jetty.servlet.NoJspServlet@19c47{jsp=null,order=0,inst=false,async=false,src=DESCRIPTOR:jar:file:/Users/sameer.shaik/.m2/repository/org/eclipse/jetty/jetty-webapp/9.4.48.v20220622/jetty-webapp-9.4.48.v20220622.jar!/org/eclipse/jetty/webapp/webdefault.xml,STARTED}
18:14:52.361 [Executing testAdminWithoutCredentialsView(org.conjur.jenkins.credentials.ConjurCredentialStoreTest)] DEBUG org.eclipse.jetty.servlet.ServletHolder -- Servlet.init null for jsp
18:14:52.361 [Executing testAdminWithoutCredentialsView(org.conjur.jenkins.credentials.ConjurCredentialStoreTest)] INFO org.eclipse.jetty.server.handler.ContextHandler -- Started o.e.j.w.WebAppContext@6565d048{Jenkins v2.346.3,/jenkins,file:///Users/sameer.shaik/MyWorkSpace/17OctV2.2.3-New-BitBucketIssueFixed/conjur-credentials-plugin/target/jenkins-for-test/,AVAILABLE}{/Users/sameer.shaik/MyWorkSpace/17OctV2.2.3-New-BitBucketIssueFixed/conjur-credentials-plugin/target/jenkins-for-test}
18:14:52.361 [Executing testAdminWithoutCredentialsView(org.conjur.jenkins.credentials.ConjurCredentialStoreTest)] DEBUG org.eclipse.jetty.webapp.WebAppContext -- postConfigure o.e.j.w.WebAppContext@6565d048{Jenkins v2.346.3,/jenkins,file:///Users/sameer.shaik/MyWorkSpace/17OctV2.2.3-New-BitBucketIssueFixed/conjur-credentials-plugin/target/jenkins-for-test/,AVAILABLE}{/Users/sameer.shaik/MyWorkSpace/17OctV2.2.3-New-BitBucketIssueFixed/conjur-credentials-plugin/target/jenkins-for-test} with org.eclipse.jetty.webapp.WebXmlConfiguration@7edf5c55
18:14:52.361 [Executing testAdminWithoutCredentialsView(org.conjur.jenkins.credentials.ConjurCredentialStoreTest)] DEBUG org.eclipse.jetty.util.component.AbstractLifeCycle -- STARTED @19465ms o.e.j.w.WebAppContext@6565d048{Jenkins v2.346.3,/jenkins,file:///Users/sameer.shaik/MyWorkSpace/17OctV2.2.3-New-BitBucketIssueFixed/conjur-credentials-plugin/target/jenkins-for-test/,AVAILABLE}{/Users/sameer.shaik/MyWorkSpace/17OctV2.2.3-New-BitBucketIssueFixed/conjur-credentials-plugin/target/jenkins-for-test}
18:14:52.361 [Executing testAdminWithoutCredentialsView(org.conjur.jenkins.credentials.ConjurCredentialStoreTest)] DEBUG org.eclipse.jetty.util.component.AbstractLifeCycle -- starting ErrorHandler@52b06c5e{STOPPED}
18:14:52.361 [Executing testAdminWithoutCredentialsView(org.conjur.jenkins.credentials.ConjurCredentialStoreTest)] DEBUG org.eclipse.jetty.server.handler.AbstractHandler -- starting ErrorHandler@52b06c5e{STARTING}
18:14:52.361 [Executing testAdminWithoutCredentialsView(org.conjur.jenkins.credentials.ConjurCredentialStoreTest)] DEBUG org.eclipse.jetty.util.component.AbstractLifeCycle -- STARTED @19465ms ErrorHandler@52b06c5e{STARTED}
18:14:52.361 [Executing testAdminWithoutCredentialsView(org.conjur.jenkins.credentials.ConjurCredentialStoreTest)] DEBUG org.eclipse.jetty.util.component.AbstractLifeCycle -- starting ServerConnector@65ca16f2{HTTP/1.1, (http/1.1)}{localhost:0}
18:14:52.362 [Executing testAdminWithoutCredentialsView(org.conjur.jenkins.credentials.ConjurCredentialStoreTest)] DEBUG org.eclipse.jetty.util.component.ContainerLifeCycle -- ServerConnector@65ca16f2{HTTP/1.1, (http/1.1)}{localhost:51470} added {sun.nio.ch.ServerSocketChannelImpl[/127.0.0.1:51470],POJO}
18:14:52.362 [Executing testAdminWithoutCredentialsView(org.conjur.jenkins.credentials.ConjurCredentialStoreTest)] DEBUG org.eclipse.jetty.util.component.AbstractLifeCycle -- starting ScheduledExecutorScheduler@57893f56{STOPPED}
18:14:52.362 [Executing testAdminWithoutCredentialsView(org.conjur.jenkins.credentials.ConjurCredentialStoreTest)] DEBUG org.eclipse.jetty.util.component.AbstractLifeCycle -- STARTED @19465ms ScheduledExecutorScheduler@57893f56{STARTED}
18:14:52.362 [Executing testAdminWithoutCredentialsView(org.conjur.jenkins.credentials.ConjurCredentialStoreTest)] DEBUG org.eclipse.jetty.util.component.AbstractLifeCycle -- starting HttpConnectionFactory@7bae4ded[HTTP/1.1]
18:14:52.362 [Executing testAdminWithoutCredentialsView(org.conjur.jenkins.credentials.ConjurCredentialStoreTest)] DEBUG org.eclipse.jetty.util.component.AbstractLifeCycle -- STARTED @19466ms HttpConnectionFactory@7bae4ded[HTTP/1.1]
18:14:52.362 [Executing testAdminWithoutCredentialsView(org.conjur.jenkins.credentials.ConjurCredentialStoreTest)] DEBUG org.eclipse.jetty.util.component.AbstractLifeCycle -- starting SelectorManager@ServerConnector@65ca16f2{HTTP/1.1, (http/1.1)}{localhost:51470}
18:14:52.362 [Executing testAdminWithoutCredentialsView(org.conjur.jenkins.credentials.ConjurCredentialStoreTest)] DEBUG org.eclipse.jetty.util.component.ContainerLifeCycle -- EatWhatYouKill@2cf272a0/SelectorProducer@58236f6f/IDLE/p=false/QueuedThreadPool[Jetty (JenkinsRule)]@1bf2b8c3{STARTED,8<=8<=200,i=8,r=-1,q=0}[ReservedThreadExecutor@67788d7c{reserved=0/16,pending=0}][pc=0,pic=0,pec=0,epc=0]@2024-10-22T18:14:52.362355+05:30 added {SelectorProducer@58236f6f,POJO}
18:14:52.362 [Executing testAdminWithoutCredentialsView(org.conjur.jenkins.credentials.ConjurCredentialStoreTest)] DEBUG org.eclipse.jetty.util.component.ContainerLifeCycle -- EatWhatYouKill@2cf272a0/SelectorProducer@58236f6f/IDLE/p=false/QueuedThreadPool[Jetty (JenkinsRule)]@1bf2b8c3{STARTED,8<=8<=200,i=8,r=-1,q=0}[ReservedThreadExecutor@67788d7c{reserved=0/16,pending=0}][pc=0,pic=0,pec=0,epc=0]@2024-10-22T18:14:52.362421+05:30 added {QueuedThreadPool[Jetty (JenkinsRule)]@1bf2b8c3{STARTED,8<=8<=200,i=8,r=-1,q=0}[ReservedThreadExecutor@67788d7c{reserved=0/16,pending=0}],UNMANAGED}
18:14:52.362 [Executing testAdminWithoutCredentialsView(org.conjur.jenkins.credentials.ConjurCredentialStoreTest)] DEBUG org.eclipse.jetty.util.thread.strategy.EatWhatYouKill -- EatWhatYouKill@2cf272a0/SelectorProducer@58236f6f/IDLE/p=false/QueuedThreadPool[Jetty (JenkinsRule)]@1bf2b8c3{STARTED,8<=8<=200,i=8,r=-1,q=0}[ReservedThreadExecutor@67788d7c{reserved=0/16,pending=0}][pc=0,pic=0,pec=0,epc=0]@2024-10-22T18:14:52.362481+05:30 created
18:14:52.362 [Executing testAdminWithoutCredentialsView(org.conjur.jenkins.credentials.ConjurCredentialStoreTest)] DEBUG org.eclipse.jetty.util.component.ContainerLifeCycle -- ManagedSelector@6ecd0525{STOPPED} id=0 keys=-1 selected=-1 updates=0 added {EatWhatYouKill@2cf272a0/SelectorProducer@58236f6f/IDLE/p=false/QueuedThreadPool[Jetty (JenkinsRule)]@1bf2b8c3{STARTED,8<=8<=200,i=8,r=-1,q=0}[ReservedThreadExecutor@67788d7c{reserved=0/16,pending=0}][pc=0,pic=0,pec=0,epc=0]@2024-10-22T18:14:52.362529+05:30,MANAGED}
18:14:52.362 [Executing testAdminWithoutCredentialsView(org.conjur.jenkins.credentials.ConjurCredentialStoreTest)] DEBUG org.eclipse.jetty.util.component.ContainerLifeCycle -- SelectorManager@ServerConnector@65ca16f2{HTTP/1.1, (http/1.1)}{localhost:51470} added {ManagedSelector@6ecd0525{STOPPED} id=0 keys=-1 selected=-1 updates=0,AUTO}
18:14:52.362 [Executing testAdminWithoutCredentialsView(org.conjur.jenkins.credentials.ConjurCredentialStoreTest)] DEBUG org.eclipse.jetty.util.component.ContainerLifeCycle -- EatWhatYouKill@5b761e67/SelectorProducer@642e00db/IDLE/p=false/QueuedThreadPool[Jetty (JenkinsRule)]@1bf2b8c3{STARTED,8<=8<=200,i=8,r=-1,q=0}[ReservedThreadExecutor@67788d7c{reserved=0/16,pending=0}][pc=0,pic=0,pec=0,epc=0]@2024-10-22T18:14:52.362613+05:30 added {SelectorProducer@642e00db,POJO}
18:14:52.362 [Executing testAdminWithoutCredentialsView(org.conjur.jenkins.credentials.ConjurCredentialStoreTest)] DEBUG org.eclipse.jetty.util.component.ContainerLifeCycle -- EatWhatYouKill@5b761e67/SelectorProducer@642e00db/IDLE/p=false/QueuedThreadPool[Jetty (JenkinsRule)]@1bf2b8c3{STARTED,8<=8<=200,i=8,r=-1,q=0}[ReservedThreadExecutor@67788d7c{reserved=0/16,pending=0}][pc=0,pic=0,pec=0,epc=0]@2024-10-22T18:14:52.362655+05:30 added {QueuedThreadPool[Jetty (JenkinsRule)]@1bf2b8c3{STARTED,8<=8<=200,i=8,r=-1,q=0}[ReservedThreadExecutor@67788d7c{reserved=0/16,pending=0}],UNMANAGED}
18:14:52.362 [Executing testAdminWithoutCredentialsView(org.conjur.jenkins.credentials.ConjurCredentialStoreTest)] DEBUG org.eclipse.jetty.util.thread.strategy.EatWhatYouKill -- EatWhatYouKill@5b761e67/SelectorProducer@642e00db/IDLE/p=false/QueuedThreadPool[Jetty (JenkinsRule)]@1bf2b8c3{STARTED,8<=8<=200,i=8,r=-1,q=0}[ReservedThreadExecutor@67788d7c{reserved=0/16,pending=0}][pc=0,pic=0,pec=0,epc=0]@2024-10-22T18:14:52.362712+05:30 created
18:14:52.362 [Executing testAdminWithoutCredentialsView(org.conjur.jenkins.credentials.ConjurCredentialStoreTest)] DEBUG org.eclipse.jetty.util.component.ContainerLifeCycle -- ManagedSelector@27b54326{STOPPED} id=1 keys=-1 selected=-1 updates=0 added {EatWhatYouKill@5b761e67/SelectorProducer@642e00db/IDLE/p=false/QueuedThreadPool[Jetty (JenkinsRule)]@1bf2b8c3{STARTED,8<=8<=200,i=8,r=-1,q=0}[ReservedThreadExecutor@67788d7c{reserved=0/16,pending=0}][pc=0,pic=0,pec=0,epc=0]@2024-10-22T18:14:52.362759+05:30,MANAGED}
18:14:52.362 [Executing testAdminWithoutCredentialsView(org.conjur.jenkins.credentials.ConjurCredentialStoreTest)] DEBUG org.eclipse.jetty.util.component.ContainerLifeCycle -- SelectorManager@ServerConnector@65ca16f2{HTTP/1.1, (http/1.1)}{localhost:51470} added {ManagedSelector@27b54326{STOPPED} id=1 keys=-1 selected=-1 updates=0,AUTO}
18:14:52.362 [Executing testAdminWithoutCredentialsView(org.conjur.jenkins.credentials.ConjurCredentialStoreTest)] DEBUG org.eclipse.jetty.util.component.ContainerLifeCycle -- EatWhatYouKill@21579ed8/SelectorProducer@4a3929b3/IDLE/p=false/QueuedThreadPool[Jetty (JenkinsRule)]@1bf2b8c3{STARTED,8<=8<=200,i=8,r=-1,q=0}[ReservedThreadExecutor@67788d7c{reserved=0/16,pending=0}][pc=0,pic=0,pec=0,epc=0]@2024-10-22T18:14:52.362832+05:30 added {SelectorProducer@4a3929b3,POJO}
18:14:52.362 [Executing testAdminWithoutCredentialsView(org.conjur.jenkins.credentials.ConjurCredentialStoreTest)] DEBUG org.eclipse.jetty.util.component.ContainerLifeCycle -- EatWhatYouKill@21579ed8/SelectorProducer@4a3929b3/IDLE/p=false/QueuedThreadPool[Jetty (JenkinsRule)]@1bf2b8c3{STARTED,8<=8<=200,i=8,r=-1,q=0}[ReservedThreadExecutor@67788d7c{reserved=0/16,pending=0}][pc=0,pic=0,pec=0,epc=0]@2024-10-22T18:14:52.362869+05:30 added {QueuedThreadPool[Jetty (JenkinsRule)]@1bf2b8c3{STARTED,8<=8<=200,i=8,r=-1,q=0}[ReservedThreadExecutor@67788d7c{reserved=0/16,pending=0}],UNMANAGED}
18:14:52.362 [Executing testAdminWithoutCredentialsView(org.conjur.jenkins.credentials.ConjurCredentialStoreTest)] DEBUG org.eclipse.jetty.util.thread.strategy.EatWhatYouKill -- EatWhatYouKill@21579ed8/SelectorProducer@4a3929b3/IDLE/p=false/QueuedThreadPool[Jetty (JenkinsRule)]@1bf2b8c3{STARTED,8<=8<=200,i=8,r=-1,q=0}[ReservedThreadExecutor@67788d7c{reserved=0/16,pending=0}][pc=0,pic=0,pec=0,epc=0]@2024-10-22T18:14:52.36292+05:30 created
18:14:52.362 [Executing testAdminWithoutCredentialsView(org.conjur.jenkins.credentials.ConjurCredentialStoreTest)] DEBUG org.eclipse.jetty.util.component.ContainerLifeCycle -- ManagedSelector@5e05d0f7{STOPPED} id=2 keys=-1 selected=-1 updates=0 added {EatWhatYouKill@21579ed8/SelectorProducer@4a3929b3/IDLE/p=false/QueuedThreadPool[Jetty (JenkinsRule)]@1bf2b8c3{STARTED,8<=8<=200,i=8,r=-1,q=0}[ReservedThreadExecutor@67788d7c{reserved=0/16,pending=0}][pc=0,pic=0,pec=0,epc=0]@2024-10-22T18:14:52.362963+05:30,MANAGED}
18:14:52.363 [Executing testAdminWithoutCredentialsView(org.conjur.jenkins.credentials.ConjurCredentialStoreTest)] DEBUG org.eclipse.jetty.util.component.ContainerLifeCycle -- SelectorManager@ServerConnector@65ca16f2{HTTP/1.1, (http/1.1)}{localhost:51470} added {ManagedSelector@5e05d0f7{STOPPED} id=2 keys=-1 selected=-1 updates=0,AUTO}
18:14:52.363 [Executing testAdminWithoutCredentialsView(org.conjur.jenkins.credentials.ConjurCredentialStoreTest)] DEBUG org.eclipse.jetty.util.component.ContainerLifeCycle -- EatWhatYouKill@53a40462/SelectorProducer@4e18f190/IDLE/p=false/QueuedThreadPool[Jetty (JenkinsRule)]@1bf2b8c3{STARTED,8<=8<=200,i=8,r=-1,q=0}[ReservedThreadExecutor@67788d7c{reserved=0/16,pending=0}][pc=0,pic=0,pec=0,epc=0]@2024-10-22T18:14:52.36304+05:30 added {SelectorProducer@4e18f190,POJO}
18:14:52.363 [Executing testAdminWithoutCredentialsView(org.conjur.jenkins.credentials.ConjurCredentialStoreTest)] DEBUG org.eclipse.jetty.util.component.ContainerLifeCycle -- EatWhatYouKill@53a40462/SelectorProducer@4e18f190/IDLE/p=false/QueuedThreadPool[Jetty (JenkinsRule)]@1bf2b8c3{STARTED,8<=8<=200,i=8,r=-1,q=0}[ReservedThreadExecutor@67788d7c{reserved=0/16,pending=0}][pc=0,pic=0,pec=0,epc=0]@2024-10-22T18:14:52.363079+05:30 added {QueuedThreadPool[Jetty (JenkinsRule)]@1bf2b8c3{STARTED,8<=8<=200,i=8,r=-1,q=0}[ReservedThreadExecutor@67788d7c{reserved=0/16,pending=0}],UNMANAGED}
18:14:52.363 [Executing testAdminWithoutCredentialsView(org.conjur.jenkins.credentials.ConjurCredentialStoreTest)] DEBUG org.eclipse.jetty.util.thread.strategy.EatWhatYouKill -- EatWhatYouKill@53a40462/SelectorProducer@4e18f190/IDLE/p=false/QueuedThreadPool[Jetty (JenkinsRule)]@1bf2b8c3{STARTED,8<=8<=200,i=8,r=-1,q=0}[ReservedThreadExecutor@67788d7c{reserved=0/16,pending=0}][pc=0,pic=0,pec=0,epc=0]@2024-10-22T18:14:52.363134+05:30 created
18:14:52.363 [Executing testAdminWithoutCredentialsView(org.conjur.jenkins.credentials.ConjurCredentialStoreTest)] DEBUG org.eclipse.jetty.util.component.ContainerLifeCycle -- ManagedSelector@4def3d51{STOPPED} id=3 keys=-1 selected=-1 updates=0 added {EatWhatYouKill@53a40462/SelectorProducer@4e18f190/IDLE/p=false/QueuedThreadPool[Jetty (JenkinsRule)]@1bf2b8c3{STARTED,8<=8<=200,i=8,r=-1,q=0}[ReservedThreadExecutor@67788d7c{reserved=0/16,pending=0}][pc=0,pic=0,pec=0,epc=0]@2024-10-22T18:14:52.36318+05:30,MANAGED}
18:14:52.363 [Executing testAdminWithoutCredentialsView(org.conjur.jenkins.credentials.ConjurCredentialStoreTest)] DEBUG org.eclipse.jetty.util.component.ContainerLifeCycle -- SelectorManager@ServerConnector@65ca16f2{HTTP/1.1, (http/1.1)}{localhost:51470} added {ManagedSelector@4def3d51{STOPPED} id=3 keys=-1 selected=-1 updates=0,AUTO}
18:14:52.363 [Executing testAdminWithoutCredentialsView(org.conjur.jenkins.credentials.ConjurCredentialStoreTest)] DEBUG org.eclipse.jetty.util.component.ContainerLifeCycle -- EatWhatYouKill@3d1dce73/SelectorProducer@4ee94aa6/IDLE/p=false/QueuedThreadPool[Jetty (JenkinsRule)]@1bf2b8c3{STARTED,8<=8<=200,i=8,r=-1,q=0}[ReservedThreadExecutor@67788d7c{reserved=0/16,pending=0}][pc=0,pic=0,pec=0,epc=0]@2024-10-22T18:14:52.36325+05:30 added {SelectorProducer@4ee94aa6,POJO}
18:14:52.363 [Executing testAdminWithoutCredentialsView(org.conjur.jenkins.credentials.ConjurCredentialStoreTest)] DEBUG org.eclipse.jetty.util.component.ContainerLifeCycle -- EatWhatYouKill@3d1dce73/SelectorProducer@4ee94aa6/IDLE/p=false/QueuedThreadPool[Jetty (JenkinsRule)]@1bf2b8c3{STARTED,8<=8<=200,i=8,r=-1,q=0}[ReservedThreadExecutor@67788d7c{reserved=0/16,pending=0}][pc=0,pic=0,pec=0,epc=0]@2024-10-22T18:14:52.36329+05:30 added {QueuedThreadPool[Jetty (JenkinsRule)]@1bf2b8c3{STARTED,8<=8<=200,i=8,r=-1,q=0}[ReservedThreadExecutor@67788d7c{reserved=0/16,pending=0}],UNMANAGED}
18:14:52.363 [Executing testAdminWithoutCredentialsView(org.conjur.jenkins.credentials.ConjurCredentialStoreTest)] DEBUG org.eclipse.jetty.util.thread.strategy.EatWhatYouKill -- EatWhatYouKill@3d1dce73/SelectorProducer@4ee94aa6/IDLE/p=false/QueuedThreadPool[Jetty (JenkinsRule)]@1bf2b8c3{STARTED,8<=8<=200,i=8,r=-1,q=0}[ReservedThreadExecutor@67788d7c{reserved=0/16,pending=0}][pc=0,pic=0,pec=0,epc=0]@2024-10-22T18:14:52.363343+05:30 created
18:14:52.363 [Executing testAdminWithoutCredentialsView(org.conjur.jenkins.credentials.ConjurCredentialStoreTest)] DEBUG org.eclipse.jetty.util.component.ContainerLifeCycle -- ManagedSelector@47f4b69a{STOPPED} id=4 keys=-1 selected=-1 updates=0 added {EatWhatYouKill@3d1dce73/SelectorProducer@4ee94aa6/IDLE/p=false/QueuedThreadPool[Jetty (JenkinsRule)]@1bf2b8c3{STARTED,8<=8<=200,i=8,r=-1,q=0}[ReservedThreadExecutor@67788d7c{reserved=0/16,pending=0}][pc=0,pic=0,pec=0,epc=0]@2024-10-22T18:14:52.363387+05:30,MANAGED}
18:14:52.363 [Executing testAdminWithoutCredentialsView(org.conjur.jenkins.credentials.ConjurCredentialStoreTest)] DEBUG org.eclipse.jetty.util.component.ContainerLifeCycle -- SelectorManager@ServerConnector@65ca16f2{HTTP/1.1, (http/1.1)}{localhost:51470} added {ManagedSelector@47f4b69a{STOPPED} id=4 keys=-1 selected=-1 updates=0,AUTO}
18:14:52.363 [Executing testAdminWithoutCredentialsView(org.conjur.jenkins.credentials.ConjurCredentialStoreTest)] DEBUG org.eclipse.jetty.util.component.ContainerLifeCycle -- EatWhatYouKill@73450e80/SelectorProducer@207828cd/IDLE/p=false/QueuedThreadPool[Jetty (JenkinsRule)]@1bf2b8c3{STARTED,8<=8<=200,i=8,r=-1,q=0}[ReservedThreadExecutor@67788d7c{reserved=0/16,pending=0}][pc=0,pic=0,pec=0,epc=0]@2024-10-22T18:14:52.363459+05:30 added {SelectorProducer@207828cd,POJO}
18:14:52.363 [Executing testAdminWithoutCredentialsView(org.conjur.jenkins.credentials.ConjurCredentialStoreTest)] DEBUG org.eclipse.jetty.util.component.ContainerLifeCycle -- EatWhatYouKill@73450e80/SelectorProducer@207828cd/IDLE/p=false/QueuedThreadPool[Jetty (JenkinsRule)]@1bf2b8c3{STARTED,8<=8<=200,i=8,r=-1,q=0}[ReservedThreadExecutor@67788d7c{reserved=0/16,pending=0}][pc=0,pic=0,pec=0,epc=0]@2024-10-22T18:14:52.363498+05:30 added {QueuedThreadPool[Jetty (JenkinsRule)]@1bf2b8c3{STARTED,8<=8<=200,i=8,r=-1,q=0}[ReservedThreadExecutor@67788d7c{reserved=0/16,pending=0}],UNMANAGED}
18:14:52.363 [Executing testAdminWithoutCredentialsView(org.conjur.jenkins.credentials.ConjurCredentialStoreTest)] DEBUG org.eclipse.jetty.util.thread.strategy.EatWhatYouKill -- EatWhatYouKill@73450e80/SelectorProducer@207828cd/IDLE/p=false/QueuedThreadPool[Jetty (JenkinsRule)]@1bf2b8c3{STARTED,8<=8<=200,i=8,r=-1,q=0}[ReservedThreadExecutor@67788d7c{reserved=0/16,pending=0}][pc=0,pic=0,pec=0,epc=0]@2024-10-22T18:14:52.36355+05:30 created
18:14:52.363 [Executing testAdminWithoutCredentialsView(org.conjur.jenkins.credentials.ConjurCredentialStoreTest)] DEBUG org.eclipse.jetty.util.component.ContainerLifeCycle -- ManagedSelector@2440fa1e{STOPPED} id=5 keys=-1 selected=-1 updates=0 added {EatWhatYouKill@73450e80/SelectorProducer@207828cd/IDLE/p=false/QueuedThreadPool[Jetty (JenkinsRule)]@1bf2b8c3{STARTED,8<=8<=200,i=8,r=-1,q=0}[ReservedThreadExecutor@67788d7c{reserved=0/16,pending=0}][pc=0,pic=0,pec=0,epc=0]@2024-10-22T18:14:52.363594+05:30,MANAGED}
18:14:52.363 [Executing testAdminWithoutCredentialsView(org.conjur.jenkins.credentials.ConjurCredentialStoreTest)] DEBUG org.eclipse.jetty.util.component.ContainerLifeCycle -- SelectorManager@ServerConnector@65ca16f2{HTTP/1.1, (http/1.1)}{localhost:51470} added {ManagedSelector@2440fa1e{STOPPED} id=5 keys=-1 selected=-1 updates=0,AUTO}
18:14:52.363 [Executing testAdminWithoutCredentialsView(org.conjur.jenkins.credentials.ConjurCredentialStoreTest)] DEBUG org.eclipse.jetty.util.component.ContainerLifeCycle -- EatWhatYouKill@46e2d86a/SelectorProducer@1d08ff38/IDLE/p=false/QueuedThreadPool[Jetty (JenkinsRule)]@1bf2b8c3{STARTED,8<=8<=200,i=8,r=-1,q=0}[ReservedThreadExecutor@67788d7c{reserved=0/16,pending=0}][pc=0,pic=0,pec=0,epc=0]@2024-10-22T18:14:52.363666+05:30 added {SelectorProducer@1d08ff38,POJO}
18:14:52.363 [Executing testAdminWithoutCredentialsView(org.conjur.jenkins.credentials.ConjurCredentialStoreTest)] DEBUG org.eclipse.jetty.util.component.ContainerLifeCycle -- EatWhatYouKill@46e2d86a/SelectorProducer@1d08ff38/IDLE/p=false/QueuedThreadPool[Jetty (JenkinsRule)]@1bf2b8c3{STARTED,8<=8<=200,i=8,r=-1,q=0}[ReservedThreadExecutor@67788d7c{reserved=0/16,pending=0}][pc=0,pic=0,pec=0,epc=0]@2024-10-22T18:14:52.363704+05:30 added {QueuedThreadPool[Jetty (JenkinsRule)]@1bf2b8c3{STARTED,8<=8<=200,i=8,r=-1,q=0}[ReservedThreadExecutor@67788d7c{reserved=0/16,pending=0}],UNMANAGED}
18:14:52.363 [Executing testAdminWithoutCredentialsView(org.conjur.jenkins.credentials.ConjurCredentialStoreTest)] DEBUG org.eclipse.jetty.util.thread.strategy.EatWhatYouKill -- EatWhatYouKill@46e2d86a/SelectorProducer@1d08ff38/IDLE/p=false/QueuedThreadPool[Jetty (JenkinsRule)]@1bf2b8c3{STARTED,8<=8<=200,i=8,r=-1,q=0}[ReservedThreadExecutor@67788d7c{reserved=0/16,pending=0}][pc=0,pic=0,pec=0,epc=0]@2024-10-22T18:14:52.363758+05:30 created
18:14:52.363 [Executing testAdminWithoutCredentialsView(org.conjur.jenkins.credentials.ConjurCredentialStoreTest)] DEBUG org.eclipse.jetty.util.component.ContainerLifeCycle -- ManagedSelector@7c578214{STOPPED} id=6 keys=-1 selected=-1 updates=0 added {EatWhatYouKill@46e2d86a/SelectorProducer@1d08ff38/IDLE/p=false/QueuedThreadPool[Jetty (JenkinsRule)]@1bf2b8c3{STARTED,8<=8<=200,i=8,r=-1,q=0}[ReservedThreadExecutor@67788d7c{reserved=0/16,pending=0}][pc=0,pic=0,pec=0,epc=0]@2024-10-22T18:14:52.363803+05:30,MANAGED}
18:14:52.363 [Executing testAdminWithoutCredentialsView(org.conjur.jenkins.credentials.ConjurCredentialStoreTest)] DEBUG org.eclipse.jetty.util.component.ContainerLifeCycle -- SelectorManager@ServerConnector@65ca16f2{HTTP/1.1, (http/1.1)}{localhost:51470} added {ManagedSelector@7c578214{STOPPED} id=6 keys=-1 selected=-1 updates=0,AUTO}
18:14:52.363 [Executing testAdminWithoutCredentialsView(org.conjur.jenkins.credentials.ConjurCredentialStoreTest)] DEBUG org.eclipse.jetty.util.component.ContainerLifeCycle -- EatWhatYouKill@5fe4178a/SelectorProducer@f15b594/IDLE/p=false/QueuedThreadPool[Jetty (JenkinsRule)]@1bf2b8c3{STARTED,8<=8<=200,i=8,r=-1,q=0}[ReservedThreadExecutor@67788d7c{reserved=0/16,pending=0}][pc=0,pic=0,pec=0,epc=0]@2024-10-22T18:14:52.363876+05:30 added {SelectorProducer@f15b594,POJO}
18:14:52.363 [Executing testAdminWithoutCredentialsView(org.conjur.jenkins.credentials.ConjurCredentialStoreTest)] DEBUG org.eclipse.jetty.util.component.ContainerLifeCycle -- EatWhatYouKill@5fe4178a/SelectorProducer@f15b594/IDLE/p=false/QueuedThreadPool[Jetty (JenkinsRule)]@1bf2b8c3{STARTED,8<=8<=200,i=8,r=-1,q=0}[ReservedThreadExecutor@67788d7c{reserved=0/16,pending=0}][pc=0,pic=0,pec=0,epc=0]@2024-10-22T18:14:52.363915+05:30 added {QueuedThreadPool[Jetty (JenkinsRule)]@1bf2b8c3{STARTED,8<=8<=200,i=8,r=-1,q=0}[ReservedThreadExecutor@67788d7c{reserved=0/16,pending=0}],UNMANAGED}
18:14:52.363 [Executing testAdminWithoutCredentialsView(org.conjur.jenkins.credentials.ConjurCredentialStoreTest)] DEBUG org.eclipse.jetty.util.thread.strategy.EatWhatYouKill -- EatWhatYouKill@5fe4178a/SelectorProducer@f15b594/IDLE/p=false/QueuedThreadPool[Jetty (JenkinsRule)]@1bf2b8c3{STARTED,8<=8<=200,i=8,r=-1,q=0}[ReservedThreadExecutor@67788d7c{reserved=0/16,pending=0}][pc=0,pic=0,pec=0,epc=0]@2024-10-22T18:14:52.36397+05:30 created
18:14:52.364 [Executing testAdminWithoutCredentialsView(org.conjur.jenkins.credentials.ConjurCredentialStoreTest)] DEBUG org.eclipse.jetty.util.component.ContainerLifeCycle -- ManagedSelector@55be6a71{STOPPED} id=7 keys=-1 selected=-1 updates=0 added {EatWhatYouKill@5fe4178a/SelectorProducer@f15b594/IDLE/p=false/QueuedThreadPool[Jetty (JenkinsRule)]@1bf2b8c3{STARTED,8<=8<=200,i=8,r=-1,q=0}[ReservedThreadExecutor@67788d7c{reserved=0/16,pending=0}][pc=0,pic=0,pec=0,epc=0]@2024-10-22T18:14:52.364016+05:30,MANAGED}
18:14:52.364 [Executing testAdminWithoutCredentialsView(org.conjur.jenkins.credentials.ConjurCredentialStoreTest)] DEBUG org.eclipse.jetty.util.component.ContainerLifeCycle -- SelectorManager@ServerConnector@65ca16f2{HTTP/1.1, (http/1.1)}{localhost:51470} added {ManagedSelector@55be6a71{STOPPED} id=7 keys=-1 selected=-1 updates=0,AUTO}
18:14:52.364 [Executing testAdminWithoutCredentialsView(org.conjur.jenkins.credentials.ConjurCredentialStoreTest)] DEBUG org.eclipse.jetty.util.component.AbstractLifeCycle -- starting ManagedSelector@6ecd0525{STOPPED} id=0 keys=-1 selected=-1 updates=0
18:14:52.364 [Executing testAdminWithoutCredentialsView(org.conjur.jenkins.credentials.ConjurCredentialStoreTest)] DEBUG org.eclipse.jetty.util.component.AbstractLifeCycle -- starting EatWhatYouKill@2cf272a0/SelectorProducer@58236f6f/IDLE/p=false/QueuedThreadPool[Jetty (JenkinsRule)]@1bf2b8c3{STARTED,8<=8<=200,i=8,r=-1,q=0}[ReservedThreadExecutor@67788d7c{reserved=0/16,pending=0}][pc=0,pic=0,pec=0,epc=0]@2024-10-22T18:14:52.364107+05:30
18:14:52.364 [Executing testAdminWithoutCredentialsView(org.conjur.jenkins.credentials.ConjurCredentialStoreTest)] DEBUG org.eclipse.jetty.util.component.AbstractLifeCycle -- STARTED @19467ms EatWhatYouKill@2cf272a0/SelectorProducer@58236f6f/IDLE/p=false/QueuedThreadPool[Jetty (JenkinsRule)]@1bf2b8c3{STARTED,8<=8<=200,i=8,r=-1,q=0}[ReservedThreadExecutor@67788d7c{reserved=0/16,pending=0}][pc=0,pic=0,pec=0,epc=0]@2024-10-22T18:14:52.364149+05:30
18:14:52.364 [Executing testAdminWithoutCredentialsView(org.conjur.jenkins.credentials.ConjurCredentialStoreTest)] DEBUG org.eclipse.jetty.util.thread.QueuedThreadPool -- queue org.eclipse.jetty.io.ManagedSelector$$Lambda$424/0x00000001403801f8@153915f0 startThread=0
18:14:52.364 [Executing testAdminWithoutCredentialsView(org.conjur.jenkins.credentials.ConjurCredentialStoreTest)] DEBUG org.eclipse.jetty.io.ManagedSelector -- Queued change lazy=false org.eclipse.jetty.io.ManagedSelector$Start@6a1e089a on ManagedSelector@6ecd0525{STARTING} id=0 keys=0 selected=0 updates=0
18:14:52.364 [Jetty (JenkinsRule)-485] DEBUG org.eclipse.jetty.util.thread.QueuedThreadPool -- run org.eclipse.jetty.io.ManagedSelector$$Lambda$424/0x00000001403801f8@153915f0 in QueuedThreadPool[Jetty (JenkinsRule)]@1bf2b8c3{STARTED,8<=8<=200,i=7,r=-1,q=0}[ReservedThreadExecutor@67788d7c{reserved=0/16,pending=0}]
18:14:52.364 [Jetty (JenkinsRule)-485] DEBUG org.eclipse.jetty.util.thread.strategy.EatWhatYouKill -- EatWhatYouKill@2cf272a0/SelectorProducer@58236f6f/IDLE/p=false/QueuedThreadPool[Jetty (JenkinsRule)]@1bf2b8c3{STARTED,8<=8<=200,i=7,r=-1,q=0}[ReservedThreadExecutor@67788d7c{reserved=0/16,pending=0}][pc=0,pic=0,pec=0,epc=0]@2024-10-22T18:14:52.364328+05:30 tryProduce false
18:14:52.364 [Jetty (JenkinsRule)-485] DEBUG org.eclipse.jetty.io.ManagedSelector -- updateable 1
18:14:52.364 [Jetty (JenkinsRule)-485] DEBUG org.eclipse.jetty.io.ManagedSelector -- update org.eclipse.jetty.io.ManagedSelector$Start@6a1e089a
18:14:52.364 [Jetty (JenkinsRule)-485] DEBUG org.eclipse.jetty.io.ManagedSelector -- updates 0
18:14:52.364 [Jetty (JenkinsRule)-485] DEBUG org.eclipse.jetty.io.ManagedSelector -- Selector sun.nio.ch.KQueueSelectorImpl@1bc4c172 waiting with 0 keys
18:14:52.364 [Executing testAdminWithoutCredentialsView(org.conjur.jenkins.credentials.ConjurCredentialStoreTest)] DEBUG org.eclipse.jetty.util.component.AbstractLifeCycle -- STARTED @19468ms ManagedSelector@6ecd0525{STARTED} id=0 keys=0 selected=0 updates=0
18:14:52.364 [Executing testAdminWithoutCredentialsView(org.conjur.jenkins.credentials.ConjurCredentialStoreTest)] DEBUG org.eclipse.jetty.util.component.AbstractLifeCycle -- starting ManagedSelector@27b54326{STOPPED} id=1 keys=-1 selected=-1 updates=0
18:14:52.364 [Executing testAdminWithoutCredentialsView(org.conjur.jenkins.credentials.ConjurCredentialStoreTest)] DEBUG org.eclipse.jetty.util.component.AbstractLifeCycle -- starting EatWhatYouKill@5b761e67/SelectorProducer@642e00db/IDLE/p=false/QueuedThreadPool[Jetty (JenkinsRule)]@1bf2b8c3{STARTED,8<=8<=200,i=7,r=-1,q=0}[ReservedThreadExecutor@67788d7c{reserved=0/16,pending=0}][pc=0,pic=0,pec=0,epc=0]@2024-10-22T18:14:52.364467+05:30
18:14:52.364 [Executing testAdminWithoutCredentialsView(org.conjur.jenkins.credentials.ConjurCredentialStoreTest)] DEBUG org.eclipse.jetty.util.component.AbstractLifeCycle -- STARTED @19468ms EatWhatYouKill@5b761e67/SelectorProducer@642e00db/IDLE/p=false/QueuedThreadPool[Jetty (JenkinsRule)]@1bf2b8c3{STARTED,8<=8<=200,i=7,r=-1,q=0}[ReservedThreadExecutor@67788d7c{reserved=0/16,pending=0}][pc=0,pic=0,pec=0,epc=0]@2024-10-22T18:14:52.364511+05:30
18:14:52.364 [Executing testAdminWithoutCredentialsView(org.conjur.jenkins.credentials.ConjurCredentialStoreTest)] DEBUG org.eclipse.jetty.util.thread.QueuedThreadPool -- queue org.eclipse.jetty.io.ManagedSelector$$Lambda$424/0x00000001403801f8@4885a958 startThread=0
18:14:52.364 [Executing testAdminWithoutCredentialsView(org.conjur.jenkins.credentials.ConjurCredentialStoreTest)] DEBUG org.eclipse.jetty.io.ManagedSelector -- Queued change lazy=false org.eclipse.jetty.io.ManagedSelector$Start@6e4eafdb on ManagedSelector@27b54326{STARTING} id=1 keys=0 selected=0 updates=0
18:14:52.364 [Jetty (JenkinsRule)-486] DEBUG org.eclipse.jetty.util.thread.QueuedThreadPool -- run org.eclipse.jetty.io.ManagedSelector$$Lambda$424/0x00000001403801f8@4885a958 in QueuedThreadPool[Jetty (JenkinsRule)]@1bf2b8c3{STARTED,8<=8<=200,i=6,r=-1,q=0}[ReservedThreadExecutor@67788d7c{reserved=0/16,pending=0}]
18:14:52.364 [Jetty (JenkinsRule)-486] DEBUG org.eclipse.jetty.util.thread.strategy.EatWhatYouKill -- EatWhatYouKill@5b761e67/SelectorProducer@642e00db/IDLE/p=false/QueuedThreadPool[Jetty (JenkinsRule)]@1bf2b8c3{STARTED,8<=8<=200,i=6,r=-1,q=0}[ReservedThreadExecutor@67788d7c{reserved=0/16,pending=0}][pc=0,pic=0,pec=0,epc=0]@2024-10-22T18:14:52.364638+05:30 tryProduce false
18:14:52.364 [Jetty (JenkinsRule)-486] DEBUG org.eclipse.jetty.io.ManagedSelector -- updateable 1
18:14:52.364 [Jetty (JenkinsRule)-486] DEBUG org.eclipse.jetty.io.ManagedSelector -- update org.eclipse.jetty.io.ManagedSelector$Start@6e4eafdb
18:14:52.364 [Jetty (JenkinsRule)-486] DEBUG org.eclipse.jetty.io.ManagedSelector -- updates 0
18:14:52.364 [Jetty (JenkinsRule)-486] DEBUG org.eclipse.jetty.io.ManagedSelector -- Selector sun.nio.ch.KQueueSelectorImpl@43b32e0 waiting with 0 keys
18:14:52.364 [Executing testAdminWithoutCredentialsView(org.conjur.jenkins.credentials.ConjurCredentialStoreTest)] DEBUG org.eclipse.jetty.util.component.AbstractLifeCycle -- STARTED @19468ms ManagedSelector@27b54326{STARTED} id=1 keys=0 selected=0 updates=0
18:14:52.364 [Executing testAdminWithoutCredentialsView(org.conjur.jenkins.credentials.ConjurCredentialStoreTest)] DEBUG org.eclipse.jetty.util.component.AbstractLifeCycle -- starting ManagedSelector@5e05d0f7{STOPPED} id=2 keys=-1 selected=-1 updates=0
18:14:52.364 [Executing testAdminWithoutCredentialsView(org.conjur.jenkins.credentials.ConjurCredentialStoreTest)] DEBUG org.eclipse.jetty.util.component.AbstractLifeCycle -- starting EatWhatYouKill@21579ed8/SelectorProducer@4a3929b3/IDLE/p=false/QueuedThreadPool[Jetty (JenkinsRule)]@1bf2b8c3{STARTED,8<=8<=200,i=6,r=-1,q=0}[ReservedThreadExecutor@67788d7c{reserved=0/16,pending=0}][pc=0,pic=0,pec=0,epc=0]@2024-10-22T18:14:52.364757+05:30
18:14:52.364 [Executing testAdminWithoutCredentialsView(org.conjur.jenkins.credentials.ConjurCredentialStoreTest)] DEBUG org.eclipse.jetty.util.component.AbstractLifeCycle -- STARTED @19468ms EatWhatYouKill@21579ed8/SelectorProducer@4a3929b3/IDLE/p=false/QueuedThreadPool[Jetty (JenkinsRule)]@1bf2b8c3{STARTED,8<=8<=200,i=6,r=-1,q=0}[ReservedThreadExecutor@67788d7c{reserved=0/16,pending=0}][pc=0,pic=0,pec=0,epc=0]@2024-10-22T18:14:52.364798+05:30
18:14:52.364 [Executing testAdminWithoutCredentialsView(org.conjur.jenkins.credentials.ConjurCredentialStoreTest)] DEBUG org.eclipse.jetty.util.thread.QueuedThreadPool -- queue org.eclipse.jetty.io.ManagedSelector$$Lambda$424/0x00000001403801f8@3305a177 startThread=0
18:14:52.364 [Executing testAdminWithoutCredentialsView(org.conjur.jenkins.credentials.ConjurCredentialStoreTest)] DEBUG org.eclipse.jetty.io.ManagedSelector -- Queued change lazy=false org.eclipse.jetty.io.ManagedSelector$Start@29c53555 on ManagedSelector@5e05d0f7{STARTING} id=2 keys=0 selected=0 updates=0
18:14:52.364 [Jetty (JenkinsRule)-487] DEBUG org.eclipse.jetty.util.thread.QueuedThreadPool -- run org.eclipse.jetty.io.ManagedSelector$$Lambda$424/0x00000001403801f8@3305a177 in QueuedThreadPool[Jetty (JenkinsRule)]@1bf2b8c3{STARTED,8<=8<=200,i=5,r=-1,q=0}[ReservedThreadExecutor@67788d7c{reserved=0/16,pending=0}]
18:14:52.364 [Jetty (JenkinsRule)-487] DEBUG org.eclipse.jetty.util.thread.strategy.EatWhatYouKill -- EatWhatYouKill@21579ed8/SelectorProducer@4a3929b3/IDLE/p=false/QueuedThreadPool[Jetty (JenkinsRule)]@1bf2b8c3{STARTED,8<=8<=200,i=5,r=-1,q=0}[ReservedThreadExecutor@67788d7c{reserved=0/16,pending=0}][pc=0,pic=0,pec=0,epc=0]@2024-10-22T18:14:52.364922+05:30 tryProduce false
18:14:52.364 [Jetty (JenkinsRule)-487] DEBUG org.eclipse.jetty.io.ManagedSelector -- updateable 1
18:14:52.364 [Jetty (JenkinsRule)-487] DEBUG org.eclipse.jetty.io.ManagedSelector -- update org.eclipse.jetty.io.ManagedSelector$Start@29c53555
18:14:52.364 [Jetty (JenkinsRule)-487] DEBUG org.eclipse.jetty.io.ManagedSelector -- updates 0
18:14:52.365 [Jetty (JenkinsRule)-487] DEBUG org.eclipse.jetty.io.ManagedSelector -- Selector sun.nio.ch.KQueueSelectorImpl@2a8b7270 waiting with 0 keys
18:14:52.365 [Executing testAdminWithoutCredentialsView(org.conjur.jenkins.credentials.ConjurCredentialStoreTest)] DEBUG org.eclipse.jetty.util.component.AbstractLifeCycle -- STARTED @19468ms ManagedSelector@5e05d0f7{STARTED} id=2 keys=0 selected=0 updates=0
18:14:52.365 [Executing testAdminWithoutCredentialsView(org.conjur.jenkins.credentials.ConjurCredentialStoreTest)] DEBUG org.eclipse.jetty.util.component.AbstractLifeCycle -- starting ManagedSelector@4def3d51{STOPPED} id=3 keys=-1 selected=-1 updates=0
18:14:52.365 [Executing testAdminWithoutCredentialsView(org.conjur.jenkins.credentials.ConjurCredentialStoreTest)] DEBUG org.eclipse.jetty.util.component.AbstractLifeCycle -- starting EatWhatYouKill@53a40462/SelectorProducer@4e18f190/IDLE/p=false/QueuedThreadPool[Jetty (JenkinsRule)]@1bf2b8c3{STARTED,8<=8<=200,i=5,r=-1,q=0}[ReservedThreadExecutor@67788d7c{reserved=0/16,pending=0}][pc=0,pic=0,pec=0,epc=0]@2024-10-22T18:14:52.365129+05:30
18:14:52.365 [Executing testAdminWithoutCredentialsView(org.conjur.jenkins.credentials.ConjurCredentialStoreTest)] DEBUG org.eclipse.jetty.util.component.AbstractLifeCycle -- STARTED @19468ms EatWhatYouKill@53a40462/SelectorProducer@4e18f190/IDLE/p=false/QueuedThreadPool[Jetty (JenkinsRule)]@1bf2b8c3{STARTED,8<=8<=200,i=5,r=-1,q=0}[ReservedThreadExecutor@67788d7c{reserved=0/16,pending=0}][pc=0,pic=0,pec=0,epc=0]@2024-10-22T18:14:52.365195+05:30
18:14:52.365 [Executing testAdminWithoutCredentialsView(org.conjur.jenkins.credentials.ConjurCredentialStoreTest)] DEBUG org.eclipse.jetty.util.thread.QueuedThreadPool -- queue org.eclipse.jetty.io.ManagedSelector$$Lambda$424/0x00000001403801f8@4c6f965c startThread=0
18:14:52.365 [Executing testAdminWithoutCredentialsView(org.conjur.jenkins.credentials.ConjurCredentialStoreTest)] DEBUG org.eclipse.jetty.io.ManagedSelector -- Queued change lazy=false org.eclipse.jetty.io.ManagedSelector$Start@5744d87d on ManagedSelector@4def3d51{STARTING} id=3 keys=0 selected=0 updates=0
18:14:52.365 [Jetty (JenkinsRule)-488] DEBUG org.eclipse.jetty.util.thread.QueuedThreadPool -- run org.eclipse.jetty.io.ManagedSelector$$Lambda$424/0x00000001403801f8@4c6f965c in QueuedThreadPool[Jetty (JenkinsRule)]@1bf2b8c3{STARTED,8<=8<=200,i=4,r=-1,q=0}[ReservedThreadExecutor@67788d7c{reserved=0/16,pending=0}]
18:14:52.365 [Jetty (JenkinsRule)-488] DEBUG org.eclipse.jetty.util.thread.strategy.EatWhatYouKill -- EatWhatYouKill@53a40462/SelectorProducer@4e18f190/IDLE/p=false/QueuedThreadPool[Jetty (JenkinsRule)]@1bf2b8c3{STARTED,8<=8<=200,i=4,r=-1,q=0}[ReservedThreadExecutor@67788d7c{reserved=0/16,pending=0}][pc=0,pic=0,pec=0,epc=0]@2024-10-22T18:14:52.365343+05:30 tryProduce false
18:14:52.365 [Jetty (JenkinsRule)-488] DEBUG org.eclipse.jetty.io.ManagedSelector -- updateable 1
18:14:52.365 [Jetty (JenkinsRule)-488] DEBUG org.eclipse.jetty.io.ManagedSelector -- update org.eclipse.jetty.io.ManagedSelector$Start@5744d87d
18:14:52.365 [Jetty (JenkinsRule)-488] DEBUG org.eclipse.jetty.io.ManagedSelector -- updates 0
18:14:52.365 [Jetty (JenkinsRule)-488] DEBUG org.eclipse.jetty.io.ManagedSelector -- Selector sun.nio.ch.KQueueSelectorImpl@7838791d waiting with 0 keys
18:14:52.365 [Executing testAdminWithoutCredentialsView(org.conjur.jenkins.credentials.ConjurCredentialStoreTest)] DEBUG org.eclipse.jetty.util.component.AbstractLifeCycle -- STARTED @19469ms ManagedSelector@4def3d51{STARTED} id=3 keys=0 selected=0 updates=0
18:14:52.365 [Executing testAdminWithoutCredentialsView(org.conjur.jenkins.credentials.ConjurCredentialStoreTest)] DEBUG org.eclipse.jetty.util.component.AbstractLifeCycle -- starting ManagedSelector@47f4b69a{STOPPED} id=4 keys=-1 selected=-1 updates=0
18:14:52.365 [Executing testAdminWithoutCredentialsView(org.conjur.jenkins.credentials.ConjurCredentialStoreTest)] DEBUG org.eclipse.jetty.util.component.AbstractLifeCycle -- starting EatWhatYouKill@3d1dce73/SelectorProducer@4ee94aa6/IDLE/p=false/QueuedThreadPool[Jetty (JenkinsRule)]@1bf2b8c3{STARTED,8<=8<=200,i=4,r=-1,q=0}[ReservedThreadExecutor@67788d7c{reserved=0/16,pending=0}][pc=0,pic=0,pec=0,epc=0]@2024-10-22T18:14:52.365491+05:30
18:14:52.365 [Executing testAdminWithoutCredentialsView(org.conjur.jenkins.credentials.ConjurCredentialStoreTest)] DEBUG org.eclipse.jetty.util.component.AbstractLifeCycle -- STARTED @19469ms EatWhatYouKill@3d1dce73/SelectorProducer@4ee94aa6/IDLE/p=false/QueuedThreadPool[Jetty (JenkinsRule)]@1bf2b8c3{STARTED,8<=8<=200,i=4,r=-1,q=0}[ReservedThreadExecutor@67788d7c{reserved=0/16,pending=0}][pc=0,pic=0,pec=0,epc=0]@2024-10-22T18:14:52.365532+05:30
18:14:52.365 [Executing testAdminWithoutCredentialsView(org.conjur.jenkins.credentials.ConjurCredentialStoreTest)] DEBUG org.eclipse.jetty.util.thread.QueuedThreadPool -- queue org.eclipse.jetty.io.ManagedSelector$$Lambda$424/0x00000001403801f8@49d4c5fb startThread=0
18:14:52.365 [Executing testAdminWithoutCredentialsView(org.conjur.jenkins.credentials.ConjurCredentialStoreTest)] DEBUG org.eclipse.jetty.io.ManagedSelector -- Queued change lazy=false org.eclipse.jetty.io.ManagedSelector$Start@49bb2e09 on ManagedSelector@47f4b69a{STARTING} id=4 keys=0 selected=0 updates=0
18:14:52.365 [Jetty (JenkinsRule)-489] DEBUG org.eclipse.jetty.util.thread.QueuedThreadPool -- run org.eclipse.jetty.io.ManagedSelector$$Lambda$424/0x00000001403801f8@49d4c5fb in QueuedThreadPool[Jetty (JenkinsRule)]@1bf2b8c3{STARTED,8<=8<=200,i=3,r=-1,q=0}[ReservedThreadExecutor@67788d7c{reserved=0/16,pending=0}]
18:14:52.365 [Jetty (JenkinsRule)-489] DEBUG org.eclipse.jetty.util.thread.strategy.EatWhatYouKill -- EatWhatYouKill@3d1dce73/SelectorProducer@4ee94aa6/IDLE/p=false/QueuedThreadPool[Jetty (JenkinsRule)]@1bf2b8c3{STARTED,8<=8<=200,i=3,r=-1,q=0}[ReservedThreadExecutor@67788d7c{reserved=0/16,pending=0}][pc=0,pic=0,pec=0,epc=0]@2024-10-22T18:14:52.365674+05:30 tryProduce false
18:14:52.365 [Jetty (JenkinsRule)-489] DEBUG org.eclipse.jetty.io.ManagedSelector -- updateable 1
18:14:52.365 [Jetty (JenkinsRule)-489] DEBUG org.eclipse.jetty.io.ManagedSelector -- update org.eclipse.jetty.io.ManagedSelector$Start@49bb2e09
18:14:52.365 [Jetty (JenkinsRule)-489] DEBUG org.eclipse.jetty.io.ManagedSelector -- updates 0
18:14:52.365 [Jetty (JenkinsRule)-489] DEBUG org.eclipse.jetty.io.ManagedSelector -- Selector sun.nio.ch.KQueueSelectorImpl@209ebab4 waiting with 0 keys
18:14:52.365 [Executing testAdminWithoutCredentialsView(org.conjur.jenkins.credentials.ConjurCredentialStoreTest)] DEBUG org.eclipse.jetty.util.component.AbstractLifeCycle -- STARTED @19469ms ManagedSelector@47f4b69a{STARTED} id=4 keys=0 selected=0 updates=0
18:14:52.365 [Executing testAdminWithoutCredentialsView(org.conjur.jenkins.credentials.ConjurCredentialStoreTest)] DEBUG org.eclipse.jetty.util.component.AbstractLifeCycle -- starting ManagedSelector@2440fa1e{STOPPED} id=5 keys=-1 selected=-1 updates=0
18:14:52.365 [Executing testAdminWithoutCredentialsView(org.conjur.jenkins.credentials.ConjurCredentialStoreTest)] DEBUG org.eclipse.jetty.util.component.AbstractLifeCycle -- starting EatWhatYouKill@73450e80/SelectorProducer@207828cd/IDLE/p=false/QueuedThreadPool[Jetty (JenkinsRule)]@1bf2b8c3{STARTED,8<=8<=200,i=3,r=-1,q=0}[ReservedThreadExecutor@67788d7c{reserved=0/16,pending=0}][pc=0,pic=0,pec=0,epc=0]@2024-10-22T18:14:52.365802+05:30
18:14:52.365 [Executing testAdminWithoutCredentialsView(org.conjur.jenkins.credentials.ConjurCredentialStoreTest)] DEBUG org.eclipse.jetty.util.component.AbstractLifeCycle -- STARTED @19469ms EatWhatYouKill@73450e80/SelectorProducer@207828cd/IDLE/p=false/QueuedThreadPool[Jetty (JenkinsRule)]@1bf2b8c3{STARTED,8<=8<=200,i=3,r=-1,q=0}[ReservedThreadExecutor@67788d7c{reserved=0/16,pending=0}][pc=0,pic=0,pec=0,epc=0]@2024-10-22T18:14:52.365841+05:30
18:14:52.365 [Executing testAdminWithoutCredentialsView(org.conjur.jenkins.credentials.ConjurCredentialStoreTest)] DEBUG org.eclipse.jetty.util.thread.QueuedThreadPool -- queue org.eclipse.jetty.io.ManagedSelector$$Lambda$424/0x00000001403801f8@79569c14 startThread=0
18:14:52.365 [Executing testAdminWithoutCredentialsView(org.conjur.jenkins.credentials.ConjurCredentialStoreTest)] DEBUG org.eclipse.jetty.io.ManagedSelector -- Queued change lazy=false org.eclipse.jetty.io.ManagedSelector$Start@8a03473 on ManagedSelector@2440fa1e{STARTING} id=5 keys=0 selected=0 updates=0
18:14:52.365 [Jetty (JenkinsRule)-490] DEBUG org.eclipse.jetty.util.thread.QueuedThreadPool -- run org.eclipse.jetty.io.ManagedSelector$$Lambda$424/0x00000001403801f8@79569c14 in QueuedThreadPool[Jetty (JenkinsRule)]@1bf2b8c3{STARTED,8<=8<=200,i=2,r=-1,q=0}[ReservedThreadExecutor@67788d7c{reserved=0/16,pending=0}]
18:14:52.365 [Jetty (JenkinsRule)-490] DEBUG org.eclipse.jetty.util.thread.strategy.EatWhatYouKill -- EatWhatYouKill@73450e80/SelectorProducer@207828cd/IDLE/p=false/QueuedThreadPool[Jetty (JenkinsRule)]@1bf2b8c3{STARTED,8<=8<=200,i=2,r=-1,q=0}[ReservedThreadExecutor@67788d7c{reserved=0/16,pending=0}][pc=0,pic=0,pec=0,epc=0]@2024-10-22T18:14:52.365963+05:30 tryProduce false
18:14:52.365 [Jetty (JenkinsRule)-490] DEBUG org.eclipse.jetty.io.ManagedSelector -- updateable 1
18:14:52.365 [Jetty (JenkinsRule)-490] DEBUG org.eclipse.jetty.io.ManagedSelector -- update org.eclipse.jetty.io.ManagedSelector$Start@8a03473
18:14:52.366 [Jetty (JenkinsRule)-490] DEBUG org.eclipse.jetty.io.ManagedSelector -- updates 0
18:14:52.366 [Jetty (JenkinsRule)-490] DEBUG org.eclipse.jetty.io.ManagedSelector -- Selector sun.nio.ch.KQueueSelectorImpl@47ec5080 waiting with 0 keys
18:14:52.366 [Executing testAdminWithoutCredentialsView(org.conjur.jenkins.credentials.ConjurCredentialStoreTest)] DEBUG org.eclipse.jetty.util.component.AbstractLifeCycle -- STARTED @19469ms ManagedSelector@2440fa1e{STARTED} id=5 keys=0 selected=0 updates=0
18:14:52.366 [Executing testAdminWithoutCredentialsView(org.conjur.jenkins.credentials.ConjurCredentialStoreTest)] DEBUG org.eclipse.jetty.util.component.AbstractLifeCycle -- starting ManagedSelector@7c578214{STOPPED} id=6 keys=-1 selected=-1 updates=0
18:14:52.366 [Executing testAdminWithoutCredentialsView(org.conjur.jenkins.credentials.ConjurCredentialStoreTest)] DEBUG org.eclipse.jetty.util.component.AbstractLifeCycle -- starting EatWhatYouKill@46e2d86a/SelectorProducer@1d08ff38/IDLE/p=false/QueuedThreadPool[Jetty (JenkinsRule)]@1bf2b8c3{STARTED,8<=8<=200,i=2,r=-1,q=0}[ReservedThreadExecutor@67788d7c{reserved=0/16,pending=0}][pc=0,pic=0,pec=0,epc=0]@2024-10-22T18:14:52.366081+05:30
18:14:52.366 [Executing testAdminWithoutCredentialsView(org.conjur.jenkins.credentials.ConjurCredentialStoreTest)] DEBUG org.eclipse.jetty.util.component.AbstractLifeCycle -- STARTED @19469ms EatWhatYouKill@46e2d86a/SelectorProducer@1d08ff38/IDLE/p=false/QueuedThreadPool[Jetty (JenkinsRule)]@1bf2b8c3{STARTED,8<=8<=200,i=2,r=-1,q=0}[ReservedThreadExecutor@67788d7c{reserved=0/16,pending=0}][pc=0,pic=0,pec=0,epc=0]@2024-10-22T18:14:52.36612+05:30
18:14:52.366 [Executing testAdminWithoutCredentialsView(org.conjur.jenkins.credentials.ConjurCredentialStoreTest)] DEBUG org.eclipse.jetty.util.thread.QueuedThreadPool -- queue org.eclipse.jetty.io.ManagedSelector$$Lambda$424/0x00000001403801f8@6734c381 startThread=0
18:14:52.366 [Executing testAdminWithoutCredentialsView(org.conjur.jenkins.credentials.ConjurCredentialStoreTest)] DEBUG org.eclipse.jetty.io.ManagedSelector -- Queued change lazy=false org.eclipse.jetty.io.ManagedSelector$Start@77ef7208 on ManagedSelector@7c578214{STARTING} id=6 keys=0 selected=0 updates=0
18:14:52.366 [Jetty (JenkinsRule)-491] DEBUG org.eclipse.jetty.util.thread.QueuedThreadPool -- run org.eclipse.jetty.io.ManagedSelector$$Lambda$424/0x00000001403801f8@6734c381 in QueuedThreadPool[Jetty (JenkinsRule)]@1bf2b8c3{STARTED,8<=8<=200,i=1,r=-1,q=0}[ReservedThreadExecutor@67788d7c{reserved=0/16,pending=0}]
18:14:52.366 [Jetty (JenkinsRule)-491] DEBUG org.eclipse.jetty.util.thread.strategy.EatWhatYouKill -- EatWhatYouKill@46e2d86a/SelectorProducer@1d08ff38/IDLE/p=false/QueuedThreadPool[Jetty (JenkinsRule)]@1bf2b8c3{STARTED,8<=8<=200,i=1,r=-1,q=0}[ReservedThreadExecutor@67788d7c{reserved=0/16,pending=0}][pc=0,pic=0,pec=0,epc=0]@2024-10-22T18:14:52.366257+05:30 tryProduce false
18:14:52.366 [Jetty (JenkinsRule)-491] DEBUG org.eclipse.jetty.io.ManagedSelector -- updateable 1
18:14:52.366 [Jetty (JenkinsRule)-491] DEBUG org.eclipse.jetty.io.ManagedSelector -- update org.eclipse.jetty.io.ManagedSelector$Start@77ef7208
18:14:52.366 [Jetty (JenkinsRule)-491] DEBUG org.eclipse.jetty.io.ManagedSelector -- updates 0
18:14:52.366 [Jetty (JenkinsRule)-491] DEBUG org.eclipse.jetty.io.ManagedSelector -- Selector sun.nio.ch.KQueueSelectorImpl@31dfa682 waiting with 0 keys
18:14:52.366 [Executing testAdminWithoutCredentialsView(org.conjur.jenkins.credentials.ConjurCredentialStoreTest)] DEBUG org.eclipse.jetty.util.component.AbstractLifeCycle -- STARTED @19470ms ManagedSelector@7c578214{STARTED} id=6 keys=0 selected=0 updates=0
18:14:52.366 [Executing testAdminWithoutCredentialsView(org.conjur.jenkins.credentials.ConjurCredentialStoreTest)] DEBUG org.eclipse.jetty.util.component.AbstractLifeCycle -- starting ManagedSelector@55be6a71{STOPPED} id=7 keys=-1 selected=-1 updates=0
18:14:52.366 [Executing testAdminWithoutCredentialsView(org.conjur.jenkins.credentials.ConjurCredentialStoreTest)] DEBUG org.eclipse.jetty.util.component.AbstractLifeCycle -- starting EatWhatYouKill@5fe4178a/SelectorProducer@f15b594/IDLE/p=false/QueuedThreadPool[Jetty (JenkinsRule)]@1bf2b8c3{STARTED,8<=8<=200,i=1,r=-1,q=0}[ReservedThreadExecutor@67788d7c{reserved=0/16,pending=0}][pc=0,pic=0,pec=0,epc=0]@2024-10-22T18:14:52.366408+05:30
18:14:52.366 [Executing testAdminWithoutCredentialsView(org.conjur.jenkins.credentials.ConjurCredentialStoreTest)] DEBUG org.eclipse.jetty.util.component.AbstractLifeCycle -- STARTED @19470ms EatWhatYouKill@5fe4178a/SelectorProducer@f15b594/IDLE/p=false/QueuedThreadPool[Jetty (JenkinsRule)]@1bf2b8c3{STARTED,8<=8<=200,i=1,r=-1,q=0}[ReservedThreadExecutor@67788d7c{reserved=0/16,pending=0}][pc=0,pic=0,pec=0,epc=0]@2024-10-22T18:14:52.36645+05:30
18:14:52.366 [Executing testAdminWithoutCredentialsView(org.conjur.jenkins.credentials.ConjurCredentialStoreTest)] DEBUG org.eclipse.jetty.util.thread.QueuedThreadPool -- queue org.eclipse.jetty.io.ManagedSelector$$Lambda$424/0x00000001403801f8@3a14e6dd startThread=0
18:14:52.366 [Executing testAdminWithoutCredentialsView(org.conjur.jenkins.credentials.ConjurCredentialStoreTest)] DEBUG org.eclipse.jetty.io.ManagedSelector -- Queued change lazy=false org.eclipse.jetty.io.ManagedSelector$Start@339e5e40 on ManagedSelector@55be6a71{STARTING} id=7 keys=0 selected=0 updates=0
18:14:52.366 [Jetty (JenkinsRule)-492] DEBUG org.eclipse.jetty.util.thread.QueuedThreadPool -- run org.eclipse.jetty.io.ManagedSelector$$Lambda$424/0x00000001403801f8@3a14e6dd in QueuedThreadPool[Jetty (JenkinsRule)]@1bf2b8c3{STARTED,8<=8<=200,i=0,r=-1,q=0}[ReservedThreadExecutor@67788d7c{reserved=0/16,pending=0}]
18:14:52.366 [Jetty (JenkinsRule)-492] DEBUG org.eclipse.jetty.util.thread.strategy.EatWhatYouKill -- EatWhatYouKill@5fe4178a/SelectorProducer@f15b594/IDLE/p=false/QueuedThreadPool[Jetty (JenkinsRule)]@1bf2b8c3{STARTED,8<=8<=200,i=0,r=-1,q=0}[ReservedThreadExecutor@67788d7c{reserved=0/16,pending=0}][pc=0,pic=0,pec=0,epc=0]@2024-10-22T18:14:52.36662+05:30 tryProduce false
18:14:52.366 [Jetty (JenkinsRule)-492] DEBUG org.eclipse.jetty.io.ManagedSelector -- updateable 1
18:14:52.366 [Jetty (JenkinsRule)-492] DEBUG org.eclipse.jetty.io.ManagedSelector -- update org.eclipse.jetty.io.ManagedSelector$Start@339e5e40
18:14:52.366 [Jetty (JenkinsRule)-492] DEBUG org.eclipse.jetty.io.ManagedSelector -- updates 0
18:14:52.366 [Jetty (JenkinsRule)-492] DEBUG org.eclipse.jetty.io.ManagedSelector -- Selector sun.nio.ch.KQueueSelectorImpl@13a248 waiting with 0 keys
18:14:52.366 [Executing testAdminWithoutCredentialsView(org.conjur.jenkins.credentials.ConjurCredentialStoreTest)] DEBUG org.eclipse.jetty.util.component.AbstractLifeCycle -- STARTED @19470ms ManagedSelector@55be6a71{STARTED} id=7 keys=0 selected=0 updates=0
18:14:52.366 [Executing testAdminWithoutCredentialsView(org.conjur.jenkins.credentials.ConjurCredentialStoreTest)] DEBUG org.eclipse.jetty.util.component.AbstractLifeCycle -- STARTED @19470ms SelectorManager@ServerConnector@65ca16f2{HTTP/1.1, (http/1.1)}{localhost:51470}
18:14:52.366 [Executing testAdminWithoutCredentialsView(org.conjur.jenkins.credentials.ConjurCredentialStoreTest)] DEBUG org.eclipse.jetty.util.component.ContainerLifeCycle -- ServerConnector@65ca16f2{HTTP/1.1, (http/1.1)}{localhost:51470} added {acceptor-0@72f7bb79,POJO}
18:14:52.366 [Executing testAdminWithoutCredentialsView(org.conjur.jenkins.credentials.ConjurCredentialStoreTest)] DEBUG org.eclipse.jetty.util.thread.QueuedThreadPool -- queue acceptor-0@72f7bb79 startThread=1
18:14:52.366 [Executing testAdminWithoutCredentialsView(org.conjur.jenkins.credentials.ConjurCredentialStoreTest)] DEBUG org.eclipse.jetty.util.thread.QueuedThreadPool -- Starting Thread[Jetty (JenkinsRule)-494,5,main]
18:14:52.367 [Executing testAdminWithoutCredentialsView(org.conjur.jenkins.credentials.ConjurCredentialStoreTest)] DEBUG org.eclipse.jetty.util.component.ContainerLifeCycle -- ServerConnector@65ca16f2{HTTP/1.1, (http/1.1)}{localhost:51470} added {acceptor-1@633bcb0e,POJO}
18:14:52.367 [Executing testAdminWithoutCredentialsView(org.conjur.jenkins.credentials.ConjurCredentialStoreTest)] DEBUG org.eclipse.jetty.util.thread.QueuedThreadPool -- queue acceptor-1@633bcb0e startThread=1
18:14:52.367 [Executing testAdminWithoutCredentialsView(org.conjur.jenkins.credentials.ConjurCredentialStoreTest)] DEBUG org.eclipse.jetty.util.thread.QueuedThreadPool -- Starting Thread[Jetty (JenkinsRule)-495,5,main]
18:14:52.367 [Jetty (JenkinsRule)-494] DEBUG org.eclipse.jetty.util.thread.QueuedThreadPool -- Runner started for QueuedThreadPool[Jetty (JenkinsRule)]@1bf2b8c3{STARTED,8<=10<=200,i=0,r=-1,q=0}[ReservedThreadExecutor@67788d7c{reserved=0/16,pending=0}]
18:14:52.367 [Jetty (JenkinsRule)-494] DEBUG org.eclipse.jetty.util.thread.QueuedThreadPool -- run acceptor-0@72f7bb79 in QueuedThreadPool[Jetty (JenkinsRule)]@1bf2b8c3{STARTED,8<=10<=200,i=0,r=-1,q=0}[ReservedThreadExecutor@67788d7c{reserved=0/16,pending=0}]
18:14:52.367 [Executing testAdminWithoutCredentialsView(org.conjur.jenkins.credentials.ConjurCredentialStoreTest)] INFO org.eclipse.jetty.server.AbstractConnector -- Started ServerConnector@65ca16f2{HTTP/1.1, (http/1.1)}{localhost:51470}
18:14:52.367 [Executing testAdminWithoutCredentialsView(org.conjur.jenkins.credentials.ConjurCredentialStoreTest)] DEBUG org.eclipse.jetty.util.component.AbstractLifeCycle -- STARTED @19471ms ServerConnector@65ca16f2{HTTP/1.1, (http/1.1)}{localhost:51470}
18:14:52.367 [Executing testAdminWithoutCredentialsView(org.conjur.jenkins.credentials.ConjurCredentialStoreTest)] INFO org.eclipse.jetty.server.Server -- Started @19471ms
18:14:52.367 [Executing testAdminWithoutCredentialsView(org.conjur.jenkins.credentials.ConjurCredentialStoreTest)] DEBUG org.eclipse.jetty.util.component.AbstractLifeCycle -- STARTED @19471ms Server@5acfb2f8{STARTED}[9.4.48.v20220622]
18:14:52.367 [Jetty (JenkinsRule)-495] DEBUG org.eclipse.jetty.util.thread.QueuedThreadPool -- Runner started for QueuedThreadPool[Jetty (JenkinsRule)]@1bf2b8c3{STARTED,8<=10<=200,i=0,r=-1,q=0}[ReservedThreadExecutor@67788d7c{reserved=0/16,pending=0}]
18:14:52.367 [Jetty (JenkinsRule)-495] DEBUG org.eclipse.jetty.util.thread.QueuedThreadPool -- run acceptor-1@633bcb0e in QueuedThreadPool[Jetty (JenkinsRule)]@1bf2b8c3{STARTED,8<=10<=200,i=0,r=-1,q=0}[ReservedThreadExecutor@67788d7c{reserved=0/16,pending=0}]
18:14:52.417 [Executing testAdminWithoutCredentialsView(org.conjur.jenkins.credentials.ConjurCredentialStoreTest)] DEBUG org.apache.commons.discovery.resource.names.DiscoverNamesInFile -- find: serviceName = 'META-INF/services/org.kohsuke.stapler.Facet'
18:14:52.417 [Executing testAdminWithoutCredentialsView(org.conjur.jenkins.credentials.ConjurCredentialStoreTest)] DEBUG org.apache.commons.discovery.resource.DiscoverResources -- find: resourceName='META-INF/services/org.kohsuke.stapler.Facet'
18:14:52.417 [Executing testAdminWithoutCredentialsView(org.conjur.jenkins.credentials.ConjurCredentialStoreTest)] DEBUG org.apache.commons.discovery.resource.DiscoverResources -- getNextResources: search using ClassLoader 'jdk.internal.loader.ClassLoaders$AppClassLoader@5ffd2b27'
18:14:52.417 [Executing testAdminWithoutCredentialsView(org.conjur.jenkins.credentials.ConjurCredentialStoreTest)] DEBUG org.apache.commons.discovery.resource.DiscoverResources -- getNextResource: next URL='jar:file:/Users/sameer.shaik/.m2/repository/org/kohsuke/stapler/stapler-groovy/1669.v95a_4b_919a_b_a_2/stapler-groovy-1669.v95a_4b_919a_b_a_2.jar!/META-INF/services/org.kohsuke.stapler.Facet'
18:14:52.417 [Executing testAdminWithoutCredentialsView(org.conjur.jenkins.credentials.ConjurCredentialStoreTest)] DEBUG org.apache.commons.discovery.resource.names.DiscoverNamesInFile -- getNextClassResource: next class='org.kohsuke.stapler.jelly.groovy.GroovyFacet'
18:14:52.417 [Executing testAdminWithoutCredentialsView(org.conjur.jenkins.credentials.ConjurCredentialStoreTest)] DEBUG org.apache.commons.discovery.resource.DiscoverResources -- getNextResource: next URL='jar:file:/Users/sameer.shaik/.m2/repository/org/kohsuke/stapler/stapler-jelly/1669.v95a_4b_919a_b_a_2/stapler-jelly-1669.v95a_4b_919a_b_a_2.jar!/META-INF/services/org.kohsuke.stapler.Facet'
18:14:52.417 [Executing testAdminWithoutCredentialsView(org.conjur.jenkins.credentials.ConjurCredentialStoreTest)] DEBUG org.apache.commons.discovery.resource.names.DiscoverNamesInFile -- getNextClassResource: next class='org.kohsuke.stapler.jelly.JellyFacet'
18:14:52.417 [Executing testAdminWithoutCredentialsView(org.conjur.jenkins.credentials.ConjurCredentialStoreTest)] DEBUG org.apache.commons.discovery.resource.names.DiscoverNamesInFile -- find: serviceName = 'META-INF/services/org.kohsuke.stapler.Facet'
18:14:52.417 [Executing testAdminWithoutCredentialsView(org.conjur.jenkins.credentials.ConjurCredentialStoreTest)] DEBUG org.apache.commons.discovery.resource.DiscoverResources -- find: resourceName='META-INF/services/org.kohsuke.stapler.Facet'
18:14:52.417 [Executing testAdminWithoutCredentialsView(org.conjur.jenkins.credentials.ConjurCredentialStoreTest)] DEBUG org.apache.commons.discovery.resource.DiscoverResources -- getNextResources: search using ClassLoader 'jdk.internal.loader.ClassLoaders$AppClassLoader@5ffd2b27'
18:14:52.418 [Executing testAdminWithoutCredentialsView(org.conjur.jenkins.credentials.ConjurCredentialStoreTest)] DEBUG org.apache.commons.discovery.resource.DiscoverResources -- getNextResource: next URL='jar:file:/Users/sameer.shaik/.m2/repository/org/kohsuke/stapler/stapler-groovy/1669.v95a_4b_919a_b_a_2/stapler-groovy-1669.v95a_4b_919a_b_a_2.jar!/META-INF/services/org.kohsuke.stapler.Facet'
18:14:52.418 [Executing testAdminWithoutCredentialsView(org.conjur.jenkins.credentials.ConjurCredentialStoreTest)] DEBUG org.apache.commons.discovery.resource.names.DiscoverNamesInFile -- getNextClassResource: next class='org.kohsuke.stapler.jelly.groovy.GroovyFacet'
18:14:52.418 [Executing testAdminWithoutCredentialsView(org.conjur.jenkins.credentials.ConjurCredentialStoreTest)] DEBUG org.apache.commons.discovery.resource.DiscoverResources -- getNextResource: next URL='jar:file:/Users/sameer.shaik/.m2/repository/org/kohsuke/stapler/stapler-jelly/1669.v95a_4b_919a_b_a_2/stapler-jelly-1669.v95a_4b_919a_b_a_2.jar!/META-INF/services/org.kohsuke.stapler.Facet'
18:14:52.418 [Executing testAdminWithoutCredentialsView(org.conjur.jenkins.credentials.ConjurCredentialStoreTest)] DEBUG org.apache.commons.discovery.resource.names.DiscoverNamesInFile -- getNextClassResource: next class='org.kohsuke.stapler.jelly.JellyFacet'
18:14:52.939 [Executing testAdminWithoutCredentialsView(org.conjur.jenkins.credentials.ConjurCredentialStoreTest)] DEBUG org.eclipse.jetty.util.component.AbstractLifeCycle -- stopping Server@5acfb2f8{STARTED}[9.4.48.v20220622]
18:14:52.939 [Executing testAdminWithoutCredentialsView(org.conjur.jenkins.credentials.ConjurCredentialStoreTest)] DEBUG org.eclipse.jetty.server.Server -- doStop Server@5acfb2f8{STOPPING}[9.4.48.v20220622]
18:14:52.940 [Executing testAdminWithoutCredentialsView(org.conjur.jenkins.credentials.ConjurCredentialStoreTest)] DEBUG org.eclipse.jetty.server.handler.AbstractHandlerContainer -- Graceful shutdown Server@5acfb2f8{STOPPING}[9.4.48.v20220622] by 
18:14:52.940 [Executing testAdminWithoutCredentialsView(org.conjur.jenkins.credentials.ConjurCredentialStoreTest)] DEBUG org.eclipse.jetty.util.component.AbstractLifeCycle -- stopping ServerConnector@65ca16f2{HTTP/1.1, (http/1.1)}{localhost:0}
18:14:52.940 [Jetty (JenkinsRule)-494] DEBUG org.eclipse.jetty.util.thread.QueuedThreadPool -- ran Jetty (JenkinsRule)-494-acceptor-0@72f7bb79-ServerConnector@65ca16f2{HTTP/1.1, (http/1.1)}{localhost:51470} in QueuedThreadPool[Jetty (JenkinsRule)]@1bf2b8c3{STARTED,8<=10<=200,i=0,r=-1,q=0}[ReservedThreadExecutor@67788d7c{reserved=0/16,pending=0}]
18:14:52.940 [Jetty (JenkinsRule)-495] DEBUG org.eclipse.jetty.util.thread.QueuedThreadPool -- ran Jetty (JenkinsRule)-495-acceptor-1@633bcb0e-ServerConnector@65ca16f2{HTTP/1.1, (http/1.1)}{localhost:51470} in QueuedThreadPool[Jetty (JenkinsRule)]@1bf2b8c3{STARTED,8<=10<=200,i=0,r=-1,q=0}[ReservedThreadExecutor@67788d7c{reserved=0/16,pending=0}]
18:14:52.940 [Executing testAdminWithoutCredentialsView(org.conjur.jenkins.credentials.ConjurCredentialStoreTest)] DEBUG org.eclipse.jetty.util.component.AbstractLifeCycle -- stopping SelectorManager@ServerConnector@65ca16f2{HTTP/1.1, (http/1.1)}{localhost:0}
18:14:52.940 [Executing testAdminWithoutCredentialsView(org.conjur.jenkins.credentials.ConjurCredentialStoreTest)] DEBUG org.eclipse.jetty.util.component.AbstractLifeCycle -- stopping ManagedSelector@55be6a71{STARTED} id=7 keys=0 selected=0 updates=0
18:14:52.940 [Executing testAdminWithoutCredentialsView(org.conjur.jenkins.credentials.ConjurCredentialStoreTest)] DEBUG org.eclipse.jetty.io.ManagedSelector -- Queued change lazy=false org.eclipse.jetty.io.ManagedSelector$CloseConnections@3aed3b2c on ManagedSelector@55be6a71{STOPPING} id=7 keys=0 selected=0 updates=0
18:14:52.940 [Executing testAdminWithoutCredentialsView(org.conjur.jenkins.credentials.ConjurCredentialStoreTest)] DEBUG org.eclipse.jetty.io.ManagedSelector -- Wakeup on submit ManagedSelector@55be6a71{STOPPING} id=7 keys=0 selected=0 updates=1
18:14:52.940 [Jetty (JenkinsRule)-492] DEBUG org.eclipse.jetty.io.ManagedSelector -- Selector sun.nio.ch.KQueueSelectorImpl@13a248 woken with none selected
18:14:52.940 [Jetty (JenkinsRule)-492] DEBUG org.eclipse.jetty.io.ManagedSelector -- Selector sun.nio.ch.KQueueSelectorImpl@13a248 woken up from select, 0/0/0 selected
18:14:52.940 [Jetty (JenkinsRule)-492] DEBUG org.eclipse.jetty.io.ManagedSelector -- Selector sun.nio.ch.KQueueSelectorImpl@13a248 processing 0 keys, 1 updates
18:14:52.940 [Jetty (JenkinsRule)-492] DEBUG org.eclipse.jetty.io.ManagedSelector -- updateable 1
18:14:52.940 [Jetty (JenkinsRule)-492] DEBUG org.eclipse.jetty.io.ManagedSelector -- update org.eclipse.jetty.io.ManagedSelector$CloseConnections@3aed3b2c
18:14:52.940 [Jetty (JenkinsRule)-492] DEBUG org.eclipse.jetty.io.ManagedSelector -- Closing 0 connections on ManagedSelector@55be6a71{STOPPING} id=7 keys=0 selected=0 updates=0
18:14:52.940 [Jetty (JenkinsRule)-492] DEBUG org.eclipse.jetty.io.ManagedSelector -- updates 0
18:14:52.940 [Jetty (JenkinsRule)-492] DEBUG org.eclipse.jetty.io.ManagedSelector -- Selector sun.nio.ch.KQueueSelectorImpl@13a248 waiting with 0 keys
18:14:52.940 [Executing testAdminWithoutCredentialsView(org.conjur.jenkins.credentials.ConjurCredentialStoreTest)] DEBUG org.eclipse.jetty.io.ManagedSelector -- Queued change lazy=false org.eclipse.jetty.io.ManagedSelector$StopSelector@79bd6ed1 on ManagedSelector@55be6a71{STOPPING} id=7 keys=0 selected=0 updates=0
18:14:52.940 [Executing testAdminWithoutCredentialsView(org.conjur.jenkins.credentials.ConjurCredentialStoreTest)] DEBUG org.eclipse.jetty.io.ManagedSelector -- Wakeup on submit ManagedSelector@55be6a71{STOPPING} id=7 keys=0 selected=0 updates=1
18:14:52.940 [Jetty (JenkinsRule)-492] DEBUG org.eclipse.jetty.io.ManagedSelector -- Selector sun.nio.ch.KQueueSelectorImpl@13a248 woken with none selected
18:14:52.940 [Jetty (JenkinsRule)-492] DEBUG org.eclipse.jetty.io.ManagedSelector -- Selector sun.nio.ch.KQueueSelectorImpl@13a248 woken up from select, 0/0/0 selected
18:14:52.940 [Jetty (JenkinsRule)-492] DEBUG org.eclipse.jetty.io.ManagedSelector -- Selector sun.nio.ch.KQueueSelectorImpl@13a248 processing 0 keys, 1 updates
18:14:52.940 [Jetty (JenkinsRule)-492] DEBUG org.eclipse.jetty.io.ManagedSelector -- updateable 1
18:14:52.940 [Jetty (JenkinsRule)-492] DEBUG org.eclipse.jetty.io.ManagedSelector -- update org.eclipse.jetty.io.ManagedSelector$StopSelector@79bd6ed1
18:14:52.940 [Jetty (JenkinsRule)-492] DEBUG org.eclipse.jetty.io.ManagedSelector -- updates 0
18:14:52.940 [Jetty (JenkinsRule)-492] DEBUG org.eclipse.jetty.util.thread.QueuedThreadPool -- ran org.eclipse.jetty.io.ManagedSelector$$Lambda$424/0x00000001403801f8@3a14e6dd in QueuedThreadPool[Jetty (JenkinsRule)]@1bf2b8c3{STARTED,8<=10<=200,i=2,r=-1,q=0}[ReservedThreadExecutor@67788d7c{reserved=0/16,pending=0}]
18:14:52.940 [Executing testAdminWithoutCredentialsView(org.conjur.jenkins.credentials.ConjurCredentialStoreTest)] DEBUG org.eclipse.jetty.util.component.AbstractLifeCycle -- stopping EatWhatYouKill@5fe4178a/SelectorProducer@f15b594/IDLE/p=false/QueuedThreadPool[Jetty (JenkinsRule)]@1bf2b8c3{STARTED,8<=10<=200,i=2,r=-1,q=0}[ReservedThreadExecutor@67788d7c{reserved=0/16,pending=0}][pc=0,pic=0,pec=0,epc=0]@2024-10-22T18:14:52.940618+05:30
18:14:52.940 [Executing testAdminWithoutCredentialsView(org.conjur.jenkins.credentials.ConjurCredentialStoreTest)] DEBUG org.eclipse.jetty.util.component.AbstractLifeCycle -- STOPPED EatWhatYouKill@5fe4178a/SelectorProducer@f15b594/IDLE/p=false/QueuedThreadPool[Jetty (JenkinsRule)]@1bf2b8c3{STARTED,8<=10<=200,i=3,r=-1,q=0}[ReservedThreadExecutor@67788d7c{reserved=0/16,pending=0}][pc=0,pic=0,pec=0,epc=0]@2024-10-22T18:14:52.940682+05:30
18:14:52.940 [Executing testAdminWithoutCredentialsView(org.conjur.jenkins.credentials.ConjurCredentialStoreTest)] DEBUG org.eclipse.jetty.util.component.AbstractLifeCycle -- STOPPED ManagedSelector@55be6a71{STOPPED} id=7 keys=-1 selected=-1 updates=0
18:14:52.940 [Executing testAdminWithoutCredentialsView(org.conjur.jenkins.credentials.ConjurCredentialStoreTest)] DEBUG org.eclipse.jetty.util.component.AbstractLifeCycle -- stopping ManagedSelector@7c578214{STARTED} id=6 keys=0 selected=0 updates=0
18:14:52.940 [Executing testAdminWithoutCredentialsView(org.conjur.jenkins.credentials.ConjurCredentialStoreTest)] DEBUG org.eclipse.jetty.io.ManagedSelector -- Queued change lazy=false org.eclipse.jetty.io.ManagedSelector$CloseConnections@317bc230 on ManagedSelector@7c578214{STOPPING} id=6 keys=0 selected=0 updates=0
18:14:52.940 [Executing testAdminWithoutCredentialsView(org.conjur.jenkins.credentials.ConjurCredentialStoreTest)] DEBUG org.eclipse.jetty.io.ManagedSelector -- Wakeup on submit ManagedSelector@7c578214{STOPPING} id=6 keys=0 selected=0 updates=1
18:14:52.940 [Jetty (JenkinsRule)-491] DEBUG org.eclipse.jetty.io.ManagedSelector -- Selector sun.nio.ch.KQueueSelectorImpl@31dfa682 woken with none selected
18:14:52.940 [Jetty (JenkinsRule)-491] DEBUG org.eclipse.jetty.io.ManagedSelector -- Selector sun.nio.ch.KQueueSelectorImpl@31dfa682 woken up from select, 0/0/0 selected
18:14:52.940 [Jetty (JenkinsRule)-491] DEBUG org.eclipse.jetty.io.ManagedSelector -- Selector sun.nio.ch.KQueueSelectorImpl@31dfa682 processing 0 keys, 1 updates
18:14:52.940 [Jetty (JenkinsRule)-491] DEBUG org.eclipse.jetty.io.ManagedSelector -- updateable 1
18:14:52.940 [Jetty (JenkinsRule)-491] DEBUG org.eclipse.jetty.io.ManagedSelector -- update org.eclipse.jetty.io.ManagedSelector$CloseConnections@317bc230
18:14:52.940 [Jetty (JenkinsRule)-491] DEBUG org.eclipse.jetty.io.ManagedSelector -- Closing 0 connections on ManagedSelector@7c578214{STOPPING} id=6 keys=0 selected=0 updates=0
18:14:52.940 [Jetty (JenkinsRule)-491] DEBUG org.eclipse.jetty.io.ManagedSelector -- updates 0
18:14:52.940 [Jetty (JenkinsRule)-491] DEBUG org.eclipse.jetty.io.ManagedSelector -- Selector sun.nio.ch.KQueueSelectorImpl@31dfa682 waiting with 0 keys
18:14:52.940 [Executing testAdminWithoutCredentialsView(org.conjur.jenkins.credentials.ConjurCredentialStoreTest)] DEBUG org.eclipse.jetty.io.ManagedSelector -- Queued change lazy=false org.eclipse.jetty.io.ManagedSelector$StopSelector@66d152be on ManagedSelector@7c578214{STOPPING} id=6 keys=0 selected=0 updates=0
18:14:52.940 [Executing testAdminWithoutCredentialsView(org.conjur.jenkins.credentials.ConjurCredentialStoreTest)] DEBUG org.eclipse.jetty.io.ManagedSelector -- Wakeup on submit ManagedSelector@7c578214{STOPPING} id=6 keys=0 selected=0 updates=1
18:14:52.940 [Jetty (JenkinsRule)-491] DEBUG org.eclipse.jetty.io.ManagedSelector -- Selector sun.nio.ch.KQueueSelectorImpl@31dfa682 woken with none selected
18:14:52.941 [Jetty (JenkinsRule)-491] DEBUG org.eclipse.jetty.io.ManagedSelector -- Selector sun.nio.ch.KQueueSelectorImpl@31dfa682 woken up from select, 0/0/0 selected
18:14:52.941 [Jetty (JenkinsRule)-491] DEBUG org.eclipse.jetty.io.ManagedSelector -- Selector sun.nio.ch.KQueueSelectorImpl@31dfa682 processing 0 keys, 1 updates
18:14:52.941 [Jetty (JenkinsRule)-491] DEBUG org.eclipse.jetty.io.ManagedSelector -- updateable 1
18:14:52.941 [Jetty (JenkinsRule)-491] DEBUG org.eclipse.jetty.io.ManagedSelector -- update org.eclipse.jetty.io.ManagedSelector$StopSelector@66d152be
18:14:52.941 [Jetty (JenkinsRule)-491] DEBUG org.eclipse.jetty.io.ManagedSelector -- updates 0
18:14:52.941 [Jetty (JenkinsRule)-491] DEBUG org.eclipse.jetty.util.thread.QueuedThreadPool -- ran org.eclipse.jetty.io.ManagedSelector$$Lambda$424/0x00000001403801f8@6734c381 in QueuedThreadPool[Jetty (JenkinsRule)]@1bf2b8c3{STARTED,8<=10<=200,i=3,r=-1,q=0}[ReservedThreadExecutor@67788d7c{reserved=0/16,pending=0}]
18:14:52.941 [Executing testAdminWithoutCredentialsView(org.conjur.jenkins.credentials.ConjurCredentialStoreTest)] DEBUG org.eclipse.jetty.util.component.AbstractLifeCycle -- stopping EatWhatYouKill@46e2d86a/SelectorProducer@1d08ff38/IDLE/p=false/QueuedThreadPool[Jetty (JenkinsRule)]@1bf2b8c3{STARTED,8<=10<=200,i=3,r=-1,q=0}[ReservedThreadExecutor@67788d7c{reserved=0/16,pending=0}][pc=0,pic=0,pec=0,epc=0]@2024-10-22T18:14:52.941127+05:30
18:14:52.941 [Executing testAdminWithoutCredentialsView(org.conjur.jenkins.credentials.ConjurCredentialStoreTest)] DEBUG org.eclipse.jetty.util.component.AbstractLifeCycle -- STOPPED EatWhatYouKill@46e2d86a/SelectorProducer@1d08ff38/IDLE/p=false/QueuedThreadPool[Jetty (JenkinsRule)]@1bf2b8c3{STARTED,8<=10<=200,i=4,r=-1,q=0}[ReservedThreadExecutor@67788d7c{reserved=0/16,pending=0}][pc=0,pic=0,pec=0,epc=0]@2024-10-22T18:14:52.941185+05:30
18:14:52.941 [Executing testAdminWithoutCredentialsView(org.conjur.jenkins.credentials.ConjurCredentialStoreTest)] DEBUG org.eclipse.jetty.util.component.AbstractLifeCycle -- STOPPED ManagedSelector@7c578214{STOPPED} id=6 keys=-1 selected=-1 updates=0
18:14:52.941 [Executing testAdminWithoutCredentialsView(org.conjur.jenkins.credentials.ConjurCredentialStoreTest)] DEBUG org.eclipse.jetty.util.component.AbstractLifeCycle -- stopping ManagedSelector@2440fa1e{STARTED} id=5 keys=0 selected=0 updates=0
18:14:52.941 [Executing testAdminWithoutCredentialsView(org.conjur.jenkins.credentials.ConjurCredentialStoreTest)] DEBUG org.eclipse.jetty.io.ManagedSelector -- Queued change lazy=false org.eclipse.jetty.io.ManagedSelector$CloseConnections@35b62113 on ManagedSelector@2440fa1e{STOPPING} id=5 keys=0 selected=0 updates=0
18:14:52.941 [Executing testAdminWithoutCredentialsView(org.conjur.jenkins.credentials.ConjurCredentialStoreTest)] DEBUG org.eclipse.jetty.io.ManagedSelector -- Wakeup on submit ManagedSelector@2440fa1e{STOPPING} id=5 keys=0 selected=0 updates=1
18:14:52.941 [Jetty (JenkinsRule)-490] DEBUG org.eclipse.jetty.io.ManagedSelector -- Selector sun.nio.ch.KQueueSelectorImpl@47ec5080 woken with none selected
18:14:52.941 [Jetty (JenkinsRule)-490] DEBUG org.eclipse.jetty.io.ManagedSelector -- Selector sun.nio.ch.KQueueSelectorImpl@47ec5080 woken up from select, 0/0/0 selected
18:14:52.941 [Jetty (JenkinsRule)-490] DEBUG org.eclipse.jetty.io.ManagedSelector -- Selector sun.nio.ch.KQueueSelectorImpl@47ec5080 processing 0 keys, 1 updates
18:14:52.941 [Jetty (JenkinsRule)-490] DEBUG org.eclipse.jetty.io.ManagedSelector -- updateable 1
18:14:52.941 [Jetty (JenkinsRule)-490] DEBUG org.eclipse.jetty.io.ManagedSelector -- update org.eclipse.jetty.io.ManagedSelector$CloseConnections@35b62113
18:14:52.941 [Jetty (JenkinsRule)-490] DEBUG org.eclipse.jetty.io.ManagedSelector -- Closing 0 connections on ManagedSelector@2440fa1e{STOPPING} id=5 keys=0 selected=0 updates=0
18:14:52.941 [Jetty (JenkinsRule)-490] DEBUG org.eclipse.jetty.io.ManagedSelector -- updates 0
18:14:52.941 [Jetty (JenkinsRule)-490] DEBUG org.eclipse.jetty.io.ManagedSelector -- Selector sun.nio.ch.KQueueSelectorImpl@47ec5080 waiting with 0 keys
18:14:52.941 [Executing testAdminWithoutCredentialsView(org.conjur.jenkins.credentials.ConjurCredentialStoreTest)] DEBUG org.eclipse.jetty.io.ManagedSelector -- Queued change lazy=false org.eclipse.jetty.io.ManagedSelector$StopSelector@27ef1a92 on ManagedSelector@2440fa1e{STOPPING} id=5 keys=0 selected=0 updates=0
18:14:52.941 [Executing testAdminWithoutCredentialsView(org.conjur.jenkins.credentials.ConjurCredentialStoreTest)] DEBUG org.eclipse.jetty.io.ManagedSelector -- Wakeup on submit ManagedSelector@2440fa1e{STOPPING} id=5 keys=0 selected=0 updates=1
18:14:52.941 [Jetty (JenkinsRule)-490] DEBUG org.eclipse.jetty.io.ManagedSelector -- Selector sun.nio.ch.KQueueSelectorImpl@47ec5080 woken with none selected
18:14:52.941 [Jetty (JenkinsRule)-490] DEBUG org.eclipse.jetty.io.ManagedSelector -- Selector sun.nio.ch.KQueueSelectorImpl@47ec5080 woken up from select, 0/0/0 selected
18:14:52.941 [Jetty (JenkinsRule)-490] DEBUG org.eclipse.jetty.io.ManagedSelector -- Selector sun.nio.ch.KQueueSelectorImpl@47ec5080 processing 0 keys, 1 updates
18:14:52.941 [Jetty (JenkinsRule)-490] DEBUG org.eclipse.jetty.io.ManagedSelector -- updateable 1
18:14:52.941 [Jetty (JenkinsRule)-490] DEBUG org.eclipse.jetty.io.ManagedSelector -- update org.eclipse.jetty.io.ManagedSelector$StopSelector@27ef1a92
18:14:52.941 [Jetty (JenkinsRule)-490] DEBUG org.eclipse.jetty.io.ManagedSelector -- updates 0
18:14:52.941 [Executing testAdminWithoutCredentialsView(org.conjur.jenkins.credentials.ConjurCredentialStoreTest)] DEBUG org.eclipse.jetty.util.component.AbstractLifeCycle -- stopping EatWhatYouKill@73450e80/SelectorProducer@207828cd/PRODUCING/p=false/QueuedThreadPool[Jetty (JenkinsRule)]@1bf2b8c3{STARTED,8<=10<=200,i=4,r=-1,q=0}[ReservedThreadExecutor@67788d7c{reserved=0/16,pending=0}][pc=0,pic=0,pec=0,epc=0]@2024-10-22T18:14:52.941577+05:30
18:14:52.941 [Executing testAdminWithoutCredentialsView(org.conjur.jenkins.credentials.ConjurCredentialStoreTest)] DEBUG org.eclipse.jetty.util.component.AbstractLifeCycle -- STOPPED EatWhatYouKill@73450e80/SelectorProducer@207828cd/IDLE/p=false/QueuedThreadPool[Jetty (JenkinsRule)]@1bf2b8c3{STARTED,8<=10<=200,i=4,r=-1,q=0}[ReservedThreadExecutor@67788d7c{reserved=0/16,pending=0}][pc=0,pic=0,pec=0,epc=0]@2024-10-22T18:14:52.941631+05:30
18:14:52.941 [Jetty (JenkinsRule)-490] DEBUG org.eclipse.jetty.util.thread.QueuedThreadPool -- ran org.eclipse.jetty.io.ManagedSelector$$Lambda$424/0x00000001403801f8@79569c14 in QueuedThreadPool[Jetty (JenkinsRule)]@1bf2b8c3{STARTED,8<=10<=200,i=4,r=-1,q=0}[ReservedThreadExecutor@67788d7c{reserved=0/16,pending=0}]
18:14:52.941 [Executing testAdminWithoutCredentialsView(org.conjur.jenkins.credentials.ConjurCredentialStoreTest)] DEBUG org.eclipse.jetty.util.component.AbstractLifeCycle -- STOPPED ManagedSelector@2440fa1e{STOPPED} id=5 keys=-1 selected=-1 updates=0
18:14:52.941 [Executing testAdminWithoutCredentialsView(org.conjur.jenkins.credentials.ConjurCredentialStoreTest)] DEBUG org.eclipse.jetty.util.component.AbstractLifeCycle -- stopping ManagedSelector@47f4b69a{STARTED} id=4 keys=0 selected=0 updates=0
18:14:52.941 [Executing testAdminWithoutCredentialsView(org.conjur.jenkins.credentials.ConjurCredentialStoreTest)] DEBUG org.eclipse.jetty.io.ManagedSelector -- Queued change lazy=false org.eclipse.jetty.io.ManagedSelector$CloseConnections@48ea361d on ManagedSelector@47f4b69a{STOPPING} id=4 keys=0 selected=0 updates=0
18:14:52.941 [Executing testAdminWithoutCredentialsView(org.conjur.jenkins.credentials.ConjurCredentialStoreTest)] DEBUG org.eclipse.jetty.io.ManagedSelector -- Wakeup on submit ManagedSelector@47f4b69a{STOPPING} id=4 keys=0 selected=0 updates=1
18:14:52.941 [Jetty (JenkinsRule)-489] DEBUG org.eclipse.jetty.io.ManagedSelector -- Selector sun.nio.ch.KQueueSelectorImpl@209ebab4 woken with none selected
18:14:52.941 [Jetty (JenkinsRule)-489] DEBUG org.eclipse.jetty.io.ManagedSelector -- Selector sun.nio.ch.KQueueSelectorImpl@209ebab4 woken up from select, 0/0/0 selected
18:14:52.941 [Jetty (JenkinsRule)-489] DEBUG org.eclipse.jetty.io.ManagedSelector -- Selector sun.nio.ch.KQueueSelectorImpl@209ebab4 processing 0 keys, 1 updates
18:14:52.941 [Jetty (JenkinsRule)-489] DEBUG org.eclipse.jetty.io.ManagedSelector -- updateable 1
18:14:52.941 [Jetty (JenkinsRule)-489] DEBUG org.eclipse.jetty.io.ManagedSelector -- update org.eclipse.jetty.io.ManagedSelector$CloseConnections@48ea361d
18:14:52.941 [Jetty (JenkinsRule)-489] DEBUG org.eclipse.jetty.io.ManagedSelector -- Closing 0 connections on ManagedSelector@47f4b69a{STOPPING} id=4 keys=0 selected=0 updates=0
18:14:52.941 [Jetty (JenkinsRule)-489] DEBUG org.eclipse.jetty.io.ManagedSelector -- updates 0
18:14:52.941 [Jetty (JenkinsRule)-489] DEBUG org.eclipse.jetty.io.ManagedSelector -- Selector sun.nio.ch.KQueueSelectorImpl@209ebab4 waiting with 0 keys
18:14:52.941 [Executing testAdminWithoutCredentialsView(org.conjur.jenkins.credentials.ConjurCredentialStoreTest)] DEBUG org.eclipse.jetty.io.ManagedSelector -- Queued change lazy=false org.eclipse.jetty.io.ManagedSelector$StopSelector@24c2d91c on ManagedSelector@47f4b69a{STOPPING} id=4 keys=0 selected=0 updates=0
18:14:52.941 [Executing testAdminWithoutCredentialsView(org.conjur.jenkins.credentials.ConjurCredentialStoreTest)] DEBUG org.eclipse.jetty.io.ManagedSelector -- Wakeup on submit ManagedSelector@47f4b69a{STOPPING} id=4 keys=0 selected=0 updates=1
18:14:52.941 [Jetty (JenkinsRule)-489] DEBUG org.eclipse.jetty.io.ManagedSelector -- Selector sun.nio.ch.KQueueSelectorImpl@209ebab4 woken with none selected
18:14:52.941 [Jetty (JenkinsRule)-489] DEBUG org.eclipse.jetty.io.ManagedSelector -- Selector sun.nio.ch.KQueueSelectorImpl@209ebab4 woken up from select, 0/0/0 selected
18:14:52.941 [Jetty (JenkinsRule)-489] DEBUG org.eclipse.jetty.io.ManagedSelector -- Selector sun.nio.ch.KQueueSelectorImpl@209ebab4 processing 0 keys, 1 updates
18:14:52.941 [Jetty (JenkinsRule)-489] DEBUG org.eclipse.jetty.io.ManagedSelector -- updateable 1
18:14:52.941 [Jetty (JenkinsRule)-489] DEBUG org.eclipse.jetty.io.ManagedSelector -- update org.eclipse.jetty.io.ManagedSelector$StopSelector@24c2d91c
18:14:52.942 [Jetty (JenkinsRule)-489] DEBUG org.eclipse.jetty.io.ManagedSelector -- updates 0
18:14:52.942 [Jetty (JenkinsRule)-489] DEBUG org.eclipse.jetty.util.thread.QueuedThreadPool -- ran org.eclipse.jetty.io.ManagedSelector$$Lambda$424/0x00000001403801f8@49d4c5fb in QueuedThreadPool[Jetty (JenkinsRule)]@1bf2b8c3{STARTED,8<=10<=200,i=5,r=-1,q=0}[ReservedThreadExecutor@67788d7c{reserved=0/16,pending=0}]
18:14:52.942 [Executing testAdminWithoutCredentialsView(org.conjur.jenkins.credentials.ConjurCredentialStoreTest)] DEBUG org.eclipse.jetty.util.component.AbstractLifeCycle -- stopping EatWhatYouKill@3d1dce73/SelectorProducer@4ee94aa6/IDLE/p=false/QueuedThreadPool[Jetty (JenkinsRule)]@1bf2b8c3{STARTED,8<=10<=200,i=5,r=-1,q=0}[ReservedThreadExecutor@67788d7c{reserved=0/16,pending=0}][pc=0,pic=0,pec=0,epc=0]@2024-10-22T18:14:52.942058+05:30
18:14:52.942 [Executing testAdminWithoutCredentialsView(org.conjur.jenkins.credentials.ConjurCredentialStoreTest)] DEBUG org.eclipse.jetty.util.component.AbstractLifeCycle -- STOPPED EatWhatYouKill@3d1dce73/SelectorProducer@4ee94aa6/IDLE/p=false/QueuedThreadPool[Jetty (JenkinsRule)]@1bf2b8c3{STARTED,8<=10<=200,i=6,r=-1,q=0}[ReservedThreadExecutor@67788d7c{reserved=0/16,pending=0}][pc=0,pic=0,pec=0,epc=0]@2024-10-22T18:14:52.94211+05:30
18:14:52.942 [Executing testAdminWithoutCredentialsView(org.conjur.jenkins.credentials.ConjurCredentialStoreTest)] DEBUG org.eclipse.jetty.util.component.AbstractLifeCycle -- STOPPED ManagedSelector@47f4b69a{STOPPED} id=4 keys=-1 selected=-1 updates=0
18:14:52.942 [Executing testAdminWithoutCredentialsView(org.conjur.jenkins.credentials.ConjurCredentialStoreTest)] DEBUG org.eclipse.jetty.util.component.AbstractLifeCycle -- stopping ManagedSelector@4def3d51{STARTED} id=3 keys=0 selected=0 updates=0
18:14:52.942 [Executing testAdminWithoutCredentialsView(org.conjur.jenkins.credentials.ConjurCredentialStoreTest)] DEBUG org.eclipse.jetty.io.ManagedSelector -- Queued change lazy=false org.eclipse.jetty.io.ManagedSelector$CloseConnections@2078da2e on ManagedSelector@4def3d51{STOPPING} id=3 keys=0 selected=0 updates=0
18:14:52.942 [Executing testAdminWithoutCredentialsView(org.conjur.jenkins.credentials.ConjurCredentialStoreTest)] DEBUG org.eclipse.jetty.io.ManagedSelector -- Wakeup on submit ManagedSelector@4def3d51{STOPPING} id=3 keys=0 selected=0 updates=1
18:14:52.942 [Jetty (JenkinsRule)-488] DEBUG org.eclipse.jetty.io.ManagedSelector -- Selector sun.nio.ch.KQueueSelectorImpl@7838791d woken with none selected
18:14:52.942 [Jetty (JenkinsRule)-488] DEBUG org.eclipse.jetty.io.ManagedSelector -- Selector sun.nio.ch.KQueueSelectorImpl@7838791d woken up from select, 0/0/0 selected
18:14:52.942 [Jetty (JenkinsRule)-488] DEBUG org.eclipse.jetty.io.ManagedSelector -- Selector sun.nio.ch.KQueueSelectorImpl@7838791d processing 0 keys, 1 updates
18:14:52.942 [Jetty (JenkinsRule)-488] DEBUG org.eclipse.jetty.io.ManagedSelector -- updateable 1
18:14:52.942 [Jetty (JenkinsRule)-488] DEBUG org.eclipse.jetty.io.ManagedSelector -- update org.eclipse.jetty.io.ManagedSelector$CloseConnections@2078da2e
18:14:52.942 [Jetty (JenkinsRule)-488] DEBUG org.eclipse.jetty.io.ManagedSelector -- Closing 0 connections on ManagedSelector@4def3d51{STOPPING} id=3 keys=0 selected=0 updates=0
18:14:52.942 [Jetty (JenkinsRule)-488] DEBUG org.eclipse.jetty.io.ManagedSelector -- updates 0
18:14:52.942 [Jetty (JenkinsRule)-488] DEBUG org.eclipse.jetty.io.ManagedSelector -- Selector sun.nio.ch.KQueueSelectorImpl@7838791d waiting with 0 keys
18:14:52.942 [Executing testAdminWithoutCredentialsView(org.conjur.jenkins.credentials.ConjurCredentialStoreTest)] DEBUG org.eclipse.jetty.io.ManagedSelector -- Queued change lazy=false org.eclipse.jetty.io.ManagedSelector$StopSelector@7f1c6f39 on ManagedSelector@4def3d51{STOPPING} id=3 keys=0 selected=0 updates=0
18:14:52.942 [Executing testAdminWithoutCredentialsView(org.conjur.jenkins.credentials.ConjurCredentialStoreTest)] DEBUG org.eclipse.jetty.io.ManagedSelector -- Wakeup on submit ManagedSelector@4def3d51{STOPPING} id=3 keys=0 selected=0 updates=1
18:14:52.942 [Jetty (JenkinsRule)-488] DEBUG org.eclipse.jetty.io.ManagedSelector -- Selector sun.nio.ch.KQueueSelectorImpl@7838791d woken with none selected
18:14:52.942 [Jetty (JenkinsRule)-488] DEBUG org.eclipse.jetty.io.ManagedSelector -- Selector sun.nio.ch.KQueueSelectorImpl@7838791d woken up from select, 0/0/0 selected
18:14:52.942 [Jetty (JenkinsRule)-488] DEBUG org.eclipse.jetty.io.ManagedSelector -- Selector sun.nio.ch.KQueueSelectorImpl@7838791d processing 0 keys, 1 updates
18:14:52.942 [Jetty (JenkinsRule)-488] DEBUG org.eclipse.jetty.io.ManagedSelector -- updateable 1
18:14:52.942 [Jetty (JenkinsRule)-488] DEBUG org.eclipse.jetty.io.ManagedSelector -- update org.eclipse.jetty.io.ManagedSelector$StopSelector@7f1c6f39
18:14:52.942 [Jetty (JenkinsRule)-488] DEBUG org.eclipse.jetty.io.ManagedSelector -- updates 0
18:14:52.942 [Jetty (JenkinsRule)-488] DEBUG org.eclipse.jetty.util.thread.QueuedThreadPool -- ran org.eclipse.jetty.io.ManagedSelector$$Lambda$424/0x00000001403801f8@4c6f965c in QueuedThreadPool[Jetty (JenkinsRule)]@1bf2b8c3{STARTED,8<=10<=200,i=6,r=-1,q=0}[ReservedThreadExecutor@67788d7c{reserved=0/16,pending=0}]
18:14:52.942 [Executing testAdminWithoutCredentialsView(org.conjur.jenkins.credentials.ConjurCredentialStoreTest)] DEBUG org.eclipse.jetty.util.component.AbstractLifeCycle -- stopping EatWhatYouKill@53a40462/SelectorProducer@4e18f190/IDLE/p=false/QueuedThreadPool[Jetty (JenkinsRule)]@1bf2b8c3{STARTED,8<=10<=200,i=6,r=-1,q=0}[ReservedThreadExecutor@67788d7c{reserved=0/16,pending=0}][pc=0,pic=0,pec=0,epc=0]@2024-10-22T18:14:52.942555+05:30
18:14:52.942 [Executing testAdminWithoutCredentialsView(org.conjur.jenkins.credentials.ConjurCredentialStoreTest)] DEBUG org.eclipse.jetty.util.component.AbstractLifeCycle -- STOPPED EatWhatYouKill@53a40462/SelectorProducer@4e18f190/IDLE/p=false/QueuedThreadPool[Jetty (JenkinsRule)]@1bf2b8c3{STARTED,8<=10<=200,i=7,r=-1,q=0}[ReservedThreadExecutor@67788d7c{reserved=0/16,pending=0}][pc=0,pic=0,pec=0,epc=0]@2024-10-22T18:14:52.942612+05:30
18:14:52.942 [Executing testAdminWithoutCredentialsView(org.conjur.jenkins.credentials.ConjurCredentialStoreTest)] DEBUG org.eclipse.jetty.util.component.AbstractLifeCycle -- STOPPED ManagedSelector@4def3d51{STOPPED} id=3 keys=-1 selected=-1 updates=0
18:14:52.942 [Executing testAdminWithoutCredentialsView(org.conjur.jenkins.credentials.ConjurCredentialStoreTest)] DEBUG org.eclipse.jetty.util.component.AbstractLifeCycle -- stopping ManagedSelector@5e05d0f7{STARTED} id=2 keys=0 selected=0 updates=0
18:14:52.942 [Executing testAdminWithoutCredentialsView(org.conjur.jenkins.credentials.ConjurCredentialStoreTest)] DEBUG org.eclipse.jetty.io.ManagedSelector -- Queued change lazy=false org.eclipse.jetty.io.ManagedSelector$CloseConnections@665fe419 on ManagedSelector@5e05d0f7{STOPPING} id=2 keys=0 selected=0 updates=0
18:14:52.942 [Executing testAdminWithoutCredentialsView(org.conjur.jenkins.credentials.ConjurCredentialStoreTest)] DEBUG org.eclipse.jetty.io.ManagedSelector -- Wakeup on submit ManagedSelector@5e05d0f7{STOPPING} id=2 keys=0 selected=0 updates=1
18:14:52.942 [Jetty (JenkinsRule)-487] DEBUG org.eclipse.jetty.io.ManagedSelector -- Selector sun.nio.ch.KQueueSelectorImpl@2a8b7270 woken with none selected
18:14:52.942 [Jetty (JenkinsRule)-487] DEBUG org.eclipse.jetty.io.ManagedSelector -- Selector sun.nio.ch.KQueueSelectorImpl@2a8b7270 woken up from select, 0/0/0 selected
18:14:52.942 [Jetty (JenkinsRule)-487] DEBUG org.eclipse.jetty.io.ManagedSelector -- Selector sun.nio.ch.KQueueSelectorImpl@2a8b7270 processing 0 keys, 1 updates
18:14:52.942 [Jetty (JenkinsRule)-487] DEBUG org.eclipse.jetty.io.ManagedSelector -- updateable 1
18:14:52.942 [Jetty (JenkinsRule)-487] DEBUG org.eclipse.jetty.io.ManagedSelector -- update org.eclipse.jetty.io.ManagedSelector$CloseConnections@665fe419
18:14:52.942 [Jetty (JenkinsRule)-487] DEBUG org.eclipse.jetty.io.ManagedSelector -- Closing 0 connections on ManagedSelector@5e05d0f7{STOPPING} id=2 keys=0 selected=0 updates=0
18:14:52.942 [Jetty (JenkinsRule)-487] DEBUG org.eclipse.jetty.io.ManagedSelector -- updates 0
18:14:52.942 [Jetty (JenkinsRule)-487] DEBUG org.eclipse.jetty.io.ManagedSelector -- Selector sun.nio.ch.KQueueSelectorImpl@2a8b7270 waiting with 0 keys
18:14:52.942 [Executing testAdminWithoutCredentialsView(org.conjur.jenkins.credentials.ConjurCredentialStoreTest)] DEBUG org.eclipse.jetty.io.ManagedSelector -- Queued change lazy=false org.eclipse.jetty.io.ManagedSelector$StopSelector@5467dbf7 on ManagedSelector@5e05d0f7{STOPPING} id=2 keys=0 selected=0 updates=0
18:14:52.942 [Executing testAdminWithoutCredentialsView(org.conjur.jenkins.credentials.ConjurCredentialStoreTest)] DEBUG org.eclipse.jetty.io.ManagedSelector -- Wakeup on submit ManagedSelector@5e05d0f7{STOPPING} id=2 keys=0 selected=0 updates=1
18:14:52.942 [Jetty (JenkinsRule)-487] DEBUG org.eclipse.jetty.io.ManagedSelector -- Selector sun.nio.ch.KQueueSelectorImpl@2a8b7270 woken with none selected
18:14:52.942 [Jetty (JenkinsRule)-487] DEBUG org.eclipse.jetty.io.ManagedSelector -- Selector sun.nio.ch.KQueueSelectorImpl@2a8b7270 woken up from select, 0/0/0 selected
18:14:52.942 [Jetty (JenkinsRule)-487] DEBUG org.eclipse.jetty.io.ManagedSelector -- Selector sun.nio.ch.KQueueSelectorImpl@2a8b7270 processing 0 keys, 1 updates
18:14:52.942 [Jetty (JenkinsRule)-487] DEBUG org.eclipse.jetty.io.ManagedSelector -- updateable 1
18:14:52.942 [Jetty (JenkinsRule)-487] DEBUG org.eclipse.jetty.io.ManagedSelector -- update org.eclipse.jetty.io.ManagedSelector$StopSelector@5467dbf7
18:14:52.943 [Jetty (JenkinsRule)-487] DEBUG org.eclipse.jetty.io.ManagedSelector -- updates 0
18:14:52.943 [Jetty (JenkinsRule)-487] DEBUG org.eclipse.jetty.util.thread.QueuedThreadPool -- ran org.eclipse.jetty.io.ManagedSelector$$Lambda$424/0x00000001403801f8@3305a177 in QueuedThreadPool[Jetty (JenkinsRule)]@1bf2b8c3{STARTED,8<=10<=200,i=7,r=-1,q=0}[ReservedThreadExecutor@67788d7c{reserved=0/16,pending=0}]
18:14:52.943 [Executing testAdminWithoutCredentialsView(org.conjur.jenkins.credentials.ConjurCredentialStoreTest)] DEBUG org.eclipse.jetty.util.component.AbstractLifeCycle -- stopping EatWhatYouKill@21579ed8/SelectorProducer@4a3929b3/IDLE/p=false/QueuedThreadPool[Jetty (JenkinsRule)]@1bf2b8c3{STARTED,8<=10<=200,i=7,r=-1,q=0}[ReservedThreadExecutor@67788d7c{reserved=0/16,pending=0}][pc=0,pic=0,pec=0,epc=0]@2024-10-22T18:14:52.943074+05:30
18:14:52.943 [Executing testAdminWithoutCredentialsView(org.conjur.jenkins.credentials.ConjurCredentialStoreTest)] DEBUG org.eclipse.jetty.util.component.AbstractLifeCycle -- STOPPED EatWhatYouKill@21579ed8/SelectorProducer@4a3929b3/IDLE/p=false/QueuedThreadPool[Jetty (JenkinsRule)]@1bf2b8c3{STARTED,8<=10<=200,i=8,r=-1,q=0}[ReservedThreadExecutor@67788d7c{reserved=0/16,pending=0}][pc=0,pic=0,pec=0,epc=0]@2024-10-22T18:14:52.943118+05:30
18:14:52.943 [Executing testAdminWithoutCredentialsView(org.conjur.jenkins.credentials.ConjurCredentialStoreTest)] DEBUG org.eclipse.jetty.util.component.AbstractLifeCycle -- STOPPED ManagedSelector@5e05d0f7{STOPPED} id=2 keys=-1 selected=-1 updates=0
18:14:52.943 [Executing testAdminWithoutCredentialsView(org.conjur.jenkins.credentials.ConjurCredentialStoreTest)] DEBUG org.eclipse.jetty.util.component.AbstractLifeCycle -- stopping ManagedSelector@27b54326{STARTED} id=1 keys=0 selected=0 updates=0
18:14:52.943 [Executing testAdminWithoutCredentialsView(org.conjur.jenkins.credentials.ConjurCredentialStoreTest)] DEBUG org.eclipse.jetty.io.ManagedSelector -- Queued change lazy=false org.eclipse.jetty.io.ManagedSelector$CloseConnections@3228d2ff on ManagedSelector@27b54326{STOPPING} id=1 keys=0 selected=0 updates=0
18:14:52.943 [Executing testAdminWithoutCredentialsView(org.conjur.jenkins.credentials.ConjurCredentialStoreTest)] DEBUG org.eclipse.jetty.io.ManagedSelector -- Wakeup on submit ManagedSelector@27b54326{STOPPING} id=1 keys=0 selected=0 updates=1
18:14:52.943 [Jetty (JenkinsRule)-486] DEBUG org.eclipse.jetty.io.ManagedSelector -- Selector sun.nio.ch.KQueueSelectorImpl@43b32e0 woken with none selected
18:14:52.943 [Jetty (JenkinsRule)-486] DEBUG org.eclipse.jetty.io.ManagedSelector -- Selector sun.nio.ch.KQueueSelectorImpl@43b32e0 woken up from select, 0/0/0 selected
18:14:52.943 [Jetty (JenkinsRule)-486] DEBUG org.eclipse.jetty.io.ManagedSelector -- Selector sun.nio.ch.KQueueSelectorImpl@43b32e0 processing 0 keys, 1 updates
18:14:52.943 [Jetty (JenkinsRule)-486] DEBUG org.eclipse.jetty.io.ManagedSelector -- updateable 1
18:14:52.943 [Jetty (JenkinsRule)-486] DEBUG org.eclipse.jetty.io.ManagedSelector -- update org.eclipse.jetty.io.ManagedSelector$CloseConnections@3228d2ff
18:14:52.943 [Jetty (JenkinsRule)-486] DEBUG org.eclipse.jetty.io.ManagedSelector -- Closing 0 connections on ManagedSelector@27b54326{STOPPING} id=1 keys=0 selected=0 updates=0
18:14:52.943 [Jetty (JenkinsRule)-486] DEBUG org.eclipse.jetty.io.ManagedSelector -- updates 0
18:14:52.943 [Jetty (JenkinsRule)-486] DEBUG org.eclipse.jetty.io.ManagedSelector -- Selector sun.nio.ch.KQueueSelectorImpl@43b32e0 waiting with 0 keys
18:14:52.943 [Executing testAdminWithoutCredentialsView(org.conjur.jenkins.credentials.ConjurCredentialStoreTest)] DEBUG org.eclipse.jetty.io.ManagedSelector -- Queued change lazy=false org.eclipse.jetty.io.ManagedSelector$StopSelector@2ed10624 on ManagedSelector@27b54326{STOPPING} id=1 keys=0 selected=0 updates=0
18:14:52.943 [Executing testAdminWithoutCredentialsView(org.conjur.jenkins.credentials.ConjurCredentialStoreTest)] DEBUG org.eclipse.jetty.io.ManagedSelector -- Wakeup on submit ManagedSelector@27b54326{STOPPING} id=1 keys=0 selected=0 updates=1
18:14:52.943 [Jetty (JenkinsRule)-486] DEBUG org.eclipse.jetty.io.ManagedSelector -- Selector sun.nio.ch.KQueueSelectorImpl@43b32e0 woken with none selected
18:14:52.943 [Jetty (JenkinsRule)-486] DEBUG org.eclipse.jetty.io.ManagedSelector -- Selector sun.nio.ch.KQueueSelectorImpl@43b32e0 woken up from select, 0/0/0 selected
18:14:52.943 [Jetty (JenkinsRule)-486] DEBUG org.eclipse.jetty.io.ManagedSelector -- Selector sun.nio.ch.KQueueSelectorImpl@43b32e0 processing 0 keys, 1 updates
18:14:52.943 [Jetty (JenkinsRule)-486] DEBUG org.eclipse.jetty.io.ManagedSelector -- updateable 1
18:14:52.943 [Jetty (JenkinsRule)-486] DEBUG org.eclipse.jetty.io.ManagedSelector -- update org.eclipse.jetty.io.ManagedSelector$StopSelector@2ed10624
18:14:52.943 [Jetty (JenkinsRule)-486] DEBUG org.eclipse.jetty.io.ManagedSelector -- updates 0
18:14:52.943 [Jetty (JenkinsRule)-486] DEBUG org.eclipse.jetty.util.thread.QueuedThreadPool -- ran org.eclipse.jetty.io.ManagedSelector$$Lambda$424/0x00000001403801f8@4885a958 in QueuedThreadPool[Jetty (JenkinsRule)]@1bf2b8c3{STARTED,8<=10<=200,i=8,r=-1,q=0}[ReservedThreadExecutor@67788d7c{reserved=0/16,pending=0}]
18:14:52.943 [Executing testAdminWithoutCredentialsView(org.conjur.jenkins.credentials.ConjurCredentialStoreTest)] DEBUG org.eclipse.jetty.util.component.AbstractLifeCycle -- stopping EatWhatYouKill@5b761e67/SelectorProducer@642e00db/IDLE/p=false/QueuedThreadPool[Jetty (JenkinsRule)]@1bf2b8c3{STARTED,8<=10<=200,i=8,r=-1,q=0}[ReservedThreadExecutor@67788d7c{reserved=0/16,pending=0}][pc=0,pic=0,pec=0,epc=0]@2024-10-22T18:14:52.943491+05:30
18:14:52.943 [Executing testAdminWithoutCredentialsView(org.conjur.jenkins.credentials.ConjurCredentialStoreTest)] DEBUG org.eclipse.jetty.util.component.AbstractLifeCycle -- STOPPED EatWhatYouKill@5b761e67/SelectorProducer@642e00db/IDLE/p=false/QueuedThreadPool[Jetty (JenkinsRule)]@1bf2b8c3{STARTED,8<=10<=200,i=9,r=-1,q=0}[ReservedThreadExecutor@67788d7c{reserved=0/16,pending=0}][pc=0,pic=0,pec=0,epc=0]@2024-10-22T18:14:52.943531+05:30
18:14:52.945 [Executing testAdminWithoutCredentialsView(org.conjur.jenkins.credentials.ConjurCredentialStoreTest)] DEBUG org.eclipse.jetty.util.component.AbstractLifeCycle -- STOPPED ManagedSelector@27b54326{STOPPED} id=1 keys=-1 selected=-1 updates=0
18:14:52.945 [Executing testAdminWithoutCredentialsView(org.conjur.jenkins.credentials.ConjurCredentialStoreTest)] DEBUG org.eclipse.jetty.util.component.AbstractLifeCycle -- stopping ManagedSelector@6ecd0525{STARTED} id=0 keys=0 selected=0 updates=0
18:14:52.945 [Executing testAdminWithoutCredentialsView(org.conjur.jenkins.credentials.ConjurCredentialStoreTest)] DEBUG org.eclipse.jetty.io.ManagedSelector -- Queued change lazy=false org.eclipse.jetty.io.ManagedSelector$CloseConnections@373750cb on ManagedSelector@6ecd0525{STOPPING} id=0 keys=0 selected=0 updates=0
18:14:52.945 [Executing testAdminWithoutCredentialsView(org.conjur.jenkins.credentials.ConjurCredentialStoreTest)] DEBUG org.eclipse.jetty.io.ManagedSelector -- Wakeup on submit ManagedSelector@6ecd0525{STOPPING} id=0 keys=0 selected=0 updates=1
18:14:52.945 [Jetty (JenkinsRule)-485] DEBUG org.eclipse.jetty.io.ManagedSelector -- Selector sun.nio.ch.KQueueSelectorImpl@1bc4c172 woken with none selected
18:14:52.945 [Jetty (JenkinsRule)-485] DEBUG org.eclipse.jetty.io.ManagedSelector -- Selector sun.nio.ch.KQueueSelectorImpl@1bc4c172 woken up from select, 0/0/0 selected
18:14:52.945 [Jetty (JenkinsRule)-485] DEBUG org.eclipse.jetty.io.ManagedSelector -- Selector sun.nio.ch.KQueueSelectorImpl@1bc4c172 processing 0 keys, 1 updates
18:14:52.945 [Jetty (JenkinsRule)-485] DEBUG org.eclipse.jetty.io.ManagedSelector -- updateable 1
18:14:52.945 [Jetty (JenkinsRule)-485] DEBUG org.eclipse.jetty.io.ManagedSelector -- update org.eclipse.jetty.io.ManagedSelector$CloseConnections@373750cb
18:14:52.945 [Jetty (JenkinsRule)-485] DEBUG org.eclipse.jetty.io.ManagedSelector -- Closing 0 connections on ManagedSelector@6ecd0525{STOPPING} id=0 keys=0 selected=0 updates=0
18:14:52.945 [Jetty (JenkinsRule)-485] DEBUG org.eclipse.jetty.io.ManagedSelector -- updates 0
18:14:52.945 [Jetty (JenkinsRule)-485] DEBUG org.eclipse.jetty.io.ManagedSelector -- Selector sun.nio.ch.KQueueSelectorImpl@1bc4c172 waiting with 0 keys
18:14:52.945 [Executing testAdminWithoutCredentialsView(org.conjur.jenkins.credentials.ConjurCredentialStoreTest)] DEBUG org.eclipse.jetty.io.ManagedSelector -- Queued change lazy=false org.eclipse.jetty.io.ManagedSelector$StopSelector@5de59db9 on ManagedSelector@6ecd0525{STOPPING} id=0 keys=0 selected=0 updates=0
18:14:52.945 [Executing testAdminWithoutCredentialsView(org.conjur.jenkins.credentials.ConjurCredentialStoreTest)] DEBUG org.eclipse.jetty.io.ManagedSelector -- Wakeup on submit ManagedSelector@6ecd0525{STOPPING} id=0 keys=0 selected=0 updates=1
18:14:52.945 [Jetty (JenkinsRule)-485] DEBUG org.eclipse.jetty.io.ManagedSelector -- Selector sun.nio.ch.KQueueSelectorImpl@1bc4c172 woken with none selected
18:14:52.945 [Jetty (JenkinsRule)-485] DEBUG org.eclipse.jetty.io.ManagedSelector -- Selector sun.nio.ch.KQueueSelectorImpl@1bc4c172 woken up from select, 0/0/0 selected
18:14:52.945 [Jetty (JenkinsRule)-485] DEBUG org.eclipse.jetty.io.ManagedSelector -- Selector sun.nio.ch.KQueueSelectorImpl@1bc4c172 processing 0 keys, 1 updates
18:14:52.945 [Jetty (JenkinsRule)-485] DEBUG org.eclipse.jetty.io.ManagedSelector -- updateable 1
18:14:52.945 [Jetty (JenkinsRule)-485] DEBUG org.eclipse.jetty.io.ManagedSelector -- update org.eclipse.jetty.io.ManagedSelector$StopSelector@5de59db9
18:14:52.945 [Jetty (JenkinsRule)-485] DEBUG org.eclipse.jetty.io.ManagedSelector -- updates 0
18:14:52.945 [Jetty (JenkinsRule)-485] DEBUG org.eclipse.jetty.util.thread.QueuedThreadPool -- ran org.eclipse.jetty.io.ManagedSelector$$Lambda$424/0x00000001403801f8@153915f0 in QueuedThreadPool[Jetty (JenkinsRule)]@1bf2b8c3{STARTED,8<=10<=200,i=9,r=-1,q=0}[ReservedThreadExecutor@67788d7c{reserved=0/16,pending=0}]
18:14:52.945 [Executing testAdminWithoutCredentialsView(org.conjur.jenkins.credentials.ConjurCredentialStoreTest)] DEBUG org.eclipse.jetty.util.component.AbstractLifeCycle -- stopping EatWhatYouKill@2cf272a0/SelectorProducer@58236f6f/IDLE/p=false/QueuedThreadPool[Jetty (JenkinsRule)]@1bf2b8c3{STARTED,8<=10<=200,i=9,r=-1,q=0}[ReservedThreadExecutor@67788d7c{reserved=0/16,pending=0}][pc=0,pic=0,pec=0,epc=0]@2024-10-22T18:14:52.945751+05:30
18:14:52.945 [Executing testAdminWithoutCredentialsView(org.conjur.jenkins.credentials.ConjurCredentialStoreTest)] DEBUG org.eclipse.jetty.util.component.AbstractLifeCycle -- STOPPED EatWhatYouKill@2cf272a0/SelectorProducer@58236f6f/IDLE/p=false/QueuedThreadPool[Jetty (JenkinsRule)]@1bf2b8c3{STARTED,8<=10<=200,i=10,r=-1,q=0}[ReservedThreadExecutor@67788d7c{reserved=0/16,pending=0}][pc=0,pic=0,pec=0,epc=0]@2024-10-22T18:14:52.945813+05:30
18:14:52.945 [Executing testAdminWithoutCredentialsView(org.conjur.jenkins.credentials.ConjurCredentialStoreTest)] DEBUG org.eclipse.jetty.util.component.AbstractLifeCycle -- STOPPED ManagedSelector@6ecd0525{STOPPED} id=0 keys=-1 selected=-1 updates=0
18:14:52.945 [Executing testAdminWithoutCredentialsView(org.conjur.jenkins.credentials.ConjurCredentialStoreTest)] DEBUG org.eclipse.jetty.util.component.AbstractLifeCycle -- STOPPED SelectorManager@ServerConnector@65ca16f2{HTTP/1.1, (http/1.1)}{localhost:0}
18:14:52.945 [Executing testAdminWithoutCredentialsView(org.conjur.jenkins.credentials.ConjurCredentialStoreTest)] DEBUG org.eclipse.jetty.util.component.AbstractLifeCycle -- stopping HttpConnectionFactory@7bae4ded[HTTP/1.1]
18:14:52.945 [Executing testAdminWithoutCredentialsView(org.conjur.jenkins.credentials.ConjurCredentialStoreTest)] DEBUG org.eclipse.jetty.util.component.AbstractLifeCycle -- STOPPED HttpConnectionFactory@7bae4ded[HTTP/1.1]
18:14:52.945 [Executing testAdminWithoutCredentialsView(org.conjur.jenkins.credentials.ConjurCredentialStoreTest)] DEBUG org.eclipse.jetty.util.component.AbstractLifeCycle -- stopping ScheduledExecutorScheduler@57893f56{STARTED}
18:14:52.945 [Executing testAdminWithoutCredentialsView(org.conjur.jenkins.credentials.ConjurCredentialStoreTest)] DEBUG org.eclipse.jetty.util.component.AbstractLifeCycle -- STOPPED ScheduledExecutorScheduler@57893f56{STOPPED}
18:14:52.945 [Executing testAdminWithoutCredentialsView(org.conjur.jenkins.credentials.ConjurCredentialStoreTest)] INFO org.eclipse.jetty.server.AbstractConnector -- Stopped ServerConnector@65ca16f2{HTTP/1.1, (http/1.1)}{localhost:0}
18:14:52.946 [Executing testAdminWithoutCredentialsView(org.conjur.jenkins.credentials.ConjurCredentialStoreTest)] DEBUG org.eclipse.jetty.util.component.AbstractLifeCycle -- STOPPED ServerConnector@65ca16f2{HTTP/1.1, (http/1.1)}{localhost:0}
18:14:52.946 [Executing testAdminWithoutCredentialsView(org.conjur.jenkins.credentials.ConjurCredentialStoreTest)] DEBUG org.eclipse.jetty.server.handler.AbstractHandler -- stopping Server@5acfb2f8{STOPPING}[9.4.48.v20220622]
18:14:52.946 [Executing testAdminWithoutCredentialsView(org.conjur.jenkins.credentials.ConjurCredentialStoreTest)] DEBUG org.eclipse.jetty.util.component.AbstractLifeCycle -- stopping DefaultSessionIdManager@60873d91{STARTED}[worker=node0]
18:14:52.946 [Executing testAdminWithoutCredentialsView(org.conjur.jenkins.credentials.ConjurCredentialStoreTest)] DEBUG org.eclipse.jetty.util.component.AbstractLifeCycle -- stopping HouseKeeper@34d634fb{STARTED}[interval=660000, ownscheduler=true]
18:14:52.946 [Executing testAdminWithoutCredentialsView(org.conjur.jenkins.credentials.ConjurCredentialStoreTest)] INFO org.eclipse.jetty.server.session -- node0 Stopped scavenging
18:14:52.946 [Executing testAdminWithoutCredentialsView(org.conjur.jenkins.credentials.ConjurCredentialStoreTest)] DEBUG org.eclipse.jetty.util.component.AbstractLifeCycle -- stopping ScheduledExecutorScheduler@677d4ea1{STARTED}
18:14:52.946 [Executing testAdminWithoutCredentialsView(org.conjur.jenkins.credentials.ConjurCredentialStoreTest)] DEBUG org.eclipse.jetty.util.component.AbstractLifeCycle -- STOPPED ScheduledExecutorScheduler@677d4ea1{STOPPED}
18:14:52.946 [Executing testAdminWithoutCredentialsView(org.conjur.jenkins.credentials.ConjurCredentialStoreTest)] DEBUG org.eclipse.jetty.util.component.AbstractLifeCycle -- STOPPED HouseKeeper@34d634fb{STOPPED}[interval=660000, ownscheduler=false]
18:14:52.946 [Executing testAdminWithoutCredentialsView(org.conjur.jenkins.credentials.ConjurCredentialStoreTest)] DEBUG org.eclipse.jetty.util.component.AbstractLifeCycle -- STOPPED DefaultSessionIdManager@60873d91{STOPPED}[worker=node0]
18:14:52.946 [Executing testAdminWithoutCredentialsView(org.conjur.jenkins.credentials.ConjurCredentialStoreTest)] DEBUG org.eclipse.jetty.util.component.AbstractLifeCycle -- stopping ErrorHandler@52b06c5e{STARTED}
18:14:52.946 [Executing testAdminWithoutCredentialsView(org.conjur.jenkins.credentials.ConjurCredentialStoreTest)] DEBUG org.eclipse.jetty.server.handler.AbstractHandler -- stopping ErrorHandler@52b06c5e{STOPPING}
18:14:52.946 [Executing testAdminWithoutCredentialsView(org.conjur.jenkins.credentials.ConjurCredentialStoreTest)] DEBUG org.eclipse.jetty.util.component.AbstractLifeCycle -- STOPPED ErrorHandler@52b06c5e{STOPPED}
18:14:52.946 [Executing testAdminWithoutCredentialsView(org.conjur.jenkins.credentials.ConjurCredentialStoreTest)] DEBUG org.eclipse.jetty.util.component.AbstractLifeCycle -- stopping o.e.j.w.WebAppContext@6565d048{Jenkins v2.346.3,/jenkins,file:///Users/sameer.shaik/MyWorkSpace/17OctV2.2.3-New-BitBucketIssueFixed/conjur-credentials-plugin/target/jenkins-for-test/,SHUTDOWN}{/Users/sameer.shaik/MyWorkSpace/17OctV2.2.3-New-BitBucketIssueFixed/conjur-credentials-plugin/target/jenkins-for-test}
18:14:52.946 [Executing testAdminWithoutCredentialsView(org.conjur.jenkins.credentials.ConjurCredentialStoreTest)] DEBUG org.eclipse.jetty.server.handler.AbstractHandlerContainer -- Graceful shutdown o.e.j.w.WebAppContext@6565d048{Jenkins v2.346.3,/jenkins,file:///Users/sameer.shaik/MyWorkSpace/17OctV2.2.3-New-BitBucketIssueFixed/conjur-credentials-plugin/target/jenkins-for-test/,SHUTDOWN}{/Users/sameer.shaik/MyWorkSpace/17OctV2.2.3-New-BitBucketIssueFixed/conjur-credentials-plugin/target/jenkins-for-test} by 
18:14:52.946 [Executing testAdminWithoutCredentialsView(org.conjur.jenkins.credentials.ConjurCredentialStoreTest)] DEBUG org.eclipse.jetty.server.handler.AbstractHandler -- stopping o.e.j.w.WebAppContext@6565d048{Jenkins v2.346.3,/jenkins,file:///Users/sameer.shaik/MyWorkSpace/17OctV2.2.3-New-BitBucketIssueFixed/conjur-credentials-plugin/target/jenkins-for-test/,STOPPED}{/Users/sameer.shaik/MyWorkSpace/17OctV2.2.3-New-BitBucketIssueFixed/conjur-credentials-plugin/target/jenkins-for-test}
18:14:52.946 [Executing testAdminWithoutCredentialsView(org.conjur.jenkins.credentials.ConjurCredentialStoreTest)] DEBUG org.eclipse.jetty.util.component.AbstractLifeCycle -- stopping NoListenerConfiguration@2e1b04bd{STARTED}
18:14:52.946 [Executing testAdminWithoutCredentialsView(org.conjur.jenkins.credentials.ConjurCredentialStoreTest)] DEBUG org.eclipse.jetty.util.component.AbstractLifeCycle -- STOPPED NoListenerConfiguration@2e1b04bd{STOPPED}
18:14:52.946 [Executing testAdminWithoutCredentialsView(org.conjur.jenkins.credentials.ConjurCredentialStoreTest)] DEBUG org.eclipse.jetty.util.component.AbstractLifeCycle -- stopping ErrorPageErrorHandler@3eae93ee{STARTED}
18:14:52.946 [Executing testAdminWithoutCredentialsView(org.conjur.jenkins.credentials.ConjurCredentialStoreTest)] DEBUG org.eclipse.jetty.server.handler.AbstractHandler -- stopping ErrorPageErrorHandler@3eae93ee{STOPPING}
18:14:52.946 [Executing testAdminWithoutCredentialsView(org.conjur.jenkins.credentials.ConjurCredentialStoreTest)] DEBUG org.eclipse.jetty.util.component.AbstractLifeCycle -- STOPPED ErrorPageErrorHandler@3eae93ee{STOPPED}
18:14:52.946 [Executing testAdminWithoutCredentialsView(org.conjur.jenkins.credentials.ConjurCredentialStoreTest)] DEBUG org.eclipse.jetty.util.component.AbstractLifeCycle -- stopping org.eclipse.jetty.server.session.SessionHandler987778487==dftMaxIdleSec=1800
18:14:52.946 [Executing testAdminWithoutCredentialsView(org.conjur.jenkins.credentials.ConjurCredentialStoreTest)] DEBUG org.eclipse.jetty.server.session -- Shutdown sessions, invalidating = false
18:14:52.946 [Executing testAdminWithoutCredentialsView(org.conjur.jenkins.credentials.ConjurCredentialStoreTest)] DEBUG org.eclipse.jetty.util.component.AbstractLifeCycle -- stopping org.eclipse.jetty.server.session.DefaultSessionCache@25a3454[evict=-1,removeUnloadable=false,saveOnCreate=false,saveOnInactiveEvict=false]
18:14:52.946 [Executing testAdminWithoutCredentialsView(org.conjur.jenkins.credentials.ConjurCredentialStoreTest)] DEBUG org.eclipse.jetty.util.component.AbstractLifeCycle -- stopping org.eclipse.jetty.server.session.NullSessionDataStore@33bf2568[passivating=false,graceSec=3600]
18:14:52.946 [Executing testAdminWithoutCredentialsView(org.conjur.jenkins.credentials.ConjurCredentialStoreTest)] DEBUG org.eclipse.jetty.util.component.AbstractLifeCycle -- STOPPED org.eclipse.jetty.server.session.NullSessionDataStore@33bf2568[passivating=false,graceSec=3600]
18:14:52.946 [Executing testAdminWithoutCredentialsView(org.conjur.jenkins.credentials.ConjurCredentialStoreTest)] DEBUG org.eclipse.jetty.util.component.AbstractLifeCycle -- STOPPED org.eclipse.jetty.server.session.DefaultSessionCache@25a3454[evict=-1,removeUnloadable=false,saveOnCreate=false,saveOnInactiveEvict=false]
18:14:52.946 [Executing testAdminWithoutCredentialsView(org.conjur.jenkins.credentials.ConjurCredentialStoreTest)] DEBUG org.eclipse.jetty.util.component.AbstractLifeCycle -- stopping ScheduledExecutorScheduler@749178c3{STARTED}
18:14:52.946 [Executing testAdminWithoutCredentialsView(org.conjur.jenkins.credentials.ConjurCredentialStoreTest)] DEBUG org.eclipse.jetty.util.component.AbstractLifeCycle -- STOPPED ScheduledExecutorScheduler@749178c3{STOPPED}
18:14:52.946 [Executing testAdminWithoutCredentialsView(org.conjur.jenkins.credentials.ConjurCredentialStoreTest)] DEBUG org.eclipse.jetty.server.handler.AbstractHandler -- stopping org.eclipse.jetty.server.session.SessionHandler987778487==dftMaxIdleSec=1800
18:14:52.946 [Executing testAdminWithoutCredentialsView(org.conjur.jenkins.credentials.ConjurCredentialStoreTest)] DEBUG org.eclipse.jetty.util.component.AbstractLifeCycle -- stopping ConstraintSecurityHandler@714c2d33{STARTED}
18:14:52.946 [Executing testAdminWithoutCredentialsView(org.conjur.jenkins.credentials.ConjurCredentialStoreTest)] DEBUG org.eclipse.jetty.server.handler.AbstractHandler -- stopping ConstraintSecurityHandler@714c2d33{STOPPING}
18:14:52.946 [Executing testAdminWithoutCredentialsView(org.conjur.jenkins.credentials.ConjurCredentialStoreTest)] DEBUG org.eclipse.jetty.util.component.AbstractLifeCycle -- stopping HashLoginService@78cca023[default]
18:14:52.946 [Executing testAdminWithoutCredentialsView(org.conjur.jenkins.credentials.ConjurCredentialStoreTest)] DEBUG org.eclipse.jetty.util.component.AbstractLifeCycle -- stopping UserStore@6bae3a71{STARTED}
18:14:52.946 [Executing testAdminWithoutCredentialsView(org.conjur.jenkins.credentials.ConjurCredentialStoreTest)] DEBUG org.eclipse.jetty.util.component.AbstractLifeCycle -- STOPPED UserStore@6bae3a71{STOPPED}
18:14:52.946 [Executing testAdminWithoutCredentialsView(org.conjur.jenkins.credentials.ConjurCredentialStoreTest)] DEBUG org.eclipse.jetty.util.component.AbstractLifeCycle -- STOPPED HashLoginService@78cca023[default]
18:14:52.946 [Executing testAdminWithoutCredentialsView(org.conjur.jenkins.credentials.ConjurCredentialStoreTest)] DEBUG org.eclipse.jetty.util.component.AbstractLifeCycle -- stopping ServletHandler@69bfb7f{STARTED}
18:14:52.946 [Executing testAdminWithoutCredentialsView(org.conjur.jenkins.credentials.ConjurCredentialStoreTest)] DEBUG org.eclipse.jetty.server.handler.AbstractHandler -- stopping ServletHandler@69bfb7f{STOPPING}
18:14:52.946 [Executing testAdminWithoutCredentialsView(org.conjur.jenkins.credentials.ConjurCredentialStoreTest)] DEBUG org.eclipse.jetty.util.component.AbstractLifeCycle -- stopping plugins-filter==hudson.util.PluginServletFilter@52802d7b{inst=true,async=true,src=DESCRIPTOR:file:///Users/sameer.shaik/MyWorkSpace/17OctV2.2.3-New-BitBucketIssueFixed/conjur-credentials-plugin/target/jenkins-for-test/WEB-INF/web.xml}
18:14:52.946 [Executing testAdminWithoutCredentialsView(org.conjur.jenkins.credentials.ConjurCredentialStoreTest)] DEBUG org.eclipse.jetty.util.component.AbstractLifeCycle -- STOPPED plugins-filter==hudson.util.PluginServletFilter@52802d7b{inst=false,async=true,src=DESCRIPTOR:file:///Users/sameer.shaik/MyWorkSpace/17OctV2.2.3-New-BitBucketIssueFixed/conjur-credentials-plugin/target/jenkins-for-test/WEB-INF/web.xml}
18:14:52.946 [Executing testAdminWithoutCredentialsView(org.conjur.jenkins.credentials.ConjurCredentialStoreTest)] DEBUG org.eclipse.jetty.util.component.AbstractLifeCycle -- stopping csrf-filter==hudson.security.csrf.CrumbFilter@5b7d4522{inst=true,async=true,src=DESCRIPTOR:file:///Users/sameer.shaik/MyWorkSpace/17OctV2.2.3-New-BitBucketIssueFixed/conjur-credentials-plugin/target/jenkins-for-test/WEB-INF/web.xml}
18:14:52.946 [Executing testAdminWithoutCredentialsView(org.conjur.jenkins.credentials.ConjurCredentialStoreTest)] DEBUG org.eclipse.jetty.util.component.AbstractLifeCycle -- STOPPED csrf-filter==hudson.security.csrf.CrumbFilter@5b7d4522{inst=false,async=true,src=DESCRIPTOR:file:///Users/sameer.shaik/MyWorkSpace/17OctV2.2.3-New-BitBucketIssueFixed/conjur-credentials-plugin/target/jenkins-for-test/WEB-INF/web.xml}
18:14:52.946 [Executing testAdminWithoutCredentialsView(org.conjur.jenkins.credentials.ConjurCredentialStoreTest)] DEBUG org.eclipse.jetty.util.component.AbstractLifeCycle -- stopping authentication-filter==hudson.security.HudsonFilter@2d39303e{inst=true,async=true,src=DESCRIPTOR:file:///Users/sameer.shaik/MyWorkSpace/17OctV2.2.3-New-BitBucketIssueFixed/conjur-credentials-plugin/target/jenkins-for-test/WEB-INF/web.xml}
18:14:52.946 [Executing testAdminWithoutCredentialsView(org.conjur.jenkins.credentials.ConjurCredentialStoreTest)] DEBUG org.eclipse.jetty.util.component.AbstractLifeCycle -- STOPPED authentication-filter==hudson.security.HudsonFilter@2d39303e{inst=false,async=true,src=DESCRIPTOR:file:///Users/sameer.shaik/MyWorkSpace/17OctV2.2.3-New-BitBucketIssueFixed/conjur-credentials-plugin/target/jenkins-for-test/WEB-INF/web.xml}
18:14:52.946 [Executing testAdminWithoutCredentialsView(org.conjur.jenkins.credentials.ConjurCredentialStoreTest)] DEBUG org.eclipse.jetty.util.component.AbstractLifeCycle -- stopping compression-filter==org.kohsuke.stapler.compression.CompressionFilter@671a6504{inst=true,async=true,src=DESCRIPTOR:file:///Users/sameer.shaik/MyWorkSpace/17OctV2.2.3-New-BitBucketIssueFixed/conjur-credentials-plugin/target/jenkins-for-test/WEB-INF/web.xml}
18:14:52.946 [Executing testAdminWithoutCredentialsView(org.conjur.jenkins.credentials.ConjurCredentialStoreTest)] DEBUG org.eclipse.jetty.util.component.AbstractLifeCycle -- STOPPED compression-filter==org.kohsuke.stapler.compression.CompressionFilter@671a6504{inst=false,async=true,src=DESCRIPTOR:file:///Users/sameer.shaik/MyWorkSpace/17OctV2.2.3-New-BitBucketIssueFixed/conjur-credentials-plugin/target/jenkins-for-test/WEB-INF/web.xml}
18:14:52.946 [Executing testAdminWithoutCredentialsView(org.conjur.jenkins.credentials.ConjurCredentialStoreTest)] DEBUG org.eclipse.jetty.util.component.AbstractLifeCycle -- stopping encoding-filter==hudson.util.CharacterEncodingFilter@618d1f21{inst=true,async=true,src=DESCRIPTOR:file:///Users/sameer.shaik/MyWorkSpace/17OctV2.2.3-New-BitBucketIssueFixed/conjur-credentials-plugin/target/jenkins-for-test/WEB-INF/web.xml}
18:14:52.946 [Executing testAdminWithoutCredentialsView(org.conjur.jenkins.credentials.ConjurCredentialStoreTest)] DEBUG org.eclipse.jetty.util.component.AbstractLifeCycle -- STOPPED encoding-filter==hudson.util.CharacterEncodingFilter@618d1f21{inst=false,async=true,src=DESCRIPTOR:file:///Users/sameer.shaik/MyWorkSpace/17OctV2.2.3-New-BitBucketIssueFixed/conjur-credentials-plugin/target/jenkins-for-test/WEB-INF/web.xml}
18:14:52.946 [Executing testAdminWithoutCredentialsView(org.conjur.jenkins.credentials.ConjurCredentialStoreTest)] DEBUG org.eclipse.jetty.util.component.AbstractLifeCycle -- stopping diagnostic-name-filter==org.kohsuke.stapler.DiagnosticThreadNameFilter@5a658af9{inst=true,async=true,src=DESCRIPTOR:file:///Users/sameer.shaik/MyWorkSpace/17OctV2.2.3-New-BitBucketIssueFixed/conjur-credentials-plugin/target/jenkins-for-test/WEB-INF/web.xml}
18:14:52.946 [Executing testAdminWithoutCredentialsView(org.conjur.jenkins.credentials.ConjurCredentialStoreTest)] DEBUG org.eclipse.jetty.util.component.AbstractLifeCycle -- STOPPED diagnostic-name-filter==org.kohsuke.stapler.DiagnosticThreadNameFilter@5a658af9{inst=false,async=true,src=DESCRIPTOR:file:///Users/sameer.shaik/MyWorkSpace/17OctV2.2.3-New-BitBucketIssueFixed/conjur-credentials-plugin/target/jenkins-for-test/WEB-INF/web.xml}
18:14:52.946 [Executing testAdminWithoutCredentialsView(org.conjur.jenkins.credentials.ConjurCredentialStoreTest)] DEBUG org.eclipse.jetty.util.component.AbstractLifeCycle -- stopping suspicious-request-filter==jenkins.security.SuspiciousRequestFilter@39ae78e9{inst=true,async=true,src=DESCRIPTOR:file:///Users/sameer.shaik/MyWorkSpace/17OctV2.2.3-New-BitBucketIssueFixed/conjur-credentials-plugin/target/jenkins-for-test/WEB-INF/web.xml}
18:14:52.946 [Executing testAdminWithoutCredentialsView(org.conjur.jenkins.credentials.ConjurCredentialStoreTest)] DEBUG org.eclipse.jetty.util.component.AbstractLifeCycle -- STOPPED suspicious-request-filter==jenkins.security.SuspiciousRequestFilter@39ae78e9{inst=false,async=true,src=DESCRIPTOR:file:///Users/sameer.shaik/MyWorkSpace/17OctV2.2.3-New-BitBucketIssueFixed/conjur-credentials-plugin/target/jenkins-for-test/WEB-INF/web.xml}
18:14:52.946 [Executing testAdminWithoutCredentialsView(org.conjur.jenkins.credentials.ConjurCredentialStoreTest)] DEBUG org.eclipse.jetty.util.component.AbstractLifeCycle -- stopping Stapler==org.kohsuke.stapler.Stapler@f222d1a9{jsp=null,order=-1,inst=false,async=true,src=DESCRIPTOR:file:///Users/sameer.shaik/MyWorkSpace/17OctV2.2.3-New-BitBucketIssueFixed/conjur-credentials-plugin/target/jenkins-for-test/WEB-INF/web.xml,STARTED}
18:14:52.946 [Executing testAdminWithoutCredentialsView(org.conjur.jenkins.credentials.ConjurCredentialStoreTest)] DEBUG org.eclipse.jetty.util.component.AbstractLifeCycle -- STOPPED Stapler==org.kohsuke.stapler.Stapler@f222d1a9{jsp=null,order=-1,inst=false,async=true,src=DESCRIPTOR:file:///Users/sameer.shaik/MyWorkSpace/17OctV2.2.3-New-BitBucketIssueFixed/conjur-credentials-plugin/target/jenkins-for-test/WEB-INF/web.xml,STOPPED}
18:14:52.946 [Executing testAdminWithoutCredentialsView(org.conjur.jenkins.credentials.ConjurCredentialStoreTest)] DEBUG org.eclipse.jetty.util.component.AbstractLifeCycle -- stopping jsp==org.eclipse.jetty.servlet.NoJspServlet@19c47{jsp=null,order=0,inst=true,async=false,src=DESCRIPTOR:jar:file:/Users/sameer.shaik/.m2/repository/org/eclipse/jetty/jetty-webapp/9.4.48.v20220622/jetty-webapp-9.4.48.v20220622.jar!/org/eclipse/jetty/webapp/webdefault.xml,STARTED}
18:14:52.946 [Executing testAdminWithoutCredentialsView(org.conjur.jenkins.credentials.ConjurCredentialStoreTest)] DEBUG org.eclipse.jetty.util.component.AbstractLifeCycle -- STOPPED jsp==org.eclipse.jetty.servlet.NoJspServlet@19c47{jsp=null,order=0,inst=false,async=false,src=DESCRIPTOR:jar:file:/Users/sameer.shaik/.m2/repository/org/eclipse/jetty/jetty-webapp/9.4.48.v20220622/jetty-webapp-9.4.48.v20220622.jar!/org/eclipse/jetty/webapp/webdefault.xml,STOPPED}
18:14:52.946 [Executing testAdminWithoutCredentialsView(org.conjur.jenkins.credentials.ConjurCredentialStoreTest)] DEBUG org.eclipse.jetty.util.component.AbstractLifeCycle -- stopping default==org.eclipse.jetty.servlet.DefaultServlet@5c13d641{jsp=null,order=0,inst=true,async=false,src=DESCRIPTOR:jar:file:/Users/sameer.shaik/.m2/repository/org/eclipse/jetty/jetty-webapp/9.4.48.v20220622/jetty-webapp-9.4.48.v20220622.jar!/org/eclipse/jetty/webapp/webdefault.xml,STARTED}
18:14:52.946 [Executing testAdminWithoutCredentialsView(org.conjur.jenkins.credentials.ConjurCredentialStoreTest)] DEBUG org.eclipse.jetty.util.component.AbstractLifeCycle -- STOPPED default==org.eclipse.jetty.servlet.DefaultServlet@5c13d641{jsp=null,order=0,inst=false,async=false,src=DESCRIPTOR:jar:file:/Users/sameer.shaik/.m2/repository/org/eclipse/jetty/jetty-webapp/9.4.48.v20220622/jetty-webapp-9.4.48.v20220622.jar!/org/eclipse/jetty/webapp/webdefault.xml,STOPPED}
18:14:52.946 [Executing testAdminWithoutCredentialsView(org.conjur.jenkins.credentials.ConjurCredentialStoreTest)] DEBUG org.eclipse.jetty.server.handler.ContextHandler -- contextDestroyed: javax.servlet.ServletContextEvent[source=ServletContext@o.e.j.w.WebAppContext@6565d048{Jenkins v2.346.3,/jenkins,file:///Users/sameer.shaik/MyWorkSpace/17OctV2.2.3-New-BitBucketIssueFixed/conjur-credentials-plugin/target/jenkins-for-test/,STOPPED}{/Users/sameer.shaik/MyWorkSpace/17OctV2.2.3-New-BitBucketIssueFixed/conjur-credentials-plugin/target/jenkins-for-test}]->jenkins.util.SystemProperties$Listener@6d20fa32
18:14:52.946 [Executing testAdminWithoutCredentialsView(org.conjur.jenkins.credentials.ConjurCredentialStoreTest)] DEBUG org.eclipse.jetty.server.handler.ContextHandler -- contextDestroyed: javax.servlet.ServletContextEvent[source=ServletContext@o.e.j.w.WebAppContext@6565d048{Jenkins v2.346.3,/jenkins,file:///Users/sameer.shaik/MyWorkSpace/17OctV2.2.3-New-BitBucketIssueFixed/conjur-credentials-plugin/target/jenkins-for-test/,STOPPED}{/Users/sameer.shaik/MyWorkSpace/17OctV2.2.3-New-BitBucketIssueFixed/conjur-credentials-plugin/target/jenkins-for-test}]->org.eclipse.jetty.servlet.listener.IntrospectorCleaner@33c118c7
18:14:52.946 [Executing testAdminWithoutCredentialsView(org.conjur.jenkins.credentials.ConjurCredentialStoreTest)] DEBUG org.eclipse.jetty.server.handler.ContextHandler -- contextDestroyed: javax.servlet.ServletContextEvent[source=ServletContext@o.e.j.w.WebAppContext@6565d048{Jenkins v2.346.3,/jenkins,file:///Users/sameer.shaik/MyWorkSpace/17OctV2.2.3-New-BitBucketIssueFixed/conjur-credentials-plugin/target/jenkins-for-test/,STOPPED}{/Users/sameer.shaik/MyWorkSpace/17OctV2.2.3-New-BitBucketIssueFixed/conjur-credentials-plugin/target/jenkins-for-test}]->org.eclipse.jetty.servlet.listener.ELContextCleaner@4ce936f9
18:14:52.947 [Executing testAdminWithoutCredentialsView(org.conjur.jenkins.credentials.ConjurCredentialStoreTest)] DEBUG org.eclipse.jetty.util.component.AbstractLifeCycle -- stopping jenkins.JenkinsHttpSessionListener@556a6f63{src=DESCRIPTOR:file:///Users/sameer.shaik/MyWorkSpace/17OctV2.2.3-New-BitBucketIssueFixed/conjur-credentials-plugin/target/jenkins-for-test/WEB-INF/web.xml}
18:14:52.947 [Executing testAdminWithoutCredentialsView(org.conjur.jenkins.credentials.ConjurCredentialStoreTest)] DEBUG org.eclipse.jetty.util.component.AbstractLifeCycle -- STOPPED jenkins.JenkinsHttpSessionListener@556a6f63{src=DESCRIPTOR:file:///Users/sameer.shaik/MyWorkSpace/17OctV2.2.3-New-BitBucketIssueFixed/conjur-credentials-plugin/target/jenkins-for-test/WEB-INF/web.xml}
18:14:52.947 [Executing testAdminWithoutCredentialsView(org.conjur.jenkins.credentials.ConjurCredentialStoreTest)] DEBUG org.eclipse.jetty.util.component.AbstractLifeCycle -- stopping hudson.WebAppMain@73790559{src=DESCRIPTOR:file:///Users/sameer.shaik/MyWorkSpace/17OctV2.2.3-New-BitBucketIssueFixed/conjur-credentials-plugin/target/jenkins-for-test/WEB-INF/web.xml}
18:14:52.947 [Executing testAdminWithoutCredentialsView(org.conjur.jenkins.credentials.ConjurCredentialStoreTest)] DEBUG org.eclipse.jetty.util.component.AbstractLifeCycle -- STOPPED hudson.WebAppMain@73790559{src=DESCRIPTOR:file:///Users/sameer.shaik/MyWorkSpace/17OctV2.2.3-New-BitBucketIssueFixed/conjur-credentials-plugin/target/jenkins-for-test/WEB-INF/web.xml}
18:14:52.947 [Executing testAdminWithoutCredentialsView(org.conjur.jenkins.credentials.ConjurCredentialStoreTest)] DEBUG org.eclipse.jetty.util.component.AbstractLifeCycle -- stopping jenkins.util.SystemProperties$Listener@7f439d78{src=DESCRIPTOR:file:///Users/sameer.shaik/MyWorkSpace/17OctV2.2.3-New-BitBucketIssueFixed/conjur-credentials-plugin/target/jenkins-for-test/WEB-INF/web.xml}
18:14:52.947 [Executing testAdminWithoutCredentialsView(org.conjur.jenkins.credentials.ConjurCredentialStoreTest)] DEBUG org.eclipse.jetty.util.component.AbstractLifeCycle -- STOPPED jenkins.util.SystemProperties$Listener@7f439d78{src=DESCRIPTOR:file:///Users/sameer.shaik/MyWorkSpace/17OctV2.2.3-New-BitBucketIssueFixed/conjur-credentials-plugin/target/jenkins-for-test/WEB-INF/web.xml}
18:14:52.947 [Executing testAdminWithoutCredentialsView(org.conjur.jenkins.credentials.ConjurCredentialStoreTest)] DEBUG org.eclipse.jetty.util.component.AbstractLifeCycle -- stopping org.eclipse.jetty.servlet.listener.IntrospectorCleaner@6d803502{src=DESCRIPTOR:jar:file:/Users/sameer.shaik/.m2/repository/org/eclipse/jetty/jetty-webapp/9.4.48.v20220622/jetty-webapp-9.4.48.v20220622.jar!/org/eclipse/jetty/webapp/webdefault.xml}
18:14:52.947 [Executing testAdminWithoutCredentialsView(org.conjur.jenkins.credentials.ConjurCredentialStoreTest)] DEBUG org.eclipse.jetty.util.component.AbstractLifeCycle -- STOPPED org.eclipse.jetty.servlet.listener.IntrospectorCleaner@6d803502{src=DESCRIPTOR:jar:file:/Users/sameer.shaik/.m2/repository/org/eclipse/jetty/jetty-webapp/9.4.48.v20220622/jetty-webapp-9.4.48.v20220622.jar!/org/eclipse/jetty/webapp/webdefault.xml}
18:14:52.947 [Executing testAdminWithoutCredentialsView(org.conjur.jenkins.credentials.ConjurCredentialStoreTest)] DEBUG org.eclipse.jetty.util.component.AbstractLifeCycle -- stopping org.eclipse.jetty.servlet.listener.ELContextCleaner@6939f184{src=DESCRIPTOR:jar:file:/Users/sameer.shaik/.m2/repository/org/eclipse/jetty/jetty-webapp/9.4.48.v20220622/jetty-webapp-9.4.48.v20220622.jar!/org/eclipse/jetty/webapp/webdefault.xml}
18:14:52.947 [Executing testAdminWithoutCredentialsView(org.conjur.jenkins.credentials.ConjurCredentialStoreTest)] DEBUG org.eclipse.jetty.util.component.AbstractLifeCycle -- STOPPED org.eclipse.jetty.servlet.listener.ELContextCleaner@6939f184{src=DESCRIPTOR:jar:file:/Users/sameer.shaik/.m2/repository/org/eclipse/jetty/jetty-webapp/9.4.48.v20220622/jetty-webapp-9.4.48.v20220622.jar!/org/eclipse/jetty/webapp/webdefault.xml}
18:14:52.947 [Executing testAdminWithoutCredentialsView(org.conjur.jenkins.credentials.ConjurCredentialStoreTest)] DEBUG org.eclipse.jetty.util.component.AbstractLifeCycle -- STOPPED ServletHandler@69bfb7f{STOPPED}
18:14:52.947 [Executing testAdminWithoutCredentialsView(org.conjur.jenkins.credentials.ConjurCredentialStoreTest)] DEBUG org.eclipse.jetty.util.component.AbstractLifeCycle -- STOPPED ConstraintSecurityHandler@714c2d33{STOPPED}
18:14:52.947 [Executing testAdminWithoutCredentialsView(org.conjur.jenkins.credentials.ConjurCredentialStoreTest)] DEBUG org.eclipse.jetty.util.component.AbstractLifeCycle -- STOPPED org.eclipse.jetty.server.session.SessionHandler987778487==dftMaxIdleSec=1800
18:14:52.947 [Executing testAdminWithoutCredentialsView(org.conjur.jenkins.credentials.ConjurCredentialStoreTest)] DEBUG org.eclipse.jetty.util.component.AbstractLifeCycle -- stopping SymlinkAllowedResourceAliasChecker@6bdf4887{base=/Users/sameer.shaik/MyWorkSpace/17OctV2.2.3-New-BitBucketIssueFixed/conjur-credentials-plugin/target/jenkins-for-test,protected=[/WEB-INF, /META-INF]}
18:14:52.947 [Executing testAdminWithoutCredentialsView(org.conjur.jenkins.credentials.ConjurCredentialStoreTest)] DEBUG org.eclipse.jetty.util.component.AbstractLifeCycle -- STOPPED SymlinkAllowedResourceAliasChecker@6bdf4887{base=null,protected=[/WEB-INF, /META-INF]}
18:14:52.947 [Executing testAdminWithoutCredentialsView(org.conjur.jenkins.credentials.ConjurCredentialStoreTest)] INFO org.eclipse.jetty.server.handler.ContextHandler -- Stopped o.e.j.w.WebAppContext@6565d048{Jenkins v2.346.3,/jenkins,file:///Users/sameer.shaik/MyWorkSpace/17OctV2.2.3-New-BitBucketIssueFixed/conjur-credentials-plugin/target/jenkins-for-test/,STOPPED}{/Users/sameer.shaik/MyWorkSpace/17OctV2.2.3-New-BitBucketIssueFixed/conjur-credentials-plugin/target/jenkins-for-test}
18:14:52.947 [Executing testAdminWithoutCredentialsView(org.conjur.jenkins.credentials.ConjurCredentialStoreTest)] DEBUG org.eclipse.jetty.util.component.AbstractLifeCycle -- STOPPED o.e.j.w.WebAppContext@6565d048{Jenkins v2.346.3,/jenkins,file:///Users/sameer.shaik/MyWorkSpace/17OctV2.2.3-New-BitBucketIssueFixed/conjur-credentials-plugin/target/jenkins-for-test/,STOPPED}{/Users/sameer.shaik/MyWorkSpace/17OctV2.2.3-New-BitBucketIssueFixed/conjur-credentials-plugin/target/jenkins-for-test}
18:14:52.947 [Executing testAdminWithoutCredentialsView(org.conjur.jenkins.credentials.ConjurCredentialStoreTest)] DEBUG org.eclipse.jetty.util.component.AbstractLifeCycle -- stopping QueuedThreadPool[Jetty (JenkinsRule)]@1bf2b8c3{STARTED,8<=10<=200,i=10,r=-1,q=0}[ReservedThreadExecutor@67788d7c{reserved=0/16,pending=0}]
18:14:52.947 [Executing testAdminWithoutCredentialsView(org.conjur.jenkins.credentials.ConjurCredentialStoreTest)] DEBUG org.eclipse.jetty.util.thread.QueuedThreadPool -- Stopping QueuedThreadPool[Jetty (JenkinsRule)]@1bf2b8c3{STOPPING,8<=10<=200,i=10,r=-1,q=0}[ReservedThreadExecutor@67788d7c{reserved=0/16,pending=0}]
18:14:52.947 [Executing testAdminWithoutCredentialsView(org.conjur.jenkins.credentials.ConjurCredentialStoreTest)] DEBUG org.eclipse.jetty.util.component.AbstractLifeCycle -- stopping ReservedThreadExecutor@67788d7c{reserved=0/16,pending=0}
18:14:52.947 [Executing testAdminWithoutCredentialsView(org.conjur.jenkins.credentials.ConjurCredentialStoreTest)] DEBUG org.eclipse.jetty.util.component.AbstractLifeCycle -- STOPPED ReservedThreadExecutor@67788d7c{reserved=-1/16,pending=0}
18:14:52.947 [Executing testAdminWithoutCredentialsView(org.conjur.jenkins.credentials.ConjurCredentialStoreTest)] DEBUG org.eclipse.jetty.util.thread.QueuedThreadPool -- Waiting for Thread[Jetty (JenkinsRule)-486,5,main] for 14999
18:14:52.947 [Jetty (JenkinsRule)-494] DEBUG org.eclipse.jetty.util.thread.QueuedThreadPool -- run org.eclipse.jetty.util.thread.QueuedThreadPool$$Lambda$384/0x00000001402dccc0@1d12c9bd in QueuedThreadPool[Jetty (JenkinsRule)]@1bf2b8c3{STOPPING,8<=0<=200,i=10,r=-1,q=0}[NO_TRY]
18:14:52.947 [Jetty (JenkinsRule)-495] DEBUG org.eclipse.jetty.util.thread.QueuedThreadPool -- run org.eclipse.jetty.util.thread.QueuedThreadPool$$Lambda$384/0x00000001402dccc0@1d12c9bd in QueuedThreadPool[Jetty (JenkinsRule)]@1bf2b8c3{STOPPING,8<=0<=200,i=10,r=-1,q=0}[NO_TRY]
18:14:52.947 [Jetty (JenkinsRule)-494] DEBUG org.eclipse.jetty.util.thread.QueuedThreadPool -- ran org.eclipse.jetty.util.thread.QueuedThreadPool$$Lambda$384/0x00000001402dccc0@1d12c9bd in QueuedThreadPool[Jetty (JenkinsRule)]@1bf2b8c3{STOPPING,8<=0<=200,i=10,r=-1,q=0}[NO_TRY]
18:14:52.947 [Jetty (JenkinsRule)-492] DEBUG org.eclipse.jetty.util.thread.QueuedThreadPool -- run org.eclipse.jetty.util.thread.QueuedThreadPool$$Lambda$384/0x00000001402dccc0@1d12c9bd in QueuedThreadPool[Jetty (JenkinsRule)]@1bf2b8c3{STOPPING,8<=0<=200,i=10,r=-1,q=0}[NO_TRY]
18:14:52.947 [Jetty (JenkinsRule)-495] DEBUG org.eclipse.jetty.util.thread.QueuedThreadPool -- ran org.eclipse.jetty.util.thread.QueuedThreadPool$$Lambda$384/0x00000001402dccc0@1d12c9bd in QueuedThreadPool[Jetty (JenkinsRule)]@1bf2b8c3{STOPPING,8<=0<=200,i=10,r=-1,q=0}[NO_TRY]
18:14:52.947 [Jetty (JenkinsRule)-494] DEBUG org.eclipse.jetty.util.thread.QueuedThreadPool -- Thread[Jetty (JenkinsRule)-494,5,main] exited for QueuedThreadPool[Jetty (JenkinsRule)]@1bf2b8c3{STOPPING,8<=0<=200,i=10,r=-1,q=0}[NO_TRY]
18:14:52.947 [Jetty (JenkinsRule)-495] DEBUG org.eclipse.jetty.util.thread.QueuedThreadPool -- Thread[Jetty (JenkinsRule)-495,5,main] exited for QueuedThreadPool[Jetty (JenkinsRule)]@1bf2b8c3{STOPPING,8<=0<=200,i=10,r=-1,q=0}[NO_TRY]
18:14:52.947 [Jetty (JenkinsRule)-492] DEBUG org.eclipse.jetty.util.thread.QueuedThreadPool -- ran org.eclipse.jetty.util.thread.QueuedThreadPool$$Lambda$384/0x00000001402dccc0@1d12c9bd in QueuedThreadPool[Jetty (JenkinsRule)]@1bf2b8c3{STOPPING,8<=0<=200,i=10,r=-1,q=0}[NO_TRY]
18:14:52.947 [Jetty (JenkinsRule)-491] DEBUG org.eclipse.jetty.util.thread.QueuedThreadPool -- run org.eclipse.jetty.util.thread.QueuedThreadPool$$Lambda$384/0x00000001402dccc0@1d12c9bd in QueuedThreadPool[Jetty (JenkinsRule)]@1bf2b8c3{STOPPING,8<=0<=200,i=10,r=-1,q=0}[NO_TRY]
18:14:52.947 [Jetty (JenkinsRule)-490] DEBUG org.eclipse.jetty.util.thread.QueuedThreadPool -- run org.eclipse.jetty.util.thread.QueuedThreadPool$$Lambda$384/0x00000001402dccc0@1d12c9bd in QueuedThreadPool[Jetty (JenkinsRule)]@1bf2b8c3{STOPPING,8<=0<=200,i=10,r=-1,q=0}[NO_TRY]
18:14:52.947 [Jetty (JenkinsRule)-489] DEBUG org.eclipse.jetty.util.thread.QueuedThreadPool -- run org.eclipse.jetty.util.thread.QueuedThreadPool$$Lambda$384/0x00000001402dccc0@1d12c9bd in QueuedThreadPool[Jetty (JenkinsRule)]@1bf2b8c3{STOPPING,8<=0<=200,i=10,r=-1,q=0}[NO_TRY]
18:14:52.947 [Jetty (JenkinsRule)-491] DEBUG org.eclipse.jetty.util.thread.QueuedThreadPool -- ran org.eclipse.jetty.util.thread.QueuedThreadPool$$Lambda$384/0x00000001402dccc0@1d12c9bd in QueuedThreadPool[Jetty (JenkinsRule)]@1bf2b8c3{STOPPING,8<=0<=200,i=10,r=-1,q=0}[NO_TRY]
18:14:52.947 [Jetty (JenkinsRule)-487] DEBUG org.eclipse.jetty.util.thread.QueuedThreadPool -- run org.eclipse.jetty.util.thread.QueuedThreadPool$$Lambda$384/0x00000001402dccc0@1d12c9bd in QueuedThreadPool[Jetty (JenkinsRule)]@1bf2b8c3{STOPPING,8<=0<=200,i=10,r=-1,q=0}[NO_TRY]
18:14:52.947 [Jetty (JenkinsRule)-492] DEBUG org.eclipse.jetty.util.thread.QueuedThreadPool -- Thread[Jetty (JenkinsRule)-492,5,main] exited for QueuedThreadPool[Jetty (JenkinsRule)]@1bf2b8c3{STOPPING,8<=0<=200,i=10,r=-1,q=0}[NO_TRY]
18:14:52.947 [Jetty (JenkinsRule)-490] DEBUG org.eclipse.jetty.util.thread.QueuedThreadPool -- ran org.eclipse.jetty.util.thread.QueuedThreadPool$$Lambda$384/0x00000001402dccc0@1d12c9bd in QueuedThreadPool[Jetty (JenkinsRule)]@1bf2b8c3{STOPPING,8<=0<=200,i=10,r=-1,q=0}[NO_TRY]
18:14:52.947 [Jetty (JenkinsRule)-486] DEBUG org.eclipse.jetty.util.thread.QueuedThreadPool -- run org.eclipse.jetty.util.thread.QueuedThreadPool$$Lambda$384/0x00000001402dccc0@1d12c9bd in QueuedThreadPool[Jetty (JenkinsRule)]@1bf2b8c3{STOPPING,8<=0<=200,i=10,r=-1,q=0}[NO_TRY]
18:14:52.947 [Jetty (JenkinsRule)-487] DEBUG org.eclipse.jetty.util.thread.QueuedThreadPool -- ran org.eclipse.jetty.util.thread.QueuedThreadPool$$Lambda$384/0x00000001402dccc0@1d12c9bd in QueuedThreadPool[Jetty (JenkinsRule)]@1bf2b8c3{STOPPING,8<=0<=200,i=10,r=-1,q=0}[NO_TRY]
18:14:52.947 [Jetty (JenkinsRule)-490] DEBUG org.eclipse.jetty.util.thread.QueuedThreadPool -- Thread[Jetty (JenkinsRule)-490,5,main] exited for QueuedThreadPool[Jetty (JenkinsRule)]@1bf2b8c3{STOPPING,8<=0<=200,i=10,r=-1,q=0}[NO_TRY]
18:14:52.947 [Jetty (JenkinsRule)-486] DEBUG org.eclipse.jetty.util.thread.QueuedThreadPool -- ran org.eclipse.jetty.util.thread.QueuedThreadPool$$Lambda$384/0x00000001402dccc0@1d12c9bd in QueuedThreadPool[Jetty (JenkinsRule)]@1bf2b8c3{STOPPING,8<=0<=200,i=10,r=-1,q=0}[NO_TRY]
18:14:52.947 [Jetty (JenkinsRule)-488] DEBUG org.eclipse.jetty.util.thread.QueuedThreadPool -- run org.eclipse.jetty.util.thread.QueuedThreadPool$$Lambda$384/0x00000001402dccc0@1d12c9bd in QueuedThreadPool[Jetty (JenkinsRule)]@1bf2b8c3{STOPPING,8<=0<=200,i=10,r=-1,q=0}[NO_TRY]
18:14:52.947 [Jetty (JenkinsRule)-489] DEBUG org.eclipse.jetty.util.thread.QueuedThreadPool -- ran org.eclipse.jetty.util.thread.QueuedThreadPool$$Lambda$384/0x00000001402dccc0@1d12c9bd in QueuedThreadPool[Jetty (JenkinsRule)]@1bf2b8c3{STOPPING,8<=0<=200,i=10,r=-1,q=0}[NO_TRY]
18:14:52.947 [Jetty (JenkinsRule)-488] DEBUG org.eclipse.jetty.util.thread.QueuedThreadPool -- ran org.eclipse.jetty.util.thread.QueuedThreadPool$$Lambda$384/0x00000001402dccc0@1d12c9bd in QueuedThreadPool[Jetty (JenkinsRule)]@1bf2b8c3{STOPPING,8<=0<=200,i=10,r=-1,q=0}[NO_TRY]
18:14:52.947 [Jetty (JenkinsRule)-491] DEBUG org.eclipse.jetty.util.thread.QueuedThreadPool -- Thread[Jetty (JenkinsRule)-491,5,main] exited for QueuedThreadPool[Jetty (JenkinsRule)]@1bf2b8c3{STOPPING,8<=0<=200,i=10,r=-1,q=0}[NO_TRY]
18:14:52.947 [Jetty (JenkinsRule)-485] DEBUG org.eclipse.jetty.util.thread.QueuedThreadPool -- run org.eclipse.jetty.util.thread.QueuedThreadPool$$Lambda$384/0x00000001402dccc0@1d12c9bd in QueuedThreadPool[Jetty (JenkinsRule)]@1bf2b8c3{STOPPING,8<=0<=200,i=10,r=-1,q=0}[NO_TRY]
18:14:52.948 [Jetty (JenkinsRule)-488] DEBUG org.eclipse.jetty.util.thread.QueuedThreadPool -- Thread[Jetty (JenkinsRule)-488,5,main] exited for QueuedThreadPool[Jetty (JenkinsRule)]@1bf2b8c3{STOPPING,8<=0<=200,i=10,r=-1,q=0}[NO_TRY]
18:14:52.948 [Jetty (JenkinsRule)-489] DEBUG org.eclipse.jetty.util.thread.QueuedThreadPool -- Thread[Jetty (JenkinsRule)-489,5,main] exited for QueuedThreadPool[Jetty (JenkinsRule)]@1bf2b8c3{STOPPING,8<=0<=200,i=10,r=-1,q=0}[NO_TRY]
18:14:52.947 [Jetty (JenkinsRule)-486] DEBUG org.eclipse.jetty.util.thread.QueuedThreadPool -- Thread[Jetty (JenkinsRule)-486,5,main] exited for QueuedThreadPool[Jetty (JenkinsRule)]@1bf2b8c3{STOPPING,8<=0<=200,i=10,r=-1,q=0}[NO_TRY]
18:14:52.948 [Jetty (JenkinsRule)-485] DEBUG org.eclipse.jetty.util.thread.QueuedThreadPool -- ran org.eclipse.jetty.util.thread.QueuedThreadPool$$Lambda$384/0x00000001402dccc0@1d12c9bd in QueuedThreadPool[Jetty (JenkinsRule)]@1bf2b8c3{STOPPING,8<=0<=200,i=10,r=-1,q=0}[NO_TRY]
18:14:52.947 [Jetty (JenkinsRule)-487] DEBUG org.eclipse.jetty.util.thread.QueuedThreadPool -- Thread[Jetty (JenkinsRule)-487,5,main] exited for QueuedThreadPool[Jetty (JenkinsRule)]@1bf2b8c3{STOPPING,8<=0<=200,i=10,r=-1,q=0}[NO_TRY]
18:14:52.948 [Jetty (JenkinsRule)-485] DEBUG org.eclipse.jetty.util.thread.QueuedThreadPool -- Thread[Jetty (JenkinsRule)-485,5,main] exited for QueuedThreadPool[Jetty (JenkinsRule)]@1bf2b8c3{STOPPING,8<=0<=200,i=10,r=-1,q=0}[NO_TRY]
18:14:52.948 [Executing testAdminWithoutCredentialsView(org.conjur.jenkins.credentials.ConjurCredentialStoreTest)] DEBUG org.eclipse.jetty.util.thread.QueuedThreadPool -- Waiting for Thread[Jetty (JenkinsRule)-487,5,] for 14999
18:14:52.948 [Executing testAdminWithoutCredentialsView(org.conjur.jenkins.credentials.ConjurCredentialStoreTest)] DEBUG org.eclipse.jetty.util.thread.QueuedThreadPool -- Waiting for Thread[Jetty (JenkinsRule)-488,5,] for 14999
18:14:52.948 [Executing testAdminWithoutCredentialsView(org.conjur.jenkins.credentials.ConjurCredentialStoreTest)] DEBUG org.eclipse.jetty.util.component.AbstractLifeCycle -- STOPPED QueuedThreadPool[Jetty (JenkinsRule)]@1bf2b8c3{STOPPED,8<=0<=200,i=10,r=-1,q=0}[NO_TRY]
18:14:52.948 [Executing testAdminWithoutCredentialsView(org.conjur.jenkins.credentials.ConjurCredentialStoreTest)] DEBUG org.eclipse.jetty.util.component.AbstractLifeCycle -- STOPPED Server@5acfb2f8{STOPPED}[9.4.48.v20220622]
]]></system-out>
    <system-err><![CDATA[   0.018 [id=484]	INFO	o.jvnet.hudson.test.JenkinsRule#createWebServer: Running on http://localhost:51470/jenkins/
   0.088 [id=499]	INFO	jenkins.InitReactorRunner$1#onAttained: Started initialization
   0.089 [id=514]	INFO	jenkins.InitReactorRunner$1#onAttained: Listed all plugins
   0.204 [id=528]	INFO	jenkins.InitReactorRunner$1#onAttained: Prepared all plugins
   0.206 [id=528]	INFO	jenkins.InitReactorRunner$1#onAttained: Started all plugins
   0.207 [id=522]	INFO	jenkins.InitReactorRunner$1#onAttained: Augmented all extensions
   0.457 [id=508]	INFO	jenkins.InitReactorRunner$1#onAttained: System config loaded
   0.457 [id=529]	INFO	jenkins.InitReactorRunner$1#onAttained: System config adapted
   0.458 [id=524]	INFO	jenkins.InitReactorRunner$1#onAttained: Loaded all jobs
   0.459 [id=507]	INFO	jenkins.InitReactorRunner$1#onAttained: Configuration for all jobs updated
   0.486 [id=502]	INFO	jenkins.InitReactorRunner$1#onAttained: Completed initialization
   0.599 [id=484]	INFO	hudson.lifecycle.Lifecycle#onStatusUpdate: Stopping Jenkins
   0.663 [id=484]	INFO	hudson.lifecycle.Lifecycle#onStatusUpdate: Jenkins stopped
]]></system-err>
  </testcase>
  <testcase name="mockRemoveCredential" classname="org.conjur.jenkins.credentials.ConjurCredentialStoreTest" time="0.835">
    <system-out><![CDATA[=== Starting mockRemoveCredential(org.conjur.jenkins.credentials.ConjurCredentialStoreTest)
18:14:53.060 [Executing mockRemoveCredential(org.conjur.jenkins.credentials.ConjurCredentialStoreTest)] DEBUG org.eclipse.jetty.util.component.ContainerLifeCycle -- QueuedThreadPool[qtp42762621]@28c817d{STOPPED,8<=0<=200,i=0,r=-1,q=0}[NO_TRY] added {org.eclipse.jetty.util.thread.ThreadPoolBudget@6b305f4,POJO}
18:14:53.060 [Executing mockRemoveCredential(org.conjur.jenkins.credentials.ConjurCredentialStoreTest)] DEBUG org.eclipse.jetty.util.component.ContainerLifeCycle -- Server@43b18b46{STOPPED}[9.4.48.v20220622] added {QueuedThreadPool[Jetty (JenkinsRule)]@28c817d{STOPPED,8<=0<=200,i=0,r=-1,q=0}[NO_TRY],AUTO}
18:14:53.060 [Executing mockRemoveCredential(org.conjur.jenkins.credentials.ConjurCredentialStoreTest)] DEBUG org.eclipse.jetty.util.component.ContainerLifeCycle -- o.e.j.w.WebAppContext@1459f2fa{/,null,STOPPED} added {SymlinkAllowedResourceAliasChecker@72b80e65{base=null,protected=null},MANAGED}
18:14:53.060 [Executing mockRemoveCredential(org.conjur.jenkins.credentials.ConjurCredentialStoreTest)] DEBUG org.eclipse.jetty.util.DecoratedObjectFactory -- Adding Decorator: org.eclipse.jetty.util.DeprecationWarning@6cba2963
18:14:53.060 [Executing mockRemoveCredential(org.conjur.jenkins.credentials.ConjurCredentialStoreTest)] DEBUG org.eclipse.jetty.util.component.ContainerLifeCycle -- o.e.j.w.WebAppContext@1459f2fa{/jenkins,null,STOPPED} added {org.eclipse.jetty.server.session.SessionHandler597586953==dftMaxIdleSec=-1,MANAGED}
18:14:53.060 [Executing mockRemoveCredential(org.conjur.jenkins.credentials.ConjurCredentialStoreTest)] DEBUG org.eclipse.jetty.util.component.ContainerLifeCycle -- ConstraintSecurityHandler@780b8ca2{STOPPED} added {org.eclipse.jetty.util.component.DumpableCollection@4af27ee0,POJO}
18:14:53.060 [Executing mockRemoveCredential(org.conjur.jenkins.credentials.ConjurCredentialStoreTest)] DEBUG org.eclipse.jetty.util.component.ContainerLifeCycle -- org.eclipse.jetty.server.session.SessionHandler597586953==dftMaxIdleSec=-1 added {ConstraintSecurityHandler@780b8ca2{STOPPED},MANAGED}
18:14:53.060 [Executing mockRemoveCredential(org.conjur.jenkins.credentials.ConjurCredentialStoreTest)] DEBUG org.eclipse.jetty.util.component.ContainerLifeCycle -- ConstraintSecurityHandler@780b8ca2{STOPPED} added {ServletHandler@77bea7ec{STOPPED},MANAGED}
18:14:53.060 [Executing mockRemoveCredential(org.conjur.jenkins.credentials.ConjurCredentialStoreTest)] DEBUG org.eclipse.jetty.util.component.ContainerLifeCycle -- o.e.j.w.WebAppContext@1459f2fa{/jenkins,null,STOPPED} added {ErrorPageErrorHandler@27d0ab2e{STOPPED},MANAGED}
18:14:53.060 [Executing mockRemoveCredential(org.conjur.jenkins.credentials.ConjurCredentialStoreTest)] DEBUG org.eclipse.jetty.util.component.ContainerLifeCycle -- o.e.j.w.WebAppContext@1459f2fa{/jenkins,null,STOPPED}{/Users/sameer.shaik/MyWorkSpace/17OctV2.2.3-New-BitBucketIssueFixed/conjur-credentials-plugin/target/jenkins-for-test} added {NoListenerConfiguration@31a5dea{STOPPED},AUTO}
18:14:53.060 [Executing mockRemoveCredential(org.conjur.jenkins.credentials.ConjurCredentialStoreTest)] DEBUG org.eclipse.jetty.util.component.ContainerLifeCycle -- Server@43b18b46{STOPPED}[9.4.48.v20220622] added {o.e.j.w.WebAppContext@1459f2fa{/jenkins,null,STOPPED}{/Users/sameer.shaik/MyWorkSpace/17OctV2.2.3-New-BitBucketIssueFixed/conjur-credentials-plugin/target/jenkins-for-test},MANAGED}
18:14:53.060 [Executing mockRemoveCredential(org.conjur.jenkins.credentials.ConjurCredentialStoreTest)] DEBUG org.eclipse.jetty.util.component.ContainerLifeCycle -- HashLoginService@5a463617[null] added {org.eclipse.jetty.security.DefaultIdentityService@58456b74,POJO}
18:14:53.060 [Executing mockRemoveCredential(org.conjur.jenkins.credentials.ConjurCredentialStoreTest)] DEBUG org.eclipse.jetty.util.component.ContainerLifeCycle -- HashLoginService@5a463617[default] added {UserStore@7a6e3289{STOPPED},AUTO}
18:14:53.060 [Executing mockRemoveCredential(org.conjur.jenkins.credentials.ConjurCredentialStoreTest)] DEBUG org.eclipse.jetty.util.component.ContainerLifeCycle -- ConstraintSecurityHandler@780b8ca2{STOPPED} added {HashLoginService@5a463617[default],AUTO}
18:14:53.060 [Executing mockRemoveCredential(org.conjur.jenkins.credentials.ConjurCredentialStoreTest)] DEBUG org.eclipse.jetty.util.component.ContainerLifeCycle -- HttpConnectionFactory@58c830f8[HTTP/1.1] added {HttpConfiguration@3ffb1cf0{32768/8192,8192/8192,https://:0,[]},POJO}
18:14:53.061 [Executing mockRemoveCredential(org.conjur.jenkins.credentials.ConjurCredentialStoreTest)] DEBUG org.eclipse.jetty.util.component.ContainerLifeCycle -- ServerConnector@50917ce8{null, ()}{0.0.0.0:0} added {Server@43b18b46{STOPPED}[9.4.48.v20220622],UNMANAGED}
18:14:53.061 [Executing mockRemoveCredential(org.conjur.jenkins.credentials.ConjurCredentialStoreTest)] DEBUG org.eclipse.jetty.util.component.ContainerLifeCycle -- ServerConnector@50917ce8{null, ()}{0.0.0.0:0} added {QueuedThreadPool[Jetty (JenkinsRule)]@28c817d{STOPPED,8<=0<=200,i=0,r=-1,q=0}[NO_TRY],AUTO}
18:14:53.061 [Executing mockRemoveCredential(org.conjur.jenkins.credentials.ConjurCredentialStoreTest)] DEBUG org.eclipse.jetty.util.component.ContainerLifeCycle -- ServerConnector@50917ce8{null, ()}{0.0.0.0:0} added {ScheduledExecutorScheduler@2741d225{STOPPED},AUTO}
18:14:53.061 [Executing mockRemoveCredential(org.conjur.jenkins.credentials.ConjurCredentialStoreTest)] DEBUG org.eclipse.jetty.util.component.ContainerLifeCycle -- ServerConnector@50917ce8{null, ()}{0.0.0.0:0} added {ArrayByteBufferPool@3e1769c5{minBufferCapacity=0, maxBufferCapacity=65536, maxQueueLength=-1, factor=1024},POJO}
18:14:53.061 [Executing mockRemoveCredential(org.conjur.jenkins.credentials.ConjurCredentialStoreTest)] DEBUG org.eclipse.jetty.util.component.ContainerLifeCycle -- ServerConnector@50917ce8{null, (http/1.1)}{0.0.0.0:0} added {HttpConnectionFactory@58c830f8[HTTP/1.1],AUTO}
18:14:53.061 [Executing mockRemoveCredential(org.conjur.jenkins.credentials.ConjurCredentialStoreTest)] DEBUG org.eclipse.jetty.server.AbstractConnector -- ServerConnector@50917ce8{HTTP/1.1, (http/1.1)}{0.0.0.0:0} added HttpConnectionFactory@58c830f8[HTTP/1.1]
18:14:53.061 [Executing mockRemoveCredential(org.conjur.jenkins.credentials.ConjurCredentialStoreTest)] DEBUG org.eclipse.jetty.util.component.ContainerLifeCycle -- ServerConnector@50917ce8{HTTP/1.1, (http/1.1)}{0.0.0.0:0} added {SelectorManager@ServerConnector@50917ce8{HTTP/1.1, (http/1.1)}{0.0.0.0:0},MANAGED}
18:14:53.061 [Executing mockRemoveCredential(org.conjur.jenkins.credentials.ConjurCredentialStoreTest)] DEBUG org.eclipse.jetty.util.component.ContainerLifeCycle -- Server@43b18b46{STOPPED}[9.4.48.v20220622] added {ServerConnector@50917ce8{HTTP/1.1, (http/1.1)}{localhost:0},AUTO}
18:14:53.061 [Executing mockRemoveCredential(org.conjur.jenkins.credentials.ConjurCredentialStoreTest)] DEBUG org.eclipse.jetty.util.component.AbstractLifeCycle -- starting Server@43b18b46{STOPPED}[9.4.48.v20220622]
18:14:53.061 [Executing mockRemoveCredential(org.conjur.jenkins.credentials.ConjurCredentialStoreTest)] DEBUG org.eclipse.jetty.util.component.ContainerLifeCycle -- Server@43b18b46{STARTING}[9.4.48.v20220622] added {ErrorHandler@596cee6b{STOPPED},AUTO}
18:14:53.061 [Executing mockRemoveCredential(org.conjur.jenkins.credentials.ConjurCredentialStoreTest)] INFO org.eclipse.jetty.server.Server -- jetty-9.4.48.v20220622; built: 2022-06-21T20:42:25.880Z; git: 6b67c5719d1f4371b33655ff2d047d24e171e49a; jvm 17.0.11+9-adhoc.admin.jdk17u
18:14:53.061 [Executing mockRemoveCredential(org.conjur.jenkins.credentials.ConjurCredentialStoreTest)] DEBUG org.eclipse.jetty.server.handler.AbstractHandler -- starting Server@43b18b46{STARTING}[9.4.48.v20220622]
18:14:53.061 [Executing mockRemoveCredential(org.conjur.jenkins.credentials.ConjurCredentialStoreTest)] DEBUG org.eclipse.jetty.util.component.AbstractLifeCycle -- starting QueuedThreadPool[Jetty (JenkinsRule)]@28c817d{STOPPED,8<=0<=200,i=0,r=-1,q=0}[NO_TRY]
18:14:53.061 [Executing mockRemoveCredential(org.conjur.jenkins.credentials.ConjurCredentialStoreTest)] DEBUG org.eclipse.jetty.util.thread.ReservedThreadExecutor -- ReservedThreadExecutor@2c1af92{reserved=0/16,pending=0}
18:14:53.061 [Executing mockRemoveCredential(org.conjur.jenkins.credentials.ConjurCredentialStoreTest)] DEBUG org.eclipse.jetty.util.component.ContainerLifeCycle -- QueuedThreadPool[Jetty (JenkinsRule)]@28c817d{STARTING,8<=0<=200,i=0,r=-1,q=0}[ReservedThreadExecutor@2c1af92{reserved=0/16,pending=0}] added {ReservedThreadExecutor@2c1af92{reserved=0/16,pending=0},AUTO}
18:14:53.061 [Executing mockRemoveCredential(org.conjur.jenkins.credentials.ConjurCredentialStoreTest)] DEBUG org.eclipse.jetty.util.component.AbstractLifeCycle -- starting ReservedThreadExecutor@2c1af92{reserved=0/16,pending=0}
18:14:53.061 [Executing mockRemoveCredential(org.conjur.jenkins.credentials.ConjurCredentialStoreTest)] DEBUG org.eclipse.jetty.util.component.AbstractLifeCycle -- STARTED @20165ms ReservedThreadExecutor@2c1af92{reserved=0/16,pending=0}
18:14:53.061 [Executing mockRemoveCredential(org.conjur.jenkins.credentials.ConjurCredentialStoreTest)] DEBUG org.eclipse.jetty.util.thread.QueuedThreadPool -- Starting Thread[Jetty (JenkinsRule)-548,5,main]
18:14:53.061 [Executing mockRemoveCredential(org.conjur.jenkins.credentials.ConjurCredentialStoreTest)] DEBUG org.eclipse.jetty.util.thread.QueuedThreadPool -- Starting Thread[Jetty (JenkinsRule)-549,5,main]
18:14:53.061 [Jetty (JenkinsRule)-548] DEBUG org.eclipse.jetty.util.thread.QueuedThreadPool -- Runner started for QueuedThreadPool[Jetty (JenkinsRule)]@28c817d{STARTING,8<=2<=200,i=2,r=-1,q=0}[ReservedThreadExecutor@2c1af92{reserved=0/16,pending=0}]
18:14:53.061 [Executing mockRemoveCredential(org.conjur.jenkins.credentials.ConjurCredentialStoreTest)] DEBUG org.eclipse.jetty.util.thread.QueuedThreadPool -- Starting Thread[Jetty (JenkinsRule)-550,5,main]
18:14:53.062 [Jetty (JenkinsRule)-549] DEBUG org.eclipse.jetty.util.thread.QueuedThreadPool -- Runner started for QueuedThreadPool[Jetty (JenkinsRule)]@28c817d{STARTING,8<=3<=200,i=3,r=-1,q=0}[ReservedThreadExecutor@2c1af92{reserved=0/16,pending=0}]
18:14:53.062 [Executing mockRemoveCredential(org.conjur.jenkins.credentials.ConjurCredentialStoreTest)] DEBUG org.eclipse.jetty.util.thread.QueuedThreadPool -- Starting Thread[Jetty (JenkinsRule)-551,5,main]
18:14:53.062 [Jetty (JenkinsRule)-550] DEBUG org.eclipse.jetty.util.thread.QueuedThreadPool -- Runner started for QueuedThreadPool[Jetty (JenkinsRule)]@28c817d{STARTING,8<=4<=200,i=4,r=-1,q=0}[ReservedThreadExecutor@2c1af92{reserved=0/16,pending=0}]
18:14:53.062 [Executing mockRemoveCredential(org.conjur.jenkins.credentials.ConjurCredentialStoreTest)] DEBUG org.eclipse.jetty.util.thread.QueuedThreadPool -- Starting Thread[Jetty (JenkinsRule)-552,5,main]
18:14:53.062 [Jetty (JenkinsRule)-551] DEBUG org.eclipse.jetty.util.thread.QueuedThreadPool -- Runner started for QueuedThreadPool[Jetty (JenkinsRule)]@28c817d{STARTING,8<=5<=200,i=5,r=-1,q=0}[ReservedThreadExecutor@2c1af92{reserved=0/16,pending=0}]
18:14:53.062 [Executing mockRemoveCredential(org.conjur.jenkins.credentials.ConjurCredentialStoreTest)] DEBUG org.eclipse.jetty.util.thread.QueuedThreadPool -- Starting Thread[Jetty (JenkinsRule)-553,5,main]
18:14:53.062 [Jetty (JenkinsRule)-552] DEBUG org.eclipse.jetty.util.thread.QueuedThreadPool -- Runner started for QueuedThreadPool[Jetty (JenkinsRule)]@28c817d{STARTING,8<=6<=200,i=6,r=-1,q=0}[ReservedThreadExecutor@2c1af92{reserved=0/16,pending=0}]
18:14:53.062 [Executing mockRemoveCredential(org.conjur.jenkins.credentials.ConjurCredentialStoreTest)] DEBUG org.eclipse.jetty.util.thread.QueuedThreadPool -- Starting Thread[Jetty (JenkinsRule)-554,5,main]
18:14:53.062 [Jetty (JenkinsRule)-553] DEBUG org.eclipse.jetty.util.thread.QueuedThreadPool -- Runner started for QueuedThreadPool[Jetty (JenkinsRule)]@28c817d{STARTING,8<=7<=200,i=7,r=-1,q=0}[ReservedThreadExecutor@2c1af92{reserved=0/16,pending=0}]
18:14:53.062 [Executing mockRemoveCredential(org.conjur.jenkins.credentials.ConjurCredentialStoreTest)] DEBUG org.eclipse.jetty.util.thread.QueuedThreadPool -- Starting Thread[Jetty (JenkinsRule)-555,5,main]
18:14:53.062 [Jetty (JenkinsRule)-554] DEBUG org.eclipse.jetty.util.thread.QueuedThreadPool -- Runner started for QueuedThreadPool[Jetty (JenkinsRule)]@28c817d{STARTING,8<=8<=200,i=8,r=-1,q=0}[ReservedThreadExecutor@2c1af92{reserved=0/16,pending=0}]
18:14:53.062 [Executing mockRemoveCredential(org.conjur.jenkins.credentials.ConjurCredentialStoreTest)] DEBUG org.eclipse.jetty.util.component.AbstractLifeCycle -- STARTED @20166ms QueuedThreadPool[Jetty (JenkinsRule)]@28c817d{STARTED,8<=8<=200,i=8,r=-1,q=0}[ReservedThreadExecutor@2c1af92{reserved=0/16,pending=0}]
18:14:53.062 [Executing mockRemoveCredential(org.conjur.jenkins.credentials.ConjurCredentialStoreTest)] DEBUG org.eclipse.jetty.util.component.AbstractLifeCycle -- starting o.e.j.w.WebAppContext@1459f2fa{/jenkins,file:///Users/sameer.shaik/MyWorkSpace/17OctV2.2.3-New-BitBucketIssueFixed/conjur-credentials-plugin/target/jenkins-for-test/,STOPPED}{/Users/sameer.shaik/MyWorkSpace/17OctV2.2.3-New-BitBucketIssueFixed/conjur-credentials-plugin/target/jenkins-for-test}
18:14:53.062 [Jetty (JenkinsRule)-555] DEBUG org.eclipse.jetty.util.thread.QueuedThreadPool -- Runner started for QueuedThreadPool[Jetty (JenkinsRule)]@28c817d{STARTED,8<=8<=200,i=8,r=-1,q=0}[ReservedThreadExecutor@2c1af92{reserved=0/16,pending=0}]
18:14:53.063 [Executing mockRemoveCredential(org.conjur.jenkins.credentials.ConjurCredentialStoreTest)] DEBUG org.eclipse.jetty.webapp.WebAppContext -- Thread Context classloader jdk.internal.loader.ClassLoaders$AppClassLoader@5ffd2b27
18:14:53.063 [Executing mockRemoveCredential(org.conjur.jenkins.credentials.ConjurCredentialStoreTest)] DEBUG org.eclipse.jetty.webapp.WebAppContext -- Parent class loader: jdk.internal.loader.ClassLoaders$PlatformClassLoader@6a175569 
18:14:53.063 [Executing mockRemoveCredential(org.conjur.jenkins.credentials.ConjurCredentialStoreTest)] DEBUG org.eclipse.jetty.webapp.WebAppContext -- preConfigure o.e.j.w.WebAppContext@1459f2fa{/jenkins,file:///Users/sameer.shaik/MyWorkSpace/17OctV2.2.3-New-BitBucketIssueFixed/conjur-credentials-plugin/target/jenkins-for-test/,STOPPED}{/Users/sameer.shaik/MyWorkSpace/17OctV2.2.3-New-BitBucketIssueFixed/conjur-credentials-plugin/target/jenkins-for-test} with org.eclipse.jetty.webapp.WebXmlConfiguration@51e1ede2
18:14:53.065 [Executing mockRemoveCredential(org.conjur.jenkins.credentials.ConjurCredentialStoreTest)] DEBUG org.eclipse.jetty.webapp.WebDescriptor -- jar:file:/Users/sameer.shaik/.m2/repository/org/eclipse/jetty/jetty-webapp/9.4.48.v20220622/jetty-webapp-9.4.48.v20220622.jar!/org/eclipse/jetty/webapp/webdefault.xml: Calculated metadatacomplete = False with version=3.1
18:14:53.067 [Executing mockRemoveCredential(org.conjur.jenkins.credentials.ConjurCredentialStoreTest)] DEBUG org.eclipse.jetty.webapp.WebDescriptor -- file:///Users/sameer.shaik/MyWorkSpace/17OctV2.2.3-New-BitBucketIssueFixed/conjur-credentials-plugin/target/jenkins-for-test/WEB-INF/web.xml: Calculated metadatacomplete = True with version=3.1
18:14:53.067 [Executing mockRemoveCredential(org.conjur.jenkins.credentials.ConjurCredentialStoreTest)] DEBUG org.eclipse.jetty.webapp.WebAppContext -- configure o.e.j.w.WebAppContext@1459f2fa{/jenkins,file:///Users/sameer.shaik/MyWorkSpace/17OctV2.2.3-New-BitBucketIssueFixed/conjur-credentials-plugin/target/jenkins-for-test/,STARTING}{/Users/sameer.shaik/MyWorkSpace/17OctV2.2.3-New-BitBucketIssueFixed/conjur-credentials-plugin/target/jenkins-for-test} with org.eclipse.jetty.webapp.WebXmlConfiguration@51e1ede2
18:14:53.068 [Executing mockRemoveCredential(org.conjur.jenkins.credentials.ConjurCredentialStoreTest)] DEBUG org.eclipse.jetty.webapp.MetaData -- metadata resolve o.e.j.w.WebAppContext@1459f2fa{/jenkins,file:///Users/sameer.shaik/MyWorkSpace/17OctV2.2.3-New-BitBucketIssueFixed/conjur-credentials-plugin/target/jenkins-for-test/,STARTING}{/Users/sameer.shaik/MyWorkSpace/17OctV2.2.3-New-BitBucketIssueFixed/conjur-credentials-plugin/target/jenkins-for-test}
18:14:53.068 [Executing mockRemoveCredential(org.conjur.jenkins.credentials.ConjurCredentialStoreTest)] DEBUG org.eclipse.jetty.util.component.ContainerLifeCycle -- ServletHandler@77bea7ec{STOPPED} added {org.eclipse.jetty.servlet.listener.ELContextCleaner@3e6ee379{src=DESCRIPTOR:jar:file:/Users/sameer.shaik/.m2/repository/org/eclipse/jetty/jetty-webapp/9.4.48.v20220622/jetty-webapp-9.4.48.v20220622.jar!/org/eclipse/jetty/webapp/webdefault.xml},AUTO}
18:14:53.068 [Executing mockRemoveCredential(org.conjur.jenkins.credentials.ConjurCredentialStoreTest)] DEBUG org.eclipse.jetty.util.component.ContainerLifeCycle -- ServletHandler@77bea7ec{STOPPED} added {org.eclipse.jetty.servlet.listener.IntrospectorCleaner@60be97ab{src=DESCRIPTOR:jar:file:/Users/sameer.shaik/.m2/repository/org/eclipse/jetty/jetty-webapp/9.4.48.v20220622/jetty-webapp-9.4.48.v20220622.jar!/org/eclipse/jetty/webapp/webdefault.xml},AUTO}
18:14:53.068 [Executing mockRemoveCredential(org.conjur.jenkins.credentials.ConjurCredentialStoreTest)] DEBUG org.eclipse.jetty.webapp.StandardDescriptorProcessor -- Added mapping [/]=>default 
18:14:53.068 [Executing mockRemoveCredential(org.conjur.jenkins.credentials.ConjurCredentialStoreTest)] INFO org.eclipse.jetty.webapp.StandardDescriptorProcessor -- NO JSP Support for /jenkins, did not find org.eclipse.jetty.jsp.JettyJspServlet
18:14:53.068 [Executing mockRemoveCredential(org.conjur.jenkins.credentials.ConjurCredentialStoreTest)] DEBUG org.eclipse.jetty.webapp.StandardDescriptorProcessor -- Added mapping [*.jsp, *.jspf, *.jspx, *.xsp, *.JSP, *.JSPF, *.JSPX, *.XSP]=>jsp 
18:14:53.068 [Executing mockRemoveCredential(org.conjur.jenkins.credentials.ConjurCredentialStoreTest)] DEBUG org.eclipse.jetty.server.session -- SessionManager default maxInactiveInterval=1800
18:14:53.068 [Executing mockRemoveCredential(org.conjur.jenkins.credentials.ConjurCredentialStoreTest)] DEBUG org.eclipse.jetty.util.component.ContainerLifeCycle -- ServletHandler@77bea7ec{STOPPED} added {default==org.eclipse.jetty.servlet.DefaultServlet@5c13d641{jsp=null,order=0,inst=false,async=false,src=DESCRIPTOR:jar:file:/Users/sameer.shaik/.m2/repository/org/eclipse/jetty/jetty-webapp/9.4.48.v20220622/jetty-webapp-9.4.48.v20220622.jar!/org/eclipse/jetty/webapp/webdefault.xml,STOPPED},AUTO}
18:14:53.068 [Executing mockRemoveCredential(org.conjur.jenkins.credentials.ConjurCredentialStoreTest)] DEBUG org.eclipse.jetty.util.component.ContainerLifeCycle -- ServletHandler@77bea7ec{STOPPED} added {jsp==org.eclipse.jetty.servlet.NoJspServlet@19c47{jsp=null,order=0,inst=false,async=false,src=DESCRIPTOR:jar:file:/Users/sameer.shaik/.m2/repository/org/eclipse/jetty/jetty-webapp/9.4.48.v20220622/jetty-webapp-9.4.48.v20220622.jar!/org/eclipse/jetty/webapp/webdefault.xml,STOPPED},AUTO}
18:14:53.068 [Executing mockRemoveCredential(org.conjur.jenkins.credentials.ConjurCredentialStoreTest)] DEBUG org.eclipse.jetty.util.component.ContainerLifeCycle -- ServletHandler@77bea7ec{STOPPED} added {[/]=>default,POJO}
18:14:53.068 [Executing mockRemoveCredential(org.conjur.jenkins.credentials.ConjurCredentialStoreTest)] DEBUG org.eclipse.jetty.util.component.ContainerLifeCycle -- ServletHandler@77bea7ec{STOPPED} added {[*.jsp, *.jspf, *.jspx, *.xsp, *.JSP, *.JSPF, *.JSPX, *.XSP]=>jsp,POJO}
18:14:53.068 [Executing mockRemoveCredential(org.conjur.jenkins.credentials.ConjurCredentialStoreTest)] DEBUG org.eclipse.jetty.webapp.StandardDescriptorProcessor -- Added mapping [/*]=>Stapler 
18:14:53.068 [Executing mockRemoveCredential(org.conjur.jenkins.credentials.ConjurCredentialStoreTest)] DEBUG org.eclipse.jetty.util.component.ContainerLifeCycle -- ServletHandler@77bea7ec{STOPPED} added {jenkins.util.SystemProperties$Listener@486685{src=DESCRIPTOR:file:///Users/sameer.shaik/MyWorkSpace/17OctV2.2.3-New-BitBucketIssueFixed/conjur-credentials-plugin/target/jenkins-for-test/WEB-INF/web.xml},AUTO}
18:14:53.068 [Executing mockRemoveCredential(org.conjur.jenkins.credentials.ConjurCredentialStoreTest)] DEBUG org.eclipse.jetty.util.component.ContainerLifeCycle -- ServletHandler@77bea7ec{STOPPED} added {hudson.WebAppMain@1ec747bd{src=DESCRIPTOR:file:///Users/sameer.shaik/MyWorkSpace/17OctV2.2.3-New-BitBucketIssueFixed/conjur-credentials-plugin/target/jenkins-for-test/WEB-INF/web.xml},AUTO}
18:14:53.069 [Executing mockRemoveCredential(org.conjur.jenkins.credentials.ConjurCredentialStoreTest)] DEBUG org.eclipse.jetty.util.component.ContainerLifeCycle -- ServletHandler@77bea7ec{STOPPED} added {jenkins.JenkinsHttpSessionListener@57fb0a37{src=DESCRIPTOR:file:///Users/sameer.shaik/MyWorkSpace/17OctV2.2.3-New-BitBucketIssueFixed/conjur-credentials-plugin/target/jenkins-for-test/WEB-INF/web.xml},AUTO}
18:14:53.069 [Executing mockRemoveCredential(org.conjur.jenkins.credentials.ConjurCredentialStoreTest)] DEBUG org.eclipse.jetty.util.component.ContainerLifeCycle -- ServletHandler@77bea7ec{STOPPED} added {suspicious-request-filter==jenkins.security.SuspiciousRequestFilter@248da302{inst=false,async=true,src=DESCRIPTOR:file:///Users/sameer.shaik/MyWorkSpace/17OctV2.2.3-New-BitBucketIssueFixed/conjur-credentials-plugin/target/jenkins-for-test/WEB-INF/web.xml},AUTO}
18:14:53.069 [Executing mockRemoveCredential(org.conjur.jenkins.credentials.ConjurCredentialStoreTest)] DEBUG org.eclipse.jetty.util.component.ContainerLifeCycle -- ServletHandler@77bea7ec{STOPPED} added {diagnostic-name-filter==org.kohsuke.stapler.DiagnosticThreadNameFilter@2b28bf16{inst=false,async=true,src=DESCRIPTOR:file:///Users/sameer.shaik/MyWorkSpace/17OctV2.2.3-New-BitBucketIssueFixed/conjur-credentials-plugin/target/jenkins-for-test/WEB-INF/web.xml},AUTO}
18:14:53.069 [Executing mockRemoveCredential(org.conjur.jenkins.credentials.ConjurCredentialStoreTest)] DEBUG org.eclipse.jetty.util.component.ContainerLifeCycle -- ServletHandler@77bea7ec{STOPPED} added {encoding-filter==hudson.util.CharacterEncodingFilter@e848f63{inst=false,async=true,src=DESCRIPTOR:file:///Users/sameer.shaik/MyWorkSpace/17OctV2.2.3-New-BitBucketIssueFixed/conjur-credentials-plugin/target/jenkins-for-test/WEB-INF/web.xml},AUTO}
18:14:53.069 [Executing mockRemoveCredential(org.conjur.jenkins.credentials.ConjurCredentialStoreTest)] DEBUG org.eclipse.jetty.util.component.ContainerLifeCycle -- ServletHandler@77bea7ec{STOPPED} added {compression-filter==org.kohsuke.stapler.compression.CompressionFilter@1178db0f{inst=false,async=true,src=DESCRIPTOR:file:///Users/sameer.shaik/MyWorkSpace/17OctV2.2.3-New-BitBucketIssueFixed/conjur-credentials-plugin/target/jenkins-for-test/WEB-INF/web.xml},AUTO}
18:14:53.069 [Executing mockRemoveCredential(org.conjur.jenkins.credentials.ConjurCredentialStoreTest)] DEBUG org.eclipse.jetty.util.component.ContainerLifeCycle -- ServletHandler@77bea7ec{STOPPED} added {authentication-filter==hudson.security.HudsonFilter@58a4ff91{inst=false,async=true,src=DESCRIPTOR:file:///Users/sameer.shaik/MyWorkSpace/17OctV2.2.3-New-BitBucketIssueFixed/conjur-credentials-plugin/target/jenkins-for-test/WEB-INF/web.xml},AUTO}
18:14:53.069 [Executing mockRemoveCredential(org.conjur.jenkins.credentials.ConjurCredentialStoreTest)] DEBUG org.eclipse.jetty.util.component.ContainerLifeCycle -- ServletHandler@77bea7ec{STOPPED} added {csrf-filter==hudson.security.csrf.CrumbFilter@361a2b9c{inst=false,async=true,src=DESCRIPTOR:file:///Users/sameer.shaik/MyWorkSpace/17OctV2.2.3-New-BitBucketIssueFixed/conjur-credentials-plugin/target/jenkins-for-test/WEB-INF/web.xml},AUTO}
18:14:53.069 [Executing mockRemoveCredential(org.conjur.jenkins.credentials.ConjurCredentialStoreTest)] DEBUG org.eclipse.jetty.util.component.ContainerLifeCycle -- ServletHandler@77bea7ec{STOPPED} added {plugins-filter==hudson.util.PluginServletFilter@1ccf45ab{inst=false,async=true,src=DESCRIPTOR:file:///Users/sameer.shaik/MyWorkSpace/17OctV2.2.3-New-BitBucketIssueFixed/conjur-credentials-plugin/target/jenkins-for-test/WEB-INF/web.xml},AUTO}
18:14:53.069 [Executing mockRemoveCredential(org.conjur.jenkins.credentials.ConjurCredentialStoreTest)] DEBUG org.eclipse.jetty.util.component.ContainerLifeCycle -- ServletHandler@77bea7ec{STOPPED} added {Stapler==org.kohsuke.stapler.Stapler@f222d1a9{jsp=null,order=-1,inst=false,async=true,src=DESCRIPTOR:file:///Users/sameer.shaik/MyWorkSpace/17OctV2.2.3-New-BitBucketIssueFixed/conjur-credentials-plugin/target/jenkins-for-test/WEB-INF/web.xml,STOPPED},AUTO}
18:14:53.069 [Executing mockRemoveCredential(org.conjur.jenkins.credentials.ConjurCredentialStoreTest)] DEBUG org.eclipse.jetty.util.component.ContainerLifeCycle -- ServletHandler@77bea7ec{STOPPED} added {[/*]/[]/[REQUEST]=>suspicious-request-filter,POJO}
18:14:53.069 [Executing mockRemoveCredential(org.conjur.jenkins.credentials.ConjurCredentialStoreTest)] DEBUG org.eclipse.jetty.util.component.ContainerLifeCycle -- ServletHandler@77bea7ec{STOPPED} added {[/*]/[]/[REQUEST]=>diagnostic-name-filter,POJO}
18:14:53.069 [Executing mockRemoveCredential(org.conjur.jenkins.credentials.ConjurCredentialStoreTest)] DEBUG org.eclipse.jetty.util.component.ContainerLifeCycle -- ServletHandler@77bea7ec{STOPPED} added {[/*]/[]/[REQUEST]=>encoding-filter,POJO}
18:14:53.069 [Executing mockRemoveCredential(org.conjur.jenkins.credentials.ConjurCredentialStoreTest)] DEBUG org.eclipse.jetty.util.component.ContainerLifeCycle -- ServletHandler@77bea7ec{STOPPED} added {[/*]/[]/[REQUEST]=>compression-filter,POJO}
18:14:53.069 [Executing mockRemoveCredential(org.conjur.jenkins.credentials.ConjurCredentialStoreTest)] DEBUG org.eclipse.jetty.util.component.ContainerLifeCycle -- ServletHandler@77bea7ec{STOPPED} added {[/*]/[]/[REQUEST]=>authentication-filter,POJO}
18:14:53.069 [Executing mockRemoveCredential(org.conjur.jenkins.credentials.ConjurCredentialStoreTest)] DEBUG org.eclipse.jetty.util.component.ContainerLifeCycle -- ServletHandler@77bea7ec{STOPPED} added {[/*]/[]/[REQUEST]=>csrf-filter,POJO}
18:14:53.069 [Executing mockRemoveCredential(org.conjur.jenkins.credentials.ConjurCredentialStoreTest)] DEBUG org.eclipse.jetty.util.component.ContainerLifeCycle -- ServletHandler@77bea7ec{STOPPED} added {[/*]/[]/[REQUEST]=>plugins-filter,POJO}
18:14:53.069 [Executing mockRemoveCredential(org.conjur.jenkins.credentials.ConjurCredentialStoreTest)] DEBUG org.eclipse.jetty.util.component.ContainerLifeCycle -- ServletHandler@77bea7ec{STOPPED} added {[/*]=>Stapler,POJO}
18:14:53.069 [Executing mockRemoveCredential(org.conjur.jenkins.credentials.ConjurCredentialStoreTest)] DEBUG org.eclipse.jetty.util.component.AbstractLifeCycle -- starting org.eclipse.jetty.servlet.listener.ELContextCleaner@3e6ee379{src=DESCRIPTOR:jar:file:/Users/sameer.shaik/.m2/repository/org/eclipse/jetty/jetty-webapp/9.4.48.v20220622/jetty-webapp-9.4.48.v20220622.jar!/org/eclipse/jetty/webapp/webdefault.xml}
18:14:53.069 [Executing mockRemoveCredential(org.conjur.jenkins.credentials.ConjurCredentialStoreTest)] DEBUG org.eclipse.jetty.servlet.BaseHolder -- Holding class org.eclipse.jetty.servlet.listener.ELContextCleaner from jdk.internal.loader.ClassLoaders$AppClassLoader@5ffd2b27
18:14:53.069 [Executing mockRemoveCredential(org.conjur.jenkins.credentials.ConjurCredentialStoreTest)] DEBUG org.eclipse.jetty.util.component.AbstractLifeCycle -- STARTED @20173ms org.eclipse.jetty.servlet.listener.ELContextCleaner@3e6ee379{src=DESCRIPTOR:jar:file:/Users/sameer.shaik/.m2/repository/org/eclipse/jetty/jetty-webapp/9.4.48.v20220622/jetty-webapp-9.4.48.v20220622.jar!/org/eclipse/jetty/webapp/webdefault.xml}
18:14:53.069 [Executing mockRemoveCredential(org.conjur.jenkins.credentials.ConjurCredentialStoreTest)] DEBUG org.eclipse.jetty.util.component.AbstractLifeCycle -- starting org.eclipse.jetty.servlet.listener.IntrospectorCleaner@60be97ab{src=DESCRIPTOR:jar:file:/Users/sameer.shaik/.m2/repository/org/eclipse/jetty/jetty-webapp/9.4.48.v20220622/jetty-webapp-9.4.48.v20220622.jar!/org/eclipse/jetty/webapp/webdefault.xml}
18:14:53.069 [Executing mockRemoveCredential(org.conjur.jenkins.credentials.ConjurCredentialStoreTest)] DEBUG org.eclipse.jetty.servlet.BaseHolder -- Holding class org.eclipse.jetty.servlet.listener.IntrospectorCleaner from jdk.internal.loader.ClassLoaders$AppClassLoader@5ffd2b27
18:14:53.069 [Executing mockRemoveCredential(org.conjur.jenkins.credentials.ConjurCredentialStoreTest)] DEBUG org.eclipse.jetty.util.component.AbstractLifeCycle -- STARTED @20173ms org.eclipse.jetty.servlet.listener.IntrospectorCleaner@60be97ab{src=DESCRIPTOR:jar:file:/Users/sameer.shaik/.m2/repository/org/eclipse/jetty/jetty-webapp/9.4.48.v20220622/jetty-webapp-9.4.48.v20220622.jar!/org/eclipse/jetty/webapp/webdefault.xml}
18:14:53.069 [Executing mockRemoveCredential(org.conjur.jenkins.credentials.ConjurCredentialStoreTest)] DEBUG org.eclipse.jetty.util.component.AbstractLifeCycle -- starting jenkins.util.SystemProperties$Listener@486685{src=DESCRIPTOR:file:///Users/sameer.shaik/MyWorkSpace/17OctV2.2.3-New-BitBucketIssueFixed/conjur-credentials-plugin/target/jenkins-for-test/WEB-INF/web.xml}
18:14:53.069 [Executing mockRemoveCredential(org.conjur.jenkins.credentials.ConjurCredentialStoreTest)] DEBUG org.eclipse.jetty.servlet.BaseHolder -- Holding class jenkins.util.SystemProperties$Listener from jdk.internal.loader.ClassLoaders$AppClassLoader@5ffd2b27
18:14:53.069 [Executing mockRemoveCredential(org.conjur.jenkins.credentials.ConjurCredentialStoreTest)] DEBUG org.eclipse.jetty.util.component.AbstractLifeCycle -- STARTED @20173ms jenkins.util.SystemProperties$Listener@486685{src=DESCRIPTOR:file:///Users/sameer.shaik/MyWorkSpace/17OctV2.2.3-New-BitBucketIssueFixed/conjur-credentials-plugin/target/jenkins-for-test/WEB-INF/web.xml}
18:14:53.069 [Executing mockRemoveCredential(org.conjur.jenkins.credentials.ConjurCredentialStoreTest)] DEBUG org.eclipse.jetty.util.component.AbstractLifeCycle -- starting hudson.WebAppMain@1ec747bd{src=DESCRIPTOR:file:///Users/sameer.shaik/MyWorkSpace/17OctV2.2.3-New-BitBucketIssueFixed/conjur-credentials-plugin/target/jenkins-for-test/WEB-INF/web.xml}
18:14:53.070 [Executing mockRemoveCredential(org.conjur.jenkins.credentials.ConjurCredentialStoreTest)] DEBUG org.eclipse.jetty.servlet.BaseHolder -- Holding class hudson.WebAppMain from jdk.internal.loader.ClassLoaders$AppClassLoader@5ffd2b27
18:14:53.070 [Executing mockRemoveCredential(org.conjur.jenkins.credentials.ConjurCredentialStoreTest)] DEBUG org.eclipse.jetty.util.component.AbstractLifeCycle -- STARTED @20173ms hudson.WebAppMain@1ec747bd{src=DESCRIPTOR:file:///Users/sameer.shaik/MyWorkSpace/17OctV2.2.3-New-BitBucketIssueFixed/conjur-credentials-plugin/target/jenkins-for-test/WEB-INF/web.xml}
18:14:53.070 [Executing mockRemoveCredential(org.conjur.jenkins.credentials.ConjurCredentialStoreTest)] DEBUG org.eclipse.jetty.util.component.AbstractLifeCycle -- starting jenkins.JenkinsHttpSessionListener@57fb0a37{src=DESCRIPTOR:file:///Users/sameer.shaik/MyWorkSpace/17OctV2.2.3-New-BitBucketIssueFixed/conjur-credentials-plugin/target/jenkins-for-test/WEB-INF/web.xml}
18:14:53.070 [Executing mockRemoveCredential(org.conjur.jenkins.credentials.ConjurCredentialStoreTest)] DEBUG org.eclipse.jetty.servlet.BaseHolder -- Holding class jenkins.JenkinsHttpSessionListener from jdk.internal.loader.ClassLoaders$AppClassLoader@5ffd2b27
18:14:53.070 [Executing mockRemoveCredential(org.conjur.jenkins.credentials.ConjurCredentialStoreTest)] DEBUG org.eclipse.jetty.util.component.ContainerLifeCycle -- org.eclipse.jetty.server.session.SessionHandler597586953==dftMaxIdleSec=1800 added {jenkins.JenkinsHttpSessionListener@4bb8459e,UNMANAGED}
18:14:53.070 [Executing mockRemoveCredential(org.conjur.jenkins.credentials.ConjurCredentialStoreTest)] DEBUG org.eclipse.jetty.util.component.AbstractLifeCycle -- STARTED @20173ms jenkins.JenkinsHttpSessionListener@57fb0a37{src=DESCRIPTOR:file:///Users/sameer.shaik/MyWorkSpace/17OctV2.2.3-New-BitBucketIssueFixed/conjur-credentials-plugin/target/jenkins-for-test/WEB-INF/web.xml}
18:14:53.070 [Executing mockRemoveCredential(org.conjur.jenkins.credentials.ConjurCredentialStoreTest)] DEBUG org.eclipse.jetty.server.handler.AbstractHandler -- starting o.e.j.w.WebAppContext@1459f2fa{Jenkins v2.346.3,/jenkins,file:///Users/sameer.shaik/MyWorkSpace/17OctV2.2.3-New-BitBucketIssueFixed/conjur-credentials-plugin/target/jenkins-for-test/,STARTING}{/Users/sameer.shaik/MyWorkSpace/17OctV2.2.3-New-BitBucketIssueFixed/conjur-credentials-plugin/target/jenkins-for-test}
18:14:53.070 [Executing mockRemoveCredential(org.conjur.jenkins.credentials.ConjurCredentialStoreTest)] DEBUG org.eclipse.jetty.util.component.AbstractLifeCycle -- starting SymlinkAllowedResourceAliasChecker@72b80e65{base=null,protected=[/WEB-INF, /META-INF]}
18:14:53.070 [Executing mockRemoveCredential(org.conjur.jenkins.credentials.ConjurCredentialStoreTest)] DEBUG org.eclipse.jetty.util.component.AbstractLifeCycle -- STARTED @20173ms SymlinkAllowedResourceAliasChecker@72b80e65{base=null,protected=[/WEB-INF, /META-INF]}
18:14:53.070 [Executing mockRemoveCredential(org.conjur.jenkins.credentials.ConjurCredentialStoreTest)] DEBUG org.eclipse.jetty.util.component.AbstractLifeCycle -- starting org.eclipse.jetty.server.session.SessionHandler597586953==dftMaxIdleSec=1800
18:14:53.070 [Executing mockRemoveCredential(org.conjur.jenkins.credentials.ConjurCredentialStoreTest)] DEBUG org.eclipse.jetty.util.component.ContainerLifeCycle -- org.eclipse.jetty.server.session.SessionHandler597586953==dftMaxIdleSec=1800 added {org.eclipse.jetty.server.session.DefaultSessionCache@349f730f[evict=-1,removeUnloadable=false,saveOnCreate=false,saveOnInactiveEvict=false],AUTO}
18:14:53.070 [Executing mockRemoveCredential(org.conjur.jenkins.credentials.ConjurCredentialStoreTest)] DEBUG org.eclipse.jetty.util.component.ContainerLifeCycle -- org.eclipse.jetty.server.session.DefaultSessionCache@349f730f[evict=-1,removeUnloadable=false,saveOnCreate=false,saveOnInactiveEvict=false] added {org.eclipse.jetty.server.session.NullSessionDataStore@533ee8cb[passivating=false,graceSec=3600],AUTO}
18:14:53.070 [Executing mockRemoveCredential(org.conjur.jenkins.credentials.ConjurCredentialStoreTest)] DEBUG org.eclipse.jetty.util.component.AbstractLifeCycle -- starting DefaultSessionIdManager@35ba1d1a{STOPPED}[worker=null]
18:14:53.070 [Executing mockRemoveCredential(org.conjur.jenkins.credentials.ConjurCredentialStoreTest)] INFO org.eclipse.jetty.server.session -- DefaultSessionIdManager workerName=node0
18:14:53.070 [Executing mockRemoveCredential(org.conjur.jenkins.credentials.ConjurCredentialStoreTest)] INFO org.eclipse.jetty.server.session -- No SessionScavenger set, using defaults
18:14:53.070 [Executing mockRemoveCredential(org.conjur.jenkins.credentials.ConjurCredentialStoreTest)] DEBUG org.eclipse.jetty.util.component.ContainerLifeCycle -- DefaultSessionIdManager@35ba1d1a{STARTING}[worker=node0] added {HouseKeeper@3c273a86{STOPPED}[interval=600000, ownscheduler=false],MANAGED}
18:14:53.070 [Executing mockRemoveCredential(org.conjur.jenkins.credentials.ConjurCredentialStoreTest)] DEBUG org.eclipse.jetty.util.component.AbstractLifeCycle -- starting HouseKeeper@3c273a86{STOPPED}[interval=600000, ownscheduler=false]
18:14:53.070 [Executing mockRemoveCredential(org.conjur.jenkins.credentials.ConjurCredentialStoreTest)] DEBUG org.eclipse.jetty.util.component.AbstractLifeCycle -- starting ScheduledExecutorScheduler@736f3106{STOPPED}
18:14:53.070 [Executing mockRemoveCredential(org.conjur.jenkins.credentials.ConjurCredentialStoreTest)] DEBUG org.eclipse.jetty.util.component.AbstractLifeCycle -- STARTED @20174ms ScheduledExecutorScheduler@736f3106{STARTED}
18:14:53.070 [Executing mockRemoveCredential(org.conjur.jenkins.credentials.ConjurCredentialStoreTest)] DEBUG org.eclipse.jetty.server.session -- Using own scheduler for scavenging
18:14:53.070 [Executing mockRemoveCredential(org.conjur.jenkins.credentials.ConjurCredentialStoreTest)] INFO org.eclipse.jetty.server.session -- node0 Scavenging every 660000ms
18:14:53.070 [Executing mockRemoveCredential(org.conjur.jenkins.credentials.ConjurCredentialStoreTest)] DEBUG org.eclipse.jetty.util.component.AbstractLifeCycle -- STARTED @20174ms HouseKeeper@3c273a86{STARTED}[interval=660000, ownscheduler=true]
18:14:53.070 [Executing mockRemoveCredential(org.conjur.jenkins.credentials.ConjurCredentialStoreTest)] DEBUG org.eclipse.jetty.util.component.AbstractLifeCycle -- STARTED @20174ms DefaultSessionIdManager@35ba1d1a{STARTED}[worker=node0]
18:14:53.070 [Executing mockRemoveCredential(org.conjur.jenkins.credentials.ConjurCredentialStoreTest)] DEBUG org.eclipse.jetty.util.component.ContainerLifeCycle -- Server@43b18b46{STARTING}[9.4.48.v20220622] added {DefaultSessionIdManager@35ba1d1a{STARTED}[worker=node0],MANAGED}
18:14:53.070 [Executing mockRemoveCredential(org.conjur.jenkins.credentials.ConjurCredentialStoreTest)] DEBUG org.eclipse.jetty.util.component.ContainerLifeCycle -- org.eclipse.jetty.server.session.SessionHandler597586953==dftMaxIdleSec=1800 added {DefaultSessionIdManager@35ba1d1a{STARTED}[worker=node0],UNMANAGED}
18:14:53.070 [Executing mockRemoveCredential(org.conjur.jenkins.credentials.ConjurCredentialStoreTest)] DEBUG org.eclipse.jetty.util.component.AbstractLifeCycle -- starting ScheduledExecutorScheduler@32047231{STOPPED}
18:14:53.070 [Executing mockRemoveCredential(org.conjur.jenkins.credentials.ConjurCredentialStoreTest)] DEBUG org.eclipse.jetty.util.component.AbstractLifeCycle -- STARTED @20174ms ScheduledExecutorScheduler@32047231{STARTED}
18:14:53.070 [Executing mockRemoveCredential(org.conjur.jenkins.credentials.ConjurCredentialStoreTest)] DEBUG org.eclipse.jetty.server.handler.AbstractHandler -- starting org.eclipse.jetty.server.session.SessionHandler597586953==dftMaxIdleSec=1800
18:14:53.070 [Executing mockRemoveCredential(org.conjur.jenkins.credentials.ConjurCredentialStoreTest)] DEBUG org.eclipse.jetty.util.component.AbstractLifeCycle -- starting ConstraintSecurityHandler@780b8ca2{STOPPED}
18:14:53.070 [Executing mockRemoveCredential(org.conjur.jenkins.credentials.ConjurCredentialStoreTest)] DEBUG org.eclipse.jetty.util.component.ContainerLifeCycle -- ConstraintSecurityHandler@780b8ca2{STARTING} added {org.eclipse.jetty.security.DefaultIdentityService@58456b74,POJO}
18:14:53.070 [Executing mockRemoveCredential(org.conjur.jenkins.credentials.ConjurCredentialStoreTest)] DEBUG org.eclipse.jetty.security.SecurityHandler -- Created authenticator org.eclipse.jetty.security.authentication.FormAuthenticator@37f28dfd with org.eclipse.jetty.security.DefaultAuthenticatorFactory@a76ae10
18:14:53.070 [Executing mockRemoveCredential(org.conjur.jenkins.credentials.ConjurCredentialStoreTest)] DEBUG org.eclipse.jetty.util.component.ContainerLifeCycle -- ConstraintSecurityHandler@780b8ca2{STARTING} added {org.eclipse.jetty.security.authentication.FormAuthenticator@37f28dfd,POJO}
18:14:53.070 [Executing mockRemoveCredential(org.conjur.jenkins.credentials.ConjurCredentialStoreTest)] DEBUG org.eclipse.jetty.server.handler.AbstractHandler -- starting ConstraintSecurityHandler@780b8ca2{STARTING}
18:14:53.070 [Executing mockRemoveCredential(org.conjur.jenkins.credentials.ConjurCredentialStoreTest)] DEBUG org.eclipse.jetty.util.component.AbstractLifeCycle -- starting ServletHandler@77bea7ec{STOPPED}
18:14:53.070 [Executing mockRemoveCredential(org.conjur.jenkins.credentials.ConjurCredentialStoreTest)] DEBUG org.eclipse.jetty.servlet.ServletHandler -- Path=*.jspx[DESCRIPTOR:jar:file:/Users/sameer.shaik/.m2/repository/org/eclipse/jetty/jetty-webapp/9.4.48.v20220622/jetty-webapp-9.4.48.v20220622.jar!/org/eclipse/jetty/webapp/webdefault.xml] mapped to servlet=jsp[DESCRIPTOR:jar:file:/Users/sameer.shaik/.m2/repository/org/eclipse/jetty/jetty-webapp/9.4.48.v20220622/jetty-webapp-9.4.48.v20220622.jar!/org/eclipse/jetty/webapp/webdefault.xml]
18:14:53.071 [Executing mockRemoveCredential(org.conjur.jenkins.credentials.ConjurCredentialStoreTest)] DEBUG org.eclipse.jetty.http.pathmap.ServletPathSpec -- Creating ServletPathSpec[*.jspx] (group: SUFFIX_GLOB, prefix: "null", suffix: "jspx")
18:14:53.071 [Executing mockRemoveCredential(org.conjur.jenkins.credentials.ConjurCredentialStoreTest)] DEBUG org.eclipse.jetty.http.pathmap.PathMappings -- Added MappedResource[pathSpec=ServletPathSpec@96a7cfb7{*.jspx},resource=jsp==org.eclipse.jetty.servlet.NoJspServlet@19c47{jsp=null,order=0,inst=false,async=false,src=DESCRIPTOR:jar:file:/Users/sameer.shaik/.m2/repository/org/eclipse/jetty/jetty-webapp/9.4.48.v20220622/jetty-webapp-9.4.48.v20220622.jar!/org/eclipse/jetty/webapp/webdefault.xml,STOPPED}] to PathMappings[size=1]
18:14:53.071 [Executing mockRemoveCredential(org.conjur.jenkins.credentials.ConjurCredentialStoreTest)] DEBUG org.eclipse.jetty.servlet.ServletHandler -- Path=*.JSPX[DESCRIPTOR:jar:file:/Users/sameer.shaik/.m2/repository/org/eclipse/jetty/jetty-webapp/9.4.48.v20220622/jetty-webapp-9.4.48.v20220622.jar!/org/eclipse/jetty/webapp/webdefault.xml] mapped to servlet=jsp[DESCRIPTOR:jar:file:/Users/sameer.shaik/.m2/repository/org/eclipse/jetty/jetty-webapp/9.4.48.v20220622/jetty-webapp-9.4.48.v20220622.jar!/org/eclipse/jetty/webapp/webdefault.xml]
18:14:53.071 [Executing mockRemoveCredential(org.conjur.jenkins.credentials.ConjurCredentialStoreTest)] DEBUG org.eclipse.jetty.http.pathmap.ServletPathSpec -- Creating ServletPathSpec[*.JSPX] (group: SUFFIX_GLOB, prefix: "null", suffix: "JSPX")
18:14:53.071 [Executing mockRemoveCredential(org.conjur.jenkins.credentials.ConjurCredentialStoreTest)] DEBUG org.eclipse.jetty.http.pathmap.PathMappings -- Added MappedResource[pathSpec=ServletPathSpec@94d5d7b7{*.JSPX},resource=jsp==org.eclipse.jetty.servlet.NoJspServlet@19c47{jsp=null,order=0,inst=false,async=false,src=DESCRIPTOR:jar:file:/Users/sameer.shaik/.m2/repository/org/eclipse/jetty/jetty-webapp/9.4.48.v20220622/jetty-webapp-9.4.48.v20220622.jar!/org/eclipse/jetty/webapp/webdefault.xml,STOPPED}] to PathMappings[size=2]
18:14:53.071 [Executing mockRemoveCredential(org.conjur.jenkins.credentials.ConjurCredentialStoreTest)] DEBUG org.eclipse.jetty.servlet.ServletHandler -- Path=*.JSPF[DESCRIPTOR:jar:file:/Users/sameer.shaik/.m2/repository/org/eclipse/jetty/jetty-webapp/9.4.48.v20220622/jetty-webapp-9.4.48.v20220622.jar!/org/eclipse/jetty/webapp/webdefault.xml] mapped to servlet=jsp[DESCRIPTOR:jar:file:/Users/sameer.shaik/.m2/repository/org/eclipse/jetty/jetty-webapp/9.4.48.v20220622/jetty-webapp-9.4.48.v20220622.jar!/org/eclipse/jetty/webapp/webdefault.xml]
18:14:53.071 [Executing mockRemoveCredential(org.conjur.jenkins.credentials.ConjurCredentialStoreTest)] DEBUG org.eclipse.jetty.http.pathmap.ServletPathSpec -- Creating ServletPathSpec[*.JSPF] (group: SUFFIX_GLOB, prefix: "null", suffix: "JSPF")
18:14:53.071 [Executing mockRemoveCredential(org.conjur.jenkins.credentials.ConjurCredentialStoreTest)] DEBUG org.eclipse.jetty.http.pathmap.PathMappings -- Added MappedResource[pathSpec=ServletPathSpec@94d5d589{*.JSPF},resource=jsp==org.eclipse.jetty.servlet.NoJspServlet@19c47{jsp=null,order=0,inst=false,async=false,src=DESCRIPTOR:jar:file:/Users/sameer.shaik/.m2/repository/org/eclipse/jetty/jetty-webapp/9.4.48.v20220622/jetty-webapp-9.4.48.v20220622.jar!/org/eclipse/jetty/webapp/webdefault.xml,STOPPED}] to PathMappings[size=3]
18:14:53.071 [Executing mockRemoveCredential(org.conjur.jenkins.credentials.ConjurCredentialStoreTest)] DEBUG org.eclipse.jetty.servlet.ServletHandler -- Path=*.jsp[DESCRIPTOR:jar:file:/Users/sameer.shaik/.m2/repository/org/eclipse/jetty/jetty-webapp/9.4.48.v20220622/jetty-webapp-9.4.48.v20220622.jar!/org/eclipse/jetty/webapp/webdefault.xml] mapped to servlet=jsp[DESCRIPTOR:jar:file:/Users/sameer.shaik/.m2/repository/org/eclipse/jetty/jetty-webapp/9.4.48.v20220622/jetty-webapp-9.4.48.v20220622.jar!/org/eclipse/jetty/webapp/webdefault.xml]
18:14:53.071 [Executing mockRemoveCredential(org.conjur.jenkins.credentials.ConjurCredentialStoreTest)] DEBUG org.eclipse.jetty.http.pathmap.ServletPathSpec -- Creating ServletPathSpec[*.jsp] (group: SUFFIX_GLOB, prefix: "null", suffix: "jsp")
18:14:53.071 [Executing mockRemoveCredential(org.conjur.jenkins.credentials.ConjurCredentialStoreTest)] DEBUG org.eclipse.jetty.http.pathmap.PathMappings -- Added MappedResource[pathSpec=ServletPathSpec@debd2188{*.jsp},resource=jsp==org.eclipse.jetty.servlet.NoJspServlet@19c47{jsp=null,order=0,inst=false,async=false,src=DESCRIPTOR:jar:file:/Users/sameer.shaik/.m2/repository/org/eclipse/jetty/jetty-webapp/9.4.48.v20220622/jetty-webapp-9.4.48.v20220622.jar!/org/eclipse/jetty/webapp/webdefault.xml,STOPPED}] to PathMappings[size=4]
18:14:53.071 [Executing mockRemoveCredential(org.conjur.jenkins.credentials.ConjurCredentialStoreTest)] DEBUG org.eclipse.jetty.servlet.ServletHandler -- Path=*.JSP[DESCRIPTOR:jar:file:/Users/sameer.shaik/.m2/repository/org/eclipse/jetty/jetty-webapp/9.4.48.v20220622/jetty-webapp-9.4.48.v20220622.jar!/org/eclipse/jetty/webapp/webdefault.xml] mapped to servlet=jsp[DESCRIPTOR:jar:file:/Users/sameer.shaik/.m2/repository/org/eclipse/jetty/jetty-webapp/9.4.48.v20220622/jetty-webapp-9.4.48.v20220622.jar!/org/eclipse/jetty/webapp/webdefault.xml]
18:14:53.071 [Executing mockRemoveCredential(org.conjur.jenkins.credentials.ConjurCredentialStoreTest)] DEBUG org.eclipse.jetty.http.pathmap.ServletPathSpec -- Creating ServletPathSpec[*.JSP] (group: SUFFIX_GLOB, prefix: "null", suffix: "JSP")
18:14:53.071 [Executing mockRemoveCredential(org.conjur.jenkins.credentials.ConjurCredentialStoreTest)] DEBUG org.eclipse.jetty.http.pathmap.PathMappings -- Added MappedResource[pathSpec=ServletPathSpec@deae19a8{*.JSP},resource=jsp==org.eclipse.jetty.servlet.NoJspServlet@19c47{jsp=null,order=0,inst=false,async=false,src=DESCRIPTOR:jar:file:/Users/sameer.shaik/.m2/repository/org/eclipse/jetty/jetty-webapp/9.4.48.v20220622/jetty-webapp-9.4.48.v20220622.jar!/org/eclipse/jetty/webapp/webdefault.xml,STOPPED}] to PathMappings[size=5]
18:14:53.071 [Executing mockRemoveCredential(org.conjur.jenkins.credentials.ConjurCredentialStoreTest)] DEBUG org.eclipse.jetty.servlet.ServletHandler -- Path=*.jspf[DESCRIPTOR:jar:file:/Users/sameer.shaik/.m2/repository/org/eclipse/jetty/jetty-webapp/9.4.48.v20220622/jetty-webapp-9.4.48.v20220622.jar!/org/eclipse/jetty/webapp/webdefault.xml] mapped to servlet=jsp[DESCRIPTOR:jar:file:/Users/sameer.shaik/.m2/repository/org/eclipse/jetty/jetty-webapp/9.4.48.v20220622/jetty-webapp-9.4.48.v20220622.jar!/org/eclipse/jetty/webapp/webdefault.xml]
18:14:53.071 [Executing mockRemoveCredential(org.conjur.jenkins.credentials.ConjurCredentialStoreTest)] DEBUG org.eclipse.jetty.http.pathmap.ServletPathSpec -- Creating ServletPathSpec[*.jspf] (group: SUFFIX_GLOB, prefix: "null", suffix: "jspf")
18:14:53.071 [Executing mockRemoveCredential(org.conjur.jenkins.credentials.ConjurCredentialStoreTest)] DEBUG org.eclipse.jetty.http.pathmap.PathMappings -- Added MappedResource[pathSpec=ServletPathSpec@96a7cd89{*.jspf},resource=jsp==org.eclipse.jetty.servlet.NoJspServlet@19c47{jsp=null,order=0,inst=false,async=false,src=DESCRIPTOR:jar:file:/Users/sameer.shaik/.m2/repository/org/eclipse/jetty/jetty-webapp/9.4.48.v20220622/jetty-webapp-9.4.48.v20220622.jar!/org/eclipse/jetty/webapp/webdefault.xml,STOPPED}] to PathMappings[size=6]
18:14:53.071 [Executing mockRemoveCredential(org.conjur.jenkins.credentials.ConjurCredentialStoreTest)] DEBUG org.eclipse.jetty.servlet.ServletHandler -- Path=*.XSP[DESCRIPTOR:jar:file:/Users/sameer.shaik/.m2/repository/org/eclipse/jetty/jetty-webapp/9.4.48.v20220622/jetty-webapp-9.4.48.v20220622.jar!/org/eclipse/jetty/webapp/webdefault.xml] mapped to servlet=jsp[DESCRIPTOR:jar:file:/Users/sameer.shaik/.m2/repository/org/eclipse/jetty/jetty-webapp/9.4.48.v20220622/jetty-webapp-9.4.48.v20220622.jar!/org/eclipse/jetty/webapp/webdefault.xml]
18:14:53.071 [Executing mockRemoveCredential(org.conjur.jenkins.credentials.ConjurCredentialStoreTest)] DEBUG org.eclipse.jetty.http.pathmap.ServletPathSpec -- Creating ServletPathSpec[*.XSP] (group: SUFFIX_GLOB, prefix: "null", suffix: "XSP")
18:14:53.071 [Executing mockRemoveCredential(org.conjur.jenkins.credentials.ConjurCredentialStoreTest)] DEBUG org.eclipse.jetty.http.pathmap.PathMappings -- Added MappedResource[pathSpec=ServletPathSpec@deb476da{*.XSP},resource=jsp==org.eclipse.jetty.servlet.NoJspServlet@19c47{jsp=null,order=0,inst=false,async=false,src=DESCRIPTOR:jar:file:/Users/sameer.shaik/.m2/repository/org/eclipse/jetty/jetty-webapp/9.4.48.v20220622/jetty-webapp-9.4.48.v20220622.jar!/org/eclipse/jetty/webapp/webdefault.xml,STOPPED}] to PathMappings[size=7]
18:14:53.071 [Executing mockRemoveCredential(org.conjur.jenkins.credentials.ConjurCredentialStoreTest)] DEBUG org.eclipse.jetty.servlet.ServletHandler -- Path=*.xsp[DESCRIPTOR:jar:file:/Users/sameer.shaik/.m2/repository/org/eclipse/jetty/jetty-webapp/9.4.48.v20220622/jetty-webapp-9.4.48.v20220622.jar!/org/eclipse/jetty/webapp/webdefault.xml] mapped to servlet=jsp[DESCRIPTOR:jar:file:/Users/sameer.shaik/.m2/repository/org/eclipse/jetty/jetty-webapp/9.4.48.v20220622/jetty-webapp-9.4.48.v20220622.jar!/org/eclipse/jetty/webapp/webdefault.xml]
18:14:53.071 [Executing mockRemoveCredential(org.conjur.jenkins.credentials.ConjurCredentialStoreTest)] DEBUG org.eclipse.jetty.http.pathmap.ServletPathSpec -- Creating ServletPathSpec[*.xsp] (group: SUFFIX_GLOB, prefix: "null", suffix: "xsp")
18:14:53.071 [Executing mockRemoveCredential(org.conjur.jenkins.credentials.ConjurCredentialStoreTest)] DEBUG org.eclipse.jetty.http.pathmap.PathMappings -- Added MappedResource[pathSpec=ServletPathSpec@dec37eba{*.xsp},resource=jsp==org.eclipse.jetty.servlet.NoJspServlet@19c47{jsp=null,order=0,inst=false,async=false,src=DESCRIPTOR:jar:file:/Users/sameer.shaik/.m2/repository/org/eclipse/jetty/jetty-webapp/9.4.48.v20220622/jetty-webapp-9.4.48.v20220622.jar!/org/eclipse/jetty/webapp/webdefault.xml,STOPPED}] to PathMappings[size=8]
18:14:53.071 [Executing mockRemoveCredential(org.conjur.jenkins.credentials.ConjurCredentialStoreTest)] DEBUG org.eclipse.jetty.servlet.ServletHandler -- Path=/*[DESCRIPTOR:file:///Users/sameer.shaik/MyWorkSpace/17OctV2.2.3-New-BitBucketIssueFixed/conjur-credentials-plugin/target/jenkins-for-test/WEB-INF/web.xml] mapped to servlet=Stapler[DESCRIPTOR:file:///Users/sameer.shaik/MyWorkSpace/17OctV2.2.3-New-BitBucketIssueFixed/conjur-credentials-plugin/target/jenkins-for-test/WEB-INF/web.xml]
18:14:53.071 [Executing mockRemoveCredential(org.conjur.jenkins.credentials.ConjurCredentialStoreTest)] DEBUG org.eclipse.jetty.http.pathmap.ServletPathSpec -- Creating ServletPathSpec[/*] (group: PREFIX_GLOB, prefix: "", suffix: "null")
18:14:53.071 [Executing mockRemoveCredential(org.conjur.jenkins.credentials.ConjurCredentialStoreTest)] DEBUG org.eclipse.jetty.http.pathmap.PathMappings -- Added MappedResource[pathSpec=ServletPathSpec@9457a78e{/*},resource=Stapler==org.kohsuke.stapler.Stapler@f222d1a9{jsp=null,order=-1,inst=false,async=true,src=DESCRIPTOR:file:///Users/sameer.shaik/MyWorkSpace/17OctV2.2.3-New-BitBucketIssueFixed/conjur-credentials-plugin/target/jenkins-for-test/WEB-INF/web.xml,STOPPED}] to PathMappings[size=9]
18:14:53.071 [Executing mockRemoveCredential(org.conjur.jenkins.credentials.ConjurCredentialStoreTest)] DEBUG org.eclipse.jetty.servlet.ServletHandler -- Path=/[DESCRIPTOR:jar:file:/Users/sameer.shaik/.m2/repository/org/eclipse/jetty/jetty-webapp/9.4.48.v20220622/jetty-webapp-9.4.48.v20220622.jar!/org/eclipse/jetty/webapp/webdefault.xml] mapped to servlet=default[DESCRIPTOR:jar:file:/Users/sameer.shaik/.m2/repository/org/eclipse/jetty/jetty-webapp/9.4.48.v20220622/jetty-webapp-9.4.48.v20220622.jar!/org/eclipse/jetty/webapp/webdefault.xml]
18:14:53.071 [Executing mockRemoveCredential(org.conjur.jenkins.credentials.ConjurCredentialStoreTest)] DEBUG org.eclipse.jetty.http.pathmap.PathMappings -- Added MappedResource[pathSpec=ServletPathSpec@9457dcb7{/},resource=default==org.eclipse.jetty.servlet.DefaultServlet@5c13d641{jsp=null,order=0,inst=false,async=false,src=DESCRIPTOR:jar:file:/Users/sameer.shaik/.m2/repository/org/eclipse/jetty/jetty-webapp/9.4.48.v20220622/jetty-webapp-9.4.48.v20220622.jar!/org/eclipse/jetty/webapp/webdefault.xml,STOPPED}] to PathMappings[size=10]
18:14:53.071 [Executing mockRemoveCredential(org.conjur.jenkins.credentials.ConjurCredentialStoreTest)] DEBUG org.eclipse.jetty.servlet.ServletHandler -- filterNameMap={csrf-filter=csrf-filter==hudson.security.csrf.CrumbFilter@361a2b9c{inst=false,async=true,src=DESCRIPTOR:file:///Users/sameer.shaik/MyWorkSpace/17OctV2.2.3-New-BitBucketIssueFixed/conjur-credentials-plugin/target/jenkins-for-test/WEB-INF/web.xml}, encoding-filter=encoding-filter==hudson.util.CharacterEncodingFilter@e848f63{inst=false,async=true,src=DESCRIPTOR:file:///Users/sameer.shaik/MyWorkSpace/17OctV2.2.3-New-BitBucketIssueFixed/conjur-credentials-plugin/target/jenkins-for-test/WEB-INF/web.xml}, diagnostic-name-filter=diagnostic-name-filter==org.kohsuke.stapler.DiagnosticThreadNameFilter@2b28bf16{inst=false,async=true,src=DESCRIPTOR:file:///Users/sameer.shaik/MyWorkSpace/17OctV2.2.3-New-BitBucketIssueFixed/conjur-credentials-plugin/target/jenkins-for-test/WEB-INF/web.xml}, compression-filter=compression-filter==org.kohsuke.stapler.compression.CompressionFilter@1178db0f{inst=false,async=true,src=DESCRIPTOR:file:///Users/sameer.shaik/MyWorkSpace/17OctV2.2.3-New-BitBucketIssueFixed/conjur-credentials-plugin/target/jenkins-for-test/WEB-INF/web.xml}, plugins-filter=plugins-filter==hudson.util.PluginServletFilter@1ccf45ab{inst=false,async=true,src=DESCRIPTOR:file:///Users/sameer.shaik/MyWorkSpace/17OctV2.2.3-New-BitBucketIssueFixed/conjur-credentials-plugin/target/jenkins-for-test/WEB-INF/web.xml}, authentication-filter=authentication-filter==hudson.security.HudsonFilter@58a4ff91{inst=false,async=true,src=DESCRIPTOR:file:///Users/sameer.shaik/MyWorkSpace/17OctV2.2.3-New-BitBucketIssueFixed/conjur-credentials-plugin/target/jenkins-for-test/WEB-INF/web.xml}, suspicious-request-filter=suspicious-request-filter==jenkins.security.SuspiciousRequestFilter@248da302{inst=false,async=true,src=DESCRIPTOR:file:///Users/sameer.shaik/MyWorkSpace/17OctV2.2.3-New-BitBucketIssueFixed/conjur-credentials-plugin/target/jenkins-for-test/WEB-INF/web.xml}}
18:14:53.071 [Executing mockRemoveCredential(org.conjur.jenkins.credentials.ConjurCredentialStoreTest)] DEBUG org.eclipse.jetty.servlet.ServletHandler -- pathFilters=[[/*]/[]/[REQUEST, ASYNC]=>plugins-filter, [/*]/[]/[REQUEST, ASYNC]=>csrf-filter, [/*]/[]/[REQUEST, ASYNC]=>authentication-filter, [/*]/[]/[REQUEST, ASYNC]=>compression-filter, [/*]/[]/[REQUEST, ASYNC]=>encoding-filter, [/*]/[]/[REQUEST, ASYNC]=>diagnostic-name-filter, [/*]/[]/[REQUEST, ASYNC]=>suspicious-request-filter]
18:14:53.071 [Executing mockRemoveCredential(org.conjur.jenkins.credentials.ConjurCredentialStoreTest)] DEBUG org.eclipse.jetty.servlet.ServletHandler -- servletFilterMap={}
18:14:53.071 [Executing mockRemoveCredential(org.conjur.jenkins.credentials.ConjurCredentialStoreTest)] DEBUG org.eclipse.jetty.servlet.ServletHandler -- servletPathMap=PathMappings[size=10]
18:14:53.071 [Executing mockRemoveCredential(org.conjur.jenkins.credentials.ConjurCredentialStoreTest)] DEBUG org.eclipse.jetty.servlet.ServletHandler -- servletNameMap={default=default==org.eclipse.jetty.servlet.DefaultServlet@5c13d641{jsp=null,order=0,inst=false,async=false,src=DESCRIPTOR:jar:file:/Users/sameer.shaik/.m2/repository/org/eclipse/jetty/jetty-webapp/9.4.48.v20220622/jetty-webapp-9.4.48.v20220622.jar!/org/eclipse/jetty/webapp/webdefault.xml,STOPPED}, jsp=jsp==org.eclipse.jetty.servlet.NoJspServlet@19c47{jsp=null,order=0,inst=false,async=false,src=DESCRIPTOR:jar:file:/Users/sameer.shaik/.m2/repository/org/eclipse/jetty/jetty-webapp/9.4.48.v20220622/jetty-webapp-9.4.48.v20220622.jar!/org/eclipse/jetty/webapp/webdefault.xml,STOPPED}, Stapler=Stapler==org.kohsuke.stapler.Stapler@f222d1a9{jsp=null,order=-1,inst=false,async=true,src=DESCRIPTOR:file:///Users/sameer.shaik/MyWorkSpace/17OctV2.2.3-New-BitBucketIssueFixed/conjur-credentials-plugin/target/jenkins-for-test/WEB-INF/web.xml,STOPPED}}
18:14:53.071 [Executing mockRemoveCredential(org.conjur.jenkins.credentials.ConjurCredentialStoreTest)] DEBUG org.eclipse.jetty.server.handler.AbstractHandler -- starting ServletHandler@77bea7ec{STARTING}
18:14:53.071 [Executing mockRemoveCredential(org.conjur.jenkins.credentials.ConjurCredentialStoreTest)] DEBUG org.eclipse.jetty.util.component.AbstractLifeCycle -- STARTED @20175ms ServletHandler@77bea7ec{STARTED}
18:14:53.071 [Executing mockRemoveCredential(org.conjur.jenkins.credentials.ConjurCredentialStoreTest)] DEBUG org.eclipse.jetty.util.component.AbstractLifeCycle -- starting HashLoginService@5a463617[default]
18:14:53.071 [Executing mockRemoveCredential(org.conjur.jenkins.credentials.ConjurCredentialStoreTest)] DEBUG org.eclipse.jetty.util.component.AbstractLifeCycle -- starting UserStore@7a6e3289{STOPPED}
18:14:53.071 [Executing mockRemoveCredential(org.conjur.jenkins.credentials.ConjurCredentialStoreTest)] DEBUG org.eclipse.jetty.util.component.AbstractLifeCycle -- STARTED @20175ms UserStore@7a6e3289{STARTED}
18:14:53.072 [Executing mockRemoveCredential(org.conjur.jenkins.credentials.ConjurCredentialStoreTest)] DEBUG org.eclipse.jetty.util.component.AbstractLifeCycle -- STARTED @20175ms HashLoginService@5a463617[default]
18:14:53.072 [Executing mockRemoveCredential(org.conjur.jenkins.credentials.ConjurCredentialStoreTest)] DEBUG org.eclipse.jetty.util.component.AbstractLifeCycle -- STARTED @20175ms ConstraintSecurityHandler@780b8ca2{STARTED}
18:14:53.072 [Executing mockRemoveCredential(org.conjur.jenkins.credentials.ConjurCredentialStoreTest)] DEBUG org.eclipse.jetty.util.component.AbstractLifeCycle -- starting org.eclipse.jetty.server.session.DefaultSessionCache@349f730f[evict=-1,removeUnloadable=false,saveOnCreate=false,saveOnInactiveEvict=false]
18:14:53.072 [Executing mockRemoveCredential(org.conjur.jenkins.credentials.ConjurCredentialStoreTest)] DEBUG org.eclipse.jetty.util.component.AbstractLifeCycle -- starting org.eclipse.jetty.server.session.NullSessionDataStore@533ee8cb[passivating=false,graceSec=3600]
18:14:53.072 [Executing mockRemoveCredential(org.conjur.jenkins.credentials.ConjurCredentialStoreTest)] DEBUG org.eclipse.jetty.util.component.AbstractLifeCycle -- STARTED @20175ms org.eclipse.jetty.server.session.NullSessionDataStore@533ee8cb[passivating=false,graceSec=3600]
18:14:53.072 [Executing mockRemoveCredential(org.conjur.jenkins.credentials.ConjurCredentialStoreTest)] DEBUG org.eclipse.jetty.util.component.AbstractLifeCycle -- STARTED @20175ms org.eclipse.jetty.server.session.DefaultSessionCache@349f730f[evict=-1,removeUnloadable=false,saveOnCreate=false,saveOnInactiveEvict=false]
18:14:53.072 [Executing mockRemoveCredential(org.conjur.jenkins.credentials.ConjurCredentialStoreTest)] DEBUG org.eclipse.jetty.util.component.AbstractLifeCycle -- STARTED @20175ms org.eclipse.jetty.server.session.SessionHandler597586953==dftMaxIdleSec=1800
18:14:53.072 [Executing mockRemoveCredential(org.conjur.jenkins.credentials.ConjurCredentialStoreTest)] DEBUG org.eclipse.jetty.util.component.AbstractLifeCycle -- starting ErrorPageErrorHandler@27d0ab2e{STOPPED}
18:14:53.072 [Executing mockRemoveCredential(org.conjur.jenkins.credentials.ConjurCredentialStoreTest)] DEBUG org.eclipse.jetty.server.handler.AbstractHandler -- starting ErrorPageErrorHandler@27d0ab2e{STARTING}
18:14:53.072 [Executing mockRemoveCredential(org.conjur.jenkins.credentials.ConjurCredentialStoreTest)] DEBUG org.eclipse.jetty.util.component.AbstractLifeCycle -- STARTED @20175ms ErrorPageErrorHandler@27d0ab2e{STARTED}
18:14:53.072 [Executing mockRemoveCredential(org.conjur.jenkins.credentials.ConjurCredentialStoreTest)] DEBUG org.eclipse.jetty.util.component.AbstractLifeCycle -- starting NoListenerConfiguration@31a5dea{STOPPED}
18:14:53.072 [Executing mockRemoveCredential(org.conjur.jenkins.credentials.ConjurCredentialStoreTest)] DEBUG org.eclipse.jetty.util.component.AbstractLifeCycle -- STARTED @20176ms NoListenerConfiguration@31a5dea{STARTED}
18:14:53.072 [Executing mockRemoveCredential(org.conjur.jenkins.credentials.ConjurCredentialStoreTest)] DEBUG org.eclipse.jetty.server.handler.ContextHandler -- contextInitialized: javax.servlet.ServletContextEvent[source=ServletContext@o.e.j.w.WebAppContext@1459f2fa{Jenkins v2.346.3,/jenkins,file:///Users/sameer.shaik/MyWorkSpace/17OctV2.2.3-New-BitBucketIssueFixed/conjur-credentials-plugin/target/jenkins-for-test/,STARTING}{/Users/sameer.shaik/MyWorkSpace/17OctV2.2.3-New-BitBucketIssueFixed/conjur-credentials-plugin/target/jenkins-for-test}]->org.eclipse.jetty.servlet.listener.ELContextCleaner@755c16c0
18:14:53.072 [Executing mockRemoveCredential(org.conjur.jenkins.credentials.ConjurCredentialStoreTest)] DEBUG org.eclipse.jetty.server.handler.ContextHandler -- contextInitialized: javax.servlet.ServletContextEvent[source=ServletContext@o.e.j.w.WebAppContext@1459f2fa{Jenkins v2.346.3,/jenkins,file:///Users/sameer.shaik/MyWorkSpace/17OctV2.2.3-New-BitBucketIssueFixed/conjur-credentials-plugin/target/jenkins-for-test/,STARTING}{/Users/sameer.shaik/MyWorkSpace/17OctV2.2.3-New-BitBucketIssueFixed/conjur-credentials-plugin/target/jenkins-for-test}]->org.eclipse.jetty.servlet.listener.IntrospectorCleaner@64d877a0
18:14:53.072 [Executing mockRemoveCredential(org.conjur.jenkins.credentials.ConjurCredentialStoreTest)] DEBUG org.eclipse.jetty.server.handler.ContextHandler -- contextInitialized: javax.servlet.ServletContextEvent[source=ServletContext@o.e.j.w.WebAppContext@1459f2fa{Jenkins v2.346.3,/jenkins,file:///Users/sameer.shaik/MyWorkSpace/17OctV2.2.3-New-BitBucketIssueFixed/conjur-credentials-plugin/target/jenkins-for-test/,STARTING}{/Users/sameer.shaik/MyWorkSpace/17OctV2.2.3-New-BitBucketIssueFixed/conjur-credentials-plugin/target/jenkins-for-test}]->jenkins.util.SystemProperties$Listener@47e683a3
18:14:53.072 [Executing mockRemoveCredential(org.conjur.jenkins.credentials.ConjurCredentialStoreTest)] DEBUG org.eclipse.jetty.util.component.AbstractLifeCycle -- starting suspicious-request-filter==jenkins.security.SuspiciousRequestFilter@248da302{inst=false,async=true,src=DESCRIPTOR:file:///Users/sameer.shaik/MyWorkSpace/17OctV2.2.3-New-BitBucketIssueFixed/conjur-credentials-plugin/target/jenkins-for-test/WEB-INF/web.xml}
18:14:53.072 [Executing mockRemoveCredential(org.conjur.jenkins.credentials.ConjurCredentialStoreTest)] DEBUG org.eclipse.jetty.servlet.BaseHolder -- Holding class jenkins.security.SuspiciousRequestFilter from jdk.internal.loader.ClassLoaders$AppClassLoader@5ffd2b27
18:14:53.072 [Executing mockRemoveCredential(org.conjur.jenkins.credentials.ConjurCredentialStoreTest)] DEBUG org.eclipse.jetty.util.component.AbstractLifeCycle -- STARTED @20176ms suspicious-request-filter==jenkins.security.SuspiciousRequestFilter@248da302{inst=false,async=true,src=DESCRIPTOR:file:///Users/sameer.shaik/MyWorkSpace/17OctV2.2.3-New-BitBucketIssueFixed/conjur-credentials-plugin/target/jenkins-for-test/WEB-INF/web.xml}
18:14:53.072 [Executing mockRemoveCredential(org.conjur.jenkins.credentials.ConjurCredentialStoreTest)] DEBUG org.eclipse.jetty.servlet.FilterHolder -- Filter.init jenkins.security.SuspiciousRequestFilter@157a116
18:14:53.072 [Executing mockRemoveCredential(org.conjur.jenkins.credentials.ConjurCredentialStoreTest)] DEBUG org.eclipse.jetty.util.component.AbstractLifeCycle -- starting diagnostic-name-filter==org.kohsuke.stapler.DiagnosticThreadNameFilter@2b28bf16{inst=false,async=true,src=DESCRIPTOR:file:///Users/sameer.shaik/MyWorkSpace/17OctV2.2.3-New-BitBucketIssueFixed/conjur-credentials-plugin/target/jenkins-for-test/WEB-INF/web.xml}
18:14:53.072 [Executing mockRemoveCredential(org.conjur.jenkins.credentials.ConjurCredentialStoreTest)] DEBUG org.eclipse.jetty.servlet.BaseHolder -- Holding class org.kohsuke.stapler.DiagnosticThreadNameFilter from jdk.internal.loader.ClassLoaders$AppClassLoader@5ffd2b27
18:14:53.072 [Executing mockRemoveCredential(org.conjur.jenkins.credentials.ConjurCredentialStoreTest)] DEBUG org.eclipse.jetty.util.component.AbstractLifeCycle -- STARTED @20176ms diagnostic-name-filter==org.kohsuke.stapler.DiagnosticThreadNameFilter@2b28bf16{inst=false,async=true,src=DESCRIPTOR:file:///Users/sameer.shaik/MyWorkSpace/17OctV2.2.3-New-BitBucketIssueFixed/conjur-credentials-plugin/target/jenkins-for-test/WEB-INF/web.xml}
18:14:53.072 [Executing mockRemoveCredential(org.conjur.jenkins.credentials.ConjurCredentialStoreTest)] DEBUG org.eclipse.jetty.servlet.FilterHolder -- Filter.init org.kohsuke.stapler.DiagnosticThreadNameFilter@14285dea
18:14:53.072 [Executing mockRemoveCredential(org.conjur.jenkins.credentials.ConjurCredentialStoreTest)] DEBUG org.eclipse.jetty.util.component.AbstractLifeCycle -- starting encoding-filter==hudson.util.CharacterEncodingFilter@e848f63{inst=false,async=true,src=DESCRIPTOR:file:///Users/sameer.shaik/MyWorkSpace/17OctV2.2.3-New-BitBucketIssueFixed/conjur-credentials-plugin/target/jenkins-for-test/WEB-INF/web.xml}
18:14:53.072 [Executing mockRemoveCredential(org.conjur.jenkins.credentials.ConjurCredentialStoreTest)] DEBUG org.eclipse.jetty.servlet.BaseHolder -- Holding class hudson.util.CharacterEncodingFilter from jdk.internal.loader.ClassLoaders$AppClassLoader@5ffd2b27
18:14:53.072 [Executing mockRemoveCredential(org.conjur.jenkins.credentials.ConjurCredentialStoreTest)] DEBUG org.eclipse.jetty.util.component.AbstractLifeCycle -- STARTED @20176ms encoding-filter==hudson.util.CharacterEncodingFilter@e848f63{inst=false,async=true,src=DESCRIPTOR:file:///Users/sameer.shaik/MyWorkSpace/17OctV2.2.3-New-BitBucketIssueFixed/conjur-credentials-plugin/target/jenkins-for-test/WEB-INF/web.xml}
18:14:53.072 [Executing mockRemoveCredential(org.conjur.jenkins.credentials.ConjurCredentialStoreTest)] DEBUG org.eclipse.jetty.servlet.FilterHolder -- Filter.init hudson.util.CharacterEncodingFilter@33ea5db8
18:14:53.072 [Executing mockRemoveCredential(org.conjur.jenkins.credentials.ConjurCredentialStoreTest)] DEBUG org.eclipse.jetty.util.component.AbstractLifeCycle -- starting compression-filter==org.kohsuke.stapler.compression.CompressionFilter@1178db0f{inst=false,async=true,src=DESCRIPTOR:file:///Users/sameer.shaik/MyWorkSpace/17OctV2.2.3-New-BitBucketIssueFixed/conjur-credentials-plugin/target/jenkins-for-test/WEB-INF/web.xml}
18:14:53.072 [Executing mockRemoveCredential(org.conjur.jenkins.credentials.ConjurCredentialStoreTest)] DEBUG org.eclipse.jetty.servlet.BaseHolder -- Holding class org.kohsuke.stapler.compression.CompressionFilter from jdk.internal.loader.ClassLoaders$AppClassLoader@5ffd2b27
18:14:53.072 [Executing mockRemoveCredential(org.conjur.jenkins.credentials.ConjurCredentialStoreTest)] DEBUG org.eclipse.jetty.util.component.AbstractLifeCycle -- STARTED @20176ms compression-filter==org.kohsuke.stapler.compression.CompressionFilter@1178db0f{inst=false,async=true,src=DESCRIPTOR:file:///Users/sameer.shaik/MyWorkSpace/17OctV2.2.3-New-BitBucketIssueFixed/conjur-credentials-plugin/target/jenkins-for-test/WEB-INF/web.xml}
18:14:53.072 [Executing mockRemoveCredential(org.conjur.jenkins.credentials.ConjurCredentialStoreTest)] DEBUG org.eclipse.jetty.servlet.FilterHolder -- Filter.init org.kohsuke.stapler.compression.CompressionFilter@40e23bfd
18:14:53.072 [Executing mockRemoveCredential(org.conjur.jenkins.credentials.ConjurCredentialStoreTest)] DEBUG org.eclipse.jetty.util.component.AbstractLifeCycle -- starting authentication-filter==hudson.security.HudsonFilter@58a4ff91{inst=false,async=true,src=DESCRIPTOR:file:///Users/sameer.shaik/MyWorkSpace/17OctV2.2.3-New-BitBucketIssueFixed/conjur-credentials-plugin/target/jenkins-for-test/WEB-INF/web.xml}
18:14:53.072 [Executing mockRemoveCredential(org.conjur.jenkins.credentials.ConjurCredentialStoreTest)] DEBUG org.eclipse.jetty.servlet.BaseHolder -- Holding class hudson.security.HudsonFilter from jdk.internal.loader.ClassLoaders$AppClassLoader@5ffd2b27
18:14:53.072 [Executing mockRemoveCredential(org.conjur.jenkins.credentials.ConjurCredentialStoreTest)] DEBUG org.eclipse.jetty.util.component.AbstractLifeCycle -- STARTED @20176ms authentication-filter==hudson.security.HudsonFilter@58a4ff91{inst=false,async=true,src=DESCRIPTOR:file:///Users/sameer.shaik/MyWorkSpace/17OctV2.2.3-New-BitBucketIssueFixed/conjur-credentials-plugin/target/jenkins-for-test/WEB-INF/web.xml}
18:14:53.072 [Executing mockRemoveCredential(org.conjur.jenkins.credentials.ConjurCredentialStoreTest)] DEBUG org.eclipse.jetty.servlet.FilterHolder -- Filter.init hudson.security.HudsonFilter@7c016de6
18:14:53.072 [Executing mockRemoveCredential(org.conjur.jenkins.credentials.ConjurCredentialStoreTest)] DEBUG org.eclipse.jetty.util.component.AbstractLifeCycle -- starting csrf-filter==hudson.security.csrf.CrumbFilter@361a2b9c{inst=false,async=true,src=DESCRIPTOR:file:///Users/sameer.shaik/MyWorkSpace/17OctV2.2.3-New-BitBucketIssueFixed/conjur-credentials-plugin/target/jenkins-for-test/WEB-INF/web.xml}
18:14:53.072 [Executing mockRemoveCredential(org.conjur.jenkins.credentials.ConjurCredentialStoreTest)] DEBUG org.eclipse.jetty.servlet.BaseHolder -- Holding class hudson.security.csrf.CrumbFilter from jdk.internal.loader.ClassLoaders$AppClassLoader@5ffd2b27
18:14:53.072 [Executing mockRemoveCredential(org.conjur.jenkins.credentials.ConjurCredentialStoreTest)] DEBUG org.eclipse.jetty.util.component.AbstractLifeCycle -- STARTED @20176ms csrf-filter==hudson.security.csrf.CrumbFilter@361a2b9c{inst=false,async=true,src=DESCRIPTOR:file:///Users/sameer.shaik/MyWorkSpace/17OctV2.2.3-New-BitBucketIssueFixed/conjur-credentials-plugin/target/jenkins-for-test/WEB-INF/web.xml}
18:14:53.072 [Executing mockRemoveCredential(org.conjur.jenkins.credentials.ConjurCredentialStoreTest)] DEBUG org.eclipse.jetty.servlet.FilterHolder -- Filter.init hudson.security.csrf.CrumbFilter@2a10a881
18:14:53.072 [Executing mockRemoveCredential(org.conjur.jenkins.credentials.ConjurCredentialStoreTest)] DEBUG org.eclipse.jetty.util.component.AbstractLifeCycle -- starting plugins-filter==hudson.util.PluginServletFilter@1ccf45ab{inst=false,async=true,src=DESCRIPTOR:file:///Users/sameer.shaik/MyWorkSpace/17OctV2.2.3-New-BitBucketIssueFixed/conjur-credentials-plugin/target/jenkins-for-test/WEB-INF/web.xml}
18:14:53.072 [Executing mockRemoveCredential(org.conjur.jenkins.credentials.ConjurCredentialStoreTest)] DEBUG org.eclipse.jetty.servlet.BaseHolder -- Holding class hudson.util.PluginServletFilter from jdk.internal.loader.ClassLoaders$AppClassLoader@5ffd2b27
18:14:53.072 [Executing mockRemoveCredential(org.conjur.jenkins.credentials.ConjurCredentialStoreTest)] DEBUG org.eclipse.jetty.util.component.AbstractLifeCycle -- STARTED @20176ms plugins-filter==hudson.util.PluginServletFilter@1ccf45ab{inst=false,async=true,src=DESCRIPTOR:file:///Users/sameer.shaik/MyWorkSpace/17OctV2.2.3-New-BitBucketIssueFixed/conjur-credentials-plugin/target/jenkins-for-test/WEB-INF/web.xml}
18:14:53.072 [Executing mockRemoveCredential(org.conjur.jenkins.credentials.ConjurCredentialStoreTest)] DEBUG org.eclipse.jetty.servlet.FilterHolder -- Filter.init hudson.util.PluginServletFilter@4b7627e6
18:14:53.072 [Executing mockRemoveCredential(org.conjur.jenkins.credentials.ConjurCredentialStoreTest)] DEBUG org.eclipse.jetty.util.component.AbstractLifeCycle -- starting Stapler==org.kohsuke.stapler.Stapler@f222d1a9{jsp=null,order=-1,inst=false,async=true,src=DESCRIPTOR:file:///Users/sameer.shaik/MyWorkSpace/17OctV2.2.3-New-BitBucketIssueFixed/conjur-credentials-plugin/target/jenkins-for-test/WEB-INF/web.xml,STOPPED}
18:14:53.072 [Executing mockRemoveCredential(org.conjur.jenkins.credentials.ConjurCredentialStoreTest)] DEBUG org.eclipse.jetty.servlet.BaseHolder -- Holding class org.kohsuke.stapler.Stapler from jdk.internal.loader.ClassLoaders$AppClassLoader@5ffd2b27
18:14:53.072 [Executing mockRemoveCredential(org.conjur.jenkins.credentials.ConjurCredentialStoreTest)] DEBUG org.eclipse.jetty.util.component.AbstractLifeCycle -- STARTED @20176ms Stapler==org.kohsuke.stapler.Stapler@f222d1a9{jsp=null,order=-1,inst=false,async=true,src=DESCRIPTOR:file:///Users/sameer.shaik/MyWorkSpace/17OctV2.2.3-New-BitBucketIssueFixed/conjur-credentials-plugin/target/jenkins-for-test/WEB-INF/web.xml,STARTED}
18:14:53.072 [Executing mockRemoveCredential(org.conjur.jenkins.credentials.ConjurCredentialStoreTest)] DEBUG org.eclipse.jetty.util.component.AbstractLifeCycle -- starting default==org.eclipse.jetty.servlet.DefaultServlet@5c13d641{jsp=null,order=0,inst=false,async=false,src=DESCRIPTOR:jar:file:/Users/sameer.shaik/.m2/repository/org/eclipse/jetty/jetty-webapp/9.4.48.v20220622/jetty-webapp-9.4.48.v20220622.jar!/org/eclipse/jetty/webapp/webdefault.xml,STOPPED}
18:14:53.072 [Executing mockRemoveCredential(org.conjur.jenkins.credentials.ConjurCredentialStoreTest)] DEBUG org.eclipse.jetty.servlet.BaseHolder -- Holding class org.eclipse.jetty.servlet.DefaultServlet from jdk.internal.loader.ClassLoaders$AppClassLoader@5ffd2b27
18:14:53.072 [Executing mockRemoveCredential(org.conjur.jenkins.credentials.ConjurCredentialStoreTest)] DEBUG org.eclipse.jetty.util.component.AbstractLifeCycle -- STARTED @20176ms default==org.eclipse.jetty.servlet.DefaultServlet@5c13d641{jsp=null,order=0,inst=false,async=false,src=DESCRIPTOR:jar:file:/Users/sameer.shaik/.m2/repository/org/eclipse/jetty/jetty-webapp/9.4.48.v20220622/jetty-webapp-9.4.48.v20220622.jar!/org/eclipse/jetty/webapp/webdefault.xml,STARTED}
18:14:53.073 [Executing mockRemoveCredential(org.conjur.jenkins.credentials.ConjurCredentialStoreTest)] DEBUG org.eclipse.jetty.servlet.ServletHolder -- Servlet.init null for default
18:14:53.073 [Executing mockRemoveCredential(org.conjur.jenkins.credentials.ConjurCredentialStoreTest)] DEBUG org.eclipse.jetty.servlet.DefaultServlet -- resource base = null
18:14:53.073 [Executing mockRemoveCredential(org.conjur.jenkins.credentials.ConjurCredentialStoreTest)] DEBUG org.eclipse.jetty.util.component.AbstractLifeCycle -- starting jsp==org.eclipse.jetty.servlet.NoJspServlet@19c47{jsp=null,order=0,inst=false,async=false,src=DESCRIPTOR:jar:file:/Users/sameer.shaik/.m2/repository/org/eclipse/jetty/jetty-webapp/9.4.48.v20220622/jetty-webapp-9.4.48.v20220622.jar!/org/eclipse/jetty/webapp/webdefault.xml,STOPPED}
18:14:53.073 [Executing mockRemoveCredential(org.conjur.jenkins.credentials.ConjurCredentialStoreTest)] DEBUG org.eclipse.jetty.servlet.BaseHolder -- Holding class org.eclipse.jetty.servlet.NoJspServlet from jdk.internal.loader.ClassLoaders$AppClassLoader@5ffd2b27
18:14:53.073 [Executing mockRemoveCredential(org.conjur.jenkins.credentials.ConjurCredentialStoreTest)] DEBUG org.eclipse.jetty.util.component.AbstractLifeCycle -- STARTED @20177ms jsp==org.eclipse.jetty.servlet.NoJspServlet@19c47{jsp=null,order=0,inst=false,async=false,src=DESCRIPTOR:jar:file:/Users/sameer.shaik/.m2/repository/org/eclipse/jetty/jetty-webapp/9.4.48.v20220622/jetty-webapp-9.4.48.v20220622.jar!/org/eclipse/jetty/webapp/webdefault.xml,STARTED}
18:14:53.073 [Executing mockRemoveCredential(org.conjur.jenkins.credentials.ConjurCredentialStoreTest)] DEBUG org.eclipse.jetty.servlet.ServletHolder -- Servlet.init null for jsp
18:14:53.073 [Executing mockRemoveCredential(org.conjur.jenkins.credentials.ConjurCredentialStoreTest)] INFO org.eclipse.jetty.server.handler.ContextHandler -- Started o.e.j.w.WebAppContext@1459f2fa{Jenkins v2.346.3,/jenkins,file:///Users/sameer.shaik/MyWorkSpace/17OctV2.2.3-New-BitBucketIssueFixed/conjur-credentials-plugin/target/jenkins-for-test/,AVAILABLE}{/Users/sameer.shaik/MyWorkSpace/17OctV2.2.3-New-BitBucketIssueFixed/conjur-credentials-plugin/target/jenkins-for-test}
18:14:53.073 [Executing mockRemoveCredential(org.conjur.jenkins.credentials.ConjurCredentialStoreTest)] DEBUG org.eclipse.jetty.webapp.WebAppContext -- postConfigure o.e.j.w.WebAppContext@1459f2fa{Jenkins v2.346.3,/jenkins,file:///Users/sameer.shaik/MyWorkSpace/17OctV2.2.3-New-BitBucketIssueFixed/conjur-credentials-plugin/target/jenkins-for-test/,AVAILABLE}{/Users/sameer.shaik/MyWorkSpace/17OctV2.2.3-New-BitBucketIssueFixed/conjur-credentials-plugin/target/jenkins-for-test} with org.eclipse.jetty.webapp.WebXmlConfiguration@51e1ede2
18:14:53.073 [Executing mockRemoveCredential(org.conjur.jenkins.credentials.ConjurCredentialStoreTest)] DEBUG org.eclipse.jetty.util.component.AbstractLifeCycle -- STARTED @20177ms o.e.j.w.WebAppContext@1459f2fa{Jenkins v2.346.3,/jenkins,file:///Users/sameer.shaik/MyWorkSpace/17OctV2.2.3-New-BitBucketIssueFixed/conjur-credentials-plugin/target/jenkins-for-test/,AVAILABLE}{/Users/sameer.shaik/MyWorkSpace/17OctV2.2.3-New-BitBucketIssueFixed/conjur-credentials-plugin/target/jenkins-for-test}
18:14:53.073 [Executing mockRemoveCredential(org.conjur.jenkins.credentials.ConjurCredentialStoreTest)] DEBUG org.eclipse.jetty.util.component.AbstractLifeCycle -- starting ErrorHandler@596cee6b{STOPPED}
18:14:53.073 [Executing mockRemoveCredential(org.conjur.jenkins.credentials.ConjurCredentialStoreTest)] DEBUG org.eclipse.jetty.server.handler.AbstractHandler -- starting ErrorHandler@596cee6b{STARTING}
18:14:53.073 [Executing mockRemoveCredential(org.conjur.jenkins.credentials.ConjurCredentialStoreTest)] DEBUG org.eclipse.jetty.util.component.AbstractLifeCycle -- STARTED @20177ms ErrorHandler@596cee6b{STARTED}
18:14:53.073 [Executing mockRemoveCredential(org.conjur.jenkins.credentials.ConjurCredentialStoreTest)] DEBUG org.eclipse.jetty.util.component.AbstractLifeCycle -- starting ServerConnector@50917ce8{HTTP/1.1, (http/1.1)}{localhost:0}
18:14:53.073 [Executing mockRemoveCredential(org.conjur.jenkins.credentials.ConjurCredentialStoreTest)] DEBUG org.eclipse.jetty.util.component.ContainerLifeCycle -- ServerConnector@50917ce8{HTTP/1.1, (http/1.1)}{localhost:51473} added {sun.nio.ch.ServerSocketChannelImpl[/127.0.0.1:51473],POJO}
18:14:53.073 [Executing mockRemoveCredential(org.conjur.jenkins.credentials.ConjurCredentialStoreTest)] DEBUG org.eclipse.jetty.util.component.AbstractLifeCycle -- starting ScheduledExecutorScheduler@2741d225{STOPPED}
18:14:53.073 [Executing mockRemoveCredential(org.conjur.jenkins.credentials.ConjurCredentialStoreTest)] DEBUG org.eclipse.jetty.util.component.AbstractLifeCycle -- STARTED @20177ms ScheduledExecutorScheduler@2741d225{STARTED}
18:14:53.073 [Executing mockRemoveCredential(org.conjur.jenkins.credentials.ConjurCredentialStoreTest)] DEBUG org.eclipse.jetty.util.component.AbstractLifeCycle -- starting HttpConnectionFactory@58c830f8[HTTP/1.1]
18:14:53.073 [Executing mockRemoveCredential(org.conjur.jenkins.credentials.ConjurCredentialStoreTest)] DEBUG org.eclipse.jetty.util.component.AbstractLifeCycle -- STARTED @20177ms HttpConnectionFactory@58c830f8[HTTP/1.1]
18:14:53.073 [Executing mockRemoveCredential(org.conjur.jenkins.credentials.ConjurCredentialStoreTest)] DEBUG org.eclipse.jetty.util.component.AbstractLifeCycle -- starting SelectorManager@ServerConnector@50917ce8{HTTP/1.1, (http/1.1)}{localhost:51473}
18:14:53.073 [Executing mockRemoveCredential(org.conjur.jenkins.credentials.ConjurCredentialStoreTest)] DEBUG org.eclipse.jetty.util.component.ContainerLifeCycle -- EatWhatYouKill@42f819df/SelectorProducer@38cb4f71/IDLE/p=false/QueuedThreadPool[Jetty (JenkinsRule)]@28c817d{STARTED,8<=8<=200,i=8,r=-1,q=0}[ReservedThreadExecutor@2c1af92{reserved=0/16,pending=0}][pc=0,pic=0,pec=0,epc=0]@2024-10-22T18:14:53.073977+05:30 added {SelectorProducer@38cb4f71,POJO}
18:14:53.074 [Executing mockRemoveCredential(org.conjur.jenkins.credentials.ConjurCredentialStoreTest)] DEBUG org.eclipse.jetty.util.component.ContainerLifeCycle -- EatWhatYouKill@42f819df/SelectorProducer@38cb4f71/IDLE/p=false/QueuedThreadPool[Jetty (JenkinsRule)]@28c817d{STARTED,8<=8<=200,i=8,r=-1,q=0}[ReservedThreadExecutor@2c1af92{reserved=0/16,pending=0}][pc=0,pic=0,pec=0,epc=0]@2024-10-22T18:14:53.074028+05:30 added {QueuedThreadPool[Jetty (JenkinsRule)]@28c817d{STARTED,8<=8<=200,i=8,r=-1,q=0}[ReservedThreadExecutor@2c1af92{reserved=0/16,pending=0}],UNMANAGED}
18:14:53.074 [Executing mockRemoveCredential(org.conjur.jenkins.credentials.ConjurCredentialStoreTest)] DEBUG org.eclipse.jetty.util.thread.strategy.EatWhatYouKill -- EatWhatYouKill@42f819df/SelectorProducer@38cb4f71/IDLE/p=false/QueuedThreadPool[Jetty (JenkinsRule)]@28c817d{STARTED,8<=8<=200,i=8,r=-1,q=0}[ReservedThreadExecutor@2c1af92{reserved=0/16,pending=0}][pc=0,pic=0,pec=0,epc=0]@2024-10-22T18:14:53.074093+05:30 created
18:14:53.074 [Executing mockRemoveCredential(org.conjur.jenkins.credentials.ConjurCredentialStoreTest)] DEBUG org.eclipse.jetty.util.component.ContainerLifeCycle -- ManagedSelector@7418b72e{STOPPED} id=0 keys=-1 selected=-1 updates=0 added {EatWhatYouKill@42f819df/SelectorProducer@38cb4f71/IDLE/p=false/QueuedThreadPool[Jetty (JenkinsRule)]@28c817d{STARTED,8<=8<=200,i=8,r=-1,q=0}[ReservedThreadExecutor@2c1af92{reserved=0/16,pending=0}][pc=0,pic=0,pec=0,epc=0]@2024-10-22T18:14:53.074139+05:30,MANAGED}
18:14:53.074 [Executing mockRemoveCredential(org.conjur.jenkins.credentials.ConjurCredentialStoreTest)] DEBUG org.eclipse.jetty.util.component.ContainerLifeCycle -- SelectorManager@ServerConnector@50917ce8{HTTP/1.1, (http/1.1)}{localhost:51473} added {ManagedSelector@7418b72e{STOPPED} id=0 keys=-1 selected=-1 updates=0,AUTO}
18:14:53.074 [Executing mockRemoveCredential(org.conjur.jenkins.credentials.ConjurCredentialStoreTest)] DEBUG org.eclipse.jetty.util.component.ContainerLifeCycle -- EatWhatYouKill@6ebb873/SelectorProducer@45f7f90/IDLE/p=false/QueuedThreadPool[Jetty (JenkinsRule)]@28c817d{STARTED,8<=8<=200,i=8,r=-1,q=0}[ReservedThreadExecutor@2c1af92{reserved=0/16,pending=0}][pc=0,pic=0,pec=0,epc=0]@2024-10-22T18:14:53.074223+05:30 added {SelectorProducer@45f7f90,POJO}
18:14:53.074 [Executing mockRemoveCredential(org.conjur.jenkins.credentials.ConjurCredentialStoreTest)] DEBUG org.eclipse.jetty.util.component.ContainerLifeCycle -- EatWhatYouKill@6ebb873/SelectorProducer@45f7f90/IDLE/p=false/QueuedThreadPool[Jetty (JenkinsRule)]@28c817d{STARTED,8<=8<=200,i=8,r=-1,q=0}[ReservedThreadExecutor@2c1af92{reserved=0/16,pending=0}][pc=0,pic=0,pec=0,epc=0]@2024-10-22T18:14:53.074263+05:30 added {QueuedThreadPool[Jetty (JenkinsRule)]@28c817d{STARTED,8<=8<=200,i=8,r=-1,q=0}[ReservedThreadExecutor@2c1af92{reserved=0/16,pending=0}],UNMANAGED}
18:14:53.074 [Executing mockRemoveCredential(org.conjur.jenkins.credentials.ConjurCredentialStoreTest)] DEBUG org.eclipse.jetty.util.thread.strategy.EatWhatYouKill -- EatWhatYouKill@6ebb873/SelectorProducer@45f7f90/IDLE/p=false/QueuedThreadPool[Jetty (JenkinsRule)]@28c817d{STARTED,8<=8<=200,i=8,r=-1,q=0}[ReservedThreadExecutor@2c1af92{reserved=0/16,pending=0}][pc=0,pic=0,pec=0,epc=0]@2024-10-22T18:14:53.074319+05:30 created
18:14:53.074 [Executing mockRemoveCredential(org.conjur.jenkins.credentials.ConjurCredentialStoreTest)] DEBUG org.eclipse.jetty.util.component.ContainerLifeCycle -- ManagedSelector@668d08ad{STOPPED} id=1 keys=-1 selected=-1 updates=0 added {EatWhatYouKill@6ebb873/SelectorProducer@45f7f90/IDLE/p=false/QueuedThreadPool[Jetty (JenkinsRule)]@28c817d{STARTED,8<=8<=200,i=8,r=-1,q=0}[ReservedThreadExecutor@2c1af92{reserved=0/16,pending=0}][pc=0,pic=0,pec=0,epc=0]@2024-10-22T18:14:53.074363+05:30,MANAGED}
18:14:53.074 [Executing mockRemoveCredential(org.conjur.jenkins.credentials.ConjurCredentialStoreTest)] DEBUG org.eclipse.jetty.util.component.ContainerLifeCycle -- SelectorManager@ServerConnector@50917ce8{HTTP/1.1, (http/1.1)}{localhost:51473} added {ManagedSelector@668d08ad{STOPPED} id=1 keys=-1 selected=-1 updates=0,AUTO}
18:14:53.074 [Executing mockRemoveCredential(org.conjur.jenkins.credentials.ConjurCredentialStoreTest)] DEBUG org.eclipse.jetty.util.component.ContainerLifeCycle -- EatWhatYouKill@571d6295/SelectorProducer@cee6025/IDLE/p=false/QueuedThreadPool[Jetty (JenkinsRule)]@28c817d{STARTED,8<=8<=200,i=8,r=-1,q=0}[ReservedThreadExecutor@2c1af92{reserved=0/16,pending=0}][pc=0,pic=0,pec=0,epc=0]@2024-10-22T18:14:53.074439+05:30 added {SelectorProducer@cee6025,POJO}
18:14:53.074 [Executing mockRemoveCredential(org.conjur.jenkins.credentials.ConjurCredentialStoreTest)] DEBUG org.eclipse.jetty.util.component.ContainerLifeCycle -- EatWhatYouKill@571d6295/SelectorProducer@cee6025/IDLE/p=false/QueuedThreadPool[Jetty (JenkinsRule)]@28c817d{STARTED,8<=8<=200,i=8,r=-1,q=0}[ReservedThreadExecutor@2c1af92{reserved=0/16,pending=0}][pc=0,pic=0,pec=0,epc=0]@2024-10-22T18:14:53.074477+05:30 added {QueuedThreadPool[Jetty (JenkinsRule)]@28c817d{STARTED,8<=8<=200,i=8,r=-1,q=0}[ReservedThreadExecutor@2c1af92{reserved=0/16,pending=0}],UNMANAGED}
18:14:53.074 [Executing mockRemoveCredential(org.conjur.jenkins.credentials.ConjurCredentialStoreTest)] DEBUG org.eclipse.jetty.util.thread.strategy.EatWhatYouKill -- EatWhatYouKill@571d6295/SelectorProducer@cee6025/IDLE/p=false/QueuedThreadPool[Jetty (JenkinsRule)]@28c817d{STARTED,8<=8<=200,i=8,r=-1,q=0}[ReservedThreadExecutor@2c1af92{reserved=0/16,pending=0}][pc=0,pic=0,pec=0,epc=0]@2024-10-22T18:14:53.074533+05:30 created
18:14:53.074 [Executing mockRemoveCredential(org.conjur.jenkins.credentials.ConjurCredentialStoreTest)] DEBUG org.eclipse.jetty.util.component.ContainerLifeCycle -- ManagedSelector@73b22dd7{STOPPED} id=2 keys=-1 selected=-1 updates=0 added {EatWhatYouKill@571d6295/SelectorProducer@cee6025/IDLE/p=false/QueuedThreadPool[Jetty (JenkinsRule)]@28c817d{STARTED,8<=8<=200,i=8,r=-1,q=0}[ReservedThreadExecutor@2c1af92{reserved=0/16,pending=0}][pc=0,pic=0,pec=0,epc=0]@2024-10-22T18:14:53.074577+05:30,MANAGED}
18:14:53.074 [Executing mockRemoveCredential(org.conjur.jenkins.credentials.ConjurCredentialStoreTest)] DEBUG org.eclipse.jetty.util.component.ContainerLifeCycle -- SelectorManager@ServerConnector@50917ce8{HTTP/1.1, (http/1.1)}{localhost:51473} added {ManagedSelector@73b22dd7{STOPPED} id=2 keys=-1 selected=-1 updates=0,AUTO}
18:14:53.074 [Executing mockRemoveCredential(org.conjur.jenkins.credentials.ConjurCredentialStoreTest)] DEBUG org.eclipse.jetty.util.component.ContainerLifeCycle -- EatWhatYouKill@7d748b6c/SelectorProducer@41c1479d/IDLE/p=false/QueuedThreadPool[Jetty (JenkinsRule)]@28c817d{STARTED,8<=8<=200,i=8,r=-1,q=0}[ReservedThreadExecutor@2c1af92{reserved=0/16,pending=0}][pc=0,pic=0,pec=0,epc=0]@2024-10-22T18:14:53.074656+05:30 added {SelectorProducer@41c1479d,POJO}
18:14:53.074 [Executing mockRemoveCredential(org.conjur.jenkins.credentials.ConjurCredentialStoreTest)] DEBUG org.eclipse.jetty.util.component.ContainerLifeCycle -- EatWhatYouKill@7d748b6c/SelectorProducer@41c1479d/IDLE/p=false/QueuedThreadPool[Jetty (JenkinsRule)]@28c817d{STARTED,8<=8<=200,i=8,r=-1,q=0}[ReservedThreadExecutor@2c1af92{reserved=0/16,pending=0}][pc=0,pic=0,pec=0,epc=0]@2024-10-22T18:14:53.074695+05:30 added {QueuedThreadPool[Jetty (JenkinsRule)]@28c817d{STARTED,8<=8<=200,i=8,r=-1,q=0}[ReservedThreadExecutor@2c1af92{reserved=0/16,pending=0}],UNMANAGED}
18:14:53.074 [Executing mockRemoveCredential(org.conjur.jenkins.credentials.ConjurCredentialStoreTest)] DEBUG org.eclipse.jetty.util.thread.strategy.EatWhatYouKill -- EatWhatYouKill@7d748b6c/SelectorProducer@41c1479d/IDLE/p=false/QueuedThreadPool[Jetty (JenkinsRule)]@28c817d{STARTED,8<=8<=200,i=8,r=-1,q=0}[ReservedThreadExecutor@2c1af92{reserved=0/16,pending=0}][pc=0,pic=0,pec=0,epc=0]@2024-10-22T18:14:53.074747+05:30 created
18:14:53.074 [Executing mockRemoveCredential(org.conjur.jenkins.credentials.ConjurCredentialStoreTest)] DEBUG org.eclipse.jetty.util.component.ContainerLifeCycle -- ManagedSelector@3ed1f8c8{STOPPED} id=3 keys=-1 selected=-1 updates=0 added {EatWhatYouKill@7d748b6c/SelectorProducer@41c1479d/IDLE/p=false/QueuedThreadPool[Jetty (JenkinsRule)]@28c817d{STARTED,8<=8<=200,i=8,r=-1,q=0}[ReservedThreadExecutor@2c1af92{reserved=0/16,pending=0}][pc=0,pic=0,pec=0,epc=0]@2024-10-22T18:14:53.0748+05:30,MANAGED}
18:14:53.074 [Executing mockRemoveCredential(org.conjur.jenkins.credentials.ConjurCredentialStoreTest)] DEBUG org.eclipse.jetty.util.component.ContainerLifeCycle -- SelectorManager@ServerConnector@50917ce8{HTTP/1.1, (http/1.1)}{localhost:51473} added {ManagedSelector@3ed1f8c8{STOPPED} id=3 keys=-1 selected=-1 updates=0,AUTO}
18:14:53.074 [Executing mockRemoveCredential(org.conjur.jenkins.credentials.ConjurCredentialStoreTest)] DEBUG org.eclipse.jetty.util.component.ContainerLifeCycle -- EatWhatYouKill@5cefb650/SelectorProducer@519694a/IDLE/p=false/QueuedThreadPool[Jetty (JenkinsRule)]@28c817d{STARTED,8<=8<=200,i=8,r=-1,q=0}[ReservedThreadExecutor@2c1af92{reserved=0/16,pending=0}][pc=0,pic=0,pec=0,epc=0]@2024-10-22T18:14:53.074875+05:30 added {SelectorProducer@519694a,POJO}
18:14:53.074 [Executing mockRemoveCredential(org.conjur.jenkins.credentials.ConjurCredentialStoreTest)] DEBUG org.eclipse.jetty.util.component.ContainerLifeCycle -- EatWhatYouKill@5cefb650/SelectorProducer@519694a/IDLE/p=false/QueuedThreadPool[Jetty (JenkinsRule)]@28c817d{STARTED,8<=8<=200,i=8,r=-1,q=0}[ReservedThreadExecutor@2c1af92{reserved=0/16,pending=0}][pc=0,pic=0,pec=0,epc=0]@2024-10-22T18:14:53.074912+05:30 added {QueuedThreadPool[Jetty (JenkinsRule)]@28c817d{STARTED,8<=8<=200,i=8,r=-1,q=0}[ReservedThreadExecutor@2c1af92{reserved=0/16,pending=0}],UNMANAGED}
18:14:53.074 [Executing mockRemoveCredential(org.conjur.jenkins.credentials.ConjurCredentialStoreTest)] DEBUG org.eclipse.jetty.util.thread.strategy.EatWhatYouKill -- EatWhatYouKill@5cefb650/SelectorProducer@519694a/IDLE/p=false/QueuedThreadPool[Jetty (JenkinsRule)]@28c817d{STARTED,8<=8<=200,i=8,r=-1,q=0}[ReservedThreadExecutor@2c1af92{reserved=0/16,pending=0}][pc=0,pic=0,pec=0,epc=0]@2024-10-22T18:14:53.074968+05:30 created
18:14:53.075 [Executing mockRemoveCredential(org.conjur.jenkins.credentials.ConjurCredentialStoreTest)] DEBUG org.eclipse.jetty.util.component.ContainerLifeCycle -- ManagedSelector@4e2f3bdb{STOPPED} id=4 keys=-1 selected=-1 updates=0 added {EatWhatYouKill@5cefb650/SelectorProducer@519694a/IDLE/p=false/QueuedThreadPool[Jetty (JenkinsRule)]@28c817d{STARTED,8<=8<=200,i=8,r=-1,q=0}[ReservedThreadExecutor@2c1af92{reserved=0/16,pending=0}][pc=0,pic=0,pec=0,epc=0]@2024-10-22T18:14:53.075012+05:30,MANAGED}
18:14:53.075 [Executing mockRemoveCredential(org.conjur.jenkins.credentials.ConjurCredentialStoreTest)] DEBUG org.eclipse.jetty.util.component.ContainerLifeCycle -- SelectorManager@ServerConnector@50917ce8{HTTP/1.1, (http/1.1)}{localhost:51473} added {ManagedSelector@4e2f3bdb{STOPPED} id=4 keys=-1 selected=-1 updates=0,AUTO}
18:14:53.075 [Executing mockRemoveCredential(org.conjur.jenkins.credentials.ConjurCredentialStoreTest)] DEBUG org.eclipse.jetty.util.component.ContainerLifeCycle -- EatWhatYouKill@7f898d6e/SelectorProducer@5e75e9f9/IDLE/p=false/QueuedThreadPool[Jetty (JenkinsRule)]@28c817d{STARTED,8<=8<=200,i=8,r=-1,q=0}[ReservedThreadExecutor@2c1af92{reserved=0/16,pending=0}][pc=0,pic=0,pec=0,epc=0]@2024-10-22T18:14:53.07509+05:30 added {SelectorProducer@5e75e9f9,POJO}
18:14:53.075 [Executing mockRemoveCredential(org.conjur.jenkins.credentials.ConjurCredentialStoreTest)] DEBUG org.eclipse.jetty.util.component.ContainerLifeCycle -- EatWhatYouKill@7f898d6e/SelectorProducer@5e75e9f9/IDLE/p=false/QueuedThreadPool[Jetty (JenkinsRule)]@28c817d{STARTED,8<=8<=200,i=8,r=-1,q=0}[ReservedThreadExecutor@2c1af92{reserved=0/16,pending=0}][pc=0,pic=0,pec=0,epc=0]@2024-10-22T18:14:53.075128+05:30 added {QueuedThreadPool[Jetty (JenkinsRule)]@28c817d{STARTED,8<=8<=200,i=8,r=-1,q=0}[ReservedThreadExecutor@2c1af92{reserved=0/16,pending=0}],UNMANAGED}
18:14:53.075 [Executing mockRemoveCredential(org.conjur.jenkins.credentials.ConjurCredentialStoreTest)] DEBUG org.eclipse.jetty.util.thread.strategy.EatWhatYouKill -- EatWhatYouKill@7f898d6e/SelectorProducer@5e75e9f9/IDLE/p=false/QueuedThreadPool[Jetty (JenkinsRule)]@28c817d{STARTED,8<=8<=200,i=8,r=-1,q=0}[ReservedThreadExecutor@2c1af92{reserved=0/16,pending=0}][pc=0,pic=0,pec=0,epc=0]@2024-10-22T18:14:53.075183+05:30 created
18:14:53.075 [Executing mockRemoveCredential(org.conjur.jenkins.credentials.ConjurCredentialStoreTest)] DEBUG org.eclipse.jetty.util.component.ContainerLifeCycle -- ManagedSelector@10e89844{STOPPED} id=5 keys=-1 selected=-1 updates=0 added {EatWhatYouKill@7f898d6e/SelectorProducer@5e75e9f9/IDLE/p=false/QueuedThreadPool[Jetty (JenkinsRule)]@28c817d{STARTED,8<=8<=200,i=8,r=-1,q=0}[ReservedThreadExecutor@2c1af92{reserved=0/16,pending=0}][pc=0,pic=0,pec=0,epc=0]@2024-10-22T18:14:53.075226+05:30,MANAGED}
18:14:53.075 [Executing mockRemoveCredential(org.conjur.jenkins.credentials.ConjurCredentialStoreTest)] DEBUG org.eclipse.jetty.util.component.ContainerLifeCycle -- SelectorManager@ServerConnector@50917ce8{HTTP/1.1, (http/1.1)}{localhost:51473} added {ManagedSelector@10e89844{STOPPED} id=5 keys=-1 selected=-1 updates=0,AUTO}
18:14:53.075 [Executing mockRemoveCredential(org.conjur.jenkins.credentials.ConjurCredentialStoreTest)] DEBUG org.eclipse.jetty.util.component.ContainerLifeCycle -- EatWhatYouKill@27ae8861/SelectorProducer@147f8307/IDLE/p=false/QueuedThreadPool[Jetty (JenkinsRule)]@28c817d{STARTED,8<=8<=200,i=8,r=-1,q=0}[ReservedThreadExecutor@2c1af92{reserved=0/16,pending=0}][pc=0,pic=0,pec=0,epc=0]@2024-10-22T18:14:53.075296+05:30 added {SelectorProducer@147f8307,POJO}
18:14:53.075 [Executing mockRemoveCredential(org.conjur.jenkins.credentials.ConjurCredentialStoreTest)] DEBUG org.eclipse.jetty.util.component.ContainerLifeCycle -- EatWhatYouKill@27ae8861/SelectorProducer@147f8307/IDLE/p=false/QueuedThreadPool[Jetty (JenkinsRule)]@28c817d{STARTED,8<=8<=200,i=8,r=-1,q=0}[ReservedThreadExecutor@2c1af92{reserved=0/16,pending=0}][pc=0,pic=0,pec=0,epc=0]@2024-10-22T18:14:53.075333+05:30 added {QueuedThreadPool[Jetty (JenkinsRule)]@28c817d{STARTED,8<=8<=200,i=8,r=-1,q=0}[ReservedThreadExecutor@2c1af92{reserved=0/16,pending=0}],UNMANAGED}
18:14:53.075 [Executing mockRemoveCredential(org.conjur.jenkins.credentials.ConjurCredentialStoreTest)] DEBUG org.eclipse.jetty.util.thread.strategy.EatWhatYouKill -- EatWhatYouKill@27ae8861/SelectorProducer@147f8307/IDLE/p=false/QueuedThreadPool[Jetty (JenkinsRule)]@28c817d{STARTED,8<=8<=200,i=8,r=-1,q=0}[ReservedThreadExecutor@2c1af92{reserved=0/16,pending=0}][pc=0,pic=0,pec=0,epc=0]@2024-10-22T18:14:53.075385+05:30 created
18:14:53.075 [Executing mockRemoveCredential(org.conjur.jenkins.credentials.ConjurCredentialStoreTest)] DEBUG org.eclipse.jetty.util.component.ContainerLifeCycle -- ManagedSelector@65348a50{STOPPED} id=6 keys=-1 selected=-1 updates=0 added {EatWhatYouKill@27ae8861/SelectorProducer@147f8307/IDLE/p=false/QueuedThreadPool[Jetty (JenkinsRule)]@28c817d{STARTED,8<=8<=200,i=8,r=-1,q=0}[ReservedThreadExecutor@2c1af92{reserved=0/16,pending=0}][pc=0,pic=0,pec=0,epc=0]@2024-10-22T18:14:53.075428+05:30,MANAGED}
18:14:53.075 [Executing mockRemoveCredential(org.conjur.jenkins.credentials.ConjurCredentialStoreTest)] DEBUG org.eclipse.jetty.util.component.ContainerLifeCycle -- SelectorManager@ServerConnector@50917ce8{HTTP/1.1, (http/1.1)}{localhost:51473} added {ManagedSelector@65348a50{STOPPED} id=6 keys=-1 selected=-1 updates=0,AUTO}
18:14:53.075 [Executing mockRemoveCredential(org.conjur.jenkins.credentials.ConjurCredentialStoreTest)] DEBUG org.eclipse.jetty.util.component.ContainerLifeCycle -- EatWhatYouKill@314a040a/SelectorProducer@62747fc2/IDLE/p=false/QueuedThreadPool[Jetty (JenkinsRule)]@28c817d{STARTED,8<=8<=200,i=8,r=-1,q=0}[ReservedThreadExecutor@2c1af92{reserved=0/16,pending=0}][pc=0,pic=0,pec=0,epc=0]@2024-10-22T18:14:53.075497+05:30 added {SelectorProducer@62747fc2,POJO}
18:14:53.075 [Executing mockRemoveCredential(org.conjur.jenkins.credentials.ConjurCredentialStoreTest)] DEBUG org.eclipse.jetty.util.component.ContainerLifeCycle -- EatWhatYouKill@314a040a/SelectorProducer@62747fc2/IDLE/p=false/QueuedThreadPool[Jetty (JenkinsRule)]@28c817d{STARTED,8<=8<=200,i=8,r=-1,q=0}[ReservedThreadExecutor@2c1af92{reserved=0/16,pending=0}][pc=0,pic=0,pec=0,epc=0]@2024-10-22T18:14:53.075535+05:30 added {QueuedThreadPool[Jetty (JenkinsRule)]@28c817d{STARTED,8<=8<=200,i=8,r=-1,q=0}[ReservedThreadExecutor@2c1af92{reserved=0/16,pending=0}],UNMANAGED}
18:14:53.075 [Executing mockRemoveCredential(org.conjur.jenkins.credentials.ConjurCredentialStoreTest)] DEBUG org.eclipse.jetty.util.thread.strategy.EatWhatYouKill -- EatWhatYouKill@314a040a/SelectorProducer@62747fc2/IDLE/p=false/QueuedThreadPool[Jetty (JenkinsRule)]@28c817d{STARTED,8<=8<=200,i=8,r=-1,q=0}[ReservedThreadExecutor@2c1af92{reserved=0/16,pending=0}][pc=0,pic=0,pec=0,epc=0]@2024-10-22T18:14:53.07559+05:30 created
18:14:53.075 [Executing mockRemoveCredential(org.conjur.jenkins.credentials.ConjurCredentialStoreTest)] DEBUG org.eclipse.jetty.util.component.ContainerLifeCycle -- ManagedSelector@a7baf30{STOPPED} id=7 keys=-1 selected=-1 updates=0 added {EatWhatYouKill@314a040a/SelectorProducer@62747fc2/IDLE/p=false/QueuedThreadPool[Jetty (JenkinsRule)]@28c817d{STARTED,8<=8<=200,i=8,r=-1,q=0}[ReservedThreadExecutor@2c1af92{reserved=0/16,pending=0}][pc=0,pic=0,pec=0,epc=0]@2024-10-22T18:14:53.075635+05:30,MANAGED}
18:14:53.075 [Executing mockRemoveCredential(org.conjur.jenkins.credentials.ConjurCredentialStoreTest)] DEBUG org.eclipse.jetty.util.component.ContainerLifeCycle -- SelectorManager@ServerConnector@50917ce8{HTTP/1.1, (http/1.1)}{localhost:51473} added {ManagedSelector@a7baf30{STOPPED} id=7 keys=-1 selected=-1 updates=0,AUTO}
18:14:53.075 [Executing mockRemoveCredential(org.conjur.jenkins.credentials.ConjurCredentialStoreTest)] DEBUG org.eclipse.jetty.util.component.AbstractLifeCycle -- starting ManagedSelector@7418b72e{STOPPED} id=0 keys=-1 selected=-1 updates=0
18:14:53.075 [Executing mockRemoveCredential(org.conjur.jenkins.credentials.ConjurCredentialStoreTest)] DEBUG org.eclipse.jetty.util.component.AbstractLifeCycle -- starting EatWhatYouKill@42f819df/SelectorProducer@38cb4f71/IDLE/p=false/QueuedThreadPool[Jetty (JenkinsRule)]@28c817d{STARTED,8<=8<=200,i=8,r=-1,q=0}[ReservedThreadExecutor@2c1af92{reserved=0/16,pending=0}][pc=0,pic=0,pec=0,epc=0]@2024-10-22T18:14:53.075726+05:30
18:14:53.075 [Executing mockRemoveCredential(org.conjur.jenkins.credentials.ConjurCredentialStoreTest)] DEBUG org.eclipse.jetty.util.component.AbstractLifeCycle -- STARTED @20179ms EatWhatYouKill@42f819df/SelectorProducer@38cb4f71/IDLE/p=false/QueuedThreadPool[Jetty (JenkinsRule)]@28c817d{STARTED,8<=8<=200,i=8,r=-1,q=0}[ReservedThreadExecutor@2c1af92{reserved=0/16,pending=0}][pc=0,pic=0,pec=0,epc=0]@2024-10-22T18:14:53.075763+05:30
18:14:53.075 [Executing mockRemoveCredential(org.conjur.jenkins.credentials.ConjurCredentialStoreTest)] DEBUG org.eclipse.jetty.util.thread.QueuedThreadPool -- queue org.eclipse.jetty.io.ManagedSelector$$Lambda$424/0x00000001403801f8@4b5cc225 startThread=0
18:14:53.075 [Executing mockRemoveCredential(org.conjur.jenkins.credentials.ConjurCredentialStoreTest)] DEBUG org.eclipse.jetty.io.ManagedSelector -- Queued change lazy=false org.eclipse.jetty.io.ManagedSelector$Start@2ad7f510 on ManagedSelector@7418b72e{STARTING} id=0 keys=0 selected=0 updates=0
18:14:53.075 [Jetty (JenkinsRule)-548] DEBUG org.eclipse.jetty.util.thread.QueuedThreadPool -- run org.eclipse.jetty.io.ManagedSelector$$Lambda$424/0x00000001403801f8@4b5cc225 in QueuedThreadPool[Jetty (JenkinsRule)]@28c817d{STARTED,8<=8<=200,i=7,r=-1,q=0}[ReservedThreadExecutor@2c1af92{reserved=0/16,pending=0}]
18:14:53.075 [Jetty (JenkinsRule)-548] DEBUG org.eclipse.jetty.util.thread.strategy.EatWhatYouKill -- EatWhatYouKill@42f819df/SelectorProducer@38cb4f71/IDLE/p=false/QueuedThreadPool[Jetty (JenkinsRule)]@28c817d{STARTED,8<=8<=200,i=7,r=-1,q=0}[ReservedThreadExecutor@2c1af92{reserved=0/16,pending=0}][pc=0,pic=0,pec=0,epc=0]@2024-10-22T18:14:53.075957+05:30 tryProduce false
18:14:53.075 [Jetty (JenkinsRule)-548] DEBUG org.eclipse.jetty.io.ManagedSelector -- updateable 1
18:14:53.076 [Jetty (JenkinsRule)-548] DEBUG org.eclipse.jetty.io.ManagedSelector -- update org.eclipse.jetty.io.ManagedSelector$Start@2ad7f510
18:14:53.076 [Jetty (JenkinsRule)-548] DEBUG org.eclipse.jetty.io.ManagedSelector -- updates 0
18:14:53.076 [Jetty (JenkinsRule)-548] DEBUG org.eclipse.jetty.io.ManagedSelector -- Selector sun.nio.ch.KQueueSelectorImpl@298e31b5 waiting with 0 keys
18:14:53.076 [Executing mockRemoveCredential(org.conjur.jenkins.credentials.ConjurCredentialStoreTest)] DEBUG org.eclipse.jetty.util.component.AbstractLifeCycle -- STARTED @20179ms ManagedSelector@7418b72e{STARTED} id=0 keys=0 selected=0 updates=0
18:14:53.076 [Executing mockRemoveCredential(org.conjur.jenkins.credentials.ConjurCredentialStoreTest)] DEBUG org.eclipse.jetty.util.component.AbstractLifeCycle -- starting ManagedSelector@668d08ad{STOPPED} id=1 keys=-1 selected=-1 updates=0
18:14:53.076 [Executing mockRemoveCredential(org.conjur.jenkins.credentials.ConjurCredentialStoreTest)] DEBUG org.eclipse.jetty.util.component.AbstractLifeCycle -- starting EatWhatYouKill@6ebb873/SelectorProducer@45f7f90/IDLE/p=false/QueuedThreadPool[Jetty (JenkinsRule)]@28c817d{STARTED,8<=8<=200,i=7,r=-1,q=0}[ReservedThreadExecutor@2c1af92{reserved=0/16,pending=0}][pc=0,pic=0,pec=0,epc=0]@2024-10-22T18:14:53.076143+05:30
18:14:53.076 [Executing mockRemoveCredential(org.conjur.jenkins.credentials.ConjurCredentialStoreTest)] DEBUG org.eclipse.jetty.util.component.AbstractLifeCycle -- STARTED @20179ms EatWhatYouKill@6ebb873/SelectorProducer@45f7f90/IDLE/p=false/QueuedThreadPool[Jetty (JenkinsRule)]@28c817d{STARTED,8<=8<=200,i=7,r=-1,q=0}[ReservedThreadExecutor@2c1af92{reserved=0/16,pending=0}][pc=0,pic=0,pec=0,epc=0]@2024-10-22T18:14:53.07619+05:30
18:14:53.076 [Executing mockRemoveCredential(org.conjur.jenkins.credentials.ConjurCredentialStoreTest)] DEBUG org.eclipse.jetty.util.thread.QueuedThreadPool -- queue org.eclipse.jetty.io.ManagedSelector$$Lambda$424/0x00000001403801f8@6b9c05e7 startThread=0
18:14:53.076 [Executing mockRemoveCredential(org.conjur.jenkins.credentials.ConjurCredentialStoreTest)] DEBUG org.eclipse.jetty.io.ManagedSelector -- Queued change lazy=false org.eclipse.jetty.io.ManagedSelector$Start@3c49258b on ManagedSelector@668d08ad{STARTING} id=1 keys=0 selected=0 updates=0
18:14:53.076 [Jetty (JenkinsRule)-549] DEBUG org.eclipse.jetty.util.thread.QueuedThreadPool -- run org.eclipse.jetty.io.ManagedSelector$$Lambda$424/0x00000001403801f8@6b9c05e7 in QueuedThreadPool[Jetty (JenkinsRule)]@28c817d{STARTED,8<=8<=200,i=6,r=-1,q=0}[ReservedThreadExecutor@2c1af92{reserved=0/16,pending=0}]
18:14:53.076 [Jetty (JenkinsRule)-549] DEBUG org.eclipse.jetty.util.thread.strategy.EatWhatYouKill -- EatWhatYouKill@6ebb873/SelectorProducer@45f7f90/IDLE/p=false/QueuedThreadPool[Jetty (JenkinsRule)]@28c817d{STARTED,8<=8<=200,i=6,r=-1,q=0}[ReservedThreadExecutor@2c1af92{reserved=0/16,pending=0}][pc=0,pic=0,pec=0,epc=0]@2024-10-22T18:14:53.076369+05:30 tryProduce false
18:14:53.076 [Jetty (JenkinsRule)-549] DEBUG org.eclipse.jetty.io.ManagedSelector -- updateable 1
18:14:53.076 [Jetty (JenkinsRule)-549] DEBUG org.eclipse.jetty.io.ManagedSelector -- update org.eclipse.jetty.io.ManagedSelector$Start@3c49258b
18:14:53.076 [Jetty (JenkinsRule)-549] DEBUG org.eclipse.jetty.io.ManagedSelector -- updates 0
18:14:53.076 [Jetty (JenkinsRule)-549] DEBUG org.eclipse.jetty.io.ManagedSelector -- Selector sun.nio.ch.KQueueSelectorImpl@3541024b waiting with 0 keys
18:14:53.076 [Executing mockRemoveCredential(org.conjur.jenkins.credentials.ConjurCredentialStoreTest)] DEBUG org.eclipse.jetty.util.component.AbstractLifeCycle -- STARTED @20180ms ManagedSelector@668d08ad{STARTED} id=1 keys=0 selected=0 updates=0
18:14:53.076 [Executing mockRemoveCredential(org.conjur.jenkins.credentials.ConjurCredentialStoreTest)] DEBUG org.eclipse.jetty.util.component.AbstractLifeCycle -- starting ManagedSelector@73b22dd7{STOPPED} id=2 keys=-1 selected=-1 updates=0
18:14:53.076 [Executing mockRemoveCredential(org.conjur.jenkins.credentials.ConjurCredentialStoreTest)] DEBUG org.eclipse.jetty.util.component.AbstractLifeCycle -- starting EatWhatYouKill@571d6295/SelectorProducer@cee6025/IDLE/p=false/QueuedThreadPool[Jetty (JenkinsRule)]@28c817d{STARTED,8<=8<=200,i=6,r=-1,q=0}[ReservedThreadExecutor@2c1af92{reserved=0/16,pending=0}][pc=0,pic=0,pec=0,epc=0]@2024-10-22T18:14:53.0765+05:30
18:14:53.076 [Executing mockRemoveCredential(org.conjur.jenkins.credentials.ConjurCredentialStoreTest)] DEBUG org.eclipse.jetty.util.component.AbstractLifeCycle -- STARTED @20180ms EatWhatYouKill@571d6295/SelectorProducer@cee6025/IDLE/p=false/QueuedThreadPool[Jetty (JenkinsRule)]@28c817d{STARTED,8<=8<=200,i=6,r=-1,q=0}[ReservedThreadExecutor@2c1af92{reserved=0/16,pending=0}][pc=0,pic=0,pec=0,epc=0]@2024-10-22T18:14:53.076543+05:30
18:14:53.076 [Executing mockRemoveCredential(org.conjur.jenkins.credentials.ConjurCredentialStoreTest)] DEBUG org.eclipse.jetty.util.thread.QueuedThreadPool -- queue org.eclipse.jetty.io.ManagedSelector$$Lambda$424/0x00000001403801f8@11a995cd startThread=0
18:14:53.076 [Executing mockRemoveCredential(org.conjur.jenkins.credentials.ConjurCredentialStoreTest)] DEBUG org.eclipse.jetty.io.ManagedSelector -- Queued change lazy=false org.eclipse.jetty.io.ManagedSelector$Start@4c39d9d on ManagedSelector@73b22dd7{STARTING} id=2 keys=0 selected=0 updates=0
18:14:53.076 [Jetty (JenkinsRule)-550] DEBUG org.eclipse.jetty.util.thread.QueuedThreadPool -- run org.eclipse.jetty.io.ManagedSelector$$Lambda$424/0x00000001403801f8@11a995cd in QueuedThreadPool[Jetty (JenkinsRule)]@28c817d{STARTED,8<=8<=200,i=5,r=-1,q=0}[ReservedThreadExecutor@2c1af92{reserved=0/16,pending=0}]
18:14:53.076 [Jetty (JenkinsRule)-550] DEBUG org.eclipse.jetty.util.thread.strategy.EatWhatYouKill -- EatWhatYouKill@571d6295/SelectorProducer@cee6025/IDLE/p=false/QueuedThreadPool[Jetty (JenkinsRule)]@28c817d{STARTED,8<=8<=200,i=5,r=-1,q=0}[ReservedThreadExecutor@2c1af92{reserved=0/16,pending=0}][pc=0,pic=0,pec=0,epc=0]@2024-10-22T18:14:53.076714+05:30 tryProduce false
18:14:53.076 [Jetty (JenkinsRule)-550] DEBUG org.eclipse.jetty.io.ManagedSelector -- updateable 1
18:14:53.076 [Jetty (JenkinsRule)-550] DEBUG org.eclipse.jetty.io.ManagedSelector -- update org.eclipse.jetty.io.ManagedSelector$Start@4c39d9d
18:14:53.076 [Jetty (JenkinsRule)-550] DEBUG org.eclipse.jetty.io.ManagedSelector -- updates 0
18:14:53.076 [Jetty (JenkinsRule)-550] DEBUG org.eclipse.jetty.io.ManagedSelector -- Selector sun.nio.ch.KQueueSelectorImpl@2285f491 waiting with 0 keys
18:14:53.076 [Executing mockRemoveCredential(org.conjur.jenkins.credentials.ConjurCredentialStoreTest)] DEBUG org.eclipse.jetty.util.component.AbstractLifeCycle -- STARTED @20180ms ManagedSelector@73b22dd7{STARTED} id=2 keys=0 selected=0 updates=0
18:14:53.076 [Executing mockRemoveCredential(org.conjur.jenkins.credentials.ConjurCredentialStoreTest)] DEBUG org.eclipse.jetty.util.component.AbstractLifeCycle -- starting ManagedSelector@3ed1f8c8{STOPPED} id=3 keys=-1 selected=-1 updates=0
18:14:53.076 [Executing mockRemoveCredential(org.conjur.jenkins.credentials.ConjurCredentialStoreTest)] DEBUG org.eclipse.jetty.util.component.AbstractLifeCycle -- starting EatWhatYouKill@7d748b6c/SelectorProducer@41c1479d/IDLE/p=false/QueuedThreadPool[Jetty (JenkinsRule)]@28c817d{STARTED,8<=8<=200,i=5,r=-1,q=0}[ReservedThreadExecutor@2c1af92{reserved=0/16,pending=0}][pc=0,pic=0,pec=0,epc=0]@2024-10-22T18:14:53.076844+05:30
18:14:53.076 [Executing mockRemoveCredential(org.conjur.jenkins.credentials.ConjurCredentialStoreTest)] DEBUG org.eclipse.jetty.util.component.AbstractLifeCycle -- STARTED @20180ms EatWhatYouKill@7d748b6c/SelectorProducer@41c1479d/IDLE/p=false/QueuedThreadPool[Jetty (JenkinsRule)]@28c817d{STARTED,8<=8<=200,i=5,r=-1,q=0}[ReservedThreadExecutor@2c1af92{reserved=0/16,pending=0}][pc=0,pic=0,pec=0,epc=0]@2024-10-22T18:14:53.076886+05:30
18:14:53.076 [Executing mockRemoveCredential(org.conjur.jenkins.credentials.ConjurCredentialStoreTest)] DEBUG org.eclipse.jetty.util.thread.QueuedThreadPool -- queue org.eclipse.jetty.io.ManagedSelector$$Lambda$424/0x00000001403801f8@ffb13df startThread=0
18:14:53.076 [Executing mockRemoveCredential(org.conjur.jenkins.credentials.ConjurCredentialStoreTest)] DEBUG org.eclipse.jetty.io.ManagedSelector -- Queued change lazy=false org.eclipse.jetty.io.ManagedSelector$Start@7a6b1ad6 on ManagedSelector@3ed1f8c8{STARTING} id=3 keys=0 selected=0 updates=0
18:14:53.077 [Jetty (JenkinsRule)-551] DEBUG org.eclipse.jetty.util.thread.QueuedThreadPool -- run org.eclipse.jetty.io.ManagedSelector$$Lambda$424/0x00000001403801f8@ffb13df in QueuedThreadPool[Jetty (JenkinsRule)]@28c817d{STARTED,8<=8<=200,i=4,r=-1,q=0}[ReservedThreadExecutor@2c1af92{reserved=0/16,pending=0}]
18:14:53.077 [Jetty (JenkinsRule)-551] DEBUG org.eclipse.jetty.util.thread.strategy.EatWhatYouKill -- EatWhatYouKill@7d748b6c/SelectorProducer@41c1479d/IDLE/p=false/QueuedThreadPool[Jetty (JenkinsRule)]@28c817d{STARTED,8<=8<=200,i=4,r=-1,q=0}[ReservedThreadExecutor@2c1af92{reserved=0/16,pending=0}][pc=0,pic=0,pec=0,epc=0]@2024-10-22T18:14:53.077066+05:30 tryProduce false
18:14:53.077 [Jetty (JenkinsRule)-551] DEBUG org.eclipse.jetty.io.ManagedSelector -- updateable 1
18:14:53.077 [Jetty (JenkinsRule)-551] DEBUG org.eclipse.jetty.io.ManagedSelector -- update org.eclipse.jetty.io.ManagedSelector$Start@7a6b1ad6
18:14:53.077 [Jetty (JenkinsRule)-551] DEBUG org.eclipse.jetty.io.ManagedSelector -- updates 0
18:14:53.077 [Jetty (JenkinsRule)-551] DEBUG org.eclipse.jetty.io.ManagedSelector -- Selector sun.nio.ch.KQueueSelectorImpl@26c04585 waiting with 0 keys
18:14:53.077 [Executing mockRemoveCredential(org.conjur.jenkins.credentials.ConjurCredentialStoreTest)] DEBUG org.eclipse.jetty.util.component.AbstractLifeCycle -- STARTED @20180ms ManagedSelector@3ed1f8c8{STARTED} id=3 keys=0 selected=0 updates=0
18:14:53.077 [Executing mockRemoveCredential(org.conjur.jenkins.credentials.ConjurCredentialStoreTest)] DEBUG org.eclipse.jetty.util.component.AbstractLifeCycle -- starting ManagedSelector@4e2f3bdb{STOPPED} id=4 keys=-1 selected=-1 updates=0
18:14:53.077 [Executing mockRemoveCredential(org.conjur.jenkins.credentials.ConjurCredentialStoreTest)] DEBUG org.eclipse.jetty.util.component.AbstractLifeCycle -- starting EatWhatYouKill@5cefb650/SelectorProducer@519694a/IDLE/p=false/QueuedThreadPool[Jetty (JenkinsRule)]@28c817d{STARTED,8<=8<=200,i=4,r=-1,q=0}[ReservedThreadExecutor@2c1af92{reserved=0/16,pending=0}][pc=0,pic=0,pec=0,epc=0]@2024-10-22T18:14:53.077217+05:30
18:14:53.077 [Executing mockRemoveCredential(org.conjur.jenkins.credentials.ConjurCredentialStoreTest)] DEBUG org.eclipse.jetty.util.component.AbstractLifeCycle -- STARTED @20181ms EatWhatYouKill@5cefb650/SelectorProducer@519694a/IDLE/p=false/QueuedThreadPool[Jetty (JenkinsRule)]@28c817d{STARTED,8<=8<=200,i=4,r=-1,q=0}[ReservedThreadExecutor@2c1af92{reserved=0/16,pending=0}][pc=0,pic=0,pec=0,epc=0]@2024-10-22T18:14:53.077257+05:30
18:14:53.077 [Executing mockRemoveCredential(org.conjur.jenkins.credentials.ConjurCredentialStoreTest)] DEBUG org.eclipse.jetty.util.thread.QueuedThreadPool -- queue org.eclipse.jetty.io.ManagedSelector$$Lambda$424/0x00000001403801f8@2731efab startThread=0
18:14:53.077 [Executing mockRemoveCredential(org.conjur.jenkins.credentials.ConjurCredentialStoreTest)] DEBUG org.eclipse.jetty.io.ManagedSelector -- Queued change lazy=false org.eclipse.jetty.io.ManagedSelector$Start@3f06b1a5 on ManagedSelector@4e2f3bdb{STARTING} id=4 keys=0 selected=0 updates=0
18:14:53.077 [Jetty (JenkinsRule)-552] DEBUG org.eclipse.jetty.util.thread.QueuedThreadPool -- run org.eclipse.jetty.io.ManagedSelector$$Lambda$424/0x00000001403801f8@2731efab in QueuedThreadPool[Jetty (JenkinsRule)]@28c817d{STARTED,8<=8<=200,i=3,r=-1,q=0}[ReservedThreadExecutor@2c1af92{reserved=0/16,pending=0}]
18:14:53.077 [Jetty (JenkinsRule)-552] DEBUG org.eclipse.jetty.util.thread.strategy.EatWhatYouKill -- EatWhatYouKill@5cefb650/SelectorProducer@519694a/IDLE/p=false/QueuedThreadPool[Jetty (JenkinsRule)]@28c817d{STARTED,8<=8<=200,i=3,r=-1,q=0}[ReservedThreadExecutor@2c1af92{reserved=0/16,pending=0}][pc=0,pic=0,pec=0,epc=0]@2024-10-22T18:14:53.077423+05:30 tryProduce false
18:14:53.077 [Jetty (JenkinsRule)-552] DEBUG org.eclipse.jetty.io.ManagedSelector -- updateable 1
18:14:53.077 [Jetty (JenkinsRule)-552] DEBUG org.eclipse.jetty.io.ManagedSelector -- update org.eclipse.jetty.io.ManagedSelector$Start@3f06b1a5
18:14:53.077 [Jetty (JenkinsRule)-552] DEBUG org.eclipse.jetty.io.ManagedSelector -- updates 0
18:14:53.077 [Jetty (JenkinsRule)-552] DEBUG org.eclipse.jetty.io.ManagedSelector -- Selector sun.nio.ch.KQueueSelectorImpl@239ae708 waiting with 0 keys
18:14:53.077 [Executing mockRemoveCredential(org.conjur.jenkins.credentials.ConjurCredentialStoreTest)] DEBUG org.eclipse.jetty.util.component.AbstractLifeCycle -- STARTED @20181ms ManagedSelector@4e2f3bdb{STARTED} id=4 keys=0 selected=0 updates=0
18:14:53.077 [Executing mockRemoveCredential(org.conjur.jenkins.credentials.ConjurCredentialStoreTest)] DEBUG org.eclipse.jetty.util.component.AbstractLifeCycle -- starting ManagedSelector@10e89844{STOPPED} id=5 keys=-1 selected=-1 updates=0
18:14:53.077 [Executing mockRemoveCredential(org.conjur.jenkins.credentials.ConjurCredentialStoreTest)] DEBUG org.eclipse.jetty.util.component.AbstractLifeCycle -- starting EatWhatYouKill@7f898d6e/SelectorProducer@5e75e9f9/IDLE/p=false/QueuedThreadPool[Jetty (JenkinsRule)]@28c817d{STARTED,8<=8<=200,i=3,r=-1,q=0}[ReservedThreadExecutor@2c1af92{reserved=0/16,pending=0}][pc=0,pic=0,pec=0,epc=0]@2024-10-22T18:14:53.07755+05:30
18:14:53.077 [Executing mockRemoveCredential(org.conjur.jenkins.credentials.ConjurCredentialStoreTest)] DEBUG org.eclipse.jetty.util.component.AbstractLifeCycle -- STARTED @20181ms EatWhatYouKill@7f898d6e/SelectorProducer@5e75e9f9/IDLE/p=false/QueuedThreadPool[Jetty (JenkinsRule)]@28c817d{STARTED,8<=8<=200,i=3,r=-1,q=0}[ReservedThreadExecutor@2c1af92{reserved=0/16,pending=0}][pc=0,pic=0,pec=0,epc=0]@2024-10-22T18:14:53.07759+05:30
18:14:53.077 [Executing mockRemoveCredential(org.conjur.jenkins.credentials.ConjurCredentialStoreTest)] DEBUG org.eclipse.jetty.util.thread.QueuedThreadPool -- queue org.eclipse.jetty.io.ManagedSelector$$Lambda$424/0x00000001403801f8@68343871 startThread=0
18:14:53.077 [Executing mockRemoveCredential(org.conjur.jenkins.credentials.ConjurCredentialStoreTest)] DEBUG org.eclipse.jetty.io.ManagedSelector -- Queued change lazy=false org.eclipse.jetty.io.ManagedSelector$Start@4aab220b on ManagedSelector@10e89844{STARTING} id=5 keys=0 selected=0 updates=0
18:14:53.077 [Jetty (JenkinsRule)-553] DEBUG org.eclipse.jetty.util.thread.QueuedThreadPool -- run org.eclipse.jetty.io.ManagedSelector$$Lambda$424/0x00000001403801f8@68343871 in QueuedThreadPool[Jetty (JenkinsRule)]@28c817d{STARTED,8<=8<=200,i=2,r=-1,q=0}[ReservedThreadExecutor@2c1af92{reserved=0/16,pending=0}]
18:14:53.077 [Jetty (JenkinsRule)-553] DEBUG org.eclipse.jetty.util.thread.strategy.EatWhatYouKill -- EatWhatYouKill@7f898d6e/SelectorProducer@5e75e9f9/IDLE/p=false/QueuedThreadPool[Jetty (JenkinsRule)]@28c817d{STARTED,8<=8<=200,i=2,r=-1,q=0}[ReservedThreadExecutor@2c1af92{reserved=0/16,pending=0}][pc=0,pic=0,pec=0,epc=0]@2024-10-22T18:14:53.077764+05:30 tryProduce false
18:14:53.077 [Jetty (JenkinsRule)-553] DEBUG org.eclipse.jetty.io.ManagedSelector -- updateable 1
18:14:53.077 [Jetty (JenkinsRule)-553] DEBUG org.eclipse.jetty.io.ManagedSelector -- update org.eclipse.jetty.io.ManagedSelector$Start@4aab220b
18:14:53.077 [Jetty (JenkinsRule)-553] DEBUG org.eclipse.jetty.io.ManagedSelector -- updates 0
18:14:53.077 [Jetty (JenkinsRule)-553] DEBUG org.eclipse.jetty.io.ManagedSelector -- Selector sun.nio.ch.KQueueSelectorImpl@3a11118b waiting with 0 keys
18:14:53.077 [Executing mockRemoveCredential(org.conjur.jenkins.credentials.ConjurCredentialStoreTest)] DEBUG org.eclipse.jetty.util.component.AbstractLifeCycle -- STARTED @20181ms ManagedSelector@10e89844{STARTED} id=5 keys=0 selected=0 updates=0
18:14:53.077 [Executing mockRemoveCredential(org.conjur.jenkins.credentials.ConjurCredentialStoreTest)] DEBUG org.eclipse.jetty.util.component.AbstractLifeCycle -- starting ManagedSelector@65348a50{STOPPED} id=6 keys=-1 selected=-1 updates=0
18:14:53.077 [Executing mockRemoveCredential(org.conjur.jenkins.credentials.ConjurCredentialStoreTest)] DEBUG org.eclipse.jetty.util.component.AbstractLifeCycle -- starting EatWhatYouKill@27ae8861/SelectorProducer@147f8307/IDLE/p=false/QueuedThreadPool[Jetty (JenkinsRule)]@28c817d{STARTED,8<=8<=200,i=2,r=-1,q=0}[ReservedThreadExecutor@2c1af92{reserved=0/16,pending=0}][pc=0,pic=0,pec=0,epc=0]@2024-10-22T18:14:53.077891+05:30
18:14:53.077 [Executing mockRemoveCredential(org.conjur.jenkins.credentials.ConjurCredentialStoreTest)] DEBUG org.eclipse.jetty.util.component.AbstractLifeCycle -- STARTED @20181ms EatWhatYouKill@27ae8861/SelectorProducer@147f8307/IDLE/p=false/QueuedThreadPool[Jetty (JenkinsRule)]@28c817d{STARTED,8<=8<=200,i=2,r=-1,q=0}[ReservedThreadExecutor@2c1af92{reserved=0/16,pending=0}][pc=0,pic=0,pec=0,epc=0]@2024-10-22T18:14:53.077931+05:30
18:14:53.077 [Executing mockRemoveCredential(org.conjur.jenkins.credentials.ConjurCredentialStoreTest)] DEBUG org.eclipse.jetty.util.thread.QueuedThreadPool -- queue org.eclipse.jetty.io.ManagedSelector$$Lambda$424/0x00000001403801f8@624fd042 startThread=0
18:14:53.078 [Executing mockRemoveCredential(org.conjur.jenkins.credentials.ConjurCredentialStoreTest)] DEBUG org.eclipse.jetty.io.ManagedSelector -- Queued change lazy=false org.eclipse.jetty.io.ManagedSelector$Start@68cede37 on ManagedSelector@65348a50{STARTING} id=6 keys=0 selected=0 updates=0
18:14:53.078 [Jetty (JenkinsRule)-554] DEBUG org.eclipse.jetty.util.thread.QueuedThreadPool -- run org.eclipse.jetty.io.ManagedSelector$$Lambda$424/0x00000001403801f8@624fd042 in QueuedThreadPool[Jetty (JenkinsRule)]@28c817d{STARTED,8<=8<=200,i=1,r=-1,q=0}[ReservedThreadExecutor@2c1af92{reserved=0/16,pending=0}]
18:14:53.078 [Jetty (JenkinsRule)-554] DEBUG org.eclipse.jetty.util.thread.strategy.EatWhatYouKill -- EatWhatYouKill@27ae8861/SelectorProducer@147f8307/IDLE/p=false/QueuedThreadPool[Jetty (JenkinsRule)]@28c817d{STARTED,8<=8<=200,i=1,r=-1,q=0}[ReservedThreadExecutor@2c1af92{reserved=0/16,pending=0}][pc=0,pic=0,pec=0,epc=0]@2024-10-22T18:14:53.078053+05:30 tryProduce false
18:14:53.078 [Jetty (JenkinsRule)-554] DEBUG org.eclipse.jetty.io.ManagedSelector -- updateable 1
18:14:53.078 [Jetty (JenkinsRule)-554] DEBUG org.eclipse.jetty.io.ManagedSelector -- update org.eclipse.jetty.io.ManagedSelector$Start@68cede37
18:14:53.078 [Jetty (JenkinsRule)-554] DEBUG org.eclipse.jetty.io.ManagedSelector -- updates 0
18:14:53.078 [Jetty (JenkinsRule)-554] DEBUG org.eclipse.jetty.io.ManagedSelector -- Selector sun.nio.ch.KQueueSelectorImpl@28e10b79 waiting with 0 keys
18:14:53.078 [Executing mockRemoveCredential(org.conjur.jenkins.credentials.ConjurCredentialStoreTest)] DEBUG org.eclipse.jetty.util.component.AbstractLifeCycle -- STARTED @20181ms ManagedSelector@65348a50{STARTED} id=6 keys=0 selected=0 updates=0
18:14:53.078 [Executing mockRemoveCredential(org.conjur.jenkins.credentials.ConjurCredentialStoreTest)] DEBUG org.eclipse.jetty.util.component.AbstractLifeCycle -- starting ManagedSelector@a7baf30{STOPPED} id=7 keys=-1 selected=-1 updates=0
18:14:53.078 [Executing mockRemoveCredential(org.conjur.jenkins.credentials.ConjurCredentialStoreTest)] DEBUG org.eclipse.jetty.util.component.AbstractLifeCycle -- starting EatWhatYouKill@314a040a/SelectorProducer@62747fc2/IDLE/p=false/QueuedThreadPool[Jetty (JenkinsRule)]@28c817d{STARTED,8<=8<=200,i=1,r=-1,q=0}[ReservedThreadExecutor@2c1af92{reserved=0/16,pending=0}][pc=0,pic=0,pec=0,epc=0]@2024-10-22T18:14:53.078187+05:30
18:14:53.078 [Executing mockRemoveCredential(org.conjur.jenkins.credentials.ConjurCredentialStoreTest)] DEBUG org.eclipse.jetty.util.component.AbstractLifeCycle -- STARTED @20181ms EatWhatYouKill@314a040a/SelectorProducer@62747fc2/IDLE/p=false/QueuedThreadPool[Jetty (JenkinsRule)]@28c817d{STARTED,8<=8<=200,i=1,r=-1,q=0}[ReservedThreadExecutor@2c1af92{reserved=0/16,pending=0}][pc=0,pic=0,pec=0,epc=0]@2024-10-22T18:14:53.07823+05:30
18:14:53.078 [Executing mockRemoveCredential(org.conjur.jenkins.credentials.ConjurCredentialStoreTest)] DEBUG org.eclipse.jetty.util.thread.QueuedThreadPool -- queue org.eclipse.jetty.io.ManagedSelector$$Lambda$424/0x00000001403801f8@21f084ef startThread=0
18:14:53.078 [Executing mockRemoveCredential(org.conjur.jenkins.credentials.ConjurCredentialStoreTest)] DEBUG org.eclipse.jetty.io.ManagedSelector -- Queued change lazy=false org.eclipse.jetty.io.ManagedSelector$Start@325841a0 on ManagedSelector@a7baf30{STARTING} id=7 keys=0 selected=0 updates=0
18:14:53.078 [Jetty (JenkinsRule)-555] DEBUG org.eclipse.jetty.util.thread.QueuedThreadPool -- run org.eclipse.jetty.io.ManagedSelector$$Lambda$424/0x00000001403801f8@21f084ef in QueuedThreadPool[Jetty (JenkinsRule)]@28c817d{STARTED,8<=8<=200,i=0,r=-1,q=0}[ReservedThreadExecutor@2c1af92{reserved=0/16,pending=0}]
18:14:53.078 [Jetty (JenkinsRule)-555] DEBUG org.eclipse.jetty.util.thread.strategy.EatWhatYouKill -- EatWhatYouKill@314a040a/SelectorProducer@62747fc2/IDLE/p=false/QueuedThreadPool[Jetty (JenkinsRule)]@28c817d{STARTED,8<=8<=200,i=0,r=-1,q=0}[ReservedThreadExecutor@2c1af92{reserved=0/16,pending=0}][pc=0,pic=0,pec=0,epc=0]@2024-10-22T18:14:53.0784+05:30 tryProduce false
18:14:53.078 [Jetty (JenkinsRule)-555] DEBUG org.eclipse.jetty.io.ManagedSelector -- updateable 1
18:14:53.078 [Jetty (JenkinsRule)-555] DEBUG org.eclipse.jetty.io.ManagedSelector -- update org.eclipse.jetty.io.ManagedSelector$Start@325841a0
18:14:53.078 [Jetty (JenkinsRule)-555] DEBUG org.eclipse.jetty.io.ManagedSelector -- updates 0
18:14:53.078 [Jetty (JenkinsRule)-555] DEBUG org.eclipse.jetty.io.ManagedSelector -- Selector sun.nio.ch.KQueueSelectorImpl@26e9c8cf waiting with 0 keys
18:14:53.078 [Executing mockRemoveCredential(org.conjur.jenkins.credentials.ConjurCredentialStoreTest)] DEBUG org.eclipse.jetty.util.component.AbstractLifeCycle -- STARTED @20182ms ManagedSelector@a7baf30{STARTED} id=7 keys=0 selected=0 updates=0
18:14:53.078 [Executing mockRemoveCredential(org.conjur.jenkins.credentials.ConjurCredentialStoreTest)] DEBUG org.eclipse.jetty.util.component.AbstractLifeCycle -- STARTED @20182ms SelectorManager@ServerConnector@50917ce8{HTTP/1.1, (http/1.1)}{localhost:51473}
18:14:53.078 [Executing mockRemoveCredential(org.conjur.jenkins.credentials.ConjurCredentialStoreTest)] DEBUG org.eclipse.jetty.util.component.ContainerLifeCycle -- ServerConnector@50917ce8{HTTP/1.1, (http/1.1)}{localhost:51473} added {acceptor-0@2e094a69,POJO}
18:14:53.078 [Executing mockRemoveCredential(org.conjur.jenkins.credentials.ConjurCredentialStoreTest)] DEBUG org.eclipse.jetty.util.thread.QueuedThreadPool -- queue acceptor-0@2e094a69 startThread=1
18:14:53.078 [Executing mockRemoveCredential(org.conjur.jenkins.credentials.ConjurCredentialStoreTest)] DEBUG org.eclipse.jetty.util.thread.QueuedThreadPool -- Starting Thread[Jetty (JenkinsRule)-557,5,main]
18:14:53.078 [Executing mockRemoveCredential(org.conjur.jenkins.credentials.ConjurCredentialStoreTest)] DEBUG org.eclipse.jetty.util.component.ContainerLifeCycle -- ServerConnector@50917ce8{HTTP/1.1, (http/1.1)}{localhost:51473} added {acceptor-1@15da2bff,POJO}
18:14:53.078 [Executing mockRemoveCredential(org.conjur.jenkins.credentials.ConjurCredentialStoreTest)] DEBUG org.eclipse.jetty.util.thread.QueuedThreadPool -- queue acceptor-1@15da2bff startThread=1
18:14:53.078 [Jetty (JenkinsRule)-557] DEBUG org.eclipse.jetty.util.thread.QueuedThreadPool -- Runner started for QueuedThreadPool[Jetty (JenkinsRule)]@28c817d{STARTED,8<=10<=200,i=0,r=-1,q=0}[ReservedThreadExecutor@2c1af92{reserved=0/16,pending=0}]
18:14:53.078 [Executing mockRemoveCredential(org.conjur.jenkins.credentials.ConjurCredentialStoreTest)] DEBUG org.eclipse.jetty.util.thread.QueuedThreadPool -- Starting Thread[Jetty (JenkinsRule)-558,5,main]
18:14:53.078 [Jetty (JenkinsRule)-557] DEBUG org.eclipse.jetty.util.thread.QueuedThreadPool -- run acceptor-0@2e094a69 in QueuedThreadPool[Jetty (JenkinsRule)]@28c817d{STARTED,8<=10<=200,i=0,r=-1,q=0}[ReservedThreadExecutor@2c1af92{reserved=0/16,pending=0}]
18:14:53.078 [Executing mockRemoveCredential(org.conjur.jenkins.credentials.ConjurCredentialStoreTest)] INFO org.eclipse.jetty.server.AbstractConnector -- Started ServerConnector@50917ce8{HTTP/1.1, (http/1.1)}{localhost:51473}
18:14:53.078 [Executing mockRemoveCredential(org.conjur.jenkins.credentials.ConjurCredentialStoreTest)] DEBUG org.eclipse.jetty.util.component.AbstractLifeCycle -- STARTED @20182ms ServerConnector@50917ce8{HTTP/1.1, (http/1.1)}{localhost:51473}
18:14:53.079 [Executing mockRemoveCredential(org.conjur.jenkins.credentials.ConjurCredentialStoreTest)] INFO org.eclipse.jetty.server.Server -- Started @20182ms
18:14:53.079 [Executing mockRemoveCredential(org.conjur.jenkins.credentials.ConjurCredentialStoreTest)] DEBUG org.eclipse.jetty.util.component.AbstractLifeCycle -- STARTED @20182ms Server@43b18b46{STARTED}[9.4.48.v20220622]
18:14:53.079 [Jetty (JenkinsRule)-558] DEBUG org.eclipse.jetty.util.thread.QueuedThreadPool -- Runner started for QueuedThreadPool[Jetty (JenkinsRule)]@28c817d{STARTED,8<=10<=200,i=0,r=-1,q=0}[ReservedThreadExecutor@2c1af92{reserved=0/16,pending=0}]
18:14:53.079 [Jetty (JenkinsRule)-558] DEBUG org.eclipse.jetty.util.thread.QueuedThreadPool -- run acceptor-1@15da2bff in QueuedThreadPool[Jetty (JenkinsRule)]@28c817d{STARTED,8<=10<=200,i=0,r=-1,q=0}[ReservedThreadExecutor@2c1af92{reserved=0/16,pending=0}]
18:14:53.134 [Executing mockRemoveCredential(org.conjur.jenkins.credentials.ConjurCredentialStoreTest)] DEBUG org.apache.commons.discovery.resource.names.DiscoverNamesInFile -- find: serviceName = 'META-INF/services/org.kohsuke.stapler.Facet'
18:14:53.134 [Executing mockRemoveCredential(org.conjur.jenkins.credentials.ConjurCredentialStoreTest)] DEBUG org.apache.commons.discovery.resource.DiscoverResources -- find: resourceName='META-INF/services/org.kohsuke.stapler.Facet'
18:14:53.134 [Executing mockRemoveCredential(org.conjur.jenkins.credentials.ConjurCredentialStoreTest)] DEBUG org.apache.commons.discovery.resource.DiscoverResources -- getNextResources: search using ClassLoader 'jdk.internal.loader.ClassLoaders$AppClassLoader@5ffd2b27'
18:14:53.135 [Executing mockRemoveCredential(org.conjur.jenkins.credentials.ConjurCredentialStoreTest)] DEBUG org.apache.commons.discovery.resource.DiscoverResources -- getNextResource: next URL='jar:file:/Users/sameer.shaik/.m2/repository/org/kohsuke/stapler/stapler-groovy/1669.v95a_4b_919a_b_a_2/stapler-groovy-1669.v95a_4b_919a_b_a_2.jar!/META-INF/services/org.kohsuke.stapler.Facet'
18:14:53.135 [Executing mockRemoveCredential(org.conjur.jenkins.credentials.ConjurCredentialStoreTest)] DEBUG org.apache.commons.discovery.resource.names.DiscoverNamesInFile -- getNextClassResource: next class='org.kohsuke.stapler.jelly.groovy.GroovyFacet'
18:14:53.135 [Executing mockRemoveCredential(org.conjur.jenkins.credentials.ConjurCredentialStoreTest)] DEBUG org.apache.commons.discovery.resource.DiscoverResources -- getNextResource: next URL='jar:file:/Users/sameer.shaik/.m2/repository/org/kohsuke/stapler/stapler-jelly/1669.v95a_4b_919a_b_a_2/stapler-jelly-1669.v95a_4b_919a_b_a_2.jar!/META-INF/services/org.kohsuke.stapler.Facet'
18:14:53.135 [Executing mockRemoveCredential(org.conjur.jenkins.credentials.ConjurCredentialStoreTest)] DEBUG org.apache.commons.discovery.resource.names.DiscoverNamesInFile -- getNextClassResource: next class='org.kohsuke.stapler.jelly.JellyFacet'
18:14:53.135 [Executing mockRemoveCredential(org.conjur.jenkins.credentials.ConjurCredentialStoreTest)] DEBUG org.apache.commons.discovery.resource.names.DiscoverNamesInFile -- find: serviceName = 'META-INF/services/org.kohsuke.stapler.Facet'
18:14:53.135 [Executing mockRemoveCredential(org.conjur.jenkins.credentials.ConjurCredentialStoreTest)] DEBUG org.apache.commons.discovery.resource.DiscoverResources -- find: resourceName='META-INF/services/org.kohsuke.stapler.Facet'
18:14:53.135 [Executing mockRemoveCredential(org.conjur.jenkins.credentials.ConjurCredentialStoreTest)] DEBUG org.apache.commons.discovery.resource.DiscoverResources -- getNextResources: search using ClassLoader 'jdk.internal.loader.ClassLoaders$AppClassLoader@5ffd2b27'
18:14:53.135 [Executing mockRemoveCredential(org.conjur.jenkins.credentials.ConjurCredentialStoreTest)] DEBUG org.apache.commons.discovery.resource.DiscoverResources -- getNextResource: next URL='jar:file:/Users/sameer.shaik/.m2/repository/org/kohsuke/stapler/stapler-groovy/1669.v95a_4b_919a_b_a_2/stapler-groovy-1669.v95a_4b_919a_b_a_2.jar!/META-INF/services/org.kohsuke.stapler.Facet'
18:14:53.135 [Executing mockRemoveCredential(org.conjur.jenkins.credentials.ConjurCredentialStoreTest)] DEBUG org.apache.commons.discovery.resource.names.DiscoverNamesInFile -- getNextClassResource: next class='org.kohsuke.stapler.jelly.groovy.GroovyFacet'
18:14:53.135 [Executing mockRemoveCredential(org.conjur.jenkins.credentials.ConjurCredentialStoreTest)] DEBUG org.apache.commons.discovery.resource.DiscoverResources -- getNextResource: next URL='jar:file:/Users/sameer.shaik/.m2/repository/org/kohsuke/stapler/stapler-jelly/1669.v95a_4b_919a_b_a_2/stapler-jelly-1669.v95a_4b_919a_b_a_2.jar!/META-INF/services/org.kohsuke.stapler.Facet'
18:14:53.135 [Executing mockRemoveCredential(org.conjur.jenkins.credentials.ConjurCredentialStoreTest)] DEBUG org.apache.commons.discovery.resource.names.DiscoverNamesInFile -- getNextClassResource: next class='org.kohsuke.stapler.jelly.JellyFacet'
18:14:53.757 [Executing mockRemoveCredential(org.conjur.jenkins.credentials.ConjurCredentialStoreTest)] DEBUG org.eclipse.jetty.util.component.AbstractLifeCycle -- stopping Server@43b18b46{STARTED}[9.4.48.v20220622]
18:14:53.758 [Executing mockRemoveCredential(org.conjur.jenkins.credentials.ConjurCredentialStoreTest)] DEBUG org.eclipse.jetty.server.Server -- doStop Server@43b18b46{STOPPING}[9.4.48.v20220622]
18:14:53.758 [Executing mockRemoveCredential(org.conjur.jenkins.credentials.ConjurCredentialStoreTest)] DEBUG org.eclipse.jetty.server.handler.AbstractHandlerContainer -- Graceful shutdown Server@43b18b46{STOPPING}[9.4.48.v20220622] by 
18:14:53.758 [Executing mockRemoveCredential(org.conjur.jenkins.credentials.ConjurCredentialStoreTest)] DEBUG org.eclipse.jetty.util.component.AbstractLifeCycle -- stopping ServerConnector@50917ce8{HTTP/1.1, (http/1.1)}{localhost:0}
18:14:53.758 [Jetty (JenkinsRule)-557] DEBUG org.eclipse.jetty.util.thread.QueuedThreadPool -- ran Jetty (JenkinsRule)-557-acceptor-0@2e094a69-ServerConnector@50917ce8{HTTP/1.1, (http/1.1)}{localhost:51473} in QueuedThreadPool[Jetty (JenkinsRule)]@28c817d{STARTED,8<=10<=200,i=0,r=-1,q=0}[ReservedThreadExecutor@2c1af92{reserved=0/16,pending=0}]
18:14:53.758 [Jetty (JenkinsRule)-558] DEBUG org.eclipse.jetty.util.thread.QueuedThreadPool -- ran Jetty (JenkinsRule)-558-acceptor-1@15da2bff-ServerConnector@50917ce8{HTTP/1.1, (http/1.1)}{localhost:51473} in QueuedThreadPool[Jetty (JenkinsRule)]@28c817d{STARTED,8<=10<=200,i=0,r=-1,q=0}[ReservedThreadExecutor@2c1af92{reserved=0/16,pending=0}]
18:14:53.758 [Executing mockRemoveCredential(org.conjur.jenkins.credentials.ConjurCredentialStoreTest)] DEBUG org.eclipse.jetty.util.component.AbstractLifeCycle -- stopping SelectorManager@ServerConnector@50917ce8{HTTP/1.1, (http/1.1)}{localhost:0}
18:14:53.758 [Executing mockRemoveCredential(org.conjur.jenkins.credentials.ConjurCredentialStoreTest)] DEBUG org.eclipse.jetty.util.component.AbstractLifeCycle -- stopping ManagedSelector@a7baf30{STARTED} id=7 keys=0 selected=0 updates=0
18:14:53.758 [Executing mockRemoveCredential(org.conjur.jenkins.credentials.ConjurCredentialStoreTest)] DEBUG org.eclipse.jetty.io.ManagedSelector -- Queued change lazy=false org.eclipse.jetty.io.ManagedSelector$CloseConnections@528ab3 on ManagedSelector@a7baf30{STOPPING} id=7 keys=0 selected=0 updates=0
18:14:53.758 [Executing mockRemoveCredential(org.conjur.jenkins.credentials.ConjurCredentialStoreTest)] DEBUG org.eclipse.jetty.io.ManagedSelector -- Wakeup on submit ManagedSelector@a7baf30{STOPPING} id=7 keys=0 selected=0 updates=1
18:14:53.758 [Jetty (JenkinsRule)-555] DEBUG org.eclipse.jetty.io.ManagedSelector -- Selector sun.nio.ch.KQueueSelectorImpl@26e9c8cf woken with none selected
18:14:53.758 [Jetty (JenkinsRule)-555] DEBUG org.eclipse.jetty.io.ManagedSelector -- Selector sun.nio.ch.KQueueSelectorImpl@26e9c8cf woken up from select, 0/0/0 selected
18:14:53.758 [Jetty (JenkinsRule)-555] DEBUG org.eclipse.jetty.io.ManagedSelector -- Selector sun.nio.ch.KQueueSelectorImpl@26e9c8cf processing 0 keys, 1 updates
18:14:53.758 [Jetty (JenkinsRule)-555] DEBUG org.eclipse.jetty.io.ManagedSelector -- updateable 1
18:14:53.758 [Jetty (JenkinsRule)-555] DEBUG org.eclipse.jetty.io.ManagedSelector -- update org.eclipse.jetty.io.ManagedSelector$CloseConnections@528ab3
18:14:53.758 [Jetty (JenkinsRule)-555] DEBUG org.eclipse.jetty.io.ManagedSelector -- Closing 0 connections on ManagedSelector@a7baf30{STOPPING} id=7 keys=0 selected=0 updates=0
18:14:53.758 [Jetty (JenkinsRule)-555] DEBUG org.eclipse.jetty.io.ManagedSelector -- updates 0
18:14:53.758 [Jetty (JenkinsRule)-555] DEBUG org.eclipse.jetty.io.ManagedSelector -- Selector sun.nio.ch.KQueueSelectorImpl@26e9c8cf waiting with 0 keys
18:14:53.758 [Executing mockRemoveCredential(org.conjur.jenkins.credentials.ConjurCredentialStoreTest)] DEBUG org.eclipse.jetty.io.ManagedSelector -- Queued change lazy=false org.eclipse.jetty.io.ManagedSelector$StopSelector@166419ed on ManagedSelector@a7baf30{STOPPING} id=7 keys=0 selected=0 updates=0
18:14:53.758 [Executing mockRemoveCredential(org.conjur.jenkins.credentials.ConjurCredentialStoreTest)] DEBUG org.eclipse.jetty.io.ManagedSelector -- Wakeup on submit ManagedSelector@a7baf30{STOPPING} id=7 keys=0 selected=0 updates=1
18:14:53.758 [Jetty (JenkinsRule)-555] DEBUG org.eclipse.jetty.io.ManagedSelector -- Selector sun.nio.ch.KQueueSelectorImpl@26e9c8cf woken with none selected
18:14:53.758 [Jetty (JenkinsRule)-555] DEBUG org.eclipse.jetty.io.ManagedSelector -- Selector sun.nio.ch.KQueueSelectorImpl@26e9c8cf woken up from select, 0/0/0 selected
18:14:53.758 [Jetty (JenkinsRule)-555] DEBUG org.eclipse.jetty.io.ManagedSelector -- Selector sun.nio.ch.KQueueSelectorImpl@26e9c8cf processing 0 keys, 1 updates
18:14:53.758 [Jetty (JenkinsRule)-555] DEBUG org.eclipse.jetty.io.ManagedSelector -- updateable 1
18:14:53.758 [Jetty (JenkinsRule)-555] DEBUG org.eclipse.jetty.io.ManagedSelector -- update org.eclipse.jetty.io.ManagedSelector$StopSelector@166419ed
18:14:53.758 [Jetty (JenkinsRule)-555] DEBUG org.eclipse.jetty.io.ManagedSelector -- updates 0
18:14:53.758 [Jetty (JenkinsRule)-555] DEBUG org.eclipse.jetty.util.thread.QueuedThreadPool -- ran org.eclipse.jetty.io.ManagedSelector$$Lambda$424/0x00000001403801f8@21f084ef in QueuedThreadPool[Jetty (JenkinsRule)]@28c817d{STARTED,8<=10<=200,i=2,r=-1,q=0}[ReservedThreadExecutor@2c1af92{reserved=0/16,pending=0}]
18:14:53.758 [Executing mockRemoveCredential(org.conjur.jenkins.credentials.ConjurCredentialStoreTest)] DEBUG org.eclipse.jetty.util.component.AbstractLifeCycle -- stopping EatWhatYouKill@314a040a/SelectorProducer@62747fc2/IDLE/p=false/QueuedThreadPool[Jetty (JenkinsRule)]@28c817d{STARTED,8<=10<=200,i=2,r=-1,q=0}[ReservedThreadExecutor@2c1af92{reserved=0/16,pending=0}][pc=0,pic=0,pec=0,epc=0]@2024-10-22T18:14:53.758671+05:30
18:14:53.758 [Executing mockRemoveCredential(org.conjur.jenkins.credentials.ConjurCredentialStoreTest)] DEBUG org.eclipse.jetty.util.component.AbstractLifeCycle -- STOPPED EatWhatYouKill@314a040a/SelectorProducer@62747fc2/IDLE/p=false/QueuedThreadPool[Jetty (JenkinsRule)]@28c817d{STARTED,8<=10<=200,i=3,r=-1,q=0}[ReservedThreadExecutor@2c1af92{reserved=0/16,pending=0}][pc=0,pic=0,pec=0,epc=0]@2024-10-22T18:14:53.758725+05:30
18:14:53.758 [Executing mockRemoveCredential(org.conjur.jenkins.credentials.ConjurCredentialStoreTest)] DEBUG org.eclipse.jetty.util.component.AbstractLifeCycle -- STOPPED ManagedSelector@a7baf30{STOPPED} id=7 keys=-1 selected=-1 updates=0
18:14:53.758 [Executing mockRemoveCredential(org.conjur.jenkins.credentials.ConjurCredentialStoreTest)] DEBUG org.eclipse.jetty.util.component.AbstractLifeCycle -- stopping ManagedSelector@65348a50{STARTED} id=6 keys=0 selected=0 updates=0
18:14:53.758 [Executing mockRemoveCredential(org.conjur.jenkins.credentials.ConjurCredentialStoreTest)] DEBUG org.eclipse.jetty.io.ManagedSelector -- Queued change lazy=false org.eclipse.jetty.io.ManagedSelector$CloseConnections@4d469494 on ManagedSelector@65348a50{STOPPING} id=6 keys=0 selected=0 updates=0
18:14:53.758 [Executing mockRemoveCredential(org.conjur.jenkins.credentials.ConjurCredentialStoreTest)] DEBUG org.eclipse.jetty.io.ManagedSelector -- Wakeup on submit ManagedSelector@65348a50{STOPPING} id=6 keys=0 selected=0 updates=1
18:14:53.758 [Jetty (JenkinsRule)-554] DEBUG org.eclipse.jetty.io.ManagedSelector -- Selector sun.nio.ch.KQueueSelectorImpl@28e10b79 woken with none selected
18:14:53.758 [Jetty (JenkinsRule)-554] DEBUG org.eclipse.jetty.io.ManagedSelector -- Selector sun.nio.ch.KQueueSelectorImpl@28e10b79 woken up from select, 0/0/0 selected
18:14:53.758 [Jetty (JenkinsRule)-554] DEBUG org.eclipse.jetty.io.ManagedSelector -- Selector sun.nio.ch.KQueueSelectorImpl@28e10b79 processing 0 keys, 1 updates
18:14:53.758 [Jetty (JenkinsRule)-554] DEBUG org.eclipse.jetty.io.ManagedSelector -- updateable 1
18:14:53.758 [Jetty (JenkinsRule)-554] DEBUG org.eclipse.jetty.io.ManagedSelector -- update org.eclipse.jetty.io.ManagedSelector$CloseConnections@4d469494
18:14:53.758 [Jetty (JenkinsRule)-554] DEBUG org.eclipse.jetty.io.ManagedSelector -- Closing 0 connections on ManagedSelector@65348a50{STOPPING} id=6 keys=0 selected=0 updates=0
18:14:53.758 [Jetty (JenkinsRule)-554] DEBUG org.eclipse.jetty.io.ManagedSelector -- updates 0
18:14:53.758 [Jetty (JenkinsRule)-554] DEBUG org.eclipse.jetty.io.ManagedSelector -- Selector sun.nio.ch.KQueueSelectorImpl@28e10b79 waiting with 0 keys
18:14:53.758 [Executing mockRemoveCredential(org.conjur.jenkins.credentials.ConjurCredentialStoreTest)] DEBUG org.eclipse.jetty.io.ManagedSelector -- Queued change lazy=false org.eclipse.jetty.io.ManagedSelector$StopSelector@6bddede on ManagedSelector@65348a50{STOPPING} id=6 keys=0 selected=0 updates=0
18:14:53.758 [Executing mockRemoveCredential(org.conjur.jenkins.credentials.ConjurCredentialStoreTest)] DEBUG org.eclipse.jetty.io.ManagedSelector -- Wakeup on submit ManagedSelector@65348a50{STOPPING} id=6 keys=0 selected=0 updates=1
18:14:53.758 [Jetty (JenkinsRule)-554] DEBUG org.eclipse.jetty.io.ManagedSelector -- Selector sun.nio.ch.KQueueSelectorImpl@28e10b79 woken with none selected
18:14:53.758 [Jetty (JenkinsRule)-554] DEBUG org.eclipse.jetty.io.ManagedSelector -- Selector sun.nio.ch.KQueueSelectorImpl@28e10b79 woken up from select, 0/0/0 selected
18:14:53.758 [Jetty (JenkinsRule)-554] DEBUG org.eclipse.jetty.io.ManagedSelector -- Selector sun.nio.ch.KQueueSelectorImpl@28e10b79 processing 0 keys, 1 updates
18:14:53.758 [Jetty (JenkinsRule)-554] DEBUG org.eclipse.jetty.io.ManagedSelector -- updateable 1
18:14:53.759 [Jetty (JenkinsRule)-554] DEBUG org.eclipse.jetty.io.ManagedSelector -- update org.eclipse.jetty.io.ManagedSelector$StopSelector@6bddede
18:14:53.759 [Jetty (JenkinsRule)-554] DEBUG org.eclipse.jetty.io.ManagedSelector -- updates 0
18:14:53.759 [Jetty (JenkinsRule)-554] DEBUG org.eclipse.jetty.util.thread.QueuedThreadPool -- ran org.eclipse.jetty.io.ManagedSelector$$Lambda$424/0x00000001403801f8@624fd042 in QueuedThreadPool[Jetty (JenkinsRule)]@28c817d{STARTED,8<=10<=200,i=3,r=-1,q=0}[ReservedThreadExecutor@2c1af92{reserved=0/16,pending=0}]
18:14:53.759 [Executing mockRemoveCredential(org.conjur.jenkins.credentials.ConjurCredentialStoreTest)] DEBUG org.eclipse.jetty.util.component.AbstractLifeCycle -- stopping EatWhatYouKill@27ae8861/SelectorProducer@147f8307/IDLE/p=false/QueuedThreadPool[Jetty (JenkinsRule)]@28c817d{STARTED,8<=10<=200,i=3,r=-1,q=0}[ReservedThreadExecutor@2c1af92{reserved=0/16,pending=0}][pc=0,pic=0,pec=0,epc=0]@2024-10-22T18:14:53.759119+05:30
18:14:53.759 [Executing mockRemoveCredential(org.conjur.jenkins.credentials.ConjurCredentialStoreTest)] DEBUG org.eclipse.jetty.util.component.AbstractLifeCycle -- STOPPED EatWhatYouKill@27ae8861/SelectorProducer@147f8307/IDLE/p=false/QueuedThreadPool[Jetty (JenkinsRule)]@28c817d{STARTED,8<=10<=200,i=4,r=-1,q=0}[ReservedThreadExecutor@2c1af92{reserved=0/16,pending=0}][pc=0,pic=0,pec=0,epc=0]@2024-10-22T18:14:53.759175+05:30
18:14:53.759 [Executing mockRemoveCredential(org.conjur.jenkins.credentials.ConjurCredentialStoreTest)] DEBUG org.eclipse.jetty.util.component.AbstractLifeCycle -- STOPPED ManagedSelector@65348a50{STOPPED} id=6 keys=-1 selected=-1 updates=0
18:14:53.759 [Executing mockRemoveCredential(org.conjur.jenkins.credentials.ConjurCredentialStoreTest)] DEBUG org.eclipse.jetty.util.component.AbstractLifeCycle -- stopping ManagedSelector@10e89844{STARTED} id=5 keys=0 selected=0 updates=0
18:14:53.759 [Executing mockRemoveCredential(org.conjur.jenkins.credentials.ConjurCredentialStoreTest)] DEBUG org.eclipse.jetty.io.ManagedSelector -- Queued change lazy=false org.eclipse.jetty.io.ManagedSelector$CloseConnections@122ecba8 on ManagedSelector@10e89844{STOPPING} id=5 keys=0 selected=0 updates=0
18:14:53.759 [Executing mockRemoveCredential(org.conjur.jenkins.credentials.ConjurCredentialStoreTest)] DEBUG org.eclipse.jetty.io.ManagedSelector -- Wakeup on submit ManagedSelector@10e89844{STOPPING} id=5 keys=0 selected=0 updates=1
18:14:53.759 [Jetty (JenkinsRule)-553] DEBUG org.eclipse.jetty.io.ManagedSelector -- Selector sun.nio.ch.KQueueSelectorImpl@3a11118b woken with none selected
18:14:53.759 [Jetty (JenkinsRule)-553] DEBUG org.eclipse.jetty.io.ManagedSelector -- Selector sun.nio.ch.KQueueSelectorImpl@3a11118b woken up from select, 0/0/0 selected
18:14:53.759 [Jetty (JenkinsRule)-553] DEBUG org.eclipse.jetty.io.ManagedSelector -- Selector sun.nio.ch.KQueueSelectorImpl@3a11118b processing 0 keys, 1 updates
18:14:53.759 [Jetty (JenkinsRule)-553] DEBUG org.eclipse.jetty.io.ManagedSelector -- updateable 1
18:14:53.759 [Jetty (JenkinsRule)-553] DEBUG org.eclipse.jetty.io.ManagedSelector -- update org.eclipse.jetty.io.ManagedSelector$CloseConnections@122ecba8
18:14:53.759 [Jetty (JenkinsRule)-553] DEBUG org.eclipse.jetty.io.ManagedSelector -- Closing 0 connections on ManagedSelector@10e89844{STOPPING} id=5 keys=0 selected=0 updates=0
18:14:53.759 [Jetty (JenkinsRule)-553] DEBUG org.eclipse.jetty.io.ManagedSelector -- updates 0
18:14:53.759 [Jetty (JenkinsRule)-553] DEBUG org.eclipse.jetty.io.ManagedSelector -- Selector sun.nio.ch.KQueueSelectorImpl@3a11118b waiting with 0 keys
18:14:53.759 [Executing mockRemoveCredential(org.conjur.jenkins.credentials.ConjurCredentialStoreTest)] DEBUG org.eclipse.jetty.io.ManagedSelector -- Queued change lazy=false org.eclipse.jetty.io.ManagedSelector$StopSelector@24b30371 on ManagedSelector@10e89844{STOPPING} id=5 keys=0 selected=0 updates=0
18:14:53.759 [Executing mockRemoveCredential(org.conjur.jenkins.credentials.ConjurCredentialStoreTest)] DEBUG org.eclipse.jetty.io.ManagedSelector -- Wakeup on submit ManagedSelector@10e89844{STOPPING} id=5 keys=0 selected=0 updates=1
18:14:53.759 [Jetty (JenkinsRule)-553] DEBUG org.eclipse.jetty.io.ManagedSelector -- Selector sun.nio.ch.KQueueSelectorImpl@3a11118b woken with none selected
18:14:53.759 [Jetty (JenkinsRule)-553] DEBUG org.eclipse.jetty.io.ManagedSelector -- Selector sun.nio.ch.KQueueSelectorImpl@3a11118b woken up from select, 0/0/0 selected
18:14:53.759 [Jetty (JenkinsRule)-553] DEBUG org.eclipse.jetty.io.ManagedSelector -- Selector sun.nio.ch.KQueueSelectorImpl@3a11118b processing 0 keys, 1 updates
18:14:53.759 [Jetty (JenkinsRule)-553] DEBUG org.eclipse.jetty.io.ManagedSelector -- updateable 1
18:14:53.759 [Jetty (JenkinsRule)-553] DEBUG org.eclipse.jetty.io.ManagedSelector -- update org.eclipse.jetty.io.ManagedSelector$StopSelector@24b30371
18:14:53.759 [Jetty (JenkinsRule)-553] DEBUG org.eclipse.jetty.io.ManagedSelector -- updates 0
18:14:53.759 [Executing mockRemoveCredential(org.conjur.jenkins.credentials.ConjurCredentialStoreTest)] DEBUG org.eclipse.jetty.util.component.AbstractLifeCycle -- stopping EatWhatYouKill@7f898d6e/SelectorProducer@5e75e9f9/PRODUCING/p=false/QueuedThreadPool[Jetty (JenkinsRule)]@28c817d{STARTED,8<=10<=200,i=4,r=-1,q=0}[ReservedThreadExecutor@2c1af92{reserved=0/16,pending=0}][pc=0,pic=0,pec=0,epc=0]@2024-10-22T18:14:53.759549+05:30
18:14:53.759 [Jetty (JenkinsRule)-553] DEBUG org.eclipse.jetty.util.thread.QueuedThreadPool -- ran org.eclipse.jetty.io.ManagedSelector$$Lambda$424/0x00000001403801f8@68343871 in QueuedThreadPool[Jetty (JenkinsRule)]@28c817d{STARTED,8<=10<=200,i=4,r=-1,q=0}[ReservedThreadExecutor@2c1af92{reserved=0/16,pending=0}]
18:14:53.759 [Executing mockRemoveCredential(org.conjur.jenkins.credentials.ConjurCredentialStoreTest)] DEBUG org.eclipse.jetty.util.component.AbstractLifeCycle -- STOPPED EatWhatYouKill@7f898d6e/SelectorProducer@5e75e9f9/IDLE/p=false/QueuedThreadPool[Jetty (JenkinsRule)]@28c817d{STARTED,8<=10<=200,i=4,r=-1,q=0}[ReservedThreadExecutor@2c1af92{reserved=0/16,pending=0}][pc=0,pic=0,pec=0,epc=0]@2024-10-22T18:14:53.759602+05:30
18:14:53.759 [Executing mockRemoveCredential(org.conjur.jenkins.credentials.ConjurCredentialStoreTest)] DEBUG org.eclipse.jetty.util.component.AbstractLifeCycle -- STOPPED ManagedSelector@10e89844{STOPPED} id=5 keys=-1 selected=-1 updates=0
18:14:53.759 [Executing mockRemoveCredential(org.conjur.jenkins.credentials.ConjurCredentialStoreTest)] DEBUG org.eclipse.jetty.util.component.AbstractLifeCycle -- stopping ManagedSelector@4e2f3bdb{STARTED} id=4 keys=0 selected=0 updates=0
18:14:53.759 [Executing mockRemoveCredential(org.conjur.jenkins.credentials.ConjurCredentialStoreTest)] DEBUG org.eclipse.jetty.io.ManagedSelector -- Queued change lazy=false org.eclipse.jetty.io.ManagedSelector$CloseConnections@5da8c147 on ManagedSelector@4e2f3bdb{STOPPING} id=4 keys=0 selected=0 updates=0
18:14:53.759 [Executing mockRemoveCredential(org.conjur.jenkins.credentials.ConjurCredentialStoreTest)] DEBUG org.eclipse.jetty.io.ManagedSelector -- Wakeup on submit ManagedSelector@4e2f3bdb{STOPPING} id=4 keys=0 selected=0 updates=1
18:14:53.759 [Jetty (JenkinsRule)-552] DEBUG org.eclipse.jetty.io.ManagedSelector -- Selector sun.nio.ch.KQueueSelectorImpl@239ae708 woken with none selected
18:14:53.759 [Jetty (JenkinsRule)-552] DEBUG org.eclipse.jetty.io.ManagedSelector -- Selector sun.nio.ch.KQueueSelectorImpl@239ae708 woken up from select, 0/0/0 selected
18:14:53.759 [Jetty (JenkinsRule)-552] DEBUG org.eclipse.jetty.io.ManagedSelector -- Selector sun.nio.ch.KQueueSelectorImpl@239ae708 processing 0 keys, 1 updates
18:14:53.759 [Jetty (JenkinsRule)-552] DEBUG org.eclipse.jetty.io.ManagedSelector -- updateable 1
18:14:53.759 [Jetty (JenkinsRule)-552] DEBUG org.eclipse.jetty.io.ManagedSelector -- update org.eclipse.jetty.io.ManagedSelector$CloseConnections@5da8c147
18:14:53.759 [Jetty (JenkinsRule)-552] DEBUG org.eclipse.jetty.io.ManagedSelector -- Closing 0 connections on ManagedSelector@4e2f3bdb{STOPPING} id=4 keys=0 selected=0 updates=0
18:14:53.759 [Jetty (JenkinsRule)-552] DEBUG org.eclipse.jetty.io.ManagedSelector -- updates 0
18:14:53.759 [Jetty (JenkinsRule)-552] DEBUG org.eclipse.jetty.io.ManagedSelector -- Selector sun.nio.ch.KQueueSelectorImpl@239ae708 waiting with 0 keys
18:14:53.759 [Executing mockRemoveCredential(org.conjur.jenkins.credentials.ConjurCredentialStoreTest)] DEBUG org.eclipse.jetty.io.ManagedSelector -- Queued change lazy=false org.eclipse.jetty.io.ManagedSelector$StopSelector@350baf02 on ManagedSelector@4e2f3bdb{STOPPING} id=4 keys=0 selected=0 updates=0
18:14:53.759 [Executing mockRemoveCredential(org.conjur.jenkins.credentials.ConjurCredentialStoreTest)] DEBUG org.eclipse.jetty.io.ManagedSelector -- Wakeup on submit ManagedSelector@4e2f3bdb{STOPPING} id=4 keys=0 selected=0 updates=1
18:14:53.759 [Jetty (JenkinsRule)-552] DEBUG org.eclipse.jetty.io.ManagedSelector -- Selector sun.nio.ch.KQueueSelectorImpl@239ae708 woken with none selected
18:14:53.759 [Jetty (JenkinsRule)-552] DEBUG org.eclipse.jetty.io.ManagedSelector -- Selector sun.nio.ch.KQueueSelectorImpl@239ae708 woken up from select, 0/0/0 selected
18:14:53.759 [Jetty (JenkinsRule)-552] DEBUG org.eclipse.jetty.io.ManagedSelector -- Selector sun.nio.ch.KQueueSelectorImpl@239ae708 processing 0 keys, 1 updates
18:14:53.759 [Jetty (JenkinsRule)-552] DEBUG org.eclipse.jetty.io.ManagedSelector -- updateable 1
18:14:53.759 [Jetty (JenkinsRule)-552] DEBUG org.eclipse.jetty.io.ManagedSelector -- update org.eclipse.jetty.io.ManagedSelector$StopSelector@350baf02
18:14:53.759 [Jetty (JenkinsRule)-552] DEBUG org.eclipse.jetty.io.ManagedSelector -- updates 0
18:14:53.759 [Executing mockRemoveCredential(org.conjur.jenkins.credentials.ConjurCredentialStoreTest)] DEBUG org.eclipse.jetty.util.component.AbstractLifeCycle -- stopping EatWhatYouKill@5cefb650/SelectorProducer@519694a/PRODUCING/p=false/QueuedThreadPool[Jetty (JenkinsRule)]@28c817d{STARTED,8<=10<=200,i=5,r=-1,q=0}[ReservedThreadExecutor@2c1af92{reserved=0/16,pending=0}][pc=0,pic=0,pec=0,epc=0]@2024-10-22T18:14:53.759922+05:30
18:14:53.759 [Jetty (JenkinsRule)-552] DEBUG org.eclipse.jetty.util.thread.QueuedThreadPool -- ran org.eclipse.jetty.io.ManagedSelector$$Lambda$424/0x00000001403801f8@2731efab in QueuedThreadPool[Jetty (JenkinsRule)]@28c817d{STARTED,8<=10<=200,i=5,r=-1,q=0}[ReservedThreadExecutor@2c1af92{reserved=0/16,pending=0}]
18:14:53.759 [Executing mockRemoveCredential(org.conjur.jenkins.credentials.ConjurCredentialStoreTest)] DEBUG org.eclipse.jetty.util.component.AbstractLifeCycle -- STOPPED EatWhatYouKill@5cefb650/SelectorProducer@519694a/IDLE/p=false/QueuedThreadPool[Jetty (JenkinsRule)]@28c817d{STARTED,8<=10<=200,i=5,r=-1,q=0}[ReservedThreadExecutor@2c1af92{reserved=0/16,pending=0}][pc=0,pic=0,pec=0,epc=0]@2024-10-22T18:14:53.759971+05:30
18:14:53.759 [Executing mockRemoveCredential(org.conjur.jenkins.credentials.ConjurCredentialStoreTest)] DEBUG org.eclipse.jetty.util.component.AbstractLifeCycle -- STOPPED ManagedSelector@4e2f3bdb{STOPPED} id=4 keys=-1 selected=-1 updates=0
18:14:53.760 [Executing mockRemoveCredential(org.conjur.jenkins.credentials.ConjurCredentialStoreTest)] DEBUG org.eclipse.jetty.util.component.AbstractLifeCycle -- stopping ManagedSelector@3ed1f8c8{STARTED} id=3 keys=0 selected=0 updates=0
18:14:53.760 [Executing mockRemoveCredential(org.conjur.jenkins.credentials.ConjurCredentialStoreTest)] DEBUG org.eclipse.jetty.io.ManagedSelector -- Queued change lazy=false org.eclipse.jetty.io.ManagedSelector$CloseConnections@519c4180 on ManagedSelector@3ed1f8c8{STOPPING} id=3 keys=0 selected=0 updates=0
18:14:53.760 [Executing mockRemoveCredential(org.conjur.jenkins.credentials.ConjurCredentialStoreTest)] DEBUG org.eclipse.jetty.io.ManagedSelector -- Wakeup on submit ManagedSelector@3ed1f8c8{STOPPING} id=3 keys=0 selected=0 updates=1
18:14:53.760 [Jetty (JenkinsRule)-551] DEBUG org.eclipse.jetty.io.ManagedSelector -- Selector sun.nio.ch.KQueueSelectorImpl@26c04585 woken with none selected
18:14:53.760 [Jetty (JenkinsRule)-551] DEBUG org.eclipse.jetty.io.ManagedSelector -- Selector sun.nio.ch.KQueueSelectorImpl@26c04585 woken up from select, 0/0/0 selected
18:14:53.760 [Jetty (JenkinsRule)-551] DEBUG org.eclipse.jetty.io.ManagedSelector -- Selector sun.nio.ch.KQueueSelectorImpl@26c04585 processing 0 keys, 1 updates
18:14:53.760 [Jetty (JenkinsRule)-551] DEBUG org.eclipse.jetty.io.ManagedSelector -- updateable 1
18:14:53.760 [Jetty (JenkinsRule)-551] DEBUG org.eclipse.jetty.io.ManagedSelector -- update org.eclipse.jetty.io.ManagedSelector$CloseConnections@519c4180
18:14:53.760 [Jetty (JenkinsRule)-551] DEBUG org.eclipse.jetty.io.ManagedSelector -- Closing 0 connections on ManagedSelector@3ed1f8c8{STOPPING} id=3 keys=0 selected=0 updates=0
18:14:53.760 [Jetty (JenkinsRule)-551] DEBUG org.eclipse.jetty.io.ManagedSelector -- updates 0
18:14:53.760 [Jetty (JenkinsRule)-551] DEBUG org.eclipse.jetty.io.ManagedSelector -- Selector sun.nio.ch.KQueueSelectorImpl@26c04585 waiting with 0 keys
18:14:53.760 [Executing mockRemoveCredential(org.conjur.jenkins.credentials.ConjurCredentialStoreTest)] DEBUG org.eclipse.jetty.io.ManagedSelector -- Queued change lazy=false org.eclipse.jetty.io.ManagedSelector$StopSelector@6d086849 on ManagedSelector@3ed1f8c8{STOPPING} id=3 keys=0 selected=0 updates=0
18:14:53.760 [Executing mockRemoveCredential(org.conjur.jenkins.credentials.ConjurCredentialStoreTest)] DEBUG org.eclipse.jetty.io.ManagedSelector -- Wakeup on submit ManagedSelector@3ed1f8c8{STOPPING} id=3 keys=0 selected=0 updates=1
18:14:53.760 [Jetty (JenkinsRule)-551] DEBUG org.eclipse.jetty.io.ManagedSelector -- Selector sun.nio.ch.KQueueSelectorImpl@26c04585 woken with none selected
18:14:53.760 [Jetty (JenkinsRule)-551] DEBUG org.eclipse.jetty.io.ManagedSelector -- Selector sun.nio.ch.KQueueSelectorImpl@26c04585 woken up from select, 0/0/0 selected
18:14:53.760 [Jetty (JenkinsRule)-551] DEBUG org.eclipse.jetty.io.ManagedSelector -- Selector sun.nio.ch.KQueueSelectorImpl@26c04585 processing 0 keys, 1 updates
18:14:53.760 [Jetty (JenkinsRule)-551] DEBUG org.eclipse.jetty.io.ManagedSelector -- updateable 1
18:14:53.760 [Jetty (JenkinsRule)-551] DEBUG org.eclipse.jetty.io.ManagedSelector -- update org.eclipse.jetty.io.ManagedSelector$StopSelector@6d086849
18:14:53.760 [Jetty (JenkinsRule)-551] DEBUG org.eclipse.jetty.io.ManagedSelector -- updates 0
18:14:53.760 [Jetty (JenkinsRule)-551] DEBUG org.eclipse.jetty.util.thread.QueuedThreadPool -- ran org.eclipse.jetty.io.ManagedSelector$$Lambda$424/0x00000001403801f8@ffb13df in QueuedThreadPool[Jetty (JenkinsRule)]@28c817d{STARTED,8<=10<=200,i=6,r=-1,q=0}[ReservedThreadExecutor@2c1af92{reserved=0/16,pending=0}]
18:14:53.760 [Executing mockRemoveCredential(org.conjur.jenkins.credentials.ConjurCredentialStoreTest)] DEBUG org.eclipse.jetty.util.component.AbstractLifeCycle -- stopping EatWhatYouKill@7d748b6c/SelectorProducer@41c1479d/IDLE/p=false/QueuedThreadPool[Jetty (JenkinsRule)]@28c817d{STARTED,8<=10<=200,i=6,r=-1,q=0}[ReservedThreadExecutor@2c1af92{reserved=0/16,pending=0}][pc=0,pic=0,pec=0,epc=0]@2024-10-22T18:14:53.760341+05:30
18:14:53.760 [Executing mockRemoveCredential(org.conjur.jenkins.credentials.ConjurCredentialStoreTest)] DEBUG org.eclipse.jetty.util.component.AbstractLifeCycle -- STOPPED EatWhatYouKill@7d748b6c/SelectorProducer@41c1479d/IDLE/p=false/QueuedThreadPool[Jetty (JenkinsRule)]@28c817d{STARTED,8<=10<=200,i=7,r=-1,q=0}[ReservedThreadExecutor@2c1af92{reserved=0/16,pending=0}][pc=0,pic=0,pec=0,epc=0]@2024-10-22T18:14:53.760387+05:30
18:14:53.760 [Executing mockRemoveCredential(org.conjur.jenkins.credentials.ConjurCredentialStoreTest)] DEBUG org.eclipse.jetty.util.component.AbstractLifeCycle -- STOPPED ManagedSelector@3ed1f8c8{STOPPED} id=3 keys=-1 selected=-1 updates=0
18:14:53.760 [Executing mockRemoveCredential(org.conjur.jenkins.credentials.ConjurCredentialStoreTest)] DEBUG org.eclipse.jetty.util.component.AbstractLifeCycle -- stopping ManagedSelector@73b22dd7{STARTED} id=2 keys=0 selected=0 updates=0
18:14:53.760 [Executing mockRemoveCredential(org.conjur.jenkins.credentials.ConjurCredentialStoreTest)] DEBUG org.eclipse.jetty.io.ManagedSelector -- Queued change lazy=false org.eclipse.jetty.io.ManagedSelector$CloseConnections@76b13e56 on ManagedSelector@73b22dd7{STOPPING} id=2 keys=0 selected=0 updates=0
18:14:53.760 [Executing mockRemoveCredential(org.conjur.jenkins.credentials.ConjurCredentialStoreTest)] DEBUG org.eclipse.jetty.io.ManagedSelector -- Wakeup on submit ManagedSelector@73b22dd7{STOPPING} id=2 keys=0 selected=0 updates=1
18:14:53.760 [Jetty (JenkinsRule)-550] DEBUG org.eclipse.jetty.io.ManagedSelector -- Selector sun.nio.ch.KQueueSelectorImpl@2285f491 woken with none selected
18:14:53.760 [Jetty (JenkinsRule)-550] DEBUG org.eclipse.jetty.io.ManagedSelector -- Selector sun.nio.ch.KQueueSelectorImpl@2285f491 woken up from select, 0/0/0 selected
18:14:53.760 [Jetty (JenkinsRule)-550] DEBUG org.eclipse.jetty.io.ManagedSelector -- Selector sun.nio.ch.KQueueSelectorImpl@2285f491 processing 0 keys, 1 updates
18:14:53.760 [Jetty (JenkinsRule)-550] DEBUG org.eclipse.jetty.io.ManagedSelector -- updateable 1
18:14:53.760 [Jetty (JenkinsRule)-550] DEBUG org.eclipse.jetty.io.ManagedSelector -- update org.eclipse.jetty.io.ManagedSelector$CloseConnections@76b13e56
18:14:53.760 [Jetty (JenkinsRule)-550] DEBUG org.eclipse.jetty.io.ManagedSelector -- Closing 0 connections on ManagedSelector@73b22dd7{STOPPING} id=2 keys=0 selected=0 updates=0
18:14:53.760 [Jetty (JenkinsRule)-550] DEBUG org.eclipse.jetty.io.ManagedSelector -- updates 0
18:14:53.760 [Jetty (JenkinsRule)-550] DEBUG org.eclipse.jetty.io.ManagedSelector -- Selector sun.nio.ch.KQueueSelectorImpl@2285f491 waiting with 0 keys
18:14:53.760 [Executing mockRemoveCredential(org.conjur.jenkins.credentials.ConjurCredentialStoreTest)] DEBUG org.eclipse.jetty.io.ManagedSelector -- Queued change lazy=false org.eclipse.jetty.io.ManagedSelector$StopSelector@1e2afc3d on ManagedSelector@73b22dd7{STOPPING} id=2 keys=0 selected=0 updates=0
18:14:53.760 [Executing mockRemoveCredential(org.conjur.jenkins.credentials.ConjurCredentialStoreTest)] DEBUG org.eclipse.jetty.io.ManagedSelector -- Wakeup on submit ManagedSelector@73b22dd7{STOPPING} id=2 keys=0 selected=0 updates=1
18:14:53.760 [Jetty (JenkinsRule)-550] DEBUG org.eclipse.jetty.io.ManagedSelector -- Selector sun.nio.ch.KQueueSelectorImpl@2285f491 woken with none selected
18:14:53.760 [Jetty (JenkinsRule)-550] DEBUG org.eclipse.jetty.io.ManagedSelector -- Selector sun.nio.ch.KQueueSelectorImpl@2285f491 woken up from select, 0/0/0 selected
18:14:53.760 [Jetty (JenkinsRule)-550] DEBUG org.eclipse.jetty.io.ManagedSelector -- Selector sun.nio.ch.KQueueSelectorImpl@2285f491 processing 0 keys, 1 updates
18:14:53.760 [Jetty (JenkinsRule)-550] DEBUG org.eclipse.jetty.io.ManagedSelector -- updateable 1
18:14:53.760 [Jetty (JenkinsRule)-550] DEBUG org.eclipse.jetty.io.ManagedSelector -- update org.eclipse.jetty.io.ManagedSelector$StopSelector@1e2afc3d
18:14:53.760 [Jetty (JenkinsRule)-550] DEBUG org.eclipse.jetty.io.ManagedSelector -- updates 0
18:14:53.760 [Executing mockRemoveCredential(org.conjur.jenkins.credentials.ConjurCredentialStoreTest)] DEBUG org.eclipse.jetty.util.component.AbstractLifeCycle -- stopping EatWhatYouKill@571d6295/SelectorProducer@cee6025/PRODUCING/p=false/QueuedThreadPool[Jetty (JenkinsRule)]@28c817d{STARTED,8<=10<=200,i=7,r=-1,q=0}[ReservedThreadExecutor@2c1af92{reserved=0/16,pending=0}][pc=0,pic=0,pec=0,epc=0]@2024-10-22T18:14:53.760736+05:30
18:14:53.760 [Jetty (JenkinsRule)-550] DEBUG org.eclipse.jetty.util.thread.QueuedThreadPool -- ran org.eclipse.jetty.io.ManagedSelector$$Lambda$424/0x00000001403801f8@11a995cd in QueuedThreadPool[Jetty (JenkinsRule)]@28c817d{STARTED,8<=10<=200,i=7,r=-1,q=0}[ReservedThreadExecutor@2c1af92{reserved=0/16,pending=0}]
18:14:53.760 [Executing mockRemoveCredential(org.conjur.jenkins.credentials.ConjurCredentialStoreTest)] DEBUG org.eclipse.jetty.util.component.AbstractLifeCycle -- STOPPED EatWhatYouKill@571d6295/SelectorProducer@cee6025/IDLE/p=false/QueuedThreadPool[Jetty (JenkinsRule)]@28c817d{STARTED,8<=10<=200,i=7,r=-1,q=0}[ReservedThreadExecutor@2c1af92{reserved=0/16,pending=0}][pc=0,pic=0,pec=0,epc=0]@2024-10-22T18:14:53.760788+05:30
18:14:53.760 [Executing mockRemoveCredential(org.conjur.jenkins.credentials.ConjurCredentialStoreTest)] DEBUG org.eclipse.jetty.util.component.AbstractLifeCycle -- STOPPED ManagedSelector@73b22dd7{STOPPED} id=2 keys=-1 selected=-1 updates=0
18:14:53.760 [Executing mockRemoveCredential(org.conjur.jenkins.credentials.ConjurCredentialStoreTest)] DEBUG org.eclipse.jetty.util.component.AbstractLifeCycle -- stopping ManagedSelector@668d08ad{STARTED} id=1 keys=0 selected=0 updates=0
18:14:53.760 [Executing mockRemoveCredential(org.conjur.jenkins.credentials.ConjurCredentialStoreTest)] DEBUG org.eclipse.jetty.io.ManagedSelector -- Queued change lazy=false org.eclipse.jetty.io.ManagedSelector$CloseConnections@2d093e39 on ManagedSelector@668d08ad{STOPPING} id=1 keys=0 selected=0 updates=0
18:14:53.760 [Executing mockRemoveCredential(org.conjur.jenkins.credentials.ConjurCredentialStoreTest)] DEBUG org.eclipse.jetty.io.ManagedSelector -- Wakeup on submit ManagedSelector@668d08ad{STOPPING} id=1 keys=0 selected=0 updates=1
18:14:53.760 [Jetty (JenkinsRule)-549] DEBUG org.eclipse.jetty.io.ManagedSelector -- Selector sun.nio.ch.KQueueSelectorImpl@3541024b woken with none selected
18:14:53.760 [Jetty (JenkinsRule)-549] DEBUG org.eclipse.jetty.io.ManagedSelector -- Selector sun.nio.ch.KQueueSelectorImpl@3541024b woken up from select, 0/0/0 selected
18:14:53.760 [Jetty (JenkinsRule)-549] DEBUG org.eclipse.jetty.io.ManagedSelector -- Selector sun.nio.ch.KQueueSelectorImpl@3541024b processing 0 keys, 1 updates
18:14:53.760 [Jetty (JenkinsRule)-549] DEBUG org.eclipse.jetty.io.ManagedSelector -- updateable 1
18:14:53.760 [Jetty (JenkinsRule)-549] DEBUG org.eclipse.jetty.io.ManagedSelector -- update org.eclipse.jetty.io.ManagedSelector$CloseConnections@2d093e39
18:14:53.760 [Jetty (JenkinsRule)-549] DEBUG org.eclipse.jetty.io.ManagedSelector -- Closing 0 connections on ManagedSelector@668d08ad{STOPPING} id=1 keys=0 selected=0 updates=0
18:14:53.760 [Jetty (JenkinsRule)-549] DEBUG org.eclipse.jetty.io.ManagedSelector -- updates 0
18:14:53.760 [Jetty (JenkinsRule)-549] DEBUG org.eclipse.jetty.io.ManagedSelector -- Selector sun.nio.ch.KQueueSelectorImpl@3541024b waiting with 0 keys
18:14:53.760 [Executing mockRemoveCredential(org.conjur.jenkins.credentials.ConjurCredentialStoreTest)] DEBUG org.eclipse.jetty.io.ManagedSelector -- Queued change lazy=false org.eclipse.jetty.io.ManagedSelector$StopSelector@36d51f1 on ManagedSelector@668d08ad{STOPPING} id=1 keys=0 selected=0 updates=0
18:14:53.761 [Executing mockRemoveCredential(org.conjur.jenkins.credentials.ConjurCredentialStoreTest)] DEBUG org.eclipse.jetty.io.ManagedSelector -- Wakeup on submit ManagedSelector@668d08ad{STOPPING} id=1 keys=0 selected=0 updates=1
18:14:53.761 [Jetty (JenkinsRule)-549] DEBUG org.eclipse.jetty.io.ManagedSelector -- Selector sun.nio.ch.KQueueSelectorImpl@3541024b woken with none selected
18:14:53.761 [Jetty (JenkinsRule)-549] DEBUG org.eclipse.jetty.io.ManagedSelector -- Selector sun.nio.ch.KQueueSelectorImpl@3541024b woken up from select, 0/0/0 selected
18:14:53.761 [Jetty (JenkinsRule)-549] DEBUG org.eclipse.jetty.io.ManagedSelector -- Selector sun.nio.ch.KQueueSelectorImpl@3541024b processing 0 keys, 1 updates
18:14:53.761 [Jetty (JenkinsRule)-549] DEBUG org.eclipse.jetty.io.ManagedSelector -- updateable 1
18:14:53.761 [Jetty (JenkinsRule)-549] DEBUG org.eclipse.jetty.io.ManagedSelector -- update org.eclipse.jetty.io.ManagedSelector$StopSelector@36d51f1
18:14:53.761 [Jetty (JenkinsRule)-549] DEBUG org.eclipse.jetty.io.ManagedSelector -- updates 0
18:14:53.761 [Jetty (JenkinsRule)-549] DEBUG org.eclipse.jetty.util.thread.QueuedThreadPool -- ran org.eclipse.jetty.io.ManagedSelector$$Lambda$424/0x00000001403801f8@6b9c05e7 in QueuedThreadPool[Jetty (JenkinsRule)]@28c817d{STARTED,8<=10<=200,i=8,r=-1,q=0}[ReservedThreadExecutor@2c1af92{reserved=0/16,pending=0}]
18:14:53.761 [Executing mockRemoveCredential(org.conjur.jenkins.credentials.ConjurCredentialStoreTest)] DEBUG org.eclipse.jetty.util.component.AbstractLifeCycle -- stopping EatWhatYouKill@6ebb873/SelectorProducer@45f7f90/IDLE/p=false/QueuedThreadPool[Jetty (JenkinsRule)]@28c817d{STARTED,8<=10<=200,i=8,r=-1,q=0}[ReservedThreadExecutor@2c1af92{reserved=0/16,pending=0}][pc=0,pic=0,pec=0,epc=0]@2024-10-22T18:14:53.761181+05:30
18:14:53.761 [Executing mockRemoveCredential(org.conjur.jenkins.credentials.ConjurCredentialStoreTest)] DEBUG org.eclipse.jetty.util.component.AbstractLifeCycle -- STOPPED EatWhatYouKill@6ebb873/SelectorProducer@45f7f90/IDLE/p=false/QueuedThreadPool[Jetty (JenkinsRule)]@28c817d{STARTED,8<=10<=200,i=9,r=-1,q=0}[ReservedThreadExecutor@2c1af92{reserved=0/16,pending=0}][pc=0,pic=0,pec=0,epc=0]@2024-10-22T18:14:53.761236+05:30
18:14:53.761 [Executing mockRemoveCredential(org.conjur.jenkins.credentials.ConjurCredentialStoreTest)] DEBUG org.eclipse.jetty.util.component.AbstractLifeCycle -- STOPPED ManagedSelector@668d08ad{STOPPED} id=1 keys=-1 selected=-1 updates=0
18:14:53.761 [Executing mockRemoveCredential(org.conjur.jenkins.credentials.ConjurCredentialStoreTest)] DEBUG org.eclipse.jetty.util.component.AbstractLifeCycle -- stopping ManagedSelector@7418b72e{STARTED} id=0 keys=0 selected=0 updates=0
18:14:53.761 [Executing mockRemoveCredential(org.conjur.jenkins.credentials.ConjurCredentialStoreTest)] DEBUG org.eclipse.jetty.io.ManagedSelector -- Queued change lazy=false org.eclipse.jetty.io.ManagedSelector$CloseConnections@7cd19c44 on ManagedSelector@7418b72e{STOPPING} id=0 keys=0 selected=0 updates=0
18:14:53.761 [Executing mockRemoveCredential(org.conjur.jenkins.credentials.ConjurCredentialStoreTest)] DEBUG org.eclipse.jetty.io.ManagedSelector -- Wakeup on submit ManagedSelector@7418b72e{STOPPING} id=0 keys=0 selected=0 updates=1
18:14:53.761 [Jetty (JenkinsRule)-548] DEBUG org.eclipse.jetty.io.ManagedSelector -- Selector sun.nio.ch.KQueueSelectorImpl@298e31b5 woken with none selected
18:14:53.761 [Jetty (JenkinsRule)-548] DEBUG org.eclipse.jetty.io.ManagedSelector -- Selector sun.nio.ch.KQueueSelectorImpl@298e31b5 woken up from select, 0/0/0 selected
18:14:53.761 [Jetty (JenkinsRule)-548] DEBUG org.eclipse.jetty.io.ManagedSelector -- Selector sun.nio.ch.KQueueSelectorImpl@298e31b5 processing 0 keys, 1 updates
18:14:53.761 [Jetty (JenkinsRule)-548] DEBUG org.eclipse.jetty.io.ManagedSelector -- updateable 1
18:14:53.761 [Jetty (JenkinsRule)-548] DEBUG org.eclipse.jetty.io.ManagedSelector -- update org.eclipse.jetty.io.ManagedSelector$CloseConnections@7cd19c44
18:14:53.761 [Jetty (JenkinsRule)-548] DEBUG org.eclipse.jetty.io.ManagedSelector -- Closing 0 connections on ManagedSelector@7418b72e{STOPPING} id=0 keys=0 selected=0 updates=0
18:14:53.761 [Jetty (JenkinsRule)-548] DEBUG org.eclipse.jetty.io.ManagedSelector -- updates 0
18:14:53.761 [Jetty (JenkinsRule)-548] DEBUG org.eclipse.jetty.io.ManagedSelector -- Selector sun.nio.ch.KQueueSelectorImpl@298e31b5 waiting with 0 keys
18:14:53.761 [Executing mockRemoveCredential(org.conjur.jenkins.credentials.ConjurCredentialStoreTest)] DEBUG org.eclipse.jetty.io.ManagedSelector -- Queued change lazy=false org.eclipse.jetty.io.ManagedSelector$StopSelector@35d35cf7 on ManagedSelector@7418b72e{STOPPING} id=0 keys=0 selected=0 updates=0
18:14:53.761 [Executing mockRemoveCredential(org.conjur.jenkins.credentials.ConjurCredentialStoreTest)] DEBUG org.eclipse.jetty.io.ManagedSelector -- Wakeup on submit ManagedSelector@7418b72e{STOPPING} id=0 keys=0 selected=0 updates=1
18:14:53.761 [Jetty (JenkinsRule)-548] DEBUG org.eclipse.jetty.io.ManagedSelector -- Selector sun.nio.ch.KQueueSelectorImpl@298e31b5 woken with none selected
18:14:53.761 [Jetty (JenkinsRule)-548] DEBUG org.eclipse.jetty.io.ManagedSelector -- Selector sun.nio.ch.KQueueSelectorImpl@298e31b5 woken up from select, 0/0/0 selected
18:14:53.761 [Jetty (JenkinsRule)-548] DEBUG org.eclipse.jetty.io.ManagedSelector -- Selector sun.nio.ch.KQueueSelectorImpl@298e31b5 processing 0 keys, 1 updates
18:14:53.761 [Jetty (JenkinsRule)-548] DEBUG org.eclipse.jetty.io.ManagedSelector -- updateable 1
18:14:53.761 [Jetty (JenkinsRule)-548] DEBUG org.eclipse.jetty.io.ManagedSelector -- update org.eclipse.jetty.io.ManagedSelector$StopSelector@35d35cf7
18:14:53.761 [Jetty (JenkinsRule)-548] DEBUG org.eclipse.jetty.io.ManagedSelector -- updates 0
18:14:53.761 [Executing mockRemoveCredential(org.conjur.jenkins.credentials.ConjurCredentialStoreTest)] DEBUG org.eclipse.jetty.util.component.AbstractLifeCycle -- stopping EatWhatYouKill@42f819df/SelectorProducer@38cb4f71/PRODUCING/p=false/QueuedThreadPool[Jetty (JenkinsRule)]@28c817d{STARTED,8<=10<=200,i=9,r=-1,q=0}[ReservedThreadExecutor@2c1af92{reserved=0/16,pending=0}][pc=0,pic=0,pec=0,epc=0]@2024-10-22T18:14:53.761566+05:30
18:14:53.761 [Jetty (JenkinsRule)-548] DEBUG org.eclipse.jetty.util.thread.QueuedThreadPool -- ran org.eclipse.jetty.io.ManagedSelector$$Lambda$424/0x00000001403801f8@4b5cc225 in QueuedThreadPool[Jetty (JenkinsRule)]@28c817d{STARTED,8<=10<=200,i=9,r=-1,q=0}[ReservedThreadExecutor@2c1af92{reserved=0/16,pending=0}]
18:14:53.761 [Executing mockRemoveCredential(org.conjur.jenkins.credentials.ConjurCredentialStoreTest)] DEBUG org.eclipse.jetty.util.component.AbstractLifeCycle -- STOPPED EatWhatYouKill@42f819df/SelectorProducer@38cb4f71/IDLE/p=false/QueuedThreadPool[Jetty (JenkinsRule)]@28c817d{STARTED,8<=10<=200,i=9,r=-1,q=0}[ReservedThreadExecutor@2c1af92{reserved=0/16,pending=0}][pc=0,pic=0,pec=0,epc=0]@2024-10-22T18:14:53.761621+05:30
18:14:53.761 [Executing mockRemoveCredential(org.conjur.jenkins.credentials.ConjurCredentialStoreTest)] DEBUG org.eclipse.jetty.util.component.AbstractLifeCycle -- STOPPED ManagedSelector@7418b72e{STOPPED} id=0 keys=-1 selected=-1 updates=0
18:14:53.761 [Executing mockRemoveCredential(org.conjur.jenkins.credentials.ConjurCredentialStoreTest)] DEBUG org.eclipse.jetty.util.component.AbstractLifeCycle -- STOPPED SelectorManager@ServerConnector@50917ce8{HTTP/1.1, (http/1.1)}{localhost:0}
18:14:53.761 [Executing mockRemoveCredential(org.conjur.jenkins.credentials.ConjurCredentialStoreTest)] DEBUG org.eclipse.jetty.util.component.AbstractLifeCycle -- stopping HttpConnectionFactory@58c830f8[HTTP/1.1]
18:14:53.761 [Executing mockRemoveCredential(org.conjur.jenkins.credentials.ConjurCredentialStoreTest)] DEBUG org.eclipse.jetty.util.component.AbstractLifeCycle -- STOPPED HttpConnectionFactory@58c830f8[HTTP/1.1]
18:14:53.761 [Executing mockRemoveCredential(org.conjur.jenkins.credentials.ConjurCredentialStoreTest)] DEBUG org.eclipse.jetty.util.component.AbstractLifeCycle -- stopping ScheduledExecutorScheduler@2741d225{STARTED}
18:14:53.761 [Executing mockRemoveCredential(org.conjur.jenkins.credentials.ConjurCredentialStoreTest)] DEBUG org.eclipse.jetty.util.component.AbstractLifeCycle -- STOPPED ScheduledExecutorScheduler@2741d225{STOPPED}
18:14:53.761 [Executing mockRemoveCredential(org.conjur.jenkins.credentials.ConjurCredentialStoreTest)] INFO org.eclipse.jetty.server.AbstractConnector -- Stopped ServerConnector@50917ce8{HTTP/1.1, (http/1.1)}{localhost:0}
18:14:53.761 [Executing mockRemoveCredential(org.conjur.jenkins.credentials.ConjurCredentialStoreTest)] DEBUG org.eclipse.jetty.util.component.AbstractLifeCycle -- STOPPED ServerConnector@50917ce8{HTTP/1.1, (http/1.1)}{localhost:0}
18:14:53.761 [Executing mockRemoveCredential(org.conjur.jenkins.credentials.ConjurCredentialStoreTest)] DEBUG org.eclipse.jetty.server.handler.AbstractHandler -- stopping Server@43b18b46{STOPPING}[9.4.48.v20220622]
18:14:53.761 [Executing mockRemoveCredential(org.conjur.jenkins.credentials.ConjurCredentialStoreTest)] DEBUG org.eclipse.jetty.util.component.AbstractLifeCycle -- stopping DefaultSessionIdManager@35ba1d1a{STARTED}[worker=node0]
18:14:53.761 [Executing mockRemoveCredential(org.conjur.jenkins.credentials.ConjurCredentialStoreTest)] DEBUG org.eclipse.jetty.util.component.AbstractLifeCycle -- stopping HouseKeeper@3c273a86{STARTED}[interval=660000, ownscheduler=true]
18:14:53.761 [Executing mockRemoveCredential(org.conjur.jenkins.credentials.ConjurCredentialStoreTest)] INFO org.eclipse.jetty.server.session -- node0 Stopped scavenging
18:14:53.761 [Executing mockRemoveCredential(org.conjur.jenkins.credentials.ConjurCredentialStoreTest)] DEBUG org.eclipse.jetty.util.component.AbstractLifeCycle -- stopping ScheduledExecutorScheduler@736f3106{STARTED}
18:14:53.761 [Executing mockRemoveCredential(org.conjur.jenkins.credentials.ConjurCredentialStoreTest)] DEBUG org.eclipse.jetty.util.component.AbstractLifeCycle -- STOPPED ScheduledExecutorScheduler@736f3106{STOPPED}
18:14:53.761 [Executing mockRemoveCredential(org.conjur.jenkins.credentials.ConjurCredentialStoreTest)] DEBUG org.eclipse.jetty.util.component.AbstractLifeCycle -- STOPPED HouseKeeper@3c273a86{STOPPED}[interval=660000, ownscheduler=false]
18:14:53.761 [Executing mockRemoveCredential(org.conjur.jenkins.credentials.ConjurCredentialStoreTest)] DEBUG org.eclipse.jetty.util.component.AbstractLifeCycle -- STOPPED DefaultSessionIdManager@35ba1d1a{STOPPED}[worker=node0]
18:14:53.761 [Executing mockRemoveCredential(org.conjur.jenkins.credentials.ConjurCredentialStoreTest)] DEBUG org.eclipse.jetty.util.component.AbstractLifeCycle -- stopping ErrorHandler@596cee6b{STARTED}
18:14:53.761 [Executing mockRemoveCredential(org.conjur.jenkins.credentials.ConjurCredentialStoreTest)] DEBUG org.eclipse.jetty.server.handler.AbstractHandler -- stopping ErrorHandler@596cee6b{STOPPING}
18:14:53.761 [Executing mockRemoveCredential(org.conjur.jenkins.credentials.ConjurCredentialStoreTest)] DEBUG org.eclipse.jetty.util.component.AbstractLifeCycle -- STOPPED ErrorHandler@596cee6b{STOPPED}
18:14:53.761 [Executing mockRemoveCredential(org.conjur.jenkins.credentials.ConjurCredentialStoreTest)] DEBUG org.eclipse.jetty.util.component.AbstractLifeCycle -- stopping o.e.j.w.WebAppContext@1459f2fa{Jenkins v2.346.3,/jenkins,file:///Users/sameer.shaik/MyWorkSpace/17OctV2.2.3-New-BitBucketIssueFixed/conjur-credentials-plugin/target/jenkins-for-test/,SHUTDOWN}{/Users/sameer.shaik/MyWorkSpace/17OctV2.2.3-New-BitBucketIssueFixed/conjur-credentials-plugin/target/jenkins-for-test}
18:14:53.761 [Executing mockRemoveCredential(org.conjur.jenkins.credentials.ConjurCredentialStoreTest)] DEBUG org.eclipse.jetty.server.handler.AbstractHandlerContainer -- Graceful shutdown o.e.j.w.WebAppContext@1459f2fa{Jenkins v2.346.3,/jenkins,file:///Users/sameer.shaik/MyWorkSpace/17OctV2.2.3-New-BitBucketIssueFixed/conjur-credentials-plugin/target/jenkins-for-test/,SHUTDOWN}{/Users/sameer.shaik/MyWorkSpace/17OctV2.2.3-New-BitBucketIssueFixed/conjur-credentials-plugin/target/jenkins-for-test} by 
18:14:53.761 [Executing mockRemoveCredential(org.conjur.jenkins.credentials.ConjurCredentialStoreTest)] DEBUG org.eclipse.jetty.server.handler.AbstractHandler -- stopping o.e.j.w.WebAppContext@1459f2fa{Jenkins v2.346.3,/jenkins,file:///Users/sameer.shaik/MyWorkSpace/17OctV2.2.3-New-BitBucketIssueFixed/conjur-credentials-plugin/target/jenkins-for-test/,STOPPED}{/Users/sameer.shaik/MyWorkSpace/17OctV2.2.3-New-BitBucketIssueFixed/conjur-credentials-plugin/target/jenkins-for-test}
18:14:53.762 [Executing mockRemoveCredential(org.conjur.jenkins.credentials.ConjurCredentialStoreTest)] DEBUG org.eclipse.jetty.util.component.AbstractLifeCycle -- stopping NoListenerConfiguration@31a5dea{STARTED}
18:14:53.762 [Executing mockRemoveCredential(org.conjur.jenkins.credentials.ConjurCredentialStoreTest)] DEBUG org.eclipse.jetty.util.component.AbstractLifeCycle -- STOPPED NoListenerConfiguration@31a5dea{STOPPED}
18:14:53.762 [Executing mockRemoveCredential(org.conjur.jenkins.credentials.ConjurCredentialStoreTest)] DEBUG org.eclipse.jetty.util.component.AbstractLifeCycle -- stopping ErrorPageErrorHandler@27d0ab2e{STARTED}
18:14:53.762 [Executing mockRemoveCredential(org.conjur.jenkins.credentials.ConjurCredentialStoreTest)] DEBUG org.eclipse.jetty.server.handler.AbstractHandler -- stopping ErrorPageErrorHandler@27d0ab2e{STOPPING}
18:14:53.762 [Executing mockRemoveCredential(org.conjur.jenkins.credentials.ConjurCredentialStoreTest)] DEBUG org.eclipse.jetty.util.component.AbstractLifeCycle -- STOPPED ErrorPageErrorHandler@27d0ab2e{STOPPED}
18:14:53.762 [Executing mockRemoveCredential(org.conjur.jenkins.credentials.ConjurCredentialStoreTest)] DEBUG org.eclipse.jetty.util.component.AbstractLifeCycle -- stopping org.eclipse.jetty.server.session.SessionHandler597586953==dftMaxIdleSec=1800
18:14:53.762 [Executing mockRemoveCredential(org.conjur.jenkins.credentials.ConjurCredentialStoreTest)] DEBUG org.eclipse.jetty.server.session -- Shutdown sessions, invalidating = false
18:14:53.762 [Executing mockRemoveCredential(org.conjur.jenkins.credentials.ConjurCredentialStoreTest)] DEBUG org.eclipse.jetty.util.component.AbstractLifeCycle -- stopping org.eclipse.jetty.server.session.DefaultSessionCache@349f730f[evict=-1,removeUnloadable=false,saveOnCreate=false,saveOnInactiveEvict=false]
18:14:53.762 [Executing mockRemoveCredential(org.conjur.jenkins.credentials.ConjurCredentialStoreTest)] DEBUG org.eclipse.jetty.util.component.AbstractLifeCycle -- stopping org.eclipse.jetty.server.session.NullSessionDataStore@533ee8cb[passivating=false,graceSec=3600]
18:14:53.762 [Executing mockRemoveCredential(org.conjur.jenkins.credentials.ConjurCredentialStoreTest)] DEBUG org.eclipse.jetty.util.component.AbstractLifeCycle -- STOPPED org.eclipse.jetty.server.session.NullSessionDataStore@533ee8cb[passivating=false,graceSec=3600]
18:14:53.762 [Executing mockRemoveCredential(org.conjur.jenkins.credentials.ConjurCredentialStoreTest)] DEBUG org.eclipse.jetty.util.component.AbstractLifeCycle -- STOPPED org.eclipse.jetty.server.session.DefaultSessionCache@349f730f[evict=-1,removeUnloadable=false,saveOnCreate=false,saveOnInactiveEvict=false]
18:14:53.762 [Executing mockRemoveCredential(org.conjur.jenkins.credentials.ConjurCredentialStoreTest)] DEBUG org.eclipse.jetty.util.component.AbstractLifeCycle -- stopping ScheduledExecutorScheduler@32047231{STARTED}
18:14:53.762 [Executing mockRemoveCredential(org.conjur.jenkins.credentials.ConjurCredentialStoreTest)] DEBUG org.eclipse.jetty.util.component.AbstractLifeCycle -- STOPPED ScheduledExecutorScheduler@32047231{STOPPED}
18:14:53.762 [Executing mockRemoveCredential(org.conjur.jenkins.credentials.ConjurCredentialStoreTest)] DEBUG org.eclipse.jetty.server.handler.AbstractHandler -- stopping org.eclipse.jetty.server.session.SessionHandler597586953==dftMaxIdleSec=1800
18:14:53.762 [Executing mockRemoveCredential(org.conjur.jenkins.credentials.ConjurCredentialStoreTest)] DEBUG org.eclipse.jetty.util.component.AbstractLifeCycle -- stopping ConstraintSecurityHandler@780b8ca2{STARTED}
18:14:53.762 [Executing mockRemoveCredential(org.conjur.jenkins.credentials.ConjurCredentialStoreTest)] DEBUG org.eclipse.jetty.server.handler.AbstractHandler -- stopping ConstraintSecurityHandler@780b8ca2{STOPPING}
18:14:53.762 [Executing mockRemoveCredential(org.conjur.jenkins.credentials.ConjurCredentialStoreTest)] DEBUG org.eclipse.jetty.util.component.AbstractLifeCycle -- stopping HashLoginService@5a463617[default]
18:14:53.762 [Executing mockRemoveCredential(org.conjur.jenkins.credentials.ConjurCredentialStoreTest)] DEBUG org.eclipse.jetty.util.component.AbstractLifeCycle -- stopping UserStore@7a6e3289{STARTED}
18:14:53.762 [Executing mockRemoveCredential(org.conjur.jenkins.credentials.ConjurCredentialStoreTest)] DEBUG org.eclipse.jetty.util.component.AbstractLifeCycle -- STOPPED UserStore@7a6e3289{STOPPED}
18:14:53.762 [Executing mockRemoveCredential(org.conjur.jenkins.credentials.ConjurCredentialStoreTest)] DEBUG org.eclipse.jetty.util.component.AbstractLifeCycle -- STOPPED HashLoginService@5a463617[default]
18:14:53.762 [Executing mockRemoveCredential(org.conjur.jenkins.credentials.ConjurCredentialStoreTest)] DEBUG org.eclipse.jetty.util.component.AbstractLifeCycle -- stopping ServletHandler@77bea7ec{STARTED}
18:14:53.763 [Executing mockRemoveCredential(org.conjur.jenkins.credentials.ConjurCredentialStoreTest)] DEBUG org.eclipse.jetty.server.handler.AbstractHandler -- stopping ServletHandler@77bea7ec{STOPPING}
18:14:53.763 [Executing mockRemoveCredential(org.conjur.jenkins.credentials.ConjurCredentialStoreTest)] DEBUG org.eclipse.jetty.util.component.AbstractLifeCycle -- stopping plugins-filter==hudson.util.PluginServletFilter@1ccf45ab{inst=true,async=true,src=DESCRIPTOR:file:///Users/sameer.shaik/MyWorkSpace/17OctV2.2.3-New-BitBucketIssueFixed/conjur-credentials-plugin/target/jenkins-for-test/WEB-INF/web.xml}
18:14:53.763 [Executing mockRemoveCredential(org.conjur.jenkins.credentials.ConjurCredentialStoreTest)] DEBUG org.eclipse.jetty.util.component.AbstractLifeCycle -- STOPPED plugins-filter==hudson.util.PluginServletFilter@1ccf45ab{inst=false,async=true,src=DESCRIPTOR:file:///Users/sameer.shaik/MyWorkSpace/17OctV2.2.3-New-BitBucketIssueFixed/conjur-credentials-plugin/target/jenkins-for-test/WEB-INF/web.xml}
18:14:53.763 [Executing mockRemoveCredential(org.conjur.jenkins.credentials.ConjurCredentialStoreTest)] DEBUG org.eclipse.jetty.util.component.AbstractLifeCycle -- stopping csrf-filter==hudson.security.csrf.CrumbFilter@361a2b9c{inst=true,async=true,src=DESCRIPTOR:file:///Users/sameer.shaik/MyWorkSpace/17OctV2.2.3-New-BitBucketIssueFixed/conjur-credentials-plugin/target/jenkins-for-test/WEB-INF/web.xml}
18:14:53.763 [Executing mockRemoveCredential(org.conjur.jenkins.credentials.ConjurCredentialStoreTest)] DEBUG org.eclipse.jetty.util.component.AbstractLifeCycle -- STOPPED csrf-filter==hudson.security.csrf.CrumbFilter@361a2b9c{inst=false,async=true,src=DESCRIPTOR:file:///Users/sameer.shaik/MyWorkSpace/17OctV2.2.3-New-BitBucketIssueFixed/conjur-credentials-plugin/target/jenkins-for-test/WEB-INF/web.xml}
18:14:53.763 [Executing mockRemoveCredential(org.conjur.jenkins.credentials.ConjurCredentialStoreTest)] DEBUG org.eclipse.jetty.util.component.AbstractLifeCycle -- stopping authentication-filter==hudson.security.HudsonFilter@58a4ff91{inst=true,async=true,src=DESCRIPTOR:file:///Users/sameer.shaik/MyWorkSpace/17OctV2.2.3-New-BitBucketIssueFixed/conjur-credentials-plugin/target/jenkins-for-test/WEB-INF/web.xml}
18:14:53.763 [Executing mockRemoveCredential(org.conjur.jenkins.credentials.ConjurCredentialStoreTest)] DEBUG org.eclipse.jetty.util.component.AbstractLifeCycle -- STOPPED authentication-filter==hudson.security.HudsonFilter@58a4ff91{inst=false,async=true,src=DESCRIPTOR:file:///Users/sameer.shaik/MyWorkSpace/17OctV2.2.3-New-BitBucketIssueFixed/conjur-credentials-plugin/target/jenkins-for-test/WEB-INF/web.xml}
18:14:53.763 [Executing mockRemoveCredential(org.conjur.jenkins.credentials.ConjurCredentialStoreTest)] DEBUG org.eclipse.jetty.util.component.AbstractLifeCycle -- stopping compression-filter==org.kohsuke.stapler.compression.CompressionFilter@1178db0f{inst=true,async=true,src=DESCRIPTOR:file:///Users/sameer.shaik/MyWorkSpace/17OctV2.2.3-New-BitBucketIssueFixed/conjur-credentials-plugin/target/jenkins-for-test/WEB-INF/web.xml}
18:14:53.763 [Executing mockRemoveCredential(org.conjur.jenkins.credentials.ConjurCredentialStoreTest)] DEBUG org.eclipse.jetty.util.component.AbstractLifeCycle -- STOPPED compression-filter==org.kohsuke.stapler.compression.CompressionFilter@1178db0f{inst=false,async=true,src=DESCRIPTOR:file:///Users/sameer.shaik/MyWorkSpace/17OctV2.2.3-New-BitBucketIssueFixed/conjur-credentials-plugin/target/jenkins-for-test/WEB-INF/web.xml}
18:14:53.763 [Executing mockRemoveCredential(org.conjur.jenkins.credentials.ConjurCredentialStoreTest)] DEBUG org.eclipse.jetty.util.component.AbstractLifeCycle -- stopping encoding-filter==hudson.util.CharacterEncodingFilter@e848f63{inst=true,async=true,src=DESCRIPTOR:file:///Users/sameer.shaik/MyWorkSpace/17OctV2.2.3-New-BitBucketIssueFixed/conjur-credentials-plugin/target/jenkins-for-test/WEB-INF/web.xml}
18:14:53.763 [Executing mockRemoveCredential(org.conjur.jenkins.credentials.ConjurCredentialStoreTest)] DEBUG org.eclipse.jetty.util.component.AbstractLifeCycle -- STOPPED encoding-filter==hudson.util.CharacterEncodingFilter@e848f63{inst=false,async=true,src=DESCRIPTOR:file:///Users/sameer.shaik/MyWorkSpace/17OctV2.2.3-New-BitBucketIssueFixed/conjur-credentials-plugin/target/jenkins-for-test/WEB-INF/web.xml}
18:14:53.763 [Executing mockRemoveCredential(org.conjur.jenkins.credentials.ConjurCredentialStoreTest)] DEBUG org.eclipse.jetty.util.component.AbstractLifeCycle -- stopping diagnostic-name-filter==org.kohsuke.stapler.DiagnosticThreadNameFilter@2b28bf16{inst=true,async=true,src=DESCRIPTOR:file:///Users/sameer.shaik/MyWorkSpace/17OctV2.2.3-New-BitBucketIssueFixed/conjur-credentials-plugin/target/jenkins-for-test/WEB-INF/web.xml}
18:14:53.763 [Executing mockRemoveCredential(org.conjur.jenkins.credentials.ConjurCredentialStoreTest)] DEBUG org.eclipse.jetty.util.component.AbstractLifeCycle -- STOPPED diagnostic-name-filter==org.kohsuke.stapler.DiagnosticThreadNameFilter@2b28bf16{inst=false,async=true,src=DESCRIPTOR:file:///Users/sameer.shaik/MyWorkSpace/17OctV2.2.3-New-BitBucketIssueFixed/conjur-credentials-plugin/target/jenkins-for-test/WEB-INF/web.xml}
18:14:53.763 [Executing mockRemoveCredential(org.conjur.jenkins.credentials.ConjurCredentialStoreTest)] DEBUG org.eclipse.jetty.util.component.AbstractLifeCycle -- stopping suspicious-request-filter==jenkins.security.SuspiciousRequestFilter@248da302{inst=true,async=true,src=DESCRIPTOR:file:///Users/sameer.shaik/MyWorkSpace/17OctV2.2.3-New-BitBucketIssueFixed/conjur-credentials-plugin/target/jenkins-for-test/WEB-INF/web.xml}
18:14:53.763 [Executing mockRemoveCredential(org.conjur.jenkins.credentials.ConjurCredentialStoreTest)] DEBUG org.eclipse.jetty.util.component.AbstractLifeCycle -- STOPPED suspicious-request-filter==jenkins.security.SuspiciousRequestFilter@248da302{inst=false,async=true,src=DESCRIPTOR:file:///Users/sameer.shaik/MyWorkSpace/17OctV2.2.3-New-BitBucketIssueFixed/conjur-credentials-plugin/target/jenkins-for-test/WEB-INF/web.xml}
18:14:53.763 [Executing mockRemoveCredential(org.conjur.jenkins.credentials.ConjurCredentialStoreTest)] DEBUG org.eclipse.jetty.util.component.AbstractLifeCycle -- stopping Stapler==org.kohsuke.stapler.Stapler@f222d1a9{jsp=null,order=-1,inst=false,async=true,src=DESCRIPTOR:file:///Users/sameer.shaik/MyWorkSpace/17OctV2.2.3-New-BitBucketIssueFixed/conjur-credentials-plugin/target/jenkins-for-test/WEB-INF/web.xml,STARTED}
18:14:53.763 [Executing mockRemoveCredential(org.conjur.jenkins.credentials.ConjurCredentialStoreTest)] DEBUG org.eclipse.jetty.util.component.AbstractLifeCycle -- STOPPED Stapler==org.kohsuke.stapler.Stapler@f222d1a9{jsp=null,order=-1,inst=false,async=true,src=DESCRIPTOR:file:///Users/sameer.shaik/MyWorkSpace/17OctV2.2.3-New-BitBucketIssueFixed/conjur-credentials-plugin/target/jenkins-for-test/WEB-INF/web.xml,STOPPED}
18:14:53.763 [Executing mockRemoveCredential(org.conjur.jenkins.credentials.ConjurCredentialStoreTest)] DEBUG org.eclipse.jetty.util.component.AbstractLifeCycle -- stopping jsp==org.eclipse.jetty.servlet.NoJspServlet@19c47{jsp=null,order=0,inst=true,async=false,src=DESCRIPTOR:jar:file:/Users/sameer.shaik/.m2/repository/org/eclipse/jetty/jetty-webapp/9.4.48.v20220622/jetty-webapp-9.4.48.v20220622.jar!/org/eclipse/jetty/webapp/webdefault.xml,STARTED}
18:14:53.763 [Executing mockRemoveCredential(org.conjur.jenkins.credentials.ConjurCredentialStoreTest)] DEBUG org.eclipse.jetty.util.component.AbstractLifeCycle -- STOPPED jsp==org.eclipse.jetty.servlet.NoJspServlet@19c47{jsp=null,order=0,inst=false,async=false,src=DESCRIPTOR:jar:file:/Users/sameer.shaik/.m2/repository/org/eclipse/jetty/jetty-webapp/9.4.48.v20220622/jetty-webapp-9.4.48.v20220622.jar!/org/eclipse/jetty/webapp/webdefault.xml,STOPPED}
18:14:53.763 [Executing mockRemoveCredential(org.conjur.jenkins.credentials.ConjurCredentialStoreTest)] DEBUG org.eclipse.jetty.util.component.AbstractLifeCycle -- stopping default==org.eclipse.jetty.servlet.DefaultServlet@5c13d641{jsp=null,order=0,inst=true,async=false,src=DESCRIPTOR:jar:file:/Users/sameer.shaik/.m2/repository/org/eclipse/jetty/jetty-webapp/9.4.48.v20220622/jetty-webapp-9.4.48.v20220622.jar!/org/eclipse/jetty/webapp/webdefault.xml,STARTED}
18:14:53.763 [Executing mockRemoveCredential(org.conjur.jenkins.credentials.ConjurCredentialStoreTest)] DEBUG org.eclipse.jetty.util.component.AbstractLifeCycle -- STOPPED default==org.eclipse.jetty.servlet.DefaultServlet@5c13d641{jsp=null,order=0,inst=false,async=false,src=DESCRIPTOR:jar:file:/Users/sameer.shaik/.m2/repository/org/eclipse/jetty/jetty-webapp/9.4.48.v20220622/jetty-webapp-9.4.48.v20220622.jar!/org/eclipse/jetty/webapp/webdefault.xml,STOPPED}
18:14:53.763 [Executing mockRemoveCredential(org.conjur.jenkins.credentials.ConjurCredentialStoreTest)] DEBUG org.eclipse.jetty.server.handler.ContextHandler -- contextDestroyed: javax.servlet.ServletContextEvent[source=ServletContext@o.e.j.w.WebAppContext@1459f2fa{Jenkins v2.346.3,/jenkins,file:///Users/sameer.shaik/MyWorkSpace/17OctV2.2.3-New-BitBucketIssueFixed/conjur-credentials-plugin/target/jenkins-for-test/,STOPPED}{/Users/sameer.shaik/MyWorkSpace/17OctV2.2.3-New-BitBucketIssueFixed/conjur-credentials-plugin/target/jenkins-for-test}]->jenkins.util.SystemProperties$Listener@47e683a3
18:14:53.763 [Executing mockRemoveCredential(org.conjur.jenkins.credentials.ConjurCredentialStoreTest)] DEBUG org.eclipse.jetty.server.handler.ContextHandler -- contextDestroyed: javax.servlet.ServletContextEvent[source=ServletContext@o.e.j.w.WebAppContext@1459f2fa{Jenkins v2.346.3,/jenkins,file:///Users/sameer.shaik/MyWorkSpace/17OctV2.2.3-New-BitBucketIssueFixed/conjur-credentials-plugin/target/jenkins-for-test/,STOPPED}{/Users/sameer.shaik/MyWorkSpace/17OctV2.2.3-New-BitBucketIssueFixed/conjur-credentials-plugin/target/jenkins-for-test}]->org.eclipse.jetty.servlet.listener.IntrospectorCleaner@64d877a0
18:14:53.763 [Executing mockRemoveCredential(org.conjur.jenkins.credentials.ConjurCredentialStoreTest)] DEBUG org.eclipse.jetty.server.handler.ContextHandler -- contextDestroyed: javax.servlet.ServletContextEvent[source=ServletContext@o.e.j.w.WebAppContext@1459f2fa{Jenkins v2.346.3,/jenkins,file:///Users/sameer.shaik/MyWorkSpace/17OctV2.2.3-New-BitBucketIssueFixed/conjur-credentials-plugin/target/jenkins-for-test/,STOPPED}{/Users/sameer.shaik/MyWorkSpace/17OctV2.2.3-New-BitBucketIssueFixed/conjur-credentials-plugin/target/jenkins-for-test}]->org.eclipse.jetty.servlet.listener.ELContextCleaner@755c16c0
18:14:53.763 [Executing mockRemoveCredential(org.conjur.jenkins.credentials.ConjurCredentialStoreTest)] DEBUG org.eclipse.jetty.util.component.AbstractLifeCycle -- stopping jenkins.JenkinsHttpSessionListener@57fb0a37{src=DESCRIPTOR:file:///Users/sameer.shaik/MyWorkSpace/17OctV2.2.3-New-BitBucketIssueFixed/conjur-credentials-plugin/target/jenkins-for-test/WEB-INF/web.xml}
18:14:53.763 [Executing mockRemoveCredential(org.conjur.jenkins.credentials.ConjurCredentialStoreTest)] DEBUG org.eclipse.jetty.util.component.AbstractLifeCycle -- STOPPED jenkins.JenkinsHttpSessionListener@57fb0a37{src=DESCRIPTOR:file:///Users/sameer.shaik/MyWorkSpace/17OctV2.2.3-New-BitBucketIssueFixed/conjur-credentials-plugin/target/jenkins-for-test/WEB-INF/web.xml}
18:14:53.763 [Executing mockRemoveCredential(org.conjur.jenkins.credentials.ConjurCredentialStoreTest)] DEBUG org.eclipse.jetty.util.component.AbstractLifeCycle -- stopping hudson.WebAppMain@1ec747bd{src=DESCRIPTOR:file:///Users/sameer.shaik/MyWorkSpace/17OctV2.2.3-New-BitBucketIssueFixed/conjur-credentials-plugin/target/jenkins-for-test/WEB-INF/web.xml}
18:14:53.763 [Executing mockRemoveCredential(org.conjur.jenkins.credentials.ConjurCredentialStoreTest)] DEBUG org.eclipse.jetty.util.component.AbstractLifeCycle -- STOPPED hudson.WebAppMain@1ec747bd{src=DESCRIPTOR:file:///Users/sameer.shaik/MyWorkSpace/17OctV2.2.3-New-BitBucketIssueFixed/conjur-credentials-plugin/target/jenkins-for-test/WEB-INF/web.xml}
18:14:53.763 [Executing mockRemoveCredential(org.conjur.jenkins.credentials.ConjurCredentialStoreTest)] DEBUG org.eclipse.jetty.util.component.AbstractLifeCycle -- stopping jenkins.util.SystemProperties$Listener@486685{src=DESCRIPTOR:file:///Users/sameer.shaik/MyWorkSpace/17OctV2.2.3-New-BitBucketIssueFixed/conjur-credentials-plugin/target/jenkins-for-test/WEB-INF/web.xml}
18:14:53.763 [Executing mockRemoveCredential(org.conjur.jenkins.credentials.ConjurCredentialStoreTest)] DEBUG org.eclipse.jetty.util.component.AbstractLifeCycle -- STOPPED jenkins.util.SystemProperties$Listener@486685{src=DESCRIPTOR:file:///Users/sameer.shaik/MyWorkSpace/17OctV2.2.3-New-BitBucketIssueFixed/conjur-credentials-plugin/target/jenkins-for-test/WEB-INF/web.xml}
18:14:53.763 [Executing mockRemoveCredential(org.conjur.jenkins.credentials.ConjurCredentialStoreTest)] DEBUG org.eclipse.jetty.util.component.AbstractLifeCycle -- stopping org.eclipse.jetty.servlet.listener.IntrospectorCleaner@60be97ab{src=DESCRIPTOR:jar:file:/Users/sameer.shaik/.m2/repository/org/eclipse/jetty/jetty-webapp/9.4.48.v20220622/jetty-webapp-9.4.48.v20220622.jar!/org/eclipse/jetty/webapp/webdefault.xml}
18:14:53.763 [Executing mockRemoveCredential(org.conjur.jenkins.credentials.ConjurCredentialStoreTest)] DEBUG org.eclipse.jetty.util.component.AbstractLifeCycle -- STOPPED org.eclipse.jetty.servlet.listener.IntrospectorCleaner@60be97ab{src=DESCRIPTOR:jar:file:/Users/sameer.shaik/.m2/repository/org/eclipse/jetty/jetty-webapp/9.4.48.v20220622/jetty-webapp-9.4.48.v20220622.jar!/org/eclipse/jetty/webapp/webdefault.xml}
18:14:53.763 [Executing mockRemoveCredential(org.conjur.jenkins.credentials.ConjurCredentialStoreTest)] DEBUG org.eclipse.jetty.util.component.AbstractLifeCycle -- stopping org.eclipse.jetty.servlet.listener.ELContextCleaner@3e6ee379{src=DESCRIPTOR:jar:file:/Users/sameer.shaik/.m2/repository/org/eclipse/jetty/jetty-webapp/9.4.48.v20220622/jetty-webapp-9.4.48.v20220622.jar!/org/eclipse/jetty/webapp/webdefault.xml}
18:14:53.763 [Executing mockRemoveCredential(org.conjur.jenkins.credentials.ConjurCredentialStoreTest)] DEBUG org.eclipse.jetty.util.component.AbstractLifeCycle -- STOPPED org.eclipse.jetty.servlet.listener.ELContextCleaner@3e6ee379{src=DESCRIPTOR:jar:file:/Users/sameer.shaik/.m2/repository/org/eclipse/jetty/jetty-webapp/9.4.48.v20220622/jetty-webapp-9.4.48.v20220622.jar!/org/eclipse/jetty/webapp/webdefault.xml}
18:14:53.763 [Executing mockRemoveCredential(org.conjur.jenkins.credentials.ConjurCredentialStoreTest)] DEBUG org.eclipse.jetty.util.component.AbstractLifeCycle -- STOPPED ServletHandler@77bea7ec{STOPPED}
18:14:53.763 [Executing mockRemoveCredential(org.conjur.jenkins.credentials.ConjurCredentialStoreTest)] DEBUG org.eclipse.jetty.util.component.AbstractLifeCycle -- STOPPED ConstraintSecurityHandler@780b8ca2{STOPPED}
18:14:53.763 [Executing mockRemoveCredential(org.conjur.jenkins.credentials.ConjurCredentialStoreTest)] DEBUG org.eclipse.jetty.util.component.AbstractLifeCycle -- STOPPED org.eclipse.jetty.server.session.SessionHandler597586953==dftMaxIdleSec=1800
18:14:53.763 [Executing mockRemoveCredential(org.conjur.jenkins.credentials.ConjurCredentialStoreTest)] DEBUG org.eclipse.jetty.util.component.AbstractLifeCycle -- stopping SymlinkAllowedResourceAliasChecker@72b80e65{base=/Users/sameer.shaik/MyWorkSpace/17OctV2.2.3-New-BitBucketIssueFixed/conjur-credentials-plugin/target/jenkins-for-test,protected=[/WEB-INF, /META-INF]}
18:14:53.763 [Executing mockRemoveCredential(org.conjur.jenkins.credentials.ConjurCredentialStoreTest)] DEBUG org.eclipse.jetty.util.component.AbstractLifeCycle -- STOPPED SymlinkAllowedResourceAliasChecker@72b80e65{base=null,protected=[/WEB-INF, /META-INF]}
18:14:53.763 [Executing mockRemoveCredential(org.conjur.jenkins.credentials.ConjurCredentialStoreTest)] INFO org.eclipse.jetty.server.handler.ContextHandler -- Stopped o.e.j.w.WebAppContext@1459f2fa{Jenkins v2.346.3,/jenkins,file:///Users/sameer.shaik/MyWorkSpace/17OctV2.2.3-New-BitBucketIssueFixed/conjur-credentials-plugin/target/jenkins-for-test/,STOPPED}{/Users/sameer.shaik/MyWorkSpace/17OctV2.2.3-New-BitBucketIssueFixed/conjur-credentials-plugin/target/jenkins-for-test}
18:14:53.763 [Executing mockRemoveCredential(org.conjur.jenkins.credentials.ConjurCredentialStoreTest)] DEBUG org.eclipse.jetty.util.component.AbstractLifeCycle -- STOPPED o.e.j.w.WebAppContext@1459f2fa{Jenkins v2.346.3,/jenkins,file:///Users/sameer.shaik/MyWorkSpace/17OctV2.2.3-New-BitBucketIssueFixed/conjur-credentials-plugin/target/jenkins-for-test/,STOPPED}{/Users/sameer.shaik/MyWorkSpace/17OctV2.2.3-New-BitBucketIssueFixed/conjur-credentials-plugin/target/jenkins-for-test}
18:14:53.763 [Executing mockRemoveCredential(org.conjur.jenkins.credentials.ConjurCredentialStoreTest)] DEBUG org.eclipse.jetty.util.component.AbstractLifeCycle -- stopping QueuedThreadPool[Jetty (JenkinsRule)]@28c817d{STARTED,8<=10<=200,i=10,r=-1,q=0}[ReservedThreadExecutor@2c1af92{reserved=0/16,pending=0}]
18:14:53.764 [Executing mockRemoveCredential(org.conjur.jenkins.credentials.ConjurCredentialStoreTest)] DEBUG org.eclipse.jetty.util.thread.QueuedThreadPool -- Stopping QueuedThreadPool[Jetty (JenkinsRule)]@28c817d{STOPPING,8<=10<=200,i=10,r=-1,q=0}[ReservedThreadExecutor@2c1af92{reserved=0/16,pending=0}]
18:14:53.764 [Executing mockRemoveCredential(org.conjur.jenkins.credentials.ConjurCredentialStoreTest)] DEBUG org.eclipse.jetty.util.component.AbstractLifeCycle -- stopping ReservedThreadExecutor@2c1af92{reserved=0/16,pending=0}
18:14:53.764 [Executing mockRemoveCredential(org.conjur.jenkins.credentials.ConjurCredentialStoreTest)] DEBUG org.eclipse.jetty.util.component.AbstractLifeCycle -- STOPPED ReservedThreadExecutor@2c1af92{reserved=-1/16,pending=0}
18:14:53.764 [Executing mockRemoveCredential(org.conjur.jenkins.credentials.ConjurCredentialStoreTest)] DEBUG org.eclipse.jetty.util.thread.QueuedThreadPool -- Waiting for Thread[Jetty (JenkinsRule)-555,5,main] for 14999
18:14:53.764 [Jetty (JenkinsRule)-557] DEBUG org.eclipse.jetty.util.thread.QueuedThreadPool -- run org.eclipse.jetty.util.thread.QueuedThreadPool$$Lambda$384/0x00000001402dccc0@1d12c9bd in QueuedThreadPool[Jetty (JenkinsRule)]@28c817d{STOPPING,8<=0<=200,i=10,r=-1,q=0}[NO_TRY]
18:14:53.764 [Jetty (JenkinsRule)-555] DEBUG org.eclipse.jetty.util.thread.QueuedThreadPool -- run org.eclipse.jetty.util.thread.QueuedThreadPool$$Lambda$384/0x00000001402dccc0@1d12c9bd in QueuedThreadPool[Jetty (JenkinsRule)]@28c817d{STOPPING,8<=0<=200,i=10,r=-1,q=0}[NO_TRY]
18:14:53.764 [Jetty (JenkinsRule)-558] DEBUG org.eclipse.jetty.util.thread.QueuedThreadPool -- run org.eclipse.jetty.util.thread.QueuedThreadPool$$Lambda$384/0x00000001402dccc0@1d12c9bd in QueuedThreadPool[Jetty (JenkinsRule)]@28c817d{STOPPING,8<=0<=200,i=10,r=-1,q=0}[NO_TRY]
18:14:53.764 [Jetty (JenkinsRule)-553] DEBUG org.eclipse.jetty.util.thread.QueuedThreadPool -- run org.eclipse.jetty.util.thread.QueuedThreadPool$$Lambda$384/0x00000001402dccc0@1d12c9bd in QueuedThreadPool[Jetty (JenkinsRule)]@28c817d{STOPPING,8<=0<=200,i=10,r=-1,q=0}[NO_TRY]
18:14:53.764 [Jetty (JenkinsRule)-557] DEBUG org.eclipse.jetty.util.thread.QueuedThreadPool -- ran org.eclipse.jetty.util.thread.QueuedThreadPool$$Lambda$384/0x00000001402dccc0@1d12c9bd in QueuedThreadPool[Jetty (JenkinsRule)]@28c817d{STOPPING,8<=0<=200,i=10,r=-1,q=0}[NO_TRY]
18:14:53.764 [Jetty (JenkinsRule)-558] DEBUG org.eclipse.jetty.util.thread.QueuedThreadPool -- ran org.eclipse.jetty.util.thread.QueuedThreadPool$$Lambda$384/0x00000001402dccc0@1d12c9bd in QueuedThreadPool[Jetty (JenkinsRule)]@28c817d{STOPPING,8<=0<=200,i=10,r=-1,q=0}[NO_TRY]
18:14:53.764 [Jetty (JenkinsRule)-554] DEBUG org.eclipse.jetty.util.thread.QueuedThreadPool -- run org.eclipse.jetty.util.thread.QueuedThreadPool$$Lambda$384/0x00000001402dccc0@1d12c9bd in QueuedThreadPool[Jetty (JenkinsRule)]@28c817d{STOPPING,8<=0<=200,i=10,r=-1,q=0}[NO_TRY]
18:14:53.764 [Jetty (JenkinsRule)-555] DEBUG org.eclipse.jetty.util.thread.QueuedThreadPool -- ran org.eclipse.jetty.util.thread.QueuedThreadPool$$Lambda$384/0x00000001402dccc0@1d12c9bd in QueuedThreadPool[Jetty (JenkinsRule)]@28c817d{STOPPING,8<=0<=200,i=10,r=-1,q=0}[NO_TRY]
18:14:53.764 [Jetty (JenkinsRule)-558] DEBUG org.eclipse.jetty.util.thread.QueuedThreadPool -- Thread[Jetty (JenkinsRule)-558,5,main] exited for QueuedThreadPool[Jetty (JenkinsRule)]@28c817d{STOPPING,8<=0<=200,i=10,r=-1,q=0}[NO_TRY]
18:14:53.764 [Jetty (JenkinsRule)-552] DEBUG org.eclipse.jetty.util.thread.QueuedThreadPool -- run org.eclipse.jetty.util.thread.QueuedThreadPool$$Lambda$384/0x00000001402dccc0@1d12c9bd in QueuedThreadPool[Jetty (JenkinsRule)]@28c817d{STOPPING,8<=0<=200,i=10,r=-1,q=0}[NO_TRY]
18:14:53.764 [Jetty (JenkinsRule)-549] DEBUG org.eclipse.jetty.util.thread.QueuedThreadPool -- run org.eclipse.jetty.util.thread.QueuedThreadPool$$Lambda$384/0x00000001402dccc0@1d12c9bd in QueuedThreadPool[Jetty (JenkinsRule)]@28c817d{STOPPING,8<=0<=200,i=10,r=-1,q=0}[NO_TRY]
18:14:53.764 [Jetty (JenkinsRule)-553] DEBUG org.eclipse.jetty.util.thread.QueuedThreadPool -- ran org.eclipse.jetty.util.thread.QueuedThreadPool$$Lambda$384/0x00000001402dccc0@1d12c9bd in QueuedThreadPool[Jetty (JenkinsRule)]@28c817d{STOPPING,8<=0<=200,i=10,r=-1,q=0}[NO_TRY]
18:14:53.764 [Jetty (JenkinsRule)-555] DEBUG org.eclipse.jetty.util.thread.QueuedThreadPool -- Thread[Jetty (JenkinsRule)-555,5,main] exited for QueuedThreadPool[Jetty (JenkinsRule)]@28c817d{STOPPING,8<=0<=200,i=10,r=-1,q=0}[NO_TRY]
18:14:53.764 [Jetty (JenkinsRule)-551] DEBUG org.eclipse.jetty.util.thread.QueuedThreadPool -- run org.eclipse.jetty.util.thread.QueuedThreadPool$$Lambda$384/0x00000001402dccc0@1d12c9bd in QueuedThreadPool[Jetty (JenkinsRule)]@28c817d{STOPPING,8<=0<=200,i=10,r=-1,q=0}[NO_TRY]
18:14:53.764 [Jetty (JenkinsRule)-552] DEBUG org.eclipse.jetty.util.thread.QueuedThreadPool -- ran org.eclipse.jetty.util.thread.QueuedThreadPool$$Lambda$384/0x00000001402dccc0@1d12c9bd in QueuedThreadPool[Jetty (JenkinsRule)]@28c817d{STOPPING,8<=0<=200,i=10,r=-1,q=0}[NO_TRY]
18:14:53.764 [Jetty (JenkinsRule)-557] DEBUG org.eclipse.jetty.util.thread.QueuedThreadPool -- Thread[Jetty (JenkinsRule)-557,5,main] exited for QueuedThreadPool[Jetty (JenkinsRule)]@28c817d{STOPPING,8<=0<=200,i=10,r=-1,q=0}[NO_TRY]
18:14:53.764 [Jetty (JenkinsRule)-551] DEBUG org.eclipse.jetty.util.thread.QueuedThreadPool -- ran org.eclipse.jetty.util.thread.QueuedThreadPool$$Lambda$384/0x00000001402dccc0@1d12c9bd in QueuedThreadPool[Jetty (JenkinsRule)]@28c817d{STOPPING,8<=0<=200,i=10,r=-1,q=0}[NO_TRY]
18:14:53.764 [Jetty (JenkinsRule)-552] DEBUG org.eclipse.jetty.util.thread.QueuedThreadPool -- Thread[Jetty (JenkinsRule)-552,5,main] exited for QueuedThreadPool[Jetty (JenkinsRule)]@28c817d{STOPPING,8<=0<=200,i=10,r=-1,q=0}[NO_TRY]
18:14:53.764 [Jetty (JenkinsRule)-550] DEBUG org.eclipse.jetty.util.thread.QueuedThreadPool -- run org.eclipse.jetty.util.thread.QueuedThreadPool$$Lambda$384/0x00000001402dccc0@1d12c9bd in QueuedThreadPool[Jetty (JenkinsRule)]@28c817d{STOPPING,8<=0<=200,i=10,r=-1,q=0}[NO_TRY]
18:14:53.764 [Jetty (JenkinsRule)-548] DEBUG org.eclipse.jetty.util.thread.QueuedThreadPool -- run org.eclipse.jetty.util.thread.QueuedThreadPool$$Lambda$384/0x00000001402dccc0@1d12c9bd in QueuedThreadPool[Jetty (JenkinsRule)]@28c817d{STOPPING,8<=0<=200,i=10,r=-1,q=0}[NO_TRY]
18:14:53.764 [Jetty (JenkinsRule)-554] DEBUG org.eclipse.jetty.util.thread.QueuedThreadPool -- ran org.eclipse.jetty.util.thread.QueuedThreadPool$$Lambda$384/0x00000001402dccc0@1d12c9bd in QueuedThreadPool[Jetty (JenkinsRule)]@28c817d{STOPPING,8<=0<=200,i=10,r=-1,q=0}[NO_TRY]
18:14:53.764 [Jetty (JenkinsRule)-548] DEBUG org.eclipse.jetty.util.thread.QueuedThreadPool -- ran org.eclipse.jetty.util.thread.QueuedThreadPool$$Lambda$384/0x00000001402dccc0@1d12c9bd in QueuedThreadPool[Jetty (JenkinsRule)]@28c817d{STOPPING,8<=0<=200,i=10,r=-1,q=0}[NO_TRY]
18:14:53.764 [Jetty (JenkinsRule)-553] DEBUG org.eclipse.jetty.util.thread.QueuedThreadPool -- Thread[Jetty (JenkinsRule)-553,5,main] exited for QueuedThreadPool[Jetty (JenkinsRule)]@28c817d{STOPPING,8<=0<=200,i=10,r=-1,q=0}[NO_TRY]
18:14:53.764 [Jetty (JenkinsRule)-549] DEBUG org.eclipse.jetty.util.thread.QueuedThreadPool -- ran org.eclipse.jetty.util.thread.QueuedThreadPool$$Lambda$384/0x00000001402dccc0@1d12c9bd in QueuedThreadPool[Jetty (JenkinsRule)]@28c817d{STOPPING,8<=0<=200,i=10,r=-1,q=0}[NO_TRY]
18:14:53.764 [Executing mockRemoveCredential(org.conjur.jenkins.credentials.ConjurCredentialStoreTest)] DEBUG org.eclipse.jetty.util.thread.QueuedThreadPool -- Waiting for Thread[Jetty (JenkinsRule)-557,5,main] for 14999
18:14:53.764 [Jetty (JenkinsRule)-554] DEBUG org.eclipse.jetty.util.thread.QueuedThreadPool -- Thread[Jetty (JenkinsRule)-554,5,main] exited for QueuedThreadPool[Jetty (JenkinsRule)]@28c817d{STOPPING,8<=0<=200,i=10,r=-1,q=0}[NO_TRY]
18:14:53.764 [Jetty (JenkinsRule)-551] DEBUG org.eclipse.jetty.util.thread.QueuedThreadPool -- Thread[Jetty (JenkinsRule)-551,5,main] exited for QueuedThreadPool[Jetty (JenkinsRule)]@28c817d{STOPPING,8<=0<=200,i=10,r=-1,q=0}[NO_TRY]
18:14:53.764 [Jetty (JenkinsRule)-549] DEBUG org.eclipse.jetty.util.thread.QueuedThreadPool -- Thread[Jetty (JenkinsRule)-549,5,main] exited for QueuedThreadPool[Jetty (JenkinsRule)]@28c817d{STOPPING,8<=0<=200,i=10,r=-1,q=0}[NO_TRY]
18:14:53.764 [Jetty (JenkinsRule)-550] DEBUG org.eclipse.jetty.util.thread.QueuedThreadPool -- ran org.eclipse.jetty.util.thread.QueuedThreadPool$$Lambda$384/0x00000001402dccc0@1d12c9bd in QueuedThreadPool[Jetty (JenkinsRule)]@28c817d{STOPPING,8<=0<=200,i=10,r=-1,q=0}[NO_TRY]
18:14:53.764 [Jetty (JenkinsRule)-548] DEBUG org.eclipse.jetty.util.thread.QueuedThreadPool -- Thread[Jetty (JenkinsRule)-548,5,main] exited for QueuedThreadPool[Jetty (JenkinsRule)]@28c817d{STOPPING,8<=0<=200,i=10,r=-1,q=0}[NO_TRY]
18:14:53.764 [Executing mockRemoveCredential(org.conjur.jenkins.credentials.ConjurCredentialStoreTest)] DEBUG org.eclipse.jetty.util.thread.QueuedThreadPool -- Waiting for Thread[Jetty (JenkinsRule)-549,5,main] for 14999
18:14:53.764 [Jetty (JenkinsRule)-550] DEBUG org.eclipse.jetty.util.thread.QueuedThreadPool -- Thread[Jetty (JenkinsRule)-550,5,main] exited for QueuedThreadPool[Jetty (JenkinsRule)]@28c817d{STOPPING,8<=0<=200,i=10,r=-1,q=0}[NO_TRY]
18:14:53.764 [Executing mockRemoveCredential(org.conjur.jenkins.credentials.ConjurCredentialStoreTest)] DEBUG org.eclipse.jetty.util.thread.QueuedThreadPool -- Waiting for Thread[Jetty (JenkinsRule)-550,5,main] for 14999
18:14:53.764 [Executing mockRemoveCredential(org.conjur.jenkins.credentials.ConjurCredentialStoreTest)] DEBUG org.eclipse.jetty.util.component.AbstractLifeCycle -- STOPPED QueuedThreadPool[Jetty (JenkinsRule)]@28c817d{STOPPED,8<=0<=200,i=10,r=-1,q=0}[NO_TRY]
18:14:53.764 [Executing mockRemoveCredential(org.conjur.jenkins.credentials.ConjurCredentialStoreTest)] DEBUG org.eclipse.jetty.util.component.AbstractLifeCycle -- STOPPED Server@43b18b46{STOPPED}[9.4.48.v20220622]
]]></system-out>
    <system-err><![CDATA[   0.020 [id=547]	INFO	o.jvnet.hudson.test.JenkinsRule#createWebServer: Running on http://localhost:51473/jenkins/
   0.079 [id=562]	INFO	jenkins.InitReactorRunner$1#onAttained: Started initialization
   0.081 [id=576]	INFO	jenkins.InitReactorRunner$1#onAttained: Listed all plugins
   0.203 [id=587]	INFO	jenkins.InitReactorRunner$1#onAttained: Prepared all plugins
   0.204 [id=580]	INFO	jenkins.InitReactorRunner$1#onAttained: Started all plugins
   0.205 [id=580]	INFO	jenkins.InitReactorRunner$1#onAttained: Augmented all extensions
   0.556 [id=574]	INFO	jenkins.InitReactorRunner$1#onAttained: System config loaded
   0.556 [id=575]	INFO	jenkins.InitReactorRunner$1#onAttained: System config adapted
   0.556 [id=575]	INFO	jenkins.InitReactorRunner$1#onAttained: Loaded all jobs
   0.557 [id=575]	INFO	jenkins.InitReactorRunner$1#onAttained: Configuration for all jobs updated
   0.596 [id=584]	INFO	jenkins.InitReactorRunner$1#onAttained: Completed initialization
   0.705 [id=547]	INFO	hudson.lifecycle.Lifecycle#onStatusUpdate: Stopping Jenkins
   0.775 [id=547]	INFO	hudson.lifecycle.Lifecycle#onStatusUpdate: Jenkins stopped
]]></system-err>
  </testcase>
</testsuite>