<?xml version="1.0" encoding="UTF-8"?>
<testsuite xmlns:xsi="http://www.w3.org/2001/XMLSchema-instance" xsi:noNamespaceSchemaLocation="https://maven.apache.org/surefire/maven-surefire-plugin/xsd/surefire-test-report-3.0.xsd" version="3.0" name="org.conjur.jenkins.configuration.ConjurConfigurationTest" time="14.166" tests="2" errors="0" skipped="0" failures="0">
  <properties>
    <property name="hudson.udp" value="-1"/>
    <property name="java.specification.version" value="17"/>
    <property name="sun.jnu.encoding" value="UTF-8"/>
    <property name="java.class.path" value="/Users/sameer.shaik/MyWorkSpace/17OctV2.2.3-New-BitBucketIssueFixed/conjur-credentials-plugin/target/test-classes:/Users/sameer.shaik/MyWorkSpace/17OctV2.2.3-New-BitBucketIssueFixed/conjur-credentials-plugin/target/classes:/Users/sameer.shaik/.m2/repository/org/jenkins-ci/plugins/cloudbees-folder/6.740.ve4f4ffa_dea_54/cloudbees-folder-6.740.ve4f4ffa_dea_54.jar:/Users/sameer.shaik/.m2/repository/org/jenkins-ci/plugins/credentials/1087.1089.v2f1b_9a_b_040e4/credentials-1087.1089.v2f1b_9a_b_040e4.jar:/Users/sameer.shaik/.m2/repository/org/jenkins-ci/plugins/structs/324.va_f5d6774f3a_d/structs-324.va_f5d6774f3a_d.jar:/Users/sameer.shaik/.m2/repository/org/antlr/antlr4-runtime/4.9.3/antlr4-runtime-4.9.3.jar:/Users/sameer.shaik/.m2/repository/org/jenkins-ci/plugins/credentials-binding/523.vd859a_4b_122e6/credentials-binding-523.vd859a_4b_122e6.jar:/Users/sameer.shaik/.m2/repository/org/jenkins-ci/plugins/plain-credentials/139.ved2b_9cf7587b/plain-credentials-139.ved2b_9cf7587b.jar:/Users/sameer.shaik/.m2/repository/org/jenkins-ci/plugins/workflow/workflow-step-api/639.v6eca_cd8c04a_a_/workflow-step-api-639.v6eca_cd8c04a_a_.jar:/Users/sameer.shaik/.m2/repository/org/jenkins-ci/plugins/ssh-credentials/277.280.v1e86b_7d0056b_/ssh-credentials-277.280.v1e86b_7d0056b_.jar:/Users/sameer.shaik/.m2/repository/org/jenkins-ci/plugins/trilead-api/1.67.vc3938a_35172f/trilead-api-1.67.vc3938a_35172f.jar:/Users/sameer.shaik/.m2/repository/org/jenkins-ci/trilead-ssh2/build-217-jenkins-27/trilead-ssh2-build-217-jenkins-27.jar:/Users/sameer.shaik/.m2/repository/net/i2p/crypto/eddsa/0.3.0/eddsa-0.3.0.jar:/Users/sameer.shaik/.m2/repository/com/google/crypto/tink/tink/1.5.0/tink-1.5.0.jar:/Users/sameer.shaik/.m2/repository/com/google/protobuf/protobuf-java/3.11.1/protobuf-java-3.11.1.jar:/Users/sameer.shaik/.m2/repository/org/kohsuke/trilead-putty-extension/1.2/trilead-putty-extension-1.2.jar:/Users/sameer.shaik/.m2/repository/org/jenkins-ci/modules/instance-identity/2.2/instance-identity-2.2.jar:/Users/sameer.shaik/.m2/repository/io/github/stephenc/crypto/self-signed-cert-generator/1.0.0/self-signed-cert-generator-1.0.0.jar:/Users/sameer.shaik/.m2/repository/org/jetbrains/kotlin/kotlin-stdlib-common/1.6.20/kotlin-stdlib-common-1.6.20.jar:/Users/sameer.shaik/.m2/repository/com/squareup/okhttp3/okhttp/4.10.0/okhttp-4.10.0.jar:/Users/sameer.shaik/.m2/repository/com/squareup/okio/okio-jvm/3.0.0/okio-jvm-3.0.0.jar:/Users/sameer.shaik/.m2/repository/org/jetbrains/kotlin/kotlin-stdlib-jdk8/1.5.31/kotlin-stdlib-jdk8-1.5.31.jar:/Users/sameer.shaik/.m2/repository/org/jetbrains/kotlin/kotlin-stdlib-jdk7/1.5.31/kotlin-stdlib-jdk7-1.5.31.jar:/Users/sameer.shaik/.m2/repository/org/jetbrains/kotlin/kotlin-stdlib/1.6.20/kotlin-stdlib-1.6.20.jar:/Users/sameer.shaik/.m2/repository/org/jetbrains/annotations/13.0/annotations-13.0.jar:/Users/sameer.shaik/.m2/repository/com/fasterxml/jackson/core/jackson-databind/2.14.0/jackson-databind-2.14.0.jar:/Users/sameer.shaik/.m2/repository/com/fasterxml/jackson/core/jackson-annotations/2.14.0/jackson-annotations-2.14.0.jar:/Users/sameer.shaik/.m2/repository/com/fasterxml/jackson/core/jackson-core/2.14.0/jackson-core-2.14.0.jar:/Users/sameer.shaik/.m2/repository/org/jenkins-ci/plugins/jackson2-api/2.13.4.20221013-295.v8e29ea_354141/jackson2-api-2.13.4.20221013-295.v8e29ea_354141.jar:/Users/sameer.shaik/.m2/repository/com/fasterxml/jackson/datatype/jackson-datatype-jsr310/2.13.4/jackson-datatype-jsr310-2.13.4.jar:/Users/sameer.shaik/.m2/repository/com/fasterxml/jackson/datatype/jackson-datatype-jdk8/2.13.4/jackson-datatype-jdk8-2.13.4.jar:/Users/sameer.shaik/.m2/repository/com/fasterxml/jackson/datatype/jackson-datatype-json-org/2.13.4/jackson-datatype-json-org-2.13.4.jar:/Users/sameer.shaik/.m2/repository/org/json/json/20190722/json-20190722.jar:/Users/sameer.shaik/.m2/repository/com/fasterxml/jackson/module/jackson-module-parameter-names/2.13.4/jackson-module-parameter-names-2.13.4.jar:/Users/sameer.shaik/.m2/repository/com/fasterxml/jackson/module/jackson-module-jaxb-annotations/2.13.4/jackson-module-jaxb-annotations-2.13.4.jar:/Users/sameer.shaik/.m2/repository/com/fasterxml/jackson/dataformat/jackson-dataformat-cbor/2.13.4/jackson-dataformat-cbor-2.13.4.jar:/Users/sameer.shaik/.m2/repository/com/fasterxml/jackson/dataformat/jackson-dataformat-xml/2.13.4/jackson-dataformat-xml-2.13.4.jar:/Users/sameer.shaik/.m2/repository/org/codehaus/woodstox/stax2-api/4.2.1/stax2-api-4.2.1.jar:/Users/sameer.shaik/.m2/repository/com/fasterxml/woodstox/woodstox-core/6.3.1/woodstox-core-6.3.1.jar:/Users/sameer.shaik/.m2/repository/com/fasterxml/jackson/dataformat/jackson-dataformat-yaml/2.13.4/jackson-dataformat-yaml-2.13.4.jar:/Users/sameer.shaik/.m2/repository/io/jenkins/plugins/javax-activation-api/1.2.0-5/javax-activation-api-1.2.0-5.jar:/Users/sameer.shaik/.m2/repository/com/sun/activation/javax.activation/1.2.0/javax.activation-1.2.0.jar:/Users/sameer.shaik/.m2/repository/io/jenkins/plugins/jaxb/2.3.6-1/jaxb-2.3.6-1.jar:/Users/sameer.shaik/.m2/repository/com/sun/xml/bind/jaxb-impl/2.3.6/jaxb-impl-2.3.6.jar:/Users/sameer.shaik/.m2/repository/javax/xml/bind/jaxb-api/2.3.1/jaxb-api-2.3.1.jar:/Users/sameer.shaik/.m2/repository/io/jenkins/plugins/snakeyaml-api/1.30.2-76.vc104f7ce9870/snakeyaml-api-1.30.2-76.vc104f7ce9870.jar:/Users/sameer.shaik/.m2/repository/org/yaml/snakeyaml/1.30/snakeyaml-1.30.jar:/Users/sameer.shaik/.m2/repository/org/bitbucket/b_c/jose4j/0.7.9/jose4j-0.7.9.jar:/Users/sameer.shaik/.m2/repository/com/google/code/gson/gson/2.8.9/gson-2.8.9.jar:/Users/sameer.shaik/.m2/repository/org/jenkins-ci/plugins/workflow/workflow-basic-steps/994.vd57e3ca_46d24/workflow-basic-steps-994.vd57e3ca_46d24.jar:/Users/sameer.shaik/.m2/repository/org/jenkins-ci/plugins/mailer/435.438.v5b_81173f5b_a_1/mailer-435.438.v5b_81173f5b_a_1.jar:/Users/sameer.shaik/.m2/repository/org/jenkins-ci/plugins/display-url-api/2.3.6/display-url-api-2.3.6.jar:/Users/sameer.shaik/.m2/repository/org/jenkins-ci/plugins/workflow/workflow-api/1200.v8005c684b_a_c6/workflow-api-1200.v8005c684b_a_c6.jar:/Users/sameer.shaik/.m2/repository/org/jenkins-ci/plugins/apache-httpcomponents-client-4-api/4.5.13-138.v4e7d9a_7b_a_e61/apache-httpcomponents-client-4-api-4.5.13-138.v4e7d9a_7b_a_e61.jar:/Users/sameer.shaik/.m2/repository/org/apache/httpcomponents/httpcore/4.4.15/httpcore-4.4.15.jar:/Users/sameer.shaik/.m2/repository/org/apache/httpcomponents/httpcore-nio/4.4.15/httpcore-nio-4.4.15.jar:/Users/sameer.shaik/.m2/repository/org/apache/httpcomponents/httpclient/4.5.13/httpclient-4.5.13.jar:/Users/sameer.shaik/.m2/repository/org/apache/httpcomponents/httpmime/4.5.13/httpmime-4.5.13.jar:/Users/sameer.shaik/.m2/repository/org/apache/httpcomponents/fluent-hc/4.5.13/fluent-hc-4.5.13.jar:/Users/sameer.shaik/.m2/repository/org/apache/httpcomponents/httpclient-cache/4.5.13/httpclient-cache-4.5.13.jar:/Users/sameer.shaik/.m2/repository/org/apache/httpcomponents/httpasyncclient/4.1.4/httpasyncclient-4.1.4.jar:/Users/sameer.shaik/.m2/repository/org/apache/httpcomponents/httpasyncclient-cache/4.1.4/httpasyncclient-cache-4.1.4.jar:/Users/sameer.shaik/.m2/repository/io/jenkins/plugins/jakarta-mail-api/2.0.1-2/jakarta-mail-api-2.0.1-2.jar:/Users/sameer.shaik/.m2/repository/com/sun/mail/jakarta.mail/2.0.1/jakarta.mail-2.0.1.jar:/Users/sameer.shaik/.m2/repository/io/jenkins/plugins/jakarta-activation-api/2.0.1-2/jakarta-activation-api-2.0.1-2.jar:/Users/sameer.shaik/.m2/repository/com/sun/activation/jakarta.activation/2.0.1/jakarta.activation-2.0.1.jar:/Users/sameer.shaik/.m2/repository/org/jenkins-ci/plugins/workflow/workflow-cps/2729.vea_17b_79ed57a_/workflow-cps-2729.vea_17b_79ed57a_.jar:/Users/sameer.shaik/.m2/repository/org/jenkins-ci/plugins/workflow/workflow-support/839.v35e2736cfd5c/workflow-support-839.v35e2736cfd5c.jar:/Users/sameer.shaik/.m2/repository/io/jenkins/plugins/caffeine-api/2.9.3-65.v6a_47d0f4d1fe/caffeine-api-2.9.3-65.v6a_47d0f4d1fe.jar:/Users/sameer.shaik/.m2/repository/com/github/ben-manes/caffeine/caffeine/2.9.3/caffeine-2.9.3.jar:/Users/sameer.shaik/.m2/repository/org/jboss/marshalling/jboss-marshalling-river/2.1.0.Final/jboss-marshalling-river-2.1.0.Final.jar:/Users/sameer.shaik/.m2/repository/org/jboss/marshalling/jboss-marshalling/2.1.0.Final/jboss-marshalling-2.1.0.Final.jar:/Users/sameer.shaik/.m2/repository/org/jenkins-ci/plugins/workflow/workflow-scm-step/400.v6b_89a_1317c9a_/workflow-scm-step-400.v6b_89a_1317c9a_.jar:/Users/sameer.shaik/.m2/repository/org/jenkins-ci/plugins/script-security/1183.v774b_0b_0a_a_451/script-security-1183.v774b_0b_0a_a_451.jar:/Users/sameer.shaik/.m2/repository/org/kohsuke/groovy-sandbox/1.27/groovy-sandbox-1.27.jar:/Users/sameer.shaik/.m2/repository/org/jenkins-ci/plugins/scm-api/621.vda_a_b_055e58f7/scm-api-621.vda_a_b_055e58f7.jar:/Users/sameer.shaik/.m2/repository/com/cloudbees/groovy-cps/1.32/groovy-cps-1.32.jar:/Users/sameer.shaik/.m2/repository/org/jenkins-ci/ui/ace-editor/1.1/ace-editor-1.1.jar:/Users/sameer.shaik/.m2/repository/com/cloudbees/diff4j/1.3/diff4j-1.3.jar:/Users/sameer.shaik/.m2/repository/org/jenkins-ci/plugins/workflow/workflow-durable-task-step/1190.vc93d7d457042/workflow-durable-task-step-1190.vc93d7d457042.jar:/Users/sameer.shaik/.m2/repository/org/jenkins-ci/plugins/durable-task/500.v8927d9fd99d8/durable-task-500.v8927d9fd99d8.jar:/Users/sameer.shaik/.m2/repository/io/jenkins/plugins/lib-durable-task/25.v6c906af81ee2/lib-durable-task-25.v6c906af81ee2.jar:/Users/sameer.shaik/.m2/repository/org/jenkins-ci/plugins/workflow/workflow-job/1189.va_d37a_e9e4eda_/workflow-job-1189.va_d37a_e9e4eda_.jar:/Users/sameer.shaik/.m2/repository/junit/junit/4.13.2/junit-4.13.2.jar:/Users/sameer.shaik/.m2/repository/org/hamcrest/hamcrest-core/2.2/hamcrest-core-2.2.jar:/Users/sameer.shaik/.m2/repository/org/mockito/mockito-inline/3.11.2/mockito-inline-3.11.2.jar:/Users/sameer.shaik/.m2/repository/org/mockito/mockito-core/4.8.0/mockito-core-4.8.0.jar:/Users/sameer.shaik/.m2/repository/net/bytebuddy/byte-buddy/1.12.14/byte-buddy-1.12.14.jar:/Users/sameer.shaik/.m2/repository/net/bytebuddy/byte-buddy-agent/1.12.14/byte-buddy-agent-1.12.14.jar:/Users/sameer.shaik/.m2/repository/org/objenesis/objenesis/3.3/objenesis-3.3.jar:/Users/sameer.shaik/.m2/repository/org/javassist/javassist/3.24.1-GA/javassist-3.24.1-GA.jar:/Users/sameer.shaik/.m2/repository/ch/qos/logback/logback-classic/1.4.7/logback-classic-1.4.7.jar:/Users/sameer.shaik/.m2/repository/ch/qos/logback/logback-core/1.4.7/logback-core-1.4.7.jar:/Users/sameer.shaik/.m2/repository/org/assertj/assertj-core/3.15.0/assertj-core-3.15.0.jar:/Users/sameer.shaik/.m2/repository/org/slf4j/slf4j-api/2.0.4/slf4j-api-2.0.4.jar:/Users/sameer.shaik/.m2/repository/com/thoughtworks/xstream/xstream/1.4.20/xstream-1.4.20.jar:/Users/sameer.shaik/.m2/repository/io/github/x-stream/mxparser/1.2.2/mxparser-1.2.2.jar:/Users/sameer.shaik/.m2/repository/xmlpull/xmlpull/1.1.3.1/xmlpull-1.1.3.1.jar:/Users/sameer.shaik/.m2/repository/org/jenkins-ci/main/jenkins-core/2.346.3/jenkins-core-2.346.3.jar:/Users/sameer.shaik/.m2/repository/org/jenkins-ci/main/cli/2.346.3/cli-2.346.3.jar:/Users/sameer.shaik/.m2/repository/org/jenkins-ci/main/remoting/4.13.3/remoting-4.13.3.jar:/Users/sameer.shaik/.m2/repository/antlr/antlr/2.7.7/antlr-2.7.7.jar:/Users/sameer.shaik/.m2/repository/args4j/args4j/2.33/args4j-2.33.jar:/Users/sameer.shaik/.m2/repository/com/github/spotbugs/spotbugs-annotations/4.6.0/spotbugs-annotations-4.6.0.jar:/Users/sameer.shaik/.m2/repository/com/google/guava/guava/31.1-jre/guava-31.1-jre.jar:/Users/sameer.shaik/.m2/repository/com/google/guava/failureaccess/1.0.1/failureaccess-1.0.1.jar:/Users/sameer.shaik/.m2/repository/com/google/guava/listenablefuture/9999.0-empty-to-avoid-conflict-with-guava/listenablefuture-9999.0-empty-to-avoid-conflict-with-guava.jar:/Users/sameer.shaik/.m2/repository/com/google/code/findbugs/jsr305/3.0.1/jsr305-3.0.1.jar:/Users/sameer.shaik/.m2/repository/com/google/inject/guice/5.0.1/guice-5.0.1.jar:/Users/sameer.shaik/.m2/repository/javax/inject/javax.inject/1/javax.inject-1.jar:/Users/sameer.shaik/.m2/repository/com/infradna/tool/bridge-method-annotation/1.23/bridge-method-annotation-1.23.jar:/Users/sameer.shaik/.m2/repository/com/jcraft/jzlib/1.1.3-kohsuke-1/jzlib-1.1.3-kohsuke-1.jar:/Users/sameer.shaik/.m2/repository/com/sun/solaris/embedded_su4j/1.1/embedded_su4j-1.1.jar:/Users/sameer.shaik/.m2/repository/com/sun/xml/txw2/txw2/20110809/txw2-20110809.jar:/Users/sameer.shaik/.m2/repository/relaxngDatatype/relaxngDatatype/20020414/relaxngDatatype-20020414.jar:/Users/sameer.shaik/.m2/repository/commons-beanutils/commons-beanutils/1.9.4/commons-beanutils-1.9.4.jar:/Users/sameer.shaik/.m2/repository/commons-codec/commons-codec/1.15/commons-codec-1.15.jar:/Users/sameer.shaik/.m2/repository/commons-collections/commons-collections/3.2.2/commons-collections-3.2.2.jar:/Users/sameer.shaik/.m2/repository/commons-fileupload/commons-fileupload/1.4/commons-fileupload-1.4.jar:/Users/sameer.shaik/.m2/repository/commons-httpclient/commons-httpclient/3.1-jenkins-3/commons-httpclient-3.1-jenkins-3.jar:/Users/sameer.shaik/.m2/repository/commons-io/commons-io/2.11.0/commons-io-2.11.0.jar:/Users/sameer.shaik/.m2/repository/commons-jelly/commons-jelly-tags-fmt/1.0/commons-jelly-tags-fmt-1.0.jar:/Users/sameer.shaik/.m2/repository/commons-jelly/commons-jelly-tags-xml/1.1/commons-jelly-tags-xml-1.1.jar:/Users/sameer.shaik/.m2/repository/commons-lang/commons-lang/2.6/commons-lang-2.6.jar:/Users/sameer.shaik/.m2/repository/io/jenkins/stapler/jenkins-stapler-support/1.1/jenkins-stapler-support-1.1.jar:/Users/sameer.shaik/.m2/repository/jakarta/servlet/jsp/jstl/jakarta.servlet.jsp.jstl-api/1.2.7/jakarta.servlet.jsp.jstl-api-1.2.7.jar:/Users/sameer.shaik/.m2/repository/jaxen/jaxen/1.2.0/jaxen-1.2.0.jar:/Users/sameer.shaik/.m2/repository/jline/jline/2.14.6/jline-2.14.6.jar:/Users/sameer.shaik/.m2/repository/net/java/dev/jna/jna/5.11.0/jna-5.11.0.jar:/Users/sameer.shaik/.m2/repository/net/java/sezpoz/sezpoz/1.13/sezpoz-1.13.jar:/Users/sameer.shaik/.m2/repository/net/sf/kxml/kxml2/2.3.0/kxml2-2.3.0.jar:/Users/sameer.shaik/.m2/repository/org/apache/ant/ant/1.10.12/ant-1.10.12.jar:/Users/sameer.shaik/.m2/repository/org/apache/ant/ant-launcher/1.10.12/ant-launcher-1.10.12.jar:/Users/sameer.shaik/.m2/repository/org/apache/commons/commons-compress/1.21/commons-compress-1.21.jar:/Users/sameer.shaik/.m2/repository/org/codehaus/groovy/groovy-all/2.4.21/groovy-all-2.4.21.jar:/Users/sameer.shaik/.m2/repository/org/connectbot/jbcrypt/jbcrypt/1.0.0/jbcrypt-1.0.0.jar:/Users/sameer.shaik/.m2/repository/org/fusesource/jansi/jansi/1.11/jansi-1.11.jar:/Users/sameer.shaik/.m2/repository/org/jenkins-ci/annotation-indexer/1.16/annotation-indexer-1.16.jar:/Users/sameer.shaik/.m2/repository/org/jenkins-ci/commons-jexl/1.1-jenkins-20111212/commons-jexl-1.1-jenkins-20111212.jar:/Users/sameer.shaik/.m2/repository/org/jenkins-ci/crypto-util/1.7/crypto-util-1.7.jar:/Users/sameer.shaik/.m2/repository/org/jenkins-ci/memory-monitor/1.11/memory-monitor-1.11.jar:/Users/sameer.shaik/.m2/repository/org/jenkins-ci/symbol-annotation/1.1/symbol-annotation-1.1.jar:/Users/sameer.shaik/.m2/repository/org/jenkins-ci/task-reactor/1.7/task-reactor-1.7.jar:/Users/sameer.shaik/.m2/repository/org/jenkins-ci/version-number/1.10/version-number-1.10.jar:/Users/sameer.shaik/.m2/repository/org/jfree/jfreechart/1.0.19/jfreechart-1.0.19.jar:/Users/sameer.shaik/.m2/repository/org/jfree/jcommon/1.0.23/jcommon-1.0.23.jar:/Users/sameer.shaik/.m2/repository/org/jvnet/hudson/commons-jelly-tags-define/1.0.1-hudson-20071021/commons-jelly-tags-define-1.0.1-hudson-20071021.jar:/Users/sameer.shaik/.m2/repository/org/jvnet/localizer/localizer/1.31/localizer-1.31.jar:/Users/sameer.shaik/.m2/repository/org/jvnet/robust-http-client/robust-http-client/1.2/robust-http-client-1.2.jar:/Users/sameer.shaik/.m2/repository/org/jvnet/winp/winp/1.28/winp-1.28.jar:/Users/sameer.shaik/.m2/repository/org/kohsuke/access-modifier-annotation/1.27/access-modifier-annotation-1.27.jar:/Users/sameer.shaik/.m2/repository/org/kohsuke/windows-package-checker/1.2/windows-package-checker-1.2.jar:/Users/sameer.shaik/.m2/repository/org/kohsuke/jinterop/j-interop/2.0.8-kohsuke-1/j-interop-2.0.8-kohsuke-1.jar:/Users/sameer.shaik/.m2/repository/org/kohsuke/jinterop/j-interopdeps/2.0.8-kohsuke-1/j-interopdeps-2.0.8-kohsuke-1.jar:/Users/sameer.shaik/.m2/repository/org/samba/jcifs/jcifs/1.3.18-kohsuke-1/jcifs-1.3.18-kohsuke-1.jar:/Users/sameer.shaik/.m2/repository/org/kohsuke/stapler/json-lib/2.4-jenkins-3/json-lib-2.4-jenkins-3.jar:/Users/sameer.shaik/.m2/repository/net/sf/ezmorph/ezmorph/1.0.6/ezmorph-1.0.6.jar:/Users/sameer.shaik/.m2/repository/org/kohsuke/stapler/stapler/1669.v95a_4b_919a_b_a_2/stapler-1669.v95a_4b_919a_b_a_2.jar:/Users/sameer.shaik/.m2/repository/commons-discovery/commons-discovery/0.5/commons-discovery-0.5.jar:/Users/sameer.shaik/.m2/repository/javax/annotation/javax.annotation-api/1.3.2/javax.annotation-api-1.3.2.jar:/Users/sameer.shaik/.m2/repository/jakarta/annotation/jakarta.annotation-api/2.0.0/jakarta.annotation-api-2.0.0.jar:/Users/sameer.shaik/.m2/repository/org/jvnet/tiger-types/2.2/tiger-types-2.2.jar:/Users/sameer.shaik/.m2/repository/org/kohsuke/stapler/stapler-adjunct-codemirror/1.3/stapler-adjunct-codemirror-1.3.jar:/Users/sameer.shaik/.m2/repository/org/kohsuke/stapler/stapler-adjunct-timeline/1.5/stapler-adjunct-timeline-1.5.jar:/Users/sameer.shaik/.m2/repository/org/kohsuke/stapler/stapler-groovy/1669.v95a_4b_919a_b_a_2/stapler-groovy-1669.v95a_4b_919a_b_a_2.jar:/Users/sameer.shaik/.m2/repository/org/kohsuke/stapler/stapler-jelly/1669.v95a_4b_919a_b_a_2/stapler-jelly-1669.v95a_4b_919a_b_a_2.jar:/Users/sameer.shaik/.m2/repository/org/dom4j/dom4j/2.1.3/dom4j-2.1.3.jar:/Users/sameer.shaik/.m2/repository/org/jenkins-ci/commons-jelly/1.1-jenkins-20220125/commons-jelly-1.1-jenkins-20220125.jar:/Users/sameer.shaik/.m2/repository/org/ow2/asm/asm/9.3/asm-9.3.jar:/Users/sameer.shaik/.m2/repository/org/ow2/asm/asm-analysis/9.3/asm-analysis-9.3.jar:/Users/sameer.shaik/.m2/repository/org/ow2/asm/asm-commons/9.3/asm-commons-9.3.jar:/Users/sameer.shaik/.m2/repository/org/ow2/asm/asm-tree/9.3/asm-tree-9.3.jar:/Users/sameer.shaik/.m2/repository/org/ow2/asm/asm-util/9.3/asm-util-9.3.jar:/Users/sameer.shaik/.m2/repository/org/slf4j/jcl-over-slf4j/1.7.36/jcl-over-slf4j-1.7.36.jar:/Users/sameer.shaik/.m2/repository/org/slf4j/log4j-over-slf4j/1.7.36/log4j-over-slf4j-1.7.36.jar:/Users/sameer.shaik/.m2/repository/org/springframework/security/spring-security-web/5.6.3/spring-security-web-5.6.3.jar:/Users/sameer.shaik/.m2/repository/org/springframework/security/spring-security-core/5.6.3/spring-security-core-5.6.3.jar:/Users/sameer.shaik/.m2/repository/org/springframework/security/spring-security-crypto/5.6.3/spring-security-crypto-5.6.3.jar:/Users/sameer.shaik/.m2/repository/org/springframework/spring-core/5.3.20/spring-core-5.3.20.jar:/Users/sameer.shaik/.m2/repository/org/springframework/spring-aop/5.3.20/spring-aop-5.3.20.jar:/Users/sameer.shaik/.m2/repository/org/springframework/spring-beans/5.3.20/spring-beans-5.3.20.jar:/Users/sameer.shaik/.m2/repository/org/springframework/spring-context/5.3.20/spring-context-5.3.20.jar:/Users/sameer.shaik/.m2/repository/org/springframework/spring-expression/5.3.20/spring-expression-5.3.20.jar:/Users/sameer.shaik/.m2/repository/org/springframework/spring-web/5.3.20/spring-web-5.3.20.jar:/Users/sameer.shaik/.m2/repository/xpp3/xpp3/1.1.4c/xpp3-1.1.4c.jar:/Users/sameer.shaik/.m2/repository/org/jenkins-ci/main/jenkins-war/2.346.3/jenkins-war-2.346.3.war:/Users/sameer.shaik/.m2/repository/org/jenkins-ci/modules/launchd-slave-installer/1.2/launchd-slave-installer-1.2.jar:/Users/sameer.shaik/.m2/repository/org/jenkins-ci/modules/slave-installer/1.7/slave-installer-1.7.jar:/Users/sameer.shaik/.m2/repository/org/jenkins-ci/modules/systemd-slave-installer/1.1/systemd-slave-installer-1.1.jar:/Users/sameer.shaik/.m2/repository/org/jenkins-ci/modules/upstart-slave-installer/1.1/upstart-slave-installer-1.1.jar:/Users/sameer.shaik/.m2/repository/org/jenkins-ci/modules/windows-slave-installer/2.0/windows-slave-installer-2.0.jar:/Users/sameer.shaik/.m2/repository/org/slf4j/slf4j-jdk14/1.7.36/slf4j-jdk14-1.7.36.jar:/Users/sameer.shaik/.m2/repository/javax/servlet/javax.servlet-api/3.1.0/javax.servlet-api-3.1.0.jar:/Users/sameer.shaik/.m2/repository/net/jcip/jcip-annotations/1.0/jcip-annotations-1.0.jar:/Users/sameer.shaik/.m2/repository/org/codehaus/mojo/animal-sniffer-annotations/1.22/animal-sniffer-annotations-1.22.jar:/Users/sameer.shaik/.m2/repository/commons-logging/commons-logging/1.2/commons-logging-1.2.jar:/Users/sameer.shaik/.m2/repository/org/jenkins-ci/main/jenkins-test-harness/1847.v10c7a_4c2e344/jenkins-test-harness-1847.v10c7a_4c2e344.jar:/Users/sameer.shaik/.m2/repository/org/jenkins-ci/main/jenkins-test-harness-htmlunit/115.v76ea_b_b_b_2e167/jenkins-test-harness-htmlunit-115.v76ea_b_b_b_2e167.jar:/Users/sameer.shaik/.m2/repository/commons-net/commons-net/3.8.0/commons-net-3.8.0.jar:/Users/sameer.shaik/.m2/repository/org/brotli/dec/0.1.2/dec-0.1.2.jar:/Users/sameer.shaik/.m2/repository/com/shapesecurity/salvation2/3.0.1/salvation2-3.0.1.jar:/Users/sameer.shaik/.m2/repository/io/jenkins/lib/support-log-formatter/1.1/support-log-formatter-1.1.jar:/Users/sameer.shaik/.m2/repository/org/eclipse/jetty/jetty-security/9.4.48.v20220622/jetty-security-9.4.48.v20220622.jar:/Users/sameer.shaik/.m2/repository/org/eclipse/jetty/jetty-server/9.4.48.v20220622/jetty-server-9.4.48.v20220622.jar:/Users/sameer.shaik/.m2/repository/org/eclipse/jetty/jetty-io/9.4.48.v20220622/jetty-io-9.4.48.v20220622.jar:/Users/sameer.shaik/.m2/repository/org/eclipse/jetty/jetty-webapp/9.4.48.v20220622/jetty-webapp-9.4.48.v20220622.jar:/Users/sameer.shaik/.m2/repository/org/eclipse/jetty/jetty-xml/9.4.48.v20220622/jetty-xml-9.4.48.v20220622.jar:/Users/sameer.shaik/.m2/repository/org/eclipse/jetty/jetty-util/9.4.48.v20220622/jetty-util-9.4.48.v20220622.jar:/Users/sameer.shaik/.m2/repository/org/eclipse/jetty/jetty-servlet/9.4.48.v20220622/jetty-servlet-9.4.48.v20220622.jar:/Users/sameer.shaik/.m2/repository/org/eclipse/jetty/jetty-util-ajax/9.4.48.v20220622/jetty-util-ajax-9.4.48.v20220622.jar:/Users/sameer.shaik/.m2/repository/org/eclipse/jetty/websocket/websocket-api/9.4.48.v20220622/websocket-api-9.4.48.v20220622.jar:/Users/sameer.shaik/.m2/repository/org/eclipse/jetty/websocket/websocket-server/9.4.48.v20220622/websocket-server-9.4.48.v20220622.jar:/Users/sameer.shaik/.m2/repository/org/eclipse/jetty/websocket/websocket-common/9.4.48.v20220622/websocket-common-9.4.48.v20220622.jar:/Users/sameer.shaik/.m2/repository/org/eclipse/jetty/websocket/websocket-client/9.4.48.v20220622/websocket-client-9.4.48.v20220622.jar:/Users/sameer.shaik/.m2/repository/org/eclipse/jetty/jetty-client/9.4.48.v20220622/jetty-client-9.4.48.v20220622.jar:/Users/sameer.shaik/.m2/repository/org/eclipse/jetty/websocket/websocket-servlet/9.4.48.v20220622/websocket-servlet-9.4.48.v20220622.jar:/Users/sameer.shaik/.m2/repository/org/eclipse/jetty/jetty-http/9.4.48.v20220622/jetty-http-9.4.48.v20220622.jar:/Users/sameer.shaik/.m2/repository/org/hamcrest/hamcrest/2.2/hamcrest-2.2.jar:/Users/sameer.shaik/.m2/repository/org/hamcrest/hamcrest-library/2.2/hamcrest-library-2.2.jar:/Users/sameer.shaik/.m2/repository/org/junit/jupiter/junit-jupiter-api/5.9.1/junit-jupiter-api-5.9.1.jar:/Users/sameer.shaik/.m2/repository/org/opentest4j/opentest4j/1.2.0/opentest4j-1.2.0.jar:/Users/sameer.shaik/.m2/repository/org/junit/platform/junit-platform-commons/1.9.1/junit-platform-commons-1.9.1.jar:/Users/sameer.shaik/.m2/repository/org/jvnet/hudson/embedded-rhino-debugger/1.2/embedded-rhino-debugger-1.2.jar:/Users/sameer.shaik/.m2/repository/org/netbeans/modules/org-netbeans-insane/RELEASE150/org-netbeans-insane-RELEASE150.jar:/Users/sameer.shaik/.m2/repository/org/openjdk/jmh/jmh-core/1.35/jmh-core-1.35.jar:/Users/sameer.shaik/.m2/repository/net/sf/jopt-simple/jopt-simple/5.0.4/jopt-simple-5.0.4.jar:/Users/sameer.shaik/.m2/repository/org/apache/commons/commons-math3/3.2/commons-math3-3.2.jar:/Users/sameer.shaik/.m2/repository/org/openjdk/jmh/jmh-generator-annprocess/1.35/jmh-generator-annprocess-1.35.jar:/Users/sameer.shaik/.m2/repository/org/jenkins-ci/test-annotations/1.4/test-annotations-1.4.jar:/Users/sameer.shaik/.m2/repository/org/junit/jupiter/junit-jupiter/5.9.1/junit-jupiter-5.9.1.jar:/Users/sameer.shaik/.m2/repository/org/junit/jupiter/junit-jupiter-params/5.9.1/junit-jupiter-params-5.9.1.jar:/Users/sameer.shaik/.m2/repository/org/junit/jupiter/junit-jupiter-engine/5.9.1/junit-jupiter-engine-5.9.1.jar:/Users/sameer.shaik/.m2/repository/org/junit/vintage/junit-vintage-engine/5.9.1/junit-vintage-engine-5.9.1.jar:/Users/sameer.shaik/.m2/repository/org/junit/platform/junit-platform-engine/1.9.1/junit-platform-engine-1.9.1.jar:/Users/sameer.shaik/.m2/repository/org/apiguardian/apiguardian-api/1.1.2/apiguardian-api-1.1.2.jar:"/>
    <property name="java.vm.vendor" value="OpenLogic"/>
    <property name="sun.arch.data.model" value="64"/>
    <property name="sun.font.fontmanager" value="sun.font.CFontManager"/>
    <property name="java.vendor.url" value="https://openlogic.com/"/>
    <property name="user.timezone" value="Asia/Kolkata"/>
    <property name="os.name" value="Mac OS X"/>
    <property name="java.vm.specification.version" value="17"/>
    <property name="user.country" value="US"/>
    <property name="sun.java.launcher" value="SUN_STANDARD"/>
    <property name="sun.boot.library.path" value="/Library/Java/JavaVirtualMachines/openlogic-openjdk-17.jdk/Contents/Home/lib"/>
    <property name="sun.java.command" value="/Users/sameer.shaik/MyWorkSpace/17OctV2.2.3-New-BitBucketIssueFixed/conjur-credentials-plugin/target/surefire/surefirebooter-20241022181310871_25.jar /Users/sameer.shaik/MyWorkSpace/17OctV2.2.3-New-BitBucketIssueFixed/conjur-credentials-plugin/target/surefire 2024-10-22T18-13-08_961-jvmRun1 surefire-20241022181310871_23tmp surefire_2-20241022181310871_24tmp"/>
    <property name="jdk.debug" value="release"/>
    <property name="surefire.test.class.path" value="/Users/sameer.shaik/MyWorkSpace/17OctV2.2.3-New-BitBucketIssueFixed/conjur-credentials-plugin/target/test-classes:/Users/sameer.shaik/MyWorkSpace/17OctV2.2.3-New-BitBucketIssueFixed/conjur-credentials-plugin/target/classes:/Users/sameer.shaik/.m2/repository/org/jenkins-ci/plugins/cloudbees-folder/6.740.ve4f4ffa_dea_54/cloudbees-folder-6.740.ve4f4ffa_dea_54.jar:/Users/sameer.shaik/.m2/repository/org/jenkins-ci/plugins/credentials/1087.1089.v2f1b_9a_b_040e4/credentials-1087.1089.v2f1b_9a_b_040e4.jar:/Users/sameer.shaik/.m2/repository/org/jenkins-ci/plugins/structs/324.va_f5d6774f3a_d/structs-324.va_f5d6774f3a_d.jar:/Users/sameer.shaik/.m2/repository/org/antlr/antlr4-runtime/4.9.3/antlr4-runtime-4.9.3.jar:/Users/sameer.shaik/.m2/repository/org/jenkins-ci/plugins/credentials-binding/523.vd859a_4b_122e6/credentials-binding-523.vd859a_4b_122e6.jar:/Users/sameer.shaik/.m2/repository/org/jenkins-ci/plugins/plain-credentials/139.ved2b_9cf7587b/plain-credentials-139.ved2b_9cf7587b.jar:/Users/sameer.shaik/.m2/repository/org/jenkins-ci/plugins/workflow/workflow-step-api/639.v6eca_cd8c04a_a_/workflow-step-api-639.v6eca_cd8c04a_a_.jar:/Users/sameer.shaik/.m2/repository/org/jenkins-ci/plugins/ssh-credentials/277.280.v1e86b_7d0056b_/ssh-credentials-277.280.v1e86b_7d0056b_.jar:/Users/sameer.shaik/.m2/repository/org/jenkins-ci/plugins/trilead-api/1.67.vc3938a_35172f/trilead-api-1.67.vc3938a_35172f.jar:/Users/sameer.shaik/.m2/repository/org/jenkins-ci/trilead-ssh2/build-217-jenkins-27/trilead-ssh2-build-217-jenkins-27.jar:/Users/sameer.shaik/.m2/repository/net/i2p/crypto/eddsa/0.3.0/eddsa-0.3.0.jar:/Users/sameer.shaik/.m2/repository/com/google/crypto/tink/tink/1.5.0/tink-1.5.0.jar:/Users/sameer.shaik/.m2/repository/com/google/protobuf/protobuf-java/3.11.1/protobuf-java-3.11.1.jar:/Users/sameer.shaik/.m2/repository/org/kohsuke/trilead-putty-extension/1.2/trilead-putty-extension-1.2.jar:/Users/sameer.shaik/.m2/repository/org/jenkins-ci/modules/instance-identity/2.2/instance-identity-2.2.jar:/Users/sameer.shaik/.m2/repository/io/github/stephenc/crypto/self-signed-cert-generator/1.0.0/self-signed-cert-generator-1.0.0.jar:/Users/sameer.shaik/.m2/repository/org/jetbrains/kotlin/kotlin-stdlib-common/1.6.20/kotlin-stdlib-common-1.6.20.jar:/Users/sameer.shaik/.m2/repository/com/squareup/okhttp3/okhttp/4.10.0/okhttp-4.10.0.jar:/Users/sameer.shaik/.m2/repository/com/squareup/okio/okio-jvm/3.0.0/okio-jvm-3.0.0.jar:/Users/sameer.shaik/.m2/repository/org/jetbrains/kotlin/kotlin-stdlib-jdk8/1.5.31/kotlin-stdlib-jdk8-1.5.31.jar:/Users/sameer.shaik/.m2/repository/org/jetbrains/kotlin/kotlin-stdlib-jdk7/1.5.31/kotlin-stdlib-jdk7-1.5.31.jar:/Users/sameer.shaik/.m2/repository/org/jetbrains/kotlin/kotlin-stdlib/1.6.20/kotlin-stdlib-1.6.20.jar:/Users/sameer.shaik/.m2/repository/org/jetbrains/annotations/13.0/annotations-13.0.jar:/Users/sameer.shaik/.m2/repository/com/fasterxml/jackson/core/jackson-databind/2.14.0/jackson-databind-2.14.0.jar:/Users/sameer.shaik/.m2/repository/com/fasterxml/jackson/core/jackson-annotations/2.14.0/jackson-annotations-2.14.0.jar:/Users/sameer.shaik/.m2/repository/com/fasterxml/jackson/core/jackson-core/2.14.0/jackson-core-2.14.0.jar:/Users/sameer.shaik/.m2/repository/org/jenkins-ci/plugins/jackson2-api/2.13.4.20221013-295.v8e29ea_354141/jackson2-api-2.13.4.20221013-295.v8e29ea_354141.jar:/Users/sameer.shaik/.m2/repository/com/fasterxml/jackson/datatype/jackson-datatype-jsr310/2.13.4/jackson-datatype-jsr310-2.13.4.jar:/Users/sameer.shaik/.m2/repository/com/fasterxml/jackson/datatype/jackson-datatype-jdk8/2.13.4/jackson-datatype-jdk8-2.13.4.jar:/Users/sameer.shaik/.m2/repository/com/fasterxml/jackson/datatype/jackson-datatype-json-org/2.13.4/jackson-datatype-json-org-2.13.4.jar:/Users/sameer.shaik/.m2/repository/org/json/json/20190722/json-20190722.jar:/Users/sameer.shaik/.m2/repository/com/fasterxml/jackson/module/jackson-module-parameter-names/2.13.4/jackson-module-parameter-names-2.13.4.jar:/Users/sameer.shaik/.m2/repository/com/fasterxml/jackson/module/jackson-module-jaxb-annotations/2.13.4/jackson-module-jaxb-annotations-2.13.4.jar:/Users/sameer.shaik/.m2/repository/com/fasterxml/jackson/dataformat/jackson-dataformat-cbor/2.13.4/jackson-dataformat-cbor-2.13.4.jar:/Users/sameer.shaik/.m2/repository/com/fasterxml/jackson/dataformat/jackson-dataformat-xml/2.13.4/jackson-dataformat-xml-2.13.4.jar:/Users/sameer.shaik/.m2/repository/org/codehaus/woodstox/stax2-api/4.2.1/stax2-api-4.2.1.jar:/Users/sameer.shaik/.m2/repository/com/fasterxml/woodstox/woodstox-core/6.3.1/woodstox-core-6.3.1.jar:/Users/sameer.shaik/.m2/repository/com/fasterxml/jackson/dataformat/jackson-dataformat-yaml/2.13.4/jackson-dataformat-yaml-2.13.4.jar:/Users/sameer.shaik/.m2/repository/io/jenkins/plugins/javax-activation-api/1.2.0-5/javax-activation-api-1.2.0-5.jar:/Users/sameer.shaik/.m2/repository/com/sun/activation/javax.activation/1.2.0/javax.activation-1.2.0.jar:/Users/sameer.shaik/.m2/repository/io/jenkins/plugins/jaxb/2.3.6-1/jaxb-2.3.6-1.jar:/Users/sameer.shaik/.m2/repository/com/sun/xml/bind/jaxb-impl/2.3.6/jaxb-impl-2.3.6.jar:/Users/sameer.shaik/.m2/repository/javax/xml/bind/jaxb-api/2.3.1/jaxb-api-2.3.1.jar:/Users/sameer.shaik/.m2/repository/io/jenkins/plugins/snakeyaml-api/1.30.2-76.vc104f7ce9870/snakeyaml-api-1.30.2-76.vc104f7ce9870.jar:/Users/sameer.shaik/.m2/repository/org/yaml/snakeyaml/1.30/snakeyaml-1.30.jar:/Users/sameer.shaik/.m2/repository/org/bitbucket/b_c/jose4j/0.7.9/jose4j-0.7.9.jar:/Users/sameer.shaik/.m2/repository/com/google/code/gson/gson/2.8.9/gson-2.8.9.jar:/Users/sameer.shaik/.m2/repository/org/jenkins-ci/plugins/workflow/workflow-basic-steps/994.vd57e3ca_46d24/workflow-basic-steps-994.vd57e3ca_46d24.jar:/Users/sameer.shaik/.m2/repository/org/jenkins-ci/plugins/mailer/435.438.v5b_81173f5b_a_1/mailer-435.438.v5b_81173f5b_a_1.jar:/Users/sameer.shaik/.m2/repository/org/jenkins-ci/plugins/display-url-api/2.3.6/display-url-api-2.3.6.jar:/Users/sameer.shaik/.m2/repository/org/jenkins-ci/plugins/workflow/workflow-api/1200.v8005c684b_a_c6/workflow-api-1200.v8005c684b_a_c6.jar:/Users/sameer.shaik/.m2/repository/org/jenkins-ci/plugins/apache-httpcomponents-client-4-api/4.5.13-138.v4e7d9a_7b_a_e61/apache-httpcomponents-client-4-api-4.5.13-138.v4e7d9a_7b_a_e61.jar:/Users/sameer.shaik/.m2/repository/org/apache/httpcomponents/httpcore/4.4.15/httpcore-4.4.15.jar:/Users/sameer.shaik/.m2/repository/org/apache/httpcomponents/httpcore-nio/4.4.15/httpcore-nio-4.4.15.jar:/Users/sameer.shaik/.m2/repository/org/apache/httpcomponents/httpclient/4.5.13/httpclient-4.5.13.jar:/Users/sameer.shaik/.m2/repository/org/apache/httpcomponents/httpmime/4.5.13/httpmime-4.5.13.jar:/Users/sameer.shaik/.m2/repository/org/apache/httpcomponents/fluent-hc/4.5.13/fluent-hc-4.5.13.jar:/Users/sameer.shaik/.m2/repository/org/apache/httpcomponents/httpclient-cache/4.5.13/httpclient-cache-4.5.13.jar:/Users/sameer.shaik/.m2/repository/org/apache/httpcomponents/httpasyncclient/4.1.4/httpasyncclient-4.1.4.jar:/Users/sameer.shaik/.m2/repository/org/apache/httpcomponents/httpasyncclient-cache/4.1.4/httpasyncclient-cache-4.1.4.jar:/Users/sameer.shaik/.m2/repository/io/jenkins/plugins/jakarta-mail-api/2.0.1-2/jakarta-mail-api-2.0.1-2.jar:/Users/sameer.shaik/.m2/repository/com/sun/mail/jakarta.mail/2.0.1/jakarta.mail-2.0.1.jar:/Users/sameer.shaik/.m2/repository/io/jenkins/plugins/jakarta-activation-api/2.0.1-2/jakarta-activation-api-2.0.1-2.jar:/Users/sameer.shaik/.m2/repository/com/sun/activation/jakarta.activation/2.0.1/jakarta.activation-2.0.1.jar:/Users/sameer.shaik/.m2/repository/org/jenkins-ci/plugins/workflow/workflow-cps/2729.vea_17b_79ed57a_/workflow-cps-2729.vea_17b_79ed57a_.jar:/Users/sameer.shaik/.m2/repository/org/jenkins-ci/plugins/workflow/workflow-support/839.v35e2736cfd5c/workflow-support-839.v35e2736cfd5c.jar:/Users/sameer.shaik/.m2/repository/io/jenkins/plugins/caffeine-api/2.9.3-65.v6a_47d0f4d1fe/caffeine-api-2.9.3-65.v6a_47d0f4d1fe.jar:/Users/sameer.shaik/.m2/repository/com/github/ben-manes/caffeine/caffeine/2.9.3/caffeine-2.9.3.jar:/Users/sameer.shaik/.m2/repository/org/jboss/marshalling/jboss-marshalling-river/2.1.0.Final/jboss-marshalling-river-2.1.0.Final.jar:/Users/sameer.shaik/.m2/repository/org/jboss/marshalling/jboss-marshalling/2.1.0.Final/jboss-marshalling-2.1.0.Final.jar:/Users/sameer.shaik/.m2/repository/org/jenkins-ci/plugins/workflow/workflow-scm-step/400.v6b_89a_1317c9a_/workflow-scm-step-400.v6b_89a_1317c9a_.jar:/Users/sameer.shaik/.m2/repository/org/jenkins-ci/plugins/script-security/1183.v774b_0b_0a_a_451/script-security-1183.v774b_0b_0a_a_451.jar:/Users/sameer.shaik/.m2/repository/org/kohsuke/groovy-sandbox/1.27/groovy-sandbox-1.27.jar:/Users/sameer.shaik/.m2/repository/org/jenkins-ci/plugins/scm-api/621.vda_a_b_055e58f7/scm-api-621.vda_a_b_055e58f7.jar:/Users/sameer.shaik/.m2/repository/com/cloudbees/groovy-cps/1.32/groovy-cps-1.32.jar:/Users/sameer.shaik/.m2/repository/org/jenkins-ci/ui/ace-editor/1.1/ace-editor-1.1.jar:/Users/sameer.shaik/.m2/repository/com/cloudbees/diff4j/1.3/diff4j-1.3.jar:/Users/sameer.shaik/.m2/repository/org/jenkins-ci/plugins/workflow/workflow-durable-task-step/1190.vc93d7d457042/workflow-durable-task-step-1190.vc93d7d457042.jar:/Users/sameer.shaik/.m2/repository/org/jenkins-ci/plugins/durable-task/500.v8927d9fd99d8/durable-task-500.v8927d9fd99d8.jar:/Users/sameer.shaik/.m2/repository/io/jenkins/plugins/lib-durable-task/25.v6c906af81ee2/lib-durable-task-25.v6c906af81ee2.jar:/Users/sameer.shaik/.m2/repository/org/jenkins-ci/plugins/workflow/workflow-job/1189.va_d37a_e9e4eda_/workflow-job-1189.va_d37a_e9e4eda_.jar:/Users/sameer.shaik/.m2/repository/junit/junit/4.13.2/junit-4.13.2.jar:/Users/sameer.shaik/.m2/repository/org/hamcrest/hamcrest-core/2.2/hamcrest-core-2.2.jar:/Users/sameer.shaik/.m2/repository/org/mockito/mockito-inline/3.11.2/mockito-inline-3.11.2.jar:/Users/sameer.shaik/.m2/repository/org/mockito/mockito-core/4.8.0/mockito-core-4.8.0.jar:/Users/sameer.shaik/.m2/repository/net/bytebuddy/byte-buddy/1.12.14/byte-buddy-1.12.14.jar:/Users/sameer.shaik/.m2/repository/net/bytebuddy/byte-buddy-agent/1.12.14/byte-buddy-agent-1.12.14.jar:/Users/sameer.shaik/.m2/repository/org/objenesis/objenesis/3.3/objenesis-3.3.jar:/Users/sameer.shaik/.m2/repository/org/javassist/javassist/3.24.1-GA/javassist-3.24.1-GA.jar:/Users/sameer.shaik/.m2/repository/ch/qos/logback/logback-classic/1.4.7/logback-classic-1.4.7.jar:/Users/sameer.shaik/.m2/repository/ch/qos/logback/logback-core/1.4.7/logback-core-1.4.7.jar:/Users/sameer.shaik/.m2/repository/org/assertj/assertj-core/3.15.0/assertj-core-3.15.0.jar:/Users/sameer.shaik/.m2/repository/org/slf4j/slf4j-api/2.0.4/slf4j-api-2.0.4.jar:/Users/sameer.shaik/.m2/repository/com/thoughtworks/xstream/xstream/1.4.20/xstream-1.4.20.jar:/Users/sameer.shaik/.m2/repository/io/github/x-stream/mxparser/1.2.2/mxparser-1.2.2.jar:/Users/sameer.shaik/.m2/repository/xmlpull/xmlpull/1.1.3.1/xmlpull-1.1.3.1.jar:/Users/sameer.shaik/.m2/repository/org/jenkins-ci/main/jenkins-core/2.346.3/jenkins-core-2.346.3.jar:/Users/sameer.shaik/.m2/repository/org/jenkins-ci/main/cli/2.346.3/cli-2.346.3.jar:/Users/sameer.shaik/.m2/repository/org/jenkins-ci/main/remoting/4.13.3/remoting-4.13.3.jar:/Users/sameer.shaik/.m2/repository/antlr/antlr/2.7.7/antlr-2.7.7.jar:/Users/sameer.shaik/.m2/repository/args4j/args4j/2.33/args4j-2.33.jar:/Users/sameer.shaik/.m2/repository/com/github/spotbugs/spotbugs-annotations/4.6.0/spotbugs-annotations-4.6.0.jar:/Users/sameer.shaik/.m2/repository/com/google/guava/guava/31.1-jre/guava-31.1-jre.jar:/Users/sameer.shaik/.m2/repository/com/google/guava/failureaccess/1.0.1/failureaccess-1.0.1.jar:/Users/sameer.shaik/.m2/repository/com/google/guava/listenablefuture/9999.0-empty-to-avoid-conflict-with-guava/listenablefuture-9999.0-empty-to-avoid-conflict-with-guava.jar:/Users/sameer.shaik/.m2/repository/com/google/code/findbugs/jsr305/3.0.1/jsr305-3.0.1.jar:/Users/sameer.shaik/.m2/repository/com/google/inject/guice/5.0.1/guice-5.0.1.jar:/Users/sameer.shaik/.m2/repository/javax/inject/javax.inject/1/javax.inject-1.jar:/Users/sameer.shaik/.m2/repository/com/infradna/tool/bridge-method-annotation/1.23/bridge-method-annotation-1.23.jar:/Users/sameer.shaik/.m2/repository/com/jcraft/jzlib/1.1.3-kohsuke-1/jzlib-1.1.3-kohsuke-1.jar:/Users/sameer.shaik/.m2/repository/com/sun/solaris/embedded_su4j/1.1/embedded_su4j-1.1.jar:/Users/sameer.shaik/.m2/repository/com/sun/xml/txw2/txw2/20110809/txw2-20110809.jar:/Users/sameer.shaik/.m2/repository/relaxngDatatype/relaxngDatatype/20020414/relaxngDatatype-20020414.jar:/Users/sameer.shaik/.m2/repository/commons-beanutils/commons-beanutils/1.9.4/commons-beanutils-1.9.4.jar:/Users/sameer.shaik/.m2/repository/commons-codec/commons-codec/1.15/commons-codec-1.15.jar:/Users/sameer.shaik/.m2/repository/commons-collections/commons-collections/3.2.2/commons-collections-3.2.2.jar:/Users/sameer.shaik/.m2/repository/commons-fileupload/commons-fileupload/1.4/commons-fileupload-1.4.jar:/Users/sameer.shaik/.m2/repository/commons-httpclient/commons-httpclient/3.1-jenkins-3/commons-httpclient-3.1-jenkins-3.jar:/Users/sameer.shaik/.m2/repository/commons-io/commons-io/2.11.0/commons-io-2.11.0.jar:/Users/sameer.shaik/.m2/repository/commons-jelly/commons-jelly-tags-fmt/1.0/commons-jelly-tags-fmt-1.0.jar:/Users/sameer.shaik/.m2/repository/commons-jelly/commons-jelly-tags-xml/1.1/commons-jelly-tags-xml-1.1.jar:/Users/sameer.shaik/.m2/repository/commons-lang/commons-lang/2.6/commons-lang-2.6.jar:/Users/sameer.shaik/.m2/repository/io/jenkins/stapler/jenkins-stapler-support/1.1/jenkins-stapler-support-1.1.jar:/Users/sameer.shaik/.m2/repository/jakarta/servlet/jsp/jstl/jakarta.servlet.jsp.jstl-api/1.2.7/jakarta.servlet.jsp.jstl-api-1.2.7.jar:/Users/sameer.shaik/.m2/repository/jaxen/jaxen/1.2.0/jaxen-1.2.0.jar:/Users/sameer.shaik/.m2/repository/jline/jline/2.14.6/jline-2.14.6.jar:/Users/sameer.shaik/.m2/repository/net/java/dev/jna/jna/5.11.0/jna-5.11.0.jar:/Users/sameer.shaik/.m2/repository/net/java/sezpoz/sezpoz/1.13/sezpoz-1.13.jar:/Users/sameer.shaik/.m2/repository/net/sf/kxml/kxml2/2.3.0/kxml2-2.3.0.jar:/Users/sameer.shaik/.m2/repository/org/apache/ant/ant/1.10.12/ant-1.10.12.jar:/Users/sameer.shaik/.m2/repository/org/apache/ant/ant-launcher/1.10.12/ant-launcher-1.10.12.jar:/Users/sameer.shaik/.m2/repository/org/apache/commons/commons-compress/1.21/commons-compress-1.21.jar:/Users/sameer.shaik/.m2/repository/org/codehaus/groovy/groovy-all/2.4.21/groovy-all-2.4.21.jar:/Users/sameer.shaik/.m2/repository/org/connectbot/jbcrypt/jbcrypt/1.0.0/jbcrypt-1.0.0.jar:/Users/sameer.shaik/.m2/repository/org/fusesource/jansi/jansi/1.11/jansi-1.11.jar:/Users/sameer.shaik/.m2/repository/org/jenkins-ci/annotation-indexer/1.16/annotation-indexer-1.16.jar:/Users/sameer.shaik/.m2/repository/org/jenkins-ci/commons-jexl/1.1-jenkins-20111212/commons-jexl-1.1-jenkins-20111212.jar:/Users/sameer.shaik/.m2/repository/org/jenkins-ci/crypto-util/1.7/crypto-util-1.7.jar:/Users/sameer.shaik/.m2/repository/org/jenkins-ci/memory-monitor/1.11/memory-monitor-1.11.jar:/Users/sameer.shaik/.m2/repository/org/jenkins-ci/symbol-annotation/1.1/symbol-annotation-1.1.jar:/Users/sameer.shaik/.m2/repository/org/jenkins-ci/task-reactor/1.7/task-reactor-1.7.jar:/Users/sameer.shaik/.m2/repository/org/jenkins-ci/version-number/1.10/version-number-1.10.jar:/Users/sameer.shaik/.m2/repository/org/jfree/jfreechart/1.0.19/jfreechart-1.0.19.jar:/Users/sameer.shaik/.m2/repository/org/jfree/jcommon/1.0.23/jcommon-1.0.23.jar:/Users/sameer.shaik/.m2/repository/org/jvnet/hudson/commons-jelly-tags-define/1.0.1-hudson-20071021/commons-jelly-tags-define-1.0.1-hudson-20071021.jar:/Users/sameer.shaik/.m2/repository/org/jvnet/localizer/localizer/1.31/localizer-1.31.jar:/Users/sameer.shaik/.m2/repository/org/jvnet/robust-http-client/robust-http-client/1.2/robust-http-client-1.2.jar:/Users/sameer.shaik/.m2/repository/org/jvnet/winp/winp/1.28/winp-1.28.jar:/Users/sameer.shaik/.m2/repository/org/kohsuke/access-modifier-annotation/1.27/access-modifier-annotation-1.27.jar:/Users/sameer.shaik/.m2/repository/org/kohsuke/windows-package-checker/1.2/windows-package-checker-1.2.jar:/Users/sameer.shaik/.m2/repository/org/kohsuke/jinterop/j-interop/2.0.8-kohsuke-1/j-interop-2.0.8-kohsuke-1.jar:/Users/sameer.shaik/.m2/repository/org/kohsuke/jinterop/j-interopdeps/2.0.8-kohsuke-1/j-interopdeps-2.0.8-kohsuke-1.jar:/Users/sameer.shaik/.m2/repository/org/samba/jcifs/jcifs/1.3.18-kohsuke-1/jcifs-1.3.18-kohsuke-1.jar:/Users/sameer.shaik/.m2/repository/org/kohsuke/stapler/json-lib/2.4-jenkins-3/json-lib-2.4-jenkins-3.jar:/Users/sameer.shaik/.m2/repository/net/sf/ezmorph/ezmorph/1.0.6/ezmorph-1.0.6.jar:/Users/sameer.shaik/.m2/repository/org/kohsuke/stapler/stapler/1669.v95a_4b_919a_b_a_2/stapler-1669.v95a_4b_919a_b_a_2.jar:/Users/sameer.shaik/.m2/repository/commons-discovery/commons-discovery/0.5/commons-discovery-0.5.jar:/Users/sameer.shaik/.m2/repository/javax/annotation/javax.annotation-api/1.3.2/javax.annotation-api-1.3.2.jar:/Users/sameer.shaik/.m2/repository/jakarta/annotation/jakarta.annotation-api/2.0.0/jakarta.annotation-api-2.0.0.jar:/Users/sameer.shaik/.m2/repository/org/jvnet/tiger-types/2.2/tiger-types-2.2.jar:/Users/sameer.shaik/.m2/repository/org/kohsuke/stapler/stapler-adjunct-codemirror/1.3/stapler-adjunct-codemirror-1.3.jar:/Users/sameer.shaik/.m2/repository/org/kohsuke/stapler/stapler-adjunct-timeline/1.5/stapler-adjunct-timeline-1.5.jar:/Users/sameer.shaik/.m2/repository/org/kohsuke/stapler/stapler-groovy/1669.v95a_4b_919a_b_a_2/stapler-groovy-1669.v95a_4b_919a_b_a_2.jar:/Users/sameer.shaik/.m2/repository/org/kohsuke/stapler/stapler-jelly/1669.v95a_4b_919a_b_a_2/stapler-jelly-1669.v95a_4b_919a_b_a_2.jar:/Users/sameer.shaik/.m2/repository/org/dom4j/dom4j/2.1.3/dom4j-2.1.3.jar:/Users/sameer.shaik/.m2/repository/org/jenkins-ci/commons-jelly/1.1-jenkins-20220125/commons-jelly-1.1-jenkins-20220125.jar:/Users/sameer.shaik/.m2/repository/org/ow2/asm/asm/9.3/asm-9.3.jar:/Users/sameer.shaik/.m2/repository/org/ow2/asm/asm-analysis/9.3/asm-analysis-9.3.jar:/Users/sameer.shaik/.m2/repository/org/ow2/asm/asm-commons/9.3/asm-commons-9.3.jar:/Users/sameer.shaik/.m2/repository/org/ow2/asm/asm-tree/9.3/asm-tree-9.3.jar:/Users/sameer.shaik/.m2/repository/org/ow2/asm/asm-util/9.3/asm-util-9.3.jar:/Users/sameer.shaik/.m2/repository/org/slf4j/jcl-over-slf4j/1.7.36/jcl-over-slf4j-1.7.36.jar:/Users/sameer.shaik/.m2/repository/org/slf4j/log4j-over-slf4j/1.7.36/log4j-over-slf4j-1.7.36.jar:/Users/sameer.shaik/.m2/repository/org/springframework/security/spring-security-web/5.6.3/spring-security-web-5.6.3.jar:/Users/sameer.shaik/.m2/repository/org/springframework/security/spring-security-core/5.6.3/spring-security-core-5.6.3.jar:/Users/sameer.shaik/.m2/repository/org/springframework/security/spring-security-crypto/5.6.3/spring-security-crypto-5.6.3.jar:/Users/sameer.shaik/.m2/repository/org/springframework/spring-core/5.3.20/spring-core-5.3.20.jar:/Users/sameer.shaik/.m2/repository/org/springframework/spring-aop/5.3.20/spring-aop-5.3.20.jar:/Users/sameer.shaik/.m2/repository/org/springframework/spring-beans/5.3.20/spring-beans-5.3.20.jar:/Users/sameer.shaik/.m2/repository/org/springframework/spring-context/5.3.20/spring-context-5.3.20.jar:/Users/sameer.shaik/.m2/repository/org/springframework/spring-expression/5.3.20/spring-expression-5.3.20.jar:/Users/sameer.shaik/.m2/repository/org/springframework/spring-web/5.3.20/spring-web-5.3.20.jar:/Users/sameer.shaik/.m2/repository/xpp3/xpp3/1.1.4c/xpp3-1.1.4c.jar:/Users/sameer.shaik/.m2/repository/org/jenkins-ci/main/jenkins-war/2.346.3/jenkins-war-2.346.3.war:/Users/sameer.shaik/.m2/repository/org/jenkins-ci/modules/launchd-slave-installer/1.2/launchd-slave-installer-1.2.jar:/Users/sameer.shaik/.m2/repository/org/jenkins-ci/modules/slave-installer/1.7/slave-installer-1.7.jar:/Users/sameer.shaik/.m2/repository/org/jenkins-ci/modules/systemd-slave-installer/1.1/systemd-slave-installer-1.1.jar:/Users/sameer.shaik/.m2/repository/org/jenkins-ci/modules/upstart-slave-installer/1.1/upstart-slave-installer-1.1.jar:/Users/sameer.shaik/.m2/repository/org/jenkins-ci/modules/windows-slave-installer/2.0/windows-slave-installer-2.0.jar:/Users/sameer.shaik/.m2/repository/org/slf4j/slf4j-jdk14/1.7.36/slf4j-jdk14-1.7.36.jar:/Users/sameer.shaik/.m2/repository/javax/servlet/javax.servlet-api/3.1.0/javax.servlet-api-3.1.0.jar:/Users/sameer.shaik/.m2/repository/net/jcip/jcip-annotations/1.0/jcip-annotations-1.0.jar:/Users/sameer.shaik/.m2/repository/org/codehaus/mojo/animal-sniffer-annotations/1.22/animal-sniffer-annotations-1.22.jar:/Users/sameer.shaik/.m2/repository/commons-logging/commons-logging/1.2/commons-logging-1.2.jar:/Users/sameer.shaik/.m2/repository/org/jenkins-ci/main/jenkins-test-harness/1847.v10c7a_4c2e344/jenkins-test-harness-1847.v10c7a_4c2e344.jar:/Users/sameer.shaik/.m2/repository/org/jenkins-ci/main/jenkins-test-harness-htmlunit/115.v76ea_b_b_b_2e167/jenkins-test-harness-htmlunit-115.v76ea_b_b_b_2e167.jar:/Users/sameer.shaik/.m2/repository/commons-net/commons-net/3.8.0/commons-net-3.8.0.jar:/Users/sameer.shaik/.m2/repository/org/brotli/dec/0.1.2/dec-0.1.2.jar:/Users/sameer.shaik/.m2/repository/com/shapesecurity/salvation2/3.0.1/salvation2-3.0.1.jar:/Users/sameer.shaik/.m2/repository/io/jenkins/lib/support-log-formatter/1.1/support-log-formatter-1.1.jar:/Users/sameer.shaik/.m2/repository/org/eclipse/jetty/jetty-security/9.4.48.v20220622/jetty-security-9.4.48.v20220622.jar:/Users/sameer.shaik/.m2/repository/org/eclipse/jetty/jetty-server/9.4.48.v20220622/jetty-server-9.4.48.v20220622.jar:/Users/sameer.shaik/.m2/repository/org/eclipse/jetty/jetty-io/9.4.48.v20220622/jetty-io-9.4.48.v20220622.jar:/Users/sameer.shaik/.m2/repository/org/eclipse/jetty/jetty-webapp/9.4.48.v20220622/jetty-webapp-9.4.48.v20220622.jar:/Users/sameer.shaik/.m2/repository/org/eclipse/jetty/jetty-xml/9.4.48.v20220622/jetty-xml-9.4.48.v20220622.jar:/Users/sameer.shaik/.m2/repository/org/eclipse/jetty/jetty-util/9.4.48.v20220622/jetty-util-9.4.48.v20220622.jar:/Users/sameer.shaik/.m2/repository/org/eclipse/jetty/jetty-servlet/9.4.48.v20220622/jetty-servlet-9.4.48.v20220622.jar:/Users/sameer.shaik/.m2/repository/org/eclipse/jetty/jetty-util-ajax/9.4.48.v20220622/jetty-util-ajax-9.4.48.v20220622.jar:/Users/sameer.shaik/.m2/repository/org/eclipse/jetty/websocket/websocket-api/9.4.48.v20220622/websocket-api-9.4.48.v20220622.jar:/Users/sameer.shaik/.m2/repository/org/eclipse/jetty/websocket/websocket-server/9.4.48.v20220622/websocket-server-9.4.48.v20220622.jar:/Users/sameer.shaik/.m2/repository/org/eclipse/jetty/websocket/websocket-common/9.4.48.v20220622/websocket-common-9.4.48.v20220622.jar:/Users/sameer.shaik/.m2/repository/org/eclipse/jetty/websocket/websocket-client/9.4.48.v20220622/websocket-client-9.4.48.v20220622.jar:/Users/sameer.shaik/.m2/repository/org/eclipse/jetty/jetty-client/9.4.48.v20220622/jetty-client-9.4.48.v20220622.jar:/Users/sameer.shaik/.m2/repository/org/eclipse/jetty/websocket/websocket-servlet/9.4.48.v20220622/websocket-servlet-9.4.48.v20220622.jar:/Users/sameer.shaik/.m2/repository/org/eclipse/jetty/jetty-http/9.4.48.v20220622/jetty-http-9.4.48.v20220622.jar:/Users/sameer.shaik/.m2/repository/org/hamcrest/hamcrest/2.2/hamcrest-2.2.jar:/Users/sameer.shaik/.m2/repository/org/hamcrest/hamcrest-library/2.2/hamcrest-library-2.2.jar:/Users/sameer.shaik/.m2/repository/org/junit/jupiter/junit-jupiter-api/5.9.1/junit-jupiter-api-5.9.1.jar:/Users/sameer.shaik/.m2/repository/org/opentest4j/opentest4j/1.2.0/opentest4j-1.2.0.jar:/Users/sameer.shaik/.m2/repository/org/junit/platform/junit-platform-commons/1.9.1/junit-platform-commons-1.9.1.jar:/Users/sameer.shaik/.m2/repository/org/jvnet/hudson/embedded-rhino-debugger/1.2/embedded-rhino-debugger-1.2.jar:/Users/sameer.shaik/.m2/repository/org/netbeans/modules/org-netbeans-insane/RELEASE150/org-netbeans-insane-RELEASE150.jar:/Users/sameer.shaik/.m2/repository/org/openjdk/jmh/jmh-core/1.35/jmh-core-1.35.jar:/Users/sameer.shaik/.m2/repository/net/sf/jopt-simple/jopt-simple/5.0.4/jopt-simple-5.0.4.jar:/Users/sameer.shaik/.m2/repository/org/apache/commons/commons-math3/3.2/commons-math3-3.2.jar:/Users/sameer.shaik/.m2/repository/org/openjdk/jmh/jmh-generator-annprocess/1.35/jmh-generator-annprocess-1.35.jar:/Users/sameer.shaik/.m2/repository/org/jenkins-ci/test-annotations/1.4/test-annotations-1.4.jar:/Users/sameer.shaik/.m2/repository/org/junit/jupiter/junit-jupiter/5.9.1/junit-jupiter-5.9.1.jar:/Users/sameer.shaik/.m2/repository/org/junit/jupiter/junit-jupiter-params/5.9.1/junit-jupiter-params-5.9.1.jar:/Users/sameer.shaik/.m2/repository/org/junit/jupiter/junit-jupiter-engine/5.9.1/junit-jupiter-engine-5.9.1.jar:/Users/sameer.shaik/.m2/repository/org/junit/vintage/junit-vintage-engine/5.9.1/junit-vintage-engine-5.9.1.jar:/Users/sameer.shaik/.m2/repository/org/junit/platform/junit-platform-engine/1.9.1/junit-platform-engine-1.9.1.jar:/Users/sameer.shaik/.m2/repository/org/apiguardian/apiguardian-api/1.1.2/apiguardian-api-1.1.2.jar:"/>
    <property name="sun.cpu.endian" value="little"/>
    <property name="mail.smtps.sendpartial" value="true"/>
    <property name="user.home" value="/Users/sameer.shaik"/>
    <property name="user.language" value="en"/>
    <property name="java.specification.vendor" value="Oracle Corporation"/>
    <property name="org.mortbay.jetty.Request.maxFormContentSize" value="-1"/>
    <property name="java.version.date" value="2024-04-16"/>
    <property name="java.home" value="/Library/Java/JavaVirtualMachines/openlogic-openjdk-17.jdk/Contents/Home"/>
    <property name="file.separator" value="/"/>
    <property name="basedir" value="/Users/sameer.shaik/MyWorkSpace/17OctV2.2.3-New-BitBucketIssueFixed/conjur-credentials-plugin"/>
    <property name="java.vm.compressedOopsMode" value="Zero based"/>
    <property name="line.separator" value="&#10;"/>
    <property name="java.vm.specification.vendor" value="Oracle Corporation"/>
    <property name="java.specification.name" value="Java Platform API Specification"/>
    <property name="java.awt.headless" value="true"/>
    <property name="surefire.real.class.path" value="/Users/sameer.shaik/MyWorkSpace/17OctV2.2.3-New-BitBucketIssueFixed/conjur-credentials-plugin/target/surefire/surefirebooter-20241022181310871_25.jar"/>
    <property name="sun.management.compiler" value="HotSpot 64-Bit Tiered Compilers"/>
    <property name="java.runtime.version" value="17.0.11+9-adhoc.admin.jdk17u"/>
    <property name="user.name" value="sameer.shaik"/>
    <property name="path.separator" value=":"/>
    <property name="os.version" value="14.7"/>
    <property name="java.runtime.name" value="OpenJDK Runtime Environment"/>
    <property name="file.encoding" value="UTF-8"/>
    <property name="jnidispatch.path" value="/Users/sameer.shaik/Library/Caches/JNA/temp/jna18295747464000622169.tmp"/>
    <property name="java.vm.name" value="OpenJDK 64-Bit Server VM"/>
    <property name="jna.platform.library.path" value="/usr/lib:/usr/lib"/>
    <property name="java.vendor.version" value="OpenLogic-OpenJDK"/>
    <property name="mail.smtp.sendpartial" value="true"/>
    <property name="localRepository" value="/Users/sameer.shaik/.m2/repository"/>
    <property name="jna.loaded" value="true"/>
    <property name="java.vendor.url.bug" value="https://techsupport.roguewave.com/"/>
    <property name="jetty.git.hash" value="6b67c5719d1f4371b33655ff2d047d24e171e49a"/>
    <property name="java.io.tmpdir" value="/Users/sameer.shaik/MyWorkSpace/17OctV2.2.3-New-BitBucketIssueFixed/conjur-credentials-plugin/target/tmp"/>
    <property name="idea.version" value="2024.1.4"/>
    <property name="java.version" value="17.0.11"/>
    <property name="user.dir" value="/Users/sameer.shaik/MyWorkSpace/17OctV2.2.3-New-BitBucketIssueFixed/conjur-credentials-plugin"/>
    <property name="os.arch" value="x86_64"/>
    <property name="jenkins.model.Jenkins.SHOW_STACK_TRACE" value="true"/>
    <property name="java.vm.specification.name" value="Java Virtual Machine Specification"/>
    <property name="native.encoding" value="UTF-8"/>
    <property name="java.library.path" value="/Users/sameer.shaik/Library/Java/Extensions:/Library/Java/Extensions:/Network/Library/Java/Extensions:/System/Library/Java/Extensions:/usr/lib/java:."/>
    <property name="java.vm.info" value="mixed mode, sharing"/>
    <property name="java.vendor" value="OpenLogic"/>
    <property name="java.vm.version" value="17.0.11+9-adhoc.admin.jdk17u"/>
    <property name="sun.io.unicode.encoding" value="UnicodeBig"/>
    <property name="java.class.version" value="61.0"/>
  </properties>
  <testcase name="testDoRefreshCredentialSupplier" classname="org.conjur.jenkins.configuration.ConjurConfigurationTest" time="11.293">
    <system-out><![CDATA[18:13:48.554 [main] DEBUG org.eclipse.jetty.util.log -- Logging to Logger[org.eclipse.jetty.util.log] via org.eclipse.jetty.util.log.Slf4jLog
18:13:48.566 [main] INFO org.eclipse.jetty.util.log -- Logging initialized @1594ms to org.eclipse.jetty.util.log.Slf4jLog
18:13:48.574 [main] DEBUG org.eclipse.jetty.http.PreEncodedHttpField -- HttpField encoders loaded: [org.eclipse.jetty.http.Http1FieldPreEncoder@42d236fb]
18:13:49.213 [main] DEBUG org.apache.commons.beanutils.converters.BooleanConverter -- Setting default value: false
18:13:49.213 [main] DEBUG org.apache.commons.beanutils.converters.BooleanConverter -- Converting 'Boolean' value 'false' to type 'Boolean'
18:13:49.213 [main] DEBUG org.apache.commons.beanutils.converters.BooleanConverter --     No conversion required, value is already a Boolean
18:13:49.214 [main] DEBUG org.apache.commons.beanutils.converters.ByteConverter -- Setting default value: 0
18:13:49.214 [main] DEBUG org.apache.commons.beanutils.converters.ByteConverter -- Converting 'Integer' value '0' to type 'Byte'
18:13:49.214 [main] DEBUG org.apache.commons.beanutils.converters.ByteConverter --     Converted to Byte value '0'
18:13:49.215 [main] DEBUG org.apache.commons.beanutils.converters.CharacterConverter -- Setting default value:  
18:13:49.215 [main] DEBUG org.apache.commons.beanutils.converters.CharacterConverter -- Converting 'Character' value ' ' to type 'Character'
18:13:49.215 [main] DEBUG org.apache.commons.beanutils.converters.CharacterConverter --     No conversion required, value is already a Character
18:13:49.215 [main] DEBUG org.apache.commons.beanutils.converters.DoubleConverter -- Setting default value: 0
18:13:49.215 [main] DEBUG org.apache.commons.beanutils.converters.DoubleConverter -- Converting 'Integer' value '0' to type 'Double'
18:13:49.215 [main] DEBUG org.apache.commons.beanutils.converters.DoubleConverter --     Converted to Double value '0.0'
18:13:49.216 [main] DEBUG org.apache.commons.beanutils.converters.FloatConverter -- Setting default value: 0
18:13:49.216 [main] DEBUG org.apache.commons.beanutils.converters.FloatConverter -- Converting 'Integer' value '0' to type 'Float'
18:13:49.216 [main] DEBUG org.apache.commons.beanutils.converters.FloatConverter --     Converted to Float value '0.0'
18:13:49.216 [main] DEBUG org.apache.commons.beanutils.converters.IntegerConverter -- Setting default value: 0
18:13:49.216 [main] DEBUG org.apache.commons.beanutils.converters.IntegerConverter -- Converting 'Integer' value '0' to type 'Integer'
18:13:49.216 [main] DEBUG org.apache.commons.beanutils.converters.IntegerConverter --     No conversion required, value is already a Integer
18:13:49.216 [main] DEBUG org.apache.commons.beanutils.converters.LongConverter -- Setting default value: 0
18:13:49.216 [main] DEBUG org.apache.commons.beanutils.converters.LongConverter -- Converting 'Integer' value '0' to type 'Long'
18:13:49.217 [main] DEBUG org.apache.commons.beanutils.converters.LongConverter --     Converted to Long value '0'
18:13:49.217 [main] DEBUG org.apache.commons.beanutils.converters.ShortConverter -- Setting default value: 0
18:13:49.217 [main] DEBUG org.apache.commons.beanutils.converters.ShortConverter -- Converting 'Integer' value '0' to type 'Short'
18:13:49.217 [main] DEBUG org.apache.commons.beanutils.converters.ShortConverter --     Converted to Short value '0'
18:13:49.217 [main] DEBUG org.apache.commons.beanutils.converters.BigDecimalConverter -- Setting default value: 0.0
18:13:49.217 [main] DEBUG org.apache.commons.beanutils.converters.BigDecimalConverter -- Converting 'BigDecimal' value '0.0' to type 'BigDecimal'
18:13:49.217 [main] DEBUG org.apache.commons.beanutils.converters.BigDecimalConverter --     No conversion required, value is already a BigDecimal
18:13:49.218 [main] DEBUG org.apache.commons.beanutils.converters.BigIntegerConverter -- Setting default value: 0
18:13:49.218 [main] DEBUG org.apache.commons.beanutils.converters.BigIntegerConverter -- Converting 'BigInteger' value '0' to type 'BigInteger'
18:13:49.218 [main] DEBUG org.apache.commons.beanutils.converters.BigIntegerConverter --     No conversion required, value is already a BigInteger
18:13:49.218 [main] DEBUG org.apache.commons.beanutils.converters.BooleanConverter -- Setting default value: false
18:13:49.218 [main] DEBUG org.apache.commons.beanutils.converters.BooleanConverter -- Converting 'Boolean' value 'false' to type 'Boolean'
18:13:49.218 [main] DEBUG org.apache.commons.beanutils.converters.BooleanConverter --     No conversion required, value is already a Boolean
18:13:49.218 [main] DEBUG org.apache.commons.beanutils.converters.ByteConverter -- Setting default value: 0
18:13:49.218 [main] DEBUG org.apache.commons.beanutils.converters.ByteConverter -- Converting 'Integer' value '0' to type 'Byte'
18:13:49.218 [main] DEBUG org.apache.commons.beanutils.converters.ByteConverter --     Converted to Byte value '0'
18:13:49.218 [main] DEBUG org.apache.commons.beanutils.converters.CharacterConverter -- Setting default value:  
18:13:49.218 [main] DEBUG org.apache.commons.beanutils.converters.CharacterConverter -- Converting 'Character' value ' ' to type 'Character'
18:13:49.218 [main] DEBUG org.apache.commons.beanutils.converters.CharacterConverter --     No conversion required, value is already a Character
18:13:49.219 [main] DEBUG org.apache.commons.beanutils.converters.DoubleConverter -- Setting default value: 0
18:13:49.219 [main] DEBUG org.apache.commons.beanutils.converters.DoubleConverter -- Converting 'Integer' value '0' to type 'Double'
18:13:49.219 [main] DEBUG org.apache.commons.beanutils.converters.DoubleConverter --     Converted to Double value '0.0'
18:13:49.219 [main] DEBUG org.apache.commons.beanutils.converters.FloatConverter -- Setting default value: 0
18:13:49.219 [main] DEBUG org.apache.commons.beanutils.converters.FloatConverter -- Converting 'Integer' value '0' to type 'Float'
18:13:49.219 [main] DEBUG org.apache.commons.beanutils.converters.FloatConverter --     Converted to Float value '0.0'
18:13:49.219 [main] DEBUG org.apache.commons.beanutils.converters.IntegerConverter -- Setting default value: 0
18:13:49.219 [main] DEBUG org.apache.commons.beanutils.converters.IntegerConverter -- Converting 'Integer' value '0' to type 'Integer'
18:13:49.219 [main] DEBUG org.apache.commons.beanutils.converters.IntegerConverter --     No conversion required, value is already a Integer
18:13:49.219 [main] DEBUG org.apache.commons.beanutils.converters.LongConverter -- Setting default value: 0
18:13:49.219 [main] DEBUG org.apache.commons.beanutils.converters.LongConverter -- Converting 'Integer' value '0' to type 'Long'
18:13:49.219 [main] DEBUG org.apache.commons.beanutils.converters.LongConverter --     Converted to Long value '0'
18:13:49.219 [main] DEBUG org.apache.commons.beanutils.converters.ShortConverter -- Setting default value: 0
18:13:49.219 [main] DEBUG org.apache.commons.beanutils.converters.ShortConverter -- Converting 'Integer' value '0' to type 'Short'
18:13:49.219 [main] DEBUG org.apache.commons.beanutils.converters.ShortConverter --     Converted to Short value '0'
18:13:49.220 [main] DEBUG org.apache.commons.beanutils.converters.StringConverter -- Setting default value: 
18:13:49.220 [main] DEBUG org.apache.commons.beanutils.converters.StringConverter -- Converting 'String' value '' to type 'String'
18:13:49.222 [main] DEBUG org.apache.commons.beanutils.converters.ArrayConverter -- Setting default value: [Z@3baf6936
18:13:49.222 [main] DEBUG org.apache.commons.beanutils.converters.ArrayConverter -- Converting 'boolean[]' value '[Z@3baf6936' to type 'boolean[]'
18:13:49.222 [main] DEBUG org.apache.commons.beanutils.converters.ArrayConverter --     No conversion required, value is already a boolean[]
18:13:49.222 [main] DEBUG org.apache.commons.beanutils.converters.ArrayConverter -- Setting default value: [B@285f38f6
18:13:49.222 [main] DEBUG org.apache.commons.beanutils.converters.ArrayConverter -- Converting 'byte[]' value '[B@285f38f6' to type 'byte[]'
18:13:49.222 [main] DEBUG org.apache.commons.beanutils.converters.ArrayConverter --     No conversion required, value is already a byte[]
18:13:49.222 [main] DEBUG org.apache.commons.beanutils.converters.ArrayConverter -- Setting default value: [C@4e1459ea
18:13:49.223 [main] DEBUG org.apache.commons.beanutils.converters.ArrayConverter -- Converting 'char[]' value '[C@4e1459ea' to type 'char[]'
18:13:49.223 [main] DEBUG org.apache.commons.beanutils.converters.ArrayConverter --     No conversion required, value is already a char[]
18:13:49.223 [main] DEBUG org.apache.commons.beanutils.converters.ArrayConverter -- Setting default value: [D@3ab6678b
18:13:49.223 [main] DEBUG org.apache.commons.beanutils.converters.ArrayConverter -- Converting 'double[]' value '[D@3ab6678b' to type 'double[]'
18:13:49.223 [main] DEBUG org.apache.commons.beanutils.converters.ArrayConverter --     No conversion required, value is already a double[]
18:13:49.223 [main] DEBUG org.apache.commons.beanutils.converters.ArrayConverter -- Setting default value: [F@7a904f32
18:13:49.223 [main] DEBUG org.apache.commons.beanutils.converters.ArrayConverter -- Converting 'float[]' value '[F@7a904f32' to type 'float[]'
18:13:49.223 [main] DEBUG org.apache.commons.beanutils.converters.ArrayConverter --     No conversion required, value is already a float[]
18:13:49.223 [main] DEBUG org.apache.commons.beanutils.converters.ArrayConverter -- Setting default value: [I@2b59501e
18:13:49.223 [main] DEBUG org.apache.commons.beanutils.converters.ArrayConverter -- Converting 'int[]' value '[I@2b59501e' to type 'int[]'
18:13:49.223 [main] DEBUG org.apache.commons.beanutils.converters.ArrayConverter --     No conversion required, value is already a int[]
18:13:49.223 [main] DEBUG org.apache.commons.beanutils.converters.ArrayConverter -- Setting default value: [J@476e8796
18:13:49.223 [main] DEBUG org.apache.commons.beanutils.converters.ArrayConverter -- Converting 'long[]' value '[J@476e8796' to type 'long[]'
18:13:49.223 [main] DEBUG org.apache.commons.beanutils.converters.ArrayConverter --     No conversion required, value is already a long[]
18:13:49.223 [main] DEBUG org.apache.commons.beanutils.converters.ArrayConverter -- Setting default value: [S@4eed2acf
18:13:49.223 [main] DEBUG org.apache.commons.beanutils.converters.ArrayConverter -- Converting 'short[]' value '[S@4eed2acf' to type 'short[]'
18:13:49.223 [main] DEBUG org.apache.commons.beanutils.converters.ArrayConverter --     No conversion required, value is already a short[]
18:13:49.224 [main] DEBUG org.apache.commons.beanutils.converters.ArrayConverter -- Setting default value: [Ljava.math.BigDecimal;@36fc05ff
18:13:49.224 [main] DEBUG org.apache.commons.beanutils.converters.ArrayConverter -- Converting 'BigDecimal[]' value '[Ljava.math.BigDecimal;@36fc05ff' to type 'BigDecimal[]'
18:13:49.224 [main] DEBUG org.apache.commons.beanutils.converters.ArrayConverter --     No conversion required, value is already a BigDecimal[]
18:13:49.224 [main] DEBUG org.apache.commons.beanutils.converters.ArrayConverter -- Setting default value: [Ljava.math.BigInteger;@57c47a9e
18:13:49.224 [main] DEBUG org.apache.commons.beanutils.converters.ArrayConverter -- Converting 'BigInteger[]' value '[Ljava.math.BigInteger;@57c47a9e' to type 'BigInteger[]'
18:13:49.224 [main] DEBUG org.apache.commons.beanutils.converters.ArrayConverter --     No conversion required, value is already a BigInteger[]
18:13:49.224 [main] DEBUG org.apache.commons.beanutils.converters.ArrayConverter -- Setting default value: [Ljava.lang.Boolean;@642505c7
18:13:49.224 [main] DEBUG org.apache.commons.beanutils.converters.ArrayConverter -- Converting 'Boolean[]' value '[Ljava.lang.Boolean;@642505c7' to type 'Boolean[]'
18:13:49.224 [main] DEBUG org.apache.commons.beanutils.converters.ArrayConverter --     No conversion required, value is already a Boolean[]
18:13:49.224 [main] DEBUG org.apache.commons.beanutils.converters.ArrayConverter -- Setting default value: [Ljava.lang.Byte;@4339e0de
18:13:49.224 [main] DEBUG org.apache.commons.beanutils.converters.ArrayConverter -- Converting 'Byte[]' value '[Ljava.lang.Byte;@4339e0de' to type 'Byte[]'
18:13:49.224 [main] DEBUG org.apache.commons.beanutils.converters.ArrayConverter --     No conversion required, value is already a Byte[]
18:13:49.224 [main] DEBUG org.apache.commons.beanutils.converters.ArrayConverter -- Setting default value: [Ljava.lang.Character;@153cd6bb
18:13:49.224 [main] DEBUG org.apache.commons.beanutils.converters.ArrayConverter -- Converting 'Character[]' value '[Ljava.lang.Character;@153cd6bb' to type 'Character[]'
18:13:49.224 [main] DEBUG org.apache.commons.beanutils.converters.ArrayConverter --     No conversion required, value is already a Character[]
18:13:49.225 [main] DEBUG org.apache.commons.beanutils.converters.ArrayConverter -- Setting default value: [Ljava.lang.Double;@61d84e08
18:13:49.225 [main] DEBUG org.apache.commons.beanutils.converters.ArrayConverter -- Converting 'Double[]' value '[Ljava.lang.Double;@61d84e08' to type 'Double[]'
18:13:49.225 [main] DEBUG org.apache.commons.beanutils.converters.ArrayConverter --     No conversion required, value is already a Double[]
18:13:49.225 [main] DEBUG org.apache.commons.beanutils.converters.ArrayConverter -- Setting default value: [Ljava.lang.Float;@2d9f64c9
18:13:49.225 [main] DEBUG org.apache.commons.beanutils.converters.ArrayConverter -- Converting 'Float[]' value '[Ljava.lang.Float;@2d9f64c9' to type 'Float[]'
18:13:49.225 [main] DEBUG org.apache.commons.beanutils.converters.ArrayConverter --     No conversion required, value is already a Float[]
18:13:49.225 [main] DEBUG org.apache.commons.beanutils.converters.ArrayConverter -- Setting default value: [Ljava.lang.Integer;@21ac5eb4
18:13:49.225 [main] DEBUG org.apache.commons.beanutils.converters.ArrayConverter -- Converting 'Integer[]' value '[Ljava.lang.Integer;@21ac5eb4' to type 'Integer[]'
18:13:49.225 [main] DEBUG org.apache.commons.beanutils.converters.ArrayConverter --     No conversion required, value is already a Integer[]
18:13:49.225 [main] DEBUG org.apache.commons.beanutils.converters.ArrayConverter -- Setting default value: [Ljava.lang.Long;@52d6cd34
18:13:49.225 [main] DEBUG org.apache.commons.beanutils.converters.ArrayConverter -- Converting 'Long[]' value '[Ljava.lang.Long;@52d6cd34' to type 'Long[]'
18:13:49.225 [main] DEBUG org.apache.commons.beanutils.converters.ArrayConverter --     No conversion required, value is already a Long[]
18:13:49.225 [main] DEBUG org.apache.commons.beanutils.converters.ArrayConverter -- Setting default value: [Ljava.lang.Short;@715d6168
18:13:49.225 [main] DEBUG org.apache.commons.beanutils.converters.ArrayConverter -- Converting 'Short[]' value '[Ljava.lang.Short;@715d6168' to type 'Short[]'
18:13:49.225 [main] DEBUG org.apache.commons.beanutils.converters.ArrayConverter --     No conversion required, value is already a Short[]
18:13:49.225 [main] DEBUG org.apache.commons.beanutils.converters.ArrayConverter -- Setting default value: [Ljava.lang.String;@27b2faa6
18:13:49.225 [main] DEBUG org.apache.commons.beanutils.converters.ArrayConverter -- Converting 'String[]' value '[Ljava.lang.String;@27b2faa6' to type 'String[]'
18:13:49.225 [main] DEBUG org.apache.commons.beanutils.converters.ArrayConverter --     No conversion required, value is already a String[]
18:13:49.225 [main] DEBUG org.apache.commons.beanutils.converters.ArrayConverter -- Setting default value: [Ljava.lang.Class;@6428591a
18:13:49.225 [main] DEBUG org.apache.commons.beanutils.converters.ArrayConverter -- Converting 'Class[]' value '[Ljava.lang.Class;@6428591a' to type 'Class[]'
18:13:49.225 [main] DEBUG org.apache.commons.beanutils.converters.ArrayConverter --     No conversion required, value is already a Class[]
18:13:49.226 [main] DEBUG org.apache.commons.beanutils.converters.ArrayConverter -- Setting default value: [Ljava.util.Date;@7397c6
18:13:49.226 [main] DEBUG org.apache.commons.beanutils.converters.ArrayConverter -- Converting 'Date[]' value '[Ljava.util.Date;@7397c6' to type 'Date[]'
18:13:49.226 [main] DEBUG org.apache.commons.beanutils.converters.ArrayConverter --     No conversion required, value is already a Date[]
18:13:49.226 [main] DEBUG org.apache.commons.beanutils.converters.ArrayConverter -- Setting default value: [Ljava.util.Calendar;@2a685eba
18:13:49.226 [main] DEBUG org.apache.commons.beanutils.converters.ArrayConverter -- Converting 'Calendar[]' value '[Ljava.util.Calendar;@2a685eba' to type 'Calendar[]'
18:13:49.226 [main] DEBUG org.apache.commons.beanutils.converters.ArrayConverter --     No conversion required, value is already a Calendar[]
18:13:49.226 [main] DEBUG org.apache.commons.beanutils.converters.ArrayConverter -- Setting default value: [Ljava.io.File;@107f4980
18:13:49.226 [main] DEBUG org.apache.commons.beanutils.converters.ArrayConverter -- Converting 'java.io.File[]' value '[Ljava.io.File;@107f4980' to type 'java.io.File[]'
18:13:49.226 [main] DEBUG org.apache.commons.beanutils.converters.ArrayConverter --     No conversion required, value is already a java.io.File[]
18:13:49.226 [main] DEBUG org.apache.commons.beanutils.converters.ArrayConverter -- Setting default value: [Ljava.sql.Date;@1d540566
18:13:49.226 [main] DEBUG org.apache.commons.beanutils.converters.ArrayConverter -- Converting 'java.sql.Date[]' value '[Ljava.sql.Date;@1d540566' to type 'java.sql.Date[]'
18:13:49.226 [main] DEBUG org.apache.commons.beanutils.converters.ArrayConverter --     No conversion required, value is already a java.sql.Date[]
18:13:49.226 [main] DEBUG org.apache.commons.beanutils.converters.ArrayConverter -- Setting default value: [Ljava.sql.Time;@acdcf71
18:13:49.226 [main] DEBUG org.apache.commons.beanutils.converters.ArrayConverter -- Converting 'java.sql.Time[]' value '[Ljava.sql.Time;@acdcf71' to type 'java.sql.Time[]'
18:13:49.227 [main] DEBUG org.apache.commons.beanutils.converters.ArrayConverter --     No conversion required, value is already a java.sql.Time[]
18:13:49.227 [main] DEBUG org.apache.commons.beanutils.converters.ArrayConverter -- Setting default value: [Ljava.sql.Timestamp;@4a14c44f
18:13:49.227 [main] DEBUG org.apache.commons.beanutils.converters.ArrayConverter -- Converting 'java.sql.Timestamp[]' value '[Ljava.sql.Timestamp;@4a14c44f' to type 'java.sql.Timestamp[]'
18:13:49.227 [main] DEBUG org.apache.commons.beanutils.converters.ArrayConverter --     No conversion required, value is already a java.sql.Timestamp[]
18:13:49.227 [main] DEBUG org.apache.commons.beanutils.converters.ArrayConverter -- Setting default value: [Ljava.net.URL;@6bda1d19
18:13:49.227 [main] DEBUG org.apache.commons.beanutils.converters.ArrayConverter -- Converting 'java.net.URL[]' value '[Ljava.net.URL;@6bda1d19' to type 'java.net.URL[]'
18:13:49.227 [main] DEBUG org.apache.commons.beanutils.converters.ArrayConverter --     No conversion required, value is already a java.net.URL[]
18:13:49.228 [main] DEBUG org.apache.commons.beanutils.converters.IntegerConverter -- Setting default value: null
18:13:49.228 [main] DEBUG org.apache.commons.beanutils.converters.FloatConverter -- Setting default value: null
18:13:49.228 [main] DEBUG org.apache.commons.beanutils.converters.DoubleConverter -- Setting default value: null
=== Starting testDoRefreshCredentialSupplier(org.conjur.jenkins.configuration.ConjurConfigurationTest)
18:13:49.280 [Executing testDoRefreshCredentialSupplier(org.conjur.jenkins.configuration.ConjurConfigurationTest)] DEBUG org.eclipse.jetty.util.component.ContainerLifeCycle -- QueuedThreadPool[qtp1785737567]@6a70315f{STOPPED,8<=0<=200,i=0,r=-1,q=0}[NO_TRY] added {org.eclipse.jetty.util.thread.ThreadPoolBudget@313c0ccf,POJO}
18:13:49.286 [Executing testDoRefreshCredentialSupplier(org.conjur.jenkins.configuration.ConjurConfigurationTest)] DEBUG org.eclipse.jetty.util.component.ContainerLifeCycle -- Server@2a062be8{STOPPED}[9.4.48.v20220622] added {QueuedThreadPool[Jetty (JenkinsRule)]@6a70315f{STOPPED,8<=0<=200,i=0,r=-1,q=0}[NO_TRY],AUTO}
18:13:49.335 [Executing testDoRefreshCredentialSupplier(org.conjur.jenkins.configuration.ConjurConfigurationTest)] DEBUG org.eclipse.jetty.util.component.ContainerLifeCycle -- o.e.j.w.WebAppContext@1fe2a40d{/,null,STOPPED} added {SymlinkAllowedResourceAliasChecker@5589cab7{base=null,protected=null},MANAGED}
18:13:49.339 [Executing testDoRefreshCredentialSupplier(org.conjur.jenkins.configuration.ConjurConfigurationTest)] DEBUG org.eclipse.jetty.util.DecoratedObjectFactory -- Adding Decorator: org.eclipse.jetty.util.DeprecationWarning@cde541d
18:13:49.346 [Executing testDoRefreshCredentialSupplier(org.conjur.jenkins.configuration.ConjurConfigurationTest)] DEBUG org.eclipse.jetty.util.component.ContainerLifeCycle -- o.e.j.w.WebAppContext@1fe2a40d{/jenkins,null,STOPPED} added {org.eclipse.jetty.server.session.SessionHandler1929098746==dftMaxIdleSec=-1,MANAGED}
18:13:49.350 [Executing testDoRefreshCredentialSupplier(org.conjur.jenkins.configuration.ConjurConfigurationTest)] DEBUG org.eclipse.jetty.util.component.ContainerLifeCycle -- ConstraintSecurityHandler@6252ac9d{STOPPED} added {org.eclipse.jetty.util.component.DumpableCollection@3865e006,POJO}
18:13:49.351 [Executing testDoRefreshCredentialSupplier(org.conjur.jenkins.configuration.ConjurConfigurationTest)] DEBUG org.eclipse.jetty.util.component.ContainerLifeCycle -- org.eclipse.jetty.server.session.SessionHandler1929098746==dftMaxIdleSec=-1 added {ConstraintSecurityHandler@6252ac9d{STOPPED},MANAGED}
18:13:49.355 [Executing testDoRefreshCredentialSupplier(org.conjur.jenkins.configuration.ConjurConfigurationTest)] DEBUG org.eclipse.jetty.util.component.ContainerLifeCycle -- ConstraintSecurityHandler@6252ac9d{STOPPED} added {ServletHandler@60d90f09{STOPPED},MANAGED}
18:13:49.355 [Executing testDoRefreshCredentialSupplier(org.conjur.jenkins.configuration.ConjurConfigurationTest)] DEBUG org.eclipse.jetty.util.component.ContainerLifeCycle -- o.e.j.w.WebAppContext@1fe2a40d{/jenkins,null,STOPPED} added {ErrorPageErrorHandler@e2ebc38{STOPPED},MANAGED}
18:13:49.363 [Executing testDoRefreshCredentialSupplier(org.conjur.jenkins.configuration.ConjurConfigurationTest)] DEBUG org.eclipse.jetty.util.component.ContainerLifeCycle -- o.e.j.w.WebAppContext@1fe2a40d{/jenkins,null,STOPPED}{/Users/sameer.shaik/MyWorkSpace/17OctV2.2.3-New-BitBucketIssueFixed/conjur-credentials-plugin/target/jenkins-for-test} added {NoListenerConfiguration@778b1950{STOPPED},AUTO}
18:13:49.363 [Executing testDoRefreshCredentialSupplier(org.conjur.jenkins.configuration.ConjurConfigurationTest)] DEBUG org.eclipse.jetty.util.component.ContainerLifeCycle -- Server@2a062be8{STOPPED}[9.4.48.v20220622] added {o.e.j.w.WebAppContext@1fe2a40d{/jenkins,null,STOPPED}{/Users/sameer.shaik/MyWorkSpace/17OctV2.2.3-New-BitBucketIssueFixed/conjur-credentials-plugin/target/jenkins-for-test},MANAGED}
18:13:49.366 [Executing testDoRefreshCredentialSupplier(org.conjur.jenkins.configuration.ConjurConfigurationTest)] DEBUG org.eclipse.jetty.util.component.ContainerLifeCycle -- HashLoginService@3f89283a[null] added {org.eclipse.jetty.security.DefaultIdentityService@428d2f91,POJO}
18:13:49.366 [Executing testDoRefreshCredentialSupplier(org.conjur.jenkins.configuration.ConjurConfigurationTest)] DEBUG org.eclipse.jetty.util.component.ContainerLifeCycle -- HashLoginService@3f89283a[default] added {UserStore@3f9f5069{STOPPED},AUTO}
18:13:49.372 [Executing testDoRefreshCredentialSupplier(org.conjur.jenkins.configuration.ConjurConfigurationTest)] DEBUG org.eclipse.jetty.util.component.ContainerLifeCycle -- ConstraintSecurityHandler@6252ac9d{STOPPED} added {HashLoginService@3f89283a[default],AUTO}
18:13:49.391 [Executing testDoRefreshCredentialSupplier(org.conjur.jenkins.configuration.ConjurConfigurationTest)] DEBUG org.eclipse.jetty.util.component.ContainerLifeCycle -- HttpConnectionFactory@d6ff7e4[HTTP/1.1] added {HttpConfiguration@3e9acf80{32768/8192,8192/8192,https://:0,[]},POJO}
18:13:49.398 [Executing testDoRefreshCredentialSupplier(org.conjur.jenkins.configuration.ConjurConfigurationTest)] DEBUG org.eclipse.jetty.util.component.ContainerLifeCycle -- ServerConnector@34df42ee{null, ()}{0.0.0.0:0} added {Server@2a062be8{STOPPED}[9.4.48.v20220622],UNMANAGED}
18:13:49.398 [Executing testDoRefreshCredentialSupplier(org.conjur.jenkins.configuration.ConjurConfigurationTest)] DEBUG org.eclipse.jetty.util.component.ContainerLifeCycle -- ServerConnector@34df42ee{null, ()}{0.0.0.0:0} added {QueuedThreadPool[Jetty (JenkinsRule)]@6a70315f{STOPPED,8<=0<=200,i=0,r=-1,q=0}[NO_TRY],AUTO}
18:13:49.398 [Executing testDoRefreshCredentialSupplier(org.conjur.jenkins.configuration.ConjurConfigurationTest)] DEBUG org.eclipse.jetty.util.component.ContainerLifeCycle -- ServerConnector@34df42ee{null, ()}{0.0.0.0:0} added {ScheduledExecutorScheduler@591be956{STOPPED},AUTO}
18:13:49.398 [Executing testDoRefreshCredentialSupplier(org.conjur.jenkins.configuration.ConjurConfigurationTest)] DEBUG org.eclipse.jetty.util.component.ContainerLifeCycle -- ServerConnector@34df42ee{null, ()}{0.0.0.0:0} added {ArrayByteBufferPool@4351ebc8{minBufferCapacity=0, maxBufferCapacity=65536, maxQueueLength=-1, factor=1024},POJO}
18:13:49.399 [Executing testDoRefreshCredentialSupplier(org.conjur.jenkins.configuration.ConjurConfigurationTest)] DEBUG org.eclipse.jetty.util.component.ContainerLifeCycle -- ServerConnector@34df42ee{null, (http/1.1)}{0.0.0.0:0} added {HttpConnectionFactory@d6ff7e4[HTTP/1.1],AUTO}
18:13:49.399 [Executing testDoRefreshCredentialSupplier(org.conjur.jenkins.configuration.ConjurConfigurationTest)] DEBUG org.eclipse.jetty.server.AbstractConnector -- ServerConnector@34df42ee{HTTP/1.1, (http/1.1)}{0.0.0.0:0} added HttpConnectionFactory@d6ff7e4[HTTP/1.1]
18:13:49.402 [Executing testDoRefreshCredentialSupplier(org.conjur.jenkins.configuration.ConjurConfigurationTest)] DEBUG org.eclipse.jetty.util.component.ContainerLifeCycle -- ServerConnector@34df42ee{HTTP/1.1, (http/1.1)}{0.0.0.0:0} added {SelectorManager@ServerConnector@34df42ee{HTTP/1.1, (http/1.1)}{0.0.0.0:0},MANAGED}
18:13:49.402 [Executing testDoRefreshCredentialSupplier(org.conjur.jenkins.configuration.ConjurConfigurationTest)] DEBUG org.eclipse.jetty.util.component.ContainerLifeCycle -- Server@2a062be8{STOPPED}[9.4.48.v20220622] added {ServerConnector@34df42ee{HTTP/1.1, (http/1.1)}{localhost:0},AUTO}
18:13:49.402 [Executing testDoRefreshCredentialSupplier(org.conjur.jenkins.configuration.ConjurConfigurationTest)] DEBUG org.eclipse.jetty.util.component.AbstractLifeCycle -- starting Server@2a062be8{STOPPED}[9.4.48.v20220622]
18:13:49.402 [Executing testDoRefreshCredentialSupplier(org.conjur.jenkins.configuration.ConjurConfigurationTest)] DEBUG org.eclipse.jetty.util.component.ContainerLifeCycle -- Server@2a062be8{STARTING}[9.4.48.v20220622] added {ErrorHandler@23d0e2bd{STOPPED},AUTO}
18:13:49.403 [Executing testDoRefreshCredentialSupplier(org.conjur.jenkins.configuration.ConjurConfigurationTest)] INFO org.eclipse.jetty.server.Server -- jetty-9.4.48.v20220622; built: 2022-06-21T20:42:25.880Z; git: 6b67c5719d1f4371b33655ff2d047d24e171e49a; jvm 17.0.11+9-adhoc.admin.jdk17u
18:13:49.410 [Executing testDoRefreshCredentialSupplier(org.conjur.jenkins.configuration.ConjurConfigurationTest)] DEBUG org.eclipse.jetty.server.handler.AbstractHandler -- starting Server@2a062be8{STARTING}[9.4.48.v20220622]
18:13:49.411 [Executing testDoRefreshCredentialSupplier(org.conjur.jenkins.configuration.ConjurConfigurationTest)] DEBUG org.eclipse.jetty.util.component.AbstractLifeCycle -- starting QueuedThreadPool[Jetty (JenkinsRule)]@6a70315f{STOPPED,8<=0<=200,i=0,r=-1,q=0}[NO_TRY]
18:13:49.411 [Executing testDoRefreshCredentialSupplier(org.conjur.jenkins.configuration.ConjurConfigurationTest)] DEBUG org.eclipse.jetty.util.thread.ReservedThreadExecutor -- ReservedThreadExecutor@6c50b992{reserved=0/16,pending=0}
18:13:49.412 [Executing testDoRefreshCredentialSupplier(org.conjur.jenkins.configuration.ConjurConfigurationTest)] DEBUG org.eclipse.jetty.util.component.ContainerLifeCycle -- QueuedThreadPool[Jetty (JenkinsRule)]@6a70315f{STARTING,8<=0<=200,i=0,r=-1,q=0}[ReservedThreadExecutor@6c50b992{reserved=0/16,pending=0}] added {ReservedThreadExecutor@6c50b992{reserved=0/16,pending=0},AUTO}
18:13:49.412 [Executing testDoRefreshCredentialSupplier(org.conjur.jenkins.configuration.ConjurConfigurationTest)] DEBUG org.eclipse.jetty.util.component.AbstractLifeCycle -- starting ReservedThreadExecutor@6c50b992{reserved=0/16,pending=0}
18:13:49.413 [Executing testDoRefreshCredentialSupplier(org.conjur.jenkins.configuration.ConjurConfigurationTest)] DEBUG org.eclipse.jetty.util.component.AbstractLifeCycle -- STARTED @2448ms ReservedThreadExecutor@6c50b992{reserved=0/16,pending=0}
18:13:49.415 [Executing testDoRefreshCredentialSupplier(org.conjur.jenkins.configuration.ConjurConfigurationTest)] DEBUG org.eclipse.jetty.util.thread.QueuedThreadPool -- Starting Thread[Jetty (JenkinsRule)-30,5,main]
18:13:49.415 [Executing testDoRefreshCredentialSupplier(org.conjur.jenkins.configuration.ConjurConfigurationTest)] DEBUG org.eclipse.jetty.util.thread.QueuedThreadPool -- Starting Thread[Jetty (JenkinsRule)-31,5,main]
18:13:49.415 [Executing testDoRefreshCredentialSupplier(org.conjur.jenkins.configuration.ConjurConfigurationTest)] DEBUG org.eclipse.jetty.util.thread.QueuedThreadPool -- Starting Thread[Jetty (JenkinsRule)-32,5,main]
18:13:49.415 [Jetty (JenkinsRule)-30] DEBUG org.eclipse.jetty.util.thread.QueuedThreadPool -- Runner started for QueuedThreadPool[Jetty (JenkinsRule)]@6a70315f{STARTING,8<=2<=200,i=2,r=-1,q=0}[ReservedThreadExecutor@6c50b992{reserved=0/16,pending=0}]
18:13:49.415 [Executing testDoRefreshCredentialSupplier(org.conjur.jenkins.configuration.ConjurConfigurationTest)] DEBUG org.eclipse.jetty.util.thread.QueuedThreadPool -- Starting Thread[Jetty (JenkinsRule)-33,5,main]
18:13:49.415 [Jetty (JenkinsRule)-31] DEBUG org.eclipse.jetty.util.thread.QueuedThreadPool -- Runner started for QueuedThreadPool[Jetty (JenkinsRule)]@6a70315f{STARTING,8<=3<=200,i=3,r=-1,q=0}[ReservedThreadExecutor@6c50b992{reserved=0/16,pending=0}]
18:13:49.415 [Executing testDoRefreshCredentialSupplier(org.conjur.jenkins.configuration.ConjurConfigurationTest)] DEBUG org.eclipse.jetty.util.thread.QueuedThreadPool -- Starting Thread[Jetty (JenkinsRule)-34,5,main]
18:13:49.416 [Jetty (JenkinsRule)-32] DEBUG org.eclipse.jetty.util.thread.QueuedThreadPool -- Runner started for QueuedThreadPool[Jetty (JenkinsRule)]@6a70315f{STARTING,8<=4<=200,i=4,r=-1,q=0}[ReservedThreadExecutor@6c50b992{reserved=0/16,pending=0}]
18:13:49.416 [Jetty (JenkinsRule)-33] DEBUG org.eclipse.jetty.util.thread.QueuedThreadPool -- Runner started for QueuedThreadPool[Jetty (JenkinsRule)]@6a70315f{STARTING,8<=5<=200,i=5,r=-1,q=0}[ReservedThreadExecutor@6c50b992{reserved=0/16,pending=0}]
18:13:49.416 [Executing testDoRefreshCredentialSupplier(org.conjur.jenkins.configuration.ConjurConfigurationTest)] DEBUG org.eclipse.jetty.util.thread.QueuedThreadPool -- Starting Thread[Jetty (JenkinsRule)-35,5,main]
18:13:49.416 [Jetty (JenkinsRule)-34] DEBUG org.eclipse.jetty.util.thread.QueuedThreadPool -- Runner started for QueuedThreadPool[Jetty (JenkinsRule)]@6a70315f{STARTING,8<=6<=200,i=6,r=-1,q=0}[ReservedThreadExecutor@6c50b992{reserved=0/16,pending=0}]
18:13:49.416 [Executing testDoRefreshCredentialSupplier(org.conjur.jenkins.configuration.ConjurConfigurationTest)] DEBUG org.eclipse.jetty.util.thread.QueuedThreadPool -- Starting Thread[Jetty (JenkinsRule)-36,5,main]
18:13:49.416 [Executing testDoRefreshCredentialSupplier(org.conjur.jenkins.configuration.ConjurConfigurationTest)] DEBUG org.eclipse.jetty.util.thread.QueuedThreadPool -- Starting Thread[Jetty (JenkinsRule)-37,5,main]
18:13:49.416 [Jetty (JenkinsRule)-35] DEBUG org.eclipse.jetty.util.thread.QueuedThreadPool -- Runner started for QueuedThreadPool[Jetty (JenkinsRule)]@6a70315f{STARTING,8<=7<=200,i=7,r=-1,q=0}[ReservedThreadExecutor@6c50b992{reserved=0/16,pending=0}]
18:13:49.416 [Jetty (JenkinsRule)-36] DEBUG org.eclipse.jetty.util.thread.QueuedThreadPool -- Runner started for QueuedThreadPool[Jetty (JenkinsRule)]@6a70315f{STARTING,8<=8<=200,i=8,r=-1,q=0}[ReservedThreadExecutor@6c50b992{reserved=0/16,pending=0}]
18:13:49.416 [Executing testDoRefreshCredentialSupplier(org.conjur.jenkins.configuration.ConjurConfigurationTest)] DEBUG org.eclipse.jetty.util.component.AbstractLifeCycle -- STARTED @2451ms QueuedThreadPool[Jetty (JenkinsRule)]@6a70315f{STARTED,8<=8<=200,i=8,r=-1,q=0}[ReservedThreadExecutor@6c50b992{reserved=0/16,pending=0}]
18:13:49.416 [Executing testDoRefreshCredentialSupplier(org.conjur.jenkins.configuration.ConjurConfigurationTest)] DEBUG org.eclipse.jetty.util.component.AbstractLifeCycle -- starting o.e.j.w.WebAppContext@1fe2a40d{/jenkins,file:///Users/sameer.shaik/MyWorkSpace/17OctV2.2.3-New-BitBucketIssueFixed/conjur-credentials-plugin/target/jenkins-for-test/,STOPPED}{/Users/sameer.shaik/MyWorkSpace/17OctV2.2.3-New-BitBucketIssueFixed/conjur-credentials-plugin/target/jenkins-for-test}
18:13:49.417 [Jetty (JenkinsRule)-37] DEBUG org.eclipse.jetty.util.thread.QueuedThreadPool -- Runner started for QueuedThreadPool[Jetty (JenkinsRule)]@6a70315f{STARTED,8<=8<=200,i=8,r=-1,q=0}[ReservedThreadExecutor@6c50b992{reserved=0/16,pending=0}]
18:13:49.422 [Executing testDoRefreshCredentialSupplier(org.conjur.jenkins.configuration.ConjurConfigurationTest)] DEBUG org.eclipse.jetty.webapp.WebAppContext -- Thread Context classloader jdk.internal.loader.ClassLoaders$AppClassLoader@5ffd2b27
18:13:49.422 [Executing testDoRefreshCredentialSupplier(org.conjur.jenkins.configuration.ConjurConfigurationTest)] DEBUG org.eclipse.jetty.webapp.WebAppContext -- Parent class loader: jdk.internal.loader.ClassLoaders$PlatformClassLoader@36dce7ed 
18:13:49.422 [Executing testDoRefreshCredentialSupplier(org.conjur.jenkins.configuration.ConjurConfigurationTest)] DEBUG org.eclipse.jetty.webapp.WebAppContext -- preConfigure o.e.j.w.WebAppContext@1fe2a40d{/jenkins,file:///Users/sameer.shaik/MyWorkSpace/17OctV2.2.3-New-BitBucketIssueFixed/conjur-credentials-plugin/target/jenkins-for-test/,STOPPED}{/Users/sameer.shaik/MyWorkSpace/17OctV2.2.3-New-BitBucketIssueFixed/conjur-credentials-plugin/target/jenkins-for-test} with org.eclipse.jetty.webapp.WebXmlConfiguration@4e561640
18:13:49.454 [Executing testDoRefreshCredentialSupplier(org.conjur.jenkins.configuration.ConjurConfigurationTest)] DEBUG org.eclipse.jetty.webapp.WebDescriptor -- jar:file:/Users/sameer.shaik/.m2/repository/org/eclipse/jetty/jetty-webapp/9.4.48.v20220622/jetty-webapp-9.4.48.v20220622.jar!/org/eclipse/jetty/webapp/webdefault.xml: Calculated metadatacomplete = False with version=3.1
18:13:49.458 [Executing testDoRefreshCredentialSupplier(org.conjur.jenkins.configuration.ConjurConfigurationTest)] DEBUG org.eclipse.jetty.webapp.WebDescriptor -- file:///Users/sameer.shaik/MyWorkSpace/17OctV2.2.3-New-BitBucketIssueFixed/conjur-credentials-plugin/target/jenkins-for-test/WEB-INF/web.xml: Calculated metadatacomplete = True with version=3.1
18:13:49.458 [Executing testDoRefreshCredentialSupplier(org.conjur.jenkins.configuration.ConjurConfigurationTest)] DEBUG org.eclipse.jetty.webapp.WebAppContext -- configure o.e.j.w.WebAppContext@1fe2a40d{/jenkins,file:///Users/sameer.shaik/MyWorkSpace/17OctV2.2.3-New-BitBucketIssueFixed/conjur-credentials-plugin/target/jenkins-for-test/,STARTING}{/Users/sameer.shaik/MyWorkSpace/17OctV2.2.3-New-BitBucketIssueFixed/conjur-credentials-plugin/target/jenkins-for-test} with org.eclipse.jetty.webapp.WebXmlConfiguration@4e561640
18:13:49.462 [Executing testDoRefreshCredentialSupplier(org.conjur.jenkins.configuration.ConjurConfigurationTest)] DEBUG org.eclipse.jetty.webapp.MetaData -- metadata resolve o.e.j.w.WebAppContext@1fe2a40d{/jenkins,file:///Users/sameer.shaik/MyWorkSpace/17OctV2.2.3-New-BitBucketIssueFixed/conjur-credentials-plugin/target/jenkins-for-test/,STARTING}{/Users/sameer.shaik/MyWorkSpace/17OctV2.2.3-New-BitBucketIssueFixed/conjur-credentials-plugin/target/jenkins-for-test}
18:13:49.463 [Executing testDoRefreshCredentialSupplier(org.conjur.jenkins.configuration.ConjurConfigurationTest)] DEBUG org.eclipse.jetty.util.component.ContainerLifeCycle -- ServletHandler@60d90f09{STOPPED} added {org.eclipse.jetty.servlet.listener.ELContextCleaner@402a6d75{src=DESCRIPTOR:jar:file:/Users/sameer.shaik/.m2/repository/org/eclipse/jetty/jetty-webapp/9.4.48.v20220622/jetty-webapp-9.4.48.v20220622.jar!/org/eclipse/jetty/webapp/webdefault.xml},AUTO}
18:13:49.464 [Executing testDoRefreshCredentialSupplier(org.conjur.jenkins.configuration.ConjurConfigurationTest)] DEBUG org.eclipse.jetty.util.component.ContainerLifeCycle -- ServletHandler@60d90f09{STOPPED} added {org.eclipse.jetty.servlet.listener.IntrospectorCleaner@46ace61e{src=DESCRIPTOR:jar:file:/Users/sameer.shaik/.m2/repository/org/eclipse/jetty/jetty-webapp/9.4.48.v20220622/jetty-webapp-9.4.48.v20220622.jar!/org/eclipse/jetty/webapp/webdefault.xml},AUTO}
18:13:49.467 [Executing testDoRefreshCredentialSupplier(org.conjur.jenkins.configuration.ConjurConfigurationTest)] DEBUG org.eclipse.jetty.webapp.StandardDescriptorProcessor -- Added mapping [/]=>default 
18:13:49.467 [Executing testDoRefreshCredentialSupplier(org.conjur.jenkins.configuration.ConjurConfigurationTest)] INFO org.eclipse.jetty.webapp.StandardDescriptorProcessor -- NO JSP Support for /jenkins, did not find org.eclipse.jetty.jsp.JettyJspServlet
18:13:49.467 [Executing testDoRefreshCredentialSupplier(org.conjur.jenkins.configuration.ConjurConfigurationTest)] DEBUG org.eclipse.jetty.webapp.StandardDescriptorProcessor -- Added mapping [*.jsp, *.jspf, *.jspx, *.xsp, *.JSP, *.JSPF, *.JSPX, *.XSP]=>jsp 
18:13:49.468 [Executing testDoRefreshCredentialSupplier(org.conjur.jenkins.configuration.ConjurConfigurationTest)] DEBUG org.eclipse.jetty.server.session -- SessionManager default maxInactiveInterval=1800
18:13:49.469 [Executing testDoRefreshCredentialSupplier(org.conjur.jenkins.configuration.ConjurConfigurationTest)] DEBUG org.eclipse.jetty.util.component.ContainerLifeCycle -- ServletHandler@60d90f09{STOPPED} added {default==org.eclipse.jetty.servlet.DefaultServlet@5c13d641{jsp=null,order=0,inst=false,async=false,src=DESCRIPTOR:jar:file:/Users/sameer.shaik/.m2/repository/org/eclipse/jetty/jetty-webapp/9.4.48.v20220622/jetty-webapp-9.4.48.v20220622.jar!/org/eclipse/jetty/webapp/webdefault.xml,STOPPED},AUTO}
18:13:49.469 [Executing testDoRefreshCredentialSupplier(org.conjur.jenkins.configuration.ConjurConfigurationTest)] DEBUG org.eclipse.jetty.util.component.ContainerLifeCycle -- ServletHandler@60d90f09{STOPPED} added {jsp==org.eclipse.jetty.servlet.NoJspServlet@19c47{jsp=null,order=0,inst=false,async=false,src=DESCRIPTOR:jar:file:/Users/sameer.shaik/.m2/repository/org/eclipse/jetty/jetty-webapp/9.4.48.v20220622/jetty-webapp-9.4.48.v20220622.jar!/org/eclipse/jetty/webapp/webdefault.xml,STOPPED},AUTO}
18:13:49.469 [Executing testDoRefreshCredentialSupplier(org.conjur.jenkins.configuration.ConjurConfigurationTest)] DEBUG org.eclipse.jetty.util.component.ContainerLifeCycle -- ServletHandler@60d90f09{STOPPED} added {[/]=>default,POJO}
18:13:49.469 [Executing testDoRefreshCredentialSupplier(org.conjur.jenkins.configuration.ConjurConfigurationTest)] DEBUG org.eclipse.jetty.util.component.ContainerLifeCycle -- ServletHandler@60d90f09{STOPPED} added {[*.jsp, *.jspf, *.jspx, *.xsp, *.JSP, *.JSPF, *.JSPX, *.XSP]=>jsp,POJO}
18:13:49.470 [Executing testDoRefreshCredentialSupplier(org.conjur.jenkins.configuration.ConjurConfigurationTest)] DEBUG org.eclipse.jetty.webapp.StandardDescriptorProcessor -- Added mapping [/*]=>Stapler 
18:13:49.471 [Executing testDoRefreshCredentialSupplier(org.conjur.jenkins.configuration.ConjurConfigurationTest)] DEBUG org.eclipse.jetty.util.component.ContainerLifeCycle -- ServletHandler@60d90f09{STOPPED} added {jenkins.util.SystemProperties$Listener@2722a9ca{src=DESCRIPTOR:file:///Users/sameer.shaik/MyWorkSpace/17OctV2.2.3-New-BitBucketIssueFixed/conjur-credentials-plugin/target/jenkins-for-test/WEB-INF/web.xml},AUTO}
18:13:49.471 [Executing testDoRefreshCredentialSupplier(org.conjur.jenkins.configuration.ConjurConfigurationTest)] DEBUG org.eclipse.jetty.util.component.ContainerLifeCycle -- ServletHandler@60d90f09{STOPPED} added {hudson.WebAppMain@7f7b5a2e{src=DESCRIPTOR:file:///Users/sameer.shaik/MyWorkSpace/17OctV2.2.3-New-BitBucketIssueFixed/conjur-credentials-plugin/target/jenkins-for-test/WEB-INF/web.xml},AUTO}
18:13:49.471 [Executing testDoRefreshCredentialSupplier(org.conjur.jenkins.configuration.ConjurConfigurationTest)] DEBUG org.eclipse.jetty.util.component.ContainerLifeCycle -- ServletHandler@60d90f09{STOPPED} added {jenkins.JenkinsHttpSessionListener@5f61e582{src=DESCRIPTOR:file:///Users/sameer.shaik/MyWorkSpace/17OctV2.2.3-New-BitBucketIssueFixed/conjur-credentials-plugin/target/jenkins-for-test/WEB-INF/web.xml},AUTO}
18:13:49.471 [Executing testDoRefreshCredentialSupplier(org.conjur.jenkins.configuration.ConjurConfigurationTest)] DEBUG org.eclipse.jetty.util.component.ContainerLifeCycle -- ServletHandler@60d90f09{STOPPED} added {suspicious-request-filter==jenkins.security.SuspiciousRequestFilter@5ec73fb7{inst=false,async=true,src=DESCRIPTOR:file:///Users/sameer.shaik/MyWorkSpace/17OctV2.2.3-New-BitBucketIssueFixed/conjur-credentials-plugin/target/jenkins-for-test/WEB-INF/web.xml},AUTO}
18:13:49.471 [Executing testDoRefreshCredentialSupplier(org.conjur.jenkins.configuration.ConjurConfigurationTest)] DEBUG org.eclipse.jetty.util.component.ContainerLifeCycle -- ServletHandler@60d90f09{STOPPED} added {diagnostic-name-filter==org.kohsuke.stapler.DiagnosticThreadNameFilter@6c19b15c{inst=false,async=true,src=DESCRIPTOR:file:///Users/sameer.shaik/MyWorkSpace/17OctV2.2.3-New-BitBucketIssueFixed/conjur-credentials-plugin/target/jenkins-for-test/WEB-INF/web.xml},AUTO}
18:13:49.471 [Executing testDoRefreshCredentialSupplier(org.conjur.jenkins.configuration.ConjurConfigurationTest)] DEBUG org.eclipse.jetty.util.component.ContainerLifeCycle -- ServletHandler@60d90f09{STOPPED} added {encoding-filter==hudson.util.CharacterEncodingFilter@49963cdb{inst=false,async=true,src=DESCRIPTOR:file:///Users/sameer.shaik/MyWorkSpace/17OctV2.2.3-New-BitBucketIssueFixed/conjur-credentials-plugin/target/jenkins-for-test/WEB-INF/web.xml},AUTO}
18:13:49.472 [Executing testDoRefreshCredentialSupplier(org.conjur.jenkins.configuration.ConjurConfigurationTest)] DEBUG org.eclipse.jetty.util.component.ContainerLifeCycle -- ServletHandler@60d90f09{STOPPED} added {compression-filter==org.kohsuke.stapler.compression.CompressionFilter@190b8d9e{inst=false,async=true,src=DESCRIPTOR:file:///Users/sameer.shaik/MyWorkSpace/17OctV2.2.3-New-BitBucketIssueFixed/conjur-credentials-plugin/target/jenkins-for-test/WEB-INF/web.xml},AUTO}
18:13:49.472 [Executing testDoRefreshCredentialSupplier(org.conjur.jenkins.configuration.ConjurConfigurationTest)] DEBUG org.eclipse.jetty.util.component.ContainerLifeCycle -- ServletHandler@60d90f09{STOPPED} added {authentication-filter==hudson.security.HudsonFilter@7ed6238f{inst=false,async=true,src=DESCRIPTOR:file:///Users/sameer.shaik/MyWorkSpace/17OctV2.2.3-New-BitBucketIssueFixed/conjur-credentials-plugin/target/jenkins-for-test/WEB-INF/web.xml},AUTO}
18:13:49.472 [Executing testDoRefreshCredentialSupplier(org.conjur.jenkins.configuration.ConjurConfigurationTest)] DEBUG org.eclipse.jetty.util.component.ContainerLifeCycle -- ServletHandler@60d90f09{STOPPED} added {csrf-filter==hudson.security.csrf.CrumbFilter@5fe4ee58{inst=false,async=true,src=DESCRIPTOR:file:///Users/sameer.shaik/MyWorkSpace/17OctV2.2.3-New-BitBucketIssueFixed/conjur-credentials-plugin/target/jenkins-for-test/WEB-INF/web.xml},AUTO}
18:13:49.472 [Executing testDoRefreshCredentialSupplier(org.conjur.jenkins.configuration.ConjurConfigurationTest)] DEBUG org.eclipse.jetty.util.component.ContainerLifeCycle -- ServletHandler@60d90f09{STOPPED} added {plugins-filter==hudson.util.PluginServletFilter@276c619b{inst=false,async=true,src=DESCRIPTOR:file:///Users/sameer.shaik/MyWorkSpace/17OctV2.2.3-New-BitBucketIssueFixed/conjur-credentials-plugin/target/jenkins-for-test/WEB-INF/web.xml},AUTO}
18:13:49.472 [Executing testDoRefreshCredentialSupplier(org.conjur.jenkins.configuration.ConjurConfigurationTest)] DEBUG org.eclipse.jetty.util.component.ContainerLifeCycle -- ServletHandler@60d90f09{STOPPED} added {Stapler==org.kohsuke.stapler.Stapler@f222d1a9{jsp=null,order=-1,inst=false,async=true,src=DESCRIPTOR:file:///Users/sameer.shaik/MyWorkSpace/17OctV2.2.3-New-BitBucketIssueFixed/conjur-credentials-plugin/target/jenkins-for-test/WEB-INF/web.xml,STOPPED},AUTO}
18:13:49.476 [Executing testDoRefreshCredentialSupplier(org.conjur.jenkins.configuration.ConjurConfigurationTest)] DEBUG org.eclipse.jetty.util.component.ContainerLifeCycle -- ServletHandler@60d90f09{STOPPED} added {[/*]/[]/[REQUEST]=>suspicious-request-filter,POJO}
18:13:49.476 [Executing testDoRefreshCredentialSupplier(org.conjur.jenkins.configuration.ConjurConfigurationTest)] DEBUG org.eclipse.jetty.util.component.ContainerLifeCycle -- ServletHandler@60d90f09{STOPPED} added {[/*]/[]/[REQUEST]=>diagnostic-name-filter,POJO}
18:13:49.476 [Executing testDoRefreshCredentialSupplier(org.conjur.jenkins.configuration.ConjurConfigurationTest)] DEBUG org.eclipse.jetty.util.component.ContainerLifeCycle -- ServletHandler@60d90f09{STOPPED} added {[/*]/[]/[REQUEST]=>encoding-filter,POJO}
18:13:49.476 [Executing testDoRefreshCredentialSupplier(org.conjur.jenkins.configuration.ConjurConfigurationTest)] DEBUG org.eclipse.jetty.util.component.ContainerLifeCycle -- ServletHandler@60d90f09{STOPPED} added {[/*]/[]/[REQUEST]=>compression-filter,POJO}
18:13:49.476 [Executing testDoRefreshCredentialSupplier(org.conjur.jenkins.configuration.ConjurConfigurationTest)] DEBUG org.eclipse.jetty.util.component.ContainerLifeCycle -- ServletHandler@60d90f09{STOPPED} added {[/*]/[]/[REQUEST]=>authentication-filter,POJO}
18:13:49.476 [Executing testDoRefreshCredentialSupplier(org.conjur.jenkins.configuration.ConjurConfigurationTest)] DEBUG org.eclipse.jetty.util.component.ContainerLifeCycle -- ServletHandler@60d90f09{STOPPED} added {[/*]/[]/[REQUEST]=>csrf-filter,POJO}
18:13:49.476 [Executing testDoRefreshCredentialSupplier(org.conjur.jenkins.configuration.ConjurConfigurationTest)] DEBUG org.eclipse.jetty.util.component.ContainerLifeCycle -- ServletHandler@60d90f09{STOPPED} added {[/*]/[]/[REQUEST]=>plugins-filter,POJO}
18:13:49.476 [Executing testDoRefreshCredentialSupplier(org.conjur.jenkins.configuration.ConjurConfigurationTest)] DEBUG org.eclipse.jetty.util.component.ContainerLifeCycle -- ServletHandler@60d90f09{STOPPED} added {[/*]=>Stapler,POJO}
18:13:49.477 [Executing testDoRefreshCredentialSupplier(org.conjur.jenkins.configuration.ConjurConfigurationTest)] DEBUG org.eclipse.jetty.util.component.AbstractLifeCycle -- starting org.eclipse.jetty.servlet.listener.ELContextCleaner@402a6d75{src=DESCRIPTOR:jar:file:/Users/sameer.shaik/.m2/repository/org/eclipse/jetty/jetty-webapp/9.4.48.v20220622/jetty-webapp-9.4.48.v20220622.jar!/org/eclipse/jetty/webapp/webdefault.xml}
18:13:49.477 [Executing testDoRefreshCredentialSupplier(org.conjur.jenkins.configuration.ConjurConfigurationTest)] DEBUG org.eclipse.jetty.servlet.BaseHolder -- Holding class org.eclipse.jetty.servlet.listener.ELContextCleaner from jdk.internal.loader.ClassLoaders$AppClassLoader@5ffd2b27
18:13:49.478 [Executing testDoRefreshCredentialSupplier(org.conjur.jenkins.configuration.ConjurConfigurationTest)] DEBUG org.eclipse.jetty.util.component.AbstractLifeCycle -- STARTED @2513ms org.eclipse.jetty.servlet.listener.ELContextCleaner@402a6d75{src=DESCRIPTOR:jar:file:/Users/sameer.shaik/.m2/repository/org/eclipse/jetty/jetty-webapp/9.4.48.v20220622/jetty-webapp-9.4.48.v20220622.jar!/org/eclipse/jetty/webapp/webdefault.xml}
18:13:49.478 [Executing testDoRefreshCredentialSupplier(org.conjur.jenkins.configuration.ConjurConfigurationTest)] DEBUG org.eclipse.jetty.util.component.AbstractLifeCycle -- starting org.eclipse.jetty.servlet.listener.IntrospectorCleaner@46ace61e{src=DESCRIPTOR:jar:file:/Users/sameer.shaik/.m2/repository/org/eclipse/jetty/jetty-webapp/9.4.48.v20220622/jetty-webapp-9.4.48.v20220622.jar!/org/eclipse/jetty/webapp/webdefault.xml}
18:13:49.479 [Executing testDoRefreshCredentialSupplier(org.conjur.jenkins.configuration.ConjurConfigurationTest)] DEBUG org.eclipse.jetty.servlet.BaseHolder -- Holding class org.eclipse.jetty.servlet.listener.IntrospectorCleaner from jdk.internal.loader.ClassLoaders$AppClassLoader@5ffd2b27
18:13:49.479 [Executing testDoRefreshCredentialSupplier(org.conjur.jenkins.configuration.ConjurConfigurationTest)] DEBUG org.eclipse.jetty.util.component.AbstractLifeCycle -- STARTED @2514ms org.eclipse.jetty.servlet.listener.IntrospectorCleaner@46ace61e{src=DESCRIPTOR:jar:file:/Users/sameer.shaik/.m2/repository/org/eclipse/jetty/jetty-webapp/9.4.48.v20220622/jetty-webapp-9.4.48.v20220622.jar!/org/eclipse/jetty/webapp/webdefault.xml}
18:13:49.479 [Executing testDoRefreshCredentialSupplier(org.conjur.jenkins.configuration.ConjurConfigurationTest)] DEBUG org.eclipse.jetty.util.component.AbstractLifeCycle -- starting jenkins.util.SystemProperties$Listener@2722a9ca{src=DESCRIPTOR:file:///Users/sameer.shaik/MyWorkSpace/17OctV2.2.3-New-BitBucketIssueFixed/conjur-credentials-plugin/target/jenkins-for-test/WEB-INF/web.xml}
18:13:49.479 [Executing testDoRefreshCredentialSupplier(org.conjur.jenkins.configuration.ConjurConfigurationTest)] DEBUG org.eclipse.jetty.servlet.BaseHolder -- Holding class jenkins.util.SystemProperties$Listener from jdk.internal.loader.ClassLoaders$AppClassLoader@5ffd2b27
18:13:49.479 [Executing testDoRefreshCredentialSupplier(org.conjur.jenkins.configuration.ConjurConfigurationTest)] DEBUG org.eclipse.jetty.util.component.AbstractLifeCycle -- STARTED @2514ms jenkins.util.SystemProperties$Listener@2722a9ca{src=DESCRIPTOR:file:///Users/sameer.shaik/MyWorkSpace/17OctV2.2.3-New-BitBucketIssueFixed/conjur-credentials-plugin/target/jenkins-for-test/WEB-INF/web.xml}
18:13:49.480 [Executing testDoRefreshCredentialSupplier(org.conjur.jenkins.configuration.ConjurConfigurationTest)] DEBUG org.eclipse.jetty.util.component.AbstractLifeCycle -- starting hudson.WebAppMain@7f7b5a2e{src=DESCRIPTOR:file:///Users/sameer.shaik/MyWorkSpace/17OctV2.2.3-New-BitBucketIssueFixed/conjur-credentials-plugin/target/jenkins-for-test/WEB-INF/web.xml}
18:13:49.480 [Executing testDoRefreshCredentialSupplier(org.conjur.jenkins.configuration.ConjurConfigurationTest)] DEBUG org.eclipse.jetty.servlet.BaseHolder -- Holding class hudson.WebAppMain from jdk.internal.loader.ClassLoaders$AppClassLoader@5ffd2b27
18:13:49.483 [Executing testDoRefreshCredentialSupplier(org.conjur.jenkins.configuration.ConjurConfigurationTest)] DEBUG org.eclipse.jetty.util.component.AbstractLifeCycle -- STARTED @2518ms hudson.WebAppMain@7f7b5a2e{src=DESCRIPTOR:file:///Users/sameer.shaik/MyWorkSpace/17OctV2.2.3-New-BitBucketIssueFixed/conjur-credentials-plugin/target/jenkins-for-test/WEB-INF/web.xml}
18:13:49.484 [Executing testDoRefreshCredentialSupplier(org.conjur.jenkins.configuration.ConjurConfigurationTest)] DEBUG org.eclipse.jetty.util.component.AbstractLifeCycle -- starting jenkins.JenkinsHttpSessionListener@5f61e582{src=DESCRIPTOR:file:///Users/sameer.shaik/MyWorkSpace/17OctV2.2.3-New-BitBucketIssueFixed/conjur-credentials-plugin/target/jenkins-for-test/WEB-INF/web.xml}
18:13:49.484 [Executing testDoRefreshCredentialSupplier(org.conjur.jenkins.configuration.ConjurConfigurationTest)] DEBUG org.eclipse.jetty.servlet.BaseHolder -- Holding class jenkins.JenkinsHttpSessionListener from jdk.internal.loader.ClassLoaders$AppClassLoader@5ffd2b27
18:13:49.484 [Executing testDoRefreshCredentialSupplier(org.conjur.jenkins.configuration.ConjurConfigurationTest)] DEBUG org.eclipse.jetty.util.component.ContainerLifeCycle -- org.eclipse.jetty.server.session.SessionHandler1929098746==dftMaxIdleSec=1800 added {jenkins.JenkinsHttpSessionListener@7b610ce8,UNMANAGED}
18:13:49.484 [Executing testDoRefreshCredentialSupplier(org.conjur.jenkins.configuration.ConjurConfigurationTest)] DEBUG org.eclipse.jetty.util.component.AbstractLifeCycle -- STARTED @2519ms jenkins.JenkinsHttpSessionListener@5f61e582{src=DESCRIPTOR:file:///Users/sameer.shaik/MyWorkSpace/17OctV2.2.3-New-BitBucketIssueFixed/conjur-credentials-plugin/target/jenkins-for-test/WEB-INF/web.xml}
18:13:49.484 [Executing testDoRefreshCredentialSupplier(org.conjur.jenkins.configuration.ConjurConfigurationTest)] DEBUG org.eclipse.jetty.server.handler.AbstractHandler -- starting o.e.j.w.WebAppContext@1fe2a40d{Jenkins v2.346.3,/jenkins,file:///Users/sameer.shaik/MyWorkSpace/17OctV2.2.3-New-BitBucketIssueFixed/conjur-credentials-plugin/target/jenkins-for-test/,STARTING}{/Users/sameer.shaik/MyWorkSpace/17OctV2.2.3-New-BitBucketIssueFixed/conjur-credentials-plugin/target/jenkins-for-test}
18:13:49.484 [Executing testDoRefreshCredentialSupplier(org.conjur.jenkins.configuration.ConjurConfigurationTest)] DEBUG org.eclipse.jetty.util.component.AbstractLifeCycle -- starting SymlinkAllowedResourceAliasChecker@5589cab7{base=null,protected=[/WEB-INF, /META-INF]}
18:13:49.484 [Executing testDoRefreshCredentialSupplier(org.conjur.jenkins.configuration.ConjurConfigurationTest)] DEBUG org.eclipse.jetty.util.component.AbstractLifeCycle -- STARTED @2519ms SymlinkAllowedResourceAliasChecker@5589cab7{base=null,protected=[/WEB-INF, /META-INF]}
18:13:49.485 [Executing testDoRefreshCredentialSupplier(org.conjur.jenkins.configuration.ConjurConfigurationTest)] DEBUG org.eclipse.jetty.util.component.AbstractLifeCycle -- starting org.eclipse.jetty.server.session.SessionHandler1929098746==dftMaxIdleSec=1800
18:13:49.486 [Executing testDoRefreshCredentialSupplier(org.conjur.jenkins.configuration.ConjurConfigurationTest)] DEBUG org.eclipse.jetty.util.component.ContainerLifeCycle -- org.eclipse.jetty.server.session.SessionHandler1929098746==dftMaxIdleSec=1800 added {org.eclipse.jetty.server.session.DefaultSessionCache@561b619d[evict=-1,removeUnloadable=false,saveOnCreate=false,saveOnInactiveEvict=false],AUTO}
18:13:49.487 [Executing testDoRefreshCredentialSupplier(org.conjur.jenkins.configuration.ConjurConfigurationTest)] DEBUG org.eclipse.jetty.util.component.ContainerLifeCycle -- org.eclipse.jetty.server.session.DefaultSessionCache@561b619d[evict=-1,removeUnloadable=false,saveOnCreate=false,saveOnInactiveEvict=false] added {org.eclipse.jetty.server.session.NullSessionDataStore@19b2816f[passivating=false,graceSec=3600],AUTO}
18:13:49.488 [Executing testDoRefreshCredentialSupplier(org.conjur.jenkins.configuration.ConjurConfigurationTest)] DEBUG org.eclipse.jetty.util.component.AbstractLifeCycle -- starting DefaultSessionIdManager@1594b786{STOPPED}[worker=null]
18:13:49.488 [Executing testDoRefreshCredentialSupplier(org.conjur.jenkins.configuration.ConjurConfigurationTest)] INFO org.eclipse.jetty.server.session -- DefaultSessionIdManager workerName=node0
18:13:49.489 [Executing testDoRefreshCredentialSupplier(org.conjur.jenkins.configuration.ConjurConfigurationTest)] INFO org.eclipse.jetty.server.session -- No SessionScavenger set, using defaults
18:13:49.489 [Executing testDoRefreshCredentialSupplier(org.conjur.jenkins.configuration.ConjurConfigurationTest)] DEBUG org.eclipse.jetty.util.component.ContainerLifeCycle -- DefaultSessionIdManager@1594b786{STARTING}[worker=node0] added {HouseKeeper@77b68e01{STOPPED}[interval=600000, ownscheduler=false],MANAGED}
18:13:49.490 [Executing testDoRefreshCredentialSupplier(org.conjur.jenkins.configuration.ConjurConfigurationTest)] DEBUG org.eclipse.jetty.util.component.AbstractLifeCycle -- starting HouseKeeper@77b68e01{STOPPED}[interval=600000, ownscheduler=false]
18:13:49.490 [Executing testDoRefreshCredentialSupplier(org.conjur.jenkins.configuration.ConjurConfigurationTest)] DEBUG org.eclipse.jetty.util.component.AbstractLifeCycle -- starting ScheduledExecutorScheduler@25c4ebb{STOPPED}
18:13:49.490 [Executing testDoRefreshCredentialSupplier(org.conjur.jenkins.configuration.ConjurConfigurationTest)] DEBUG org.eclipse.jetty.util.component.AbstractLifeCycle -- STARTED @2525ms ScheduledExecutorScheduler@25c4ebb{STARTED}
18:13:49.490 [Executing testDoRefreshCredentialSupplier(org.conjur.jenkins.configuration.ConjurConfigurationTest)] DEBUG org.eclipse.jetty.server.session -- Using own scheduler for scavenging
18:13:49.490 [Executing testDoRefreshCredentialSupplier(org.conjur.jenkins.configuration.ConjurConfigurationTest)] INFO org.eclipse.jetty.server.session -- node0 Scavenging every 660000ms
18:13:49.491 [Executing testDoRefreshCredentialSupplier(org.conjur.jenkins.configuration.ConjurConfigurationTest)] DEBUG org.eclipse.jetty.util.component.AbstractLifeCycle -- STARTED @2526ms HouseKeeper@77b68e01{STARTED}[interval=660000, ownscheduler=true]
18:13:49.491 [Executing testDoRefreshCredentialSupplier(org.conjur.jenkins.configuration.ConjurConfigurationTest)] DEBUG org.eclipse.jetty.util.component.AbstractLifeCycle -- STARTED @2526ms DefaultSessionIdManager@1594b786{STARTED}[worker=node0]
18:13:49.491 [Executing testDoRefreshCredentialSupplier(org.conjur.jenkins.configuration.ConjurConfigurationTest)] DEBUG org.eclipse.jetty.util.component.ContainerLifeCycle -- Server@2a062be8{STARTING}[9.4.48.v20220622] added {DefaultSessionIdManager@1594b786{STARTED}[worker=node0],MANAGED}
18:13:49.491 [Executing testDoRefreshCredentialSupplier(org.conjur.jenkins.configuration.ConjurConfigurationTest)] DEBUG org.eclipse.jetty.util.component.ContainerLifeCycle -- org.eclipse.jetty.server.session.SessionHandler1929098746==dftMaxIdleSec=1800 added {DefaultSessionIdManager@1594b786{STARTED}[worker=node0],UNMANAGED}
18:13:49.491 [Executing testDoRefreshCredentialSupplier(org.conjur.jenkins.configuration.ConjurConfigurationTest)] DEBUG org.eclipse.jetty.util.component.AbstractLifeCycle -- starting ScheduledExecutorScheduler@2ffccdc1{STOPPED}
18:13:49.491 [Executing testDoRefreshCredentialSupplier(org.conjur.jenkins.configuration.ConjurConfigurationTest)] DEBUG org.eclipse.jetty.util.component.AbstractLifeCycle -- STARTED @2526ms ScheduledExecutorScheduler@2ffccdc1{STARTED}
18:13:49.492 [Executing testDoRefreshCredentialSupplier(org.conjur.jenkins.configuration.ConjurConfigurationTest)] DEBUG org.eclipse.jetty.server.handler.AbstractHandler -- starting org.eclipse.jetty.server.session.SessionHandler1929098746==dftMaxIdleSec=1800
18:13:49.492 [Executing testDoRefreshCredentialSupplier(org.conjur.jenkins.configuration.ConjurConfigurationTest)] DEBUG org.eclipse.jetty.util.component.AbstractLifeCycle -- starting ConstraintSecurityHandler@6252ac9d{STOPPED}
18:13:49.493 [Executing testDoRefreshCredentialSupplier(org.conjur.jenkins.configuration.ConjurConfigurationTest)] DEBUG org.eclipse.jetty.util.component.ContainerLifeCycle -- ConstraintSecurityHandler@6252ac9d{STARTING} added {org.eclipse.jetty.security.DefaultIdentityService@428d2f91,POJO}
18:13:49.495 [Executing testDoRefreshCredentialSupplier(org.conjur.jenkins.configuration.ConjurConfigurationTest)] DEBUG org.eclipse.jetty.security.SecurityHandler -- Created authenticator org.eclipse.jetty.security.authentication.FormAuthenticator@664bea12 with org.eclipse.jetty.security.DefaultAuthenticatorFactory@3644e6c7
18:13:49.495 [Executing testDoRefreshCredentialSupplier(org.conjur.jenkins.configuration.ConjurConfigurationTest)] DEBUG org.eclipse.jetty.util.component.ContainerLifeCycle -- ConstraintSecurityHandler@6252ac9d{STARTING} added {org.eclipse.jetty.security.authentication.FormAuthenticator@664bea12,POJO}
18:13:49.495 [Executing testDoRefreshCredentialSupplier(org.conjur.jenkins.configuration.ConjurConfigurationTest)] DEBUG org.eclipse.jetty.server.handler.AbstractHandler -- starting ConstraintSecurityHandler@6252ac9d{STARTING}
18:13:49.495 [Executing testDoRefreshCredentialSupplier(org.conjur.jenkins.configuration.ConjurConfigurationTest)] DEBUG org.eclipse.jetty.util.component.AbstractLifeCycle -- starting ServletHandler@60d90f09{STOPPED}
18:13:49.498 [Executing testDoRefreshCredentialSupplier(org.conjur.jenkins.configuration.ConjurConfigurationTest)] DEBUG org.eclipse.jetty.servlet.ServletHandler -- Path=*.jspx[DESCRIPTOR:jar:file:/Users/sameer.shaik/.m2/repository/org/eclipse/jetty/jetty-webapp/9.4.48.v20220622/jetty-webapp-9.4.48.v20220622.jar!/org/eclipse/jetty/webapp/webdefault.xml] mapped to servlet=jsp[DESCRIPTOR:jar:file:/Users/sameer.shaik/.m2/repository/org/eclipse/jetty/jetty-webapp/9.4.48.v20220622/jetty-webapp-9.4.48.v20220622.jar!/org/eclipse/jetty/webapp/webdefault.xml]
18:13:49.498 [Executing testDoRefreshCredentialSupplier(org.conjur.jenkins.configuration.ConjurConfigurationTest)] DEBUG org.eclipse.jetty.http.pathmap.ServletPathSpec -- Creating ServletPathSpec[*.jspx] (group: SUFFIX_GLOB, prefix: "null", suffix: "jspx")
18:13:49.498 [Executing testDoRefreshCredentialSupplier(org.conjur.jenkins.configuration.ConjurConfigurationTest)] DEBUG org.eclipse.jetty.http.pathmap.PathMappings -- Added MappedResource[pathSpec=ServletPathSpec@96a7cfb7{*.jspx},resource=jsp==org.eclipse.jetty.servlet.NoJspServlet@19c47{jsp=null,order=0,inst=false,async=false,src=DESCRIPTOR:jar:file:/Users/sameer.shaik/.m2/repository/org/eclipse/jetty/jetty-webapp/9.4.48.v20220622/jetty-webapp-9.4.48.v20220622.jar!/org/eclipse/jetty/webapp/webdefault.xml,STOPPED}] to PathMappings[size=1]
18:13:49.499 [Executing testDoRefreshCredentialSupplier(org.conjur.jenkins.configuration.ConjurConfigurationTest)] DEBUG org.eclipse.jetty.servlet.ServletHandler -- Path=*.JSPX[DESCRIPTOR:jar:file:/Users/sameer.shaik/.m2/repository/org/eclipse/jetty/jetty-webapp/9.4.48.v20220622/jetty-webapp-9.4.48.v20220622.jar!/org/eclipse/jetty/webapp/webdefault.xml] mapped to servlet=jsp[DESCRIPTOR:jar:file:/Users/sameer.shaik/.m2/repository/org/eclipse/jetty/jetty-webapp/9.4.48.v20220622/jetty-webapp-9.4.48.v20220622.jar!/org/eclipse/jetty/webapp/webdefault.xml]
18:13:49.499 [Executing testDoRefreshCredentialSupplier(org.conjur.jenkins.configuration.ConjurConfigurationTest)] DEBUG org.eclipse.jetty.http.pathmap.ServletPathSpec -- Creating ServletPathSpec[*.JSPX] (group: SUFFIX_GLOB, prefix: "null", suffix: "JSPX")
18:13:49.499 [Executing testDoRefreshCredentialSupplier(org.conjur.jenkins.configuration.ConjurConfigurationTest)] DEBUG org.eclipse.jetty.http.pathmap.PathMappings -- Added MappedResource[pathSpec=ServletPathSpec@94d5d7b7{*.JSPX},resource=jsp==org.eclipse.jetty.servlet.NoJspServlet@19c47{jsp=null,order=0,inst=false,async=false,src=DESCRIPTOR:jar:file:/Users/sameer.shaik/.m2/repository/org/eclipse/jetty/jetty-webapp/9.4.48.v20220622/jetty-webapp-9.4.48.v20220622.jar!/org/eclipse/jetty/webapp/webdefault.xml,STOPPED}] to PathMappings[size=2]
18:13:49.499 [Executing testDoRefreshCredentialSupplier(org.conjur.jenkins.configuration.ConjurConfigurationTest)] DEBUG org.eclipse.jetty.servlet.ServletHandler -- Path=*.JSPF[DESCRIPTOR:jar:file:/Users/sameer.shaik/.m2/repository/org/eclipse/jetty/jetty-webapp/9.4.48.v20220622/jetty-webapp-9.4.48.v20220622.jar!/org/eclipse/jetty/webapp/webdefault.xml] mapped to servlet=jsp[DESCRIPTOR:jar:file:/Users/sameer.shaik/.m2/repository/org/eclipse/jetty/jetty-webapp/9.4.48.v20220622/jetty-webapp-9.4.48.v20220622.jar!/org/eclipse/jetty/webapp/webdefault.xml]
18:13:49.499 [Executing testDoRefreshCredentialSupplier(org.conjur.jenkins.configuration.ConjurConfigurationTest)] DEBUG org.eclipse.jetty.http.pathmap.ServletPathSpec -- Creating ServletPathSpec[*.JSPF] (group: SUFFIX_GLOB, prefix: "null", suffix: "JSPF")
18:13:49.499 [Executing testDoRefreshCredentialSupplier(org.conjur.jenkins.configuration.ConjurConfigurationTest)] DEBUG org.eclipse.jetty.http.pathmap.PathMappings -- Added MappedResource[pathSpec=ServletPathSpec@94d5d589{*.JSPF},resource=jsp==org.eclipse.jetty.servlet.NoJspServlet@19c47{jsp=null,order=0,inst=false,async=false,src=DESCRIPTOR:jar:file:/Users/sameer.shaik/.m2/repository/org/eclipse/jetty/jetty-webapp/9.4.48.v20220622/jetty-webapp-9.4.48.v20220622.jar!/org/eclipse/jetty/webapp/webdefault.xml,STOPPED}] to PathMappings[size=3]
18:13:49.499 [Executing testDoRefreshCredentialSupplier(org.conjur.jenkins.configuration.ConjurConfigurationTest)] DEBUG org.eclipse.jetty.servlet.ServletHandler -- Path=*.jsp[DESCRIPTOR:jar:file:/Users/sameer.shaik/.m2/repository/org/eclipse/jetty/jetty-webapp/9.4.48.v20220622/jetty-webapp-9.4.48.v20220622.jar!/org/eclipse/jetty/webapp/webdefault.xml] mapped to servlet=jsp[DESCRIPTOR:jar:file:/Users/sameer.shaik/.m2/repository/org/eclipse/jetty/jetty-webapp/9.4.48.v20220622/jetty-webapp-9.4.48.v20220622.jar!/org/eclipse/jetty/webapp/webdefault.xml]
18:13:49.499 [Executing testDoRefreshCredentialSupplier(org.conjur.jenkins.configuration.ConjurConfigurationTest)] DEBUG org.eclipse.jetty.http.pathmap.ServletPathSpec -- Creating ServletPathSpec[*.jsp] (group: SUFFIX_GLOB, prefix: "null", suffix: "jsp")
18:13:49.499 [Executing testDoRefreshCredentialSupplier(org.conjur.jenkins.configuration.ConjurConfigurationTest)] DEBUG org.eclipse.jetty.http.pathmap.PathMappings -- Added MappedResource[pathSpec=ServletPathSpec@debd2188{*.jsp},resource=jsp==org.eclipse.jetty.servlet.NoJspServlet@19c47{jsp=null,order=0,inst=false,async=false,src=DESCRIPTOR:jar:file:/Users/sameer.shaik/.m2/repository/org/eclipse/jetty/jetty-webapp/9.4.48.v20220622/jetty-webapp-9.4.48.v20220622.jar!/org/eclipse/jetty/webapp/webdefault.xml,STOPPED}] to PathMappings[size=4]
18:13:49.499 [Executing testDoRefreshCredentialSupplier(org.conjur.jenkins.configuration.ConjurConfigurationTest)] DEBUG org.eclipse.jetty.servlet.ServletHandler -- Path=*.JSP[DESCRIPTOR:jar:file:/Users/sameer.shaik/.m2/repository/org/eclipse/jetty/jetty-webapp/9.4.48.v20220622/jetty-webapp-9.4.48.v20220622.jar!/org/eclipse/jetty/webapp/webdefault.xml] mapped to servlet=jsp[DESCRIPTOR:jar:file:/Users/sameer.shaik/.m2/repository/org/eclipse/jetty/jetty-webapp/9.4.48.v20220622/jetty-webapp-9.4.48.v20220622.jar!/org/eclipse/jetty/webapp/webdefault.xml]
18:13:49.500 [Executing testDoRefreshCredentialSupplier(org.conjur.jenkins.configuration.ConjurConfigurationTest)] DEBUG org.eclipse.jetty.http.pathmap.ServletPathSpec -- Creating ServletPathSpec[*.JSP] (group: SUFFIX_GLOB, prefix: "null", suffix: "JSP")
18:13:49.500 [Executing testDoRefreshCredentialSupplier(org.conjur.jenkins.configuration.ConjurConfigurationTest)] DEBUG org.eclipse.jetty.http.pathmap.PathMappings -- Added MappedResource[pathSpec=ServletPathSpec@deae19a8{*.JSP},resource=jsp==org.eclipse.jetty.servlet.NoJspServlet@19c47{jsp=null,order=0,inst=false,async=false,src=DESCRIPTOR:jar:file:/Users/sameer.shaik/.m2/repository/org/eclipse/jetty/jetty-webapp/9.4.48.v20220622/jetty-webapp-9.4.48.v20220622.jar!/org/eclipse/jetty/webapp/webdefault.xml,STOPPED}] to PathMappings[size=5]
18:13:49.500 [Executing testDoRefreshCredentialSupplier(org.conjur.jenkins.configuration.ConjurConfigurationTest)] DEBUG org.eclipse.jetty.servlet.ServletHandler -- Path=*.jspf[DESCRIPTOR:jar:file:/Users/sameer.shaik/.m2/repository/org/eclipse/jetty/jetty-webapp/9.4.48.v20220622/jetty-webapp-9.4.48.v20220622.jar!/org/eclipse/jetty/webapp/webdefault.xml] mapped to servlet=jsp[DESCRIPTOR:jar:file:/Users/sameer.shaik/.m2/repository/org/eclipse/jetty/jetty-webapp/9.4.48.v20220622/jetty-webapp-9.4.48.v20220622.jar!/org/eclipse/jetty/webapp/webdefault.xml]
18:13:49.500 [Executing testDoRefreshCredentialSupplier(org.conjur.jenkins.configuration.ConjurConfigurationTest)] DEBUG org.eclipse.jetty.http.pathmap.ServletPathSpec -- Creating ServletPathSpec[*.jspf] (group: SUFFIX_GLOB, prefix: "null", suffix: "jspf")
18:13:49.500 [Executing testDoRefreshCredentialSupplier(org.conjur.jenkins.configuration.ConjurConfigurationTest)] DEBUG org.eclipse.jetty.http.pathmap.PathMappings -- Added MappedResource[pathSpec=ServletPathSpec@96a7cd89{*.jspf},resource=jsp==org.eclipse.jetty.servlet.NoJspServlet@19c47{jsp=null,order=0,inst=false,async=false,src=DESCRIPTOR:jar:file:/Users/sameer.shaik/.m2/repository/org/eclipse/jetty/jetty-webapp/9.4.48.v20220622/jetty-webapp-9.4.48.v20220622.jar!/org/eclipse/jetty/webapp/webdefault.xml,STOPPED}] to PathMappings[size=6]
18:13:49.500 [Executing testDoRefreshCredentialSupplier(org.conjur.jenkins.configuration.ConjurConfigurationTest)] DEBUG org.eclipse.jetty.servlet.ServletHandler -- Path=*.XSP[DESCRIPTOR:jar:file:/Users/sameer.shaik/.m2/repository/org/eclipse/jetty/jetty-webapp/9.4.48.v20220622/jetty-webapp-9.4.48.v20220622.jar!/org/eclipse/jetty/webapp/webdefault.xml] mapped to servlet=jsp[DESCRIPTOR:jar:file:/Users/sameer.shaik/.m2/repository/org/eclipse/jetty/jetty-webapp/9.4.48.v20220622/jetty-webapp-9.4.48.v20220622.jar!/org/eclipse/jetty/webapp/webdefault.xml]
18:13:49.500 [Executing testDoRefreshCredentialSupplier(org.conjur.jenkins.configuration.ConjurConfigurationTest)] DEBUG org.eclipse.jetty.http.pathmap.ServletPathSpec -- Creating ServletPathSpec[*.XSP] (group: SUFFIX_GLOB, prefix: "null", suffix: "XSP")
18:13:49.500 [Executing testDoRefreshCredentialSupplier(org.conjur.jenkins.configuration.ConjurConfigurationTest)] DEBUG org.eclipse.jetty.http.pathmap.PathMappings -- Added MappedResource[pathSpec=ServletPathSpec@deb476da{*.XSP},resource=jsp==org.eclipse.jetty.servlet.NoJspServlet@19c47{jsp=null,order=0,inst=false,async=false,src=DESCRIPTOR:jar:file:/Users/sameer.shaik/.m2/repository/org/eclipse/jetty/jetty-webapp/9.4.48.v20220622/jetty-webapp-9.4.48.v20220622.jar!/org/eclipse/jetty/webapp/webdefault.xml,STOPPED}] to PathMappings[size=7]
18:13:49.500 [Executing testDoRefreshCredentialSupplier(org.conjur.jenkins.configuration.ConjurConfigurationTest)] DEBUG org.eclipse.jetty.servlet.ServletHandler -- Path=*.xsp[DESCRIPTOR:jar:file:/Users/sameer.shaik/.m2/repository/org/eclipse/jetty/jetty-webapp/9.4.48.v20220622/jetty-webapp-9.4.48.v20220622.jar!/org/eclipse/jetty/webapp/webdefault.xml] mapped to servlet=jsp[DESCRIPTOR:jar:file:/Users/sameer.shaik/.m2/repository/org/eclipse/jetty/jetty-webapp/9.4.48.v20220622/jetty-webapp-9.4.48.v20220622.jar!/org/eclipse/jetty/webapp/webdefault.xml]
18:13:49.500 [Executing testDoRefreshCredentialSupplier(org.conjur.jenkins.configuration.ConjurConfigurationTest)] DEBUG org.eclipse.jetty.http.pathmap.ServletPathSpec -- Creating ServletPathSpec[*.xsp] (group: SUFFIX_GLOB, prefix: "null", suffix: "xsp")
18:13:49.501 [Executing testDoRefreshCredentialSupplier(org.conjur.jenkins.configuration.ConjurConfigurationTest)] DEBUG org.eclipse.jetty.http.pathmap.PathMappings -- Added MappedResource[pathSpec=ServletPathSpec@dec37eba{*.xsp},resource=jsp==org.eclipse.jetty.servlet.NoJspServlet@19c47{jsp=null,order=0,inst=false,async=false,src=DESCRIPTOR:jar:file:/Users/sameer.shaik/.m2/repository/org/eclipse/jetty/jetty-webapp/9.4.48.v20220622/jetty-webapp-9.4.48.v20220622.jar!/org/eclipse/jetty/webapp/webdefault.xml,STOPPED}] to PathMappings[size=8]
18:13:49.501 [Executing testDoRefreshCredentialSupplier(org.conjur.jenkins.configuration.ConjurConfigurationTest)] DEBUG org.eclipse.jetty.servlet.ServletHandler -- Path=/*[DESCRIPTOR:file:///Users/sameer.shaik/MyWorkSpace/17OctV2.2.3-New-BitBucketIssueFixed/conjur-credentials-plugin/target/jenkins-for-test/WEB-INF/web.xml] mapped to servlet=Stapler[DESCRIPTOR:file:///Users/sameer.shaik/MyWorkSpace/17OctV2.2.3-New-BitBucketIssueFixed/conjur-credentials-plugin/target/jenkins-for-test/WEB-INF/web.xml]
18:13:49.502 [Executing testDoRefreshCredentialSupplier(org.conjur.jenkins.configuration.ConjurConfigurationTest)] DEBUG org.eclipse.jetty.http.pathmap.ServletPathSpec -- Creating ServletPathSpec[/*] (group: PREFIX_GLOB, prefix: "", suffix: "null")
18:13:49.502 [Executing testDoRefreshCredentialSupplier(org.conjur.jenkins.configuration.ConjurConfigurationTest)] DEBUG org.eclipse.jetty.http.pathmap.PathMappings -- Added MappedResource[pathSpec=ServletPathSpec@9457a78e{/*},resource=Stapler==org.kohsuke.stapler.Stapler@f222d1a9{jsp=null,order=-1,inst=false,async=true,src=DESCRIPTOR:file:///Users/sameer.shaik/MyWorkSpace/17OctV2.2.3-New-BitBucketIssueFixed/conjur-credentials-plugin/target/jenkins-for-test/WEB-INF/web.xml,STOPPED}] to PathMappings[size=9]
18:13:49.502 [Executing testDoRefreshCredentialSupplier(org.conjur.jenkins.configuration.ConjurConfigurationTest)] DEBUG org.eclipse.jetty.servlet.ServletHandler -- Path=/[DESCRIPTOR:jar:file:/Users/sameer.shaik/.m2/repository/org/eclipse/jetty/jetty-webapp/9.4.48.v20220622/jetty-webapp-9.4.48.v20220622.jar!/org/eclipse/jetty/webapp/webdefault.xml] mapped to servlet=default[DESCRIPTOR:jar:file:/Users/sameer.shaik/.m2/repository/org/eclipse/jetty/jetty-webapp/9.4.48.v20220622/jetty-webapp-9.4.48.v20220622.jar!/org/eclipse/jetty/webapp/webdefault.xml]
18:13:49.502 [Executing testDoRefreshCredentialSupplier(org.conjur.jenkins.configuration.ConjurConfigurationTest)] DEBUG org.eclipse.jetty.http.pathmap.PathMappings -- Added MappedResource[pathSpec=ServletPathSpec@9457dcb7{/},resource=default==org.eclipse.jetty.servlet.DefaultServlet@5c13d641{jsp=null,order=0,inst=false,async=false,src=DESCRIPTOR:jar:file:/Users/sameer.shaik/.m2/repository/org/eclipse/jetty/jetty-webapp/9.4.48.v20220622/jetty-webapp-9.4.48.v20220622.jar!/org/eclipse/jetty/webapp/webdefault.xml,STOPPED}] to PathMappings[size=10]
18:13:49.502 [Executing testDoRefreshCredentialSupplier(org.conjur.jenkins.configuration.ConjurConfigurationTest)] DEBUG org.eclipse.jetty.servlet.ServletHandler -- filterNameMap={csrf-filter=csrf-filter==hudson.security.csrf.CrumbFilter@5fe4ee58{inst=false,async=true,src=DESCRIPTOR:file:///Users/sameer.shaik/MyWorkSpace/17OctV2.2.3-New-BitBucketIssueFixed/conjur-credentials-plugin/target/jenkins-for-test/WEB-INF/web.xml}, encoding-filter=encoding-filter==hudson.util.CharacterEncodingFilter@49963cdb{inst=false,async=true,src=DESCRIPTOR:file:///Users/sameer.shaik/MyWorkSpace/17OctV2.2.3-New-BitBucketIssueFixed/conjur-credentials-plugin/target/jenkins-for-test/WEB-INF/web.xml}, diagnostic-name-filter=diagnostic-name-filter==org.kohsuke.stapler.DiagnosticThreadNameFilter@6c19b15c{inst=false,async=true,src=DESCRIPTOR:file:///Users/sameer.shaik/MyWorkSpace/17OctV2.2.3-New-BitBucketIssueFixed/conjur-credentials-plugin/target/jenkins-for-test/WEB-INF/web.xml}, compression-filter=compression-filter==org.kohsuke.stapler.compression.CompressionFilter@190b8d9e{inst=false,async=true,src=DESCRIPTOR:file:///Users/sameer.shaik/MyWorkSpace/17OctV2.2.3-New-BitBucketIssueFixed/conjur-credentials-plugin/target/jenkins-for-test/WEB-INF/web.xml}, plugins-filter=plugins-filter==hudson.util.PluginServletFilter@276c619b{inst=false,async=true,src=DESCRIPTOR:file:///Users/sameer.shaik/MyWorkSpace/17OctV2.2.3-New-BitBucketIssueFixed/conjur-credentials-plugin/target/jenkins-for-test/WEB-INF/web.xml}, authentication-filter=authentication-filter==hudson.security.HudsonFilter@7ed6238f{inst=false,async=true,src=DESCRIPTOR:file:///Users/sameer.shaik/MyWorkSpace/17OctV2.2.3-New-BitBucketIssueFixed/conjur-credentials-plugin/target/jenkins-for-test/WEB-INF/web.xml}, suspicious-request-filter=suspicious-request-filter==jenkins.security.SuspiciousRequestFilter@5ec73fb7{inst=false,async=true,src=DESCRIPTOR:file:///Users/sameer.shaik/MyWorkSpace/17OctV2.2.3-New-BitBucketIssueFixed/conjur-credentials-plugin/target/jenkins-for-test/WEB-INF/web.xml}}
18:13:49.502 [Executing testDoRefreshCredentialSupplier(org.conjur.jenkins.configuration.ConjurConfigurationTest)] DEBUG org.eclipse.jetty.servlet.ServletHandler -- pathFilters=[[/*]/[]/[REQUEST, ASYNC]=>plugins-filter, [/*]/[]/[REQUEST, ASYNC]=>csrf-filter, [/*]/[]/[REQUEST, ASYNC]=>authentication-filter, [/*]/[]/[REQUEST, ASYNC]=>compression-filter, [/*]/[]/[REQUEST, ASYNC]=>encoding-filter, [/*]/[]/[REQUEST, ASYNC]=>diagnostic-name-filter, [/*]/[]/[REQUEST, ASYNC]=>suspicious-request-filter]
18:13:49.502 [Executing testDoRefreshCredentialSupplier(org.conjur.jenkins.configuration.ConjurConfigurationTest)] DEBUG org.eclipse.jetty.servlet.ServletHandler -- servletFilterMap={}
18:13:49.502 [Executing testDoRefreshCredentialSupplier(org.conjur.jenkins.configuration.ConjurConfigurationTest)] DEBUG org.eclipse.jetty.servlet.ServletHandler -- servletPathMap=PathMappings[size=10]
18:13:49.503 [Executing testDoRefreshCredentialSupplier(org.conjur.jenkins.configuration.ConjurConfigurationTest)] DEBUG org.eclipse.jetty.servlet.ServletHandler -- servletNameMap={default=default==org.eclipse.jetty.servlet.DefaultServlet@5c13d641{jsp=null,order=0,inst=false,async=false,src=DESCRIPTOR:jar:file:/Users/sameer.shaik/.m2/repository/org/eclipse/jetty/jetty-webapp/9.4.48.v20220622/jetty-webapp-9.4.48.v20220622.jar!/org/eclipse/jetty/webapp/webdefault.xml,STOPPED}, jsp=jsp==org.eclipse.jetty.servlet.NoJspServlet@19c47{jsp=null,order=0,inst=false,async=false,src=DESCRIPTOR:jar:file:/Users/sameer.shaik/.m2/repository/org/eclipse/jetty/jetty-webapp/9.4.48.v20220622/jetty-webapp-9.4.48.v20220622.jar!/org/eclipse/jetty/webapp/webdefault.xml,STOPPED}, Stapler=Stapler==org.kohsuke.stapler.Stapler@f222d1a9{jsp=null,order=-1,inst=false,async=true,src=DESCRIPTOR:file:///Users/sameer.shaik/MyWorkSpace/17OctV2.2.3-New-BitBucketIssueFixed/conjur-credentials-plugin/target/jenkins-for-test/WEB-INF/web.xml,STOPPED}}
18:13:49.503 [Executing testDoRefreshCredentialSupplier(org.conjur.jenkins.configuration.ConjurConfigurationTest)] DEBUG org.eclipse.jetty.server.handler.AbstractHandler -- starting ServletHandler@60d90f09{STARTING}
18:13:49.503 [Executing testDoRefreshCredentialSupplier(org.conjur.jenkins.configuration.ConjurConfigurationTest)] DEBUG org.eclipse.jetty.util.component.AbstractLifeCycle -- STARTED @2537ms ServletHandler@60d90f09{STARTED}
18:13:49.503 [Executing testDoRefreshCredentialSupplier(org.conjur.jenkins.configuration.ConjurConfigurationTest)] DEBUG org.eclipse.jetty.util.component.AbstractLifeCycle -- starting HashLoginService@3f89283a[default]
18:13:49.503 [Executing testDoRefreshCredentialSupplier(org.conjur.jenkins.configuration.ConjurConfigurationTest)] DEBUG org.eclipse.jetty.util.component.AbstractLifeCycle -- starting UserStore@3f9f5069{STOPPED}
18:13:49.503 [Executing testDoRefreshCredentialSupplier(org.conjur.jenkins.configuration.ConjurConfigurationTest)] DEBUG org.eclipse.jetty.util.component.AbstractLifeCycle -- STARTED @2538ms UserStore@3f9f5069{STARTED}
18:13:49.503 [Executing testDoRefreshCredentialSupplier(org.conjur.jenkins.configuration.ConjurConfigurationTest)] DEBUG org.eclipse.jetty.util.component.AbstractLifeCycle -- STARTED @2538ms HashLoginService@3f89283a[default]
18:13:49.503 [Executing testDoRefreshCredentialSupplier(org.conjur.jenkins.configuration.ConjurConfigurationTest)] DEBUG org.eclipse.jetty.util.component.AbstractLifeCycle -- STARTED @2538ms ConstraintSecurityHandler@6252ac9d{STARTED}
18:13:49.504 [Executing testDoRefreshCredentialSupplier(org.conjur.jenkins.configuration.ConjurConfigurationTest)] DEBUG org.eclipse.jetty.util.component.AbstractLifeCycle -- starting org.eclipse.jetty.server.session.DefaultSessionCache@561b619d[evict=-1,removeUnloadable=false,saveOnCreate=false,saveOnInactiveEvict=false]
18:13:49.504 [Executing testDoRefreshCredentialSupplier(org.conjur.jenkins.configuration.ConjurConfigurationTest)] DEBUG org.eclipse.jetty.util.component.AbstractLifeCycle -- starting org.eclipse.jetty.server.session.NullSessionDataStore@19b2816f[passivating=false,graceSec=3600]
18:13:49.504 [Executing testDoRefreshCredentialSupplier(org.conjur.jenkins.configuration.ConjurConfigurationTest)] DEBUG org.eclipse.jetty.util.component.AbstractLifeCycle -- STARTED @2539ms org.eclipse.jetty.server.session.NullSessionDataStore@19b2816f[passivating=false,graceSec=3600]
18:13:49.504 [Executing testDoRefreshCredentialSupplier(org.conjur.jenkins.configuration.ConjurConfigurationTest)] DEBUG org.eclipse.jetty.util.component.AbstractLifeCycle -- STARTED @2539ms org.eclipse.jetty.server.session.DefaultSessionCache@561b619d[evict=-1,removeUnloadable=false,saveOnCreate=false,saveOnInactiveEvict=false]
18:13:49.504 [Executing testDoRefreshCredentialSupplier(org.conjur.jenkins.configuration.ConjurConfigurationTest)] DEBUG org.eclipse.jetty.util.component.AbstractLifeCycle -- STARTED @2539ms org.eclipse.jetty.server.session.SessionHandler1929098746==dftMaxIdleSec=1800
18:13:49.504 [Executing testDoRefreshCredentialSupplier(org.conjur.jenkins.configuration.ConjurConfigurationTest)] DEBUG org.eclipse.jetty.util.component.AbstractLifeCycle -- starting ErrorPageErrorHandler@e2ebc38{STOPPED}
18:13:49.504 [Executing testDoRefreshCredentialSupplier(org.conjur.jenkins.configuration.ConjurConfigurationTest)] DEBUG org.eclipse.jetty.server.handler.AbstractHandler -- starting ErrorPageErrorHandler@e2ebc38{STARTING}
18:13:49.504 [Executing testDoRefreshCredentialSupplier(org.conjur.jenkins.configuration.ConjurConfigurationTest)] DEBUG org.eclipse.jetty.util.component.AbstractLifeCycle -- STARTED @2539ms ErrorPageErrorHandler@e2ebc38{STARTED}
18:13:49.504 [Executing testDoRefreshCredentialSupplier(org.conjur.jenkins.configuration.ConjurConfigurationTest)] DEBUG org.eclipse.jetty.util.component.AbstractLifeCycle -- starting NoListenerConfiguration@778b1950{STOPPED}
18:13:49.504 [Executing testDoRefreshCredentialSupplier(org.conjur.jenkins.configuration.ConjurConfigurationTest)] DEBUG org.eclipse.jetty.util.component.AbstractLifeCycle -- STARTED @2539ms NoListenerConfiguration@778b1950{STARTED}
18:13:49.506 [Executing testDoRefreshCredentialSupplier(org.conjur.jenkins.configuration.ConjurConfigurationTest)] DEBUG org.eclipse.jetty.server.handler.ContextHandler -- contextInitialized: javax.servlet.ServletContextEvent[source=ServletContext@o.e.j.w.WebAppContext@1fe2a40d{Jenkins v2.346.3,/jenkins,file:///Users/sameer.shaik/MyWorkSpace/17OctV2.2.3-New-BitBucketIssueFixed/conjur-credentials-plugin/target/jenkins-for-test/,STARTING}{/Users/sameer.shaik/MyWorkSpace/17OctV2.2.3-New-BitBucketIssueFixed/conjur-credentials-plugin/target/jenkins-for-test}]->org.eclipse.jetty.servlet.listener.ELContextCleaner@2efadaf6
18:13:49.506 [Executing testDoRefreshCredentialSupplier(org.conjur.jenkins.configuration.ConjurConfigurationTest)] DEBUG org.eclipse.jetty.server.handler.ContextHandler -- contextInitialized: javax.servlet.ServletContextEvent[source=ServletContext@o.e.j.w.WebAppContext@1fe2a40d{Jenkins v2.346.3,/jenkins,file:///Users/sameer.shaik/MyWorkSpace/17OctV2.2.3-New-BitBucketIssueFixed/conjur-credentials-plugin/target/jenkins-for-test/,STARTING}{/Users/sameer.shaik/MyWorkSpace/17OctV2.2.3-New-BitBucketIssueFixed/conjur-credentials-plugin/target/jenkins-for-test}]->org.eclipse.jetty.servlet.listener.IntrospectorCleaner@3c5ce589
18:13:49.506 [Executing testDoRefreshCredentialSupplier(org.conjur.jenkins.configuration.ConjurConfigurationTest)] DEBUG org.eclipse.jetty.server.handler.ContextHandler -- contextInitialized: javax.servlet.ServletContextEvent[source=ServletContext@o.e.j.w.WebAppContext@1fe2a40d{Jenkins v2.346.3,/jenkins,file:///Users/sameer.shaik/MyWorkSpace/17OctV2.2.3-New-BitBucketIssueFixed/conjur-credentials-plugin/target/jenkins-for-test/,STARTING}{/Users/sameer.shaik/MyWorkSpace/17OctV2.2.3-New-BitBucketIssueFixed/conjur-credentials-plugin/target/jenkins-for-test}]->jenkins.util.SystemProperties$Listener@3b7ddcb
18:13:49.506 [Executing testDoRefreshCredentialSupplier(org.conjur.jenkins.configuration.ConjurConfigurationTest)] DEBUG org.eclipse.jetty.util.component.AbstractLifeCycle -- starting suspicious-request-filter==jenkins.security.SuspiciousRequestFilter@5ec73fb7{inst=false,async=true,src=DESCRIPTOR:file:///Users/sameer.shaik/MyWorkSpace/17OctV2.2.3-New-BitBucketIssueFixed/conjur-credentials-plugin/target/jenkins-for-test/WEB-INF/web.xml}
18:13:49.507 [Executing testDoRefreshCredentialSupplier(org.conjur.jenkins.configuration.ConjurConfigurationTest)] DEBUG org.eclipse.jetty.servlet.BaseHolder -- Holding class jenkins.security.SuspiciousRequestFilter from jdk.internal.loader.ClassLoaders$AppClassLoader@5ffd2b27
18:13:49.507 [Executing testDoRefreshCredentialSupplier(org.conjur.jenkins.configuration.ConjurConfigurationTest)] DEBUG org.eclipse.jetty.util.component.AbstractLifeCycle -- STARTED @2542ms suspicious-request-filter==jenkins.security.SuspiciousRequestFilter@5ec73fb7{inst=false,async=true,src=DESCRIPTOR:file:///Users/sameer.shaik/MyWorkSpace/17OctV2.2.3-New-BitBucketIssueFixed/conjur-credentials-plugin/target/jenkins-for-test/WEB-INF/web.xml}
18:13:49.508 [Executing testDoRefreshCredentialSupplier(org.conjur.jenkins.configuration.ConjurConfigurationTest)] DEBUG org.eclipse.jetty.servlet.FilterHolder -- Filter.init jenkins.security.SuspiciousRequestFilter@54b8290f
18:13:49.508 [Executing testDoRefreshCredentialSupplier(org.conjur.jenkins.configuration.ConjurConfigurationTest)] DEBUG org.eclipse.jetty.util.component.AbstractLifeCycle -- starting diagnostic-name-filter==org.kohsuke.stapler.DiagnosticThreadNameFilter@6c19b15c{inst=false,async=true,src=DESCRIPTOR:file:///Users/sameer.shaik/MyWorkSpace/17OctV2.2.3-New-BitBucketIssueFixed/conjur-credentials-plugin/target/jenkins-for-test/WEB-INF/web.xml}
18:13:49.508 [Executing testDoRefreshCredentialSupplier(org.conjur.jenkins.configuration.ConjurConfigurationTest)] DEBUG org.eclipse.jetty.servlet.BaseHolder -- Holding class org.kohsuke.stapler.DiagnosticThreadNameFilter from jdk.internal.loader.ClassLoaders$AppClassLoader@5ffd2b27
18:13:49.508 [Executing testDoRefreshCredentialSupplier(org.conjur.jenkins.configuration.ConjurConfigurationTest)] DEBUG org.eclipse.jetty.util.component.AbstractLifeCycle -- STARTED @2543ms diagnostic-name-filter==org.kohsuke.stapler.DiagnosticThreadNameFilter@6c19b15c{inst=false,async=true,src=DESCRIPTOR:file:///Users/sameer.shaik/MyWorkSpace/17OctV2.2.3-New-BitBucketIssueFixed/conjur-credentials-plugin/target/jenkins-for-test/WEB-INF/web.xml}
18:13:49.509 [Executing testDoRefreshCredentialSupplier(org.conjur.jenkins.configuration.ConjurConfigurationTest)] DEBUG org.eclipse.jetty.servlet.FilterHolder -- Filter.init org.kohsuke.stapler.DiagnosticThreadNameFilter@1641b0a2
18:13:49.509 [Executing testDoRefreshCredentialSupplier(org.conjur.jenkins.configuration.ConjurConfigurationTest)] DEBUG org.eclipse.jetty.util.component.AbstractLifeCycle -- starting encoding-filter==hudson.util.CharacterEncodingFilter@49963cdb{inst=false,async=true,src=DESCRIPTOR:file:///Users/sameer.shaik/MyWorkSpace/17OctV2.2.3-New-BitBucketIssueFixed/conjur-credentials-plugin/target/jenkins-for-test/WEB-INF/web.xml}
18:13:49.509 [Executing testDoRefreshCredentialSupplier(org.conjur.jenkins.configuration.ConjurConfigurationTest)] DEBUG org.eclipse.jetty.servlet.BaseHolder -- Holding class hudson.util.CharacterEncodingFilter from jdk.internal.loader.ClassLoaders$AppClassLoader@5ffd2b27
18:13:49.509 [Executing testDoRefreshCredentialSupplier(org.conjur.jenkins.configuration.ConjurConfigurationTest)] DEBUG org.eclipse.jetty.util.component.AbstractLifeCycle -- STARTED @2544ms encoding-filter==hudson.util.CharacterEncodingFilter@49963cdb{inst=false,async=true,src=DESCRIPTOR:file:///Users/sameer.shaik/MyWorkSpace/17OctV2.2.3-New-BitBucketIssueFixed/conjur-credentials-plugin/target/jenkins-for-test/WEB-INF/web.xml}
18:13:49.509 [Executing testDoRefreshCredentialSupplier(org.conjur.jenkins.configuration.ConjurConfigurationTest)] DEBUG org.eclipse.jetty.servlet.FilterHolder -- Filter.init hudson.util.CharacterEncodingFilter@24a271b
18:13:49.509 [Executing testDoRefreshCredentialSupplier(org.conjur.jenkins.configuration.ConjurConfigurationTest)] DEBUG org.eclipse.jetty.util.component.AbstractLifeCycle -- starting compression-filter==org.kohsuke.stapler.compression.CompressionFilter@190b8d9e{inst=false,async=true,src=DESCRIPTOR:file:///Users/sameer.shaik/MyWorkSpace/17OctV2.2.3-New-BitBucketIssueFixed/conjur-credentials-plugin/target/jenkins-for-test/WEB-INF/web.xml}
18:13:49.510 [Executing testDoRefreshCredentialSupplier(org.conjur.jenkins.configuration.ConjurConfigurationTest)] DEBUG org.eclipse.jetty.servlet.BaseHolder -- Holding class org.kohsuke.stapler.compression.CompressionFilter from jdk.internal.loader.ClassLoaders$AppClassLoader@5ffd2b27
18:13:49.510 [Executing testDoRefreshCredentialSupplier(org.conjur.jenkins.configuration.ConjurConfigurationTest)] DEBUG org.eclipse.jetty.util.component.AbstractLifeCycle -- STARTED @2544ms compression-filter==org.kohsuke.stapler.compression.CompressionFilter@190b8d9e{inst=false,async=true,src=DESCRIPTOR:file:///Users/sameer.shaik/MyWorkSpace/17OctV2.2.3-New-BitBucketIssueFixed/conjur-credentials-plugin/target/jenkins-for-test/WEB-INF/web.xml}
18:13:49.510 [Executing testDoRefreshCredentialSupplier(org.conjur.jenkins.configuration.ConjurConfigurationTest)] DEBUG org.eclipse.jetty.servlet.FilterHolder -- Filter.init org.kohsuke.stapler.compression.CompressionFilter@39a6b9e5
18:13:49.510 [Executing testDoRefreshCredentialSupplier(org.conjur.jenkins.configuration.ConjurConfigurationTest)] DEBUG org.eclipse.jetty.util.component.AbstractLifeCycle -- starting authentication-filter==hudson.security.HudsonFilter@7ed6238f{inst=false,async=true,src=DESCRIPTOR:file:///Users/sameer.shaik/MyWorkSpace/17OctV2.2.3-New-BitBucketIssueFixed/conjur-credentials-plugin/target/jenkins-for-test/WEB-INF/web.xml}
18:13:49.510 [Executing testDoRefreshCredentialSupplier(org.conjur.jenkins.configuration.ConjurConfigurationTest)] DEBUG org.eclipse.jetty.servlet.BaseHolder -- Holding class hudson.security.HudsonFilter from jdk.internal.loader.ClassLoaders$AppClassLoader@5ffd2b27
18:13:49.510 [Executing testDoRefreshCredentialSupplier(org.conjur.jenkins.configuration.ConjurConfigurationTest)] DEBUG org.eclipse.jetty.util.component.AbstractLifeCycle -- STARTED @2545ms authentication-filter==hudson.security.HudsonFilter@7ed6238f{inst=false,async=true,src=DESCRIPTOR:file:///Users/sameer.shaik/MyWorkSpace/17OctV2.2.3-New-BitBucketIssueFixed/conjur-credentials-plugin/target/jenkins-for-test/WEB-INF/web.xml}
18:13:49.511 [Executing testDoRefreshCredentialSupplier(org.conjur.jenkins.configuration.ConjurConfigurationTest)] DEBUG org.eclipse.jetty.servlet.FilterHolder -- Filter.init hudson.security.HudsonFilter@7a8a99d5
18:13:49.512 [Executing testDoRefreshCredentialSupplier(org.conjur.jenkins.configuration.ConjurConfigurationTest)] DEBUG org.eclipse.jetty.util.component.AbstractLifeCycle -- starting csrf-filter==hudson.security.csrf.CrumbFilter@5fe4ee58{inst=false,async=true,src=DESCRIPTOR:file:///Users/sameer.shaik/MyWorkSpace/17OctV2.2.3-New-BitBucketIssueFixed/conjur-credentials-plugin/target/jenkins-for-test/WEB-INF/web.xml}
18:13:49.512 [Executing testDoRefreshCredentialSupplier(org.conjur.jenkins.configuration.ConjurConfigurationTest)] DEBUG org.eclipse.jetty.servlet.BaseHolder -- Holding class hudson.security.csrf.CrumbFilter from jdk.internal.loader.ClassLoaders$AppClassLoader@5ffd2b27
18:13:49.512 [Executing testDoRefreshCredentialSupplier(org.conjur.jenkins.configuration.ConjurConfigurationTest)] DEBUG org.eclipse.jetty.util.component.AbstractLifeCycle -- STARTED @2547ms csrf-filter==hudson.security.csrf.CrumbFilter@5fe4ee58{inst=false,async=true,src=DESCRIPTOR:file:///Users/sameer.shaik/MyWorkSpace/17OctV2.2.3-New-BitBucketIssueFixed/conjur-credentials-plugin/target/jenkins-for-test/WEB-INF/web.xml}
18:13:49.512 [Executing testDoRefreshCredentialSupplier(org.conjur.jenkins.configuration.ConjurConfigurationTest)] DEBUG org.eclipse.jetty.servlet.FilterHolder -- Filter.init hudson.security.csrf.CrumbFilter@7d415866
18:13:49.512 [Executing testDoRefreshCredentialSupplier(org.conjur.jenkins.configuration.ConjurConfigurationTest)] DEBUG org.eclipse.jetty.util.component.AbstractLifeCycle -- starting plugins-filter==hudson.util.PluginServletFilter@276c619b{inst=false,async=true,src=DESCRIPTOR:file:///Users/sameer.shaik/MyWorkSpace/17OctV2.2.3-New-BitBucketIssueFixed/conjur-credentials-plugin/target/jenkins-for-test/WEB-INF/web.xml}
18:13:49.512 [Executing testDoRefreshCredentialSupplier(org.conjur.jenkins.configuration.ConjurConfigurationTest)] DEBUG org.eclipse.jetty.servlet.BaseHolder -- Holding class hudson.util.PluginServletFilter from jdk.internal.loader.ClassLoaders$AppClassLoader@5ffd2b27
18:13:49.513 [Executing testDoRefreshCredentialSupplier(org.conjur.jenkins.configuration.ConjurConfigurationTest)] DEBUG org.eclipse.jetty.util.component.AbstractLifeCycle -- STARTED @2547ms plugins-filter==hudson.util.PluginServletFilter@276c619b{inst=false,async=true,src=DESCRIPTOR:file:///Users/sameer.shaik/MyWorkSpace/17OctV2.2.3-New-BitBucketIssueFixed/conjur-credentials-plugin/target/jenkins-for-test/WEB-INF/web.xml}
18:13:49.513 [Executing testDoRefreshCredentialSupplier(org.conjur.jenkins.configuration.ConjurConfigurationTest)] DEBUG org.eclipse.jetty.servlet.FilterHolder -- Filter.init hudson.util.PluginServletFilter@5df46d15
18:13:49.513 [Executing testDoRefreshCredentialSupplier(org.conjur.jenkins.configuration.ConjurConfigurationTest)] DEBUG org.eclipse.jetty.util.component.AbstractLifeCycle -- starting Stapler==org.kohsuke.stapler.Stapler@f222d1a9{jsp=null,order=-1,inst=false,async=true,src=DESCRIPTOR:file:///Users/sameer.shaik/MyWorkSpace/17OctV2.2.3-New-BitBucketIssueFixed/conjur-credentials-plugin/target/jenkins-for-test/WEB-INF/web.xml,STOPPED}
18:13:49.513 [Executing testDoRefreshCredentialSupplier(org.conjur.jenkins.configuration.ConjurConfigurationTest)] DEBUG org.eclipse.jetty.servlet.BaseHolder -- Holding class org.kohsuke.stapler.Stapler from jdk.internal.loader.ClassLoaders$AppClassLoader@5ffd2b27
18:13:49.514 [Executing testDoRefreshCredentialSupplier(org.conjur.jenkins.configuration.ConjurConfigurationTest)] DEBUG org.eclipse.jetty.util.component.AbstractLifeCycle -- STARTED @2548ms Stapler==org.kohsuke.stapler.Stapler@f222d1a9{jsp=null,order=-1,inst=false,async=true,src=DESCRIPTOR:file:///Users/sameer.shaik/MyWorkSpace/17OctV2.2.3-New-BitBucketIssueFixed/conjur-credentials-plugin/target/jenkins-for-test/WEB-INF/web.xml,STARTED}
18:13:49.514 [Executing testDoRefreshCredentialSupplier(org.conjur.jenkins.configuration.ConjurConfigurationTest)] DEBUG org.eclipse.jetty.util.component.AbstractLifeCycle -- starting default==org.eclipse.jetty.servlet.DefaultServlet@5c13d641{jsp=null,order=0,inst=false,async=false,src=DESCRIPTOR:jar:file:/Users/sameer.shaik/.m2/repository/org/eclipse/jetty/jetty-webapp/9.4.48.v20220622/jetty-webapp-9.4.48.v20220622.jar!/org/eclipse/jetty/webapp/webdefault.xml,STOPPED}
18:13:49.515 [Executing testDoRefreshCredentialSupplier(org.conjur.jenkins.configuration.ConjurConfigurationTest)] DEBUG org.eclipse.jetty.servlet.BaseHolder -- Holding class org.eclipse.jetty.servlet.DefaultServlet from jdk.internal.loader.ClassLoaders$AppClassLoader@5ffd2b27
18:13:49.515 [Executing testDoRefreshCredentialSupplier(org.conjur.jenkins.configuration.ConjurConfigurationTest)] DEBUG org.eclipse.jetty.util.component.AbstractLifeCycle -- STARTED @2549ms default==org.eclipse.jetty.servlet.DefaultServlet@5c13d641{jsp=null,order=0,inst=false,async=false,src=DESCRIPTOR:jar:file:/Users/sameer.shaik/.m2/repository/org/eclipse/jetty/jetty-webapp/9.4.48.v20220622/jetty-webapp-9.4.48.v20220622.jar!/org/eclipse/jetty/webapp/webdefault.xml,STARTED}
18:13:49.519 [Executing testDoRefreshCredentialSupplier(org.conjur.jenkins.configuration.ConjurConfigurationTest)] DEBUG org.eclipse.jetty.servlet.ServletHolder -- Servlet.init null for default
18:13:49.522 [Executing testDoRefreshCredentialSupplier(org.conjur.jenkins.configuration.ConjurConfigurationTest)] DEBUG org.eclipse.jetty.servlet.DefaultServlet -- resource base = null
18:13:49.522 [Executing testDoRefreshCredentialSupplier(org.conjur.jenkins.configuration.ConjurConfigurationTest)] DEBUG org.eclipse.jetty.util.component.AbstractLifeCycle -- starting jsp==org.eclipse.jetty.servlet.NoJspServlet@19c47{jsp=null,order=0,inst=false,async=false,src=DESCRIPTOR:jar:file:/Users/sameer.shaik/.m2/repository/org/eclipse/jetty/jetty-webapp/9.4.48.v20220622/jetty-webapp-9.4.48.v20220622.jar!/org/eclipse/jetty/webapp/webdefault.xml,STOPPED}
18:13:49.522 [Executing testDoRefreshCredentialSupplier(org.conjur.jenkins.configuration.ConjurConfigurationTest)] DEBUG org.eclipse.jetty.servlet.BaseHolder -- Holding class org.eclipse.jetty.servlet.NoJspServlet from jdk.internal.loader.ClassLoaders$AppClassLoader@5ffd2b27
18:13:49.523 [Executing testDoRefreshCredentialSupplier(org.conjur.jenkins.configuration.ConjurConfigurationTest)] DEBUG org.eclipse.jetty.util.component.AbstractLifeCycle -- STARTED @2557ms jsp==org.eclipse.jetty.servlet.NoJspServlet@19c47{jsp=null,order=0,inst=false,async=false,src=DESCRIPTOR:jar:file:/Users/sameer.shaik/.m2/repository/org/eclipse/jetty/jetty-webapp/9.4.48.v20220622/jetty-webapp-9.4.48.v20220622.jar!/org/eclipse/jetty/webapp/webdefault.xml,STARTED}
18:13:49.523 [Executing testDoRefreshCredentialSupplier(org.conjur.jenkins.configuration.ConjurConfigurationTest)] DEBUG org.eclipse.jetty.servlet.ServletHolder -- Servlet.init null for jsp
18:13:49.523 [Executing testDoRefreshCredentialSupplier(org.conjur.jenkins.configuration.ConjurConfigurationTest)] INFO org.eclipse.jetty.server.handler.ContextHandler -- Started o.e.j.w.WebAppContext@1fe2a40d{Jenkins v2.346.3,/jenkins,file:///Users/sameer.shaik/MyWorkSpace/17OctV2.2.3-New-BitBucketIssueFixed/conjur-credentials-plugin/target/jenkins-for-test/,AVAILABLE}{/Users/sameer.shaik/MyWorkSpace/17OctV2.2.3-New-BitBucketIssueFixed/conjur-credentials-plugin/target/jenkins-for-test}
18:13:49.523 [Executing testDoRefreshCredentialSupplier(org.conjur.jenkins.configuration.ConjurConfigurationTest)] DEBUG org.eclipse.jetty.webapp.WebAppContext -- postConfigure o.e.j.w.WebAppContext@1fe2a40d{Jenkins v2.346.3,/jenkins,file:///Users/sameer.shaik/MyWorkSpace/17OctV2.2.3-New-BitBucketIssueFixed/conjur-credentials-plugin/target/jenkins-for-test/,AVAILABLE}{/Users/sameer.shaik/MyWorkSpace/17OctV2.2.3-New-BitBucketIssueFixed/conjur-credentials-plugin/target/jenkins-for-test} with org.eclipse.jetty.webapp.WebXmlConfiguration@4e561640
18:13:49.523 [Executing testDoRefreshCredentialSupplier(org.conjur.jenkins.configuration.ConjurConfigurationTest)] DEBUG org.eclipse.jetty.util.component.AbstractLifeCycle -- STARTED @2558ms o.e.j.w.WebAppContext@1fe2a40d{Jenkins v2.346.3,/jenkins,file:///Users/sameer.shaik/MyWorkSpace/17OctV2.2.3-New-BitBucketIssueFixed/conjur-credentials-plugin/target/jenkins-for-test/,AVAILABLE}{/Users/sameer.shaik/MyWorkSpace/17OctV2.2.3-New-BitBucketIssueFixed/conjur-credentials-plugin/target/jenkins-for-test}
18:13:49.523 [Executing testDoRefreshCredentialSupplier(org.conjur.jenkins.configuration.ConjurConfigurationTest)] DEBUG org.eclipse.jetty.util.component.AbstractLifeCycle -- starting ErrorHandler@23d0e2bd{STOPPED}
18:13:49.523 [Executing testDoRefreshCredentialSupplier(org.conjur.jenkins.configuration.ConjurConfigurationTest)] DEBUG org.eclipse.jetty.server.handler.AbstractHandler -- starting ErrorHandler@23d0e2bd{STARTING}
18:13:49.523 [Executing testDoRefreshCredentialSupplier(org.conjur.jenkins.configuration.ConjurConfigurationTest)] DEBUG org.eclipse.jetty.util.component.AbstractLifeCycle -- STARTED @2558ms ErrorHandler@23d0e2bd{STARTED}
18:13:49.523 [Executing testDoRefreshCredentialSupplier(org.conjur.jenkins.configuration.ConjurConfigurationTest)] DEBUG org.eclipse.jetty.util.component.AbstractLifeCycle -- starting ServerConnector@34df42ee{HTTP/1.1, (http/1.1)}{localhost:0}
18:13:49.550 [Executing testDoRefreshCredentialSupplier(org.conjur.jenkins.configuration.ConjurConfigurationTest)] DEBUG org.eclipse.jetty.util.component.ContainerLifeCycle -- ServerConnector@34df42ee{HTTP/1.1, (http/1.1)}{localhost:51392} added {sun.nio.ch.ServerSocketChannelImpl[/127.0.0.1:51392],POJO}
18:13:49.551 [Executing testDoRefreshCredentialSupplier(org.conjur.jenkins.configuration.ConjurConfigurationTest)] DEBUG org.eclipse.jetty.util.component.AbstractLifeCycle -- starting ScheduledExecutorScheduler@591be956{STOPPED}
18:13:49.552 [Executing testDoRefreshCredentialSupplier(org.conjur.jenkins.configuration.ConjurConfigurationTest)] DEBUG org.eclipse.jetty.util.component.AbstractLifeCycle -- STARTED @2586ms ScheduledExecutorScheduler@591be956{STARTED}
18:13:49.552 [Executing testDoRefreshCredentialSupplier(org.conjur.jenkins.configuration.ConjurConfigurationTest)] DEBUG org.eclipse.jetty.util.component.AbstractLifeCycle -- starting HttpConnectionFactory@d6ff7e4[HTTP/1.1]
18:13:49.552 [Executing testDoRefreshCredentialSupplier(org.conjur.jenkins.configuration.ConjurConfigurationTest)] DEBUG org.eclipse.jetty.util.component.AbstractLifeCycle -- STARTED @2586ms HttpConnectionFactory@d6ff7e4[HTTP/1.1]
18:13:49.552 [Executing testDoRefreshCredentialSupplier(org.conjur.jenkins.configuration.ConjurConfigurationTest)] DEBUG org.eclipse.jetty.util.component.AbstractLifeCycle -- starting SelectorManager@ServerConnector@34df42ee{HTTP/1.1, (http/1.1)}{localhost:51392}
18:13:49.556 [Executing testDoRefreshCredentialSupplier(org.conjur.jenkins.configuration.ConjurConfigurationTest)] DEBUG org.eclipse.jetty.util.component.ContainerLifeCycle -- EatWhatYouKill@1e2913b4/SelectorProducer@5b9921ae/IDLE/p=false/QueuedThreadPool[Jetty (JenkinsRule)]@6a70315f{STARTED,8<=8<=200,i=8,r=-1,q=0}[ReservedThreadExecutor@6c50b992{reserved=0/16,pending=0}][pc=0,pic=0,pec=0,epc=0]@2024-10-22T18:13:49.555848+05:30 added {SelectorProducer@5b9921ae,POJO}
18:13:49.556 [Executing testDoRefreshCredentialSupplier(org.conjur.jenkins.configuration.ConjurConfigurationTest)] DEBUG org.eclipse.jetty.util.component.ContainerLifeCycle -- EatWhatYouKill@1e2913b4/SelectorProducer@5b9921ae/IDLE/p=false/QueuedThreadPool[Jetty (JenkinsRule)]@6a70315f{STARTED,8<=8<=200,i=8,r=-1,q=0}[ReservedThreadExecutor@6c50b992{reserved=0/16,pending=0}][pc=0,pic=0,pec=0,epc=0]@2024-10-22T18:13:49.55637+05:30 added {QueuedThreadPool[Jetty (JenkinsRule)]@6a70315f{STARTED,8<=8<=200,i=8,r=-1,q=0}[ReservedThreadExecutor@6c50b992{reserved=0/16,pending=0}],UNMANAGED}
18:13:49.556 [Executing testDoRefreshCredentialSupplier(org.conjur.jenkins.configuration.ConjurConfigurationTest)] DEBUG org.eclipse.jetty.util.thread.strategy.EatWhatYouKill -- EatWhatYouKill@1e2913b4/SelectorProducer@5b9921ae/IDLE/p=false/QueuedThreadPool[Jetty (JenkinsRule)]@6a70315f{STARTED,8<=8<=200,i=8,r=-1,q=0}[ReservedThreadExecutor@6c50b992{reserved=0/16,pending=0}][pc=0,pic=0,pec=0,epc=0]@2024-10-22T18:13:49.556812+05:30 created
18:13:49.557 [Executing testDoRefreshCredentialSupplier(org.conjur.jenkins.configuration.ConjurConfigurationTest)] DEBUG org.eclipse.jetty.util.component.ContainerLifeCycle -- ManagedSelector@690d376{STOPPED} id=0 keys=-1 selected=-1 updates=0 added {EatWhatYouKill@1e2913b4/SelectorProducer@5b9921ae/IDLE/p=false/QueuedThreadPool[Jetty (JenkinsRule)]@6a70315f{STARTED,8<=8<=200,i=8,r=-1,q=0}[ReservedThreadExecutor@6c50b992{reserved=0/16,pending=0}][pc=0,pic=0,pec=0,epc=0]@2024-10-22T18:13:49.557097+05:30,MANAGED}
18:13:49.557 [Executing testDoRefreshCredentialSupplier(org.conjur.jenkins.configuration.ConjurConfigurationTest)] DEBUG org.eclipse.jetty.util.component.ContainerLifeCycle -- SelectorManager@ServerConnector@34df42ee{HTTP/1.1, (http/1.1)}{localhost:51392} added {ManagedSelector@690d376{STOPPED} id=0 keys=-1 selected=-1 updates=0,AUTO}
18:13:49.557 [Executing testDoRefreshCredentialSupplier(org.conjur.jenkins.configuration.ConjurConfigurationTest)] DEBUG org.eclipse.jetty.util.component.ContainerLifeCycle -- EatWhatYouKill@10c4d9c3/SelectorProducer@46a6ccdc/IDLE/p=false/QueuedThreadPool[Jetty (JenkinsRule)]@6a70315f{STARTED,8<=8<=200,i=8,r=-1,q=0}[ReservedThreadExecutor@6c50b992{reserved=0/16,pending=0}][pc=0,pic=0,pec=0,epc=0]@2024-10-22T18:13:49.557674+05:30 added {SelectorProducer@46a6ccdc,POJO}
18:13:49.558 [Executing testDoRefreshCredentialSupplier(org.conjur.jenkins.configuration.ConjurConfigurationTest)] DEBUG org.eclipse.jetty.util.component.ContainerLifeCycle -- EatWhatYouKill@10c4d9c3/SelectorProducer@46a6ccdc/IDLE/p=false/QueuedThreadPool[Jetty (JenkinsRule)]@6a70315f{STARTED,8<=8<=200,i=8,r=-1,q=0}[ReservedThreadExecutor@6c50b992{reserved=0/16,pending=0}][pc=0,pic=0,pec=0,epc=0]@2024-10-22T18:13:49.557889+05:30 added {QueuedThreadPool[Jetty (JenkinsRule)]@6a70315f{STARTED,8<=8<=200,i=8,r=-1,q=0}[ReservedThreadExecutor@6c50b992{reserved=0/16,pending=0}],UNMANAGED}
18:13:49.558 [Executing testDoRefreshCredentialSupplier(org.conjur.jenkins.configuration.ConjurConfigurationTest)] DEBUG org.eclipse.jetty.util.thread.strategy.EatWhatYouKill -- EatWhatYouKill@10c4d9c3/SelectorProducer@46a6ccdc/IDLE/p=false/QueuedThreadPool[Jetty (JenkinsRule)]@6a70315f{STARTED,8<=8<=200,i=8,r=-1,q=0}[ReservedThreadExecutor@6c50b992{reserved=0/16,pending=0}][pc=0,pic=0,pec=0,epc=0]@2024-10-22T18:13:49.558322+05:30 created
18:13:49.558 [Executing testDoRefreshCredentialSupplier(org.conjur.jenkins.configuration.ConjurConfigurationTest)] DEBUG org.eclipse.jetty.util.component.ContainerLifeCycle -- ManagedSelector@542001f7{STOPPED} id=1 keys=-1 selected=-1 updates=0 added {EatWhatYouKill@10c4d9c3/SelectorProducer@46a6ccdc/IDLE/p=false/QueuedThreadPool[Jetty (JenkinsRule)]@6a70315f{STARTED,8<=8<=200,i=8,r=-1,q=0}[ReservedThreadExecutor@6c50b992{reserved=0/16,pending=0}][pc=0,pic=0,pec=0,epc=0]@2024-10-22T18:13:49.558704+05:30,MANAGED}
18:13:49.558 [Executing testDoRefreshCredentialSupplier(org.conjur.jenkins.configuration.ConjurConfigurationTest)] DEBUG org.eclipse.jetty.util.component.ContainerLifeCycle -- SelectorManager@ServerConnector@34df42ee{HTTP/1.1, (http/1.1)}{localhost:51392} added {ManagedSelector@542001f7{STOPPED} id=1 keys=-1 selected=-1 updates=0,AUTO}
18:13:49.559 [Executing testDoRefreshCredentialSupplier(org.conjur.jenkins.configuration.ConjurConfigurationTest)] DEBUG org.eclipse.jetty.util.component.ContainerLifeCycle -- EatWhatYouKill@54ab6366/SelectorProducer@6217b2f1/IDLE/p=false/QueuedThreadPool[Jetty (JenkinsRule)]@6a70315f{STARTED,8<=8<=200,i=8,r=-1,q=0}[ReservedThreadExecutor@6c50b992{reserved=0/16,pending=0}][pc=0,pic=0,pec=0,epc=0]@2024-10-22T18:13:49.559179+05:30 added {SelectorProducer@6217b2f1,POJO}
18:13:49.559 [Executing testDoRefreshCredentialSupplier(org.conjur.jenkins.configuration.ConjurConfigurationTest)] DEBUG org.eclipse.jetty.util.component.ContainerLifeCycle -- EatWhatYouKill@54ab6366/SelectorProducer@6217b2f1/IDLE/p=false/QueuedThreadPool[Jetty (JenkinsRule)]@6a70315f{STARTED,8<=8<=200,i=8,r=-1,q=0}[ReservedThreadExecutor@6c50b992{reserved=0/16,pending=0}][pc=0,pic=0,pec=0,epc=0]@2024-10-22T18:13:49.559416+05:30 added {QueuedThreadPool[Jetty (JenkinsRule)]@6a70315f{STARTED,8<=8<=200,i=8,r=-1,q=0}[ReservedThreadExecutor@6c50b992{reserved=0/16,pending=0}],UNMANAGED}
18:13:49.559 [Executing testDoRefreshCredentialSupplier(org.conjur.jenkins.configuration.ConjurConfigurationTest)] DEBUG org.eclipse.jetty.util.thread.strategy.EatWhatYouKill -- EatWhatYouKill@54ab6366/SelectorProducer@6217b2f1/IDLE/p=false/QueuedThreadPool[Jetty (JenkinsRule)]@6a70315f{STARTED,8<=8<=200,i=8,r=-1,q=0}[ReservedThreadExecutor@6c50b992{reserved=0/16,pending=0}][pc=0,pic=0,pec=0,epc=0]@2024-10-22T18:13:49.55965+05:30 created
18:13:49.560 [Executing testDoRefreshCredentialSupplier(org.conjur.jenkins.configuration.ConjurConfigurationTest)] DEBUG org.eclipse.jetty.util.component.ContainerLifeCycle -- ManagedSelector@12a75243{STOPPED} id=2 keys=-1 selected=-1 updates=0 added {EatWhatYouKill@54ab6366/SelectorProducer@6217b2f1/IDLE/p=false/QueuedThreadPool[Jetty (JenkinsRule)]@6a70315f{STARTED,8<=8<=200,i=8,r=-1,q=0}[ReservedThreadExecutor@6c50b992{reserved=0/16,pending=0}][pc=0,pic=0,pec=0,epc=0]@2024-10-22T18:13:49.559974+05:30,MANAGED}
18:13:49.560 [Executing testDoRefreshCredentialSupplier(org.conjur.jenkins.configuration.ConjurConfigurationTest)] DEBUG org.eclipse.jetty.util.component.ContainerLifeCycle -- SelectorManager@ServerConnector@34df42ee{HTTP/1.1, (http/1.1)}{localhost:51392} added {ManagedSelector@12a75243{STOPPED} id=2 keys=-1 selected=-1 updates=0,AUTO}
18:13:49.560 [Executing testDoRefreshCredentialSupplier(org.conjur.jenkins.configuration.ConjurConfigurationTest)] DEBUG org.eclipse.jetty.util.component.ContainerLifeCycle -- EatWhatYouKill@46dcc659/SelectorProducer@49e32db7/IDLE/p=false/QueuedThreadPool[Jetty (JenkinsRule)]@6a70315f{STARTED,8<=8<=200,i=8,r=-1,q=0}[ReservedThreadExecutor@6c50b992{reserved=0/16,pending=0}][pc=0,pic=0,pec=0,epc=0]@2024-10-22T18:13:49.560409+05:30 added {SelectorProducer@49e32db7,POJO}
18:13:49.560 [Executing testDoRefreshCredentialSupplier(org.conjur.jenkins.configuration.ConjurConfigurationTest)] DEBUG org.eclipse.jetty.util.component.ContainerLifeCycle -- EatWhatYouKill@46dcc659/SelectorProducer@49e32db7/IDLE/p=false/QueuedThreadPool[Jetty (JenkinsRule)]@6a70315f{STARTED,8<=8<=200,i=8,r=-1,q=0}[ReservedThreadExecutor@6c50b992{reserved=0/16,pending=0}][pc=0,pic=0,pec=0,epc=0]@2024-10-22T18:13:49.560638+05:30 added {QueuedThreadPool[Jetty (JenkinsRule)]@6a70315f{STARTED,8<=8<=200,i=8,r=-1,q=0}[ReservedThreadExecutor@6c50b992{reserved=0/16,pending=0}],UNMANAGED}
18:13:49.560 [Executing testDoRefreshCredentialSupplier(org.conjur.jenkins.configuration.ConjurConfigurationTest)] DEBUG org.eclipse.jetty.util.thread.strategy.EatWhatYouKill -- EatWhatYouKill@46dcc659/SelectorProducer@49e32db7/IDLE/p=false/QueuedThreadPool[Jetty (JenkinsRule)]@6a70315f{STARTED,8<=8<=200,i=8,r=-1,q=0}[ReservedThreadExecutor@6c50b992{reserved=0/16,pending=0}][pc=0,pic=0,pec=0,epc=0]@2024-10-22T18:13:49.56087+05:30 created
18:13:49.561 [Executing testDoRefreshCredentialSupplier(org.conjur.jenkins.configuration.ConjurConfigurationTest)] DEBUG org.eclipse.jetty.util.component.ContainerLifeCycle -- ManagedSelector@16bc8e40{STOPPED} id=3 keys=-1 selected=-1 updates=0 added {EatWhatYouKill@46dcc659/SelectorProducer@49e32db7/IDLE/p=false/QueuedThreadPool[Jetty (JenkinsRule)]@6a70315f{STARTED,8<=8<=200,i=8,r=-1,q=0}[ReservedThreadExecutor@6c50b992{reserved=0/16,pending=0}][pc=0,pic=0,pec=0,epc=0]@2024-10-22T18:13:49.561096+05:30,MANAGED}
18:13:49.561 [Executing testDoRefreshCredentialSupplier(org.conjur.jenkins.configuration.ConjurConfigurationTest)] DEBUG org.eclipse.jetty.util.component.ContainerLifeCycle -- SelectorManager@ServerConnector@34df42ee{HTTP/1.1, (http/1.1)}{localhost:51392} added {ManagedSelector@16bc8e40{STOPPED} id=3 keys=-1 selected=-1 updates=0,AUTO}
18:13:49.561 [Executing testDoRefreshCredentialSupplier(org.conjur.jenkins.configuration.ConjurConfigurationTest)] DEBUG org.eclipse.jetty.util.component.ContainerLifeCycle -- EatWhatYouKill@3ea1f39e/SelectorProducer@1eef141d/IDLE/p=false/QueuedThreadPool[Jetty (JenkinsRule)]@6a70315f{STARTED,8<=8<=200,i=8,r=-1,q=0}[ReservedThreadExecutor@6c50b992{reserved=0/16,pending=0}][pc=0,pic=0,pec=0,epc=0]@2024-10-22T18:13:49.561445+05:30 added {SelectorProducer@1eef141d,POJO}
18:13:49.561 [Executing testDoRefreshCredentialSupplier(org.conjur.jenkins.configuration.ConjurConfigurationTest)] DEBUG org.eclipse.jetty.util.component.ContainerLifeCycle -- EatWhatYouKill@3ea1f39e/SelectorProducer@1eef141d/IDLE/p=false/QueuedThreadPool[Jetty (JenkinsRule)]@6a70315f{STARTED,8<=8<=200,i=8,r=-1,q=0}[ReservedThreadExecutor@6c50b992{reserved=0/16,pending=0}][pc=0,pic=0,pec=0,epc=0]@2024-10-22T18:13:49.561599+05:30 added {QueuedThreadPool[Jetty (JenkinsRule)]@6a70315f{STARTED,8<=8<=200,i=8,r=-1,q=0}[ReservedThreadExecutor@6c50b992{reserved=0/16,pending=0}],UNMANAGED}
18:13:49.561 [Executing testDoRefreshCredentialSupplier(org.conjur.jenkins.configuration.ConjurConfigurationTest)] DEBUG org.eclipse.jetty.util.thread.strategy.EatWhatYouKill -- EatWhatYouKill@3ea1f39e/SelectorProducer@1eef141d/IDLE/p=false/QueuedThreadPool[Jetty (JenkinsRule)]@6a70315f{STARTED,8<=8<=200,i=8,r=-1,q=0}[ReservedThreadExecutor@6c50b992{reserved=0/16,pending=0}][pc=0,pic=0,pec=0,epc=0]@2024-10-22T18:13:49.56181+05:30 created
18:13:49.562 [Executing testDoRefreshCredentialSupplier(org.conjur.jenkins.configuration.ConjurConfigurationTest)] DEBUG org.eclipse.jetty.util.component.ContainerLifeCycle -- ManagedSelector@4eb11ce2{STOPPED} id=4 keys=-1 selected=-1 updates=0 added {EatWhatYouKill@3ea1f39e/SelectorProducer@1eef141d/IDLE/p=false/QueuedThreadPool[Jetty (JenkinsRule)]@6a70315f{STARTED,8<=8<=200,i=8,r=-1,q=0}[ReservedThreadExecutor@6c50b992{reserved=0/16,pending=0}][pc=0,pic=0,pec=0,epc=0]@2024-10-22T18:13:49.56199+05:30,MANAGED}
18:13:49.562 [Executing testDoRefreshCredentialSupplier(org.conjur.jenkins.configuration.ConjurConfigurationTest)] DEBUG org.eclipse.jetty.util.component.ContainerLifeCycle -- SelectorManager@ServerConnector@34df42ee{HTTP/1.1, (http/1.1)}{localhost:51392} added {ManagedSelector@4eb11ce2{STOPPED} id=4 keys=-1 selected=-1 updates=0,AUTO}
18:13:49.562 [Executing testDoRefreshCredentialSupplier(org.conjur.jenkins.configuration.ConjurConfigurationTest)] DEBUG org.eclipse.jetty.util.component.ContainerLifeCycle -- EatWhatYouKill@3c8d55fa/SelectorProducer@d817cf6/IDLE/p=false/QueuedThreadPool[Jetty (JenkinsRule)]@6a70315f{STARTED,8<=8<=200,i=8,r=-1,q=0}[ReservedThreadExecutor@6c50b992{reserved=0/16,pending=0}][pc=0,pic=0,pec=0,epc=0]@2024-10-22T18:13:49.56229+05:30 added {SelectorProducer@d817cf6,POJO}
18:13:49.562 [Executing testDoRefreshCredentialSupplier(org.conjur.jenkins.configuration.ConjurConfigurationTest)] DEBUG org.eclipse.jetty.util.component.ContainerLifeCycle -- EatWhatYouKill@3c8d55fa/SelectorProducer@d817cf6/IDLE/p=false/QueuedThreadPool[Jetty (JenkinsRule)]@6a70315f{STARTED,8<=8<=200,i=8,r=-1,q=0}[ReservedThreadExecutor@6c50b992{reserved=0/16,pending=0}][pc=0,pic=0,pec=0,epc=0]@2024-10-22T18:13:49.562471+05:30 added {QueuedThreadPool[Jetty (JenkinsRule)]@6a70315f{STARTED,8<=8<=200,i=8,r=-1,q=0}[ReservedThreadExecutor@6c50b992{reserved=0/16,pending=0}],UNMANAGED}
18:13:49.562 [Executing testDoRefreshCredentialSupplier(org.conjur.jenkins.configuration.ConjurConfigurationTest)] DEBUG org.eclipse.jetty.util.thread.strategy.EatWhatYouKill -- EatWhatYouKill@3c8d55fa/SelectorProducer@d817cf6/IDLE/p=false/QueuedThreadPool[Jetty (JenkinsRule)]@6a70315f{STARTED,8<=8<=200,i=8,r=-1,q=0}[ReservedThreadExecutor@6c50b992{reserved=0/16,pending=0}][pc=0,pic=0,pec=0,epc=0]@2024-10-22T18:13:49.562701+05:30 created
18:13:49.562 [Executing testDoRefreshCredentialSupplier(org.conjur.jenkins.configuration.ConjurConfigurationTest)] DEBUG org.eclipse.jetty.util.component.ContainerLifeCycle -- ManagedSelector@6b28dea7{STOPPED} id=5 keys=-1 selected=-1 updates=0 added {EatWhatYouKill@3c8d55fa/SelectorProducer@d817cf6/IDLE/p=false/QueuedThreadPool[Jetty (JenkinsRule)]@6a70315f{STARTED,8<=8<=200,i=8,r=-1,q=0}[ReservedThreadExecutor@6c50b992{reserved=0/16,pending=0}][pc=0,pic=0,pec=0,epc=0]@2024-10-22T18:13:49.562859+05:30,MANAGED}
18:13:49.563 [Executing testDoRefreshCredentialSupplier(org.conjur.jenkins.configuration.ConjurConfigurationTest)] DEBUG org.eclipse.jetty.util.component.ContainerLifeCycle -- SelectorManager@ServerConnector@34df42ee{HTTP/1.1, (http/1.1)}{localhost:51392} added {ManagedSelector@6b28dea7{STOPPED} id=5 keys=-1 selected=-1 updates=0,AUTO}
18:13:49.563 [Executing testDoRefreshCredentialSupplier(org.conjur.jenkins.configuration.ConjurConfigurationTest)] DEBUG org.eclipse.jetty.util.component.ContainerLifeCycle -- EatWhatYouKill@2db8892c/SelectorProducer@7b4c3be4/IDLE/p=false/QueuedThreadPool[Jetty (JenkinsRule)]@6a70315f{STARTED,8<=8<=200,i=8,r=-1,q=0}[ReservedThreadExecutor@6c50b992{reserved=0/16,pending=0}][pc=0,pic=0,pec=0,epc=0]@2024-10-22T18:13:49.563212+05:30 added {SelectorProducer@7b4c3be4,POJO}
18:13:49.563 [Executing testDoRefreshCredentialSupplier(org.conjur.jenkins.configuration.ConjurConfigurationTest)] DEBUG org.eclipse.jetty.util.component.ContainerLifeCycle -- EatWhatYouKill@2db8892c/SelectorProducer@7b4c3be4/IDLE/p=false/QueuedThreadPool[Jetty (JenkinsRule)]@6a70315f{STARTED,8<=8<=200,i=8,r=-1,q=0}[ReservedThreadExecutor@6c50b992{reserved=0/16,pending=0}][pc=0,pic=0,pec=0,epc=0]@2024-10-22T18:13:49.563435+05:30 added {QueuedThreadPool[Jetty (JenkinsRule)]@6a70315f{STARTED,8<=8<=200,i=8,r=-1,q=0}[ReservedThreadExecutor@6c50b992{reserved=0/16,pending=0}],UNMANAGED}
18:13:49.563 [Executing testDoRefreshCredentialSupplier(org.conjur.jenkins.configuration.ConjurConfigurationTest)] DEBUG org.eclipse.jetty.util.thread.strategy.EatWhatYouKill -- EatWhatYouKill@2db8892c/SelectorProducer@7b4c3be4/IDLE/p=false/QueuedThreadPool[Jetty (JenkinsRule)]@6a70315f{STARTED,8<=8<=200,i=8,r=-1,q=0}[ReservedThreadExecutor@6c50b992{reserved=0/16,pending=0}][pc=0,pic=0,pec=0,epc=0]@2024-10-22T18:13:49.563683+05:30 created
18:13:49.563 [Executing testDoRefreshCredentialSupplier(org.conjur.jenkins.configuration.ConjurConfigurationTest)] DEBUG org.eclipse.jetty.util.component.ContainerLifeCycle -- ManagedSelector@7dac9eb7{STOPPED} id=6 keys=-1 selected=-1 updates=0 added {EatWhatYouKill@2db8892c/SelectorProducer@7b4c3be4/IDLE/p=false/QueuedThreadPool[Jetty (JenkinsRule)]@6a70315f{STARTED,8<=8<=200,i=8,r=-1,q=0}[ReservedThreadExecutor@6c50b992{reserved=0/16,pending=0}][pc=0,pic=0,pec=0,epc=0]@2024-10-22T18:13:49.563869+05:30,MANAGED}
18:13:49.564 [Executing testDoRefreshCredentialSupplier(org.conjur.jenkins.configuration.ConjurConfigurationTest)] DEBUG org.eclipse.jetty.util.component.ContainerLifeCycle -- SelectorManager@ServerConnector@34df42ee{HTTP/1.1, (http/1.1)}{localhost:51392} added {ManagedSelector@7dac9eb7{STOPPED} id=6 keys=-1 selected=-1 updates=0,AUTO}
18:13:49.564 [Executing testDoRefreshCredentialSupplier(org.conjur.jenkins.configuration.ConjurConfigurationTest)] DEBUG org.eclipse.jetty.util.component.ContainerLifeCycle -- EatWhatYouKill@505cba43/SelectorProducer@39c4b88d/IDLE/p=false/QueuedThreadPool[Jetty (JenkinsRule)]@6a70315f{STARTED,8<=8<=200,i=8,r=-1,q=0}[ReservedThreadExecutor@6c50b992{reserved=0/16,pending=0}][pc=0,pic=0,pec=0,epc=0]@2024-10-22T18:13:49.564225+05:30 added {SelectorProducer@39c4b88d,POJO}
18:13:49.564 [Executing testDoRefreshCredentialSupplier(org.conjur.jenkins.configuration.ConjurConfigurationTest)] DEBUG org.eclipse.jetty.util.component.ContainerLifeCycle -- EatWhatYouKill@505cba43/SelectorProducer@39c4b88d/IDLE/p=false/QueuedThreadPool[Jetty (JenkinsRule)]@6a70315f{STARTED,8<=8<=200,i=8,r=-1,q=0}[ReservedThreadExecutor@6c50b992{reserved=0/16,pending=0}][pc=0,pic=0,pec=0,epc=0]@2024-10-22T18:13:49.564422+05:30 added {QueuedThreadPool[Jetty (JenkinsRule)]@6a70315f{STARTED,8<=8<=200,i=8,r=-1,q=0}[ReservedThreadExecutor@6c50b992{reserved=0/16,pending=0}],UNMANAGED}
18:13:49.564 [Executing testDoRefreshCredentialSupplier(org.conjur.jenkins.configuration.ConjurConfigurationTest)] DEBUG org.eclipse.jetty.util.thread.strategy.EatWhatYouKill -- EatWhatYouKill@505cba43/SelectorProducer@39c4b88d/IDLE/p=false/QueuedThreadPool[Jetty (JenkinsRule)]@6a70315f{STARTED,8<=8<=200,i=8,r=-1,q=0}[ReservedThreadExecutor@6c50b992{reserved=0/16,pending=0}][pc=0,pic=0,pec=0,epc=0]@2024-10-22T18:13:49.56461+05:30 created
18:13:49.564 [Executing testDoRefreshCredentialSupplier(org.conjur.jenkins.configuration.ConjurConfigurationTest)] DEBUG org.eclipse.jetty.util.component.ContainerLifeCycle -- ManagedSelector@234d274a{STOPPED} id=7 keys=-1 selected=-1 updates=0 added {EatWhatYouKill@505cba43/SelectorProducer@39c4b88d/IDLE/p=false/QueuedThreadPool[Jetty (JenkinsRule)]@6a70315f{STARTED,8<=8<=200,i=8,r=-1,q=0}[ReservedThreadExecutor@6c50b992{reserved=0/16,pending=0}][pc=0,pic=0,pec=0,epc=0]@2024-10-22T18:13:49.564778+05:30,MANAGED}
18:13:49.564 [Executing testDoRefreshCredentialSupplier(org.conjur.jenkins.configuration.ConjurConfigurationTest)] DEBUG org.eclipse.jetty.util.component.ContainerLifeCycle -- SelectorManager@ServerConnector@34df42ee{HTTP/1.1, (http/1.1)}{localhost:51392} added {ManagedSelector@234d274a{STOPPED} id=7 keys=-1 selected=-1 updates=0,AUTO}
18:13:49.565 [Executing testDoRefreshCredentialSupplier(org.conjur.jenkins.configuration.ConjurConfigurationTest)] DEBUG org.eclipse.jetty.util.component.AbstractLifeCycle -- starting ManagedSelector@690d376{STOPPED} id=0 keys=-1 selected=-1 updates=0
18:13:49.565 [Executing testDoRefreshCredentialSupplier(org.conjur.jenkins.configuration.ConjurConfigurationTest)] DEBUG org.eclipse.jetty.util.component.AbstractLifeCycle -- starting EatWhatYouKill@1e2913b4/SelectorProducer@5b9921ae/IDLE/p=false/QueuedThreadPool[Jetty (JenkinsRule)]@6a70315f{STARTED,8<=8<=200,i=8,r=-1,q=0}[ReservedThreadExecutor@6c50b992{reserved=0/16,pending=0}][pc=0,pic=0,pec=0,epc=0]@2024-10-22T18:13:49.565251+05:30
18:13:49.565 [Executing testDoRefreshCredentialSupplier(org.conjur.jenkins.configuration.ConjurConfigurationTest)] DEBUG org.eclipse.jetty.util.component.AbstractLifeCycle -- STARTED @2600ms EatWhatYouKill@1e2913b4/SelectorProducer@5b9921ae/IDLE/p=false/QueuedThreadPool[Jetty (JenkinsRule)]@6a70315f{STARTED,8<=8<=200,i=8,r=-1,q=0}[ReservedThreadExecutor@6c50b992{reserved=0/16,pending=0}][pc=0,pic=0,pec=0,epc=0]@2024-10-22T18:13:49.565537+05:30
18:13:49.570 [Executing testDoRefreshCredentialSupplier(org.conjur.jenkins.configuration.ConjurConfigurationTest)] DEBUG org.eclipse.jetty.util.thread.QueuedThreadPool -- queue org.eclipse.jetty.io.ManagedSelector$$Lambda$424/0x00000001403325e0@384f80a4 startThread=0
18:13:49.570 [Jetty (JenkinsRule)-30] DEBUG org.eclipse.jetty.util.thread.QueuedThreadPool -- run org.eclipse.jetty.io.ManagedSelector$$Lambda$424/0x00000001403325e0@384f80a4 in QueuedThreadPool[Jetty (JenkinsRule)]@6a70315f{STARTED,8<=8<=200,i=7,r=-1,q=0}[ReservedThreadExecutor@6c50b992{reserved=0/16,pending=0}]
18:13:49.570 [Jetty (JenkinsRule)-30] DEBUG org.eclipse.jetty.util.thread.strategy.EatWhatYouKill -- EatWhatYouKill@1e2913b4/SelectorProducer@5b9921ae/IDLE/p=false/QueuedThreadPool[Jetty (JenkinsRule)]@6a70315f{STARTED,8<=8<=200,i=7,r=-1,q=0}[ReservedThreadExecutor@6c50b992{reserved=0/16,pending=0}][pc=0,pic=0,pec=0,epc=0]@2024-10-22T18:13:49.570738+05:30 tryProduce false
18:13:49.571 [Executing testDoRefreshCredentialSupplier(org.conjur.jenkins.configuration.ConjurConfigurationTest)] DEBUG org.eclipse.jetty.io.ManagedSelector -- Queued change lazy=false org.eclipse.jetty.io.ManagedSelector$Start@4c2c7e47 on ManagedSelector@690d376{STARTING} id=0 keys=0 selected=0 updates=0
18:13:49.572 [Jetty (JenkinsRule)-30] DEBUG org.eclipse.jetty.io.ManagedSelector -- updateable 1
18:13:49.572 [Jetty (JenkinsRule)-30] DEBUG org.eclipse.jetty.io.ManagedSelector -- update org.eclipse.jetty.io.ManagedSelector$Start@4c2c7e47
18:13:49.572 [Jetty (JenkinsRule)-30] DEBUG org.eclipse.jetty.io.ManagedSelector -- updates 0
18:13:49.572 [Jetty (JenkinsRule)-30] DEBUG org.eclipse.jetty.io.ManagedSelector -- Selector sun.nio.ch.KQueueSelectorImpl@4fe4e55e waiting with 0 keys
18:13:49.572 [Executing testDoRefreshCredentialSupplier(org.conjur.jenkins.configuration.ConjurConfigurationTest)] DEBUG org.eclipse.jetty.util.component.AbstractLifeCycle -- STARTED @2606ms ManagedSelector@690d376{STARTED} id=0 keys=0 selected=0 updates=0
18:13:49.572 [Executing testDoRefreshCredentialSupplier(org.conjur.jenkins.configuration.ConjurConfigurationTest)] DEBUG org.eclipse.jetty.util.component.AbstractLifeCycle -- starting ManagedSelector@542001f7{STOPPED} id=1 keys=-1 selected=-1 updates=0
18:13:49.572 [Executing testDoRefreshCredentialSupplier(org.conjur.jenkins.configuration.ConjurConfigurationTest)] DEBUG org.eclipse.jetty.util.component.AbstractLifeCycle -- starting EatWhatYouKill@10c4d9c3/SelectorProducer@46a6ccdc/IDLE/p=false/QueuedThreadPool[Jetty (JenkinsRule)]@6a70315f{STARTED,8<=8<=200,i=7,r=-1,q=0}[ReservedThreadExecutor@6c50b992{reserved=0/16,pending=0}][pc=0,pic=0,pec=0,epc=0]@2024-10-22T18:13:49.572493+05:30
18:13:49.572 [Executing testDoRefreshCredentialSupplier(org.conjur.jenkins.configuration.ConjurConfigurationTest)] DEBUG org.eclipse.jetty.util.component.AbstractLifeCycle -- STARTED @2607ms EatWhatYouKill@10c4d9c3/SelectorProducer@46a6ccdc/IDLE/p=false/QueuedThreadPool[Jetty (JenkinsRule)]@6a70315f{STARTED,8<=8<=200,i=7,r=-1,q=0}[ReservedThreadExecutor@6c50b992{reserved=0/16,pending=0}][pc=0,pic=0,pec=0,epc=0]@2024-10-22T18:13:49.572632+05:30
18:13:49.572 [Executing testDoRefreshCredentialSupplier(org.conjur.jenkins.configuration.ConjurConfigurationTest)] DEBUG org.eclipse.jetty.util.thread.QueuedThreadPool -- queue org.eclipse.jetty.io.ManagedSelector$$Lambda$424/0x00000001403325e0@6743aa06 startThread=0
18:13:49.572 [Executing testDoRefreshCredentialSupplier(org.conjur.jenkins.configuration.ConjurConfigurationTest)] DEBUG org.eclipse.jetty.io.ManagedSelector -- Queued change lazy=false org.eclipse.jetty.io.ManagedSelector$Start@1f32f373 on ManagedSelector@542001f7{STARTING} id=1 keys=0 selected=0 updates=0
18:13:49.572 [Jetty (JenkinsRule)-31] DEBUG org.eclipse.jetty.util.thread.QueuedThreadPool -- run org.eclipse.jetty.io.ManagedSelector$$Lambda$424/0x00000001403325e0@6743aa06 in QueuedThreadPool[Jetty (JenkinsRule)]@6a70315f{STARTED,8<=8<=200,i=6,r=-1,q=0}[ReservedThreadExecutor@6c50b992{reserved=0/16,pending=0}]
18:13:49.573 [Jetty (JenkinsRule)-31] DEBUG org.eclipse.jetty.util.thread.strategy.EatWhatYouKill -- EatWhatYouKill@10c4d9c3/SelectorProducer@46a6ccdc/IDLE/p=false/QueuedThreadPool[Jetty (JenkinsRule)]@6a70315f{STARTED,8<=8<=200,i=6,r=-1,q=0}[ReservedThreadExecutor@6c50b992{reserved=0/16,pending=0}][pc=0,pic=0,pec=0,epc=0]@2024-10-22T18:13:49.572974+05:30 tryProduce false
18:13:49.573 [Jetty (JenkinsRule)-31] DEBUG org.eclipse.jetty.io.ManagedSelector -- updateable 1
18:13:49.573 [Jetty (JenkinsRule)-31] DEBUG org.eclipse.jetty.io.ManagedSelector -- update org.eclipse.jetty.io.ManagedSelector$Start@1f32f373
18:13:49.573 [Jetty (JenkinsRule)-31] DEBUG org.eclipse.jetty.io.ManagedSelector -- updates 0
18:13:49.573 [Jetty (JenkinsRule)-31] DEBUG org.eclipse.jetty.io.ManagedSelector -- Selector sun.nio.ch.KQueueSelectorImpl@52bebbd2 waiting with 0 keys
18:13:49.573 [Executing testDoRefreshCredentialSupplier(org.conjur.jenkins.configuration.ConjurConfigurationTest)] DEBUG org.eclipse.jetty.util.component.AbstractLifeCycle -- STARTED @2607ms ManagedSelector@542001f7{STARTED} id=1 keys=0 selected=0 updates=0
18:13:49.573 [Executing testDoRefreshCredentialSupplier(org.conjur.jenkins.configuration.ConjurConfigurationTest)] DEBUG org.eclipse.jetty.util.component.AbstractLifeCycle -- starting ManagedSelector@12a75243{STOPPED} id=2 keys=-1 selected=-1 updates=0
18:13:49.573 [Executing testDoRefreshCredentialSupplier(org.conjur.jenkins.configuration.ConjurConfigurationTest)] DEBUG org.eclipse.jetty.util.component.AbstractLifeCycle -- starting EatWhatYouKill@54ab6366/SelectorProducer@6217b2f1/IDLE/p=false/QueuedThreadPool[Jetty (JenkinsRule)]@6a70315f{STARTED,8<=8<=200,i=6,r=-1,q=0}[ReservedThreadExecutor@6c50b992{reserved=0/16,pending=0}][pc=0,pic=0,pec=0,epc=0]@2024-10-22T18:13:49.573365+05:30
18:13:49.573 [Executing testDoRefreshCredentialSupplier(org.conjur.jenkins.configuration.ConjurConfigurationTest)] DEBUG org.eclipse.jetty.util.component.AbstractLifeCycle -- STARTED @2608ms EatWhatYouKill@54ab6366/SelectorProducer@6217b2f1/IDLE/p=false/QueuedThreadPool[Jetty (JenkinsRule)]@6a70315f{STARTED,8<=8<=200,i=6,r=-1,q=0}[ReservedThreadExecutor@6c50b992{reserved=0/16,pending=0}][pc=0,pic=0,pec=0,epc=0]@2024-10-22T18:13:49.573489+05:30
18:13:49.573 [Executing testDoRefreshCredentialSupplier(org.conjur.jenkins.configuration.ConjurConfigurationTest)] DEBUG org.eclipse.jetty.util.thread.QueuedThreadPool -- queue org.eclipse.jetty.io.ManagedSelector$$Lambda$424/0x00000001403325e0@548cbf2f startThread=0
18:13:49.573 [Executing testDoRefreshCredentialSupplier(org.conjur.jenkins.configuration.ConjurConfigurationTest)] DEBUG org.eclipse.jetty.io.ManagedSelector -- Queued change lazy=false org.eclipse.jetty.io.ManagedSelector$Start@7b7d2dbf on ManagedSelector@12a75243{STARTING} id=2 keys=0 selected=0 updates=0
18:13:49.573 [Jetty (JenkinsRule)-32] DEBUG org.eclipse.jetty.util.thread.QueuedThreadPool -- run org.eclipse.jetty.io.ManagedSelector$$Lambda$424/0x00000001403325e0@548cbf2f in QueuedThreadPool[Jetty (JenkinsRule)]@6a70315f{STARTED,8<=8<=200,i=5,r=-1,q=0}[ReservedThreadExecutor@6c50b992{reserved=0/16,pending=0}]
18:13:49.573 [Jetty (JenkinsRule)-32] DEBUG org.eclipse.jetty.util.thread.strategy.EatWhatYouKill -- EatWhatYouKill@54ab6366/SelectorProducer@6217b2f1/IDLE/p=false/QueuedThreadPool[Jetty (JenkinsRule)]@6a70315f{STARTED,8<=8<=200,i=5,r=-1,q=0}[ReservedThreadExecutor@6c50b992{reserved=0/16,pending=0}][pc=0,pic=0,pec=0,epc=0]@2024-10-22T18:13:49.573793+05:30 tryProduce false
18:13:49.573 [Jetty (JenkinsRule)-32] DEBUG org.eclipse.jetty.io.ManagedSelector -- updateable 1
18:13:49.573 [Jetty (JenkinsRule)-32] DEBUG org.eclipse.jetty.io.ManagedSelector -- update org.eclipse.jetty.io.ManagedSelector$Start@7b7d2dbf
18:13:49.573 [Jetty (JenkinsRule)-32] DEBUG org.eclipse.jetty.io.ManagedSelector -- updates 0
18:13:49.573 [Jetty (JenkinsRule)-32] DEBUG org.eclipse.jetty.io.ManagedSelector -- Selector sun.nio.ch.KQueueSelectorImpl@3a880b45 waiting with 0 keys
18:13:49.574 [Executing testDoRefreshCredentialSupplier(org.conjur.jenkins.configuration.ConjurConfigurationTest)] DEBUG org.eclipse.jetty.util.component.AbstractLifeCycle -- STARTED @2608ms ManagedSelector@12a75243{STARTED} id=2 keys=0 selected=0 updates=0
18:13:49.574 [Executing testDoRefreshCredentialSupplier(org.conjur.jenkins.configuration.ConjurConfigurationTest)] DEBUG org.eclipse.jetty.util.component.AbstractLifeCycle -- starting ManagedSelector@16bc8e40{STOPPED} id=3 keys=-1 selected=-1 updates=0
18:13:49.574 [Executing testDoRefreshCredentialSupplier(org.conjur.jenkins.configuration.ConjurConfigurationTest)] DEBUG org.eclipse.jetty.util.component.AbstractLifeCycle -- starting EatWhatYouKill@46dcc659/SelectorProducer@49e32db7/IDLE/p=false/QueuedThreadPool[Jetty (JenkinsRule)]@6a70315f{STARTED,8<=8<=200,i=5,r=-1,q=0}[ReservedThreadExecutor@6c50b992{reserved=0/16,pending=0}][pc=0,pic=0,pec=0,epc=0]@2024-10-22T18:13:49.574197+05:30
18:13:49.574 [Executing testDoRefreshCredentialSupplier(org.conjur.jenkins.configuration.ConjurConfigurationTest)] DEBUG org.eclipse.jetty.util.component.AbstractLifeCycle -- STARTED @2608ms EatWhatYouKill@46dcc659/SelectorProducer@49e32db7/IDLE/p=false/QueuedThreadPool[Jetty (JenkinsRule)]@6a70315f{STARTED,8<=8<=200,i=5,r=-1,q=0}[ReservedThreadExecutor@6c50b992{reserved=0/16,pending=0}][pc=0,pic=0,pec=0,epc=0]@2024-10-22T18:13:49.574334+05:30
18:13:49.574 [Executing testDoRefreshCredentialSupplier(org.conjur.jenkins.configuration.ConjurConfigurationTest)] DEBUG org.eclipse.jetty.util.thread.QueuedThreadPool -- queue org.eclipse.jetty.io.ManagedSelector$$Lambda$424/0x00000001403325e0@194ab4c startThread=0
18:13:49.574 [Executing testDoRefreshCredentialSupplier(org.conjur.jenkins.configuration.ConjurConfigurationTest)] DEBUG org.eclipse.jetty.io.ManagedSelector -- Queued change lazy=false org.eclipse.jetty.io.ManagedSelector$Start@9b57966 on ManagedSelector@16bc8e40{STARTING} id=3 keys=0 selected=0 updates=0
18:13:49.574 [Jetty (JenkinsRule)-33] DEBUG org.eclipse.jetty.util.thread.QueuedThreadPool -- run org.eclipse.jetty.io.ManagedSelector$$Lambda$424/0x00000001403325e0@194ab4c in QueuedThreadPool[Jetty (JenkinsRule)]@6a70315f{STARTED,8<=8<=200,i=4,r=-1,q=0}[ReservedThreadExecutor@6c50b992{reserved=0/16,pending=0}]
18:13:49.574 [Jetty (JenkinsRule)-33] DEBUG org.eclipse.jetty.util.thread.strategy.EatWhatYouKill -- EatWhatYouKill@46dcc659/SelectorProducer@49e32db7/IDLE/p=false/QueuedThreadPool[Jetty (JenkinsRule)]@6a70315f{STARTED,8<=8<=200,i=4,r=-1,q=0}[ReservedThreadExecutor@6c50b992{reserved=0/16,pending=0}][pc=0,pic=0,pec=0,epc=0]@2024-10-22T18:13:49.574609+05:30 tryProduce false
18:13:49.574 [Jetty (JenkinsRule)-33] DEBUG org.eclipse.jetty.io.ManagedSelector -- updateable 1
18:13:49.574 [Jetty (JenkinsRule)-33] DEBUG org.eclipse.jetty.io.ManagedSelector -- update org.eclipse.jetty.io.ManagedSelector$Start@9b57966
18:13:49.574 [Jetty (JenkinsRule)-33] DEBUG org.eclipse.jetty.io.ManagedSelector -- updates 0
18:13:49.574 [Jetty (JenkinsRule)-33] DEBUG org.eclipse.jetty.io.ManagedSelector -- Selector sun.nio.ch.KQueueSelectorImpl@7bc33a6c waiting with 0 keys
18:13:49.574 [Executing testDoRefreshCredentialSupplier(org.conjur.jenkins.configuration.ConjurConfigurationTest)] DEBUG org.eclipse.jetty.util.component.AbstractLifeCycle -- STARTED @2609ms ManagedSelector@16bc8e40{STARTED} id=3 keys=0 selected=0 updates=0
18:13:49.574 [Executing testDoRefreshCredentialSupplier(org.conjur.jenkins.configuration.ConjurConfigurationTest)] DEBUG org.eclipse.jetty.util.component.AbstractLifeCycle -- starting ManagedSelector@4eb11ce2{STOPPED} id=4 keys=-1 selected=-1 updates=0
18:13:49.574 [Executing testDoRefreshCredentialSupplier(org.conjur.jenkins.configuration.ConjurConfigurationTest)] DEBUG org.eclipse.jetty.util.component.AbstractLifeCycle -- starting EatWhatYouKill@3ea1f39e/SelectorProducer@1eef141d/IDLE/p=false/QueuedThreadPool[Jetty (JenkinsRule)]@6a70315f{STARTED,8<=8<=200,i=4,r=-1,q=0}[ReservedThreadExecutor@6c50b992{reserved=0/16,pending=0}][pc=0,pic=0,pec=0,epc=0]@2024-10-22T18:13:49.574957+05:30
18:13:49.575 [Executing testDoRefreshCredentialSupplier(org.conjur.jenkins.configuration.ConjurConfigurationTest)] DEBUG org.eclipse.jetty.util.component.AbstractLifeCycle -- STARTED @2609ms EatWhatYouKill@3ea1f39e/SelectorProducer@1eef141d/IDLE/p=false/QueuedThreadPool[Jetty (JenkinsRule)]@6a70315f{STARTED,8<=8<=200,i=4,r=-1,q=0}[ReservedThreadExecutor@6c50b992{reserved=0/16,pending=0}][pc=0,pic=0,pec=0,epc=0]@2024-10-22T18:13:49.575088+05:30
18:13:49.575 [Executing testDoRefreshCredentialSupplier(org.conjur.jenkins.configuration.ConjurConfigurationTest)] DEBUG org.eclipse.jetty.util.thread.QueuedThreadPool -- queue org.eclipse.jetty.io.ManagedSelector$$Lambda$424/0x00000001403325e0@38f1cab8 startThread=0
18:13:49.575 [Executing testDoRefreshCredentialSupplier(org.conjur.jenkins.configuration.ConjurConfigurationTest)] DEBUG org.eclipse.jetty.io.ManagedSelector -- Queued change lazy=false org.eclipse.jetty.io.ManagedSelector$Start@2a7308cc on ManagedSelector@4eb11ce2{STARTING} id=4 keys=0 selected=0 updates=0
18:13:49.575 [Jetty (JenkinsRule)-34] DEBUG org.eclipse.jetty.util.thread.QueuedThreadPool -- run org.eclipse.jetty.io.ManagedSelector$$Lambda$424/0x00000001403325e0@38f1cab8 in QueuedThreadPool[Jetty (JenkinsRule)]@6a70315f{STARTED,8<=8<=200,i=3,r=-1,q=0}[ReservedThreadExecutor@6c50b992{reserved=0/16,pending=0}]
18:13:49.575 [Jetty (JenkinsRule)-34] DEBUG org.eclipse.jetty.util.thread.strategy.EatWhatYouKill -- EatWhatYouKill@3ea1f39e/SelectorProducer@1eef141d/IDLE/p=false/QueuedThreadPool[Jetty (JenkinsRule)]@6a70315f{STARTED,8<=8<=200,i=3,r=-1,q=0}[ReservedThreadExecutor@6c50b992{reserved=0/16,pending=0}][pc=0,pic=0,pec=0,epc=0]@2024-10-22T18:13:49.575476+05:30 tryProduce false
18:13:49.575 [Jetty (JenkinsRule)-34] DEBUG org.eclipse.jetty.io.ManagedSelector -- updateable 1
18:13:49.575 [Jetty (JenkinsRule)-34] DEBUG org.eclipse.jetty.io.ManagedSelector -- update org.eclipse.jetty.io.ManagedSelector$Start@2a7308cc
18:13:49.575 [Jetty (JenkinsRule)-34] DEBUG org.eclipse.jetty.io.ManagedSelector -- updates 0
18:13:49.575 [Jetty (JenkinsRule)-34] DEBUG org.eclipse.jetty.io.ManagedSelector -- Selector sun.nio.ch.KQueueSelectorImpl@aeccd54 waiting with 0 keys
18:13:49.575 [Executing testDoRefreshCredentialSupplier(org.conjur.jenkins.configuration.ConjurConfigurationTest)] DEBUG org.eclipse.jetty.util.component.AbstractLifeCycle -- STARTED @2610ms ManagedSelector@4eb11ce2{STARTED} id=4 keys=0 selected=0 updates=0
18:13:49.575 [Executing testDoRefreshCredentialSupplier(org.conjur.jenkins.configuration.ConjurConfigurationTest)] DEBUG org.eclipse.jetty.util.component.AbstractLifeCycle -- starting ManagedSelector@6b28dea7{STOPPED} id=5 keys=-1 selected=-1 updates=0
18:13:49.575 [Executing testDoRefreshCredentialSupplier(org.conjur.jenkins.configuration.ConjurConfigurationTest)] DEBUG org.eclipse.jetty.util.component.AbstractLifeCycle -- starting EatWhatYouKill@3c8d55fa/SelectorProducer@d817cf6/IDLE/p=false/QueuedThreadPool[Jetty (JenkinsRule)]@6a70315f{STARTED,8<=8<=200,i=3,r=-1,q=0}[ReservedThreadExecutor@6c50b992{reserved=0/16,pending=0}][pc=0,pic=0,pec=0,epc=0]@2024-10-22T18:13:49.575843+05:30
18:13:49.576 [Executing testDoRefreshCredentialSupplier(org.conjur.jenkins.configuration.ConjurConfigurationTest)] DEBUG org.eclipse.jetty.util.component.AbstractLifeCycle -- STARTED @2610ms EatWhatYouKill@3c8d55fa/SelectorProducer@d817cf6/IDLE/p=false/QueuedThreadPool[Jetty (JenkinsRule)]@6a70315f{STARTED,8<=8<=200,i=3,r=-1,q=0}[ReservedThreadExecutor@6c50b992{reserved=0/16,pending=0}][pc=0,pic=0,pec=0,epc=0]@2024-10-22T18:13:49.575972+05:30
18:13:49.576 [Executing testDoRefreshCredentialSupplier(org.conjur.jenkins.configuration.ConjurConfigurationTest)] DEBUG org.eclipse.jetty.util.thread.QueuedThreadPool -- queue org.eclipse.jetty.io.ManagedSelector$$Lambda$424/0x00000001403325e0@e991805 startThread=0
18:13:49.576 [Executing testDoRefreshCredentialSupplier(org.conjur.jenkins.configuration.ConjurConfigurationTest)] DEBUG org.eclipse.jetty.io.ManagedSelector -- Queued change lazy=false org.eclipse.jetty.io.ManagedSelector$Start@2c453ef9 on ManagedSelector@6b28dea7{STARTING} id=5 keys=0 selected=0 updates=0
18:13:49.576 [Jetty (JenkinsRule)-35] DEBUG org.eclipse.jetty.util.thread.QueuedThreadPool -- run org.eclipse.jetty.io.ManagedSelector$$Lambda$424/0x00000001403325e0@e991805 in QueuedThreadPool[Jetty (JenkinsRule)]@6a70315f{STARTED,8<=8<=200,i=2,r=-1,q=0}[ReservedThreadExecutor@6c50b992{reserved=0/16,pending=0}]
18:13:49.576 [Jetty (JenkinsRule)-35] DEBUG org.eclipse.jetty.util.thread.strategy.EatWhatYouKill -- EatWhatYouKill@3c8d55fa/SelectorProducer@d817cf6/IDLE/p=false/QueuedThreadPool[Jetty (JenkinsRule)]@6a70315f{STARTED,8<=8<=200,i=2,r=-1,q=0}[ReservedThreadExecutor@6c50b992{reserved=0/16,pending=0}][pc=0,pic=0,pec=0,epc=0]@2024-10-22T18:13:49.576279+05:30 tryProduce false
18:13:49.576 [Jetty (JenkinsRule)-35] DEBUG org.eclipse.jetty.io.ManagedSelector -- updateable 1
18:13:49.576 [Jetty (JenkinsRule)-35] DEBUG org.eclipse.jetty.io.ManagedSelector -- update org.eclipse.jetty.io.ManagedSelector$Start@2c453ef9
18:13:49.576 [Jetty (JenkinsRule)-35] DEBUG org.eclipse.jetty.io.ManagedSelector -- updates 0
18:13:49.576 [Jetty (JenkinsRule)-35] DEBUG org.eclipse.jetty.io.ManagedSelector -- Selector sun.nio.ch.KQueueSelectorImpl@fe1a510 waiting with 0 keys
18:13:49.576 [Executing testDoRefreshCredentialSupplier(org.conjur.jenkins.configuration.ConjurConfigurationTest)] DEBUG org.eclipse.jetty.util.component.AbstractLifeCycle -- STARTED @2611ms ManagedSelector@6b28dea7{STARTED} id=5 keys=0 selected=0 updates=0
18:13:49.576 [Executing testDoRefreshCredentialSupplier(org.conjur.jenkins.configuration.ConjurConfigurationTest)] DEBUG org.eclipse.jetty.util.component.AbstractLifeCycle -- starting ManagedSelector@7dac9eb7{STOPPED} id=6 keys=-1 selected=-1 updates=0
18:13:49.576 [Executing testDoRefreshCredentialSupplier(org.conjur.jenkins.configuration.ConjurConfigurationTest)] DEBUG org.eclipse.jetty.util.component.AbstractLifeCycle -- starting EatWhatYouKill@2db8892c/SelectorProducer@7b4c3be4/IDLE/p=false/QueuedThreadPool[Jetty (JenkinsRule)]@6a70315f{STARTED,8<=8<=200,i=2,r=-1,q=0}[ReservedThreadExecutor@6c50b992{reserved=0/16,pending=0}][pc=0,pic=0,pec=0,epc=0]@2024-10-22T18:13:49.576662+05:30
18:13:49.576 [Executing testDoRefreshCredentialSupplier(org.conjur.jenkins.configuration.ConjurConfigurationTest)] DEBUG org.eclipse.jetty.util.component.AbstractLifeCycle -- STARTED @2611ms EatWhatYouKill@2db8892c/SelectorProducer@7b4c3be4/IDLE/p=false/QueuedThreadPool[Jetty (JenkinsRule)]@6a70315f{STARTED,8<=8<=200,i=2,r=-1,q=0}[ReservedThreadExecutor@6c50b992{reserved=0/16,pending=0}][pc=0,pic=0,pec=0,epc=0]@2024-10-22T18:13:49.576798+05:30
18:13:49.576 [Executing testDoRefreshCredentialSupplier(org.conjur.jenkins.configuration.ConjurConfigurationTest)] DEBUG org.eclipse.jetty.util.thread.QueuedThreadPool -- queue org.eclipse.jetty.io.ManagedSelector$$Lambda$424/0x00000001403325e0@1a5795c3 startThread=0
18:13:49.576 [Executing testDoRefreshCredentialSupplier(org.conjur.jenkins.configuration.ConjurConfigurationTest)] DEBUG org.eclipse.jetty.io.ManagedSelector -- Queued change lazy=false org.eclipse.jetty.io.ManagedSelector$Start@2850db2d on ManagedSelector@7dac9eb7{STARTING} id=6 keys=0 selected=0 updates=0
18:13:49.577 [Jetty (JenkinsRule)-36] DEBUG org.eclipse.jetty.util.thread.QueuedThreadPool -- run org.eclipse.jetty.io.ManagedSelector$$Lambda$424/0x00000001403325e0@1a5795c3 in QueuedThreadPool[Jetty (JenkinsRule)]@6a70315f{STARTED,8<=8<=200,i=1,r=-1,q=0}[ReservedThreadExecutor@6c50b992{reserved=0/16,pending=0}]
18:13:49.577 [Jetty (JenkinsRule)-36] DEBUG org.eclipse.jetty.util.thread.strategy.EatWhatYouKill -- EatWhatYouKill@2db8892c/SelectorProducer@7b4c3be4/IDLE/p=false/QueuedThreadPool[Jetty (JenkinsRule)]@6a70315f{STARTED,8<=8<=200,i=1,r=-1,q=0}[ReservedThreadExecutor@6c50b992{reserved=0/16,pending=0}][pc=0,pic=0,pec=0,epc=0]@2024-10-22T18:13:49.577126+05:30 tryProduce false
18:13:49.577 [Jetty (JenkinsRule)-36] DEBUG org.eclipse.jetty.io.ManagedSelector -- updateable 1
18:13:49.577 [Jetty (JenkinsRule)-36] DEBUG org.eclipse.jetty.io.ManagedSelector -- update org.eclipse.jetty.io.ManagedSelector$Start@2850db2d
18:13:49.577 [Jetty (JenkinsRule)-36] DEBUG org.eclipse.jetty.io.ManagedSelector -- updates 0
18:13:49.577 [Jetty (JenkinsRule)-36] DEBUG org.eclipse.jetty.io.ManagedSelector -- Selector sun.nio.ch.KQueueSelectorImpl@1e243d5b waiting with 0 keys
18:13:49.577 [Executing testDoRefreshCredentialSupplier(org.conjur.jenkins.configuration.ConjurConfigurationTest)] DEBUG org.eclipse.jetty.util.component.AbstractLifeCycle -- STARTED @2611ms ManagedSelector@7dac9eb7{STARTED} id=6 keys=0 selected=0 updates=0
18:13:49.577 [Executing testDoRefreshCredentialSupplier(org.conjur.jenkins.configuration.ConjurConfigurationTest)] DEBUG org.eclipse.jetty.util.component.AbstractLifeCycle -- starting ManagedSelector@234d274a{STOPPED} id=7 keys=-1 selected=-1 updates=0
18:13:49.577 [Executing testDoRefreshCredentialSupplier(org.conjur.jenkins.configuration.ConjurConfigurationTest)] DEBUG org.eclipse.jetty.util.component.AbstractLifeCycle -- starting EatWhatYouKill@505cba43/SelectorProducer@39c4b88d/IDLE/p=false/QueuedThreadPool[Jetty (JenkinsRule)]@6a70315f{STARTED,8<=8<=200,i=1,r=-1,q=0}[ReservedThreadExecutor@6c50b992{reserved=0/16,pending=0}][pc=0,pic=0,pec=0,epc=0]@2024-10-22T18:13:49.57749+05:30
18:13:49.577 [Executing testDoRefreshCredentialSupplier(org.conjur.jenkins.configuration.ConjurConfigurationTest)] DEBUG org.eclipse.jetty.util.component.AbstractLifeCycle -- STARTED @2612ms EatWhatYouKill@505cba43/SelectorProducer@39c4b88d/IDLE/p=false/QueuedThreadPool[Jetty (JenkinsRule)]@6a70315f{STARTED,8<=8<=200,i=1,r=-1,q=0}[ReservedThreadExecutor@6c50b992{reserved=0/16,pending=0}][pc=0,pic=0,pec=0,epc=0]@2024-10-22T18:13:49.577616+05:30
18:13:49.577 [Executing testDoRefreshCredentialSupplier(org.conjur.jenkins.configuration.ConjurConfigurationTest)] DEBUG org.eclipse.jetty.util.thread.QueuedThreadPool -- queue org.eclipse.jetty.io.ManagedSelector$$Lambda$424/0x00000001403325e0@6e4fa712 startThread=0
18:13:49.577 [Executing testDoRefreshCredentialSupplier(org.conjur.jenkins.configuration.ConjurConfigurationTest)] DEBUG org.eclipse.jetty.io.ManagedSelector -- Queued change lazy=false org.eclipse.jetty.io.ManagedSelector$Start@6bf8fed4 on ManagedSelector@234d274a{STARTING} id=7 keys=0 selected=0 updates=0
18:13:49.577 [Jetty (JenkinsRule)-37] DEBUG org.eclipse.jetty.util.thread.QueuedThreadPool -- run org.eclipse.jetty.io.ManagedSelector$$Lambda$424/0x00000001403325e0@6e4fa712 in QueuedThreadPool[Jetty (JenkinsRule)]@6a70315f{STARTED,8<=8<=200,i=0,r=-1,q=0}[ReservedThreadExecutor@6c50b992{reserved=0/16,pending=0}]
18:13:49.577 [Jetty (JenkinsRule)-37] DEBUG org.eclipse.jetty.util.thread.strategy.EatWhatYouKill -- EatWhatYouKill@505cba43/SelectorProducer@39c4b88d/IDLE/p=false/QueuedThreadPool[Jetty (JenkinsRule)]@6a70315f{STARTED,8<=8<=200,i=0,r=-1,q=0}[ReservedThreadExecutor@6c50b992{reserved=0/16,pending=0}][pc=0,pic=0,pec=0,epc=0]@2024-10-22T18:13:49.577914+05:30 tryProduce false
18:13:49.578 [Jetty (JenkinsRule)-37] DEBUG org.eclipse.jetty.io.ManagedSelector -- updateable 1
18:13:49.578 [Jetty (JenkinsRule)-37] DEBUG org.eclipse.jetty.io.ManagedSelector -- update org.eclipse.jetty.io.ManagedSelector$Start@6bf8fed4
18:13:49.578 [Jetty (JenkinsRule)-37] DEBUG org.eclipse.jetty.io.ManagedSelector -- updates 0
18:13:49.578 [Jetty (JenkinsRule)-37] DEBUG org.eclipse.jetty.io.ManagedSelector -- Selector sun.nio.ch.KQueueSelectorImpl@15ccbedd waiting with 0 keys
18:13:49.578 [Executing testDoRefreshCredentialSupplier(org.conjur.jenkins.configuration.ConjurConfigurationTest)] DEBUG org.eclipse.jetty.util.component.AbstractLifeCycle -- STARTED @2612ms ManagedSelector@234d274a{STARTED} id=7 keys=0 selected=0 updates=0
18:13:49.578 [Executing testDoRefreshCredentialSupplier(org.conjur.jenkins.configuration.ConjurConfigurationTest)] DEBUG org.eclipse.jetty.util.component.AbstractLifeCycle -- STARTED @2612ms SelectorManager@ServerConnector@34df42ee{HTTP/1.1, (http/1.1)}{localhost:51392}
18:13:49.579 [Executing testDoRefreshCredentialSupplier(org.conjur.jenkins.configuration.ConjurConfigurationTest)] DEBUG org.eclipse.jetty.util.component.ContainerLifeCycle -- ServerConnector@34df42ee{HTTP/1.1, (http/1.1)}{localhost:51392} added {acceptor-0@5c46b60c,POJO}
18:13:49.579 [Executing testDoRefreshCredentialSupplier(org.conjur.jenkins.configuration.ConjurConfigurationTest)] DEBUG org.eclipse.jetty.util.thread.QueuedThreadPool -- queue acceptor-0@5c46b60c startThread=1
18:13:49.579 [Executing testDoRefreshCredentialSupplier(org.conjur.jenkins.configuration.ConjurConfigurationTest)] DEBUG org.eclipse.jetty.util.thread.QueuedThreadPool -- Starting Thread[Jetty (JenkinsRule)-39,5,main]
18:13:49.579 [Executing testDoRefreshCredentialSupplier(org.conjur.jenkins.configuration.ConjurConfigurationTest)] DEBUG org.eclipse.jetty.util.component.ContainerLifeCycle -- ServerConnector@34df42ee{HTTP/1.1, (http/1.1)}{localhost:51392} added {acceptor-1@4befe5e8,POJO}
18:13:49.579 [Executing testDoRefreshCredentialSupplier(org.conjur.jenkins.configuration.ConjurConfigurationTest)] DEBUG org.eclipse.jetty.util.thread.QueuedThreadPool -- queue acceptor-1@4befe5e8 startThread=1
18:13:49.579 [Executing testDoRefreshCredentialSupplier(org.conjur.jenkins.configuration.ConjurConfigurationTest)] DEBUG org.eclipse.jetty.util.thread.QueuedThreadPool -- Starting Thread[Jetty (JenkinsRule)-40,5,main]
18:13:49.579 [Jetty (JenkinsRule)-39] DEBUG org.eclipse.jetty.util.thread.QueuedThreadPool -- Runner started for QueuedThreadPool[Jetty (JenkinsRule)]@6a70315f{STARTED,8<=10<=200,i=0,r=-1,q=0}[ReservedThreadExecutor@6c50b992{reserved=0/16,pending=0}]
18:13:49.580 [Jetty (JenkinsRule)-39] DEBUG org.eclipse.jetty.util.thread.QueuedThreadPool -- run acceptor-0@5c46b60c in QueuedThreadPool[Jetty (JenkinsRule)]@6a70315f{STARTED,8<=10<=200,i=0,r=-1,q=0}[ReservedThreadExecutor@6c50b992{reserved=0/16,pending=0}]
18:13:49.580 [Executing testDoRefreshCredentialSupplier(org.conjur.jenkins.configuration.ConjurConfigurationTest)] INFO org.eclipse.jetty.server.AbstractConnector -- Started ServerConnector@34df42ee{HTTP/1.1, (http/1.1)}{localhost:51392}
18:13:49.580 [Executing testDoRefreshCredentialSupplier(org.conjur.jenkins.configuration.ConjurConfigurationTest)] DEBUG org.eclipse.jetty.util.component.AbstractLifeCycle -- STARTED @2615ms ServerConnector@34df42ee{HTTP/1.1, (http/1.1)}{localhost:51392}
18:13:49.580 [Executing testDoRefreshCredentialSupplier(org.conjur.jenkins.configuration.ConjurConfigurationTest)] INFO org.eclipse.jetty.server.Server -- Started @2615ms
18:13:49.580 [Jetty (JenkinsRule)-40] DEBUG org.eclipse.jetty.util.thread.QueuedThreadPool -- Runner started for QueuedThreadPool[Jetty (JenkinsRule)]@6a70315f{STARTED,8<=10<=200,i=0,r=-1,q=0}[ReservedThreadExecutor@6c50b992{reserved=0/16,pending=0}]
18:13:49.580 [Executing testDoRefreshCredentialSupplier(org.conjur.jenkins.configuration.ConjurConfigurationTest)] DEBUG org.eclipse.jetty.util.component.AbstractLifeCycle -- STARTED @2615ms Server@2a062be8{STARTED}[9.4.48.v20220622]
18:13:49.581 [Jetty (JenkinsRule)-40] DEBUG org.eclipse.jetty.util.thread.QueuedThreadPool -- run acceptor-1@4befe5e8 in QueuedThreadPool[Jetty (JenkinsRule)]@6a70315f{STARTED,8<=10<=200,i=0,r=-1,q=0}[ReservedThreadExecutor@6c50b992{reserved=0/16,pending=0}]
18:13:49.798 [Executing testDoRefreshCredentialSupplier(org.conjur.jenkins.configuration.ConjurConfigurationTest)] DEBUG org.apache.commons.discovery.resource.names.DiscoverNamesInFile -- find: serviceName = 'META-INF/services/org.kohsuke.stapler.Facet'
18:13:49.798 [Executing testDoRefreshCredentialSupplier(org.conjur.jenkins.configuration.ConjurConfigurationTest)] DEBUG org.apache.commons.discovery.resource.DiscoverResources -- find: resourceName='META-INF/services/org.kohsuke.stapler.Facet'
18:13:49.798 [Executing testDoRefreshCredentialSupplier(org.conjur.jenkins.configuration.ConjurConfigurationTest)] DEBUG org.apache.commons.discovery.resource.DiscoverResources -- getNextResources: search using ClassLoader 'jdk.internal.loader.ClassLoaders$AppClassLoader@5ffd2b27'
18:13:49.800 [Executing testDoRefreshCredentialSupplier(org.conjur.jenkins.configuration.ConjurConfigurationTest)] DEBUG org.apache.commons.discovery.resource.DiscoverResources -- getNextResource: next URL='jar:file:/Users/sameer.shaik/.m2/repository/org/kohsuke/stapler/stapler-groovy/1669.v95a_4b_919a_b_a_2/stapler-groovy-1669.v95a_4b_919a_b_a_2.jar!/META-INF/services/org.kohsuke.stapler.Facet'
18:13:49.800 [Executing testDoRefreshCredentialSupplier(org.conjur.jenkins.configuration.ConjurConfigurationTest)] DEBUG org.apache.commons.discovery.resource.names.DiscoverNamesInFile -- getNextClassResource: next class='org.kohsuke.stapler.jelly.groovy.GroovyFacet'
18:13:49.802 [Executing testDoRefreshCredentialSupplier(org.conjur.jenkins.configuration.ConjurConfigurationTest)] DEBUG org.apache.commons.discovery.resource.DiscoverResources -- getNextResource: next URL='jar:file:/Users/sameer.shaik/.m2/repository/org/kohsuke/stapler/stapler-jelly/1669.v95a_4b_919a_b_a_2/stapler-jelly-1669.v95a_4b_919a_b_a_2.jar!/META-INF/services/org.kohsuke.stapler.Facet'
18:13:49.802 [Executing testDoRefreshCredentialSupplier(org.conjur.jenkins.configuration.ConjurConfigurationTest)] DEBUG org.apache.commons.discovery.resource.names.DiscoverNamesInFile -- getNextClassResource: next class='org.kohsuke.stapler.jelly.JellyFacet'
18:13:49.806 [Executing testDoRefreshCredentialSupplier(org.conjur.jenkins.configuration.ConjurConfigurationTest)] DEBUG org.apache.commons.discovery.resource.names.DiscoverNamesInFile -- find: serviceName = 'META-INF/services/org.kohsuke.stapler.Facet'
18:13:49.806 [Executing testDoRefreshCredentialSupplier(org.conjur.jenkins.configuration.ConjurConfigurationTest)] DEBUG org.apache.commons.discovery.resource.DiscoverResources -- find: resourceName='META-INF/services/org.kohsuke.stapler.Facet'
18:13:49.806 [Executing testDoRefreshCredentialSupplier(org.conjur.jenkins.configuration.ConjurConfigurationTest)] DEBUG org.apache.commons.discovery.resource.DiscoverResources -- getNextResources: search using ClassLoader 'jdk.internal.loader.ClassLoaders$AppClassLoader@5ffd2b27'
18:13:49.806 [Executing testDoRefreshCredentialSupplier(org.conjur.jenkins.configuration.ConjurConfigurationTest)] DEBUG org.apache.commons.discovery.resource.DiscoverResources -- getNextResource: next URL='jar:file:/Users/sameer.shaik/.m2/repository/org/kohsuke/stapler/stapler-groovy/1669.v95a_4b_919a_b_a_2/stapler-groovy-1669.v95a_4b_919a_b_a_2.jar!/META-INF/services/org.kohsuke.stapler.Facet'
18:13:49.806 [Executing testDoRefreshCredentialSupplier(org.conjur.jenkins.configuration.ConjurConfigurationTest)] DEBUG org.apache.commons.discovery.resource.names.DiscoverNamesInFile -- getNextClassResource: next class='org.kohsuke.stapler.jelly.groovy.GroovyFacet'
18:13:49.806 [Executing testDoRefreshCredentialSupplier(org.conjur.jenkins.configuration.ConjurConfigurationTest)] DEBUG org.apache.commons.discovery.resource.DiscoverResources -- getNextResource: next URL='jar:file:/Users/sameer.shaik/.m2/repository/org/kohsuke/stapler/stapler-jelly/1669.v95a_4b_919a_b_a_2/stapler-jelly-1669.v95a_4b_919a_b_a_2.jar!/META-INF/services/org.kohsuke.stapler.Facet'
18:13:49.806 [Executing testDoRefreshCredentialSupplier(org.conjur.jenkins.configuration.ConjurConfigurationTest)] DEBUG org.apache.commons.discovery.resource.names.DiscoverNamesInFile -- getNextClassResource: next class='org.kohsuke.stapler.jelly.JellyFacet'
18:13:56.362 [pool-7-thread-27] DEBUG org.apache.commons.discovery.resource.names.DiscoverNamesInFile -- find: serviceName = 'META-INF/services/org.kohsuke.args4j.spi.OptionHandler'
18:13:56.362 [pool-7-thread-27] DEBUG org.apache.commons.discovery.resource.DiscoverResources -- find: resourceName='META-INF/services/org.kohsuke.args4j.spi.OptionHandler'
18:13:56.363 [pool-7-thread-27] DEBUG org.apache.commons.discovery.resource.DiscoverResources -- getNextResources: search using ClassLoader 'classLoader hudson.PluginManager$UberClassLoader'
18:13:56.364 [pool-7-thread-27] DEBUG org.apache.commons.discovery.resource.DiscoverResources -- getNextResource: next URL='jar:file:/Users/sameer.shaik/.m2/repository/org/jenkins-ci/plugins/credentials/1087.1089.v2f1b_9a_b_040e4/credentials-1087.1089.v2f1b_9a_b_040e4.jar!/META-INF/services/org.kohsuke.args4j.spi.OptionHandler'
18:13:56.364 [pool-7-thread-27] DEBUG org.apache.commons.discovery.resource.names.DiscoverNamesInFile -- getNextClassResource: next class='com.cloudbees.plugins.credentials.cli.CredentialsStoreOptionHandler'
18:13:56.364 [pool-7-thread-27] DEBUG org.apache.commons.discovery.resource.classes.DiscoverClasses -- find: className='com.cloudbees.plugins.credentials.cli.CredentialsStoreOptionHandler'
18:13:56.364 [pool-7-thread-27] DEBUG org.apache.commons.discovery.resource.DiscoverResources -- getNextResource: next URL='jar:file:/Users/sameer.shaik/.m2/repository/org/jenkins-ci/main/jenkins-core/2.346.3/jenkins-core-2.346.3.jar!/META-INF/services/org.kohsuke.args4j.spi.OptionHandler'
18:13:56.365 [pool-7-thread-27] DEBUG org.apache.commons.discovery.resource.names.DiscoverNamesInFile -- getNextClassResource: next class='hudson.cli.handlers.AbstractItemOptionHandler'
18:13:56.365 [pool-7-thread-27] DEBUG org.apache.commons.discovery.resource.classes.DiscoverClasses -- getNextClass: next URL='jar:file:/Users/sameer.shaik/.m2/repository/org/jenkins-ci/plugins/credentials/1087.1089.v2f1b_9a_b_040e4/credentials-1087.1089.v2f1b_9a_b_040e4.jar!/com/cloudbees/plugins/credentials/cli/CredentialsStoreOptionHandler.class'
18:13:56.365 [pool-7-thread-27] DEBUG org.apache.commons.discovery.ResourceClass -- loadClass: Loading class 'com.cloudbees.plugins.credentials.cli.CredentialsStoreOptionHandler' with classLoader hudson.PluginManager$UberClassLoader
18:13:56.373 [pool-7-thread-27] DEBUG org.apache.commons.discovery.resource.classes.DiscoverClasses -- find: className='hudson.cli.handlers.AbstractItemOptionHandler'
18:13:56.373 [pool-7-thread-27] DEBUG org.apache.commons.discovery.resource.names.DiscoverNamesInFile -- getNextClassResource: next class='hudson.cli.handlers.AbstractProjectOptionHandler'
18:13:56.373 [pool-7-thread-27] DEBUG org.apache.commons.discovery.resource.classes.DiscoverClasses -- getNextClass: next URL='jar:file:/Users/sameer.shaik/.m2/repository/org/jenkins-ci/main/jenkins-core/2.346.3/jenkins-core-2.346.3.jar!/hudson/cli/handlers/AbstractItemOptionHandler.class'
18:13:56.374 [pool-7-thread-27] DEBUG org.apache.commons.discovery.ResourceClass -- loadClass: Loading class 'hudson.cli.handlers.AbstractItemOptionHandler' with classLoader hudson.PluginManager$UberClassLoader
18:13:56.375 [pool-7-thread-27] DEBUG org.apache.commons.discovery.resource.classes.DiscoverClasses -- find: className='hudson.cli.handlers.AbstractProjectOptionHandler'
18:13:56.375 [pool-7-thread-27] DEBUG org.apache.commons.discovery.resource.names.DiscoverNamesInFile -- getNextClassResource: next class='hudson.cli.handlers.JobOptionHandler'
18:13:56.375 [pool-7-thread-27] DEBUG org.apache.commons.discovery.resource.classes.DiscoverClasses -- getNextClass: next URL='jar:file:/Users/sameer.shaik/.m2/repository/org/jenkins-ci/main/jenkins-core/2.346.3/jenkins-core-2.346.3.jar!/hudson/cli/handlers/AbstractProjectOptionHandler.class'
18:13:56.375 [pool-7-thread-27] DEBUG org.apache.commons.discovery.ResourceClass -- loadClass: Loading class 'hudson.cli.handlers.AbstractProjectOptionHandler' with classLoader hudson.PluginManager$UberClassLoader
18:13:56.375 [pool-7-thread-27] DEBUG org.apache.commons.discovery.resource.classes.DiscoverClasses -- find: className='hudson.cli.handlers.JobOptionHandler'
18:13:56.375 [pool-7-thread-27] DEBUG org.apache.commons.discovery.resource.names.DiscoverNamesInFile -- getNextClassResource: next class='hudson.cli.handlers.NodeOptionHandler'
18:13:56.376 [pool-7-thread-27] DEBUG org.apache.commons.discovery.resource.classes.DiscoverClasses -- getNextClass: next URL='jar:file:/Users/sameer.shaik/.m2/repository/org/jenkins-ci/main/jenkins-core/2.346.3/jenkins-core-2.346.3.jar!/hudson/cli/handlers/JobOptionHandler.class'
18:13:56.376 [pool-7-thread-27] DEBUG org.apache.commons.discovery.ResourceClass -- loadClass: Loading class 'hudson.cli.handlers.JobOptionHandler' with classLoader hudson.PluginManager$UberClassLoader
18:13:56.376 [pool-7-thread-27] DEBUG org.apache.commons.discovery.resource.classes.DiscoverClasses -- find: className='hudson.cli.handlers.NodeOptionHandler'
18:13:56.376 [pool-7-thread-27] DEBUG org.apache.commons.discovery.resource.names.DiscoverNamesInFile -- getNextClassResource: next class='hudson.cli.handlers.ParameterizedJobOptionHandler'
18:13:56.376 [pool-7-thread-27] DEBUG org.apache.commons.discovery.resource.classes.DiscoverClasses -- getNextClass: next URL='jar:file:/Users/sameer.shaik/.m2/repository/org/jenkins-ci/main/jenkins-core/2.346.3/jenkins-core-2.346.3.jar!/hudson/cli/handlers/NodeOptionHandler.class'
18:13:56.376 [pool-7-thread-27] DEBUG org.apache.commons.discovery.ResourceClass -- loadClass: Loading class 'hudson.cli.handlers.NodeOptionHandler' with classLoader hudson.PluginManager$UberClassLoader
18:13:56.376 [pool-7-thread-27] DEBUG org.apache.commons.discovery.resource.classes.DiscoverClasses -- find: className='hudson.cli.handlers.ParameterizedJobOptionHandler'
18:13:56.376 [pool-7-thread-27] DEBUG org.apache.commons.discovery.resource.names.DiscoverNamesInFile -- getNextClassResource: next class='hudson.cli.handlers.TopLevelItemOptionHandler'
18:13:56.376 [pool-7-thread-27] DEBUG org.apache.commons.discovery.resource.classes.DiscoverClasses -- getNextClass: next URL='jar:file:/Users/sameer.shaik/.m2/repository/org/jenkins-ci/main/jenkins-core/2.346.3/jenkins-core-2.346.3.jar!/hudson/cli/handlers/ParameterizedJobOptionHandler.class'
18:13:56.376 [pool-7-thread-27] DEBUG org.apache.commons.discovery.ResourceClass -- loadClass: Loading class 'hudson.cli.handlers.ParameterizedJobOptionHandler' with classLoader hudson.PluginManager$UberClassLoader
18:13:56.377 [pool-7-thread-27] DEBUG org.apache.commons.discovery.resource.classes.DiscoverClasses -- find: className='hudson.cli.handlers.TopLevelItemOptionHandler'
18:13:56.377 [pool-7-thread-27] DEBUG org.apache.commons.discovery.resource.names.DiscoverNamesInFile -- getNextClassResource: next class='hudson.cli.handlers.ViewOptionHandler'
18:13:56.377 [pool-7-thread-27] DEBUG org.apache.commons.discovery.resource.classes.DiscoverClasses -- getNextClass: next URL='jar:file:/Users/sameer.shaik/.m2/repository/org/jenkins-ci/main/jenkins-core/2.346.3/jenkins-core-2.346.3.jar!/hudson/cli/handlers/TopLevelItemOptionHandler.class'
18:13:56.377 [pool-7-thread-27] DEBUG org.apache.commons.discovery.ResourceClass -- loadClass: Loading class 'hudson.cli.handlers.TopLevelItemOptionHandler' with classLoader hudson.PluginManager$UberClassLoader
18:13:56.377 [pool-7-thread-27] DEBUG org.apache.commons.discovery.resource.classes.DiscoverClasses -- find: className='hudson.cli.handlers.ViewOptionHandler'
18:13:56.378 [pool-7-thread-27] DEBUG org.apache.commons.discovery.resource.DiscoverResources -- getNextResource: next URL='jar:file:/var/folders/7l/pdqsj03n6jsc22xd922cp7v40000gp/T/jenkins10996639351893100353/plugins/credentials/WEB-INF/lib/credentials.jar!/META-INF/services/org.kohsuke.args4j.spi.OptionHandler'
18:13:56.378 [pool-7-thread-27] DEBUG org.apache.commons.discovery.resource.names.DiscoverNamesInFile -- getNextClassResource: next class='com.cloudbees.plugins.credentials.cli.CredentialsStoreOptionHandler'
18:13:56.378 [pool-7-thread-27] DEBUG org.apache.commons.discovery.resource.classes.DiscoverClasses -- getNextClass: next URL='jar:file:/Users/sameer.shaik/.m2/repository/org/jenkins-ci/main/jenkins-core/2.346.3/jenkins-core-2.346.3.jar!/hudson/cli/handlers/ViewOptionHandler.class'
18:13:56.378 [pool-7-thread-27] DEBUG org.apache.commons.discovery.ResourceClass -- loadClass: Loading class 'hudson.cli.handlers.ViewOptionHandler' with classLoader hudson.PluginManager$UberClassLoader
18:13:56.378 [pool-7-thread-27] DEBUG org.apache.commons.discovery.resource.classes.DiscoverClasses -- find: className='com.cloudbees.plugins.credentials.cli.CredentialsStoreOptionHandler'
18:13:56.378 [pool-7-thread-27] DEBUG org.apache.commons.discovery.resource.classes.DiscoverClasses -- getNextClass: next URL='jar:file:/Users/sameer.shaik/.m2/repository/org/jenkins-ci/plugins/credentials/1087.1089.v2f1b_9a_b_040e4/credentials-1087.1089.v2f1b_9a_b_040e4.jar!/com/cloudbees/plugins/credentials/cli/CredentialsStoreOptionHandler.class'
18:13:56.378 [pool-7-thread-27] DEBUG org.apache.commons.discovery.ResourceClass -- loadClass: Loading class 'com.cloudbees.plugins.credentials.cli.CredentialsStoreOptionHandler' with classLoader hudson.PluginManager$UberClassLoader
18:13:58.241 [Executing testDoRefreshCredentialSupplier(org.conjur.jenkins.configuration.ConjurConfigurationTest)] DEBUG org.apache.commons.beanutils.converters.BooleanConverter -- Setting default value: false
18:13:58.241 [Executing testDoRefreshCredentialSupplier(org.conjur.jenkins.configuration.ConjurConfigurationTest)] DEBUG org.apache.commons.beanutils.converters.BooleanConverter -- Converting 'Boolean' value 'false' to type 'Boolean'
18:13:58.241 [Executing testDoRefreshCredentialSupplier(org.conjur.jenkins.configuration.ConjurConfigurationTest)] DEBUG org.apache.commons.beanutils.converters.BooleanConverter --     No conversion required, value is already a Boolean
18:13:58.241 [Executing testDoRefreshCredentialSupplier(org.conjur.jenkins.configuration.ConjurConfigurationTest)] DEBUG org.apache.commons.beanutils.converters.ByteConverter -- Setting default value: 0
18:13:58.241 [Executing testDoRefreshCredentialSupplier(org.conjur.jenkins.configuration.ConjurConfigurationTest)] DEBUG org.apache.commons.beanutils.converters.ByteConverter -- Converting 'Integer' value '0' to type 'Byte'
18:13:58.241 [Executing testDoRefreshCredentialSupplier(org.conjur.jenkins.configuration.ConjurConfigurationTest)] DEBUG org.apache.commons.beanutils.converters.ByteConverter --     Converted to Byte value '0'
18:13:58.241 [Executing testDoRefreshCredentialSupplier(org.conjur.jenkins.configuration.ConjurConfigurationTest)] DEBUG org.apache.commons.beanutils.converters.CharacterConverter -- Setting default value:  
18:13:58.241 [Executing testDoRefreshCredentialSupplier(org.conjur.jenkins.configuration.ConjurConfigurationTest)] DEBUG org.apache.commons.beanutils.converters.CharacterConverter -- Converting 'Character' value ' ' to type 'Character'
18:13:58.241 [Executing testDoRefreshCredentialSupplier(org.conjur.jenkins.configuration.ConjurConfigurationTest)] DEBUG org.apache.commons.beanutils.converters.CharacterConverter --     No conversion required, value is already a Character
18:13:58.241 [Executing testDoRefreshCredentialSupplier(org.conjur.jenkins.configuration.ConjurConfigurationTest)] DEBUG org.apache.commons.beanutils.converters.DoubleConverter -- Setting default value: 0
18:13:58.241 [Executing testDoRefreshCredentialSupplier(org.conjur.jenkins.configuration.ConjurConfigurationTest)] DEBUG org.apache.commons.beanutils.converters.DoubleConverter -- Converting 'Integer' value '0' to type 'Double'
18:13:58.241 [Executing testDoRefreshCredentialSupplier(org.conjur.jenkins.configuration.ConjurConfigurationTest)] DEBUG org.apache.commons.beanutils.converters.DoubleConverter --     Converted to Double value '0.0'
18:13:58.241 [Executing testDoRefreshCredentialSupplier(org.conjur.jenkins.configuration.ConjurConfigurationTest)] DEBUG org.apache.commons.beanutils.converters.FloatConverter -- Setting default value: 0
18:13:58.241 [Executing testDoRefreshCredentialSupplier(org.conjur.jenkins.configuration.ConjurConfigurationTest)] DEBUG org.apache.commons.beanutils.converters.FloatConverter -- Converting 'Integer' value '0' to type 'Float'
18:13:58.241 [Executing testDoRefreshCredentialSupplier(org.conjur.jenkins.configuration.ConjurConfigurationTest)] DEBUG org.apache.commons.beanutils.converters.FloatConverter --     Converted to Float value '0.0'
18:13:58.241 [Executing testDoRefreshCredentialSupplier(org.conjur.jenkins.configuration.ConjurConfigurationTest)] DEBUG org.apache.commons.beanutils.converters.IntegerConverter -- Setting default value: 0
18:13:58.241 [Executing testDoRefreshCredentialSupplier(org.conjur.jenkins.configuration.ConjurConfigurationTest)] DEBUG org.apache.commons.beanutils.converters.IntegerConverter -- Converting 'Integer' value '0' to type 'Integer'
18:13:58.241 [Executing testDoRefreshCredentialSupplier(org.conjur.jenkins.configuration.ConjurConfigurationTest)] DEBUG org.apache.commons.beanutils.converters.IntegerConverter --     No conversion required, value is already a Integer
18:13:58.241 [Executing testDoRefreshCredentialSupplier(org.conjur.jenkins.configuration.ConjurConfigurationTest)] DEBUG org.apache.commons.beanutils.converters.LongConverter -- Setting default value: 0
18:13:58.241 [Executing testDoRefreshCredentialSupplier(org.conjur.jenkins.configuration.ConjurConfigurationTest)] DEBUG org.apache.commons.beanutils.converters.LongConverter -- Converting 'Integer' value '0' to type 'Long'
18:13:58.241 [Executing testDoRefreshCredentialSupplier(org.conjur.jenkins.configuration.ConjurConfigurationTest)] DEBUG org.apache.commons.beanutils.converters.LongConverter --     Converted to Long value '0'
18:13:58.241 [Executing testDoRefreshCredentialSupplier(org.conjur.jenkins.configuration.ConjurConfigurationTest)] DEBUG org.apache.commons.beanutils.converters.ShortConverter -- Setting default value: 0
18:13:58.241 [Executing testDoRefreshCredentialSupplier(org.conjur.jenkins.configuration.ConjurConfigurationTest)] DEBUG org.apache.commons.beanutils.converters.ShortConverter -- Converting 'Integer' value '0' to type 'Short'
18:13:58.241 [Executing testDoRefreshCredentialSupplier(org.conjur.jenkins.configuration.ConjurConfigurationTest)] DEBUG org.apache.commons.beanutils.converters.ShortConverter --     Converted to Short value '0'
18:13:58.242 [Executing testDoRefreshCredentialSupplier(org.conjur.jenkins.configuration.ConjurConfigurationTest)] DEBUG org.apache.commons.beanutils.converters.BigDecimalConverter -- Setting default value: 0.0
18:13:58.242 [Executing testDoRefreshCredentialSupplier(org.conjur.jenkins.configuration.ConjurConfigurationTest)] DEBUG org.apache.commons.beanutils.converters.BigDecimalConverter -- Converting 'BigDecimal' value '0.0' to type 'BigDecimal'
18:13:58.242 [Executing testDoRefreshCredentialSupplier(org.conjur.jenkins.configuration.ConjurConfigurationTest)] DEBUG org.apache.commons.beanutils.converters.BigDecimalConverter --     No conversion required, value is already a BigDecimal
18:13:58.242 [Executing testDoRefreshCredentialSupplier(org.conjur.jenkins.configuration.ConjurConfigurationTest)] DEBUG org.apache.commons.beanutils.converters.BigIntegerConverter -- Setting default value: 0
18:13:58.242 [Executing testDoRefreshCredentialSupplier(org.conjur.jenkins.configuration.ConjurConfigurationTest)] DEBUG org.apache.commons.beanutils.converters.BigIntegerConverter -- Converting 'BigInteger' value '0' to type 'BigInteger'
18:13:58.242 [Executing testDoRefreshCredentialSupplier(org.conjur.jenkins.configuration.ConjurConfigurationTest)] DEBUG org.apache.commons.beanutils.converters.BigIntegerConverter --     No conversion required, value is already a BigInteger
18:13:58.242 [Executing testDoRefreshCredentialSupplier(org.conjur.jenkins.configuration.ConjurConfigurationTest)] DEBUG org.apache.commons.beanutils.converters.BooleanConverter -- Setting default value: false
18:13:58.242 [Executing testDoRefreshCredentialSupplier(org.conjur.jenkins.configuration.ConjurConfigurationTest)] DEBUG org.apache.commons.beanutils.converters.BooleanConverter -- Converting 'Boolean' value 'false' to type 'Boolean'
18:13:58.242 [Executing testDoRefreshCredentialSupplier(org.conjur.jenkins.configuration.ConjurConfigurationTest)] DEBUG org.apache.commons.beanutils.converters.BooleanConverter --     No conversion required, value is already a Boolean
18:13:58.242 [Executing testDoRefreshCredentialSupplier(org.conjur.jenkins.configuration.ConjurConfigurationTest)] DEBUG org.apache.commons.beanutils.converters.ByteConverter -- Setting default value: 0
18:13:58.242 [Executing testDoRefreshCredentialSupplier(org.conjur.jenkins.configuration.ConjurConfigurationTest)] DEBUG org.apache.commons.beanutils.converters.ByteConverter -- Converting 'Integer' value '0' to type 'Byte'
18:13:58.242 [Executing testDoRefreshCredentialSupplier(org.conjur.jenkins.configuration.ConjurConfigurationTest)] DEBUG org.apache.commons.beanutils.converters.ByteConverter --     Converted to Byte value '0'
18:13:58.242 [Executing testDoRefreshCredentialSupplier(org.conjur.jenkins.configuration.ConjurConfigurationTest)] DEBUG org.apache.commons.beanutils.converters.CharacterConverter -- Setting default value:  
18:13:58.242 [Executing testDoRefreshCredentialSupplier(org.conjur.jenkins.configuration.ConjurConfigurationTest)] DEBUG org.apache.commons.beanutils.converters.CharacterConverter -- Converting 'Character' value ' ' to type 'Character'
18:13:58.242 [Executing testDoRefreshCredentialSupplier(org.conjur.jenkins.configuration.ConjurConfigurationTest)] DEBUG org.apache.commons.beanutils.converters.CharacterConverter --     No conversion required, value is already a Character
18:13:58.242 [Executing testDoRefreshCredentialSupplier(org.conjur.jenkins.configuration.ConjurConfigurationTest)] DEBUG org.apache.commons.beanutils.converters.DoubleConverter -- Setting default value: 0
18:13:58.242 [Executing testDoRefreshCredentialSupplier(org.conjur.jenkins.configuration.ConjurConfigurationTest)] DEBUG org.apache.commons.beanutils.converters.DoubleConverter -- Converting 'Integer' value '0' to type 'Double'
18:13:58.242 [Executing testDoRefreshCredentialSupplier(org.conjur.jenkins.configuration.ConjurConfigurationTest)] DEBUG org.apache.commons.beanutils.converters.DoubleConverter --     Converted to Double value '0.0'
18:13:58.242 [Executing testDoRefreshCredentialSupplier(org.conjur.jenkins.configuration.ConjurConfigurationTest)] DEBUG org.apache.commons.beanutils.converters.FloatConverter -- Setting default value: 0
18:13:58.242 [Executing testDoRefreshCredentialSupplier(org.conjur.jenkins.configuration.ConjurConfigurationTest)] DEBUG org.apache.commons.beanutils.converters.FloatConverter -- Converting 'Integer' value '0' to type 'Float'
18:13:58.242 [Executing testDoRefreshCredentialSupplier(org.conjur.jenkins.configuration.ConjurConfigurationTest)] DEBUG org.apache.commons.beanutils.converters.FloatConverter --     Converted to Float value '0.0'
18:13:58.242 [Executing testDoRefreshCredentialSupplier(org.conjur.jenkins.configuration.ConjurConfigurationTest)] DEBUG org.apache.commons.beanutils.converters.IntegerConverter -- Setting default value: 0
18:13:58.242 [Executing testDoRefreshCredentialSupplier(org.conjur.jenkins.configuration.ConjurConfigurationTest)] DEBUG org.apache.commons.beanutils.converters.IntegerConverter -- Converting 'Integer' value '0' to type 'Integer'
18:13:58.242 [Executing testDoRefreshCredentialSupplier(org.conjur.jenkins.configuration.ConjurConfigurationTest)] DEBUG org.apache.commons.beanutils.converters.IntegerConverter --     No conversion required, value is already a Integer
18:13:58.242 [Executing testDoRefreshCredentialSupplier(org.conjur.jenkins.configuration.ConjurConfigurationTest)] DEBUG org.apache.commons.beanutils.converters.LongConverter -- Setting default value: 0
18:13:58.242 [Executing testDoRefreshCredentialSupplier(org.conjur.jenkins.configuration.ConjurConfigurationTest)] DEBUG org.apache.commons.beanutils.converters.LongConverter -- Converting 'Integer' value '0' to type 'Long'
18:13:58.242 [Executing testDoRefreshCredentialSupplier(org.conjur.jenkins.configuration.ConjurConfigurationTest)] DEBUG org.apache.commons.beanutils.converters.LongConverter --     Converted to Long value '0'
18:13:58.242 [Executing testDoRefreshCredentialSupplier(org.conjur.jenkins.configuration.ConjurConfigurationTest)] DEBUG org.apache.commons.beanutils.converters.ShortConverter -- Setting default value: 0
18:13:58.242 [Executing testDoRefreshCredentialSupplier(org.conjur.jenkins.configuration.ConjurConfigurationTest)] DEBUG org.apache.commons.beanutils.converters.ShortConverter -- Converting 'Integer' value '0' to type 'Short'
18:13:58.242 [Executing testDoRefreshCredentialSupplier(org.conjur.jenkins.configuration.ConjurConfigurationTest)] DEBUG org.apache.commons.beanutils.converters.ShortConverter --     Converted to Short value '0'
18:13:58.242 [Executing testDoRefreshCredentialSupplier(org.conjur.jenkins.configuration.ConjurConfigurationTest)] DEBUG org.apache.commons.beanutils.converters.StringConverter -- Setting default value: 
18:13:58.242 [Executing testDoRefreshCredentialSupplier(org.conjur.jenkins.configuration.ConjurConfigurationTest)] DEBUG org.apache.commons.beanutils.converters.StringConverter -- Converting 'String' value '' to type 'String'
18:13:58.242 [Executing testDoRefreshCredentialSupplier(org.conjur.jenkins.configuration.ConjurConfigurationTest)] DEBUG org.apache.commons.beanutils.converters.ArrayConverter -- Setting default value: [Z@4141e94e
18:13:58.242 [Executing testDoRefreshCredentialSupplier(org.conjur.jenkins.configuration.ConjurConfigurationTest)] DEBUG org.apache.commons.beanutils.converters.ArrayConverter -- Converting 'boolean[]' value '[Z@4141e94e' to type 'boolean[]'
18:13:58.242 [Executing testDoRefreshCredentialSupplier(org.conjur.jenkins.configuration.ConjurConfigurationTest)] DEBUG org.apache.commons.beanutils.converters.ArrayConverter --     No conversion required, value is already a boolean[]
18:13:58.242 [Executing testDoRefreshCredentialSupplier(org.conjur.jenkins.configuration.ConjurConfigurationTest)] DEBUG org.apache.commons.beanutils.converters.ArrayConverter -- Setting default value: [B@437b28e1
18:13:58.242 [Executing testDoRefreshCredentialSupplier(org.conjur.jenkins.configuration.ConjurConfigurationTest)] DEBUG org.apache.commons.beanutils.converters.ArrayConverter -- Converting 'byte[]' value '[B@437b28e1' to type 'byte[]'
18:13:58.242 [Executing testDoRefreshCredentialSupplier(org.conjur.jenkins.configuration.ConjurConfigurationTest)] DEBUG org.apache.commons.beanutils.converters.ArrayConverter --     No conversion required, value is already a byte[]
18:13:58.242 [Executing testDoRefreshCredentialSupplier(org.conjur.jenkins.configuration.ConjurConfigurationTest)] DEBUG org.apache.commons.beanutils.converters.ArrayConverter -- Setting default value: [C@6753821a
18:13:58.242 [Executing testDoRefreshCredentialSupplier(org.conjur.jenkins.configuration.ConjurConfigurationTest)] DEBUG org.apache.commons.beanutils.converters.ArrayConverter -- Converting 'char[]' value '[C@6753821a' to type 'char[]'
18:13:58.242 [Executing testDoRefreshCredentialSupplier(org.conjur.jenkins.configuration.ConjurConfigurationTest)] DEBUG org.apache.commons.beanutils.converters.ArrayConverter --     No conversion required, value is already a char[]
18:13:58.242 [Executing testDoRefreshCredentialSupplier(org.conjur.jenkins.configuration.ConjurConfigurationTest)] DEBUG org.apache.commons.beanutils.converters.ArrayConverter -- Setting default value: [D@48149656
18:13:58.242 [Executing testDoRefreshCredentialSupplier(org.conjur.jenkins.configuration.ConjurConfigurationTest)] DEBUG org.apache.commons.beanutils.converters.ArrayConverter -- Converting 'double[]' value '[D@48149656' to type 'double[]'
18:13:58.242 [Executing testDoRefreshCredentialSupplier(org.conjur.jenkins.configuration.ConjurConfigurationTest)] DEBUG org.apache.commons.beanutils.converters.ArrayConverter --     No conversion required, value is already a double[]
18:13:58.242 [Executing testDoRefreshCredentialSupplier(org.conjur.jenkins.configuration.ConjurConfigurationTest)] DEBUG org.apache.commons.beanutils.converters.ArrayConverter -- Setting default value: [F@6d11d83
18:13:58.242 [Executing testDoRefreshCredentialSupplier(org.conjur.jenkins.configuration.ConjurConfigurationTest)] DEBUG org.apache.commons.beanutils.converters.ArrayConverter -- Converting 'float[]' value '[F@6d11d83' to type 'float[]'
18:13:58.242 [Executing testDoRefreshCredentialSupplier(org.conjur.jenkins.configuration.ConjurConfigurationTest)] DEBUG org.apache.commons.beanutils.converters.ArrayConverter --     No conversion required, value is already a float[]
18:13:58.242 [Executing testDoRefreshCredentialSupplier(org.conjur.jenkins.configuration.ConjurConfigurationTest)] DEBUG org.apache.commons.beanutils.converters.ArrayConverter -- Setting default value: [I@1c770198
18:13:58.242 [Executing testDoRefreshCredentialSupplier(org.conjur.jenkins.configuration.ConjurConfigurationTest)] DEBUG org.apache.commons.beanutils.converters.ArrayConverter -- Converting 'int[]' value '[I@1c770198' to type 'int[]'
18:13:58.242 [Executing testDoRefreshCredentialSupplier(org.conjur.jenkins.configuration.ConjurConfigurationTest)] DEBUG org.apache.commons.beanutils.converters.ArrayConverter --     No conversion required, value is already a int[]
18:13:58.242 [Executing testDoRefreshCredentialSupplier(org.conjur.jenkins.configuration.ConjurConfigurationTest)] DEBUG org.apache.commons.beanutils.converters.ArrayConverter -- Setting default value: [J@67cf035e
18:13:58.242 [Executing testDoRefreshCredentialSupplier(org.conjur.jenkins.configuration.ConjurConfigurationTest)] DEBUG org.apache.commons.beanutils.converters.ArrayConverter -- Converting 'long[]' value '[J@67cf035e' to type 'long[]'
18:13:58.242 [Executing testDoRefreshCredentialSupplier(org.conjur.jenkins.configuration.ConjurConfigurationTest)] DEBUG org.apache.commons.beanutils.converters.ArrayConverter --     No conversion required, value is already a long[]
18:13:58.242 [Executing testDoRefreshCredentialSupplier(org.conjur.jenkins.configuration.ConjurConfigurationTest)] DEBUG org.apache.commons.beanutils.converters.ArrayConverter -- Setting default value: [S@b058fd7
18:13:58.242 [Executing testDoRefreshCredentialSupplier(org.conjur.jenkins.configuration.ConjurConfigurationTest)] DEBUG org.apache.commons.beanutils.converters.ArrayConverter -- Converting 'short[]' value '[S@b058fd7' to type 'short[]'
18:13:58.242 [Executing testDoRefreshCredentialSupplier(org.conjur.jenkins.configuration.ConjurConfigurationTest)] DEBUG org.apache.commons.beanutils.converters.ArrayConverter --     No conversion required, value is already a short[]
18:13:58.242 [Executing testDoRefreshCredentialSupplier(org.conjur.jenkins.configuration.ConjurConfigurationTest)] DEBUG org.apache.commons.beanutils.converters.ArrayConverter -- Setting default value: [Ljava.math.BigDecimal;@5b6b631
18:13:58.242 [Executing testDoRefreshCredentialSupplier(org.conjur.jenkins.configuration.ConjurConfigurationTest)] DEBUG org.apache.commons.beanutils.converters.ArrayConverter -- Converting 'BigDecimal[]' value '[Ljava.math.BigDecimal;@5b6b631' to type 'BigDecimal[]'
18:13:58.242 [Executing testDoRefreshCredentialSupplier(org.conjur.jenkins.configuration.ConjurConfigurationTest)] DEBUG org.apache.commons.beanutils.converters.ArrayConverter --     No conversion required, value is already a BigDecimal[]
18:13:58.242 [Executing testDoRefreshCredentialSupplier(org.conjur.jenkins.configuration.ConjurConfigurationTest)] DEBUG org.apache.commons.beanutils.converters.ArrayConverter -- Setting default value: [Ljava.math.BigInteger;@21e91cde
18:13:58.242 [Executing testDoRefreshCredentialSupplier(org.conjur.jenkins.configuration.ConjurConfigurationTest)] DEBUG org.apache.commons.beanutils.converters.ArrayConverter -- Converting 'BigInteger[]' value '[Ljava.math.BigInteger;@21e91cde' to type 'BigInteger[]'
18:13:58.242 [Executing testDoRefreshCredentialSupplier(org.conjur.jenkins.configuration.ConjurConfigurationTest)] DEBUG org.apache.commons.beanutils.converters.ArrayConverter --     No conversion required, value is already a BigInteger[]
18:13:58.242 [Executing testDoRefreshCredentialSupplier(org.conjur.jenkins.configuration.ConjurConfigurationTest)] DEBUG org.apache.commons.beanutils.converters.ArrayConverter -- Setting default value: [Ljava.lang.Boolean;@3e232e4e
18:13:58.242 [Executing testDoRefreshCredentialSupplier(org.conjur.jenkins.configuration.ConjurConfigurationTest)] DEBUG org.apache.commons.beanutils.converters.ArrayConverter -- Converting 'Boolean[]' value '[Ljava.lang.Boolean;@3e232e4e' to type 'Boolean[]'
18:13:58.242 [Executing testDoRefreshCredentialSupplier(org.conjur.jenkins.configuration.ConjurConfigurationTest)] DEBUG org.apache.commons.beanutils.converters.ArrayConverter --     No conversion required, value is already a Boolean[]
18:13:58.242 [Executing testDoRefreshCredentialSupplier(org.conjur.jenkins.configuration.ConjurConfigurationTest)] DEBUG org.apache.commons.beanutils.converters.ArrayConverter -- Setting default value: [Ljava.lang.Byte;@197f756a
18:13:58.242 [Executing testDoRefreshCredentialSupplier(org.conjur.jenkins.configuration.ConjurConfigurationTest)] DEBUG org.apache.commons.beanutils.converters.ArrayConverter -- Converting 'Byte[]' value '[Ljava.lang.Byte;@197f756a' to type 'Byte[]'
18:13:58.242 [Executing testDoRefreshCredentialSupplier(org.conjur.jenkins.configuration.ConjurConfigurationTest)] DEBUG org.apache.commons.beanutils.converters.ArrayConverter --     No conversion required, value is already a Byte[]
18:13:58.242 [Executing testDoRefreshCredentialSupplier(org.conjur.jenkins.configuration.ConjurConfigurationTest)] DEBUG org.apache.commons.beanutils.converters.ArrayConverter -- Setting default value: [Ljava.lang.Character;@29485f4a
18:13:58.242 [Executing testDoRefreshCredentialSupplier(org.conjur.jenkins.configuration.ConjurConfigurationTest)] DEBUG org.apache.commons.beanutils.converters.ArrayConverter -- Converting 'Character[]' value '[Ljava.lang.Character;@29485f4a' to type 'Character[]'
18:13:58.242 [Executing testDoRefreshCredentialSupplier(org.conjur.jenkins.configuration.ConjurConfigurationTest)] DEBUG org.apache.commons.beanutils.converters.ArrayConverter --     No conversion required, value is already a Character[]
18:13:58.242 [Executing testDoRefreshCredentialSupplier(org.conjur.jenkins.configuration.ConjurConfigurationTest)] DEBUG org.apache.commons.beanutils.converters.ArrayConverter -- Setting default value: [Ljava.lang.Double;@40aea951
18:13:58.242 [Executing testDoRefreshCredentialSupplier(org.conjur.jenkins.configuration.ConjurConfigurationTest)] DEBUG org.apache.commons.beanutils.converters.ArrayConverter -- Converting 'Double[]' value '[Ljava.lang.Double;@40aea951' to type 'Double[]'
18:13:58.242 [Executing testDoRefreshCredentialSupplier(org.conjur.jenkins.configuration.ConjurConfigurationTest)] DEBUG org.apache.commons.beanutils.converters.ArrayConverter --     No conversion required, value is already a Double[]
18:13:58.242 [Executing testDoRefreshCredentialSupplier(org.conjur.jenkins.configuration.ConjurConfigurationTest)] DEBUG org.apache.commons.beanutils.converters.ArrayConverter -- Setting default value: [Ljava.lang.Float;@6758ae54
18:13:58.242 [Executing testDoRefreshCredentialSupplier(org.conjur.jenkins.configuration.ConjurConfigurationTest)] DEBUG org.apache.commons.beanutils.converters.ArrayConverter -- Converting 'Float[]' value '[Ljava.lang.Float;@6758ae54' to type 'Float[]'
18:13:58.242 [Executing testDoRefreshCredentialSupplier(org.conjur.jenkins.configuration.ConjurConfigurationTest)] DEBUG org.apache.commons.beanutils.converters.ArrayConverter --     No conversion required, value is already a Float[]
18:13:58.242 [Executing testDoRefreshCredentialSupplier(org.conjur.jenkins.configuration.ConjurConfigurationTest)] DEBUG org.apache.commons.beanutils.converters.ArrayConverter -- Setting default value: [Ljava.lang.Integer;@5ee43f0
18:13:58.242 [Executing testDoRefreshCredentialSupplier(org.conjur.jenkins.configuration.ConjurConfigurationTest)] DEBUG org.apache.commons.beanutils.converters.ArrayConverter -- Converting 'Integer[]' value '[Ljava.lang.Integer;@5ee43f0' to type 'Integer[]'
18:13:58.242 [Executing testDoRefreshCredentialSupplier(org.conjur.jenkins.configuration.ConjurConfigurationTest)] DEBUG org.apache.commons.beanutils.converters.ArrayConverter --     No conversion required, value is already a Integer[]
18:13:58.242 [Executing testDoRefreshCredentialSupplier(org.conjur.jenkins.configuration.ConjurConfigurationTest)] DEBUG org.apache.commons.beanutils.converters.ArrayConverter -- Setting default value: [Ljava.lang.Long;@6eb7ee08
18:13:58.242 [Executing testDoRefreshCredentialSupplier(org.conjur.jenkins.configuration.ConjurConfigurationTest)] DEBUG org.apache.commons.beanutils.converters.ArrayConverter -- Converting 'Long[]' value '[Ljava.lang.Long;@6eb7ee08' to type 'Long[]'
18:13:58.242 [Executing testDoRefreshCredentialSupplier(org.conjur.jenkins.configuration.ConjurConfigurationTest)] DEBUG org.apache.commons.beanutils.converters.ArrayConverter --     No conversion required, value is already a Long[]
18:13:58.242 [Executing testDoRefreshCredentialSupplier(org.conjur.jenkins.configuration.ConjurConfigurationTest)] DEBUG org.apache.commons.beanutils.converters.ArrayConverter -- Setting default value: [Ljava.lang.Short;@5b6626ae
18:13:58.242 [Executing testDoRefreshCredentialSupplier(org.conjur.jenkins.configuration.ConjurConfigurationTest)] DEBUG org.apache.commons.beanutils.converters.ArrayConverter -- Converting 'Short[]' value '[Ljava.lang.Short;@5b6626ae' to type 'Short[]'
18:13:58.242 [Executing testDoRefreshCredentialSupplier(org.conjur.jenkins.configuration.ConjurConfigurationTest)] DEBUG org.apache.commons.beanutils.converters.ArrayConverter --     No conversion required, value is already a Short[]
18:13:58.242 [Executing testDoRefreshCredentialSupplier(org.conjur.jenkins.configuration.ConjurConfigurationTest)] DEBUG org.apache.commons.beanutils.converters.ArrayConverter -- Setting default value: [Ljava.lang.String;@796e0998
18:13:58.242 [Executing testDoRefreshCredentialSupplier(org.conjur.jenkins.configuration.ConjurConfigurationTest)] DEBUG org.apache.commons.beanutils.converters.ArrayConverter -- Converting 'String[]' value '[Ljava.lang.String;@796e0998' to type 'String[]'
18:13:58.242 [Executing testDoRefreshCredentialSupplier(org.conjur.jenkins.configuration.ConjurConfigurationTest)] DEBUG org.apache.commons.beanutils.converters.ArrayConverter --     No conversion required, value is already a String[]
18:13:58.242 [Executing testDoRefreshCredentialSupplier(org.conjur.jenkins.configuration.ConjurConfigurationTest)] DEBUG org.apache.commons.beanutils.converters.ArrayConverter -- Setting default value: [Ljava.lang.Class;@e683486
18:13:58.242 [Executing testDoRefreshCredentialSupplier(org.conjur.jenkins.configuration.ConjurConfigurationTest)] DEBUG org.apache.commons.beanutils.converters.ArrayConverter -- Converting 'Class[]' value '[Ljava.lang.Class;@e683486' to type 'Class[]'
18:13:58.242 [Executing testDoRefreshCredentialSupplier(org.conjur.jenkins.configuration.ConjurConfigurationTest)] DEBUG org.apache.commons.beanutils.converters.ArrayConverter --     No conversion required, value is already a Class[]
18:13:58.242 [Executing testDoRefreshCredentialSupplier(org.conjur.jenkins.configuration.ConjurConfigurationTest)] DEBUG org.apache.commons.beanutils.converters.ArrayConverter -- Setting default value: [Ljava.util.Date;@5f7e4ced
18:13:58.242 [Executing testDoRefreshCredentialSupplier(org.conjur.jenkins.configuration.ConjurConfigurationTest)] DEBUG org.apache.commons.beanutils.converters.ArrayConverter -- Converting 'Date[]' value '[Ljava.util.Date;@5f7e4ced' to type 'Date[]'
18:13:58.242 [Executing testDoRefreshCredentialSupplier(org.conjur.jenkins.configuration.ConjurConfigurationTest)] DEBUG org.apache.commons.beanutils.converters.ArrayConverter --     No conversion required, value is already a Date[]
18:13:58.242 [Executing testDoRefreshCredentialSupplier(org.conjur.jenkins.configuration.ConjurConfigurationTest)] DEBUG org.apache.commons.beanutils.converters.ArrayConverter -- Setting default value: [Ljava.util.Calendar;@354742fa
18:13:58.242 [Executing testDoRefreshCredentialSupplier(org.conjur.jenkins.configuration.ConjurConfigurationTest)] DEBUG org.apache.commons.beanutils.converters.ArrayConverter -- Converting 'Calendar[]' value '[Ljava.util.Calendar;@354742fa' to type 'Calendar[]'
18:13:58.242 [Executing testDoRefreshCredentialSupplier(org.conjur.jenkins.configuration.ConjurConfigurationTest)] DEBUG org.apache.commons.beanutils.converters.ArrayConverter --     No conversion required, value is already a Calendar[]
18:13:58.242 [Executing testDoRefreshCredentialSupplier(org.conjur.jenkins.configuration.ConjurConfigurationTest)] DEBUG org.apache.commons.beanutils.converters.ArrayConverter -- Setting default value: [Ljava.io.File;@3c6caf03
18:13:58.242 [Executing testDoRefreshCredentialSupplier(org.conjur.jenkins.configuration.ConjurConfigurationTest)] DEBUG org.apache.commons.beanutils.converters.ArrayConverter -- Converting 'java.io.File[]' value '[Ljava.io.File;@3c6caf03' to type 'java.io.File[]'
18:13:58.242 [Executing testDoRefreshCredentialSupplier(org.conjur.jenkins.configuration.ConjurConfigurationTest)] DEBUG org.apache.commons.beanutils.converters.ArrayConverter --     No conversion required, value is already a java.io.File[]
18:13:58.242 [Executing testDoRefreshCredentialSupplier(org.conjur.jenkins.configuration.ConjurConfigurationTest)] DEBUG org.apache.commons.beanutils.converters.ArrayConverter -- Setting default value: [Ljava.sql.Date;@736f600c
18:13:58.242 [Executing testDoRefreshCredentialSupplier(org.conjur.jenkins.configuration.ConjurConfigurationTest)] DEBUG org.apache.commons.beanutils.converters.ArrayConverter -- Converting 'java.sql.Date[]' value '[Ljava.sql.Date;@736f600c' to type 'java.sql.Date[]'
18:13:58.242 [Executing testDoRefreshCredentialSupplier(org.conjur.jenkins.configuration.ConjurConfigurationTest)] DEBUG org.apache.commons.beanutils.converters.ArrayConverter --     No conversion required, value is already a java.sql.Date[]
18:13:58.242 [Executing testDoRefreshCredentialSupplier(org.conjur.jenkins.configuration.ConjurConfigurationTest)] DEBUG org.apache.commons.beanutils.converters.ArrayConverter -- Setting default value: [Ljava.sql.Time;@5edb43a8
18:13:58.242 [Executing testDoRefreshCredentialSupplier(org.conjur.jenkins.configuration.ConjurConfigurationTest)] DEBUG org.apache.commons.beanutils.converters.ArrayConverter -- Converting 'java.sql.Time[]' value '[Ljava.sql.Time;@5edb43a8' to type 'java.sql.Time[]'
18:13:58.242 [Executing testDoRefreshCredentialSupplier(org.conjur.jenkins.configuration.ConjurConfigurationTest)] DEBUG org.apache.commons.beanutils.converters.ArrayConverter --     No conversion required, value is already a java.sql.Time[]
18:13:58.242 [Executing testDoRefreshCredentialSupplier(org.conjur.jenkins.configuration.ConjurConfigurationTest)] DEBUG org.apache.commons.beanutils.converters.ArrayConverter -- Setting default value: [Ljava.sql.Timestamp;@51848a1b
18:13:58.242 [Executing testDoRefreshCredentialSupplier(org.conjur.jenkins.configuration.ConjurConfigurationTest)] DEBUG org.apache.commons.beanutils.converters.ArrayConverter -- Converting 'java.sql.Timestamp[]' value '[Ljava.sql.Timestamp;@51848a1b' to type 'java.sql.Timestamp[]'
18:13:58.242 [Executing testDoRefreshCredentialSupplier(org.conjur.jenkins.configuration.ConjurConfigurationTest)] DEBUG org.apache.commons.beanutils.converters.ArrayConverter --     No conversion required, value is already a java.sql.Timestamp[]
18:13:58.242 [Executing testDoRefreshCredentialSupplier(org.conjur.jenkins.configuration.ConjurConfigurationTest)] DEBUG org.apache.commons.beanutils.converters.ArrayConverter -- Setting default value: [Ljava.net.URL;@8c9239f
18:13:58.242 [Executing testDoRefreshCredentialSupplier(org.conjur.jenkins.configuration.ConjurConfigurationTest)] DEBUG org.apache.commons.beanutils.converters.ArrayConverter -- Converting 'java.net.URL[]' value '[Ljava.net.URL;@8c9239f' to type 'java.net.URL[]'
18:13:58.242 [Executing testDoRefreshCredentialSupplier(org.conjur.jenkins.configuration.ConjurConfigurationTest)] DEBUG org.apache.commons.beanutils.converters.ArrayConverter --     No conversion required, value is already a java.net.URL[]
18:13:58.246 [Executing testDoRefreshCredentialSupplier(org.conjur.jenkins.configuration.ConjurConfigurationTest)] DEBUG org.apache.commons.jelly.JellyContext -- Registering tag library to:  taglib: org.kohsuke.stapler.jelly.ReallyStaticTagLibrary@4cc4710f
18:13:58.248 [Executing testDoRefreshCredentialSupplier(org.conjur.jenkins.configuration.ConjurConfigurationTest)] DEBUG org.apache.commons.jelly.JellyContext -- Registering tag library to: this taglib: org.kohsuke.stapler.jelly.ThisTagLibrary@26968ca7
18:13:58.249 [Executing testDoRefreshCredentialSupplier(org.conjur.jenkins.configuration.ConjurConfigurationTest)] DEBUG org.eclipse.jetty.util.component.ContainerLifeCycle -- QueuedThreadPool[qtp9169652]@8beaf4{STOPPED,8<=0<=200,i=0,r=-1,q=0}[NO_TRY] added {org.eclipse.jetty.util.thread.ThreadPoolBudget@746c1c6b,POJO}
18:13:58.249 [Executing testDoRefreshCredentialSupplier(org.conjur.jenkins.configuration.ConjurConfigurationTest)] DEBUG org.eclipse.jetty.util.component.ContainerLifeCycle -- Server@f96475e{STOPPED}[9.4.48.v20220622] added {QueuedThreadPool[Jetty (JavaNetReverseProxy)]@8beaf4{STOPPED,8<=0<=200,i=0,r=-1,q=0}[NO_TRY],AUTO}
18:13:58.251 [Executing testDoRefreshCredentialSupplier(org.conjur.jenkins.configuration.ConjurConfigurationTest)] DEBUG org.eclipse.jetty.util.component.ContainerLifeCycle -- Server@f96475e{STOPPED}[9.4.48.v20220622] added {ContextHandlerCollection@612fa818{STOPPED},MANAGED}
18:13:58.251 [Executing testDoRefreshCredentialSupplier(org.conjur.jenkins.configuration.ConjurConfigurationTest)] DEBUG org.eclipse.jetty.util.component.ContainerLifeCycle -- o.e.j.s.ServletContextHandler@4fb3380a{/,null,STOPPED} added {SymlinkAllowedResourceAliasChecker@5e93bc82{base=null,protected=null},MANAGED}
18:13:58.252 [Executing testDoRefreshCredentialSupplier(org.conjur.jenkins.configuration.ConjurConfigurationTest)] DEBUG org.eclipse.jetty.server.handler.ContextHandlerCollection -- ->[{o.e.j.s.ServletContextHandler@4fb3380a{/,null,STOPPED},[o.e.j.s.ServletContextHandler@4fb3380a{/,null,STOPPED}]}]
18:13:58.252 [Executing testDoRefreshCredentialSupplier(org.conjur.jenkins.configuration.ConjurConfigurationTest)] DEBUG org.eclipse.jetty.util.component.ContainerLifeCycle -- ContextHandlerCollection@612fa818{STOPPED} added {o.e.j.s.ServletContextHandler@4fb3380a{/,null,STOPPED},AUTO}
18:13:58.252 [Executing testDoRefreshCredentialSupplier(org.conjur.jenkins.configuration.ConjurConfigurationTest)] DEBUG org.eclipse.jetty.util.DecoratedObjectFactory -- Adding Decorator: org.eclipse.jetty.util.DeprecationWarning@43b1e62e
18:13:58.252 [Executing testDoRefreshCredentialSupplier(org.conjur.jenkins.configuration.ConjurConfigurationTest)] DEBUG org.eclipse.jetty.util.component.ContainerLifeCycle -- o.e.j.s.ServletContextHandler@4fb3380a{/,null,STOPPED} added {org.eclipse.jetty.server.session.SessionHandler2020040273==dftMaxIdleSec=-1,MANAGED}
18:13:58.252 [Executing testDoRefreshCredentialSupplier(org.conjur.jenkins.configuration.ConjurConfigurationTest)] DEBUG org.eclipse.jetty.util.component.ContainerLifeCycle -- org.eclipse.jetty.server.session.SessionHandler2020040273==dftMaxIdleSec=-1 added {ServletHandler@26bd2351{STOPPED},MANAGED}
18:13:58.252 [Executing testDoRefreshCredentialSupplier(org.conjur.jenkins.configuration.ConjurConfigurationTest)] DEBUG org.eclipse.jetty.util.component.ContainerLifeCycle -- ServletHandler@26bd2351{STOPPED} added {org.jvnet.hudson.test.JavaNetReverseProxy-a7fa28b==org.jvnet.hudson.test.JavaNetReverseProxy@21339fd5{jsp=null,order=-1,inst=false,async=true,src=EMBEDDED:null,STOPPED},AUTO}
18:13:58.252 [Executing testDoRefreshCredentialSupplier(org.conjur.jenkins.configuration.ConjurConfigurationTest)] DEBUG org.eclipse.jetty.util.component.ContainerLifeCycle -- ServletHandler@26bd2351{STOPPED} added {[/]=>org.jvnet.hudson.test.JavaNetReverseProxy-a7fa28b,POJO}
18:13:58.252 [Executing testDoRefreshCredentialSupplier(org.conjur.jenkins.configuration.ConjurConfigurationTest)] DEBUG org.eclipse.jetty.util.component.ContainerLifeCycle -- HttpConnectionFactory@4633b57c[HTTP/1.1] added {HttpConfiguration@4e4ee3d{32768/8192,8192/8192,https://:0,[]},POJO}
18:13:58.252 [Executing testDoRefreshCredentialSupplier(org.conjur.jenkins.configuration.ConjurConfigurationTest)] DEBUG org.eclipse.jetty.util.component.ContainerLifeCycle -- ServerConnector@4b8cf25b{null, ()}{0.0.0.0:0} added {Server@f96475e{STOPPED}[9.4.48.v20220622],UNMANAGED}
18:13:58.252 [Executing testDoRefreshCredentialSupplier(org.conjur.jenkins.configuration.ConjurConfigurationTest)] DEBUG org.eclipse.jetty.util.component.ContainerLifeCycle -- ServerConnector@4b8cf25b{null, ()}{0.0.0.0:0} added {QueuedThreadPool[Jetty (JavaNetReverseProxy)]@8beaf4{STOPPED,8<=0<=200,i=0,r=-1,q=0}[NO_TRY],AUTO}
18:13:58.252 [Executing testDoRefreshCredentialSupplier(org.conjur.jenkins.configuration.ConjurConfigurationTest)] DEBUG org.eclipse.jetty.util.component.ContainerLifeCycle -- ServerConnector@4b8cf25b{null, ()}{0.0.0.0:0} added {ScheduledExecutorScheduler@3c106a5b{STOPPED},AUTO}
18:13:58.252 [Executing testDoRefreshCredentialSupplier(org.conjur.jenkins.configuration.ConjurConfigurationTest)] DEBUG org.eclipse.jetty.util.component.ContainerLifeCycle -- ServerConnector@4b8cf25b{null, ()}{0.0.0.0:0} added {ArrayByteBufferPool@67d3b0f0{minBufferCapacity=0, maxBufferCapacity=65536, maxQueueLength=-1, factor=1024},POJO}
18:13:58.252 [Executing testDoRefreshCredentialSupplier(org.conjur.jenkins.configuration.ConjurConfigurationTest)] DEBUG org.eclipse.jetty.util.component.ContainerLifeCycle -- ServerConnector@4b8cf25b{null, (http/1.1)}{0.0.0.0:0} added {HttpConnectionFactory@4633b57c[HTTP/1.1],AUTO}
18:13:58.252 [Executing testDoRefreshCredentialSupplier(org.conjur.jenkins.configuration.ConjurConfigurationTest)] DEBUG org.eclipse.jetty.server.AbstractConnector -- ServerConnector@4b8cf25b{HTTP/1.1, (http/1.1)}{0.0.0.0:0} added HttpConnectionFactory@4633b57c[HTTP/1.1]
18:13:58.252 [Executing testDoRefreshCredentialSupplier(org.conjur.jenkins.configuration.ConjurConfigurationTest)] DEBUG org.eclipse.jetty.util.component.ContainerLifeCycle -- ServerConnector@4b8cf25b{HTTP/1.1, (http/1.1)}{0.0.0.0:0} added {SelectorManager@ServerConnector@4b8cf25b{HTTP/1.1, (http/1.1)}{0.0.0.0:0},MANAGED}
18:13:58.252 [Executing testDoRefreshCredentialSupplier(org.conjur.jenkins.configuration.ConjurConfigurationTest)] DEBUG org.eclipse.jetty.util.component.ContainerLifeCycle -- Server@f96475e{STOPPED}[9.4.48.v20220622] added {ServerConnector@4b8cf25b{HTTP/1.1, (http/1.1)}{0.0.0.0:0},AUTO}
18:13:58.252 [Executing testDoRefreshCredentialSupplier(org.conjur.jenkins.configuration.ConjurConfigurationTest)] DEBUG org.eclipse.jetty.util.component.AbstractLifeCycle -- starting Server@f96475e{STOPPED}[9.4.48.v20220622]
18:13:58.252 [Executing testDoRefreshCredentialSupplier(org.conjur.jenkins.configuration.ConjurConfigurationTest)] DEBUG org.eclipse.jetty.util.component.ContainerLifeCycle -- Server@f96475e{STARTING}[9.4.48.v20220622] added {ErrorHandler@44e53f31{STOPPED},AUTO}
18:13:58.252 [Executing testDoRefreshCredentialSupplier(org.conjur.jenkins.configuration.ConjurConfigurationTest)] INFO org.eclipse.jetty.server.Server -- jetty-9.4.48.v20220622; built: 2022-06-21T20:42:25.880Z; git: 6b67c5719d1f4371b33655ff2d047d24e171e49a; jvm 17.0.11+9-adhoc.admin.jdk17u
18:13:58.252 [Executing testDoRefreshCredentialSupplier(org.conjur.jenkins.configuration.ConjurConfigurationTest)] DEBUG org.eclipse.jetty.server.handler.AbstractHandler -- starting Server@f96475e{STARTING}[9.4.48.v20220622]
18:13:58.252 [Executing testDoRefreshCredentialSupplier(org.conjur.jenkins.configuration.ConjurConfigurationTest)] DEBUG org.eclipse.jetty.util.component.AbstractLifeCycle -- starting QueuedThreadPool[Jetty (JavaNetReverseProxy)]@8beaf4{STOPPED,8<=0<=200,i=0,r=-1,q=0}[NO_TRY]
18:13:58.252 [Executing testDoRefreshCredentialSupplier(org.conjur.jenkins.configuration.ConjurConfigurationTest)] DEBUG org.eclipse.jetty.util.thread.ReservedThreadExecutor -- ReservedThreadExecutor@68d703dc{reserved=0/16,pending=0}
18:13:58.253 [Executing testDoRefreshCredentialSupplier(org.conjur.jenkins.configuration.ConjurConfigurationTest)] DEBUG org.eclipse.jetty.util.component.ContainerLifeCycle -- QueuedThreadPool[Jetty (JavaNetReverseProxy)]@8beaf4{STARTING,8<=0<=200,i=0,r=-1,q=0}[ReservedThreadExecutor@68d703dc{reserved=0/16,pending=0}] added {ReservedThreadExecutor@68d703dc{reserved=0/16,pending=0},AUTO}
18:13:58.253 [Executing testDoRefreshCredentialSupplier(org.conjur.jenkins.configuration.ConjurConfigurationTest)] DEBUG org.eclipse.jetty.util.component.AbstractLifeCycle -- starting ReservedThreadExecutor@68d703dc{reserved=0/16,pending=0}
18:13:58.253 [Executing testDoRefreshCredentialSupplier(org.conjur.jenkins.configuration.ConjurConfigurationTest)] DEBUG org.eclipse.jetty.util.component.AbstractLifeCycle -- STARTED @11287ms ReservedThreadExecutor@68d703dc{reserved=0/16,pending=0}
18:13:58.253 [Executing testDoRefreshCredentialSupplier(org.conjur.jenkins.configuration.ConjurConfigurationTest)] DEBUG org.eclipse.jetty.util.thread.QueuedThreadPool -- Starting Thread[Jetty (JavaNetReverseProxy)-90,5,main]
18:13:58.253 [Executing testDoRefreshCredentialSupplier(org.conjur.jenkins.configuration.ConjurConfigurationTest)] DEBUG org.eclipse.jetty.util.thread.QueuedThreadPool -- Starting Thread[Jetty (JavaNetReverseProxy)-91,5,main]
18:13:58.253 [Jetty (JavaNetReverseProxy)-90] DEBUG org.eclipse.jetty.util.thread.QueuedThreadPool -- Runner started for QueuedThreadPool[Jetty (JavaNetReverseProxy)]@8beaf4{STARTING,8<=2<=200,i=2,r=-1,q=0}[ReservedThreadExecutor@68d703dc{reserved=0/16,pending=0}]
18:13:58.253 [Executing testDoRefreshCredentialSupplier(org.conjur.jenkins.configuration.ConjurConfigurationTest)] DEBUG org.eclipse.jetty.util.thread.QueuedThreadPool -- Starting Thread[Jetty (JavaNetReverseProxy)-92,5,main]
18:13:58.253 [Jetty (JavaNetReverseProxy)-91] DEBUG org.eclipse.jetty.util.thread.QueuedThreadPool -- Runner started for QueuedThreadPool[Jetty (JavaNetReverseProxy)]@8beaf4{STARTING,8<=3<=200,i=3,r=-1,q=0}[ReservedThreadExecutor@68d703dc{reserved=0/16,pending=0}]
18:13:58.253 [Executing testDoRefreshCredentialSupplier(org.conjur.jenkins.configuration.ConjurConfigurationTest)] DEBUG org.eclipse.jetty.util.thread.QueuedThreadPool -- Starting Thread[Jetty (JavaNetReverseProxy)-93,5,main]
18:13:58.253 [Jetty (JavaNetReverseProxy)-92] DEBUG org.eclipse.jetty.util.thread.QueuedThreadPool -- Runner started for QueuedThreadPool[Jetty (JavaNetReverseProxy)]@8beaf4{STARTING,8<=4<=200,i=4,r=-1,q=0}[ReservedThreadExecutor@68d703dc{reserved=0/16,pending=0}]
18:13:58.253 [Executing testDoRefreshCredentialSupplier(org.conjur.jenkins.configuration.ConjurConfigurationTest)] DEBUG org.eclipse.jetty.util.thread.QueuedThreadPool -- Starting Thread[Jetty (JavaNetReverseProxy)-94,5,main]
18:13:58.253 [Jetty (JavaNetReverseProxy)-93] DEBUG org.eclipse.jetty.util.thread.QueuedThreadPool -- Runner started for QueuedThreadPool[Jetty (JavaNetReverseProxy)]@8beaf4{STARTING,8<=5<=200,i=5,r=-1,q=0}[ReservedThreadExecutor@68d703dc{reserved=0/16,pending=0}]
18:13:58.254 [Executing testDoRefreshCredentialSupplier(org.conjur.jenkins.configuration.ConjurConfigurationTest)] DEBUG org.eclipse.jetty.util.thread.QueuedThreadPool -- Starting Thread[Jetty (JavaNetReverseProxy)-95,5,main]
18:13:58.254 [Jetty (JavaNetReverseProxy)-94] DEBUG org.eclipse.jetty.util.thread.QueuedThreadPool -- Runner started for QueuedThreadPool[Jetty (JavaNetReverseProxy)]@8beaf4{STARTING,8<=6<=200,i=6,r=-1,q=0}[ReservedThreadExecutor@68d703dc{reserved=0/16,pending=0}]
18:13:58.254 [Executing testDoRefreshCredentialSupplier(org.conjur.jenkins.configuration.ConjurConfigurationTest)] DEBUG org.eclipse.jetty.util.thread.QueuedThreadPool -- Starting Thread[Jetty (JavaNetReverseProxy)-96,5,main]
18:13:58.254 [Jetty (JavaNetReverseProxy)-95] DEBUG org.eclipse.jetty.util.thread.QueuedThreadPool -- Runner started for QueuedThreadPool[Jetty (JavaNetReverseProxy)]@8beaf4{STARTING,8<=7<=200,i=7,r=-1,q=0}[ReservedThreadExecutor@68d703dc{reserved=0/16,pending=0}]
18:13:58.254 [Executing testDoRefreshCredentialSupplier(org.conjur.jenkins.configuration.ConjurConfigurationTest)] DEBUG org.eclipse.jetty.util.thread.QueuedThreadPool -- Starting Thread[Jetty (JavaNetReverseProxy)-97,5,main]
18:13:58.254 [Jetty (JavaNetReverseProxy)-96] DEBUG org.eclipse.jetty.util.thread.QueuedThreadPool -- Runner started for QueuedThreadPool[Jetty (JavaNetReverseProxy)]@8beaf4{STARTING,8<=8<=200,i=8,r=-1,q=0}[ReservedThreadExecutor@68d703dc{reserved=0/16,pending=0}]
18:13:58.254 [Executing testDoRefreshCredentialSupplier(org.conjur.jenkins.configuration.ConjurConfigurationTest)] DEBUG org.eclipse.jetty.util.component.AbstractLifeCycle -- STARTED @11288ms QueuedThreadPool[Jetty (JavaNetReverseProxy)]@8beaf4{STARTED,8<=8<=200,i=8,r=-1,q=0}[ReservedThreadExecutor@68d703dc{reserved=0/16,pending=0}]
18:13:58.254 [Executing testDoRefreshCredentialSupplier(org.conjur.jenkins.configuration.ConjurConfigurationTest)] DEBUG org.eclipse.jetty.util.component.AbstractLifeCycle -- starting ContextHandlerCollection@612fa818{STOPPED}
18:13:58.254 [Executing testDoRefreshCredentialSupplier(org.conjur.jenkins.configuration.ConjurConfigurationTest)] DEBUG org.eclipse.jetty.server.handler.AbstractHandler -- starting ContextHandlerCollection@612fa818{STARTING}
18:13:58.254 [Jetty (JavaNetReverseProxy)-97] DEBUG org.eclipse.jetty.util.thread.QueuedThreadPool -- Runner started for QueuedThreadPool[Jetty (JavaNetReverseProxy)]@8beaf4{STARTED,8<=8<=200,i=8,r=-1,q=0}[ReservedThreadExecutor@68d703dc{reserved=0/16,pending=0}]
18:13:58.254 [Executing testDoRefreshCredentialSupplier(org.conjur.jenkins.configuration.ConjurConfigurationTest)] DEBUG org.eclipse.jetty.util.component.AbstractLifeCycle -- starting o.e.j.s.ServletContextHandler@4fb3380a{/,null,STOPPED}
18:13:58.254 [Executing testDoRefreshCredentialSupplier(org.conjur.jenkins.configuration.ConjurConfigurationTest)] DEBUG org.eclipse.jetty.server.handler.AbstractHandler -- starting o.e.j.s.ServletContextHandler@4fb3380a{/,null,STARTING}
18:13:58.254 [Executing testDoRefreshCredentialSupplier(org.conjur.jenkins.configuration.ConjurConfigurationTest)] DEBUG org.eclipse.jetty.util.component.AbstractLifeCycle -- starting SymlinkAllowedResourceAliasChecker@5e93bc82{base=null,protected=null}
18:13:58.254 [Executing testDoRefreshCredentialSupplier(org.conjur.jenkins.configuration.ConjurConfigurationTest)] DEBUG org.eclipse.jetty.util.component.AbstractLifeCycle -- STARTED @11289ms SymlinkAllowedResourceAliasChecker@5e93bc82{base=null,protected=null}
18:13:58.254 [Executing testDoRefreshCredentialSupplier(org.conjur.jenkins.configuration.ConjurConfigurationTest)] DEBUG org.eclipse.jetty.util.component.AbstractLifeCycle -- starting org.eclipse.jetty.server.session.SessionHandler2020040273==dftMaxIdleSec=-1
18:13:58.254 [Executing testDoRefreshCredentialSupplier(org.conjur.jenkins.configuration.ConjurConfigurationTest)] DEBUG org.eclipse.jetty.util.component.ContainerLifeCycle -- org.eclipse.jetty.server.session.SessionHandler2020040273==dftMaxIdleSec=-1 added {org.eclipse.jetty.server.session.DefaultSessionCache@2eaf9b74[evict=-1,removeUnloadable=false,saveOnCreate=false,saveOnInactiveEvict=false],AUTO}
18:13:58.254 [Executing testDoRefreshCredentialSupplier(org.conjur.jenkins.configuration.ConjurConfigurationTest)] DEBUG org.eclipse.jetty.util.component.ContainerLifeCycle -- org.eclipse.jetty.server.session.DefaultSessionCache@2eaf9b74[evict=-1,removeUnloadable=false,saveOnCreate=false,saveOnInactiveEvict=false] added {org.eclipse.jetty.server.session.NullSessionDataStore@63773679[passivating=false,graceSec=3600],AUTO}
18:13:58.254 [Executing testDoRefreshCredentialSupplier(org.conjur.jenkins.configuration.ConjurConfigurationTest)] DEBUG org.eclipse.jetty.util.component.AbstractLifeCycle -- starting DefaultSessionIdManager@2d8b54eb{STOPPED}[worker=null]
18:13:58.254 [Executing testDoRefreshCredentialSupplier(org.conjur.jenkins.configuration.ConjurConfigurationTest)] INFO org.eclipse.jetty.server.session -- DefaultSessionIdManager workerName=node0
18:13:58.254 [Executing testDoRefreshCredentialSupplier(org.conjur.jenkins.configuration.ConjurConfigurationTest)] INFO org.eclipse.jetty.server.session -- No SessionScavenger set, using defaults
18:13:58.254 [Executing testDoRefreshCredentialSupplier(org.conjur.jenkins.configuration.ConjurConfigurationTest)] DEBUG org.eclipse.jetty.util.component.ContainerLifeCycle -- DefaultSessionIdManager@2d8b54eb{STARTING}[worker=node0] added {HouseKeeper@702b8e3b{STOPPED}[interval=600000, ownscheduler=false],MANAGED}
18:13:58.254 [Executing testDoRefreshCredentialSupplier(org.conjur.jenkins.configuration.ConjurConfigurationTest)] DEBUG org.eclipse.jetty.util.component.AbstractLifeCycle -- starting HouseKeeper@702b8e3b{STOPPED}[interval=600000, ownscheduler=false]
18:13:58.254 [Executing testDoRefreshCredentialSupplier(org.conjur.jenkins.configuration.ConjurConfigurationTest)] DEBUG org.eclipse.jetty.util.component.AbstractLifeCycle -- starting ScheduledExecutorScheduler@228ddf71{STOPPED}
18:13:58.254 [Executing testDoRefreshCredentialSupplier(org.conjur.jenkins.configuration.ConjurConfigurationTest)] DEBUG org.eclipse.jetty.util.component.AbstractLifeCycle -- STARTED @11289ms ScheduledExecutorScheduler@228ddf71{STARTED}
18:13:58.254 [Executing testDoRefreshCredentialSupplier(org.conjur.jenkins.configuration.ConjurConfigurationTest)] DEBUG org.eclipse.jetty.server.session -- Using own scheduler for scavenging
18:13:58.254 [Executing testDoRefreshCredentialSupplier(org.conjur.jenkins.configuration.ConjurConfigurationTest)] INFO org.eclipse.jetty.server.session -- node0 Scavenging every 660000ms
18:13:58.255 [Executing testDoRefreshCredentialSupplier(org.conjur.jenkins.configuration.ConjurConfigurationTest)] DEBUG org.eclipse.jetty.util.component.AbstractLifeCycle -- STARTED @11289ms HouseKeeper@702b8e3b{STARTED}[interval=660000, ownscheduler=true]
18:13:58.255 [Executing testDoRefreshCredentialSupplier(org.conjur.jenkins.configuration.ConjurConfigurationTest)] DEBUG org.eclipse.jetty.util.component.AbstractLifeCycle -- STARTED @11289ms DefaultSessionIdManager@2d8b54eb{STARTED}[worker=node0]
18:13:58.255 [Executing testDoRefreshCredentialSupplier(org.conjur.jenkins.configuration.ConjurConfigurationTest)] DEBUG org.eclipse.jetty.util.component.ContainerLifeCycle -- Server@f96475e{STARTING}[9.4.48.v20220622] added {DefaultSessionIdManager@2d8b54eb{STARTED}[worker=node0],MANAGED}
18:13:58.255 [Executing testDoRefreshCredentialSupplier(org.conjur.jenkins.configuration.ConjurConfigurationTest)] DEBUG org.eclipse.jetty.util.component.ContainerLifeCycle -- org.eclipse.jetty.server.session.SessionHandler2020040273==dftMaxIdleSec=-1 added {DefaultSessionIdManager@2d8b54eb{STARTED}[worker=node0],UNMANAGED}
18:13:58.255 [Executing testDoRefreshCredentialSupplier(org.conjur.jenkins.configuration.ConjurConfigurationTest)] DEBUG org.eclipse.jetty.util.component.AbstractLifeCycle -- starting ScheduledExecutorScheduler@f48ce42{STOPPED}
18:13:58.255 [Executing testDoRefreshCredentialSupplier(org.conjur.jenkins.configuration.ConjurConfigurationTest)] DEBUG org.eclipse.jetty.util.component.AbstractLifeCycle -- STARTED @11289ms ScheduledExecutorScheduler@f48ce42{STARTED}
18:13:58.255 [Executing testDoRefreshCredentialSupplier(org.conjur.jenkins.configuration.ConjurConfigurationTest)] DEBUG org.eclipse.jetty.server.handler.AbstractHandler -- starting org.eclipse.jetty.server.session.SessionHandler2020040273==dftMaxIdleSec=-1
18:13:58.256 [Executing testDoRefreshCredentialSupplier(org.conjur.jenkins.configuration.ConjurConfigurationTest)] DEBUG org.eclipse.jetty.util.component.AbstractLifeCycle -- starting ServletHandler@26bd2351{STOPPED}
18:13:58.256 [Executing testDoRefreshCredentialSupplier(org.conjur.jenkins.configuration.ConjurConfigurationTest)] DEBUG org.eclipse.jetty.servlet.ServletHandler -- Path=/[EMBEDDED:null] mapped to servlet=org.jvnet.hudson.test.JavaNetReverseProxy-a7fa28b[EMBEDDED:null]
18:13:58.256 [Executing testDoRefreshCredentialSupplier(org.conjur.jenkins.configuration.ConjurConfigurationTest)] DEBUG org.eclipse.jetty.http.pathmap.PathMappings -- Added MappedResource[pathSpec=ServletPathSpec@9457dcb7{/},resource=org.jvnet.hudson.test.JavaNetReverseProxy-a7fa28b==org.jvnet.hudson.test.JavaNetReverseProxy@21339fd5{jsp=null,order=-1,inst=false,async=true,src=EMBEDDED:null,STOPPED}] to PathMappings[size=1]
18:13:58.256 [Executing testDoRefreshCredentialSupplier(org.conjur.jenkins.configuration.ConjurConfigurationTest)] DEBUG org.eclipse.jetty.servlet.ServletHandler -- filterNameMap={}
18:13:58.256 [Executing testDoRefreshCredentialSupplier(org.conjur.jenkins.configuration.ConjurConfigurationTest)] DEBUG org.eclipse.jetty.servlet.ServletHandler -- pathFilters=null
18:13:58.256 [Executing testDoRefreshCredentialSupplier(org.conjur.jenkins.configuration.ConjurConfigurationTest)] DEBUG org.eclipse.jetty.servlet.ServletHandler -- servletFilterMap=null
18:13:58.256 [Executing testDoRefreshCredentialSupplier(org.conjur.jenkins.configuration.ConjurConfigurationTest)] DEBUG org.eclipse.jetty.servlet.ServletHandler -- servletPathMap=PathMappings[size=1]
18:13:58.256 [Executing testDoRefreshCredentialSupplier(org.conjur.jenkins.configuration.ConjurConfigurationTest)] DEBUG org.eclipse.jetty.servlet.ServletHandler -- servletNameMap={org.jvnet.hudson.test.JavaNetReverseProxy-a7fa28b=org.jvnet.hudson.test.JavaNetReverseProxy-a7fa28b==org.jvnet.hudson.test.JavaNetReverseProxy@21339fd5{jsp=null,order=-1,inst=false,async=true,src=EMBEDDED:null,STOPPED}}
18:13:58.256 [Executing testDoRefreshCredentialSupplier(org.conjur.jenkins.configuration.ConjurConfigurationTest)] DEBUG org.eclipse.jetty.server.handler.AbstractHandler -- starting ServletHandler@26bd2351{STARTING}
18:13:58.256 [Executing testDoRefreshCredentialSupplier(org.conjur.jenkins.configuration.ConjurConfigurationTest)] DEBUG org.eclipse.jetty.util.component.AbstractLifeCycle -- STARTED @11291ms ServletHandler@26bd2351{STARTED}
18:13:58.256 [Executing testDoRefreshCredentialSupplier(org.conjur.jenkins.configuration.ConjurConfigurationTest)] DEBUG org.eclipse.jetty.util.component.AbstractLifeCycle -- starting org.eclipse.jetty.server.session.DefaultSessionCache@2eaf9b74[evict=-1,removeUnloadable=false,saveOnCreate=false,saveOnInactiveEvict=false]
18:13:58.256 [Executing testDoRefreshCredentialSupplier(org.conjur.jenkins.configuration.ConjurConfigurationTest)] DEBUG org.eclipse.jetty.util.component.AbstractLifeCycle -- starting org.eclipse.jetty.server.session.NullSessionDataStore@63773679[passivating=false,graceSec=3600]
18:13:58.256 [Executing testDoRefreshCredentialSupplier(org.conjur.jenkins.configuration.ConjurConfigurationTest)] DEBUG org.eclipse.jetty.util.component.AbstractLifeCycle -- STARTED @11291ms org.eclipse.jetty.server.session.NullSessionDataStore@63773679[passivating=false,graceSec=3600]
18:13:58.256 [Executing testDoRefreshCredentialSupplier(org.conjur.jenkins.configuration.ConjurConfigurationTest)] DEBUG org.eclipse.jetty.util.component.AbstractLifeCycle -- STARTED @11291ms org.eclipse.jetty.server.session.DefaultSessionCache@2eaf9b74[evict=-1,removeUnloadable=false,saveOnCreate=false,saveOnInactiveEvict=false]
18:13:58.257 [Executing testDoRefreshCredentialSupplier(org.conjur.jenkins.configuration.ConjurConfigurationTest)] DEBUG org.eclipse.jetty.util.component.AbstractLifeCycle -- STARTED @11291ms org.eclipse.jetty.server.session.SessionHandler2020040273==dftMaxIdleSec=-1
18:13:58.257 [Executing testDoRefreshCredentialSupplier(org.conjur.jenkins.configuration.ConjurConfigurationTest)] DEBUG org.eclipse.jetty.util.component.AbstractLifeCycle -- starting org.jvnet.hudson.test.JavaNetReverseProxy-a7fa28b==org.jvnet.hudson.test.JavaNetReverseProxy@21339fd5{jsp=null,order=-1,inst=false,async=true,src=EMBEDDED:null,STOPPED}
18:13:58.257 [Executing testDoRefreshCredentialSupplier(org.conjur.jenkins.configuration.ConjurConfigurationTest)] DEBUG org.eclipse.jetty.util.component.AbstractLifeCycle -- STARTED @11291ms org.jvnet.hudson.test.JavaNetReverseProxy-a7fa28b==org.jvnet.hudson.test.JavaNetReverseProxy@21339fd5{jsp=null,order=-1,inst=false,async=true,src=EMBEDDED:null,STARTED}
18:13:58.257 [Executing testDoRefreshCredentialSupplier(org.conjur.jenkins.configuration.ConjurConfigurationTest)] DEBUG org.eclipse.jetty.servlet.ServletHolder -- Servlet.init null for org.jvnet.hudson.test.JavaNetReverseProxy-a7fa28b
18:13:58.257 [Executing testDoRefreshCredentialSupplier(org.conjur.jenkins.configuration.ConjurConfigurationTest)] INFO org.eclipse.jetty.server.handler.ContextHandler -- Started o.e.j.s.ServletContextHandler@4fb3380a{/,null,AVAILABLE}
18:13:58.257 [Executing testDoRefreshCredentialSupplier(org.conjur.jenkins.configuration.ConjurConfigurationTest)] DEBUG org.eclipse.jetty.util.component.AbstractLifeCycle -- STARTED @11291ms o.e.j.s.ServletContextHandler@4fb3380a{/,null,AVAILABLE}
18:13:58.257 [Executing testDoRefreshCredentialSupplier(org.conjur.jenkins.configuration.ConjurConfigurationTest)] DEBUG org.eclipse.jetty.util.component.AbstractLifeCycle -- STARTED @11291ms ContextHandlerCollection@612fa818{STARTED}
18:13:58.257 [Executing testDoRefreshCredentialSupplier(org.conjur.jenkins.configuration.ConjurConfigurationTest)] DEBUG org.eclipse.jetty.util.component.AbstractLifeCycle -- starting ErrorHandler@44e53f31{STOPPED}
18:13:58.257 [Executing testDoRefreshCredentialSupplier(org.conjur.jenkins.configuration.ConjurConfigurationTest)] DEBUG org.eclipse.jetty.server.handler.AbstractHandler -- starting ErrorHandler@44e53f31{STARTING}
18:13:58.257 [Executing testDoRefreshCredentialSupplier(org.conjur.jenkins.configuration.ConjurConfigurationTest)] DEBUG org.eclipse.jetty.util.component.AbstractLifeCycle -- STARTED @11291ms ErrorHandler@44e53f31{STARTED}
18:13:58.257 [Executing testDoRefreshCredentialSupplier(org.conjur.jenkins.configuration.ConjurConfigurationTest)] DEBUG org.eclipse.jetty.util.component.AbstractLifeCycle -- starting ServerConnector@4b8cf25b{HTTP/1.1, (http/1.1)}{0.0.0.0:0}
18:13:58.257 [Executing testDoRefreshCredentialSupplier(org.conjur.jenkins.configuration.ConjurConfigurationTest)] DEBUG org.eclipse.jetty.util.component.ContainerLifeCycle -- ServerConnector@4b8cf25b{HTTP/1.1, (http/1.1)}{0.0.0.0:51395} added {sun.nio.ch.ServerSocketChannelImpl[/[0:0:0:0:0:0:0:0]:51395],POJO}
18:13:58.257 [Executing testDoRefreshCredentialSupplier(org.conjur.jenkins.configuration.ConjurConfigurationTest)] DEBUG org.eclipse.jetty.util.component.AbstractLifeCycle -- starting ScheduledExecutorScheduler@3c106a5b{STOPPED}
18:13:58.257 [Executing testDoRefreshCredentialSupplier(org.conjur.jenkins.configuration.ConjurConfigurationTest)] DEBUG org.eclipse.jetty.util.component.AbstractLifeCycle -- STARTED @11292ms ScheduledExecutorScheduler@3c106a5b{STARTED}
18:13:58.257 [Executing testDoRefreshCredentialSupplier(org.conjur.jenkins.configuration.ConjurConfigurationTest)] DEBUG org.eclipse.jetty.util.component.AbstractLifeCycle -- starting HttpConnectionFactory@4633b57c[HTTP/1.1]
18:13:58.257 [Executing testDoRefreshCredentialSupplier(org.conjur.jenkins.configuration.ConjurConfigurationTest)] DEBUG org.eclipse.jetty.util.component.AbstractLifeCycle -- STARTED @11292ms HttpConnectionFactory@4633b57c[HTTP/1.1]
18:13:58.257 [Executing testDoRefreshCredentialSupplier(org.conjur.jenkins.configuration.ConjurConfigurationTest)] DEBUG org.eclipse.jetty.util.component.AbstractLifeCycle -- starting SelectorManager@ServerConnector@4b8cf25b{HTTP/1.1, (http/1.1)}{0.0.0.0:51395}
18:13:58.257 [Executing testDoRefreshCredentialSupplier(org.conjur.jenkins.configuration.ConjurConfigurationTest)] DEBUG org.eclipse.jetty.util.component.ContainerLifeCycle -- EatWhatYouKill@23bec3c6/SelectorProducer@6f84f697/IDLE/p=false/QueuedThreadPool[Jetty (JavaNetReverseProxy)]@8beaf4{STARTED,8<=8<=200,i=8,r=-1,q=0}[ReservedThreadExecutor@68d703dc{reserved=0/16,pending=0}][pc=0,pic=0,pec=0,epc=0]@2024-10-22T18:13:58.257816+05:30 added {SelectorProducer@6f84f697,POJO}
18:13:58.257 [Executing testDoRefreshCredentialSupplier(org.conjur.jenkins.configuration.ConjurConfigurationTest)] DEBUG org.eclipse.jetty.util.component.ContainerLifeCycle -- EatWhatYouKill@23bec3c6/SelectorProducer@6f84f697/IDLE/p=false/QueuedThreadPool[Jetty (JavaNetReverseProxy)]@8beaf4{STARTED,8<=8<=200,i=8,r=-1,q=0}[ReservedThreadExecutor@68d703dc{reserved=0/16,pending=0}][pc=0,pic=0,pec=0,epc=0]@2024-10-22T18:13:58.257918+05:30 added {QueuedThreadPool[Jetty (JavaNetReverseProxy)]@8beaf4{STARTED,8<=8<=200,i=8,r=-1,q=0}[ReservedThreadExecutor@68d703dc{reserved=0/16,pending=0}],UNMANAGED}
18:13:58.258 [Executing testDoRefreshCredentialSupplier(org.conjur.jenkins.configuration.ConjurConfigurationTest)] DEBUG org.eclipse.jetty.util.thread.strategy.EatWhatYouKill -- EatWhatYouKill@23bec3c6/SelectorProducer@6f84f697/IDLE/p=false/QueuedThreadPool[Jetty (JavaNetReverseProxy)]@8beaf4{STARTED,8<=8<=200,i=8,r=-1,q=0}[ReservedThreadExecutor@68d703dc{reserved=0/16,pending=0}][pc=0,pic=0,pec=0,epc=0]@2024-10-22T18:13:58.258+05:30 created
18:13:58.258 [Executing testDoRefreshCredentialSupplier(org.conjur.jenkins.configuration.ConjurConfigurationTest)] DEBUG org.eclipse.jetty.util.component.ContainerLifeCycle -- ManagedSelector@87d2c19{STOPPED} id=0 keys=-1 selected=-1 updates=0 added {EatWhatYouKill@23bec3c6/SelectorProducer@6f84f697/IDLE/p=false/QueuedThreadPool[Jetty (JavaNetReverseProxy)]@8beaf4{STARTED,8<=8<=200,i=8,r=-1,q=0}[ReservedThreadExecutor@68d703dc{reserved=0/16,pending=0}][pc=0,pic=0,pec=0,epc=0]@2024-10-22T18:13:58.258085+05:30,MANAGED}
18:13:58.258 [Executing testDoRefreshCredentialSupplier(org.conjur.jenkins.configuration.ConjurConfigurationTest)] DEBUG org.eclipse.jetty.util.component.ContainerLifeCycle -- SelectorManager@ServerConnector@4b8cf25b{HTTP/1.1, (http/1.1)}{0.0.0.0:51395} added {ManagedSelector@87d2c19{STOPPED} id=0 keys=-1 selected=-1 updates=0,AUTO}
18:13:58.258 [Executing testDoRefreshCredentialSupplier(org.conjur.jenkins.configuration.ConjurConfigurationTest)] DEBUG org.eclipse.jetty.util.component.ContainerLifeCycle -- EatWhatYouKill@410ec98a/SelectorProducer@14fb929e/IDLE/p=false/QueuedThreadPool[Jetty (JavaNetReverseProxy)]@8beaf4{STARTED,8<=8<=200,i=8,r=-1,q=0}[ReservedThreadExecutor@68d703dc{reserved=0/16,pending=0}][pc=0,pic=0,pec=0,epc=0]@2024-10-22T18:13:58.258197+05:30 added {SelectorProducer@14fb929e,POJO}
18:13:58.258 [Executing testDoRefreshCredentialSupplier(org.conjur.jenkins.configuration.ConjurConfigurationTest)] DEBUG org.eclipse.jetty.util.component.ContainerLifeCycle -- EatWhatYouKill@410ec98a/SelectorProducer@14fb929e/IDLE/p=false/QueuedThreadPool[Jetty (JavaNetReverseProxy)]@8beaf4{STARTED,8<=8<=200,i=8,r=-1,q=0}[ReservedThreadExecutor@68d703dc{reserved=0/16,pending=0}][pc=0,pic=0,pec=0,epc=0]@2024-10-22T18:13:58.258252+05:30 added {QueuedThreadPool[Jetty (JavaNetReverseProxy)]@8beaf4{STARTED,8<=8<=200,i=8,r=-1,q=0}[ReservedThreadExecutor@68d703dc{reserved=0/16,pending=0}],UNMANAGED}
18:13:58.258 [Executing testDoRefreshCredentialSupplier(org.conjur.jenkins.configuration.ConjurConfigurationTest)] DEBUG org.eclipse.jetty.util.thread.strategy.EatWhatYouKill -- EatWhatYouKill@410ec98a/SelectorProducer@14fb929e/IDLE/p=false/QueuedThreadPool[Jetty (JavaNetReverseProxy)]@8beaf4{STARTED,8<=8<=200,i=8,r=-1,q=0}[ReservedThreadExecutor@68d703dc{reserved=0/16,pending=0}][pc=0,pic=0,pec=0,epc=0]@2024-10-22T18:13:58.258316+05:30 created
18:13:58.258 [Executing testDoRefreshCredentialSupplier(org.conjur.jenkins.configuration.ConjurConfigurationTest)] DEBUG org.eclipse.jetty.util.component.ContainerLifeCycle -- ManagedSelector@5c03eed8{STOPPED} id=1 keys=-1 selected=-1 updates=0 added {EatWhatYouKill@410ec98a/SelectorProducer@14fb929e/IDLE/p=false/QueuedThreadPool[Jetty (JavaNetReverseProxy)]@8beaf4{STARTED,8<=8<=200,i=8,r=-1,q=0}[ReservedThreadExecutor@68d703dc{reserved=0/16,pending=0}][pc=0,pic=0,pec=0,epc=0]@2024-10-22T18:13:58.258384+05:30,MANAGED}
18:13:58.258 [Executing testDoRefreshCredentialSupplier(org.conjur.jenkins.configuration.ConjurConfigurationTest)] DEBUG org.eclipse.jetty.util.component.ContainerLifeCycle -- SelectorManager@ServerConnector@4b8cf25b{HTTP/1.1, (http/1.1)}{0.0.0.0:51395} added {ManagedSelector@5c03eed8{STOPPED} id=1 keys=-1 selected=-1 updates=0,AUTO}
18:13:58.258 [Executing testDoRefreshCredentialSupplier(org.conjur.jenkins.configuration.ConjurConfigurationTest)] DEBUG org.eclipse.jetty.util.component.ContainerLifeCycle -- EatWhatYouKill@3dff0ca5/SelectorProducer@a8ad009/IDLE/p=false/QueuedThreadPool[Jetty (JavaNetReverseProxy)]@8beaf4{STARTED,8<=8<=200,i=8,r=-1,q=0}[ReservedThreadExecutor@68d703dc{reserved=0/16,pending=0}][pc=0,pic=0,pec=0,epc=0]@2024-10-22T18:13:58.258488+05:30 added {SelectorProducer@a8ad009,POJO}
18:13:58.258 [Executing testDoRefreshCredentialSupplier(org.conjur.jenkins.configuration.ConjurConfigurationTest)] DEBUG org.eclipse.jetty.util.component.ContainerLifeCycle -- EatWhatYouKill@3dff0ca5/SelectorProducer@a8ad009/IDLE/p=false/QueuedThreadPool[Jetty (JavaNetReverseProxy)]@8beaf4{STARTED,8<=8<=200,i=8,r=-1,q=0}[ReservedThreadExecutor@68d703dc{reserved=0/16,pending=0}][pc=0,pic=0,pec=0,epc=0]@2024-10-22T18:13:58.258546+05:30 added {QueuedThreadPool[Jetty (JavaNetReverseProxy)]@8beaf4{STARTED,8<=8<=200,i=8,r=-1,q=0}[ReservedThreadExecutor@68d703dc{reserved=0/16,pending=0}],UNMANAGED}
18:13:58.258 [Executing testDoRefreshCredentialSupplier(org.conjur.jenkins.configuration.ConjurConfigurationTest)] DEBUG org.eclipse.jetty.util.thread.strategy.EatWhatYouKill -- EatWhatYouKill@3dff0ca5/SelectorProducer@a8ad009/IDLE/p=false/QueuedThreadPool[Jetty (JavaNetReverseProxy)]@8beaf4{STARTED,8<=8<=200,i=8,r=-1,q=0}[ReservedThreadExecutor@68d703dc{reserved=0/16,pending=0}][pc=0,pic=0,pec=0,epc=0]@2024-10-22T18:13:58.258662+05:30 created
18:13:58.258 [Executing testDoRefreshCredentialSupplier(org.conjur.jenkins.configuration.ConjurConfigurationTest)] DEBUG org.eclipse.jetty.util.component.ContainerLifeCycle -- ManagedSelector@422ddca4{STOPPED} id=2 keys=-1 selected=-1 updates=0 added {EatWhatYouKill@3dff0ca5/SelectorProducer@a8ad009/IDLE/p=false/QueuedThreadPool[Jetty (JavaNetReverseProxy)]@8beaf4{STARTED,8<=8<=200,i=8,r=-1,q=0}[ReservedThreadExecutor@68d703dc{reserved=0/16,pending=0}][pc=0,pic=0,pec=0,epc=0]@2024-10-22T18:13:58.258731+05:30,MANAGED}
18:13:58.258 [Executing testDoRefreshCredentialSupplier(org.conjur.jenkins.configuration.ConjurConfigurationTest)] DEBUG org.eclipse.jetty.util.component.ContainerLifeCycle -- SelectorManager@ServerConnector@4b8cf25b{HTTP/1.1, (http/1.1)}{0.0.0.0:51395} added {ManagedSelector@422ddca4{STOPPED} id=2 keys=-1 selected=-1 updates=0,AUTO}
18:13:58.258 [Executing testDoRefreshCredentialSupplier(org.conjur.jenkins.configuration.ConjurConfigurationTest)] DEBUG org.eclipse.jetty.util.component.ContainerLifeCycle -- EatWhatYouKill@19b9f17/SelectorProducer@44c421a5/IDLE/p=false/QueuedThreadPool[Jetty (JavaNetReverseProxy)]@8beaf4{STARTED,8<=8<=200,i=8,r=-1,q=0}[ReservedThreadExecutor@68d703dc{reserved=0/16,pending=0}][pc=0,pic=0,pec=0,epc=0]@2024-10-22T18:13:58.258831+05:30 added {SelectorProducer@44c421a5,POJO}
18:13:58.258 [Executing testDoRefreshCredentialSupplier(org.conjur.jenkins.configuration.ConjurConfigurationTest)] DEBUG org.eclipse.jetty.util.component.ContainerLifeCycle -- EatWhatYouKill@19b9f17/SelectorProducer@44c421a5/IDLE/p=false/QueuedThreadPool[Jetty (JavaNetReverseProxy)]@8beaf4{STARTED,8<=8<=200,i=8,r=-1,q=0}[ReservedThreadExecutor@68d703dc{reserved=0/16,pending=0}][pc=0,pic=0,pec=0,epc=0]@2024-10-22T18:13:58.25891+05:30 added {QueuedThreadPool[Jetty (JavaNetReverseProxy)]@8beaf4{STARTED,8<=8<=200,i=8,r=-1,q=0}[ReservedThreadExecutor@68d703dc{reserved=0/16,pending=0}],UNMANAGED}
18:13:58.258 [Executing testDoRefreshCredentialSupplier(org.conjur.jenkins.configuration.ConjurConfigurationTest)] DEBUG org.eclipse.jetty.util.thread.strategy.EatWhatYouKill -- EatWhatYouKill@19b9f17/SelectorProducer@44c421a5/IDLE/p=false/QueuedThreadPool[Jetty (JavaNetReverseProxy)]@8beaf4{STARTED,8<=8<=200,i=8,r=-1,q=0}[ReservedThreadExecutor@68d703dc{reserved=0/16,pending=0}][pc=0,pic=0,pec=0,epc=0]@2024-10-22T18:13:58.258977+05:30 created
18:13:58.259 [Executing testDoRefreshCredentialSupplier(org.conjur.jenkins.configuration.ConjurConfigurationTest)] DEBUG org.eclipse.jetty.util.component.ContainerLifeCycle -- ManagedSelector@1892abac{STOPPED} id=3 keys=-1 selected=-1 updates=0 added {EatWhatYouKill@19b9f17/SelectorProducer@44c421a5/IDLE/p=false/QueuedThreadPool[Jetty (JavaNetReverseProxy)]@8beaf4{STARTED,8<=8<=200,i=8,r=-1,q=0}[ReservedThreadExecutor@68d703dc{reserved=0/16,pending=0}][pc=0,pic=0,pec=0,epc=0]@2024-10-22T18:13:58.259049+05:30,MANAGED}
18:13:58.259 [Executing testDoRefreshCredentialSupplier(org.conjur.jenkins.configuration.ConjurConfigurationTest)] DEBUG org.eclipse.jetty.util.component.ContainerLifeCycle -- SelectorManager@ServerConnector@4b8cf25b{HTTP/1.1, (http/1.1)}{0.0.0.0:51395} added {ManagedSelector@1892abac{STOPPED} id=3 keys=-1 selected=-1 updates=0,AUTO}
18:13:58.259 [Executing testDoRefreshCredentialSupplier(org.conjur.jenkins.configuration.ConjurConfigurationTest)] DEBUG org.eclipse.jetty.util.component.ContainerLifeCycle -- EatWhatYouKill@34f68ce6/SelectorProducer@6948ce48/IDLE/p=false/QueuedThreadPool[Jetty (JavaNetReverseProxy)]@8beaf4{STARTED,8<=8<=200,i=8,r=-1,q=0}[ReservedThreadExecutor@68d703dc{reserved=0/16,pending=0}][pc=0,pic=0,pec=0,epc=0]@2024-10-22T18:13:58.259159+05:30 added {SelectorProducer@6948ce48,POJO}
18:13:58.259 [Executing testDoRefreshCredentialSupplier(org.conjur.jenkins.configuration.ConjurConfigurationTest)] DEBUG org.eclipse.jetty.util.component.ContainerLifeCycle -- EatWhatYouKill@34f68ce6/SelectorProducer@6948ce48/IDLE/p=false/QueuedThreadPool[Jetty (JavaNetReverseProxy)]@8beaf4{STARTED,8<=8<=200,i=8,r=-1,q=0}[ReservedThreadExecutor@68d703dc{reserved=0/16,pending=0}][pc=0,pic=0,pec=0,epc=0]@2024-10-22T18:13:58.259213+05:30 added {QueuedThreadPool[Jetty (JavaNetReverseProxy)]@8beaf4{STARTED,8<=8<=200,i=8,r=-1,q=0}[ReservedThreadExecutor@68d703dc{reserved=0/16,pending=0}],UNMANAGED}
18:13:58.259 [Executing testDoRefreshCredentialSupplier(org.conjur.jenkins.configuration.ConjurConfigurationTest)] DEBUG org.eclipse.jetty.util.thread.strategy.EatWhatYouKill -- EatWhatYouKill@34f68ce6/SelectorProducer@6948ce48/IDLE/p=false/QueuedThreadPool[Jetty (JavaNetReverseProxy)]@8beaf4{STARTED,8<=8<=200,i=8,r=-1,q=0}[ReservedThreadExecutor@68d703dc{reserved=0/16,pending=0}][pc=0,pic=0,pec=0,epc=0]@2024-10-22T18:13:58.25928+05:30 created
18:13:58.259 [Executing testDoRefreshCredentialSupplier(org.conjur.jenkins.configuration.ConjurConfigurationTest)] DEBUG org.eclipse.jetty.util.component.ContainerLifeCycle -- ManagedSelector@c6413cd{STOPPED} id=4 keys=-1 selected=-1 updates=0 added {EatWhatYouKill@34f68ce6/SelectorProducer@6948ce48/IDLE/p=false/QueuedThreadPool[Jetty (JavaNetReverseProxy)]@8beaf4{STARTED,8<=8<=200,i=8,r=-1,q=0}[ReservedThreadExecutor@68d703dc{reserved=0/16,pending=0}][pc=0,pic=0,pec=0,epc=0]@2024-10-22T18:13:58.259357+05:30,MANAGED}
18:13:58.259 [Executing testDoRefreshCredentialSupplier(org.conjur.jenkins.configuration.ConjurConfigurationTest)] DEBUG org.eclipse.jetty.util.component.ContainerLifeCycle -- SelectorManager@ServerConnector@4b8cf25b{HTTP/1.1, (http/1.1)}{0.0.0.0:51395} added {ManagedSelector@c6413cd{STOPPED} id=4 keys=-1 selected=-1 updates=0,AUTO}
18:13:58.259 [Executing testDoRefreshCredentialSupplier(org.conjur.jenkins.configuration.ConjurConfigurationTest)] DEBUG org.eclipse.jetty.util.component.ContainerLifeCycle -- EatWhatYouKill@1a61626/SelectorProducer@1b73b48/IDLE/p=false/QueuedThreadPool[Jetty (JavaNetReverseProxy)]@8beaf4{STARTED,8<=8<=200,i=8,r=-1,q=0}[ReservedThreadExecutor@68d703dc{reserved=0/16,pending=0}][pc=0,pic=0,pec=0,epc=0]@2024-10-22T18:13:58.259452+05:30 added {SelectorProducer@1b73b48,POJO}
18:13:58.259 [Executing testDoRefreshCredentialSupplier(org.conjur.jenkins.configuration.ConjurConfigurationTest)] DEBUG org.eclipse.jetty.util.component.ContainerLifeCycle -- EatWhatYouKill@1a61626/SelectorProducer@1b73b48/IDLE/p=false/QueuedThreadPool[Jetty (JavaNetReverseProxy)]@8beaf4{STARTED,8<=8<=200,i=8,r=-1,q=0}[ReservedThreadExecutor@68d703dc{reserved=0/16,pending=0}][pc=0,pic=0,pec=0,epc=0]@2024-10-22T18:13:58.259507+05:30 added {QueuedThreadPool[Jetty (JavaNetReverseProxy)]@8beaf4{STARTED,8<=8<=200,i=8,r=-1,q=0}[ReservedThreadExecutor@68d703dc{reserved=0/16,pending=0}],UNMANAGED}
18:13:58.259 [Executing testDoRefreshCredentialSupplier(org.conjur.jenkins.configuration.ConjurConfigurationTest)] DEBUG org.eclipse.jetty.util.thread.strategy.EatWhatYouKill -- EatWhatYouKill@1a61626/SelectorProducer@1b73b48/IDLE/p=false/QueuedThreadPool[Jetty (JavaNetReverseProxy)]@8beaf4{STARTED,8<=8<=200,i=8,r=-1,q=0}[ReservedThreadExecutor@68d703dc{reserved=0/16,pending=0}][pc=0,pic=0,pec=0,epc=0]@2024-10-22T18:13:58.259568+05:30 created
18:13:58.259 [Executing testDoRefreshCredentialSupplier(org.conjur.jenkins.configuration.ConjurConfigurationTest)] DEBUG org.eclipse.jetty.util.component.ContainerLifeCycle -- ManagedSelector@2e229fb8{STOPPED} id=5 keys=-1 selected=-1 updates=0 added {EatWhatYouKill@1a61626/SelectorProducer@1b73b48/IDLE/p=false/QueuedThreadPool[Jetty (JavaNetReverseProxy)]@8beaf4{STARTED,8<=8<=200,i=8,r=-1,q=0}[ReservedThreadExecutor@68d703dc{reserved=0/16,pending=0}][pc=0,pic=0,pec=0,epc=0]@2024-10-22T18:13:58.259626+05:30,MANAGED}
18:13:58.259 [Executing testDoRefreshCredentialSupplier(org.conjur.jenkins.configuration.ConjurConfigurationTest)] DEBUG org.eclipse.jetty.util.component.ContainerLifeCycle -- SelectorManager@ServerConnector@4b8cf25b{HTTP/1.1, (http/1.1)}{0.0.0.0:51395} added {ManagedSelector@2e229fb8{STOPPED} id=5 keys=-1 selected=-1 updates=0,AUTO}
18:13:58.259 [Executing testDoRefreshCredentialSupplier(org.conjur.jenkins.configuration.ConjurConfigurationTest)] DEBUG org.eclipse.jetty.util.component.ContainerLifeCycle -- EatWhatYouKill@2f41bca/SelectorProducer@33d22a94/IDLE/p=false/QueuedThreadPool[Jetty (JavaNetReverseProxy)]@8beaf4{STARTED,8<=8<=200,i=8,r=-1,q=0}[ReservedThreadExecutor@68d703dc{reserved=0/16,pending=0}][pc=0,pic=0,pec=0,epc=0]@2024-10-22T18:13:58.259716+05:30 added {SelectorProducer@33d22a94,POJO}
18:13:58.259 [Executing testDoRefreshCredentialSupplier(org.conjur.jenkins.configuration.ConjurConfigurationTest)] DEBUG org.eclipse.jetty.util.component.ContainerLifeCycle -- EatWhatYouKill@2f41bca/SelectorProducer@33d22a94/IDLE/p=false/QueuedThreadPool[Jetty (JavaNetReverseProxy)]@8beaf4{STARTED,8<=8<=200,i=8,r=-1,q=0}[ReservedThreadExecutor@68d703dc{reserved=0/16,pending=0}][pc=0,pic=0,pec=0,epc=0]@2024-10-22T18:13:58.259768+05:30 added {QueuedThreadPool[Jetty (JavaNetReverseProxy)]@8beaf4{STARTED,8<=8<=200,i=8,r=-1,q=0}[ReservedThreadExecutor@68d703dc{reserved=0/16,pending=0}],UNMANAGED}
18:13:58.259 [Executing testDoRefreshCredentialSupplier(org.conjur.jenkins.configuration.ConjurConfigurationTest)] DEBUG org.eclipse.jetty.util.thread.strategy.EatWhatYouKill -- EatWhatYouKill@2f41bca/SelectorProducer@33d22a94/IDLE/p=false/QueuedThreadPool[Jetty (JavaNetReverseProxy)]@8beaf4{STARTED,8<=8<=200,i=8,r=-1,q=0}[ReservedThreadExecutor@68d703dc{reserved=0/16,pending=0}][pc=0,pic=0,pec=0,epc=0]@2024-10-22T18:13:58.259826+05:30 created
18:13:58.259 [Executing testDoRefreshCredentialSupplier(org.conjur.jenkins.configuration.ConjurConfigurationTest)] DEBUG org.eclipse.jetty.util.component.ContainerLifeCycle -- ManagedSelector@b873add{STOPPED} id=6 keys=-1 selected=-1 updates=0 added {EatWhatYouKill@2f41bca/SelectorProducer@33d22a94/IDLE/p=false/QueuedThreadPool[Jetty (JavaNetReverseProxy)]@8beaf4{STARTED,8<=8<=200,i=8,r=-1,q=0}[ReservedThreadExecutor@68d703dc{reserved=0/16,pending=0}][pc=0,pic=0,pec=0,epc=0]@2024-10-22T18:13:58.259886+05:30,MANAGED}
18:13:58.259 [Executing testDoRefreshCredentialSupplier(org.conjur.jenkins.configuration.ConjurConfigurationTest)] DEBUG org.eclipse.jetty.util.component.ContainerLifeCycle -- SelectorManager@ServerConnector@4b8cf25b{HTTP/1.1, (http/1.1)}{0.0.0.0:51395} added {ManagedSelector@b873add{STOPPED} id=6 keys=-1 selected=-1 updates=0,AUTO}
18:13:58.259 [Executing testDoRefreshCredentialSupplier(org.conjur.jenkins.configuration.ConjurConfigurationTest)] DEBUG org.eclipse.jetty.util.component.ContainerLifeCycle -- EatWhatYouKill@3162bb4a/SelectorProducer@13eadce7/IDLE/p=false/QueuedThreadPool[Jetty (JavaNetReverseProxy)]@8beaf4{STARTED,8<=8<=200,i=8,r=-1,q=0}[ReservedThreadExecutor@68d703dc{reserved=0/16,pending=0}][pc=0,pic=0,pec=0,epc=0]@2024-10-22T18:13:58.259976+05:30 added {SelectorProducer@13eadce7,POJO}
18:13:58.260 [Executing testDoRefreshCredentialSupplier(org.conjur.jenkins.configuration.ConjurConfigurationTest)] DEBUG org.eclipse.jetty.util.component.ContainerLifeCycle -- EatWhatYouKill@3162bb4a/SelectorProducer@13eadce7/IDLE/p=false/QueuedThreadPool[Jetty (JavaNetReverseProxy)]@8beaf4{STARTED,8<=8<=200,i=8,r=-1,q=0}[ReservedThreadExecutor@68d703dc{reserved=0/16,pending=0}][pc=0,pic=0,pec=0,epc=0]@2024-10-22T18:13:58.260028+05:30 added {QueuedThreadPool[Jetty (JavaNetReverseProxy)]@8beaf4{STARTED,8<=8<=200,i=8,r=-1,q=0}[ReservedThreadExecutor@68d703dc{reserved=0/16,pending=0}],UNMANAGED}
18:13:58.260 [Executing testDoRefreshCredentialSupplier(org.conjur.jenkins.configuration.ConjurConfigurationTest)] DEBUG org.eclipse.jetty.util.thread.strategy.EatWhatYouKill -- EatWhatYouKill@3162bb4a/SelectorProducer@13eadce7/IDLE/p=false/QueuedThreadPool[Jetty (JavaNetReverseProxy)]@8beaf4{STARTED,8<=8<=200,i=8,r=-1,q=0}[ReservedThreadExecutor@68d703dc{reserved=0/16,pending=0}][pc=0,pic=0,pec=0,epc=0]@2024-10-22T18:13:58.260106+05:30 created
18:13:58.260 [Executing testDoRefreshCredentialSupplier(org.conjur.jenkins.configuration.ConjurConfigurationTest)] DEBUG org.eclipse.jetty.util.component.ContainerLifeCycle -- ManagedSelector@31cec284{STOPPED} id=7 keys=-1 selected=-1 updates=0 added {EatWhatYouKill@3162bb4a/SelectorProducer@13eadce7/IDLE/p=false/QueuedThreadPool[Jetty (JavaNetReverseProxy)]@8beaf4{STARTED,8<=8<=200,i=8,r=-1,q=0}[ReservedThreadExecutor@68d703dc{reserved=0/16,pending=0}][pc=0,pic=0,pec=0,epc=0]@2024-10-22T18:13:58.260167+05:30,MANAGED}
18:13:58.260 [Executing testDoRefreshCredentialSupplier(org.conjur.jenkins.configuration.ConjurConfigurationTest)] DEBUG org.eclipse.jetty.util.component.ContainerLifeCycle -- SelectorManager@ServerConnector@4b8cf25b{HTTP/1.1, (http/1.1)}{0.0.0.0:51395} added {ManagedSelector@31cec284{STOPPED} id=7 keys=-1 selected=-1 updates=0,AUTO}
18:13:58.260 [Executing testDoRefreshCredentialSupplier(org.conjur.jenkins.configuration.ConjurConfigurationTest)] DEBUG org.eclipse.jetty.util.component.AbstractLifeCycle -- starting ManagedSelector@87d2c19{STOPPED} id=0 keys=-1 selected=-1 updates=0
18:13:58.260 [Executing testDoRefreshCredentialSupplier(org.conjur.jenkins.configuration.ConjurConfigurationTest)] DEBUG org.eclipse.jetty.util.component.AbstractLifeCycle -- starting EatWhatYouKill@23bec3c6/SelectorProducer@6f84f697/IDLE/p=false/QueuedThreadPool[Jetty (JavaNetReverseProxy)]@8beaf4{STARTED,8<=8<=200,i=8,r=-1,q=0}[ReservedThreadExecutor@68d703dc{reserved=0/16,pending=0}][pc=0,pic=0,pec=0,epc=0]@2024-10-22T18:13:58.260276+05:30
18:13:58.260 [Executing testDoRefreshCredentialSupplier(org.conjur.jenkins.configuration.ConjurConfigurationTest)] DEBUG org.eclipse.jetty.util.component.AbstractLifeCycle -- STARTED @11294ms EatWhatYouKill@23bec3c6/SelectorProducer@6f84f697/IDLE/p=false/QueuedThreadPool[Jetty (JavaNetReverseProxy)]@8beaf4{STARTED,8<=8<=200,i=8,r=-1,q=0}[ReservedThreadExecutor@68d703dc{reserved=0/16,pending=0}][pc=0,pic=0,pec=0,epc=0]@2024-10-22T18:13:58.260331+05:30
18:13:58.260 [Executing testDoRefreshCredentialSupplier(org.conjur.jenkins.configuration.ConjurConfigurationTest)] DEBUG org.eclipse.jetty.util.thread.QueuedThreadPool -- queue org.eclipse.jetty.io.ManagedSelector$$Lambda$424/0x00000001403325e0@3ad47b2 startThread=0
18:13:58.260 [Executing testDoRefreshCredentialSupplier(org.conjur.jenkins.configuration.ConjurConfigurationTest)] DEBUG org.eclipse.jetty.io.ManagedSelector -- Queued change lazy=false org.eclipse.jetty.io.ManagedSelector$Start@27311466 on ManagedSelector@87d2c19{STARTING} id=0 keys=0 selected=0 updates=0
18:13:58.260 [Jetty (JavaNetReverseProxy)-90] DEBUG org.eclipse.jetty.util.thread.QueuedThreadPool -- run org.eclipse.jetty.io.ManagedSelector$$Lambda$424/0x00000001403325e0@3ad47b2 in QueuedThreadPool[Jetty (JavaNetReverseProxy)]@8beaf4{STARTED,8<=8<=200,i=7,r=-1,q=0}[ReservedThreadExecutor@68d703dc{reserved=0/16,pending=0}]
18:13:58.260 [Jetty (JavaNetReverseProxy)-90] DEBUG org.eclipse.jetty.util.thread.strategy.EatWhatYouKill -- EatWhatYouKill@23bec3c6/SelectorProducer@6f84f697/IDLE/p=false/QueuedThreadPool[Jetty (JavaNetReverseProxy)]@8beaf4{STARTED,8<=8<=200,i=7,r=-1,q=0}[ReservedThreadExecutor@68d703dc{reserved=0/16,pending=0}][pc=0,pic=0,pec=0,epc=0]@2024-10-22T18:13:58.260497+05:30 tryProduce false
18:13:58.260 [Jetty (JavaNetReverseProxy)-90] DEBUG org.eclipse.jetty.io.ManagedSelector -- updateable 1
18:13:58.260 [Jetty (JavaNetReverseProxy)-90] DEBUG org.eclipse.jetty.io.ManagedSelector -- update org.eclipse.jetty.io.ManagedSelector$Start@27311466
18:13:58.260 [Jetty (JavaNetReverseProxy)-90] DEBUG org.eclipse.jetty.io.ManagedSelector -- updates 0
18:13:58.260 [Jetty (JavaNetReverseProxy)-90] DEBUG org.eclipse.jetty.io.ManagedSelector -- Selector sun.nio.ch.KQueueSelectorImpl@76fef60f waiting with 0 keys
18:13:58.260 [Executing testDoRefreshCredentialSupplier(org.conjur.jenkins.configuration.ConjurConfigurationTest)] DEBUG org.eclipse.jetty.util.component.AbstractLifeCycle -- STARTED @11295ms ManagedSelector@87d2c19{STARTED} id=0 keys=0 selected=0 updates=0
18:13:58.260 [Executing testDoRefreshCredentialSupplier(org.conjur.jenkins.configuration.ConjurConfigurationTest)] DEBUG org.eclipse.jetty.util.component.AbstractLifeCycle -- starting ManagedSelector@5c03eed8{STOPPED} id=1 keys=-1 selected=-1 updates=0
18:13:58.260 [Executing testDoRefreshCredentialSupplier(org.conjur.jenkins.configuration.ConjurConfigurationTest)] DEBUG org.eclipse.jetty.util.component.AbstractLifeCycle -- starting EatWhatYouKill@410ec98a/SelectorProducer@14fb929e/IDLE/p=false/QueuedThreadPool[Jetty (JavaNetReverseProxy)]@8beaf4{STARTED,8<=8<=200,i=7,r=-1,q=0}[ReservedThreadExecutor@68d703dc{reserved=0/16,pending=0}][pc=0,pic=0,pec=0,epc=0]@2024-10-22T18:13:58.260695+05:30
18:13:58.260 [Executing testDoRefreshCredentialSupplier(org.conjur.jenkins.configuration.ConjurConfigurationTest)] DEBUG org.eclipse.jetty.util.component.AbstractLifeCycle -- STARTED @11295ms EatWhatYouKill@410ec98a/SelectorProducer@14fb929e/IDLE/p=false/QueuedThreadPool[Jetty (JavaNetReverseProxy)]@8beaf4{STARTED,8<=8<=200,i=7,r=-1,q=0}[ReservedThreadExecutor@68d703dc{reserved=0/16,pending=0}][pc=0,pic=0,pec=0,epc=0]@2024-10-22T18:13:58.260751+05:30
18:13:58.260 [Executing testDoRefreshCredentialSupplier(org.conjur.jenkins.configuration.ConjurConfigurationTest)] DEBUG org.eclipse.jetty.util.thread.QueuedThreadPool -- queue org.eclipse.jetty.io.ManagedSelector$$Lambda$424/0x00000001403325e0@62f9f983 startThread=0
18:13:58.260 [Executing testDoRefreshCredentialSupplier(org.conjur.jenkins.configuration.ConjurConfigurationTest)] DEBUG org.eclipse.jetty.io.ManagedSelector -- Queued change lazy=false org.eclipse.jetty.io.ManagedSelector$Start@2564ddba on ManagedSelector@5c03eed8{STARTING} id=1 keys=0 selected=0 updates=0
18:13:58.260 [Jetty (JavaNetReverseProxy)-91] DEBUG org.eclipse.jetty.util.thread.QueuedThreadPool -- run org.eclipse.jetty.io.ManagedSelector$$Lambda$424/0x00000001403325e0@62f9f983 in QueuedThreadPool[Jetty (JavaNetReverseProxy)]@8beaf4{STARTED,8<=8<=200,i=6,r=-1,q=0}[ReservedThreadExecutor@68d703dc{reserved=0/16,pending=0}]
18:13:58.260 [Jetty (JavaNetReverseProxy)-91] DEBUG org.eclipse.jetty.util.thread.strategy.EatWhatYouKill -- EatWhatYouKill@410ec98a/SelectorProducer@14fb929e/IDLE/p=false/QueuedThreadPool[Jetty (JavaNetReverseProxy)]@8beaf4{STARTED,8<=8<=200,i=6,r=-1,q=0}[ReservedThreadExecutor@68d703dc{reserved=0/16,pending=0}][pc=0,pic=0,pec=0,epc=0]@2024-10-22T18:13:58.260964+05:30 tryProduce false
18:13:58.261 [Jetty (JavaNetReverseProxy)-91] DEBUG org.eclipse.jetty.io.ManagedSelector -- updateable 1
18:13:58.261 [Jetty (JavaNetReverseProxy)-91] DEBUG org.eclipse.jetty.io.ManagedSelector -- update org.eclipse.jetty.io.ManagedSelector$Start@2564ddba
18:13:58.261 [Jetty (JavaNetReverseProxy)-91] DEBUG org.eclipse.jetty.io.ManagedSelector -- updates 0
18:13:58.261 [Jetty (JavaNetReverseProxy)-91] DEBUG org.eclipse.jetty.io.ManagedSelector -- Selector sun.nio.ch.KQueueSelectorImpl@ef9d192 waiting with 0 keys
18:13:58.261 [Executing testDoRefreshCredentialSupplier(org.conjur.jenkins.configuration.ConjurConfigurationTest)] DEBUG org.eclipse.jetty.util.component.AbstractLifeCycle -- STARTED @11295ms ManagedSelector@5c03eed8{STARTED} id=1 keys=0 selected=0 updates=0
18:13:58.261 [Executing testDoRefreshCredentialSupplier(org.conjur.jenkins.configuration.ConjurConfigurationTest)] DEBUG org.eclipse.jetty.util.component.AbstractLifeCycle -- starting ManagedSelector@422ddca4{STOPPED} id=2 keys=-1 selected=-1 updates=0
18:13:58.261 [Executing testDoRefreshCredentialSupplier(org.conjur.jenkins.configuration.ConjurConfigurationTest)] DEBUG org.eclipse.jetty.util.component.AbstractLifeCycle -- starting EatWhatYouKill@3dff0ca5/SelectorProducer@a8ad009/IDLE/p=false/QueuedThreadPool[Jetty (JavaNetReverseProxy)]@8beaf4{STARTED,8<=8<=200,i=6,r=-1,q=0}[ReservedThreadExecutor@68d703dc{reserved=0/16,pending=0}][pc=0,pic=0,pec=0,epc=0]@2024-10-22T18:13:58.26116+05:30
18:13:58.261 [Executing testDoRefreshCredentialSupplier(org.conjur.jenkins.configuration.ConjurConfigurationTest)] DEBUG org.eclipse.jetty.util.component.AbstractLifeCycle -- STARTED @11295ms EatWhatYouKill@3dff0ca5/SelectorProducer@a8ad009/IDLE/p=false/QueuedThreadPool[Jetty (JavaNetReverseProxy)]@8beaf4{STARTED,8<=8<=200,i=6,r=-1,q=0}[ReservedThreadExecutor@68d703dc{reserved=0/16,pending=0}][pc=0,pic=0,pec=0,epc=0]@2024-10-22T18:13:58.26122+05:30
18:13:58.261 [Executing testDoRefreshCredentialSupplier(org.conjur.jenkins.configuration.ConjurConfigurationTest)] DEBUG org.eclipse.jetty.util.thread.QueuedThreadPool -- queue org.eclipse.jetty.io.ManagedSelector$$Lambda$424/0x00000001403325e0@4c9d8e73 startThread=0
18:13:58.261 [Executing testDoRefreshCredentialSupplier(org.conjur.jenkins.configuration.ConjurConfigurationTest)] DEBUG org.eclipse.jetty.io.ManagedSelector -- Queued change lazy=false org.eclipse.jetty.io.ManagedSelector$Start@63a021a2 on ManagedSelector@422ddca4{STARTING} id=2 keys=0 selected=0 updates=0
18:13:58.261 [Jetty (JavaNetReverseProxy)-92] DEBUG org.eclipse.jetty.util.thread.QueuedThreadPool -- run org.eclipse.jetty.io.ManagedSelector$$Lambda$424/0x00000001403325e0@4c9d8e73 in QueuedThreadPool[Jetty (JavaNetReverseProxy)]@8beaf4{STARTED,8<=8<=200,i=5,r=-1,q=0}[ReservedThreadExecutor@68d703dc{reserved=0/16,pending=0}]
18:13:58.261 [Jetty (JavaNetReverseProxy)-92] DEBUG org.eclipse.jetty.util.thread.strategy.EatWhatYouKill -- EatWhatYouKill@3dff0ca5/SelectorProducer@a8ad009/IDLE/p=false/QueuedThreadPool[Jetty (JavaNetReverseProxy)]@8beaf4{STARTED,8<=8<=200,i=5,r=-1,q=0}[ReservedThreadExecutor@68d703dc{reserved=0/16,pending=0}][pc=0,pic=0,pec=0,epc=0]@2024-10-22T18:13:58.261396+05:30 tryProduce false
18:13:58.261 [Jetty (JavaNetReverseProxy)-92] DEBUG org.eclipse.jetty.io.ManagedSelector -- updateable 1
18:13:58.261 [Jetty (JavaNetReverseProxy)-92] DEBUG org.eclipse.jetty.io.ManagedSelector -- update org.eclipse.jetty.io.ManagedSelector$Start@63a021a2
18:13:58.261 [Jetty (JavaNetReverseProxy)-92] DEBUG org.eclipse.jetty.io.ManagedSelector -- updates 0
18:13:58.261 [Jetty (JavaNetReverseProxy)-92] DEBUG org.eclipse.jetty.io.ManagedSelector -- Selector sun.nio.ch.KQueueSelectorImpl@370555d9 waiting with 0 keys
18:13:58.261 [Executing testDoRefreshCredentialSupplier(org.conjur.jenkins.configuration.ConjurConfigurationTest)] DEBUG org.eclipse.jetty.util.component.AbstractLifeCycle -- STARTED @11296ms ManagedSelector@422ddca4{STARTED} id=2 keys=0 selected=0 updates=0
18:13:58.261 [Executing testDoRefreshCredentialSupplier(org.conjur.jenkins.configuration.ConjurConfigurationTest)] DEBUG org.eclipse.jetty.util.component.AbstractLifeCycle -- starting ManagedSelector@1892abac{STOPPED} id=3 keys=-1 selected=-1 updates=0
18:13:58.261 [Executing testDoRefreshCredentialSupplier(org.conjur.jenkins.configuration.ConjurConfigurationTest)] DEBUG org.eclipse.jetty.util.component.AbstractLifeCycle -- starting EatWhatYouKill@19b9f17/SelectorProducer@44c421a5/IDLE/p=false/QueuedThreadPool[Jetty (JavaNetReverseProxy)]@8beaf4{STARTED,8<=8<=200,i=5,r=-1,q=0}[ReservedThreadExecutor@68d703dc{reserved=0/16,pending=0}][pc=0,pic=0,pec=0,epc=0]@2024-10-22T18:13:58.261559+05:30
18:13:58.261 [Executing testDoRefreshCredentialSupplier(org.conjur.jenkins.configuration.ConjurConfigurationTest)] DEBUG org.eclipse.jetty.util.component.AbstractLifeCycle -- STARTED @11296ms EatWhatYouKill@19b9f17/SelectorProducer@44c421a5/IDLE/p=false/QueuedThreadPool[Jetty (JavaNetReverseProxy)]@8beaf4{STARTED,8<=8<=200,i=5,r=-1,q=0}[ReservedThreadExecutor@68d703dc{reserved=0/16,pending=0}][pc=0,pic=0,pec=0,epc=0]@2024-10-22T18:13:58.261622+05:30
18:13:58.261 [Executing testDoRefreshCredentialSupplier(org.conjur.jenkins.configuration.ConjurConfigurationTest)] DEBUG org.eclipse.jetty.util.thread.QueuedThreadPool -- queue org.eclipse.jetty.io.ManagedSelector$$Lambda$424/0x00000001403325e0@4eb8f9b4 startThread=0
18:13:58.261 [Executing testDoRefreshCredentialSupplier(org.conjur.jenkins.configuration.ConjurConfigurationTest)] DEBUG org.eclipse.jetty.io.ManagedSelector -- Queued change lazy=false org.eclipse.jetty.io.ManagedSelector$Start@4db274d4 on ManagedSelector@1892abac{STARTING} id=3 keys=0 selected=0 updates=0
18:13:58.261 [Jetty (JavaNetReverseProxy)-93] DEBUG org.eclipse.jetty.util.thread.QueuedThreadPool -- run org.eclipse.jetty.io.ManagedSelector$$Lambda$424/0x00000001403325e0@4eb8f9b4 in QueuedThreadPool[Jetty (JavaNetReverseProxy)]@8beaf4{STARTED,8<=8<=200,i=4,r=-1,q=0}[ReservedThreadExecutor@68d703dc{reserved=0/16,pending=0}]
18:13:58.261 [Jetty (JavaNetReverseProxy)-93] DEBUG org.eclipse.jetty.util.thread.strategy.EatWhatYouKill -- EatWhatYouKill@19b9f17/SelectorProducer@44c421a5/IDLE/p=false/QueuedThreadPool[Jetty (JavaNetReverseProxy)]@8beaf4{STARTED,8<=8<=200,i=4,r=-1,q=0}[ReservedThreadExecutor@68d703dc{reserved=0/16,pending=0}][pc=0,pic=0,pec=0,epc=0]@2024-10-22T18:13:58.261791+05:30 tryProduce false
18:13:58.261 [Jetty (JavaNetReverseProxy)-93] DEBUG org.eclipse.jetty.io.ManagedSelector -- updateable 1
18:13:58.261 [Jetty (JavaNetReverseProxy)-93] DEBUG org.eclipse.jetty.io.ManagedSelector -- update org.eclipse.jetty.io.ManagedSelector$Start@4db274d4
18:13:58.261 [Jetty (JavaNetReverseProxy)-93] DEBUG org.eclipse.jetty.io.ManagedSelector -- updates 0
18:13:58.261 [Jetty (JavaNetReverseProxy)-93] DEBUG org.eclipse.jetty.io.ManagedSelector -- Selector sun.nio.ch.KQueueSelectorImpl@10b39d4a waiting with 0 keys
18:13:58.261 [Executing testDoRefreshCredentialSupplier(org.conjur.jenkins.configuration.ConjurConfigurationTest)] DEBUG org.eclipse.jetty.util.component.AbstractLifeCycle -- STARTED @11296ms ManagedSelector@1892abac{STARTED} id=3 keys=0 selected=0 updates=0
18:13:58.261 [Executing testDoRefreshCredentialSupplier(org.conjur.jenkins.configuration.ConjurConfigurationTest)] DEBUG org.eclipse.jetty.util.component.AbstractLifeCycle -- starting ManagedSelector@c6413cd{STOPPED} id=4 keys=-1 selected=-1 updates=0
18:13:58.261 [Executing testDoRefreshCredentialSupplier(org.conjur.jenkins.configuration.ConjurConfigurationTest)] DEBUG org.eclipse.jetty.util.component.AbstractLifeCycle -- starting EatWhatYouKill@34f68ce6/SelectorProducer@6948ce48/IDLE/p=false/QueuedThreadPool[Jetty (JavaNetReverseProxy)]@8beaf4{STARTED,8<=8<=200,i=4,r=-1,q=0}[ReservedThreadExecutor@68d703dc{reserved=0/16,pending=0}][pc=0,pic=0,pec=0,epc=0]@2024-10-22T18:13:58.261955+05:30
18:13:58.262 [Executing testDoRefreshCredentialSupplier(org.conjur.jenkins.configuration.ConjurConfigurationTest)] DEBUG org.eclipse.jetty.util.component.AbstractLifeCycle -- STARTED @11296ms EatWhatYouKill@34f68ce6/SelectorProducer@6948ce48/IDLE/p=false/QueuedThreadPool[Jetty (JavaNetReverseProxy)]@8beaf4{STARTED,8<=8<=200,i=4,r=-1,q=0}[ReservedThreadExecutor@68d703dc{reserved=0/16,pending=0}][pc=0,pic=0,pec=0,epc=0]@2024-10-22T18:13:58.262013+05:30
18:13:58.262 [Executing testDoRefreshCredentialSupplier(org.conjur.jenkins.configuration.ConjurConfigurationTest)] DEBUG org.eclipse.jetty.util.thread.QueuedThreadPool -- queue org.eclipse.jetty.io.ManagedSelector$$Lambda$424/0x00000001403325e0@6d7c9507 startThread=0
18:13:58.262 [Executing testDoRefreshCredentialSupplier(org.conjur.jenkins.configuration.ConjurConfigurationTest)] DEBUG org.eclipse.jetty.io.ManagedSelector -- Queued change lazy=false org.eclipse.jetty.io.ManagedSelector$Start@fb3143b on ManagedSelector@c6413cd{STARTING} id=4 keys=0 selected=0 updates=0
18:13:58.262 [Jetty (JavaNetReverseProxy)-94] DEBUG org.eclipse.jetty.util.thread.QueuedThreadPool -- run org.eclipse.jetty.io.ManagedSelector$$Lambda$424/0x00000001403325e0@6d7c9507 in QueuedThreadPool[Jetty (JavaNetReverseProxy)]@8beaf4{STARTED,8<=8<=200,i=3,r=-1,q=0}[ReservedThreadExecutor@68d703dc{reserved=0/16,pending=0}]
18:13:58.262 [Jetty (JavaNetReverseProxy)-94] DEBUG org.eclipse.jetty.util.thread.strategy.EatWhatYouKill -- EatWhatYouKill@34f68ce6/SelectorProducer@6948ce48/IDLE/p=false/QueuedThreadPool[Jetty (JavaNetReverseProxy)]@8beaf4{STARTED,8<=8<=200,i=3,r=-1,q=0}[ReservedThreadExecutor@68d703dc{reserved=0/16,pending=0}][pc=0,pic=0,pec=0,epc=0]@2024-10-22T18:13:58.262197+05:30 tryProduce false
18:13:58.262 [Jetty (JavaNetReverseProxy)-94] DEBUG org.eclipse.jetty.io.ManagedSelector -- updateable 1
18:13:58.262 [Jetty (JavaNetReverseProxy)-94] DEBUG org.eclipse.jetty.io.ManagedSelector -- update org.eclipse.jetty.io.ManagedSelector$Start@fb3143b
18:13:58.262 [Jetty (JavaNetReverseProxy)-94] DEBUG org.eclipse.jetty.io.ManagedSelector -- updates 0
18:13:58.262 [Jetty (JavaNetReverseProxy)-94] DEBUG org.eclipse.jetty.io.ManagedSelector -- Selector sun.nio.ch.KQueueSelectorImpl@32a65215 waiting with 0 keys
18:13:58.262 [Executing testDoRefreshCredentialSupplier(org.conjur.jenkins.configuration.ConjurConfigurationTest)] DEBUG org.eclipse.jetty.util.component.AbstractLifeCycle -- STARTED @11296ms ManagedSelector@c6413cd{STARTED} id=4 keys=0 selected=0 updates=0
18:13:58.262 [Executing testDoRefreshCredentialSupplier(org.conjur.jenkins.configuration.ConjurConfigurationTest)] DEBUG org.eclipse.jetty.util.component.AbstractLifeCycle -- starting ManagedSelector@2e229fb8{STOPPED} id=5 keys=-1 selected=-1 updates=0
18:13:58.262 [Executing testDoRefreshCredentialSupplier(org.conjur.jenkins.configuration.ConjurConfigurationTest)] DEBUG org.eclipse.jetty.util.component.AbstractLifeCycle -- starting EatWhatYouKill@1a61626/SelectorProducer@1b73b48/IDLE/p=false/QueuedThreadPool[Jetty (JavaNetReverseProxy)]@8beaf4{STARTED,8<=8<=200,i=3,r=-1,q=0}[ReservedThreadExecutor@68d703dc{reserved=0/16,pending=0}][pc=0,pic=0,pec=0,epc=0]@2024-10-22T18:13:58.262381+05:30
18:13:58.262 [Executing testDoRefreshCredentialSupplier(org.conjur.jenkins.configuration.ConjurConfigurationTest)] DEBUG org.eclipse.jetty.util.component.AbstractLifeCycle -- STARTED @11296ms EatWhatYouKill@1a61626/SelectorProducer@1b73b48/IDLE/p=false/QueuedThreadPool[Jetty (JavaNetReverseProxy)]@8beaf4{STARTED,8<=8<=200,i=3,r=-1,q=0}[ReservedThreadExecutor@68d703dc{reserved=0/16,pending=0}][pc=0,pic=0,pec=0,epc=0]@2024-10-22T18:13:58.262441+05:30
18:13:58.262 [Executing testDoRefreshCredentialSupplier(org.conjur.jenkins.configuration.ConjurConfigurationTest)] DEBUG org.eclipse.jetty.util.thread.QueuedThreadPool -- queue org.eclipse.jetty.io.ManagedSelector$$Lambda$424/0x00000001403325e0@64f2920 startThread=0
18:13:58.262 [Executing testDoRefreshCredentialSupplier(org.conjur.jenkins.configuration.ConjurConfigurationTest)] DEBUG org.eclipse.jetty.io.ManagedSelector -- Queued change lazy=false org.eclipse.jetty.io.ManagedSelector$Start@5805e9e9 on ManagedSelector@2e229fb8{STARTING} id=5 keys=0 selected=0 updates=0
18:13:58.262 [Jetty (JavaNetReverseProxy)-95] DEBUG org.eclipse.jetty.util.thread.QueuedThreadPool -- run org.eclipse.jetty.io.ManagedSelector$$Lambda$424/0x00000001403325e0@64f2920 in QueuedThreadPool[Jetty (JavaNetReverseProxy)]@8beaf4{STARTED,8<=8<=200,i=2,r=-1,q=0}[ReservedThreadExecutor@68d703dc{reserved=0/16,pending=0}]
18:13:58.262 [Jetty (JavaNetReverseProxy)-95] DEBUG org.eclipse.jetty.util.thread.strategy.EatWhatYouKill -- EatWhatYouKill@1a61626/SelectorProducer@1b73b48/IDLE/p=false/QueuedThreadPool[Jetty (JavaNetReverseProxy)]@8beaf4{STARTED,8<=8<=200,i=2,r=-1,q=0}[ReservedThreadExecutor@68d703dc{reserved=0/16,pending=0}][pc=0,pic=0,pec=0,epc=0]@2024-10-22T18:13:58.262612+05:30 tryProduce false
18:13:58.262 [Jetty (JavaNetReverseProxy)-95] DEBUG org.eclipse.jetty.io.ManagedSelector -- updateable 1
18:13:58.262 [Jetty (JavaNetReverseProxy)-95] DEBUG org.eclipse.jetty.io.ManagedSelector -- update org.eclipse.jetty.io.ManagedSelector$Start@5805e9e9
18:13:58.262 [Jetty (JavaNetReverseProxy)-95] DEBUG org.eclipse.jetty.io.ManagedSelector -- updates 0
18:13:58.262 [Jetty (JavaNetReverseProxy)-95] DEBUG org.eclipse.jetty.io.ManagedSelector -- Selector sun.nio.ch.KQueueSelectorImpl@17ca0e8e waiting with 0 keys
18:13:58.262 [Executing testDoRefreshCredentialSupplier(org.conjur.jenkins.configuration.ConjurConfigurationTest)] DEBUG org.eclipse.jetty.util.component.AbstractLifeCycle -- STARTED @11297ms ManagedSelector@2e229fb8{STARTED} id=5 keys=0 selected=0 updates=0
18:13:58.262 [Executing testDoRefreshCredentialSupplier(org.conjur.jenkins.configuration.ConjurConfigurationTest)] DEBUG org.eclipse.jetty.util.component.AbstractLifeCycle -- starting ManagedSelector@b873add{STOPPED} id=6 keys=-1 selected=-1 updates=0
18:13:58.262 [Executing testDoRefreshCredentialSupplier(org.conjur.jenkins.configuration.ConjurConfigurationTest)] DEBUG org.eclipse.jetty.util.component.AbstractLifeCycle -- starting EatWhatYouKill@2f41bca/SelectorProducer@33d22a94/IDLE/p=false/QueuedThreadPool[Jetty (JavaNetReverseProxy)]@8beaf4{STARTED,8<=8<=200,i=2,r=-1,q=0}[ReservedThreadExecutor@68d703dc{reserved=0/16,pending=0}][pc=0,pic=0,pec=0,epc=0]@2024-10-22T18:13:58.262769+05:30
18:13:58.262 [Executing testDoRefreshCredentialSupplier(org.conjur.jenkins.configuration.ConjurConfigurationTest)] DEBUG org.eclipse.jetty.util.component.AbstractLifeCycle -- STARTED @11297ms EatWhatYouKill@2f41bca/SelectorProducer@33d22a94/IDLE/p=false/QueuedThreadPool[Jetty (JavaNetReverseProxy)]@8beaf4{STARTED,8<=8<=200,i=2,r=-1,q=0}[ReservedThreadExecutor@68d703dc{reserved=0/16,pending=0}][pc=0,pic=0,pec=0,epc=0]@2024-10-22T18:13:58.262825+05:30
18:13:58.262 [Executing testDoRefreshCredentialSupplier(org.conjur.jenkins.configuration.ConjurConfigurationTest)] DEBUG org.eclipse.jetty.util.thread.QueuedThreadPool -- queue org.eclipse.jetty.io.ManagedSelector$$Lambda$424/0x00000001403325e0@51d89b43 startThread=0
18:13:58.262 [Executing testDoRefreshCredentialSupplier(org.conjur.jenkins.configuration.ConjurConfigurationTest)] DEBUG org.eclipse.jetty.io.ManagedSelector -- Queued change lazy=false org.eclipse.jetty.io.ManagedSelector$Start@46dd4f8f on ManagedSelector@b873add{STARTING} id=6 keys=0 selected=0 updates=0
18:13:58.262 [Jetty (JavaNetReverseProxy)-96] DEBUG org.eclipse.jetty.util.thread.QueuedThreadPool -- run org.eclipse.jetty.io.ManagedSelector$$Lambda$424/0x00000001403325e0@51d89b43 in QueuedThreadPool[Jetty (JavaNetReverseProxy)]@8beaf4{STARTED,8<=8<=200,i=1,r=-1,q=0}[ReservedThreadExecutor@68d703dc{reserved=0/16,pending=0}]
18:13:58.262 [Jetty (JavaNetReverseProxy)-96] DEBUG org.eclipse.jetty.util.thread.strategy.EatWhatYouKill -- EatWhatYouKill@2f41bca/SelectorProducer@33d22a94/IDLE/p=false/QueuedThreadPool[Jetty (JavaNetReverseProxy)]@8beaf4{STARTED,8<=8<=200,i=1,r=-1,q=0}[ReservedThreadExecutor@68d703dc{reserved=0/16,pending=0}][pc=0,pic=0,pec=0,epc=0]@2024-10-22T18:13:58.262967+05:30 tryProduce false
18:13:58.263 [Jetty (JavaNetReverseProxy)-96] DEBUG org.eclipse.jetty.io.ManagedSelector -- updateable 1
18:13:58.263 [Jetty (JavaNetReverseProxy)-96] DEBUG org.eclipse.jetty.io.ManagedSelector -- update org.eclipse.jetty.io.ManagedSelector$Start@46dd4f8f
18:13:58.263 [Jetty (JavaNetReverseProxy)-96] DEBUG org.eclipse.jetty.io.ManagedSelector -- updates 0
18:13:58.263 [Jetty (JavaNetReverseProxy)-96] DEBUG org.eclipse.jetty.io.ManagedSelector -- Selector sun.nio.ch.KQueueSelectorImpl@c308263 waiting with 0 keys
18:13:58.263 [Executing testDoRefreshCredentialSupplier(org.conjur.jenkins.configuration.ConjurConfigurationTest)] DEBUG org.eclipse.jetty.util.component.AbstractLifeCycle -- STARTED @11297ms ManagedSelector@b873add{STARTED} id=6 keys=0 selected=0 updates=0
18:13:58.263 [Executing testDoRefreshCredentialSupplier(org.conjur.jenkins.configuration.ConjurConfigurationTest)] DEBUG org.eclipse.jetty.util.component.AbstractLifeCycle -- starting ManagedSelector@31cec284{STOPPED} id=7 keys=-1 selected=-1 updates=0
18:13:58.263 [Executing testDoRefreshCredentialSupplier(org.conjur.jenkins.configuration.ConjurConfigurationTest)] DEBUG org.eclipse.jetty.util.component.AbstractLifeCycle -- starting EatWhatYouKill@3162bb4a/SelectorProducer@13eadce7/IDLE/p=false/QueuedThreadPool[Jetty (JavaNetReverseProxy)]@8beaf4{STARTED,8<=8<=200,i=1,r=-1,q=0}[ReservedThreadExecutor@68d703dc{reserved=0/16,pending=0}][pc=0,pic=0,pec=0,epc=0]@2024-10-22T18:13:58.263162+05:30
18:13:58.263 [Executing testDoRefreshCredentialSupplier(org.conjur.jenkins.configuration.ConjurConfigurationTest)] DEBUG org.eclipse.jetty.util.component.AbstractLifeCycle -- STARTED @11297ms EatWhatYouKill@3162bb4a/SelectorProducer@13eadce7/IDLE/p=false/QueuedThreadPool[Jetty (JavaNetReverseProxy)]@8beaf4{STARTED,8<=8<=200,i=1,r=-1,q=0}[ReservedThreadExecutor@68d703dc{reserved=0/16,pending=0}][pc=0,pic=0,pec=0,epc=0]@2024-10-22T18:13:58.263231+05:30
18:13:58.263 [Executing testDoRefreshCredentialSupplier(org.conjur.jenkins.configuration.ConjurConfigurationTest)] DEBUG org.eclipse.jetty.util.thread.QueuedThreadPool -- queue org.eclipse.jetty.io.ManagedSelector$$Lambda$424/0x00000001403325e0@39a4685d startThread=0
18:13:58.263 [Executing testDoRefreshCredentialSupplier(org.conjur.jenkins.configuration.ConjurConfigurationTest)] DEBUG org.eclipse.jetty.io.ManagedSelector -- Queued change lazy=false org.eclipse.jetty.io.ManagedSelector$Start@4e998421 on ManagedSelector@31cec284{STARTING} id=7 keys=0 selected=0 updates=0
18:13:58.263 [Jetty (JavaNetReverseProxy)-97] DEBUG org.eclipse.jetty.util.thread.QueuedThreadPool -- run org.eclipse.jetty.io.ManagedSelector$$Lambda$424/0x00000001403325e0@39a4685d in QueuedThreadPool[Jetty (JavaNetReverseProxy)]@8beaf4{STARTED,8<=8<=200,i=0,r=-1,q=0}[ReservedThreadExecutor@68d703dc{reserved=0/16,pending=0}]
18:13:58.263 [Jetty (JavaNetReverseProxy)-97] DEBUG org.eclipse.jetty.util.thread.strategy.EatWhatYouKill -- EatWhatYouKill@3162bb4a/SelectorProducer@13eadce7/IDLE/p=false/QueuedThreadPool[Jetty (JavaNetReverseProxy)]@8beaf4{STARTED,8<=8<=200,i=0,r=-1,q=0}[ReservedThreadExecutor@68d703dc{reserved=0/16,pending=0}][pc=0,pic=0,pec=0,epc=0]@2024-10-22T18:13:58.2634+05:30 tryProduce false
18:13:58.263 [Jetty (JavaNetReverseProxy)-97] DEBUG org.eclipse.jetty.io.ManagedSelector -- updateable 1
18:13:58.263 [Jetty (JavaNetReverseProxy)-97] DEBUG org.eclipse.jetty.io.ManagedSelector -- update org.eclipse.jetty.io.ManagedSelector$Start@4e998421
18:13:58.263 [Jetty (JavaNetReverseProxy)-97] DEBUG org.eclipse.jetty.io.ManagedSelector -- updates 0
18:13:58.263 [Jetty (JavaNetReverseProxy)-97] DEBUG org.eclipse.jetty.io.ManagedSelector -- Selector sun.nio.ch.KQueueSelectorImpl@f30c1f3 waiting with 0 keys
18:13:58.263 [Executing testDoRefreshCredentialSupplier(org.conjur.jenkins.configuration.ConjurConfigurationTest)] DEBUG org.eclipse.jetty.util.component.AbstractLifeCycle -- STARTED @11298ms ManagedSelector@31cec284{STARTED} id=7 keys=0 selected=0 updates=0
18:13:58.263 [Executing testDoRefreshCredentialSupplier(org.conjur.jenkins.configuration.ConjurConfigurationTest)] DEBUG org.eclipse.jetty.util.component.AbstractLifeCycle -- STARTED @11298ms SelectorManager@ServerConnector@4b8cf25b{HTTP/1.1, (http/1.1)}{0.0.0.0:51395}
18:13:58.263 [Executing testDoRefreshCredentialSupplier(org.conjur.jenkins.configuration.ConjurConfigurationTest)] DEBUG org.eclipse.jetty.util.component.ContainerLifeCycle -- ServerConnector@4b8cf25b{HTTP/1.1, (http/1.1)}{0.0.0.0:51395} added {acceptor-0@5b0e0c32,POJO}
18:13:58.263 [Executing testDoRefreshCredentialSupplier(org.conjur.jenkins.configuration.ConjurConfigurationTest)] DEBUG org.eclipse.jetty.util.thread.QueuedThreadPool -- queue acceptor-0@5b0e0c32 startThread=1
18:13:58.264 [Executing testDoRefreshCredentialSupplier(org.conjur.jenkins.configuration.ConjurConfigurationTest)] DEBUG org.eclipse.jetty.util.thread.QueuedThreadPool -- Starting Thread[Jetty (JavaNetReverseProxy)-99,5,main]
18:13:58.264 [Executing testDoRefreshCredentialSupplier(org.conjur.jenkins.configuration.ConjurConfigurationTest)] DEBUG org.eclipse.jetty.util.component.ContainerLifeCycle -- ServerConnector@4b8cf25b{HTTP/1.1, (http/1.1)}{0.0.0.0:51395} added {acceptor-1@6dffe9d6,POJO}
18:13:58.264 [Executing testDoRefreshCredentialSupplier(org.conjur.jenkins.configuration.ConjurConfigurationTest)] DEBUG org.eclipse.jetty.util.thread.QueuedThreadPool -- queue acceptor-1@6dffe9d6 startThread=1
18:13:58.264 [Jetty (JavaNetReverseProxy)-99] DEBUG org.eclipse.jetty.util.thread.QueuedThreadPool -- Runner started for QueuedThreadPool[Jetty (JavaNetReverseProxy)]@8beaf4{STARTED,8<=9<=200,i=0,r=-1,q=0}[ReservedThreadExecutor@68d703dc{reserved=0/16,pending=0}]
18:13:58.265 [Executing testDoRefreshCredentialSupplier(org.conjur.jenkins.configuration.ConjurConfigurationTest)] DEBUG org.eclipse.jetty.util.thread.QueuedThreadPool -- Starting Thread[Jetty (JavaNetReverseProxy)-100,5,main]
18:13:58.265 [Jetty (JavaNetReverseProxy)-99] DEBUG org.eclipse.jetty.util.thread.QueuedThreadPool -- run acceptor-0@5b0e0c32 in QueuedThreadPool[Jetty (JavaNetReverseProxy)]@8beaf4{STARTED,8<=10<=200,i=0,r=-1,q=0}[ReservedThreadExecutor@68d703dc{reserved=0/16,pending=0}]
18:13:58.265 [Executing testDoRefreshCredentialSupplier(org.conjur.jenkins.configuration.ConjurConfigurationTest)] INFO org.eclipse.jetty.server.AbstractConnector -- Started ServerConnector@4b8cf25b{HTTP/1.1, (http/1.1)}{0.0.0.0:51395}
18:13:58.265 [Executing testDoRefreshCredentialSupplier(org.conjur.jenkins.configuration.ConjurConfigurationTest)] DEBUG org.eclipse.jetty.util.component.AbstractLifeCycle -- STARTED @11299ms ServerConnector@4b8cf25b{HTTP/1.1, (http/1.1)}{0.0.0.0:51395}
18:13:58.265 [Executing testDoRefreshCredentialSupplier(org.conjur.jenkins.configuration.ConjurConfigurationTest)] INFO org.eclipse.jetty.server.Server -- Started @11299ms
18:13:58.265 [Executing testDoRefreshCredentialSupplier(org.conjur.jenkins.configuration.ConjurConfigurationTest)] DEBUG org.eclipse.jetty.util.component.AbstractLifeCycle -- STARTED @11299ms Server@f96475e{STARTED}[9.4.48.v20220622]
18:13:58.265 [Jetty (JavaNetReverseProxy)-100] DEBUG org.eclipse.jetty.util.thread.QueuedThreadPool -- Runner started for QueuedThreadPool[Jetty (JavaNetReverseProxy)]@8beaf4{STARTED,8<=10<=200,i=0,r=-1,q=0}[ReservedThreadExecutor@68d703dc{reserved=0/16,pending=0}]
18:13:58.265 [Jetty (JavaNetReverseProxy)-100] DEBUG org.eclipse.jetty.util.thread.QueuedThreadPool -- run acceptor-1@6dffe9d6 in QueuedThreadPool[Jetty (JavaNetReverseProxy)]@8beaf4{STARTED,8<=10<=200,i=0,r=-1,q=0}[ReservedThreadExecutor@68d703dc{reserved=0/16,pending=0}]
18:13:59.010 [Executing testDoRefreshCredentialSupplier(org.conjur.jenkins.configuration.ConjurConfigurationTest)] DEBUG org.eclipse.jetty.util.component.AbstractLifeCycle -- stopping Server@2a062be8{STARTED}[9.4.48.v20220622]
18:13:59.011 [Executing testDoRefreshCredentialSupplier(org.conjur.jenkins.configuration.ConjurConfigurationTest)] DEBUG org.eclipse.jetty.server.Server -- doStop Server@2a062be8{STOPPING}[9.4.48.v20220622]
18:13:59.014 [Jetty (JenkinsRule)-40] DEBUG org.eclipse.jetty.util.thread.QueuedThreadPool -- ran Jetty (JenkinsRule)-40-acceptor-1@4befe5e8-ServerConnector@34df42ee{HTTP/1.1, (http/1.1)}{localhost:51392} in QueuedThreadPool[Jetty (JenkinsRule)]@6a70315f{STARTED,8<=10<=200,i=0,r=-1,q=0}[ReservedThreadExecutor@6c50b992{reserved=0/16,pending=0}]
18:13:59.014 [Jetty (JenkinsRule)-39] DEBUG org.eclipse.jetty.util.thread.QueuedThreadPool -- ran Jetty (JenkinsRule)-39-acceptor-0@5c46b60c-ServerConnector@34df42ee{HTTP/1.1, (http/1.1)}{localhost:51392} in QueuedThreadPool[Jetty (JenkinsRule)]@6a70315f{STARTED,8<=10<=200,i=0,r=-1,q=0}[ReservedThreadExecutor@6c50b992{reserved=0/16,pending=0}]
18:13:59.016 [Executing testDoRefreshCredentialSupplier(org.conjur.jenkins.configuration.ConjurConfigurationTest)] DEBUG org.eclipse.jetty.server.handler.AbstractHandlerContainer -- Graceful shutdown Server@2a062be8{STOPPING}[9.4.48.v20220622] by 
18:13:59.017 [Executing testDoRefreshCredentialSupplier(org.conjur.jenkins.configuration.ConjurConfigurationTest)] DEBUG org.eclipse.jetty.util.component.AbstractLifeCycle -- stopping ServerConnector@34df42ee{HTTP/1.1, (http/1.1)}{localhost:0}
18:13:59.017 [Executing testDoRefreshCredentialSupplier(org.conjur.jenkins.configuration.ConjurConfigurationTest)] DEBUG org.eclipse.jetty.util.component.AbstractLifeCycle -- stopping SelectorManager@ServerConnector@34df42ee{HTTP/1.1, (http/1.1)}{localhost:0}
18:13:59.018 [Executing testDoRefreshCredentialSupplier(org.conjur.jenkins.configuration.ConjurConfigurationTest)] DEBUG org.eclipse.jetty.util.component.AbstractLifeCycle -- stopping ManagedSelector@234d274a{STARTED} id=7 keys=0 selected=0 updates=0
18:13:59.019 [Executing testDoRefreshCredentialSupplier(org.conjur.jenkins.configuration.ConjurConfigurationTest)] DEBUG org.eclipse.jetty.io.ManagedSelector -- Queued change lazy=false org.eclipse.jetty.io.ManagedSelector$CloseConnections@2679cfec on ManagedSelector@234d274a{STOPPING} id=7 keys=0 selected=0 updates=0
18:13:59.019 [Executing testDoRefreshCredentialSupplier(org.conjur.jenkins.configuration.ConjurConfigurationTest)] DEBUG org.eclipse.jetty.io.ManagedSelector -- Wakeup on submit ManagedSelector@234d274a{STOPPING} id=7 keys=0 selected=0 updates=1
18:13:59.021 [Jetty (JenkinsRule)-37] DEBUG org.eclipse.jetty.io.ManagedSelector -- Selector sun.nio.ch.KQueueSelectorImpl@15ccbedd woken with none selected
18:13:59.021 [Jetty (JenkinsRule)-37] DEBUG org.eclipse.jetty.io.ManagedSelector -- Selector sun.nio.ch.KQueueSelectorImpl@15ccbedd woken up from select, 0/0/0 selected
18:13:59.022 [Jetty (JenkinsRule)-37] DEBUG org.eclipse.jetty.io.ManagedSelector -- Selector sun.nio.ch.KQueueSelectorImpl@15ccbedd processing 0 keys, 1 updates
18:13:59.022 [Jetty (JenkinsRule)-37] DEBUG org.eclipse.jetty.io.ManagedSelector -- updateable 1
18:13:59.022 [Jetty (JenkinsRule)-37] DEBUG org.eclipse.jetty.io.ManagedSelector -- update org.eclipse.jetty.io.ManagedSelector$CloseConnections@2679cfec
18:13:59.022 [Jetty (JenkinsRule)-37] DEBUG org.eclipse.jetty.io.ManagedSelector -- Closing 0 connections on ManagedSelector@234d274a{STOPPING} id=7 keys=0 selected=0 updates=0
18:13:59.023 [Jetty (JenkinsRule)-37] DEBUG org.eclipse.jetty.io.ManagedSelector -- updates 0
18:13:59.023 [Jetty (JenkinsRule)-37] DEBUG org.eclipse.jetty.io.ManagedSelector -- Selector sun.nio.ch.KQueueSelectorImpl@15ccbedd waiting with 0 keys
18:13:59.024 [Executing testDoRefreshCredentialSupplier(org.conjur.jenkins.configuration.ConjurConfigurationTest)] DEBUG org.eclipse.jetty.io.ManagedSelector -- Queued change lazy=false org.eclipse.jetty.io.ManagedSelector$StopSelector@25e04bbc on ManagedSelector@234d274a{STOPPING} id=7 keys=0 selected=0 updates=0
18:13:59.024 [Executing testDoRefreshCredentialSupplier(org.conjur.jenkins.configuration.ConjurConfigurationTest)] DEBUG org.eclipse.jetty.io.ManagedSelector -- Wakeup on submit ManagedSelector@234d274a{STOPPING} id=7 keys=0 selected=0 updates=1
18:13:59.024 [Jetty (JenkinsRule)-37] DEBUG org.eclipse.jetty.io.ManagedSelector -- Selector sun.nio.ch.KQueueSelectorImpl@15ccbedd woken with none selected
18:13:59.025 [Jetty (JenkinsRule)-37] DEBUG org.eclipse.jetty.io.ManagedSelector -- Selector sun.nio.ch.KQueueSelectorImpl@15ccbedd woken up from select, 0/0/0 selected
18:13:59.025 [Jetty (JenkinsRule)-37] DEBUG org.eclipse.jetty.io.ManagedSelector -- Selector sun.nio.ch.KQueueSelectorImpl@15ccbedd processing 0 keys, 1 updates
18:13:59.025 [Jetty (JenkinsRule)-37] DEBUG org.eclipse.jetty.io.ManagedSelector -- updateable 1
18:13:59.025 [Jetty (JenkinsRule)-37] DEBUG org.eclipse.jetty.io.ManagedSelector -- update org.eclipse.jetty.io.ManagedSelector$StopSelector@25e04bbc
18:13:59.026 [Jetty (JenkinsRule)-37] DEBUG org.eclipse.jetty.io.ManagedSelector -- updates 0
18:13:59.027 [Executing testDoRefreshCredentialSupplier(org.conjur.jenkins.configuration.ConjurConfigurationTest)] DEBUG org.eclipse.jetty.util.component.AbstractLifeCycle -- stopping EatWhatYouKill@505cba43/SelectorProducer@39c4b88d/PRODUCING/p=false/QueuedThreadPool[Jetty (JenkinsRule)]@6a70315f{STARTED,8<=10<=200,i=2,r=-1,q=0}[ReservedThreadExecutor@6c50b992{reserved=0/16,pending=0}][pc=0,pic=0,pec=0,epc=0]@2024-10-22T18:13:59.027144+05:30
18:13:59.027 [Jetty (JenkinsRule)-37] DEBUG org.eclipse.jetty.util.thread.QueuedThreadPool -- ran org.eclipse.jetty.io.ManagedSelector$$Lambda$424/0x00000001403325e0@6e4fa712 in QueuedThreadPool[Jetty (JenkinsRule)]@6a70315f{STARTED,8<=10<=200,i=2,r=-1,q=0}[ReservedThreadExecutor@6c50b992{reserved=0/16,pending=0}]
18:13:59.027 [Executing testDoRefreshCredentialSupplier(org.conjur.jenkins.configuration.ConjurConfigurationTest)] DEBUG org.eclipse.jetty.util.component.AbstractLifeCycle -- STOPPED EatWhatYouKill@505cba43/SelectorProducer@39c4b88d/IDLE/p=false/QueuedThreadPool[Jetty (JenkinsRule)]@6a70315f{STARTED,8<=10<=200,i=2,r=-1,q=0}[ReservedThreadExecutor@6c50b992{reserved=0/16,pending=0}][pc=0,pic=0,pec=0,epc=0]@2024-10-22T18:13:59.027822+05:30
18:13:59.028 [Executing testDoRefreshCredentialSupplier(org.conjur.jenkins.configuration.ConjurConfigurationTest)] DEBUG org.eclipse.jetty.util.component.AbstractLifeCycle -- STOPPED ManagedSelector@234d274a{STOPPED} id=7 keys=-1 selected=-1 updates=0
18:13:59.028 [Executing testDoRefreshCredentialSupplier(org.conjur.jenkins.configuration.ConjurConfigurationTest)] DEBUG org.eclipse.jetty.util.component.AbstractLifeCycle -- stopping ManagedSelector@7dac9eb7{STARTED} id=6 keys=0 selected=0 updates=0
18:13:59.028 [Executing testDoRefreshCredentialSupplier(org.conjur.jenkins.configuration.ConjurConfigurationTest)] DEBUG org.eclipse.jetty.io.ManagedSelector -- Queued change lazy=false org.eclipse.jetty.io.ManagedSelector$CloseConnections@59f653ef on ManagedSelector@7dac9eb7{STOPPING} id=6 keys=0 selected=0 updates=0
18:13:59.029 [Executing testDoRefreshCredentialSupplier(org.conjur.jenkins.configuration.ConjurConfigurationTest)] DEBUG org.eclipse.jetty.io.ManagedSelector -- Wakeup on submit ManagedSelector@7dac9eb7{STOPPING} id=6 keys=0 selected=0 updates=1
18:13:59.029 [Jetty (JenkinsRule)-36] DEBUG org.eclipse.jetty.io.ManagedSelector -- Selector sun.nio.ch.KQueueSelectorImpl@1e243d5b woken with none selected
18:13:59.029 [Jetty (JenkinsRule)-36] DEBUG org.eclipse.jetty.io.ManagedSelector -- Selector sun.nio.ch.KQueueSelectorImpl@1e243d5b woken up from select, 0/0/0 selected
18:13:59.029 [Jetty (JenkinsRule)-36] DEBUG org.eclipse.jetty.io.ManagedSelector -- Selector sun.nio.ch.KQueueSelectorImpl@1e243d5b processing 0 keys, 1 updates
18:13:59.029 [Jetty (JenkinsRule)-36] DEBUG org.eclipse.jetty.io.ManagedSelector -- updateable 1
18:13:59.030 [Jetty (JenkinsRule)-36] DEBUG org.eclipse.jetty.io.ManagedSelector -- update org.eclipse.jetty.io.ManagedSelector$CloseConnections@59f653ef
18:13:59.030 [Jetty (JenkinsRule)-36] DEBUG org.eclipse.jetty.io.ManagedSelector -- Closing 0 connections on ManagedSelector@7dac9eb7{STOPPING} id=6 keys=0 selected=0 updates=0
18:13:59.030 [Jetty (JenkinsRule)-36] DEBUG org.eclipse.jetty.io.ManagedSelector -- updates 0
18:13:59.031 [Jetty (JenkinsRule)-36] DEBUG org.eclipse.jetty.io.ManagedSelector -- Selector sun.nio.ch.KQueueSelectorImpl@1e243d5b waiting with 0 keys
18:13:59.031 [Executing testDoRefreshCredentialSupplier(org.conjur.jenkins.configuration.ConjurConfigurationTest)] DEBUG org.eclipse.jetty.io.ManagedSelector -- Queued change lazy=false org.eclipse.jetty.io.ManagedSelector$StopSelector@27648cfd on ManagedSelector@7dac9eb7{STOPPING} id=6 keys=0 selected=0 updates=0
18:13:59.031 [Executing testDoRefreshCredentialSupplier(org.conjur.jenkins.configuration.ConjurConfigurationTest)] DEBUG org.eclipse.jetty.io.ManagedSelector -- Wakeup on submit ManagedSelector@7dac9eb7{STOPPING} id=6 keys=0 selected=0 updates=1
18:13:59.031 [Jetty (JenkinsRule)-36] DEBUG org.eclipse.jetty.io.ManagedSelector -- Selector sun.nio.ch.KQueueSelectorImpl@1e243d5b woken with none selected
18:13:59.031 [Jetty (JenkinsRule)-36] DEBUG org.eclipse.jetty.io.ManagedSelector -- Selector sun.nio.ch.KQueueSelectorImpl@1e243d5b woken up from select, 0/0/0 selected
18:13:59.032 [Jetty (JenkinsRule)-36] DEBUG org.eclipse.jetty.io.ManagedSelector -- Selector sun.nio.ch.KQueueSelectorImpl@1e243d5b processing 0 keys, 1 updates
18:13:59.032 [Jetty (JenkinsRule)-36] DEBUG org.eclipse.jetty.io.ManagedSelector -- updateable 1
18:13:59.032 [Jetty (JenkinsRule)-36] DEBUG org.eclipse.jetty.io.ManagedSelector -- update org.eclipse.jetty.io.ManagedSelector$StopSelector@27648cfd
18:13:59.032 [Jetty (JenkinsRule)-36] DEBUG org.eclipse.jetty.io.ManagedSelector -- updates 0
18:13:59.032 [Executing testDoRefreshCredentialSupplier(org.conjur.jenkins.configuration.ConjurConfigurationTest)] DEBUG org.eclipse.jetty.util.component.AbstractLifeCycle -- stopping EatWhatYouKill@2db8892c/SelectorProducer@7b4c3be4/PRODUCING/p=false/QueuedThreadPool[Jetty (JenkinsRule)]@6a70315f{STARTED,8<=10<=200,i=3,r=-1,q=0}[ReservedThreadExecutor@6c50b992{reserved=0/16,pending=0}][pc=0,pic=0,pec=0,epc=0]@2024-10-22T18:13:59.032893+05:30
18:13:59.033 [Jetty (JenkinsRule)-36] DEBUG org.eclipse.jetty.util.thread.QueuedThreadPool -- ran org.eclipse.jetty.io.ManagedSelector$$Lambda$424/0x00000001403325e0@1a5795c3 in QueuedThreadPool[Jetty (JenkinsRule)]@6a70315f{STARTED,8<=10<=200,i=3,r=-1,q=0}[ReservedThreadExecutor@6c50b992{reserved=0/16,pending=0}]
18:13:59.033 [Executing testDoRefreshCredentialSupplier(org.conjur.jenkins.configuration.ConjurConfigurationTest)] DEBUG org.eclipse.jetty.util.component.AbstractLifeCycle -- STOPPED EatWhatYouKill@2db8892c/SelectorProducer@7b4c3be4/IDLE/p=false/QueuedThreadPool[Jetty (JenkinsRule)]@6a70315f{STARTED,8<=10<=200,i=3,r=-1,q=0}[ReservedThreadExecutor@6c50b992{reserved=0/16,pending=0}][pc=0,pic=0,pec=0,epc=0]@2024-10-22T18:13:59.033454+05:30
18:13:59.033 [Executing testDoRefreshCredentialSupplier(org.conjur.jenkins.configuration.ConjurConfigurationTest)] DEBUG org.eclipse.jetty.util.component.AbstractLifeCycle -- STOPPED ManagedSelector@7dac9eb7{STOPPED} id=6 keys=-1 selected=-1 updates=0
18:13:59.034 [Executing testDoRefreshCredentialSupplier(org.conjur.jenkins.configuration.ConjurConfigurationTest)] DEBUG org.eclipse.jetty.util.component.AbstractLifeCycle -- stopping ManagedSelector@6b28dea7{STARTED} id=5 keys=0 selected=0 updates=0
18:13:59.034 [Executing testDoRefreshCredentialSupplier(org.conjur.jenkins.configuration.ConjurConfigurationTest)] DEBUG org.eclipse.jetty.io.ManagedSelector -- Queued change lazy=false org.eclipse.jetty.io.ManagedSelector$CloseConnections@1d0ac754 on ManagedSelector@6b28dea7{STOPPING} id=5 keys=0 selected=0 updates=0
18:13:59.034 [Executing testDoRefreshCredentialSupplier(org.conjur.jenkins.configuration.ConjurConfigurationTest)] DEBUG org.eclipse.jetty.io.ManagedSelector -- Wakeup on submit ManagedSelector@6b28dea7{STOPPING} id=5 keys=0 selected=0 updates=1
18:13:59.035 [Jetty (JenkinsRule)-35] DEBUG org.eclipse.jetty.io.ManagedSelector -- Selector sun.nio.ch.KQueueSelectorImpl@fe1a510 woken with none selected
18:13:59.035 [Jetty (JenkinsRule)-35] DEBUG org.eclipse.jetty.io.ManagedSelector -- Selector sun.nio.ch.KQueueSelectorImpl@fe1a510 woken up from select, 0/0/0 selected
18:13:59.035 [Jetty (JenkinsRule)-35] DEBUG org.eclipse.jetty.io.ManagedSelector -- Selector sun.nio.ch.KQueueSelectorImpl@fe1a510 processing 0 keys, 1 updates
18:13:59.035 [Jetty (JenkinsRule)-35] DEBUG org.eclipse.jetty.io.ManagedSelector -- updateable 1
18:13:59.035 [Jetty (JenkinsRule)-35] DEBUG org.eclipse.jetty.io.ManagedSelector -- update org.eclipse.jetty.io.ManagedSelector$CloseConnections@1d0ac754
18:13:59.036 [Jetty (JenkinsRule)-35] DEBUG org.eclipse.jetty.io.ManagedSelector -- Closing 0 connections on ManagedSelector@6b28dea7{STOPPING} id=5 keys=0 selected=0 updates=0
18:13:59.036 [Jetty (JenkinsRule)-35] DEBUG org.eclipse.jetty.io.ManagedSelector -- updates 0
18:13:59.036 [Executing testDoRefreshCredentialSupplier(org.conjur.jenkins.configuration.ConjurConfigurationTest)] DEBUG org.eclipse.jetty.io.ManagedSelector -- Queued change lazy=false org.eclipse.jetty.io.ManagedSelector$StopSelector@3a10d2e2 on ManagedSelector@6b28dea7{STOPPING} id=5 keys=0 selected=0 updates=0
18:13:59.036 [Jetty (JenkinsRule)-35] DEBUG org.eclipse.jetty.io.ManagedSelector -- Selector sun.nio.ch.KQueueSelectorImpl@fe1a510 waiting with 0 keys
18:13:59.037 [Executing testDoRefreshCredentialSupplier(org.conjur.jenkins.configuration.ConjurConfigurationTest)] DEBUG org.eclipse.jetty.io.ManagedSelector -- Wakeup on submit ManagedSelector@6b28dea7{STOPPING} id=5 keys=0 selected=0 updates=1
18:13:59.037 [Jetty (JenkinsRule)-35] DEBUG org.eclipse.jetty.io.ManagedSelector -- Selector sun.nio.ch.KQueueSelectorImpl@fe1a510 woken with none selected
18:13:59.037 [Jetty (JenkinsRule)-35] DEBUG org.eclipse.jetty.io.ManagedSelector -- Selector sun.nio.ch.KQueueSelectorImpl@fe1a510 woken up from select, 0/0/0 selected
18:13:59.037 [Jetty (JenkinsRule)-35] DEBUG org.eclipse.jetty.io.ManagedSelector -- Selector sun.nio.ch.KQueueSelectorImpl@fe1a510 processing 0 keys, 1 updates
18:13:59.037 [Jetty (JenkinsRule)-35] DEBUG org.eclipse.jetty.io.ManagedSelector -- updateable 1
18:13:59.037 [Jetty (JenkinsRule)-35] DEBUG org.eclipse.jetty.io.ManagedSelector -- update org.eclipse.jetty.io.ManagedSelector$StopSelector@3a10d2e2
18:13:59.038 [Jetty (JenkinsRule)-35] DEBUG org.eclipse.jetty.io.ManagedSelector -- updates 0
18:13:59.038 [Executing testDoRefreshCredentialSupplier(org.conjur.jenkins.configuration.ConjurConfigurationTest)] DEBUG org.eclipse.jetty.util.component.AbstractLifeCycle -- stopping EatWhatYouKill@3c8d55fa/SelectorProducer@d817cf6/PRODUCING/p=false/QueuedThreadPool[Jetty (JenkinsRule)]@6a70315f{STARTED,8<=10<=200,i=4,r=-1,q=0}[ReservedThreadExecutor@6c50b992{reserved=0/16,pending=0}][pc=0,pic=0,pec=0,epc=0]@2024-10-22T18:13:59.038412+05:30
18:13:59.038 [Jetty (JenkinsRule)-35] DEBUG org.eclipse.jetty.util.thread.QueuedThreadPool -- ran org.eclipse.jetty.io.ManagedSelector$$Lambda$424/0x00000001403325e0@e991805 in QueuedThreadPool[Jetty (JenkinsRule)]@6a70315f{STARTED,8<=10<=200,i=4,r=-1,q=0}[ReservedThreadExecutor@6c50b992{reserved=0/16,pending=0}]
18:13:59.039 [Executing testDoRefreshCredentialSupplier(org.conjur.jenkins.configuration.ConjurConfigurationTest)] DEBUG org.eclipse.jetty.util.component.AbstractLifeCycle -- STOPPED EatWhatYouKill@3c8d55fa/SelectorProducer@d817cf6/IDLE/p=false/QueuedThreadPool[Jetty (JenkinsRule)]@6a70315f{STARTED,8<=10<=200,i=4,r=-1,q=0}[ReservedThreadExecutor@6c50b992{reserved=0/16,pending=0}][pc=0,pic=0,pec=0,epc=0]@2024-10-22T18:13:59.039087+05:30
18:13:59.039 [Executing testDoRefreshCredentialSupplier(org.conjur.jenkins.configuration.ConjurConfigurationTest)] DEBUG org.eclipse.jetty.util.component.AbstractLifeCycle -- STOPPED ManagedSelector@6b28dea7{STOPPED} id=5 keys=-1 selected=-1 updates=0
18:13:59.039 [Executing testDoRefreshCredentialSupplier(org.conjur.jenkins.configuration.ConjurConfigurationTest)] DEBUG org.eclipse.jetty.util.component.AbstractLifeCycle -- stopping ManagedSelector@4eb11ce2{STARTED} id=4 keys=0 selected=0 updates=0
18:13:59.040 [Executing testDoRefreshCredentialSupplier(org.conjur.jenkins.configuration.ConjurConfigurationTest)] DEBUG org.eclipse.jetty.io.ManagedSelector -- Queued change lazy=false org.eclipse.jetty.io.ManagedSelector$CloseConnections@51128764 on ManagedSelector@4eb11ce2{STOPPING} id=4 keys=0 selected=0 updates=0
18:13:59.040 [Executing testDoRefreshCredentialSupplier(org.conjur.jenkins.configuration.ConjurConfigurationTest)] DEBUG org.eclipse.jetty.io.ManagedSelector -- Wakeup on submit ManagedSelector@4eb11ce2{STOPPING} id=4 keys=0 selected=0 updates=1
18:13:59.041 [Jetty (JenkinsRule)-34] DEBUG org.eclipse.jetty.io.ManagedSelector -- Selector sun.nio.ch.KQueueSelectorImpl@aeccd54 woken with none selected
18:13:59.041 [Jetty (JenkinsRule)-34] DEBUG org.eclipse.jetty.io.ManagedSelector -- Selector sun.nio.ch.KQueueSelectorImpl@aeccd54 woken up from select, 0/0/0 selected
18:13:59.041 [Jetty (JenkinsRule)-34] DEBUG org.eclipse.jetty.io.ManagedSelector -- Selector sun.nio.ch.KQueueSelectorImpl@aeccd54 processing 0 keys, 1 updates
18:13:59.041 [Jetty (JenkinsRule)-34] DEBUG org.eclipse.jetty.io.ManagedSelector -- updateable 1
18:13:59.042 [Jetty (JenkinsRule)-34] DEBUG org.eclipse.jetty.io.ManagedSelector -- update org.eclipse.jetty.io.ManagedSelector$CloseConnections@51128764
18:13:59.042 [Jetty (JenkinsRule)-34] DEBUG org.eclipse.jetty.io.ManagedSelector -- Closing 0 connections on ManagedSelector@4eb11ce2{STOPPING} id=4 keys=0 selected=0 updates=0
18:13:59.042 [Jetty (JenkinsRule)-34] DEBUG org.eclipse.jetty.io.ManagedSelector -- updates 0
18:13:59.042 [Jetty (JenkinsRule)-34] DEBUG org.eclipse.jetty.io.ManagedSelector -- Selector sun.nio.ch.KQueueSelectorImpl@aeccd54 waiting with 0 keys
18:13:59.042 [Executing testDoRefreshCredentialSupplier(org.conjur.jenkins.configuration.ConjurConfigurationTest)] DEBUG org.eclipse.jetty.io.ManagedSelector -- Queued change lazy=false org.eclipse.jetty.io.ManagedSelector$StopSelector@5212fadf on ManagedSelector@4eb11ce2{STOPPING} id=4 keys=0 selected=0 updates=0
18:13:59.043 [Executing testDoRefreshCredentialSupplier(org.conjur.jenkins.configuration.ConjurConfigurationTest)] DEBUG org.eclipse.jetty.io.ManagedSelector -- Wakeup on submit ManagedSelector@4eb11ce2{STOPPING} id=4 keys=0 selected=0 updates=1
18:13:59.043 [Jetty (JenkinsRule)-34] DEBUG org.eclipse.jetty.io.ManagedSelector -- Selector sun.nio.ch.KQueueSelectorImpl@aeccd54 woken with none selected
18:13:59.043 [Jetty (JenkinsRule)-34] DEBUG org.eclipse.jetty.io.ManagedSelector -- Selector sun.nio.ch.KQueueSelectorImpl@aeccd54 woken up from select, 0/0/0 selected
18:13:59.043 [Jetty (JenkinsRule)-34] DEBUG org.eclipse.jetty.io.ManagedSelector -- Selector sun.nio.ch.KQueueSelectorImpl@aeccd54 processing 0 keys, 1 updates
18:13:59.043 [Jetty (JenkinsRule)-34] DEBUG org.eclipse.jetty.io.ManagedSelector -- updateable 1
18:13:59.043 [Jetty (JenkinsRule)-34] DEBUG org.eclipse.jetty.io.ManagedSelector -- update org.eclipse.jetty.io.ManagedSelector$StopSelector@5212fadf
18:13:59.044 [Jetty (JenkinsRule)-34] DEBUG org.eclipse.jetty.io.ManagedSelector -- updates 0
18:13:59.044 [Executing testDoRefreshCredentialSupplier(org.conjur.jenkins.configuration.ConjurConfigurationTest)] DEBUG org.eclipse.jetty.util.component.AbstractLifeCycle -- stopping EatWhatYouKill@3ea1f39e/SelectorProducer@1eef141d/PRODUCING/p=false/QueuedThreadPool[Jetty (JenkinsRule)]@6a70315f{STARTED,8<=10<=200,i=5,r=-1,q=0}[ReservedThreadExecutor@6c50b992{reserved=0/16,pending=0}][pc=0,pic=0,pec=0,epc=0]@2024-10-22T18:13:59.044369+05:30
18:13:59.044 [Jetty (JenkinsRule)-34] DEBUG org.eclipse.jetty.util.thread.QueuedThreadPool -- ran org.eclipse.jetty.io.ManagedSelector$$Lambda$424/0x00000001403325e0@38f1cab8 in QueuedThreadPool[Jetty (JenkinsRule)]@6a70315f{STARTED,8<=10<=200,i=5,r=-1,q=0}[ReservedThreadExecutor@6c50b992{reserved=0/16,pending=0}]
18:13:59.045 [Executing testDoRefreshCredentialSupplier(org.conjur.jenkins.configuration.ConjurConfigurationTest)] DEBUG org.eclipse.jetty.util.component.AbstractLifeCycle -- STOPPED EatWhatYouKill@3ea1f39e/SelectorProducer@1eef141d/IDLE/p=false/QueuedThreadPool[Jetty (JenkinsRule)]@6a70315f{STARTED,8<=10<=200,i=5,r=-1,q=0}[ReservedThreadExecutor@6c50b992{reserved=0/16,pending=0}][pc=0,pic=0,pec=0,epc=0]@2024-10-22T18:13:59.044982+05:30
18:13:59.045 [Executing testDoRefreshCredentialSupplier(org.conjur.jenkins.configuration.ConjurConfigurationTest)] DEBUG org.eclipse.jetty.util.component.AbstractLifeCycle -- STOPPED ManagedSelector@4eb11ce2{STOPPED} id=4 keys=-1 selected=-1 updates=0
18:13:59.045 [Executing testDoRefreshCredentialSupplier(org.conjur.jenkins.configuration.ConjurConfigurationTest)] DEBUG org.eclipse.jetty.util.component.AbstractLifeCycle -- stopping ManagedSelector@16bc8e40{STARTED} id=3 keys=0 selected=0 updates=0
18:13:59.046 [Executing testDoRefreshCredentialSupplier(org.conjur.jenkins.configuration.ConjurConfigurationTest)] DEBUG org.eclipse.jetty.io.ManagedSelector -- Queued change lazy=false org.eclipse.jetty.io.ManagedSelector$CloseConnections@1969b7ae on ManagedSelector@16bc8e40{STOPPING} id=3 keys=0 selected=0 updates=0
18:13:59.046 [Executing testDoRefreshCredentialSupplier(org.conjur.jenkins.configuration.ConjurConfigurationTest)] DEBUG org.eclipse.jetty.io.ManagedSelector -- Wakeup on submit ManagedSelector@16bc8e40{STOPPING} id=3 keys=0 selected=0 updates=1
18:13:59.046 [Jetty (JenkinsRule)-33] DEBUG org.eclipse.jetty.io.ManagedSelector -- Selector sun.nio.ch.KQueueSelectorImpl@7bc33a6c woken with none selected
18:13:59.046 [Jetty (JenkinsRule)-33] DEBUG org.eclipse.jetty.io.ManagedSelector -- Selector sun.nio.ch.KQueueSelectorImpl@7bc33a6c woken up from select, 0/0/0 selected
18:13:59.047 [Jetty (JenkinsRule)-33] DEBUG org.eclipse.jetty.io.ManagedSelector -- Selector sun.nio.ch.KQueueSelectorImpl@7bc33a6c processing 0 keys, 1 updates
18:13:59.047 [Jetty (JenkinsRule)-33] DEBUG org.eclipse.jetty.io.ManagedSelector -- updateable 1
18:13:59.047 [Jetty (JenkinsRule)-33] DEBUG org.eclipse.jetty.io.ManagedSelector -- update org.eclipse.jetty.io.ManagedSelector$CloseConnections@1969b7ae
18:13:59.047 [Jetty (JenkinsRule)-33] DEBUG org.eclipse.jetty.io.ManagedSelector -- Closing 0 connections on ManagedSelector@16bc8e40{STOPPING} id=3 keys=0 selected=0 updates=0
18:13:59.048 [Jetty (JenkinsRule)-33] DEBUG org.eclipse.jetty.io.ManagedSelector -- updates 0
18:13:59.048 [Executing testDoRefreshCredentialSupplier(org.conjur.jenkins.configuration.ConjurConfigurationTest)] DEBUG org.eclipse.jetty.io.ManagedSelector -- Queued change lazy=false org.eclipse.jetty.io.ManagedSelector$StopSelector@25d2e1a3 on ManagedSelector@16bc8e40{STOPPING} id=3 keys=0 selected=0 updates=0
18:13:59.048 [Jetty (JenkinsRule)-33] DEBUG org.eclipse.jetty.io.ManagedSelector -- Selector sun.nio.ch.KQueueSelectorImpl@7bc33a6c waiting with 0 keys
18:13:59.048 [Executing testDoRefreshCredentialSupplier(org.conjur.jenkins.configuration.ConjurConfigurationTest)] DEBUG org.eclipse.jetty.io.ManagedSelector -- Wakeup on submit ManagedSelector@16bc8e40{STOPPING} id=3 keys=0 selected=0 updates=1
18:13:59.048 [Jetty (JenkinsRule)-33] DEBUG org.eclipse.jetty.io.ManagedSelector -- Selector sun.nio.ch.KQueueSelectorImpl@7bc33a6c woken with none selected
18:13:59.049 [Jetty (JenkinsRule)-33] DEBUG org.eclipse.jetty.io.ManagedSelector -- Selector sun.nio.ch.KQueueSelectorImpl@7bc33a6c woken up from select, 0/0/0 selected
18:13:59.049 [Jetty (JenkinsRule)-33] DEBUG org.eclipse.jetty.io.ManagedSelector -- Selector sun.nio.ch.KQueueSelectorImpl@7bc33a6c processing 0 keys, 1 updates
18:13:59.049 [Jetty (JenkinsRule)-33] DEBUG org.eclipse.jetty.io.ManagedSelector -- updateable 1
18:13:59.049 [Jetty (JenkinsRule)-33] DEBUG org.eclipse.jetty.io.ManagedSelector -- update org.eclipse.jetty.io.ManagedSelector$StopSelector@25d2e1a3
18:13:59.049 [Jetty (JenkinsRule)-33] DEBUG org.eclipse.jetty.io.ManagedSelector -- updates 0
18:13:59.050 [Executing testDoRefreshCredentialSupplier(org.conjur.jenkins.configuration.ConjurConfigurationTest)] DEBUG org.eclipse.jetty.util.component.AbstractLifeCycle -- stopping EatWhatYouKill@46dcc659/SelectorProducer@49e32db7/PRODUCING/p=false/QueuedThreadPool[Jetty (JenkinsRule)]@6a70315f{STARTED,8<=10<=200,i=6,r=-1,q=0}[ReservedThreadExecutor@6c50b992{reserved=0/16,pending=0}][pc=0,pic=0,pec=0,epc=0]@2024-10-22T18:13:59.050162+05:30
18:13:59.050 [Jetty (JenkinsRule)-33] DEBUG org.eclipse.jetty.util.thread.QueuedThreadPool -- ran org.eclipse.jetty.io.ManagedSelector$$Lambda$424/0x00000001403325e0@194ab4c in QueuedThreadPool[Jetty (JenkinsRule)]@6a70315f{STARTED,8<=10<=200,i=6,r=-1,q=0}[ReservedThreadExecutor@6c50b992{reserved=0/16,pending=0}]
18:13:59.050 [Executing testDoRefreshCredentialSupplier(org.conjur.jenkins.configuration.ConjurConfigurationTest)] DEBUG org.eclipse.jetty.util.component.AbstractLifeCycle -- STOPPED EatWhatYouKill@46dcc659/SelectorProducer@49e32db7/IDLE/p=false/QueuedThreadPool[Jetty (JenkinsRule)]@6a70315f{STARTED,8<=10<=200,i=6,r=-1,q=0}[ReservedThreadExecutor@6c50b992{reserved=0/16,pending=0}][pc=0,pic=0,pec=0,epc=0]@2024-10-22T18:13:59.050818+05:30
18:13:59.051 [Executing testDoRefreshCredentialSupplier(org.conjur.jenkins.configuration.ConjurConfigurationTest)] DEBUG org.eclipse.jetty.util.component.AbstractLifeCycle -- STOPPED ManagedSelector@16bc8e40{STOPPED} id=3 keys=-1 selected=-1 updates=0
18:13:59.051 [Executing testDoRefreshCredentialSupplier(org.conjur.jenkins.configuration.ConjurConfigurationTest)] DEBUG org.eclipse.jetty.util.component.AbstractLifeCycle -- stopping ManagedSelector@12a75243{STARTED} id=2 keys=0 selected=0 updates=0
18:13:59.051 [Executing testDoRefreshCredentialSupplier(org.conjur.jenkins.configuration.ConjurConfigurationTest)] DEBUG org.eclipse.jetty.io.ManagedSelector -- Queued change lazy=false org.eclipse.jetty.io.ManagedSelector$CloseConnections@60be7bda on ManagedSelector@12a75243{STOPPING} id=2 keys=0 selected=0 updates=0
18:13:59.052 [Executing testDoRefreshCredentialSupplier(org.conjur.jenkins.configuration.ConjurConfigurationTest)] DEBUG org.eclipse.jetty.io.ManagedSelector -- Wakeup on submit ManagedSelector@12a75243{STOPPING} id=2 keys=0 selected=0 updates=1
18:13:59.052 [Jetty (JenkinsRule)-32] DEBUG org.eclipse.jetty.io.ManagedSelector -- Selector sun.nio.ch.KQueueSelectorImpl@3a880b45 woken with none selected
18:13:59.052 [Jetty (JenkinsRule)-32] DEBUG org.eclipse.jetty.io.ManagedSelector -- Selector sun.nio.ch.KQueueSelectorImpl@3a880b45 woken up from select, 0/0/0 selected
18:13:59.053 [Jetty (JenkinsRule)-32] DEBUG org.eclipse.jetty.io.ManagedSelector -- Selector sun.nio.ch.KQueueSelectorImpl@3a880b45 processing 0 keys, 1 updates
18:13:59.053 [Jetty (JenkinsRule)-32] DEBUG org.eclipse.jetty.io.ManagedSelector -- updateable 1
18:13:59.053 [Jetty (JenkinsRule)-32] DEBUG org.eclipse.jetty.io.ManagedSelector -- update org.eclipse.jetty.io.ManagedSelector$CloseConnections@60be7bda
18:13:59.053 [Jetty (JenkinsRule)-32] DEBUG org.eclipse.jetty.io.ManagedSelector -- Closing 0 connections on ManagedSelector@12a75243{STOPPING} id=2 keys=0 selected=0 updates=0
18:13:59.053 [Jetty (JenkinsRule)-32] DEBUG org.eclipse.jetty.io.ManagedSelector -- updates 0
18:13:59.054 [Jetty (JenkinsRule)-32] DEBUG org.eclipse.jetty.io.ManagedSelector -- Selector sun.nio.ch.KQueueSelectorImpl@3a880b45 waiting with 0 keys
18:13:59.054 [Executing testDoRefreshCredentialSupplier(org.conjur.jenkins.configuration.ConjurConfigurationTest)] DEBUG org.eclipse.jetty.io.ManagedSelector -- Queued change lazy=false org.eclipse.jetty.io.ManagedSelector$StopSelector@253fa110 on ManagedSelector@12a75243{STOPPING} id=2 keys=0 selected=0 updates=0
18:13:59.054 [Executing testDoRefreshCredentialSupplier(org.conjur.jenkins.configuration.ConjurConfigurationTest)] DEBUG org.eclipse.jetty.io.ManagedSelector -- Wakeup on submit ManagedSelector@12a75243{STOPPING} id=2 keys=0 selected=0 updates=1
18:13:59.055 [Jetty (JenkinsRule)-32] DEBUG org.eclipse.jetty.io.ManagedSelector -- Selector sun.nio.ch.KQueueSelectorImpl@3a880b45 woken with none selected
18:13:59.055 [Jetty (JenkinsRule)-32] DEBUG org.eclipse.jetty.io.ManagedSelector -- Selector sun.nio.ch.KQueueSelectorImpl@3a880b45 woken up from select, 0/0/0 selected
18:13:59.055 [Jetty (JenkinsRule)-32] DEBUG org.eclipse.jetty.io.ManagedSelector -- Selector sun.nio.ch.KQueueSelectorImpl@3a880b45 processing 0 keys, 1 updates
18:13:59.055 [Jetty (JenkinsRule)-32] DEBUG org.eclipse.jetty.io.ManagedSelector -- updateable 1
18:13:59.055 [Jetty (JenkinsRule)-32] DEBUG org.eclipse.jetty.io.ManagedSelector -- update org.eclipse.jetty.io.ManagedSelector$StopSelector@253fa110
18:13:59.056 [Jetty (JenkinsRule)-32] DEBUG org.eclipse.jetty.io.ManagedSelector -- updates 0
18:13:59.056 [Executing testDoRefreshCredentialSupplier(org.conjur.jenkins.configuration.ConjurConfigurationTest)] DEBUG org.eclipse.jetty.util.component.AbstractLifeCycle -- stopping EatWhatYouKill@54ab6366/SelectorProducer@6217b2f1/PRODUCING/p=false/QueuedThreadPool[Jetty (JenkinsRule)]@6a70315f{STARTED,8<=10<=200,i=7,r=-1,q=0}[ReservedThreadExecutor@6c50b992{reserved=0/16,pending=0}][pc=0,pic=0,pec=0,epc=0]@2024-10-22T18:13:59.056338+05:30
18:13:59.056 [Jetty (JenkinsRule)-32] DEBUG org.eclipse.jetty.util.thread.QueuedThreadPool -- ran org.eclipse.jetty.io.ManagedSelector$$Lambda$424/0x00000001403325e0@548cbf2f in QueuedThreadPool[Jetty (JenkinsRule)]@6a70315f{STARTED,8<=10<=200,i=7,r=-1,q=0}[ReservedThreadExecutor@6c50b992{reserved=0/16,pending=0}]
18:13:59.057 [Executing testDoRefreshCredentialSupplier(org.conjur.jenkins.configuration.ConjurConfigurationTest)] DEBUG org.eclipse.jetty.util.component.AbstractLifeCycle -- STOPPED EatWhatYouKill@54ab6366/SelectorProducer@6217b2f1/IDLE/p=false/QueuedThreadPool[Jetty (JenkinsRule)]@6a70315f{STARTED,8<=10<=200,i=7,r=-1,q=0}[ReservedThreadExecutor@6c50b992{reserved=0/16,pending=0}][pc=0,pic=0,pec=0,epc=0]@2024-10-22T18:13:59.056957+05:30
18:13:59.057 [Executing testDoRefreshCredentialSupplier(org.conjur.jenkins.configuration.ConjurConfigurationTest)] DEBUG org.eclipse.jetty.util.component.AbstractLifeCycle -- STOPPED ManagedSelector@12a75243{STOPPED} id=2 keys=-1 selected=-1 updates=0
18:13:59.057 [Executing testDoRefreshCredentialSupplier(org.conjur.jenkins.configuration.ConjurConfigurationTest)] DEBUG org.eclipse.jetty.util.component.AbstractLifeCycle -- stopping ManagedSelector@542001f7{STARTED} id=1 keys=0 selected=0 updates=0
18:13:59.058 [Executing testDoRefreshCredentialSupplier(org.conjur.jenkins.configuration.ConjurConfigurationTest)] DEBUG org.eclipse.jetty.io.ManagedSelector -- Queued change lazy=false org.eclipse.jetty.io.ManagedSelector$CloseConnections@713fa6de on ManagedSelector@542001f7{STOPPING} id=1 keys=0 selected=0 updates=0
18:13:59.058 [Executing testDoRefreshCredentialSupplier(org.conjur.jenkins.configuration.ConjurConfigurationTest)] DEBUG org.eclipse.jetty.io.ManagedSelector -- Wakeup on submit ManagedSelector@542001f7{STOPPING} id=1 keys=0 selected=0 updates=1
18:13:59.058 [Jetty (JenkinsRule)-31] DEBUG org.eclipse.jetty.io.ManagedSelector -- Selector sun.nio.ch.KQueueSelectorImpl@52bebbd2 woken with none selected
18:13:59.058 [Jetty (JenkinsRule)-31] DEBUG org.eclipse.jetty.io.ManagedSelector -- Selector sun.nio.ch.KQueueSelectorImpl@52bebbd2 woken up from select, 0/0/0 selected
18:13:59.059 [Jetty (JenkinsRule)-31] DEBUG org.eclipse.jetty.io.ManagedSelector -- Selector sun.nio.ch.KQueueSelectorImpl@52bebbd2 processing 0 keys, 1 updates
18:13:59.059 [Jetty (JenkinsRule)-31] DEBUG org.eclipse.jetty.io.ManagedSelector -- updateable 1
18:13:59.059 [Jetty (JenkinsRule)-31] DEBUG org.eclipse.jetty.io.ManagedSelector -- update org.eclipse.jetty.io.ManagedSelector$CloseConnections@713fa6de
18:13:59.059 [Jetty (JenkinsRule)-31] DEBUG org.eclipse.jetty.io.ManagedSelector -- Closing 0 connections on ManagedSelector@542001f7{STOPPING} id=1 keys=0 selected=0 updates=0
18:13:59.059 [Jetty (JenkinsRule)-31] DEBUG org.eclipse.jetty.io.ManagedSelector -- updates 0
18:13:59.059 [Jetty (JenkinsRule)-31] DEBUG org.eclipse.jetty.io.ManagedSelector -- Selector sun.nio.ch.KQueueSelectorImpl@52bebbd2 waiting with 0 keys
18:13:59.059 [Executing testDoRefreshCredentialSupplier(org.conjur.jenkins.configuration.ConjurConfigurationTest)] DEBUG org.eclipse.jetty.io.ManagedSelector -- Queued change lazy=false org.eclipse.jetty.io.ManagedSelector$StopSelector@43d28ea3 on ManagedSelector@542001f7{STOPPING} id=1 keys=0 selected=0 updates=0
18:13:59.060 [Executing testDoRefreshCredentialSupplier(org.conjur.jenkins.configuration.ConjurConfigurationTest)] DEBUG org.eclipse.jetty.io.ManagedSelector -- Wakeup on submit ManagedSelector@542001f7{STOPPING} id=1 keys=0 selected=0 updates=1
18:13:59.060 [Jetty (JenkinsRule)-31] DEBUG org.eclipse.jetty.io.ManagedSelector -- Selector sun.nio.ch.KQueueSelectorImpl@52bebbd2 woken with none selected
18:13:59.060 [Jetty (JenkinsRule)-31] DEBUG org.eclipse.jetty.io.ManagedSelector -- Selector sun.nio.ch.KQueueSelectorImpl@52bebbd2 woken up from select, 0/0/0 selected
18:13:59.060 [Jetty (JenkinsRule)-31] DEBUG org.eclipse.jetty.io.ManagedSelector -- Selector sun.nio.ch.KQueueSelectorImpl@52bebbd2 processing 0 keys, 1 updates
18:13:59.061 [Jetty (JenkinsRule)-31] DEBUG org.eclipse.jetty.io.ManagedSelector -- updateable 1
18:13:59.061 [Jetty (JenkinsRule)-31] DEBUG org.eclipse.jetty.io.ManagedSelector -- update org.eclipse.jetty.io.ManagedSelector$StopSelector@43d28ea3
18:13:59.061 [Jetty (JenkinsRule)-31] DEBUG org.eclipse.jetty.io.ManagedSelector -- updates 0
18:13:59.061 [Executing testDoRefreshCredentialSupplier(org.conjur.jenkins.configuration.ConjurConfigurationTest)] DEBUG org.eclipse.jetty.util.component.AbstractLifeCycle -- stopping EatWhatYouKill@10c4d9c3/SelectorProducer@46a6ccdc/PRODUCING/p=false/QueuedThreadPool[Jetty (JenkinsRule)]@6a70315f{STARTED,8<=10<=200,i=8,r=-1,q=0}[ReservedThreadExecutor@6c50b992{reserved=0/16,pending=0}][pc=0,pic=0,pec=0,epc=0]@2024-10-22T18:13:59.061578+05:30
18:13:59.061 [Jetty (JenkinsRule)-31] DEBUG org.eclipse.jetty.util.thread.QueuedThreadPool -- ran org.eclipse.jetty.io.ManagedSelector$$Lambda$424/0x00000001403325e0@6743aa06 in QueuedThreadPool[Jetty (JenkinsRule)]@6a70315f{STARTED,8<=10<=200,i=8,r=-1,q=0}[ReservedThreadExecutor@6c50b992{reserved=0/16,pending=0}]
18:13:59.062 [Executing testDoRefreshCredentialSupplier(org.conjur.jenkins.configuration.ConjurConfigurationTest)] DEBUG org.eclipse.jetty.util.component.AbstractLifeCycle -- STOPPED EatWhatYouKill@10c4d9c3/SelectorProducer@46a6ccdc/IDLE/p=false/QueuedThreadPool[Jetty (JenkinsRule)]@6a70315f{STARTED,8<=10<=200,i=8,r=-1,q=0}[ReservedThreadExecutor@6c50b992{reserved=0/16,pending=0}][pc=0,pic=0,pec=0,epc=0]@2024-10-22T18:13:59.062132+05:30
18:13:59.062 [Executing testDoRefreshCredentialSupplier(org.conjur.jenkins.configuration.ConjurConfigurationTest)] DEBUG org.eclipse.jetty.util.component.AbstractLifeCycle -- STOPPED ManagedSelector@542001f7{STOPPED} id=1 keys=-1 selected=-1 updates=0
18:13:59.062 [Executing testDoRefreshCredentialSupplier(org.conjur.jenkins.configuration.ConjurConfigurationTest)] DEBUG org.eclipse.jetty.util.component.AbstractLifeCycle -- stopping ManagedSelector@690d376{STARTED} id=0 keys=0 selected=0 updates=0
18:13:59.063 [Executing testDoRefreshCredentialSupplier(org.conjur.jenkins.configuration.ConjurConfigurationTest)] DEBUG org.eclipse.jetty.io.ManagedSelector -- Queued change lazy=false org.eclipse.jetty.io.ManagedSelector$CloseConnections@50a14da8 on ManagedSelector@690d376{STOPPING} id=0 keys=0 selected=0 updates=0
18:13:59.063 [Executing testDoRefreshCredentialSupplier(org.conjur.jenkins.configuration.ConjurConfigurationTest)] DEBUG org.eclipse.jetty.io.ManagedSelector -- Wakeup on submit ManagedSelector@690d376{STOPPING} id=0 keys=0 selected=0 updates=1
18:13:59.063 [Jetty (JenkinsRule)-30] DEBUG org.eclipse.jetty.io.ManagedSelector -- Selector sun.nio.ch.KQueueSelectorImpl@4fe4e55e woken with none selected
18:13:59.063 [Jetty (JenkinsRule)-30] DEBUG org.eclipse.jetty.io.ManagedSelector -- Selector sun.nio.ch.KQueueSelectorImpl@4fe4e55e woken up from select, 0/0/0 selected
18:13:59.064 [Jetty (JenkinsRule)-30] DEBUG org.eclipse.jetty.io.ManagedSelector -- Selector sun.nio.ch.KQueueSelectorImpl@4fe4e55e processing 0 keys, 1 updates
18:13:59.064 [Jetty (JenkinsRule)-30] DEBUG org.eclipse.jetty.io.ManagedSelector -- updateable 1
18:13:59.064 [Jetty (JenkinsRule)-30] DEBUG org.eclipse.jetty.io.ManagedSelector -- update org.eclipse.jetty.io.ManagedSelector$CloseConnections@50a14da8
18:13:59.064 [Jetty (JenkinsRule)-30] DEBUG org.eclipse.jetty.io.ManagedSelector -- Closing 0 connections on ManagedSelector@690d376{STOPPING} id=0 keys=0 selected=0 updates=0
18:13:59.064 [Jetty (JenkinsRule)-30] DEBUG org.eclipse.jetty.io.ManagedSelector -- updates 0
18:13:59.064 [Jetty (JenkinsRule)-30] DEBUG org.eclipse.jetty.io.ManagedSelector -- Selector sun.nio.ch.KQueueSelectorImpl@4fe4e55e waiting with 0 keys
18:13:59.064 [Executing testDoRefreshCredentialSupplier(org.conjur.jenkins.configuration.ConjurConfigurationTest)] DEBUG org.eclipse.jetty.io.ManagedSelector -- Queued change lazy=false org.eclipse.jetty.io.ManagedSelector$StopSelector@8ce518d on ManagedSelector@690d376{STOPPING} id=0 keys=0 selected=0 updates=0
18:13:59.065 [Executing testDoRefreshCredentialSupplier(org.conjur.jenkins.configuration.ConjurConfigurationTest)] DEBUG org.eclipse.jetty.io.ManagedSelector -- Wakeup on submit ManagedSelector@690d376{STOPPING} id=0 keys=0 selected=0 updates=1
18:13:59.065 [Jetty (JenkinsRule)-30] DEBUG org.eclipse.jetty.io.ManagedSelector -- Selector sun.nio.ch.KQueueSelectorImpl@4fe4e55e woken with none selected
18:13:59.065 [Jetty (JenkinsRule)-30] DEBUG org.eclipse.jetty.io.ManagedSelector -- Selector sun.nio.ch.KQueueSelectorImpl@4fe4e55e woken up from select, 0/0/0 selected
18:13:59.065 [Jetty (JenkinsRule)-30] DEBUG org.eclipse.jetty.io.ManagedSelector -- Selector sun.nio.ch.KQueueSelectorImpl@4fe4e55e processing 0 keys, 1 updates
18:13:59.065 [Jetty (JenkinsRule)-30] DEBUG org.eclipse.jetty.io.ManagedSelector -- updateable 1
18:13:59.066 [Jetty (JenkinsRule)-30] DEBUG org.eclipse.jetty.io.ManagedSelector -- update org.eclipse.jetty.io.ManagedSelector$StopSelector@8ce518d
18:13:59.066 [Jetty (JenkinsRule)-30] DEBUG org.eclipse.jetty.io.ManagedSelector -- updates 0
18:13:59.066 [Executing testDoRefreshCredentialSupplier(org.conjur.jenkins.configuration.ConjurConfigurationTest)] DEBUG org.eclipse.jetty.util.component.AbstractLifeCycle -- stopping EatWhatYouKill@1e2913b4/SelectorProducer@5b9921ae/PRODUCING/p=false/QueuedThreadPool[Jetty (JenkinsRule)]@6a70315f{STARTED,8<=10<=200,i=9,r=-1,q=0}[ReservedThreadExecutor@6c50b992{reserved=0/16,pending=0}][pc=0,pic=0,pec=0,epc=0]@2024-10-22T18:13:59.066452+05:30
18:13:59.066 [Jetty (JenkinsRule)-30] DEBUG org.eclipse.jetty.util.thread.QueuedThreadPool -- ran org.eclipse.jetty.io.ManagedSelector$$Lambda$424/0x00000001403325e0@384f80a4 in QueuedThreadPool[Jetty (JenkinsRule)]@6a70315f{STARTED,8<=10<=200,i=9,r=-1,q=0}[ReservedThreadExecutor@6c50b992{reserved=0/16,pending=0}]
18:13:59.067 [Executing testDoRefreshCredentialSupplier(org.conjur.jenkins.configuration.ConjurConfigurationTest)] DEBUG org.eclipse.jetty.util.component.AbstractLifeCycle -- STOPPED EatWhatYouKill@1e2913b4/SelectorProducer@5b9921ae/IDLE/p=false/QueuedThreadPool[Jetty (JenkinsRule)]@6a70315f{STARTED,8<=10<=200,i=9,r=-1,q=0}[ReservedThreadExecutor@6c50b992{reserved=0/16,pending=0}][pc=0,pic=0,pec=0,epc=0]@2024-10-22T18:13:59.066955+05:30
18:13:59.067 [Executing testDoRefreshCredentialSupplier(org.conjur.jenkins.configuration.ConjurConfigurationTest)] DEBUG org.eclipse.jetty.util.component.AbstractLifeCycle -- STOPPED ManagedSelector@690d376{STOPPED} id=0 keys=-1 selected=-1 updates=0
18:13:59.067 [Executing testDoRefreshCredentialSupplier(org.conjur.jenkins.configuration.ConjurConfigurationTest)] DEBUG org.eclipse.jetty.util.component.AbstractLifeCycle -- STOPPED SelectorManager@ServerConnector@34df42ee{HTTP/1.1, (http/1.1)}{localhost:0}
18:13:59.067 [Executing testDoRefreshCredentialSupplier(org.conjur.jenkins.configuration.ConjurConfigurationTest)] DEBUG org.eclipse.jetty.util.component.AbstractLifeCycle -- stopping HttpConnectionFactory@d6ff7e4[HTTP/1.1]
18:13:59.068 [Executing testDoRefreshCredentialSupplier(org.conjur.jenkins.configuration.ConjurConfigurationTest)] DEBUG org.eclipse.jetty.util.component.AbstractLifeCycle -- STOPPED HttpConnectionFactory@d6ff7e4[HTTP/1.1]
18:13:59.068 [Executing testDoRefreshCredentialSupplier(org.conjur.jenkins.configuration.ConjurConfigurationTest)] DEBUG org.eclipse.jetty.util.component.AbstractLifeCycle -- stopping ScheduledExecutorScheduler@591be956{STARTED}
18:13:59.068 [Executing testDoRefreshCredentialSupplier(org.conjur.jenkins.configuration.ConjurConfigurationTest)] DEBUG org.eclipse.jetty.util.component.AbstractLifeCycle -- STOPPED ScheduledExecutorScheduler@591be956{STOPPED}
18:13:59.068 [Executing testDoRefreshCredentialSupplier(org.conjur.jenkins.configuration.ConjurConfigurationTest)] INFO org.eclipse.jetty.server.AbstractConnector -- Stopped ServerConnector@34df42ee{HTTP/1.1, (http/1.1)}{localhost:0}
18:13:59.069 [Executing testDoRefreshCredentialSupplier(org.conjur.jenkins.configuration.ConjurConfigurationTest)] DEBUG org.eclipse.jetty.util.component.AbstractLifeCycle -- STOPPED ServerConnector@34df42ee{HTTP/1.1, (http/1.1)}{localhost:0}
18:13:59.069 [Executing testDoRefreshCredentialSupplier(org.conjur.jenkins.configuration.ConjurConfigurationTest)] DEBUG org.eclipse.jetty.server.handler.AbstractHandler -- stopping Server@2a062be8{STOPPING}[9.4.48.v20220622]
18:13:59.069 [Executing testDoRefreshCredentialSupplier(org.conjur.jenkins.configuration.ConjurConfigurationTest)] DEBUG org.eclipse.jetty.util.component.AbstractLifeCycle -- stopping DefaultSessionIdManager@1594b786{STARTED}[worker=node0]
18:13:59.069 [Executing testDoRefreshCredentialSupplier(org.conjur.jenkins.configuration.ConjurConfigurationTest)] DEBUG org.eclipse.jetty.util.component.AbstractLifeCycle -- stopping HouseKeeper@77b68e01{STARTED}[interval=660000, ownscheduler=true]
18:13:59.069 [Executing testDoRefreshCredentialSupplier(org.conjur.jenkins.configuration.ConjurConfigurationTest)] INFO org.eclipse.jetty.server.session -- node0 Stopped scavenging
18:13:59.070 [Executing testDoRefreshCredentialSupplier(org.conjur.jenkins.configuration.ConjurConfigurationTest)] DEBUG org.eclipse.jetty.util.component.AbstractLifeCycle -- stopping ScheduledExecutorScheduler@25c4ebb{STARTED}
18:13:59.070 [Executing testDoRefreshCredentialSupplier(org.conjur.jenkins.configuration.ConjurConfigurationTest)] DEBUG org.eclipse.jetty.util.component.AbstractLifeCycle -- STOPPED ScheduledExecutorScheduler@25c4ebb{STOPPED}
18:13:59.070 [Executing testDoRefreshCredentialSupplier(org.conjur.jenkins.configuration.ConjurConfigurationTest)] DEBUG org.eclipse.jetty.util.component.AbstractLifeCycle -- STOPPED HouseKeeper@77b68e01{STOPPED}[interval=660000, ownscheduler=false]
18:13:59.070 [Executing testDoRefreshCredentialSupplier(org.conjur.jenkins.configuration.ConjurConfigurationTest)] DEBUG org.eclipse.jetty.util.component.AbstractLifeCycle -- STOPPED DefaultSessionIdManager@1594b786{STOPPED}[worker=node0]
18:13:59.070 [Executing testDoRefreshCredentialSupplier(org.conjur.jenkins.configuration.ConjurConfigurationTest)] DEBUG org.eclipse.jetty.util.component.AbstractLifeCycle -- stopping ErrorHandler@23d0e2bd{STARTED}
18:13:59.071 [Executing testDoRefreshCredentialSupplier(org.conjur.jenkins.configuration.ConjurConfigurationTest)] DEBUG org.eclipse.jetty.server.handler.AbstractHandler -- stopping ErrorHandler@23d0e2bd{STOPPING}
18:13:59.071 [Executing testDoRefreshCredentialSupplier(org.conjur.jenkins.configuration.ConjurConfigurationTest)] DEBUG org.eclipse.jetty.util.component.AbstractLifeCycle -- STOPPED ErrorHandler@23d0e2bd{STOPPED}
18:13:59.071 [Executing testDoRefreshCredentialSupplier(org.conjur.jenkins.configuration.ConjurConfigurationTest)] DEBUG org.eclipse.jetty.util.component.AbstractLifeCycle -- stopping o.e.j.w.WebAppContext@1fe2a40d{Jenkins v2.346.3,/jenkins,file:///Users/sameer.shaik/MyWorkSpace/17OctV2.2.3-New-BitBucketIssueFixed/conjur-credentials-plugin/target/jenkins-for-test/,SHUTDOWN}{/Users/sameer.shaik/MyWorkSpace/17OctV2.2.3-New-BitBucketIssueFixed/conjur-credentials-plugin/target/jenkins-for-test}
18:13:59.071 [Executing testDoRefreshCredentialSupplier(org.conjur.jenkins.configuration.ConjurConfigurationTest)] DEBUG org.eclipse.jetty.server.handler.AbstractHandlerContainer -- Graceful shutdown o.e.j.w.WebAppContext@1fe2a40d{Jenkins v2.346.3,/jenkins,file:///Users/sameer.shaik/MyWorkSpace/17OctV2.2.3-New-BitBucketIssueFixed/conjur-credentials-plugin/target/jenkins-for-test/,SHUTDOWN}{/Users/sameer.shaik/MyWorkSpace/17OctV2.2.3-New-BitBucketIssueFixed/conjur-credentials-plugin/target/jenkins-for-test} by 
18:13:59.072 [Executing testDoRefreshCredentialSupplier(org.conjur.jenkins.configuration.ConjurConfigurationTest)] DEBUG org.eclipse.jetty.server.handler.AbstractHandler -- stopping o.e.j.w.WebAppContext@1fe2a40d{Jenkins v2.346.3,/jenkins,file:///Users/sameer.shaik/MyWorkSpace/17OctV2.2.3-New-BitBucketIssueFixed/conjur-credentials-plugin/target/jenkins-for-test/,STOPPED}{/Users/sameer.shaik/MyWorkSpace/17OctV2.2.3-New-BitBucketIssueFixed/conjur-credentials-plugin/target/jenkins-for-test}
18:13:59.072 [Executing testDoRefreshCredentialSupplier(org.conjur.jenkins.configuration.ConjurConfigurationTest)] DEBUG org.eclipse.jetty.util.component.AbstractLifeCycle -- stopping NoListenerConfiguration@778b1950{STARTED}
18:13:59.072 [Executing testDoRefreshCredentialSupplier(org.conjur.jenkins.configuration.ConjurConfigurationTest)] DEBUG org.eclipse.jetty.util.component.AbstractLifeCycle -- STOPPED NoListenerConfiguration@778b1950{STOPPED}
18:13:59.073 [Executing testDoRefreshCredentialSupplier(org.conjur.jenkins.configuration.ConjurConfigurationTest)] DEBUG org.eclipse.jetty.util.component.AbstractLifeCycle -- stopping ErrorPageErrorHandler@e2ebc38{STARTED}
18:13:59.073 [Executing testDoRefreshCredentialSupplier(org.conjur.jenkins.configuration.ConjurConfigurationTest)] DEBUG org.eclipse.jetty.server.handler.AbstractHandler -- stopping ErrorPageErrorHandler@e2ebc38{STOPPING}
18:13:59.073 [Executing testDoRefreshCredentialSupplier(org.conjur.jenkins.configuration.ConjurConfigurationTest)] DEBUG org.eclipse.jetty.util.component.AbstractLifeCycle -- STOPPED ErrorPageErrorHandler@e2ebc38{STOPPED}
18:13:59.073 [Executing testDoRefreshCredentialSupplier(org.conjur.jenkins.configuration.ConjurConfigurationTest)] DEBUG org.eclipse.jetty.util.component.AbstractLifeCycle -- stopping org.eclipse.jetty.server.session.SessionHandler1929098746==dftMaxIdleSec=1800
18:13:59.073 [Executing testDoRefreshCredentialSupplier(org.conjur.jenkins.configuration.ConjurConfigurationTest)] DEBUG org.eclipse.jetty.server.session -- Shutdown sessions, invalidating = false
18:13:59.074 [Executing testDoRefreshCredentialSupplier(org.conjur.jenkins.configuration.ConjurConfigurationTest)] DEBUG org.eclipse.jetty.util.component.AbstractLifeCycle -- stopping org.eclipse.jetty.server.session.DefaultSessionCache@561b619d[evict=-1,removeUnloadable=false,saveOnCreate=false,saveOnInactiveEvict=false]
18:13:59.074 [Executing testDoRefreshCredentialSupplier(org.conjur.jenkins.configuration.ConjurConfigurationTest)] DEBUG org.eclipse.jetty.util.component.AbstractLifeCycle -- stopping org.eclipse.jetty.server.session.NullSessionDataStore@19b2816f[passivating=false,graceSec=3600]
18:13:59.074 [Executing testDoRefreshCredentialSupplier(org.conjur.jenkins.configuration.ConjurConfigurationTest)] DEBUG org.eclipse.jetty.util.component.AbstractLifeCycle -- STOPPED org.eclipse.jetty.server.session.NullSessionDataStore@19b2816f[passivating=false,graceSec=3600]
18:13:59.074 [Executing testDoRefreshCredentialSupplier(org.conjur.jenkins.configuration.ConjurConfigurationTest)] DEBUG org.eclipse.jetty.util.component.AbstractLifeCycle -- STOPPED org.eclipse.jetty.server.session.DefaultSessionCache@561b619d[evict=-1,removeUnloadable=false,saveOnCreate=false,saveOnInactiveEvict=false]
18:13:59.075 [Executing testDoRefreshCredentialSupplier(org.conjur.jenkins.configuration.ConjurConfigurationTest)] DEBUG org.eclipse.jetty.util.component.AbstractLifeCycle -- stopping ScheduledExecutorScheduler@2ffccdc1{STARTED}
18:13:59.075 [Executing testDoRefreshCredentialSupplier(org.conjur.jenkins.configuration.ConjurConfigurationTest)] DEBUG org.eclipse.jetty.util.component.AbstractLifeCycle -- STOPPED ScheduledExecutorScheduler@2ffccdc1{STOPPED}
18:13:59.075 [Executing testDoRefreshCredentialSupplier(org.conjur.jenkins.configuration.ConjurConfigurationTest)] DEBUG org.eclipse.jetty.server.handler.AbstractHandler -- stopping org.eclipse.jetty.server.session.SessionHandler1929098746==dftMaxIdleSec=1800
18:13:59.075 [Executing testDoRefreshCredentialSupplier(org.conjur.jenkins.configuration.ConjurConfigurationTest)] DEBUG org.eclipse.jetty.util.component.AbstractLifeCycle -- stopping ConstraintSecurityHandler@6252ac9d{STARTED}
18:13:59.075 [Executing testDoRefreshCredentialSupplier(org.conjur.jenkins.configuration.ConjurConfigurationTest)] DEBUG org.eclipse.jetty.server.handler.AbstractHandler -- stopping ConstraintSecurityHandler@6252ac9d{STOPPING}
18:13:59.076 [Executing testDoRefreshCredentialSupplier(org.conjur.jenkins.configuration.ConjurConfigurationTest)] DEBUG org.eclipse.jetty.util.component.AbstractLifeCycle -- stopping HashLoginService@3f89283a[default]
18:13:59.076 [Executing testDoRefreshCredentialSupplier(org.conjur.jenkins.configuration.ConjurConfigurationTest)] DEBUG org.eclipse.jetty.util.component.AbstractLifeCycle -- stopping UserStore@3f9f5069{STARTED}
18:13:59.076 [Executing testDoRefreshCredentialSupplier(org.conjur.jenkins.configuration.ConjurConfigurationTest)] DEBUG org.eclipse.jetty.util.component.AbstractLifeCycle -- STOPPED UserStore@3f9f5069{STOPPED}
18:13:59.076 [Executing testDoRefreshCredentialSupplier(org.conjur.jenkins.configuration.ConjurConfigurationTest)] DEBUG org.eclipse.jetty.util.component.AbstractLifeCycle -- STOPPED HashLoginService@3f89283a[default]
18:13:59.076 [Executing testDoRefreshCredentialSupplier(org.conjur.jenkins.configuration.ConjurConfigurationTest)] DEBUG org.eclipse.jetty.util.component.AbstractLifeCycle -- stopping ServletHandler@60d90f09{STARTED}
18:13:59.077 [Executing testDoRefreshCredentialSupplier(org.conjur.jenkins.configuration.ConjurConfigurationTest)] DEBUG org.eclipse.jetty.server.handler.AbstractHandler -- stopping ServletHandler@60d90f09{STOPPING}
18:13:59.077 [Executing testDoRefreshCredentialSupplier(org.conjur.jenkins.configuration.ConjurConfigurationTest)] DEBUG org.eclipse.jetty.util.component.AbstractLifeCycle -- stopping plugins-filter==hudson.util.PluginServletFilter@276c619b{inst=true,async=true,src=DESCRIPTOR:file:///Users/sameer.shaik/MyWorkSpace/17OctV2.2.3-New-BitBucketIssueFixed/conjur-credentials-plugin/target/jenkins-for-test/WEB-INF/web.xml}
18:13:59.077 [Executing testDoRefreshCredentialSupplier(org.conjur.jenkins.configuration.ConjurConfigurationTest)] DEBUG org.eclipse.jetty.util.component.AbstractLifeCycle -- STOPPED plugins-filter==hudson.util.PluginServletFilter@276c619b{inst=false,async=true,src=DESCRIPTOR:file:///Users/sameer.shaik/MyWorkSpace/17OctV2.2.3-New-BitBucketIssueFixed/conjur-credentials-plugin/target/jenkins-for-test/WEB-INF/web.xml}
18:13:59.077 [Executing testDoRefreshCredentialSupplier(org.conjur.jenkins.configuration.ConjurConfigurationTest)] DEBUG org.eclipse.jetty.util.component.AbstractLifeCycle -- stopping csrf-filter==hudson.security.csrf.CrumbFilter@5fe4ee58{inst=true,async=true,src=DESCRIPTOR:file:///Users/sameer.shaik/MyWorkSpace/17OctV2.2.3-New-BitBucketIssueFixed/conjur-credentials-plugin/target/jenkins-for-test/WEB-INF/web.xml}
18:13:59.078 [Executing testDoRefreshCredentialSupplier(org.conjur.jenkins.configuration.ConjurConfigurationTest)] DEBUG org.eclipse.jetty.util.component.AbstractLifeCycle -- STOPPED csrf-filter==hudson.security.csrf.CrumbFilter@5fe4ee58{inst=false,async=true,src=DESCRIPTOR:file:///Users/sameer.shaik/MyWorkSpace/17OctV2.2.3-New-BitBucketIssueFixed/conjur-credentials-plugin/target/jenkins-for-test/WEB-INF/web.xml}
18:13:59.078 [Executing testDoRefreshCredentialSupplier(org.conjur.jenkins.configuration.ConjurConfigurationTest)] DEBUG org.eclipse.jetty.util.component.AbstractLifeCycle -- stopping authentication-filter==hudson.security.HudsonFilter@7ed6238f{inst=true,async=true,src=DESCRIPTOR:file:///Users/sameer.shaik/MyWorkSpace/17OctV2.2.3-New-BitBucketIssueFixed/conjur-credentials-plugin/target/jenkins-for-test/WEB-INF/web.xml}
18:13:59.078 [Executing testDoRefreshCredentialSupplier(org.conjur.jenkins.configuration.ConjurConfigurationTest)] DEBUG org.eclipse.jetty.util.component.AbstractLifeCycle -- STOPPED authentication-filter==hudson.security.HudsonFilter@7ed6238f{inst=false,async=true,src=DESCRIPTOR:file:///Users/sameer.shaik/MyWorkSpace/17OctV2.2.3-New-BitBucketIssueFixed/conjur-credentials-plugin/target/jenkins-for-test/WEB-INF/web.xml}
18:13:59.079 [Executing testDoRefreshCredentialSupplier(org.conjur.jenkins.configuration.ConjurConfigurationTest)] DEBUG org.eclipse.jetty.util.component.AbstractLifeCycle -- stopping compression-filter==org.kohsuke.stapler.compression.CompressionFilter@190b8d9e{inst=true,async=true,src=DESCRIPTOR:file:///Users/sameer.shaik/MyWorkSpace/17OctV2.2.3-New-BitBucketIssueFixed/conjur-credentials-plugin/target/jenkins-for-test/WEB-INF/web.xml}
18:13:59.079 [Executing testDoRefreshCredentialSupplier(org.conjur.jenkins.configuration.ConjurConfigurationTest)] DEBUG org.eclipse.jetty.util.component.AbstractLifeCycle -- STOPPED compression-filter==org.kohsuke.stapler.compression.CompressionFilter@190b8d9e{inst=false,async=true,src=DESCRIPTOR:file:///Users/sameer.shaik/MyWorkSpace/17OctV2.2.3-New-BitBucketIssueFixed/conjur-credentials-plugin/target/jenkins-for-test/WEB-INF/web.xml}
18:13:59.079 [Executing testDoRefreshCredentialSupplier(org.conjur.jenkins.configuration.ConjurConfigurationTest)] DEBUG org.eclipse.jetty.util.component.AbstractLifeCycle -- stopping encoding-filter==hudson.util.CharacterEncodingFilter@49963cdb{inst=true,async=true,src=DESCRIPTOR:file:///Users/sameer.shaik/MyWorkSpace/17OctV2.2.3-New-BitBucketIssueFixed/conjur-credentials-plugin/target/jenkins-for-test/WEB-INF/web.xml}
18:13:59.080 [Executing testDoRefreshCredentialSupplier(org.conjur.jenkins.configuration.ConjurConfigurationTest)] DEBUG org.eclipse.jetty.util.component.AbstractLifeCycle -- STOPPED encoding-filter==hudson.util.CharacterEncodingFilter@49963cdb{inst=false,async=true,src=DESCRIPTOR:file:///Users/sameer.shaik/MyWorkSpace/17OctV2.2.3-New-BitBucketIssueFixed/conjur-credentials-plugin/target/jenkins-for-test/WEB-INF/web.xml}
18:13:59.080 [Executing testDoRefreshCredentialSupplier(org.conjur.jenkins.configuration.ConjurConfigurationTest)] DEBUG org.eclipse.jetty.util.component.AbstractLifeCycle -- stopping diagnostic-name-filter==org.kohsuke.stapler.DiagnosticThreadNameFilter@6c19b15c{inst=true,async=true,src=DESCRIPTOR:file:///Users/sameer.shaik/MyWorkSpace/17OctV2.2.3-New-BitBucketIssueFixed/conjur-credentials-plugin/target/jenkins-for-test/WEB-INF/web.xml}
18:13:59.080 [Executing testDoRefreshCredentialSupplier(org.conjur.jenkins.configuration.ConjurConfigurationTest)] DEBUG org.eclipse.jetty.util.component.AbstractLifeCycle -- STOPPED diagnostic-name-filter==org.kohsuke.stapler.DiagnosticThreadNameFilter@6c19b15c{inst=false,async=true,src=DESCRIPTOR:file:///Users/sameer.shaik/MyWorkSpace/17OctV2.2.3-New-BitBucketIssueFixed/conjur-credentials-plugin/target/jenkins-for-test/WEB-INF/web.xml}
18:13:59.080 [Executing testDoRefreshCredentialSupplier(org.conjur.jenkins.configuration.ConjurConfigurationTest)] DEBUG org.eclipse.jetty.util.component.AbstractLifeCycle -- stopping suspicious-request-filter==jenkins.security.SuspiciousRequestFilter@5ec73fb7{inst=true,async=true,src=DESCRIPTOR:file:///Users/sameer.shaik/MyWorkSpace/17OctV2.2.3-New-BitBucketIssueFixed/conjur-credentials-plugin/target/jenkins-for-test/WEB-INF/web.xml}
18:13:59.081 [Executing testDoRefreshCredentialSupplier(org.conjur.jenkins.configuration.ConjurConfigurationTest)] DEBUG org.eclipse.jetty.util.component.AbstractLifeCycle -- STOPPED suspicious-request-filter==jenkins.security.SuspiciousRequestFilter@5ec73fb7{inst=false,async=true,src=DESCRIPTOR:file:///Users/sameer.shaik/MyWorkSpace/17OctV2.2.3-New-BitBucketIssueFixed/conjur-credentials-plugin/target/jenkins-for-test/WEB-INF/web.xml}
18:13:59.081 [Executing testDoRefreshCredentialSupplier(org.conjur.jenkins.configuration.ConjurConfigurationTest)] DEBUG org.eclipse.jetty.util.component.AbstractLifeCycle -- stopping Stapler==org.kohsuke.stapler.Stapler@f222d1a9{jsp=null,order=-1,inst=false,async=true,src=DESCRIPTOR:file:///Users/sameer.shaik/MyWorkSpace/17OctV2.2.3-New-BitBucketIssueFixed/conjur-credentials-plugin/target/jenkins-for-test/WEB-INF/web.xml,STARTED}
18:13:59.082 [Executing testDoRefreshCredentialSupplier(org.conjur.jenkins.configuration.ConjurConfigurationTest)] DEBUG org.eclipse.jetty.util.component.AbstractLifeCycle -- STOPPED Stapler==org.kohsuke.stapler.Stapler@f222d1a9{jsp=null,order=-1,inst=false,async=true,src=DESCRIPTOR:file:///Users/sameer.shaik/MyWorkSpace/17OctV2.2.3-New-BitBucketIssueFixed/conjur-credentials-plugin/target/jenkins-for-test/WEB-INF/web.xml,STOPPED}
18:13:59.082 [Executing testDoRefreshCredentialSupplier(org.conjur.jenkins.configuration.ConjurConfigurationTest)] DEBUG org.eclipse.jetty.util.component.AbstractLifeCycle -- stopping jsp==org.eclipse.jetty.servlet.NoJspServlet@19c47{jsp=null,order=0,inst=true,async=false,src=DESCRIPTOR:jar:file:/Users/sameer.shaik/.m2/repository/org/eclipse/jetty/jetty-webapp/9.4.48.v20220622/jetty-webapp-9.4.48.v20220622.jar!/org/eclipse/jetty/webapp/webdefault.xml,STARTED}
18:13:59.082 [Executing testDoRefreshCredentialSupplier(org.conjur.jenkins.configuration.ConjurConfigurationTest)] DEBUG org.eclipse.jetty.util.component.AbstractLifeCycle -- STOPPED jsp==org.eclipse.jetty.servlet.NoJspServlet@19c47{jsp=null,order=0,inst=false,async=false,src=DESCRIPTOR:jar:file:/Users/sameer.shaik/.m2/repository/org/eclipse/jetty/jetty-webapp/9.4.48.v20220622/jetty-webapp-9.4.48.v20220622.jar!/org/eclipse/jetty/webapp/webdefault.xml,STOPPED}
18:13:59.083 [Executing testDoRefreshCredentialSupplier(org.conjur.jenkins.configuration.ConjurConfigurationTest)] DEBUG org.eclipse.jetty.util.component.AbstractLifeCycle -- stopping default==org.eclipse.jetty.servlet.DefaultServlet@5c13d641{jsp=null,order=0,inst=true,async=false,src=DESCRIPTOR:jar:file:/Users/sameer.shaik/.m2/repository/org/eclipse/jetty/jetty-webapp/9.4.48.v20220622/jetty-webapp-9.4.48.v20220622.jar!/org/eclipse/jetty/webapp/webdefault.xml,STARTED}
18:13:59.083 [Executing testDoRefreshCredentialSupplier(org.conjur.jenkins.configuration.ConjurConfigurationTest)] DEBUG org.eclipse.jetty.util.component.AbstractLifeCycle -- STOPPED default==org.eclipse.jetty.servlet.DefaultServlet@5c13d641{jsp=null,order=0,inst=false,async=false,src=DESCRIPTOR:jar:file:/Users/sameer.shaik/.m2/repository/org/eclipse/jetty/jetty-webapp/9.4.48.v20220622/jetty-webapp-9.4.48.v20220622.jar!/org/eclipse/jetty/webapp/webdefault.xml,STOPPED}
18:13:59.084 [Executing testDoRefreshCredentialSupplier(org.conjur.jenkins.configuration.ConjurConfigurationTest)] DEBUG org.eclipse.jetty.server.handler.ContextHandler -- contextDestroyed: javax.servlet.ServletContextEvent[source=ServletContext@o.e.j.w.WebAppContext@1fe2a40d{Jenkins v2.346.3,/jenkins,file:///Users/sameer.shaik/MyWorkSpace/17OctV2.2.3-New-BitBucketIssueFixed/conjur-credentials-plugin/target/jenkins-for-test/,STOPPED}{/Users/sameer.shaik/MyWorkSpace/17OctV2.2.3-New-BitBucketIssueFixed/conjur-credentials-plugin/target/jenkins-for-test}]->jenkins.util.SystemProperties$Listener@3b7ddcb
18:13:59.085 [Executing testDoRefreshCredentialSupplier(org.conjur.jenkins.configuration.ConjurConfigurationTest)] DEBUG org.eclipse.jetty.server.handler.ContextHandler -- contextDestroyed: javax.servlet.ServletContextEvent[source=ServletContext@o.e.j.w.WebAppContext@1fe2a40d{Jenkins v2.346.3,/jenkins,file:///Users/sameer.shaik/MyWorkSpace/17OctV2.2.3-New-BitBucketIssueFixed/conjur-credentials-plugin/target/jenkins-for-test/,STOPPED}{/Users/sameer.shaik/MyWorkSpace/17OctV2.2.3-New-BitBucketIssueFixed/conjur-credentials-plugin/target/jenkins-for-test}]->org.eclipse.jetty.servlet.listener.IntrospectorCleaner@3c5ce589
18:13:59.086 [Executing testDoRefreshCredentialSupplier(org.conjur.jenkins.configuration.ConjurConfigurationTest)] DEBUG org.eclipse.jetty.server.handler.ContextHandler -- contextDestroyed: javax.servlet.ServletContextEvent[source=ServletContext@o.e.j.w.WebAppContext@1fe2a40d{Jenkins v2.346.3,/jenkins,file:///Users/sameer.shaik/MyWorkSpace/17OctV2.2.3-New-BitBucketIssueFixed/conjur-credentials-plugin/target/jenkins-for-test/,STOPPED}{/Users/sameer.shaik/MyWorkSpace/17OctV2.2.3-New-BitBucketIssueFixed/conjur-credentials-plugin/target/jenkins-for-test}]->org.eclipse.jetty.servlet.listener.ELContextCleaner@2efadaf6
18:13:59.087 [Executing testDoRefreshCredentialSupplier(org.conjur.jenkins.configuration.ConjurConfigurationTest)] DEBUG org.eclipse.jetty.util.component.AbstractLifeCycle -- stopping jenkins.JenkinsHttpSessionListener@5f61e582{src=DESCRIPTOR:file:///Users/sameer.shaik/MyWorkSpace/17OctV2.2.3-New-BitBucketIssueFixed/conjur-credentials-plugin/target/jenkins-for-test/WEB-INF/web.xml}
18:13:59.087 [Executing testDoRefreshCredentialSupplier(org.conjur.jenkins.configuration.ConjurConfigurationTest)] DEBUG org.eclipse.jetty.util.component.AbstractLifeCycle -- STOPPED jenkins.JenkinsHttpSessionListener@5f61e582{src=DESCRIPTOR:file:///Users/sameer.shaik/MyWorkSpace/17OctV2.2.3-New-BitBucketIssueFixed/conjur-credentials-plugin/target/jenkins-for-test/WEB-INF/web.xml}
18:13:59.087 [Executing testDoRefreshCredentialSupplier(org.conjur.jenkins.configuration.ConjurConfigurationTest)] DEBUG org.eclipse.jetty.util.component.AbstractLifeCycle -- stopping hudson.WebAppMain@7f7b5a2e{src=DESCRIPTOR:file:///Users/sameer.shaik/MyWorkSpace/17OctV2.2.3-New-BitBucketIssueFixed/conjur-credentials-plugin/target/jenkins-for-test/WEB-INF/web.xml}
18:13:59.088 [Executing testDoRefreshCredentialSupplier(org.conjur.jenkins.configuration.ConjurConfigurationTest)] DEBUG org.eclipse.jetty.util.component.AbstractLifeCycle -- STOPPED hudson.WebAppMain@7f7b5a2e{src=DESCRIPTOR:file:///Users/sameer.shaik/MyWorkSpace/17OctV2.2.3-New-BitBucketIssueFixed/conjur-credentials-plugin/target/jenkins-for-test/WEB-INF/web.xml}
18:13:59.088 [Executing testDoRefreshCredentialSupplier(org.conjur.jenkins.configuration.ConjurConfigurationTest)] DEBUG org.eclipse.jetty.util.component.AbstractLifeCycle -- stopping jenkins.util.SystemProperties$Listener@2722a9ca{src=DESCRIPTOR:file:///Users/sameer.shaik/MyWorkSpace/17OctV2.2.3-New-BitBucketIssueFixed/conjur-credentials-plugin/target/jenkins-for-test/WEB-INF/web.xml}
18:13:59.088 [Executing testDoRefreshCredentialSupplier(org.conjur.jenkins.configuration.ConjurConfigurationTest)] DEBUG org.eclipse.jetty.util.component.AbstractLifeCycle -- STOPPED jenkins.util.SystemProperties$Listener@2722a9ca{src=DESCRIPTOR:file:///Users/sameer.shaik/MyWorkSpace/17OctV2.2.3-New-BitBucketIssueFixed/conjur-credentials-plugin/target/jenkins-for-test/WEB-INF/web.xml}
18:13:59.089 [Executing testDoRefreshCredentialSupplier(org.conjur.jenkins.configuration.ConjurConfigurationTest)] DEBUG org.eclipse.jetty.util.component.AbstractLifeCycle -- stopping org.eclipse.jetty.servlet.listener.IntrospectorCleaner@46ace61e{src=DESCRIPTOR:jar:file:/Users/sameer.shaik/.m2/repository/org/eclipse/jetty/jetty-webapp/9.4.48.v20220622/jetty-webapp-9.4.48.v20220622.jar!/org/eclipse/jetty/webapp/webdefault.xml}
18:13:59.089 [Executing testDoRefreshCredentialSupplier(org.conjur.jenkins.configuration.ConjurConfigurationTest)] DEBUG org.eclipse.jetty.util.component.AbstractLifeCycle -- STOPPED org.eclipse.jetty.servlet.listener.IntrospectorCleaner@46ace61e{src=DESCRIPTOR:jar:file:/Users/sameer.shaik/.m2/repository/org/eclipse/jetty/jetty-webapp/9.4.48.v20220622/jetty-webapp-9.4.48.v20220622.jar!/org/eclipse/jetty/webapp/webdefault.xml}
18:13:59.089 [Executing testDoRefreshCredentialSupplier(org.conjur.jenkins.configuration.ConjurConfigurationTest)] DEBUG org.eclipse.jetty.util.component.AbstractLifeCycle -- stopping org.eclipse.jetty.servlet.listener.ELContextCleaner@402a6d75{src=DESCRIPTOR:jar:file:/Users/sameer.shaik/.m2/repository/org/eclipse/jetty/jetty-webapp/9.4.48.v20220622/jetty-webapp-9.4.48.v20220622.jar!/org/eclipse/jetty/webapp/webdefault.xml}
18:13:59.090 [Executing testDoRefreshCredentialSupplier(org.conjur.jenkins.configuration.ConjurConfigurationTest)] DEBUG org.eclipse.jetty.util.component.AbstractLifeCycle -- STOPPED org.eclipse.jetty.servlet.listener.ELContextCleaner@402a6d75{src=DESCRIPTOR:jar:file:/Users/sameer.shaik/.m2/repository/org/eclipse/jetty/jetty-webapp/9.4.48.v20220622/jetty-webapp-9.4.48.v20220622.jar!/org/eclipse/jetty/webapp/webdefault.xml}
18:13:59.090 [Executing testDoRefreshCredentialSupplier(org.conjur.jenkins.configuration.ConjurConfigurationTest)] DEBUG org.eclipse.jetty.util.component.AbstractLifeCycle -- STOPPED ServletHandler@60d90f09{STOPPED}
18:13:59.090 [Executing testDoRefreshCredentialSupplier(org.conjur.jenkins.configuration.ConjurConfigurationTest)] DEBUG org.eclipse.jetty.util.component.AbstractLifeCycle -- STOPPED ConstraintSecurityHandler@6252ac9d{STOPPED}
18:13:59.091 [Executing testDoRefreshCredentialSupplier(org.conjur.jenkins.configuration.ConjurConfigurationTest)] DEBUG org.eclipse.jetty.util.component.AbstractLifeCycle -- STOPPED org.eclipse.jetty.server.session.SessionHandler1929098746==dftMaxIdleSec=1800
18:13:59.091 [Executing testDoRefreshCredentialSupplier(org.conjur.jenkins.configuration.ConjurConfigurationTest)] DEBUG org.eclipse.jetty.util.component.AbstractLifeCycle -- stopping SymlinkAllowedResourceAliasChecker@5589cab7{base=/Users/sameer.shaik/MyWorkSpace/17OctV2.2.3-New-BitBucketIssueFixed/conjur-credentials-plugin/target/jenkins-for-test,protected=[/WEB-INF, /META-INF]}
18:13:59.091 [Executing testDoRefreshCredentialSupplier(org.conjur.jenkins.configuration.ConjurConfigurationTest)] DEBUG org.eclipse.jetty.util.component.AbstractLifeCycle -- STOPPED SymlinkAllowedResourceAliasChecker@5589cab7{base=null,protected=[/WEB-INF, /META-INF]}
18:13:59.092 [Executing testDoRefreshCredentialSupplier(org.conjur.jenkins.configuration.ConjurConfigurationTest)] INFO org.eclipse.jetty.server.handler.ContextHandler -- Stopped o.e.j.w.WebAppContext@1fe2a40d{Jenkins v2.346.3,/jenkins,file:///Users/sameer.shaik/MyWorkSpace/17OctV2.2.3-New-BitBucketIssueFixed/conjur-credentials-plugin/target/jenkins-for-test/,STOPPED}{/Users/sameer.shaik/MyWorkSpace/17OctV2.2.3-New-BitBucketIssueFixed/conjur-credentials-plugin/target/jenkins-for-test}
18:13:59.092 [Executing testDoRefreshCredentialSupplier(org.conjur.jenkins.configuration.ConjurConfigurationTest)] DEBUG org.eclipse.jetty.util.component.AbstractLifeCycle -- STOPPED o.e.j.w.WebAppContext@1fe2a40d{Jenkins v2.346.3,/jenkins,file:///Users/sameer.shaik/MyWorkSpace/17OctV2.2.3-New-BitBucketIssueFixed/conjur-credentials-plugin/target/jenkins-for-test/,STOPPED}{/Users/sameer.shaik/MyWorkSpace/17OctV2.2.3-New-BitBucketIssueFixed/conjur-credentials-plugin/target/jenkins-for-test}
18:13:59.092 [Executing testDoRefreshCredentialSupplier(org.conjur.jenkins.configuration.ConjurConfigurationTest)] DEBUG org.eclipse.jetty.util.component.AbstractLifeCycle -- stopping QueuedThreadPool[Jetty (JenkinsRule)]@6a70315f{STARTED,8<=10<=200,i=10,r=-1,q=0}[ReservedThreadExecutor@6c50b992{reserved=0/16,pending=0}]
18:13:59.093 [Executing testDoRefreshCredentialSupplier(org.conjur.jenkins.configuration.ConjurConfigurationTest)] DEBUG org.eclipse.jetty.util.thread.QueuedThreadPool -- Stopping QueuedThreadPool[Jetty (JenkinsRule)]@6a70315f{STOPPING,8<=10<=200,i=10,r=-1,q=0}[ReservedThreadExecutor@6c50b992{reserved=0/16,pending=0}]
18:13:59.093 [Executing testDoRefreshCredentialSupplier(org.conjur.jenkins.configuration.ConjurConfigurationTest)] DEBUG org.eclipse.jetty.util.component.AbstractLifeCycle -- stopping ReservedThreadExecutor@6c50b992{reserved=0/16,pending=0}
18:13:59.096 [Executing testDoRefreshCredentialSupplier(org.conjur.jenkins.configuration.ConjurConfigurationTest)] DEBUG org.eclipse.jetty.util.component.AbstractLifeCycle -- STOPPED ReservedThreadExecutor@6c50b992{reserved=-1/16,pending=0}
18:13:59.096 [Executing testDoRefreshCredentialSupplier(org.conjur.jenkins.configuration.ConjurConfigurationTest)] DEBUG org.eclipse.jetty.util.thread.QueuedThreadPool -- Waiting for Thread[Jetty (JenkinsRule)-39,5,main] for 14999
18:13:59.096 [Jetty (JenkinsRule)-40] DEBUG org.eclipse.jetty.util.thread.QueuedThreadPool -- run org.eclipse.jetty.util.thread.QueuedThreadPool$$Lambda$384/0x00000001402e18f0@243a553d in QueuedThreadPool[Jetty (JenkinsRule)]@6a70315f{STOPPING,8<=0<=200,i=10,r=-1,q=0}[NO_TRY]
18:13:59.096 [Jetty (JenkinsRule)-37] DEBUG org.eclipse.jetty.util.thread.QueuedThreadPool -- run org.eclipse.jetty.util.thread.QueuedThreadPool$$Lambda$384/0x00000001402e18f0@243a553d in QueuedThreadPool[Jetty (JenkinsRule)]@6a70315f{STOPPING,8<=0<=200,i=10,r=-1,q=0}[NO_TRY]
18:13:59.096 [Jetty (JenkinsRule)-39] DEBUG org.eclipse.jetty.util.thread.QueuedThreadPool -- run org.eclipse.jetty.util.thread.QueuedThreadPool$$Lambda$384/0x00000001402e18f0@243a553d in QueuedThreadPool[Jetty (JenkinsRule)]@6a70315f{STOPPING,8<=0<=200,i=10,r=-1,q=0}[NO_TRY]
18:13:59.096 [Jetty (JenkinsRule)-36] DEBUG org.eclipse.jetty.util.thread.QueuedThreadPool -- run org.eclipse.jetty.util.thread.QueuedThreadPool$$Lambda$384/0x00000001402e18f0@243a553d in QueuedThreadPool[Jetty (JenkinsRule)]@6a70315f{STOPPING,8<=0<=200,i=10,r=-1,q=0}[NO_TRY]
18:13:59.096 [Jetty (JenkinsRule)-35] DEBUG org.eclipse.jetty.util.thread.QueuedThreadPool -- run org.eclipse.jetty.util.thread.QueuedThreadPool$$Lambda$384/0x00000001402e18f0@243a553d in QueuedThreadPool[Jetty (JenkinsRule)]@6a70315f{STOPPING,8<=0<=200,i=10,r=-1,q=0}[NO_TRY]
18:13:59.096 [Jetty (JenkinsRule)-34] DEBUG org.eclipse.jetty.util.thread.QueuedThreadPool -- run org.eclipse.jetty.util.thread.QueuedThreadPool$$Lambda$384/0x00000001402e18f0@243a553d in QueuedThreadPool[Jetty (JenkinsRule)]@6a70315f{STOPPING,8<=0<=200,i=10,r=-1,q=0}[NO_TRY]
18:13:59.096 [Jetty (JenkinsRule)-33] DEBUG org.eclipse.jetty.util.thread.QueuedThreadPool -- run org.eclipse.jetty.util.thread.QueuedThreadPool$$Lambda$384/0x00000001402e18f0@243a553d in QueuedThreadPool[Jetty (JenkinsRule)]@6a70315f{STOPPING,8<=0<=200,i=10,r=-1,q=0}[NO_TRY]
18:13:59.097 [Jetty (JenkinsRule)-31] DEBUG org.eclipse.jetty.util.thread.QueuedThreadPool -- run org.eclipse.jetty.util.thread.QueuedThreadPool$$Lambda$384/0x00000001402e18f0@243a553d in QueuedThreadPool[Jetty (JenkinsRule)]@6a70315f{STOPPING,8<=0<=200,i=10,r=-1,q=0}[NO_TRY]
18:13:59.097 [Jetty (JenkinsRule)-32] DEBUG org.eclipse.jetty.util.thread.QueuedThreadPool -- run org.eclipse.jetty.util.thread.QueuedThreadPool$$Lambda$384/0x00000001402e18f0@243a553d in QueuedThreadPool[Jetty (JenkinsRule)]@6a70315f{STOPPING,8<=0<=200,i=10,r=-1,q=0}[NO_TRY]
18:13:59.097 [Jetty (JenkinsRule)-30] DEBUG org.eclipse.jetty.util.thread.QueuedThreadPool -- run org.eclipse.jetty.util.thread.QueuedThreadPool$$Lambda$384/0x00000001402e18f0@243a553d in QueuedThreadPool[Jetty (JenkinsRule)]@6a70315f{STOPPING,8<=0<=200,i=10,r=-1,q=0}[NO_TRY]
18:13:59.097 [Jetty (JenkinsRule)-40] DEBUG org.eclipse.jetty.util.thread.QueuedThreadPool -- ran org.eclipse.jetty.util.thread.QueuedThreadPool$$Lambda$384/0x00000001402e18f0@243a553d in QueuedThreadPool[Jetty (JenkinsRule)]@6a70315f{STOPPING,8<=0<=200,i=10,r=-1,q=0}[NO_TRY]
18:13:59.097 [Jetty (JenkinsRule)-37] DEBUG org.eclipse.jetty.util.thread.QueuedThreadPool -- ran org.eclipse.jetty.util.thread.QueuedThreadPool$$Lambda$384/0x00000001402e18f0@243a553d in QueuedThreadPool[Jetty (JenkinsRule)]@6a70315f{STOPPING,8<=0<=200,i=10,r=-1,q=0}[NO_TRY]
18:13:59.097 [Jetty (JenkinsRule)-39] DEBUG org.eclipse.jetty.util.thread.QueuedThreadPool -- ran org.eclipse.jetty.util.thread.QueuedThreadPool$$Lambda$384/0x00000001402e18f0@243a553d in QueuedThreadPool[Jetty (JenkinsRule)]@6a70315f{STOPPING,8<=0<=200,i=10,r=-1,q=0}[NO_TRY]
18:13:59.097 [Jetty (JenkinsRule)-36] DEBUG org.eclipse.jetty.util.thread.QueuedThreadPool -- ran org.eclipse.jetty.util.thread.QueuedThreadPool$$Lambda$384/0x00000001402e18f0@243a553d in QueuedThreadPool[Jetty (JenkinsRule)]@6a70315f{STOPPING,8<=0<=200,i=10,r=-1,q=0}[NO_TRY]
18:13:59.098 [Jetty (JenkinsRule)-35] DEBUG org.eclipse.jetty.util.thread.QueuedThreadPool -- ran org.eclipse.jetty.util.thread.QueuedThreadPool$$Lambda$384/0x00000001402e18f0@243a553d in QueuedThreadPool[Jetty (JenkinsRule)]@6a70315f{STOPPING,8<=0<=200,i=10,r=-1,q=0}[NO_TRY]
18:13:59.098 [Jetty (JenkinsRule)-34] DEBUG org.eclipse.jetty.util.thread.QueuedThreadPool -- ran org.eclipse.jetty.util.thread.QueuedThreadPool$$Lambda$384/0x00000001402e18f0@243a553d in QueuedThreadPool[Jetty (JenkinsRule)]@6a70315f{STOPPING,8<=0<=200,i=10,r=-1,q=0}[NO_TRY]
18:13:59.098 [Jetty (JenkinsRule)-33] DEBUG org.eclipse.jetty.util.thread.QueuedThreadPool -- ran org.eclipse.jetty.util.thread.QueuedThreadPool$$Lambda$384/0x00000001402e18f0@243a553d in QueuedThreadPool[Jetty (JenkinsRule)]@6a70315f{STOPPING,8<=0<=200,i=10,r=-1,q=0}[NO_TRY]
18:13:59.098 [Jetty (JenkinsRule)-31] DEBUG org.eclipse.jetty.util.thread.QueuedThreadPool -- ran org.eclipse.jetty.util.thread.QueuedThreadPool$$Lambda$384/0x00000001402e18f0@243a553d in QueuedThreadPool[Jetty (JenkinsRule)]@6a70315f{STOPPING,8<=0<=200,i=10,r=-1,q=0}[NO_TRY]
18:13:59.098 [Jetty (JenkinsRule)-32] DEBUG org.eclipse.jetty.util.thread.QueuedThreadPool -- ran org.eclipse.jetty.util.thread.QueuedThreadPool$$Lambda$384/0x00000001402e18f0@243a553d in QueuedThreadPool[Jetty (JenkinsRule)]@6a70315f{STOPPING,8<=0<=200,i=10,r=-1,q=0}[NO_TRY]
18:13:59.099 [Jetty (JenkinsRule)-30] DEBUG org.eclipse.jetty.util.thread.QueuedThreadPool -- ran org.eclipse.jetty.util.thread.QueuedThreadPool$$Lambda$384/0x00000001402e18f0@243a553d in QueuedThreadPool[Jetty (JenkinsRule)]@6a70315f{STOPPING,8<=0<=200,i=10,r=-1,q=0}[NO_TRY]
18:13:59.099 [Jetty (JenkinsRule)-40] DEBUG org.eclipse.jetty.util.thread.QueuedThreadPool -- Thread[Jetty (JenkinsRule)-40,5,main] exited for QueuedThreadPool[Jetty (JenkinsRule)]@6a70315f{STOPPING,8<=0<=200,i=10,r=-1,q=0}[NO_TRY]
18:13:59.099 [Jetty (JenkinsRule)-37] DEBUG org.eclipse.jetty.util.thread.QueuedThreadPool -- Thread[Jetty (JenkinsRule)-37,5,main] exited for QueuedThreadPool[Jetty (JenkinsRule)]@6a70315f{STOPPING,8<=0<=200,i=10,r=-1,q=0}[NO_TRY]
18:13:59.099 [Jetty (JenkinsRule)-39] DEBUG org.eclipse.jetty.util.thread.QueuedThreadPool -- Thread[Jetty (JenkinsRule)-39,5,main] exited for QueuedThreadPool[Jetty (JenkinsRule)]@6a70315f{STOPPING,8<=0<=200,i=10,r=-1,q=0}[NO_TRY]
18:13:59.099 [Jetty (JenkinsRule)-36] DEBUG org.eclipse.jetty.util.thread.QueuedThreadPool -- Thread[Jetty (JenkinsRule)-36,5,main] exited for QueuedThreadPool[Jetty (JenkinsRule)]@6a70315f{STOPPING,8<=0<=200,i=10,r=-1,q=0}[NO_TRY]
18:13:59.100 [Jetty (JenkinsRule)-35] DEBUG org.eclipse.jetty.util.thread.QueuedThreadPool -- Thread[Jetty (JenkinsRule)-35,5,main] exited for QueuedThreadPool[Jetty (JenkinsRule)]@6a70315f{STOPPING,8<=0<=200,i=10,r=-1,q=0}[NO_TRY]
18:13:59.100 [Jetty (JenkinsRule)-34] DEBUG org.eclipse.jetty.util.thread.QueuedThreadPool -- Thread[Jetty (JenkinsRule)-34,5,main] exited for QueuedThreadPool[Jetty (JenkinsRule)]@6a70315f{STOPPING,8<=0<=200,i=10,r=-1,q=0}[NO_TRY]
18:13:59.100 [Jetty (JenkinsRule)-33] DEBUG org.eclipse.jetty.util.thread.QueuedThreadPool -- Thread[Jetty (JenkinsRule)-33,5,main] exited for QueuedThreadPool[Jetty (JenkinsRule)]@6a70315f{STOPPING,8<=0<=200,i=10,r=-1,q=0}[NO_TRY]
18:13:59.100 [Jetty (JenkinsRule)-31] DEBUG org.eclipse.jetty.util.thread.QueuedThreadPool -- Thread[Jetty (JenkinsRule)-31,5,main] exited for QueuedThreadPool[Jetty (JenkinsRule)]@6a70315f{STOPPING,8<=0<=200,i=10,r=-1,q=0}[NO_TRY]
18:13:59.100 [Jetty (JenkinsRule)-32] DEBUG org.eclipse.jetty.util.thread.QueuedThreadPool -- Thread[Jetty (JenkinsRule)-32,5,main] exited for QueuedThreadPool[Jetty (JenkinsRule)]@6a70315f{STOPPING,8<=0<=200,i=10,r=-1,q=0}[NO_TRY]
18:13:59.101 [Jetty (JenkinsRule)-30] DEBUG org.eclipse.jetty.util.thread.QueuedThreadPool -- Thread[Jetty (JenkinsRule)-30,5,main] exited for QueuedThreadPool[Jetty (JenkinsRule)]@6a70315f{STOPPING,8<=0<=200,i=10,r=-1,q=0}[NO_TRY]
18:13:59.101 [Executing testDoRefreshCredentialSupplier(org.conjur.jenkins.configuration.ConjurConfigurationTest)] DEBUG org.eclipse.jetty.util.thread.QueuedThreadPool -- Waiting for Thread[Jetty (JenkinsRule)-33,5,main] for 14994
18:13:59.103 [Executing testDoRefreshCredentialSupplier(org.conjur.jenkins.configuration.ConjurConfigurationTest)] DEBUG org.eclipse.jetty.util.component.AbstractLifeCycle -- STOPPED QueuedThreadPool[Jetty (JenkinsRule)]@6a70315f{STOPPED,8<=0<=200,i=10,r=-1,q=0}[NO_TRY]
18:13:59.103 [Executing testDoRefreshCredentialSupplier(org.conjur.jenkins.configuration.ConjurConfigurationTest)] DEBUG org.eclipse.jetty.util.component.AbstractLifeCycle -- STOPPED Server@2a062be8{STOPPED}[9.4.48.v20220622]
]]></system-out>
    <system-err><![CDATA[   0.069 [id=29]	INFO	o.jvnet.hudson.test.WarExploder#explode: Picking up existing exploded jenkins.war at /Users/sameer.shaik/MyWorkSpace/17OctV2.2.3-New-BitBucketIssueFixed/conjur-credentials-plugin/target/jenkins-for-test
   0.323 [id=29]	INFO	o.jvnet.hudson.test.JenkinsRule#createWebServer: Running on http://localhost:51392/jenkins/
   0.677 [id=45]	INFO	jenkins.InitReactorRunner$1#onAttained: Started initialization
   1.347 [id=68]	INFO	hudson.PluginManager#considerDetachedPlugin: Loading a detached plugin as a dependency: /var/folders/7l/pdqsj03n6jsc22xd922cp7v40000gp/T/jenkins10996639351893100353/plugins/javax-mail-api.jpi
   2.033 [id=74]	INFO	hudson.PluginManager#considerDetachedPlugin: Loading a detached plugin as a dependency: /var/folders/7l/pdqsj03n6jsc22xd922cp7v40000gp/T/jenkins10996639351893100353/plugins/sshd.jpi
   5.983 [id=55]	INFO	hudson.PluginManager#considerDetachedPlugin: Loading a detached plugin as a dependency: /var/folders/7l/pdqsj03n6jsc22xd922cp7v40000gp/T/jenkins10996639351893100353/plugins/bouncycastle-api.jpi
   6.195 [id=55]	INFO	hudson.PluginManager#considerDetachedPlugin: Loading a detached plugin as a dependency: /var/folders/7l/pdqsj03n6jsc22xd922cp7v40000gp/T/jenkins10996639351893100353/plugins/command-launcher.jpi
   6.283 [id=55]	INFO	hudson.PluginManager#considerDetachedPlugin: Loading a detached plugin as a dependency: /var/folders/7l/pdqsj03n6jsc22xd922cp7v40000gp/T/jenkins10996639351893100353/plugins/jdk-tool.jpi
   6.457 [id=64]	INFO	jenkins.InitReactorRunner$1#onAttained: Listed all plugins
   7.976 [id=69]	INFO	jenkins.InitReactorRunner$1#onAttained: Prepared all plugins
   7.982 [id=61]	INFO	jenkins.InitReactorRunner$1#onAttained: Started all plugins
   7.983 [id=72]	INFO	jenkins.InitReactorRunner$1#onAttained: Augmented all extensions
   8.736 [id=66]	INFO	jenkins.InitReactorRunner$1#onAttained: System config loaded
   8.736 [id=44]	INFO	jenkins.InitReactorRunner$1#onAttained: System config adapted
   8.737 [id=69]	INFO	jenkins.InitReactorRunner$1#onAttained: Loaded all jobs
   8.743 [id=46]	INFO	jenkins.InitReactorRunner$1#onAttained: Configuration for all jobs updated
   8.904 [id=58]	INFO	jenkins.InitReactorRunner$1#onAttained: Completed initialization
   9.843 [id=29]	INFO	hudson.lifecycle.Lifecycle#onStatusUpdate: Stopping Jenkins
  10.323 [id=29]	INFO	hudson.lifecycle.Lifecycle#onStatusUpdate: Jenkins stopped
]]></system-err>
  </testcase>
  <testcase name="addConjurCredential" classname="org.conjur.jenkins.configuration.ConjurConfigurationTest" time="2.11">
    <system-out><![CDATA[=== Starting addConjurCredential(org.conjur.jenkins.configuration.ConjurConfigurationTest)
18:13:59.692 [Executing addConjurCredential(org.conjur.jenkins.configuration.ConjurConfigurationTest)] DEBUG org.eclipse.jetty.util.component.ContainerLifeCycle -- QueuedThreadPool[qtp904615113]@35eb54c9{STOPPED,8<=0<=200,i=0,r=-1,q=0}[NO_TRY] added {org.eclipse.jetty.util.thread.ThreadPoolBudget@3b2cbc04,POJO}
18:13:59.693 [Executing addConjurCredential(org.conjur.jenkins.configuration.ConjurConfigurationTest)] DEBUG org.eclipse.jetty.util.component.ContainerLifeCycle -- Server@3f133fb9{STOPPED}[9.4.48.v20220622] added {QueuedThreadPool[Jetty (JenkinsRule)]@35eb54c9{STOPPED,8<=0<=200,i=0,r=-1,q=0}[NO_TRY],AUTO}
18:13:59.693 [Executing addConjurCredential(org.conjur.jenkins.configuration.ConjurConfigurationTest)] DEBUG org.eclipse.jetty.util.component.ContainerLifeCycle -- o.e.j.w.WebAppContext@7a11b63f{/,null,STOPPED} added {SymlinkAllowedResourceAliasChecker@15b3e8a8{base=null,protected=null},MANAGED}
18:13:59.693 [Executing addConjurCredential(org.conjur.jenkins.configuration.ConjurConfigurationTest)] DEBUG org.eclipse.jetty.util.DecoratedObjectFactory -- Adding Decorator: org.eclipse.jetty.util.DeprecationWarning@4b21aa86
18:13:59.693 [Executing addConjurCredential(org.conjur.jenkins.configuration.ConjurConfigurationTest)] DEBUG org.eclipse.jetty.util.component.ContainerLifeCycle -- o.e.j.w.WebAppContext@7a11b63f{/jenkins,null,STOPPED} added {org.eclipse.jetty.server.session.SessionHandler1835641516==dftMaxIdleSec=-1,MANAGED}
18:13:59.694 [Executing addConjurCredential(org.conjur.jenkins.configuration.ConjurConfigurationTest)] DEBUG org.eclipse.jetty.util.component.ContainerLifeCycle -- ConstraintSecurityHandler@1a3e4970{STOPPED} added {org.eclipse.jetty.util.component.DumpableCollection@10c20437,POJO}
18:13:59.694 [Executing addConjurCredential(org.conjur.jenkins.configuration.ConjurConfigurationTest)] DEBUG org.eclipse.jetty.util.component.ContainerLifeCycle -- org.eclipse.jetty.server.session.SessionHandler1835641516==dftMaxIdleSec=-1 added {ConstraintSecurityHandler@1a3e4970{STOPPED},MANAGED}
18:13:59.694 [Executing addConjurCredential(org.conjur.jenkins.configuration.ConjurConfigurationTest)] DEBUG org.eclipse.jetty.util.component.ContainerLifeCycle -- ConstraintSecurityHandler@1a3e4970{STOPPED} added {ServletHandler@5671f933{STOPPED},MANAGED}
18:13:59.695 [Executing addConjurCredential(org.conjur.jenkins.configuration.ConjurConfigurationTest)] DEBUG org.eclipse.jetty.util.component.ContainerLifeCycle -- o.e.j.w.WebAppContext@7a11b63f{/jenkins,null,STOPPED} added {ErrorPageErrorHandler@766d059b{STOPPED},MANAGED}
18:13:59.695 [Executing addConjurCredential(org.conjur.jenkins.configuration.ConjurConfigurationTest)] DEBUG org.eclipse.jetty.util.component.ContainerLifeCycle -- o.e.j.w.WebAppContext@7a11b63f{/jenkins,null,STOPPED}{/Users/sameer.shaik/MyWorkSpace/17OctV2.2.3-New-BitBucketIssueFixed/conjur-credentials-plugin/target/jenkins-for-test} added {NoListenerConfiguration@1e70b7ef{STOPPED},AUTO}
18:13:59.695 [Executing addConjurCredential(org.conjur.jenkins.configuration.ConjurConfigurationTest)] DEBUG org.eclipse.jetty.util.component.ContainerLifeCycle -- Server@3f133fb9{STOPPED}[9.4.48.v20220622] added {o.e.j.w.WebAppContext@7a11b63f{/jenkins,null,STOPPED}{/Users/sameer.shaik/MyWorkSpace/17OctV2.2.3-New-BitBucketIssueFixed/conjur-credentials-plugin/target/jenkins-for-test},MANAGED}
18:13:59.696 [Executing addConjurCredential(org.conjur.jenkins.configuration.ConjurConfigurationTest)] DEBUG org.eclipse.jetty.util.component.ContainerLifeCycle -- HashLoginService@1e13ebaa[null] added {org.eclipse.jetty.security.DefaultIdentityService@4772213a,POJO}
18:13:59.696 [Executing addConjurCredential(org.conjur.jenkins.configuration.ConjurConfigurationTest)] DEBUG org.eclipse.jetty.util.component.ContainerLifeCycle -- HashLoginService@1e13ebaa[default] added {UserStore@592db592{STOPPED},AUTO}
18:13:59.696 [Executing addConjurCredential(org.conjur.jenkins.configuration.ConjurConfigurationTest)] DEBUG org.eclipse.jetty.util.component.ContainerLifeCycle -- ConstraintSecurityHandler@1a3e4970{STOPPED} added {HashLoginService@1e13ebaa[default],AUTO}
18:13:59.697 [Executing addConjurCredential(org.conjur.jenkins.configuration.ConjurConfigurationTest)] DEBUG org.eclipse.jetty.util.component.ContainerLifeCycle -- HttpConnectionFactory@142e24b8[HTTP/1.1] added {HttpConfiguration@4669443a{32768/8192,8192/8192,https://:0,[]},POJO}
18:13:59.698 [Executing addConjurCredential(org.conjur.jenkins.configuration.ConjurConfigurationTest)] DEBUG org.eclipse.jetty.util.component.ContainerLifeCycle -- ServerConnector@fcafe6b{null, ()}{0.0.0.0:0} added {Server@3f133fb9{STOPPED}[9.4.48.v20220622],UNMANAGED}
18:13:59.699 [Executing addConjurCredential(org.conjur.jenkins.configuration.ConjurConfigurationTest)] DEBUG org.eclipse.jetty.util.component.ContainerLifeCycle -- ServerConnector@fcafe6b{null, ()}{0.0.0.0:0} added {QueuedThreadPool[Jetty (JenkinsRule)]@35eb54c9{STOPPED,8<=0<=200,i=0,r=-1,q=0}[NO_TRY],AUTO}
18:13:59.699 [Executing addConjurCredential(org.conjur.jenkins.configuration.ConjurConfigurationTest)] DEBUG org.eclipse.jetty.util.component.ContainerLifeCycle -- ServerConnector@fcafe6b{null, ()}{0.0.0.0:0} added {ScheduledExecutorScheduler@7abcaa87{STOPPED},AUTO}
18:13:59.700 [Executing addConjurCredential(org.conjur.jenkins.configuration.ConjurConfigurationTest)] DEBUG org.eclipse.jetty.util.component.ContainerLifeCycle -- ServerConnector@fcafe6b{null, ()}{0.0.0.0:0} added {ArrayByteBufferPool@1f524a8c{minBufferCapacity=0, maxBufferCapacity=65536, maxQueueLength=-1, factor=1024},POJO}
18:13:59.700 [Executing addConjurCredential(org.conjur.jenkins.configuration.ConjurConfigurationTest)] DEBUG org.eclipse.jetty.util.component.ContainerLifeCycle -- ServerConnector@fcafe6b{null, (http/1.1)}{0.0.0.0:0} added {HttpConnectionFactory@142e24b8[HTTP/1.1],AUTO}
18:13:59.701 [Executing addConjurCredential(org.conjur.jenkins.configuration.ConjurConfigurationTest)] DEBUG org.eclipse.jetty.server.AbstractConnector -- ServerConnector@fcafe6b{HTTP/1.1, (http/1.1)}{0.0.0.0:0} added HttpConnectionFactory@142e24b8[HTTP/1.1]
18:13:59.701 [Executing addConjurCredential(org.conjur.jenkins.configuration.ConjurConfigurationTest)] DEBUG org.eclipse.jetty.util.component.ContainerLifeCycle -- ServerConnector@fcafe6b{HTTP/1.1, (http/1.1)}{0.0.0.0:0} added {SelectorManager@ServerConnector@fcafe6b{HTTP/1.1, (http/1.1)}{0.0.0.0:0},MANAGED}
18:13:59.701 [Executing addConjurCredential(org.conjur.jenkins.configuration.ConjurConfigurationTest)] DEBUG org.eclipse.jetty.util.component.ContainerLifeCycle -- Server@3f133fb9{STOPPED}[9.4.48.v20220622] added {ServerConnector@fcafe6b{HTTP/1.1, (http/1.1)}{localhost:0},AUTO}
18:13:59.702 [Executing addConjurCredential(org.conjur.jenkins.configuration.ConjurConfigurationTest)] DEBUG org.eclipse.jetty.util.component.AbstractLifeCycle -- starting Server@3f133fb9{STOPPED}[9.4.48.v20220622]
18:13:59.702 [Executing addConjurCredential(org.conjur.jenkins.configuration.ConjurConfigurationTest)] DEBUG org.eclipse.jetty.util.component.ContainerLifeCycle -- Server@3f133fb9{STARTING}[9.4.48.v20220622] added {ErrorHandler@139685c8{STOPPED},AUTO}
18:13:59.702 [Executing addConjurCredential(org.conjur.jenkins.configuration.ConjurConfigurationTest)] INFO org.eclipse.jetty.server.Server -- jetty-9.4.48.v20220622; built: 2022-06-21T20:42:25.880Z; git: 6b67c5719d1f4371b33655ff2d047d24e171e49a; jvm 17.0.11+9-adhoc.admin.jdk17u
18:13:59.702 [Executing addConjurCredential(org.conjur.jenkins.configuration.ConjurConfigurationTest)] DEBUG org.eclipse.jetty.server.handler.AbstractHandler -- starting Server@3f133fb9{STARTING}[9.4.48.v20220622]
18:13:59.703 [Executing addConjurCredential(org.conjur.jenkins.configuration.ConjurConfigurationTest)] DEBUG org.eclipse.jetty.util.component.AbstractLifeCycle -- starting QueuedThreadPool[Jetty (JenkinsRule)]@35eb54c9{STOPPED,8<=0<=200,i=0,r=-1,q=0}[NO_TRY]
18:13:59.703 [Executing addConjurCredential(org.conjur.jenkins.configuration.ConjurConfigurationTest)] DEBUG org.eclipse.jetty.util.thread.ReservedThreadExecutor -- ReservedThreadExecutor@4b771877{reserved=0/16,pending=0}
18:13:59.703 [Executing addConjurCredential(org.conjur.jenkins.configuration.ConjurConfigurationTest)] DEBUG org.eclipse.jetty.util.component.ContainerLifeCycle -- QueuedThreadPool[Jetty (JenkinsRule)]@35eb54c9{STARTING,8<=0<=200,i=0,r=-1,q=0}[ReservedThreadExecutor@4b771877{reserved=0/16,pending=0}] added {ReservedThreadExecutor@4b771877{reserved=0/16,pending=0},AUTO}
18:13:59.703 [Executing addConjurCredential(org.conjur.jenkins.configuration.ConjurConfigurationTest)] DEBUG org.eclipse.jetty.util.component.AbstractLifeCycle -- starting ReservedThreadExecutor@4b771877{reserved=0/16,pending=0}
18:13:59.704 [Executing addConjurCredential(org.conjur.jenkins.configuration.ConjurConfigurationTest)] DEBUG org.eclipse.jetty.util.component.AbstractLifeCycle -- STARTED @12738ms ReservedThreadExecutor@4b771877{reserved=0/16,pending=0}
18:13:59.704 [Executing addConjurCredential(org.conjur.jenkins.configuration.ConjurConfigurationTest)] DEBUG org.eclipse.jetty.util.thread.QueuedThreadPool -- Starting Thread[Jetty (JenkinsRule)-107,5,main]
18:13:59.704 [Executing addConjurCredential(org.conjur.jenkins.configuration.ConjurConfigurationTest)] DEBUG org.eclipse.jetty.util.thread.QueuedThreadPool -- Starting Thread[Jetty (JenkinsRule)-108,5,main]
18:13:59.705 [Jetty (JenkinsRule)-107] DEBUG org.eclipse.jetty.util.thread.QueuedThreadPool -- Runner started for QueuedThreadPool[Jetty (JenkinsRule)]@35eb54c9{STARTING,8<=2<=200,i=2,r=-1,q=0}[ReservedThreadExecutor@4b771877{reserved=0/16,pending=0}]
18:13:59.705 [Executing addConjurCredential(org.conjur.jenkins.configuration.ConjurConfigurationTest)] DEBUG org.eclipse.jetty.util.thread.QueuedThreadPool -- Starting Thread[Jetty (JenkinsRule)-109,5,main]
18:13:59.705 [Jetty (JenkinsRule)-108] DEBUG org.eclipse.jetty.util.thread.QueuedThreadPool -- Runner started for QueuedThreadPool[Jetty (JenkinsRule)]@35eb54c9{STARTING,8<=3<=200,i=3,r=-1,q=0}[ReservedThreadExecutor@4b771877{reserved=0/16,pending=0}]
18:13:59.705 [Executing addConjurCredential(org.conjur.jenkins.configuration.ConjurConfigurationTest)] DEBUG org.eclipse.jetty.util.thread.QueuedThreadPool -- Starting Thread[Jetty (JenkinsRule)-110,5,main]
18:13:59.706 [Jetty (JenkinsRule)-109] DEBUG org.eclipse.jetty.util.thread.QueuedThreadPool -- Runner started for QueuedThreadPool[Jetty (JenkinsRule)]@35eb54c9{STARTING,8<=4<=200,i=4,r=-1,q=0}[ReservedThreadExecutor@4b771877{reserved=0/16,pending=0}]
18:13:59.706 [Executing addConjurCredential(org.conjur.jenkins.configuration.ConjurConfigurationTest)] DEBUG org.eclipse.jetty.util.thread.QueuedThreadPool -- Starting Thread[Jetty (JenkinsRule)-111,5,main]
18:13:59.706 [Jetty (JenkinsRule)-110] DEBUG org.eclipse.jetty.util.thread.QueuedThreadPool -- Runner started for QueuedThreadPool[Jetty (JenkinsRule)]@35eb54c9{STARTING,8<=5<=200,i=5,r=-1,q=0}[ReservedThreadExecutor@4b771877{reserved=0/16,pending=0}]
18:13:59.706 [Executing addConjurCredential(org.conjur.jenkins.configuration.ConjurConfigurationTest)] DEBUG org.eclipse.jetty.util.thread.QueuedThreadPool -- Starting Thread[Jetty (JenkinsRule)-112,5,main]
18:13:59.706 [Jetty (JenkinsRule)-111] DEBUG org.eclipse.jetty.util.thread.QueuedThreadPool -- Runner started for QueuedThreadPool[Jetty (JenkinsRule)]@35eb54c9{STARTING,8<=6<=200,i=6,r=-1,q=0}[ReservedThreadExecutor@4b771877{reserved=0/16,pending=0}]
18:13:59.707 [Executing addConjurCredential(org.conjur.jenkins.configuration.ConjurConfigurationTest)] DEBUG org.eclipse.jetty.util.thread.QueuedThreadPool -- Starting Thread[Jetty (JenkinsRule)-113,5,main]
18:13:59.707 [Jetty (JenkinsRule)-112] DEBUG org.eclipse.jetty.util.thread.QueuedThreadPool -- Runner started for QueuedThreadPool[Jetty (JenkinsRule)]@35eb54c9{STARTING,8<=7<=200,i=7,r=-1,q=0}[ReservedThreadExecutor@4b771877{reserved=0/16,pending=0}]
18:13:59.707 [Executing addConjurCredential(org.conjur.jenkins.configuration.ConjurConfigurationTest)] DEBUG org.eclipse.jetty.util.thread.QueuedThreadPool -- Starting Thread[Jetty (JenkinsRule)-114,5,main]
18:13:59.707 [Jetty (JenkinsRule)-113] DEBUG org.eclipse.jetty.util.thread.QueuedThreadPool -- Runner started for QueuedThreadPool[Jetty (JenkinsRule)]@35eb54c9{STARTING,8<=8<=200,i=8,r=-1,q=0}[ReservedThreadExecutor@4b771877{reserved=0/16,pending=0}]
18:13:59.708 [Executing addConjurCredential(org.conjur.jenkins.configuration.ConjurConfigurationTest)] DEBUG org.eclipse.jetty.util.component.AbstractLifeCycle -- STARTED @12742ms QueuedThreadPool[Jetty (JenkinsRule)]@35eb54c9{STARTED,8<=8<=200,i=8,r=-1,q=0}[ReservedThreadExecutor@4b771877{reserved=0/16,pending=0}]
18:13:59.708 [Jetty (JenkinsRule)-114] DEBUG org.eclipse.jetty.util.thread.QueuedThreadPool -- Runner started for QueuedThreadPool[Jetty (JenkinsRule)]@35eb54c9{STARTED,8<=8<=200,i=8,r=-1,q=0}[ReservedThreadExecutor@4b771877{reserved=0/16,pending=0}]
18:13:59.708 [Executing addConjurCredential(org.conjur.jenkins.configuration.ConjurConfigurationTest)] DEBUG org.eclipse.jetty.util.component.AbstractLifeCycle -- starting o.e.j.w.WebAppContext@7a11b63f{/jenkins,file:///Users/sameer.shaik/MyWorkSpace/17OctV2.2.3-New-BitBucketIssueFixed/conjur-credentials-plugin/target/jenkins-for-test/,STOPPED}{/Users/sameer.shaik/MyWorkSpace/17OctV2.2.3-New-BitBucketIssueFixed/conjur-credentials-plugin/target/jenkins-for-test}
18:13:59.709 [Executing addConjurCredential(org.conjur.jenkins.configuration.ConjurConfigurationTest)] DEBUG org.eclipse.jetty.webapp.WebAppContext -- Thread Context classloader jdk.internal.loader.ClassLoaders$AppClassLoader@5ffd2b27
18:13:59.710 [Executing addConjurCredential(org.conjur.jenkins.configuration.ConjurConfigurationTest)] DEBUG org.eclipse.jetty.webapp.WebAppContext -- Parent class loader: jdk.internal.loader.ClassLoaders$PlatformClassLoader@36dce7ed 
18:13:59.710 [Executing addConjurCredential(org.conjur.jenkins.configuration.ConjurConfigurationTest)] DEBUG org.eclipse.jetty.webapp.WebAppContext -- preConfigure o.e.j.w.WebAppContext@7a11b63f{/jenkins,file:///Users/sameer.shaik/MyWorkSpace/17OctV2.2.3-New-BitBucketIssueFixed/conjur-credentials-plugin/target/jenkins-for-test/,STOPPED}{/Users/sameer.shaik/MyWorkSpace/17OctV2.2.3-New-BitBucketIssueFixed/conjur-credentials-plugin/target/jenkins-for-test} with org.eclipse.jetty.webapp.WebXmlConfiguration@2f9de877
18:13:59.722 [Executing addConjurCredential(org.conjur.jenkins.configuration.ConjurConfigurationTest)] DEBUG org.eclipse.jetty.webapp.WebDescriptor -- jar:file:/Users/sameer.shaik/.m2/repository/org/eclipse/jetty/jetty-webapp/9.4.48.v20220622/jetty-webapp-9.4.48.v20220622.jar!/org/eclipse/jetty/webapp/webdefault.xml: Calculated metadatacomplete = False with version=3.1
18:13:59.736 [Executing addConjurCredential(org.conjur.jenkins.configuration.ConjurConfigurationTest)] DEBUG org.eclipse.jetty.webapp.WebDescriptor -- file:///Users/sameer.shaik/MyWorkSpace/17OctV2.2.3-New-BitBucketIssueFixed/conjur-credentials-plugin/target/jenkins-for-test/WEB-INF/web.xml: Calculated metadatacomplete = True with version=3.1
18:13:59.737 [Executing addConjurCredential(org.conjur.jenkins.configuration.ConjurConfigurationTest)] DEBUG org.eclipse.jetty.webapp.WebAppContext -- configure o.e.j.w.WebAppContext@7a11b63f{/jenkins,file:///Users/sameer.shaik/MyWorkSpace/17OctV2.2.3-New-BitBucketIssueFixed/conjur-credentials-plugin/target/jenkins-for-test/,STARTING}{/Users/sameer.shaik/MyWorkSpace/17OctV2.2.3-New-BitBucketIssueFixed/conjur-credentials-plugin/target/jenkins-for-test} with org.eclipse.jetty.webapp.WebXmlConfiguration@2f9de877
18:13:59.737 [Executing addConjurCredential(org.conjur.jenkins.configuration.ConjurConfigurationTest)] DEBUG org.eclipse.jetty.webapp.MetaData -- metadata resolve o.e.j.w.WebAppContext@7a11b63f{/jenkins,file:///Users/sameer.shaik/MyWorkSpace/17OctV2.2.3-New-BitBucketIssueFixed/conjur-credentials-plugin/target/jenkins-for-test/,STARTING}{/Users/sameer.shaik/MyWorkSpace/17OctV2.2.3-New-BitBucketIssueFixed/conjur-credentials-plugin/target/jenkins-for-test}
18:13:59.738 [Executing addConjurCredential(org.conjur.jenkins.configuration.ConjurConfigurationTest)] DEBUG org.eclipse.jetty.util.component.ContainerLifeCycle -- ServletHandler@5671f933{STOPPED} added {org.eclipse.jetty.servlet.listener.ELContextCleaner@311469b4{src=DESCRIPTOR:jar:file:/Users/sameer.shaik/.m2/repository/org/eclipse/jetty/jetty-webapp/9.4.48.v20220622/jetty-webapp-9.4.48.v20220622.jar!/org/eclipse/jetty/webapp/webdefault.xml},AUTO}
18:13:59.738 [Executing addConjurCredential(org.conjur.jenkins.configuration.ConjurConfigurationTest)] DEBUG org.eclipse.jetty.util.component.ContainerLifeCycle -- ServletHandler@5671f933{STOPPED} added {org.eclipse.jetty.servlet.listener.IntrospectorCleaner@718af1b1{src=DESCRIPTOR:jar:file:/Users/sameer.shaik/.m2/repository/org/eclipse/jetty/jetty-webapp/9.4.48.v20220622/jetty-webapp-9.4.48.v20220622.jar!/org/eclipse/jetty/webapp/webdefault.xml},AUTO}
18:13:59.739 [Executing addConjurCredential(org.conjur.jenkins.configuration.ConjurConfigurationTest)] DEBUG org.eclipse.jetty.webapp.StandardDescriptorProcessor -- Added mapping [/]=>default 
18:13:59.740 [Executing addConjurCredential(org.conjur.jenkins.configuration.ConjurConfigurationTest)] INFO org.eclipse.jetty.webapp.StandardDescriptorProcessor -- NO JSP Support for /jenkins, did not find org.eclipse.jetty.jsp.JettyJspServlet
18:13:59.740 [Executing addConjurCredential(org.conjur.jenkins.configuration.ConjurConfigurationTest)] DEBUG org.eclipse.jetty.webapp.StandardDescriptorProcessor -- Added mapping [*.jsp, *.jspf, *.jspx, *.xsp, *.JSP, *.JSPF, *.JSPX, *.XSP]=>jsp 
18:13:59.740 [Executing addConjurCredential(org.conjur.jenkins.configuration.ConjurConfigurationTest)] DEBUG org.eclipse.jetty.server.session -- SessionManager default maxInactiveInterval=1800
18:13:59.741 [Executing addConjurCredential(org.conjur.jenkins.configuration.ConjurConfigurationTest)] DEBUG org.eclipse.jetty.util.component.ContainerLifeCycle -- ServletHandler@5671f933{STOPPED} added {default==org.eclipse.jetty.servlet.DefaultServlet@5c13d641{jsp=null,order=0,inst=false,async=false,src=DESCRIPTOR:jar:file:/Users/sameer.shaik/.m2/repository/org/eclipse/jetty/jetty-webapp/9.4.48.v20220622/jetty-webapp-9.4.48.v20220622.jar!/org/eclipse/jetty/webapp/webdefault.xml,STOPPED},AUTO}
18:13:59.741 [Executing addConjurCredential(org.conjur.jenkins.configuration.ConjurConfigurationTest)] DEBUG org.eclipse.jetty.util.component.ContainerLifeCycle -- ServletHandler@5671f933{STOPPED} added {jsp==org.eclipse.jetty.servlet.NoJspServlet@19c47{jsp=null,order=0,inst=false,async=false,src=DESCRIPTOR:jar:file:/Users/sameer.shaik/.m2/repository/org/eclipse/jetty/jetty-webapp/9.4.48.v20220622/jetty-webapp-9.4.48.v20220622.jar!/org/eclipse/jetty/webapp/webdefault.xml,STOPPED},AUTO}
18:13:59.742 [Executing addConjurCredential(org.conjur.jenkins.configuration.ConjurConfigurationTest)] DEBUG org.eclipse.jetty.util.component.ContainerLifeCycle -- ServletHandler@5671f933{STOPPED} added {[/]=>default,POJO}
18:13:59.742 [Executing addConjurCredential(org.conjur.jenkins.configuration.ConjurConfigurationTest)] DEBUG org.eclipse.jetty.util.component.ContainerLifeCycle -- ServletHandler@5671f933{STOPPED} added {[*.jsp, *.jspf, *.jspx, *.xsp, *.JSP, *.JSPF, *.JSPX, *.XSP]=>jsp,POJO}
18:13:59.742 [Executing addConjurCredential(org.conjur.jenkins.configuration.ConjurConfigurationTest)] DEBUG org.eclipse.jetty.webapp.StandardDescriptorProcessor -- Added mapping [/*]=>Stapler 
18:13:59.743 [Executing addConjurCredential(org.conjur.jenkins.configuration.ConjurConfigurationTest)] DEBUG org.eclipse.jetty.util.component.ContainerLifeCycle -- ServletHandler@5671f933{STOPPED} added {jenkins.util.SystemProperties$Listener@500a2ea0{src=DESCRIPTOR:file:///Users/sameer.shaik/MyWorkSpace/17OctV2.2.3-New-BitBucketIssueFixed/conjur-credentials-plugin/target/jenkins-for-test/WEB-INF/web.xml},AUTO}
18:13:59.743 [Executing addConjurCredential(org.conjur.jenkins.configuration.ConjurConfigurationTest)] DEBUG org.eclipse.jetty.util.component.ContainerLifeCycle -- ServletHandler@5671f933{STOPPED} added {hudson.WebAppMain@6e1d3de7{src=DESCRIPTOR:file:///Users/sameer.shaik/MyWorkSpace/17OctV2.2.3-New-BitBucketIssueFixed/conjur-credentials-plugin/target/jenkins-for-test/WEB-INF/web.xml},AUTO}
18:13:59.744 [Executing addConjurCredential(org.conjur.jenkins.configuration.ConjurConfigurationTest)] DEBUG org.eclipse.jetty.util.component.ContainerLifeCycle -- ServletHandler@5671f933{STOPPED} added {jenkins.JenkinsHttpSessionListener@7c56a059{src=DESCRIPTOR:file:///Users/sameer.shaik/MyWorkSpace/17OctV2.2.3-New-BitBucketIssueFixed/conjur-credentials-plugin/target/jenkins-for-test/WEB-INF/web.xml},AUTO}
18:13:59.744 [Executing addConjurCredential(org.conjur.jenkins.configuration.ConjurConfigurationTest)] DEBUG org.eclipse.jetty.util.component.ContainerLifeCycle -- ServletHandler@5671f933{STOPPED} added {suspicious-request-filter==jenkins.security.SuspiciousRequestFilter@5af7d11b{inst=false,async=true,src=DESCRIPTOR:file:///Users/sameer.shaik/MyWorkSpace/17OctV2.2.3-New-BitBucketIssueFixed/conjur-credentials-plugin/target/jenkins-for-test/WEB-INF/web.xml},AUTO}
18:13:59.745 [Executing addConjurCredential(org.conjur.jenkins.configuration.ConjurConfigurationTest)] DEBUG org.eclipse.jetty.util.component.ContainerLifeCycle -- ServletHandler@5671f933{STOPPED} added {diagnostic-name-filter==org.kohsuke.stapler.DiagnosticThreadNameFilter@5b899bcb{inst=false,async=true,src=DESCRIPTOR:file:///Users/sameer.shaik/MyWorkSpace/17OctV2.2.3-New-BitBucketIssueFixed/conjur-credentials-plugin/target/jenkins-for-test/WEB-INF/web.xml},AUTO}
18:13:59.745 [Executing addConjurCredential(org.conjur.jenkins.configuration.ConjurConfigurationTest)] DEBUG org.eclipse.jetty.util.component.ContainerLifeCycle -- ServletHandler@5671f933{STOPPED} added {encoding-filter==hudson.util.CharacterEncodingFilter@5cfc7758{inst=false,async=true,src=DESCRIPTOR:file:///Users/sameer.shaik/MyWorkSpace/17OctV2.2.3-New-BitBucketIssueFixed/conjur-credentials-plugin/target/jenkins-for-test/WEB-INF/web.xml},AUTO}
18:13:59.745 [Executing addConjurCredential(org.conjur.jenkins.configuration.ConjurConfigurationTest)] DEBUG org.eclipse.jetty.util.component.ContainerLifeCycle -- ServletHandler@5671f933{STOPPED} added {compression-filter==org.kohsuke.stapler.compression.CompressionFilter@156140f6{inst=false,async=true,src=DESCRIPTOR:file:///Users/sameer.shaik/MyWorkSpace/17OctV2.2.3-New-BitBucketIssueFixed/conjur-credentials-plugin/target/jenkins-for-test/WEB-INF/web.xml},AUTO}
18:13:59.746 [Executing addConjurCredential(org.conjur.jenkins.configuration.ConjurConfigurationTest)] DEBUG org.eclipse.jetty.util.component.ContainerLifeCycle -- ServletHandler@5671f933{STOPPED} added {authentication-filter==hudson.security.HudsonFilter@717a2448{inst=false,async=true,src=DESCRIPTOR:file:///Users/sameer.shaik/MyWorkSpace/17OctV2.2.3-New-BitBucketIssueFixed/conjur-credentials-plugin/target/jenkins-for-test/WEB-INF/web.xml},AUTO}
18:13:59.746 [Executing addConjurCredential(org.conjur.jenkins.configuration.ConjurConfigurationTest)] DEBUG org.eclipse.jetty.util.component.ContainerLifeCycle -- ServletHandler@5671f933{STOPPED} added {csrf-filter==hudson.security.csrf.CrumbFilter@66baae6f{inst=false,async=true,src=DESCRIPTOR:file:///Users/sameer.shaik/MyWorkSpace/17OctV2.2.3-New-BitBucketIssueFixed/conjur-credentials-plugin/target/jenkins-for-test/WEB-INF/web.xml},AUTO}
18:13:59.746 [Executing addConjurCredential(org.conjur.jenkins.configuration.ConjurConfigurationTest)] DEBUG org.eclipse.jetty.util.component.ContainerLifeCycle -- ServletHandler@5671f933{STOPPED} added {plugins-filter==hudson.util.PluginServletFilter@59435357{inst=false,async=true,src=DESCRIPTOR:file:///Users/sameer.shaik/MyWorkSpace/17OctV2.2.3-New-BitBucketIssueFixed/conjur-credentials-plugin/target/jenkins-for-test/WEB-INF/web.xml},AUTO}
18:13:59.746 [Executing addConjurCredential(org.conjur.jenkins.configuration.ConjurConfigurationTest)] DEBUG org.eclipse.jetty.util.component.ContainerLifeCycle -- ServletHandler@5671f933{STOPPED} added {Stapler==org.kohsuke.stapler.Stapler@f222d1a9{jsp=null,order=-1,inst=false,async=true,src=DESCRIPTOR:file:///Users/sameer.shaik/MyWorkSpace/17OctV2.2.3-New-BitBucketIssueFixed/conjur-credentials-plugin/target/jenkins-for-test/WEB-INF/web.xml,STOPPED},AUTO}
18:13:59.747 [Executing addConjurCredential(org.conjur.jenkins.configuration.ConjurConfigurationTest)] DEBUG org.eclipse.jetty.util.component.ContainerLifeCycle -- ServletHandler@5671f933{STOPPED} added {[/*]/[]/[REQUEST]=>suspicious-request-filter,POJO}
18:13:59.747 [Executing addConjurCredential(org.conjur.jenkins.configuration.ConjurConfigurationTest)] DEBUG org.eclipse.jetty.util.component.ContainerLifeCycle -- ServletHandler@5671f933{STOPPED} added {[/*]/[]/[REQUEST]=>diagnostic-name-filter,POJO}
18:13:59.747 [Executing addConjurCredential(org.conjur.jenkins.configuration.ConjurConfigurationTest)] DEBUG org.eclipse.jetty.util.component.ContainerLifeCycle -- ServletHandler@5671f933{STOPPED} added {[/*]/[]/[REQUEST]=>encoding-filter,POJO}
18:13:59.747 [Executing addConjurCredential(org.conjur.jenkins.configuration.ConjurConfigurationTest)] DEBUG org.eclipse.jetty.util.component.ContainerLifeCycle -- ServletHandler@5671f933{STOPPED} added {[/*]/[]/[REQUEST]=>compression-filter,POJO}
18:13:59.748 [Executing addConjurCredential(org.conjur.jenkins.configuration.ConjurConfigurationTest)] DEBUG org.eclipse.jetty.util.component.ContainerLifeCycle -- ServletHandler@5671f933{STOPPED} added {[/*]/[]/[REQUEST]=>authentication-filter,POJO}
18:13:59.748 [Executing addConjurCredential(org.conjur.jenkins.configuration.ConjurConfigurationTest)] DEBUG org.eclipse.jetty.util.component.ContainerLifeCycle -- ServletHandler@5671f933{STOPPED} added {[/*]/[]/[REQUEST]=>csrf-filter,POJO}
18:13:59.748 [Executing addConjurCredential(org.conjur.jenkins.configuration.ConjurConfigurationTest)] DEBUG org.eclipse.jetty.util.component.ContainerLifeCycle -- ServletHandler@5671f933{STOPPED} added {[/*]/[]/[REQUEST]=>plugins-filter,POJO}
18:13:59.748 [Executing addConjurCredential(org.conjur.jenkins.configuration.ConjurConfigurationTest)] DEBUG org.eclipse.jetty.util.component.ContainerLifeCycle -- ServletHandler@5671f933{STOPPED} added {[/*]=>Stapler,POJO}
18:13:59.748 [Executing addConjurCredential(org.conjur.jenkins.configuration.ConjurConfigurationTest)] DEBUG org.eclipse.jetty.util.component.AbstractLifeCycle -- starting org.eclipse.jetty.servlet.listener.ELContextCleaner@311469b4{src=DESCRIPTOR:jar:file:/Users/sameer.shaik/.m2/repository/org/eclipse/jetty/jetty-webapp/9.4.48.v20220622/jetty-webapp-9.4.48.v20220622.jar!/org/eclipse/jetty/webapp/webdefault.xml}
18:13:59.749 [Executing addConjurCredential(org.conjur.jenkins.configuration.ConjurConfigurationTest)] DEBUG org.eclipse.jetty.servlet.BaseHolder -- Holding class org.eclipse.jetty.servlet.listener.ELContextCleaner from jdk.internal.loader.ClassLoaders$AppClassLoader@5ffd2b27
18:13:59.749 [Executing addConjurCredential(org.conjur.jenkins.configuration.ConjurConfigurationTest)] DEBUG org.eclipse.jetty.util.component.AbstractLifeCycle -- STARTED @12784ms org.eclipse.jetty.servlet.listener.ELContextCleaner@311469b4{src=DESCRIPTOR:jar:file:/Users/sameer.shaik/.m2/repository/org/eclipse/jetty/jetty-webapp/9.4.48.v20220622/jetty-webapp-9.4.48.v20220622.jar!/org/eclipse/jetty/webapp/webdefault.xml}
18:13:59.749 [Executing addConjurCredential(org.conjur.jenkins.configuration.ConjurConfigurationTest)] DEBUG org.eclipse.jetty.util.component.AbstractLifeCycle -- starting org.eclipse.jetty.servlet.listener.IntrospectorCleaner@718af1b1{src=DESCRIPTOR:jar:file:/Users/sameer.shaik/.m2/repository/org/eclipse/jetty/jetty-webapp/9.4.48.v20220622/jetty-webapp-9.4.48.v20220622.jar!/org/eclipse/jetty/webapp/webdefault.xml}
18:13:59.750 [Executing addConjurCredential(org.conjur.jenkins.configuration.ConjurConfigurationTest)] DEBUG org.eclipse.jetty.servlet.BaseHolder -- Holding class org.eclipse.jetty.servlet.listener.IntrospectorCleaner from jdk.internal.loader.ClassLoaders$AppClassLoader@5ffd2b27
18:13:59.750 [Executing addConjurCredential(org.conjur.jenkins.configuration.ConjurConfigurationTest)] DEBUG org.eclipse.jetty.util.component.AbstractLifeCycle -- STARTED @12785ms org.eclipse.jetty.servlet.listener.IntrospectorCleaner@718af1b1{src=DESCRIPTOR:jar:file:/Users/sameer.shaik/.m2/repository/org/eclipse/jetty/jetty-webapp/9.4.48.v20220622/jetty-webapp-9.4.48.v20220622.jar!/org/eclipse/jetty/webapp/webdefault.xml}
18:13:59.751 [Executing addConjurCredential(org.conjur.jenkins.configuration.ConjurConfigurationTest)] DEBUG org.eclipse.jetty.util.component.AbstractLifeCycle -- starting jenkins.util.SystemProperties$Listener@500a2ea0{src=DESCRIPTOR:file:///Users/sameer.shaik/MyWorkSpace/17OctV2.2.3-New-BitBucketIssueFixed/conjur-credentials-plugin/target/jenkins-for-test/WEB-INF/web.xml}
18:13:59.751 [Executing addConjurCredential(org.conjur.jenkins.configuration.ConjurConfigurationTest)] DEBUG org.eclipse.jetty.servlet.BaseHolder -- Holding class jenkins.util.SystemProperties$Listener from jdk.internal.loader.ClassLoaders$AppClassLoader@5ffd2b27
18:13:59.751 [Executing addConjurCredential(org.conjur.jenkins.configuration.ConjurConfigurationTest)] DEBUG org.eclipse.jetty.util.component.AbstractLifeCycle -- STARTED @12786ms jenkins.util.SystemProperties$Listener@500a2ea0{src=DESCRIPTOR:file:///Users/sameer.shaik/MyWorkSpace/17OctV2.2.3-New-BitBucketIssueFixed/conjur-credentials-plugin/target/jenkins-for-test/WEB-INF/web.xml}
18:13:59.752 [Executing addConjurCredential(org.conjur.jenkins.configuration.ConjurConfigurationTest)] DEBUG org.eclipse.jetty.util.component.AbstractLifeCycle -- starting hudson.WebAppMain@6e1d3de7{src=DESCRIPTOR:file:///Users/sameer.shaik/MyWorkSpace/17OctV2.2.3-New-BitBucketIssueFixed/conjur-credentials-plugin/target/jenkins-for-test/WEB-INF/web.xml}
18:13:59.752 [Executing addConjurCredential(org.conjur.jenkins.configuration.ConjurConfigurationTest)] DEBUG org.eclipse.jetty.servlet.BaseHolder -- Holding class hudson.WebAppMain from jdk.internal.loader.ClassLoaders$AppClassLoader@5ffd2b27
18:13:59.752 [Executing addConjurCredential(org.conjur.jenkins.configuration.ConjurConfigurationTest)] DEBUG org.eclipse.jetty.util.component.AbstractLifeCycle -- STARTED @12787ms hudson.WebAppMain@6e1d3de7{src=DESCRIPTOR:file:///Users/sameer.shaik/MyWorkSpace/17OctV2.2.3-New-BitBucketIssueFixed/conjur-credentials-plugin/target/jenkins-for-test/WEB-INF/web.xml}
18:13:59.753 [Executing addConjurCredential(org.conjur.jenkins.configuration.ConjurConfigurationTest)] DEBUG org.eclipse.jetty.util.component.AbstractLifeCycle -- starting jenkins.JenkinsHttpSessionListener@7c56a059{src=DESCRIPTOR:file:///Users/sameer.shaik/MyWorkSpace/17OctV2.2.3-New-BitBucketIssueFixed/conjur-credentials-plugin/target/jenkins-for-test/WEB-INF/web.xml}
18:13:59.753 [Executing addConjurCredential(org.conjur.jenkins.configuration.ConjurConfigurationTest)] DEBUG org.eclipse.jetty.servlet.BaseHolder -- Holding class jenkins.JenkinsHttpSessionListener from jdk.internal.loader.ClassLoaders$AppClassLoader@5ffd2b27
18:13:59.753 [Executing addConjurCredential(org.conjur.jenkins.configuration.ConjurConfigurationTest)] DEBUG org.eclipse.jetty.util.component.ContainerLifeCycle -- org.eclipse.jetty.server.session.SessionHandler1835641516==dftMaxIdleSec=1800 added {jenkins.JenkinsHttpSessionListener@46bade79,UNMANAGED}
18:13:59.753 [Executing addConjurCredential(org.conjur.jenkins.configuration.ConjurConfigurationTest)] DEBUG org.eclipse.jetty.util.component.AbstractLifeCycle -- STARTED @12788ms jenkins.JenkinsHttpSessionListener@7c56a059{src=DESCRIPTOR:file:///Users/sameer.shaik/MyWorkSpace/17OctV2.2.3-New-BitBucketIssueFixed/conjur-credentials-plugin/target/jenkins-for-test/WEB-INF/web.xml}
18:13:59.754 [Executing addConjurCredential(org.conjur.jenkins.configuration.ConjurConfigurationTest)] DEBUG org.eclipse.jetty.server.handler.AbstractHandler -- starting o.e.j.w.WebAppContext@7a11b63f{Jenkins v2.346.3,/jenkins,file:///Users/sameer.shaik/MyWorkSpace/17OctV2.2.3-New-BitBucketIssueFixed/conjur-credentials-plugin/target/jenkins-for-test/,STARTING}{/Users/sameer.shaik/MyWorkSpace/17OctV2.2.3-New-BitBucketIssueFixed/conjur-credentials-plugin/target/jenkins-for-test}
18:13:59.754 [Executing addConjurCredential(org.conjur.jenkins.configuration.ConjurConfigurationTest)] DEBUG org.eclipse.jetty.util.component.AbstractLifeCycle -- starting SymlinkAllowedResourceAliasChecker@15b3e8a8{base=null,protected=[/WEB-INF, /META-INF]}
18:13:59.754 [Executing addConjurCredential(org.conjur.jenkins.configuration.ConjurConfigurationTest)] DEBUG org.eclipse.jetty.util.component.AbstractLifeCycle -- STARTED @12789ms SymlinkAllowedResourceAliasChecker@15b3e8a8{base=null,protected=[/WEB-INF, /META-INF]}
18:13:59.755 [Executing addConjurCredential(org.conjur.jenkins.configuration.ConjurConfigurationTest)] DEBUG org.eclipse.jetty.util.component.AbstractLifeCycle -- starting org.eclipse.jetty.server.session.SessionHandler1835641516==dftMaxIdleSec=1800
18:13:59.755 [Executing addConjurCredential(org.conjur.jenkins.configuration.ConjurConfigurationTest)] DEBUG org.eclipse.jetty.util.component.ContainerLifeCycle -- org.eclipse.jetty.server.session.SessionHandler1835641516==dftMaxIdleSec=1800 added {org.eclipse.jetty.server.session.DefaultSessionCache@66c2ea82[evict=-1,removeUnloadable=false,saveOnCreate=false,saveOnInactiveEvict=false],AUTO}
18:13:59.755 [Executing addConjurCredential(org.conjur.jenkins.configuration.ConjurConfigurationTest)] DEBUG org.eclipse.jetty.util.component.ContainerLifeCycle -- org.eclipse.jetty.server.session.DefaultSessionCache@66c2ea82[evict=-1,removeUnloadable=false,saveOnCreate=false,saveOnInactiveEvict=false] added {org.eclipse.jetty.server.session.NullSessionDataStore@55b8f9e3[passivating=false,graceSec=3600],AUTO}
18:13:59.755 [Executing addConjurCredential(org.conjur.jenkins.configuration.ConjurConfigurationTest)] DEBUG org.eclipse.jetty.util.component.AbstractLifeCycle -- starting DefaultSessionIdManager@16a2d1e8{STOPPED}[worker=null]
18:13:59.756 [Executing addConjurCredential(org.conjur.jenkins.configuration.ConjurConfigurationTest)] INFO org.eclipse.jetty.server.session -- DefaultSessionIdManager workerName=node0
18:13:59.756 [Executing addConjurCredential(org.conjur.jenkins.configuration.ConjurConfigurationTest)] INFO org.eclipse.jetty.server.session -- No SessionScavenger set, using defaults
18:13:59.756 [Executing addConjurCredential(org.conjur.jenkins.configuration.ConjurConfigurationTest)] DEBUG org.eclipse.jetty.util.component.ContainerLifeCycle -- DefaultSessionIdManager@16a2d1e8{STARTING}[worker=node0] added {HouseKeeper@65f97815{STOPPED}[interval=600000, ownscheduler=false],MANAGED}
18:13:59.757 [Executing addConjurCredential(org.conjur.jenkins.configuration.ConjurConfigurationTest)] DEBUG org.eclipse.jetty.util.component.AbstractLifeCycle -- starting HouseKeeper@65f97815{STOPPED}[interval=600000, ownscheduler=false]
18:13:59.757 [Executing addConjurCredential(org.conjur.jenkins.configuration.ConjurConfigurationTest)] DEBUG org.eclipse.jetty.util.component.AbstractLifeCycle -- starting ScheduledExecutorScheduler@65d4d8d3{STOPPED}
18:13:59.757 [Executing addConjurCredential(org.conjur.jenkins.configuration.ConjurConfigurationTest)] DEBUG org.eclipse.jetty.util.component.AbstractLifeCycle -- STARTED @12792ms ScheduledExecutorScheduler@65d4d8d3{STARTED}
18:13:59.757 [Executing addConjurCredential(org.conjur.jenkins.configuration.ConjurConfigurationTest)] DEBUG org.eclipse.jetty.server.session -- Using own scheduler for scavenging
18:13:59.757 [Executing addConjurCredential(org.conjur.jenkins.configuration.ConjurConfigurationTest)] INFO org.eclipse.jetty.server.session -- node0 Scavenging every 600000ms
18:13:59.758 [Executing addConjurCredential(org.conjur.jenkins.configuration.ConjurConfigurationTest)] DEBUG org.eclipse.jetty.util.component.AbstractLifeCycle -- STARTED @12792ms HouseKeeper@65f97815{STARTED}[interval=600000, ownscheduler=true]
18:13:59.758 [Executing addConjurCredential(org.conjur.jenkins.configuration.ConjurConfigurationTest)] DEBUG org.eclipse.jetty.util.component.AbstractLifeCycle -- STARTED @12792ms DefaultSessionIdManager@16a2d1e8{STARTED}[worker=node0]
18:13:59.758 [Executing addConjurCredential(org.conjur.jenkins.configuration.ConjurConfigurationTest)] DEBUG org.eclipse.jetty.util.component.ContainerLifeCycle -- Server@3f133fb9{STARTING}[9.4.48.v20220622] added {DefaultSessionIdManager@16a2d1e8{STARTED}[worker=node0],MANAGED}
18:13:59.758 [Executing addConjurCredential(org.conjur.jenkins.configuration.ConjurConfigurationTest)] DEBUG org.eclipse.jetty.util.component.ContainerLifeCycle -- org.eclipse.jetty.server.session.SessionHandler1835641516==dftMaxIdleSec=1800 added {DefaultSessionIdManager@16a2d1e8{STARTED}[worker=node0],UNMANAGED}
18:13:59.759 [Executing addConjurCredential(org.conjur.jenkins.configuration.ConjurConfigurationTest)] DEBUG org.eclipse.jetty.util.component.AbstractLifeCycle -- starting ScheduledExecutorScheduler@2f9c15e8{STOPPED}
18:13:59.759 [Executing addConjurCredential(org.conjur.jenkins.configuration.ConjurConfigurationTest)] DEBUG org.eclipse.jetty.util.component.AbstractLifeCycle -- STARTED @12793ms ScheduledExecutorScheduler@2f9c15e8{STARTED}
18:13:59.759 [Executing addConjurCredential(org.conjur.jenkins.configuration.ConjurConfigurationTest)] DEBUG org.eclipse.jetty.server.handler.AbstractHandler -- starting org.eclipse.jetty.server.session.SessionHandler1835641516==dftMaxIdleSec=1800
18:13:59.759 [Executing addConjurCredential(org.conjur.jenkins.configuration.ConjurConfigurationTest)] DEBUG org.eclipse.jetty.util.component.AbstractLifeCycle -- starting ConstraintSecurityHandler@1a3e4970{STOPPED}
18:13:59.759 [Executing addConjurCredential(org.conjur.jenkins.configuration.ConjurConfigurationTest)] DEBUG org.eclipse.jetty.util.component.ContainerLifeCycle -- ConstraintSecurityHandler@1a3e4970{STARTING} added {org.eclipse.jetty.security.DefaultIdentityService@4772213a,POJO}
18:13:59.760 [Executing addConjurCredential(org.conjur.jenkins.configuration.ConjurConfigurationTest)] DEBUG org.eclipse.jetty.security.SecurityHandler -- Created authenticator org.eclipse.jetty.security.authentication.FormAuthenticator@18be9de with org.eclipse.jetty.security.DefaultAuthenticatorFactory@3644e6c7
18:13:59.760 [Executing addConjurCredential(org.conjur.jenkins.configuration.ConjurConfigurationTest)] DEBUG org.eclipse.jetty.util.component.ContainerLifeCycle -- ConstraintSecurityHandler@1a3e4970{STARTING} added {org.eclipse.jetty.security.authentication.FormAuthenticator@18be9de,POJO}
18:13:59.760 [Executing addConjurCredential(org.conjur.jenkins.configuration.ConjurConfigurationTest)] DEBUG org.eclipse.jetty.server.handler.AbstractHandler -- starting ConstraintSecurityHandler@1a3e4970{STARTING}
18:13:59.760 [Executing addConjurCredential(org.conjur.jenkins.configuration.ConjurConfigurationTest)] DEBUG org.eclipse.jetty.util.component.AbstractLifeCycle -- starting ServletHandler@5671f933{STOPPED}
18:13:59.760 [Executing addConjurCredential(org.conjur.jenkins.configuration.ConjurConfigurationTest)] DEBUG org.eclipse.jetty.servlet.ServletHandler -- Path=*.jspx[DESCRIPTOR:jar:file:/Users/sameer.shaik/.m2/repository/org/eclipse/jetty/jetty-webapp/9.4.48.v20220622/jetty-webapp-9.4.48.v20220622.jar!/org/eclipse/jetty/webapp/webdefault.xml] mapped to servlet=jsp[DESCRIPTOR:jar:file:/Users/sameer.shaik/.m2/repository/org/eclipse/jetty/jetty-webapp/9.4.48.v20220622/jetty-webapp-9.4.48.v20220622.jar!/org/eclipse/jetty/webapp/webdefault.xml]
18:13:59.761 [Executing addConjurCredential(org.conjur.jenkins.configuration.ConjurConfigurationTest)] DEBUG org.eclipse.jetty.http.pathmap.ServletPathSpec -- Creating ServletPathSpec[*.jspx] (group: SUFFIX_GLOB, prefix: "null", suffix: "jspx")
18:13:59.761 [Executing addConjurCredential(org.conjur.jenkins.configuration.ConjurConfigurationTest)] DEBUG org.eclipse.jetty.http.pathmap.PathMappings -- Added MappedResource[pathSpec=ServletPathSpec@96a7cfb7{*.jspx},resource=jsp==org.eclipse.jetty.servlet.NoJspServlet@19c47{jsp=null,order=0,inst=false,async=false,src=DESCRIPTOR:jar:file:/Users/sameer.shaik/.m2/repository/org/eclipse/jetty/jetty-webapp/9.4.48.v20220622/jetty-webapp-9.4.48.v20220622.jar!/org/eclipse/jetty/webapp/webdefault.xml,STOPPED}] to PathMappings[size=1]
18:13:59.761 [Executing addConjurCredential(org.conjur.jenkins.configuration.ConjurConfigurationTest)] DEBUG org.eclipse.jetty.servlet.ServletHandler -- Path=*.JSPX[DESCRIPTOR:jar:file:/Users/sameer.shaik/.m2/repository/org/eclipse/jetty/jetty-webapp/9.4.48.v20220622/jetty-webapp-9.4.48.v20220622.jar!/org/eclipse/jetty/webapp/webdefault.xml] mapped to servlet=jsp[DESCRIPTOR:jar:file:/Users/sameer.shaik/.m2/repository/org/eclipse/jetty/jetty-webapp/9.4.48.v20220622/jetty-webapp-9.4.48.v20220622.jar!/org/eclipse/jetty/webapp/webdefault.xml]
18:13:59.762 [Executing addConjurCredential(org.conjur.jenkins.configuration.ConjurConfigurationTest)] DEBUG org.eclipse.jetty.http.pathmap.ServletPathSpec -- Creating ServletPathSpec[*.JSPX] (group: SUFFIX_GLOB, prefix: "null", suffix: "JSPX")
18:13:59.762 [Executing addConjurCredential(org.conjur.jenkins.configuration.ConjurConfigurationTest)] DEBUG org.eclipse.jetty.http.pathmap.PathMappings -- Added MappedResource[pathSpec=ServletPathSpec@94d5d7b7{*.JSPX},resource=jsp==org.eclipse.jetty.servlet.NoJspServlet@19c47{jsp=null,order=0,inst=false,async=false,src=DESCRIPTOR:jar:file:/Users/sameer.shaik/.m2/repository/org/eclipse/jetty/jetty-webapp/9.4.48.v20220622/jetty-webapp-9.4.48.v20220622.jar!/org/eclipse/jetty/webapp/webdefault.xml,STOPPED}] to PathMappings[size=2]
18:13:59.762 [Executing addConjurCredential(org.conjur.jenkins.configuration.ConjurConfigurationTest)] DEBUG org.eclipse.jetty.servlet.ServletHandler -- Path=*.JSPF[DESCRIPTOR:jar:file:/Users/sameer.shaik/.m2/repository/org/eclipse/jetty/jetty-webapp/9.4.48.v20220622/jetty-webapp-9.4.48.v20220622.jar!/org/eclipse/jetty/webapp/webdefault.xml] mapped to servlet=jsp[DESCRIPTOR:jar:file:/Users/sameer.shaik/.m2/repository/org/eclipse/jetty/jetty-webapp/9.4.48.v20220622/jetty-webapp-9.4.48.v20220622.jar!/org/eclipse/jetty/webapp/webdefault.xml]
18:13:59.762 [Executing addConjurCredential(org.conjur.jenkins.configuration.ConjurConfigurationTest)] DEBUG org.eclipse.jetty.http.pathmap.ServletPathSpec -- Creating ServletPathSpec[*.JSPF] (group: SUFFIX_GLOB, prefix: "null", suffix: "JSPF")
18:13:59.763 [Executing addConjurCredential(org.conjur.jenkins.configuration.ConjurConfigurationTest)] DEBUG org.eclipse.jetty.http.pathmap.PathMappings -- Added MappedResource[pathSpec=ServletPathSpec@94d5d589{*.JSPF},resource=jsp==org.eclipse.jetty.servlet.NoJspServlet@19c47{jsp=null,order=0,inst=false,async=false,src=DESCRIPTOR:jar:file:/Users/sameer.shaik/.m2/repository/org/eclipse/jetty/jetty-webapp/9.4.48.v20220622/jetty-webapp-9.4.48.v20220622.jar!/org/eclipse/jetty/webapp/webdefault.xml,STOPPED}] to PathMappings[size=3]
18:13:59.763 [Executing addConjurCredential(org.conjur.jenkins.configuration.ConjurConfigurationTest)] DEBUG org.eclipse.jetty.servlet.ServletHandler -- Path=*.jsp[DESCRIPTOR:jar:file:/Users/sameer.shaik/.m2/repository/org/eclipse/jetty/jetty-webapp/9.4.48.v20220622/jetty-webapp-9.4.48.v20220622.jar!/org/eclipse/jetty/webapp/webdefault.xml] mapped to servlet=jsp[DESCRIPTOR:jar:file:/Users/sameer.shaik/.m2/repository/org/eclipse/jetty/jetty-webapp/9.4.48.v20220622/jetty-webapp-9.4.48.v20220622.jar!/org/eclipse/jetty/webapp/webdefault.xml]
18:13:59.763 [Executing addConjurCredential(org.conjur.jenkins.configuration.ConjurConfigurationTest)] DEBUG org.eclipse.jetty.http.pathmap.ServletPathSpec -- Creating ServletPathSpec[*.jsp] (group: SUFFIX_GLOB, prefix: "null", suffix: "jsp")
18:13:59.764 [Executing addConjurCredential(org.conjur.jenkins.configuration.ConjurConfigurationTest)] DEBUG org.eclipse.jetty.http.pathmap.PathMappings -- Added MappedResource[pathSpec=ServletPathSpec@debd2188{*.jsp},resource=jsp==org.eclipse.jetty.servlet.NoJspServlet@19c47{jsp=null,order=0,inst=false,async=false,src=DESCRIPTOR:jar:file:/Users/sameer.shaik/.m2/repository/org/eclipse/jetty/jetty-webapp/9.4.48.v20220622/jetty-webapp-9.4.48.v20220622.jar!/org/eclipse/jetty/webapp/webdefault.xml,STOPPED}] to PathMappings[size=4]
18:13:59.764 [Executing addConjurCredential(org.conjur.jenkins.configuration.ConjurConfigurationTest)] DEBUG org.eclipse.jetty.servlet.ServletHandler -- Path=*.JSP[DESCRIPTOR:jar:file:/Users/sameer.shaik/.m2/repository/org/eclipse/jetty/jetty-webapp/9.4.48.v20220622/jetty-webapp-9.4.48.v20220622.jar!/org/eclipse/jetty/webapp/webdefault.xml] mapped to servlet=jsp[DESCRIPTOR:jar:file:/Users/sameer.shaik/.m2/repository/org/eclipse/jetty/jetty-webapp/9.4.48.v20220622/jetty-webapp-9.4.48.v20220622.jar!/org/eclipse/jetty/webapp/webdefault.xml]
18:13:59.764 [Executing addConjurCredential(org.conjur.jenkins.configuration.ConjurConfigurationTest)] DEBUG org.eclipse.jetty.http.pathmap.ServletPathSpec -- Creating ServletPathSpec[*.JSP] (group: SUFFIX_GLOB, prefix: "null", suffix: "JSP")
18:13:59.765 [Executing addConjurCredential(org.conjur.jenkins.configuration.ConjurConfigurationTest)] DEBUG org.eclipse.jetty.http.pathmap.PathMappings -- Added MappedResource[pathSpec=ServletPathSpec@deae19a8{*.JSP},resource=jsp==org.eclipse.jetty.servlet.NoJspServlet@19c47{jsp=null,order=0,inst=false,async=false,src=DESCRIPTOR:jar:file:/Users/sameer.shaik/.m2/repository/org/eclipse/jetty/jetty-webapp/9.4.48.v20220622/jetty-webapp-9.4.48.v20220622.jar!/org/eclipse/jetty/webapp/webdefault.xml,STOPPED}] to PathMappings[size=5]
18:13:59.765 [Executing addConjurCredential(org.conjur.jenkins.configuration.ConjurConfigurationTest)] DEBUG org.eclipse.jetty.servlet.ServletHandler -- Path=*.jspf[DESCRIPTOR:jar:file:/Users/sameer.shaik/.m2/repository/org/eclipse/jetty/jetty-webapp/9.4.48.v20220622/jetty-webapp-9.4.48.v20220622.jar!/org/eclipse/jetty/webapp/webdefault.xml] mapped to servlet=jsp[DESCRIPTOR:jar:file:/Users/sameer.shaik/.m2/repository/org/eclipse/jetty/jetty-webapp/9.4.48.v20220622/jetty-webapp-9.4.48.v20220622.jar!/org/eclipse/jetty/webapp/webdefault.xml]
18:13:59.765 [Executing addConjurCredential(org.conjur.jenkins.configuration.ConjurConfigurationTest)] DEBUG org.eclipse.jetty.http.pathmap.ServletPathSpec -- Creating ServletPathSpec[*.jspf] (group: SUFFIX_GLOB, prefix: "null", suffix: "jspf")
18:13:59.766 [Executing addConjurCredential(org.conjur.jenkins.configuration.ConjurConfigurationTest)] DEBUG org.eclipse.jetty.http.pathmap.PathMappings -- Added MappedResource[pathSpec=ServletPathSpec@96a7cd89{*.jspf},resource=jsp==org.eclipse.jetty.servlet.NoJspServlet@19c47{jsp=null,order=0,inst=false,async=false,src=DESCRIPTOR:jar:file:/Users/sameer.shaik/.m2/repository/org/eclipse/jetty/jetty-webapp/9.4.48.v20220622/jetty-webapp-9.4.48.v20220622.jar!/org/eclipse/jetty/webapp/webdefault.xml,STOPPED}] to PathMappings[size=6]
18:13:59.766 [Executing addConjurCredential(org.conjur.jenkins.configuration.ConjurConfigurationTest)] DEBUG org.eclipse.jetty.servlet.ServletHandler -- Path=*.XSP[DESCRIPTOR:jar:file:/Users/sameer.shaik/.m2/repository/org/eclipse/jetty/jetty-webapp/9.4.48.v20220622/jetty-webapp-9.4.48.v20220622.jar!/org/eclipse/jetty/webapp/webdefault.xml] mapped to servlet=jsp[DESCRIPTOR:jar:file:/Users/sameer.shaik/.m2/repository/org/eclipse/jetty/jetty-webapp/9.4.48.v20220622/jetty-webapp-9.4.48.v20220622.jar!/org/eclipse/jetty/webapp/webdefault.xml]
18:13:59.767 [Executing addConjurCredential(org.conjur.jenkins.configuration.ConjurConfigurationTest)] DEBUG org.eclipse.jetty.http.pathmap.ServletPathSpec -- Creating ServletPathSpec[*.XSP] (group: SUFFIX_GLOB, prefix: "null", suffix: "XSP")
18:13:59.767 [Executing addConjurCredential(org.conjur.jenkins.configuration.ConjurConfigurationTest)] DEBUG org.eclipse.jetty.http.pathmap.PathMappings -- Added MappedResource[pathSpec=ServletPathSpec@deb476da{*.XSP},resource=jsp==org.eclipse.jetty.servlet.NoJspServlet@19c47{jsp=null,order=0,inst=false,async=false,src=DESCRIPTOR:jar:file:/Users/sameer.shaik/.m2/repository/org/eclipse/jetty/jetty-webapp/9.4.48.v20220622/jetty-webapp-9.4.48.v20220622.jar!/org/eclipse/jetty/webapp/webdefault.xml,STOPPED}] to PathMappings[size=7]
18:13:59.767 [Executing addConjurCredential(org.conjur.jenkins.configuration.ConjurConfigurationTest)] DEBUG org.eclipse.jetty.servlet.ServletHandler -- Path=*.xsp[DESCRIPTOR:jar:file:/Users/sameer.shaik/.m2/repository/org/eclipse/jetty/jetty-webapp/9.4.48.v20220622/jetty-webapp-9.4.48.v20220622.jar!/org/eclipse/jetty/webapp/webdefault.xml] mapped to servlet=jsp[DESCRIPTOR:jar:file:/Users/sameer.shaik/.m2/repository/org/eclipse/jetty/jetty-webapp/9.4.48.v20220622/jetty-webapp-9.4.48.v20220622.jar!/org/eclipse/jetty/webapp/webdefault.xml]
18:13:59.768 [Executing addConjurCredential(org.conjur.jenkins.configuration.ConjurConfigurationTest)] DEBUG org.eclipse.jetty.http.pathmap.ServletPathSpec -- Creating ServletPathSpec[*.xsp] (group: SUFFIX_GLOB, prefix: "null", suffix: "xsp")
18:13:59.768 [Executing addConjurCredential(org.conjur.jenkins.configuration.ConjurConfigurationTest)] DEBUG org.eclipse.jetty.http.pathmap.PathMappings -- Added MappedResource[pathSpec=ServletPathSpec@dec37eba{*.xsp},resource=jsp==org.eclipse.jetty.servlet.NoJspServlet@19c47{jsp=null,order=0,inst=false,async=false,src=DESCRIPTOR:jar:file:/Users/sameer.shaik/.m2/repository/org/eclipse/jetty/jetty-webapp/9.4.48.v20220622/jetty-webapp-9.4.48.v20220622.jar!/org/eclipse/jetty/webapp/webdefault.xml,STOPPED}] to PathMappings[size=8]
18:13:59.769 [Executing addConjurCredential(org.conjur.jenkins.configuration.ConjurConfigurationTest)] DEBUG org.eclipse.jetty.servlet.ServletHandler -- Path=/*[DESCRIPTOR:file:///Users/sameer.shaik/MyWorkSpace/17OctV2.2.3-New-BitBucketIssueFixed/conjur-credentials-plugin/target/jenkins-for-test/WEB-INF/web.xml] mapped to servlet=Stapler[DESCRIPTOR:file:///Users/sameer.shaik/MyWorkSpace/17OctV2.2.3-New-BitBucketIssueFixed/conjur-credentials-plugin/target/jenkins-for-test/WEB-INF/web.xml]
18:13:59.769 [Executing addConjurCredential(org.conjur.jenkins.configuration.ConjurConfigurationTest)] DEBUG org.eclipse.jetty.http.pathmap.ServletPathSpec -- Creating ServletPathSpec[/*] (group: PREFIX_GLOB, prefix: "", suffix: "null")
18:13:59.769 [Executing addConjurCredential(org.conjur.jenkins.configuration.ConjurConfigurationTest)] DEBUG org.eclipse.jetty.http.pathmap.PathMappings -- Added MappedResource[pathSpec=ServletPathSpec@9457a78e{/*},resource=Stapler==org.kohsuke.stapler.Stapler@f222d1a9{jsp=null,order=-1,inst=false,async=true,src=DESCRIPTOR:file:///Users/sameer.shaik/MyWorkSpace/17OctV2.2.3-New-BitBucketIssueFixed/conjur-credentials-plugin/target/jenkins-for-test/WEB-INF/web.xml,STOPPED}] to PathMappings[size=9]
18:13:59.770 [Executing addConjurCredential(org.conjur.jenkins.configuration.ConjurConfigurationTest)] DEBUG org.eclipse.jetty.servlet.ServletHandler -- Path=/[DESCRIPTOR:jar:file:/Users/sameer.shaik/.m2/repository/org/eclipse/jetty/jetty-webapp/9.4.48.v20220622/jetty-webapp-9.4.48.v20220622.jar!/org/eclipse/jetty/webapp/webdefault.xml] mapped to servlet=default[DESCRIPTOR:jar:file:/Users/sameer.shaik/.m2/repository/org/eclipse/jetty/jetty-webapp/9.4.48.v20220622/jetty-webapp-9.4.48.v20220622.jar!/org/eclipse/jetty/webapp/webdefault.xml]
18:13:59.770 [Executing addConjurCredential(org.conjur.jenkins.configuration.ConjurConfigurationTest)] DEBUG org.eclipse.jetty.http.pathmap.PathMappings -- Added MappedResource[pathSpec=ServletPathSpec@9457dcb7{/},resource=default==org.eclipse.jetty.servlet.DefaultServlet@5c13d641{jsp=null,order=0,inst=false,async=false,src=DESCRIPTOR:jar:file:/Users/sameer.shaik/.m2/repository/org/eclipse/jetty/jetty-webapp/9.4.48.v20220622/jetty-webapp-9.4.48.v20220622.jar!/org/eclipse/jetty/webapp/webdefault.xml,STOPPED}] to PathMappings[size=10]
18:13:59.771 [Executing addConjurCredential(org.conjur.jenkins.configuration.ConjurConfigurationTest)] DEBUG org.eclipse.jetty.servlet.ServletHandler -- filterNameMap={csrf-filter=csrf-filter==hudson.security.csrf.CrumbFilter@66baae6f{inst=false,async=true,src=DESCRIPTOR:file:///Users/sameer.shaik/MyWorkSpace/17OctV2.2.3-New-BitBucketIssueFixed/conjur-credentials-plugin/target/jenkins-for-test/WEB-INF/web.xml}, encoding-filter=encoding-filter==hudson.util.CharacterEncodingFilter@5cfc7758{inst=false,async=true,src=DESCRIPTOR:file:///Users/sameer.shaik/MyWorkSpace/17OctV2.2.3-New-BitBucketIssueFixed/conjur-credentials-plugin/target/jenkins-for-test/WEB-INF/web.xml}, diagnostic-name-filter=diagnostic-name-filter==org.kohsuke.stapler.DiagnosticThreadNameFilter@5b899bcb{inst=false,async=true,src=DESCRIPTOR:file:///Users/sameer.shaik/MyWorkSpace/17OctV2.2.3-New-BitBucketIssueFixed/conjur-credentials-plugin/target/jenkins-for-test/WEB-INF/web.xml}, compression-filter=compression-filter==org.kohsuke.stapler.compression.CompressionFilter@156140f6{inst=false,async=true,src=DESCRIPTOR:file:///Users/sameer.shaik/MyWorkSpace/17OctV2.2.3-New-BitBucketIssueFixed/conjur-credentials-plugin/target/jenkins-for-test/WEB-INF/web.xml}, plugins-filter=plugins-filter==hudson.util.PluginServletFilter@59435357{inst=false,async=true,src=DESCRIPTOR:file:///Users/sameer.shaik/MyWorkSpace/17OctV2.2.3-New-BitBucketIssueFixed/conjur-credentials-plugin/target/jenkins-for-test/WEB-INF/web.xml}, authentication-filter=authentication-filter==hudson.security.HudsonFilter@717a2448{inst=false,async=true,src=DESCRIPTOR:file:///Users/sameer.shaik/MyWorkSpace/17OctV2.2.3-New-BitBucketIssueFixed/conjur-credentials-plugin/target/jenkins-for-test/WEB-INF/web.xml}, suspicious-request-filter=suspicious-request-filter==jenkins.security.SuspiciousRequestFilter@5af7d11b{inst=false,async=true,src=DESCRIPTOR:file:///Users/sameer.shaik/MyWorkSpace/17OctV2.2.3-New-BitBucketIssueFixed/conjur-credentials-plugin/target/jenkins-for-test/WEB-INF/web.xml}}
18:13:59.772 [Executing addConjurCredential(org.conjur.jenkins.configuration.ConjurConfigurationTest)] DEBUG org.eclipse.jetty.servlet.ServletHandler -- pathFilters=[[/*]/[]/[REQUEST, ASYNC]=>plugins-filter, [/*]/[]/[REQUEST, ASYNC]=>csrf-filter, [/*]/[]/[REQUEST, ASYNC]=>authentication-filter, [/*]/[]/[REQUEST, ASYNC]=>compression-filter, [/*]/[]/[REQUEST, ASYNC]=>encoding-filter, [/*]/[]/[REQUEST, ASYNC]=>diagnostic-name-filter, [/*]/[]/[REQUEST, ASYNC]=>suspicious-request-filter]
18:13:59.773 [Executing addConjurCredential(org.conjur.jenkins.configuration.ConjurConfigurationTest)] DEBUG org.eclipse.jetty.servlet.ServletHandler -- servletFilterMap={}
18:13:59.773 [Executing addConjurCredential(org.conjur.jenkins.configuration.ConjurConfigurationTest)] DEBUG org.eclipse.jetty.servlet.ServletHandler -- servletPathMap=PathMappings[size=10]
18:13:59.774 [Executing addConjurCredential(org.conjur.jenkins.configuration.ConjurConfigurationTest)] DEBUG org.eclipse.jetty.servlet.ServletHandler -- servletNameMap={default=default==org.eclipse.jetty.servlet.DefaultServlet@5c13d641{jsp=null,order=0,inst=false,async=false,src=DESCRIPTOR:jar:file:/Users/sameer.shaik/.m2/repository/org/eclipse/jetty/jetty-webapp/9.4.48.v20220622/jetty-webapp-9.4.48.v20220622.jar!/org/eclipse/jetty/webapp/webdefault.xml,STOPPED}, jsp=jsp==org.eclipse.jetty.servlet.NoJspServlet@19c47{jsp=null,order=0,inst=false,async=false,src=DESCRIPTOR:jar:file:/Users/sameer.shaik/.m2/repository/org/eclipse/jetty/jetty-webapp/9.4.48.v20220622/jetty-webapp-9.4.48.v20220622.jar!/org/eclipse/jetty/webapp/webdefault.xml,STOPPED}, Stapler=Stapler==org.kohsuke.stapler.Stapler@f222d1a9{jsp=null,order=-1,inst=false,async=true,src=DESCRIPTOR:file:///Users/sameer.shaik/MyWorkSpace/17OctV2.2.3-New-BitBucketIssueFixed/conjur-credentials-plugin/target/jenkins-for-test/WEB-INF/web.xml,STOPPED}}
18:13:59.774 [Executing addConjurCredential(org.conjur.jenkins.configuration.ConjurConfigurationTest)] DEBUG org.eclipse.jetty.server.handler.AbstractHandler -- starting ServletHandler@5671f933{STARTING}
18:13:59.775 [Executing addConjurCredential(org.conjur.jenkins.configuration.ConjurConfigurationTest)] DEBUG org.eclipse.jetty.util.component.AbstractLifeCycle -- STARTED @12809ms ServletHandler@5671f933{STARTED}
18:13:59.775 [Executing addConjurCredential(org.conjur.jenkins.configuration.ConjurConfigurationTest)] DEBUG org.eclipse.jetty.util.component.AbstractLifeCycle -- starting HashLoginService@1e13ebaa[default]
18:13:59.775 [Executing addConjurCredential(org.conjur.jenkins.configuration.ConjurConfigurationTest)] DEBUG org.eclipse.jetty.util.component.AbstractLifeCycle -- starting UserStore@592db592{STOPPED}
18:13:59.775 [Executing addConjurCredential(org.conjur.jenkins.configuration.ConjurConfigurationTest)] DEBUG org.eclipse.jetty.util.component.AbstractLifeCycle -- STARTED @12810ms UserStore@592db592{STARTED}
18:13:59.775 [Executing addConjurCredential(org.conjur.jenkins.configuration.ConjurConfigurationTest)] DEBUG org.eclipse.jetty.util.component.AbstractLifeCycle -- STARTED @12810ms HashLoginService@1e13ebaa[default]
18:13:59.775 [Executing addConjurCredential(org.conjur.jenkins.configuration.ConjurConfigurationTest)] DEBUG org.eclipse.jetty.util.component.AbstractLifeCycle -- STARTED @12810ms ConstraintSecurityHandler@1a3e4970{STARTED}
18:13:59.776 [Executing addConjurCredential(org.conjur.jenkins.configuration.ConjurConfigurationTest)] DEBUG org.eclipse.jetty.util.component.AbstractLifeCycle -- starting org.eclipse.jetty.server.session.DefaultSessionCache@66c2ea82[evict=-1,removeUnloadable=false,saveOnCreate=false,saveOnInactiveEvict=false]
18:13:59.776 [Executing addConjurCredential(org.conjur.jenkins.configuration.ConjurConfigurationTest)] DEBUG org.eclipse.jetty.util.component.AbstractLifeCycle -- starting org.eclipse.jetty.server.session.NullSessionDataStore@55b8f9e3[passivating=false,graceSec=3600]
18:13:59.776 [Executing addConjurCredential(org.conjur.jenkins.configuration.ConjurConfigurationTest)] DEBUG org.eclipse.jetty.util.component.AbstractLifeCycle -- STARTED @12811ms org.eclipse.jetty.server.session.NullSessionDataStore@55b8f9e3[passivating=false,graceSec=3600]
18:13:59.776 [Executing addConjurCredential(org.conjur.jenkins.configuration.ConjurConfigurationTest)] DEBUG org.eclipse.jetty.util.component.AbstractLifeCycle -- STARTED @12811ms org.eclipse.jetty.server.session.DefaultSessionCache@66c2ea82[evict=-1,removeUnloadable=false,saveOnCreate=false,saveOnInactiveEvict=false]
18:13:59.776 [Executing addConjurCredential(org.conjur.jenkins.configuration.ConjurConfigurationTest)] DEBUG org.eclipse.jetty.util.component.AbstractLifeCycle -- STARTED @12811ms org.eclipse.jetty.server.session.SessionHandler1835641516==dftMaxIdleSec=1800
18:13:59.777 [Executing addConjurCredential(org.conjur.jenkins.configuration.ConjurConfigurationTest)] DEBUG org.eclipse.jetty.util.component.AbstractLifeCycle -- starting ErrorPageErrorHandler@766d059b{STOPPED}
18:13:59.777 [Executing addConjurCredential(org.conjur.jenkins.configuration.ConjurConfigurationTest)] DEBUG org.eclipse.jetty.server.handler.AbstractHandler -- starting ErrorPageErrorHandler@766d059b{STARTING}
18:13:59.777 [Executing addConjurCredential(org.conjur.jenkins.configuration.ConjurConfigurationTest)] DEBUG org.eclipse.jetty.util.component.AbstractLifeCycle -- STARTED @12812ms ErrorPageErrorHandler@766d059b{STARTED}
18:13:59.777 [Executing addConjurCredential(org.conjur.jenkins.configuration.ConjurConfigurationTest)] DEBUG org.eclipse.jetty.util.component.AbstractLifeCycle -- starting NoListenerConfiguration@1e70b7ef{STOPPED}
18:13:59.777 [Executing addConjurCredential(org.conjur.jenkins.configuration.ConjurConfigurationTest)] DEBUG org.eclipse.jetty.util.component.AbstractLifeCycle -- STARTED @12812ms NoListenerConfiguration@1e70b7ef{STARTED}
18:13:59.778 [Executing addConjurCredential(org.conjur.jenkins.configuration.ConjurConfigurationTest)] DEBUG org.eclipse.jetty.server.handler.ContextHandler -- contextInitialized: javax.servlet.ServletContextEvent[source=ServletContext@o.e.j.w.WebAppContext@7a11b63f{Jenkins v2.346.3,/jenkins,file:///Users/sameer.shaik/MyWorkSpace/17OctV2.2.3-New-BitBucketIssueFixed/conjur-credentials-plugin/target/jenkins-for-test/,STARTING}{/Users/sameer.shaik/MyWorkSpace/17OctV2.2.3-New-BitBucketIssueFixed/conjur-credentials-plugin/target/jenkins-for-test}]->org.eclipse.jetty.servlet.listener.ELContextCleaner@4305d4b0
18:13:59.778 [Executing addConjurCredential(org.conjur.jenkins.configuration.ConjurConfigurationTest)] DEBUG org.eclipse.jetty.server.handler.ContextHandler -- contextInitialized: javax.servlet.ServletContextEvent[source=ServletContext@o.e.j.w.WebAppContext@7a11b63f{Jenkins v2.346.3,/jenkins,file:///Users/sameer.shaik/MyWorkSpace/17OctV2.2.3-New-BitBucketIssueFixed/conjur-credentials-plugin/target/jenkins-for-test/,STARTING}{/Users/sameer.shaik/MyWorkSpace/17OctV2.2.3-New-BitBucketIssueFixed/conjur-credentials-plugin/target/jenkins-for-test}]->org.eclipse.jetty.servlet.listener.IntrospectorCleaner@c79aa6d
18:13:59.779 [Executing addConjurCredential(org.conjur.jenkins.configuration.ConjurConfigurationTest)] DEBUG org.eclipse.jetty.server.handler.ContextHandler -- contextInitialized: javax.servlet.ServletContextEvent[source=ServletContext@o.e.j.w.WebAppContext@7a11b63f{Jenkins v2.346.3,/jenkins,file:///Users/sameer.shaik/MyWorkSpace/17OctV2.2.3-New-BitBucketIssueFixed/conjur-credentials-plugin/target/jenkins-for-test/,STARTING}{/Users/sameer.shaik/MyWorkSpace/17OctV2.2.3-New-BitBucketIssueFixed/conjur-credentials-plugin/target/jenkins-for-test}]->jenkins.util.SystemProperties$Listener@52626725
18:13:59.779 [Executing addConjurCredential(org.conjur.jenkins.configuration.ConjurConfigurationTest)] DEBUG org.eclipse.jetty.util.component.AbstractLifeCycle -- starting suspicious-request-filter==jenkins.security.SuspiciousRequestFilter@5af7d11b{inst=false,async=true,src=DESCRIPTOR:file:///Users/sameer.shaik/MyWorkSpace/17OctV2.2.3-New-BitBucketIssueFixed/conjur-credentials-plugin/target/jenkins-for-test/WEB-INF/web.xml}
18:13:59.779 [Executing addConjurCredential(org.conjur.jenkins.configuration.ConjurConfigurationTest)] DEBUG org.eclipse.jetty.servlet.BaseHolder -- Holding class jenkins.security.SuspiciousRequestFilter from jdk.internal.loader.ClassLoaders$AppClassLoader@5ffd2b27
18:13:59.780 [Executing addConjurCredential(org.conjur.jenkins.configuration.ConjurConfigurationTest)] DEBUG org.eclipse.jetty.util.component.AbstractLifeCycle -- STARTED @12814ms suspicious-request-filter==jenkins.security.SuspiciousRequestFilter@5af7d11b{inst=false,async=true,src=DESCRIPTOR:file:///Users/sameer.shaik/MyWorkSpace/17OctV2.2.3-New-BitBucketIssueFixed/conjur-credentials-plugin/target/jenkins-for-test/WEB-INF/web.xml}
18:13:59.780 [Executing addConjurCredential(org.conjur.jenkins.configuration.ConjurConfigurationTest)] DEBUG org.eclipse.jetty.servlet.FilterHolder -- Filter.init jenkins.security.SuspiciousRequestFilter@45f4a75e
18:13:59.780 [Executing addConjurCredential(org.conjur.jenkins.configuration.ConjurConfigurationTest)] DEBUG org.eclipse.jetty.util.component.AbstractLifeCycle -- starting diagnostic-name-filter==org.kohsuke.stapler.DiagnosticThreadNameFilter@5b899bcb{inst=false,async=true,src=DESCRIPTOR:file:///Users/sameer.shaik/MyWorkSpace/17OctV2.2.3-New-BitBucketIssueFixed/conjur-credentials-plugin/target/jenkins-for-test/WEB-INF/web.xml}
18:13:59.780 [Executing addConjurCredential(org.conjur.jenkins.configuration.ConjurConfigurationTest)] DEBUG org.eclipse.jetty.servlet.BaseHolder -- Holding class org.kohsuke.stapler.DiagnosticThreadNameFilter from jdk.internal.loader.ClassLoaders$AppClassLoader@5ffd2b27
18:13:59.781 [Executing addConjurCredential(org.conjur.jenkins.configuration.ConjurConfigurationTest)] DEBUG org.eclipse.jetty.util.component.AbstractLifeCycle -- STARTED @12815ms diagnostic-name-filter==org.kohsuke.stapler.DiagnosticThreadNameFilter@5b899bcb{inst=false,async=true,src=DESCRIPTOR:file:///Users/sameer.shaik/MyWorkSpace/17OctV2.2.3-New-BitBucketIssueFixed/conjur-credentials-plugin/target/jenkins-for-test/WEB-INF/web.xml}
18:13:59.781 [Executing addConjurCredential(org.conjur.jenkins.configuration.ConjurConfigurationTest)] DEBUG org.eclipse.jetty.servlet.FilterHolder -- Filter.init org.kohsuke.stapler.DiagnosticThreadNameFilter@28b95b04
18:13:59.781 [Executing addConjurCredential(org.conjur.jenkins.configuration.ConjurConfigurationTest)] DEBUG org.eclipse.jetty.util.component.AbstractLifeCycle -- starting encoding-filter==hudson.util.CharacterEncodingFilter@5cfc7758{inst=false,async=true,src=DESCRIPTOR:file:///Users/sameer.shaik/MyWorkSpace/17OctV2.2.3-New-BitBucketIssueFixed/conjur-credentials-plugin/target/jenkins-for-test/WEB-INF/web.xml}
18:13:59.781 [Executing addConjurCredential(org.conjur.jenkins.configuration.ConjurConfigurationTest)] DEBUG org.eclipse.jetty.servlet.BaseHolder -- Holding class hudson.util.CharacterEncodingFilter from jdk.internal.loader.ClassLoaders$AppClassLoader@5ffd2b27
18:13:59.781 [Executing addConjurCredential(org.conjur.jenkins.configuration.ConjurConfigurationTest)] DEBUG org.eclipse.jetty.util.component.AbstractLifeCycle -- STARTED @12816ms encoding-filter==hudson.util.CharacterEncodingFilter@5cfc7758{inst=false,async=true,src=DESCRIPTOR:file:///Users/sameer.shaik/MyWorkSpace/17OctV2.2.3-New-BitBucketIssueFixed/conjur-credentials-plugin/target/jenkins-for-test/WEB-INF/web.xml}
18:13:59.782 [Executing addConjurCredential(org.conjur.jenkins.configuration.ConjurConfigurationTest)] DEBUG org.eclipse.jetty.servlet.FilterHolder -- Filter.init hudson.util.CharacterEncodingFilter@69d2a6bc
18:13:59.782 [Executing addConjurCredential(org.conjur.jenkins.configuration.ConjurConfigurationTest)] DEBUG org.eclipse.jetty.util.component.AbstractLifeCycle -- starting compression-filter==org.kohsuke.stapler.compression.CompressionFilter@156140f6{inst=false,async=true,src=DESCRIPTOR:file:///Users/sameer.shaik/MyWorkSpace/17OctV2.2.3-New-BitBucketIssueFixed/conjur-credentials-plugin/target/jenkins-for-test/WEB-INF/web.xml}
18:13:59.782 [Executing addConjurCredential(org.conjur.jenkins.configuration.ConjurConfigurationTest)] DEBUG org.eclipse.jetty.servlet.BaseHolder -- Holding class org.kohsuke.stapler.compression.CompressionFilter from jdk.internal.loader.ClassLoaders$AppClassLoader@5ffd2b27
18:13:59.782 [Executing addConjurCredential(org.conjur.jenkins.configuration.ConjurConfigurationTest)] DEBUG org.eclipse.jetty.util.component.AbstractLifeCycle -- STARTED @12817ms compression-filter==org.kohsuke.stapler.compression.CompressionFilter@156140f6{inst=false,async=true,src=DESCRIPTOR:file:///Users/sameer.shaik/MyWorkSpace/17OctV2.2.3-New-BitBucketIssueFixed/conjur-credentials-plugin/target/jenkins-for-test/WEB-INF/web.xml}
18:13:59.783 [Executing addConjurCredential(org.conjur.jenkins.configuration.ConjurConfigurationTest)] DEBUG org.eclipse.jetty.servlet.FilterHolder -- Filter.init org.kohsuke.stapler.compression.CompressionFilter@28c8afec
18:13:59.783 [Executing addConjurCredential(org.conjur.jenkins.configuration.ConjurConfigurationTest)] DEBUG org.eclipse.jetty.util.component.AbstractLifeCycle -- starting authentication-filter==hudson.security.HudsonFilter@717a2448{inst=false,async=true,src=DESCRIPTOR:file:///Users/sameer.shaik/MyWorkSpace/17OctV2.2.3-New-BitBucketIssueFixed/conjur-credentials-plugin/target/jenkins-for-test/WEB-INF/web.xml}
18:13:59.783 [Executing addConjurCredential(org.conjur.jenkins.configuration.ConjurConfigurationTest)] DEBUG org.eclipse.jetty.servlet.BaseHolder -- Holding class hudson.security.HudsonFilter from jdk.internal.loader.ClassLoaders$AppClassLoader@5ffd2b27
18:13:59.783 [Executing addConjurCredential(org.conjur.jenkins.configuration.ConjurConfigurationTest)] DEBUG org.eclipse.jetty.util.component.AbstractLifeCycle -- STARTED @12818ms authentication-filter==hudson.security.HudsonFilter@717a2448{inst=false,async=true,src=DESCRIPTOR:file:///Users/sameer.shaik/MyWorkSpace/17OctV2.2.3-New-BitBucketIssueFixed/conjur-credentials-plugin/target/jenkins-for-test/WEB-INF/web.xml}
18:13:59.784 [Executing addConjurCredential(org.conjur.jenkins.configuration.ConjurConfigurationTest)] DEBUG org.eclipse.jetty.servlet.FilterHolder -- Filter.init hudson.security.HudsonFilter@48e623fc
18:13:59.784 [Executing addConjurCredential(org.conjur.jenkins.configuration.ConjurConfigurationTest)] DEBUG org.eclipse.jetty.util.component.AbstractLifeCycle -- starting csrf-filter==hudson.security.csrf.CrumbFilter@66baae6f{inst=false,async=true,src=DESCRIPTOR:file:///Users/sameer.shaik/MyWorkSpace/17OctV2.2.3-New-BitBucketIssueFixed/conjur-credentials-plugin/target/jenkins-for-test/WEB-INF/web.xml}
18:13:59.784 [Executing addConjurCredential(org.conjur.jenkins.configuration.ConjurConfigurationTest)] DEBUG org.eclipse.jetty.servlet.BaseHolder -- Holding class hudson.security.csrf.CrumbFilter from jdk.internal.loader.ClassLoaders$AppClassLoader@5ffd2b27
18:13:59.784 [Executing addConjurCredential(org.conjur.jenkins.configuration.ConjurConfigurationTest)] DEBUG org.eclipse.jetty.util.component.AbstractLifeCycle -- STARTED @12819ms csrf-filter==hudson.security.csrf.CrumbFilter@66baae6f{inst=false,async=true,src=DESCRIPTOR:file:///Users/sameer.shaik/MyWorkSpace/17OctV2.2.3-New-BitBucketIssueFixed/conjur-credentials-plugin/target/jenkins-for-test/WEB-INF/web.xml}
18:13:59.785 [Executing addConjurCredential(org.conjur.jenkins.configuration.ConjurConfigurationTest)] DEBUG org.eclipse.jetty.servlet.FilterHolder -- Filter.init hudson.security.csrf.CrumbFilter@2ae5309f
18:13:59.785 [Executing addConjurCredential(org.conjur.jenkins.configuration.ConjurConfigurationTest)] DEBUG org.eclipse.jetty.util.component.AbstractLifeCycle -- starting plugins-filter==hudson.util.PluginServletFilter@59435357{inst=false,async=true,src=DESCRIPTOR:file:///Users/sameer.shaik/MyWorkSpace/17OctV2.2.3-New-BitBucketIssueFixed/conjur-credentials-plugin/target/jenkins-for-test/WEB-INF/web.xml}
18:13:59.785 [Executing addConjurCredential(org.conjur.jenkins.configuration.ConjurConfigurationTest)] DEBUG org.eclipse.jetty.servlet.BaseHolder -- Holding class hudson.util.PluginServletFilter from jdk.internal.loader.ClassLoaders$AppClassLoader@5ffd2b27
18:13:59.785 [Executing addConjurCredential(org.conjur.jenkins.configuration.ConjurConfigurationTest)] DEBUG org.eclipse.jetty.util.component.AbstractLifeCycle -- STARTED @12820ms plugins-filter==hudson.util.PluginServletFilter@59435357{inst=false,async=true,src=DESCRIPTOR:file:///Users/sameer.shaik/MyWorkSpace/17OctV2.2.3-New-BitBucketIssueFixed/conjur-credentials-plugin/target/jenkins-for-test/WEB-INF/web.xml}
18:13:59.786 [Executing addConjurCredential(org.conjur.jenkins.configuration.ConjurConfigurationTest)] DEBUG org.eclipse.jetty.servlet.FilterHolder -- Filter.init hudson.util.PluginServletFilter@567e9439
18:13:59.786 [Executing addConjurCredential(org.conjur.jenkins.configuration.ConjurConfigurationTest)] DEBUG org.eclipse.jetty.util.component.AbstractLifeCycle -- starting Stapler==org.kohsuke.stapler.Stapler@f222d1a9{jsp=null,order=-1,inst=false,async=true,src=DESCRIPTOR:file:///Users/sameer.shaik/MyWorkSpace/17OctV2.2.3-New-BitBucketIssueFixed/conjur-credentials-plugin/target/jenkins-for-test/WEB-INF/web.xml,STOPPED}
18:13:59.786 [Executing addConjurCredential(org.conjur.jenkins.configuration.ConjurConfigurationTest)] DEBUG org.eclipse.jetty.servlet.BaseHolder -- Holding class org.kohsuke.stapler.Stapler from jdk.internal.loader.ClassLoaders$AppClassLoader@5ffd2b27
18:13:59.787 [Executing addConjurCredential(org.conjur.jenkins.configuration.ConjurConfigurationTest)] DEBUG org.eclipse.jetty.util.component.AbstractLifeCycle -- STARTED @12821ms Stapler==org.kohsuke.stapler.Stapler@f222d1a9{jsp=null,order=-1,inst=false,async=true,src=DESCRIPTOR:file:///Users/sameer.shaik/MyWorkSpace/17OctV2.2.3-New-BitBucketIssueFixed/conjur-credentials-plugin/target/jenkins-for-test/WEB-INF/web.xml,STARTED}
18:13:59.787 [Executing addConjurCredential(org.conjur.jenkins.configuration.ConjurConfigurationTest)] DEBUG org.eclipse.jetty.util.component.AbstractLifeCycle -- starting default==org.eclipse.jetty.servlet.DefaultServlet@5c13d641{jsp=null,order=0,inst=false,async=false,src=DESCRIPTOR:jar:file:/Users/sameer.shaik/.m2/repository/org/eclipse/jetty/jetty-webapp/9.4.48.v20220622/jetty-webapp-9.4.48.v20220622.jar!/org/eclipse/jetty/webapp/webdefault.xml,STOPPED}
18:13:59.787 [Executing addConjurCredential(org.conjur.jenkins.configuration.ConjurConfigurationTest)] DEBUG org.eclipse.jetty.servlet.BaseHolder -- Holding class org.eclipse.jetty.servlet.DefaultServlet from jdk.internal.loader.ClassLoaders$AppClassLoader@5ffd2b27
18:13:59.787 [Executing addConjurCredential(org.conjur.jenkins.configuration.ConjurConfigurationTest)] DEBUG org.eclipse.jetty.util.component.AbstractLifeCycle -- STARTED @12822ms default==org.eclipse.jetty.servlet.DefaultServlet@5c13d641{jsp=null,order=0,inst=false,async=false,src=DESCRIPTOR:jar:file:/Users/sameer.shaik/.m2/repository/org/eclipse/jetty/jetty-webapp/9.4.48.v20220622/jetty-webapp-9.4.48.v20220622.jar!/org/eclipse/jetty/webapp/webdefault.xml,STARTED}
18:13:59.788 [Executing addConjurCredential(org.conjur.jenkins.configuration.ConjurConfigurationTest)] DEBUG org.eclipse.jetty.servlet.ServletHolder -- Servlet.init null for default
18:13:59.789 [Executing addConjurCredential(org.conjur.jenkins.configuration.ConjurConfigurationTest)] DEBUG org.eclipse.jetty.servlet.DefaultServlet -- resource base = null
18:13:59.789 [Executing addConjurCredential(org.conjur.jenkins.configuration.ConjurConfigurationTest)] DEBUG org.eclipse.jetty.util.component.AbstractLifeCycle -- starting jsp==org.eclipse.jetty.servlet.NoJspServlet@19c47{jsp=null,order=0,inst=false,async=false,src=DESCRIPTOR:jar:file:/Users/sameer.shaik/.m2/repository/org/eclipse/jetty/jetty-webapp/9.4.48.v20220622/jetty-webapp-9.4.48.v20220622.jar!/org/eclipse/jetty/webapp/webdefault.xml,STOPPED}
18:13:59.789 [Executing addConjurCredential(org.conjur.jenkins.configuration.ConjurConfigurationTest)] DEBUG org.eclipse.jetty.servlet.BaseHolder -- Holding class org.eclipse.jetty.servlet.NoJspServlet from jdk.internal.loader.ClassLoaders$AppClassLoader@5ffd2b27
18:13:59.789 [Executing addConjurCredential(org.conjur.jenkins.configuration.ConjurConfigurationTest)] DEBUG org.eclipse.jetty.util.component.AbstractLifeCycle -- STARTED @12824ms jsp==org.eclipse.jetty.servlet.NoJspServlet@19c47{jsp=null,order=0,inst=false,async=false,src=DESCRIPTOR:jar:file:/Users/sameer.shaik/.m2/repository/org/eclipse/jetty/jetty-webapp/9.4.48.v20220622/jetty-webapp-9.4.48.v20220622.jar!/org/eclipse/jetty/webapp/webdefault.xml,STARTED}
18:13:59.790 [Executing addConjurCredential(org.conjur.jenkins.configuration.ConjurConfigurationTest)] DEBUG org.eclipse.jetty.servlet.ServletHolder -- Servlet.init null for jsp
18:13:59.790 [Executing addConjurCredential(org.conjur.jenkins.configuration.ConjurConfigurationTest)] INFO org.eclipse.jetty.server.handler.ContextHandler -- Started o.e.j.w.WebAppContext@7a11b63f{Jenkins v2.346.3,/jenkins,file:///Users/sameer.shaik/MyWorkSpace/17OctV2.2.3-New-BitBucketIssueFixed/conjur-credentials-plugin/target/jenkins-for-test/,AVAILABLE}{/Users/sameer.shaik/MyWorkSpace/17OctV2.2.3-New-BitBucketIssueFixed/conjur-credentials-plugin/target/jenkins-for-test}
18:13:59.790 [Executing addConjurCredential(org.conjur.jenkins.configuration.ConjurConfigurationTest)] DEBUG org.eclipse.jetty.webapp.WebAppContext -- postConfigure o.e.j.w.WebAppContext@7a11b63f{Jenkins v2.346.3,/jenkins,file:///Users/sameer.shaik/MyWorkSpace/17OctV2.2.3-New-BitBucketIssueFixed/conjur-credentials-plugin/target/jenkins-for-test/,AVAILABLE}{/Users/sameer.shaik/MyWorkSpace/17OctV2.2.3-New-BitBucketIssueFixed/conjur-credentials-plugin/target/jenkins-for-test} with org.eclipse.jetty.webapp.WebXmlConfiguration@2f9de877
18:13:59.791 [Executing addConjurCredential(org.conjur.jenkins.configuration.ConjurConfigurationTest)] DEBUG org.eclipse.jetty.util.component.AbstractLifeCycle -- STARTED @12825ms o.e.j.w.WebAppContext@7a11b63f{Jenkins v2.346.3,/jenkins,file:///Users/sameer.shaik/MyWorkSpace/17OctV2.2.3-New-BitBucketIssueFixed/conjur-credentials-plugin/target/jenkins-for-test/,AVAILABLE}{/Users/sameer.shaik/MyWorkSpace/17OctV2.2.3-New-BitBucketIssueFixed/conjur-credentials-plugin/target/jenkins-for-test}
18:13:59.791 [Executing addConjurCredential(org.conjur.jenkins.configuration.ConjurConfigurationTest)] DEBUG org.eclipse.jetty.util.component.AbstractLifeCycle -- starting ErrorHandler@139685c8{STOPPED}
18:13:59.791 [Executing addConjurCredential(org.conjur.jenkins.configuration.ConjurConfigurationTest)] DEBUG org.eclipse.jetty.server.handler.AbstractHandler -- starting ErrorHandler@139685c8{STARTING}
18:13:59.791 [Executing addConjurCredential(org.conjur.jenkins.configuration.ConjurConfigurationTest)] DEBUG org.eclipse.jetty.util.component.AbstractLifeCycle -- STARTED @12826ms ErrorHandler@139685c8{STARTED}
18:13:59.792 [Executing addConjurCredential(org.conjur.jenkins.configuration.ConjurConfigurationTest)] DEBUG org.eclipse.jetty.util.component.AbstractLifeCycle -- starting ServerConnector@fcafe6b{HTTP/1.1, (http/1.1)}{localhost:0}
18:13:59.792 [Executing addConjurCredential(org.conjur.jenkins.configuration.ConjurConfigurationTest)] DEBUG org.eclipse.jetty.util.component.ContainerLifeCycle -- ServerConnector@fcafe6b{HTTP/1.1, (http/1.1)}{localhost:51398} added {sun.nio.ch.ServerSocketChannelImpl[/127.0.0.1:51398],POJO}
18:13:59.793 [Executing addConjurCredential(org.conjur.jenkins.configuration.ConjurConfigurationTest)] DEBUG org.eclipse.jetty.util.component.AbstractLifeCycle -- starting ScheduledExecutorScheduler@7abcaa87{STOPPED}
18:13:59.793 [Executing addConjurCredential(org.conjur.jenkins.configuration.ConjurConfigurationTest)] DEBUG org.eclipse.jetty.util.component.AbstractLifeCycle -- STARTED @12827ms ScheduledExecutorScheduler@7abcaa87{STARTED}
18:13:59.793 [Executing addConjurCredential(org.conjur.jenkins.configuration.ConjurConfigurationTest)] DEBUG org.eclipse.jetty.util.component.AbstractLifeCycle -- starting HttpConnectionFactory@142e24b8[HTTP/1.1]
18:13:59.793 [Executing addConjurCredential(org.conjur.jenkins.configuration.ConjurConfigurationTest)] DEBUG org.eclipse.jetty.util.component.AbstractLifeCycle -- STARTED @12828ms HttpConnectionFactory@142e24b8[HTTP/1.1]
18:13:59.793 [Executing addConjurCredential(org.conjur.jenkins.configuration.ConjurConfigurationTest)] DEBUG org.eclipse.jetty.util.component.AbstractLifeCycle -- starting SelectorManager@ServerConnector@fcafe6b{HTTP/1.1, (http/1.1)}{localhost:51398}
18:13:59.794 [Executing addConjurCredential(org.conjur.jenkins.configuration.ConjurConfigurationTest)] DEBUG org.eclipse.jetty.util.component.ContainerLifeCycle -- EatWhatYouKill@41c67a8d/SelectorProducer@63bbe1d0/IDLE/p=false/QueuedThreadPool[Jetty (JenkinsRule)]@35eb54c9{STARTED,8<=8<=200,i=8,r=-1,q=0}[ReservedThreadExecutor@4b771877{reserved=0/16,pending=0}][pc=0,pic=0,pec=0,epc=0]@2024-10-22T18:13:59.794111+05:30 added {SelectorProducer@63bbe1d0,POJO}
18:13:59.794 [Executing addConjurCredential(org.conjur.jenkins.configuration.ConjurConfigurationTest)] DEBUG org.eclipse.jetty.util.component.ContainerLifeCycle -- EatWhatYouKill@41c67a8d/SelectorProducer@63bbe1d0/IDLE/p=false/QueuedThreadPool[Jetty (JenkinsRule)]@35eb54c9{STARTED,8<=8<=200,i=8,r=-1,q=0}[ReservedThreadExecutor@4b771877{reserved=0/16,pending=0}][pc=0,pic=0,pec=0,epc=0]@2024-10-22T18:13:59.794649+05:30 added {QueuedThreadPool[Jetty (JenkinsRule)]@35eb54c9{STARTED,8<=8<=200,i=8,r=-1,q=0}[ReservedThreadExecutor@4b771877{reserved=0/16,pending=0}],UNMANAGED}
18:13:59.795 [Executing addConjurCredential(org.conjur.jenkins.configuration.ConjurConfigurationTest)] DEBUG org.eclipse.jetty.util.thread.strategy.EatWhatYouKill -- EatWhatYouKill@41c67a8d/SelectorProducer@63bbe1d0/IDLE/p=false/QueuedThreadPool[Jetty (JenkinsRule)]@35eb54c9{STARTED,8<=8<=200,i=8,r=-1,q=0}[ReservedThreadExecutor@4b771877{reserved=0/16,pending=0}][pc=0,pic=0,pec=0,epc=0]@2024-10-22T18:13:59.795181+05:30 created
18:13:59.795 [Executing addConjurCredential(org.conjur.jenkins.configuration.ConjurConfigurationTest)] DEBUG org.eclipse.jetty.util.component.ContainerLifeCycle -- ManagedSelector@7f35b13c{STOPPED} id=0 keys=-1 selected=-1 updates=0 added {EatWhatYouKill@41c67a8d/SelectorProducer@63bbe1d0/IDLE/p=false/QueuedThreadPool[Jetty (JenkinsRule)]@35eb54c9{STARTED,8<=8<=200,i=8,r=-1,q=0}[ReservedThreadExecutor@4b771877{reserved=0/16,pending=0}][pc=0,pic=0,pec=0,epc=0]@2024-10-22T18:13:59.795618+05:30,MANAGED}
18:13:59.796 [Executing addConjurCredential(org.conjur.jenkins.configuration.ConjurConfigurationTest)] DEBUG org.eclipse.jetty.util.component.ContainerLifeCycle -- SelectorManager@ServerConnector@fcafe6b{HTTP/1.1, (http/1.1)}{localhost:51398} added {ManagedSelector@7f35b13c{STOPPED} id=0 keys=-1 selected=-1 updates=0,AUTO}
18:13:59.796 [Executing addConjurCredential(org.conjur.jenkins.configuration.ConjurConfigurationTest)] DEBUG org.eclipse.jetty.util.component.ContainerLifeCycle -- EatWhatYouKill@1b29edef/SelectorProducer@69c9ee15/IDLE/p=false/QueuedThreadPool[Jetty (JenkinsRule)]@35eb54c9{STARTED,8<=8<=200,i=8,r=-1,q=0}[ReservedThreadExecutor@4b771877{reserved=0/16,pending=0}][pc=0,pic=0,pec=0,epc=0]@2024-10-22T18:13:59.79641+05:30 added {SelectorProducer@69c9ee15,POJO}
18:13:59.796 [Executing addConjurCredential(org.conjur.jenkins.configuration.ConjurConfigurationTest)] DEBUG org.eclipse.jetty.util.component.ContainerLifeCycle -- EatWhatYouKill@1b29edef/SelectorProducer@69c9ee15/IDLE/p=false/QueuedThreadPool[Jetty (JenkinsRule)]@35eb54c9{STARTED,8<=8<=200,i=8,r=-1,q=0}[ReservedThreadExecutor@4b771877{reserved=0/16,pending=0}][pc=0,pic=0,pec=0,epc=0]@2024-10-22T18:13:59.796814+05:30 added {QueuedThreadPool[Jetty (JenkinsRule)]@35eb54c9{STARTED,8<=8<=200,i=8,r=-1,q=0}[ReservedThreadExecutor@4b771877{reserved=0/16,pending=0}],UNMANAGED}
18:13:59.797 [Executing addConjurCredential(org.conjur.jenkins.configuration.ConjurConfigurationTest)] DEBUG org.eclipse.jetty.util.thread.strategy.EatWhatYouKill -- EatWhatYouKill@1b29edef/SelectorProducer@69c9ee15/IDLE/p=false/QueuedThreadPool[Jetty (JenkinsRule)]@35eb54c9{STARTED,8<=8<=200,i=8,r=-1,q=0}[ReservedThreadExecutor@4b771877{reserved=0/16,pending=0}][pc=0,pic=0,pec=0,epc=0]@2024-10-22T18:13:59.797397+05:30 created
18:13:59.797 [Executing addConjurCredential(org.conjur.jenkins.configuration.ConjurConfigurationTest)] DEBUG org.eclipse.jetty.util.component.ContainerLifeCycle -- ManagedSelector@55c0279d{STOPPED} id=1 keys=-1 selected=-1 updates=0 added {EatWhatYouKill@1b29edef/SelectorProducer@69c9ee15/IDLE/p=false/QueuedThreadPool[Jetty (JenkinsRule)]@35eb54c9{STARTED,8<=8<=200,i=8,r=-1,q=0}[ReservedThreadExecutor@4b771877{reserved=0/16,pending=0}][pc=0,pic=0,pec=0,epc=0]@2024-10-22T18:13:59.797899+05:30,MANAGED}
18:13:59.798 [Executing addConjurCredential(org.conjur.jenkins.configuration.ConjurConfigurationTest)] DEBUG org.eclipse.jetty.util.component.ContainerLifeCycle -- SelectorManager@ServerConnector@fcafe6b{HTTP/1.1, (http/1.1)}{localhost:51398} added {ManagedSelector@55c0279d{STOPPED} id=1 keys=-1 selected=-1 updates=0,AUTO}
18:13:59.798 [Executing addConjurCredential(org.conjur.jenkins.configuration.ConjurConfigurationTest)] DEBUG org.eclipse.jetty.util.component.ContainerLifeCycle -- EatWhatYouKill@72ec048/SelectorProducer@533c13d7/IDLE/p=false/QueuedThreadPool[Jetty (JenkinsRule)]@35eb54c9{STARTED,8<=8<=200,i=8,r=-1,q=0}[ReservedThreadExecutor@4b771877{reserved=0/16,pending=0}][pc=0,pic=0,pec=0,epc=0]@2024-10-22T18:13:59.798665+05:30 added {SelectorProducer@533c13d7,POJO}
18:13:59.799 [Executing addConjurCredential(org.conjur.jenkins.configuration.ConjurConfigurationTest)] DEBUG org.eclipse.jetty.util.component.ContainerLifeCycle -- EatWhatYouKill@72ec048/SelectorProducer@533c13d7/IDLE/p=false/QueuedThreadPool[Jetty (JenkinsRule)]@35eb54c9{STARTED,8<=8<=200,i=8,r=-1,q=0}[ReservedThreadExecutor@4b771877{reserved=0/16,pending=0}][pc=0,pic=0,pec=0,epc=0]@2024-10-22T18:13:59.799073+05:30 added {QueuedThreadPool[Jetty (JenkinsRule)]@35eb54c9{STARTED,8<=8<=200,i=8,r=-1,q=0}[ReservedThreadExecutor@4b771877{reserved=0/16,pending=0}],UNMANAGED}
18:13:59.799 [Executing addConjurCredential(org.conjur.jenkins.configuration.ConjurConfigurationTest)] DEBUG org.eclipse.jetty.util.thread.strategy.EatWhatYouKill -- EatWhatYouKill@72ec048/SelectorProducer@533c13d7/IDLE/p=false/QueuedThreadPool[Jetty (JenkinsRule)]@35eb54c9{STARTED,8<=8<=200,i=8,r=-1,q=0}[ReservedThreadExecutor@4b771877{reserved=0/16,pending=0}][pc=0,pic=0,pec=0,epc=0]@2024-10-22T18:13:59.799596+05:30 created
18:13:59.800 [Executing addConjurCredential(org.conjur.jenkins.configuration.ConjurConfigurationTest)] DEBUG org.eclipse.jetty.util.component.ContainerLifeCycle -- ManagedSelector@7523e6e3{STOPPED} id=2 keys=-1 selected=-1 updates=0 added {EatWhatYouKill@72ec048/SelectorProducer@533c13d7/IDLE/p=false/QueuedThreadPool[Jetty (JenkinsRule)]@35eb54c9{STARTED,8<=8<=200,i=8,r=-1,q=0}[ReservedThreadExecutor@4b771877{reserved=0/16,pending=0}][pc=0,pic=0,pec=0,epc=0]@2024-10-22T18:13:59.80001+05:30,MANAGED}
18:13:59.800 [Executing addConjurCredential(org.conjur.jenkins.configuration.ConjurConfigurationTest)] DEBUG org.eclipse.jetty.util.component.ContainerLifeCycle -- SelectorManager@ServerConnector@fcafe6b{HTTP/1.1, (http/1.1)}{localhost:51398} added {ManagedSelector@7523e6e3{STOPPED} id=2 keys=-1 selected=-1 updates=0,AUTO}
18:13:59.800 [Executing addConjurCredential(org.conjur.jenkins.configuration.ConjurConfigurationTest)] DEBUG org.eclipse.jetty.util.component.ContainerLifeCycle -- EatWhatYouKill@218bcb15/SelectorProducer@50d673ec/IDLE/p=false/QueuedThreadPool[Jetty (JenkinsRule)]@35eb54c9{STARTED,8<=8<=200,i=8,r=-1,q=0}[ReservedThreadExecutor@4b771877{reserved=0/16,pending=0}][pc=0,pic=0,pec=0,epc=0]@2024-10-22T18:13:59.800834+05:30 added {SelectorProducer@50d673ec,POJO}
18:13:59.801 [Executing addConjurCredential(org.conjur.jenkins.configuration.ConjurConfigurationTest)] DEBUG org.eclipse.jetty.util.component.ContainerLifeCycle -- EatWhatYouKill@218bcb15/SelectorProducer@50d673ec/IDLE/p=false/QueuedThreadPool[Jetty (JenkinsRule)]@35eb54c9{STARTED,8<=8<=200,i=8,r=-1,q=0}[ReservedThreadExecutor@4b771877{reserved=0/16,pending=0}][pc=0,pic=0,pec=0,epc=0]@2024-10-22T18:13:59.801243+05:30 added {QueuedThreadPool[Jetty (JenkinsRule)]@35eb54c9{STARTED,8<=8<=200,i=8,r=-1,q=0}[ReservedThreadExecutor@4b771877{reserved=0/16,pending=0}],UNMANAGED}
18:13:59.801 [Executing addConjurCredential(org.conjur.jenkins.configuration.ConjurConfigurationTest)] DEBUG org.eclipse.jetty.util.thread.strategy.EatWhatYouKill -- EatWhatYouKill@218bcb15/SelectorProducer@50d673ec/IDLE/p=false/QueuedThreadPool[Jetty (JenkinsRule)]@35eb54c9{STARTED,8<=8<=200,i=8,r=-1,q=0}[ReservedThreadExecutor@4b771877{reserved=0/16,pending=0}][pc=0,pic=0,pec=0,epc=0]@2024-10-22T18:13:59.801769+05:30 created
18:13:59.802 [Executing addConjurCredential(org.conjur.jenkins.configuration.ConjurConfigurationTest)] DEBUG org.eclipse.jetty.util.component.ContainerLifeCycle -- ManagedSelector@63c7608a{STOPPED} id=3 keys=-1 selected=-1 updates=0 added {EatWhatYouKill@218bcb15/SelectorProducer@50d673ec/IDLE/p=false/QueuedThreadPool[Jetty (JenkinsRule)]@35eb54c9{STARTED,8<=8<=200,i=8,r=-1,q=0}[ReservedThreadExecutor@4b771877{reserved=0/16,pending=0}][pc=0,pic=0,pec=0,epc=0]@2024-10-22T18:13:59.802172+05:30,MANAGED}
18:13:59.802 [Executing addConjurCredential(org.conjur.jenkins.configuration.ConjurConfigurationTest)] DEBUG org.eclipse.jetty.util.component.ContainerLifeCycle -- SelectorManager@ServerConnector@fcafe6b{HTTP/1.1, (http/1.1)}{localhost:51398} added {ManagedSelector@63c7608a{STOPPED} id=3 keys=-1 selected=-1 updates=0,AUTO}
18:13:59.802 [Executing addConjurCredential(org.conjur.jenkins.configuration.ConjurConfigurationTest)] DEBUG org.eclipse.jetty.util.component.ContainerLifeCycle -- EatWhatYouKill@93986ef/SelectorProducer@761527be/IDLE/p=false/QueuedThreadPool[Jetty (JenkinsRule)]@35eb54c9{STARTED,8<=8<=200,i=8,r=-1,q=0}[ReservedThreadExecutor@4b771877{reserved=0/16,pending=0}][pc=0,pic=0,pec=0,epc=0]@2024-10-22T18:13:59.802918+05:30 added {SelectorProducer@761527be,POJO}
18:13:59.803 [Executing addConjurCredential(org.conjur.jenkins.configuration.ConjurConfigurationTest)] DEBUG org.eclipse.jetty.util.component.ContainerLifeCycle -- EatWhatYouKill@93986ef/SelectorProducer@761527be/IDLE/p=false/QueuedThreadPool[Jetty (JenkinsRule)]@35eb54c9{STARTED,8<=8<=200,i=8,r=-1,q=0}[ReservedThreadExecutor@4b771877{reserved=0/16,pending=0}][pc=0,pic=0,pec=0,epc=0]@2024-10-22T18:13:59.803321+05:30 added {QueuedThreadPool[Jetty (JenkinsRule)]@35eb54c9{STARTED,8<=8<=200,i=8,r=-1,q=0}[ReservedThreadExecutor@4b771877{reserved=0/16,pending=0}],UNMANAGED}
18:13:59.803 [Executing addConjurCredential(org.conjur.jenkins.configuration.ConjurConfigurationTest)] DEBUG org.eclipse.jetty.util.thread.strategy.EatWhatYouKill -- EatWhatYouKill@93986ef/SelectorProducer@761527be/IDLE/p=false/QueuedThreadPool[Jetty (JenkinsRule)]@35eb54c9{STARTED,8<=8<=200,i=8,r=-1,q=0}[ReservedThreadExecutor@4b771877{reserved=0/16,pending=0}][pc=0,pic=0,pec=0,epc=0]@2024-10-22T18:13:59.803836+05:30 created
18:13:59.804 [Executing addConjurCredential(org.conjur.jenkins.configuration.ConjurConfigurationTest)] DEBUG org.eclipse.jetty.util.component.ContainerLifeCycle -- ManagedSelector@153f7383{STOPPED} id=4 keys=-1 selected=-1 updates=0 added {EatWhatYouKill@93986ef/SelectorProducer@761527be/IDLE/p=false/QueuedThreadPool[Jetty (JenkinsRule)]@35eb54c9{STARTED,8<=8<=200,i=8,r=-1,q=0}[ReservedThreadExecutor@4b771877{reserved=0/16,pending=0}][pc=0,pic=0,pec=0,epc=0]@2024-10-22T18:13:59.804231+05:30,MANAGED}
18:13:59.804 [Executing addConjurCredential(org.conjur.jenkins.configuration.ConjurConfigurationTest)] DEBUG org.eclipse.jetty.util.component.ContainerLifeCycle -- SelectorManager@ServerConnector@fcafe6b{HTTP/1.1, (http/1.1)}{localhost:51398} added {ManagedSelector@153f7383{STOPPED} id=4 keys=-1 selected=-1 updates=0,AUTO}
18:13:59.805 [Executing addConjurCredential(org.conjur.jenkins.configuration.ConjurConfigurationTest)] DEBUG org.eclipse.jetty.util.component.ContainerLifeCycle -- EatWhatYouKill@4da4829e/SelectorProducer@8ef7b3b/IDLE/p=false/QueuedThreadPool[Jetty (JenkinsRule)]@35eb54c9{STARTED,8<=8<=200,i=8,r=-1,q=0}[ReservedThreadExecutor@4b771877{reserved=0/16,pending=0}][pc=0,pic=0,pec=0,epc=0]@2024-10-22T18:13:59.80522+05:30 added {SelectorProducer@8ef7b3b,POJO}
18:13:59.805 [Executing addConjurCredential(org.conjur.jenkins.configuration.ConjurConfigurationTest)] DEBUG org.eclipse.jetty.util.component.ContainerLifeCycle -- EatWhatYouKill@4da4829e/SelectorProducer@8ef7b3b/IDLE/p=false/QueuedThreadPool[Jetty (JenkinsRule)]@35eb54c9{STARTED,8<=8<=200,i=8,r=-1,q=0}[ReservedThreadExecutor@4b771877{reserved=0/16,pending=0}][pc=0,pic=0,pec=0,epc=0]@2024-10-22T18:13:59.805646+05:30 added {QueuedThreadPool[Jetty (JenkinsRule)]@35eb54c9{STARTED,8<=8<=200,i=8,r=-1,q=0}[ReservedThreadExecutor@4b771877{reserved=0/16,pending=0}],UNMANAGED}
18:13:59.806 [Executing addConjurCredential(org.conjur.jenkins.configuration.ConjurConfigurationTest)] DEBUG org.eclipse.jetty.util.thread.strategy.EatWhatYouKill -- EatWhatYouKill@4da4829e/SelectorProducer@8ef7b3b/IDLE/p=false/QueuedThreadPool[Jetty (JenkinsRule)]@35eb54c9{STARTED,8<=8<=200,i=8,r=-1,q=0}[ReservedThreadExecutor@4b771877{reserved=0/16,pending=0}][pc=0,pic=0,pec=0,epc=0]@2024-10-22T18:13:59.806157+05:30 created
18:13:59.806 [Executing addConjurCredential(org.conjur.jenkins.configuration.ConjurConfigurationTest)] DEBUG org.eclipse.jetty.util.component.ContainerLifeCycle -- ManagedSelector@5718854f{STOPPED} id=5 keys=-1 selected=-1 updates=0 added {EatWhatYouKill@4da4829e/SelectorProducer@8ef7b3b/IDLE/p=false/QueuedThreadPool[Jetty (JenkinsRule)]@35eb54c9{STARTED,8<=8<=200,i=8,r=-1,q=0}[ReservedThreadExecutor@4b771877{reserved=0/16,pending=0}][pc=0,pic=0,pec=0,epc=0]@2024-10-22T18:13:59.806582+05:30,MANAGED}
18:13:59.807 [Executing addConjurCredential(org.conjur.jenkins.configuration.ConjurConfigurationTest)] DEBUG org.eclipse.jetty.util.component.ContainerLifeCycle -- SelectorManager@ServerConnector@fcafe6b{HTTP/1.1, (http/1.1)}{localhost:51398} added {ManagedSelector@5718854f{STOPPED} id=5 keys=-1 selected=-1 updates=0,AUTO}
18:13:59.807 [Executing addConjurCredential(org.conjur.jenkins.configuration.ConjurConfigurationTest)] DEBUG org.eclipse.jetty.util.component.ContainerLifeCycle -- EatWhatYouKill@39555744/SelectorProducer@508c9282/IDLE/p=false/QueuedThreadPool[Jetty (JenkinsRule)]@35eb54c9{STARTED,8<=8<=200,i=8,r=-1,q=0}[ReservedThreadExecutor@4b771877{reserved=0/16,pending=0}][pc=0,pic=0,pec=0,epc=0]@2024-10-22T18:13:59.807353+05:30 added {SelectorProducer@508c9282,POJO}
18:13:59.807 [Executing addConjurCredential(org.conjur.jenkins.configuration.ConjurConfigurationTest)] DEBUG org.eclipse.jetty.util.component.ContainerLifeCycle -- EatWhatYouKill@39555744/SelectorProducer@508c9282/IDLE/p=false/QueuedThreadPool[Jetty (JenkinsRule)]@35eb54c9{STARTED,8<=8<=200,i=8,r=-1,q=0}[ReservedThreadExecutor@4b771877{reserved=0/16,pending=0}][pc=0,pic=0,pec=0,epc=0]@2024-10-22T18:13:59.807784+05:30 added {QueuedThreadPool[Jetty (JenkinsRule)]@35eb54c9{STARTED,8<=8<=200,i=8,r=-1,q=0}[ReservedThreadExecutor@4b771877{reserved=0/16,pending=0}],UNMANAGED}
18:13:59.808 [Executing addConjurCredential(org.conjur.jenkins.configuration.ConjurConfigurationTest)] DEBUG org.eclipse.jetty.util.thread.strategy.EatWhatYouKill -- EatWhatYouKill@39555744/SelectorProducer@508c9282/IDLE/p=false/QueuedThreadPool[Jetty (JenkinsRule)]@35eb54c9{STARTED,8<=8<=200,i=8,r=-1,q=0}[ReservedThreadExecutor@4b771877{reserved=0/16,pending=0}][pc=0,pic=0,pec=0,epc=0]@2024-10-22T18:13:59.808288+05:30 created
18:13:59.808 [Executing addConjurCredential(org.conjur.jenkins.configuration.ConjurConfigurationTest)] DEBUG org.eclipse.jetty.util.component.ContainerLifeCycle -- ManagedSelector@23c90d0b{STOPPED} id=6 keys=-1 selected=-1 updates=0 added {EatWhatYouKill@39555744/SelectorProducer@508c9282/IDLE/p=false/QueuedThreadPool[Jetty (JenkinsRule)]@35eb54c9{STARTED,8<=8<=200,i=8,r=-1,q=0}[ReservedThreadExecutor@4b771877{reserved=0/16,pending=0}][pc=0,pic=0,pec=0,epc=0]@2024-10-22T18:13:59.808927+05:30,MANAGED}
18:13:59.809 [Executing addConjurCredential(org.conjur.jenkins.configuration.ConjurConfigurationTest)] DEBUG org.eclipse.jetty.util.component.ContainerLifeCycle -- SelectorManager@ServerConnector@fcafe6b{HTTP/1.1, (http/1.1)}{localhost:51398} added {ManagedSelector@23c90d0b{STOPPED} id=6 keys=-1 selected=-1 updates=0,AUTO}
18:13:59.809 [Executing addConjurCredential(org.conjur.jenkins.configuration.ConjurConfigurationTest)] DEBUG org.eclipse.jetty.util.component.ContainerLifeCycle -- EatWhatYouKill@30e8c6c0/SelectorProducer@239458ee/IDLE/p=false/QueuedThreadPool[Jetty (JenkinsRule)]@35eb54c9{STARTED,8<=8<=200,i=8,r=-1,q=0}[ReservedThreadExecutor@4b771877{reserved=0/16,pending=0}][pc=0,pic=0,pec=0,epc=0]@2024-10-22T18:13:59.809775+05:30 added {SelectorProducer@239458ee,POJO}
18:13:59.810 [Executing addConjurCredential(org.conjur.jenkins.configuration.ConjurConfigurationTest)] DEBUG org.eclipse.jetty.util.component.ContainerLifeCycle -- EatWhatYouKill@30e8c6c0/SelectorProducer@239458ee/IDLE/p=false/QueuedThreadPool[Jetty (JenkinsRule)]@35eb54c9{STARTED,8<=8<=200,i=8,r=-1,q=0}[ReservedThreadExecutor@4b771877{reserved=0/16,pending=0}][pc=0,pic=0,pec=0,epc=0]@2024-10-22T18:13:59.810181+05:30 added {QueuedThreadPool[Jetty (JenkinsRule)]@35eb54c9{STARTED,8<=8<=200,i=8,r=-1,q=0}[ReservedThreadExecutor@4b771877{reserved=0/16,pending=0}],UNMANAGED}
18:13:59.810 [Executing addConjurCredential(org.conjur.jenkins.configuration.ConjurConfigurationTest)] DEBUG org.eclipse.jetty.util.thread.strategy.EatWhatYouKill -- EatWhatYouKill@30e8c6c0/SelectorProducer@239458ee/IDLE/p=false/QueuedThreadPool[Jetty (JenkinsRule)]@35eb54c9{STARTED,8<=8<=200,i=8,r=-1,q=0}[ReservedThreadExecutor@4b771877{reserved=0/16,pending=0}][pc=0,pic=0,pec=0,epc=0]@2024-10-22T18:13:59.810859+05:30 created
18:13:59.811 [Executing addConjurCredential(org.conjur.jenkins.configuration.ConjurConfigurationTest)] DEBUG org.eclipse.jetty.util.component.ContainerLifeCycle -- ManagedSelector@17b8d69c{STOPPED} id=7 keys=-1 selected=-1 updates=0 added {EatWhatYouKill@30e8c6c0/SelectorProducer@239458ee/IDLE/p=false/QueuedThreadPool[Jetty (JenkinsRule)]@35eb54c9{STARTED,8<=8<=200,i=8,r=-1,q=0}[ReservedThreadExecutor@4b771877{reserved=0/16,pending=0}][pc=0,pic=0,pec=0,epc=0]@2024-10-22T18:13:59.811407+05:30,MANAGED}
18:13:59.811 [Executing addConjurCredential(org.conjur.jenkins.configuration.ConjurConfigurationTest)] DEBUG org.eclipse.jetty.util.component.ContainerLifeCycle -- SelectorManager@ServerConnector@fcafe6b{HTTP/1.1, (http/1.1)}{localhost:51398} added {ManagedSelector@17b8d69c{STOPPED} id=7 keys=-1 selected=-1 updates=0,AUTO}
18:13:59.812 [Executing addConjurCredential(org.conjur.jenkins.configuration.ConjurConfigurationTest)] DEBUG org.eclipse.jetty.util.component.AbstractLifeCycle -- starting ManagedSelector@7f35b13c{STOPPED} id=0 keys=-1 selected=-1 updates=0
18:13:59.812 [Executing addConjurCredential(org.conjur.jenkins.configuration.ConjurConfigurationTest)] DEBUG org.eclipse.jetty.util.component.AbstractLifeCycle -- starting EatWhatYouKill@41c67a8d/SelectorProducer@63bbe1d0/IDLE/p=false/QueuedThreadPool[Jetty (JenkinsRule)]@35eb54c9{STARTED,8<=8<=200,i=8,r=-1,q=0}[ReservedThreadExecutor@4b771877{reserved=0/16,pending=0}][pc=0,pic=0,pec=0,epc=0]@2024-10-22T18:13:59.812481+05:30
18:13:59.812 [Executing addConjurCredential(org.conjur.jenkins.configuration.ConjurConfigurationTest)] DEBUG org.eclipse.jetty.util.component.AbstractLifeCycle -- STARTED @12847ms EatWhatYouKill@41c67a8d/SelectorProducer@63bbe1d0/IDLE/p=false/QueuedThreadPool[Jetty (JenkinsRule)]@35eb54c9{STARTED,8<=8<=200,i=8,r=-1,q=0}[ReservedThreadExecutor@4b771877{reserved=0/16,pending=0}][pc=0,pic=0,pec=0,epc=0]@2024-10-22T18:13:59.812858+05:30
18:13:59.813 [Executing addConjurCredential(org.conjur.jenkins.configuration.ConjurConfigurationTest)] DEBUG org.eclipse.jetty.util.thread.QueuedThreadPool -- queue org.eclipse.jetty.io.ManagedSelector$$Lambda$424/0x00000001403325e0@7c723035 startThread=0
18:13:59.813 [Jetty (JenkinsRule)-107] DEBUG org.eclipse.jetty.util.thread.QueuedThreadPool -- run org.eclipse.jetty.io.ManagedSelector$$Lambda$424/0x00000001403325e0@7c723035 in QueuedThreadPool[Jetty (JenkinsRule)]@35eb54c9{STARTED,8<=8<=200,i=7,r=-1,q=0}[ReservedThreadExecutor@4b771877{reserved=0/16,pending=0}]
18:13:59.813 [Executing addConjurCredential(org.conjur.jenkins.configuration.ConjurConfigurationTest)] DEBUG org.eclipse.jetty.io.ManagedSelector -- Queued change lazy=false org.eclipse.jetty.io.ManagedSelector$Start@ada37bd on ManagedSelector@7f35b13c{STARTING} id=0 keys=0 selected=0 updates=0
18:13:59.814 [Jetty (JenkinsRule)-107] DEBUG org.eclipse.jetty.util.thread.strategy.EatWhatYouKill -- EatWhatYouKill@41c67a8d/SelectorProducer@63bbe1d0/IDLE/p=false/QueuedThreadPool[Jetty (JenkinsRule)]@35eb54c9{STARTED,8<=8<=200,i=7,r=-1,q=0}[ReservedThreadExecutor@4b771877{reserved=0/16,pending=0}][pc=0,pic=0,pec=0,epc=0]@2024-10-22T18:13:59.814119+05:30 tryProduce false
18:13:59.814 [Jetty (JenkinsRule)-107] DEBUG org.eclipse.jetty.io.ManagedSelector -- updateable 1
18:13:59.814 [Jetty (JenkinsRule)-107] DEBUG org.eclipse.jetty.io.ManagedSelector -- update org.eclipse.jetty.io.ManagedSelector$Start@ada37bd
18:13:59.814 [Jetty (JenkinsRule)-107] DEBUG org.eclipse.jetty.io.ManagedSelector -- updates 0
18:13:59.814 [Jetty (JenkinsRule)-107] DEBUG org.eclipse.jetty.io.ManagedSelector -- Selector sun.nio.ch.KQueueSelectorImpl@36169485 waiting with 0 keys
18:13:59.814 [Executing addConjurCredential(org.conjur.jenkins.configuration.ConjurConfigurationTest)] DEBUG org.eclipse.jetty.util.component.AbstractLifeCycle -- STARTED @12849ms ManagedSelector@7f35b13c{STARTED} id=0 keys=0 selected=0 updates=0
18:13:59.815 [Executing addConjurCredential(org.conjur.jenkins.configuration.ConjurConfigurationTest)] DEBUG org.eclipse.jetty.util.component.AbstractLifeCycle -- starting ManagedSelector@55c0279d{STOPPED} id=1 keys=-1 selected=-1 updates=0
18:13:59.815 [Executing addConjurCredential(org.conjur.jenkins.configuration.ConjurConfigurationTest)] DEBUG org.eclipse.jetty.util.component.AbstractLifeCycle -- starting EatWhatYouKill@1b29edef/SelectorProducer@69c9ee15/IDLE/p=false/QueuedThreadPool[Jetty (JenkinsRule)]@35eb54c9{STARTED,8<=8<=200,i=7,r=-1,q=0}[ReservedThreadExecutor@4b771877{reserved=0/16,pending=0}][pc=0,pic=0,pec=0,epc=0]@2024-10-22T18:13:59.815625+05:30
18:13:59.816 [Executing addConjurCredential(org.conjur.jenkins.configuration.ConjurConfigurationTest)] DEBUG org.eclipse.jetty.util.component.AbstractLifeCycle -- STARTED @12850ms EatWhatYouKill@1b29edef/SelectorProducer@69c9ee15/IDLE/p=false/QueuedThreadPool[Jetty (JenkinsRule)]@35eb54c9{STARTED,8<=8<=200,i=7,r=-1,q=0}[ReservedThreadExecutor@4b771877{reserved=0/16,pending=0}][pc=0,pic=0,pec=0,epc=0]@2024-10-22T18:13:59.816+05:30
18:13:59.816 [Executing addConjurCredential(org.conjur.jenkins.configuration.ConjurConfigurationTest)] DEBUG org.eclipse.jetty.util.thread.QueuedThreadPool -- queue org.eclipse.jetty.io.ManagedSelector$$Lambda$424/0x00000001403325e0@b885d20 startThread=0
18:13:59.816 [Jetty (JenkinsRule)-108] DEBUG org.eclipse.jetty.util.thread.QueuedThreadPool -- run org.eclipse.jetty.io.ManagedSelector$$Lambda$424/0x00000001403325e0@b885d20 in QueuedThreadPool[Jetty (JenkinsRule)]@35eb54c9{STARTED,8<=8<=200,i=6,r=-1,q=0}[ReservedThreadExecutor@4b771877{reserved=0/16,pending=0}]
18:13:59.816 [Executing addConjurCredential(org.conjur.jenkins.configuration.ConjurConfigurationTest)] DEBUG org.eclipse.jetty.io.ManagedSelector -- Queued change lazy=false org.eclipse.jetty.io.ManagedSelector$Start@5ad576fb on ManagedSelector@55c0279d{STARTING} id=1 keys=0 selected=0 updates=0
18:13:59.816 [Jetty (JenkinsRule)-108] DEBUG org.eclipse.jetty.util.thread.strategy.EatWhatYouKill -- EatWhatYouKill@1b29edef/SelectorProducer@69c9ee15/IDLE/p=false/QueuedThreadPool[Jetty (JenkinsRule)]@35eb54c9{STARTED,8<=8<=200,i=6,r=-1,q=0}[ReservedThreadExecutor@4b771877{reserved=0/16,pending=0}][pc=0,pic=0,pec=0,epc=0]@2024-10-22T18:13:59.816858+05:30 tryProduce false
18:13:59.817 [Jetty (JenkinsRule)-108] DEBUG org.eclipse.jetty.io.ManagedSelector -- updateable 1
18:13:59.817 [Jetty (JenkinsRule)-108] DEBUG org.eclipse.jetty.io.ManagedSelector -- update org.eclipse.jetty.io.ManagedSelector$Start@5ad576fb
18:13:59.817 [Jetty (JenkinsRule)-108] DEBUG org.eclipse.jetty.io.ManagedSelector -- updates 0
18:13:59.817 [Jetty (JenkinsRule)-108] DEBUG org.eclipse.jetty.io.ManagedSelector -- Selector sun.nio.ch.KQueueSelectorImpl@74d4170f waiting with 0 keys
18:13:59.817 [Executing addConjurCredential(org.conjur.jenkins.configuration.ConjurConfigurationTest)] DEBUG org.eclipse.jetty.util.component.AbstractLifeCycle -- STARTED @12852ms ManagedSelector@55c0279d{STARTED} id=1 keys=0 selected=0 updates=0
18:13:59.817 [Executing addConjurCredential(org.conjur.jenkins.configuration.ConjurConfigurationTest)] DEBUG org.eclipse.jetty.util.component.AbstractLifeCycle -- starting ManagedSelector@7523e6e3{STOPPED} id=2 keys=-1 selected=-1 updates=0
18:13:59.818 [Executing addConjurCredential(org.conjur.jenkins.configuration.ConjurConfigurationTest)] DEBUG org.eclipse.jetty.util.component.AbstractLifeCycle -- starting EatWhatYouKill@72ec048/SelectorProducer@533c13d7/IDLE/p=false/QueuedThreadPool[Jetty (JenkinsRule)]@35eb54c9{STARTED,8<=8<=200,i=6,r=-1,q=0}[ReservedThreadExecutor@4b771877{reserved=0/16,pending=0}][pc=0,pic=0,pec=0,epc=0]@2024-10-22T18:13:59.818109+05:30
18:13:59.818 [Executing addConjurCredential(org.conjur.jenkins.configuration.ConjurConfigurationTest)] DEBUG org.eclipse.jetty.util.component.AbstractLifeCycle -- STARTED @12852ms EatWhatYouKill@72ec048/SelectorProducer@533c13d7/IDLE/p=false/QueuedThreadPool[Jetty (JenkinsRule)]@35eb54c9{STARTED,8<=8<=200,i=6,r=-1,q=0}[ReservedThreadExecutor@4b771877{reserved=0/16,pending=0}][pc=0,pic=0,pec=0,epc=0]@2024-10-22T18:13:59.8185+05:30
18:13:59.818 [Executing addConjurCredential(org.conjur.jenkins.configuration.ConjurConfigurationTest)] DEBUG org.eclipse.jetty.util.thread.QueuedThreadPool -- queue org.eclipse.jetty.io.ManagedSelector$$Lambda$424/0x00000001403325e0@374b060c startThread=0
18:13:59.818 [Jetty (JenkinsRule)-109] DEBUG org.eclipse.jetty.util.thread.QueuedThreadPool -- run org.eclipse.jetty.io.ManagedSelector$$Lambda$424/0x00000001403325e0@374b060c in QueuedThreadPool[Jetty (JenkinsRule)]@35eb54c9{STARTED,8<=8<=200,i=5,r=-1,q=0}[ReservedThreadExecutor@4b771877{reserved=0/16,pending=0}]
18:13:59.819 [Executing addConjurCredential(org.conjur.jenkins.configuration.ConjurConfigurationTest)] DEBUG org.eclipse.jetty.io.ManagedSelector -- Queued change lazy=false org.eclipse.jetty.io.ManagedSelector$Start@6c77a887 on ManagedSelector@7523e6e3{STARTING} id=2 keys=0 selected=0 updates=0
18:13:59.819 [Jetty (JenkinsRule)-109] DEBUG org.eclipse.jetty.util.thread.strategy.EatWhatYouKill -- EatWhatYouKill@72ec048/SelectorProducer@533c13d7/IDLE/p=false/QueuedThreadPool[Jetty (JenkinsRule)]@35eb54c9{STARTED,8<=8<=200,i=5,r=-1,q=0}[ReservedThreadExecutor@4b771877{reserved=0/16,pending=0}][pc=0,pic=0,pec=0,epc=0]@2024-10-22T18:13:59.8193+05:30 tryProduce false
18:13:59.819 [Jetty (JenkinsRule)-109] DEBUG org.eclipse.jetty.io.ManagedSelector -- updateable 1
18:13:59.819 [Jetty (JenkinsRule)-109] DEBUG org.eclipse.jetty.io.ManagedSelector -- update org.eclipse.jetty.io.ManagedSelector$Start@6c77a887
18:13:59.819 [Jetty (JenkinsRule)-109] DEBUG org.eclipse.jetty.io.ManagedSelector -- updates 0
18:13:59.819 [Executing addConjurCredential(org.conjur.jenkins.configuration.ConjurConfigurationTest)] DEBUG org.eclipse.jetty.util.component.AbstractLifeCycle -- STARTED @12854ms ManagedSelector@7523e6e3{STARTED} id=2 keys=0 selected=0 updates=0
18:13:59.819 [Jetty (JenkinsRule)-109] DEBUG org.eclipse.jetty.io.ManagedSelector -- Selector sun.nio.ch.KQueueSelectorImpl@14b37a7d waiting with 0 keys
18:13:59.820 [Executing addConjurCredential(org.conjur.jenkins.configuration.ConjurConfigurationTest)] DEBUG org.eclipse.jetty.util.component.AbstractLifeCycle -- starting ManagedSelector@63c7608a{STOPPED} id=3 keys=-1 selected=-1 updates=0
18:13:59.820 [Executing addConjurCredential(org.conjur.jenkins.configuration.ConjurConfigurationTest)] DEBUG org.eclipse.jetty.util.component.AbstractLifeCycle -- starting EatWhatYouKill@218bcb15/SelectorProducer@50d673ec/IDLE/p=false/QueuedThreadPool[Jetty (JenkinsRule)]@35eb54c9{STARTED,8<=8<=200,i=5,r=-1,q=0}[ReservedThreadExecutor@4b771877{reserved=0/16,pending=0}][pc=0,pic=0,pec=0,epc=0]@2024-10-22T18:13:59.820418+05:30
18:13:59.820 [Executing addConjurCredential(org.conjur.jenkins.configuration.ConjurConfigurationTest)] DEBUG org.eclipse.jetty.util.component.AbstractLifeCycle -- STARTED @12855ms EatWhatYouKill@218bcb15/SelectorProducer@50d673ec/IDLE/p=false/QueuedThreadPool[Jetty (JenkinsRule)]@35eb54c9{STARTED,8<=8<=200,i=5,r=-1,q=0}[ReservedThreadExecutor@4b771877{reserved=0/16,pending=0}][pc=0,pic=0,pec=0,epc=0]@2024-10-22T18:13:59.820788+05:30
18:13:59.821 [Executing addConjurCredential(org.conjur.jenkins.configuration.ConjurConfigurationTest)] DEBUG org.eclipse.jetty.util.thread.QueuedThreadPool -- queue org.eclipse.jetty.io.ManagedSelector$$Lambda$424/0x00000001403325e0@25df8974 startThread=0
18:13:59.821 [Jetty (JenkinsRule)-110] DEBUG org.eclipse.jetty.util.thread.QueuedThreadPool -- run org.eclipse.jetty.io.ManagedSelector$$Lambda$424/0x00000001403325e0@25df8974 in QueuedThreadPool[Jetty (JenkinsRule)]@35eb54c9{STARTED,8<=8<=200,i=4,r=-1,q=0}[ReservedThreadExecutor@4b771877{reserved=0/16,pending=0}]
18:13:59.821 [Executing addConjurCredential(org.conjur.jenkins.configuration.ConjurConfigurationTest)] DEBUG org.eclipse.jetty.io.ManagedSelector -- Queued change lazy=false org.eclipse.jetty.io.ManagedSelector$Start@54cc419a on ManagedSelector@63c7608a{STARTING} id=3 keys=0 selected=0 updates=0
18:13:59.821 [Jetty (JenkinsRule)-110] DEBUG org.eclipse.jetty.util.thread.strategy.EatWhatYouKill -- EatWhatYouKill@218bcb15/SelectorProducer@50d673ec/IDLE/p=false/QueuedThreadPool[Jetty (JenkinsRule)]@35eb54c9{STARTED,8<=8<=200,i=4,r=-1,q=0}[ReservedThreadExecutor@4b771877{reserved=0/16,pending=0}][pc=0,pic=0,pec=0,epc=0]@2024-10-22T18:13:59.821687+05:30 tryProduce false
18:13:59.822 [Jetty (JenkinsRule)-110] DEBUG org.eclipse.jetty.io.ManagedSelector -- updateable 1
18:13:59.822 [Jetty (JenkinsRule)-110] DEBUG org.eclipse.jetty.io.ManagedSelector -- update org.eclipse.jetty.io.ManagedSelector$Start@54cc419a
18:13:59.822 [Jetty (JenkinsRule)-110] DEBUG org.eclipse.jetty.io.ManagedSelector -- updates 0
18:13:59.822 [Jetty (JenkinsRule)-110] DEBUG org.eclipse.jetty.io.ManagedSelector -- Selector sun.nio.ch.KQueueSelectorImpl@51ddaa5b waiting with 0 keys
18:13:59.822 [Executing addConjurCredential(org.conjur.jenkins.configuration.ConjurConfigurationTest)] DEBUG org.eclipse.jetty.util.component.AbstractLifeCycle -- STARTED @12856ms ManagedSelector@63c7608a{STARTED} id=3 keys=0 selected=0 updates=0
18:13:59.822 [Executing addConjurCredential(org.conjur.jenkins.configuration.ConjurConfigurationTest)] DEBUG org.eclipse.jetty.util.component.AbstractLifeCycle -- starting ManagedSelector@153f7383{STOPPED} id=4 keys=-1 selected=-1 updates=0
18:13:59.823 [Executing addConjurCredential(org.conjur.jenkins.configuration.ConjurConfigurationTest)] DEBUG org.eclipse.jetty.util.component.AbstractLifeCycle -- starting EatWhatYouKill@93986ef/SelectorProducer@761527be/IDLE/p=false/QueuedThreadPool[Jetty (JenkinsRule)]@35eb54c9{STARTED,8<=8<=200,i=4,r=-1,q=0}[ReservedThreadExecutor@4b771877{reserved=0/16,pending=0}][pc=0,pic=0,pec=0,epc=0]@2024-10-22T18:13:59.823278+05:30
18:13:59.823 [Executing addConjurCredential(org.conjur.jenkins.configuration.ConjurConfigurationTest)] DEBUG org.eclipse.jetty.util.component.AbstractLifeCycle -- STARTED @12858ms EatWhatYouKill@93986ef/SelectorProducer@761527be/IDLE/p=false/QueuedThreadPool[Jetty (JenkinsRule)]@35eb54c9{STARTED,8<=8<=200,i=4,r=-1,q=0}[ReservedThreadExecutor@4b771877{reserved=0/16,pending=0}][pc=0,pic=0,pec=0,epc=0]@2024-10-22T18:13:59.82376+05:30
18:13:59.824 [Executing addConjurCredential(org.conjur.jenkins.configuration.ConjurConfigurationTest)] DEBUG org.eclipse.jetty.util.thread.QueuedThreadPool -- queue org.eclipse.jetty.io.ManagedSelector$$Lambda$424/0x00000001403325e0@3b585669 startThread=0
18:13:59.824 [Jetty (JenkinsRule)-111] DEBUG org.eclipse.jetty.util.thread.QueuedThreadPool -- run org.eclipse.jetty.io.ManagedSelector$$Lambda$424/0x00000001403325e0@3b585669 in QueuedThreadPool[Jetty (JenkinsRule)]@35eb54c9{STARTED,8<=8<=200,i=3,r=-1,q=0}[ReservedThreadExecutor@4b771877{reserved=0/16,pending=0}]
18:13:59.824 [Executing addConjurCredential(org.conjur.jenkins.configuration.ConjurConfigurationTest)] DEBUG org.eclipse.jetty.io.ManagedSelector -- Queued change lazy=false org.eclipse.jetty.io.ManagedSelector$Start@6a3ae215 on ManagedSelector@153f7383{STARTING} id=4 keys=0 selected=0 updates=0
18:13:59.824 [Jetty (JenkinsRule)-111] DEBUG org.eclipse.jetty.util.thread.strategy.EatWhatYouKill -- EatWhatYouKill@93986ef/SelectorProducer@761527be/IDLE/p=false/QueuedThreadPool[Jetty (JenkinsRule)]@35eb54c9{STARTED,8<=8<=200,i=3,r=-1,q=0}[ReservedThreadExecutor@4b771877{reserved=0/16,pending=0}][pc=0,pic=0,pec=0,epc=0]@2024-10-22T18:13:59.824776+05:30 tryProduce false
18:13:59.825 [Jetty (JenkinsRule)-111] DEBUG org.eclipse.jetty.io.ManagedSelector -- updateable 1
18:13:59.825 [Jetty (JenkinsRule)-111] DEBUG org.eclipse.jetty.io.ManagedSelector -- update org.eclipse.jetty.io.ManagedSelector$Start@6a3ae215
18:13:59.825 [Jetty (JenkinsRule)-111] DEBUG org.eclipse.jetty.io.ManagedSelector -- updates 0
18:13:59.825 [Jetty (JenkinsRule)-111] DEBUG org.eclipse.jetty.io.ManagedSelector -- Selector sun.nio.ch.KQueueSelectorImpl@4188be62 waiting with 0 keys
18:13:59.825 [Executing addConjurCredential(org.conjur.jenkins.configuration.ConjurConfigurationTest)] DEBUG org.eclipse.jetty.util.component.AbstractLifeCycle -- STARTED @12859ms ManagedSelector@153f7383{STARTED} id=4 keys=0 selected=0 updates=0
18:13:59.825 [Executing addConjurCredential(org.conjur.jenkins.configuration.ConjurConfigurationTest)] DEBUG org.eclipse.jetty.util.component.AbstractLifeCycle -- starting ManagedSelector@5718854f{STOPPED} id=5 keys=-1 selected=-1 updates=0
18:13:59.826 [Executing addConjurCredential(org.conjur.jenkins.configuration.ConjurConfigurationTest)] DEBUG org.eclipse.jetty.util.component.AbstractLifeCycle -- starting EatWhatYouKill@4da4829e/SelectorProducer@8ef7b3b/IDLE/p=false/QueuedThreadPool[Jetty (JenkinsRule)]@35eb54c9{STARTED,8<=8<=200,i=3,r=-1,q=0}[ReservedThreadExecutor@4b771877{reserved=0/16,pending=0}][pc=0,pic=0,pec=0,epc=0]@2024-10-22T18:13:59.82603+05:30
18:13:59.826 [Executing addConjurCredential(org.conjur.jenkins.configuration.ConjurConfigurationTest)] DEBUG org.eclipse.jetty.util.component.AbstractLifeCycle -- STARTED @12860ms EatWhatYouKill@4da4829e/SelectorProducer@8ef7b3b/IDLE/p=false/QueuedThreadPool[Jetty (JenkinsRule)]@35eb54c9{STARTED,8<=8<=200,i=3,r=-1,q=0}[ReservedThreadExecutor@4b771877{reserved=0/16,pending=0}][pc=0,pic=0,pec=0,epc=0]@2024-10-22T18:13:59.826411+05:30
18:13:59.826 [Executing addConjurCredential(org.conjur.jenkins.configuration.ConjurConfigurationTest)] DEBUG org.eclipse.jetty.util.thread.QueuedThreadPool -- queue org.eclipse.jetty.io.ManagedSelector$$Lambda$424/0x00000001403325e0@3377420f startThread=0
18:13:59.826 [Jetty (JenkinsRule)-112] DEBUG org.eclipse.jetty.util.thread.QueuedThreadPool -- run org.eclipse.jetty.io.ManagedSelector$$Lambda$424/0x00000001403325e0@3377420f in QueuedThreadPool[Jetty (JenkinsRule)]@35eb54c9{STARTED,8<=8<=200,i=2,r=-1,q=0}[ReservedThreadExecutor@4b771877{reserved=0/16,pending=0}]
18:13:59.826 [Executing addConjurCredential(org.conjur.jenkins.configuration.ConjurConfigurationTest)] DEBUG org.eclipse.jetty.io.ManagedSelector -- Queued change lazy=false org.eclipse.jetty.io.ManagedSelector$Start@581156a on ManagedSelector@5718854f{STARTING} id=5 keys=0 selected=0 updates=0
18:13:59.827 [Jetty (JenkinsRule)-112] DEBUG org.eclipse.jetty.util.thread.strategy.EatWhatYouKill -- EatWhatYouKill@4da4829e/SelectorProducer@8ef7b3b/IDLE/p=false/QueuedThreadPool[Jetty (JenkinsRule)]@35eb54c9{STARTED,8<=8<=200,i=2,r=-1,q=0}[ReservedThreadExecutor@4b771877{reserved=0/16,pending=0}][pc=0,pic=0,pec=0,epc=0]@2024-10-22T18:13:59.827268+05:30 tryProduce false
18:13:59.827 [Jetty (JenkinsRule)-112] DEBUG org.eclipse.jetty.io.ManagedSelector -- updateable 1
18:13:59.827 [Jetty (JenkinsRule)-112] DEBUG org.eclipse.jetty.io.ManagedSelector -- update org.eclipse.jetty.io.ManagedSelector$Start@581156a
18:13:59.827 [Jetty (JenkinsRule)-112] DEBUG org.eclipse.jetty.io.ManagedSelector -- updates 0
18:13:59.827 [Executing addConjurCredential(org.conjur.jenkins.configuration.ConjurConfigurationTest)] DEBUG org.eclipse.jetty.util.component.AbstractLifeCycle -- STARTED @12862ms ManagedSelector@5718854f{STARTED} id=5 keys=0 selected=0 updates=0
18:13:59.827 [Jetty (JenkinsRule)-112] DEBUG org.eclipse.jetty.io.ManagedSelector -- Selector sun.nio.ch.KQueueSelectorImpl@1a47ea3 waiting with 0 keys
18:13:59.828 [Executing addConjurCredential(org.conjur.jenkins.configuration.ConjurConfigurationTest)] DEBUG org.eclipse.jetty.util.component.AbstractLifeCycle -- starting ManagedSelector@23c90d0b{STOPPED} id=6 keys=-1 selected=-1 updates=0
18:13:59.828 [Executing addConjurCredential(org.conjur.jenkins.configuration.ConjurConfigurationTest)] DEBUG org.eclipse.jetty.util.component.AbstractLifeCycle -- starting EatWhatYouKill@39555744/SelectorProducer@508c9282/IDLE/p=false/QueuedThreadPool[Jetty (JenkinsRule)]@35eb54c9{STARTED,8<=8<=200,i=2,r=-1,q=0}[ReservedThreadExecutor@4b771877{reserved=0/16,pending=0}][pc=0,pic=0,pec=0,epc=0]@2024-10-22T18:13:59.828416+05:30
18:13:59.828 [Executing addConjurCredential(org.conjur.jenkins.configuration.ConjurConfigurationTest)] DEBUG org.eclipse.jetty.util.component.AbstractLifeCycle -- STARTED @12863ms EatWhatYouKill@39555744/SelectorProducer@508c9282/IDLE/p=false/QueuedThreadPool[Jetty (JenkinsRule)]@35eb54c9{STARTED,8<=8<=200,i=2,r=-1,q=0}[ReservedThreadExecutor@4b771877{reserved=0/16,pending=0}][pc=0,pic=0,pec=0,epc=0]@2024-10-22T18:13:59.828763+05:30
18:13:59.829 [Executing addConjurCredential(org.conjur.jenkins.configuration.ConjurConfigurationTest)] DEBUG org.eclipse.jetty.util.thread.QueuedThreadPool -- queue org.eclipse.jetty.io.ManagedSelector$$Lambda$424/0x00000001403325e0@7c13e0ad startThread=0
18:13:59.829 [Jetty (JenkinsRule)-113] DEBUG org.eclipse.jetty.util.thread.QueuedThreadPool -- run org.eclipse.jetty.io.ManagedSelector$$Lambda$424/0x00000001403325e0@7c13e0ad in QueuedThreadPool[Jetty (JenkinsRule)]@35eb54c9{STARTED,8<=8<=200,i=1,r=-1,q=0}[ReservedThreadExecutor@4b771877{reserved=0/16,pending=0}]
18:13:59.829 [Executing addConjurCredential(org.conjur.jenkins.configuration.ConjurConfigurationTest)] DEBUG org.eclipse.jetty.io.ManagedSelector -- Queued change lazy=false org.eclipse.jetty.io.ManagedSelector$Start@41048f70 on ManagedSelector@23c90d0b{STARTING} id=6 keys=0 selected=0 updates=0
18:13:59.829 [Jetty (JenkinsRule)-113] DEBUG org.eclipse.jetty.util.thread.strategy.EatWhatYouKill -- EatWhatYouKill@39555744/SelectorProducer@508c9282/IDLE/p=false/QueuedThreadPool[Jetty (JenkinsRule)]@35eb54c9{STARTED,8<=8<=200,i=1,r=-1,q=0}[ReservedThreadExecutor@4b771877{reserved=0/16,pending=0}][pc=0,pic=0,pec=0,epc=0]@2024-10-22T18:13:59.829675+05:30 tryProduce false
18:13:59.830 [Jetty (JenkinsRule)-113] DEBUG org.eclipse.jetty.io.ManagedSelector -- updateable 1
18:13:59.830 [Jetty (JenkinsRule)-113] DEBUG org.eclipse.jetty.io.ManagedSelector -- update org.eclipse.jetty.io.ManagedSelector$Start@41048f70
18:13:59.830 [Jetty (JenkinsRule)-113] DEBUG org.eclipse.jetty.io.ManagedSelector -- updates 0
18:13:59.830 [Executing addConjurCredential(org.conjur.jenkins.configuration.ConjurConfigurationTest)] DEBUG org.eclipse.jetty.util.component.AbstractLifeCycle -- STARTED @12864ms ManagedSelector@23c90d0b{STARTED} id=6 keys=0 selected=0 updates=0
18:13:59.830 [Jetty (JenkinsRule)-113] DEBUG org.eclipse.jetty.io.ManagedSelector -- Selector sun.nio.ch.KQueueSelectorImpl@1877c34d waiting with 0 keys
18:13:59.830 [Executing addConjurCredential(org.conjur.jenkins.configuration.ConjurConfigurationTest)] DEBUG org.eclipse.jetty.util.component.AbstractLifeCycle -- starting ManagedSelector@17b8d69c{STOPPED} id=7 keys=-1 selected=-1 updates=0
18:13:59.830 [Executing addConjurCredential(org.conjur.jenkins.configuration.ConjurConfigurationTest)] DEBUG org.eclipse.jetty.util.component.AbstractLifeCycle -- starting EatWhatYouKill@30e8c6c0/SelectorProducer@239458ee/IDLE/p=false/QueuedThreadPool[Jetty (JenkinsRule)]@35eb54c9{STARTED,8<=8<=200,i=1,r=-1,q=0}[ReservedThreadExecutor@4b771877{reserved=0/16,pending=0}][pc=0,pic=0,pec=0,epc=0]@2024-10-22T18:13:59.830812+05:30
18:13:59.831 [Executing addConjurCredential(org.conjur.jenkins.configuration.ConjurConfigurationTest)] DEBUG org.eclipse.jetty.util.component.AbstractLifeCycle -- STARTED @12865ms EatWhatYouKill@30e8c6c0/SelectorProducer@239458ee/IDLE/p=false/QueuedThreadPool[Jetty (JenkinsRule)]@35eb54c9{STARTED,8<=8<=200,i=1,r=-1,q=0}[ReservedThreadExecutor@4b771877{reserved=0/16,pending=0}][pc=0,pic=0,pec=0,epc=0]@2024-10-22T18:13:59.831188+05:30
18:13:59.831 [Executing addConjurCredential(org.conjur.jenkins.configuration.ConjurConfigurationTest)] DEBUG org.eclipse.jetty.util.thread.QueuedThreadPool -- queue org.eclipse.jetty.io.ManagedSelector$$Lambda$424/0x00000001403325e0@48eada65 startThread=0
18:13:59.831 [Jetty (JenkinsRule)-114] DEBUG org.eclipse.jetty.util.thread.QueuedThreadPool -- run org.eclipse.jetty.io.ManagedSelector$$Lambda$424/0x00000001403325e0@48eada65 in QueuedThreadPool[Jetty (JenkinsRule)]@35eb54c9{STARTED,8<=8<=200,i=0,r=-1,q=0}[ReservedThreadExecutor@4b771877{reserved=0/16,pending=0}]
18:13:59.831 [Executing addConjurCredential(org.conjur.jenkins.configuration.ConjurConfigurationTest)] DEBUG org.eclipse.jetty.io.ManagedSelector -- Queued change lazy=false org.eclipse.jetty.io.ManagedSelector$Start@45cdac57 on ManagedSelector@17b8d69c{STARTING} id=7 keys=0 selected=0 updates=0
18:13:59.832 [Jetty (JenkinsRule)-114] DEBUG org.eclipse.jetty.util.thread.strategy.EatWhatYouKill -- EatWhatYouKill@30e8c6c0/SelectorProducer@239458ee/IDLE/p=false/QueuedThreadPool[Jetty (JenkinsRule)]@35eb54c9{STARTED,8<=8<=200,i=0,r=-1,q=0}[ReservedThreadExecutor@4b771877{reserved=0/16,pending=0}][pc=0,pic=0,pec=0,epc=0]@2024-10-22T18:13:59.832029+05:30 tryProduce false
18:13:59.832 [Jetty (JenkinsRule)-114] DEBUG org.eclipse.jetty.io.ManagedSelector -- updateable 1
18:13:59.832 [Jetty (JenkinsRule)-114] DEBUG org.eclipse.jetty.io.ManagedSelector -- update org.eclipse.jetty.io.ManagedSelector$Start@45cdac57
18:13:59.832 [Jetty (JenkinsRule)-114] DEBUG org.eclipse.jetty.io.ManagedSelector -- updates 0
18:13:59.832 [Executing addConjurCredential(org.conjur.jenkins.configuration.ConjurConfigurationTest)] DEBUG org.eclipse.jetty.util.component.AbstractLifeCycle -- STARTED @12867ms ManagedSelector@17b8d69c{STARTED} id=7 keys=0 selected=0 updates=0
18:13:59.832 [Jetty (JenkinsRule)-114] DEBUG org.eclipse.jetty.io.ManagedSelector -- Selector sun.nio.ch.KQueueSelectorImpl@73a26ced waiting with 0 keys
18:13:59.832 [Executing addConjurCredential(org.conjur.jenkins.configuration.ConjurConfigurationTest)] DEBUG org.eclipse.jetty.util.component.AbstractLifeCycle -- STARTED @12867ms SelectorManager@ServerConnector@fcafe6b{HTTP/1.1, (http/1.1)}{localhost:51398}
18:13:59.833 [Executing addConjurCredential(org.conjur.jenkins.configuration.ConjurConfigurationTest)] DEBUG org.eclipse.jetty.util.component.ContainerLifeCycle -- ServerConnector@fcafe6b{HTTP/1.1, (http/1.1)}{localhost:51398} added {acceptor-0@26382acb,POJO}
18:13:59.833 [Executing addConjurCredential(org.conjur.jenkins.configuration.ConjurConfigurationTest)] DEBUG org.eclipse.jetty.util.thread.QueuedThreadPool -- queue acceptor-0@26382acb startThread=1
18:13:59.833 [Executing addConjurCredential(org.conjur.jenkins.configuration.ConjurConfigurationTest)] DEBUG org.eclipse.jetty.util.thread.QueuedThreadPool -- Starting Thread[Jetty (JenkinsRule)-116,5,main]
18:13:59.833 [Executing addConjurCredential(org.conjur.jenkins.configuration.ConjurConfigurationTest)] DEBUG org.eclipse.jetty.util.component.ContainerLifeCycle -- ServerConnector@fcafe6b{HTTP/1.1, (http/1.1)}{localhost:51398} added {acceptor-1@5d859d80,POJO}
18:13:59.833 [Jetty (JenkinsRule)-116] DEBUG org.eclipse.jetty.util.thread.QueuedThreadPool -- Runner started for QueuedThreadPool[Jetty (JenkinsRule)]@35eb54c9{STARTED,8<=9<=200,i=0,r=-1,q=0}[ReservedThreadExecutor@4b771877{reserved=0/16,pending=0}]
18:13:59.834 [Executing addConjurCredential(org.conjur.jenkins.configuration.ConjurConfigurationTest)] DEBUG org.eclipse.jetty.util.thread.QueuedThreadPool -- queue acceptor-1@5d859d80 startThread=1
18:13:59.834 [Jetty (JenkinsRule)-116] DEBUG org.eclipse.jetty.util.thread.QueuedThreadPool -- run acceptor-0@26382acb in QueuedThreadPool[Jetty (JenkinsRule)]@35eb54c9{STARTED,8<=10<=200,i=0,r=-1,q=0}[ReservedThreadExecutor@4b771877{reserved=0/16,pending=0}]
18:13:59.834 [Executing addConjurCredential(org.conjur.jenkins.configuration.ConjurConfigurationTest)] DEBUG org.eclipse.jetty.util.thread.QueuedThreadPool -- Starting Thread[Jetty (JenkinsRule)-117,5,main]
18:13:59.834 [Executing addConjurCredential(org.conjur.jenkins.configuration.ConjurConfigurationTest)] INFO org.eclipse.jetty.server.AbstractConnector -- Started ServerConnector@fcafe6b{HTTP/1.1, (http/1.1)}{localhost:51398}
18:13:59.835 [Jetty (JenkinsRule)-117] DEBUG org.eclipse.jetty.util.thread.QueuedThreadPool -- Runner started for QueuedThreadPool[Jetty (JenkinsRule)]@35eb54c9{STARTED,8<=10<=200,i=0,r=-1,q=0}[ReservedThreadExecutor@4b771877{reserved=0/16,pending=0}]
18:13:59.835 [Executing addConjurCredential(org.conjur.jenkins.configuration.ConjurConfigurationTest)] DEBUG org.eclipse.jetty.util.component.AbstractLifeCycle -- STARTED @12869ms ServerConnector@fcafe6b{HTTP/1.1, (http/1.1)}{localhost:51398}
18:13:59.835 [Jetty (JenkinsRule)-117] DEBUG org.eclipse.jetty.util.thread.QueuedThreadPool -- run acceptor-1@5d859d80 in QueuedThreadPool[Jetty (JenkinsRule)]@35eb54c9{STARTED,8<=10<=200,i=0,r=-1,q=0}[ReservedThreadExecutor@4b771877{reserved=0/16,pending=0}]
18:13:59.835 [Executing addConjurCredential(org.conjur.jenkins.configuration.ConjurConfigurationTest)] INFO org.eclipse.jetty.server.Server -- Started @12870ms
18:13:59.835 [Executing addConjurCredential(org.conjur.jenkins.configuration.ConjurConfigurationTest)] DEBUG org.eclipse.jetty.util.component.AbstractLifeCycle -- STARTED @12870ms Server@3f133fb9{STARTED}[9.4.48.v20220622]
18:13:59.884 [Executing addConjurCredential(org.conjur.jenkins.configuration.ConjurConfigurationTest)] DEBUG org.apache.commons.discovery.resource.names.DiscoverNamesInFile -- find: serviceName = 'META-INF/services/org.kohsuke.stapler.Facet'
18:13:59.884 [Executing addConjurCredential(org.conjur.jenkins.configuration.ConjurConfigurationTest)] DEBUG org.apache.commons.discovery.resource.DiscoverResources -- find: resourceName='META-INF/services/org.kohsuke.stapler.Facet'
18:13:59.884 [Executing addConjurCredential(org.conjur.jenkins.configuration.ConjurConfigurationTest)] DEBUG org.apache.commons.discovery.resource.DiscoverResources -- getNextResources: search using ClassLoader 'jdk.internal.loader.ClassLoaders$AppClassLoader@5ffd2b27'
18:13:59.886 [Executing addConjurCredential(org.conjur.jenkins.configuration.ConjurConfigurationTest)] DEBUG org.apache.commons.discovery.resource.DiscoverResources -- getNextResource: next URL='jar:file:/Users/sameer.shaik/.m2/repository/org/kohsuke/stapler/stapler-groovy/1669.v95a_4b_919a_b_a_2/stapler-groovy-1669.v95a_4b_919a_b_a_2.jar!/META-INF/services/org.kohsuke.stapler.Facet'
18:13:59.886 [Executing addConjurCredential(org.conjur.jenkins.configuration.ConjurConfigurationTest)] DEBUG org.apache.commons.discovery.resource.names.DiscoverNamesInFile -- getNextClassResource: next class='org.kohsuke.stapler.jelly.groovy.GroovyFacet'
18:13:59.886 [Executing addConjurCredential(org.conjur.jenkins.configuration.ConjurConfigurationTest)] DEBUG org.apache.commons.discovery.resource.DiscoverResources -- getNextResource: next URL='jar:file:/Users/sameer.shaik/.m2/repository/org/kohsuke/stapler/stapler-jelly/1669.v95a_4b_919a_b_a_2/stapler-jelly-1669.v95a_4b_919a_b_a_2.jar!/META-INF/services/org.kohsuke.stapler.Facet'
18:13:59.887 [Executing addConjurCredential(org.conjur.jenkins.configuration.ConjurConfigurationTest)] DEBUG org.apache.commons.discovery.resource.names.DiscoverNamesInFile -- getNextClassResource: next class='org.kohsuke.stapler.jelly.JellyFacet'
18:13:59.887 [Executing addConjurCredential(org.conjur.jenkins.configuration.ConjurConfigurationTest)] DEBUG org.apache.commons.discovery.resource.names.DiscoverNamesInFile -- find: serviceName = 'META-INF/services/org.kohsuke.stapler.Facet'
18:13:59.887 [Executing addConjurCredential(org.conjur.jenkins.configuration.ConjurConfigurationTest)] DEBUG org.apache.commons.discovery.resource.DiscoverResources -- find: resourceName='META-INF/services/org.kohsuke.stapler.Facet'
18:13:59.887 [Executing addConjurCredential(org.conjur.jenkins.configuration.ConjurConfigurationTest)] DEBUG org.apache.commons.discovery.resource.DiscoverResources -- getNextResources: search using ClassLoader 'jdk.internal.loader.ClassLoaders$AppClassLoader@5ffd2b27'
18:13:59.888 [Executing addConjurCredential(org.conjur.jenkins.configuration.ConjurConfigurationTest)] DEBUG org.apache.commons.discovery.resource.DiscoverResources -- getNextResource: next URL='jar:file:/Users/sameer.shaik/.m2/repository/org/kohsuke/stapler/stapler-groovy/1669.v95a_4b_919a_b_a_2/stapler-groovy-1669.v95a_4b_919a_b_a_2.jar!/META-INF/services/org.kohsuke.stapler.Facet'
18:13:59.889 [Executing addConjurCredential(org.conjur.jenkins.configuration.ConjurConfigurationTest)] DEBUG org.apache.commons.discovery.resource.names.DiscoverNamesInFile -- getNextClassResource: next class='org.kohsuke.stapler.jelly.groovy.GroovyFacet'
18:13:59.889 [Executing addConjurCredential(org.conjur.jenkins.configuration.ConjurConfigurationTest)] DEBUG org.apache.commons.discovery.resource.DiscoverResources -- getNextResource: next URL='jar:file:/Users/sameer.shaik/.m2/repository/org/kohsuke/stapler/stapler-jelly/1669.v95a_4b_919a_b_a_2/stapler-jelly-1669.v95a_4b_919a_b_a_2.jar!/META-INF/services/org.kohsuke.stapler.Facet'
18:13:59.889 [Executing addConjurCredential(org.conjur.jenkins.configuration.ConjurConfigurationTest)] DEBUG org.apache.commons.discovery.resource.names.DiscoverNamesInFile -- getNextClassResource: next class='org.kohsuke.stapler.jelly.JellyFacet'
Conjur Credential Added
18:14:01.534 [Executing addConjurCredential(org.conjur.jenkins.configuration.ConjurConfigurationTest)] DEBUG org.eclipse.jetty.util.component.AbstractLifeCycle -- stopping Server@3f133fb9{STARTED}[9.4.48.v20220622]
18:14:01.534 [Executing addConjurCredential(org.conjur.jenkins.configuration.ConjurConfigurationTest)] DEBUG org.eclipse.jetty.server.Server -- doStop Server@3f133fb9{STOPPING}[9.4.48.v20220622]
18:14:01.534 [Executing addConjurCredential(org.conjur.jenkins.configuration.ConjurConfigurationTest)] DEBUG org.eclipse.jetty.server.handler.AbstractHandlerContainer -- Graceful shutdown Server@3f133fb9{STOPPING}[9.4.48.v20220622] by 
18:14:01.534 [Jetty (JenkinsRule)-116] DEBUG org.eclipse.jetty.util.thread.QueuedThreadPool -- ran Jetty (JenkinsRule)-116-acceptor-0@26382acb-ServerConnector@fcafe6b{HTTP/1.1, (http/1.1)}{localhost:51398} in QueuedThreadPool[Jetty (JenkinsRule)]@35eb54c9{STARTED,8<=10<=200,i=0,r=-1,q=0}[ReservedThreadExecutor@4b771877{reserved=0/16,pending=0}]
18:14:01.534 [Jetty (JenkinsRule)-117] DEBUG org.eclipse.jetty.util.thread.QueuedThreadPool -- ran Jetty (JenkinsRule)-117-acceptor-1@5d859d80-ServerConnector@fcafe6b{HTTP/1.1, (http/1.1)}{localhost:51398} in QueuedThreadPool[Jetty (JenkinsRule)]@35eb54c9{STARTED,8<=10<=200,i=0,r=-1,q=0}[ReservedThreadExecutor@4b771877{reserved=0/16,pending=0}]
18:14:01.535 [Executing addConjurCredential(org.conjur.jenkins.configuration.ConjurConfigurationTest)] DEBUG org.eclipse.jetty.util.component.AbstractLifeCycle -- stopping ServerConnector@fcafe6b{HTTP/1.1, (http/1.1)}{localhost:0}
18:14:01.535 [Executing addConjurCredential(org.conjur.jenkins.configuration.ConjurConfigurationTest)] DEBUG org.eclipse.jetty.util.component.AbstractLifeCycle -- stopping SelectorManager@ServerConnector@fcafe6b{HTTP/1.1, (http/1.1)}{localhost:0}
18:14:01.535 [Executing addConjurCredential(org.conjur.jenkins.configuration.ConjurConfigurationTest)] DEBUG org.eclipse.jetty.util.component.AbstractLifeCycle -- stopping ManagedSelector@17b8d69c{STARTED} id=7 keys=0 selected=0 updates=0
18:14:01.536 [Executing addConjurCredential(org.conjur.jenkins.configuration.ConjurConfigurationTest)] DEBUG org.eclipse.jetty.io.ManagedSelector -- Queued change lazy=false org.eclipse.jetty.io.ManagedSelector$CloseConnections@2b17f721 on ManagedSelector@17b8d69c{STOPPING} id=7 keys=0 selected=0 updates=0
18:14:01.536 [Executing addConjurCredential(org.conjur.jenkins.configuration.ConjurConfigurationTest)] DEBUG org.eclipse.jetty.io.ManagedSelector -- Wakeup on submit ManagedSelector@17b8d69c{STOPPING} id=7 keys=0 selected=0 updates=1
18:14:01.536 [Jetty (JenkinsRule)-114] DEBUG org.eclipse.jetty.io.ManagedSelector -- Selector sun.nio.ch.KQueueSelectorImpl@73a26ced woken with none selected
18:14:01.536 [Jetty (JenkinsRule)-114] DEBUG org.eclipse.jetty.io.ManagedSelector -- Selector sun.nio.ch.KQueueSelectorImpl@73a26ced woken up from select, 0/0/0 selected
18:14:01.536 [Jetty (JenkinsRule)-114] DEBUG org.eclipse.jetty.io.ManagedSelector -- Selector sun.nio.ch.KQueueSelectorImpl@73a26ced processing 0 keys, 1 updates
18:14:01.537 [Jetty (JenkinsRule)-114] DEBUG org.eclipse.jetty.io.ManagedSelector -- updateable 1
18:14:01.537 [Jetty (JenkinsRule)-114] DEBUG org.eclipse.jetty.io.ManagedSelector -- update org.eclipse.jetty.io.ManagedSelector$CloseConnections@2b17f721
18:14:01.537 [Jetty (JenkinsRule)-114] DEBUG org.eclipse.jetty.io.ManagedSelector -- Closing 0 connections on ManagedSelector@17b8d69c{STOPPING} id=7 keys=0 selected=0 updates=0
18:14:01.537 [Jetty (JenkinsRule)-114] DEBUG org.eclipse.jetty.io.ManagedSelector -- updates 0
18:14:01.537 [Jetty (JenkinsRule)-114] DEBUG org.eclipse.jetty.io.ManagedSelector -- Selector sun.nio.ch.KQueueSelectorImpl@73a26ced waiting with 0 keys
18:14:01.537 [Executing addConjurCredential(org.conjur.jenkins.configuration.ConjurConfigurationTest)] DEBUG org.eclipse.jetty.io.ManagedSelector -- Queued change lazy=false org.eclipse.jetty.io.ManagedSelector$StopSelector@11e8fe84 on ManagedSelector@17b8d69c{STOPPING} id=7 keys=0 selected=0 updates=0
18:14:01.538 [Executing addConjurCredential(org.conjur.jenkins.configuration.ConjurConfigurationTest)] DEBUG org.eclipse.jetty.io.ManagedSelector -- Wakeup on submit ManagedSelector@17b8d69c{STOPPING} id=7 keys=0 selected=0 updates=1
18:14:01.538 [Jetty (JenkinsRule)-114] DEBUG org.eclipse.jetty.io.ManagedSelector -- Selector sun.nio.ch.KQueueSelectorImpl@73a26ced woken with none selected
18:14:01.538 [Jetty (JenkinsRule)-114] DEBUG org.eclipse.jetty.io.ManagedSelector -- Selector sun.nio.ch.KQueueSelectorImpl@73a26ced woken up from select, 0/0/0 selected
18:14:01.538 [Jetty (JenkinsRule)-114] DEBUG org.eclipse.jetty.io.ManagedSelector -- Selector sun.nio.ch.KQueueSelectorImpl@73a26ced processing 0 keys, 1 updates
18:14:01.538 [Jetty (JenkinsRule)-114] DEBUG org.eclipse.jetty.io.ManagedSelector -- updateable 1
18:14:01.538 [Jetty (JenkinsRule)-114] DEBUG org.eclipse.jetty.io.ManagedSelector -- update org.eclipse.jetty.io.ManagedSelector$StopSelector@11e8fe84
18:14:01.538 [Jetty (JenkinsRule)-114] DEBUG org.eclipse.jetty.io.ManagedSelector -- updates 0
18:14:01.539 [Executing addConjurCredential(org.conjur.jenkins.configuration.ConjurConfigurationTest)] DEBUG org.eclipse.jetty.util.component.AbstractLifeCycle -- stopping EatWhatYouKill@30e8c6c0/SelectorProducer@239458ee/PRODUCING/p=false/QueuedThreadPool[Jetty (JenkinsRule)]@35eb54c9{STARTED,8<=10<=200,i=2,r=-1,q=0}[ReservedThreadExecutor@4b771877{reserved=0/16,pending=0}][pc=0,pic=0,pec=0,epc=0]@2024-10-22T18:14:01.539132+05:30
18:14:01.539 [Jetty (JenkinsRule)-114] DEBUG org.eclipse.jetty.util.thread.QueuedThreadPool -- ran org.eclipse.jetty.io.ManagedSelector$$Lambda$424/0x00000001403325e0@48eada65 in QueuedThreadPool[Jetty (JenkinsRule)]@35eb54c9{STARTED,8<=10<=200,i=2,r=-1,q=0}[ReservedThreadExecutor@4b771877{reserved=0/16,pending=0}]
18:14:01.539 [Executing addConjurCredential(org.conjur.jenkins.configuration.ConjurConfigurationTest)] DEBUG org.eclipse.jetty.util.component.AbstractLifeCycle -- STOPPED EatWhatYouKill@30e8c6c0/SelectorProducer@239458ee/IDLE/p=false/QueuedThreadPool[Jetty (JenkinsRule)]@35eb54c9{STARTED,8<=10<=200,i=2,r=-1,q=0}[ReservedThreadExecutor@4b771877{reserved=0/16,pending=0}][pc=0,pic=0,pec=0,epc=0]@2024-10-22T18:14:01.53957+05:30
18:14:01.539 [Executing addConjurCredential(org.conjur.jenkins.configuration.ConjurConfigurationTest)] DEBUG org.eclipse.jetty.util.component.AbstractLifeCycle -- STOPPED ManagedSelector@17b8d69c{STOPPED} id=7 keys=-1 selected=-1 updates=0
18:14:01.540 [Executing addConjurCredential(org.conjur.jenkins.configuration.ConjurConfigurationTest)] DEBUG org.eclipse.jetty.util.component.AbstractLifeCycle -- stopping ManagedSelector@23c90d0b{STARTED} id=6 keys=0 selected=0 updates=0
18:14:01.540 [Executing addConjurCredential(org.conjur.jenkins.configuration.ConjurConfigurationTest)] DEBUG org.eclipse.jetty.io.ManagedSelector -- Queued change lazy=false org.eclipse.jetty.io.ManagedSelector$CloseConnections@4a014d37 on ManagedSelector@23c90d0b{STOPPING} id=6 keys=0 selected=0 updates=0
18:14:01.540 [Executing addConjurCredential(org.conjur.jenkins.configuration.ConjurConfigurationTest)] DEBUG org.eclipse.jetty.io.ManagedSelector -- Wakeup on submit ManagedSelector@23c90d0b{STOPPING} id=6 keys=0 selected=0 updates=1
18:14:01.540 [Jetty (JenkinsRule)-113] DEBUG org.eclipse.jetty.io.ManagedSelector -- Selector sun.nio.ch.KQueueSelectorImpl@1877c34d woken with none selected
18:14:01.540 [Jetty (JenkinsRule)-113] DEBUG org.eclipse.jetty.io.ManagedSelector -- Selector sun.nio.ch.KQueueSelectorImpl@1877c34d woken up from select, 0/0/0 selected
18:14:01.541 [Jetty (JenkinsRule)-113] DEBUG org.eclipse.jetty.io.ManagedSelector -- Selector sun.nio.ch.KQueueSelectorImpl@1877c34d processing 0 keys, 1 updates
18:14:01.541 [Jetty (JenkinsRule)-113] DEBUG org.eclipse.jetty.io.ManagedSelector -- updateable 1
18:14:01.541 [Jetty (JenkinsRule)-113] DEBUG org.eclipse.jetty.io.ManagedSelector -- update org.eclipse.jetty.io.ManagedSelector$CloseConnections@4a014d37
18:14:01.541 [Jetty (JenkinsRule)-113] DEBUG org.eclipse.jetty.io.ManagedSelector -- Closing 0 connections on ManagedSelector@23c90d0b{STOPPING} id=6 keys=0 selected=0 updates=0
18:14:01.541 [Jetty (JenkinsRule)-113] DEBUG org.eclipse.jetty.io.ManagedSelector -- updates 0
18:14:01.541 [Executing addConjurCredential(org.conjur.jenkins.configuration.ConjurConfigurationTest)] DEBUG org.eclipse.jetty.io.ManagedSelector -- Queued change lazy=false org.eclipse.jetty.io.ManagedSelector$StopSelector@691467f3 on ManagedSelector@23c90d0b{STOPPING} id=6 keys=0 selected=0 updates=0
18:14:01.541 [Jetty (JenkinsRule)-113] DEBUG org.eclipse.jetty.io.ManagedSelector -- Selector sun.nio.ch.KQueueSelectorImpl@1877c34d waiting with 0 keys
18:14:01.541 [Executing addConjurCredential(org.conjur.jenkins.configuration.ConjurConfigurationTest)] DEBUG org.eclipse.jetty.io.ManagedSelector -- Wakeup on submit ManagedSelector@23c90d0b{STOPPING} id=6 keys=0 selected=0 updates=1
18:14:01.542 [Jetty (JenkinsRule)-113] DEBUG org.eclipse.jetty.io.ManagedSelector -- Selector sun.nio.ch.KQueueSelectorImpl@1877c34d woken with none selected
18:14:01.542 [Jetty (JenkinsRule)-113] DEBUG org.eclipse.jetty.io.ManagedSelector -- Selector sun.nio.ch.KQueueSelectorImpl@1877c34d woken up from select, 0/0/0 selected
18:14:01.542 [Jetty (JenkinsRule)-113] DEBUG org.eclipse.jetty.io.ManagedSelector -- Selector sun.nio.ch.KQueueSelectorImpl@1877c34d processing 0 keys, 1 updates
18:14:01.542 [Jetty (JenkinsRule)-113] DEBUG org.eclipse.jetty.io.ManagedSelector -- updateable 1
18:14:01.542 [Jetty (JenkinsRule)-113] DEBUG org.eclipse.jetty.io.ManagedSelector -- update org.eclipse.jetty.io.ManagedSelector$StopSelector@691467f3
18:14:01.542 [Jetty (JenkinsRule)-113] DEBUG org.eclipse.jetty.io.ManagedSelector -- updates 0
18:14:01.543 [Executing addConjurCredential(org.conjur.jenkins.configuration.ConjurConfigurationTest)] DEBUG org.eclipse.jetty.util.component.AbstractLifeCycle -- stopping EatWhatYouKill@39555744/SelectorProducer@508c9282/PRODUCING/p=false/QueuedThreadPool[Jetty (JenkinsRule)]@35eb54c9{STARTED,8<=10<=200,i=3,r=-1,q=0}[ReservedThreadExecutor@4b771877{reserved=0/16,pending=0}][pc=0,pic=0,pec=0,epc=0]@2024-10-22T18:14:01.543005+05:30
18:14:01.543 [Jetty (JenkinsRule)-113] DEBUG org.eclipse.jetty.util.thread.QueuedThreadPool -- ran org.eclipse.jetty.io.ManagedSelector$$Lambda$424/0x00000001403325e0@7c13e0ad in QueuedThreadPool[Jetty (JenkinsRule)]@35eb54c9{STARTED,8<=10<=200,i=3,r=-1,q=0}[ReservedThreadExecutor@4b771877{reserved=0/16,pending=0}]
18:14:01.543 [Executing addConjurCredential(org.conjur.jenkins.configuration.ConjurConfigurationTest)] DEBUG org.eclipse.jetty.util.component.AbstractLifeCycle -- STOPPED EatWhatYouKill@39555744/SelectorProducer@508c9282/IDLE/p=false/QueuedThreadPool[Jetty (JenkinsRule)]@35eb54c9{STARTED,8<=10<=200,i=3,r=-1,q=0}[ReservedThreadExecutor@4b771877{reserved=0/16,pending=0}][pc=0,pic=0,pec=0,epc=0]@2024-10-22T18:14:01.543447+05:30
18:14:01.543 [Executing addConjurCredential(org.conjur.jenkins.configuration.ConjurConfigurationTest)] DEBUG org.eclipse.jetty.util.component.AbstractLifeCycle -- STOPPED ManagedSelector@23c90d0b{STOPPED} id=6 keys=-1 selected=-1 updates=0
18:14:01.544 [Executing addConjurCredential(org.conjur.jenkins.configuration.ConjurConfigurationTest)] DEBUG org.eclipse.jetty.util.component.AbstractLifeCycle -- stopping ManagedSelector@5718854f{STARTED} id=5 keys=0 selected=0 updates=0
18:14:01.544 [Executing addConjurCredential(org.conjur.jenkins.configuration.ConjurConfigurationTest)] DEBUG org.eclipse.jetty.io.ManagedSelector -- Queued change lazy=false org.eclipse.jetty.io.ManagedSelector$CloseConnections@7dae3b0f on ManagedSelector@5718854f{STOPPING} id=5 keys=0 selected=0 updates=0
18:14:01.544 [Executing addConjurCredential(org.conjur.jenkins.configuration.ConjurConfigurationTest)] DEBUG org.eclipse.jetty.io.ManagedSelector -- Wakeup on submit ManagedSelector@5718854f{STOPPING} id=5 keys=0 selected=0 updates=1
18:14:01.544 [Jetty (JenkinsRule)-112] DEBUG org.eclipse.jetty.io.ManagedSelector -- Selector sun.nio.ch.KQueueSelectorImpl@1a47ea3 woken with none selected
18:14:01.544 [Jetty (JenkinsRule)-112] DEBUG org.eclipse.jetty.io.ManagedSelector -- Selector sun.nio.ch.KQueueSelectorImpl@1a47ea3 woken up from select, 0/0/0 selected
18:14:01.544 [Jetty (JenkinsRule)-112] DEBUG org.eclipse.jetty.io.ManagedSelector -- Selector sun.nio.ch.KQueueSelectorImpl@1a47ea3 processing 0 keys, 1 updates
18:14:01.545 [Jetty (JenkinsRule)-112] DEBUG org.eclipse.jetty.io.ManagedSelector -- updateable 1
18:14:01.545 [Jetty (JenkinsRule)-112] DEBUG org.eclipse.jetty.io.ManagedSelector -- update org.eclipse.jetty.io.ManagedSelector$CloseConnections@7dae3b0f
18:14:01.545 [Jetty (JenkinsRule)-112] DEBUG org.eclipse.jetty.io.ManagedSelector -- Closing 0 connections on ManagedSelector@5718854f{STOPPING} id=5 keys=0 selected=0 updates=0
18:14:01.545 [Jetty (JenkinsRule)-112] DEBUG org.eclipse.jetty.io.ManagedSelector -- updates 0
18:14:01.545 [Jetty (JenkinsRule)-112] DEBUG org.eclipse.jetty.io.ManagedSelector -- Selector sun.nio.ch.KQueueSelectorImpl@1a47ea3 waiting with 0 keys
18:14:01.545 [Executing addConjurCredential(org.conjur.jenkins.configuration.ConjurConfigurationTest)] DEBUG org.eclipse.jetty.io.ManagedSelector -- Queued change lazy=false org.eclipse.jetty.io.ManagedSelector$StopSelector@2be4f6e0 on ManagedSelector@5718854f{STOPPING} id=5 keys=0 selected=0 updates=0
18:14:01.545 [Executing addConjurCredential(org.conjur.jenkins.configuration.ConjurConfigurationTest)] DEBUG org.eclipse.jetty.io.ManagedSelector -- Wakeup on submit ManagedSelector@5718854f{STOPPING} id=5 keys=0 selected=0 updates=1
18:14:01.546 [Jetty (JenkinsRule)-112] DEBUG org.eclipse.jetty.io.ManagedSelector -- Selector sun.nio.ch.KQueueSelectorImpl@1a47ea3 woken with none selected
18:14:01.546 [Jetty (JenkinsRule)-112] DEBUG org.eclipse.jetty.io.ManagedSelector -- Selector sun.nio.ch.KQueueSelectorImpl@1a47ea3 woken up from select, 0/0/0 selected
18:14:01.546 [Jetty (JenkinsRule)-112] DEBUG org.eclipse.jetty.io.ManagedSelector -- Selector sun.nio.ch.KQueueSelectorImpl@1a47ea3 processing 0 keys, 1 updates
18:14:01.546 [Jetty (JenkinsRule)-112] DEBUG org.eclipse.jetty.io.ManagedSelector -- updateable 1
18:14:01.546 [Jetty (JenkinsRule)-112] DEBUG org.eclipse.jetty.io.ManagedSelector -- update org.eclipse.jetty.io.ManagedSelector$StopSelector@2be4f6e0
18:14:01.546 [Jetty (JenkinsRule)-112] DEBUG org.eclipse.jetty.io.ManagedSelector -- updates 0
18:14:01.546 [Executing addConjurCredential(org.conjur.jenkins.configuration.ConjurConfigurationTest)] DEBUG org.eclipse.jetty.util.component.AbstractLifeCycle -- stopping EatWhatYouKill@4da4829e/SelectorProducer@8ef7b3b/PRODUCING/p=false/QueuedThreadPool[Jetty (JenkinsRule)]@35eb54c9{STARTED,8<=10<=200,i=4,r=-1,q=0}[ReservedThreadExecutor@4b771877{reserved=0/16,pending=0}][pc=0,pic=0,pec=0,epc=0]@2024-10-22T18:14:01.546729+05:30
18:14:01.546 [Jetty (JenkinsRule)-112] DEBUG org.eclipse.jetty.util.thread.QueuedThreadPool -- ran org.eclipse.jetty.io.ManagedSelector$$Lambda$424/0x00000001403325e0@3377420f in QueuedThreadPool[Jetty (JenkinsRule)]@35eb54c9{STARTED,8<=10<=200,i=4,r=-1,q=0}[ReservedThreadExecutor@4b771877{reserved=0/16,pending=0}]
18:14:01.547 [Executing addConjurCredential(org.conjur.jenkins.configuration.ConjurConfigurationTest)] DEBUG org.eclipse.jetty.util.component.AbstractLifeCycle -- STOPPED EatWhatYouKill@4da4829e/SelectorProducer@8ef7b3b/IDLE/p=false/QueuedThreadPool[Jetty (JenkinsRule)]@35eb54c9{STARTED,8<=10<=200,i=4,r=-1,q=0}[ReservedThreadExecutor@4b771877{reserved=0/16,pending=0}][pc=0,pic=0,pec=0,epc=0]@2024-10-22T18:14:01.547116+05:30
18:14:01.547 [Executing addConjurCredential(org.conjur.jenkins.configuration.ConjurConfigurationTest)] DEBUG org.eclipse.jetty.util.component.AbstractLifeCycle -- STOPPED ManagedSelector@5718854f{STOPPED} id=5 keys=-1 selected=-1 updates=0
18:14:01.547 [Executing addConjurCredential(org.conjur.jenkins.configuration.ConjurConfigurationTest)] DEBUG org.eclipse.jetty.util.component.AbstractLifeCycle -- stopping ManagedSelector@153f7383{STARTED} id=4 keys=0 selected=0 updates=0
18:14:01.547 [Executing addConjurCredential(org.conjur.jenkins.configuration.ConjurConfigurationTest)] DEBUG org.eclipse.jetty.io.ManagedSelector -- Queued change lazy=false org.eclipse.jetty.io.ManagedSelector$CloseConnections@6bcc6e5e on ManagedSelector@153f7383{STOPPING} id=4 keys=0 selected=0 updates=0
18:14:01.548 [Executing addConjurCredential(org.conjur.jenkins.configuration.ConjurConfigurationTest)] DEBUG org.eclipse.jetty.io.ManagedSelector -- Wakeup on submit ManagedSelector@153f7383{STOPPING} id=4 keys=0 selected=0 updates=1
18:14:01.548 [Jetty (JenkinsRule)-111] DEBUG org.eclipse.jetty.io.ManagedSelector -- Selector sun.nio.ch.KQueueSelectorImpl@4188be62 woken with none selected
18:14:01.548 [Jetty (JenkinsRule)-111] DEBUG org.eclipse.jetty.io.ManagedSelector -- Selector sun.nio.ch.KQueueSelectorImpl@4188be62 woken up from select, 0/0/0 selected
18:14:01.548 [Jetty (JenkinsRule)-111] DEBUG org.eclipse.jetty.io.ManagedSelector -- Selector sun.nio.ch.KQueueSelectorImpl@4188be62 processing 0 keys, 1 updates
18:14:01.548 [Jetty (JenkinsRule)-111] DEBUG org.eclipse.jetty.io.ManagedSelector -- updateable 1
18:14:01.548 [Jetty (JenkinsRule)-111] DEBUG org.eclipse.jetty.io.ManagedSelector -- update org.eclipse.jetty.io.ManagedSelector$CloseConnections@6bcc6e5e
18:14:01.548 [Jetty (JenkinsRule)-111] DEBUG org.eclipse.jetty.io.ManagedSelector -- Closing 0 connections on ManagedSelector@153f7383{STOPPING} id=4 keys=0 selected=0 updates=0
18:14:01.549 [Jetty (JenkinsRule)-111] DEBUG org.eclipse.jetty.io.ManagedSelector -- updates 0
18:14:01.549 [Executing addConjurCredential(org.conjur.jenkins.configuration.ConjurConfigurationTest)] DEBUG org.eclipse.jetty.io.ManagedSelector -- Queued change lazy=false org.eclipse.jetty.io.ManagedSelector$StopSelector@212db72b on ManagedSelector@153f7383{STOPPING} id=4 keys=0 selected=0 updates=0
18:14:01.549 [Jetty (JenkinsRule)-111] DEBUG org.eclipse.jetty.io.ManagedSelector -- Selector sun.nio.ch.KQueueSelectorImpl@4188be62 waiting with 0 keys
18:14:01.549 [Executing addConjurCredential(org.conjur.jenkins.configuration.ConjurConfigurationTest)] DEBUG org.eclipse.jetty.io.ManagedSelector -- Wakeup on submit ManagedSelector@153f7383{STOPPING} id=4 keys=0 selected=0 updates=1
18:14:01.549 [Jetty (JenkinsRule)-111] DEBUG org.eclipse.jetty.io.ManagedSelector -- Selector sun.nio.ch.KQueueSelectorImpl@4188be62 woken with none selected
18:14:01.549 [Jetty (JenkinsRule)-111] DEBUG org.eclipse.jetty.io.ManagedSelector -- Selector sun.nio.ch.KQueueSelectorImpl@4188be62 woken up from select, 0/0/0 selected
18:14:01.549 [Jetty (JenkinsRule)-111] DEBUG org.eclipse.jetty.io.ManagedSelector -- Selector sun.nio.ch.KQueueSelectorImpl@4188be62 processing 0 keys, 1 updates
18:14:01.549 [Jetty (JenkinsRule)-111] DEBUG org.eclipse.jetty.io.ManagedSelector -- updateable 1
18:14:01.550 [Jetty (JenkinsRule)-111] DEBUG org.eclipse.jetty.io.ManagedSelector -- update org.eclipse.jetty.io.ManagedSelector$StopSelector@212db72b
18:14:01.550 [Jetty (JenkinsRule)-111] DEBUG org.eclipse.jetty.io.ManagedSelector -- updates 0
18:14:01.550 [Executing addConjurCredential(org.conjur.jenkins.configuration.ConjurConfigurationTest)] DEBUG org.eclipse.jetty.util.component.AbstractLifeCycle -- stopping EatWhatYouKill@93986ef/SelectorProducer@761527be/PRODUCING/p=false/QueuedThreadPool[Jetty (JenkinsRule)]@35eb54c9{STARTED,8<=10<=200,i=5,r=-1,q=0}[ReservedThreadExecutor@4b771877{reserved=0/16,pending=0}][pc=0,pic=0,pec=0,epc=0]@2024-10-22T18:14:01.550379+05:30
18:14:01.550 [Jetty (JenkinsRule)-111] DEBUG org.eclipse.jetty.util.thread.QueuedThreadPool -- ran org.eclipse.jetty.io.ManagedSelector$$Lambda$424/0x00000001403325e0@3b585669 in QueuedThreadPool[Jetty (JenkinsRule)]@35eb54c9{STARTED,8<=10<=200,i=5,r=-1,q=0}[ReservedThreadExecutor@4b771877{reserved=0/16,pending=0}]
18:14:01.550 [Executing addConjurCredential(org.conjur.jenkins.configuration.ConjurConfigurationTest)] DEBUG org.eclipse.jetty.util.component.AbstractLifeCycle -- STOPPED EatWhatYouKill@93986ef/SelectorProducer@761527be/IDLE/p=false/QueuedThreadPool[Jetty (JenkinsRule)]@35eb54c9{STARTED,8<=10<=200,i=5,r=-1,q=0}[ReservedThreadExecutor@4b771877{reserved=0/16,pending=0}][pc=0,pic=0,pec=0,epc=0]@2024-10-22T18:14:01.550781+05:30
18:14:01.551 [Executing addConjurCredential(org.conjur.jenkins.configuration.ConjurConfigurationTest)] DEBUG org.eclipse.jetty.util.component.AbstractLifeCycle -- STOPPED ManagedSelector@153f7383{STOPPED} id=4 keys=-1 selected=-1 updates=0
18:14:01.551 [Executing addConjurCredential(org.conjur.jenkins.configuration.ConjurConfigurationTest)] DEBUG org.eclipse.jetty.util.component.AbstractLifeCycle -- stopping ManagedSelector@63c7608a{STARTED} id=3 keys=0 selected=0 updates=0
18:14:01.551 [Executing addConjurCredential(org.conjur.jenkins.configuration.ConjurConfigurationTest)] DEBUG org.eclipse.jetty.io.ManagedSelector -- Queued change lazy=false org.eclipse.jetty.io.ManagedSelector$CloseConnections@2d579642 on ManagedSelector@63c7608a{STOPPING} id=3 keys=0 selected=0 updates=0
18:14:01.551 [Executing addConjurCredential(org.conjur.jenkins.configuration.ConjurConfigurationTest)] DEBUG org.eclipse.jetty.io.ManagedSelector -- Wakeup on submit ManagedSelector@63c7608a{STOPPING} id=3 keys=0 selected=0 updates=1
18:14:01.552 [Jetty (JenkinsRule)-110] DEBUG org.eclipse.jetty.io.ManagedSelector -- Selector sun.nio.ch.KQueueSelectorImpl@51ddaa5b woken with none selected
18:14:01.552 [Jetty (JenkinsRule)-110] DEBUG org.eclipse.jetty.io.ManagedSelector -- Selector sun.nio.ch.KQueueSelectorImpl@51ddaa5b woken up from select, 0/0/0 selected
18:14:01.552 [Jetty (JenkinsRule)-110] DEBUG org.eclipse.jetty.io.ManagedSelector -- Selector sun.nio.ch.KQueueSelectorImpl@51ddaa5b processing 0 keys, 1 updates
18:14:01.552 [Jetty (JenkinsRule)-110] DEBUG org.eclipse.jetty.io.ManagedSelector -- updateable 1
18:14:01.552 [Jetty (JenkinsRule)-110] DEBUG org.eclipse.jetty.io.ManagedSelector -- update org.eclipse.jetty.io.ManagedSelector$CloseConnections@2d579642
18:14:01.552 [Jetty (JenkinsRule)-110] DEBUG org.eclipse.jetty.io.ManagedSelector -- Closing 0 connections on ManagedSelector@63c7608a{STOPPING} id=3 keys=0 selected=0 updates=0
18:14:01.552 [Jetty (JenkinsRule)-110] DEBUG org.eclipse.jetty.io.ManagedSelector -- updates 0
18:14:01.552 [Jetty (JenkinsRule)-110] DEBUG org.eclipse.jetty.io.ManagedSelector -- Selector sun.nio.ch.KQueueSelectorImpl@51ddaa5b waiting with 0 keys
18:14:01.552 [Executing addConjurCredential(org.conjur.jenkins.configuration.ConjurConfigurationTest)] DEBUG org.eclipse.jetty.io.ManagedSelector -- Queued change lazy=false org.eclipse.jetty.io.ManagedSelector$StopSelector@210826fe on ManagedSelector@63c7608a{STOPPING} id=3 keys=0 selected=0 updates=0
18:14:01.553 [Executing addConjurCredential(org.conjur.jenkins.configuration.ConjurConfigurationTest)] DEBUG org.eclipse.jetty.io.ManagedSelector -- Wakeup on submit ManagedSelector@63c7608a{STOPPING} id=3 keys=0 selected=0 updates=1
18:14:01.553 [Jetty (JenkinsRule)-110] DEBUG org.eclipse.jetty.io.ManagedSelector -- Selector sun.nio.ch.KQueueSelectorImpl@51ddaa5b woken with none selected
18:14:01.553 [Jetty (JenkinsRule)-110] DEBUG org.eclipse.jetty.io.ManagedSelector -- Selector sun.nio.ch.KQueueSelectorImpl@51ddaa5b woken up from select, 0/0/0 selected
18:14:01.553 [Jetty (JenkinsRule)-110] DEBUG org.eclipse.jetty.io.ManagedSelector -- Selector sun.nio.ch.KQueueSelectorImpl@51ddaa5b processing 0 keys, 1 updates
18:14:01.553 [Jetty (JenkinsRule)-110] DEBUG org.eclipse.jetty.io.ManagedSelector -- updateable 1
18:14:01.553 [Jetty (JenkinsRule)-110] DEBUG org.eclipse.jetty.io.ManagedSelector -- update org.eclipse.jetty.io.ManagedSelector$StopSelector@210826fe
18:14:01.553 [Jetty (JenkinsRule)-110] DEBUG org.eclipse.jetty.io.ManagedSelector -- updates 0
18:14:01.554 [Executing addConjurCredential(org.conjur.jenkins.configuration.ConjurConfigurationTest)] DEBUG org.eclipse.jetty.util.component.AbstractLifeCycle -- stopping EatWhatYouKill@218bcb15/SelectorProducer@50d673ec/PRODUCING/p=false/QueuedThreadPool[Jetty (JenkinsRule)]@35eb54c9{STARTED,8<=10<=200,i=6,r=-1,q=0}[ReservedThreadExecutor@4b771877{reserved=0/16,pending=0}][pc=0,pic=0,pec=0,epc=0]@2024-10-22T18:14:01.5541+05:30
18:14:01.554 [Jetty (JenkinsRule)-110] DEBUG org.eclipse.jetty.util.thread.QueuedThreadPool -- ran org.eclipse.jetty.io.ManagedSelector$$Lambda$424/0x00000001403325e0@25df8974 in QueuedThreadPool[Jetty (JenkinsRule)]@35eb54c9{STARTED,8<=10<=200,i=6,r=-1,q=0}[ReservedThreadExecutor@4b771877{reserved=0/16,pending=0}]
18:14:01.554 [Executing addConjurCredential(org.conjur.jenkins.configuration.ConjurConfigurationTest)] DEBUG org.eclipse.jetty.util.component.AbstractLifeCycle -- STOPPED EatWhatYouKill@218bcb15/SelectorProducer@50d673ec/IDLE/p=false/QueuedThreadPool[Jetty (JenkinsRule)]@35eb54c9{STARTED,8<=10<=200,i=6,r=-1,q=0}[ReservedThreadExecutor@4b771877{reserved=0/16,pending=0}][pc=0,pic=0,pec=0,epc=0]@2024-10-22T18:14:01.554656+05:30
18:14:01.555 [Executing addConjurCredential(org.conjur.jenkins.configuration.ConjurConfigurationTest)] DEBUG org.eclipse.jetty.util.component.AbstractLifeCycle -- STOPPED ManagedSelector@63c7608a{STOPPED} id=3 keys=-1 selected=-1 updates=0
18:14:01.555 [Executing addConjurCredential(org.conjur.jenkins.configuration.ConjurConfigurationTest)] DEBUG org.eclipse.jetty.util.component.AbstractLifeCycle -- stopping ManagedSelector@7523e6e3{STARTED} id=2 keys=0 selected=0 updates=0
18:14:01.555 [Executing addConjurCredential(org.conjur.jenkins.configuration.ConjurConfigurationTest)] DEBUG org.eclipse.jetty.io.ManagedSelector -- Queued change lazy=false org.eclipse.jetty.io.ManagedSelector$CloseConnections@29be121f on ManagedSelector@7523e6e3{STOPPING} id=2 keys=0 selected=0 updates=0
18:14:01.555 [Executing addConjurCredential(org.conjur.jenkins.configuration.ConjurConfigurationTest)] DEBUG org.eclipse.jetty.io.ManagedSelector -- Wakeup on submit ManagedSelector@7523e6e3{STOPPING} id=2 keys=0 selected=0 updates=1
18:14:01.555 [Jetty (JenkinsRule)-109] DEBUG org.eclipse.jetty.io.ManagedSelector -- Selector sun.nio.ch.KQueueSelectorImpl@14b37a7d woken with none selected
18:14:01.556 [Jetty (JenkinsRule)-109] DEBUG org.eclipse.jetty.io.ManagedSelector -- Selector sun.nio.ch.KQueueSelectorImpl@14b37a7d woken up from select, 0/0/0 selected
18:14:01.556 [Jetty (JenkinsRule)-109] DEBUG org.eclipse.jetty.io.ManagedSelector -- Selector sun.nio.ch.KQueueSelectorImpl@14b37a7d processing 0 keys, 1 updates
18:14:01.556 [Jetty (JenkinsRule)-109] DEBUG org.eclipse.jetty.io.ManagedSelector -- updateable 1
18:14:01.556 [Jetty (JenkinsRule)-109] DEBUG org.eclipse.jetty.io.ManagedSelector -- update org.eclipse.jetty.io.ManagedSelector$CloseConnections@29be121f
18:14:01.556 [Jetty (JenkinsRule)-109] DEBUG org.eclipse.jetty.io.ManagedSelector -- Closing 0 connections on ManagedSelector@7523e6e3{STOPPING} id=2 keys=0 selected=0 updates=0
18:14:01.556 [Jetty (JenkinsRule)-109] DEBUG org.eclipse.jetty.io.ManagedSelector -- updates 0
18:14:01.556 [Jetty (JenkinsRule)-109] DEBUG org.eclipse.jetty.io.ManagedSelector -- Selector sun.nio.ch.KQueueSelectorImpl@14b37a7d waiting with 0 keys
18:14:01.556 [Executing addConjurCredential(org.conjur.jenkins.configuration.ConjurConfigurationTest)] DEBUG org.eclipse.jetty.io.ManagedSelector -- Queued change lazy=false org.eclipse.jetty.io.ManagedSelector$StopSelector@65e67cec on ManagedSelector@7523e6e3{STOPPING} id=2 keys=0 selected=0 updates=0
18:14:01.557 [Executing addConjurCredential(org.conjur.jenkins.configuration.ConjurConfigurationTest)] DEBUG org.eclipse.jetty.io.ManagedSelector -- Wakeup on submit ManagedSelector@7523e6e3{STOPPING} id=2 keys=0 selected=0 updates=1
18:14:01.557 [Jetty (JenkinsRule)-109] DEBUG org.eclipse.jetty.io.ManagedSelector -- Selector sun.nio.ch.KQueueSelectorImpl@14b37a7d woken with none selected
18:14:01.557 [Jetty (JenkinsRule)-109] DEBUG org.eclipse.jetty.io.ManagedSelector -- Selector sun.nio.ch.KQueueSelectorImpl@14b37a7d woken up from select, 0/0/0 selected
18:14:01.557 [Jetty (JenkinsRule)-109] DEBUG org.eclipse.jetty.io.ManagedSelector -- Selector sun.nio.ch.KQueueSelectorImpl@14b37a7d processing 0 keys, 1 updates
18:14:01.557 [Jetty (JenkinsRule)-109] DEBUG org.eclipse.jetty.io.ManagedSelector -- updateable 1
18:14:01.557 [Jetty (JenkinsRule)-109] DEBUG org.eclipse.jetty.io.ManagedSelector -- update org.eclipse.jetty.io.ManagedSelector$StopSelector@65e67cec
18:14:01.557 [Jetty (JenkinsRule)-109] DEBUG org.eclipse.jetty.io.ManagedSelector -- updates 0
18:14:01.558 [Executing addConjurCredential(org.conjur.jenkins.configuration.ConjurConfigurationTest)] DEBUG org.eclipse.jetty.util.component.AbstractLifeCycle -- stopping EatWhatYouKill@72ec048/SelectorProducer@533c13d7/PRODUCING/p=false/QueuedThreadPool[Jetty (JenkinsRule)]@35eb54c9{STARTED,8<=10<=200,i=7,r=-1,q=0}[ReservedThreadExecutor@4b771877{reserved=0/16,pending=0}][pc=0,pic=0,pec=0,epc=0]@2024-10-22T18:14:01.558015+05:30
18:14:01.558 [Jetty (JenkinsRule)-109] DEBUG org.eclipse.jetty.util.thread.QueuedThreadPool -- ran org.eclipse.jetty.io.ManagedSelector$$Lambda$424/0x00000001403325e0@374b060c in QueuedThreadPool[Jetty (JenkinsRule)]@35eb54c9{STARTED,8<=10<=200,i=7,r=-1,q=0}[ReservedThreadExecutor@4b771877{reserved=0/16,pending=0}]
18:14:01.558 [Executing addConjurCredential(org.conjur.jenkins.configuration.ConjurConfigurationTest)] DEBUG org.eclipse.jetty.util.component.AbstractLifeCycle -- STOPPED EatWhatYouKill@72ec048/SelectorProducer@533c13d7/IDLE/p=false/QueuedThreadPool[Jetty (JenkinsRule)]@35eb54c9{STARTED,8<=10<=200,i=7,r=-1,q=0}[ReservedThreadExecutor@4b771877{reserved=0/16,pending=0}][pc=0,pic=0,pec=0,epc=0]@2024-10-22T18:14:01.558417+05:30
18:14:01.558 [Executing addConjurCredential(org.conjur.jenkins.configuration.ConjurConfigurationTest)] DEBUG org.eclipse.jetty.util.component.AbstractLifeCycle -- STOPPED ManagedSelector@7523e6e3{STOPPED} id=2 keys=-1 selected=-1 updates=0
18:14:01.559 [Executing addConjurCredential(org.conjur.jenkins.configuration.ConjurConfigurationTest)] DEBUG org.eclipse.jetty.util.component.AbstractLifeCycle -- stopping ManagedSelector@55c0279d{STARTED} id=1 keys=0 selected=0 updates=0
18:14:01.559 [Executing addConjurCredential(org.conjur.jenkins.configuration.ConjurConfigurationTest)] DEBUG org.eclipse.jetty.io.ManagedSelector -- Queued change lazy=false org.eclipse.jetty.io.ManagedSelector$CloseConnections@74121394 on ManagedSelector@55c0279d{STOPPING} id=1 keys=0 selected=0 updates=0
18:14:01.559 [Executing addConjurCredential(org.conjur.jenkins.configuration.ConjurConfigurationTest)] DEBUG org.eclipse.jetty.io.ManagedSelector -- Wakeup on submit ManagedSelector@55c0279d{STOPPING} id=1 keys=0 selected=0 updates=1
18:14:01.559 [Jetty (JenkinsRule)-108] DEBUG org.eclipse.jetty.io.ManagedSelector -- Selector sun.nio.ch.KQueueSelectorImpl@74d4170f woken with none selected
18:14:01.559 [Jetty (JenkinsRule)-108] DEBUG org.eclipse.jetty.io.ManagedSelector -- Selector sun.nio.ch.KQueueSelectorImpl@74d4170f woken up from select, 0/0/0 selected
18:14:01.559 [Jetty (JenkinsRule)-108] DEBUG org.eclipse.jetty.io.ManagedSelector -- Selector sun.nio.ch.KQueueSelectorImpl@74d4170f processing 0 keys, 1 updates
18:14:01.560 [Jetty (JenkinsRule)-108] DEBUG org.eclipse.jetty.io.ManagedSelector -- updateable 1
18:14:01.560 [Jetty (JenkinsRule)-108] DEBUG org.eclipse.jetty.io.ManagedSelector -- update org.eclipse.jetty.io.ManagedSelector$CloseConnections@74121394
18:14:01.560 [Jetty (JenkinsRule)-108] DEBUG org.eclipse.jetty.io.ManagedSelector -- Closing 0 connections on ManagedSelector@55c0279d{STOPPING} id=1 keys=0 selected=0 updates=0
18:14:01.560 [Jetty (JenkinsRule)-108] DEBUG org.eclipse.jetty.io.ManagedSelector -- updates 0
18:14:01.560 [Executing addConjurCredential(org.conjur.jenkins.configuration.ConjurConfigurationTest)] DEBUG org.eclipse.jetty.io.ManagedSelector -- Queued change lazy=false org.eclipse.jetty.io.ManagedSelector$StopSelector@14cdf43e on ManagedSelector@55c0279d{STOPPING} id=1 keys=0 selected=0 updates=0
18:14:01.560 [Executing addConjurCredential(org.conjur.jenkins.configuration.ConjurConfigurationTest)] DEBUG org.eclipse.jetty.io.ManagedSelector -- Wakeup on submit ManagedSelector@55c0279d{STOPPING} id=1 keys=0 selected=0 updates=1
18:14:01.560 [Jetty (JenkinsRule)-108] DEBUG org.eclipse.jetty.io.ManagedSelector -- Selector sun.nio.ch.KQueueSelectorImpl@74d4170f waiting with 0 keys
18:14:01.560 [Jetty (JenkinsRule)-108] DEBUG org.eclipse.jetty.io.ManagedSelector -- Selector sun.nio.ch.KQueueSelectorImpl@74d4170f woken with none selected
18:14:01.561 [Jetty (JenkinsRule)-108] DEBUG org.eclipse.jetty.io.ManagedSelector -- Selector sun.nio.ch.KQueueSelectorImpl@74d4170f woken up from select, 0/0/0 selected
18:14:01.561 [Jetty (JenkinsRule)-108] DEBUG org.eclipse.jetty.io.ManagedSelector -- Selector sun.nio.ch.KQueueSelectorImpl@74d4170f processing 0 keys, 1 updates
18:14:01.561 [Jetty (JenkinsRule)-108] DEBUG org.eclipse.jetty.io.ManagedSelector -- updateable 1
18:14:01.561 [Jetty (JenkinsRule)-108] DEBUG org.eclipse.jetty.io.ManagedSelector -- update org.eclipse.jetty.io.ManagedSelector$StopSelector@14cdf43e
18:14:01.561 [Jetty (JenkinsRule)-108] DEBUG org.eclipse.jetty.io.ManagedSelector -- updates 0
18:14:01.561 [Executing addConjurCredential(org.conjur.jenkins.configuration.ConjurConfigurationTest)] DEBUG org.eclipse.jetty.util.component.AbstractLifeCycle -- stopping EatWhatYouKill@1b29edef/SelectorProducer@69c9ee15/PRODUCING/p=false/QueuedThreadPool[Jetty (JenkinsRule)]@35eb54c9{STARTED,8<=10<=200,i=8,r=-1,q=0}[ReservedThreadExecutor@4b771877{reserved=0/16,pending=0}][pc=0,pic=0,pec=0,epc=0]@2024-10-22T18:14:01.56159+05:30
18:14:01.561 [Jetty (JenkinsRule)-108] DEBUG org.eclipse.jetty.util.thread.QueuedThreadPool -- ran org.eclipse.jetty.io.ManagedSelector$$Lambda$424/0x00000001403325e0@b885d20 in QueuedThreadPool[Jetty (JenkinsRule)]@35eb54c9{STARTED,8<=10<=200,i=8,r=-1,q=0}[ReservedThreadExecutor@4b771877{reserved=0/16,pending=0}]
18:14:01.562 [Executing addConjurCredential(org.conjur.jenkins.configuration.ConjurConfigurationTest)] DEBUG org.eclipse.jetty.util.component.AbstractLifeCycle -- STOPPED EatWhatYouKill@1b29edef/SelectorProducer@69c9ee15/IDLE/p=false/QueuedThreadPool[Jetty (JenkinsRule)]@35eb54c9{STARTED,8<=10<=200,i=8,r=-1,q=0}[ReservedThreadExecutor@4b771877{reserved=0/16,pending=0}][pc=0,pic=0,pec=0,epc=0]@2024-10-22T18:14:01.561979+05:30
18:14:01.562 [Executing addConjurCredential(org.conjur.jenkins.configuration.ConjurConfigurationTest)] DEBUG org.eclipse.jetty.util.component.AbstractLifeCycle -- STOPPED ManagedSelector@55c0279d{STOPPED} id=1 keys=-1 selected=-1 updates=0
18:14:01.562 [Executing addConjurCredential(org.conjur.jenkins.configuration.ConjurConfigurationTest)] DEBUG org.eclipse.jetty.util.component.AbstractLifeCycle -- stopping ManagedSelector@7f35b13c{STARTED} id=0 keys=0 selected=0 updates=0
18:14:01.562 [Executing addConjurCredential(org.conjur.jenkins.configuration.ConjurConfigurationTest)] DEBUG org.eclipse.jetty.io.ManagedSelector -- Queued change lazy=false org.eclipse.jetty.io.ManagedSelector$CloseConnections@4dba2252 on ManagedSelector@7f35b13c{STOPPING} id=0 keys=0 selected=0 updates=0
18:14:01.562 [Executing addConjurCredential(org.conjur.jenkins.configuration.ConjurConfigurationTest)] DEBUG org.eclipse.jetty.io.ManagedSelector -- Wakeup on submit ManagedSelector@7f35b13c{STOPPING} id=0 keys=0 selected=0 updates=1
18:14:01.563 [Jetty (JenkinsRule)-107] DEBUG org.eclipse.jetty.io.ManagedSelector -- Selector sun.nio.ch.KQueueSelectorImpl@36169485 woken with none selected
18:14:01.563 [Jetty (JenkinsRule)-107] DEBUG org.eclipse.jetty.io.ManagedSelector -- Selector sun.nio.ch.KQueueSelectorImpl@36169485 woken up from select, 0/0/0 selected
18:14:01.563 [Jetty (JenkinsRule)-107] DEBUG org.eclipse.jetty.io.ManagedSelector -- Selector sun.nio.ch.KQueueSelectorImpl@36169485 processing 0 keys, 1 updates
18:14:01.563 [Jetty (JenkinsRule)-107] DEBUG org.eclipse.jetty.io.ManagedSelector -- updateable 1
18:14:01.563 [Jetty (JenkinsRule)-107] DEBUG org.eclipse.jetty.io.ManagedSelector -- update org.eclipse.jetty.io.ManagedSelector$CloseConnections@4dba2252
18:14:01.563 [Jetty (JenkinsRule)-107] DEBUG org.eclipse.jetty.io.ManagedSelector -- Closing 0 connections on ManagedSelector@7f35b13c{STOPPING} id=0 keys=0 selected=0 updates=0
18:14:01.563 [Jetty (JenkinsRule)-107] DEBUG org.eclipse.jetty.io.ManagedSelector -- updates 0
18:14:01.563 [Jetty (JenkinsRule)-107] DEBUG org.eclipse.jetty.io.ManagedSelector -- Selector sun.nio.ch.KQueueSelectorImpl@36169485 waiting with 0 keys
18:14:01.563 [Executing addConjurCredential(org.conjur.jenkins.configuration.ConjurConfigurationTest)] DEBUG org.eclipse.jetty.io.ManagedSelector -- Queued change lazy=false org.eclipse.jetty.io.ManagedSelector$StopSelector@1bed2615 on ManagedSelector@7f35b13c{STOPPING} id=0 keys=0 selected=0 updates=0
18:14:01.564 [Executing addConjurCredential(org.conjur.jenkins.configuration.ConjurConfigurationTest)] DEBUG org.eclipse.jetty.io.ManagedSelector -- Wakeup on submit ManagedSelector@7f35b13c{STOPPING} id=0 keys=0 selected=0 updates=1
18:14:01.564 [Jetty (JenkinsRule)-107] DEBUG org.eclipse.jetty.io.ManagedSelector -- Selector sun.nio.ch.KQueueSelectorImpl@36169485 woken with none selected
18:14:01.564 [Jetty (JenkinsRule)-107] DEBUG org.eclipse.jetty.io.ManagedSelector -- Selector sun.nio.ch.KQueueSelectorImpl@36169485 woken up from select, 0/0/0 selected
18:14:01.564 [Jetty (JenkinsRule)-107] DEBUG org.eclipse.jetty.io.ManagedSelector -- Selector sun.nio.ch.KQueueSelectorImpl@36169485 processing 0 keys, 1 updates
18:14:01.564 [Jetty (JenkinsRule)-107] DEBUG org.eclipse.jetty.io.ManagedSelector -- updateable 1
18:14:01.564 [Jetty (JenkinsRule)-107] DEBUG org.eclipse.jetty.io.ManagedSelector -- update org.eclipse.jetty.io.ManagedSelector$StopSelector@1bed2615
18:14:01.565 [Jetty (JenkinsRule)-107] DEBUG org.eclipse.jetty.io.ManagedSelector -- updates 0
18:14:01.565 [Executing addConjurCredential(org.conjur.jenkins.configuration.ConjurConfigurationTest)] DEBUG org.eclipse.jetty.util.component.AbstractLifeCycle -- stopping EatWhatYouKill@41c67a8d/SelectorProducer@63bbe1d0/PRODUCING/p=false/QueuedThreadPool[Jetty (JenkinsRule)]@35eb54c9{STARTED,8<=10<=200,i=9,r=-1,q=0}[ReservedThreadExecutor@4b771877{reserved=0/16,pending=0}][pc=0,pic=0,pec=0,epc=0]@2024-10-22T18:14:01.565212+05:30
18:14:01.565 [Jetty (JenkinsRule)-107] DEBUG org.eclipse.jetty.util.thread.QueuedThreadPool -- ran org.eclipse.jetty.io.ManagedSelector$$Lambda$424/0x00000001403325e0@7c723035 in QueuedThreadPool[Jetty (JenkinsRule)]@35eb54c9{STARTED,8<=10<=200,i=9,r=-1,q=0}[ReservedThreadExecutor@4b771877{reserved=0/16,pending=0}]
18:14:01.565 [Executing addConjurCredential(org.conjur.jenkins.configuration.ConjurConfigurationTest)] DEBUG org.eclipse.jetty.util.component.AbstractLifeCycle -- STOPPED EatWhatYouKill@41c67a8d/SelectorProducer@63bbe1d0/IDLE/p=false/QueuedThreadPool[Jetty (JenkinsRule)]@35eb54c9{STARTED,8<=10<=200,i=9,r=-1,q=0}[ReservedThreadExecutor@4b771877{reserved=0/16,pending=0}][pc=0,pic=0,pec=0,epc=0]@2024-10-22T18:14:01.565632+05:30
18:14:01.566 [Executing addConjurCredential(org.conjur.jenkins.configuration.ConjurConfigurationTest)] DEBUG org.eclipse.jetty.util.component.AbstractLifeCycle -- STOPPED ManagedSelector@7f35b13c{STOPPED} id=0 keys=-1 selected=-1 updates=0
18:14:01.566 [Executing addConjurCredential(org.conjur.jenkins.configuration.ConjurConfigurationTest)] DEBUG org.eclipse.jetty.util.component.AbstractLifeCycle -- STOPPED SelectorManager@ServerConnector@fcafe6b{HTTP/1.1, (http/1.1)}{localhost:0}
18:14:01.566 [Executing addConjurCredential(org.conjur.jenkins.configuration.ConjurConfigurationTest)] DEBUG org.eclipse.jetty.util.component.AbstractLifeCycle -- stopping HttpConnectionFactory@142e24b8[HTTP/1.1]
18:14:01.566 [Executing addConjurCredential(org.conjur.jenkins.configuration.ConjurConfigurationTest)] DEBUG org.eclipse.jetty.util.component.AbstractLifeCycle -- STOPPED HttpConnectionFactory@142e24b8[HTTP/1.1]
18:14:01.566 [Executing addConjurCredential(org.conjur.jenkins.configuration.ConjurConfigurationTest)] DEBUG org.eclipse.jetty.util.component.AbstractLifeCycle -- stopping ScheduledExecutorScheduler@7abcaa87{STARTED}
18:14:01.566 [Executing addConjurCredential(org.conjur.jenkins.configuration.ConjurConfigurationTest)] DEBUG org.eclipse.jetty.util.component.AbstractLifeCycle -- STOPPED ScheduledExecutorScheduler@7abcaa87{STOPPED}
18:14:01.567 [Executing addConjurCredential(org.conjur.jenkins.configuration.ConjurConfigurationTest)] INFO org.eclipse.jetty.server.AbstractConnector -- Stopped ServerConnector@fcafe6b{HTTP/1.1, (http/1.1)}{localhost:0}
18:14:01.567 [Executing addConjurCredential(org.conjur.jenkins.configuration.ConjurConfigurationTest)] DEBUG org.eclipse.jetty.util.component.AbstractLifeCycle -- STOPPED ServerConnector@fcafe6b{HTTP/1.1, (http/1.1)}{localhost:0}
18:14:01.567 [Executing addConjurCredential(org.conjur.jenkins.configuration.ConjurConfigurationTest)] DEBUG org.eclipse.jetty.server.handler.AbstractHandler -- stopping Server@3f133fb9{STOPPING}[9.4.48.v20220622]
18:14:01.567 [Executing addConjurCredential(org.conjur.jenkins.configuration.ConjurConfigurationTest)] DEBUG org.eclipse.jetty.util.component.AbstractLifeCycle -- stopping DefaultSessionIdManager@16a2d1e8{STARTED}[worker=node0]
18:14:01.567 [Executing addConjurCredential(org.conjur.jenkins.configuration.ConjurConfigurationTest)] DEBUG org.eclipse.jetty.util.component.AbstractLifeCycle -- stopping HouseKeeper@65f97815{STARTED}[interval=600000, ownscheduler=true]
18:14:01.567 [Executing addConjurCredential(org.conjur.jenkins.configuration.ConjurConfigurationTest)] INFO org.eclipse.jetty.server.session -- node0 Stopped scavenging
18:14:01.568 [Executing addConjurCredential(org.conjur.jenkins.configuration.ConjurConfigurationTest)] DEBUG org.eclipse.jetty.util.component.AbstractLifeCycle -- stopping ScheduledExecutorScheduler@65d4d8d3{STARTED}
18:14:01.568 [Executing addConjurCredential(org.conjur.jenkins.configuration.ConjurConfigurationTest)] DEBUG org.eclipse.jetty.util.component.AbstractLifeCycle -- STOPPED ScheduledExecutorScheduler@65d4d8d3{STOPPED}
18:14:01.568 [Executing addConjurCredential(org.conjur.jenkins.configuration.ConjurConfigurationTest)] DEBUG org.eclipse.jetty.util.component.AbstractLifeCycle -- STOPPED HouseKeeper@65f97815{STOPPED}[interval=600000, ownscheduler=false]
18:14:01.568 [Executing addConjurCredential(org.conjur.jenkins.configuration.ConjurConfigurationTest)] DEBUG org.eclipse.jetty.util.component.AbstractLifeCycle -- STOPPED DefaultSessionIdManager@16a2d1e8{STOPPED}[worker=node0]
18:14:01.568 [Executing addConjurCredential(org.conjur.jenkins.configuration.ConjurConfigurationTest)] DEBUG org.eclipse.jetty.util.component.AbstractLifeCycle -- stopping ErrorHandler@139685c8{STARTED}
18:14:01.568 [Executing addConjurCredential(org.conjur.jenkins.configuration.ConjurConfigurationTest)] DEBUG org.eclipse.jetty.server.handler.AbstractHandler -- stopping ErrorHandler@139685c8{STOPPING}
18:14:01.568 [Executing addConjurCredential(org.conjur.jenkins.configuration.ConjurConfigurationTest)] DEBUG org.eclipse.jetty.util.component.AbstractLifeCycle -- STOPPED ErrorHandler@139685c8{STOPPED}
18:14:01.569 [Executing addConjurCredential(org.conjur.jenkins.configuration.ConjurConfigurationTest)] DEBUG org.eclipse.jetty.util.component.AbstractLifeCycle -- stopping o.e.j.w.WebAppContext@7a11b63f{Jenkins v2.346.3,/jenkins,file:///Users/sameer.shaik/MyWorkSpace/17OctV2.2.3-New-BitBucketIssueFixed/conjur-credentials-plugin/target/jenkins-for-test/,SHUTDOWN}{/Users/sameer.shaik/MyWorkSpace/17OctV2.2.3-New-BitBucketIssueFixed/conjur-credentials-plugin/target/jenkins-for-test}
18:14:01.569 [Executing addConjurCredential(org.conjur.jenkins.configuration.ConjurConfigurationTest)] DEBUG org.eclipse.jetty.server.handler.AbstractHandlerContainer -- Graceful shutdown o.e.j.w.WebAppContext@7a11b63f{Jenkins v2.346.3,/jenkins,file:///Users/sameer.shaik/MyWorkSpace/17OctV2.2.3-New-BitBucketIssueFixed/conjur-credentials-plugin/target/jenkins-for-test/,SHUTDOWN}{/Users/sameer.shaik/MyWorkSpace/17OctV2.2.3-New-BitBucketIssueFixed/conjur-credentials-plugin/target/jenkins-for-test} by 
18:14:01.569 [Executing addConjurCredential(org.conjur.jenkins.configuration.ConjurConfigurationTest)] DEBUG org.eclipse.jetty.server.handler.AbstractHandler -- stopping o.e.j.w.WebAppContext@7a11b63f{Jenkins v2.346.3,/jenkins,file:///Users/sameer.shaik/MyWorkSpace/17OctV2.2.3-New-BitBucketIssueFixed/conjur-credentials-plugin/target/jenkins-for-test/,STOPPED}{/Users/sameer.shaik/MyWorkSpace/17OctV2.2.3-New-BitBucketIssueFixed/conjur-credentials-plugin/target/jenkins-for-test}
18:14:01.570 [Executing addConjurCredential(org.conjur.jenkins.configuration.ConjurConfigurationTest)] DEBUG org.eclipse.jetty.util.component.AbstractLifeCycle -- stopping NoListenerConfiguration@1e70b7ef{STARTED}
18:14:01.570 [Executing addConjurCredential(org.conjur.jenkins.configuration.ConjurConfigurationTest)] DEBUG org.eclipse.jetty.util.component.AbstractLifeCycle -- STOPPED NoListenerConfiguration@1e70b7ef{STOPPED}
18:14:01.570 [Executing addConjurCredential(org.conjur.jenkins.configuration.ConjurConfigurationTest)] DEBUG org.eclipse.jetty.util.component.AbstractLifeCycle -- stopping ErrorPageErrorHandler@766d059b{STARTED}
18:14:01.570 [Executing addConjurCredential(org.conjur.jenkins.configuration.ConjurConfigurationTest)] DEBUG org.eclipse.jetty.server.handler.AbstractHandler -- stopping ErrorPageErrorHandler@766d059b{STOPPING}
18:14:01.570 [Executing addConjurCredential(org.conjur.jenkins.configuration.ConjurConfigurationTest)] DEBUG org.eclipse.jetty.util.component.AbstractLifeCycle -- STOPPED ErrorPageErrorHandler@766d059b{STOPPED}
18:14:01.570 [Executing addConjurCredential(org.conjur.jenkins.configuration.ConjurConfigurationTest)] DEBUG org.eclipse.jetty.util.component.AbstractLifeCycle -- stopping org.eclipse.jetty.server.session.SessionHandler1835641516==dftMaxIdleSec=1800
18:14:01.571 [Executing addConjurCredential(org.conjur.jenkins.configuration.ConjurConfigurationTest)] DEBUG org.eclipse.jetty.server.session -- Shutdown sessions, invalidating = false
18:14:01.571 [Executing addConjurCredential(org.conjur.jenkins.configuration.ConjurConfigurationTest)] DEBUG org.eclipse.jetty.util.component.AbstractLifeCycle -- stopping org.eclipse.jetty.server.session.DefaultSessionCache@66c2ea82[evict=-1,removeUnloadable=false,saveOnCreate=false,saveOnInactiveEvict=false]
18:14:01.571 [Executing addConjurCredential(org.conjur.jenkins.configuration.ConjurConfigurationTest)] DEBUG org.eclipse.jetty.util.component.AbstractLifeCycle -- stopping org.eclipse.jetty.server.session.NullSessionDataStore@55b8f9e3[passivating=false,graceSec=3600]
18:14:01.571 [Executing addConjurCredential(org.conjur.jenkins.configuration.ConjurConfigurationTest)] DEBUG org.eclipse.jetty.util.component.AbstractLifeCycle -- STOPPED org.eclipse.jetty.server.session.NullSessionDataStore@55b8f9e3[passivating=false,graceSec=3600]
18:14:01.571 [Executing addConjurCredential(org.conjur.jenkins.configuration.ConjurConfigurationTest)] DEBUG org.eclipse.jetty.util.component.AbstractLifeCycle -- STOPPED org.eclipse.jetty.server.session.DefaultSessionCache@66c2ea82[evict=-1,removeUnloadable=false,saveOnCreate=false,saveOnInactiveEvict=false]
18:14:01.571 [Executing addConjurCredential(org.conjur.jenkins.configuration.ConjurConfigurationTest)] DEBUG org.eclipse.jetty.util.component.AbstractLifeCycle -- stopping ScheduledExecutorScheduler@2f9c15e8{STARTED}
18:14:01.572 [Executing addConjurCredential(org.conjur.jenkins.configuration.ConjurConfigurationTest)] DEBUG org.eclipse.jetty.util.component.AbstractLifeCycle -- STOPPED ScheduledExecutorScheduler@2f9c15e8{STOPPED}
18:14:01.572 [Executing addConjurCredential(org.conjur.jenkins.configuration.ConjurConfigurationTest)] DEBUG org.eclipse.jetty.server.handler.AbstractHandler -- stopping org.eclipse.jetty.server.session.SessionHandler1835641516==dftMaxIdleSec=1800
18:14:01.572 [Executing addConjurCredential(org.conjur.jenkins.configuration.ConjurConfigurationTest)] DEBUG org.eclipse.jetty.util.component.AbstractLifeCycle -- stopping ConstraintSecurityHandler@1a3e4970{STARTED}
18:14:01.572 [Executing addConjurCredential(org.conjur.jenkins.configuration.ConjurConfigurationTest)] DEBUG org.eclipse.jetty.server.handler.AbstractHandler -- stopping ConstraintSecurityHandler@1a3e4970{STOPPING}
18:14:01.572 [Executing addConjurCredential(org.conjur.jenkins.configuration.ConjurConfigurationTest)] DEBUG org.eclipse.jetty.util.component.AbstractLifeCycle -- stopping HashLoginService@1e13ebaa[default]
18:14:01.572 [Executing addConjurCredential(org.conjur.jenkins.configuration.ConjurConfigurationTest)] DEBUG org.eclipse.jetty.util.component.AbstractLifeCycle -- stopping UserStore@592db592{STARTED}
18:14:01.573 [Executing addConjurCredential(org.conjur.jenkins.configuration.ConjurConfigurationTest)] DEBUG org.eclipse.jetty.util.component.AbstractLifeCycle -- STOPPED UserStore@592db592{STOPPED}
18:14:01.573 [Executing addConjurCredential(org.conjur.jenkins.configuration.ConjurConfigurationTest)] DEBUG org.eclipse.jetty.util.component.AbstractLifeCycle -- STOPPED HashLoginService@1e13ebaa[default]
18:14:01.573 [Executing addConjurCredential(org.conjur.jenkins.configuration.ConjurConfigurationTest)] DEBUG org.eclipse.jetty.util.component.AbstractLifeCycle -- stopping ServletHandler@5671f933{STARTED}
18:14:01.573 [Executing addConjurCredential(org.conjur.jenkins.configuration.ConjurConfigurationTest)] DEBUG org.eclipse.jetty.server.handler.AbstractHandler -- stopping ServletHandler@5671f933{STOPPING}
18:14:01.573 [Executing addConjurCredential(org.conjur.jenkins.configuration.ConjurConfigurationTest)] DEBUG org.eclipse.jetty.util.component.AbstractLifeCycle -- stopping plugins-filter==hudson.util.PluginServletFilter@59435357{inst=true,async=true,src=DESCRIPTOR:file:///Users/sameer.shaik/MyWorkSpace/17OctV2.2.3-New-BitBucketIssueFixed/conjur-credentials-plugin/target/jenkins-for-test/WEB-INF/web.xml}
18:14:01.573 [Executing addConjurCredential(org.conjur.jenkins.configuration.ConjurConfigurationTest)] DEBUG org.eclipse.jetty.util.component.AbstractLifeCycle -- STOPPED plugins-filter==hudson.util.PluginServletFilter@59435357{inst=false,async=true,src=DESCRIPTOR:file:///Users/sameer.shaik/MyWorkSpace/17OctV2.2.3-New-BitBucketIssueFixed/conjur-credentials-plugin/target/jenkins-for-test/WEB-INF/web.xml}
18:14:01.574 [Executing addConjurCredential(org.conjur.jenkins.configuration.ConjurConfigurationTest)] DEBUG org.eclipse.jetty.util.component.AbstractLifeCycle -- stopping csrf-filter==hudson.security.csrf.CrumbFilter@66baae6f{inst=true,async=true,src=DESCRIPTOR:file:///Users/sameer.shaik/MyWorkSpace/17OctV2.2.3-New-BitBucketIssueFixed/conjur-credentials-plugin/target/jenkins-for-test/WEB-INF/web.xml}
18:14:01.574 [Executing addConjurCredential(org.conjur.jenkins.configuration.ConjurConfigurationTest)] DEBUG org.eclipse.jetty.util.component.AbstractLifeCycle -- STOPPED csrf-filter==hudson.security.csrf.CrumbFilter@66baae6f{inst=false,async=true,src=DESCRIPTOR:file:///Users/sameer.shaik/MyWorkSpace/17OctV2.2.3-New-BitBucketIssueFixed/conjur-credentials-plugin/target/jenkins-for-test/WEB-INF/web.xml}
18:14:01.574 [Executing addConjurCredential(org.conjur.jenkins.configuration.ConjurConfigurationTest)] DEBUG org.eclipse.jetty.util.component.AbstractLifeCycle -- stopping authentication-filter==hudson.security.HudsonFilter@717a2448{inst=true,async=true,src=DESCRIPTOR:file:///Users/sameer.shaik/MyWorkSpace/17OctV2.2.3-New-BitBucketIssueFixed/conjur-credentials-plugin/target/jenkins-for-test/WEB-INF/web.xml}
18:14:01.575 [Executing addConjurCredential(org.conjur.jenkins.configuration.ConjurConfigurationTest)] DEBUG org.eclipse.jetty.util.component.AbstractLifeCycle -- STOPPED authentication-filter==hudson.security.HudsonFilter@717a2448{inst=false,async=true,src=DESCRIPTOR:file:///Users/sameer.shaik/MyWorkSpace/17OctV2.2.3-New-BitBucketIssueFixed/conjur-credentials-plugin/target/jenkins-for-test/WEB-INF/web.xml}
18:14:01.575 [Executing addConjurCredential(org.conjur.jenkins.configuration.ConjurConfigurationTest)] DEBUG org.eclipse.jetty.util.component.AbstractLifeCycle -- stopping compression-filter==org.kohsuke.stapler.compression.CompressionFilter@156140f6{inst=true,async=true,src=DESCRIPTOR:file:///Users/sameer.shaik/MyWorkSpace/17OctV2.2.3-New-BitBucketIssueFixed/conjur-credentials-plugin/target/jenkins-for-test/WEB-INF/web.xml}
18:14:01.575 [Executing addConjurCredential(org.conjur.jenkins.configuration.ConjurConfigurationTest)] DEBUG org.eclipse.jetty.util.component.AbstractLifeCycle -- STOPPED compression-filter==org.kohsuke.stapler.compression.CompressionFilter@156140f6{inst=false,async=true,src=DESCRIPTOR:file:///Users/sameer.shaik/MyWorkSpace/17OctV2.2.3-New-BitBucketIssueFixed/conjur-credentials-plugin/target/jenkins-for-test/WEB-INF/web.xml}
18:14:01.575 [Executing addConjurCredential(org.conjur.jenkins.configuration.ConjurConfigurationTest)] DEBUG org.eclipse.jetty.util.component.AbstractLifeCycle -- stopping encoding-filter==hudson.util.CharacterEncodingFilter@5cfc7758{inst=true,async=true,src=DESCRIPTOR:file:///Users/sameer.shaik/MyWorkSpace/17OctV2.2.3-New-BitBucketIssueFixed/conjur-credentials-plugin/target/jenkins-for-test/WEB-INF/web.xml}
18:14:01.576 [Executing addConjurCredential(org.conjur.jenkins.configuration.ConjurConfigurationTest)] DEBUG org.eclipse.jetty.util.component.AbstractLifeCycle -- STOPPED encoding-filter==hudson.util.CharacterEncodingFilter@5cfc7758{inst=false,async=true,src=DESCRIPTOR:file:///Users/sameer.shaik/MyWorkSpace/17OctV2.2.3-New-BitBucketIssueFixed/conjur-credentials-plugin/target/jenkins-for-test/WEB-INF/web.xml}
18:14:01.576 [Executing addConjurCredential(org.conjur.jenkins.configuration.ConjurConfigurationTest)] DEBUG org.eclipse.jetty.util.component.AbstractLifeCycle -- stopping diagnostic-name-filter==org.kohsuke.stapler.DiagnosticThreadNameFilter@5b899bcb{inst=true,async=true,src=DESCRIPTOR:file:///Users/sameer.shaik/MyWorkSpace/17OctV2.2.3-New-BitBucketIssueFixed/conjur-credentials-plugin/target/jenkins-for-test/WEB-INF/web.xml}
18:14:01.576 [Executing addConjurCredential(org.conjur.jenkins.configuration.ConjurConfigurationTest)] DEBUG org.eclipse.jetty.util.component.AbstractLifeCycle -- STOPPED diagnostic-name-filter==org.kohsuke.stapler.DiagnosticThreadNameFilter@5b899bcb{inst=false,async=true,src=DESCRIPTOR:file:///Users/sameer.shaik/MyWorkSpace/17OctV2.2.3-New-BitBucketIssueFixed/conjur-credentials-plugin/target/jenkins-for-test/WEB-INF/web.xml}
18:14:01.576 [Executing addConjurCredential(org.conjur.jenkins.configuration.ConjurConfigurationTest)] DEBUG org.eclipse.jetty.util.component.AbstractLifeCycle -- stopping suspicious-request-filter==jenkins.security.SuspiciousRequestFilter@5af7d11b{inst=true,async=true,src=DESCRIPTOR:file:///Users/sameer.shaik/MyWorkSpace/17OctV2.2.3-New-BitBucketIssueFixed/conjur-credentials-plugin/target/jenkins-for-test/WEB-INF/web.xml}
18:14:01.577 [Executing addConjurCredential(org.conjur.jenkins.configuration.ConjurConfigurationTest)] DEBUG org.eclipse.jetty.util.component.AbstractLifeCycle -- STOPPED suspicious-request-filter==jenkins.security.SuspiciousRequestFilter@5af7d11b{inst=false,async=true,src=DESCRIPTOR:file:///Users/sameer.shaik/MyWorkSpace/17OctV2.2.3-New-BitBucketIssueFixed/conjur-credentials-plugin/target/jenkins-for-test/WEB-INF/web.xml}
18:14:01.577 [Executing addConjurCredential(org.conjur.jenkins.configuration.ConjurConfigurationTest)] DEBUG org.eclipse.jetty.util.component.AbstractLifeCycle -- stopping Stapler==org.kohsuke.stapler.Stapler@f222d1a9{jsp=null,order=-1,inst=false,async=true,src=DESCRIPTOR:file:///Users/sameer.shaik/MyWorkSpace/17OctV2.2.3-New-BitBucketIssueFixed/conjur-credentials-plugin/target/jenkins-for-test/WEB-INF/web.xml,STARTED}
18:14:01.577 [Executing addConjurCredential(org.conjur.jenkins.configuration.ConjurConfigurationTest)] DEBUG org.eclipse.jetty.util.component.AbstractLifeCycle -- STOPPED Stapler==org.kohsuke.stapler.Stapler@f222d1a9{jsp=null,order=-1,inst=false,async=true,src=DESCRIPTOR:file:///Users/sameer.shaik/MyWorkSpace/17OctV2.2.3-New-BitBucketIssueFixed/conjur-credentials-plugin/target/jenkins-for-test/WEB-INF/web.xml,STOPPED}
18:14:01.578 [Executing addConjurCredential(org.conjur.jenkins.configuration.ConjurConfigurationTest)] DEBUG org.eclipse.jetty.util.component.AbstractLifeCycle -- stopping jsp==org.eclipse.jetty.servlet.NoJspServlet@19c47{jsp=null,order=0,inst=true,async=false,src=DESCRIPTOR:jar:file:/Users/sameer.shaik/.m2/repository/org/eclipse/jetty/jetty-webapp/9.4.48.v20220622/jetty-webapp-9.4.48.v20220622.jar!/org/eclipse/jetty/webapp/webdefault.xml,STARTED}
18:14:01.578 [Executing addConjurCredential(org.conjur.jenkins.configuration.ConjurConfigurationTest)] DEBUG org.eclipse.jetty.util.component.AbstractLifeCycle -- STOPPED jsp==org.eclipse.jetty.servlet.NoJspServlet@19c47{jsp=null,order=0,inst=false,async=false,src=DESCRIPTOR:jar:file:/Users/sameer.shaik/.m2/repository/org/eclipse/jetty/jetty-webapp/9.4.48.v20220622/jetty-webapp-9.4.48.v20220622.jar!/org/eclipse/jetty/webapp/webdefault.xml,STOPPED}
18:14:01.578 [Executing addConjurCredential(org.conjur.jenkins.configuration.ConjurConfigurationTest)] DEBUG org.eclipse.jetty.util.component.AbstractLifeCycle -- stopping default==org.eclipse.jetty.servlet.DefaultServlet@5c13d641{jsp=null,order=0,inst=true,async=false,src=DESCRIPTOR:jar:file:/Users/sameer.shaik/.m2/repository/org/eclipse/jetty/jetty-webapp/9.4.48.v20220622/jetty-webapp-9.4.48.v20220622.jar!/org/eclipse/jetty/webapp/webdefault.xml,STARTED}
18:14:01.579 [Executing addConjurCredential(org.conjur.jenkins.configuration.ConjurConfigurationTest)] DEBUG org.eclipse.jetty.util.component.AbstractLifeCycle -- STOPPED default==org.eclipse.jetty.servlet.DefaultServlet@5c13d641{jsp=null,order=0,inst=false,async=false,src=DESCRIPTOR:jar:file:/Users/sameer.shaik/.m2/repository/org/eclipse/jetty/jetty-webapp/9.4.48.v20220622/jetty-webapp-9.4.48.v20220622.jar!/org/eclipse/jetty/webapp/webdefault.xml,STOPPED}
18:14:01.579 [Executing addConjurCredential(org.conjur.jenkins.configuration.ConjurConfigurationTest)] DEBUG org.eclipse.jetty.server.handler.ContextHandler -- contextDestroyed: javax.servlet.ServletContextEvent[source=ServletContext@o.e.j.w.WebAppContext@7a11b63f{Jenkins v2.346.3,/jenkins,file:///Users/sameer.shaik/MyWorkSpace/17OctV2.2.3-New-BitBucketIssueFixed/conjur-credentials-plugin/target/jenkins-for-test/,STOPPED}{/Users/sameer.shaik/MyWorkSpace/17OctV2.2.3-New-BitBucketIssueFixed/conjur-credentials-plugin/target/jenkins-for-test}]->jenkins.util.SystemProperties$Listener@52626725
18:14:01.579 [Executing addConjurCredential(org.conjur.jenkins.configuration.ConjurConfigurationTest)] DEBUG org.eclipse.jetty.server.handler.ContextHandler -- contextDestroyed: javax.servlet.ServletContextEvent[source=ServletContext@o.e.j.w.WebAppContext@7a11b63f{Jenkins v2.346.3,/jenkins,file:///Users/sameer.shaik/MyWorkSpace/17OctV2.2.3-New-BitBucketIssueFixed/conjur-credentials-plugin/target/jenkins-for-test/,STOPPED}{/Users/sameer.shaik/MyWorkSpace/17OctV2.2.3-New-BitBucketIssueFixed/conjur-credentials-plugin/target/jenkins-for-test}]->org.eclipse.jetty.servlet.listener.IntrospectorCleaner@c79aa6d
18:14:01.580 [Executing addConjurCredential(org.conjur.jenkins.configuration.ConjurConfigurationTest)] DEBUG org.eclipse.jetty.server.handler.ContextHandler -- contextDestroyed: javax.servlet.ServletContextEvent[source=ServletContext@o.e.j.w.WebAppContext@7a11b63f{Jenkins v2.346.3,/jenkins,file:///Users/sameer.shaik/MyWorkSpace/17OctV2.2.3-New-BitBucketIssueFixed/conjur-credentials-plugin/target/jenkins-for-test/,STOPPED}{/Users/sameer.shaik/MyWorkSpace/17OctV2.2.3-New-BitBucketIssueFixed/conjur-credentials-plugin/target/jenkins-for-test}]->org.eclipse.jetty.servlet.listener.ELContextCleaner@4305d4b0
18:14:01.580 [Executing addConjurCredential(org.conjur.jenkins.configuration.ConjurConfigurationTest)] DEBUG org.eclipse.jetty.util.component.AbstractLifeCycle -- stopping jenkins.JenkinsHttpSessionListener@7c56a059{src=DESCRIPTOR:file:///Users/sameer.shaik/MyWorkSpace/17OctV2.2.3-New-BitBucketIssueFixed/conjur-credentials-plugin/target/jenkins-for-test/WEB-INF/web.xml}
18:14:01.581 [Executing addConjurCredential(org.conjur.jenkins.configuration.ConjurConfigurationTest)] DEBUG org.eclipse.jetty.util.component.AbstractLifeCycle -- STOPPED jenkins.JenkinsHttpSessionListener@7c56a059{src=DESCRIPTOR:file:///Users/sameer.shaik/MyWorkSpace/17OctV2.2.3-New-BitBucketIssueFixed/conjur-credentials-plugin/target/jenkins-for-test/WEB-INF/web.xml}
18:14:01.581 [Executing addConjurCredential(org.conjur.jenkins.configuration.ConjurConfigurationTest)] DEBUG org.eclipse.jetty.util.component.AbstractLifeCycle -- stopping hudson.WebAppMain@6e1d3de7{src=DESCRIPTOR:file:///Users/sameer.shaik/MyWorkSpace/17OctV2.2.3-New-BitBucketIssueFixed/conjur-credentials-plugin/target/jenkins-for-test/WEB-INF/web.xml}
18:14:01.581 [Executing addConjurCredential(org.conjur.jenkins.configuration.ConjurConfigurationTest)] DEBUG org.eclipse.jetty.util.component.AbstractLifeCycle -- STOPPED hudson.WebAppMain@6e1d3de7{src=DESCRIPTOR:file:///Users/sameer.shaik/MyWorkSpace/17OctV2.2.3-New-BitBucketIssueFixed/conjur-credentials-plugin/target/jenkins-for-test/WEB-INF/web.xml}
18:14:01.581 [Executing addConjurCredential(org.conjur.jenkins.configuration.ConjurConfigurationTest)] DEBUG org.eclipse.jetty.util.component.AbstractLifeCycle -- stopping jenkins.util.SystemProperties$Listener@500a2ea0{src=DESCRIPTOR:file:///Users/sameer.shaik/MyWorkSpace/17OctV2.2.3-New-BitBucketIssueFixed/conjur-credentials-plugin/target/jenkins-for-test/WEB-INF/web.xml}
18:14:01.582 [Executing addConjurCredential(org.conjur.jenkins.configuration.ConjurConfigurationTest)] DEBUG org.eclipse.jetty.util.component.AbstractLifeCycle -- STOPPED jenkins.util.SystemProperties$Listener@500a2ea0{src=DESCRIPTOR:file:///Users/sameer.shaik/MyWorkSpace/17OctV2.2.3-New-BitBucketIssueFixed/conjur-credentials-plugin/target/jenkins-for-test/WEB-INF/web.xml}
18:14:01.582 [Executing addConjurCredential(org.conjur.jenkins.configuration.ConjurConfigurationTest)] DEBUG org.eclipse.jetty.util.component.AbstractLifeCycle -- stopping org.eclipse.jetty.servlet.listener.IntrospectorCleaner@718af1b1{src=DESCRIPTOR:jar:file:/Users/sameer.shaik/.m2/repository/org/eclipse/jetty/jetty-webapp/9.4.48.v20220622/jetty-webapp-9.4.48.v20220622.jar!/org/eclipse/jetty/webapp/webdefault.xml}
18:14:01.582 [Executing addConjurCredential(org.conjur.jenkins.configuration.ConjurConfigurationTest)] DEBUG org.eclipse.jetty.util.component.AbstractLifeCycle -- STOPPED org.eclipse.jetty.servlet.listener.IntrospectorCleaner@718af1b1{src=DESCRIPTOR:jar:file:/Users/sameer.shaik/.m2/repository/org/eclipse/jetty/jetty-webapp/9.4.48.v20220622/jetty-webapp-9.4.48.v20220622.jar!/org/eclipse/jetty/webapp/webdefault.xml}
18:14:01.582 [Executing addConjurCredential(org.conjur.jenkins.configuration.ConjurConfigurationTest)] DEBUG org.eclipse.jetty.util.component.AbstractLifeCycle -- stopping org.eclipse.jetty.servlet.listener.ELContextCleaner@311469b4{src=DESCRIPTOR:jar:file:/Users/sameer.shaik/.m2/repository/org/eclipse/jetty/jetty-webapp/9.4.48.v20220622/jetty-webapp-9.4.48.v20220622.jar!/org/eclipse/jetty/webapp/webdefault.xml}
18:14:01.583 [Executing addConjurCredential(org.conjur.jenkins.configuration.ConjurConfigurationTest)] DEBUG org.eclipse.jetty.util.component.AbstractLifeCycle -- STOPPED org.eclipse.jetty.servlet.listener.ELContextCleaner@311469b4{src=DESCRIPTOR:jar:file:/Users/sameer.shaik/.m2/repository/org/eclipse/jetty/jetty-webapp/9.4.48.v20220622/jetty-webapp-9.4.48.v20220622.jar!/org/eclipse/jetty/webapp/webdefault.xml}
18:14:01.583 [Executing addConjurCredential(org.conjur.jenkins.configuration.ConjurConfigurationTest)] DEBUG org.eclipse.jetty.util.component.AbstractLifeCycle -- STOPPED ServletHandler@5671f933{STOPPED}
18:14:01.583 [Executing addConjurCredential(org.conjur.jenkins.configuration.ConjurConfigurationTest)] DEBUG org.eclipse.jetty.util.component.AbstractLifeCycle -- STOPPED ConstraintSecurityHandler@1a3e4970{STOPPED}
18:14:01.583 [Executing addConjurCredential(org.conjur.jenkins.configuration.ConjurConfigurationTest)] DEBUG org.eclipse.jetty.util.component.AbstractLifeCycle -- STOPPED org.eclipse.jetty.server.session.SessionHandler1835641516==dftMaxIdleSec=1800
18:14:01.583 [Executing addConjurCredential(org.conjur.jenkins.configuration.ConjurConfigurationTest)] DEBUG org.eclipse.jetty.util.component.AbstractLifeCycle -- stopping SymlinkAllowedResourceAliasChecker@15b3e8a8{base=/Users/sameer.shaik/MyWorkSpace/17OctV2.2.3-New-BitBucketIssueFixed/conjur-credentials-plugin/target/jenkins-for-test,protected=[/WEB-INF, /META-INF]}
18:14:01.584 [Executing addConjurCredential(org.conjur.jenkins.configuration.ConjurConfigurationTest)] DEBUG org.eclipse.jetty.util.component.AbstractLifeCycle -- STOPPED SymlinkAllowedResourceAliasChecker@15b3e8a8{base=null,protected=[/WEB-INF, /META-INF]}
18:14:01.584 [Executing addConjurCredential(org.conjur.jenkins.configuration.ConjurConfigurationTest)] INFO org.eclipse.jetty.server.handler.ContextHandler -- Stopped o.e.j.w.WebAppContext@7a11b63f{Jenkins v2.346.3,/jenkins,file:///Users/sameer.shaik/MyWorkSpace/17OctV2.2.3-New-BitBucketIssueFixed/conjur-credentials-plugin/target/jenkins-for-test/,STOPPED}{/Users/sameer.shaik/MyWorkSpace/17OctV2.2.3-New-BitBucketIssueFixed/conjur-credentials-plugin/target/jenkins-for-test}
18:14:01.584 [Executing addConjurCredential(org.conjur.jenkins.configuration.ConjurConfigurationTest)] DEBUG org.eclipse.jetty.util.component.AbstractLifeCycle -- STOPPED o.e.j.w.WebAppContext@7a11b63f{Jenkins v2.346.3,/jenkins,file:///Users/sameer.shaik/MyWorkSpace/17OctV2.2.3-New-BitBucketIssueFixed/conjur-credentials-plugin/target/jenkins-for-test/,STOPPED}{/Users/sameer.shaik/MyWorkSpace/17OctV2.2.3-New-BitBucketIssueFixed/conjur-credentials-plugin/target/jenkins-for-test}
18:14:01.585 [Executing addConjurCredential(org.conjur.jenkins.configuration.ConjurConfigurationTest)] DEBUG org.eclipse.jetty.util.component.AbstractLifeCycle -- stopping QueuedThreadPool[Jetty (JenkinsRule)]@35eb54c9{STARTED,8<=10<=200,i=10,r=-1,q=0}[ReservedThreadExecutor@4b771877{reserved=0/16,pending=0}]
18:14:01.585 [Executing addConjurCredential(org.conjur.jenkins.configuration.ConjurConfigurationTest)] DEBUG org.eclipse.jetty.util.thread.QueuedThreadPool -- Stopping QueuedThreadPool[Jetty (JenkinsRule)]@35eb54c9{STOPPING,8<=10<=200,i=10,r=-1,q=0}[ReservedThreadExecutor@4b771877{reserved=0/16,pending=0}]
18:14:01.585 [Executing addConjurCredential(org.conjur.jenkins.configuration.ConjurConfigurationTest)] DEBUG org.eclipse.jetty.util.component.AbstractLifeCycle -- stopping ReservedThreadExecutor@4b771877{reserved=0/16,pending=0}
18:14:01.585 [Executing addConjurCredential(org.conjur.jenkins.configuration.ConjurConfigurationTest)] DEBUG org.eclipse.jetty.util.component.AbstractLifeCycle -- STOPPED ReservedThreadExecutor@4b771877{reserved=-1/16,pending=0}
18:14:01.585 [Executing addConjurCredential(org.conjur.jenkins.configuration.ConjurConfigurationTest)] DEBUG org.eclipse.jetty.util.thread.QueuedThreadPool -- Waiting for Thread[Jetty (JenkinsRule)-110,5,main] for 14999
18:14:01.586 [Jetty (JenkinsRule)-116] DEBUG org.eclipse.jetty.util.thread.QueuedThreadPool -- run org.eclipse.jetty.util.thread.QueuedThreadPool$$Lambda$384/0x00000001402e18f0@243a553d in QueuedThreadPool[Jetty (JenkinsRule)]@35eb54c9{STOPPING,8<=0<=200,i=10,r=-1,q=0}[NO_TRY]
18:14:01.586 [Jetty (JenkinsRule)-117] DEBUG org.eclipse.jetty.util.thread.QueuedThreadPool -- run org.eclipse.jetty.util.thread.QueuedThreadPool$$Lambda$384/0x00000001402e18f0@243a553d in QueuedThreadPool[Jetty (JenkinsRule)]@35eb54c9{STOPPING,8<=0<=200,i=10,r=-1,q=0}[NO_TRY]
18:14:01.586 [Jetty (JenkinsRule)-114] DEBUG org.eclipse.jetty.util.thread.QueuedThreadPool -- run org.eclipse.jetty.util.thread.QueuedThreadPool$$Lambda$384/0x00000001402e18f0@243a553d in QueuedThreadPool[Jetty (JenkinsRule)]@35eb54c9{STOPPING,8<=0<=200,i=10,r=-1,q=0}[NO_TRY]
18:14:01.586 [Jetty (JenkinsRule)-113] DEBUG org.eclipse.jetty.util.thread.QueuedThreadPool -- run org.eclipse.jetty.util.thread.QueuedThreadPool$$Lambda$384/0x00000001402e18f0@243a553d in QueuedThreadPool[Jetty (JenkinsRule)]@35eb54c9{STOPPING,8<=0<=200,i=10,r=-1,q=0}[NO_TRY]
18:14:01.586 [Jetty (JenkinsRule)-112] DEBUG org.eclipse.jetty.util.thread.QueuedThreadPool -- run org.eclipse.jetty.util.thread.QueuedThreadPool$$Lambda$384/0x00000001402e18f0@243a553d in QueuedThreadPool[Jetty (JenkinsRule)]@35eb54c9{STOPPING,8<=0<=200,i=10,r=-1,q=0}[NO_TRY]
18:14:01.586 [Jetty (JenkinsRule)-111] DEBUG org.eclipse.jetty.util.thread.QueuedThreadPool -- run org.eclipse.jetty.util.thread.QueuedThreadPool$$Lambda$384/0x00000001402e18f0@243a553d in QueuedThreadPool[Jetty (JenkinsRule)]@35eb54c9{STOPPING,8<=0<=200,i=10,r=-1,q=0}[NO_TRY]
18:14:01.586 [Jetty (JenkinsRule)-110] DEBUG org.eclipse.jetty.util.thread.QueuedThreadPool -- run org.eclipse.jetty.util.thread.QueuedThreadPool$$Lambda$384/0x00000001402e18f0@243a553d in QueuedThreadPool[Jetty (JenkinsRule)]@35eb54c9{STOPPING,8<=0<=200,i=10,r=-1,q=0}[NO_TRY]
18:14:01.586 [Jetty (JenkinsRule)-108] DEBUG org.eclipse.jetty.util.thread.QueuedThreadPool -- run org.eclipse.jetty.util.thread.QueuedThreadPool$$Lambda$384/0x00000001402e18f0@243a553d in QueuedThreadPool[Jetty (JenkinsRule)]@35eb54c9{STOPPING,8<=0<=200,i=10,r=-1,q=0}[NO_TRY]
18:14:01.586 [Jetty (JenkinsRule)-107] DEBUG org.eclipse.jetty.util.thread.QueuedThreadPool -- run org.eclipse.jetty.util.thread.QueuedThreadPool$$Lambda$384/0x00000001402e18f0@243a553d in QueuedThreadPool[Jetty (JenkinsRule)]@35eb54c9{STOPPING,8<=0<=200,i=10,r=-1,q=0}[NO_TRY]
18:14:01.586 [Jetty (JenkinsRule)-109] DEBUG org.eclipse.jetty.util.thread.QueuedThreadPool -- run org.eclipse.jetty.util.thread.QueuedThreadPool$$Lambda$384/0x00000001402e18f0@243a553d in QueuedThreadPool[Jetty (JenkinsRule)]@35eb54c9{STOPPING,8<=0<=200,i=10,r=-1,q=0}[NO_TRY]
18:14:01.586 [Jetty (JenkinsRule)-116] DEBUG org.eclipse.jetty.util.thread.QueuedThreadPool -- ran org.eclipse.jetty.util.thread.QueuedThreadPool$$Lambda$384/0x00000001402e18f0@243a553d in QueuedThreadPool[Jetty (JenkinsRule)]@35eb54c9{STOPPING,8<=0<=200,i=10,r=-1,q=0}[NO_TRY]
18:14:01.586 [Jetty (JenkinsRule)-117] DEBUG org.eclipse.jetty.util.thread.QueuedThreadPool -- ran org.eclipse.jetty.util.thread.QueuedThreadPool$$Lambda$384/0x00000001402e18f0@243a553d in QueuedThreadPool[Jetty (JenkinsRule)]@35eb54c9{STOPPING,8<=0<=200,i=10,r=-1,q=0}[NO_TRY]
18:14:01.586 [Jetty (JenkinsRule)-114] DEBUG org.eclipse.jetty.util.thread.QueuedThreadPool -- ran org.eclipse.jetty.util.thread.QueuedThreadPool$$Lambda$384/0x00000001402e18f0@243a553d in QueuedThreadPool[Jetty (JenkinsRule)]@35eb54c9{STOPPING,8<=0<=200,i=10,r=-1,q=0}[NO_TRY]
18:14:01.586 [Jetty (JenkinsRule)-113] DEBUG org.eclipse.jetty.util.thread.QueuedThreadPool -- ran org.eclipse.jetty.util.thread.QueuedThreadPool$$Lambda$384/0x00000001402e18f0@243a553d in QueuedThreadPool[Jetty (JenkinsRule)]@35eb54c9{STOPPING,8<=0<=200,i=10,r=-1,q=0}[NO_TRY]
18:14:01.587 [Jetty (JenkinsRule)-112] DEBUG org.eclipse.jetty.util.thread.QueuedThreadPool -- ran org.eclipse.jetty.util.thread.QueuedThreadPool$$Lambda$384/0x00000001402e18f0@243a553d in QueuedThreadPool[Jetty (JenkinsRule)]@35eb54c9{STOPPING,8<=0<=200,i=10,r=-1,q=0}[NO_TRY]
18:14:01.587 [Jetty (JenkinsRule)-111] DEBUG org.eclipse.jetty.util.thread.QueuedThreadPool -- ran org.eclipse.jetty.util.thread.QueuedThreadPool$$Lambda$384/0x00000001402e18f0@243a553d in QueuedThreadPool[Jetty (JenkinsRule)]@35eb54c9{STOPPING,8<=0<=200,i=10,r=-1,q=0}[NO_TRY]
18:14:01.587 [Jetty (JenkinsRule)-110] DEBUG org.eclipse.jetty.util.thread.QueuedThreadPool -- ran org.eclipse.jetty.util.thread.QueuedThreadPool$$Lambda$384/0x00000001402e18f0@243a553d in QueuedThreadPool[Jetty (JenkinsRule)]@35eb54c9{STOPPING,8<=0<=200,i=10,r=-1,q=0}[NO_TRY]
18:14:01.587 [Jetty (JenkinsRule)-108] DEBUG org.eclipse.jetty.util.thread.QueuedThreadPool -- ran org.eclipse.jetty.util.thread.QueuedThreadPool$$Lambda$384/0x00000001402e18f0@243a553d in QueuedThreadPool[Jetty (JenkinsRule)]@35eb54c9{STOPPING,8<=0<=200,i=10,r=-1,q=0}[NO_TRY]
18:14:01.587 [Jetty (JenkinsRule)-107] DEBUG org.eclipse.jetty.util.thread.QueuedThreadPool -- ran org.eclipse.jetty.util.thread.QueuedThreadPool$$Lambda$384/0x00000001402e18f0@243a553d in QueuedThreadPool[Jetty (JenkinsRule)]@35eb54c9{STOPPING,8<=0<=200,i=10,r=-1,q=0}[NO_TRY]
18:14:01.588 [Jetty (JenkinsRule)-109] DEBUG org.eclipse.jetty.util.thread.QueuedThreadPool -- ran org.eclipse.jetty.util.thread.QueuedThreadPool$$Lambda$384/0x00000001402e18f0@243a553d in QueuedThreadPool[Jetty (JenkinsRule)]@35eb54c9{STOPPING,8<=0<=200,i=10,r=-1,q=0}[NO_TRY]
18:14:01.588 [Jetty (JenkinsRule)-116] DEBUG org.eclipse.jetty.util.thread.QueuedThreadPool -- Thread[Jetty (JenkinsRule)-116,5,main] exited for QueuedThreadPool[Jetty (JenkinsRule)]@35eb54c9{STOPPING,8<=0<=200,i=10,r=-1,q=0}[NO_TRY]
18:14:01.588 [Jetty (JenkinsRule)-117] DEBUG org.eclipse.jetty.util.thread.QueuedThreadPool -- Thread[Jetty (JenkinsRule)-117,5,main] exited for QueuedThreadPool[Jetty (JenkinsRule)]@35eb54c9{STOPPING,8<=0<=200,i=10,r=-1,q=0}[NO_TRY]
18:14:01.588 [Jetty (JenkinsRule)-114] DEBUG org.eclipse.jetty.util.thread.QueuedThreadPool -- Thread[Jetty (JenkinsRule)-114,5,main] exited for QueuedThreadPool[Jetty (JenkinsRule)]@35eb54c9{STOPPING,8<=0<=200,i=10,r=-1,q=0}[NO_TRY]
18:14:01.589 [Jetty (JenkinsRule)-113] DEBUG org.eclipse.jetty.util.thread.QueuedThreadPool -- Thread[Jetty (JenkinsRule)-113,5,main] exited for QueuedThreadPool[Jetty (JenkinsRule)]@35eb54c9{STOPPING,8<=0<=200,i=10,r=-1,q=0}[NO_TRY]
18:14:01.589 [Jetty (JenkinsRule)-112] DEBUG org.eclipse.jetty.util.thread.QueuedThreadPool -- Thread[Jetty (JenkinsRule)-112,5,main] exited for QueuedThreadPool[Jetty (JenkinsRule)]@35eb54c9{STOPPING,8<=0<=200,i=10,r=-1,q=0}[NO_TRY]
18:14:01.589 [Jetty (JenkinsRule)-111] DEBUG org.eclipse.jetty.util.thread.QueuedThreadPool -- Thread[Jetty (JenkinsRule)-111,5,main] exited for QueuedThreadPool[Jetty (JenkinsRule)]@35eb54c9{STOPPING,8<=0<=200,i=10,r=-1,q=0}[NO_TRY]
18:14:01.589 [Jetty (JenkinsRule)-110] DEBUG org.eclipse.jetty.util.thread.QueuedThreadPool -- Thread[Jetty (JenkinsRule)-110,5,main] exited for QueuedThreadPool[Jetty (JenkinsRule)]@35eb54c9{STOPPING,8<=0<=200,i=10,r=-1,q=0}[NO_TRY]
18:14:01.589 [Jetty (JenkinsRule)-108] DEBUG org.eclipse.jetty.util.thread.QueuedThreadPool -- Thread[Jetty (JenkinsRule)-108,5,main] exited for QueuedThreadPool[Jetty (JenkinsRule)]@35eb54c9{STOPPING,8<=0<=200,i=10,r=-1,q=0}[NO_TRY]
18:14:01.590 [Jetty (JenkinsRule)-107] DEBUG org.eclipse.jetty.util.thread.QueuedThreadPool -- Thread[Jetty (JenkinsRule)-107,5,main] exited for QueuedThreadPool[Jetty (JenkinsRule)]@35eb54c9{STOPPING,8<=0<=200,i=10,r=-1,q=0}[NO_TRY]
18:14:01.590 [Jetty (JenkinsRule)-109] DEBUG org.eclipse.jetty.util.thread.QueuedThreadPool -- Thread[Jetty (JenkinsRule)-109,5,main] exited for QueuedThreadPool[Jetty (JenkinsRule)]@35eb54c9{STOPPING,8<=0<=200,i=10,r=-1,q=0}[NO_TRY]
18:14:01.591 [Executing addConjurCredential(org.conjur.jenkins.configuration.ConjurConfigurationTest)] DEBUG org.eclipse.jetty.util.thread.QueuedThreadPool -- Waiting for Thread[Jetty (JenkinsRule)-108,5,main] for 14994
18:14:01.592 [Executing addConjurCredential(org.conjur.jenkins.configuration.ConjurConfigurationTest)] DEBUG org.eclipse.jetty.util.component.AbstractLifeCycle -- STOPPED QueuedThreadPool[Jetty (JenkinsRule)]@35eb54c9{STOPPED,8<=0<=200,i=10,r=-1,q=0}[NO_TRY]
18:14:01.592 [Executing addConjurCredential(org.conjur.jenkins.configuration.ConjurConfigurationTest)] DEBUG org.eclipse.jetty.util.component.AbstractLifeCycle -- STOPPED Server@3f133fb9{STOPPED}[9.4.48.v20220622]
]]></system-out>
    <system-err><![CDATA[   0.146 [id=106]	INFO	o.jvnet.hudson.test.JenkinsRule#createWebServer: Running on http://localhost:51398/jenkins/
   0.220 [id=121]	INFO	jenkins.InitReactorRunner$1#onAttained: Started initialization
   0.222 [id=135]	INFO	jenkins.InitReactorRunner$1#onAttained: Listed all plugins
   0.580 [id=120]	INFO	jenkins.InitReactorRunner$1#onAttained: Prepared all plugins
   0.583 [id=137]	INFO	jenkins.InitReactorRunner$1#onAttained: Started all plugins
   0.584 [id=143]	INFO	jenkins.InitReactorRunner$1#onAttained: Augmented all extensions
   1.564 [id=132]	INFO	jenkins.InitReactorRunner$1#onAttained: System config loaded
   1.565 [id=140]	INFO	jenkins.InitReactorRunner$1#onAttained: System config adapted
   1.565 [id=144]	INFO	jenkins.InitReactorRunner$1#onAttained: Loaded all jobs
   1.567 [id=148]	INFO	jenkins.InitReactorRunner$1#onAttained: Configuration for all jobs updated
   1.597 [id=133]	INFO	jenkins.InitReactorRunner$1#onAttained: Completed initialization
   1.902 [id=106]	INFO	hudson.lifecycle.Lifecycle#onStatusUpdate: Stopping Jenkins
   2.014 [id=106]	INFO	hudson.lifecycle.Lifecycle#onStatusUpdate: Jenkins stopped
]]></system-err>
  </testcase>
</testsuite>