<?xml version="1.0" encoding="UTF-8"?>
<testsuite xmlns:xsi="http://www.w3.org/2001/XMLSchema-instance" xsi:noNamespaceSchemaLocation="https://maven.apache.org/surefire/maven-surefire-plugin/xsd/surefire-test-report-3.0.xsd" version="3.0" name="org.conjur.jenkins.conjursecrets.ConjurSecretCredentialImplTest" time="17.424" tests="5" errors="0" skipped="0" failures="0">
  <properties>
    <property name="hudson.udp" value="-1"/>
    <property name="java.specification.version" value="17"/>
    <property name="sun.jnu.encoding" value="UTF-8"/>
    <property name="java.class.path" value="/Users/sameer.shaik/MyWorkSpace/17OctV2.2.3-New-BitBucketIssueFixed/conjur-credentials-plugin/target/test-classes:/Users/sameer.shaik/MyWorkSpace/17OctV2.2.3-New-BitBucketIssueFixed/conjur-credentials-plugin/target/classes:/Users/sameer.shaik/.m2/repository/org/jenkins-ci/plugins/cloudbees-folder/6.740.ve4f4ffa_dea_54/cloudbees-folder-6.740.ve4f4ffa_dea_54.jar:/Users/sameer.shaik/.m2/repository/org/jenkins-ci/plugins/credentials/1087.1089.v2f1b_9a_b_040e4/credentials-1087.1089.v2f1b_9a_b_040e4.jar:/Users/sameer.shaik/.m2/repository/org/jenkins-ci/plugins/structs/324.va_f5d6774f3a_d/structs-324.va_f5d6774f3a_d.jar:/Users/sameer.shaik/.m2/repository/org/antlr/antlr4-runtime/4.9.3/antlr4-runtime-4.9.3.jar:/Users/sameer.shaik/.m2/repository/org/jenkins-ci/plugins/credentials-binding/523.vd859a_4b_122e6/credentials-binding-523.vd859a_4b_122e6.jar:/Users/sameer.shaik/.m2/repository/org/jenkins-ci/plugins/plain-credentials/139.ved2b_9cf7587b/plain-credentials-139.ved2b_9cf7587b.jar:/Users/sameer.shaik/.m2/repository/org/jenkins-ci/plugins/workflow/workflow-step-api/639.v6eca_cd8c04a_a_/workflow-step-api-639.v6eca_cd8c04a_a_.jar:/Users/sameer.shaik/.m2/repository/org/jenkins-ci/plugins/ssh-credentials/277.280.v1e86b_7d0056b_/ssh-credentials-277.280.v1e86b_7d0056b_.jar:/Users/sameer.shaik/.m2/repository/org/jenkins-ci/plugins/trilead-api/1.67.vc3938a_35172f/trilead-api-1.67.vc3938a_35172f.jar:/Users/sameer.shaik/.m2/repository/org/jenkins-ci/trilead-ssh2/build-217-jenkins-27/trilead-ssh2-build-217-jenkins-27.jar:/Users/sameer.shaik/.m2/repository/net/i2p/crypto/eddsa/0.3.0/eddsa-0.3.0.jar:/Users/sameer.shaik/.m2/repository/com/google/crypto/tink/tink/1.5.0/tink-1.5.0.jar:/Users/sameer.shaik/.m2/repository/com/google/protobuf/protobuf-java/3.11.1/protobuf-java-3.11.1.jar:/Users/sameer.shaik/.m2/repository/org/kohsuke/trilead-putty-extension/1.2/trilead-putty-extension-1.2.jar:/Users/sameer.shaik/.m2/repository/org/jenkins-ci/modules/instance-identity/2.2/instance-identity-2.2.jar:/Users/sameer.shaik/.m2/repository/io/github/stephenc/crypto/self-signed-cert-generator/1.0.0/self-signed-cert-generator-1.0.0.jar:/Users/sameer.shaik/.m2/repository/org/jetbrains/kotlin/kotlin-stdlib-common/1.6.20/kotlin-stdlib-common-1.6.20.jar:/Users/sameer.shaik/.m2/repository/com/squareup/okhttp3/okhttp/4.10.0/okhttp-4.10.0.jar:/Users/sameer.shaik/.m2/repository/com/squareup/okio/okio-jvm/3.0.0/okio-jvm-3.0.0.jar:/Users/sameer.shaik/.m2/repository/org/jetbrains/kotlin/kotlin-stdlib-jdk8/1.5.31/kotlin-stdlib-jdk8-1.5.31.jar:/Users/sameer.shaik/.m2/repository/org/jetbrains/kotlin/kotlin-stdlib-jdk7/1.5.31/kotlin-stdlib-jdk7-1.5.31.jar:/Users/sameer.shaik/.m2/repository/org/jetbrains/kotlin/kotlin-stdlib/1.6.20/kotlin-stdlib-1.6.20.jar:/Users/sameer.shaik/.m2/repository/org/jetbrains/annotations/13.0/annotations-13.0.jar:/Users/sameer.shaik/.m2/repository/com/fasterxml/jackson/core/jackson-databind/2.14.0/jackson-databind-2.14.0.jar:/Users/sameer.shaik/.m2/repository/com/fasterxml/jackson/core/jackson-annotations/2.14.0/jackson-annotations-2.14.0.jar:/Users/sameer.shaik/.m2/repository/com/fasterxml/jackson/core/jackson-core/2.14.0/jackson-core-2.14.0.jar:/Users/sameer.shaik/.m2/repository/org/jenkins-ci/plugins/jackson2-api/2.13.4.20221013-295.v8e29ea_354141/jackson2-api-2.13.4.20221013-295.v8e29ea_354141.jar:/Users/sameer.shaik/.m2/repository/com/fasterxml/jackson/datatype/jackson-datatype-jsr310/2.13.4/jackson-datatype-jsr310-2.13.4.jar:/Users/sameer.shaik/.m2/repository/com/fasterxml/jackson/datatype/jackson-datatype-jdk8/2.13.4/jackson-datatype-jdk8-2.13.4.jar:/Users/sameer.shaik/.m2/repository/com/fasterxml/jackson/datatype/jackson-datatype-json-org/2.13.4/jackson-datatype-json-org-2.13.4.jar:/Users/sameer.shaik/.m2/repository/org/json/json/20190722/json-20190722.jar:/Users/sameer.shaik/.m2/repository/com/fasterxml/jackson/module/jackson-module-parameter-names/2.13.4/jackson-module-parameter-names-2.13.4.jar:/Users/sameer.shaik/.m2/repository/com/fasterxml/jackson/module/jackson-module-jaxb-annotations/2.13.4/jackson-module-jaxb-annotations-2.13.4.jar:/Users/sameer.shaik/.m2/repository/com/fasterxml/jackson/dataformat/jackson-dataformat-cbor/2.13.4/jackson-dataformat-cbor-2.13.4.jar:/Users/sameer.shaik/.m2/repository/com/fasterxml/jackson/dataformat/jackson-dataformat-xml/2.13.4/jackson-dataformat-xml-2.13.4.jar:/Users/sameer.shaik/.m2/repository/org/codehaus/woodstox/stax2-api/4.2.1/stax2-api-4.2.1.jar:/Users/sameer.shaik/.m2/repository/com/fasterxml/woodstox/woodstox-core/6.3.1/woodstox-core-6.3.1.jar:/Users/sameer.shaik/.m2/repository/com/fasterxml/jackson/dataformat/jackson-dataformat-yaml/2.13.4/jackson-dataformat-yaml-2.13.4.jar:/Users/sameer.shaik/.m2/repository/io/jenkins/plugins/javax-activation-api/1.2.0-5/javax-activation-api-1.2.0-5.jar:/Users/sameer.shaik/.m2/repository/com/sun/activation/javax.activation/1.2.0/javax.activation-1.2.0.jar:/Users/sameer.shaik/.m2/repository/io/jenkins/plugins/jaxb/2.3.6-1/jaxb-2.3.6-1.jar:/Users/sameer.shaik/.m2/repository/com/sun/xml/bind/jaxb-impl/2.3.6/jaxb-impl-2.3.6.jar:/Users/sameer.shaik/.m2/repository/javax/xml/bind/jaxb-api/2.3.1/jaxb-api-2.3.1.jar:/Users/sameer.shaik/.m2/repository/io/jenkins/plugins/snakeyaml-api/1.30.2-76.vc104f7ce9870/snakeyaml-api-1.30.2-76.vc104f7ce9870.jar:/Users/sameer.shaik/.m2/repository/org/yaml/snakeyaml/1.30/snakeyaml-1.30.jar:/Users/sameer.shaik/.m2/repository/org/bitbucket/b_c/jose4j/0.7.9/jose4j-0.7.9.jar:/Users/sameer.shaik/.m2/repository/com/google/code/gson/gson/2.8.9/gson-2.8.9.jar:/Users/sameer.shaik/.m2/repository/org/jenkins-ci/plugins/workflow/workflow-basic-steps/994.vd57e3ca_46d24/workflow-basic-steps-994.vd57e3ca_46d24.jar:/Users/sameer.shaik/.m2/repository/org/jenkins-ci/plugins/mailer/435.438.v5b_81173f5b_a_1/mailer-435.438.v5b_81173f5b_a_1.jar:/Users/sameer.shaik/.m2/repository/org/jenkins-ci/plugins/display-url-api/2.3.6/display-url-api-2.3.6.jar:/Users/sameer.shaik/.m2/repository/org/jenkins-ci/plugins/workflow/workflow-api/1200.v8005c684b_a_c6/workflow-api-1200.v8005c684b_a_c6.jar:/Users/sameer.shaik/.m2/repository/org/jenkins-ci/plugins/apache-httpcomponents-client-4-api/4.5.13-138.v4e7d9a_7b_a_e61/apache-httpcomponents-client-4-api-4.5.13-138.v4e7d9a_7b_a_e61.jar:/Users/sameer.shaik/.m2/repository/org/apache/httpcomponents/httpcore/4.4.15/httpcore-4.4.15.jar:/Users/sameer.shaik/.m2/repository/org/apache/httpcomponents/httpcore-nio/4.4.15/httpcore-nio-4.4.15.jar:/Users/sameer.shaik/.m2/repository/org/apache/httpcomponents/httpclient/4.5.13/httpclient-4.5.13.jar:/Users/sameer.shaik/.m2/repository/org/apache/httpcomponents/httpmime/4.5.13/httpmime-4.5.13.jar:/Users/sameer.shaik/.m2/repository/org/apache/httpcomponents/fluent-hc/4.5.13/fluent-hc-4.5.13.jar:/Users/sameer.shaik/.m2/repository/org/apache/httpcomponents/httpclient-cache/4.5.13/httpclient-cache-4.5.13.jar:/Users/sameer.shaik/.m2/repository/org/apache/httpcomponents/httpasyncclient/4.1.4/httpasyncclient-4.1.4.jar:/Users/sameer.shaik/.m2/repository/org/apache/httpcomponents/httpasyncclient-cache/4.1.4/httpasyncclient-cache-4.1.4.jar:/Users/sameer.shaik/.m2/repository/io/jenkins/plugins/jakarta-mail-api/2.0.1-2/jakarta-mail-api-2.0.1-2.jar:/Users/sameer.shaik/.m2/repository/com/sun/mail/jakarta.mail/2.0.1/jakarta.mail-2.0.1.jar:/Users/sameer.shaik/.m2/repository/io/jenkins/plugins/jakarta-activation-api/2.0.1-2/jakarta-activation-api-2.0.1-2.jar:/Users/sameer.shaik/.m2/repository/com/sun/activation/jakarta.activation/2.0.1/jakarta.activation-2.0.1.jar:/Users/sameer.shaik/.m2/repository/org/jenkins-ci/plugins/workflow/workflow-cps/2729.vea_17b_79ed57a_/workflow-cps-2729.vea_17b_79ed57a_.jar:/Users/sameer.shaik/.m2/repository/org/jenkins-ci/plugins/workflow/workflow-support/839.v35e2736cfd5c/workflow-support-839.v35e2736cfd5c.jar:/Users/sameer.shaik/.m2/repository/io/jenkins/plugins/caffeine-api/2.9.3-65.v6a_47d0f4d1fe/caffeine-api-2.9.3-65.v6a_47d0f4d1fe.jar:/Users/sameer.shaik/.m2/repository/com/github/ben-manes/caffeine/caffeine/2.9.3/caffeine-2.9.3.jar:/Users/sameer.shaik/.m2/repository/org/jboss/marshalling/jboss-marshalling-river/2.1.0.Final/jboss-marshalling-river-2.1.0.Final.jar:/Users/sameer.shaik/.m2/repository/org/jboss/marshalling/jboss-marshalling/2.1.0.Final/jboss-marshalling-2.1.0.Final.jar:/Users/sameer.shaik/.m2/repository/org/jenkins-ci/plugins/workflow/workflow-scm-step/400.v6b_89a_1317c9a_/workflow-scm-step-400.v6b_89a_1317c9a_.jar:/Users/sameer.shaik/.m2/repository/org/jenkins-ci/plugins/script-security/1183.v774b_0b_0a_a_451/script-security-1183.v774b_0b_0a_a_451.jar:/Users/sameer.shaik/.m2/repository/org/kohsuke/groovy-sandbox/1.27/groovy-sandbox-1.27.jar:/Users/sameer.shaik/.m2/repository/org/jenkins-ci/plugins/scm-api/621.vda_a_b_055e58f7/scm-api-621.vda_a_b_055e58f7.jar:/Users/sameer.shaik/.m2/repository/com/cloudbees/groovy-cps/1.32/groovy-cps-1.32.jar:/Users/sameer.shaik/.m2/repository/org/jenkins-ci/ui/ace-editor/1.1/ace-editor-1.1.jar:/Users/sameer.shaik/.m2/repository/com/cloudbees/diff4j/1.3/diff4j-1.3.jar:/Users/sameer.shaik/.m2/repository/org/jenkins-ci/plugins/workflow/workflow-durable-task-step/1190.vc93d7d457042/workflow-durable-task-step-1190.vc93d7d457042.jar:/Users/sameer.shaik/.m2/repository/org/jenkins-ci/plugins/durable-task/500.v8927d9fd99d8/durable-task-500.v8927d9fd99d8.jar:/Users/sameer.shaik/.m2/repository/io/jenkins/plugins/lib-durable-task/25.v6c906af81ee2/lib-durable-task-25.v6c906af81ee2.jar:/Users/sameer.shaik/.m2/repository/org/jenkins-ci/plugins/workflow/workflow-job/1189.va_d37a_e9e4eda_/workflow-job-1189.va_d37a_e9e4eda_.jar:/Users/sameer.shaik/.m2/repository/junit/junit/4.13.2/junit-4.13.2.jar:/Users/sameer.shaik/.m2/repository/org/hamcrest/hamcrest-core/2.2/hamcrest-core-2.2.jar:/Users/sameer.shaik/.m2/repository/org/mockito/mockito-inline/3.11.2/mockito-inline-3.11.2.jar:/Users/sameer.shaik/.m2/repository/org/mockito/mockito-core/4.8.0/mockito-core-4.8.0.jar:/Users/sameer.shaik/.m2/repository/net/bytebuddy/byte-buddy/1.12.14/byte-buddy-1.12.14.jar:/Users/sameer.shaik/.m2/repository/net/bytebuddy/byte-buddy-agent/1.12.14/byte-buddy-agent-1.12.14.jar:/Users/sameer.shaik/.m2/repository/org/objenesis/objenesis/3.3/objenesis-3.3.jar:/Users/sameer.shaik/.m2/repository/org/javassist/javassist/3.24.1-GA/javassist-3.24.1-GA.jar:/Users/sameer.shaik/.m2/repository/ch/qos/logback/logback-classic/1.4.7/logback-classic-1.4.7.jar:/Users/sameer.shaik/.m2/repository/ch/qos/logback/logback-core/1.4.7/logback-core-1.4.7.jar:/Users/sameer.shaik/.m2/repository/org/assertj/assertj-core/3.15.0/assertj-core-3.15.0.jar:/Users/sameer.shaik/.m2/repository/org/slf4j/slf4j-api/2.0.4/slf4j-api-2.0.4.jar:/Users/sameer.shaik/.m2/repository/com/thoughtworks/xstream/xstream/1.4.20/xstream-1.4.20.jar:/Users/sameer.shaik/.m2/repository/io/github/x-stream/mxparser/1.2.2/mxparser-1.2.2.jar:/Users/sameer.shaik/.m2/repository/xmlpull/xmlpull/1.1.3.1/xmlpull-1.1.3.1.jar:/Users/sameer.shaik/.m2/repository/org/jenkins-ci/main/jenkins-core/2.346.3/jenkins-core-2.346.3.jar:/Users/sameer.shaik/.m2/repository/org/jenkins-ci/main/cli/2.346.3/cli-2.346.3.jar:/Users/sameer.shaik/.m2/repository/org/jenkins-ci/main/remoting/4.13.3/remoting-4.13.3.jar:/Users/sameer.shaik/.m2/repository/antlr/antlr/2.7.7/antlr-2.7.7.jar:/Users/sameer.shaik/.m2/repository/args4j/args4j/2.33/args4j-2.33.jar:/Users/sameer.shaik/.m2/repository/com/github/spotbugs/spotbugs-annotations/4.6.0/spotbugs-annotations-4.6.0.jar:/Users/sameer.shaik/.m2/repository/com/google/guava/guava/31.1-jre/guava-31.1-jre.jar:/Users/sameer.shaik/.m2/repository/com/google/guava/failureaccess/1.0.1/failureaccess-1.0.1.jar:/Users/sameer.shaik/.m2/repository/com/google/guava/listenablefuture/9999.0-empty-to-avoid-conflict-with-guava/listenablefuture-9999.0-empty-to-avoid-conflict-with-guava.jar:/Users/sameer.shaik/.m2/repository/com/google/code/findbugs/jsr305/3.0.1/jsr305-3.0.1.jar:/Users/sameer.shaik/.m2/repository/com/google/inject/guice/5.0.1/guice-5.0.1.jar:/Users/sameer.shaik/.m2/repository/javax/inject/javax.inject/1/javax.inject-1.jar:/Users/sameer.shaik/.m2/repository/com/infradna/tool/bridge-method-annotation/1.23/bridge-method-annotation-1.23.jar:/Users/sameer.shaik/.m2/repository/com/jcraft/jzlib/1.1.3-kohsuke-1/jzlib-1.1.3-kohsuke-1.jar:/Users/sameer.shaik/.m2/repository/com/sun/solaris/embedded_su4j/1.1/embedded_su4j-1.1.jar:/Users/sameer.shaik/.m2/repository/com/sun/xml/txw2/txw2/20110809/txw2-20110809.jar:/Users/sameer.shaik/.m2/repository/relaxngDatatype/relaxngDatatype/20020414/relaxngDatatype-20020414.jar:/Users/sameer.shaik/.m2/repository/commons-beanutils/commons-beanutils/1.9.4/commons-beanutils-1.9.4.jar:/Users/sameer.shaik/.m2/repository/commons-codec/commons-codec/1.15/commons-codec-1.15.jar:/Users/sameer.shaik/.m2/repository/commons-collections/commons-collections/3.2.2/commons-collections-3.2.2.jar:/Users/sameer.shaik/.m2/repository/commons-fileupload/commons-fileupload/1.4/commons-fileupload-1.4.jar:/Users/sameer.shaik/.m2/repository/commons-httpclient/commons-httpclient/3.1-jenkins-3/commons-httpclient-3.1-jenkins-3.jar:/Users/sameer.shaik/.m2/repository/commons-io/commons-io/2.11.0/commons-io-2.11.0.jar:/Users/sameer.shaik/.m2/repository/commons-jelly/commons-jelly-tags-fmt/1.0/commons-jelly-tags-fmt-1.0.jar:/Users/sameer.shaik/.m2/repository/commons-jelly/commons-jelly-tags-xml/1.1/commons-jelly-tags-xml-1.1.jar:/Users/sameer.shaik/.m2/repository/commons-lang/commons-lang/2.6/commons-lang-2.6.jar:/Users/sameer.shaik/.m2/repository/io/jenkins/stapler/jenkins-stapler-support/1.1/jenkins-stapler-support-1.1.jar:/Users/sameer.shaik/.m2/repository/jakarta/servlet/jsp/jstl/jakarta.servlet.jsp.jstl-api/1.2.7/jakarta.servlet.jsp.jstl-api-1.2.7.jar:/Users/sameer.shaik/.m2/repository/jaxen/jaxen/1.2.0/jaxen-1.2.0.jar:/Users/sameer.shaik/.m2/repository/jline/jline/2.14.6/jline-2.14.6.jar:/Users/sameer.shaik/.m2/repository/net/java/dev/jna/jna/5.11.0/jna-5.11.0.jar:/Users/sameer.shaik/.m2/repository/net/java/sezpoz/sezpoz/1.13/sezpoz-1.13.jar:/Users/sameer.shaik/.m2/repository/net/sf/kxml/kxml2/2.3.0/kxml2-2.3.0.jar:/Users/sameer.shaik/.m2/repository/org/apache/ant/ant/1.10.12/ant-1.10.12.jar:/Users/sameer.shaik/.m2/repository/org/apache/ant/ant-launcher/1.10.12/ant-launcher-1.10.12.jar:/Users/sameer.shaik/.m2/repository/org/apache/commons/commons-compress/1.21/commons-compress-1.21.jar:/Users/sameer.shaik/.m2/repository/org/codehaus/groovy/groovy-all/2.4.21/groovy-all-2.4.21.jar:/Users/sameer.shaik/.m2/repository/org/connectbot/jbcrypt/jbcrypt/1.0.0/jbcrypt-1.0.0.jar:/Users/sameer.shaik/.m2/repository/org/fusesource/jansi/jansi/1.11/jansi-1.11.jar:/Users/sameer.shaik/.m2/repository/org/jenkins-ci/annotation-indexer/1.16/annotation-indexer-1.16.jar:/Users/sameer.shaik/.m2/repository/org/jenkins-ci/commons-jexl/1.1-jenkins-20111212/commons-jexl-1.1-jenkins-20111212.jar:/Users/sameer.shaik/.m2/repository/org/jenkins-ci/crypto-util/1.7/crypto-util-1.7.jar:/Users/sameer.shaik/.m2/repository/org/jenkins-ci/memory-monitor/1.11/memory-monitor-1.11.jar:/Users/sameer.shaik/.m2/repository/org/jenkins-ci/symbol-annotation/1.1/symbol-annotation-1.1.jar:/Users/sameer.shaik/.m2/repository/org/jenkins-ci/task-reactor/1.7/task-reactor-1.7.jar:/Users/sameer.shaik/.m2/repository/org/jenkins-ci/version-number/1.10/version-number-1.10.jar:/Users/sameer.shaik/.m2/repository/org/jfree/jfreechart/1.0.19/jfreechart-1.0.19.jar:/Users/sameer.shaik/.m2/repository/org/jfree/jcommon/1.0.23/jcommon-1.0.23.jar:/Users/sameer.shaik/.m2/repository/org/jvnet/hudson/commons-jelly-tags-define/1.0.1-hudson-20071021/commons-jelly-tags-define-1.0.1-hudson-20071021.jar:/Users/sameer.shaik/.m2/repository/org/jvnet/localizer/localizer/1.31/localizer-1.31.jar:/Users/sameer.shaik/.m2/repository/org/jvnet/robust-http-client/robust-http-client/1.2/robust-http-client-1.2.jar:/Users/sameer.shaik/.m2/repository/org/jvnet/winp/winp/1.28/winp-1.28.jar:/Users/sameer.shaik/.m2/repository/org/kohsuke/access-modifier-annotation/1.27/access-modifier-annotation-1.27.jar:/Users/sameer.shaik/.m2/repository/org/kohsuke/windows-package-checker/1.2/windows-package-checker-1.2.jar:/Users/sameer.shaik/.m2/repository/org/kohsuke/jinterop/j-interop/2.0.8-kohsuke-1/j-interop-2.0.8-kohsuke-1.jar:/Users/sameer.shaik/.m2/repository/org/kohsuke/jinterop/j-interopdeps/2.0.8-kohsuke-1/j-interopdeps-2.0.8-kohsuke-1.jar:/Users/sameer.shaik/.m2/repository/org/samba/jcifs/jcifs/1.3.18-kohsuke-1/jcifs-1.3.18-kohsuke-1.jar:/Users/sameer.shaik/.m2/repository/org/kohsuke/stapler/json-lib/2.4-jenkins-3/json-lib-2.4-jenkins-3.jar:/Users/sameer.shaik/.m2/repository/net/sf/ezmorph/ezmorph/1.0.6/ezmorph-1.0.6.jar:/Users/sameer.shaik/.m2/repository/org/kohsuke/stapler/stapler/1669.v95a_4b_919a_b_a_2/stapler-1669.v95a_4b_919a_b_a_2.jar:/Users/sameer.shaik/.m2/repository/commons-discovery/commons-discovery/0.5/commons-discovery-0.5.jar:/Users/sameer.shaik/.m2/repository/javax/annotation/javax.annotation-api/1.3.2/javax.annotation-api-1.3.2.jar:/Users/sameer.shaik/.m2/repository/jakarta/annotation/jakarta.annotation-api/2.0.0/jakarta.annotation-api-2.0.0.jar:/Users/sameer.shaik/.m2/repository/org/jvnet/tiger-types/2.2/tiger-types-2.2.jar:/Users/sameer.shaik/.m2/repository/org/kohsuke/stapler/stapler-adjunct-codemirror/1.3/stapler-adjunct-codemirror-1.3.jar:/Users/sameer.shaik/.m2/repository/org/kohsuke/stapler/stapler-adjunct-timeline/1.5/stapler-adjunct-timeline-1.5.jar:/Users/sameer.shaik/.m2/repository/org/kohsuke/stapler/stapler-groovy/1669.v95a_4b_919a_b_a_2/stapler-groovy-1669.v95a_4b_919a_b_a_2.jar:/Users/sameer.shaik/.m2/repository/org/kohsuke/stapler/stapler-jelly/1669.v95a_4b_919a_b_a_2/stapler-jelly-1669.v95a_4b_919a_b_a_2.jar:/Users/sameer.shaik/.m2/repository/org/dom4j/dom4j/2.1.3/dom4j-2.1.3.jar:/Users/sameer.shaik/.m2/repository/org/jenkins-ci/commons-jelly/1.1-jenkins-20220125/commons-jelly-1.1-jenkins-20220125.jar:/Users/sameer.shaik/.m2/repository/org/ow2/asm/asm/9.3/asm-9.3.jar:/Users/sameer.shaik/.m2/repository/org/ow2/asm/asm-analysis/9.3/asm-analysis-9.3.jar:/Users/sameer.shaik/.m2/repository/org/ow2/asm/asm-commons/9.3/asm-commons-9.3.jar:/Users/sameer.shaik/.m2/repository/org/ow2/asm/asm-tree/9.3/asm-tree-9.3.jar:/Users/sameer.shaik/.m2/repository/org/ow2/asm/asm-util/9.3/asm-util-9.3.jar:/Users/sameer.shaik/.m2/repository/org/slf4j/jcl-over-slf4j/1.7.36/jcl-over-slf4j-1.7.36.jar:/Users/sameer.shaik/.m2/repository/org/slf4j/log4j-over-slf4j/1.7.36/log4j-over-slf4j-1.7.36.jar:/Users/sameer.shaik/.m2/repository/org/springframework/security/spring-security-web/5.6.3/spring-security-web-5.6.3.jar:/Users/sameer.shaik/.m2/repository/org/springframework/security/spring-security-core/5.6.3/spring-security-core-5.6.3.jar:/Users/sameer.shaik/.m2/repository/org/springframework/security/spring-security-crypto/5.6.3/spring-security-crypto-5.6.3.jar:/Users/sameer.shaik/.m2/repository/org/springframework/spring-core/5.3.20/spring-core-5.3.20.jar:/Users/sameer.shaik/.m2/repository/org/springframework/spring-aop/5.3.20/spring-aop-5.3.20.jar:/Users/sameer.shaik/.m2/repository/org/springframework/spring-beans/5.3.20/spring-beans-5.3.20.jar:/Users/sameer.shaik/.m2/repository/org/springframework/spring-context/5.3.20/spring-context-5.3.20.jar:/Users/sameer.shaik/.m2/repository/org/springframework/spring-expression/5.3.20/spring-expression-5.3.20.jar:/Users/sameer.shaik/.m2/repository/org/springframework/spring-web/5.3.20/spring-web-5.3.20.jar:/Users/sameer.shaik/.m2/repository/xpp3/xpp3/1.1.4c/xpp3-1.1.4c.jar:/Users/sameer.shaik/.m2/repository/org/jenkins-ci/main/jenkins-war/2.346.3/jenkins-war-2.346.3.war:/Users/sameer.shaik/.m2/repository/org/jenkins-ci/modules/launchd-slave-installer/1.2/launchd-slave-installer-1.2.jar:/Users/sameer.shaik/.m2/repository/org/jenkins-ci/modules/slave-installer/1.7/slave-installer-1.7.jar:/Users/sameer.shaik/.m2/repository/org/jenkins-ci/modules/systemd-slave-installer/1.1/systemd-slave-installer-1.1.jar:/Users/sameer.shaik/.m2/repository/org/jenkins-ci/modules/upstart-slave-installer/1.1/upstart-slave-installer-1.1.jar:/Users/sameer.shaik/.m2/repository/org/jenkins-ci/modules/windows-slave-installer/2.0/windows-slave-installer-2.0.jar:/Users/sameer.shaik/.m2/repository/org/slf4j/slf4j-jdk14/1.7.36/slf4j-jdk14-1.7.36.jar:/Users/sameer.shaik/.m2/repository/javax/servlet/javax.servlet-api/3.1.0/javax.servlet-api-3.1.0.jar:/Users/sameer.shaik/.m2/repository/net/jcip/jcip-annotations/1.0/jcip-annotations-1.0.jar:/Users/sameer.shaik/.m2/repository/org/codehaus/mojo/animal-sniffer-annotations/1.22/animal-sniffer-annotations-1.22.jar:/Users/sameer.shaik/.m2/repository/commons-logging/commons-logging/1.2/commons-logging-1.2.jar:/Users/sameer.shaik/.m2/repository/org/jenkins-ci/main/jenkins-test-harness/1847.v10c7a_4c2e344/jenkins-test-harness-1847.v10c7a_4c2e344.jar:/Users/sameer.shaik/.m2/repository/org/jenkins-ci/main/jenkins-test-harness-htmlunit/115.v76ea_b_b_b_2e167/jenkins-test-harness-htmlunit-115.v76ea_b_b_b_2e167.jar:/Users/sameer.shaik/.m2/repository/commons-net/commons-net/3.8.0/commons-net-3.8.0.jar:/Users/sameer.shaik/.m2/repository/org/brotli/dec/0.1.2/dec-0.1.2.jar:/Users/sameer.shaik/.m2/repository/com/shapesecurity/salvation2/3.0.1/salvation2-3.0.1.jar:/Users/sameer.shaik/.m2/repository/io/jenkins/lib/support-log-formatter/1.1/support-log-formatter-1.1.jar:/Users/sameer.shaik/.m2/repository/org/eclipse/jetty/jetty-security/9.4.48.v20220622/jetty-security-9.4.48.v20220622.jar:/Users/sameer.shaik/.m2/repository/org/eclipse/jetty/jetty-server/9.4.48.v20220622/jetty-server-9.4.48.v20220622.jar:/Users/sameer.shaik/.m2/repository/org/eclipse/jetty/jetty-io/9.4.48.v20220622/jetty-io-9.4.48.v20220622.jar:/Users/sameer.shaik/.m2/repository/org/eclipse/jetty/jetty-webapp/9.4.48.v20220622/jetty-webapp-9.4.48.v20220622.jar:/Users/sameer.shaik/.m2/repository/org/eclipse/jetty/jetty-xml/9.4.48.v20220622/jetty-xml-9.4.48.v20220622.jar:/Users/sameer.shaik/.m2/repository/org/eclipse/jetty/jetty-util/9.4.48.v20220622/jetty-util-9.4.48.v20220622.jar:/Users/sameer.shaik/.m2/repository/org/eclipse/jetty/jetty-servlet/9.4.48.v20220622/jetty-servlet-9.4.48.v20220622.jar:/Users/sameer.shaik/.m2/repository/org/eclipse/jetty/jetty-util-ajax/9.4.48.v20220622/jetty-util-ajax-9.4.48.v20220622.jar:/Users/sameer.shaik/.m2/repository/org/eclipse/jetty/websocket/websocket-api/9.4.48.v20220622/websocket-api-9.4.48.v20220622.jar:/Users/sameer.shaik/.m2/repository/org/eclipse/jetty/websocket/websocket-server/9.4.48.v20220622/websocket-server-9.4.48.v20220622.jar:/Users/sameer.shaik/.m2/repository/org/eclipse/jetty/websocket/websocket-common/9.4.48.v20220622/websocket-common-9.4.48.v20220622.jar:/Users/sameer.shaik/.m2/repository/org/eclipse/jetty/websocket/websocket-client/9.4.48.v20220622/websocket-client-9.4.48.v20220622.jar:/Users/sameer.shaik/.m2/repository/org/eclipse/jetty/jetty-client/9.4.48.v20220622/jetty-client-9.4.48.v20220622.jar:/Users/sameer.shaik/.m2/repository/org/eclipse/jetty/websocket/websocket-servlet/9.4.48.v20220622/websocket-servlet-9.4.48.v20220622.jar:/Users/sameer.shaik/.m2/repository/org/eclipse/jetty/jetty-http/9.4.48.v20220622/jetty-http-9.4.48.v20220622.jar:/Users/sameer.shaik/.m2/repository/org/hamcrest/hamcrest/2.2/hamcrest-2.2.jar:/Users/sameer.shaik/.m2/repository/org/hamcrest/hamcrest-library/2.2/hamcrest-library-2.2.jar:/Users/sameer.shaik/.m2/repository/org/junit/jupiter/junit-jupiter-api/5.9.1/junit-jupiter-api-5.9.1.jar:/Users/sameer.shaik/.m2/repository/org/opentest4j/opentest4j/1.2.0/opentest4j-1.2.0.jar:/Users/sameer.shaik/.m2/repository/org/junit/platform/junit-platform-commons/1.9.1/junit-platform-commons-1.9.1.jar:/Users/sameer.shaik/.m2/repository/org/jvnet/hudson/embedded-rhino-debugger/1.2/embedded-rhino-debugger-1.2.jar:/Users/sameer.shaik/.m2/repository/org/netbeans/modules/org-netbeans-insane/RELEASE150/org-netbeans-insane-RELEASE150.jar:/Users/sameer.shaik/.m2/repository/org/openjdk/jmh/jmh-core/1.35/jmh-core-1.35.jar:/Users/sameer.shaik/.m2/repository/net/sf/jopt-simple/jopt-simple/5.0.4/jopt-simple-5.0.4.jar:/Users/sameer.shaik/.m2/repository/org/apache/commons/commons-math3/3.2/commons-math3-3.2.jar:/Users/sameer.shaik/.m2/repository/org/openjdk/jmh/jmh-generator-annprocess/1.35/jmh-generator-annprocess-1.35.jar:/Users/sameer.shaik/.m2/repository/org/jenkins-ci/test-annotations/1.4/test-annotations-1.4.jar:/Users/sameer.shaik/.m2/repository/org/junit/jupiter/junit-jupiter/5.9.1/junit-jupiter-5.9.1.jar:/Users/sameer.shaik/.m2/repository/org/junit/jupiter/junit-jupiter-params/5.9.1/junit-jupiter-params-5.9.1.jar:/Users/sameer.shaik/.m2/repository/org/junit/jupiter/junit-jupiter-engine/5.9.1/junit-jupiter-engine-5.9.1.jar:/Users/sameer.shaik/.m2/repository/org/junit/vintage/junit-vintage-engine/5.9.1/junit-vintage-engine-5.9.1.jar:/Users/sameer.shaik/.m2/repository/org/junit/platform/junit-platform-engine/1.9.1/junit-platform-engine-1.9.1.jar:/Users/sameer.shaik/.m2/repository/org/apiguardian/apiguardian-api/1.1.2/apiguardian-api-1.1.2.jar:"/>
    <property name="java.vm.vendor" value="OpenLogic"/>
    <property name="sun.arch.data.model" value="64"/>
    <property name="sun.font.fontmanager" value="sun.font.CFontManager"/>
    <property name="java.vendor.url" value="https://openlogic.com/"/>
    <property name="user.timezone" value="Asia/Kolkata"/>
    <property name="os.name" value="Mac OS X"/>
    <property name="java.vm.specification.version" value="17"/>
    <property name="user.country" value="US"/>
    <property name="sun.java.launcher" value="SUN_STANDARD"/>
    <property name="sun.boot.library.path" value="/Library/Java/JavaVirtualMachines/openlogic-openjdk-17.jdk/Contents/Home/lib"/>
    <property name="sun.java.command" value="/Users/sameer.shaik/MyWorkSpace/17OctV2.2.3-New-BitBucketIssueFixed/conjur-credentials-plugin/target/surefire/surefirebooter-20241022181310871_40.jar /Users/sameer.shaik/MyWorkSpace/17OctV2.2.3-New-BitBucketIssueFixed/conjur-credentials-plugin/target/surefire 2024-10-22T18-13-08_961-jvmRun1 surefire-20241022181310871_38tmp surefire_5-20241022181310871_39tmp"/>
    <property name="jdk.debug" value="release"/>
    <property name="surefire.test.class.path" value="/Users/sameer.shaik/MyWorkSpace/17OctV2.2.3-New-BitBucketIssueFixed/conjur-credentials-plugin/target/test-classes:/Users/sameer.shaik/MyWorkSpace/17OctV2.2.3-New-BitBucketIssueFixed/conjur-credentials-plugin/target/classes:/Users/sameer.shaik/.m2/repository/org/jenkins-ci/plugins/cloudbees-folder/6.740.ve4f4ffa_dea_54/cloudbees-folder-6.740.ve4f4ffa_dea_54.jar:/Users/sameer.shaik/.m2/repository/org/jenkins-ci/plugins/credentials/1087.1089.v2f1b_9a_b_040e4/credentials-1087.1089.v2f1b_9a_b_040e4.jar:/Users/sameer.shaik/.m2/repository/org/jenkins-ci/plugins/structs/324.va_f5d6774f3a_d/structs-324.va_f5d6774f3a_d.jar:/Users/sameer.shaik/.m2/repository/org/antlr/antlr4-runtime/4.9.3/antlr4-runtime-4.9.3.jar:/Users/sameer.shaik/.m2/repository/org/jenkins-ci/plugins/credentials-binding/523.vd859a_4b_122e6/credentials-binding-523.vd859a_4b_122e6.jar:/Users/sameer.shaik/.m2/repository/org/jenkins-ci/plugins/plain-credentials/139.ved2b_9cf7587b/plain-credentials-139.ved2b_9cf7587b.jar:/Users/sameer.shaik/.m2/repository/org/jenkins-ci/plugins/workflow/workflow-step-api/639.v6eca_cd8c04a_a_/workflow-step-api-639.v6eca_cd8c04a_a_.jar:/Users/sameer.shaik/.m2/repository/org/jenkins-ci/plugins/ssh-credentials/277.280.v1e86b_7d0056b_/ssh-credentials-277.280.v1e86b_7d0056b_.jar:/Users/sameer.shaik/.m2/repository/org/jenkins-ci/plugins/trilead-api/1.67.vc3938a_35172f/trilead-api-1.67.vc3938a_35172f.jar:/Users/sameer.shaik/.m2/repository/org/jenkins-ci/trilead-ssh2/build-217-jenkins-27/trilead-ssh2-build-217-jenkins-27.jar:/Users/sameer.shaik/.m2/repository/net/i2p/crypto/eddsa/0.3.0/eddsa-0.3.0.jar:/Users/sameer.shaik/.m2/repository/com/google/crypto/tink/tink/1.5.0/tink-1.5.0.jar:/Users/sameer.shaik/.m2/repository/com/google/protobuf/protobuf-java/3.11.1/protobuf-java-3.11.1.jar:/Users/sameer.shaik/.m2/repository/org/kohsuke/trilead-putty-extension/1.2/trilead-putty-extension-1.2.jar:/Users/sameer.shaik/.m2/repository/org/jenkins-ci/modules/instance-identity/2.2/instance-identity-2.2.jar:/Users/sameer.shaik/.m2/repository/io/github/stephenc/crypto/self-signed-cert-generator/1.0.0/self-signed-cert-generator-1.0.0.jar:/Users/sameer.shaik/.m2/repository/org/jetbrains/kotlin/kotlin-stdlib-common/1.6.20/kotlin-stdlib-common-1.6.20.jar:/Users/sameer.shaik/.m2/repository/com/squareup/okhttp3/okhttp/4.10.0/okhttp-4.10.0.jar:/Users/sameer.shaik/.m2/repository/com/squareup/okio/okio-jvm/3.0.0/okio-jvm-3.0.0.jar:/Users/sameer.shaik/.m2/repository/org/jetbrains/kotlin/kotlin-stdlib-jdk8/1.5.31/kotlin-stdlib-jdk8-1.5.31.jar:/Users/sameer.shaik/.m2/repository/org/jetbrains/kotlin/kotlin-stdlib-jdk7/1.5.31/kotlin-stdlib-jdk7-1.5.31.jar:/Users/sameer.shaik/.m2/repository/org/jetbrains/kotlin/kotlin-stdlib/1.6.20/kotlin-stdlib-1.6.20.jar:/Users/sameer.shaik/.m2/repository/org/jetbrains/annotations/13.0/annotations-13.0.jar:/Users/sameer.shaik/.m2/repository/com/fasterxml/jackson/core/jackson-databind/2.14.0/jackson-databind-2.14.0.jar:/Users/sameer.shaik/.m2/repository/com/fasterxml/jackson/core/jackson-annotations/2.14.0/jackson-annotations-2.14.0.jar:/Users/sameer.shaik/.m2/repository/com/fasterxml/jackson/core/jackson-core/2.14.0/jackson-core-2.14.0.jar:/Users/sameer.shaik/.m2/repository/org/jenkins-ci/plugins/jackson2-api/2.13.4.20221013-295.v8e29ea_354141/jackson2-api-2.13.4.20221013-295.v8e29ea_354141.jar:/Users/sameer.shaik/.m2/repository/com/fasterxml/jackson/datatype/jackson-datatype-jsr310/2.13.4/jackson-datatype-jsr310-2.13.4.jar:/Users/sameer.shaik/.m2/repository/com/fasterxml/jackson/datatype/jackson-datatype-jdk8/2.13.4/jackson-datatype-jdk8-2.13.4.jar:/Users/sameer.shaik/.m2/repository/com/fasterxml/jackson/datatype/jackson-datatype-json-org/2.13.4/jackson-datatype-json-org-2.13.4.jar:/Users/sameer.shaik/.m2/repository/org/json/json/20190722/json-20190722.jar:/Users/sameer.shaik/.m2/repository/com/fasterxml/jackson/module/jackson-module-parameter-names/2.13.4/jackson-module-parameter-names-2.13.4.jar:/Users/sameer.shaik/.m2/repository/com/fasterxml/jackson/module/jackson-module-jaxb-annotations/2.13.4/jackson-module-jaxb-annotations-2.13.4.jar:/Users/sameer.shaik/.m2/repository/com/fasterxml/jackson/dataformat/jackson-dataformat-cbor/2.13.4/jackson-dataformat-cbor-2.13.4.jar:/Users/sameer.shaik/.m2/repository/com/fasterxml/jackson/dataformat/jackson-dataformat-xml/2.13.4/jackson-dataformat-xml-2.13.4.jar:/Users/sameer.shaik/.m2/repository/org/codehaus/woodstox/stax2-api/4.2.1/stax2-api-4.2.1.jar:/Users/sameer.shaik/.m2/repository/com/fasterxml/woodstox/woodstox-core/6.3.1/woodstox-core-6.3.1.jar:/Users/sameer.shaik/.m2/repository/com/fasterxml/jackson/dataformat/jackson-dataformat-yaml/2.13.4/jackson-dataformat-yaml-2.13.4.jar:/Users/sameer.shaik/.m2/repository/io/jenkins/plugins/javax-activation-api/1.2.0-5/javax-activation-api-1.2.0-5.jar:/Users/sameer.shaik/.m2/repository/com/sun/activation/javax.activation/1.2.0/javax.activation-1.2.0.jar:/Users/sameer.shaik/.m2/repository/io/jenkins/plugins/jaxb/2.3.6-1/jaxb-2.3.6-1.jar:/Users/sameer.shaik/.m2/repository/com/sun/xml/bind/jaxb-impl/2.3.6/jaxb-impl-2.3.6.jar:/Users/sameer.shaik/.m2/repository/javax/xml/bind/jaxb-api/2.3.1/jaxb-api-2.3.1.jar:/Users/sameer.shaik/.m2/repository/io/jenkins/plugins/snakeyaml-api/1.30.2-76.vc104f7ce9870/snakeyaml-api-1.30.2-76.vc104f7ce9870.jar:/Users/sameer.shaik/.m2/repository/org/yaml/snakeyaml/1.30/snakeyaml-1.30.jar:/Users/sameer.shaik/.m2/repository/org/bitbucket/b_c/jose4j/0.7.9/jose4j-0.7.9.jar:/Users/sameer.shaik/.m2/repository/com/google/code/gson/gson/2.8.9/gson-2.8.9.jar:/Users/sameer.shaik/.m2/repository/org/jenkins-ci/plugins/workflow/workflow-basic-steps/994.vd57e3ca_46d24/workflow-basic-steps-994.vd57e3ca_46d24.jar:/Users/sameer.shaik/.m2/repository/org/jenkins-ci/plugins/mailer/435.438.v5b_81173f5b_a_1/mailer-435.438.v5b_81173f5b_a_1.jar:/Users/sameer.shaik/.m2/repository/org/jenkins-ci/plugins/display-url-api/2.3.6/display-url-api-2.3.6.jar:/Users/sameer.shaik/.m2/repository/org/jenkins-ci/plugins/workflow/workflow-api/1200.v8005c684b_a_c6/workflow-api-1200.v8005c684b_a_c6.jar:/Users/sameer.shaik/.m2/repository/org/jenkins-ci/plugins/apache-httpcomponents-client-4-api/4.5.13-138.v4e7d9a_7b_a_e61/apache-httpcomponents-client-4-api-4.5.13-138.v4e7d9a_7b_a_e61.jar:/Users/sameer.shaik/.m2/repository/org/apache/httpcomponents/httpcore/4.4.15/httpcore-4.4.15.jar:/Users/sameer.shaik/.m2/repository/org/apache/httpcomponents/httpcore-nio/4.4.15/httpcore-nio-4.4.15.jar:/Users/sameer.shaik/.m2/repository/org/apache/httpcomponents/httpclient/4.5.13/httpclient-4.5.13.jar:/Users/sameer.shaik/.m2/repository/org/apache/httpcomponents/httpmime/4.5.13/httpmime-4.5.13.jar:/Users/sameer.shaik/.m2/repository/org/apache/httpcomponents/fluent-hc/4.5.13/fluent-hc-4.5.13.jar:/Users/sameer.shaik/.m2/repository/org/apache/httpcomponents/httpclient-cache/4.5.13/httpclient-cache-4.5.13.jar:/Users/sameer.shaik/.m2/repository/org/apache/httpcomponents/httpasyncclient/4.1.4/httpasyncclient-4.1.4.jar:/Users/sameer.shaik/.m2/repository/org/apache/httpcomponents/httpasyncclient-cache/4.1.4/httpasyncclient-cache-4.1.4.jar:/Users/sameer.shaik/.m2/repository/io/jenkins/plugins/jakarta-mail-api/2.0.1-2/jakarta-mail-api-2.0.1-2.jar:/Users/sameer.shaik/.m2/repository/com/sun/mail/jakarta.mail/2.0.1/jakarta.mail-2.0.1.jar:/Users/sameer.shaik/.m2/repository/io/jenkins/plugins/jakarta-activation-api/2.0.1-2/jakarta-activation-api-2.0.1-2.jar:/Users/sameer.shaik/.m2/repository/com/sun/activation/jakarta.activation/2.0.1/jakarta.activation-2.0.1.jar:/Users/sameer.shaik/.m2/repository/org/jenkins-ci/plugins/workflow/workflow-cps/2729.vea_17b_79ed57a_/workflow-cps-2729.vea_17b_79ed57a_.jar:/Users/sameer.shaik/.m2/repository/org/jenkins-ci/plugins/workflow/workflow-support/839.v35e2736cfd5c/workflow-support-839.v35e2736cfd5c.jar:/Users/sameer.shaik/.m2/repository/io/jenkins/plugins/caffeine-api/2.9.3-65.v6a_47d0f4d1fe/caffeine-api-2.9.3-65.v6a_47d0f4d1fe.jar:/Users/sameer.shaik/.m2/repository/com/github/ben-manes/caffeine/caffeine/2.9.3/caffeine-2.9.3.jar:/Users/sameer.shaik/.m2/repository/org/jboss/marshalling/jboss-marshalling-river/2.1.0.Final/jboss-marshalling-river-2.1.0.Final.jar:/Users/sameer.shaik/.m2/repository/org/jboss/marshalling/jboss-marshalling/2.1.0.Final/jboss-marshalling-2.1.0.Final.jar:/Users/sameer.shaik/.m2/repository/org/jenkins-ci/plugins/workflow/workflow-scm-step/400.v6b_89a_1317c9a_/workflow-scm-step-400.v6b_89a_1317c9a_.jar:/Users/sameer.shaik/.m2/repository/org/jenkins-ci/plugins/script-security/1183.v774b_0b_0a_a_451/script-security-1183.v774b_0b_0a_a_451.jar:/Users/sameer.shaik/.m2/repository/org/kohsuke/groovy-sandbox/1.27/groovy-sandbox-1.27.jar:/Users/sameer.shaik/.m2/repository/org/jenkins-ci/plugins/scm-api/621.vda_a_b_055e58f7/scm-api-621.vda_a_b_055e58f7.jar:/Users/sameer.shaik/.m2/repository/com/cloudbees/groovy-cps/1.32/groovy-cps-1.32.jar:/Users/sameer.shaik/.m2/repository/org/jenkins-ci/ui/ace-editor/1.1/ace-editor-1.1.jar:/Users/sameer.shaik/.m2/repository/com/cloudbees/diff4j/1.3/diff4j-1.3.jar:/Users/sameer.shaik/.m2/repository/org/jenkins-ci/plugins/workflow/workflow-durable-task-step/1190.vc93d7d457042/workflow-durable-task-step-1190.vc93d7d457042.jar:/Users/sameer.shaik/.m2/repository/org/jenkins-ci/plugins/durable-task/500.v8927d9fd99d8/durable-task-500.v8927d9fd99d8.jar:/Users/sameer.shaik/.m2/repository/io/jenkins/plugins/lib-durable-task/25.v6c906af81ee2/lib-durable-task-25.v6c906af81ee2.jar:/Users/sameer.shaik/.m2/repository/org/jenkins-ci/plugins/workflow/workflow-job/1189.va_d37a_e9e4eda_/workflow-job-1189.va_d37a_e9e4eda_.jar:/Users/sameer.shaik/.m2/repository/junit/junit/4.13.2/junit-4.13.2.jar:/Users/sameer.shaik/.m2/repository/org/hamcrest/hamcrest-core/2.2/hamcrest-core-2.2.jar:/Users/sameer.shaik/.m2/repository/org/mockito/mockito-inline/3.11.2/mockito-inline-3.11.2.jar:/Users/sameer.shaik/.m2/repository/org/mockito/mockito-core/4.8.0/mockito-core-4.8.0.jar:/Users/sameer.shaik/.m2/repository/net/bytebuddy/byte-buddy/1.12.14/byte-buddy-1.12.14.jar:/Users/sameer.shaik/.m2/repository/net/bytebuddy/byte-buddy-agent/1.12.14/byte-buddy-agent-1.12.14.jar:/Users/sameer.shaik/.m2/repository/org/objenesis/objenesis/3.3/objenesis-3.3.jar:/Users/sameer.shaik/.m2/repository/org/javassist/javassist/3.24.1-GA/javassist-3.24.1-GA.jar:/Users/sameer.shaik/.m2/repository/ch/qos/logback/logback-classic/1.4.7/logback-classic-1.4.7.jar:/Users/sameer.shaik/.m2/repository/ch/qos/logback/logback-core/1.4.7/logback-core-1.4.7.jar:/Users/sameer.shaik/.m2/repository/org/assertj/assertj-core/3.15.0/assertj-core-3.15.0.jar:/Users/sameer.shaik/.m2/repository/org/slf4j/slf4j-api/2.0.4/slf4j-api-2.0.4.jar:/Users/sameer.shaik/.m2/repository/com/thoughtworks/xstream/xstream/1.4.20/xstream-1.4.20.jar:/Users/sameer.shaik/.m2/repository/io/github/x-stream/mxparser/1.2.2/mxparser-1.2.2.jar:/Users/sameer.shaik/.m2/repository/xmlpull/xmlpull/1.1.3.1/xmlpull-1.1.3.1.jar:/Users/sameer.shaik/.m2/repository/org/jenkins-ci/main/jenkins-core/2.346.3/jenkins-core-2.346.3.jar:/Users/sameer.shaik/.m2/repository/org/jenkins-ci/main/cli/2.346.3/cli-2.346.3.jar:/Users/sameer.shaik/.m2/repository/org/jenkins-ci/main/remoting/4.13.3/remoting-4.13.3.jar:/Users/sameer.shaik/.m2/repository/antlr/antlr/2.7.7/antlr-2.7.7.jar:/Users/sameer.shaik/.m2/repository/args4j/args4j/2.33/args4j-2.33.jar:/Users/sameer.shaik/.m2/repository/com/github/spotbugs/spotbugs-annotations/4.6.0/spotbugs-annotations-4.6.0.jar:/Users/sameer.shaik/.m2/repository/com/google/guava/guava/31.1-jre/guava-31.1-jre.jar:/Users/sameer.shaik/.m2/repository/com/google/guava/failureaccess/1.0.1/failureaccess-1.0.1.jar:/Users/sameer.shaik/.m2/repository/com/google/guava/listenablefuture/9999.0-empty-to-avoid-conflict-with-guava/listenablefuture-9999.0-empty-to-avoid-conflict-with-guava.jar:/Users/sameer.shaik/.m2/repository/com/google/code/findbugs/jsr305/3.0.1/jsr305-3.0.1.jar:/Users/sameer.shaik/.m2/repository/com/google/inject/guice/5.0.1/guice-5.0.1.jar:/Users/sameer.shaik/.m2/repository/javax/inject/javax.inject/1/javax.inject-1.jar:/Users/sameer.shaik/.m2/repository/com/infradna/tool/bridge-method-annotation/1.23/bridge-method-annotation-1.23.jar:/Users/sameer.shaik/.m2/repository/com/jcraft/jzlib/1.1.3-kohsuke-1/jzlib-1.1.3-kohsuke-1.jar:/Users/sameer.shaik/.m2/repository/com/sun/solaris/embedded_su4j/1.1/embedded_su4j-1.1.jar:/Users/sameer.shaik/.m2/repository/com/sun/xml/txw2/txw2/20110809/txw2-20110809.jar:/Users/sameer.shaik/.m2/repository/relaxngDatatype/relaxngDatatype/20020414/relaxngDatatype-20020414.jar:/Users/sameer.shaik/.m2/repository/commons-beanutils/commons-beanutils/1.9.4/commons-beanutils-1.9.4.jar:/Users/sameer.shaik/.m2/repository/commons-codec/commons-codec/1.15/commons-codec-1.15.jar:/Users/sameer.shaik/.m2/repository/commons-collections/commons-collections/3.2.2/commons-collections-3.2.2.jar:/Users/sameer.shaik/.m2/repository/commons-fileupload/commons-fileupload/1.4/commons-fileupload-1.4.jar:/Users/sameer.shaik/.m2/repository/commons-httpclient/commons-httpclient/3.1-jenkins-3/commons-httpclient-3.1-jenkins-3.jar:/Users/sameer.shaik/.m2/repository/commons-io/commons-io/2.11.0/commons-io-2.11.0.jar:/Users/sameer.shaik/.m2/repository/commons-jelly/commons-jelly-tags-fmt/1.0/commons-jelly-tags-fmt-1.0.jar:/Users/sameer.shaik/.m2/repository/commons-jelly/commons-jelly-tags-xml/1.1/commons-jelly-tags-xml-1.1.jar:/Users/sameer.shaik/.m2/repository/commons-lang/commons-lang/2.6/commons-lang-2.6.jar:/Users/sameer.shaik/.m2/repository/io/jenkins/stapler/jenkins-stapler-support/1.1/jenkins-stapler-support-1.1.jar:/Users/sameer.shaik/.m2/repository/jakarta/servlet/jsp/jstl/jakarta.servlet.jsp.jstl-api/1.2.7/jakarta.servlet.jsp.jstl-api-1.2.7.jar:/Users/sameer.shaik/.m2/repository/jaxen/jaxen/1.2.0/jaxen-1.2.0.jar:/Users/sameer.shaik/.m2/repository/jline/jline/2.14.6/jline-2.14.6.jar:/Users/sameer.shaik/.m2/repository/net/java/dev/jna/jna/5.11.0/jna-5.11.0.jar:/Users/sameer.shaik/.m2/repository/net/java/sezpoz/sezpoz/1.13/sezpoz-1.13.jar:/Users/sameer.shaik/.m2/repository/net/sf/kxml/kxml2/2.3.0/kxml2-2.3.0.jar:/Users/sameer.shaik/.m2/repository/org/apache/ant/ant/1.10.12/ant-1.10.12.jar:/Users/sameer.shaik/.m2/repository/org/apache/ant/ant-launcher/1.10.12/ant-launcher-1.10.12.jar:/Users/sameer.shaik/.m2/repository/org/apache/commons/commons-compress/1.21/commons-compress-1.21.jar:/Users/sameer.shaik/.m2/repository/org/codehaus/groovy/groovy-all/2.4.21/groovy-all-2.4.21.jar:/Users/sameer.shaik/.m2/repository/org/connectbot/jbcrypt/jbcrypt/1.0.0/jbcrypt-1.0.0.jar:/Users/sameer.shaik/.m2/repository/org/fusesource/jansi/jansi/1.11/jansi-1.11.jar:/Users/sameer.shaik/.m2/repository/org/jenkins-ci/annotation-indexer/1.16/annotation-indexer-1.16.jar:/Users/sameer.shaik/.m2/repository/org/jenkins-ci/commons-jexl/1.1-jenkins-20111212/commons-jexl-1.1-jenkins-20111212.jar:/Users/sameer.shaik/.m2/repository/org/jenkins-ci/crypto-util/1.7/crypto-util-1.7.jar:/Users/sameer.shaik/.m2/repository/org/jenkins-ci/memory-monitor/1.11/memory-monitor-1.11.jar:/Users/sameer.shaik/.m2/repository/org/jenkins-ci/symbol-annotation/1.1/symbol-annotation-1.1.jar:/Users/sameer.shaik/.m2/repository/org/jenkins-ci/task-reactor/1.7/task-reactor-1.7.jar:/Users/sameer.shaik/.m2/repository/org/jenkins-ci/version-number/1.10/version-number-1.10.jar:/Users/sameer.shaik/.m2/repository/org/jfree/jfreechart/1.0.19/jfreechart-1.0.19.jar:/Users/sameer.shaik/.m2/repository/org/jfree/jcommon/1.0.23/jcommon-1.0.23.jar:/Users/sameer.shaik/.m2/repository/org/jvnet/hudson/commons-jelly-tags-define/1.0.1-hudson-20071021/commons-jelly-tags-define-1.0.1-hudson-20071021.jar:/Users/sameer.shaik/.m2/repository/org/jvnet/localizer/localizer/1.31/localizer-1.31.jar:/Users/sameer.shaik/.m2/repository/org/jvnet/robust-http-client/robust-http-client/1.2/robust-http-client-1.2.jar:/Users/sameer.shaik/.m2/repository/org/jvnet/winp/winp/1.28/winp-1.28.jar:/Users/sameer.shaik/.m2/repository/org/kohsuke/access-modifier-annotation/1.27/access-modifier-annotation-1.27.jar:/Users/sameer.shaik/.m2/repository/org/kohsuke/windows-package-checker/1.2/windows-package-checker-1.2.jar:/Users/sameer.shaik/.m2/repository/org/kohsuke/jinterop/j-interop/2.0.8-kohsuke-1/j-interop-2.0.8-kohsuke-1.jar:/Users/sameer.shaik/.m2/repository/org/kohsuke/jinterop/j-interopdeps/2.0.8-kohsuke-1/j-interopdeps-2.0.8-kohsuke-1.jar:/Users/sameer.shaik/.m2/repository/org/samba/jcifs/jcifs/1.3.18-kohsuke-1/jcifs-1.3.18-kohsuke-1.jar:/Users/sameer.shaik/.m2/repository/org/kohsuke/stapler/json-lib/2.4-jenkins-3/json-lib-2.4-jenkins-3.jar:/Users/sameer.shaik/.m2/repository/net/sf/ezmorph/ezmorph/1.0.6/ezmorph-1.0.6.jar:/Users/sameer.shaik/.m2/repository/org/kohsuke/stapler/stapler/1669.v95a_4b_919a_b_a_2/stapler-1669.v95a_4b_919a_b_a_2.jar:/Users/sameer.shaik/.m2/repository/commons-discovery/commons-discovery/0.5/commons-discovery-0.5.jar:/Users/sameer.shaik/.m2/repository/javax/annotation/javax.annotation-api/1.3.2/javax.annotation-api-1.3.2.jar:/Users/sameer.shaik/.m2/repository/jakarta/annotation/jakarta.annotation-api/2.0.0/jakarta.annotation-api-2.0.0.jar:/Users/sameer.shaik/.m2/repository/org/jvnet/tiger-types/2.2/tiger-types-2.2.jar:/Users/sameer.shaik/.m2/repository/org/kohsuke/stapler/stapler-adjunct-codemirror/1.3/stapler-adjunct-codemirror-1.3.jar:/Users/sameer.shaik/.m2/repository/org/kohsuke/stapler/stapler-adjunct-timeline/1.5/stapler-adjunct-timeline-1.5.jar:/Users/sameer.shaik/.m2/repository/org/kohsuke/stapler/stapler-groovy/1669.v95a_4b_919a_b_a_2/stapler-groovy-1669.v95a_4b_919a_b_a_2.jar:/Users/sameer.shaik/.m2/repository/org/kohsuke/stapler/stapler-jelly/1669.v95a_4b_919a_b_a_2/stapler-jelly-1669.v95a_4b_919a_b_a_2.jar:/Users/sameer.shaik/.m2/repository/org/dom4j/dom4j/2.1.3/dom4j-2.1.3.jar:/Users/sameer.shaik/.m2/repository/org/jenkins-ci/commons-jelly/1.1-jenkins-20220125/commons-jelly-1.1-jenkins-20220125.jar:/Users/sameer.shaik/.m2/repository/org/ow2/asm/asm/9.3/asm-9.3.jar:/Users/sameer.shaik/.m2/repository/org/ow2/asm/asm-analysis/9.3/asm-analysis-9.3.jar:/Users/sameer.shaik/.m2/repository/org/ow2/asm/asm-commons/9.3/asm-commons-9.3.jar:/Users/sameer.shaik/.m2/repository/org/ow2/asm/asm-tree/9.3/asm-tree-9.3.jar:/Users/sameer.shaik/.m2/repository/org/ow2/asm/asm-util/9.3/asm-util-9.3.jar:/Users/sameer.shaik/.m2/repository/org/slf4j/jcl-over-slf4j/1.7.36/jcl-over-slf4j-1.7.36.jar:/Users/sameer.shaik/.m2/repository/org/slf4j/log4j-over-slf4j/1.7.36/log4j-over-slf4j-1.7.36.jar:/Users/sameer.shaik/.m2/repository/org/springframework/security/spring-security-web/5.6.3/spring-security-web-5.6.3.jar:/Users/sameer.shaik/.m2/repository/org/springframework/security/spring-security-core/5.6.3/spring-security-core-5.6.3.jar:/Users/sameer.shaik/.m2/repository/org/springframework/security/spring-security-crypto/5.6.3/spring-security-crypto-5.6.3.jar:/Users/sameer.shaik/.m2/repository/org/springframework/spring-core/5.3.20/spring-core-5.3.20.jar:/Users/sameer.shaik/.m2/repository/org/springframework/spring-aop/5.3.20/spring-aop-5.3.20.jar:/Users/sameer.shaik/.m2/repository/org/springframework/spring-beans/5.3.20/spring-beans-5.3.20.jar:/Users/sameer.shaik/.m2/repository/org/springframework/spring-context/5.3.20/spring-context-5.3.20.jar:/Users/sameer.shaik/.m2/repository/org/springframework/spring-expression/5.3.20/spring-expression-5.3.20.jar:/Users/sameer.shaik/.m2/repository/org/springframework/spring-web/5.3.20/spring-web-5.3.20.jar:/Users/sameer.shaik/.m2/repository/xpp3/xpp3/1.1.4c/xpp3-1.1.4c.jar:/Users/sameer.shaik/.m2/repository/org/jenkins-ci/main/jenkins-war/2.346.3/jenkins-war-2.346.3.war:/Users/sameer.shaik/.m2/repository/org/jenkins-ci/modules/launchd-slave-installer/1.2/launchd-slave-installer-1.2.jar:/Users/sameer.shaik/.m2/repository/org/jenkins-ci/modules/slave-installer/1.7/slave-installer-1.7.jar:/Users/sameer.shaik/.m2/repository/org/jenkins-ci/modules/systemd-slave-installer/1.1/systemd-slave-installer-1.1.jar:/Users/sameer.shaik/.m2/repository/org/jenkins-ci/modules/upstart-slave-installer/1.1/upstart-slave-installer-1.1.jar:/Users/sameer.shaik/.m2/repository/org/jenkins-ci/modules/windows-slave-installer/2.0/windows-slave-installer-2.0.jar:/Users/sameer.shaik/.m2/repository/org/slf4j/slf4j-jdk14/1.7.36/slf4j-jdk14-1.7.36.jar:/Users/sameer.shaik/.m2/repository/javax/servlet/javax.servlet-api/3.1.0/javax.servlet-api-3.1.0.jar:/Users/sameer.shaik/.m2/repository/net/jcip/jcip-annotations/1.0/jcip-annotations-1.0.jar:/Users/sameer.shaik/.m2/repository/org/codehaus/mojo/animal-sniffer-annotations/1.22/animal-sniffer-annotations-1.22.jar:/Users/sameer.shaik/.m2/repository/commons-logging/commons-logging/1.2/commons-logging-1.2.jar:/Users/sameer.shaik/.m2/repository/org/jenkins-ci/main/jenkins-test-harness/1847.v10c7a_4c2e344/jenkins-test-harness-1847.v10c7a_4c2e344.jar:/Users/sameer.shaik/.m2/repository/org/jenkins-ci/main/jenkins-test-harness-htmlunit/115.v76ea_b_b_b_2e167/jenkins-test-harness-htmlunit-115.v76ea_b_b_b_2e167.jar:/Users/sameer.shaik/.m2/repository/commons-net/commons-net/3.8.0/commons-net-3.8.0.jar:/Users/sameer.shaik/.m2/repository/org/brotli/dec/0.1.2/dec-0.1.2.jar:/Users/sameer.shaik/.m2/repository/com/shapesecurity/salvation2/3.0.1/salvation2-3.0.1.jar:/Users/sameer.shaik/.m2/repository/io/jenkins/lib/support-log-formatter/1.1/support-log-formatter-1.1.jar:/Users/sameer.shaik/.m2/repository/org/eclipse/jetty/jetty-security/9.4.48.v20220622/jetty-security-9.4.48.v20220622.jar:/Users/sameer.shaik/.m2/repository/org/eclipse/jetty/jetty-server/9.4.48.v20220622/jetty-server-9.4.48.v20220622.jar:/Users/sameer.shaik/.m2/repository/org/eclipse/jetty/jetty-io/9.4.48.v20220622/jetty-io-9.4.48.v20220622.jar:/Users/sameer.shaik/.m2/repository/org/eclipse/jetty/jetty-webapp/9.4.48.v20220622/jetty-webapp-9.4.48.v20220622.jar:/Users/sameer.shaik/.m2/repository/org/eclipse/jetty/jetty-xml/9.4.48.v20220622/jetty-xml-9.4.48.v20220622.jar:/Users/sameer.shaik/.m2/repository/org/eclipse/jetty/jetty-util/9.4.48.v20220622/jetty-util-9.4.48.v20220622.jar:/Users/sameer.shaik/.m2/repository/org/eclipse/jetty/jetty-servlet/9.4.48.v20220622/jetty-servlet-9.4.48.v20220622.jar:/Users/sameer.shaik/.m2/repository/org/eclipse/jetty/jetty-util-ajax/9.4.48.v20220622/jetty-util-ajax-9.4.48.v20220622.jar:/Users/sameer.shaik/.m2/repository/org/eclipse/jetty/websocket/websocket-api/9.4.48.v20220622/websocket-api-9.4.48.v20220622.jar:/Users/sameer.shaik/.m2/repository/org/eclipse/jetty/websocket/websocket-server/9.4.48.v20220622/websocket-server-9.4.48.v20220622.jar:/Users/sameer.shaik/.m2/repository/org/eclipse/jetty/websocket/websocket-common/9.4.48.v20220622/websocket-common-9.4.48.v20220622.jar:/Users/sameer.shaik/.m2/repository/org/eclipse/jetty/websocket/websocket-client/9.4.48.v20220622/websocket-client-9.4.48.v20220622.jar:/Users/sameer.shaik/.m2/repository/org/eclipse/jetty/jetty-client/9.4.48.v20220622/jetty-client-9.4.48.v20220622.jar:/Users/sameer.shaik/.m2/repository/org/eclipse/jetty/websocket/websocket-servlet/9.4.48.v20220622/websocket-servlet-9.4.48.v20220622.jar:/Users/sameer.shaik/.m2/repository/org/eclipse/jetty/jetty-http/9.4.48.v20220622/jetty-http-9.4.48.v20220622.jar:/Users/sameer.shaik/.m2/repository/org/hamcrest/hamcrest/2.2/hamcrest-2.2.jar:/Users/sameer.shaik/.m2/repository/org/hamcrest/hamcrest-library/2.2/hamcrest-library-2.2.jar:/Users/sameer.shaik/.m2/repository/org/junit/jupiter/junit-jupiter-api/5.9.1/junit-jupiter-api-5.9.1.jar:/Users/sameer.shaik/.m2/repository/org/opentest4j/opentest4j/1.2.0/opentest4j-1.2.0.jar:/Users/sameer.shaik/.m2/repository/org/junit/platform/junit-platform-commons/1.9.1/junit-platform-commons-1.9.1.jar:/Users/sameer.shaik/.m2/repository/org/jvnet/hudson/embedded-rhino-debugger/1.2/embedded-rhino-debugger-1.2.jar:/Users/sameer.shaik/.m2/repository/org/netbeans/modules/org-netbeans-insane/RELEASE150/org-netbeans-insane-RELEASE150.jar:/Users/sameer.shaik/.m2/repository/org/openjdk/jmh/jmh-core/1.35/jmh-core-1.35.jar:/Users/sameer.shaik/.m2/repository/net/sf/jopt-simple/jopt-simple/5.0.4/jopt-simple-5.0.4.jar:/Users/sameer.shaik/.m2/repository/org/apache/commons/commons-math3/3.2/commons-math3-3.2.jar:/Users/sameer.shaik/.m2/repository/org/openjdk/jmh/jmh-generator-annprocess/1.35/jmh-generator-annprocess-1.35.jar:/Users/sameer.shaik/.m2/repository/org/jenkins-ci/test-annotations/1.4/test-annotations-1.4.jar:/Users/sameer.shaik/.m2/repository/org/junit/jupiter/junit-jupiter/5.9.1/junit-jupiter-5.9.1.jar:/Users/sameer.shaik/.m2/repository/org/junit/jupiter/junit-jupiter-params/5.9.1/junit-jupiter-params-5.9.1.jar:/Users/sameer.shaik/.m2/repository/org/junit/jupiter/junit-jupiter-engine/5.9.1/junit-jupiter-engine-5.9.1.jar:/Users/sameer.shaik/.m2/repository/org/junit/vintage/junit-vintage-engine/5.9.1/junit-vintage-engine-5.9.1.jar:/Users/sameer.shaik/.m2/repository/org/junit/platform/junit-platform-engine/1.9.1/junit-platform-engine-1.9.1.jar:/Users/sameer.shaik/.m2/repository/org/apiguardian/apiguardian-api/1.1.2/apiguardian-api-1.1.2.jar:"/>
    <property name="sun.cpu.endian" value="little"/>
    <property name="mail.smtps.sendpartial" value="true"/>
    <property name="user.home" value="/Users/sameer.shaik"/>
    <property name="user.language" value="en"/>
    <property name="java.specification.vendor" value="Oracle Corporation"/>
    <property name="org.mortbay.jetty.Request.maxFormContentSize" value="-1"/>
    <property name="java.version.date" value="2024-04-16"/>
    <property name="java.home" value="/Library/Java/JavaVirtualMachines/openlogic-openjdk-17.jdk/Contents/Home"/>
    <property name="file.separator" value="/"/>
    <property name="basedir" value="/Users/sameer.shaik/MyWorkSpace/17OctV2.2.3-New-BitBucketIssueFixed/conjur-credentials-plugin"/>
    <property name="java.vm.compressedOopsMode" value="Zero based"/>
    <property name="line.separator" value="&#10;"/>
    <property name="java.vm.specification.vendor" value="Oracle Corporation"/>
    <property name="java.specification.name" value="Java Platform API Specification"/>
    <property name="java.awt.headless" value="true"/>
    <property name="surefire.real.class.path" value="/Users/sameer.shaik/MyWorkSpace/17OctV2.2.3-New-BitBucketIssueFixed/conjur-credentials-plugin/target/surefire/surefirebooter-20241022181310871_40.jar"/>
    <property name="sun.management.compiler" value="HotSpot 64-Bit Tiered Compilers"/>
    <property name="java.runtime.version" value="17.0.11+9-adhoc.admin.jdk17u"/>
    <property name="user.name" value="sameer.shaik"/>
    <property name="path.separator" value=":"/>
    <property name="os.version" value="14.7"/>
    <property name="java.runtime.name" value="OpenJDK Runtime Environment"/>
    <property name="file.encoding" value="UTF-8"/>
    <property name="jnidispatch.path" value="/Users/sameer.shaik/Library/Caches/JNA/temp/jna14670718455131264826.tmp"/>
    <property name="java.vm.name" value="OpenJDK 64-Bit Server VM"/>
    <property name="jna.platform.library.path" value="/usr/lib:/usr/lib"/>
    <property name="java.vendor.version" value="OpenLogic-OpenJDK"/>
    <property name="mail.smtp.sendpartial" value="true"/>
    <property name="localRepository" value="/Users/sameer.shaik/.m2/repository"/>
    <property name="jna.loaded" value="true"/>
    <property name="java.vendor.url.bug" value="https://techsupport.roguewave.com/"/>
    <property name="jetty.git.hash" value="6b67c5719d1f4371b33655ff2d047d24e171e49a"/>
    <property name="java.io.tmpdir" value="/Users/sameer.shaik/MyWorkSpace/17OctV2.2.3-New-BitBucketIssueFixed/conjur-credentials-plugin/target/tmp"/>
    <property name="idea.version" value="2024.1.4"/>
    <property name="java.version" value="17.0.11"/>
    <property name="user.dir" value="/Users/sameer.shaik/MyWorkSpace/17OctV2.2.3-New-BitBucketIssueFixed/conjur-credentials-plugin"/>
    <property name="os.arch" value="x86_64"/>
    <property name="jenkins.model.Jenkins.SHOW_STACK_TRACE" value="true"/>
    <property name="java.vm.specification.name" value="Java Virtual Machine Specification"/>
    <property name="native.encoding" value="UTF-8"/>
    <property name="java.library.path" value="/Users/sameer.shaik/Library/Java/Extensions:/Library/Java/Extensions:/Network/Library/Java/Extensions:/System/Library/Java/Extensions:/usr/lib/java:."/>
    <property name="java.vm.info" value="mixed mode, sharing"/>
    <property name="java.vendor" value="OpenLogic"/>
    <property name="java.vm.version" value="17.0.11+9-adhoc.admin.jdk17u"/>
    <property name="sun.io.unicode.encoding" value="UnicodeBig"/>
    <property name="java.class.version" value="61.0"/>
  </properties>
  <testcase name="testGetSecretContextNullAndStoreContextNotNull" classname="org.conjur.jenkins.conjursecrets.ConjurSecretCredentialImplTest" time="11.833">
    <system-out><![CDATA[18:14:11.020 [main] DEBUG org.eclipse.jetty.util.log -- Logging to Logger[org.eclipse.jetty.util.log] via org.eclipse.jetty.util.log.Slf4jLog
18:14:11.031 [main] INFO org.eclipse.jetty.util.log -- Logging initialized @1583ms to org.eclipse.jetty.util.log.Slf4jLog
18:14:11.039 [main] DEBUG org.eclipse.jetty.http.PreEncodedHttpField -- HttpField encoders loaded: [org.eclipse.jetty.http.Http1FieldPreEncoder@6e4ea0bd]
18:14:11.775 [main] DEBUG org.apache.commons.beanutils.converters.BooleanConverter -- Setting default value: false
18:14:11.776 [main] DEBUG org.apache.commons.beanutils.converters.BooleanConverter -- Converting 'Boolean' value 'false' to type 'Boolean'
18:14:11.776 [main] DEBUG org.apache.commons.beanutils.converters.BooleanConverter --     No conversion required, value is already a Boolean
18:14:11.777 [main] DEBUG org.apache.commons.beanutils.converters.ByteConverter -- Setting default value: 0
18:14:11.777 [main] DEBUG org.apache.commons.beanutils.converters.ByteConverter -- Converting 'Integer' value '0' to type 'Byte'
18:14:11.777 [main] DEBUG org.apache.commons.beanutils.converters.ByteConverter --     Converted to Byte value '0'
18:14:11.777 [main] DEBUG org.apache.commons.beanutils.converters.CharacterConverter -- Setting default value:  
18:14:11.777 [main] DEBUG org.apache.commons.beanutils.converters.CharacterConverter -- Converting 'Character' value ' ' to type 'Character'
18:14:11.777 [main] DEBUG org.apache.commons.beanutils.converters.CharacterConverter --     No conversion required, value is already a Character
18:14:11.778 [main] DEBUG org.apache.commons.beanutils.converters.DoubleConverter -- Setting default value: 0
18:14:11.778 [main] DEBUG org.apache.commons.beanutils.converters.DoubleConverter -- Converting 'Integer' value '0' to type 'Double'
18:14:11.778 [main] DEBUG org.apache.commons.beanutils.converters.DoubleConverter --     Converted to Double value '0.0'
18:14:11.778 [main] DEBUG org.apache.commons.beanutils.converters.FloatConverter -- Setting default value: 0
18:14:11.778 [main] DEBUG org.apache.commons.beanutils.converters.FloatConverter -- Converting 'Integer' value '0' to type 'Float'
18:14:11.778 [main] DEBUG org.apache.commons.beanutils.converters.FloatConverter --     Converted to Float value '0.0'
18:14:11.779 [main] DEBUG org.apache.commons.beanutils.converters.IntegerConverter -- Setting default value: 0
18:14:11.779 [main] DEBUG org.apache.commons.beanutils.converters.IntegerConverter -- Converting 'Integer' value '0' to type 'Integer'
18:14:11.779 [main] DEBUG org.apache.commons.beanutils.converters.IntegerConverter --     No conversion required, value is already a Integer
18:14:11.779 [main] DEBUG org.apache.commons.beanutils.converters.LongConverter -- Setting default value: 0
18:14:11.779 [main] DEBUG org.apache.commons.beanutils.converters.LongConverter -- Converting 'Integer' value '0' to type 'Long'
18:14:11.779 [main] DEBUG org.apache.commons.beanutils.converters.LongConverter --     Converted to Long value '0'
18:14:11.780 [main] DEBUG org.apache.commons.beanutils.converters.ShortConverter -- Setting default value: 0
18:14:11.780 [main] DEBUG org.apache.commons.beanutils.converters.ShortConverter -- Converting 'Integer' value '0' to type 'Short'
18:14:11.780 [main] DEBUG org.apache.commons.beanutils.converters.ShortConverter --     Converted to Short value '0'
18:14:11.780 [main] DEBUG org.apache.commons.beanutils.converters.BigDecimalConverter -- Setting default value: 0.0
18:14:11.780 [main] DEBUG org.apache.commons.beanutils.converters.BigDecimalConverter -- Converting 'BigDecimal' value '0.0' to type 'BigDecimal'
18:14:11.781 [main] DEBUG org.apache.commons.beanutils.converters.BigDecimalConverter --     No conversion required, value is already a BigDecimal
18:14:11.781 [main] DEBUG org.apache.commons.beanutils.converters.BigIntegerConverter -- Setting default value: 0
18:14:11.781 [main] DEBUG org.apache.commons.beanutils.converters.BigIntegerConverter -- Converting 'BigInteger' value '0' to type 'BigInteger'
18:14:11.781 [main] DEBUG org.apache.commons.beanutils.converters.BigIntegerConverter --     No conversion required, value is already a BigInteger
18:14:11.781 [main] DEBUG org.apache.commons.beanutils.converters.BooleanConverter -- Setting default value: false
18:14:11.781 [main] DEBUG org.apache.commons.beanutils.converters.BooleanConverter -- Converting 'Boolean' value 'false' to type 'Boolean'
18:14:11.781 [main] DEBUG org.apache.commons.beanutils.converters.BooleanConverter --     No conversion required, value is already a Boolean
18:14:11.781 [main] DEBUG org.apache.commons.beanutils.converters.ByteConverter -- Setting default value: 0
18:14:11.781 [main] DEBUG org.apache.commons.beanutils.converters.ByteConverter -- Converting 'Integer' value '0' to type 'Byte'
18:14:11.781 [main] DEBUG org.apache.commons.beanutils.converters.ByteConverter --     Converted to Byte value '0'
18:14:11.782 [main] DEBUG org.apache.commons.beanutils.converters.CharacterConverter -- Setting default value:  
18:14:11.782 [main] DEBUG org.apache.commons.beanutils.converters.CharacterConverter -- Converting 'Character' value ' ' to type 'Character'
18:14:11.782 [main] DEBUG org.apache.commons.beanutils.converters.CharacterConverter --     No conversion required, value is already a Character
18:14:11.782 [main] DEBUG org.apache.commons.beanutils.converters.DoubleConverter -- Setting default value: 0
18:14:11.782 [main] DEBUG org.apache.commons.beanutils.converters.DoubleConverter -- Converting 'Integer' value '0' to type 'Double'
18:14:11.782 [main] DEBUG org.apache.commons.beanutils.converters.DoubleConverter --     Converted to Double value '0.0'
18:14:11.782 [main] DEBUG org.apache.commons.beanutils.converters.FloatConverter -- Setting default value: 0
18:14:11.782 [main] DEBUG org.apache.commons.beanutils.converters.FloatConverter -- Converting 'Integer' value '0' to type 'Float'
18:14:11.782 [main] DEBUG org.apache.commons.beanutils.converters.FloatConverter --     Converted to Float value '0.0'
18:14:11.782 [main] DEBUG org.apache.commons.beanutils.converters.IntegerConverter -- Setting default value: 0
18:14:11.782 [main] DEBUG org.apache.commons.beanutils.converters.IntegerConverter -- Converting 'Integer' value '0' to type 'Integer'
18:14:11.782 [main] DEBUG org.apache.commons.beanutils.converters.IntegerConverter --     No conversion required, value is already a Integer
18:14:11.782 [main] DEBUG org.apache.commons.beanutils.converters.LongConverter -- Setting default value: 0
18:14:11.783 [main] DEBUG org.apache.commons.beanutils.converters.LongConverter -- Converting 'Integer' value '0' to type 'Long'
18:14:11.783 [main] DEBUG org.apache.commons.beanutils.converters.LongConverter --     Converted to Long value '0'
18:14:11.783 [main] DEBUG org.apache.commons.beanutils.converters.ShortConverter -- Setting default value: 0
18:14:11.783 [main] DEBUG org.apache.commons.beanutils.converters.ShortConverter -- Converting 'Integer' value '0' to type 'Short'
18:14:11.783 [main] DEBUG org.apache.commons.beanutils.converters.ShortConverter --     Converted to Short value '0'
18:14:11.783 [main] DEBUG org.apache.commons.beanutils.converters.StringConverter -- Setting default value: 
18:14:11.783 [main] DEBUG org.apache.commons.beanutils.converters.StringConverter -- Converting 'String' value '' to type 'String'
18:14:11.786 [main] DEBUG org.apache.commons.beanutils.converters.ArrayConverter -- Setting default value: [Z@28c86134
18:14:11.786 [main] DEBUG org.apache.commons.beanutils.converters.ArrayConverter -- Converting 'boolean[]' value '[Z@28c86134' to type 'boolean[]'
18:14:11.786 [main] DEBUG org.apache.commons.beanutils.converters.ArrayConverter --     No conversion required, value is already a boolean[]
18:14:11.786 [main] DEBUG org.apache.commons.beanutils.converters.ArrayConverter -- Setting default value: [B@4492eede
18:14:11.787 [main] DEBUG org.apache.commons.beanutils.converters.ArrayConverter -- Converting 'byte[]' value '[B@4492eede' to type 'byte[]'
18:14:11.787 [main] DEBUG org.apache.commons.beanutils.converters.ArrayConverter --     No conversion required, value is already a byte[]
18:14:11.787 [main] DEBUG org.apache.commons.beanutils.converters.ArrayConverter -- Setting default value: [C@cbc8d0f
18:14:11.787 [main] DEBUG org.apache.commons.beanutils.converters.ArrayConverter -- Converting 'char[]' value '[C@cbc8d0f' to type 'char[]'
18:14:11.787 [main] DEBUG org.apache.commons.beanutils.converters.ArrayConverter --     No conversion required, value is already a char[]
18:14:11.787 [main] DEBUG org.apache.commons.beanutils.converters.ArrayConverter -- Setting default value: [D@37b57b54
18:14:11.787 [main] DEBUG org.apache.commons.beanutils.converters.ArrayConverter -- Converting 'double[]' value '[D@37b57b54' to type 'double[]'
18:14:11.787 [main] DEBUG org.apache.commons.beanutils.converters.ArrayConverter --     No conversion required, value is already a double[]
18:14:11.787 [main] DEBUG org.apache.commons.beanutils.converters.ArrayConverter -- Setting default value: [F@5c1f6d57
18:14:11.787 [main] DEBUG org.apache.commons.beanutils.converters.ArrayConverter -- Converting 'float[]' value '[F@5c1f6d57' to type 'float[]'
18:14:11.787 [main] DEBUG org.apache.commons.beanutils.converters.ArrayConverter --     No conversion required, value is already a float[]
18:14:11.787 [main] DEBUG org.apache.commons.beanutils.converters.ArrayConverter -- Setting default value: [I@f288c14
18:14:11.787 [main] DEBUG org.apache.commons.beanutils.converters.ArrayConverter -- Converting 'int[]' value '[I@f288c14' to type 'int[]'
18:14:11.787 [main] DEBUG org.apache.commons.beanutils.converters.ArrayConverter --     No conversion required, value is already a int[]
18:14:11.788 [main] DEBUG org.apache.commons.beanutils.converters.ArrayConverter -- Setting default value: [J@6794ac0b
18:14:11.788 [main] DEBUG org.apache.commons.beanutils.converters.ArrayConverter -- Converting 'long[]' value '[J@6794ac0b' to type 'long[]'
18:14:11.788 [main] DEBUG org.apache.commons.beanutils.converters.ArrayConverter --     No conversion required, value is already a long[]
18:14:11.788 [main] DEBUG org.apache.commons.beanutils.converters.ArrayConverter -- Setting default value: [S@7be71476
18:14:11.788 [main] DEBUG org.apache.commons.beanutils.converters.ArrayConverter -- Converting 'short[]' value '[S@7be71476' to type 'short[]'
18:14:11.788 [main] DEBUG org.apache.commons.beanutils.converters.ArrayConverter --     No conversion required, value is already a short[]
18:14:11.788 [main] DEBUG org.apache.commons.beanutils.converters.ArrayConverter -- Setting default value: [Ljava.math.BigDecimal;@5cb5bb88
18:14:11.788 [main] DEBUG org.apache.commons.beanutils.converters.ArrayConverter -- Converting 'BigDecimal[]' value '[Ljava.math.BigDecimal;@5cb5bb88' to type 'BigDecimal[]'
18:14:11.788 [main] DEBUG org.apache.commons.beanutils.converters.ArrayConverter --     No conversion required, value is already a BigDecimal[]
18:14:11.788 [main] DEBUG org.apache.commons.beanutils.converters.ArrayConverter -- Setting default value: [Ljava.math.BigInteger;@17b6d426
18:14:11.788 [main] DEBUG org.apache.commons.beanutils.converters.ArrayConverter -- Converting 'BigInteger[]' value '[Ljava.math.BigInteger;@17b6d426' to type 'BigInteger[]'
18:14:11.788 [main] DEBUG org.apache.commons.beanutils.converters.ArrayConverter --     No conversion required, value is already a BigInteger[]
18:14:11.788 [main] DEBUG org.apache.commons.beanutils.converters.ArrayConverter -- Setting default value: [Ljava.lang.Boolean;@5580d62f
18:14:11.789 [main] DEBUG org.apache.commons.beanutils.converters.ArrayConverter -- Converting 'Boolean[]' value '[Ljava.lang.Boolean;@5580d62f' to type 'Boolean[]'
18:14:11.789 [main] DEBUG org.apache.commons.beanutils.converters.ArrayConverter --     No conversion required, value is already a Boolean[]
18:14:11.789 [main] DEBUG org.apache.commons.beanutils.converters.ArrayConverter -- Setting default value: [Ljava.lang.Byte;@16872c4d
18:14:11.789 [main] DEBUG org.apache.commons.beanutils.converters.ArrayConverter -- Converting 'Byte[]' value '[Ljava.lang.Byte;@16872c4d' to type 'Byte[]'
18:14:11.789 [main] DEBUG org.apache.commons.beanutils.converters.ArrayConverter --     No conversion required, value is already a Byte[]
18:14:11.789 [main] DEBUG org.apache.commons.beanutils.converters.ArrayConverter -- Setting default value: [Ljava.lang.Character;@671facee
18:14:11.789 [main] DEBUG org.apache.commons.beanutils.converters.ArrayConverter -- Converting 'Character[]' value '[Ljava.lang.Character;@671facee' to type 'Character[]'
18:14:11.789 [main] DEBUG org.apache.commons.beanutils.converters.ArrayConverter --     No conversion required, value is already a Character[]
18:14:11.789 [main] DEBUG org.apache.commons.beanutils.converters.ArrayConverter -- Setting default value: [Ljava.lang.Double;@46a953cf
18:14:11.789 [main] DEBUG org.apache.commons.beanutils.converters.ArrayConverter -- Converting 'Double[]' value '[Ljava.lang.Double;@46a953cf' to type 'Double[]'
18:14:11.789 [main] DEBUG org.apache.commons.beanutils.converters.ArrayConverter --     No conversion required, value is already a Double[]
18:14:11.789 [main] DEBUG org.apache.commons.beanutils.converters.ArrayConverter -- Setting default value: [Ljava.lang.Float;@154bd49b
18:14:11.789 [main] DEBUG org.apache.commons.beanutils.converters.ArrayConverter -- Converting 'Float[]' value '[Ljava.lang.Float;@154bd49b' to type 'Float[]'
18:14:11.789 [main] DEBUG org.apache.commons.beanutils.converters.ArrayConverter --     No conversion required, value is already a Float[]
18:14:11.789 [main] DEBUG org.apache.commons.beanutils.converters.ArrayConverter -- Setting default value: [Ljava.lang.Integer;@3a01773b
18:14:11.789 [main] DEBUG org.apache.commons.beanutils.converters.ArrayConverter -- Converting 'Integer[]' value '[Ljava.lang.Integer;@3a01773b' to type 'Integer[]'
18:14:11.790 [main] DEBUG org.apache.commons.beanutils.converters.ArrayConverter --     No conversion required, value is already a Integer[]
18:14:11.790 [main] DEBUG org.apache.commons.beanutils.converters.ArrayConverter -- Setting default value: [Ljava.lang.Long;@20e3c449
18:14:11.790 [main] DEBUG org.apache.commons.beanutils.converters.ArrayConverter -- Converting 'Long[]' value '[Ljava.lang.Long;@20e3c449' to type 'Long[]'
18:14:11.790 [main] DEBUG org.apache.commons.beanutils.converters.ArrayConverter --     No conversion required, value is already a Long[]
18:14:11.790 [main] DEBUG org.apache.commons.beanutils.converters.ArrayConverter -- Setting default value: [Ljava.lang.Short;@2c58dcb1
18:14:11.790 [main] DEBUG org.apache.commons.beanutils.converters.ArrayConverter -- Converting 'Short[]' value '[Ljava.lang.Short;@2c58dcb1' to type 'Short[]'
18:14:11.790 [main] DEBUG org.apache.commons.beanutils.converters.ArrayConverter --     No conversion required, value is already a Short[]
18:14:11.790 [main] DEBUG org.apache.commons.beanutils.converters.ArrayConverter -- Setting default value: [Ljava.lang.String;@67fc2aad
18:14:11.790 [main] DEBUG org.apache.commons.beanutils.converters.ArrayConverter -- Converting 'String[]' value '[Ljava.lang.String;@67fc2aad' to type 'String[]'
18:14:11.790 [main] DEBUG org.apache.commons.beanutils.converters.ArrayConverter --     No conversion required, value is already a String[]
18:14:11.790 [main] DEBUG org.apache.commons.beanutils.converters.ArrayConverter -- Setting default value: [Ljava.lang.Class;@56f521c6
18:14:11.790 [main] DEBUG org.apache.commons.beanutils.converters.ArrayConverter -- Converting 'Class[]' value '[Ljava.lang.Class;@56f521c6' to type 'Class[]'
18:14:11.790 [main] DEBUG org.apache.commons.beanutils.converters.ArrayConverter --     No conversion required, value is already a Class[]
18:14:11.790 [main] DEBUG org.apache.commons.beanutils.converters.ArrayConverter -- Setting default value: [Ljava.util.Date;@680a66dd
18:14:11.790 [main] DEBUG org.apache.commons.beanutils.converters.ArrayConverter -- Converting 'Date[]' value '[Ljava.util.Date;@680a66dd' to type 'Date[]'
18:14:11.790 [main] DEBUG org.apache.commons.beanutils.converters.ArrayConverter --     No conversion required, value is already a Date[]
18:14:11.791 [main] DEBUG org.apache.commons.beanutils.converters.ArrayConverter -- Setting default value: [Ljava.util.Calendar;@472698d
18:14:11.791 [main] DEBUG org.apache.commons.beanutils.converters.ArrayConverter -- Converting 'Calendar[]' value '[Ljava.util.Calendar;@472698d' to type 'Calendar[]'
18:14:11.791 [main] DEBUG org.apache.commons.beanutils.converters.ArrayConverter --     No conversion required, value is already a Calendar[]
18:14:11.791 [main] DEBUG org.apache.commons.beanutils.converters.ArrayConverter -- Setting default value: [Ljava.io.File;@40712ee9
18:14:11.791 [main] DEBUG org.apache.commons.beanutils.converters.ArrayConverter -- Converting 'java.io.File[]' value '[Ljava.io.File;@40712ee9' to type 'java.io.File[]'
18:14:11.791 [main] DEBUG org.apache.commons.beanutils.converters.ArrayConverter --     No conversion required, value is already a java.io.File[]
18:14:11.791 [main] DEBUG org.apache.commons.beanutils.converters.ArrayConverter -- Setting default value: [Ljava.sql.Date;@39fa8ad2
18:14:11.791 [main] DEBUG org.apache.commons.beanutils.converters.ArrayConverter -- Converting 'java.sql.Date[]' value '[Ljava.sql.Date;@39fa8ad2' to type 'java.sql.Date[]'
18:14:11.792 [main] DEBUG org.apache.commons.beanutils.converters.ArrayConverter --     No conversion required, value is already a java.sql.Date[]
18:14:11.792 [main] DEBUG org.apache.commons.beanutils.converters.ArrayConverter -- Setting default value: [Ljava.sql.Time;@3f92a84e
18:14:11.792 [main] DEBUG org.apache.commons.beanutils.converters.ArrayConverter -- Converting 'java.sql.Time[]' value '[Ljava.sql.Time;@3f92a84e' to type 'java.sql.Time[]'
18:14:11.792 [main] DEBUG org.apache.commons.beanutils.converters.ArrayConverter --     No conversion required, value is already a java.sql.Time[]
18:14:11.792 [main] DEBUG org.apache.commons.beanutils.converters.ArrayConverter -- Setting default value: [Ljava.sql.Timestamp;@6137cf6e
18:14:11.792 [main] DEBUG org.apache.commons.beanutils.converters.ArrayConverter -- Converting 'java.sql.Timestamp[]' value '[Ljava.sql.Timestamp;@6137cf6e' to type 'java.sql.Timestamp[]'
18:14:11.792 [main] DEBUG org.apache.commons.beanutils.converters.ArrayConverter --     No conversion required, value is already a java.sql.Timestamp[]
18:14:11.792 [main] DEBUG org.apache.commons.beanutils.converters.ArrayConverter -- Setting default value: [Ljava.net.URL;@53b8afea
18:14:11.792 [main] DEBUG org.apache.commons.beanutils.converters.ArrayConverter -- Converting 'java.net.URL[]' value '[Ljava.net.URL;@53b8afea' to type 'java.net.URL[]'
18:14:11.792 [main] DEBUG org.apache.commons.beanutils.converters.ArrayConverter --     No conversion required, value is already a java.net.URL[]
18:14:11.793 [main] DEBUG org.apache.commons.beanutils.converters.IntegerConverter -- Setting default value: null
18:14:11.794 [main] DEBUG org.apache.commons.beanutils.converters.FloatConverter -- Setting default value: null
18:14:11.794 [main] DEBUG org.apache.commons.beanutils.converters.DoubleConverter -- Setting default value: null
=== Starting testGetSecretContextNullAndStoreContextNotNull(org.conjur.jenkins.conjursecrets.ConjurSecretCredentialImplTest)
18:14:11.847 [Executing testGetSecretContextNullAndStoreContextNotNull(org.conjur.jenkins.conjursecrets.ConjurSecretCredentialImplTest)] DEBUG org.eclipse.jetty.util.component.ContainerLifeCycle -- QueuedThreadPool[qtp1584419739]@5e70539b{STOPPED,8<=0<=200,i=0,r=-1,q=0}[NO_TRY] added {org.eclipse.jetty.util.thread.ThreadPoolBudget@6ae394c1,POJO}
18:14:11.852 [Executing testGetSecretContextNullAndStoreContextNotNull(org.conjur.jenkins.conjursecrets.ConjurSecretCredentialImplTest)] DEBUG org.eclipse.jetty.util.component.ContainerLifeCycle -- Server@3259505c{STOPPED}[9.4.48.v20220622] added {QueuedThreadPool[Jetty (JenkinsRule)]@5e70539b{STOPPED,8<=0<=200,i=0,r=-1,q=0}[NO_TRY],AUTO}
18:14:11.902 [Executing testGetSecretContextNullAndStoreContextNotNull(org.conjur.jenkins.conjursecrets.ConjurSecretCredentialImplTest)] DEBUG org.eclipse.jetty.util.component.ContainerLifeCycle -- o.e.j.w.WebAppContext@2b4efaee{/,null,STOPPED} added {SymlinkAllowedResourceAliasChecker@37f8e221{base=null,protected=null},MANAGED}
18:14:11.907 [Executing testGetSecretContextNullAndStoreContextNotNull(org.conjur.jenkins.conjursecrets.ConjurSecretCredentialImplTest)] DEBUG org.eclipse.jetty.util.DecoratedObjectFactory -- Adding Decorator: org.eclipse.jetty.util.DeprecationWarning@6ad1b15a
18:14:11.914 [Executing testGetSecretContextNullAndStoreContextNotNull(org.conjur.jenkins.conjursecrets.ConjurSecretCredentialImplTest)] DEBUG org.eclipse.jetty.util.component.ContainerLifeCycle -- o.e.j.w.WebAppContext@2b4efaee{/jenkins,null,STOPPED} added {org.eclipse.jetty.server.session.SessionHandler1448014294==dftMaxIdleSec=-1,MANAGED}
18:14:11.917 [Executing testGetSecretContextNullAndStoreContextNotNull(org.conjur.jenkins.conjursecrets.ConjurSecretCredentialImplTest)] DEBUG org.eclipse.jetty.util.component.ContainerLifeCycle -- ConstraintSecurityHandler@33b3322a{STOPPED} added {org.eclipse.jetty.util.component.DumpableCollection@7a5fade5,POJO}
18:14:11.918 [Executing testGetSecretContextNullAndStoreContextNotNull(org.conjur.jenkins.conjursecrets.ConjurSecretCredentialImplTest)] DEBUG org.eclipse.jetty.util.component.ContainerLifeCycle -- org.eclipse.jetty.server.session.SessionHandler1448014294==dftMaxIdleSec=-1 added {ConstraintSecurityHandler@33b3322a{STOPPED},MANAGED}
18:14:11.923 [Executing testGetSecretContextNullAndStoreContextNotNull(org.conjur.jenkins.conjursecrets.ConjurSecretCredentialImplTest)] DEBUG org.eclipse.jetty.util.component.ContainerLifeCycle -- ConstraintSecurityHandler@33b3322a{STOPPED} added {ServletHandler@dfb27b0{STOPPED},MANAGED}
18:14:11.923 [Executing testGetSecretContextNullAndStoreContextNotNull(org.conjur.jenkins.conjursecrets.ConjurSecretCredentialImplTest)] DEBUG org.eclipse.jetty.util.component.ContainerLifeCycle -- o.e.j.w.WebAppContext@2b4efaee{/jenkins,null,STOPPED} added {ErrorPageErrorHandler@12a72b2c{STOPPED},MANAGED}
18:14:11.930 [Executing testGetSecretContextNullAndStoreContextNotNull(org.conjur.jenkins.conjursecrets.ConjurSecretCredentialImplTest)] DEBUG org.eclipse.jetty.util.component.ContainerLifeCycle -- o.e.j.w.WebAppContext@2b4efaee{/jenkins,null,STOPPED}{/Users/sameer.shaik/MyWorkSpace/17OctV2.2.3-New-BitBucketIssueFixed/conjur-credentials-plugin/target/jenkins-for-test} added {NoListenerConfiguration@1cfca08c{STOPPED},AUTO}
18:14:11.930 [Executing testGetSecretContextNullAndStoreContextNotNull(org.conjur.jenkins.conjursecrets.ConjurSecretCredentialImplTest)] DEBUG org.eclipse.jetty.util.component.ContainerLifeCycle -- Server@3259505c{STOPPED}[9.4.48.v20220622] added {o.e.j.w.WebAppContext@2b4efaee{/jenkins,null,STOPPED}{/Users/sameer.shaik/MyWorkSpace/17OctV2.2.3-New-BitBucketIssueFixed/conjur-credentials-plugin/target/jenkins-for-test},MANAGED}
18:14:11.934 [Executing testGetSecretContextNullAndStoreContextNotNull(org.conjur.jenkins.conjursecrets.ConjurSecretCredentialImplTest)] DEBUG org.eclipse.jetty.util.component.ContainerLifeCycle -- HashLoginService@1a7fc9b[null] added {org.eclipse.jetty.security.DefaultIdentityService@43689fa1,POJO}
18:14:11.934 [Executing testGetSecretContextNullAndStoreContextNotNull(org.conjur.jenkins.conjursecrets.ConjurSecretCredentialImplTest)] DEBUG org.eclipse.jetty.util.component.ContainerLifeCycle -- HashLoginService@1a7fc9b[default] added {UserStore@34e61a72{STOPPED},AUTO}
18:14:11.941 [Executing testGetSecretContextNullAndStoreContextNotNull(org.conjur.jenkins.conjursecrets.ConjurSecretCredentialImplTest)] DEBUG org.eclipse.jetty.util.component.ContainerLifeCycle -- ConstraintSecurityHandler@33b3322a{STOPPED} added {HashLoginService@1a7fc9b[default],AUTO}
18:14:11.963 [Executing testGetSecretContextNullAndStoreContextNotNull(org.conjur.jenkins.conjursecrets.ConjurSecretCredentialImplTest)] DEBUG org.eclipse.jetty.util.component.ContainerLifeCycle -- HttpConnectionFactory@4e963edd[HTTP/1.1] added {HttpConfiguration@63959be8{32768/8192,8192/8192,https://:0,[]},POJO}
18:14:11.970 [Executing testGetSecretContextNullAndStoreContextNotNull(org.conjur.jenkins.conjursecrets.ConjurSecretCredentialImplTest)] DEBUG org.eclipse.jetty.util.component.ContainerLifeCycle -- ServerConnector@74b501d4{null, ()}{0.0.0.0:0} added {Server@3259505c{STOPPED}[9.4.48.v20220622],UNMANAGED}
18:14:11.970 [Executing testGetSecretContextNullAndStoreContextNotNull(org.conjur.jenkins.conjursecrets.ConjurSecretCredentialImplTest)] DEBUG org.eclipse.jetty.util.component.ContainerLifeCycle -- ServerConnector@74b501d4{null, ()}{0.0.0.0:0} added {QueuedThreadPool[Jetty (JenkinsRule)]@5e70539b{STOPPED,8<=0<=200,i=0,r=-1,q=0}[NO_TRY],AUTO}
18:14:11.970 [Executing testGetSecretContextNullAndStoreContextNotNull(org.conjur.jenkins.conjursecrets.ConjurSecretCredentialImplTest)] DEBUG org.eclipse.jetty.util.component.ContainerLifeCycle -- ServerConnector@74b501d4{null, ()}{0.0.0.0:0} added {ScheduledExecutorScheduler@13ced960{STOPPED},AUTO}
18:14:11.970 [Executing testGetSecretContextNullAndStoreContextNotNull(org.conjur.jenkins.conjursecrets.ConjurSecretCredentialImplTest)] DEBUG org.eclipse.jetty.util.component.ContainerLifeCycle -- ServerConnector@74b501d4{null, ()}{0.0.0.0:0} added {ArrayByteBufferPool@2cb3cd19{minBufferCapacity=0, maxBufferCapacity=65536, maxQueueLength=-1, factor=1024},POJO}
18:14:11.971 [Executing testGetSecretContextNullAndStoreContextNotNull(org.conjur.jenkins.conjursecrets.ConjurSecretCredentialImplTest)] DEBUG org.eclipse.jetty.util.component.ContainerLifeCycle -- ServerConnector@74b501d4{null, (http/1.1)}{0.0.0.0:0} added {HttpConnectionFactory@4e963edd[HTTP/1.1],AUTO}
18:14:11.971 [Executing testGetSecretContextNullAndStoreContextNotNull(org.conjur.jenkins.conjursecrets.ConjurSecretCredentialImplTest)] DEBUG org.eclipse.jetty.server.AbstractConnector -- ServerConnector@74b501d4{HTTP/1.1, (http/1.1)}{0.0.0.0:0} added HttpConnectionFactory@4e963edd[HTTP/1.1]
18:14:11.973 [Executing testGetSecretContextNullAndStoreContextNotNull(org.conjur.jenkins.conjursecrets.ConjurSecretCredentialImplTest)] DEBUG org.eclipse.jetty.util.component.ContainerLifeCycle -- ServerConnector@74b501d4{HTTP/1.1, (http/1.1)}{0.0.0.0:0} added {SelectorManager@ServerConnector@74b501d4{HTTP/1.1, (http/1.1)}{0.0.0.0:0},MANAGED}
18:14:11.974 [Executing testGetSecretContextNullAndStoreContextNotNull(org.conjur.jenkins.conjursecrets.ConjurSecretCredentialImplTest)] DEBUG org.eclipse.jetty.util.component.ContainerLifeCycle -- Server@3259505c{STOPPED}[9.4.48.v20220622] added {ServerConnector@74b501d4{HTTP/1.1, (http/1.1)}{localhost:0},AUTO}
18:14:11.974 [Executing testGetSecretContextNullAndStoreContextNotNull(org.conjur.jenkins.conjursecrets.ConjurSecretCredentialImplTest)] DEBUG org.eclipse.jetty.util.component.AbstractLifeCycle -- starting Server@3259505c{STOPPED}[9.4.48.v20220622]
18:14:11.974 [Executing testGetSecretContextNullAndStoreContextNotNull(org.conjur.jenkins.conjursecrets.ConjurSecretCredentialImplTest)] DEBUG org.eclipse.jetty.util.component.ContainerLifeCycle -- Server@3259505c{STARTING}[9.4.48.v20220622] added {ErrorHandler@3851823a{STOPPED},AUTO}
18:14:11.975 [Executing testGetSecretContextNullAndStoreContextNotNull(org.conjur.jenkins.conjursecrets.ConjurSecretCredentialImplTest)] INFO org.eclipse.jetty.server.Server -- jetty-9.4.48.v20220622; built: 2022-06-21T20:42:25.880Z; git: 6b67c5719d1f4371b33655ff2d047d24e171e49a; jvm 17.0.11+9-adhoc.admin.jdk17u
18:14:11.982 [Executing testGetSecretContextNullAndStoreContextNotNull(org.conjur.jenkins.conjursecrets.ConjurSecretCredentialImplTest)] DEBUG org.eclipse.jetty.server.handler.AbstractHandler -- starting Server@3259505c{STARTING}[9.4.48.v20220622]
18:14:11.982 [Executing testGetSecretContextNullAndStoreContextNotNull(org.conjur.jenkins.conjursecrets.ConjurSecretCredentialImplTest)] DEBUG org.eclipse.jetty.util.component.AbstractLifeCycle -- starting QueuedThreadPool[Jetty (JenkinsRule)]@5e70539b{STOPPED,8<=0<=200,i=0,r=-1,q=0}[NO_TRY]
18:14:11.983 [Executing testGetSecretContextNullAndStoreContextNotNull(org.conjur.jenkins.conjursecrets.ConjurSecretCredentialImplTest)] DEBUG org.eclipse.jetty.util.thread.ReservedThreadExecutor -- ReservedThreadExecutor@26f5968{reserved=0/16,pending=0}
18:14:11.983 [Executing testGetSecretContextNullAndStoreContextNotNull(org.conjur.jenkins.conjursecrets.ConjurSecretCredentialImplTest)] DEBUG org.eclipse.jetty.util.component.ContainerLifeCycle -- QueuedThreadPool[Jetty (JenkinsRule)]@5e70539b{STARTING,8<=0<=200,i=0,r=-1,q=0}[ReservedThreadExecutor@26f5968{reserved=0/16,pending=0}] added {ReservedThreadExecutor@26f5968{reserved=0/16,pending=0},AUTO}
18:14:11.983 [Executing testGetSecretContextNullAndStoreContextNotNull(org.conjur.jenkins.conjursecrets.ConjurSecretCredentialImplTest)] DEBUG org.eclipse.jetty.util.component.AbstractLifeCycle -- starting ReservedThreadExecutor@26f5968{reserved=0/16,pending=0}
18:14:11.985 [Executing testGetSecretContextNullAndStoreContextNotNull(org.conjur.jenkins.conjursecrets.ConjurSecretCredentialImplTest)] DEBUG org.eclipse.jetty.util.component.AbstractLifeCycle -- STARTED @2542ms ReservedThreadExecutor@26f5968{reserved=0/16,pending=0}
18:14:11.985 [Executing testGetSecretContextNullAndStoreContextNotNull(org.conjur.jenkins.conjursecrets.ConjurSecretCredentialImplTest)] DEBUG org.eclipse.jetty.util.thread.QueuedThreadPool -- Starting Thread[Jetty (JenkinsRule)-30,5,main]
18:14:11.986 [Executing testGetSecretContextNullAndStoreContextNotNull(org.conjur.jenkins.conjursecrets.ConjurSecretCredentialImplTest)] DEBUG org.eclipse.jetty.util.thread.QueuedThreadPool -- Starting Thread[Jetty (JenkinsRule)-31,5,main]
18:14:11.986 [Jetty (JenkinsRule)-30] DEBUG org.eclipse.jetty.util.thread.QueuedThreadPool -- Runner started for QueuedThreadPool[Jetty (JenkinsRule)]@5e70539b{STARTING,8<=2<=200,i=2,r=-1,q=0}[ReservedThreadExecutor@26f5968{reserved=0/16,pending=0}]
18:14:11.986 [Executing testGetSecretContextNullAndStoreContextNotNull(org.conjur.jenkins.conjursecrets.ConjurSecretCredentialImplTest)] DEBUG org.eclipse.jetty.util.thread.QueuedThreadPool -- Starting Thread[Jetty (JenkinsRule)-32,5,main]
18:14:11.986 [Executing testGetSecretContextNullAndStoreContextNotNull(org.conjur.jenkins.conjursecrets.ConjurSecretCredentialImplTest)] DEBUG org.eclipse.jetty.util.thread.QueuedThreadPool -- Starting Thread[Jetty (JenkinsRule)-33,5,main]
18:14:11.986 [Jetty (JenkinsRule)-31] DEBUG org.eclipse.jetty.util.thread.QueuedThreadPool -- Runner started for QueuedThreadPool[Jetty (JenkinsRule)]@5e70539b{STARTING,8<=3<=200,i=3,r=-1,q=0}[ReservedThreadExecutor@26f5968{reserved=0/16,pending=0}]
18:14:11.986 [Executing testGetSecretContextNullAndStoreContextNotNull(org.conjur.jenkins.conjursecrets.ConjurSecretCredentialImplTest)] DEBUG org.eclipse.jetty.util.thread.QueuedThreadPool -- Starting Thread[Jetty (JenkinsRule)-34,5,main]
18:14:11.986 [Jetty (JenkinsRule)-32] DEBUG org.eclipse.jetty.util.thread.QueuedThreadPool -- Runner started for QueuedThreadPool[Jetty (JenkinsRule)]@5e70539b{STARTING,8<=4<=200,i=4,r=-1,q=0}[ReservedThreadExecutor@26f5968{reserved=0/16,pending=0}]
18:14:11.986 [Executing testGetSecretContextNullAndStoreContextNotNull(org.conjur.jenkins.conjursecrets.ConjurSecretCredentialImplTest)] DEBUG org.eclipse.jetty.util.thread.QueuedThreadPool -- Starting Thread[Jetty (JenkinsRule)-35,5,main]
18:14:11.986 [Jetty (JenkinsRule)-33] DEBUG org.eclipse.jetty.util.thread.QueuedThreadPool -- Runner started for QueuedThreadPool[Jetty (JenkinsRule)]@5e70539b{STARTING,8<=5<=200,i=5,r=-1,q=0}[ReservedThreadExecutor@26f5968{reserved=0/16,pending=0}]
18:14:11.987 [Executing testGetSecretContextNullAndStoreContextNotNull(org.conjur.jenkins.conjursecrets.ConjurSecretCredentialImplTest)] DEBUG org.eclipse.jetty.util.thread.QueuedThreadPool -- Starting Thread[Jetty (JenkinsRule)-36,5,main]
18:14:11.987 [Jetty (JenkinsRule)-34] DEBUG org.eclipse.jetty.util.thread.QueuedThreadPool -- Runner started for QueuedThreadPool[Jetty (JenkinsRule)]@5e70539b{STARTING,8<=6<=200,i=6,r=-1,q=0}[ReservedThreadExecutor@26f5968{reserved=0/16,pending=0}]
18:14:11.987 [Jetty (JenkinsRule)-35] DEBUG org.eclipse.jetty.util.thread.QueuedThreadPool -- Runner started for QueuedThreadPool[Jetty (JenkinsRule)]@5e70539b{STARTING,8<=7<=200,i=7,r=-1,q=0}[ReservedThreadExecutor@26f5968{reserved=0/16,pending=0}]
18:14:11.987 [Executing testGetSecretContextNullAndStoreContextNotNull(org.conjur.jenkins.conjursecrets.ConjurSecretCredentialImplTest)] DEBUG org.eclipse.jetty.util.thread.QueuedThreadPool -- Starting Thread[Jetty (JenkinsRule)-37,5,main]
18:14:11.987 [Jetty (JenkinsRule)-36] DEBUG org.eclipse.jetty.util.thread.QueuedThreadPool -- Runner started for QueuedThreadPool[Jetty (JenkinsRule)]@5e70539b{STARTING,8<=8<=200,i=8,r=-1,q=0}[ReservedThreadExecutor@26f5968{reserved=0/16,pending=0}]
18:14:11.987 [Executing testGetSecretContextNullAndStoreContextNotNull(org.conjur.jenkins.conjursecrets.ConjurSecretCredentialImplTest)] DEBUG org.eclipse.jetty.util.component.AbstractLifeCycle -- STARTED @2545ms QueuedThreadPool[Jetty (JenkinsRule)]@5e70539b{STARTED,8<=8<=200,i=8,r=-1,q=0}[ReservedThreadExecutor@26f5968{reserved=0/16,pending=0}]
18:14:11.987 [Jetty (JenkinsRule)-37] DEBUG org.eclipse.jetty.util.thread.QueuedThreadPool -- Runner started for QueuedThreadPool[Jetty (JenkinsRule)]@5e70539b{STARTED,8<=8<=200,i=8,r=-1,q=0}[ReservedThreadExecutor@26f5968{reserved=0/16,pending=0}]
18:14:11.987 [Executing testGetSecretContextNullAndStoreContextNotNull(org.conjur.jenkins.conjursecrets.ConjurSecretCredentialImplTest)] DEBUG org.eclipse.jetty.util.component.AbstractLifeCycle -- starting o.e.j.w.WebAppContext@2b4efaee{/jenkins,file:///Users/sameer.shaik/MyWorkSpace/17OctV2.2.3-New-BitBucketIssueFixed/conjur-credentials-plugin/target/jenkins-for-test/,STOPPED}{/Users/sameer.shaik/MyWorkSpace/17OctV2.2.3-New-BitBucketIssueFixed/conjur-credentials-plugin/target/jenkins-for-test}
18:14:11.992 [Executing testGetSecretContextNullAndStoreContextNotNull(org.conjur.jenkins.conjursecrets.ConjurSecretCredentialImplTest)] DEBUG org.eclipse.jetty.webapp.WebAppContext -- Thread Context classloader jdk.internal.loader.ClassLoaders$AppClassLoader@5ffd2b27
18:14:11.993 [Executing testGetSecretContextNullAndStoreContextNotNull(org.conjur.jenkins.conjursecrets.ConjurSecretCredentialImplTest)] DEBUG org.eclipse.jetty.webapp.WebAppContext -- Parent class loader: jdk.internal.loader.ClassLoaders$PlatformClassLoader@41de5768 
18:14:11.993 [Executing testGetSecretContextNullAndStoreContextNotNull(org.conjur.jenkins.conjursecrets.ConjurSecretCredentialImplTest)] DEBUG org.eclipse.jetty.webapp.WebAppContext -- preConfigure o.e.j.w.WebAppContext@2b4efaee{/jenkins,file:///Users/sameer.shaik/MyWorkSpace/17OctV2.2.3-New-BitBucketIssueFixed/conjur-credentials-plugin/target/jenkins-for-test/,STOPPED}{/Users/sameer.shaik/MyWorkSpace/17OctV2.2.3-New-BitBucketIssueFixed/conjur-credentials-plugin/target/jenkins-for-test} with org.eclipse.jetty.webapp.WebXmlConfiguration@33407c90
18:14:12.024 [Executing testGetSecretContextNullAndStoreContextNotNull(org.conjur.jenkins.conjursecrets.ConjurSecretCredentialImplTest)] DEBUG org.eclipse.jetty.webapp.WebDescriptor -- jar:file:/Users/sameer.shaik/.m2/repository/org/eclipse/jetty/jetty-webapp/9.4.48.v20220622/jetty-webapp-9.4.48.v20220622.jar!/org/eclipse/jetty/webapp/webdefault.xml: Calculated metadatacomplete = False with version=3.1
18:14:12.035 [Executing testGetSecretContextNullAndStoreContextNotNull(org.conjur.jenkins.conjursecrets.ConjurSecretCredentialImplTest)] DEBUG org.eclipse.jetty.webapp.WebDescriptor -- file:///Users/sameer.shaik/MyWorkSpace/17OctV2.2.3-New-BitBucketIssueFixed/conjur-credentials-plugin/target/jenkins-for-test/WEB-INF/web.xml: Calculated metadatacomplete = True with version=3.1
18:14:12.035 [Executing testGetSecretContextNullAndStoreContextNotNull(org.conjur.jenkins.conjursecrets.ConjurSecretCredentialImplTest)] DEBUG org.eclipse.jetty.webapp.WebAppContext -- configure o.e.j.w.WebAppContext@2b4efaee{/jenkins,file:///Users/sameer.shaik/MyWorkSpace/17OctV2.2.3-New-BitBucketIssueFixed/conjur-credentials-plugin/target/jenkins-for-test/,STARTING}{/Users/sameer.shaik/MyWorkSpace/17OctV2.2.3-New-BitBucketIssueFixed/conjur-credentials-plugin/target/jenkins-for-test} with org.eclipse.jetty.webapp.WebXmlConfiguration@33407c90
18:14:12.039 [Executing testGetSecretContextNullAndStoreContextNotNull(org.conjur.jenkins.conjursecrets.ConjurSecretCredentialImplTest)] DEBUG org.eclipse.jetty.webapp.MetaData -- metadata resolve o.e.j.w.WebAppContext@2b4efaee{/jenkins,file:///Users/sameer.shaik/MyWorkSpace/17OctV2.2.3-New-BitBucketIssueFixed/conjur-credentials-plugin/target/jenkins-for-test/,STARTING}{/Users/sameer.shaik/MyWorkSpace/17OctV2.2.3-New-BitBucketIssueFixed/conjur-credentials-plugin/target/jenkins-for-test}
18:14:12.041 [Executing testGetSecretContextNullAndStoreContextNotNull(org.conjur.jenkins.conjursecrets.ConjurSecretCredentialImplTest)] DEBUG org.eclipse.jetty.util.component.ContainerLifeCycle -- ServletHandler@dfb27b0{STOPPED} added {org.eclipse.jetty.servlet.listener.ELContextCleaner@169e9ac9{src=DESCRIPTOR:jar:file:/Users/sameer.shaik/.m2/repository/org/eclipse/jetty/jetty-webapp/9.4.48.v20220622/jetty-webapp-9.4.48.v20220622.jar!/org/eclipse/jetty/webapp/webdefault.xml},AUTO}
18:14:12.042 [Executing testGetSecretContextNullAndStoreContextNotNull(org.conjur.jenkins.conjursecrets.ConjurSecretCredentialImplTest)] DEBUG org.eclipse.jetty.util.component.ContainerLifeCycle -- ServletHandler@dfb27b0{STOPPED} added {org.eclipse.jetty.servlet.listener.IntrospectorCleaner@352f867e{src=DESCRIPTOR:jar:file:/Users/sameer.shaik/.m2/repository/org/eclipse/jetty/jetty-webapp/9.4.48.v20220622/jetty-webapp-9.4.48.v20220622.jar!/org/eclipse/jetty/webapp/webdefault.xml},AUTO}
18:14:12.045 [Executing testGetSecretContextNullAndStoreContextNotNull(org.conjur.jenkins.conjursecrets.ConjurSecretCredentialImplTest)] DEBUG org.eclipse.jetty.webapp.StandardDescriptorProcessor -- Added mapping [/]=>default 
18:14:12.045 [Executing testGetSecretContextNullAndStoreContextNotNull(org.conjur.jenkins.conjursecrets.ConjurSecretCredentialImplTest)] INFO org.eclipse.jetty.webapp.StandardDescriptorProcessor -- NO JSP Support for /jenkins, did not find org.eclipse.jetty.jsp.JettyJspServlet
18:14:12.045 [Executing testGetSecretContextNullAndStoreContextNotNull(org.conjur.jenkins.conjursecrets.ConjurSecretCredentialImplTest)] DEBUG org.eclipse.jetty.webapp.StandardDescriptorProcessor -- Added mapping [*.jsp, *.jspf, *.jspx, *.xsp, *.JSP, *.JSPF, *.JSPX, *.XSP]=>jsp 
18:14:12.046 [Executing testGetSecretContextNullAndStoreContextNotNull(org.conjur.jenkins.conjursecrets.ConjurSecretCredentialImplTest)] DEBUG org.eclipse.jetty.server.session -- SessionManager default maxInactiveInterval=1800
18:14:12.047 [Executing testGetSecretContextNullAndStoreContextNotNull(org.conjur.jenkins.conjursecrets.ConjurSecretCredentialImplTest)] DEBUG org.eclipse.jetty.util.component.ContainerLifeCycle -- ServletHandler@dfb27b0{STOPPED} added {default==org.eclipse.jetty.servlet.DefaultServlet@5c13d641{jsp=null,order=0,inst=false,async=false,src=DESCRIPTOR:jar:file:/Users/sameer.shaik/.m2/repository/org/eclipse/jetty/jetty-webapp/9.4.48.v20220622/jetty-webapp-9.4.48.v20220622.jar!/org/eclipse/jetty/webapp/webdefault.xml,STOPPED},AUTO}
18:14:12.047 [Executing testGetSecretContextNullAndStoreContextNotNull(org.conjur.jenkins.conjursecrets.ConjurSecretCredentialImplTest)] DEBUG org.eclipse.jetty.util.component.ContainerLifeCycle -- ServletHandler@dfb27b0{STOPPED} added {jsp==org.eclipse.jetty.servlet.NoJspServlet@19c47{jsp=null,order=0,inst=false,async=false,src=DESCRIPTOR:jar:file:/Users/sameer.shaik/.m2/repository/org/eclipse/jetty/jetty-webapp/9.4.48.v20220622/jetty-webapp-9.4.48.v20220622.jar!/org/eclipse/jetty/webapp/webdefault.xml,STOPPED},AUTO}
18:14:12.048 [Executing testGetSecretContextNullAndStoreContextNotNull(org.conjur.jenkins.conjursecrets.ConjurSecretCredentialImplTest)] DEBUG org.eclipse.jetty.util.component.ContainerLifeCycle -- ServletHandler@dfb27b0{STOPPED} added {[/]=>default,POJO}
18:14:12.048 [Executing testGetSecretContextNullAndStoreContextNotNull(org.conjur.jenkins.conjursecrets.ConjurSecretCredentialImplTest)] DEBUG org.eclipse.jetty.util.component.ContainerLifeCycle -- ServletHandler@dfb27b0{STOPPED} added {[*.jsp, *.jspf, *.jspx, *.xsp, *.JSP, *.JSPF, *.JSPX, *.XSP]=>jsp,POJO}
18:14:12.048 [Executing testGetSecretContextNullAndStoreContextNotNull(org.conjur.jenkins.conjursecrets.ConjurSecretCredentialImplTest)] DEBUG org.eclipse.jetty.webapp.StandardDescriptorProcessor -- Added mapping [/*]=>Stapler 
18:14:12.049 [Executing testGetSecretContextNullAndStoreContextNotNull(org.conjur.jenkins.conjursecrets.ConjurSecretCredentialImplTest)] DEBUG org.eclipse.jetty.util.component.ContainerLifeCycle -- ServletHandler@dfb27b0{STOPPED} added {jenkins.util.SystemProperties$Listener@55fb77fc{src=DESCRIPTOR:file:///Users/sameer.shaik/MyWorkSpace/17OctV2.2.3-New-BitBucketIssueFixed/conjur-credentials-plugin/target/jenkins-for-test/WEB-INF/web.xml},AUTO}
18:14:12.049 [Executing testGetSecretContextNullAndStoreContextNotNull(org.conjur.jenkins.conjursecrets.ConjurSecretCredentialImplTest)] DEBUG org.eclipse.jetty.util.component.ContainerLifeCycle -- ServletHandler@dfb27b0{STOPPED} added {hudson.WebAppMain@7926ccbd{src=DESCRIPTOR:file:///Users/sameer.shaik/MyWorkSpace/17OctV2.2.3-New-BitBucketIssueFixed/conjur-credentials-plugin/target/jenkins-for-test/WEB-INF/web.xml},AUTO}
18:14:12.050 [Executing testGetSecretContextNullAndStoreContextNotNull(org.conjur.jenkins.conjursecrets.ConjurSecretCredentialImplTest)] DEBUG org.eclipse.jetty.util.component.ContainerLifeCycle -- ServletHandler@dfb27b0{STOPPED} added {jenkins.JenkinsHttpSessionListener@4d6d96c2{src=DESCRIPTOR:file:///Users/sameer.shaik/MyWorkSpace/17OctV2.2.3-New-BitBucketIssueFixed/conjur-credentials-plugin/target/jenkins-for-test/WEB-INF/web.xml},AUTO}
18:14:12.050 [Executing testGetSecretContextNullAndStoreContextNotNull(org.conjur.jenkins.conjursecrets.ConjurSecretCredentialImplTest)] DEBUG org.eclipse.jetty.util.component.ContainerLifeCycle -- ServletHandler@dfb27b0{STOPPED} added {suspicious-request-filter==jenkins.security.SuspiciousRequestFilter@654b0387{inst=false,async=true,src=DESCRIPTOR:file:///Users/sameer.shaik/MyWorkSpace/17OctV2.2.3-New-BitBucketIssueFixed/conjur-credentials-plugin/target/jenkins-for-test/WEB-INF/web.xml},AUTO}
18:14:12.050 [Executing testGetSecretContextNullAndStoreContextNotNull(org.conjur.jenkins.conjursecrets.ConjurSecretCredentialImplTest)] DEBUG org.eclipse.jetty.util.component.ContainerLifeCycle -- ServletHandler@dfb27b0{STOPPED} added {diagnostic-name-filter==org.kohsuke.stapler.DiagnosticThreadNameFilter@6b81dc45{inst=false,async=true,src=DESCRIPTOR:file:///Users/sameer.shaik/MyWorkSpace/17OctV2.2.3-New-BitBucketIssueFixed/conjur-credentials-plugin/target/jenkins-for-test/WEB-INF/web.xml},AUTO}
18:14:12.050 [Executing testGetSecretContextNullAndStoreContextNotNull(org.conjur.jenkins.conjursecrets.ConjurSecretCredentialImplTest)] DEBUG org.eclipse.jetty.util.component.ContainerLifeCycle -- ServletHandler@dfb27b0{STOPPED} added {encoding-filter==hudson.util.CharacterEncodingFilter@248da6ac{inst=false,async=true,src=DESCRIPTOR:file:///Users/sameer.shaik/MyWorkSpace/17OctV2.2.3-New-BitBucketIssueFixed/conjur-credentials-plugin/target/jenkins-for-test/WEB-INF/web.xml},AUTO}
18:14:12.050 [Executing testGetSecretContextNullAndStoreContextNotNull(org.conjur.jenkins.conjursecrets.ConjurSecretCredentialImplTest)] DEBUG org.eclipse.jetty.util.component.ContainerLifeCycle -- ServletHandler@dfb27b0{STOPPED} added {compression-filter==org.kohsuke.stapler.compression.CompressionFilter@5f7ef79{inst=false,async=true,src=DESCRIPTOR:file:///Users/sameer.shaik/MyWorkSpace/17OctV2.2.3-New-BitBucketIssueFixed/conjur-credentials-plugin/target/jenkins-for-test/WEB-INF/web.xml},AUTO}
18:14:12.050 [Executing testGetSecretContextNullAndStoreContextNotNull(org.conjur.jenkins.conjursecrets.ConjurSecretCredentialImplTest)] DEBUG org.eclipse.jetty.util.component.ContainerLifeCycle -- ServletHandler@dfb27b0{STOPPED} added {authentication-filter==hudson.security.HudsonFilter@389d837b{inst=false,async=true,src=DESCRIPTOR:file:///Users/sameer.shaik/MyWorkSpace/17OctV2.2.3-New-BitBucketIssueFixed/conjur-credentials-plugin/target/jenkins-for-test/WEB-INF/web.xml},AUTO}
18:14:12.050 [Executing testGetSecretContextNullAndStoreContextNotNull(org.conjur.jenkins.conjursecrets.ConjurSecretCredentialImplTest)] DEBUG org.eclipse.jetty.util.component.ContainerLifeCycle -- ServletHandler@dfb27b0{STOPPED} added {csrf-filter==hudson.security.csrf.CrumbFilter@5d1b13d9{inst=false,async=true,src=DESCRIPTOR:file:///Users/sameer.shaik/MyWorkSpace/17OctV2.2.3-New-BitBucketIssueFixed/conjur-credentials-plugin/target/jenkins-for-test/WEB-INF/web.xml},AUTO}
18:14:12.051 [Executing testGetSecretContextNullAndStoreContextNotNull(org.conjur.jenkins.conjursecrets.ConjurSecretCredentialImplTest)] DEBUG org.eclipse.jetty.util.component.ContainerLifeCycle -- ServletHandler@dfb27b0{STOPPED} added {plugins-filter==hudson.util.PluginServletFilter@146a7610{inst=false,async=true,src=DESCRIPTOR:file:///Users/sameer.shaik/MyWorkSpace/17OctV2.2.3-New-BitBucketIssueFixed/conjur-credentials-plugin/target/jenkins-for-test/WEB-INF/web.xml},AUTO}
18:14:12.051 [Executing testGetSecretContextNullAndStoreContextNotNull(org.conjur.jenkins.conjursecrets.ConjurSecretCredentialImplTest)] DEBUG org.eclipse.jetty.util.component.ContainerLifeCycle -- ServletHandler@dfb27b0{STOPPED} added {Stapler==org.kohsuke.stapler.Stapler@f222d1a9{jsp=null,order=-1,inst=false,async=true,src=DESCRIPTOR:file:///Users/sameer.shaik/MyWorkSpace/17OctV2.2.3-New-BitBucketIssueFixed/conjur-credentials-plugin/target/jenkins-for-test/WEB-INF/web.xml,STOPPED},AUTO}
18:14:12.056 [Executing testGetSecretContextNullAndStoreContextNotNull(org.conjur.jenkins.conjursecrets.ConjurSecretCredentialImplTest)] DEBUG org.eclipse.jetty.util.component.ContainerLifeCycle -- ServletHandler@dfb27b0{STOPPED} added {[/*]/[]/[REQUEST]=>suspicious-request-filter,POJO}
18:14:12.056 [Executing testGetSecretContextNullAndStoreContextNotNull(org.conjur.jenkins.conjursecrets.ConjurSecretCredentialImplTest)] DEBUG org.eclipse.jetty.util.component.ContainerLifeCycle -- ServletHandler@dfb27b0{STOPPED} added {[/*]/[]/[REQUEST]=>diagnostic-name-filter,POJO}
18:14:12.056 [Executing testGetSecretContextNullAndStoreContextNotNull(org.conjur.jenkins.conjursecrets.ConjurSecretCredentialImplTest)] DEBUG org.eclipse.jetty.util.component.ContainerLifeCycle -- ServletHandler@dfb27b0{STOPPED} added {[/*]/[]/[REQUEST]=>encoding-filter,POJO}
18:14:12.056 [Executing testGetSecretContextNullAndStoreContextNotNull(org.conjur.jenkins.conjursecrets.ConjurSecretCredentialImplTest)] DEBUG org.eclipse.jetty.util.component.ContainerLifeCycle -- ServletHandler@dfb27b0{STOPPED} added {[/*]/[]/[REQUEST]=>compression-filter,POJO}
18:14:12.056 [Executing testGetSecretContextNullAndStoreContextNotNull(org.conjur.jenkins.conjursecrets.ConjurSecretCredentialImplTest)] DEBUG org.eclipse.jetty.util.component.ContainerLifeCycle -- ServletHandler@dfb27b0{STOPPED} added {[/*]/[]/[REQUEST]=>authentication-filter,POJO}
18:14:12.056 [Executing testGetSecretContextNullAndStoreContextNotNull(org.conjur.jenkins.conjursecrets.ConjurSecretCredentialImplTest)] DEBUG org.eclipse.jetty.util.component.ContainerLifeCycle -- ServletHandler@dfb27b0{STOPPED} added {[/*]/[]/[REQUEST]=>csrf-filter,POJO}
18:14:12.056 [Executing testGetSecretContextNullAndStoreContextNotNull(org.conjur.jenkins.conjursecrets.ConjurSecretCredentialImplTest)] DEBUG org.eclipse.jetty.util.component.ContainerLifeCycle -- ServletHandler@dfb27b0{STOPPED} added {[/*]/[]/[REQUEST]=>plugins-filter,POJO}
18:14:12.057 [Executing testGetSecretContextNullAndStoreContextNotNull(org.conjur.jenkins.conjursecrets.ConjurSecretCredentialImplTest)] DEBUG org.eclipse.jetty.util.component.ContainerLifeCycle -- ServletHandler@dfb27b0{STOPPED} added {[/*]=>Stapler,POJO}
18:14:12.057 [Executing testGetSecretContextNullAndStoreContextNotNull(org.conjur.jenkins.conjursecrets.ConjurSecretCredentialImplTest)] DEBUG org.eclipse.jetty.util.component.AbstractLifeCycle -- starting org.eclipse.jetty.servlet.listener.ELContextCleaner@169e9ac9{src=DESCRIPTOR:jar:file:/Users/sameer.shaik/.m2/repository/org/eclipse/jetty/jetty-webapp/9.4.48.v20220622/jetty-webapp-9.4.48.v20220622.jar!/org/eclipse/jetty/webapp/webdefault.xml}
18:14:12.058 [Executing testGetSecretContextNullAndStoreContextNotNull(org.conjur.jenkins.conjursecrets.ConjurSecretCredentialImplTest)] DEBUG org.eclipse.jetty.servlet.BaseHolder -- Holding class org.eclipse.jetty.servlet.listener.ELContextCleaner from jdk.internal.loader.ClassLoaders$AppClassLoader@5ffd2b27
18:14:12.059 [Executing testGetSecretContextNullAndStoreContextNotNull(org.conjur.jenkins.conjursecrets.ConjurSecretCredentialImplTest)] DEBUG org.eclipse.jetty.util.component.AbstractLifeCycle -- STARTED @2617ms org.eclipse.jetty.servlet.listener.ELContextCleaner@169e9ac9{src=DESCRIPTOR:jar:file:/Users/sameer.shaik/.m2/repository/org/eclipse/jetty/jetty-webapp/9.4.48.v20220622/jetty-webapp-9.4.48.v20220622.jar!/org/eclipse/jetty/webapp/webdefault.xml}
18:14:12.059 [Executing testGetSecretContextNullAndStoreContextNotNull(org.conjur.jenkins.conjursecrets.ConjurSecretCredentialImplTest)] DEBUG org.eclipse.jetty.util.component.AbstractLifeCycle -- starting org.eclipse.jetty.servlet.listener.IntrospectorCleaner@352f867e{src=DESCRIPTOR:jar:file:/Users/sameer.shaik/.m2/repository/org/eclipse/jetty/jetty-webapp/9.4.48.v20220622/jetty-webapp-9.4.48.v20220622.jar!/org/eclipse/jetty/webapp/webdefault.xml}
18:14:12.060 [Executing testGetSecretContextNullAndStoreContextNotNull(org.conjur.jenkins.conjursecrets.ConjurSecretCredentialImplTest)] DEBUG org.eclipse.jetty.servlet.BaseHolder -- Holding class org.eclipse.jetty.servlet.listener.IntrospectorCleaner from jdk.internal.loader.ClassLoaders$AppClassLoader@5ffd2b27
18:14:12.060 [Executing testGetSecretContextNullAndStoreContextNotNull(org.conjur.jenkins.conjursecrets.ConjurSecretCredentialImplTest)] DEBUG org.eclipse.jetty.util.component.AbstractLifeCycle -- STARTED @2618ms org.eclipse.jetty.servlet.listener.IntrospectorCleaner@352f867e{src=DESCRIPTOR:jar:file:/Users/sameer.shaik/.m2/repository/org/eclipse/jetty/jetty-webapp/9.4.48.v20220622/jetty-webapp-9.4.48.v20220622.jar!/org/eclipse/jetty/webapp/webdefault.xml}
18:14:12.060 [Executing testGetSecretContextNullAndStoreContextNotNull(org.conjur.jenkins.conjursecrets.ConjurSecretCredentialImplTest)] DEBUG org.eclipse.jetty.util.component.AbstractLifeCycle -- starting jenkins.util.SystemProperties$Listener@55fb77fc{src=DESCRIPTOR:file:///Users/sameer.shaik/MyWorkSpace/17OctV2.2.3-New-BitBucketIssueFixed/conjur-credentials-plugin/target/jenkins-for-test/WEB-INF/web.xml}
18:14:12.060 [Executing testGetSecretContextNullAndStoreContextNotNull(org.conjur.jenkins.conjursecrets.ConjurSecretCredentialImplTest)] DEBUG org.eclipse.jetty.servlet.BaseHolder -- Holding class jenkins.util.SystemProperties$Listener from jdk.internal.loader.ClassLoaders$AppClassLoader@5ffd2b27
18:14:12.060 [Executing testGetSecretContextNullAndStoreContextNotNull(org.conjur.jenkins.conjursecrets.ConjurSecretCredentialImplTest)] DEBUG org.eclipse.jetty.util.component.AbstractLifeCycle -- STARTED @2618ms jenkins.util.SystemProperties$Listener@55fb77fc{src=DESCRIPTOR:file:///Users/sameer.shaik/MyWorkSpace/17OctV2.2.3-New-BitBucketIssueFixed/conjur-credentials-plugin/target/jenkins-for-test/WEB-INF/web.xml}
18:14:12.061 [Executing testGetSecretContextNullAndStoreContextNotNull(org.conjur.jenkins.conjursecrets.ConjurSecretCredentialImplTest)] DEBUG org.eclipse.jetty.util.component.AbstractLifeCycle -- starting hudson.WebAppMain@7926ccbd{src=DESCRIPTOR:file:///Users/sameer.shaik/MyWorkSpace/17OctV2.2.3-New-BitBucketIssueFixed/conjur-credentials-plugin/target/jenkins-for-test/WEB-INF/web.xml}
18:14:12.062 [Executing testGetSecretContextNullAndStoreContextNotNull(org.conjur.jenkins.conjursecrets.ConjurSecretCredentialImplTest)] DEBUG org.eclipse.jetty.servlet.BaseHolder -- Holding class hudson.WebAppMain from jdk.internal.loader.ClassLoaders$AppClassLoader@5ffd2b27
18:14:12.065 [Executing testGetSecretContextNullAndStoreContextNotNull(org.conjur.jenkins.conjursecrets.ConjurSecretCredentialImplTest)] DEBUG org.eclipse.jetty.util.component.AbstractLifeCycle -- STARTED @2623ms hudson.WebAppMain@7926ccbd{src=DESCRIPTOR:file:///Users/sameer.shaik/MyWorkSpace/17OctV2.2.3-New-BitBucketIssueFixed/conjur-credentials-plugin/target/jenkins-for-test/WEB-INF/web.xml}
18:14:12.065 [Executing testGetSecretContextNullAndStoreContextNotNull(org.conjur.jenkins.conjursecrets.ConjurSecretCredentialImplTest)] DEBUG org.eclipse.jetty.util.component.AbstractLifeCycle -- starting jenkins.JenkinsHttpSessionListener@4d6d96c2{src=DESCRIPTOR:file:///Users/sameer.shaik/MyWorkSpace/17OctV2.2.3-New-BitBucketIssueFixed/conjur-credentials-plugin/target/jenkins-for-test/WEB-INF/web.xml}
18:14:12.065 [Executing testGetSecretContextNullAndStoreContextNotNull(org.conjur.jenkins.conjursecrets.ConjurSecretCredentialImplTest)] DEBUG org.eclipse.jetty.servlet.BaseHolder -- Holding class jenkins.JenkinsHttpSessionListener from jdk.internal.loader.ClassLoaders$AppClassLoader@5ffd2b27
18:14:12.065 [Executing testGetSecretContextNullAndStoreContextNotNull(org.conjur.jenkins.conjursecrets.ConjurSecretCredentialImplTest)] DEBUG org.eclipse.jetty.util.component.ContainerLifeCycle -- org.eclipse.jetty.server.session.SessionHandler1448014294==dftMaxIdleSec=1800 added {jenkins.JenkinsHttpSessionListener@23a59f42,UNMANAGED}
18:14:12.066 [Executing testGetSecretContextNullAndStoreContextNotNull(org.conjur.jenkins.conjursecrets.ConjurSecretCredentialImplTest)] DEBUG org.eclipse.jetty.util.component.AbstractLifeCycle -- STARTED @2623ms jenkins.JenkinsHttpSessionListener@4d6d96c2{src=DESCRIPTOR:file:///Users/sameer.shaik/MyWorkSpace/17OctV2.2.3-New-BitBucketIssueFixed/conjur-credentials-plugin/target/jenkins-for-test/WEB-INF/web.xml}
18:14:12.066 [Executing testGetSecretContextNullAndStoreContextNotNull(org.conjur.jenkins.conjursecrets.ConjurSecretCredentialImplTest)] DEBUG org.eclipse.jetty.server.handler.AbstractHandler -- starting o.e.j.w.WebAppContext@2b4efaee{Jenkins v2.346.3,/jenkins,file:///Users/sameer.shaik/MyWorkSpace/17OctV2.2.3-New-BitBucketIssueFixed/conjur-credentials-plugin/target/jenkins-for-test/,STARTING}{/Users/sameer.shaik/MyWorkSpace/17OctV2.2.3-New-BitBucketIssueFixed/conjur-credentials-plugin/target/jenkins-for-test}
18:14:12.066 [Executing testGetSecretContextNullAndStoreContextNotNull(org.conjur.jenkins.conjursecrets.ConjurSecretCredentialImplTest)] DEBUG org.eclipse.jetty.util.component.AbstractLifeCycle -- starting SymlinkAllowedResourceAliasChecker@37f8e221{base=null,protected=[/WEB-INF, /META-INF]}
18:14:12.066 [Executing testGetSecretContextNullAndStoreContextNotNull(org.conjur.jenkins.conjursecrets.ConjurSecretCredentialImplTest)] DEBUG org.eclipse.jetty.util.component.AbstractLifeCycle -- STARTED @2624ms SymlinkAllowedResourceAliasChecker@37f8e221{base=null,protected=[/WEB-INF, /META-INF]}
18:14:12.066 [Executing testGetSecretContextNullAndStoreContextNotNull(org.conjur.jenkins.conjursecrets.ConjurSecretCredentialImplTest)] DEBUG org.eclipse.jetty.util.component.AbstractLifeCycle -- starting org.eclipse.jetty.server.session.SessionHandler1448014294==dftMaxIdleSec=1800
18:14:12.068 [Executing testGetSecretContextNullAndStoreContextNotNull(org.conjur.jenkins.conjursecrets.ConjurSecretCredentialImplTest)] DEBUG org.eclipse.jetty.util.component.ContainerLifeCycle -- org.eclipse.jetty.server.session.SessionHandler1448014294==dftMaxIdleSec=1800 added {org.eclipse.jetty.server.session.DefaultSessionCache@27543065[evict=-1,removeUnloadable=false,saveOnCreate=false,saveOnInactiveEvict=false],AUTO}
18:14:12.069 [Executing testGetSecretContextNullAndStoreContextNotNull(org.conjur.jenkins.conjursecrets.ConjurSecretCredentialImplTest)] DEBUG org.eclipse.jetty.util.component.ContainerLifeCycle -- org.eclipse.jetty.server.session.DefaultSessionCache@27543065[evict=-1,removeUnloadable=false,saveOnCreate=false,saveOnInactiveEvict=false] added {org.eclipse.jetty.server.session.NullSessionDataStore@62e3e883[passivating=false,graceSec=3600],AUTO}
18:14:12.070 [Executing testGetSecretContextNullAndStoreContextNotNull(org.conjur.jenkins.conjursecrets.ConjurSecretCredentialImplTest)] DEBUG org.eclipse.jetty.util.component.AbstractLifeCycle -- starting DefaultSessionIdManager@4684da71{STOPPED}[worker=null]
18:14:12.070 [Executing testGetSecretContextNullAndStoreContextNotNull(org.conjur.jenkins.conjursecrets.ConjurSecretCredentialImplTest)] INFO org.eclipse.jetty.server.session -- DefaultSessionIdManager workerName=node0
18:14:12.070 [Executing testGetSecretContextNullAndStoreContextNotNull(org.conjur.jenkins.conjursecrets.ConjurSecretCredentialImplTest)] INFO org.eclipse.jetty.server.session -- No SessionScavenger set, using defaults
18:14:12.071 [Executing testGetSecretContextNullAndStoreContextNotNull(org.conjur.jenkins.conjursecrets.ConjurSecretCredentialImplTest)] DEBUG org.eclipse.jetty.util.component.ContainerLifeCycle -- DefaultSessionIdManager@4684da71{STARTING}[worker=node0] added {HouseKeeper@6448451{STOPPED}[interval=600000, ownscheduler=false],MANAGED}
18:14:12.071 [Executing testGetSecretContextNullAndStoreContextNotNull(org.conjur.jenkins.conjursecrets.ConjurSecretCredentialImplTest)] DEBUG org.eclipse.jetty.util.component.AbstractLifeCycle -- starting HouseKeeper@6448451{STOPPED}[interval=600000, ownscheduler=false]
18:14:12.071 [Executing testGetSecretContextNullAndStoreContextNotNull(org.conjur.jenkins.conjursecrets.ConjurSecretCredentialImplTest)] DEBUG org.eclipse.jetty.util.component.AbstractLifeCycle -- starting ScheduledExecutorScheduler@76efcc8f{STOPPED}
18:14:12.071 [Executing testGetSecretContextNullAndStoreContextNotNull(org.conjur.jenkins.conjursecrets.ConjurSecretCredentialImplTest)] DEBUG org.eclipse.jetty.util.component.AbstractLifeCycle -- STARTED @2629ms ScheduledExecutorScheduler@76efcc8f{STARTED}
18:14:12.071 [Executing testGetSecretContextNullAndStoreContextNotNull(org.conjur.jenkins.conjursecrets.ConjurSecretCredentialImplTest)] DEBUG org.eclipse.jetty.server.session -- Using own scheduler for scavenging
18:14:12.072 [Executing testGetSecretContextNullAndStoreContextNotNull(org.conjur.jenkins.conjursecrets.ConjurSecretCredentialImplTest)] INFO org.eclipse.jetty.server.session -- node0 Scavenging every 600000ms
18:14:12.072 [Executing testGetSecretContextNullAndStoreContextNotNull(org.conjur.jenkins.conjursecrets.ConjurSecretCredentialImplTest)] DEBUG org.eclipse.jetty.util.component.AbstractLifeCycle -- STARTED @2630ms HouseKeeper@6448451{STARTED}[interval=600000, ownscheduler=true]
18:14:12.072 [Executing testGetSecretContextNullAndStoreContextNotNull(org.conjur.jenkins.conjursecrets.ConjurSecretCredentialImplTest)] DEBUG org.eclipse.jetty.util.component.AbstractLifeCycle -- STARTED @2630ms DefaultSessionIdManager@4684da71{STARTED}[worker=node0]
18:14:12.072 [Executing testGetSecretContextNullAndStoreContextNotNull(org.conjur.jenkins.conjursecrets.ConjurSecretCredentialImplTest)] DEBUG org.eclipse.jetty.util.component.ContainerLifeCycle -- Server@3259505c{STARTING}[9.4.48.v20220622] added {DefaultSessionIdManager@4684da71{STARTED}[worker=node0],MANAGED}
18:14:12.073 [Executing testGetSecretContextNullAndStoreContextNotNull(org.conjur.jenkins.conjursecrets.ConjurSecretCredentialImplTest)] DEBUG org.eclipse.jetty.util.component.ContainerLifeCycle -- org.eclipse.jetty.server.session.SessionHandler1448014294==dftMaxIdleSec=1800 added {DefaultSessionIdManager@4684da71{STARTED}[worker=node0],UNMANAGED}
18:14:12.073 [Executing testGetSecretContextNullAndStoreContextNotNull(org.conjur.jenkins.conjursecrets.ConjurSecretCredentialImplTest)] DEBUG org.eclipse.jetty.util.component.AbstractLifeCycle -- starting ScheduledExecutorScheduler@8b8e6a9{STOPPED}
18:14:12.073 [Executing testGetSecretContextNullAndStoreContextNotNull(org.conjur.jenkins.conjursecrets.ConjurSecretCredentialImplTest)] DEBUG org.eclipse.jetty.util.component.AbstractLifeCycle -- STARTED @2631ms ScheduledExecutorScheduler@8b8e6a9{STARTED}
18:14:12.073 [Executing testGetSecretContextNullAndStoreContextNotNull(org.conjur.jenkins.conjursecrets.ConjurSecretCredentialImplTest)] DEBUG org.eclipse.jetty.server.handler.AbstractHandler -- starting org.eclipse.jetty.server.session.SessionHandler1448014294==dftMaxIdleSec=1800
18:14:12.073 [Executing testGetSecretContextNullAndStoreContextNotNull(org.conjur.jenkins.conjursecrets.ConjurSecretCredentialImplTest)] DEBUG org.eclipse.jetty.util.component.AbstractLifeCycle -- starting ConstraintSecurityHandler@33b3322a{STOPPED}
18:14:12.074 [Executing testGetSecretContextNullAndStoreContextNotNull(org.conjur.jenkins.conjursecrets.ConjurSecretCredentialImplTest)] DEBUG org.eclipse.jetty.util.component.ContainerLifeCycle -- ConstraintSecurityHandler@33b3322a{STARTING} added {org.eclipse.jetty.security.DefaultIdentityService@43689fa1,POJO}
18:14:12.076 [Executing testGetSecretContextNullAndStoreContextNotNull(org.conjur.jenkins.conjursecrets.ConjurSecretCredentialImplTest)] DEBUG org.eclipse.jetty.security.SecurityHandler -- Created authenticator org.eclipse.jetty.security.authentication.FormAuthenticator@5d9eca54 with org.eclipse.jetty.security.DefaultAuthenticatorFactory@433300e3
18:14:12.076 [Executing testGetSecretContextNullAndStoreContextNotNull(org.conjur.jenkins.conjursecrets.ConjurSecretCredentialImplTest)] DEBUG org.eclipse.jetty.util.component.ContainerLifeCycle -- ConstraintSecurityHandler@33b3322a{STARTING} added {org.eclipse.jetty.security.authentication.FormAuthenticator@5d9eca54,POJO}
18:14:12.076 [Executing testGetSecretContextNullAndStoreContextNotNull(org.conjur.jenkins.conjursecrets.ConjurSecretCredentialImplTest)] DEBUG org.eclipse.jetty.server.handler.AbstractHandler -- starting ConstraintSecurityHandler@33b3322a{STARTING}
18:14:12.076 [Executing testGetSecretContextNullAndStoreContextNotNull(org.conjur.jenkins.conjursecrets.ConjurSecretCredentialImplTest)] DEBUG org.eclipse.jetty.util.component.AbstractLifeCycle -- starting ServletHandler@dfb27b0{STOPPED}
18:14:12.078 [Executing testGetSecretContextNullAndStoreContextNotNull(org.conjur.jenkins.conjursecrets.ConjurSecretCredentialImplTest)] DEBUG org.eclipse.jetty.servlet.ServletHandler -- Path=*.jspx[DESCRIPTOR:jar:file:/Users/sameer.shaik/.m2/repository/org/eclipse/jetty/jetty-webapp/9.4.48.v20220622/jetty-webapp-9.4.48.v20220622.jar!/org/eclipse/jetty/webapp/webdefault.xml] mapped to servlet=jsp[DESCRIPTOR:jar:file:/Users/sameer.shaik/.m2/repository/org/eclipse/jetty/jetty-webapp/9.4.48.v20220622/jetty-webapp-9.4.48.v20220622.jar!/org/eclipse/jetty/webapp/webdefault.xml]
18:14:12.079 [Executing testGetSecretContextNullAndStoreContextNotNull(org.conjur.jenkins.conjursecrets.ConjurSecretCredentialImplTest)] DEBUG org.eclipse.jetty.http.pathmap.ServletPathSpec -- Creating ServletPathSpec[*.jspx] (group: SUFFIX_GLOB, prefix: "null", suffix: "jspx")
18:14:12.079 [Executing testGetSecretContextNullAndStoreContextNotNull(org.conjur.jenkins.conjursecrets.ConjurSecretCredentialImplTest)] DEBUG org.eclipse.jetty.http.pathmap.PathMappings -- Added MappedResource[pathSpec=ServletPathSpec@96a7cfb7{*.jspx},resource=jsp==org.eclipse.jetty.servlet.NoJspServlet@19c47{jsp=null,order=0,inst=false,async=false,src=DESCRIPTOR:jar:file:/Users/sameer.shaik/.m2/repository/org/eclipse/jetty/jetty-webapp/9.4.48.v20220622/jetty-webapp-9.4.48.v20220622.jar!/org/eclipse/jetty/webapp/webdefault.xml,STOPPED}] to PathMappings[size=1]
18:14:12.079 [Executing testGetSecretContextNullAndStoreContextNotNull(org.conjur.jenkins.conjursecrets.ConjurSecretCredentialImplTest)] DEBUG org.eclipse.jetty.servlet.ServletHandler -- Path=*.JSPX[DESCRIPTOR:jar:file:/Users/sameer.shaik/.m2/repository/org/eclipse/jetty/jetty-webapp/9.4.48.v20220622/jetty-webapp-9.4.48.v20220622.jar!/org/eclipse/jetty/webapp/webdefault.xml] mapped to servlet=jsp[DESCRIPTOR:jar:file:/Users/sameer.shaik/.m2/repository/org/eclipse/jetty/jetty-webapp/9.4.48.v20220622/jetty-webapp-9.4.48.v20220622.jar!/org/eclipse/jetty/webapp/webdefault.xml]
18:14:12.079 [Executing testGetSecretContextNullAndStoreContextNotNull(org.conjur.jenkins.conjursecrets.ConjurSecretCredentialImplTest)] DEBUG org.eclipse.jetty.http.pathmap.ServletPathSpec -- Creating ServletPathSpec[*.JSPX] (group: SUFFIX_GLOB, prefix: "null", suffix: "JSPX")
18:14:12.079 [Executing testGetSecretContextNullAndStoreContextNotNull(org.conjur.jenkins.conjursecrets.ConjurSecretCredentialImplTest)] DEBUG org.eclipse.jetty.http.pathmap.PathMappings -- Added MappedResource[pathSpec=ServletPathSpec@94d5d7b7{*.JSPX},resource=jsp==org.eclipse.jetty.servlet.NoJspServlet@19c47{jsp=null,order=0,inst=false,async=false,src=DESCRIPTOR:jar:file:/Users/sameer.shaik/.m2/repository/org/eclipse/jetty/jetty-webapp/9.4.48.v20220622/jetty-webapp-9.4.48.v20220622.jar!/org/eclipse/jetty/webapp/webdefault.xml,STOPPED}] to PathMappings[size=2]
18:14:12.079 [Executing testGetSecretContextNullAndStoreContextNotNull(org.conjur.jenkins.conjursecrets.ConjurSecretCredentialImplTest)] DEBUG org.eclipse.jetty.servlet.ServletHandler -- Path=*.JSPF[DESCRIPTOR:jar:file:/Users/sameer.shaik/.m2/repository/org/eclipse/jetty/jetty-webapp/9.4.48.v20220622/jetty-webapp-9.4.48.v20220622.jar!/org/eclipse/jetty/webapp/webdefault.xml] mapped to servlet=jsp[DESCRIPTOR:jar:file:/Users/sameer.shaik/.m2/repository/org/eclipse/jetty/jetty-webapp/9.4.48.v20220622/jetty-webapp-9.4.48.v20220622.jar!/org/eclipse/jetty/webapp/webdefault.xml]
18:14:12.079 [Executing testGetSecretContextNullAndStoreContextNotNull(org.conjur.jenkins.conjursecrets.ConjurSecretCredentialImplTest)] DEBUG org.eclipse.jetty.http.pathmap.ServletPathSpec -- Creating ServletPathSpec[*.JSPF] (group: SUFFIX_GLOB, prefix: "null", suffix: "JSPF")
18:14:12.079 [Executing testGetSecretContextNullAndStoreContextNotNull(org.conjur.jenkins.conjursecrets.ConjurSecretCredentialImplTest)] DEBUG org.eclipse.jetty.http.pathmap.PathMappings -- Added MappedResource[pathSpec=ServletPathSpec@94d5d589{*.JSPF},resource=jsp==org.eclipse.jetty.servlet.NoJspServlet@19c47{jsp=null,order=0,inst=false,async=false,src=DESCRIPTOR:jar:file:/Users/sameer.shaik/.m2/repository/org/eclipse/jetty/jetty-webapp/9.4.48.v20220622/jetty-webapp-9.4.48.v20220622.jar!/org/eclipse/jetty/webapp/webdefault.xml,STOPPED}] to PathMappings[size=3]
18:14:12.080 [Executing testGetSecretContextNullAndStoreContextNotNull(org.conjur.jenkins.conjursecrets.ConjurSecretCredentialImplTest)] DEBUG org.eclipse.jetty.servlet.ServletHandler -- Path=*.jsp[DESCRIPTOR:jar:file:/Users/sameer.shaik/.m2/repository/org/eclipse/jetty/jetty-webapp/9.4.48.v20220622/jetty-webapp-9.4.48.v20220622.jar!/org/eclipse/jetty/webapp/webdefault.xml] mapped to servlet=jsp[DESCRIPTOR:jar:file:/Users/sameer.shaik/.m2/repository/org/eclipse/jetty/jetty-webapp/9.4.48.v20220622/jetty-webapp-9.4.48.v20220622.jar!/org/eclipse/jetty/webapp/webdefault.xml]
18:14:12.080 [Executing testGetSecretContextNullAndStoreContextNotNull(org.conjur.jenkins.conjursecrets.ConjurSecretCredentialImplTest)] DEBUG org.eclipse.jetty.http.pathmap.ServletPathSpec -- Creating ServletPathSpec[*.jsp] (group: SUFFIX_GLOB, prefix: "null", suffix: "jsp")
18:14:12.080 [Executing testGetSecretContextNullAndStoreContextNotNull(org.conjur.jenkins.conjursecrets.ConjurSecretCredentialImplTest)] DEBUG org.eclipse.jetty.http.pathmap.PathMappings -- Added MappedResource[pathSpec=ServletPathSpec@debd2188{*.jsp},resource=jsp==org.eclipse.jetty.servlet.NoJspServlet@19c47{jsp=null,order=0,inst=false,async=false,src=DESCRIPTOR:jar:file:/Users/sameer.shaik/.m2/repository/org/eclipse/jetty/jetty-webapp/9.4.48.v20220622/jetty-webapp-9.4.48.v20220622.jar!/org/eclipse/jetty/webapp/webdefault.xml,STOPPED}] to PathMappings[size=4]
18:14:12.080 [Executing testGetSecretContextNullAndStoreContextNotNull(org.conjur.jenkins.conjursecrets.ConjurSecretCredentialImplTest)] DEBUG org.eclipse.jetty.servlet.ServletHandler -- Path=*.JSP[DESCRIPTOR:jar:file:/Users/sameer.shaik/.m2/repository/org/eclipse/jetty/jetty-webapp/9.4.48.v20220622/jetty-webapp-9.4.48.v20220622.jar!/org/eclipse/jetty/webapp/webdefault.xml] mapped to servlet=jsp[DESCRIPTOR:jar:file:/Users/sameer.shaik/.m2/repository/org/eclipse/jetty/jetty-webapp/9.4.48.v20220622/jetty-webapp-9.4.48.v20220622.jar!/org/eclipse/jetty/webapp/webdefault.xml]
18:14:12.080 [Executing testGetSecretContextNullAndStoreContextNotNull(org.conjur.jenkins.conjursecrets.ConjurSecretCredentialImplTest)] DEBUG org.eclipse.jetty.http.pathmap.ServletPathSpec -- Creating ServletPathSpec[*.JSP] (group: SUFFIX_GLOB, prefix: "null", suffix: "JSP")
18:14:12.080 [Executing testGetSecretContextNullAndStoreContextNotNull(org.conjur.jenkins.conjursecrets.ConjurSecretCredentialImplTest)] DEBUG org.eclipse.jetty.http.pathmap.PathMappings -- Added MappedResource[pathSpec=ServletPathSpec@deae19a8{*.JSP},resource=jsp==org.eclipse.jetty.servlet.NoJspServlet@19c47{jsp=null,order=0,inst=false,async=false,src=DESCRIPTOR:jar:file:/Users/sameer.shaik/.m2/repository/org/eclipse/jetty/jetty-webapp/9.4.48.v20220622/jetty-webapp-9.4.48.v20220622.jar!/org/eclipse/jetty/webapp/webdefault.xml,STOPPED}] to PathMappings[size=5]
18:14:12.080 [Executing testGetSecretContextNullAndStoreContextNotNull(org.conjur.jenkins.conjursecrets.ConjurSecretCredentialImplTest)] DEBUG org.eclipse.jetty.servlet.ServletHandler -- Path=*.jspf[DESCRIPTOR:jar:file:/Users/sameer.shaik/.m2/repository/org/eclipse/jetty/jetty-webapp/9.4.48.v20220622/jetty-webapp-9.4.48.v20220622.jar!/org/eclipse/jetty/webapp/webdefault.xml] mapped to servlet=jsp[DESCRIPTOR:jar:file:/Users/sameer.shaik/.m2/repository/org/eclipse/jetty/jetty-webapp/9.4.48.v20220622/jetty-webapp-9.4.48.v20220622.jar!/org/eclipse/jetty/webapp/webdefault.xml]
18:14:12.080 [Executing testGetSecretContextNullAndStoreContextNotNull(org.conjur.jenkins.conjursecrets.ConjurSecretCredentialImplTest)] DEBUG org.eclipse.jetty.http.pathmap.ServletPathSpec -- Creating ServletPathSpec[*.jspf] (group: SUFFIX_GLOB, prefix: "null", suffix: "jspf")
18:14:12.080 [Executing testGetSecretContextNullAndStoreContextNotNull(org.conjur.jenkins.conjursecrets.ConjurSecretCredentialImplTest)] DEBUG org.eclipse.jetty.http.pathmap.PathMappings -- Added MappedResource[pathSpec=ServletPathSpec@96a7cd89{*.jspf},resource=jsp==org.eclipse.jetty.servlet.NoJspServlet@19c47{jsp=null,order=0,inst=false,async=false,src=DESCRIPTOR:jar:file:/Users/sameer.shaik/.m2/repository/org/eclipse/jetty/jetty-webapp/9.4.48.v20220622/jetty-webapp-9.4.48.v20220622.jar!/org/eclipse/jetty/webapp/webdefault.xml,STOPPED}] to PathMappings[size=6]
18:14:12.080 [Executing testGetSecretContextNullAndStoreContextNotNull(org.conjur.jenkins.conjursecrets.ConjurSecretCredentialImplTest)] DEBUG org.eclipse.jetty.servlet.ServletHandler -- Path=*.XSP[DESCRIPTOR:jar:file:/Users/sameer.shaik/.m2/repository/org/eclipse/jetty/jetty-webapp/9.4.48.v20220622/jetty-webapp-9.4.48.v20220622.jar!/org/eclipse/jetty/webapp/webdefault.xml] mapped to servlet=jsp[DESCRIPTOR:jar:file:/Users/sameer.shaik/.m2/repository/org/eclipse/jetty/jetty-webapp/9.4.48.v20220622/jetty-webapp-9.4.48.v20220622.jar!/org/eclipse/jetty/webapp/webdefault.xml]
18:14:12.080 [Executing testGetSecretContextNullAndStoreContextNotNull(org.conjur.jenkins.conjursecrets.ConjurSecretCredentialImplTest)] DEBUG org.eclipse.jetty.http.pathmap.ServletPathSpec -- Creating ServletPathSpec[*.XSP] (group: SUFFIX_GLOB, prefix: "null", suffix: "XSP")
18:14:12.080 [Executing testGetSecretContextNullAndStoreContextNotNull(org.conjur.jenkins.conjursecrets.ConjurSecretCredentialImplTest)] DEBUG org.eclipse.jetty.http.pathmap.PathMappings -- Added MappedResource[pathSpec=ServletPathSpec@deb476da{*.XSP},resource=jsp==org.eclipse.jetty.servlet.NoJspServlet@19c47{jsp=null,order=0,inst=false,async=false,src=DESCRIPTOR:jar:file:/Users/sameer.shaik/.m2/repository/org/eclipse/jetty/jetty-webapp/9.4.48.v20220622/jetty-webapp-9.4.48.v20220622.jar!/org/eclipse/jetty/webapp/webdefault.xml,STOPPED}] to PathMappings[size=7]
18:14:12.081 [Executing testGetSecretContextNullAndStoreContextNotNull(org.conjur.jenkins.conjursecrets.ConjurSecretCredentialImplTest)] DEBUG org.eclipse.jetty.servlet.ServletHandler -- Path=*.xsp[DESCRIPTOR:jar:file:/Users/sameer.shaik/.m2/repository/org/eclipse/jetty/jetty-webapp/9.4.48.v20220622/jetty-webapp-9.4.48.v20220622.jar!/org/eclipse/jetty/webapp/webdefault.xml] mapped to servlet=jsp[DESCRIPTOR:jar:file:/Users/sameer.shaik/.m2/repository/org/eclipse/jetty/jetty-webapp/9.4.48.v20220622/jetty-webapp-9.4.48.v20220622.jar!/org/eclipse/jetty/webapp/webdefault.xml]
18:14:12.081 [Executing testGetSecretContextNullAndStoreContextNotNull(org.conjur.jenkins.conjursecrets.ConjurSecretCredentialImplTest)] DEBUG org.eclipse.jetty.http.pathmap.ServletPathSpec -- Creating ServletPathSpec[*.xsp] (group: SUFFIX_GLOB, prefix: "null", suffix: "xsp")
18:14:12.081 [Executing testGetSecretContextNullAndStoreContextNotNull(org.conjur.jenkins.conjursecrets.ConjurSecretCredentialImplTest)] DEBUG org.eclipse.jetty.http.pathmap.PathMappings -- Added MappedResource[pathSpec=ServletPathSpec@dec37eba{*.xsp},resource=jsp==org.eclipse.jetty.servlet.NoJspServlet@19c47{jsp=null,order=0,inst=false,async=false,src=DESCRIPTOR:jar:file:/Users/sameer.shaik/.m2/repository/org/eclipse/jetty/jetty-webapp/9.4.48.v20220622/jetty-webapp-9.4.48.v20220622.jar!/org/eclipse/jetty/webapp/webdefault.xml,STOPPED}] to PathMappings[size=8]
18:14:12.081 [Executing testGetSecretContextNullAndStoreContextNotNull(org.conjur.jenkins.conjursecrets.ConjurSecretCredentialImplTest)] DEBUG org.eclipse.jetty.servlet.ServletHandler -- Path=/*[DESCRIPTOR:file:///Users/sameer.shaik/MyWorkSpace/17OctV2.2.3-New-BitBucketIssueFixed/conjur-credentials-plugin/target/jenkins-for-test/WEB-INF/web.xml] mapped to servlet=Stapler[DESCRIPTOR:file:///Users/sameer.shaik/MyWorkSpace/17OctV2.2.3-New-BitBucketIssueFixed/conjur-credentials-plugin/target/jenkins-for-test/WEB-INF/web.xml]
18:14:12.082 [Executing testGetSecretContextNullAndStoreContextNotNull(org.conjur.jenkins.conjursecrets.ConjurSecretCredentialImplTest)] DEBUG org.eclipse.jetty.http.pathmap.ServletPathSpec -- Creating ServletPathSpec[/*] (group: PREFIX_GLOB, prefix: "", suffix: "null")
18:14:12.082 [Executing testGetSecretContextNullAndStoreContextNotNull(org.conjur.jenkins.conjursecrets.ConjurSecretCredentialImplTest)] DEBUG org.eclipse.jetty.http.pathmap.PathMappings -- Added MappedResource[pathSpec=ServletPathSpec@9457a78e{/*},resource=Stapler==org.kohsuke.stapler.Stapler@f222d1a9{jsp=null,order=-1,inst=false,async=true,src=DESCRIPTOR:file:///Users/sameer.shaik/MyWorkSpace/17OctV2.2.3-New-BitBucketIssueFixed/conjur-credentials-plugin/target/jenkins-for-test/WEB-INF/web.xml,STOPPED}] to PathMappings[size=9]
18:14:12.082 [Executing testGetSecretContextNullAndStoreContextNotNull(org.conjur.jenkins.conjursecrets.ConjurSecretCredentialImplTest)] DEBUG org.eclipse.jetty.servlet.ServletHandler -- Path=/[DESCRIPTOR:jar:file:/Users/sameer.shaik/.m2/repository/org/eclipse/jetty/jetty-webapp/9.4.48.v20220622/jetty-webapp-9.4.48.v20220622.jar!/org/eclipse/jetty/webapp/webdefault.xml] mapped to servlet=default[DESCRIPTOR:jar:file:/Users/sameer.shaik/.m2/repository/org/eclipse/jetty/jetty-webapp/9.4.48.v20220622/jetty-webapp-9.4.48.v20220622.jar!/org/eclipse/jetty/webapp/webdefault.xml]
18:14:12.082 [Executing testGetSecretContextNullAndStoreContextNotNull(org.conjur.jenkins.conjursecrets.ConjurSecretCredentialImplTest)] DEBUG org.eclipse.jetty.http.pathmap.PathMappings -- Added MappedResource[pathSpec=ServletPathSpec@9457dcb7{/},resource=default==org.eclipse.jetty.servlet.DefaultServlet@5c13d641{jsp=null,order=0,inst=false,async=false,src=DESCRIPTOR:jar:file:/Users/sameer.shaik/.m2/repository/org/eclipse/jetty/jetty-webapp/9.4.48.v20220622/jetty-webapp-9.4.48.v20220622.jar!/org/eclipse/jetty/webapp/webdefault.xml,STOPPED}] to PathMappings[size=10]
18:14:12.082 [Executing testGetSecretContextNullAndStoreContextNotNull(org.conjur.jenkins.conjursecrets.ConjurSecretCredentialImplTest)] DEBUG org.eclipse.jetty.servlet.ServletHandler -- filterNameMap={csrf-filter=csrf-filter==hudson.security.csrf.CrumbFilter@5d1b13d9{inst=false,async=true,src=DESCRIPTOR:file:///Users/sameer.shaik/MyWorkSpace/17OctV2.2.3-New-BitBucketIssueFixed/conjur-credentials-plugin/target/jenkins-for-test/WEB-INF/web.xml}, encoding-filter=encoding-filter==hudson.util.CharacterEncodingFilter@248da6ac{inst=false,async=true,src=DESCRIPTOR:file:///Users/sameer.shaik/MyWorkSpace/17OctV2.2.3-New-BitBucketIssueFixed/conjur-credentials-plugin/target/jenkins-for-test/WEB-INF/web.xml}, diagnostic-name-filter=diagnostic-name-filter==org.kohsuke.stapler.DiagnosticThreadNameFilter@6b81dc45{inst=false,async=true,src=DESCRIPTOR:file:///Users/sameer.shaik/MyWorkSpace/17OctV2.2.3-New-BitBucketIssueFixed/conjur-credentials-plugin/target/jenkins-for-test/WEB-INF/web.xml}, compression-filter=compression-filter==org.kohsuke.stapler.compression.CompressionFilter@5f7ef79{inst=false,async=true,src=DESCRIPTOR:file:///Users/sameer.shaik/MyWorkSpace/17OctV2.2.3-New-BitBucketIssueFixed/conjur-credentials-plugin/target/jenkins-for-test/WEB-INF/web.xml}, plugins-filter=plugins-filter==hudson.util.PluginServletFilter@146a7610{inst=false,async=true,src=DESCRIPTOR:file:///Users/sameer.shaik/MyWorkSpace/17OctV2.2.3-New-BitBucketIssueFixed/conjur-credentials-plugin/target/jenkins-for-test/WEB-INF/web.xml}, authentication-filter=authentication-filter==hudson.security.HudsonFilter@389d837b{inst=false,async=true,src=DESCRIPTOR:file:///Users/sameer.shaik/MyWorkSpace/17OctV2.2.3-New-BitBucketIssueFixed/conjur-credentials-plugin/target/jenkins-for-test/WEB-INF/web.xml}, suspicious-request-filter=suspicious-request-filter==jenkins.security.SuspiciousRequestFilter@654b0387{inst=false,async=true,src=DESCRIPTOR:file:///Users/sameer.shaik/MyWorkSpace/17OctV2.2.3-New-BitBucketIssueFixed/conjur-credentials-plugin/target/jenkins-for-test/WEB-INF/web.xml}}
18:14:12.082 [Executing testGetSecretContextNullAndStoreContextNotNull(org.conjur.jenkins.conjursecrets.ConjurSecretCredentialImplTest)] DEBUG org.eclipse.jetty.servlet.ServletHandler -- pathFilters=[[/*]/[]/[ASYNC, REQUEST]=>plugins-filter, [/*]/[]/[ASYNC, REQUEST]=>csrf-filter, [/*]/[]/[ASYNC, REQUEST]=>authentication-filter, [/*]/[]/[ASYNC, REQUEST]=>compression-filter, [/*]/[]/[ASYNC, REQUEST]=>encoding-filter, [/*]/[]/[ASYNC, REQUEST]=>diagnostic-name-filter, [/*]/[]/[ASYNC, REQUEST]=>suspicious-request-filter]
18:14:12.082 [Executing testGetSecretContextNullAndStoreContextNotNull(org.conjur.jenkins.conjursecrets.ConjurSecretCredentialImplTest)] DEBUG org.eclipse.jetty.servlet.ServletHandler -- servletFilterMap={}
18:14:12.083 [Executing testGetSecretContextNullAndStoreContextNotNull(org.conjur.jenkins.conjursecrets.ConjurSecretCredentialImplTest)] DEBUG org.eclipse.jetty.servlet.ServletHandler -- servletPathMap=PathMappings[size=10]
18:14:12.083 [Executing testGetSecretContextNullAndStoreContextNotNull(org.conjur.jenkins.conjursecrets.ConjurSecretCredentialImplTest)] DEBUG org.eclipse.jetty.servlet.ServletHandler -- servletNameMap={default=default==org.eclipse.jetty.servlet.DefaultServlet@5c13d641{jsp=null,order=0,inst=false,async=false,src=DESCRIPTOR:jar:file:/Users/sameer.shaik/.m2/repository/org/eclipse/jetty/jetty-webapp/9.4.48.v20220622/jetty-webapp-9.4.48.v20220622.jar!/org/eclipse/jetty/webapp/webdefault.xml,STOPPED}, jsp=jsp==org.eclipse.jetty.servlet.NoJspServlet@19c47{jsp=null,order=0,inst=false,async=false,src=DESCRIPTOR:jar:file:/Users/sameer.shaik/.m2/repository/org/eclipse/jetty/jetty-webapp/9.4.48.v20220622/jetty-webapp-9.4.48.v20220622.jar!/org/eclipse/jetty/webapp/webdefault.xml,STOPPED}, Stapler=Stapler==org.kohsuke.stapler.Stapler@f222d1a9{jsp=null,order=-1,inst=false,async=true,src=DESCRIPTOR:file:///Users/sameer.shaik/MyWorkSpace/17OctV2.2.3-New-BitBucketIssueFixed/conjur-credentials-plugin/target/jenkins-for-test/WEB-INF/web.xml,STOPPED}}
18:14:12.083 [Executing testGetSecretContextNullAndStoreContextNotNull(org.conjur.jenkins.conjursecrets.ConjurSecretCredentialImplTest)] DEBUG org.eclipse.jetty.server.handler.AbstractHandler -- starting ServletHandler@dfb27b0{STARTING}
18:14:12.083 [Executing testGetSecretContextNullAndStoreContextNotNull(org.conjur.jenkins.conjursecrets.ConjurSecretCredentialImplTest)] DEBUG org.eclipse.jetty.util.component.AbstractLifeCycle -- STARTED @2641ms ServletHandler@dfb27b0{STARTED}
18:14:12.083 [Executing testGetSecretContextNullAndStoreContextNotNull(org.conjur.jenkins.conjursecrets.ConjurSecretCredentialImplTest)] DEBUG org.eclipse.jetty.util.component.AbstractLifeCycle -- starting HashLoginService@1a7fc9b[default]
18:14:12.083 [Executing testGetSecretContextNullAndStoreContextNotNull(org.conjur.jenkins.conjursecrets.ConjurSecretCredentialImplTest)] DEBUG org.eclipse.jetty.util.component.AbstractLifeCycle -- starting UserStore@34e61a72{STOPPED}
18:14:12.083 [Executing testGetSecretContextNullAndStoreContextNotNull(org.conjur.jenkins.conjursecrets.ConjurSecretCredentialImplTest)] DEBUG org.eclipse.jetty.util.component.AbstractLifeCycle -- STARTED @2641ms UserStore@34e61a72{STARTED}
18:14:12.083 [Executing testGetSecretContextNullAndStoreContextNotNull(org.conjur.jenkins.conjursecrets.ConjurSecretCredentialImplTest)] DEBUG org.eclipse.jetty.util.component.AbstractLifeCycle -- STARTED @2641ms HashLoginService@1a7fc9b[default]
18:14:12.083 [Executing testGetSecretContextNullAndStoreContextNotNull(org.conjur.jenkins.conjursecrets.ConjurSecretCredentialImplTest)] DEBUG org.eclipse.jetty.util.component.AbstractLifeCycle -- STARTED @2641ms ConstraintSecurityHandler@33b3322a{STARTED}
18:14:12.084 [Executing testGetSecretContextNullAndStoreContextNotNull(org.conjur.jenkins.conjursecrets.ConjurSecretCredentialImplTest)] DEBUG org.eclipse.jetty.util.component.AbstractLifeCycle -- starting org.eclipse.jetty.server.session.DefaultSessionCache@27543065[evict=-1,removeUnloadable=false,saveOnCreate=false,saveOnInactiveEvict=false]
18:14:12.084 [Executing testGetSecretContextNullAndStoreContextNotNull(org.conjur.jenkins.conjursecrets.ConjurSecretCredentialImplTest)] DEBUG org.eclipse.jetty.util.component.AbstractLifeCycle -- starting org.eclipse.jetty.server.session.NullSessionDataStore@62e3e883[passivating=false,graceSec=3600]
18:14:12.084 [Executing testGetSecretContextNullAndStoreContextNotNull(org.conjur.jenkins.conjursecrets.ConjurSecretCredentialImplTest)] DEBUG org.eclipse.jetty.util.component.AbstractLifeCycle -- STARTED @2642ms org.eclipse.jetty.server.session.NullSessionDataStore@62e3e883[passivating=false,graceSec=3600]
18:14:12.084 [Executing testGetSecretContextNullAndStoreContextNotNull(org.conjur.jenkins.conjursecrets.ConjurSecretCredentialImplTest)] DEBUG org.eclipse.jetty.util.component.AbstractLifeCycle -- STARTED @2642ms org.eclipse.jetty.server.session.DefaultSessionCache@27543065[evict=-1,removeUnloadable=false,saveOnCreate=false,saveOnInactiveEvict=false]
18:14:12.084 [Executing testGetSecretContextNullAndStoreContextNotNull(org.conjur.jenkins.conjursecrets.ConjurSecretCredentialImplTest)] DEBUG org.eclipse.jetty.util.component.AbstractLifeCycle -- STARTED @2642ms org.eclipse.jetty.server.session.SessionHandler1448014294==dftMaxIdleSec=1800
18:14:12.084 [Executing testGetSecretContextNullAndStoreContextNotNull(org.conjur.jenkins.conjursecrets.ConjurSecretCredentialImplTest)] DEBUG org.eclipse.jetty.util.component.AbstractLifeCycle -- starting ErrorPageErrorHandler@12a72b2c{STOPPED}
18:14:12.084 [Executing testGetSecretContextNullAndStoreContextNotNull(org.conjur.jenkins.conjursecrets.ConjurSecretCredentialImplTest)] DEBUG org.eclipse.jetty.server.handler.AbstractHandler -- starting ErrorPageErrorHandler@12a72b2c{STARTING}
18:14:12.084 [Executing testGetSecretContextNullAndStoreContextNotNull(org.conjur.jenkins.conjursecrets.ConjurSecretCredentialImplTest)] DEBUG org.eclipse.jetty.util.component.AbstractLifeCycle -- STARTED @2642ms ErrorPageErrorHandler@12a72b2c{STARTED}
18:14:12.084 [Executing testGetSecretContextNullAndStoreContextNotNull(org.conjur.jenkins.conjursecrets.ConjurSecretCredentialImplTest)] DEBUG org.eclipse.jetty.util.component.AbstractLifeCycle -- starting NoListenerConfiguration@1cfca08c{STOPPED}
18:14:12.084 [Executing testGetSecretContextNullAndStoreContextNotNull(org.conjur.jenkins.conjursecrets.ConjurSecretCredentialImplTest)] DEBUG org.eclipse.jetty.util.component.AbstractLifeCycle -- STARTED @2642ms NoListenerConfiguration@1cfca08c{STARTED}
18:14:12.085 [Executing testGetSecretContextNullAndStoreContextNotNull(org.conjur.jenkins.conjursecrets.ConjurSecretCredentialImplTest)] DEBUG org.eclipse.jetty.server.handler.ContextHandler -- contextInitialized: javax.servlet.ServletContextEvent[source=ServletContext@o.e.j.w.WebAppContext@2b4efaee{Jenkins v2.346.3,/jenkins,file:///Users/sameer.shaik/MyWorkSpace/17OctV2.2.3-New-BitBucketIssueFixed/conjur-credentials-plugin/target/jenkins-for-test/,STARTING}{/Users/sameer.shaik/MyWorkSpace/17OctV2.2.3-New-BitBucketIssueFixed/conjur-credentials-plugin/target/jenkins-for-test}]->org.eclipse.jetty.servlet.listener.ELContextCleaner@4958bee0
18:14:12.085 [Executing testGetSecretContextNullAndStoreContextNotNull(org.conjur.jenkins.conjursecrets.ConjurSecretCredentialImplTest)] DEBUG org.eclipse.jetty.server.handler.ContextHandler -- contextInitialized: javax.servlet.ServletContextEvent[source=ServletContext@o.e.j.w.WebAppContext@2b4efaee{Jenkins v2.346.3,/jenkins,file:///Users/sameer.shaik/MyWorkSpace/17OctV2.2.3-New-BitBucketIssueFixed/conjur-credentials-plugin/target/jenkins-for-test/,STARTING}{/Users/sameer.shaik/MyWorkSpace/17OctV2.2.3-New-BitBucketIssueFixed/conjur-credentials-plugin/target/jenkins-for-test}]->org.eclipse.jetty.servlet.listener.IntrospectorCleaner@2706f108
18:14:12.085 [Executing testGetSecretContextNullAndStoreContextNotNull(org.conjur.jenkins.conjursecrets.ConjurSecretCredentialImplTest)] DEBUG org.eclipse.jetty.server.handler.ContextHandler -- contextInitialized: javax.servlet.ServletContextEvent[source=ServletContext@o.e.j.w.WebAppContext@2b4efaee{Jenkins v2.346.3,/jenkins,file:///Users/sameer.shaik/MyWorkSpace/17OctV2.2.3-New-BitBucketIssueFixed/conjur-credentials-plugin/target/jenkins-for-test/,STARTING}{/Users/sameer.shaik/MyWorkSpace/17OctV2.2.3-New-BitBucketIssueFixed/conjur-credentials-plugin/target/jenkins-for-test}]->jenkins.util.SystemProperties$Listener@75f3e48a
18:14:12.086 [Executing testGetSecretContextNullAndStoreContextNotNull(org.conjur.jenkins.conjursecrets.ConjurSecretCredentialImplTest)] DEBUG org.eclipse.jetty.util.component.AbstractLifeCycle -- starting suspicious-request-filter==jenkins.security.SuspiciousRequestFilter@654b0387{inst=false,async=true,src=DESCRIPTOR:file:///Users/sameer.shaik/MyWorkSpace/17OctV2.2.3-New-BitBucketIssueFixed/conjur-credentials-plugin/target/jenkins-for-test/WEB-INF/web.xml}
18:14:12.086 [Executing testGetSecretContextNullAndStoreContextNotNull(org.conjur.jenkins.conjursecrets.ConjurSecretCredentialImplTest)] DEBUG org.eclipse.jetty.servlet.BaseHolder -- Holding class jenkins.security.SuspiciousRequestFilter from jdk.internal.loader.ClassLoaders$AppClassLoader@5ffd2b27
18:14:12.086 [Executing testGetSecretContextNullAndStoreContextNotNull(org.conjur.jenkins.conjursecrets.ConjurSecretCredentialImplTest)] DEBUG org.eclipse.jetty.util.component.AbstractLifeCycle -- STARTED @2644ms suspicious-request-filter==jenkins.security.SuspiciousRequestFilter@654b0387{inst=false,async=true,src=DESCRIPTOR:file:///Users/sameer.shaik/MyWorkSpace/17OctV2.2.3-New-BitBucketIssueFixed/conjur-credentials-plugin/target/jenkins-for-test/WEB-INF/web.xml}
18:14:12.088 [Executing testGetSecretContextNullAndStoreContextNotNull(org.conjur.jenkins.conjursecrets.ConjurSecretCredentialImplTest)] DEBUG org.eclipse.jetty.servlet.FilterHolder -- Filter.init jenkins.security.SuspiciousRequestFilter@3b94f4a8
18:14:12.088 [Executing testGetSecretContextNullAndStoreContextNotNull(org.conjur.jenkins.conjursecrets.ConjurSecretCredentialImplTest)] DEBUG org.eclipse.jetty.util.component.AbstractLifeCycle -- starting diagnostic-name-filter==org.kohsuke.stapler.DiagnosticThreadNameFilter@6b81dc45{inst=false,async=true,src=DESCRIPTOR:file:///Users/sameer.shaik/MyWorkSpace/17OctV2.2.3-New-BitBucketIssueFixed/conjur-credentials-plugin/target/jenkins-for-test/WEB-INF/web.xml}
18:14:12.088 [Executing testGetSecretContextNullAndStoreContextNotNull(org.conjur.jenkins.conjursecrets.ConjurSecretCredentialImplTest)] DEBUG org.eclipse.jetty.servlet.BaseHolder -- Holding class org.kohsuke.stapler.DiagnosticThreadNameFilter from jdk.internal.loader.ClassLoaders$AppClassLoader@5ffd2b27
18:14:12.088 [Executing testGetSecretContextNullAndStoreContextNotNull(org.conjur.jenkins.conjursecrets.ConjurSecretCredentialImplTest)] DEBUG org.eclipse.jetty.util.component.AbstractLifeCycle -- STARTED @2646ms diagnostic-name-filter==org.kohsuke.stapler.DiagnosticThreadNameFilter@6b81dc45{inst=false,async=true,src=DESCRIPTOR:file:///Users/sameer.shaik/MyWorkSpace/17OctV2.2.3-New-BitBucketIssueFixed/conjur-credentials-plugin/target/jenkins-for-test/WEB-INF/web.xml}
18:14:12.088 [Executing testGetSecretContextNullAndStoreContextNotNull(org.conjur.jenkins.conjursecrets.ConjurSecretCredentialImplTest)] DEBUG org.eclipse.jetty.servlet.FilterHolder -- Filter.init org.kohsuke.stapler.DiagnosticThreadNameFilter@4afeccdb
18:14:12.088 [Executing testGetSecretContextNullAndStoreContextNotNull(org.conjur.jenkins.conjursecrets.ConjurSecretCredentialImplTest)] DEBUG org.eclipse.jetty.util.component.AbstractLifeCycle -- starting encoding-filter==hudson.util.CharacterEncodingFilter@248da6ac{inst=false,async=true,src=DESCRIPTOR:file:///Users/sameer.shaik/MyWorkSpace/17OctV2.2.3-New-BitBucketIssueFixed/conjur-credentials-plugin/target/jenkins-for-test/WEB-INF/web.xml}
18:14:12.088 [Executing testGetSecretContextNullAndStoreContextNotNull(org.conjur.jenkins.conjursecrets.ConjurSecretCredentialImplTest)] DEBUG org.eclipse.jetty.servlet.BaseHolder -- Holding class hudson.util.CharacterEncodingFilter from jdk.internal.loader.ClassLoaders$AppClassLoader@5ffd2b27
18:14:12.088 [Executing testGetSecretContextNullAndStoreContextNotNull(org.conjur.jenkins.conjursecrets.ConjurSecretCredentialImplTest)] DEBUG org.eclipse.jetty.util.component.AbstractLifeCycle -- STARTED @2646ms encoding-filter==hudson.util.CharacterEncodingFilter@248da6ac{inst=false,async=true,src=DESCRIPTOR:file:///Users/sameer.shaik/MyWorkSpace/17OctV2.2.3-New-BitBucketIssueFixed/conjur-credentials-plugin/target/jenkins-for-test/WEB-INF/web.xml}
18:14:12.089 [Executing testGetSecretContextNullAndStoreContextNotNull(org.conjur.jenkins.conjursecrets.ConjurSecretCredentialImplTest)] DEBUG org.eclipse.jetty.servlet.FilterHolder -- Filter.init hudson.util.CharacterEncodingFilter@74c6f668
18:14:12.089 [Executing testGetSecretContextNullAndStoreContextNotNull(org.conjur.jenkins.conjursecrets.ConjurSecretCredentialImplTest)] DEBUG org.eclipse.jetty.util.component.AbstractLifeCycle -- starting compression-filter==org.kohsuke.stapler.compression.CompressionFilter@5f7ef79{inst=false,async=true,src=DESCRIPTOR:file:///Users/sameer.shaik/MyWorkSpace/17OctV2.2.3-New-BitBucketIssueFixed/conjur-credentials-plugin/target/jenkins-for-test/WEB-INF/web.xml}
18:14:12.089 [Executing testGetSecretContextNullAndStoreContextNotNull(org.conjur.jenkins.conjursecrets.ConjurSecretCredentialImplTest)] DEBUG org.eclipse.jetty.servlet.BaseHolder -- Holding class org.kohsuke.stapler.compression.CompressionFilter from jdk.internal.loader.ClassLoaders$AppClassLoader@5ffd2b27
18:14:12.089 [Executing testGetSecretContextNullAndStoreContextNotNull(org.conjur.jenkins.conjursecrets.ConjurSecretCredentialImplTest)] DEBUG org.eclipse.jetty.util.component.AbstractLifeCycle -- STARTED @2647ms compression-filter==org.kohsuke.stapler.compression.CompressionFilter@5f7ef79{inst=false,async=true,src=DESCRIPTOR:file:///Users/sameer.shaik/MyWorkSpace/17OctV2.2.3-New-BitBucketIssueFixed/conjur-credentials-plugin/target/jenkins-for-test/WEB-INF/web.xml}
18:14:12.089 [Executing testGetSecretContextNullAndStoreContextNotNull(org.conjur.jenkins.conjursecrets.ConjurSecretCredentialImplTest)] DEBUG org.eclipse.jetty.servlet.FilterHolder -- Filter.init org.kohsuke.stapler.compression.CompressionFilter@13f4586c
18:14:12.089 [Executing testGetSecretContextNullAndStoreContextNotNull(org.conjur.jenkins.conjursecrets.ConjurSecretCredentialImplTest)] DEBUG org.eclipse.jetty.util.component.AbstractLifeCycle -- starting authentication-filter==hudson.security.HudsonFilter@389d837b{inst=false,async=true,src=DESCRIPTOR:file:///Users/sameer.shaik/MyWorkSpace/17OctV2.2.3-New-BitBucketIssueFixed/conjur-credentials-plugin/target/jenkins-for-test/WEB-INF/web.xml}
18:14:12.090 [Executing testGetSecretContextNullAndStoreContextNotNull(org.conjur.jenkins.conjursecrets.ConjurSecretCredentialImplTest)] DEBUG org.eclipse.jetty.servlet.BaseHolder -- Holding class hudson.security.HudsonFilter from jdk.internal.loader.ClassLoaders$AppClassLoader@5ffd2b27
18:14:12.090 [Executing testGetSecretContextNullAndStoreContextNotNull(org.conjur.jenkins.conjursecrets.ConjurSecretCredentialImplTest)] DEBUG org.eclipse.jetty.util.component.AbstractLifeCycle -- STARTED @2648ms authentication-filter==hudson.security.HudsonFilter@389d837b{inst=false,async=true,src=DESCRIPTOR:file:///Users/sameer.shaik/MyWorkSpace/17OctV2.2.3-New-BitBucketIssueFixed/conjur-credentials-plugin/target/jenkins-for-test/WEB-INF/web.xml}
18:14:12.091 [Executing testGetSecretContextNullAndStoreContextNotNull(org.conjur.jenkins.conjursecrets.ConjurSecretCredentialImplTest)] DEBUG org.eclipse.jetty.servlet.FilterHolder -- Filter.init hudson.security.HudsonFilter@e253722
18:14:12.091 [Executing testGetSecretContextNullAndStoreContextNotNull(org.conjur.jenkins.conjursecrets.ConjurSecretCredentialImplTest)] DEBUG org.eclipse.jetty.util.component.AbstractLifeCycle -- starting csrf-filter==hudson.security.csrf.CrumbFilter@5d1b13d9{inst=false,async=true,src=DESCRIPTOR:file:///Users/sameer.shaik/MyWorkSpace/17OctV2.2.3-New-BitBucketIssueFixed/conjur-credentials-plugin/target/jenkins-for-test/WEB-INF/web.xml}
18:14:12.092 [Executing testGetSecretContextNullAndStoreContextNotNull(org.conjur.jenkins.conjursecrets.ConjurSecretCredentialImplTest)] DEBUG org.eclipse.jetty.servlet.BaseHolder -- Holding class hudson.security.csrf.CrumbFilter from jdk.internal.loader.ClassLoaders$AppClassLoader@5ffd2b27
18:14:12.092 [Executing testGetSecretContextNullAndStoreContextNotNull(org.conjur.jenkins.conjursecrets.ConjurSecretCredentialImplTest)] DEBUG org.eclipse.jetty.util.component.AbstractLifeCycle -- STARTED @2650ms csrf-filter==hudson.security.csrf.CrumbFilter@5d1b13d9{inst=false,async=true,src=DESCRIPTOR:file:///Users/sameer.shaik/MyWorkSpace/17OctV2.2.3-New-BitBucketIssueFixed/conjur-credentials-plugin/target/jenkins-for-test/WEB-INF/web.xml}
18:14:12.092 [Executing testGetSecretContextNullAndStoreContextNotNull(org.conjur.jenkins.conjursecrets.ConjurSecretCredentialImplTest)] DEBUG org.eclipse.jetty.servlet.FilterHolder -- Filter.init hudson.security.csrf.CrumbFilter@54c46f41
18:14:12.092 [Executing testGetSecretContextNullAndStoreContextNotNull(org.conjur.jenkins.conjursecrets.ConjurSecretCredentialImplTest)] DEBUG org.eclipse.jetty.util.component.AbstractLifeCycle -- starting plugins-filter==hudson.util.PluginServletFilter@146a7610{inst=false,async=true,src=DESCRIPTOR:file:///Users/sameer.shaik/MyWorkSpace/17OctV2.2.3-New-BitBucketIssueFixed/conjur-credentials-plugin/target/jenkins-for-test/WEB-INF/web.xml}
18:14:12.092 [Executing testGetSecretContextNullAndStoreContextNotNull(org.conjur.jenkins.conjursecrets.ConjurSecretCredentialImplTest)] DEBUG org.eclipse.jetty.servlet.BaseHolder -- Holding class hudson.util.PluginServletFilter from jdk.internal.loader.ClassLoaders$AppClassLoader@5ffd2b27
18:14:12.092 [Executing testGetSecretContextNullAndStoreContextNotNull(org.conjur.jenkins.conjursecrets.ConjurSecretCredentialImplTest)] DEBUG org.eclipse.jetty.util.component.AbstractLifeCycle -- STARTED @2650ms plugins-filter==hudson.util.PluginServletFilter@146a7610{inst=false,async=true,src=DESCRIPTOR:file:///Users/sameer.shaik/MyWorkSpace/17OctV2.2.3-New-BitBucketIssueFixed/conjur-credentials-plugin/target/jenkins-for-test/WEB-INF/web.xml}
18:14:12.093 [Executing testGetSecretContextNullAndStoreContextNotNull(org.conjur.jenkins.conjursecrets.ConjurSecretCredentialImplTest)] DEBUG org.eclipse.jetty.servlet.FilterHolder -- Filter.init hudson.util.PluginServletFilter@2036c010
18:14:12.093 [Executing testGetSecretContextNullAndStoreContextNotNull(org.conjur.jenkins.conjursecrets.ConjurSecretCredentialImplTest)] DEBUG org.eclipse.jetty.util.component.AbstractLifeCycle -- starting Stapler==org.kohsuke.stapler.Stapler@f222d1a9{jsp=null,order=-1,inst=false,async=true,src=DESCRIPTOR:file:///Users/sameer.shaik/MyWorkSpace/17OctV2.2.3-New-BitBucketIssueFixed/conjur-credentials-plugin/target/jenkins-for-test/WEB-INF/web.xml,STOPPED}
18:14:12.093 [Executing testGetSecretContextNullAndStoreContextNotNull(org.conjur.jenkins.conjursecrets.ConjurSecretCredentialImplTest)] DEBUG org.eclipse.jetty.servlet.BaseHolder -- Holding class org.kohsuke.stapler.Stapler from jdk.internal.loader.ClassLoaders$AppClassLoader@5ffd2b27
18:14:12.094 [Executing testGetSecretContextNullAndStoreContextNotNull(org.conjur.jenkins.conjursecrets.ConjurSecretCredentialImplTest)] DEBUG org.eclipse.jetty.util.component.AbstractLifeCycle -- STARTED @2652ms Stapler==org.kohsuke.stapler.Stapler@f222d1a9{jsp=null,order=-1,inst=false,async=true,src=DESCRIPTOR:file:///Users/sameer.shaik/MyWorkSpace/17OctV2.2.3-New-BitBucketIssueFixed/conjur-credentials-plugin/target/jenkins-for-test/WEB-INF/web.xml,STARTED}
18:14:12.094 [Executing testGetSecretContextNullAndStoreContextNotNull(org.conjur.jenkins.conjursecrets.ConjurSecretCredentialImplTest)] DEBUG org.eclipse.jetty.util.component.AbstractLifeCycle -- starting default==org.eclipse.jetty.servlet.DefaultServlet@5c13d641{jsp=null,order=0,inst=false,async=false,src=DESCRIPTOR:jar:file:/Users/sameer.shaik/.m2/repository/org/eclipse/jetty/jetty-webapp/9.4.48.v20220622/jetty-webapp-9.4.48.v20220622.jar!/org/eclipse/jetty/webapp/webdefault.xml,STOPPED}
18:14:12.095 [Executing testGetSecretContextNullAndStoreContextNotNull(org.conjur.jenkins.conjursecrets.ConjurSecretCredentialImplTest)] DEBUG org.eclipse.jetty.servlet.BaseHolder -- Holding class org.eclipse.jetty.servlet.DefaultServlet from jdk.internal.loader.ClassLoaders$AppClassLoader@5ffd2b27
18:14:12.095 [Executing testGetSecretContextNullAndStoreContextNotNull(org.conjur.jenkins.conjursecrets.ConjurSecretCredentialImplTest)] DEBUG org.eclipse.jetty.util.component.AbstractLifeCycle -- STARTED @2653ms default==org.eclipse.jetty.servlet.DefaultServlet@5c13d641{jsp=null,order=0,inst=false,async=false,src=DESCRIPTOR:jar:file:/Users/sameer.shaik/.m2/repository/org/eclipse/jetty/jetty-webapp/9.4.48.v20220622/jetty-webapp-9.4.48.v20220622.jar!/org/eclipse/jetty/webapp/webdefault.xml,STARTED}
18:14:12.100 [Executing testGetSecretContextNullAndStoreContextNotNull(org.conjur.jenkins.conjursecrets.ConjurSecretCredentialImplTest)] DEBUG org.eclipse.jetty.servlet.ServletHolder -- Servlet.init null for default
18:14:12.102 [Executing testGetSecretContextNullAndStoreContextNotNull(org.conjur.jenkins.conjursecrets.ConjurSecretCredentialImplTest)] DEBUG org.eclipse.jetty.servlet.DefaultServlet -- resource base = null
18:14:12.102 [Executing testGetSecretContextNullAndStoreContextNotNull(org.conjur.jenkins.conjursecrets.ConjurSecretCredentialImplTest)] DEBUG org.eclipse.jetty.util.component.AbstractLifeCycle -- starting jsp==org.eclipse.jetty.servlet.NoJspServlet@19c47{jsp=null,order=0,inst=false,async=false,src=DESCRIPTOR:jar:file:/Users/sameer.shaik/.m2/repository/org/eclipse/jetty/jetty-webapp/9.4.48.v20220622/jetty-webapp-9.4.48.v20220622.jar!/org/eclipse/jetty/webapp/webdefault.xml,STOPPED}
18:14:12.103 [Executing testGetSecretContextNullAndStoreContextNotNull(org.conjur.jenkins.conjursecrets.ConjurSecretCredentialImplTest)] DEBUG org.eclipse.jetty.servlet.BaseHolder -- Holding class org.eclipse.jetty.servlet.NoJspServlet from jdk.internal.loader.ClassLoaders$AppClassLoader@5ffd2b27
18:14:12.103 [Executing testGetSecretContextNullAndStoreContextNotNull(org.conjur.jenkins.conjursecrets.ConjurSecretCredentialImplTest)] DEBUG org.eclipse.jetty.util.component.AbstractLifeCycle -- STARTED @2661ms jsp==org.eclipse.jetty.servlet.NoJspServlet@19c47{jsp=null,order=0,inst=false,async=false,src=DESCRIPTOR:jar:file:/Users/sameer.shaik/.m2/repository/org/eclipse/jetty/jetty-webapp/9.4.48.v20220622/jetty-webapp-9.4.48.v20220622.jar!/org/eclipse/jetty/webapp/webdefault.xml,STARTED}
18:14:12.103 [Executing testGetSecretContextNullAndStoreContextNotNull(org.conjur.jenkins.conjursecrets.ConjurSecretCredentialImplTest)] DEBUG org.eclipse.jetty.servlet.ServletHolder -- Servlet.init null for jsp
18:14:12.103 [Executing testGetSecretContextNullAndStoreContextNotNull(org.conjur.jenkins.conjursecrets.ConjurSecretCredentialImplTest)] INFO org.eclipse.jetty.server.handler.ContextHandler -- Started o.e.j.w.WebAppContext@2b4efaee{Jenkins v2.346.3,/jenkins,file:///Users/sameer.shaik/MyWorkSpace/17OctV2.2.3-New-BitBucketIssueFixed/conjur-credentials-plugin/target/jenkins-for-test/,AVAILABLE}{/Users/sameer.shaik/MyWorkSpace/17OctV2.2.3-New-BitBucketIssueFixed/conjur-credentials-plugin/target/jenkins-for-test}
18:14:12.103 [Executing testGetSecretContextNullAndStoreContextNotNull(org.conjur.jenkins.conjursecrets.ConjurSecretCredentialImplTest)] DEBUG org.eclipse.jetty.webapp.WebAppContext -- postConfigure o.e.j.w.WebAppContext@2b4efaee{Jenkins v2.346.3,/jenkins,file:///Users/sameer.shaik/MyWorkSpace/17OctV2.2.3-New-BitBucketIssueFixed/conjur-credentials-plugin/target/jenkins-for-test/,AVAILABLE}{/Users/sameer.shaik/MyWorkSpace/17OctV2.2.3-New-BitBucketIssueFixed/conjur-credentials-plugin/target/jenkins-for-test} with org.eclipse.jetty.webapp.WebXmlConfiguration@33407c90
18:14:12.103 [Executing testGetSecretContextNullAndStoreContextNotNull(org.conjur.jenkins.conjursecrets.ConjurSecretCredentialImplTest)] DEBUG org.eclipse.jetty.util.component.AbstractLifeCycle -- STARTED @2661ms o.e.j.w.WebAppContext@2b4efaee{Jenkins v2.346.3,/jenkins,file:///Users/sameer.shaik/MyWorkSpace/17OctV2.2.3-New-BitBucketIssueFixed/conjur-credentials-plugin/target/jenkins-for-test/,AVAILABLE}{/Users/sameer.shaik/MyWorkSpace/17OctV2.2.3-New-BitBucketIssueFixed/conjur-credentials-plugin/target/jenkins-for-test}
18:14:12.103 [Executing testGetSecretContextNullAndStoreContextNotNull(org.conjur.jenkins.conjursecrets.ConjurSecretCredentialImplTest)] DEBUG org.eclipse.jetty.util.component.AbstractLifeCycle -- starting ErrorHandler@3851823a{STOPPED}
18:14:12.103 [Executing testGetSecretContextNullAndStoreContextNotNull(org.conjur.jenkins.conjursecrets.ConjurSecretCredentialImplTest)] DEBUG org.eclipse.jetty.server.handler.AbstractHandler -- starting ErrorHandler@3851823a{STARTING}
18:14:12.104 [Executing testGetSecretContextNullAndStoreContextNotNull(org.conjur.jenkins.conjursecrets.ConjurSecretCredentialImplTest)] DEBUG org.eclipse.jetty.util.component.AbstractLifeCycle -- STARTED @2661ms ErrorHandler@3851823a{STARTED}
18:14:12.104 [Executing testGetSecretContextNullAndStoreContextNotNull(org.conjur.jenkins.conjursecrets.ConjurSecretCredentialImplTest)] DEBUG org.eclipse.jetty.util.component.AbstractLifeCycle -- starting ServerConnector@74b501d4{HTTP/1.1, (http/1.1)}{localhost:0}
18:14:12.138 [Executing testGetSecretContextNullAndStoreContextNotNull(org.conjur.jenkins.conjursecrets.ConjurSecretCredentialImplTest)] DEBUG org.eclipse.jetty.util.component.ContainerLifeCycle -- ServerConnector@74b501d4{HTTP/1.1, (http/1.1)}{localhost:51408} added {sun.nio.ch.ServerSocketChannelImpl[/127.0.0.1:51408],POJO}
18:14:12.139 [Executing testGetSecretContextNullAndStoreContextNotNull(org.conjur.jenkins.conjursecrets.ConjurSecretCredentialImplTest)] DEBUG org.eclipse.jetty.util.component.AbstractLifeCycle -- starting ScheduledExecutorScheduler@13ced960{STOPPED}
18:14:12.139 [Executing testGetSecretContextNullAndStoreContextNotNull(org.conjur.jenkins.conjursecrets.ConjurSecretCredentialImplTest)] DEBUG org.eclipse.jetty.util.component.AbstractLifeCycle -- STARTED @2697ms ScheduledExecutorScheduler@13ced960{STARTED}
18:14:12.139 [Executing testGetSecretContextNullAndStoreContextNotNull(org.conjur.jenkins.conjursecrets.ConjurSecretCredentialImplTest)] DEBUG org.eclipse.jetty.util.component.AbstractLifeCycle -- starting HttpConnectionFactory@4e963edd[HTTP/1.1]
18:14:12.139 [Executing testGetSecretContextNullAndStoreContextNotNull(org.conjur.jenkins.conjursecrets.ConjurSecretCredentialImplTest)] DEBUG org.eclipse.jetty.util.component.AbstractLifeCycle -- STARTED @2697ms HttpConnectionFactory@4e963edd[HTTP/1.1]
18:14:12.140 [Executing testGetSecretContextNullAndStoreContextNotNull(org.conjur.jenkins.conjursecrets.ConjurSecretCredentialImplTest)] DEBUG org.eclipse.jetty.util.component.AbstractLifeCycle -- starting SelectorManager@ServerConnector@74b501d4{HTTP/1.1, (http/1.1)}{localhost:51408}
18:14:12.143 [Executing testGetSecretContextNullAndStoreContextNotNull(org.conjur.jenkins.conjursecrets.ConjurSecretCredentialImplTest)] DEBUG org.eclipse.jetty.util.component.ContainerLifeCycle -- EatWhatYouKill@5d967ff6/SelectorProducer@5e362d76/IDLE/p=false/QueuedThreadPool[Jetty (JenkinsRule)]@5e70539b{STARTED,8<=8<=200,i=8,r=-1,q=0}[ReservedThreadExecutor@26f5968{reserved=0/16,pending=0}][pc=0,pic=0,pec=0,epc=0]@2024-10-22T18:14:12.143634+05:30 added {SelectorProducer@5e362d76,POJO}
18:14:12.144 [Executing testGetSecretContextNullAndStoreContextNotNull(org.conjur.jenkins.conjursecrets.ConjurSecretCredentialImplTest)] DEBUG org.eclipse.jetty.util.component.ContainerLifeCycle -- EatWhatYouKill@5d967ff6/SelectorProducer@5e362d76/IDLE/p=false/QueuedThreadPool[Jetty (JenkinsRule)]@5e70539b{STARTED,8<=8<=200,i=8,r=-1,q=0}[ReservedThreadExecutor@26f5968{reserved=0/16,pending=0}][pc=0,pic=0,pec=0,epc=0]@2024-10-22T18:14:12.144165+05:30 added {QueuedThreadPool[Jetty (JenkinsRule)]@5e70539b{STARTED,8<=8<=200,i=8,r=-1,q=0}[ReservedThreadExecutor@26f5968{reserved=0/16,pending=0}],UNMANAGED}
18:14:12.144 [Executing testGetSecretContextNullAndStoreContextNotNull(org.conjur.jenkins.conjursecrets.ConjurSecretCredentialImplTest)] DEBUG org.eclipse.jetty.util.thread.strategy.EatWhatYouKill -- EatWhatYouKill@5d967ff6/SelectorProducer@5e362d76/IDLE/p=false/QueuedThreadPool[Jetty (JenkinsRule)]@5e70539b{STARTED,8<=8<=200,i=8,r=-1,q=0}[ReservedThreadExecutor@26f5968{reserved=0/16,pending=0}][pc=0,pic=0,pec=0,epc=0]@2024-10-22T18:14:12.144594+05:30 created
18:14:12.145 [Executing testGetSecretContextNullAndStoreContextNotNull(org.conjur.jenkins.conjursecrets.ConjurSecretCredentialImplTest)] DEBUG org.eclipse.jetty.util.component.ContainerLifeCycle -- ManagedSelector@7960e9dc{STOPPED} id=0 keys=-1 selected=-1 updates=0 added {EatWhatYouKill@5d967ff6/SelectorProducer@5e362d76/IDLE/p=false/QueuedThreadPool[Jetty (JenkinsRule)]@5e70539b{STARTED,8<=8<=200,i=8,r=-1,q=0}[ReservedThreadExecutor@26f5968{reserved=0/16,pending=0}][pc=0,pic=0,pec=0,epc=0]@2024-10-22T18:14:12.144987+05:30,MANAGED}
18:14:12.145 [Executing testGetSecretContextNullAndStoreContextNotNull(org.conjur.jenkins.conjursecrets.ConjurSecretCredentialImplTest)] DEBUG org.eclipse.jetty.util.component.ContainerLifeCycle -- SelectorManager@ServerConnector@74b501d4{HTTP/1.1, (http/1.1)}{localhost:51408} added {ManagedSelector@7960e9dc{STOPPED} id=0 keys=-1 selected=-1 updates=0,AUTO}
18:14:12.145 [Executing testGetSecretContextNullAndStoreContextNotNull(org.conjur.jenkins.conjursecrets.ConjurSecretCredentialImplTest)] DEBUG org.eclipse.jetty.util.component.ContainerLifeCycle -- EatWhatYouKill@25ef79c1/SelectorProducer@4be8db45/IDLE/p=false/QueuedThreadPool[Jetty (JenkinsRule)]@5e70539b{STARTED,8<=8<=200,i=8,r=-1,q=0}[ReservedThreadExecutor@26f5968{reserved=0/16,pending=0}][pc=0,pic=0,pec=0,epc=0]@2024-10-22T18:14:12.145426+05:30 added {SelectorProducer@4be8db45,POJO}
18:14:12.145 [Executing testGetSecretContextNullAndStoreContextNotNull(org.conjur.jenkins.conjursecrets.ConjurSecretCredentialImplTest)] DEBUG org.eclipse.jetty.util.component.ContainerLifeCycle -- EatWhatYouKill@25ef79c1/SelectorProducer@4be8db45/IDLE/p=false/QueuedThreadPool[Jetty (JenkinsRule)]@5e70539b{STARTED,8<=8<=200,i=8,r=-1,q=0}[ReservedThreadExecutor@26f5968{reserved=0/16,pending=0}][pc=0,pic=0,pec=0,epc=0]@2024-10-22T18:14:12.145624+05:30 added {QueuedThreadPool[Jetty (JenkinsRule)]@5e70539b{STARTED,8<=8<=200,i=8,r=-1,q=0}[ReservedThreadExecutor@26f5968{reserved=0/16,pending=0}],UNMANAGED}
18:14:12.145 [Executing testGetSecretContextNullAndStoreContextNotNull(org.conjur.jenkins.conjursecrets.ConjurSecretCredentialImplTest)] DEBUG org.eclipse.jetty.util.thread.strategy.EatWhatYouKill -- EatWhatYouKill@25ef79c1/SelectorProducer@4be8db45/IDLE/p=false/QueuedThreadPool[Jetty (JenkinsRule)]@5e70539b{STARTED,8<=8<=200,i=8,r=-1,q=0}[ReservedThreadExecutor@26f5968{reserved=0/16,pending=0}][pc=0,pic=0,pec=0,epc=0]@2024-10-22T18:14:12.145871+05:30 created
18:14:12.146 [Executing testGetSecretContextNullAndStoreContextNotNull(org.conjur.jenkins.conjursecrets.ConjurSecretCredentialImplTest)] DEBUG org.eclipse.jetty.util.component.ContainerLifeCycle -- ManagedSelector@245a12d3{STOPPED} id=1 keys=-1 selected=-1 updates=0 added {EatWhatYouKill@25ef79c1/SelectorProducer@4be8db45/IDLE/p=false/QueuedThreadPool[Jetty (JenkinsRule)]@5e70539b{STARTED,8<=8<=200,i=8,r=-1,q=0}[ReservedThreadExecutor@26f5968{reserved=0/16,pending=0}][pc=0,pic=0,pec=0,epc=0]@2024-10-22T18:14:12.14608+05:30,MANAGED}
18:14:12.146 [Executing testGetSecretContextNullAndStoreContextNotNull(org.conjur.jenkins.conjursecrets.ConjurSecretCredentialImplTest)] DEBUG org.eclipse.jetty.util.component.ContainerLifeCycle -- SelectorManager@ServerConnector@74b501d4{HTTP/1.1, (http/1.1)}{localhost:51408} added {ManagedSelector@245a12d3{STOPPED} id=1 keys=-1 selected=-1 updates=0,AUTO}
18:14:12.146 [Executing testGetSecretContextNullAndStoreContextNotNull(org.conjur.jenkins.conjursecrets.ConjurSecretCredentialImplTest)] DEBUG org.eclipse.jetty.util.component.ContainerLifeCycle -- EatWhatYouKill@5a0a218d/SelectorProducer@4756a7c/IDLE/p=false/QueuedThreadPool[Jetty (JenkinsRule)]@5e70539b{STARTED,8<=8<=200,i=8,r=-1,q=0}[ReservedThreadExecutor@26f5968{reserved=0/16,pending=0}][pc=0,pic=0,pec=0,epc=0]@2024-10-22T18:14:12.146476+05:30 added {SelectorProducer@4756a7c,POJO}
18:14:12.146 [Executing testGetSecretContextNullAndStoreContextNotNull(org.conjur.jenkins.conjursecrets.ConjurSecretCredentialImplTest)] DEBUG org.eclipse.jetty.util.component.ContainerLifeCycle -- EatWhatYouKill@5a0a218d/SelectorProducer@4756a7c/IDLE/p=false/QueuedThreadPool[Jetty (JenkinsRule)]@5e70539b{STARTED,8<=8<=200,i=8,r=-1,q=0}[ReservedThreadExecutor@26f5968{reserved=0/16,pending=0}][pc=0,pic=0,pec=0,epc=0]@2024-10-22T18:14:12.146784+05:30 added {QueuedThreadPool[Jetty (JenkinsRule)]@5e70539b{STARTED,8<=8<=200,i=8,r=-1,q=0}[ReservedThreadExecutor@26f5968{reserved=0/16,pending=0}],UNMANAGED}
18:14:12.147 [Executing testGetSecretContextNullAndStoreContextNotNull(org.conjur.jenkins.conjursecrets.ConjurSecretCredentialImplTest)] DEBUG org.eclipse.jetty.util.thread.strategy.EatWhatYouKill -- EatWhatYouKill@5a0a218d/SelectorProducer@4756a7c/IDLE/p=false/QueuedThreadPool[Jetty (JenkinsRule)]@5e70539b{STARTED,8<=8<=200,i=8,r=-1,q=0}[ReservedThreadExecutor@26f5968{reserved=0/16,pending=0}][pc=0,pic=0,pec=0,epc=0]@2024-10-22T18:14:12.147047+05:30 created
18:14:12.147 [Executing testGetSecretContextNullAndStoreContextNotNull(org.conjur.jenkins.conjursecrets.ConjurSecretCredentialImplTest)] DEBUG org.eclipse.jetty.util.component.ContainerLifeCycle -- ManagedSelector@94abb44{STOPPED} id=2 keys=-1 selected=-1 updates=0 added {EatWhatYouKill@5a0a218d/SelectorProducer@4756a7c/IDLE/p=false/QueuedThreadPool[Jetty (JenkinsRule)]@5e70539b{STARTED,8<=8<=200,i=8,r=-1,q=0}[ReservedThreadExecutor@26f5968{reserved=0/16,pending=0}][pc=0,pic=0,pec=0,epc=0]@2024-10-22T18:14:12.147277+05:30,MANAGED}
18:14:12.147 [Executing testGetSecretContextNullAndStoreContextNotNull(org.conjur.jenkins.conjursecrets.ConjurSecretCredentialImplTest)] DEBUG org.eclipse.jetty.util.component.ContainerLifeCycle -- SelectorManager@ServerConnector@74b501d4{HTTP/1.1, (http/1.1)}{localhost:51408} added {ManagedSelector@94abb44{STOPPED} id=2 keys=-1 selected=-1 updates=0,AUTO}
18:14:12.147 [Executing testGetSecretContextNullAndStoreContextNotNull(org.conjur.jenkins.conjursecrets.ConjurSecretCredentialImplTest)] DEBUG org.eclipse.jetty.util.component.ContainerLifeCycle -- EatWhatYouKill@7df2ec34/SelectorProducer@767fbc4e/IDLE/p=false/QueuedThreadPool[Jetty (JenkinsRule)]@5e70539b{STARTED,8<=8<=200,i=8,r=-1,q=0}[ReservedThreadExecutor@26f5968{reserved=0/16,pending=0}][pc=0,pic=0,pec=0,epc=0]@2024-10-22T18:14:12.147663+05:30 added {SelectorProducer@767fbc4e,POJO}
18:14:12.148 [Executing testGetSecretContextNullAndStoreContextNotNull(org.conjur.jenkins.conjursecrets.ConjurSecretCredentialImplTest)] DEBUG org.eclipse.jetty.util.component.ContainerLifeCycle -- EatWhatYouKill@7df2ec34/SelectorProducer@767fbc4e/IDLE/p=false/QueuedThreadPool[Jetty (JenkinsRule)]@5e70539b{STARTED,8<=8<=200,i=8,r=-1,q=0}[ReservedThreadExecutor@26f5968{reserved=0/16,pending=0}][pc=0,pic=0,pec=0,epc=0]@2024-10-22T18:14:12.147956+05:30 added {QueuedThreadPool[Jetty (JenkinsRule)]@5e70539b{STARTED,8<=8<=200,i=8,r=-1,q=0}[ReservedThreadExecutor@26f5968{reserved=0/16,pending=0}],UNMANAGED}
18:14:12.148 [Executing testGetSecretContextNullAndStoreContextNotNull(org.conjur.jenkins.conjursecrets.ConjurSecretCredentialImplTest)] DEBUG org.eclipse.jetty.util.thread.strategy.EatWhatYouKill -- EatWhatYouKill@7df2ec34/SelectorProducer@767fbc4e/IDLE/p=false/QueuedThreadPool[Jetty (JenkinsRule)]@5e70539b{STARTED,8<=8<=200,i=8,r=-1,q=0}[ReservedThreadExecutor@26f5968{reserved=0/16,pending=0}][pc=0,pic=0,pec=0,epc=0]@2024-10-22T18:14:12.148233+05:30 created
18:14:12.148 [Executing testGetSecretContextNullAndStoreContextNotNull(org.conjur.jenkins.conjursecrets.ConjurSecretCredentialImplTest)] DEBUG org.eclipse.jetty.util.component.ContainerLifeCycle -- ManagedSelector@59761e77{STOPPED} id=3 keys=-1 selected=-1 updates=0 added {EatWhatYouKill@7df2ec34/SelectorProducer@767fbc4e/IDLE/p=false/QueuedThreadPool[Jetty (JenkinsRule)]@5e70539b{STARTED,8<=8<=200,i=8,r=-1,q=0}[ReservedThreadExecutor@26f5968{reserved=0/16,pending=0}][pc=0,pic=0,pec=0,epc=0]@2024-10-22T18:14:12.148607+05:30,MANAGED}
18:14:12.148 [Executing testGetSecretContextNullAndStoreContextNotNull(org.conjur.jenkins.conjursecrets.ConjurSecretCredentialImplTest)] DEBUG org.eclipse.jetty.util.component.ContainerLifeCycle -- SelectorManager@ServerConnector@74b501d4{HTTP/1.1, (http/1.1)}{localhost:51408} added {ManagedSelector@59761e77{STOPPED} id=3 keys=-1 selected=-1 updates=0,AUTO}
18:14:12.148 [Executing testGetSecretContextNullAndStoreContextNotNull(org.conjur.jenkins.conjursecrets.ConjurSecretCredentialImplTest)] DEBUG org.eclipse.jetty.util.component.ContainerLifeCycle -- EatWhatYouKill@53a1e86/SelectorProducer@6fc3d159/IDLE/p=false/QueuedThreadPool[Jetty (JenkinsRule)]@5e70539b{STARTED,8<=8<=200,i=8,r=-1,q=0}[ReservedThreadExecutor@26f5968{reserved=0/16,pending=0}][pc=0,pic=0,pec=0,epc=0]@2024-10-22T18:14:12.148941+05:30 added {SelectorProducer@6fc3d159,POJO}
18:14:12.149 [Executing testGetSecretContextNullAndStoreContextNotNull(org.conjur.jenkins.conjursecrets.ConjurSecretCredentialImplTest)] DEBUG org.eclipse.jetty.util.component.ContainerLifeCycle -- EatWhatYouKill@53a1e86/SelectorProducer@6fc3d159/IDLE/p=false/QueuedThreadPool[Jetty (JenkinsRule)]@5e70539b{STARTED,8<=8<=200,i=8,r=-1,q=0}[ReservedThreadExecutor@26f5968{reserved=0/16,pending=0}][pc=0,pic=0,pec=0,epc=0]@2024-10-22T18:14:12.149109+05:30 added {QueuedThreadPool[Jetty (JenkinsRule)]@5e70539b{STARTED,8<=8<=200,i=8,r=-1,q=0}[ReservedThreadExecutor@26f5968{reserved=0/16,pending=0}],UNMANAGED}
18:14:12.149 [Executing testGetSecretContextNullAndStoreContextNotNull(org.conjur.jenkins.conjursecrets.ConjurSecretCredentialImplTest)] DEBUG org.eclipse.jetty.util.thread.strategy.EatWhatYouKill -- EatWhatYouKill@53a1e86/SelectorProducer@6fc3d159/IDLE/p=false/QueuedThreadPool[Jetty (JenkinsRule)]@5e70539b{STARTED,8<=8<=200,i=8,r=-1,q=0}[ReservedThreadExecutor@26f5968{reserved=0/16,pending=0}][pc=0,pic=0,pec=0,epc=0]@2024-10-22T18:14:12.149334+05:30 created
18:14:12.149 [Executing testGetSecretContextNullAndStoreContextNotNull(org.conjur.jenkins.conjursecrets.ConjurSecretCredentialImplTest)] DEBUG org.eclipse.jetty.util.component.ContainerLifeCycle -- ManagedSelector@64d59d23{STOPPED} id=4 keys=-1 selected=-1 updates=0 added {EatWhatYouKill@53a1e86/SelectorProducer@6fc3d159/IDLE/p=false/QueuedThreadPool[Jetty (JenkinsRule)]@5e70539b{STARTED,8<=8<=200,i=8,r=-1,q=0}[ReservedThreadExecutor@26f5968{reserved=0/16,pending=0}][pc=0,pic=0,pec=0,epc=0]@2024-10-22T18:14:12.149502+05:30,MANAGED}
18:14:12.149 [Executing testGetSecretContextNullAndStoreContextNotNull(org.conjur.jenkins.conjursecrets.ConjurSecretCredentialImplTest)] DEBUG org.eclipse.jetty.util.component.ContainerLifeCycle -- SelectorManager@ServerConnector@74b501d4{HTTP/1.1, (http/1.1)}{localhost:51408} added {ManagedSelector@64d59d23{STOPPED} id=4 keys=-1 selected=-1 updates=0,AUTO}
18:14:12.149 [Executing testGetSecretContextNullAndStoreContextNotNull(org.conjur.jenkins.conjursecrets.ConjurSecretCredentialImplTest)] DEBUG org.eclipse.jetty.util.component.ContainerLifeCycle -- EatWhatYouKill@db9b268/SelectorProducer@58224377/IDLE/p=false/QueuedThreadPool[Jetty (JenkinsRule)]@5e70539b{STARTED,8<=8<=200,i=8,r=-1,q=0}[ReservedThreadExecutor@26f5968{reserved=0/16,pending=0}][pc=0,pic=0,pec=0,epc=0]@2024-10-22T18:14:12.149758+05:30 added {SelectorProducer@58224377,POJO}
18:14:12.150 [Executing testGetSecretContextNullAndStoreContextNotNull(org.conjur.jenkins.conjursecrets.ConjurSecretCredentialImplTest)] DEBUG org.eclipse.jetty.util.component.ContainerLifeCycle -- EatWhatYouKill@db9b268/SelectorProducer@58224377/IDLE/p=false/QueuedThreadPool[Jetty (JenkinsRule)]@5e70539b{STARTED,8<=8<=200,i=8,r=-1,q=0}[ReservedThreadExecutor@26f5968{reserved=0/16,pending=0}][pc=0,pic=0,pec=0,epc=0]@2024-10-22T18:14:12.149941+05:30 added {QueuedThreadPool[Jetty (JenkinsRule)]@5e70539b{STARTED,8<=8<=200,i=8,r=-1,q=0}[ReservedThreadExecutor@26f5968{reserved=0/16,pending=0}],UNMANAGED}
18:14:12.150 [Executing testGetSecretContextNullAndStoreContextNotNull(org.conjur.jenkins.conjursecrets.ConjurSecretCredentialImplTest)] DEBUG org.eclipse.jetty.util.thread.strategy.EatWhatYouKill -- EatWhatYouKill@db9b268/SelectorProducer@58224377/IDLE/p=false/QueuedThreadPool[Jetty (JenkinsRule)]@5e70539b{STARTED,8<=8<=200,i=8,r=-1,q=0}[ReservedThreadExecutor@26f5968{reserved=0/16,pending=0}][pc=0,pic=0,pec=0,epc=0]@2024-10-22T18:14:12.150363+05:30 created
18:14:12.150 [Executing testGetSecretContextNullAndStoreContextNotNull(org.conjur.jenkins.conjursecrets.ConjurSecretCredentialImplTest)] DEBUG org.eclipse.jetty.util.component.ContainerLifeCycle -- ManagedSelector@299a0833{STOPPED} id=5 keys=-1 selected=-1 updates=0 added {EatWhatYouKill@db9b268/SelectorProducer@58224377/IDLE/p=false/QueuedThreadPool[Jetty (JenkinsRule)]@5e70539b{STARTED,8<=8<=200,i=8,r=-1,q=0}[ReservedThreadExecutor@26f5968{reserved=0/16,pending=0}][pc=0,pic=0,pec=0,epc=0]@2024-10-22T18:14:12.150551+05:30,MANAGED}
18:14:12.150 [Executing testGetSecretContextNullAndStoreContextNotNull(org.conjur.jenkins.conjursecrets.ConjurSecretCredentialImplTest)] DEBUG org.eclipse.jetty.util.component.ContainerLifeCycle -- SelectorManager@ServerConnector@74b501d4{HTTP/1.1, (http/1.1)}{localhost:51408} added {ManagedSelector@299a0833{STOPPED} id=5 keys=-1 selected=-1 updates=0,AUTO}
18:14:12.151 [Executing testGetSecretContextNullAndStoreContextNotNull(org.conjur.jenkins.conjursecrets.ConjurSecretCredentialImplTest)] DEBUG org.eclipse.jetty.util.component.ContainerLifeCycle -- EatWhatYouKill@616eb4a6/SelectorProducer@21047011/IDLE/p=false/QueuedThreadPool[Jetty (JenkinsRule)]@5e70539b{STARTED,8<=8<=200,i=8,r=-1,q=0}[ReservedThreadExecutor@26f5968{reserved=0/16,pending=0}][pc=0,pic=0,pec=0,epc=0]@2024-10-22T18:14:12.150974+05:30 added {SelectorProducer@21047011,POJO}
18:14:12.151 [Executing testGetSecretContextNullAndStoreContextNotNull(org.conjur.jenkins.conjursecrets.ConjurSecretCredentialImplTest)] DEBUG org.eclipse.jetty.util.component.ContainerLifeCycle -- EatWhatYouKill@616eb4a6/SelectorProducer@21047011/IDLE/p=false/QueuedThreadPool[Jetty (JenkinsRule)]@5e70539b{STARTED,8<=8<=200,i=8,r=-1,q=0}[ReservedThreadExecutor@26f5968{reserved=0/16,pending=0}][pc=0,pic=0,pec=0,epc=0]@2024-10-22T18:14:12.151345+05:30 added {QueuedThreadPool[Jetty (JenkinsRule)]@5e70539b{STARTED,8<=8<=200,i=8,r=-1,q=0}[ReservedThreadExecutor@26f5968{reserved=0/16,pending=0}],UNMANAGED}
18:14:12.151 [Executing testGetSecretContextNullAndStoreContextNotNull(org.conjur.jenkins.conjursecrets.ConjurSecretCredentialImplTest)] DEBUG org.eclipse.jetty.util.thread.strategy.EatWhatYouKill -- EatWhatYouKill@616eb4a6/SelectorProducer@21047011/IDLE/p=false/QueuedThreadPool[Jetty (JenkinsRule)]@5e70539b{STARTED,8<=8<=200,i=8,r=-1,q=0}[ReservedThreadExecutor@26f5968{reserved=0/16,pending=0}][pc=0,pic=0,pec=0,epc=0]@2024-10-22T18:14:12.151723+05:30 created
18:14:12.151 [Executing testGetSecretContextNullAndStoreContextNotNull(org.conjur.jenkins.conjursecrets.ConjurSecretCredentialImplTest)] DEBUG org.eclipse.jetty.util.component.ContainerLifeCycle -- ManagedSelector@6bf7a6bd{STOPPED} id=6 keys=-1 selected=-1 updates=0 added {EatWhatYouKill@616eb4a6/SelectorProducer@21047011/IDLE/p=false/QueuedThreadPool[Jetty (JenkinsRule)]@5e70539b{STARTED,8<=8<=200,i=8,r=-1,q=0}[ReservedThreadExecutor@26f5968{reserved=0/16,pending=0}][pc=0,pic=0,pec=0,epc=0]@2024-10-22T18:14:12.151927+05:30,MANAGED}
18:14:12.152 [Executing testGetSecretContextNullAndStoreContextNotNull(org.conjur.jenkins.conjursecrets.ConjurSecretCredentialImplTest)] DEBUG org.eclipse.jetty.util.component.ContainerLifeCycle -- SelectorManager@ServerConnector@74b501d4{HTTP/1.1, (http/1.1)}{localhost:51408} added {ManagedSelector@6bf7a6bd{STOPPED} id=6 keys=-1 selected=-1 updates=0,AUTO}
18:14:12.152 [Executing testGetSecretContextNullAndStoreContextNotNull(org.conjur.jenkins.conjursecrets.ConjurSecretCredentialImplTest)] DEBUG org.eclipse.jetty.util.component.ContainerLifeCycle -- EatWhatYouKill@12d5e060/SelectorProducer@68abd18/IDLE/p=false/QueuedThreadPool[Jetty (JenkinsRule)]@5e70539b{STARTED,8<=8<=200,i=8,r=-1,q=0}[ReservedThreadExecutor@26f5968{reserved=0/16,pending=0}][pc=0,pic=0,pec=0,epc=0]@2024-10-22T18:14:12.152199+05:30 added {SelectorProducer@68abd18,POJO}
18:14:12.152 [Executing testGetSecretContextNullAndStoreContextNotNull(org.conjur.jenkins.conjursecrets.ConjurSecretCredentialImplTest)] DEBUG org.eclipse.jetty.util.component.ContainerLifeCycle -- EatWhatYouKill@12d5e060/SelectorProducer@68abd18/IDLE/p=false/QueuedThreadPool[Jetty (JenkinsRule)]@5e70539b{STARTED,8<=8<=200,i=8,r=-1,q=0}[ReservedThreadExecutor@26f5968{reserved=0/16,pending=0}][pc=0,pic=0,pec=0,epc=0]@2024-10-22T18:14:12.15233+05:30 added {QueuedThreadPool[Jetty (JenkinsRule)]@5e70539b{STARTED,8<=8<=200,i=8,r=-1,q=0}[ReservedThreadExecutor@26f5968{reserved=0/16,pending=0}],UNMANAGED}
18:14:12.152 [Executing testGetSecretContextNullAndStoreContextNotNull(org.conjur.jenkins.conjursecrets.ConjurSecretCredentialImplTest)] DEBUG org.eclipse.jetty.util.thread.strategy.EatWhatYouKill -- EatWhatYouKill@12d5e060/SelectorProducer@68abd18/IDLE/p=false/QueuedThreadPool[Jetty (JenkinsRule)]@5e70539b{STARTED,8<=8<=200,i=8,r=-1,q=0}[ReservedThreadExecutor@26f5968{reserved=0/16,pending=0}][pc=0,pic=0,pec=0,epc=0]@2024-10-22T18:14:12.152511+05:30 created
18:14:12.152 [Executing testGetSecretContextNullAndStoreContextNotNull(org.conjur.jenkins.conjursecrets.ConjurSecretCredentialImplTest)] DEBUG org.eclipse.jetty.util.component.ContainerLifeCycle -- ManagedSelector@48cc120{STOPPED} id=7 keys=-1 selected=-1 updates=0 added {EatWhatYouKill@12d5e060/SelectorProducer@68abd18/IDLE/p=false/QueuedThreadPool[Jetty (JenkinsRule)]@5e70539b{STARTED,8<=8<=200,i=8,r=-1,q=0}[ReservedThreadExecutor@26f5968{reserved=0/16,pending=0}][pc=0,pic=0,pec=0,epc=0]@2024-10-22T18:14:12.15265+05:30,MANAGED}
18:14:12.152 [Executing testGetSecretContextNullAndStoreContextNotNull(org.conjur.jenkins.conjursecrets.ConjurSecretCredentialImplTest)] DEBUG org.eclipse.jetty.util.component.ContainerLifeCycle -- SelectorManager@ServerConnector@74b501d4{HTTP/1.1, (http/1.1)}{localhost:51408} added {ManagedSelector@48cc120{STOPPED} id=7 keys=-1 selected=-1 updates=0,AUTO}
18:14:12.152 [Executing testGetSecretContextNullAndStoreContextNotNull(org.conjur.jenkins.conjursecrets.ConjurSecretCredentialImplTest)] DEBUG org.eclipse.jetty.util.component.AbstractLifeCycle -- starting ManagedSelector@7960e9dc{STOPPED} id=0 keys=-1 selected=-1 updates=0
18:14:12.153 [Executing testGetSecretContextNullAndStoreContextNotNull(org.conjur.jenkins.conjursecrets.ConjurSecretCredentialImplTest)] DEBUG org.eclipse.jetty.util.component.AbstractLifeCycle -- starting EatWhatYouKill@5d967ff6/SelectorProducer@5e362d76/IDLE/p=false/QueuedThreadPool[Jetty (JenkinsRule)]@5e70539b{STARTED,8<=8<=200,i=8,r=-1,q=0}[ReservedThreadExecutor@26f5968{reserved=0/16,pending=0}][pc=0,pic=0,pec=0,epc=0]@2024-10-22T18:14:12.153051+05:30
18:14:12.153 [Executing testGetSecretContextNullAndStoreContextNotNull(org.conjur.jenkins.conjursecrets.ConjurSecretCredentialImplTest)] DEBUG org.eclipse.jetty.util.component.AbstractLifeCycle -- STARTED @2711ms EatWhatYouKill@5d967ff6/SelectorProducer@5e362d76/IDLE/p=false/QueuedThreadPool[Jetty (JenkinsRule)]@5e70539b{STARTED,8<=8<=200,i=8,r=-1,q=0}[ReservedThreadExecutor@26f5968{reserved=0/16,pending=0}][pc=0,pic=0,pec=0,epc=0]@2024-10-22T18:14:12.153209+05:30
18:14:12.157 [Executing testGetSecretContextNullAndStoreContextNotNull(org.conjur.jenkins.conjursecrets.ConjurSecretCredentialImplTest)] DEBUG org.eclipse.jetty.util.thread.QueuedThreadPool -- queue org.eclipse.jetty.io.ManagedSelector$$Lambda$424/0x00000001333325e0@4a361e79 startThread=0
18:14:12.157 [Jetty (JenkinsRule)-30] DEBUG org.eclipse.jetty.util.thread.QueuedThreadPool -- run org.eclipse.jetty.io.ManagedSelector$$Lambda$424/0x00000001333325e0@4a361e79 in QueuedThreadPool[Jetty (JenkinsRule)]@5e70539b{STARTED,8<=8<=200,i=7,r=-1,q=0}[ReservedThreadExecutor@26f5968{reserved=0/16,pending=0}]
18:14:12.157 [Jetty (JenkinsRule)-30] DEBUG org.eclipse.jetty.util.thread.strategy.EatWhatYouKill -- EatWhatYouKill@5d967ff6/SelectorProducer@5e362d76/IDLE/p=false/QueuedThreadPool[Jetty (JenkinsRule)]@5e70539b{STARTED,8<=8<=200,i=7,r=-1,q=0}[ReservedThreadExecutor@26f5968{reserved=0/16,pending=0}][pc=0,pic=0,pec=0,epc=0]@2024-10-22T18:14:12.157662+05:30 tryProduce false
18:14:12.157 [Executing testGetSecretContextNullAndStoreContextNotNull(org.conjur.jenkins.conjursecrets.ConjurSecretCredentialImplTest)] DEBUG org.eclipse.jetty.io.ManagedSelector -- Queued change lazy=false org.eclipse.jetty.io.ManagedSelector$Start@784b26ff on ManagedSelector@7960e9dc{STARTING} id=0 keys=0 selected=0 updates=0
18:14:12.158 [Jetty (JenkinsRule)-30] DEBUG org.eclipse.jetty.io.ManagedSelector -- updateable 1
18:14:12.158 [Jetty (JenkinsRule)-30] DEBUG org.eclipse.jetty.io.ManagedSelector -- update org.eclipse.jetty.io.ManagedSelector$Start@784b26ff
18:14:12.159 [Jetty (JenkinsRule)-30] DEBUG org.eclipse.jetty.io.ManagedSelector -- updates 0
18:14:12.159 [Jetty (JenkinsRule)-30] DEBUG org.eclipse.jetty.io.ManagedSelector -- Selector sun.nio.ch.KQueueSelectorImpl@b1376e2 waiting with 0 keys
18:14:12.159 [Executing testGetSecretContextNullAndStoreContextNotNull(org.conjur.jenkins.conjursecrets.ConjurSecretCredentialImplTest)] DEBUG org.eclipse.jetty.util.component.AbstractLifeCycle -- STARTED @2717ms ManagedSelector@7960e9dc{STARTED} id=0 keys=0 selected=0 updates=0
18:14:12.159 [Executing testGetSecretContextNullAndStoreContextNotNull(org.conjur.jenkins.conjursecrets.ConjurSecretCredentialImplTest)] DEBUG org.eclipse.jetty.util.component.AbstractLifeCycle -- starting ManagedSelector@245a12d3{STOPPED} id=1 keys=-1 selected=-1 updates=0
18:14:12.159 [Executing testGetSecretContextNullAndStoreContextNotNull(org.conjur.jenkins.conjursecrets.ConjurSecretCredentialImplTest)] DEBUG org.eclipse.jetty.util.component.AbstractLifeCycle -- starting EatWhatYouKill@25ef79c1/SelectorProducer@4be8db45/IDLE/p=false/QueuedThreadPool[Jetty (JenkinsRule)]@5e70539b{STARTED,8<=8<=200,i=7,r=-1,q=0}[ReservedThreadExecutor@26f5968{reserved=0/16,pending=0}][pc=0,pic=0,pec=0,epc=0]@2024-10-22T18:14:12.159284+05:30
18:14:12.159 [Executing testGetSecretContextNullAndStoreContextNotNull(org.conjur.jenkins.conjursecrets.ConjurSecretCredentialImplTest)] DEBUG org.eclipse.jetty.util.component.AbstractLifeCycle -- STARTED @2717ms EatWhatYouKill@25ef79c1/SelectorProducer@4be8db45/IDLE/p=false/QueuedThreadPool[Jetty (JenkinsRule)]@5e70539b{STARTED,8<=8<=200,i=7,r=-1,q=0}[ReservedThreadExecutor@26f5968{reserved=0/16,pending=0}][pc=0,pic=0,pec=0,epc=0]@2024-10-22T18:14:12.159415+05:30
18:14:12.159 [Executing testGetSecretContextNullAndStoreContextNotNull(org.conjur.jenkins.conjursecrets.ConjurSecretCredentialImplTest)] DEBUG org.eclipse.jetty.util.thread.QueuedThreadPool -- queue org.eclipse.jetty.io.ManagedSelector$$Lambda$424/0x00000001333325e0@1302509d startThread=0
18:14:12.159 [Executing testGetSecretContextNullAndStoreContextNotNull(org.conjur.jenkins.conjursecrets.ConjurSecretCredentialImplTest)] DEBUG org.eclipse.jetty.io.ManagedSelector -- Queued change lazy=false org.eclipse.jetty.io.ManagedSelector$Start@36f5cf63 on ManagedSelector@245a12d3{STARTING} id=1 keys=0 selected=0 updates=0
18:14:12.159 [Jetty (JenkinsRule)-31] DEBUG org.eclipse.jetty.util.thread.QueuedThreadPool -- run org.eclipse.jetty.io.ManagedSelector$$Lambda$424/0x00000001333325e0@1302509d in QueuedThreadPool[Jetty (JenkinsRule)]@5e70539b{STARTED,8<=8<=200,i=6,r=-1,q=0}[ReservedThreadExecutor@26f5968{reserved=0/16,pending=0}]
18:14:12.159 [Jetty (JenkinsRule)-31] DEBUG org.eclipse.jetty.util.thread.strategy.EatWhatYouKill -- EatWhatYouKill@25ef79c1/SelectorProducer@4be8db45/IDLE/p=false/QueuedThreadPool[Jetty (JenkinsRule)]@5e70539b{STARTED,8<=8<=200,i=6,r=-1,q=0}[ReservedThreadExecutor@26f5968{reserved=0/16,pending=0}][pc=0,pic=0,pec=0,epc=0]@2024-10-22T18:14:12.159724+05:30 tryProduce false
18:14:12.159 [Jetty (JenkinsRule)-31] DEBUG org.eclipse.jetty.io.ManagedSelector -- updateable 1
18:14:12.159 [Jetty (JenkinsRule)-31] DEBUG org.eclipse.jetty.io.ManagedSelector -- update org.eclipse.jetty.io.ManagedSelector$Start@36f5cf63
18:14:12.159 [Jetty (JenkinsRule)-31] DEBUG org.eclipse.jetty.io.ManagedSelector -- updates 0
18:14:12.159 [Jetty (JenkinsRule)-31] DEBUG org.eclipse.jetty.io.ManagedSelector -- Selector sun.nio.ch.KQueueSelectorImpl@1bdb48ca waiting with 0 keys
18:14:12.159 [Executing testGetSecretContextNullAndStoreContextNotNull(org.conjur.jenkins.conjursecrets.ConjurSecretCredentialImplTest)] DEBUG org.eclipse.jetty.util.component.AbstractLifeCycle -- STARTED @2717ms ManagedSelector@245a12d3{STARTED} id=1 keys=0 selected=0 updates=0
18:14:12.159 [Executing testGetSecretContextNullAndStoreContextNotNull(org.conjur.jenkins.conjursecrets.ConjurSecretCredentialImplTest)] DEBUG org.eclipse.jetty.util.component.AbstractLifeCycle -- starting ManagedSelector@94abb44{STOPPED} id=2 keys=-1 selected=-1 updates=0
18:14:12.160 [Executing testGetSecretContextNullAndStoreContextNotNull(org.conjur.jenkins.conjursecrets.ConjurSecretCredentialImplTest)] DEBUG org.eclipse.jetty.util.component.AbstractLifeCycle -- starting EatWhatYouKill@5a0a218d/SelectorProducer@4756a7c/IDLE/p=false/QueuedThreadPool[Jetty (JenkinsRule)]@5e70539b{STARTED,8<=8<=200,i=6,r=-1,q=0}[ReservedThreadExecutor@26f5968{reserved=0/16,pending=0}][pc=0,pic=0,pec=0,epc=0]@2024-10-22T18:14:12.160065+05:30
18:14:12.160 [Executing testGetSecretContextNullAndStoreContextNotNull(org.conjur.jenkins.conjursecrets.ConjurSecretCredentialImplTest)] DEBUG org.eclipse.jetty.util.component.AbstractLifeCycle -- STARTED @2718ms EatWhatYouKill@5a0a218d/SelectorProducer@4756a7c/IDLE/p=false/QueuedThreadPool[Jetty (JenkinsRule)]@5e70539b{STARTED,8<=8<=200,i=6,r=-1,q=0}[ReservedThreadExecutor@26f5968{reserved=0/16,pending=0}][pc=0,pic=0,pec=0,epc=0]@2024-10-22T18:14:12.160188+05:30
18:14:12.160 [Executing testGetSecretContextNullAndStoreContextNotNull(org.conjur.jenkins.conjursecrets.ConjurSecretCredentialImplTest)] DEBUG org.eclipse.jetty.util.thread.QueuedThreadPool -- queue org.eclipse.jetty.io.ManagedSelector$$Lambda$424/0x00000001333325e0@11e1be7a startThread=0
18:14:12.160 [Jetty (JenkinsRule)-32] DEBUG org.eclipse.jetty.util.thread.QueuedThreadPool -- run org.eclipse.jetty.io.ManagedSelector$$Lambda$424/0x00000001333325e0@11e1be7a in QueuedThreadPool[Jetty (JenkinsRule)]@5e70539b{STARTED,8<=8<=200,i=5,r=-1,q=0}[ReservedThreadExecutor@26f5968{reserved=0/16,pending=0}]
18:14:12.160 [Executing testGetSecretContextNullAndStoreContextNotNull(org.conjur.jenkins.conjursecrets.ConjurSecretCredentialImplTest)] DEBUG org.eclipse.jetty.io.ManagedSelector -- Queued change lazy=false org.eclipse.jetty.io.ManagedSelector$Start@30bc0e67 on ManagedSelector@94abb44{STARTING} id=2 keys=0 selected=0 updates=0
18:14:12.160 [Jetty (JenkinsRule)-32] DEBUG org.eclipse.jetty.util.thread.strategy.EatWhatYouKill -- EatWhatYouKill@5a0a218d/SelectorProducer@4756a7c/IDLE/p=false/QueuedThreadPool[Jetty (JenkinsRule)]@5e70539b{STARTED,8<=8<=200,i=5,r=-1,q=0}[ReservedThreadExecutor@26f5968{reserved=0/16,pending=0}][pc=0,pic=0,pec=0,epc=0]@2024-10-22T18:14:12.160454+05:30 tryProduce false
18:14:12.160 [Jetty (JenkinsRule)-32] DEBUG org.eclipse.jetty.io.ManagedSelector -- updateable 1
18:14:12.160 [Jetty (JenkinsRule)-32] DEBUG org.eclipse.jetty.io.ManagedSelector -- update org.eclipse.jetty.io.ManagedSelector$Start@30bc0e67
18:14:12.160 [Jetty (JenkinsRule)-32] DEBUG org.eclipse.jetty.io.ManagedSelector -- updates 0
18:14:12.160 [Jetty (JenkinsRule)-32] DEBUG org.eclipse.jetty.io.ManagedSelector -- Selector sun.nio.ch.KQueueSelectorImpl@13799708 waiting with 0 keys
18:14:12.160 [Executing testGetSecretContextNullAndStoreContextNotNull(org.conjur.jenkins.conjursecrets.ConjurSecretCredentialImplTest)] DEBUG org.eclipse.jetty.util.component.AbstractLifeCycle -- STARTED @2718ms ManagedSelector@94abb44{STARTED} id=2 keys=0 selected=0 updates=0
18:14:12.160 [Executing testGetSecretContextNullAndStoreContextNotNull(org.conjur.jenkins.conjursecrets.ConjurSecretCredentialImplTest)] DEBUG org.eclipse.jetty.util.component.AbstractLifeCycle -- starting ManagedSelector@59761e77{STOPPED} id=3 keys=-1 selected=-1 updates=0
18:14:12.160 [Executing testGetSecretContextNullAndStoreContextNotNull(org.conjur.jenkins.conjursecrets.ConjurSecretCredentialImplTest)] DEBUG org.eclipse.jetty.util.component.AbstractLifeCycle -- starting EatWhatYouKill@7df2ec34/SelectorProducer@767fbc4e/IDLE/p=false/QueuedThreadPool[Jetty (JenkinsRule)]@5e70539b{STARTED,8<=8<=200,i=5,r=-1,q=0}[ReservedThreadExecutor@26f5968{reserved=0/16,pending=0}][pc=0,pic=0,pec=0,epc=0]@2024-10-22T18:14:12.160762+05:30
18:14:12.160 [Executing testGetSecretContextNullAndStoreContextNotNull(org.conjur.jenkins.conjursecrets.ConjurSecretCredentialImplTest)] DEBUG org.eclipse.jetty.util.component.AbstractLifeCycle -- STARTED @2718ms EatWhatYouKill@7df2ec34/SelectorProducer@767fbc4e/IDLE/p=false/QueuedThreadPool[Jetty (JenkinsRule)]@5e70539b{STARTED,8<=8<=200,i=5,r=-1,q=0}[ReservedThreadExecutor@26f5968{reserved=0/16,pending=0}][pc=0,pic=0,pec=0,epc=0]@2024-10-22T18:14:12.160868+05:30
18:14:12.160 [Executing testGetSecretContextNullAndStoreContextNotNull(org.conjur.jenkins.conjursecrets.ConjurSecretCredentialImplTest)] DEBUG org.eclipse.jetty.util.thread.QueuedThreadPool -- queue org.eclipse.jetty.io.ManagedSelector$$Lambda$424/0x00000001333325e0@313b2655 startThread=0
18:14:12.161 [Executing testGetSecretContextNullAndStoreContextNotNull(org.conjur.jenkins.conjursecrets.ConjurSecretCredentialImplTest)] DEBUG org.eclipse.jetty.io.ManagedSelector -- Queued change lazy=false org.eclipse.jetty.io.ManagedSelector$Start@292d69c6 on ManagedSelector@59761e77{STARTING} id=3 keys=0 selected=0 updates=0
18:14:12.161 [Jetty (JenkinsRule)-33] DEBUG org.eclipse.jetty.util.thread.QueuedThreadPool -- run org.eclipse.jetty.io.ManagedSelector$$Lambda$424/0x00000001333325e0@313b2655 in QueuedThreadPool[Jetty (JenkinsRule)]@5e70539b{STARTED,8<=8<=200,i=4,r=-1,q=0}[ReservedThreadExecutor@26f5968{reserved=0/16,pending=0}]
18:14:12.161 [Jetty (JenkinsRule)-33] DEBUG org.eclipse.jetty.util.thread.strategy.EatWhatYouKill -- EatWhatYouKill@7df2ec34/SelectorProducer@767fbc4e/IDLE/p=false/QueuedThreadPool[Jetty (JenkinsRule)]@5e70539b{STARTED,8<=8<=200,i=4,r=-1,q=0}[ReservedThreadExecutor@26f5968{reserved=0/16,pending=0}][pc=0,pic=0,pec=0,epc=0]@2024-10-22T18:14:12.161143+05:30 tryProduce false
18:14:12.161 [Jetty (JenkinsRule)-33] DEBUG org.eclipse.jetty.io.ManagedSelector -- updateable 1
18:14:12.161 [Jetty (JenkinsRule)-33] DEBUG org.eclipse.jetty.io.ManagedSelector -- update org.eclipse.jetty.io.ManagedSelector$Start@292d69c6
18:14:12.161 [Jetty (JenkinsRule)-33] DEBUG org.eclipse.jetty.io.ManagedSelector -- updates 0
18:14:12.161 [Jetty (JenkinsRule)-33] DEBUG org.eclipse.jetty.io.ManagedSelector -- Selector sun.nio.ch.KQueueSelectorImpl@65f223e4 waiting with 0 keys
18:14:12.161 [Executing testGetSecretContextNullAndStoreContextNotNull(org.conjur.jenkins.conjursecrets.ConjurSecretCredentialImplTest)] DEBUG org.eclipse.jetty.util.component.AbstractLifeCycle -- STARTED @2719ms ManagedSelector@59761e77{STARTED} id=3 keys=0 selected=0 updates=0
18:14:12.161 [Executing testGetSecretContextNullAndStoreContextNotNull(org.conjur.jenkins.conjursecrets.ConjurSecretCredentialImplTest)] DEBUG org.eclipse.jetty.util.component.AbstractLifeCycle -- starting ManagedSelector@64d59d23{STOPPED} id=4 keys=-1 selected=-1 updates=0
18:14:12.161 [Executing testGetSecretContextNullAndStoreContextNotNull(org.conjur.jenkins.conjursecrets.ConjurSecretCredentialImplTest)] DEBUG org.eclipse.jetty.util.component.AbstractLifeCycle -- starting EatWhatYouKill@53a1e86/SelectorProducer@6fc3d159/IDLE/p=false/QueuedThreadPool[Jetty (JenkinsRule)]@5e70539b{STARTED,8<=8<=200,i=4,r=-1,q=0}[ReservedThreadExecutor@26f5968{reserved=0/16,pending=0}][pc=0,pic=0,pec=0,epc=0]@2024-10-22T18:14:12.161437+05:30
18:14:12.161 [Executing testGetSecretContextNullAndStoreContextNotNull(org.conjur.jenkins.conjursecrets.ConjurSecretCredentialImplTest)] DEBUG org.eclipse.jetty.util.component.AbstractLifeCycle -- STARTED @2719ms EatWhatYouKill@53a1e86/SelectorProducer@6fc3d159/IDLE/p=false/QueuedThreadPool[Jetty (JenkinsRule)]@5e70539b{STARTED,8<=8<=200,i=4,r=-1,q=0}[ReservedThreadExecutor@26f5968{reserved=0/16,pending=0}][pc=0,pic=0,pec=0,epc=0]@2024-10-22T18:14:12.161553+05:30
18:14:12.161 [Executing testGetSecretContextNullAndStoreContextNotNull(org.conjur.jenkins.conjursecrets.ConjurSecretCredentialImplTest)] DEBUG org.eclipse.jetty.util.thread.QueuedThreadPool -- queue org.eclipse.jetty.io.ManagedSelector$$Lambda$424/0x00000001333325e0@35a310f7 startThread=0
18:14:12.161 [Executing testGetSecretContextNullAndStoreContextNotNull(org.conjur.jenkins.conjursecrets.ConjurSecretCredentialImplTest)] DEBUG org.eclipse.jetty.io.ManagedSelector -- Queued change lazy=false org.eclipse.jetty.io.ManagedSelector$Start@653cff12 on ManagedSelector@64d59d23{STARTING} id=4 keys=0 selected=0 updates=0
18:14:12.161 [Jetty (JenkinsRule)-34] DEBUG org.eclipse.jetty.util.thread.QueuedThreadPool -- run org.eclipse.jetty.io.ManagedSelector$$Lambda$424/0x00000001333325e0@35a310f7 in QueuedThreadPool[Jetty (JenkinsRule)]@5e70539b{STARTED,8<=8<=200,i=3,r=-1,q=0}[ReservedThreadExecutor@26f5968{reserved=0/16,pending=0}]
18:14:12.161 [Jetty (JenkinsRule)-34] DEBUG org.eclipse.jetty.util.thread.strategy.EatWhatYouKill -- EatWhatYouKill@53a1e86/SelectorProducer@6fc3d159/IDLE/p=false/QueuedThreadPool[Jetty (JenkinsRule)]@5e70539b{STARTED,8<=8<=200,i=3,r=-1,q=0}[ReservedThreadExecutor@26f5968{reserved=0/16,pending=0}][pc=0,pic=0,pec=0,epc=0]@2024-10-22T18:14:12.161826+05:30 tryProduce false
18:14:12.161 [Jetty (JenkinsRule)-34] DEBUG org.eclipse.jetty.io.ManagedSelector -- updateable 1
18:14:12.161 [Jetty (JenkinsRule)-34] DEBUG org.eclipse.jetty.io.ManagedSelector -- update org.eclipse.jetty.io.ManagedSelector$Start@653cff12
18:14:12.161 [Jetty (JenkinsRule)-34] DEBUG org.eclipse.jetty.io.ManagedSelector -- updates 0
18:14:12.161 [Jetty (JenkinsRule)-34] DEBUG org.eclipse.jetty.io.ManagedSelector -- Selector sun.nio.ch.KQueueSelectorImpl@4ab2a92c waiting with 0 keys
18:14:12.162 [Executing testGetSecretContextNullAndStoreContextNotNull(org.conjur.jenkins.conjursecrets.ConjurSecretCredentialImplTest)] DEBUG org.eclipse.jetty.util.component.AbstractLifeCycle -- STARTED @2719ms ManagedSelector@64d59d23{STARTED} id=4 keys=0 selected=0 updates=0
18:14:12.162 [Executing testGetSecretContextNullAndStoreContextNotNull(org.conjur.jenkins.conjursecrets.ConjurSecretCredentialImplTest)] DEBUG org.eclipse.jetty.util.component.AbstractLifeCycle -- starting ManagedSelector@299a0833{STOPPED} id=5 keys=-1 selected=-1 updates=0
18:14:12.162 [Executing testGetSecretContextNullAndStoreContextNotNull(org.conjur.jenkins.conjursecrets.ConjurSecretCredentialImplTest)] DEBUG org.eclipse.jetty.util.component.AbstractLifeCycle -- starting EatWhatYouKill@db9b268/SelectorProducer@58224377/IDLE/p=false/QueuedThreadPool[Jetty (JenkinsRule)]@5e70539b{STARTED,8<=8<=200,i=3,r=-1,q=0}[ReservedThreadExecutor@26f5968{reserved=0/16,pending=0}][pc=0,pic=0,pec=0,epc=0]@2024-10-22T18:14:12.162251+05:30
18:14:12.162 [Executing testGetSecretContextNullAndStoreContextNotNull(org.conjur.jenkins.conjursecrets.ConjurSecretCredentialImplTest)] DEBUG org.eclipse.jetty.util.component.AbstractLifeCycle -- STARTED @2720ms EatWhatYouKill@db9b268/SelectorProducer@58224377/IDLE/p=false/QueuedThreadPool[Jetty (JenkinsRule)]@5e70539b{STARTED,8<=8<=200,i=3,r=-1,q=0}[ReservedThreadExecutor@26f5968{reserved=0/16,pending=0}][pc=0,pic=0,pec=0,epc=0]@2024-10-22T18:14:12.162393+05:30
18:14:12.162 [Executing testGetSecretContextNullAndStoreContextNotNull(org.conjur.jenkins.conjursecrets.ConjurSecretCredentialImplTest)] DEBUG org.eclipse.jetty.util.thread.QueuedThreadPool -- queue org.eclipse.jetty.io.ManagedSelector$$Lambda$424/0x00000001333325e0@d5d646e startThread=0
18:14:12.162 [Executing testGetSecretContextNullAndStoreContextNotNull(org.conjur.jenkins.conjursecrets.ConjurSecretCredentialImplTest)] DEBUG org.eclipse.jetty.io.ManagedSelector -- Queued change lazy=false org.eclipse.jetty.io.ManagedSelector$Start@4f7c4f5a on ManagedSelector@299a0833{STARTING} id=5 keys=0 selected=0 updates=0
18:14:12.162 [Jetty (JenkinsRule)-35] DEBUG org.eclipse.jetty.util.thread.QueuedThreadPool -- run org.eclipse.jetty.io.ManagedSelector$$Lambda$424/0x00000001333325e0@d5d646e in QueuedThreadPool[Jetty (JenkinsRule)]@5e70539b{STARTED,8<=8<=200,i=2,r=-1,q=0}[ReservedThreadExecutor@26f5968{reserved=0/16,pending=0}]
18:14:12.162 [Jetty (JenkinsRule)-35] DEBUG org.eclipse.jetty.util.thread.strategy.EatWhatYouKill -- EatWhatYouKill@db9b268/SelectorProducer@58224377/IDLE/p=false/QueuedThreadPool[Jetty (JenkinsRule)]@5e70539b{STARTED,8<=8<=200,i=2,r=-1,q=0}[ReservedThreadExecutor@26f5968{reserved=0/16,pending=0}][pc=0,pic=0,pec=0,epc=0]@2024-10-22T18:14:12.162678+05:30 tryProduce false
18:14:12.162 [Jetty (JenkinsRule)-35] DEBUG org.eclipse.jetty.io.ManagedSelector -- updateable 1
18:14:12.162 [Jetty (JenkinsRule)-35] DEBUG org.eclipse.jetty.io.ManagedSelector -- update org.eclipse.jetty.io.ManagedSelector$Start@4f7c4f5a
18:14:12.162 [Jetty (JenkinsRule)-35] DEBUG org.eclipse.jetty.io.ManagedSelector -- updates 0
18:14:12.162 [Jetty (JenkinsRule)-35] DEBUG org.eclipse.jetty.io.ManagedSelector -- Selector sun.nio.ch.KQueueSelectorImpl@34511512 waiting with 0 keys
18:14:12.162 [Executing testGetSecretContextNullAndStoreContextNotNull(org.conjur.jenkins.conjursecrets.ConjurSecretCredentialImplTest)] DEBUG org.eclipse.jetty.util.component.AbstractLifeCycle -- STARTED @2720ms ManagedSelector@299a0833{STARTED} id=5 keys=0 selected=0 updates=0
18:14:12.162 [Executing testGetSecretContextNullAndStoreContextNotNull(org.conjur.jenkins.conjursecrets.ConjurSecretCredentialImplTest)] DEBUG org.eclipse.jetty.util.component.AbstractLifeCycle -- starting ManagedSelector@6bf7a6bd{STOPPED} id=6 keys=-1 selected=-1 updates=0
18:14:12.163 [Executing testGetSecretContextNullAndStoreContextNotNull(org.conjur.jenkins.conjursecrets.ConjurSecretCredentialImplTest)] DEBUG org.eclipse.jetty.util.component.AbstractLifeCycle -- starting EatWhatYouKill@616eb4a6/SelectorProducer@21047011/IDLE/p=false/QueuedThreadPool[Jetty (JenkinsRule)]@5e70539b{STARTED,8<=8<=200,i=2,r=-1,q=0}[ReservedThreadExecutor@26f5968{reserved=0/16,pending=0}][pc=0,pic=0,pec=0,epc=0]@2024-10-22T18:14:12.162975+05:30
18:14:12.163 [Executing testGetSecretContextNullAndStoreContextNotNull(org.conjur.jenkins.conjursecrets.ConjurSecretCredentialImplTest)] DEBUG org.eclipse.jetty.util.component.AbstractLifeCycle -- STARTED @2721ms EatWhatYouKill@616eb4a6/SelectorProducer@21047011/IDLE/p=false/QueuedThreadPool[Jetty (JenkinsRule)]@5e70539b{STARTED,8<=8<=200,i=2,r=-1,q=0}[ReservedThreadExecutor@26f5968{reserved=0/16,pending=0}][pc=0,pic=0,pec=0,epc=0]@2024-10-22T18:14:12.163109+05:30
18:14:12.163 [Executing testGetSecretContextNullAndStoreContextNotNull(org.conjur.jenkins.conjursecrets.ConjurSecretCredentialImplTest)] DEBUG org.eclipse.jetty.util.thread.QueuedThreadPool -- queue org.eclipse.jetty.io.ManagedSelector$$Lambda$424/0x00000001333325e0@62f5daea startThread=0
18:14:12.163 [Executing testGetSecretContextNullAndStoreContextNotNull(org.conjur.jenkins.conjursecrets.ConjurSecretCredentialImplTest)] DEBUG org.eclipse.jetty.io.ManagedSelector -- Queued change lazy=false org.eclipse.jetty.io.ManagedSelector$Start@60337dc9 on ManagedSelector@6bf7a6bd{STARTING} id=6 keys=0 selected=0 updates=0
18:14:12.163 [Jetty (JenkinsRule)-36] DEBUG org.eclipse.jetty.util.thread.QueuedThreadPool -- run org.eclipse.jetty.io.ManagedSelector$$Lambda$424/0x00000001333325e0@62f5daea in QueuedThreadPool[Jetty (JenkinsRule)]@5e70539b{STARTED,8<=8<=200,i=1,r=-1,q=0}[ReservedThreadExecutor@26f5968{reserved=0/16,pending=0}]
18:14:12.163 [Jetty (JenkinsRule)-36] DEBUG org.eclipse.jetty.util.thread.strategy.EatWhatYouKill -- EatWhatYouKill@616eb4a6/SelectorProducer@21047011/IDLE/p=false/QueuedThreadPool[Jetty (JenkinsRule)]@5e70539b{STARTED,8<=8<=200,i=1,r=-1,q=0}[ReservedThreadExecutor@26f5968{reserved=0/16,pending=0}][pc=0,pic=0,pec=0,epc=0]@2024-10-22T18:14:12.163387+05:30 tryProduce false
18:14:12.163 [Jetty (JenkinsRule)-36] DEBUG org.eclipse.jetty.io.ManagedSelector -- updateable 1
18:14:12.163 [Jetty (JenkinsRule)-36] DEBUG org.eclipse.jetty.io.ManagedSelector -- update org.eclipse.jetty.io.ManagedSelector$Start@60337dc9
18:14:12.163 [Jetty (JenkinsRule)-36] DEBUG org.eclipse.jetty.io.ManagedSelector -- updates 0
18:14:12.163 [Jetty (JenkinsRule)-36] DEBUG org.eclipse.jetty.io.ManagedSelector -- Selector sun.nio.ch.KQueueSelectorImpl@2f0ecceb waiting with 0 keys
18:14:12.163 [Executing testGetSecretContextNullAndStoreContextNotNull(org.conjur.jenkins.conjursecrets.ConjurSecretCredentialImplTest)] DEBUG org.eclipse.jetty.util.component.AbstractLifeCycle -- STARTED @2721ms ManagedSelector@6bf7a6bd{STARTED} id=6 keys=0 selected=0 updates=0
18:14:12.163 [Executing testGetSecretContextNullAndStoreContextNotNull(org.conjur.jenkins.conjursecrets.ConjurSecretCredentialImplTest)] DEBUG org.eclipse.jetty.util.component.AbstractLifeCycle -- starting ManagedSelector@48cc120{STOPPED} id=7 keys=-1 selected=-1 updates=0
18:14:12.163 [Executing testGetSecretContextNullAndStoreContextNotNull(org.conjur.jenkins.conjursecrets.ConjurSecretCredentialImplTest)] DEBUG org.eclipse.jetty.util.component.AbstractLifeCycle -- starting EatWhatYouKill@12d5e060/SelectorProducer@68abd18/IDLE/p=false/QueuedThreadPool[Jetty (JenkinsRule)]@5e70539b{STARTED,8<=8<=200,i=1,r=-1,q=0}[ReservedThreadExecutor@26f5968{reserved=0/16,pending=0}][pc=0,pic=0,pec=0,epc=0]@2024-10-22T18:14:12.163709+05:30
18:14:12.163 [Executing testGetSecretContextNullAndStoreContextNotNull(org.conjur.jenkins.conjursecrets.ConjurSecretCredentialImplTest)] DEBUG org.eclipse.jetty.util.component.AbstractLifeCycle -- STARTED @2721ms EatWhatYouKill@12d5e060/SelectorProducer@68abd18/IDLE/p=false/QueuedThreadPool[Jetty (JenkinsRule)]@5e70539b{STARTED,8<=8<=200,i=1,r=-1,q=0}[ReservedThreadExecutor@26f5968{reserved=0/16,pending=0}][pc=0,pic=0,pec=0,epc=0]@2024-10-22T18:14:12.163809+05:30
18:14:12.163 [Executing testGetSecretContextNullAndStoreContextNotNull(org.conjur.jenkins.conjursecrets.ConjurSecretCredentialImplTest)] DEBUG org.eclipse.jetty.util.thread.QueuedThreadPool -- queue org.eclipse.jetty.io.ManagedSelector$$Lambda$424/0x00000001333325e0@62b1bb5 startThread=0
18:14:12.163 [Executing testGetSecretContextNullAndStoreContextNotNull(org.conjur.jenkins.conjursecrets.ConjurSecretCredentialImplTest)] DEBUG org.eclipse.jetty.io.ManagedSelector -- Queued change lazy=false org.eclipse.jetty.io.ManagedSelector$Start@2b0082b5 on ManagedSelector@48cc120{STARTING} id=7 keys=0 selected=0 updates=0
18:14:12.163 [Jetty (JenkinsRule)-37] DEBUG org.eclipse.jetty.util.thread.QueuedThreadPool -- run org.eclipse.jetty.io.ManagedSelector$$Lambda$424/0x00000001333325e0@62b1bb5 in QueuedThreadPool[Jetty (JenkinsRule)]@5e70539b{STARTED,8<=8<=200,i=0,r=-1,q=0}[ReservedThreadExecutor@26f5968{reserved=0/16,pending=0}]
18:14:12.164 [Jetty (JenkinsRule)-37] DEBUG org.eclipse.jetty.util.thread.strategy.EatWhatYouKill -- EatWhatYouKill@12d5e060/SelectorProducer@68abd18/IDLE/p=false/QueuedThreadPool[Jetty (JenkinsRule)]@5e70539b{STARTED,8<=8<=200,i=0,r=-1,q=0}[ReservedThreadExecutor@26f5968{reserved=0/16,pending=0}][pc=0,pic=0,pec=0,epc=0]@2024-10-22T18:14:12.164072+05:30 tryProduce false
18:14:12.164 [Jetty (JenkinsRule)-37] DEBUG org.eclipse.jetty.io.ManagedSelector -- updateable 1
18:14:12.164 [Jetty (JenkinsRule)-37] DEBUG org.eclipse.jetty.io.ManagedSelector -- update org.eclipse.jetty.io.ManagedSelector$Start@2b0082b5
18:14:12.164 [Jetty (JenkinsRule)-37] DEBUG org.eclipse.jetty.io.ManagedSelector -- updates 0
18:14:12.164 [Jetty (JenkinsRule)-37] DEBUG org.eclipse.jetty.io.ManagedSelector -- Selector sun.nio.ch.KQueueSelectorImpl@5d6914bb waiting with 0 keys
18:14:12.164 [Executing testGetSecretContextNullAndStoreContextNotNull(org.conjur.jenkins.conjursecrets.ConjurSecretCredentialImplTest)] DEBUG org.eclipse.jetty.util.component.AbstractLifeCycle -- STARTED @2722ms ManagedSelector@48cc120{STARTED} id=7 keys=0 selected=0 updates=0
18:14:12.164 [Executing testGetSecretContextNullAndStoreContextNotNull(org.conjur.jenkins.conjursecrets.ConjurSecretCredentialImplTest)] DEBUG org.eclipse.jetty.util.component.AbstractLifeCycle -- STARTED @2722ms SelectorManager@ServerConnector@74b501d4{HTTP/1.1, (http/1.1)}{localhost:51408}
18:14:12.165 [Executing testGetSecretContextNullAndStoreContextNotNull(org.conjur.jenkins.conjursecrets.ConjurSecretCredentialImplTest)] DEBUG org.eclipse.jetty.util.component.ContainerLifeCycle -- ServerConnector@74b501d4{HTTP/1.1, (http/1.1)}{localhost:51408} added {acceptor-0@6d5aaaf8,POJO}
18:14:12.165 [Executing testGetSecretContextNullAndStoreContextNotNull(org.conjur.jenkins.conjursecrets.ConjurSecretCredentialImplTest)] DEBUG org.eclipse.jetty.util.thread.QueuedThreadPool -- queue acceptor-0@6d5aaaf8 startThread=1
18:14:12.165 [Executing testGetSecretContextNullAndStoreContextNotNull(org.conjur.jenkins.conjursecrets.ConjurSecretCredentialImplTest)] DEBUG org.eclipse.jetty.util.thread.QueuedThreadPool -- Starting Thread[Jetty (JenkinsRule)-39,5,main]
18:14:12.165 [Executing testGetSecretContextNullAndStoreContextNotNull(org.conjur.jenkins.conjursecrets.ConjurSecretCredentialImplTest)] DEBUG org.eclipse.jetty.util.component.ContainerLifeCycle -- ServerConnector@74b501d4{HTTP/1.1, (http/1.1)}{localhost:51408} added {acceptor-1@2110c2c5,POJO}
18:14:12.165 [Executing testGetSecretContextNullAndStoreContextNotNull(org.conjur.jenkins.conjursecrets.ConjurSecretCredentialImplTest)] DEBUG org.eclipse.jetty.util.thread.QueuedThreadPool -- queue acceptor-1@2110c2c5 startThread=1
18:14:12.165 [Jetty (JenkinsRule)-39] DEBUG org.eclipse.jetty.util.thread.QueuedThreadPool -- Runner started for QueuedThreadPool[Jetty (JenkinsRule)]@5e70539b{STARTED,8<=9<=200,i=0,r=-1,q=0}[ReservedThreadExecutor@26f5968{reserved=0/16,pending=0}]
18:14:12.165 [Executing testGetSecretContextNullAndStoreContextNotNull(org.conjur.jenkins.conjursecrets.ConjurSecretCredentialImplTest)] DEBUG org.eclipse.jetty.util.thread.QueuedThreadPool -- Starting Thread[Jetty (JenkinsRule)-40,5,main]
18:14:12.165 [Jetty (JenkinsRule)-39] DEBUG org.eclipse.jetty.util.thread.QueuedThreadPool -- run acceptor-0@6d5aaaf8 in QueuedThreadPool[Jetty (JenkinsRule)]@5e70539b{STARTED,8<=10<=200,i=0,r=-1,q=0}[ReservedThreadExecutor@26f5968{reserved=0/16,pending=0}]
18:14:12.165 [Executing testGetSecretContextNullAndStoreContextNotNull(org.conjur.jenkins.conjursecrets.ConjurSecretCredentialImplTest)] INFO org.eclipse.jetty.server.AbstractConnector -- Started ServerConnector@74b501d4{HTTP/1.1, (http/1.1)}{localhost:51408}
18:14:12.166 [Jetty (JenkinsRule)-40] DEBUG org.eclipse.jetty.util.thread.QueuedThreadPool -- Runner started for QueuedThreadPool[Jetty (JenkinsRule)]@5e70539b{STARTED,8<=10<=200,i=0,r=-1,q=0}[ReservedThreadExecutor@26f5968{reserved=0/16,pending=0}]
18:14:12.166 [Executing testGetSecretContextNullAndStoreContextNotNull(org.conjur.jenkins.conjursecrets.ConjurSecretCredentialImplTest)] DEBUG org.eclipse.jetty.util.component.AbstractLifeCycle -- STARTED @2723ms ServerConnector@74b501d4{HTTP/1.1, (http/1.1)}{localhost:51408}
18:14:12.166 [Jetty (JenkinsRule)-40] DEBUG org.eclipse.jetty.util.thread.QueuedThreadPool -- run acceptor-1@2110c2c5 in QueuedThreadPool[Jetty (JenkinsRule)]@5e70539b{STARTED,8<=10<=200,i=0,r=-1,q=0}[ReservedThreadExecutor@26f5968{reserved=0/16,pending=0}]
18:14:12.166 [Executing testGetSecretContextNullAndStoreContextNotNull(org.conjur.jenkins.conjursecrets.ConjurSecretCredentialImplTest)] INFO org.eclipse.jetty.server.Server -- Started @2724ms
18:14:12.166 [Executing testGetSecretContextNullAndStoreContextNotNull(org.conjur.jenkins.conjursecrets.ConjurSecretCredentialImplTest)] DEBUG org.eclipse.jetty.util.component.AbstractLifeCycle -- STARTED @2724ms Server@3259505c{STARTED}[9.4.48.v20220622]
18:14:12.399 [Executing testGetSecretContextNullAndStoreContextNotNull(org.conjur.jenkins.conjursecrets.ConjurSecretCredentialImplTest)] DEBUG org.apache.commons.discovery.resource.names.DiscoverNamesInFile -- find: serviceName = 'META-INF/services/org.kohsuke.stapler.Facet'
18:14:12.399 [Executing testGetSecretContextNullAndStoreContextNotNull(org.conjur.jenkins.conjursecrets.ConjurSecretCredentialImplTest)] DEBUG org.apache.commons.discovery.resource.DiscoverResources -- find: resourceName='META-INF/services/org.kohsuke.stapler.Facet'
18:14:12.400 [Executing testGetSecretContextNullAndStoreContextNotNull(org.conjur.jenkins.conjursecrets.ConjurSecretCredentialImplTest)] DEBUG org.apache.commons.discovery.resource.DiscoverResources -- getNextResources: search using ClassLoader 'jdk.internal.loader.ClassLoaders$AppClassLoader@5ffd2b27'
18:14:12.402 [Executing testGetSecretContextNullAndStoreContextNotNull(org.conjur.jenkins.conjursecrets.ConjurSecretCredentialImplTest)] DEBUG org.apache.commons.discovery.resource.DiscoverResources -- getNextResource: next URL='jar:file:/Users/sameer.shaik/.m2/repository/org/kohsuke/stapler/stapler-groovy/1669.v95a_4b_919a_b_a_2/stapler-groovy-1669.v95a_4b_919a_b_a_2.jar!/META-INF/services/org.kohsuke.stapler.Facet'
18:14:12.402 [Executing testGetSecretContextNullAndStoreContextNotNull(org.conjur.jenkins.conjursecrets.ConjurSecretCredentialImplTest)] DEBUG org.apache.commons.discovery.resource.names.DiscoverNamesInFile -- getNextClassResource: next class='org.kohsuke.stapler.jelly.groovy.GroovyFacet'
18:14:12.404 [Executing testGetSecretContextNullAndStoreContextNotNull(org.conjur.jenkins.conjursecrets.ConjurSecretCredentialImplTest)] DEBUG org.apache.commons.discovery.resource.DiscoverResources -- getNextResource: next URL='jar:file:/Users/sameer.shaik/.m2/repository/org/kohsuke/stapler/stapler-jelly/1669.v95a_4b_919a_b_a_2/stapler-jelly-1669.v95a_4b_919a_b_a_2.jar!/META-INF/services/org.kohsuke.stapler.Facet'
18:14:12.405 [Executing testGetSecretContextNullAndStoreContextNotNull(org.conjur.jenkins.conjursecrets.ConjurSecretCredentialImplTest)] DEBUG org.apache.commons.discovery.resource.names.DiscoverNamesInFile -- getNextClassResource: next class='org.kohsuke.stapler.jelly.JellyFacet'
18:14:12.409 [Executing testGetSecretContextNullAndStoreContextNotNull(org.conjur.jenkins.conjursecrets.ConjurSecretCredentialImplTest)] DEBUG org.apache.commons.discovery.resource.names.DiscoverNamesInFile -- find: serviceName = 'META-INF/services/org.kohsuke.stapler.Facet'
18:14:12.409 [Executing testGetSecretContextNullAndStoreContextNotNull(org.conjur.jenkins.conjursecrets.ConjurSecretCredentialImplTest)] DEBUG org.apache.commons.discovery.resource.DiscoverResources -- find: resourceName='META-INF/services/org.kohsuke.stapler.Facet'
18:14:12.409 [Executing testGetSecretContextNullAndStoreContextNotNull(org.conjur.jenkins.conjursecrets.ConjurSecretCredentialImplTest)] DEBUG org.apache.commons.discovery.resource.DiscoverResources -- getNextResources: search using ClassLoader 'jdk.internal.loader.ClassLoaders$AppClassLoader@5ffd2b27'
18:14:12.409 [Executing testGetSecretContextNullAndStoreContextNotNull(org.conjur.jenkins.conjursecrets.ConjurSecretCredentialImplTest)] DEBUG org.apache.commons.discovery.resource.DiscoverResources -- getNextResource: next URL='jar:file:/Users/sameer.shaik/.m2/repository/org/kohsuke/stapler/stapler-groovy/1669.v95a_4b_919a_b_a_2/stapler-groovy-1669.v95a_4b_919a_b_a_2.jar!/META-INF/services/org.kohsuke.stapler.Facet'
18:14:12.409 [Executing testGetSecretContextNullAndStoreContextNotNull(org.conjur.jenkins.conjursecrets.ConjurSecretCredentialImplTest)] DEBUG org.apache.commons.discovery.resource.names.DiscoverNamesInFile -- getNextClassResource: next class='org.kohsuke.stapler.jelly.groovy.GroovyFacet'
18:14:12.409 [Executing testGetSecretContextNullAndStoreContextNotNull(org.conjur.jenkins.conjursecrets.ConjurSecretCredentialImplTest)] DEBUG org.apache.commons.discovery.resource.DiscoverResources -- getNextResource: next URL='jar:file:/Users/sameer.shaik/.m2/repository/org/kohsuke/stapler/stapler-jelly/1669.v95a_4b_919a_b_a_2/stapler-jelly-1669.v95a_4b_919a_b_a_2.jar!/META-INF/services/org.kohsuke.stapler.Facet'
18:14:12.409 [Executing testGetSecretContextNullAndStoreContextNotNull(org.conjur.jenkins.conjursecrets.ConjurSecretCredentialImplTest)] DEBUG org.apache.commons.discovery.resource.names.DiscoverNamesInFile -- getNextClassResource: next class='org.kohsuke.stapler.jelly.JellyFacet'
18:14:19.091 [pool-7-thread-14] DEBUG org.apache.commons.discovery.resource.names.DiscoverNamesInFile -- find: serviceName = 'META-INF/services/org.kohsuke.args4j.spi.OptionHandler'
18:14:19.091 [pool-7-thread-14] DEBUG org.apache.commons.discovery.resource.DiscoverResources -- find: resourceName='META-INF/services/org.kohsuke.args4j.spi.OptionHandler'
18:14:19.093 [pool-7-thread-14] DEBUG org.apache.commons.discovery.resource.DiscoverResources -- getNextResources: search using ClassLoader 'classLoader hudson.PluginManager$UberClassLoader'
18:14:19.094 [pool-7-thread-14] DEBUG org.apache.commons.discovery.resource.DiscoverResources -- getNextResource: next URL='jar:file:/Users/sameer.shaik/.m2/repository/org/jenkins-ci/plugins/credentials/1087.1089.v2f1b_9a_b_040e4/credentials-1087.1089.v2f1b_9a_b_040e4.jar!/META-INF/services/org.kohsuke.args4j.spi.OptionHandler'
18:14:19.094 [pool-7-thread-14] DEBUG org.apache.commons.discovery.resource.names.DiscoverNamesInFile -- getNextClassResource: next class='com.cloudbees.plugins.credentials.cli.CredentialsStoreOptionHandler'
18:14:19.094 [pool-7-thread-14] DEBUG org.apache.commons.discovery.resource.classes.DiscoverClasses -- find: className='com.cloudbees.plugins.credentials.cli.CredentialsStoreOptionHandler'
18:14:19.094 [pool-7-thread-14] DEBUG org.apache.commons.discovery.resource.DiscoverResources -- getNextResource: next URL='jar:file:/Users/sameer.shaik/.m2/repository/org/jenkins-ci/main/jenkins-core/2.346.3/jenkins-core-2.346.3.jar!/META-INF/services/org.kohsuke.args4j.spi.OptionHandler'
18:14:19.095 [pool-7-thread-14] DEBUG org.apache.commons.discovery.resource.names.DiscoverNamesInFile -- getNextClassResource: next class='hudson.cli.handlers.AbstractItemOptionHandler'
18:14:19.095 [pool-7-thread-14] DEBUG org.apache.commons.discovery.resource.classes.DiscoverClasses -- getNextClass: next URL='jar:file:/Users/sameer.shaik/.m2/repository/org/jenkins-ci/plugins/credentials/1087.1089.v2f1b_9a_b_040e4/credentials-1087.1089.v2f1b_9a_b_040e4.jar!/com/cloudbees/plugins/credentials/cli/CredentialsStoreOptionHandler.class'
18:14:19.095 [pool-7-thread-14] DEBUG org.apache.commons.discovery.ResourceClass -- loadClass: Loading class 'com.cloudbees.plugins.credentials.cli.CredentialsStoreOptionHandler' with classLoader hudson.PluginManager$UberClassLoader
18:14:19.104 [pool-7-thread-14] DEBUG org.apache.commons.discovery.resource.classes.DiscoverClasses -- find: className='hudson.cli.handlers.AbstractItemOptionHandler'
18:14:19.104 [pool-7-thread-14] DEBUG org.apache.commons.discovery.resource.names.DiscoverNamesInFile -- getNextClassResource: next class='hudson.cli.handlers.AbstractProjectOptionHandler'
18:14:19.104 [pool-7-thread-14] DEBUG org.apache.commons.discovery.resource.classes.DiscoverClasses -- getNextClass: next URL='jar:file:/Users/sameer.shaik/.m2/repository/org/jenkins-ci/main/jenkins-core/2.346.3/jenkins-core-2.346.3.jar!/hudson/cli/handlers/AbstractItemOptionHandler.class'
18:14:19.104 [pool-7-thread-14] DEBUG org.apache.commons.discovery.ResourceClass -- loadClass: Loading class 'hudson.cli.handlers.AbstractItemOptionHandler' with classLoader hudson.PluginManager$UberClassLoader
18:14:19.106 [pool-7-thread-14] DEBUG org.apache.commons.discovery.resource.classes.DiscoverClasses -- find: className='hudson.cli.handlers.AbstractProjectOptionHandler'
18:14:19.106 [pool-7-thread-14] DEBUG org.apache.commons.discovery.resource.names.DiscoverNamesInFile -- getNextClassResource: next class='hudson.cli.handlers.JobOptionHandler'
18:14:19.106 [pool-7-thread-14] DEBUG org.apache.commons.discovery.resource.classes.DiscoverClasses -- getNextClass: next URL='jar:file:/Users/sameer.shaik/.m2/repository/org/jenkins-ci/main/jenkins-core/2.346.3/jenkins-core-2.346.3.jar!/hudson/cli/handlers/AbstractProjectOptionHandler.class'
18:14:19.106 [pool-7-thread-14] DEBUG org.apache.commons.discovery.ResourceClass -- loadClass: Loading class 'hudson.cli.handlers.AbstractProjectOptionHandler' with classLoader hudson.PluginManager$UberClassLoader
18:14:19.106 [pool-7-thread-14] DEBUG org.apache.commons.discovery.resource.classes.DiscoverClasses -- find: className='hudson.cli.handlers.JobOptionHandler'
18:14:19.106 [pool-7-thread-14] DEBUG org.apache.commons.discovery.resource.names.DiscoverNamesInFile -- getNextClassResource: next class='hudson.cli.handlers.NodeOptionHandler'
18:14:19.106 [pool-7-thread-14] DEBUG org.apache.commons.discovery.resource.classes.DiscoverClasses -- getNextClass: next URL='jar:file:/Users/sameer.shaik/.m2/repository/org/jenkins-ci/main/jenkins-core/2.346.3/jenkins-core-2.346.3.jar!/hudson/cli/handlers/JobOptionHandler.class'
18:14:19.106 [pool-7-thread-14] DEBUG org.apache.commons.discovery.ResourceClass -- loadClass: Loading class 'hudson.cli.handlers.JobOptionHandler' with classLoader hudson.PluginManager$UberClassLoader
18:14:19.106 [pool-7-thread-14] DEBUG org.apache.commons.discovery.resource.classes.DiscoverClasses -- find: className='hudson.cli.handlers.NodeOptionHandler'
18:14:19.106 [pool-7-thread-14] DEBUG org.apache.commons.discovery.resource.names.DiscoverNamesInFile -- getNextClassResource: next class='hudson.cli.handlers.ParameterizedJobOptionHandler'
18:14:19.107 [pool-7-thread-14] DEBUG org.apache.commons.discovery.resource.classes.DiscoverClasses -- getNextClass: next URL='jar:file:/Users/sameer.shaik/.m2/repository/org/jenkins-ci/main/jenkins-core/2.346.3/jenkins-core-2.346.3.jar!/hudson/cli/handlers/NodeOptionHandler.class'
18:14:19.107 [pool-7-thread-14] DEBUG org.apache.commons.discovery.ResourceClass -- loadClass: Loading class 'hudson.cli.handlers.NodeOptionHandler' with classLoader hudson.PluginManager$UberClassLoader
18:14:19.107 [pool-7-thread-14] DEBUG org.apache.commons.discovery.resource.classes.DiscoverClasses -- find: className='hudson.cli.handlers.ParameterizedJobOptionHandler'
18:14:19.107 [pool-7-thread-14] DEBUG org.apache.commons.discovery.resource.names.DiscoverNamesInFile -- getNextClassResource: next class='hudson.cli.handlers.TopLevelItemOptionHandler'
18:14:19.107 [pool-7-thread-14] DEBUG org.apache.commons.discovery.resource.classes.DiscoverClasses -- getNextClass: next URL='jar:file:/Users/sameer.shaik/.m2/repository/org/jenkins-ci/main/jenkins-core/2.346.3/jenkins-core-2.346.3.jar!/hudson/cli/handlers/ParameterizedJobOptionHandler.class'
18:14:19.107 [pool-7-thread-14] DEBUG org.apache.commons.discovery.ResourceClass -- loadClass: Loading class 'hudson.cli.handlers.ParameterizedJobOptionHandler' with classLoader hudson.PluginManager$UberClassLoader
18:14:19.107 [pool-7-thread-14] DEBUG org.apache.commons.discovery.resource.classes.DiscoverClasses -- find: className='hudson.cli.handlers.TopLevelItemOptionHandler'
18:14:19.107 [pool-7-thread-14] DEBUG org.apache.commons.discovery.resource.names.DiscoverNamesInFile -- getNextClassResource: next class='hudson.cli.handlers.ViewOptionHandler'
18:14:19.107 [pool-7-thread-14] DEBUG org.apache.commons.discovery.resource.classes.DiscoverClasses -- getNextClass: next URL='jar:file:/Users/sameer.shaik/.m2/repository/org/jenkins-ci/main/jenkins-core/2.346.3/jenkins-core-2.346.3.jar!/hudson/cli/handlers/TopLevelItemOptionHandler.class'
18:14:19.107 [pool-7-thread-14] DEBUG org.apache.commons.discovery.ResourceClass -- loadClass: Loading class 'hudson.cli.handlers.TopLevelItemOptionHandler' with classLoader hudson.PluginManager$UberClassLoader
18:14:19.108 [pool-7-thread-14] DEBUG org.apache.commons.discovery.resource.classes.DiscoverClasses -- find: className='hudson.cli.handlers.ViewOptionHandler'
18:14:19.108 [pool-7-thread-14] DEBUG org.apache.commons.discovery.resource.DiscoverResources -- getNextResource: next URL='jar:file:/var/folders/7l/pdqsj03n6jsc22xd922cp7v40000gp/T/jenkins372756451287855147/plugins/credentials/WEB-INF/lib/credentials.jar!/META-INF/services/org.kohsuke.args4j.spi.OptionHandler'
18:14:19.108 [pool-7-thread-14] DEBUG org.apache.commons.discovery.resource.names.DiscoverNamesInFile -- getNextClassResource: next class='com.cloudbees.plugins.credentials.cli.CredentialsStoreOptionHandler'
18:14:19.108 [pool-7-thread-14] DEBUG org.apache.commons.discovery.resource.classes.DiscoverClasses -- getNextClass: next URL='jar:file:/Users/sameer.shaik/.m2/repository/org/jenkins-ci/main/jenkins-core/2.346.3/jenkins-core-2.346.3.jar!/hudson/cli/handlers/ViewOptionHandler.class'
18:14:19.108 [pool-7-thread-14] DEBUG org.apache.commons.discovery.ResourceClass -- loadClass: Loading class 'hudson.cli.handlers.ViewOptionHandler' with classLoader hudson.PluginManager$UberClassLoader
18:14:19.108 [pool-7-thread-14] DEBUG org.apache.commons.discovery.resource.classes.DiscoverClasses -- find: className='com.cloudbees.plugins.credentials.cli.CredentialsStoreOptionHandler'
18:14:19.108 [pool-7-thread-14] DEBUG org.apache.commons.discovery.resource.classes.DiscoverClasses -- getNextClass: next URL='jar:file:/Users/sameer.shaik/.m2/repository/org/jenkins-ci/plugins/credentials/1087.1089.v2f1b_9a_b_040e4/credentials-1087.1089.v2f1b_9a_b_040e4.jar!/com/cloudbees/plugins/credentials/cli/CredentialsStoreOptionHandler.class'
18:14:19.108 [pool-7-thread-14] DEBUG org.apache.commons.discovery.ResourceClass -- loadClass: Loading class 'com.cloudbees.plugins.credentials.cli.CredentialsStoreOptionHandler' with classLoader hudson.PluginManager$UberClassLoader
18:14:21.066 [Executing testGetSecretContextNullAndStoreContextNotNull(org.conjur.jenkins.conjursecrets.ConjurSecretCredentialImplTest)] DEBUG org.apache.commons.beanutils.converters.BooleanConverter -- Setting default value: false
18:14:21.066 [Executing testGetSecretContextNullAndStoreContextNotNull(org.conjur.jenkins.conjursecrets.ConjurSecretCredentialImplTest)] DEBUG org.apache.commons.beanutils.converters.BooleanConverter -- Converting 'Boolean' value 'false' to type 'Boolean'
18:14:21.066 [Executing testGetSecretContextNullAndStoreContextNotNull(org.conjur.jenkins.conjursecrets.ConjurSecretCredentialImplTest)] DEBUG org.apache.commons.beanutils.converters.BooleanConverter --     No conversion required, value is already a Boolean
18:14:21.067 [Executing testGetSecretContextNullAndStoreContextNotNull(org.conjur.jenkins.conjursecrets.ConjurSecretCredentialImplTest)] DEBUG org.apache.commons.beanutils.converters.ByteConverter -- Setting default value: 0
18:14:21.067 [Executing testGetSecretContextNullAndStoreContextNotNull(org.conjur.jenkins.conjursecrets.ConjurSecretCredentialImplTest)] DEBUG org.apache.commons.beanutils.converters.ByteConverter -- Converting 'Integer' value '0' to type 'Byte'
18:14:21.067 [Executing testGetSecretContextNullAndStoreContextNotNull(org.conjur.jenkins.conjursecrets.ConjurSecretCredentialImplTest)] DEBUG org.apache.commons.beanutils.converters.ByteConverter --     Converted to Byte value '0'
18:14:21.067 [Executing testGetSecretContextNullAndStoreContextNotNull(org.conjur.jenkins.conjursecrets.ConjurSecretCredentialImplTest)] DEBUG org.apache.commons.beanutils.converters.CharacterConverter -- Setting default value:  
18:14:21.067 [Executing testGetSecretContextNullAndStoreContextNotNull(org.conjur.jenkins.conjursecrets.ConjurSecretCredentialImplTest)] DEBUG org.apache.commons.beanutils.converters.CharacterConverter -- Converting 'Character' value ' ' to type 'Character'
18:14:21.067 [Executing testGetSecretContextNullAndStoreContextNotNull(org.conjur.jenkins.conjursecrets.ConjurSecretCredentialImplTest)] DEBUG org.apache.commons.beanutils.converters.CharacterConverter --     No conversion required, value is already a Character
18:14:21.067 [Executing testGetSecretContextNullAndStoreContextNotNull(org.conjur.jenkins.conjursecrets.ConjurSecretCredentialImplTest)] DEBUG org.apache.commons.beanutils.converters.DoubleConverter -- Setting default value: 0
18:14:21.067 [Executing testGetSecretContextNullAndStoreContextNotNull(org.conjur.jenkins.conjursecrets.ConjurSecretCredentialImplTest)] DEBUG org.apache.commons.beanutils.converters.DoubleConverter -- Converting 'Integer' value '0' to type 'Double'
18:14:21.067 [Executing testGetSecretContextNullAndStoreContextNotNull(org.conjur.jenkins.conjursecrets.ConjurSecretCredentialImplTest)] DEBUG org.apache.commons.beanutils.converters.DoubleConverter --     Converted to Double value '0.0'
18:14:21.067 [Executing testGetSecretContextNullAndStoreContextNotNull(org.conjur.jenkins.conjursecrets.ConjurSecretCredentialImplTest)] DEBUG org.apache.commons.beanutils.converters.FloatConverter -- Setting default value: 0
18:14:21.067 [Executing testGetSecretContextNullAndStoreContextNotNull(org.conjur.jenkins.conjursecrets.ConjurSecretCredentialImplTest)] DEBUG org.apache.commons.beanutils.converters.FloatConverter -- Converting 'Integer' value '0' to type 'Float'
18:14:21.067 [Executing testGetSecretContextNullAndStoreContextNotNull(org.conjur.jenkins.conjursecrets.ConjurSecretCredentialImplTest)] DEBUG org.apache.commons.beanutils.converters.FloatConverter --     Converted to Float value '0.0'
18:14:21.067 [Executing testGetSecretContextNullAndStoreContextNotNull(org.conjur.jenkins.conjursecrets.ConjurSecretCredentialImplTest)] DEBUG org.apache.commons.beanutils.converters.IntegerConverter -- Setting default value: 0
18:14:21.067 [Executing testGetSecretContextNullAndStoreContextNotNull(org.conjur.jenkins.conjursecrets.ConjurSecretCredentialImplTest)] DEBUG org.apache.commons.beanutils.converters.IntegerConverter -- Converting 'Integer' value '0' to type 'Integer'
18:14:21.067 [Executing testGetSecretContextNullAndStoreContextNotNull(org.conjur.jenkins.conjursecrets.ConjurSecretCredentialImplTest)] DEBUG org.apache.commons.beanutils.converters.IntegerConverter --     No conversion required, value is already a Integer
18:14:21.067 [Executing testGetSecretContextNullAndStoreContextNotNull(org.conjur.jenkins.conjursecrets.ConjurSecretCredentialImplTest)] DEBUG org.apache.commons.beanutils.converters.LongConverter -- Setting default value: 0
18:14:21.067 [Executing testGetSecretContextNullAndStoreContextNotNull(org.conjur.jenkins.conjursecrets.ConjurSecretCredentialImplTest)] DEBUG org.apache.commons.beanutils.converters.LongConverter -- Converting 'Integer' value '0' to type 'Long'
18:14:21.067 [Executing testGetSecretContextNullAndStoreContextNotNull(org.conjur.jenkins.conjursecrets.ConjurSecretCredentialImplTest)] DEBUG org.apache.commons.beanutils.converters.LongConverter --     Converted to Long value '0'
18:14:21.067 [Executing testGetSecretContextNullAndStoreContextNotNull(org.conjur.jenkins.conjursecrets.ConjurSecretCredentialImplTest)] DEBUG org.apache.commons.beanutils.converters.ShortConverter -- Setting default value: 0
18:14:21.067 [Executing testGetSecretContextNullAndStoreContextNotNull(org.conjur.jenkins.conjursecrets.ConjurSecretCredentialImplTest)] DEBUG org.apache.commons.beanutils.converters.ShortConverter -- Converting 'Integer' value '0' to type 'Short'
18:14:21.067 [Executing testGetSecretContextNullAndStoreContextNotNull(org.conjur.jenkins.conjursecrets.ConjurSecretCredentialImplTest)] DEBUG org.apache.commons.beanutils.converters.ShortConverter --     Converted to Short value '0'
18:14:21.067 [Executing testGetSecretContextNullAndStoreContextNotNull(org.conjur.jenkins.conjursecrets.ConjurSecretCredentialImplTest)] DEBUG org.apache.commons.beanutils.converters.BigDecimalConverter -- Setting default value: 0.0
18:14:21.067 [Executing testGetSecretContextNullAndStoreContextNotNull(org.conjur.jenkins.conjursecrets.ConjurSecretCredentialImplTest)] DEBUG org.apache.commons.beanutils.converters.BigDecimalConverter -- Converting 'BigDecimal' value '0.0' to type 'BigDecimal'
18:14:21.067 [Executing testGetSecretContextNullAndStoreContextNotNull(org.conjur.jenkins.conjursecrets.ConjurSecretCredentialImplTest)] DEBUG org.apache.commons.beanutils.converters.BigDecimalConverter --     No conversion required, value is already a BigDecimal
18:14:21.067 [Executing testGetSecretContextNullAndStoreContextNotNull(org.conjur.jenkins.conjursecrets.ConjurSecretCredentialImplTest)] DEBUG org.apache.commons.beanutils.converters.BigIntegerConverter -- Setting default value: 0
18:14:21.067 [Executing testGetSecretContextNullAndStoreContextNotNull(org.conjur.jenkins.conjursecrets.ConjurSecretCredentialImplTest)] DEBUG org.apache.commons.beanutils.converters.BigIntegerConverter -- Converting 'BigInteger' value '0' to type 'BigInteger'
18:14:21.067 [Executing testGetSecretContextNullAndStoreContextNotNull(org.conjur.jenkins.conjursecrets.ConjurSecretCredentialImplTest)] DEBUG org.apache.commons.beanutils.converters.BigIntegerConverter --     No conversion required, value is already a BigInteger
18:14:21.067 [Executing testGetSecretContextNullAndStoreContextNotNull(org.conjur.jenkins.conjursecrets.ConjurSecretCredentialImplTest)] DEBUG org.apache.commons.beanutils.converters.BooleanConverter -- Setting default value: false
18:14:21.067 [Executing testGetSecretContextNullAndStoreContextNotNull(org.conjur.jenkins.conjursecrets.ConjurSecretCredentialImplTest)] DEBUG org.apache.commons.beanutils.converters.BooleanConverter -- Converting 'Boolean' value 'false' to type 'Boolean'
18:14:21.067 [Executing testGetSecretContextNullAndStoreContextNotNull(org.conjur.jenkins.conjursecrets.ConjurSecretCredentialImplTest)] DEBUG org.apache.commons.beanutils.converters.BooleanConverter --     No conversion required, value is already a Boolean
18:14:21.067 [Executing testGetSecretContextNullAndStoreContextNotNull(org.conjur.jenkins.conjursecrets.ConjurSecretCredentialImplTest)] DEBUG org.apache.commons.beanutils.converters.ByteConverter -- Setting default value: 0
18:14:21.067 [Executing testGetSecretContextNullAndStoreContextNotNull(org.conjur.jenkins.conjursecrets.ConjurSecretCredentialImplTest)] DEBUG org.apache.commons.beanutils.converters.ByteConverter -- Converting 'Integer' value '0' to type 'Byte'
18:14:21.067 [Executing testGetSecretContextNullAndStoreContextNotNull(org.conjur.jenkins.conjursecrets.ConjurSecretCredentialImplTest)] DEBUG org.apache.commons.beanutils.converters.ByteConverter --     Converted to Byte value '0'
18:14:21.067 [Executing testGetSecretContextNullAndStoreContextNotNull(org.conjur.jenkins.conjursecrets.ConjurSecretCredentialImplTest)] DEBUG org.apache.commons.beanutils.converters.CharacterConverter -- Setting default value:  
18:14:21.067 [Executing testGetSecretContextNullAndStoreContextNotNull(org.conjur.jenkins.conjursecrets.ConjurSecretCredentialImplTest)] DEBUG org.apache.commons.beanutils.converters.CharacterConverter -- Converting 'Character' value ' ' to type 'Character'
18:14:21.067 [Executing testGetSecretContextNullAndStoreContextNotNull(org.conjur.jenkins.conjursecrets.ConjurSecretCredentialImplTest)] DEBUG org.apache.commons.beanutils.converters.CharacterConverter --     No conversion required, value is already a Character
18:14:21.067 [Executing testGetSecretContextNullAndStoreContextNotNull(org.conjur.jenkins.conjursecrets.ConjurSecretCredentialImplTest)] DEBUG org.apache.commons.beanutils.converters.DoubleConverter -- Setting default value: 0
18:14:21.067 [Executing testGetSecretContextNullAndStoreContextNotNull(org.conjur.jenkins.conjursecrets.ConjurSecretCredentialImplTest)] DEBUG org.apache.commons.beanutils.converters.DoubleConverter -- Converting 'Integer' value '0' to type 'Double'
18:14:21.067 [Executing testGetSecretContextNullAndStoreContextNotNull(org.conjur.jenkins.conjursecrets.ConjurSecretCredentialImplTest)] DEBUG org.apache.commons.beanutils.converters.DoubleConverter --     Converted to Double value '0.0'
18:14:21.067 [Executing testGetSecretContextNullAndStoreContextNotNull(org.conjur.jenkins.conjursecrets.ConjurSecretCredentialImplTest)] DEBUG org.apache.commons.beanutils.converters.FloatConverter -- Setting default value: 0
18:14:21.067 [Executing testGetSecretContextNullAndStoreContextNotNull(org.conjur.jenkins.conjursecrets.ConjurSecretCredentialImplTest)] DEBUG org.apache.commons.beanutils.converters.FloatConverter -- Converting 'Integer' value '0' to type 'Float'
18:14:21.067 [Executing testGetSecretContextNullAndStoreContextNotNull(org.conjur.jenkins.conjursecrets.ConjurSecretCredentialImplTest)] DEBUG org.apache.commons.beanutils.converters.FloatConverter --     Converted to Float value '0.0'
18:14:21.067 [Executing testGetSecretContextNullAndStoreContextNotNull(org.conjur.jenkins.conjursecrets.ConjurSecretCredentialImplTest)] DEBUG org.apache.commons.beanutils.converters.IntegerConverter -- Setting default value: 0
18:14:21.067 [Executing testGetSecretContextNullAndStoreContextNotNull(org.conjur.jenkins.conjursecrets.ConjurSecretCredentialImplTest)] DEBUG org.apache.commons.beanutils.converters.IntegerConverter -- Converting 'Integer' value '0' to type 'Integer'
18:14:21.067 [Executing testGetSecretContextNullAndStoreContextNotNull(org.conjur.jenkins.conjursecrets.ConjurSecretCredentialImplTest)] DEBUG org.apache.commons.beanutils.converters.IntegerConverter --     No conversion required, value is already a Integer
18:14:21.067 [Executing testGetSecretContextNullAndStoreContextNotNull(org.conjur.jenkins.conjursecrets.ConjurSecretCredentialImplTest)] DEBUG org.apache.commons.beanutils.converters.LongConverter -- Setting default value: 0
18:14:21.067 [Executing testGetSecretContextNullAndStoreContextNotNull(org.conjur.jenkins.conjursecrets.ConjurSecretCredentialImplTest)] DEBUG org.apache.commons.beanutils.converters.LongConverter -- Converting 'Integer' value '0' to type 'Long'
18:14:21.067 [Executing testGetSecretContextNullAndStoreContextNotNull(org.conjur.jenkins.conjursecrets.ConjurSecretCredentialImplTest)] DEBUG org.apache.commons.beanutils.converters.LongConverter --     Converted to Long value '0'
18:14:21.067 [Executing testGetSecretContextNullAndStoreContextNotNull(org.conjur.jenkins.conjursecrets.ConjurSecretCredentialImplTest)] DEBUG org.apache.commons.beanutils.converters.ShortConverter -- Setting default value: 0
18:14:21.067 [Executing testGetSecretContextNullAndStoreContextNotNull(org.conjur.jenkins.conjursecrets.ConjurSecretCredentialImplTest)] DEBUG org.apache.commons.beanutils.converters.ShortConverter -- Converting 'Integer' value '0' to type 'Short'
18:14:21.067 [Executing testGetSecretContextNullAndStoreContextNotNull(org.conjur.jenkins.conjursecrets.ConjurSecretCredentialImplTest)] DEBUG org.apache.commons.beanutils.converters.ShortConverter --     Converted to Short value '0'
18:14:21.067 [Executing testGetSecretContextNullAndStoreContextNotNull(org.conjur.jenkins.conjursecrets.ConjurSecretCredentialImplTest)] DEBUG org.apache.commons.beanutils.converters.StringConverter -- Setting default value: 
18:14:21.067 [Executing testGetSecretContextNullAndStoreContextNotNull(org.conjur.jenkins.conjursecrets.ConjurSecretCredentialImplTest)] DEBUG org.apache.commons.beanutils.converters.StringConverter -- Converting 'String' value '' to type 'String'
18:14:21.067 [Executing testGetSecretContextNullAndStoreContextNotNull(org.conjur.jenkins.conjursecrets.ConjurSecretCredentialImplTest)] DEBUG org.apache.commons.beanutils.converters.ArrayConverter -- Setting default value: [Z@38697d5d
18:14:21.067 [Executing testGetSecretContextNullAndStoreContextNotNull(org.conjur.jenkins.conjursecrets.ConjurSecretCredentialImplTest)] DEBUG org.apache.commons.beanutils.converters.ArrayConverter -- Converting 'boolean[]' value '[Z@38697d5d' to type 'boolean[]'
18:14:21.067 [Executing testGetSecretContextNullAndStoreContextNotNull(org.conjur.jenkins.conjursecrets.ConjurSecretCredentialImplTest)] DEBUG org.apache.commons.beanutils.converters.ArrayConverter --     No conversion required, value is already a boolean[]
18:14:21.067 [Executing testGetSecretContextNullAndStoreContextNotNull(org.conjur.jenkins.conjursecrets.ConjurSecretCredentialImplTest)] DEBUG org.apache.commons.beanutils.converters.ArrayConverter -- Setting default value: [B@4cf657d9
18:14:21.067 [Executing testGetSecretContextNullAndStoreContextNotNull(org.conjur.jenkins.conjursecrets.ConjurSecretCredentialImplTest)] DEBUG org.apache.commons.beanutils.converters.ArrayConverter -- Converting 'byte[]' value '[B@4cf657d9' to type 'byte[]'
18:14:21.068 [Executing testGetSecretContextNullAndStoreContextNotNull(org.conjur.jenkins.conjursecrets.ConjurSecretCredentialImplTest)] DEBUG org.apache.commons.beanutils.converters.ArrayConverter --     No conversion required, value is already a byte[]
18:14:21.068 [Executing testGetSecretContextNullAndStoreContextNotNull(org.conjur.jenkins.conjursecrets.ConjurSecretCredentialImplTest)] DEBUG org.apache.commons.beanutils.converters.ArrayConverter -- Setting default value: [C@28e8ea70
18:14:21.068 [Executing testGetSecretContextNullAndStoreContextNotNull(org.conjur.jenkins.conjursecrets.ConjurSecretCredentialImplTest)] DEBUG org.apache.commons.beanutils.converters.ArrayConverter -- Converting 'char[]' value '[C@28e8ea70' to type 'char[]'
18:14:21.068 [Executing testGetSecretContextNullAndStoreContextNotNull(org.conjur.jenkins.conjursecrets.ConjurSecretCredentialImplTest)] DEBUG org.apache.commons.beanutils.converters.ArrayConverter --     No conversion required, value is already a char[]
18:14:21.068 [Executing testGetSecretContextNullAndStoreContextNotNull(org.conjur.jenkins.conjursecrets.ConjurSecretCredentialImplTest)] DEBUG org.apache.commons.beanutils.converters.ArrayConverter -- Setting default value: [D@1d0e277f
18:14:21.068 [Executing testGetSecretContextNullAndStoreContextNotNull(org.conjur.jenkins.conjursecrets.ConjurSecretCredentialImplTest)] DEBUG org.apache.commons.beanutils.converters.ArrayConverter -- Converting 'double[]' value '[D@1d0e277f' to type 'double[]'
18:14:21.068 [Executing testGetSecretContextNullAndStoreContextNotNull(org.conjur.jenkins.conjursecrets.ConjurSecretCredentialImplTest)] DEBUG org.apache.commons.beanutils.converters.ArrayConverter --     No conversion required, value is already a double[]
18:14:21.068 [Executing testGetSecretContextNullAndStoreContextNotNull(org.conjur.jenkins.conjursecrets.ConjurSecretCredentialImplTest)] DEBUG org.apache.commons.beanutils.converters.ArrayConverter -- Setting default value: [F@6efe3216
18:14:21.068 [Executing testGetSecretContextNullAndStoreContextNotNull(org.conjur.jenkins.conjursecrets.ConjurSecretCredentialImplTest)] DEBUG org.apache.commons.beanutils.converters.ArrayConverter -- Converting 'float[]' value '[F@6efe3216' to type 'float[]'
18:14:21.068 [Executing testGetSecretContextNullAndStoreContextNotNull(org.conjur.jenkins.conjursecrets.ConjurSecretCredentialImplTest)] DEBUG org.apache.commons.beanutils.converters.ArrayConverter --     No conversion required, value is already a float[]
18:14:21.068 [Executing testGetSecretContextNullAndStoreContextNotNull(org.conjur.jenkins.conjursecrets.ConjurSecretCredentialImplTest)] DEBUG org.apache.commons.beanutils.converters.ArrayConverter -- Setting default value: [I@1048e88f
18:14:21.068 [Executing testGetSecretContextNullAndStoreContextNotNull(org.conjur.jenkins.conjursecrets.ConjurSecretCredentialImplTest)] DEBUG org.apache.commons.beanutils.converters.ArrayConverter -- Converting 'int[]' value '[I@1048e88f' to type 'int[]'
18:14:21.068 [Executing testGetSecretContextNullAndStoreContextNotNull(org.conjur.jenkins.conjursecrets.ConjurSecretCredentialImplTest)] DEBUG org.apache.commons.beanutils.converters.ArrayConverter --     No conversion required, value is already a int[]
18:14:21.068 [Executing testGetSecretContextNullAndStoreContextNotNull(org.conjur.jenkins.conjursecrets.ConjurSecretCredentialImplTest)] DEBUG org.apache.commons.beanutils.converters.ArrayConverter -- Setting default value: [J@7f1c2b9c
18:14:21.068 [Executing testGetSecretContextNullAndStoreContextNotNull(org.conjur.jenkins.conjursecrets.ConjurSecretCredentialImplTest)] DEBUG org.apache.commons.beanutils.converters.ArrayConverter -- Converting 'long[]' value '[J@7f1c2b9c' to type 'long[]'
18:14:21.068 [Executing testGetSecretContextNullAndStoreContextNotNull(org.conjur.jenkins.conjursecrets.ConjurSecretCredentialImplTest)] DEBUG org.apache.commons.beanutils.converters.ArrayConverter --     No conversion required, value is already a long[]
18:14:21.068 [Executing testGetSecretContextNullAndStoreContextNotNull(org.conjur.jenkins.conjursecrets.ConjurSecretCredentialImplTest)] DEBUG org.apache.commons.beanutils.converters.ArrayConverter -- Setting default value: [S@1345cedf
18:14:21.068 [Executing testGetSecretContextNullAndStoreContextNotNull(org.conjur.jenkins.conjursecrets.ConjurSecretCredentialImplTest)] DEBUG org.apache.commons.beanutils.converters.ArrayConverter -- Converting 'short[]' value '[S@1345cedf' to type 'short[]'
18:14:21.068 [Executing testGetSecretContextNullAndStoreContextNotNull(org.conjur.jenkins.conjursecrets.ConjurSecretCredentialImplTest)] DEBUG org.apache.commons.beanutils.converters.ArrayConverter --     No conversion required, value is already a short[]
18:14:21.068 [Executing testGetSecretContextNullAndStoreContextNotNull(org.conjur.jenkins.conjursecrets.ConjurSecretCredentialImplTest)] DEBUG org.apache.commons.beanutils.converters.ArrayConverter -- Setting default value: [Ljava.math.BigDecimal;@cb42023
18:14:21.068 [Executing testGetSecretContextNullAndStoreContextNotNull(org.conjur.jenkins.conjursecrets.ConjurSecretCredentialImplTest)] DEBUG org.apache.commons.beanutils.converters.ArrayConverter -- Converting 'BigDecimal[]' value '[Ljava.math.BigDecimal;@cb42023' to type 'BigDecimal[]'
18:14:21.068 [Executing testGetSecretContextNullAndStoreContextNotNull(org.conjur.jenkins.conjursecrets.ConjurSecretCredentialImplTest)] DEBUG org.apache.commons.beanutils.converters.ArrayConverter --     No conversion required, value is already a BigDecimal[]
18:14:21.068 [Executing testGetSecretContextNullAndStoreContextNotNull(org.conjur.jenkins.conjursecrets.ConjurSecretCredentialImplTest)] DEBUG org.apache.commons.beanutils.converters.ArrayConverter -- Setting default value: [Ljava.math.BigInteger;@5b6fadaa
18:14:21.068 [Executing testGetSecretContextNullAndStoreContextNotNull(org.conjur.jenkins.conjursecrets.ConjurSecretCredentialImplTest)] DEBUG org.apache.commons.beanutils.converters.ArrayConverter -- Converting 'BigInteger[]' value '[Ljava.math.BigInteger;@5b6fadaa' to type 'BigInteger[]'
18:14:21.068 [Executing testGetSecretContextNullAndStoreContextNotNull(org.conjur.jenkins.conjursecrets.ConjurSecretCredentialImplTest)] DEBUG org.apache.commons.beanutils.converters.ArrayConverter --     No conversion required, value is already a BigInteger[]
18:14:21.068 [Executing testGetSecretContextNullAndStoreContextNotNull(org.conjur.jenkins.conjursecrets.ConjurSecretCredentialImplTest)] DEBUG org.apache.commons.beanutils.converters.ArrayConverter -- Setting default value: [Ljava.lang.Boolean;@45b12d90
18:14:21.068 [Executing testGetSecretContextNullAndStoreContextNotNull(org.conjur.jenkins.conjursecrets.ConjurSecretCredentialImplTest)] DEBUG org.apache.commons.beanutils.converters.ArrayConverter -- Converting 'Boolean[]' value '[Ljava.lang.Boolean;@45b12d90' to type 'Boolean[]'
18:14:21.068 [Executing testGetSecretContextNullAndStoreContextNotNull(org.conjur.jenkins.conjursecrets.ConjurSecretCredentialImplTest)] DEBUG org.apache.commons.beanutils.converters.ArrayConverter --     No conversion required, value is already a Boolean[]
18:14:21.068 [Executing testGetSecretContextNullAndStoreContextNotNull(org.conjur.jenkins.conjursecrets.ConjurSecretCredentialImplTest)] DEBUG org.apache.commons.beanutils.converters.ArrayConverter -- Setting default value: [Ljava.lang.Byte;@78bf30cf
18:14:21.068 [Executing testGetSecretContextNullAndStoreContextNotNull(org.conjur.jenkins.conjursecrets.ConjurSecretCredentialImplTest)] DEBUG org.apache.commons.beanutils.converters.ArrayConverter -- Converting 'Byte[]' value '[Ljava.lang.Byte;@78bf30cf' to type 'Byte[]'
18:14:21.068 [Executing testGetSecretContextNullAndStoreContextNotNull(org.conjur.jenkins.conjursecrets.ConjurSecretCredentialImplTest)] DEBUG org.apache.commons.beanutils.converters.ArrayConverter --     No conversion required, value is already a Byte[]
18:14:21.068 [Executing testGetSecretContextNullAndStoreContextNotNull(org.conjur.jenkins.conjursecrets.ConjurSecretCredentialImplTest)] DEBUG org.apache.commons.beanutils.converters.ArrayConverter -- Setting default value: [Ljava.lang.Character;@5527a2c3
18:14:21.068 [Executing testGetSecretContextNullAndStoreContextNotNull(org.conjur.jenkins.conjursecrets.ConjurSecretCredentialImplTest)] DEBUG org.apache.commons.beanutils.converters.ArrayConverter -- Converting 'Character[]' value '[Ljava.lang.Character;@5527a2c3' to type 'Character[]'
18:14:21.068 [Executing testGetSecretContextNullAndStoreContextNotNull(org.conjur.jenkins.conjursecrets.ConjurSecretCredentialImplTest)] DEBUG org.apache.commons.beanutils.converters.ArrayConverter --     No conversion required, value is already a Character[]
18:14:21.068 [Executing testGetSecretContextNullAndStoreContextNotNull(org.conjur.jenkins.conjursecrets.ConjurSecretCredentialImplTest)] DEBUG org.apache.commons.beanutils.converters.ArrayConverter -- Setting default value: [Ljava.lang.Double;@73034730
18:14:21.068 [Executing testGetSecretContextNullAndStoreContextNotNull(org.conjur.jenkins.conjursecrets.ConjurSecretCredentialImplTest)] DEBUG org.apache.commons.beanutils.converters.ArrayConverter -- Converting 'Double[]' value '[Ljava.lang.Double;@73034730' to type 'Double[]'
18:14:21.068 [Executing testGetSecretContextNullAndStoreContextNotNull(org.conjur.jenkins.conjursecrets.ConjurSecretCredentialImplTest)] DEBUG org.apache.commons.beanutils.converters.ArrayConverter --     No conversion required, value is already a Double[]
18:14:21.068 [Executing testGetSecretContextNullAndStoreContextNotNull(org.conjur.jenkins.conjursecrets.ConjurSecretCredentialImplTest)] DEBUG org.apache.commons.beanutils.converters.ArrayConverter -- Setting default value: [Ljava.lang.Float;@3f92296d
18:14:21.068 [Executing testGetSecretContextNullAndStoreContextNotNull(org.conjur.jenkins.conjursecrets.ConjurSecretCredentialImplTest)] DEBUG org.apache.commons.beanutils.converters.ArrayConverter -- Converting 'Float[]' value '[Ljava.lang.Float;@3f92296d' to type 'Float[]'
18:14:21.068 [Executing testGetSecretContextNullAndStoreContextNotNull(org.conjur.jenkins.conjursecrets.ConjurSecretCredentialImplTest)] DEBUG org.apache.commons.beanutils.converters.ArrayConverter --     No conversion required, value is already a Float[]
18:14:21.068 [Executing testGetSecretContextNullAndStoreContextNotNull(org.conjur.jenkins.conjursecrets.ConjurSecretCredentialImplTest)] DEBUG org.apache.commons.beanutils.converters.ArrayConverter -- Setting default value: [Ljava.lang.Integer;@3eaa4f18
18:14:21.068 [Executing testGetSecretContextNullAndStoreContextNotNull(org.conjur.jenkins.conjursecrets.ConjurSecretCredentialImplTest)] DEBUG org.apache.commons.beanutils.converters.ArrayConverter -- Converting 'Integer[]' value '[Ljava.lang.Integer;@3eaa4f18' to type 'Integer[]'
18:14:21.068 [Executing testGetSecretContextNullAndStoreContextNotNull(org.conjur.jenkins.conjursecrets.ConjurSecretCredentialImplTest)] DEBUG org.apache.commons.beanutils.converters.ArrayConverter --     No conversion required, value is already a Integer[]
18:14:21.068 [Executing testGetSecretContextNullAndStoreContextNotNull(org.conjur.jenkins.conjursecrets.ConjurSecretCredentialImplTest)] DEBUG org.apache.commons.beanutils.converters.ArrayConverter -- Setting default value: [Ljava.lang.Long;@5673d3b4
18:14:21.068 [Executing testGetSecretContextNullAndStoreContextNotNull(org.conjur.jenkins.conjursecrets.ConjurSecretCredentialImplTest)] DEBUG org.apache.commons.beanutils.converters.ArrayConverter -- Converting 'Long[]' value '[Ljava.lang.Long;@5673d3b4' to type 'Long[]'
18:14:21.068 [Executing testGetSecretContextNullAndStoreContextNotNull(org.conjur.jenkins.conjursecrets.ConjurSecretCredentialImplTest)] DEBUG org.apache.commons.beanutils.converters.ArrayConverter --     No conversion required, value is already a Long[]
18:14:21.068 [Executing testGetSecretContextNullAndStoreContextNotNull(org.conjur.jenkins.conjursecrets.ConjurSecretCredentialImplTest)] DEBUG org.apache.commons.beanutils.converters.ArrayConverter -- Setting default value: [Ljava.lang.Short;@3fa0248d
18:14:21.068 [Executing testGetSecretContextNullAndStoreContextNotNull(org.conjur.jenkins.conjursecrets.ConjurSecretCredentialImplTest)] DEBUG org.apache.commons.beanutils.converters.ArrayConverter -- Converting 'Short[]' value '[Ljava.lang.Short;@3fa0248d' to type 'Short[]'
18:14:21.068 [Executing testGetSecretContextNullAndStoreContextNotNull(org.conjur.jenkins.conjursecrets.ConjurSecretCredentialImplTest)] DEBUG org.apache.commons.beanutils.converters.ArrayConverter --     No conversion required, value is already a Short[]
18:14:21.068 [Executing testGetSecretContextNullAndStoreContextNotNull(org.conjur.jenkins.conjursecrets.ConjurSecretCredentialImplTest)] DEBUG org.apache.commons.beanutils.converters.ArrayConverter -- Setting default value: [Ljava.lang.String;@1157ab55
18:14:21.068 [Executing testGetSecretContextNullAndStoreContextNotNull(org.conjur.jenkins.conjursecrets.ConjurSecretCredentialImplTest)] DEBUG org.apache.commons.beanutils.converters.ArrayConverter -- Converting 'String[]' value '[Ljava.lang.String;@1157ab55' to type 'String[]'
18:14:21.068 [Executing testGetSecretContextNullAndStoreContextNotNull(org.conjur.jenkins.conjursecrets.ConjurSecretCredentialImplTest)] DEBUG org.apache.commons.beanutils.converters.ArrayConverter --     No conversion required, value is already a String[]
18:14:21.068 [Executing testGetSecretContextNullAndStoreContextNotNull(org.conjur.jenkins.conjursecrets.ConjurSecretCredentialImplTest)] DEBUG org.apache.commons.beanutils.converters.ArrayConverter -- Setting default value: [Ljava.lang.Class;@7d69e4e8
18:14:21.068 [Executing testGetSecretContextNullAndStoreContextNotNull(org.conjur.jenkins.conjursecrets.ConjurSecretCredentialImplTest)] DEBUG org.apache.commons.beanutils.converters.ArrayConverter -- Converting 'Class[]' value '[Ljava.lang.Class;@7d69e4e8' to type 'Class[]'
18:14:21.068 [Executing testGetSecretContextNullAndStoreContextNotNull(org.conjur.jenkins.conjursecrets.ConjurSecretCredentialImplTest)] DEBUG org.apache.commons.beanutils.converters.ArrayConverter --     No conversion required, value is already a Class[]
18:14:21.068 [Executing testGetSecretContextNullAndStoreContextNotNull(org.conjur.jenkins.conjursecrets.ConjurSecretCredentialImplTest)] DEBUG org.apache.commons.beanutils.converters.ArrayConverter -- Setting default value: [Ljava.util.Date;@354f7682
18:14:21.068 [Executing testGetSecretContextNullAndStoreContextNotNull(org.conjur.jenkins.conjursecrets.ConjurSecretCredentialImplTest)] DEBUG org.apache.commons.beanutils.converters.ArrayConverter -- Converting 'Date[]' value '[Ljava.util.Date;@354f7682' to type 'Date[]'
18:14:21.068 [Executing testGetSecretContextNullAndStoreContextNotNull(org.conjur.jenkins.conjursecrets.ConjurSecretCredentialImplTest)] DEBUG org.apache.commons.beanutils.converters.ArrayConverter --     No conversion required, value is already a Date[]
18:14:21.069 [Executing testGetSecretContextNullAndStoreContextNotNull(org.conjur.jenkins.conjursecrets.ConjurSecretCredentialImplTest)] DEBUG org.apache.commons.beanutils.converters.ArrayConverter -- Setting default value: [Ljava.util.Calendar;@b75a8ea
18:14:21.069 [Executing testGetSecretContextNullAndStoreContextNotNull(org.conjur.jenkins.conjursecrets.ConjurSecretCredentialImplTest)] DEBUG org.apache.commons.beanutils.converters.ArrayConverter -- Converting 'Calendar[]' value '[Ljava.util.Calendar;@b75a8ea' to type 'Calendar[]'
18:14:21.069 [Executing testGetSecretContextNullAndStoreContextNotNull(org.conjur.jenkins.conjursecrets.ConjurSecretCredentialImplTest)] DEBUG org.apache.commons.beanutils.converters.ArrayConverter --     No conversion required, value is already a Calendar[]
18:14:21.069 [Executing testGetSecretContextNullAndStoreContextNotNull(org.conjur.jenkins.conjursecrets.ConjurSecretCredentialImplTest)] DEBUG org.apache.commons.beanutils.converters.ArrayConverter -- Setting default value: [Ljava.io.File;@2754a7d2
18:14:21.069 [Executing testGetSecretContextNullAndStoreContextNotNull(org.conjur.jenkins.conjursecrets.ConjurSecretCredentialImplTest)] DEBUG org.apache.commons.beanutils.converters.ArrayConverter -- Converting 'java.io.File[]' value '[Ljava.io.File;@2754a7d2' to type 'java.io.File[]'
18:14:21.069 [Executing testGetSecretContextNullAndStoreContextNotNull(org.conjur.jenkins.conjursecrets.ConjurSecretCredentialImplTest)] DEBUG org.apache.commons.beanutils.converters.ArrayConverter --     No conversion required, value is already a java.io.File[]
18:14:21.069 [Executing testGetSecretContextNullAndStoreContextNotNull(org.conjur.jenkins.conjursecrets.ConjurSecretCredentialImplTest)] DEBUG org.apache.commons.beanutils.converters.ArrayConverter -- Setting default value: [Ljava.sql.Date;@15284974
18:14:21.069 [Executing testGetSecretContextNullAndStoreContextNotNull(org.conjur.jenkins.conjursecrets.ConjurSecretCredentialImplTest)] DEBUG org.apache.commons.beanutils.converters.ArrayConverter -- Converting 'java.sql.Date[]' value '[Ljava.sql.Date;@15284974' to type 'java.sql.Date[]'
18:14:21.069 [Executing testGetSecretContextNullAndStoreContextNotNull(org.conjur.jenkins.conjursecrets.ConjurSecretCredentialImplTest)] DEBUG org.apache.commons.beanutils.converters.ArrayConverter --     No conversion required, value is already a java.sql.Date[]
18:14:21.069 [Executing testGetSecretContextNullAndStoreContextNotNull(org.conjur.jenkins.conjursecrets.ConjurSecretCredentialImplTest)] DEBUG org.apache.commons.beanutils.converters.ArrayConverter -- Setting default value: [Ljava.sql.Time;@5b1dd635
18:14:21.069 [Executing testGetSecretContextNullAndStoreContextNotNull(org.conjur.jenkins.conjursecrets.ConjurSecretCredentialImplTest)] DEBUG org.apache.commons.beanutils.converters.ArrayConverter -- Converting 'java.sql.Time[]' value '[Ljava.sql.Time;@5b1dd635' to type 'java.sql.Time[]'
18:14:21.069 [Executing testGetSecretContextNullAndStoreContextNotNull(org.conjur.jenkins.conjursecrets.ConjurSecretCredentialImplTest)] DEBUG org.apache.commons.beanutils.converters.ArrayConverter --     No conversion required, value is already a java.sql.Time[]
18:14:21.069 [Executing testGetSecretContextNullAndStoreContextNotNull(org.conjur.jenkins.conjursecrets.ConjurSecretCredentialImplTest)] DEBUG org.apache.commons.beanutils.converters.ArrayConverter -- Setting default value: [Ljava.sql.Timestamp;@7d890744
18:14:21.069 [Executing testGetSecretContextNullAndStoreContextNotNull(org.conjur.jenkins.conjursecrets.ConjurSecretCredentialImplTest)] DEBUG org.apache.commons.beanutils.converters.ArrayConverter -- Converting 'java.sql.Timestamp[]' value '[Ljava.sql.Timestamp;@7d890744' to type 'java.sql.Timestamp[]'
18:14:21.069 [Executing testGetSecretContextNullAndStoreContextNotNull(org.conjur.jenkins.conjursecrets.ConjurSecretCredentialImplTest)] DEBUG org.apache.commons.beanutils.converters.ArrayConverter --     No conversion required, value is already a java.sql.Timestamp[]
18:14:21.069 [Executing testGetSecretContextNullAndStoreContextNotNull(org.conjur.jenkins.conjursecrets.ConjurSecretCredentialImplTest)] DEBUG org.apache.commons.beanutils.converters.ArrayConverter -- Setting default value: [Ljava.net.URL;@7f615510
18:14:21.069 [Executing testGetSecretContextNullAndStoreContextNotNull(org.conjur.jenkins.conjursecrets.ConjurSecretCredentialImplTest)] DEBUG org.apache.commons.beanutils.converters.ArrayConverter -- Converting 'java.net.URL[]' value '[Ljava.net.URL;@7f615510' to type 'java.net.URL[]'
18:14:21.069 [Executing testGetSecretContextNullAndStoreContextNotNull(org.conjur.jenkins.conjursecrets.ConjurSecretCredentialImplTest)] DEBUG org.apache.commons.beanutils.converters.ArrayConverter --     No conversion required, value is already a java.net.URL[]
18:14:21.073 [Executing testGetSecretContextNullAndStoreContextNotNull(org.conjur.jenkins.conjursecrets.ConjurSecretCredentialImplTest)] DEBUG org.apache.commons.jelly.JellyContext -- Registering tag library to:  taglib: org.kohsuke.stapler.jelly.ReallyStaticTagLibrary@515308b3
18:14:21.075 [Executing testGetSecretContextNullAndStoreContextNotNull(org.conjur.jenkins.conjursecrets.ConjurSecretCredentialImplTest)] DEBUG org.apache.commons.jelly.JellyContext -- Registering tag library to: this taglib: org.kohsuke.stapler.jelly.ThisTagLibrary@50c63cfc
18:14:21.076 [Executing testGetSecretContextNullAndStoreContextNotNull(org.conjur.jenkins.conjursecrets.ConjurSecretCredentialImplTest)] DEBUG org.eclipse.jetty.util.component.ContainerLifeCycle -- QueuedThreadPool[qtp1956770120]@74a1f148{STOPPED,8<=0<=200,i=0,r=-1,q=0}[NO_TRY] added {org.eclipse.jetty.util.thread.ThreadPoolBudget@d1ffa9e,POJO}
18:14:21.076 [Executing testGetSecretContextNullAndStoreContextNotNull(org.conjur.jenkins.conjursecrets.ConjurSecretCredentialImplTest)] DEBUG org.eclipse.jetty.util.component.ContainerLifeCycle -- Server@4f60a332{STOPPED}[9.4.48.v20220622] added {QueuedThreadPool[Jetty (JavaNetReverseProxy)]@74a1f148{STOPPED,8<=0<=200,i=0,r=-1,q=0}[NO_TRY],AUTO}
18:14:21.079 [Executing testGetSecretContextNullAndStoreContextNotNull(org.conjur.jenkins.conjursecrets.ConjurSecretCredentialImplTest)] DEBUG org.eclipse.jetty.util.component.ContainerLifeCycle -- Server@4f60a332{STOPPED}[9.4.48.v20220622] added {ContextHandlerCollection@4d5c3c75{STOPPED},MANAGED}
18:14:21.079 [Executing testGetSecretContextNullAndStoreContextNotNull(org.conjur.jenkins.conjursecrets.ConjurSecretCredentialImplTest)] DEBUG org.eclipse.jetty.util.component.ContainerLifeCycle -- o.e.j.s.ServletContextHandler@1d4b62b7{/,null,STOPPED} added {SymlinkAllowedResourceAliasChecker@73d0f347{base=null,protected=null},MANAGED}
18:14:21.079 [Executing testGetSecretContextNullAndStoreContextNotNull(org.conjur.jenkins.conjursecrets.ConjurSecretCredentialImplTest)] DEBUG org.eclipse.jetty.server.handler.ContextHandlerCollection -- ->[{o.e.j.s.ServletContextHandler@1d4b62b7{/,null,STOPPED},[o.e.j.s.ServletContextHandler@1d4b62b7{/,null,STOPPED}]}]
18:14:21.079 [Executing testGetSecretContextNullAndStoreContextNotNull(org.conjur.jenkins.conjursecrets.ConjurSecretCredentialImplTest)] DEBUG org.eclipse.jetty.util.component.ContainerLifeCycle -- ContextHandlerCollection@4d5c3c75{STOPPED} added {o.e.j.s.ServletContextHandler@1d4b62b7{/,null,STOPPED},AUTO}
18:14:21.079 [Executing testGetSecretContextNullAndStoreContextNotNull(org.conjur.jenkins.conjursecrets.ConjurSecretCredentialImplTest)] DEBUG org.eclipse.jetty.util.DecoratedObjectFactory -- Adding Decorator: org.eclipse.jetty.util.DeprecationWarning@758a512e
18:14:21.080 [Executing testGetSecretContextNullAndStoreContextNotNull(org.conjur.jenkins.conjursecrets.ConjurSecretCredentialImplTest)] DEBUG org.eclipse.jetty.util.component.ContainerLifeCycle -- o.e.j.s.ServletContextHandler@1d4b62b7{/,null,STOPPED} added {org.eclipse.jetty.server.session.SessionHandler1510735551==dftMaxIdleSec=-1,MANAGED}
18:14:21.080 [Executing testGetSecretContextNullAndStoreContextNotNull(org.conjur.jenkins.conjursecrets.ConjurSecretCredentialImplTest)] DEBUG org.eclipse.jetty.util.component.ContainerLifeCycle -- org.eclipse.jetty.server.session.SessionHandler1510735551==dftMaxIdleSec=-1 added {ServletHandler@750c3527{STOPPED},MANAGED}
18:14:21.080 [Executing testGetSecretContextNullAndStoreContextNotNull(org.conjur.jenkins.conjursecrets.ConjurSecretCredentialImplTest)] DEBUG org.eclipse.jetty.util.component.ContainerLifeCycle -- ServletHandler@750c3527{STOPPED} added {org.jvnet.hudson.test.JavaNetReverseProxy-2bd0711e==org.jvnet.hudson.test.JavaNetReverseProxy@cf7b06e0{jsp=null,order=-1,inst=false,async=true,src=EMBEDDED:null,STOPPED},AUTO}
18:14:21.080 [Executing testGetSecretContextNullAndStoreContextNotNull(org.conjur.jenkins.conjursecrets.ConjurSecretCredentialImplTest)] DEBUG org.eclipse.jetty.util.component.ContainerLifeCycle -- ServletHandler@750c3527{STOPPED} added {[/]=>org.jvnet.hudson.test.JavaNetReverseProxy-2bd0711e,POJO}
18:14:21.080 [Executing testGetSecretContextNullAndStoreContextNotNull(org.conjur.jenkins.conjursecrets.ConjurSecretCredentialImplTest)] DEBUG org.eclipse.jetty.util.component.ContainerLifeCycle -- HttpConnectionFactory@c74466b[HTTP/1.1] added {HttpConfiguration@98fbf5c{32768/8192,8192/8192,https://:0,[]},POJO}
18:14:21.080 [Executing testGetSecretContextNullAndStoreContextNotNull(org.conjur.jenkins.conjursecrets.ConjurSecretCredentialImplTest)] DEBUG org.eclipse.jetty.util.component.ContainerLifeCycle -- ServerConnector@1dbe1647{null, ()}{0.0.0.0:0} added {Server@4f60a332{STOPPED}[9.4.48.v20220622],UNMANAGED}
18:14:21.080 [Executing testGetSecretContextNullAndStoreContextNotNull(org.conjur.jenkins.conjursecrets.ConjurSecretCredentialImplTest)] DEBUG org.eclipse.jetty.util.component.ContainerLifeCycle -- ServerConnector@1dbe1647{null, ()}{0.0.0.0:0} added {QueuedThreadPool[Jetty (JavaNetReverseProxy)]@74a1f148{STOPPED,8<=0<=200,i=0,r=-1,q=0}[NO_TRY],AUTO}
18:14:21.080 [Executing testGetSecretContextNullAndStoreContextNotNull(org.conjur.jenkins.conjursecrets.ConjurSecretCredentialImplTest)] DEBUG org.eclipse.jetty.util.component.ContainerLifeCycle -- ServerConnector@1dbe1647{null, ()}{0.0.0.0:0} added {ScheduledExecutorScheduler@35cedc6f{STOPPED},AUTO}
18:14:21.080 [Executing testGetSecretContextNullAndStoreContextNotNull(org.conjur.jenkins.conjursecrets.ConjurSecretCredentialImplTest)] DEBUG org.eclipse.jetty.util.component.ContainerLifeCycle -- ServerConnector@1dbe1647{null, ()}{0.0.0.0:0} added {ArrayByteBufferPool@1b2793a3{minBufferCapacity=0, maxBufferCapacity=65536, maxQueueLength=-1, factor=1024},POJO}
18:14:21.080 [Executing testGetSecretContextNullAndStoreContextNotNull(org.conjur.jenkins.conjursecrets.ConjurSecretCredentialImplTest)] DEBUG org.eclipse.jetty.util.component.ContainerLifeCycle -- ServerConnector@1dbe1647{null, (http/1.1)}{0.0.0.0:0} added {HttpConnectionFactory@c74466b[HTTP/1.1],AUTO}
18:14:21.080 [Executing testGetSecretContextNullAndStoreContextNotNull(org.conjur.jenkins.conjursecrets.ConjurSecretCredentialImplTest)] DEBUG org.eclipse.jetty.server.AbstractConnector -- ServerConnector@1dbe1647{HTTP/1.1, (http/1.1)}{0.0.0.0:0} added HttpConnectionFactory@c74466b[HTTP/1.1]
18:14:21.080 [Executing testGetSecretContextNullAndStoreContextNotNull(org.conjur.jenkins.conjursecrets.ConjurSecretCredentialImplTest)] DEBUG org.eclipse.jetty.util.component.ContainerLifeCycle -- ServerConnector@1dbe1647{HTTP/1.1, (http/1.1)}{0.0.0.0:0} added {SelectorManager@ServerConnector@1dbe1647{HTTP/1.1, (http/1.1)}{0.0.0.0:0},MANAGED}
18:14:21.081 [Executing testGetSecretContextNullAndStoreContextNotNull(org.conjur.jenkins.conjursecrets.ConjurSecretCredentialImplTest)] DEBUG org.eclipse.jetty.util.component.ContainerLifeCycle -- Server@4f60a332{STOPPED}[9.4.48.v20220622] added {ServerConnector@1dbe1647{HTTP/1.1, (http/1.1)}{0.0.0.0:0},AUTO}
18:14:21.081 [Executing testGetSecretContextNullAndStoreContextNotNull(org.conjur.jenkins.conjursecrets.ConjurSecretCredentialImplTest)] DEBUG org.eclipse.jetty.util.component.AbstractLifeCycle -- starting Server@4f60a332{STOPPED}[9.4.48.v20220622]
18:14:21.081 [Executing testGetSecretContextNullAndStoreContextNotNull(org.conjur.jenkins.conjursecrets.ConjurSecretCredentialImplTest)] DEBUG org.eclipse.jetty.util.component.ContainerLifeCycle -- Server@4f60a332{STARTING}[9.4.48.v20220622] added {ErrorHandler@6f26bac4{STOPPED},AUTO}
18:14:21.081 [Executing testGetSecretContextNullAndStoreContextNotNull(org.conjur.jenkins.conjursecrets.ConjurSecretCredentialImplTest)] INFO org.eclipse.jetty.server.Server -- jetty-9.4.48.v20220622; built: 2022-06-21T20:42:25.880Z; git: 6b67c5719d1f4371b33655ff2d047d24e171e49a; jvm 17.0.11+9-adhoc.admin.jdk17u
18:14:21.081 [Executing testGetSecretContextNullAndStoreContextNotNull(org.conjur.jenkins.conjursecrets.ConjurSecretCredentialImplTest)] DEBUG org.eclipse.jetty.server.handler.AbstractHandler -- starting Server@4f60a332{STARTING}[9.4.48.v20220622]
18:14:21.081 [Executing testGetSecretContextNullAndStoreContextNotNull(org.conjur.jenkins.conjursecrets.ConjurSecretCredentialImplTest)] DEBUG org.eclipse.jetty.util.component.AbstractLifeCycle -- starting QueuedThreadPool[Jetty (JavaNetReverseProxy)]@74a1f148{STOPPED,8<=0<=200,i=0,r=-1,q=0}[NO_TRY]
18:14:21.081 [Executing testGetSecretContextNullAndStoreContextNotNull(org.conjur.jenkins.conjursecrets.ConjurSecretCredentialImplTest)] DEBUG org.eclipse.jetty.util.thread.ReservedThreadExecutor -- ReservedThreadExecutor@2479549{reserved=0/16,pending=0}
18:14:21.081 [Executing testGetSecretContextNullAndStoreContextNotNull(org.conjur.jenkins.conjursecrets.ConjurSecretCredentialImplTest)] DEBUG org.eclipse.jetty.util.component.ContainerLifeCycle -- QueuedThreadPool[Jetty (JavaNetReverseProxy)]@74a1f148{STARTING,8<=0<=200,i=0,r=-1,q=0}[ReservedThreadExecutor@2479549{reserved=0/16,pending=0}] added {ReservedThreadExecutor@2479549{reserved=0/16,pending=0},AUTO}
18:14:21.081 [Executing testGetSecretContextNullAndStoreContextNotNull(org.conjur.jenkins.conjursecrets.ConjurSecretCredentialImplTest)] DEBUG org.eclipse.jetty.util.component.AbstractLifeCycle -- starting ReservedThreadExecutor@2479549{reserved=0/16,pending=0}
18:14:21.081 [Executing testGetSecretContextNullAndStoreContextNotNull(org.conjur.jenkins.conjursecrets.ConjurSecretCredentialImplTest)] DEBUG org.eclipse.jetty.util.component.AbstractLifeCycle -- STARTED @11639ms ReservedThreadExecutor@2479549{reserved=0/16,pending=0}
18:14:21.081 [Executing testGetSecretContextNullAndStoreContextNotNull(org.conjur.jenkins.conjursecrets.ConjurSecretCredentialImplTest)] DEBUG org.eclipse.jetty.util.thread.QueuedThreadPool -- Starting Thread[Jetty (JavaNetReverseProxy)-90,5,main]
18:14:21.081 [Executing testGetSecretContextNullAndStoreContextNotNull(org.conjur.jenkins.conjursecrets.ConjurSecretCredentialImplTest)] DEBUG org.eclipse.jetty.util.thread.QueuedThreadPool -- Starting Thread[Jetty (JavaNetReverseProxy)-91,5,main]
18:14:21.081 [Executing testGetSecretContextNullAndStoreContextNotNull(org.conjur.jenkins.conjursecrets.ConjurSecretCredentialImplTest)] DEBUG org.eclipse.jetty.util.thread.QueuedThreadPool -- Starting Thread[Jetty (JavaNetReverseProxy)-92,5,main]
18:14:21.081 [Jetty (JavaNetReverseProxy)-90] DEBUG org.eclipse.jetty.util.thread.QueuedThreadPool -- Runner started for QueuedThreadPool[Jetty (JavaNetReverseProxy)]@74a1f148{STARTING,8<=2<=200,i=2,r=-1,q=0}[ReservedThreadExecutor@2479549{reserved=0/16,pending=0}]
18:14:21.081 [Jetty (JavaNetReverseProxy)-91] DEBUG org.eclipse.jetty.util.thread.QueuedThreadPool -- Runner started for QueuedThreadPool[Jetty (JavaNetReverseProxy)]@74a1f148{STARTING,8<=3<=200,i=3,r=-1,q=0}[ReservedThreadExecutor@2479549{reserved=0/16,pending=0}]
18:14:21.081 [Executing testGetSecretContextNullAndStoreContextNotNull(org.conjur.jenkins.conjursecrets.ConjurSecretCredentialImplTest)] DEBUG org.eclipse.jetty.util.thread.QueuedThreadPool -- Starting Thread[Jetty (JavaNetReverseProxy)-93,5,main]
18:14:21.082 [Jetty (JavaNetReverseProxy)-92] DEBUG org.eclipse.jetty.util.thread.QueuedThreadPool -- Runner started for QueuedThreadPool[Jetty (JavaNetReverseProxy)]@74a1f148{STARTING,8<=4<=200,i=4,r=-1,q=0}[ReservedThreadExecutor@2479549{reserved=0/16,pending=0}]
18:14:21.082 [Executing testGetSecretContextNullAndStoreContextNotNull(org.conjur.jenkins.conjursecrets.ConjurSecretCredentialImplTest)] DEBUG org.eclipse.jetty.util.thread.QueuedThreadPool -- Starting Thread[Jetty (JavaNetReverseProxy)-94,5,main]
18:14:21.082 [Jetty (JavaNetReverseProxy)-93] DEBUG org.eclipse.jetty.util.thread.QueuedThreadPool -- Runner started for QueuedThreadPool[Jetty (JavaNetReverseProxy)]@74a1f148{STARTING,8<=5<=200,i=5,r=-1,q=0}[ReservedThreadExecutor@2479549{reserved=0/16,pending=0}]
18:14:21.082 [Executing testGetSecretContextNullAndStoreContextNotNull(org.conjur.jenkins.conjursecrets.ConjurSecretCredentialImplTest)] DEBUG org.eclipse.jetty.util.thread.QueuedThreadPool -- Starting Thread[Jetty (JavaNetReverseProxy)-95,5,main]
18:14:21.082 [Executing testGetSecretContextNullAndStoreContextNotNull(org.conjur.jenkins.conjursecrets.ConjurSecretCredentialImplTest)] DEBUG org.eclipse.jetty.util.thread.QueuedThreadPool -- Starting Thread[Jetty (JavaNetReverseProxy)-96,5,main]
18:14:21.082 [Jetty (JavaNetReverseProxy)-94] DEBUG org.eclipse.jetty.util.thread.QueuedThreadPool -- Runner started for QueuedThreadPool[Jetty (JavaNetReverseProxy)]@74a1f148{STARTING,8<=6<=200,i=6,r=-1,q=0}[ReservedThreadExecutor@2479549{reserved=0/16,pending=0}]
18:14:21.082 [Jetty (JavaNetReverseProxy)-95] DEBUG org.eclipse.jetty.util.thread.QueuedThreadPool -- Runner started for QueuedThreadPool[Jetty (JavaNetReverseProxy)]@74a1f148{STARTING,8<=7<=200,i=7,r=-1,q=0}[ReservedThreadExecutor@2479549{reserved=0/16,pending=0}]
18:14:21.082 [Executing testGetSecretContextNullAndStoreContextNotNull(org.conjur.jenkins.conjursecrets.ConjurSecretCredentialImplTest)] DEBUG org.eclipse.jetty.util.thread.QueuedThreadPool -- Starting Thread[Jetty (JavaNetReverseProxy)-97,5,main]
18:14:21.082 [Jetty (JavaNetReverseProxy)-96] DEBUG org.eclipse.jetty.util.thread.QueuedThreadPool -- Runner started for QueuedThreadPool[Jetty (JavaNetReverseProxy)]@74a1f148{STARTING,8<=8<=200,i=8,r=-1,q=0}[ReservedThreadExecutor@2479549{reserved=0/16,pending=0}]
18:14:21.082 [Executing testGetSecretContextNullAndStoreContextNotNull(org.conjur.jenkins.conjursecrets.ConjurSecretCredentialImplTest)] DEBUG org.eclipse.jetty.util.component.AbstractLifeCycle -- STARTED @11640ms QueuedThreadPool[Jetty (JavaNetReverseProxy)]@74a1f148{STARTED,8<=8<=200,i=8,r=-1,q=0}[ReservedThreadExecutor@2479549{reserved=0/16,pending=0}]
18:14:21.082 [Executing testGetSecretContextNullAndStoreContextNotNull(org.conjur.jenkins.conjursecrets.ConjurSecretCredentialImplTest)] DEBUG org.eclipse.jetty.util.component.AbstractLifeCycle -- starting ContextHandlerCollection@4d5c3c75{STOPPED}
18:14:21.082 [Jetty (JavaNetReverseProxy)-97] DEBUG org.eclipse.jetty.util.thread.QueuedThreadPool -- Runner started for QueuedThreadPool[Jetty (JavaNetReverseProxy)]@74a1f148{STARTED,8<=8<=200,i=8,r=-1,q=0}[ReservedThreadExecutor@2479549{reserved=0/16,pending=0}]
18:14:21.082 [Executing testGetSecretContextNullAndStoreContextNotNull(org.conjur.jenkins.conjursecrets.ConjurSecretCredentialImplTest)] DEBUG org.eclipse.jetty.server.handler.AbstractHandler -- starting ContextHandlerCollection@4d5c3c75{STARTING}
18:14:21.082 [Executing testGetSecretContextNullAndStoreContextNotNull(org.conjur.jenkins.conjursecrets.ConjurSecretCredentialImplTest)] DEBUG org.eclipse.jetty.util.component.AbstractLifeCycle -- starting o.e.j.s.ServletContextHandler@1d4b62b7{/,null,STOPPED}
18:14:21.083 [Executing testGetSecretContextNullAndStoreContextNotNull(org.conjur.jenkins.conjursecrets.ConjurSecretCredentialImplTest)] DEBUG org.eclipse.jetty.server.handler.AbstractHandler -- starting o.e.j.s.ServletContextHandler@1d4b62b7{/,null,STARTING}
18:14:21.083 [Executing testGetSecretContextNullAndStoreContextNotNull(org.conjur.jenkins.conjursecrets.ConjurSecretCredentialImplTest)] DEBUG org.eclipse.jetty.util.component.AbstractLifeCycle -- starting SymlinkAllowedResourceAliasChecker@73d0f347{base=null,protected=null}
18:14:21.083 [Executing testGetSecretContextNullAndStoreContextNotNull(org.conjur.jenkins.conjursecrets.ConjurSecretCredentialImplTest)] DEBUG org.eclipse.jetty.util.component.AbstractLifeCycle -- STARTED @11640ms SymlinkAllowedResourceAliasChecker@73d0f347{base=null,protected=null}
18:14:21.083 [Executing testGetSecretContextNullAndStoreContextNotNull(org.conjur.jenkins.conjursecrets.ConjurSecretCredentialImplTest)] DEBUG org.eclipse.jetty.util.component.AbstractLifeCycle -- starting org.eclipse.jetty.server.session.SessionHandler1510735551==dftMaxIdleSec=-1
18:14:21.083 [Executing testGetSecretContextNullAndStoreContextNotNull(org.conjur.jenkins.conjursecrets.ConjurSecretCredentialImplTest)] DEBUG org.eclipse.jetty.util.component.ContainerLifeCycle -- org.eclipse.jetty.server.session.SessionHandler1510735551==dftMaxIdleSec=-1 added {org.eclipse.jetty.server.session.DefaultSessionCache@3b7df9c6[evict=-1,removeUnloadable=false,saveOnCreate=false,saveOnInactiveEvict=false],AUTO}
18:14:21.083 [Executing testGetSecretContextNullAndStoreContextNotNull(org.conjur.jenkins.conjursecrets.ConjurSecretCredentialImplTest)] DEBUG org.eclipse.jetty.util.component.ContainerLifeCycle -- org.eclipse.jetty.server.session.DefaultSessionCache@3b7df9c6[evict=-1,removeUnloadable=false,saveOnCreate=false,saveOnInactiveEvict=false] added {org.eclipse.jetty.server.session.NullSessionDataStore@44d9b404[passivating=false,graceSec=3600],AUTO}
18:14:21.083 [Executing testGetSecretContextNullAndStoreContextNotNull(org.conjur.jenkins.conjursecrets.ConjurSecretCredentialImplTest)] DEBUG org.eclipse.jetty.util.component.AbstractLifeCycle -- starting DefaultSessionIdManager@201bdd8a{STOPPED}[worker=null]
18:14:21.083 [Executing testGetSecretContextNullAndStoreContextNotNull(org.conjur.jenkins.conjursecrets.ConjurSecretCredentialImplTest)] INFO org.eclipse.jetty.server.session -- DefaultSessionIdManager workerName=node0
18:14:21.083 [Executing testGetSecretContextNullAndStoreContextNotNull(org.conjur.jenkins.conjursecrets.ConjurSecretCredentialImplTest)] INFO org.eclipse.jetty.server.session -- No SessionScavenger set, using defaults
18:14:21.083 [Executing testGetSecretContextNullAndStoreContextNotNull(org.conjur.jenkins.conjursecrets.ConjurSecretCredentialImplTest)] DEBUG org.eclipse.jetty.util.component.ContainerLifeCycle -- DefaultSessionIdManager@201bdd8a{STARTING}[worker=node0] added {HouseKeeper@1fddc410{STOPPED}[interval=600000, ownscheduler=false],MANAGED}
18:14:21.083 [Executing testGetSecretContextNullAndStoreContextNotNull(org.conjur.jenkins.conjursecrets.ConjurSecretCredentialImplTest)] DEBUG org.eclipse.jetty.util.component.AbstractLifeCycle -- starting HouseKeeper@1fddc410{STOPPED}[interval=600000, ownscheduler=false]
18:14:21.083 [Executing testGetSecretContextNullAndStoreContextNotNull(org.conjur.jenkins.conjursecrets.ConjurSecretCredentialImplTest)] DEBUG org.eclipse.jetty.util.component.AbstractLifeCycle -- starting ScheduledExecutorScheduler@4b3aade4{STOPPED}
18:14:21.083 [Executing testGetSecretContextNullAndStoreContextNotNull(org.conjur.jenkins.conjursecrets.ConjurSecretCredentialImplTest)] DEBUG org.eclipse.jetty.util.component.AbstractLifeCycle -- STARTED @11641ms ScheduledExecutorScheduler@4b3aade4{STARTED}
18:14:21.083 [Executing testGetSecretContextNullAndStoreContextNotNull(org.conjur.jenkins.conjursecrets.ConjurSecretCredentialImplTest)] DEBUG org.eclipse.jetty.server.session -- Using own scheduler for scavenging
18:14:21.083 [Executing testGetSecretContextNullAndStoreContextNotNull(org.conjur.jenkins.conjursecrets.ConjurSecretCredentialImplTest)] INFO org.eclipse.jetty.server.session -- node0 Scavenging every 600000ms
18:14:21.083 [Executing testGetSecretContextNullAndStoreContextNotNull(org.conjur.jenkins.conjursecrets.ConjurSecretCredentialImplTest)] DEBUG org.eclipse.jetty.util.component.AbstractLifeCycle -- STARTED @11641ms HouseKeeper@1fddc410{STARTED}[interval=600000, ownscheduler=true]
18:14:21.083 [Executing testGetSecretContextNullAndStoreContextNotNull(org.conjur.jenkins.conjursecrets.ConjurSecretCredentialImplTest)] DEBUG org.eclipse.jetty.util.component.AbstractLifeCycle -- STARTED @11641ms DefaultSessionIdManager@201bdd8a{STARTED}[worker=node0]
18:14:21.083 [Executing testGetSecretContextNullAndStoreContextNotNull(org.conjur.jenkins.conjursecrets.ConjurSecretCredentialImplTest)] DEBUG org.eclipse.jetty.util.component.ContainerLifeCycle -- Server@4f60a332{STARTING}[9.4.48.v20220622] added {DefaultSessionIdManager@201bdd8a{STARTED}[worker=node0],MANAGED}
18:14:21.083 [Executing testGetSecretContextNullAndStoreContextNotNull(org.conjur.jenkins.conjursecrets.ConjurSecretCredentialImplTest)] DEBUG org.eclipse.jetty.util.component.ContainerLifeCycle -- org.eclipse.jetty.server.session.SessionHandler1510735551==dftMaxIdleSec=-1 added {DefaultSessionIdManager@201bdd8a{STARTED}[worker=node0],UNMANAGED}
18:14:21.083 [Executing testGetSecretContextNullAndStoreContextNotNull(org.conjur.jenkins.conjursecrets.ConjurSecretCredentialImplTest)] DEBUG org.eclipse.jetty.util.component.AbstractLifeCycle -- starting ScheduledExecutorScheduler@3c432b4d{STOPPED}
18:14:21.084 [Executing testGetSecretContextNullAndStoreContextNotNull(org.conjur.jenkins.conjursecrets.ConjurSecretCredentialImplTest)] DEBUG org.eclipse.jetty.util.component.AbstractLifeCycle -- STARTED @11641ms ScheduledExecutorScheduler@3c432b4d{STARTED}
18:14:21.084 [Executing testGetSecretContextNullAndStoreContextNotNull(org.conjur.jenkins.conjursecrets.ConjurSecretCredentialImplTest)] DEBUG org.eclipse.jetty.server.handler.AbstractHandler -- starting org.eclipse.jetty.server.session.SessionHandler1510735551==dftMaxIdleSec=-1
18:14:21.084 [Executing testGetSecretContextNullAndStoreContextNotNull(org.conjur.jenkins.conjursecrets.ConjurSecretCredentialImplTest)] DEBUG org.eclipse.jetty.util.component.AbstractLifeCycle -- starting ServletHandler@750c3527{STOPPED}
18:14:21.084 [Executing testGetSecretContextNullAndStoreContextNotNull(org.conjur.jenkins.conjursecrets.ConjurSecretCredentialImplTest)] DEBUG org.eclipse.jetty.servlet.ServletHandler -- Path=/[EMBEDDED:null] mapped to servlet=org.jvnet.hudson.test.JavaNetReverseProxy-2bd0711e[EMBEDDED:null]
18:14:21.084 [Executing testGetSecretContextNullAndStoreContextNotNull(org.conjur.jenkins.conjursecrets.ConjurSecretCredentialImplTest)] DEBUG org.eclipse.jetty.http.pathmap.PathMappings -- Added MappedResource[pathSpec=ServletPathSpec@9457dcb7{/},resource=org.jvnet.hudson.test.JavaNetReverseProxy-2bd0711e==org.jvnet.hudson.test.JavaNetReverseProxy@cf7b06e0{jsp=null,order=-1,inst=false,async=true,src=EMBEDDED:null,STOPPED}] to PathMappings[size=1]
18:14:21.084 [Executing testGetSecretContextNullAndStoreContextNotNull(org.conjur.jenkins.conjursecrets.ConjurSecretCredentialImplTest)] DEBUG org.eclipse.jetty.servlet.ServletHandler -- filterNameMap={}
18:14:21.084 [Executing testGetSecretContextNullAndStoreContextNotNull(org.conjur.jenkins.conjursecrets.ConjurSecretCredentialImplTest)] DEBUG org.eclipse.jetty.servlet.ServletHandler -- pathFilters=null
18:14:21.084 [Executing testGetSecretContextNullAndStoreContextNotNull(org.conjur.jenkins.conjursecrets.ConjurSecretCredentialImplTest)] DEBUG org.eclipse.jetty.servlet.ServletHandler -- servletFilterMap=null
18:14:21.084 [Executing testGetSecretContextNullAndStoreContextNotNull(org.conjur.jenkins.conjursecrets.ConjurSecretCredentialImplTest)] DEBUG org.eclipse.jetty.servlet.ServletHandler -- servletPathMap=PathMappings[size=1]
18:14:21.084 [Executing testGetSecretContextNullAndStoreContextNotNull(org.conjur.jenkins.conjursecrets.ConjurSecretCredentialImplTest)] DEBUG org.eclipse.jetty.servlet.ServletHandler -- servletNameMap={org.jvnet.hudson.test.JavaNetReverseProxy-2bd0711e=org.jvnet.hudson.test.JavaNetReverseProxy-2bd0711e==org.jvnet.hudson.test.JavaNetReverseProxy@cf7b06e0{jsp=null,order=-1,inst=false,async=true,src=EMBEDDED:null,STOPPED}}
18:14:21.084 [Executing testGetSecretContextNullAndStoreContextNotNull(org.conjur.jenkins.conjursecrets.ConjurSecretCredentialImplTest)] DEBUG org.eclipse.jetty.server.handler.AbstractHandler -- starting ServletHandler@750c3527{STARTING}
18:14:21.084 [Executing testGetSecretContextNullAndStoreContextNotNull(org.conjur.jenkins.conjursecrets.ConjurSecretCredentialImplTest)] DEBUG org.eclipse.jetty.util.component.AbstractLifeCycle -- STARTED @11642ms ServletHandler@750c3527{STARTED}
18:14:21.084 [Executing testGetSecretContextNullAndStoreContextNotNull(org.conjur.jenkins.conjursecrets.ConjurSecretCredentialImplTest)] DEBUG org.eclipse.jetty.util.component.AbstractLifeCycle -- starting org.eclipse.jetty.server.session.DefaultSessionCache@3b7df9c6[evict=-1,removeUnloadable=false,saveOnCreate=false,saveOnInactiveEvict=false]
18:14:21.084 [Executing testGetSecretContextNullAndStoreContextNotNull(org.conjur.jenkins.conjursecrets.ConjurSecretCredentialImplTest)] DEBUG org.eclipse.jetty.util.component.AbstractLifeCycle -- starting org.eclipse.jetty.server.session.NullSessionDataStore@44d9b404[passivating=false,graceSec=3600]
18:14:21.084 [Executing testGetSecretContextNullAndStoreContextNotNull(org.conjur.jenkins.conjursecrets.ConjurSecretCredentialImplTest)] DEBUG org.eclipse.jetty.util.component.AbstractLifeCycle -- STARTED @11642ms org.eclipse.jetty.server.session.NullSessionDataStore@44d9b404[passivating=false,graceSec=3600]
18:14:21.084 [Executing testGetSecretContextNullAndStoreContextNotNull(org.conjur.jenkins.conjursecrets.ConjurSecretCredentialImplTest)] DEBUG org.eclipse.jetty.util.component.AbstractLifeCycle -- STARTED @11642ms org.eclipse.jetty.server.session.DefaultSessionCache@3b7df9c6[evict=-1,removeUnloadable=false,saveOnCreate=false,saveOnInactiveEvict=false]
18:14:21.084 [Executing testGetSecretContextNullAndStoreContextNotNull(org.conjur.jenkins.conjursecrets.ConjurSecretCredentialImplTest)] DEBUG org.eclipse.jetty.util.component.AbstractLifeCycle -- STARTED @11642ms org.eclipse.jetty.server.session.SessionHandler1510735551==dftMaxIdleSec=-1
18:14:21.084 [Executing testGetSecretContextNullAndStoreContextNotNull(org.conjur.jenkins.conjursecrets.ConjurSecretCredentialImplTest)] DEBUG org.eclipse.jetty.util.component.AbstractLifeCycle -- starting org.jvnet.hudson.test.JavaNetReverseProxy-2bd0711e==org.jvnet.hudson.test.JavaNetReverseProxy@cf7b06e0{jsp=null,order=-1,inst=false,async=true,src=EMBEDDED:null,STOPPED}
18:14:21.084 [Executing testGetSecretContextNullAndStoreContextNotNull(org.conjur.jenkins.conjursecrets.ConjurSecretCredentialImplTest)] DEBUG org.eclipse.jetty.util.component.AbstractLifeCycle -- STARTED @11642ms org.jvnet.hudson.test.JavaNetReverseProxy-2bd0711e==org.jvnet.hudson.test.JavaNetReverseProxy@cf7b06e0{jsp=null,order=-1,inst=false,async=true,src=EMBEDDED:null,STARTED}
18:14:21.084 [Executing testGetSecretContextNullAndStoreContextNotNull(org.conjur.jenkins.conjursecrets.ConjurSecretCredentialImplTest)] DEBUG org.eclipse.jetty.servlet.ServletHolder -- Servlet.init null for org.jvnet.hudson.test.JavaNetReverseProxy-2bd0711e
18:14:21.084 [Executing testGetSecretContextNullAndStoreContextNotNull(org.conjur.jenkins.conjursecrets.ConjurSecretCredentialImplTest)] INFO org.eclipse.jetty.server.handler.ContextHandler -- Started o.e.j.s.ServletContextHandler@1d4b62b7{/,null,AVAILABLE}
18:14:21.084 [Executing testGetSecretContextNullAndStoreContextNotNull(org.conjur.jenkins.conjursecrets.ConjurSecretCredentialImplTest)] DEBUG org.eclipse.jetty.util.component.AbstractLifeCycle -- STARTED @11642ms o.e.j.s.ServletContextHandler@1d4b62b7{/,null,AVAILABLE}
18:14:21.084 [Executing testGetSecretContextNullAndStoreContextNotNull(org.conjur.jenkins.conjursecrets.ConjurSecretCredentialImplTest)] DEBUG org.eclipse.jetty.util.component.AbstractLifeCycle -- STARTED @11642ms ContextHandlerCollection@4d5c3c75{STARTED}
18:14:21.084 [Executing testGetSecretContextNullAndStoreContextNotNull(org.conjur.jenkins.conjursecrets.ConjurSecretCredentialImplTest)] DEBUG org.eclipse.jetty.util.component.AbstractLifeCycle -- starting ErrorHandler@6f26bac4{STOPPED}
18:14:21.084 [Executing testGetSecretContextNullAndStoreContextNotNull(org.conjur.jenkins.conjursecrets.ConjurSecretCredentialImplTest)] DEBUG org.eclipse.jetty.server.handler.AbstractHandler -- starting ErrorHandler@6f26bac4{STARTING}
18:14:21.084 [Executing testGetSecretContextNullAndStoreContextNotNull(org.conjur.jenkins.conjursecrets.ConjurSecretCredentialImplTest)] DEBUG org.eclipse.jetty.util.component.AbstractLifeCycle -- STARTED @11642ms ErrorHandler@6f26bac4{STARTED}
18:14:21.084 [Executing testGetSecretContextNullAndStoreContextNotNull(org.conjur.jenkins.conjursecrets.ConjurSecretCredentialImplTest)] DEBUG org.eclipse.jetty.util.component.AbstractLifeCycle -- starting ServerConnector@1dbe1647{HTTP/1.1, (http/1.1)}{0.0.0.0:0}
18:14:21.085 [Executing testGetSecretContextNullAndStoreContextNotNull(org.conjur.jenkins.conjursecrets.ConjurSecretCredentialImplTest)] DEBUG org.eclipse.jetty.util.component.ContainerLifeCycle -- ServerConnector@1dbe1647{HTTP/1.1, (http/1.1)}{0.0.0.0:51415} added {sun.nio.ch.ServerSocketChannelImpl[/[0:0:0:0:0:0:0:0]:51415],POJO}
18:14:21.085 [Executing testGetSecretContextNullAndStoreContextNotNull(org.conjur.jenkins.conjursecrets.ConjurSecretCredentialImplTest)] DEBUG org.eclipse.jetty.util.component.AbstractLifeCycle -- starting ScheduledExecutorScheduler@35cedc6f{STOPPED}
18:14:21.085 [Executing testGetSecretContextNullAndStoreContextNotNull(org.conjur.jenkins.conjursecrets.ConjurSecretCredentialImplTest)] DEBUG org.eclipse.jetty.util.component.AbstractLifeCycle -- STARTED @11643ms ScheduledExecutorScheduler@35cedc6f{STARTED}
18:14:21.085 [Executing testGetSecretContextNullAndStoreContextNotNull(org.conjur.jenkins.conjursecrets.ConjurSecretCredentialImplTest)] DEBUG org.eclipse.jetty.util.component.AbstractLifeCycle -- starting HttpConnectionFactory@c74466b[HTTP/1.1]
18:14:21.085 [Executing testGetSecretContextNullAndStoreContextNotNull(org.conjur.jenkins.conjursecrets.ConjurSecretCredentialImplTest)] DEBUG org.eclipse.jetty.util.component.AbstractLifeCycle -- STARTED @11643ms HttpConnectionFactory@c74466b[HTTP/1.1]
18:14:21.085 [Executing testGetSecretContextNullAndStoreContextNotNull(org.conjur.jenkins.conjursecrets.ConjurSecretCredentialImplTest)] DEBUG org.eclipse.jetty.util.component.AbstractLifeCycle -- starting SelectorManager@ServerConnector@1dbe1647{HTTP/1.1, (http/1.1)}{0.0.0.0:51415}
18:14:21.085 [Executing testGetSecretContextNullAndStoreContextNotNull(org.conjur.jenkins.conjursecrets.ConjurSecretCredentialImplTest)] DEBUG org.eclipse.jetty.util.component.ContainerLifeCycle -- EatWhatYouKill@4dcf9591/SelectorProducer@53844441/IDLE/p=false/QueuedThreadPool[Jetty (JavaNetReverseProxy)]@74a1f148{STARTED,8<=8<=200,i=8,r=-1,q=0}[ReservedThreadExecutor@2479549{reserved=0/16,pending=0}][pc=0,pic=0,pec=0,epc=0]@2024-10-22T18:14:21.085438+05:30 added {SelectorProducer@53844441,POJO}
18:14:21.085 [Executing testGetSecretContextNullAndStoreContextNotNull(org.conjur.jenkins.conjursecrets.ConjurSecretCredentialImplTest)] DEBUG org.eclipse.jetty.util.component.ContainerLifeCycle -- EatWhatYouKill@4dcf9591/SelectorProducer@53844441/IDLE/p=false/QueuedThreadPool[Jetty (JavaNetReverseProxy)]@74a1f148{STARTED,8<=8<=200,i=8,r=-1,q=0}[ReservedThreadExecutor@2479549{reserved=0/16,pending=0}][pc=0,pic=0,pec=0,epc=0]@2024-10-22T18:14:21.085536+05:30 added {QueuedThreadPool[Jetty (JavaNetReverseProxy)]@74a1f148{STARTED,8<=8<=200,i=8,r=-1,q=0}[ReservedThreadExecutor@2479549{reserved=0/16,pending=0}],UNMANAGED}
18:14:21.085 [Executing testGetSecretContextNullAndStoreContextNotNull(org.conjur.jenkins.conjursecrets.ConjurSecretCredentialImplTest)] DEBUG org.eclipse.jetty.util.thread.strategy.EatWhatYouKill -- EatWhatYouKill@4dcf9591/SelectorProducer@53844441/IDLE/p=false/QueuedThreadPool[Jetty (JavaNetReverseProxy)]@74a1f148{STARTED,8<=8<=200,i=8,r=-1,q=0}[ReservedThreadExecutor@2479549{reserved=0/16,pending=0}][pc=0,pic=0,pec=0,epc=0]@2024-10-22T18:14:21.08564+05:30 created
18:14:21.085 [Executing testGetSecretContextNullAndStoreContextNotNull(org.conjur.jenkins.conjursecrets.ConjurSecretCredentialImplTest)] DEBUG org.eclipse.jetty.util.component.ContainerLifeCycle -- ManagedSelector@43968de3{STOPPED} id=0 keys=-1 selected=-1 updates=0 added {EatWhatYouKill@4dcf9591/SelectorProducer@53844441/IDLE/p=false/QueuedThreadPool[Jetty (JavaNetReverseProxy)]@74a1f148{STARTED,8<=8<=200,i=8,r=-1,q=0}[ReservedThreadExecutor@2479549{reserved=0/16,pending=0}][pc=0,pic=0,pec=0,epc=0]@2024-10-22T18:14:21.085727+05:30,MANAGED}
18:14:21.085 [Executing testGetSecretContextNullAndStoreContextNotNull(org.conjur.jenkins.conjursecrets.ConjurSecretCredentialImplTest)] DEBUG org.eclipse.jetty.util.component.ContainerLifeCycle -- SelectorManager@ServerConnector@1dbe1647{HTTP/1.1, (http/1.1)}{0.0.0.0:51415} added {ManagedSelector@43968de3{STOPPED} id=0 keys=-1 selected=-1 updates=0,AUTO}
18:14:21.085 [Executing testGetSecretContextNullAndStoreContextNotNull(org.conjur.jenkins.conjursecrets.ConjurSecretCredentialImplTest)] DEBUG org.eclipse.jetty.util.component.ContainerLifeCycle -- EatWhatYouKill@66aadf9f/SelectorProducer@57f8adc6/IDLE/p=false/QueuedThreadPool[Jetty (JavaNetReverseProxy)]@74a1f148{STARTED,8<=8<=200,i=8,r=-1,q=0}[ReservedThreadExecutor@2479549{reserved=0/16,pending=0}][pc=0,pic=0,pec=0,epc=0]@2024-10-22T18:14:21.085852+05:30 added {SelectorProducer@57f8adc6,POJO}
18:14:21.085 [Executing testGetSecretContextNullAndStoreContextNotNull(org.conjur.jenkins.conjursecrets.ConjurSecretCredentialImplTest)] DEBUG org.eclipse.jetty.util.component.ContainerLifeCycle -- EatWhatYouKill@66aadf9f/SelectorProducer@57f8adc6/IDLE/p=false/QueuedThreadPool[Jetty (JavaNetReverseProxy)]@74a1f148{STARTED,8<=8<=200,i=8,r=-1,q=0}[ReservedThreadExecutor@2479549{reserved=0/16,pending=0}][pc=0,pic=0,pec=0,epc=0]@2024-10-22T18:14:21.085921+05:30 added {QueuedThreadPool[Jetty (JavaNetReverseProxy)]@74a1f148{STARTED,8<=8<=200,i=8,r=-1,q=0}[ReservedThreadExecutor@2479549{reserved=0/16,pending=0}],UNMANAGED}
18:14:21.086 [Executing testGetSecretContextNullAndStoreContextNotNull(org.conjur.jenkins.conjursecrets.ConjurSecretCredentialImplTest)] DEBUG org.eclipse.jetty.util.thread.strategy.EatWhatYouKill -- EatWhatYouKill@66aadf9f/SelectorProducer@57f8adc6/IDLE/p=false/QueuedThreadPool[Jetty (JavaNetReverseProxy)]@74a1f148{STARTED,8<=8<=200,i=8,r=-1,q=0}[ReservedThreadExecutor@2479549{reserved=0/16,pending=0}][pc=0,pic=0,pec=0,epc=0]@2024-10-22T18:14:21.086005+05:30 created
18:14:21.086 [Executing testGetSecretContextNullAndStoreContextNotNull(org.conjur.jenkins.conjursecrets.ConjurSecretCredentialImplTest)] DEBUG org.eclipse.jetty.util.component.ContainerLifeCycle -- ManagedSelector@262f4d34{STOPPED} id=1 keys=-1 selected=-1 updates=0 added {EatWhatYouKill@66aadf9f/SelectorProducer@57f8adc6/IDLE/p=false/QueuedThreadPool[Jetty (JavaNetReverseProxy)]@74a1f148{STARTED,8<=8<=200,i=8,r=-1,q=0}[ReservedThreadExecutor@2479549{reserved=0/16,pending=0}][pc=0,pic=0,pec=0,epc=0]@2024-10-22T18:14:21.086102+05:30,MANAGED}
18:14:21.086 [Executing testGetSecretContextNullAndStoreContextNotNull(org.conjur.jenkins.conjursecrets.ConjurSecretCredentialImplTest)] DEBUG org.eclipse.jetty.util.component.ContainerLifeCycle -- SelectorManager@ServerConnector@1dbe1647{HTTP/1.1, (http/1.1)}{0.0.0.0:51415} added {ManagedSelector@262f4d34{STOPPED} id=1 keys=-1 selected=-1 updates=0,AUTO}
18:14:21.086 [Executing testGetSecretContextNullAndStoreContextNotNull(org.conjur.jenkins.conjursecrets.ConjurSecretCredentialImplTest)] DEBUG org.eclipse.jetty.util.component.ContainerLifeCycle -- EatWhatYouKill@51212587/SelectorProducer@61474e1b/IDLE/p=false/QueuedThreadPool[Jetty (JavaNetReverseProxy)]@74a1f148{STARTED,8<=8<=200,i=8,r=-1,q=0}[ReservedThreadExecutor@2479549{reserved=0/16,pending=0}][pc=0,pic=0,pec=0,epc=0]@2024-10-22T18:14:21.086228+05:30 added {SelectorProducer@61474e1b,POJO}
18:14:21.086 [Executing testGetSecretContextNullAndStoreContextNotNull(org.conjur.jenkins.conjursecrets.ConjurSecretCredentialImplTest)] DEBUG org.eclipse.jetty.util.component.ContainerLifeCycle -- EatWhatYouKill@51212587/SelectorProducer@61474e1b/IDLE/p=false/QueuedThreadPool[Jetty (JavaNetReverseProxy)]@74a1f148{STARTED,8<=8<=200,i=8,r=-1,q=0}[ReservedThreadExecutor@2479549{reserved=0/16,pending=0}][pc=0,pic=0,pec=0,epc=0]@2024-10-22T18:14:21.086319+05:30 added {QueuedThreadPool[Jetty (JavaNetReverseProxy)]@74a1f148{STARTED,8<=8<=200,i=8,r=-1,q=0}[ReservedThreadExecutor@2479549{reserved=0/16,pending=0}],UNMANAGED}
18:14:21.086 [Executing testGetSecretContextNullAndStoreContextNotNull(org.conjur.jenkins.conjursecrets.ConjurSecretCredentialImplTest)] DEBUG org.eclipse.jetty.util.thread.strategy.EatWhatYouKill -- EatWhatYouKill@51212587/SelectorProducer@61474e1b/IDLE/p=false/QueuedThreadPool[Jetty (JavaNetReverseProxy)]@74a1f148{STARTED,8<=8<=200,i=8,r=-1,q=0}[ReservedThreadExecutor@2479549{reserved=0/16,pending=0}][pc=0,pic=0,pec=0,epc=0]@2024-10-22T18:14:21.086402+05:30 created
18:14:21.086 [Executing testGetSecretContextNullAndStoreContextNotNull(org.conjur.jenkins.conjursecrets.ConjurSecretCredentialImplTest)] DEBUG org.eclipse.jetty.util.component.ContainerLifeCycle -- ManagedSelector@73435968{STOPPED} id=2 keys=-1 selected=-1 updates=0 added {EatWhatYouKill@51212587/SelectorProducer@61474e1b/IDLE/p=false/QueuedThreadPool[Jetty (JavaNetReverseProxy)]@74a1f148{STARTED,8<=8<=200,i=8,r=-1,q=0}[ReservedThreadExecutor@2479549{reserved=0/16,pending=0}][pc=0,pic=0,pec=0,epc=0]@2024-10-22T18:14:21.086494+05:30,MANAGED}
18:14:21.086 [Executing testGetSecretContextNullAndStoreContextNotNull(org.conjur.jenkins.conjursecrets.ConjurSecretCredentialImplTest)] DEBUG org.eclipse.jetty.util.component.ContainerLifeCycle -- SelectorManager@ServerConnector@1dbe1647{HTTP/1.1, (http/1.1)}{0.0.0.0:51415} added {ManagedSelector@73435968{STOPPED} id=2 keys=-1 selected=-1 updates=0,AUTO}
18:14:21.086 [Executing testGetSecretContextNullAndStoreContextNotNull(org.conjur.jenkins.conjursecrets.ConjurSecretCredentialImplTest)] DEBUG org.eclipse.jetty.util.component.ContainerLifeCycle -- EatWhatYouKill@2f59fcd9/SelectorProducer@778ce9a8/IDLE/p=false/QueuedThreadPool[Jetty (JavaNetReverseProxy)]@74a1f148{STARTED,8<=8<=200,i=8,r=-1,q=0}[ReservedThreadExecutor@2479549{reserved=0/16,pending=0}][pc=0,pic=0,pec=0,epc=0]@2024-10-22T18:14:21.08662+05:30 added {SelectorProducer@778ce9a8,POJO}
18:14:21.086 [Executing testGetSecretContextNullAndStoreContextNotNull(org.conjur.jenkins.conjursecrets.ConjurSecretCredentialImplTest)] DEBUG org.eclipse.jetty.util.component.ContainerLifeCycle -- EatWhatYouKill@2f59fcd9/SelectorProducer@778ce9a8/IDLE/p=false/QueuedThreadPool[Jetty (JavaNetReverseProxy)]@74a1f148{STARTED,8<=8<=200,i=8,r=-1,q=0}[ReservedThreadExecutor@2479549{reserved=0/16,pending=0}][pc=0,pic=0,pec=0,epc=0]@2024-10-22T18:14:21.086689+05:30 added {QueuedThreadPool[Jetty (JavaNetReverseProxy)]@74a1f148{STARTED,8<=8<=200,i=8,r=-1,q=0}[ReservedThreadExecutor@2479549{reserved=0/16,pending=0}],UNMANAGED}
18:14:21.086 [Executing testGetSecretContextNullAndStoreContextNotNull(org.conjur.jenkins.conjursecrets.ConjurSecretCredentialImplTest)] DEBUG org.eclipse.jetty.util.thread.strategy.EatWhatYouKill -- EatWhatYouKill@2f59fcd9/SelectorProducer@778ce9a8/IDLE/p=false/QueuedThreadPool[Jetty (JavaNetReverseProxy)]@74a1f148{STARTED,8<=8<=200,i=8,r=-1,q=0}[ReservedThreadExecutor@2479549{reserved=0/16,pending=0}][pc=0,pic=0,pec=0,epc=0]@2024-10-22T18:14:21.086796+05:30 created
18:14:21.086 [Executing testGetSecretContextNullAndStoreContextNotNull(org.conjur.jenkins.conjursecrets.ConjurSecretCredentialImplTest)] DEBUG org.eclipse.jetty.util.component.ContainerLifeCycle -- ManagedSelector@2c6056d4{STOPPED} id=3 keys=-1 selected=-1 updates=0 added {EatWhatYouKill@2f59fcd9/SelectorProducer@778ce9a8/IDLE/p=false/QueuedThreadPool[Jetty (JavaNetReverseProxy)]@74a1f148{STARTED,8<=8<=200,i=8,r=-1,q=0}[ReservedThreadExecutor@2479549{reserved=0/16,pending=0}][pc=0,pic=0,pec=0,epc=0]@2024-10-22T18:14:21.086872+05:30,MANAGED}
18:14:21.086 [Executing testGetSecretContextNullAndStoreContextNotNull(org.conjur.jenkins.conjursecrets.ConjurSecretCredentialImplTest)] DEBUG org.eclipse.jetty.util.component.ContainerLifeCycle -- SelectorManager@ServerConnector@1dbe1647{HTTP/1.1, (http/1.1)}{0.0.0.0:51415} added {ManagedSelector@2c6056d4{STOPPED} id=3 keys=-1 selected=-1 updates=0,AUTO}
18:14:21.087 [Executing testGetSecretContextNullAndStoreContextNotNull(org.conjur.jenkins.conjursecrets.ConjurSecretCredentialImplTest)] DEBUG org.eclipse.jetty.util.component.ContainerLifeCycle -- EatWhatYouKill@4581c229/SelectorProducer@25de4174/IDLE/p=false/QueuedThreadPool[Jetty (JavaNetReverseProxy)]@74a1f148{STARTED,8<=8<=200,i=8,r=-1,q=0}[ReservedThreadExecutor@2479549{reserved=0/16,pending=0}][pc=0,pic=0,pec=0,epc=0]@2024-10-22T18:14:21.086992+05:30 added {SelectorProducer@25de4174,POJO}
18:14:21.087 [Executing testGetSecretContextNullAndStoreContextNotNull(org.conjur.jenkins.conjursecrets.ConjurSecretCredentialImplTest)] DEBUG org.eclipse.jetty.util.component.ContainerLifeCycle -- EatWhatYouKill@4581c229/SelectorProducer@25de4174/IDLE/p=false/QueuedThreadPool[Jetty (JavaNetReverseProxy)]@74a1f148{STARTED,8<=8<=200,i=8,r=-1,q=0}[ReservedThreadExecutor@2479549{reserved=0/16,pending=0}][pc=0,pic=0,pec=0,epc=0]@2024-10-22T18:14:21.087086+05:30 added {QueuedThreadPool[Jetty (JavaNetReverseProxy)]@74a1f148{STARTED,8<=8<=200,i=8,r=-1,q=0}[ReservedThreadExecutor@2479549{reserved=0/16,pending=0}],UNMANAGED}
18:14:21.087 [Executing testGetSecretContextNullAndStoreContextNotNull(org.conjur.jenkins.conjursecrets.ConjurSecretCredentialImplTest)] DEBUG org.eclipse.jetty.util.thread.strategy.EatWhatYouKill -- EatWhatYouKill@4581c229/SelectorProducer@25de4174/IDLE/p=false/QueuedThreadPool[Jetty (JavaNetReverseProxy)]@74a1f148{STARTED,8<=8<=200,i=8,r=-1,q=0}[ReservedThreadExecutor@2479549{reserved=0/16,pending=0}][pc=0,pic=0,pec=0,epc=0]@2024-10-22T18:14:21.087172+05:30 created
18:14:21.087 [Executing testGetSecretContextNullAndStoreContextNotNull(org.conjur.jenkins.conjursecrets.ConjurSecretCredentialImplTest)] DEBUG org.eclipse.jetty.util.component.ContainerLifeCycle -- ManagedSelector@358f3dce{STOPPED} id=4 keys=-1 selected=-1 updates=0 added {EatWhatYouKill@4581c229/SelectorProducer@25de4174/IDLE/p=false/QueuedThreadPool[Jetty (JavaNetReverseProxy)]@74a1f148{STARTED,8<=8<=200,i=8,r=-1,q=0}[ReservedThreadExecutor@2479549{reserved=0/16,pending=0}][pc=0,pic=0,pec=0,epc=0]@2024-10-22T18:14:21.087246+05:30,MANAGED}
18:14:21.087 [Executing testGetSecretContextNullAndStoreContextNotNull(org.conjur.jenkins.conjursecrets.ConjurSecretCredentialImplTest)] DEBUG org.eclipse.jetty.util.component.ContainerLifeCycle -- SelectorManager@ServerConnector@1dbe1647{HTTP/1.1, (http/1.1)}{0.0.0.0:51415} added {ManagedSelector@358f3dce{STOPPED} id=4 keys=-1 selected=-1 updates=0,AUTO}
18:14:21.087 [Executing testGetSecretContextNullAndStoreContextNotNull(org.conjur.jenkins.conjursecrets.ConjurSecretCredentialImplTest)] DEBUG org.eclipse.jetty.util.component.ContainerLifeCycle -- EatWhatYouKill@1b771b5d/SelectorProducer@50ac0290/IDLE/p=false/QueuedThreadPool[Jetty (JavaNetReverseProxy)]@74a1f148{STARTED,8<=8<=200,i=8,r=-1,q=0}[ReservedThreadExecutor@2479549{reserved=0/16,pending=0}][pc=0,pic=0,pec=0,epc=0]@2024-10-22T18:14:21.087364+05:30 added {SelectorProducer@50ac0290,POJO}
18:14:21.087 [Executing testGetSecretContextNullAndStoreContextNotNull(org.conjur.jenkins.conjursecrets.ConjurSecretCredentialImplTest)] DEBUG org.eclipse.jetty.util.component.ContainerLifeCycle -- EatWhatYouKill@1b771b5d/SelectorProducer@50ac0290/IDLE/p=false/QueuedThreadPool[Jetty (JavaNetReverseProxy)]@74a1f148{STARTED,8<=8<=200,i=8,r=-1,q=0}[ReservedThreadExecutor@2479549{reserved=0/16,pending=0}][pc=0,pic=0,pec=0,epc=0]@2024-10-22T18:14:21.087438+05:30 added {QueuedThreadPool[Jetty (JavaNetReverseProxy)]@74a1f148{STARTED,8<=8<=200,i=8,r=-1,q=0}[ReservedThreadExecutor@2479549{reserved=0/16,pending=0}],UNMANAGED}
18:14:21.087 [Executing testGetSecretContextNullAndStoreContextNotNull(org.conjur.jenkins.conjursecrets.ConjurSecretCredentialImplTest)] DEBUG org.eclipse.jetty.util.thread.strategy.EatWhatYouKill -- EatWhatYouKill@1b771b5d/SelectorProducer@50ac0290/IDLE/p=false/QueuedThreadPool[Jetty (JavaNetReverseProxy)]@74a1f148{STARTED,8<=8<=200,i=8,r=-1,q=0}[ReservedThreadExecutor@2479549{reserved=0/16,pending=0}][pc=0,pic=0,pec=0,epc=0]@2024-10-22T18:14:21.08752+05:30 created
18:14:21.087 [Executing testGetSecretContextNullAndStoreContextNotNull(org.conjur.jenkins.conjursecrets.ConjurSecretCredentialImplTest)] DEBUG org.eclipse.jetty.util.component.ContainerLifeCycle -- ManagedSelector@72e3c10{STOPPED} id=5 keys=-1 selected=-1 updates=0 added {EatWhatYouKill@1b771b5d/SelectorProducer@50ac0290/IDLE/p=false/QueuedThreadPool[Jetty (JavaNetReverseProxy)]@74a1f148{STARTED,8<=8<=200,i=8,r=-1,q=0}[ReservedThreadExecutor@2479549{reserved=0/16,pending=0}][pc=0,pic=0,pec=0,epc=0]@2024-10-22T18:14:21.087595+05:30,MANAGED}
18:14:21.087 [Executing testGetSecretContextNullAndStoreContextNotNull(org.conjur.jenkins.conjursecrets.ConjurSecretCredentialImplTest)] DEBUG org.eclipse.jetty.util.component.ContainerLifeCycle -- SelectorManager@ServerConnector@1dbe1647{HTTP/1.1, (http/1.1)}{0.0.0.0:51415} added {ManagedSelector@72e3c10{STOPPED} id=5 keys=-1 selected=-1 updates=0,AUTO}
18:14:21.087 [Executing testGetSecretContextNullAndStoreContextNotNull(org.conjur.jenkins.conjursecrets.ConjurSecretCredentialImplTest)] DEBUG org.eclipse.jetty.util.component.ContainerLifeCycle -- EatWhatYouKill@4b031076/SelectorProducer@680d47b8/IDLE/p=false/QueuedThreadPool[Jetty (JavaNetReverseProxy)]@74a1f148{STARTED,8<=8<=200,i=8,r=-1,q=0}[ReservedThreadExecutor@2479549{reserved=0/16,pending=0}][pc=0,pic=0,pec=0,epc=0]@2024-10-22T18:14:21.08771+05:30 added {SelectorProducer@680d47b8,POJO}
18:14:21.087 [Executing testGetSecretContextNullAndStoreContextNotNull(org.conjur.jenkins.conjursecrets.ConjurSecretCredentialImplTest)] DEBUG org.eclipse.jetty.util.component.ContainerLifeCycle -- EatWhatYouKill@4b031076/SelectorProducer@680d47b8/IDLE/p=false/QueuedThreadPool[Jetty (JavaNetReverseProxy)]@74a1f148{STARTED,8<=8<=200,i=8,r=-1,q=0}[ReservedThreadExecutor@2479549{reserved=0/16,pending=0}][pc=0,pic=0,pec=0,epc=0]@2024-10-22T18:14:21.087773+05:30 added {QueuedThreadPool[Jetty (JavaNetReverseProxy)]@74a1f148{STARTED,8<=8<=200,i=8,r=-1,q=0}[ReservedThreadExecutor@2479549{reserved=0/16,pending=0}],UNMANAGED}
18:14:21.087 [Executing testGetSecretContextNullAndStoreContextNotNull(org.conjur.jenkins.conjursecrets.ConjurSecretCredentialImplTest)] DEBUG org.eclipse.jetty.util.thread.strategy.EatWhatYouKill -- EatWhatYouKill@4b031076/SelectorProducer@680d47b8/IDLE/p=false/QueuedThreadPool[Jetty (JavaNetReverseProxy)]@74a1f148{STARTED,8<=8<=200,i=8,r=-1,q=0}[ReservedThreadExecutor@2479549{reserved=0/16,pending=0}][pc=0,pic=0,pec=0,epc=0]@2024-10-22T18:14:21.087855+05:30 created
18:14:21.087 [Executing testGetSecretContextNullAndStoreContextNotNull(org.conjur.jenkins.conjursecrets.ConjurSecretCredentialImplTest)] DEBUG org.eclipse.jetty.util.component.ContainerLifeCycle -- ManagedSelector@588560ab{STOPPED} id=6 keys=-1 selected=-1 updates=0 added {EatWhatYouKill@4b031076/SelectorProducer@680d47b8/IDLE/p=false/QueuedThreadPool[Jetty (JavaNetReverseProxy)]@74a1f148{STARTED,8<=8<=200,i=8,r=-1,q=0}[ReservedThreadExecutor@2479549{reserved=0/16,pending=0}][pc=0,pic=0,pec=0,epc=0]@2024-10-22T18:14:21.087934+05:30,MANAGED}
18:14:21.088 [Executing testGetSecretContextNullAndStoreContextNotNull(org.conjur.jenkins.conjursecrets.ConjurSecretCredentialImplTest)] DEBUG org.eclipse.jetty.util.component.ContainerLifeCycle -- SelectorManager@ServerConnector@1dbe1647{HTTP/1.1, (http/1.1)}{0.0.0.0:51415} added {ManagedSelector@588560ab{STOPPED} id=6 keys=-1 selected=-1 updates=0,AUTO}
18:14:21.088 [Executing testGetSecretContextNullAndStoreContextNotNull(org.conjur.jenkins.conjursecrets.ConjurSecretCredentialImplTest)] DEBUG org.eclipse.jetty.util.component.ContainerLifeCycle -- EatWhatYouKill@2e3d0917/SelectorProducer@7dee3c06/IDLE/p=false/QueuedThreadPool[Jetty (JavaNetReverseProxy)]@74a1f148{STARTED,8<=8<=200,i=8,r=-1,q=0}[ReservedThreadExecutor@2479549{reserved=0/16,pending=0}][pc=0,pic=0,pec=0,epc=0]@2024-10-22T18:14:21.088069+05:30 added {SelectorProducer@7dee3c06,POJO}
18:14:21.088 [Executing testGetSecretContextNullAndStoreContextNotNull(org.conjur.jenkins.conjursecrets.ConjurSecretCredentialImplTest)] DEBUG org.eclipse.jetty.util.component.ContainerLifeCycle -- EatWhatYouKill@2e3d0917/SelectorProducer@7dee3c06/IDLE/p=false/QueuedThreadPool[Jetty (JavaNetReverseProxy)]@74a1f148{STARTED,8<=8<=200,i=8,r=-1,q=0}[ReservedThreadExecutor@2479549{reserved=0/16,pending=0}][pc=0,pic=0,pec=0,epc=0]@2024-10-22T18:14:21.088137+05:30 added {QueuedThreadPool[Jetty (JavaNetReverseProxy)]@74a1f148{STARTED,8<=8<=200,i=8,r=-1,q=0}[ReservedThreadExecutor@2479549{reserved=0/16,pending=0}],UNMANAGED}
18:14:21.088 [Executing testGetSecretContextNullAndStoreContextNotNull(org.conjur.jenkins.conjursecrets.ConjurSecretCredentialImplTest)] DEBUG org.eclipse.jetty.util.thread.strategy.EatWhatYouKill -- EatWhatYouKill@2e3d0917/SelectorProducer@7dee3c06/IDLE/p=false/QueuedThreadPool[Jetty (JavaNetReverseProxy)]@74a1f148{STARTED,8<=8<=200,i=8,r=-1,q=0}[ReservedThreadExecutor@2479549{reserved=0/16,pending=0}][pc=0,pic=0,pec=0,epc=0]@2024-10-22T18:14:21.088222+05:30 created
18:14:21.088 [Executing testGetSecretContextNullAndStoreContextNotNull(org.conjur.jenkins.conjursecrets.ConjurSecretCredentialImplTest)] DEBUG org.eclipse.jetty.util.component.ContainerLifeCycle -- ManagedSelector@7f5c9484{STOPPED} id=7 keys=-1 selected=-1 updates=0 added {EatWhatYouKill@2e3d0917/SelectorProducer@7dee3c06/IDLE/p=false/QueuedThreadPool[Jetty (JavaNetReverseProxy)]@74a1f148{STARTED,8<=8<=200,i=8,r=-1,q=0}[ReservedThreadExecutor@2479549{reserved=0/16,pending=0}][pc=0,pic=0,pec=0,epc=0]@2024-10-22T18:14:21.088297+05:30,MANAGED}
18:14:21.088 [Executing testGetSecretContextNullAndStoreContextNotNull(org.conjur.jenkins.conjursecrets.ConjurSecretCredentialImplTest)] DEBUG org.eclipse.jetty.util.component.ContainerLifeCycle -- SelectorManager@ServerConnector@1dbe1647{HTTP/1.1, (http/1.1)}{0.0.0.0:51415} added {ManagedSelector@7f5c9484{STOPPED} id=7 keys=-1 selected=-1 updates=0,AUTO}
18:14:21.088 [Executing testGetSecretContextNullAndStoreContextNotNull(org.conjur.jenkins.conjursecrets.ConjurSecretCredentialImplTest)] DEBUG org.eclipse.jetty.util.component.AbstractLifeCycle -- starting ManagedSelector@43968de3{STOPPED} id=0 keys=-1 selected=-1 updates=0
18:14:21.088 [Executing testGetSecretContextNullAndStoreContextNotNull(org.conjur.jenkins.conjursecrets.ConjurSecretCredentialImplTest)] DEBUG org.eclipse.jetty.util.component.AbstractLifeCycle -- starting EatWhatYouKill@4dcf9591/SelectorProducer@53844441/IDLE/p=false/QueuedThreadPool[Jetty (JavaNetReverseProxy)]@74a1f148{STARTED,8<=8<=200,i=8,r=-1,q=0}[ReservedThreadExecutor@2479549{reserved=0/16,pending=0}][pc=0,pic=0,pec=0,epc=0]@2024-10-22T18:14:21.088435+05:30
18:14:21.088 [Executing testGetSecretContextNullAndStoreContextNotNull(org.conjur.jenkins.conjursecrets.ConjurSecretCredentialImplTest)] DEBUG org.eclipse.jetty.util.component.AbstractLifeCycle -- STARTED @11646ms EatWhatYouKill@4dcf9591/SelectorProducer@53844441/IDLE/p=false/QueuedThreadPool[Jetty (JavaNetReverseProxy)]@74a1f148{STARTED,8<=8<=200,i=8,r=-1,q=0}[ReservedThreadExecutor@2479549{reserved=0/16,pending=0}][pc=0,pic=0,pec=0,epc=0]@2024-10-22T18:14:21.088505+05:30
18:14:21.088 [Executing testGetSecretContextNullAndStoreContextNotNull(org.conjur.jenkins.conjursecrets.ConjurSecretCredentialImplTest)] DEBUG org.eclipse.jetty.util.thread.QueuedThreadPool -- queue org.eclipse.jetty.io.ManagedSelector$$Lambda$424/0x00000001333325e0@c2f23fc startThread=0
18:14:21.088 [Executing testGetSecretContextNullAndStoreContextNotNull(org.conjur.jenkins.conjursecrets.ConjurSecretCredentialImplTest)] DEBUG org.eclipse.jetty.io.ManagedSelector -- Queued change lazy=false org.eclipse.jetty.io.ManagedSelector$Start@4a1cf6df on ManagedSelector@43968de3{STARTING} id=0 keys=0 selected=0 updates=0
18:14:21.088 [Jetty (JavaNetReverseProxy)-90] DEBUG org.eclipse.jetty.util.thread.QueuedThreadPool -- run org.eclipse.jetty.io.ManagedSelector$$Lambda$424/0x00000001333325e0@c2f23fc in QueuedThreadPool[Jetty (JavaNetReverseProxy)]@74a1f148{STARTED,8<=8<=200,i=7,r=-1,q=0}[ReservedThreadExecutor@2479549{reserved=0/16,pending=0}]
18:14:21.088 [Jetty (JavaNetReverseProxy)-90] DEBUG org.eclipse.jetty.util.thread.strategy.EatWhatYouKill -- EatWhatYouKill@4dcf9591/SelectorProducer@53844441/IDLE/p=false/QueuedThreadPool[Jetty (JavaNetReverseProxy)]@74a1f148{STARTED,8<=8<=200,i=7,r=-1,q=0}[ReservedThreadExecutor@2479549{reserved=0/16,pending=0}][pc=0,pic=0,pec=0,epc=0]@2024-10-22T18:14:21.088746+05:30 tryProduce false
18:14:21.088 [Jetty (JavaNetReverseProxy)-90] DEBUG org.eclipse.jetty.io.ManagedSelector -- updateable 1
18:14:21.088 [Jetty (JavaNetReverseProxy)-90] DEBUG org.eclipse.jetty.io.ManagedSelector -- update org.eclipse.jetty.io.ManagedSelector$Start@4a1cf6df
18:14:21.088 [Jetty (JavaNetReverseProxy)-90] DEBUG org.eclipse.jetty.io.ManagedSelector -- updates 0
18:14:21.088 [Jetty (JavaNetReverseProxy)-90] DEBUG org.eclipse.jetty.io.ManagedSelector -- Selector sun.nio.ch.KQueueSelectorImpl@f646818 waiting with 0 keys
18:14:21.088 [Executing testGetSecretContextNullAndStoreContextNotNull(org.conjur.jenkins.conjursecrets.ConjurSecretCredentialImplTest)] DEBUG org.eclipse.jetty.util.component.AbstractLifeCycle -- STARTED @11646ms ManagedSelector@43968de3{STARTED} id=0 keys=0 selected=0 updates=0
18:14:21.088 [Executing testGetSecretContextNullAndStoreContextNotNull(org.conjur.jenkins.conjursecrets.ConjurSecretCredentialImplTest)] DEBUG org.eclipse.jetty.util.component.AbstractLifeCycle -- starting ManagedSelector@262f4d34{STOPPED} id=1 keys=-1 selected=-1 updates=0
18:14:21.089 [Executing testGetSecretContextNullAndStoreContextNotNull(org.conjur.jenkins.conjursecrets.ConjurSecretCredentialImplTest)] DEBUG org.eclipse.jetty.util.component.AbstractLifeCycle -- starting EatWhatYouKill@66aadf9f/SelectorProducer@57f8adc6/IDLE/p=false/QueuedThreadPool[Jetty (JavaNetReverseProxy)]@74a1f148{STARTED,8<=8<=200,i=7,r=-1,q=0}[ReservedThreadExecutor@2479549{reserved=0/16,pending=0}][pc=0,pic=0,pec=0,epc=0]@2024-10-22T18:14:21.088997+05:30
18:14:21.089 [Executing testGetSecretContextNullAndStoreContextNotNull(org.conjur.jenkins.conjursecrets.ConjurSecretCredentialImplTest)] DEBUG org.eclipse.jetty.util.component.AbstractLifeCycle -- STARTED @11646ms EatWhatYouKill@66aadf9f/SelectorProducer@57f8adc6/IDLE/p=false/QueuedThreadPool[Jetty (JavaNetReverseProxy)]@74a1f148{STARTED,8<=8<=200,i=7,r=-1,q=0}[ReservedThreadExecutor@2479549{reserved=0/16,pending=0}][pc=0,pic=0,pec=0,epc=0]@2024-10-22T18:14:21.089174+05:30
18:14:21.089 [Executing testGetSecretContextNullAndStoreContextNotNull(org.conjur.jenkins.conjursecrets.ConjurSecretCredentialImplTest)] DEBUG org.eclipse.jetty.util.thread.QueuedThreadPool -- queue org.eclipse.jetty.io.ManagedSelector$$Lambda$424/0x00000001333325e0@469eed96 startThread=0
18:14:21.089 [Executing testGetSecretContextNullAndStoreContextNotNull(org.conjur.jenkins.conjursecrets.ConjurSecretCredentialImplTest)] DEBUG org.eclipse.jetty.io.ManagedSelector -- Queued change lazy=false org.eclipse.jetty.io.ManagedSelector$Start@5dfda975 on ManagedSelector@262f4d34{STARTING} id=1 keys=0 selected=0 updates=0
18:14:21.089 [Jetty (JavaNetReverseProxy)-91] DEBUG org.eclipse.jetty.util.thread.QueuedThreadPool -- run org.eclipse.jetty.io.ManagedSelector$$Lambda$424/0x00000001333325e0@469eed96 in QueuedThreadPool[Jetty (JavaNetReverseProxy)]@74a1f148{STARTED,8<=8<=200,i=6,r=-1,q=0}[ReservedThreadExecutor@2479549{reserved=0/16,pending=0}]
18:14:21.089 [Jetty (JavaNetReverseProxy)-91] DEBUG org.eclipse.jetty.util.thread.strategy.EatWhatYouKill -- EatWhatYouKill@66aadf9f/SelectorProducer@57f8adc6/IDLE/p=false/QueuedThreadPool[Jetty (JavaNetReverseProxy)]@74a1f148{STARTED,8<=8<=200,i=6,r=-1,q=0}[ReservedThreadExecutor@2479549{reserved=0/16,pending=0}][pc=0,pic=0,pec=0,epc=0]@2024-10-22T18:14:21.089373+05:30 tryProduce false
18:14:21.089 [Jetty (JavaNetReverseProxy)-91] DEBUG org.eclipse.jetty.io.ManagedSelector -- updateable 1
18:14:21.089 [Jetty (JavaNetReverseProxy)-91] DEBUG org.eclipse.jetty.io.ManagedSelector -- update org.eclipse.jetty.io.ManagedSelector$Start@5dfda975
18:14:21.089 [Jetty (JavaNetReverseProxy)-91] DEBUG org.eclipse.jetty.io.ManagedSelector -- updates 0
18:14:21.089 [Jetty (JavaNetReverseProxy)-91] DEBUG org.eclipse.jetty.io.ManagedSelector -- Selector sun.nio.ch.KQueueSelectorImpl@b76be7e waiting with 0 keys
18:14:21.089 [Executing testGetSecretContextNullAndStoreContextNotNull(org.conjur.jenkins.conjursecrets.ConjurSecretCredentialImplTest)] DEBUG org.eclipse.jetty.util.component.AbstractLifeCycle -- STARTED @11647ms ManagedSelector@262f4d34{STARTED} id=1 keys=0 selected=0 updates=0
18:14:21.089 [Executing testGetSecretContextNullAndStoreContextNotNull(org.conjur.jenkins.conjursecrets.ConjurSecretCredentialImplTest)] DEBUG org.eclipse.jetty.util.component.AbstractLifeCycle -- starting ManagedSelector@73435968{STOPPED} id=2 keys=-1 selected=-1 updates=0
18:14:21.089 [Executing testGetSecretContextNullAndStoreContextNotNull(org.conjur.jenkins.conjursecrets.ConjurSecretCredentialImplTest)] DEBUG org.eclipse.jetty.util.component.AbstractLifeCycle -- starting EatWhatYouKill@51212587/SelectorProducer@61474e1b/IDLE/p=false/QueuedThreadPool[Jetty (JavaNetReverseProxy)]@74a1f148{STARTED,8<=8<=200,i=6,r=-1,q=0}[ReservedThreadExecutor@2479549{reserved=0/16,pending=0}][pc=0,pic=0,pec=0,epc=0]@2024-10-22T18:14:21.089591+05:30
18:14:21.089 [Executing testGetSecretContextNullAndStoreContextNotNull(org.conjur.jenkins.conjursecrets.ConjurSecretCredentialImplTest)] DEBUG org.eclipse.jetty.util.component.AbstractLifeCycle -- STARTED @11647ms EatWhatYouKill@51212587/SelectorProducer@61474e1b/IDLE/p=false/QueuedThreadPool[Jetty (JavaNetReverseProxy)]@74a1f148{STARTED,8<=8<=200,i=6,r=-1,q=0}[ReservedThreadExecutor@2479549{reserved=0/16,pending=0}][pc=0,pic=0,pec=0,epc=0]@2024-10-22T18:14:21.089703+05:30
18:14:21.089 [Executing testGetSecretContextNullAndStoreContextNotNull(org.conjur.jenkins.conjursecrets.ConjurSecretCredentialImplTest)] DEBUG org.eclipse.jetty.util.thread.QueuedThreadPool -- queue org.eclipse.jetty.io.ManagedSelector$$Lambda$424/0x00000001333325e0@283841f5 startThread=0
18:14:21.089 [Executing testGetSecretContextNullAndStoreContextNotNull(org.conjur.jenkins.conjursecrets.ConjurSecretCredentialImplTest)] DEBUG org.eclipse.jetty.io.ManagedSelector -- Queued change lazy=false org.eclipse.jetty.io.ManagedSelector$Start@5bfe023 on ManagedSelector@73435968{STARTING} id=2 keys=0 selected=0 updates=0
18:14:21.089 [Jetty (JavaNetReverseProxy)-92] DEBUG org.eclipse.jetty.util.thread.QueuedThreadPool -- run org.eclipse.jetty.io.ManagedSelector$$Lambda$424/0x00000001333325e0@283841f5 in QueuedThreadPool[Jetty (JavaNetReverseProxy)]@74a1f148{STARTED,8<=8<=200,i=5,r=-1,q=0}[ReservedThreadExecutor@2479549{reserved=0/16,pending=0}]
18:14:21.089 [Jetty (JavaNetReverseProxy)-92] DEBUG org.eclipse.jetty.util.thread.strategy.EatWhatYouKill -- EatWhatYouKill@51212587/SelectorProducer@61474e1b/IDLE/p=false/QueuedThreadPool[Jetty (JavaNetReverseProxy)]@74a1f148{STARTED,8<=8<=200,i=5,r=-1,q=0}[ReservedThreadExecutor@2479549{reserved=0/16,pending=0}][pc=0,pic=0,pec=0,epc=0]@2024-10-22T18:14:21.089925+05:30 tryProduce false
18:14:21.089 [Jetty (JavaNetReverseProxy)-92] DEBUG org.eclipse.jetty.io.ManagedSelector -- updateable 1
18:14:21.089 [Jetty (JavaNetReverseProxy)-92] DEBUG org.eclipse.jetty.io.ManagedSelector -- update org.eclipse.jetty.io.ManagedSelector$Start@5bfe023
18:14:21.090 [Jetty (JavaNetReverseProxy)-92] DEBUG org.eclipse.jetty.io.ManagedSelector -- updates 0
18:14:21.090 [Jetty (JavaNetReverseProxy)-92] DEBUG org.eclipse.jetty.io.ManagedSelector -- Selector sun.nio.ch.KQueueSelectorImpl@31362a58 waiting with 0 keys
18:14:21.090 [Executing testGetSecretContextNullAndStoreContextNotNull(org.conjur.jenkins.conjursecrets.ConjurSecretCredentialImplTest)] DEBUG org.eclipse.jetty.util.component.AbstractLifeCycle -- STARTED @11647ms ManagedSelector@73435968{STARTED} id=2 keys=0 selected=0 updates=0
18:14:21.090 [Executing testGetSecretContextNullAndStoreContextNotNull(org.conjur.jenkins.conjursecrets.ConjurSecretCredentialImplTest)] DEBUG org.eclipse.jetty.util.component.AbstractLifeCycle -- starting ManagedSelector@2c6056d4{STOPPED} id=3 keys=-1 selected=-1 updates=0
18:14:21.090 [Executing testGetSecretContextNullAndStoreContextNotNull(org.conjur.jenkins.conjursecrets.ConjurSecretCredentialImplTest)] DEBUG org.eclipse.jetty.util.component.AbstractLifeCycle -- starting EatWhatYouKill@2f59fcd9/SelectorProducer@778ce9a8/IDLE/p=false/QueuedThreadPool[Jetty (JavaNetReverseProxy)]@74a1f148{STARTED,8<=8<=200,i=5,r=-1,q=0}[ReservedThreadExecutor@2479549{reserved=0/16,pending=0}][pc=0,pic=0,pec=0,epc=0]@2024-10-22T18:14:21.09016+05:30
18:14:21.090 [Executing testGetSecretContextNullAndStoreContextNotNull(org.conjur.jenkins.conjursecrets.ConjurSecretCredentialImplTest)] DEBUG org.eclipse.jetty.util.component.AbstractLifeCycle -- STARTED @11648ms EatWhatYouKill@2f59fcd9/SelectorProducer@778ce9a8/IDLE/p=false/QueuedThreadPool[Jetty (JavaNetReverseProxy)]@74a1f148{STARTED,8<=8<=200,i=5,r=-1,q=0}[ReservedThreadExecutor@2479549{reserved=0/16,pending=0}][pc=0,pic=0,pec=0,epc=0]@2024-10-22T18:14:21.090241+05:30
18:14:21.090 [Executing testGetSecretContextNullAndStoreContextNotNull(org.conjur.jenkins.conjursecrets.ConjurSecretCredentialImplTest)] DEBUG org.eclipse.jetty.util.thread.QueuedThreadPool -- queue org.eclipse.jetty.io.ManagedSelector$$Lambda$424/0x00000001333325e0@34fc4f5f startThread=0
18:14:21.090 [Executing testGetSecretContextNullAndStoreContextNotNull(org.conjur.jenkins.conjursecrets.ConjurSecretCredentialImplTest)] DEBUG org.eclipse.jetty.io.ManagedSelector -- Queued change lazy=false org.eclipse.jetty.io.ManagedSelector$Start@47aeeb4 on ManagedSelector@2c6056d4{STARTING} id=3 keys=0 selected=0 updates=0
18:14:21.090 [Jetty (JavaNetReverseProxy)-93] DEBUG org.eclipse.jetty.util.thread.QueuedThreadPool -- run org.eclipse.jetty.io.ManagedSelector$$Lambda$424/0x00000001333325e0@34fc4f5f in QueuedThreadPool[Jetty (JavaNetReverseProxy)]@74a1f148{STARTED,8<=8<=200,i=4,r=-1,q=0}[ReservedThreadExecutor@2479549{reserved=0/16,pending=0}]
18:14:21.090 [Jetty (JavaNetReverseProxy)-93] DEBUG org.eclipse.jetty.util.thread.strategy.EatWhatYouKill -- EatWhatYouKill@2f59fcd9/SelectorProducer@778ce9a8/IDLE/p=false/QueuedThreadPool[Jetty (JavaNetReverseProxy)]@74a1f148{STARTED,8<=8<=200,i=4,r=-1,q=0}[ReservedThreadExecutor@2479549{reserved=0/16,pending=0}][pc=0,pic=0,pec=0,epc=0]@2024-10-22T18:14:21.090449+05:30 tryProduce false
18:14:21.090 [Jetty (JavaNetReverseProxy)-93] DEBUG org.eclipse.jetty.io.ManagedSelector -- updateable 1
18:14:21.090 [Jetty (JavaNetReverseProxy)-93] DEBUG org.eclipse.jetty.io.ManagedSelector -- update org.eclipse.jetty.io.ManagedSelector$Start@47aeeb4
18:14:21.090 [Jetty (JavaNetReverseProxy)-93] DEBUG org.eclipse.jetty.io.ManagedSelector -- updates 0
18:14:21.090 [Jetty (JavaNetReverseProxy)-93] DEBUG org.eclipse.jetty.io.ManagedSelector -- Selector sun.nio.ch.KQueueSelectorImpl@20f248d1 waiting with 0 keys
18:14:21.090 [Executing testGetSecretContextNullAndStoreContextNotNull(org.conjur.jenkins.conjursecrets.ConjurSecretCredentialImplTest)] DEBUG org.eclipse.jetty.util.component.AbstractLifeCycle -- STARTED @11648ms ManagedSelector@2c6056d4{STARTED} id=3 keys=0 selected=0 updates=0
18:14:21.090 [Executing testGetSecretContextNullAndStoreContextNotNull(org.conjur.jenkins.conjursecrets.ConjurSecretCredentialImplTest)] DEBUG org.eclipse.jetty.util.component.AbstractLifeCycle -- starting ManagedSelector@358f3dce{STOPPED} id=4 keys=-1 selected=-1 updates=0
18:14:21.090 [Executing testGetSecretContextNullAndStoreContextNotNull(org.conjur.jenkins.conjursecrets.ConjurSecretCredentialImplTest)] DEBUG org.eclipse.jetty.util.component.AbstractLifeCycle -- starting EatWhatYouKill@4581c229/SelectorProducer@25de4174/IDLE/p=false/QueuedThreadPool[Jetty (JavaNetReverseProxy)]@74a1f148{STARTED,8<=8<=200,i=4,r=-1,q=0}[ReservedThreadExecutor@2479549{reserved=0/16,pending=0}][pc=0,pic=0,pec=0,epc=0]@2024-10-22T18:14:21.090665+05:30
18:14:21.090 [Executing testGetSecretContextNullAndStoreContextNotNull(org.conjur.jenkins.conjursecrets.ConjurSecretCredentialImplTest)] DEBUG org.eclipse.jetty.util.component.AbstractLifeCycle -- STARTED @11648ms EatWhatYouKill@4581c229/SelectorProducer@25de4174/IDLE/p=false/QueuedThreadPool[Jetty (JavaNetReverseProxy)]@74a1f148{STARTED,8<=8<=200,i=4,r=-1,q=0}[ReservedThreadExecutor@2479549{reserved=0/16,pending=0}][pc=0,pic=0,pec=0,epc=0]@2024-10-22T18:14:21.090766+05:30
18:14:21.090 [Executing testGetSecretContextNullAndStoreContextNotNull(org.conjur.jenkins.conjursecrets.ConjurSecretCredentialImplTest)] DEBUG org.eclipse.jetty.util.thread.QueuedThreadPool -- queue org.eclipse.jetty.io.ManagedSelector$$Lambda$424/0x00000001333325e0@6ea72027 startThread=0
18:14:21.090 [Executing testGetSecretContextNullAndStoreContextNotNull(org.conjur.jenkins.conjursecrets.ConjurSecretCredentialImplTest)] DEBUG org.eclipse.jetty.io.ManagedSelector -- Queued change lazy=false org.eclipse.jetty.io.ManagedSelector$Start@14e36b28 on ManagedSelector@358f3dce{STARTING} id=4 keys=0 selected=0 updates=0
18:14:21.090 [Jetty (JavaNetReverseProxy)-94] DEBUG org.eclipse.jetty.util.thread.QueuedThreadPool -- run org.eclipse.jetty.io.ManagedSelector$$Lambda$424/0x00000001333325e0@6ea72027 in QueuedThreadPool[Jetty (JavaNetReverseProxy)]@74a1f148{STARTED,8<=8<=200,i=3,r=-1,q=0}[ReservedThreadExecutor@2479549{reserved=0/16,pending=0}]
18:14:21.090 [Jetty (JavaNetReverseProxy)-94] DEBUG org.eclipse.jetty.util.thread.strategy.EatWhatYouKill -- EatWhatYouKill@4581c229/SelectorProducer@25de4174/IDLE/p=false/QueuedThreadPool[Jetty (JavaNetReverseProxy)]@74a1f148{STARTED,8<=8<=200,i=3,r=-1,q=0}[ReservedThreadExecutor@2479549{reserved=0/16,pending=0}][pc=0,pic=0,pec=0,epc=0]@2024-10-22T18:14:21.090961+05:30 tryProduce false
18:14:21.091 [Jetty (JavaNetReverseProxy)-94] DEBUG org.eclipse.jetty.io.ManagedSelector -- updateable 1
18:14:21.091 [Jetty (JavaNetReverseProxy)-94] DEBUG org.eclipse.jetty.io.ManagedSelector -- update org.eclipse.jetty.io.ManagedSelector$Start@14e36b28
18:14:21.091 [Jetty (JavaNetReverseProxy)-94] DEBUG org.eclipse.jetty.io.ManagedSelector -- updates 0
18:14:21.091 [Jetty (JavaNetReverseProxy)-94] DEBUG org.eclipse.jetty.io.ManagedSelector -- Selector sun.nio.ch.KQueueSelectorImpl@a18c56b waiting with 0 keys
18:14:21.091 [Executing testGetSecretContextNullAndStoreContextNotNull(org.conjur.jenkins.conjursecrets.ConjurSecretCredentialImplTest)] DEBUG org.eclipse.jetty.util.component.AbstractLifeCycle -- STARTED @11648ms ManagedSelector@358f3dce{STARTED} id=4 keys=0 selected=0 updates=0
18:14:21.091 [Executing testGetSecretContextNullAndStoreContextNotNull(org.conjur.jenkins.conjursecrets.ConjurSecretCredentialImplTest)] DEBUG org.eclipse.jetty.util.component.AbstractLifeCycle -- starting ManagedSelector@72e3c10{STOPPED} id=5 keys=-1 selected=-1 updates=0
18:14:21.091 [Executing testGetSecretContextNullAndStoreContextNotNull(org.conjur.jenkins.conjursecrets.ConjurSecretCredentialImplTest)] DEBUG org.eclipse.jetty.util.component.AbstractLifeCycle -- starting EatWhatYouKill@1b771b5d/SelectorProducer@50ac0290/IDLE/p=false/QueuedThreadPool[Jetty (JavaNetReverseProxy)]@74a1f148{STARTED,8<=8<=200,i=3,r=-1,q=0}[ReservedThreadExecutor@2479549{reserved=0/16,pending=0}][pc=0,pic=0,pec=0,epc=0]@2024-10-22T18:14:21.091227+05:30
18:14:21.091 [Executing testGetSecretContextNullAndStoreContextNotNull(org.conjur.jenkins.conjursecrets.ConjurSecretCredentialImplTest)] DEBUG org.eclipse.jetty.util.component.AbstractLifeCycle -- STARTED @11649ms EatWhatYouKill@1b771b5d/SelectorProducer@50ac0290/IDLE/p=false/QueuedThreadPool[Jetty (JavaNetReverseProxy)]@74a1f148{STARTED,8<=8<=200,i=3,r=-1,q=0}[ReservedThreadExecutor@2479549{reserved=0/16,pending=0}][pc=0,pic=0,pec=0,epc=0]@2024-10-22T18:14:21.091302+05:30
18:14:21.091 [Executing testGetSecretContextNullAndStoreContextNotNull(org.conjur.jenkins.conjursecrets.ConjurSecretCredentialImplTest)] DEBUG org.eclipse.jetty.util.thread.QueuedThreadPool -- queue org.eclipse.jetty.io.ManagedSelector$$Lambda$424/0x00000001333325e0@4233485c startThread=0
18:14:21.091 [Executing testGetSecretContextNullAndStoreContextNotNull(org.conjur.jenkins.conjursecrets.ConjurSecretCredentialImplTest)] DEBUG org.eclipse.jetty.io.ManagedSelector -- Queued change lazy=false org.eclipse.jetty.io.ManagedSelector$Start@116f11e0 on ManagedSelector@72e3c10{STARTING} id=5 keys=0 selected=0 updates=0
18:14:21.091 [Jetty (JavaNetReverseProxy)-95] DEBUG org.eclipse.jetty.util.thread.QueuedThreadPool -- run org.eclipse.jetty.io.ManagedSelector$$Lambda$424/0x00000001333325e0@4233485c in QueuedThreadPool[Jetty (JavaNetReverseProxy)]@74a1f148{STARTED,8<=8<=200,i=2,r=-1,q=0}[ReservedThreadExecutor@2479549{reserved=0/16,pending=0}]
18:14:21.091 [Jetty (JavaNetReverseProxy)-95] DEBUG org.eclipse.jetty.util.thread.strategy.EatWhatYouKill -- EatWhatYouKill@1b771b5d/SelectorProducer@50ac0290/IDLE/p=false/QueuedThreadPool[Jetty (JavaNetReverseProxy)]@74a1f148{STARTED,8<=8<=200,i=2,r=-1,q=0}[ReservedThreadExecutor@2479549{reserved=0/16,pending=0}][pc=0,pic=0,pec=0,epc=0]@2024-10-22T18:14:21.091496+05:30 tryProduce false
18:14:21.091 [Jetty (JavaNetReverseProxy)-95] DEBUG org.eclipse.jetty.io.ManagedSelector -- updateable 1
18:14:21.091 [Jetty (JavaNetReverseProxy)-95] DEBUG org.eclipse.jetty.io.ManagedSelector -- update org.eclipse.jetty.io.ManagedSelector$Start@116f11e0
18:14:21.091 [Jetty (JavaNetReverseProxy)-95] DEBUG org.eclipse.jetty.io.ManagedSelector -- updates 0
18:14:21.091 [Jetty (JavaNetReverseProxy)-95] DEBUG org.eclipse.jetty.io.ManagedSelector -- Selector sun.nio.ch.KQueueSelectorImpl@8436d49 waiting with 0 keys
18:14:21.091 [Executing testGetSecretContextNullAndStoreContextNotNull(org.conjur.jenkins.conjursecrets.ConjurSecretCredentialImplTest)] DEBUG org.eclipse.jetty.util.component.AbstractLifeCycle -- STARTED @11649ms ManagedSelector@72e3c10{STARTED} id=5 keys=0 selected=0 updates=0
18:14:21.091 [Executing testGetSecretContextNullAndStoreContextNotNull(org.conjur.jenkins.conjursecrets.ConjurSecretCredentialImplTest)] DEBUG org.eclipse.jetty.util.component.AbstractLifeCycle -- starting ManagedSelector@588560ab{STOPPED} id=6 keys=-1 selected=-1 updates=0
18:14:21.091 [Executing testGetSecretContextNullAndStoreContextNotNull(org.conjur.jenkins.conjursecrets.ConjurSecretCredentialImplTest)] DEBUG org.eclipse.jetty.util.component.AbstractLifeCycle -- starting EatWhatYouKill@4b031076/SelectorProducer@680d47b8/IDLE/p=false/QueuedThreadPool[Jetty (JavaNetReverseProxy)]@74a1f148{STARTED,8<=8<=200,i=2,r=-1,q=0}[ReservedThreadExecutor@2479549{reserved=0/16,pending=0}][pc=0,pic=0,pec=0,epc=0]@2024-10-22T18:14:21.091751+05:30
18:14:21.091 [Executing testGetSecretContextNullAndStoreContextNotNull(org.conjur.jenkins.conjursecrets.ConjurSecretCredentialImplTest)] DEBUG org.eclipse.jetty.util.component.AbstractLifeCycle -- STARTED @11649ms EatWhatYouKill@4b031076/SelectorProducer@680d47b8/IDLE/p=false/QueuedThreadPool[Jetty (JavaNetReverseProxy)]@74a1f148{STARTED,8<=8<=200,i=2,r=-1,q=0}[ReservedThreadExecutor@2479549{reserved=0/16,pending=0}][pc=0,pic=0,pec=0,epc=0]@2024-10-22T18:14:21.091824+05:30
18:14:21.091 [Executing testGetSecretContextNullAndStoreContextNotNull(org.conjur.jenkins.conjursecrets.ConjurSecretCredentialImplTest)] DEBUG org.eclipse.jetty.util.thread.QueuedThreadPool -- queue org.eclipse.jetty.io.ManagedSelector$$Lambda$424/0x00000001333325e0@469ebdf2 startThread=0
18:14:21.091 [Executing testGetSecretContextNullAndStoreContextNotNull(org.conjur.jenkins.conjursecrets.ConjurSecretCredentialImplTest)] DEBUG org.eclipse.jetty.io.ManagedSelector -- Queued change lazy=false org.eclipse.jetty.io.ManagedSelector$Start@49ab3422 on ManagedSelector@588560ab{STARTING} id=6 keys=0 selected=0 updates=0
18:14:21.091 [Jetty (JavaNetReverseProxy)-96] DEBUG org.eclipse.jetty.util.thread.QueuedThreadPool -- run org.eclipse.jetty.io.ManagedSelector$$Lambda$424/0x00000001333325e0@469ebdf2 in QueuedThreadPool[Jetty (JavaNetReverseProxy)]@74a1f148{STARTED,8<=8<=200,i=1,r=-1,q=0}[ReservedThreadExecutor@2479549{reserved=0/16,pending=0}]
18:14:21.092 [Jetty (JavaNetReverseProxy)-96] DEBUG org.eclipse.jetty.util.thread.strategy.EatWhatYouKill -- EatWhatYouKill@4b031076/SelectorProducer@680d47b8/IDLE/p=false/QueuedThreadPool[Jetty (JavaNetReverseProxy)]@74a1f148{STARTED,8<=8<=200,i=1,r=-1,q=0}[ReservedThreadExecutor@2479549{reserved=0/16,pending=0}][pc=0,pic=0,pec=0,epc=0]@2024-10-22T18:14:21.092058+05:30 tryProduce false
18:14:21.092 [Jetty (JavaNetReverseProxy)-96] DEBUG org.eclipse.jetty.io.ManagedSelector -- updateable 1
18:14:21.092 [Jetty (JavaNetReverseProxy)-96] DEBUG org.eclipse.jetty.io.ManagedSelector -- update org.eclipse.jetty.io.ManagedSelector$Start@49ab3422
18:14:21.092 [Jetty (JavaNetReverseProxy)-96] DEBUG org.eclipse.jetty.io.ManagedSelector -- updates 0
18:14:21.092 [Jetty (JavaNetReverseProxy)-96] DEBUG org.eclipse.jetty.io.ManagedSelector -- Selector sun.nio.ch.KQueueSelectorImpl@5a68a231 waiting with 0 keys
18:14:21.092 [Executing testGetSecretContextNullAndStoreContextNotNull(org.conjur.jenkins.conjursecrets.ConjurSecretCredentialImplTest)] DEBUG org.eclipse.jetty.util.component.AbstractLifeCycle -- STARTED @11649ms ManagedSelector@588560ab{STARTED} id=6 keys=0 selected=0 updates=0
18:14:21.092 [Executing testGetSecretContextNullAndStoreContextNotNull(org.conjur.jenkins.conjursecrets.ConjurSecretCredentialImplTest)] DEBUG org.eclipse.jetty.util.component.AbstractLifeCycle -- starting ManagedSelector@7f5c9484{STOPPED} id=7 keys=-1 selected=-1 updates=0
18:14:21.092 [Executing testGetSecretContextNullAndStoreContextNotNull(org.conjur.jenkins.conjursecrets.ConjurSecretCredentialImplTest)] DEBUG org.eclipse.jetty.util.component.AbstractLifeCycle -- starting EatWhatYouKill@2e3d0917/SelectorProducer@7dee3c06/IDLE/p=false/QueuedThreadPool[Jetty (JavaNetReverseProxy)]@74a1f148{STARTED,8<=8<=200,i=1,r=-1,q=0}[ReservedThreadExecutor@2479549{reserved=0/16,pending=0}][pc=0,pic=0,pec=0,epc=0]@2024-10-22T18:14:21.092275+05:30
18:14:21.092 [Executing testGetSecretContextNullAndStoreContextNotNull(org.conjur.jenkins.conjursecrets.ConjurSecretCredentialImplTest)] DEBUG org.eclipse.jetty.util.component.AbstractLifeCycle -- STARTED @11650ms EatWhatYouKill@2e3d0917/SelectorProducer@7dee3c06/IDLE/p=false/QueuedThreadPool[Jetty (JavaNetReverseProxy)]@74a1f148{STARTED,8<=8<=200,i=1,r=-1,q=0}[ReservedThreadExecutor@2479549{reserved=0/16,pending=0}][pc=0,pic=0,pec=0,epc=0]@2024-10-22T18:14:21.09235+05:30
18:14:21.092 [Executing testGetSecretContextNullAndStoreContextNotNull(org.conjur.jenkins.conjursecrets.ConjurSecretCredentialImplTest)] DEBUG org.eclipse.jetty.util.thread.QueuedThreadPool -- queue org.eclipse.jetty.io.ManagedSelector$$Lambda$424/0x00000001333325e0@1182e4e3 startThread=0
18:14:21.092 [Executing testGetSecretContextNullAndStoreContextNotNull(org.conjur.jenkins.conjursecrets.ConjurSecretCredentialImplTest)] DEBUG org.eclipse.jetty.io.ManagedSelector -- Queued change lazy=false org.eclipse.jetty.io.ManagedSelector$Start@788b1722 on ManagedSelector@7f5c9484{STARTING} id=7 keys=0 selected=0 updates=0
18:14:21.092 [Jetty (JavaNetReverseProxy)-97] DEBUG org.eclipse.jetty.util.thread.QueuedThreadPool -- run org.eclipse.jetty.io.ManagedSelector$$Lambda$424/0x00000001333325e0@1182e4e3 in QueuedThreadPool[Jetty (JavaNetReverseProxy)]@74a1f148{STARTED,8<=8<=200,i=0,r=-1,q=0}[ReservedThreadExecutor@2479549{reserved=0/16,pending=0}]
18:14:21.092 [Jetty (JavaNetReverseProxy)-97] DEBUG org.eclipse.jetty.util.thread.strategy.EatWhatYouKill -- EatWhatYouKill@2e3d0917/SelectorProducer@7dee3c06/IDLE/p=false/QueuedThreadPool[Jetty (JavaNetReverseProxy)]@74a1f148{STARTED,8<=8<=200,i=0,r=-1,q=0}[ReservedThreadExecutor@2479549{reserved=0/16,pending=0}][pc=0,pic=0,pec=0,epc=0]@2024-10-22T18:14:21.092523+05:30 tryProduce false
18:14:21.092 [Jetty (JavaNetReverseProxy)-97] DEBUG org.eclipse.jetty.io.ManagedSelector -- updateable 1
18:14:21.092 [Jetty (JavaNetReverseProxy)-97] DEBUG org.eclipse.jetty.io.ManagedSelector -- update org.eclipse.jetty.io.ManagedSelector$Start@788b1722
18:14:21.092 [Jetty (JavaNetReverseProxy)-97] DEBUG org.eclipse.jetty.io.ManagedSelector -- updates 0
18:14:21.092 [Jetty (JavaNetReverseProxy)-97] DEBUG org.eclipse.jetty.io.ManagedSelector -- Selector sun.nio.ch.KQueueSelectorImpl@2cfd6391 waiting with 0 keys
18:14:21.092 [Executing testGetSecretContextNullAndStoreContextNotNull(org.conjur.jenkins.conjursecrets.ConjurSecretCredentialImplTest)] DEBUG org.eclipse.jetty.util.component.AbstractLifeCycle -- STARTED @11650ms ManagedSelector@7f5c9484{STARTED} id=7 keys=0 selected=0 updates=0
18:14:21.092 [Executing testGetSecretContextNullAndStoreContextNotNull(org.conjur.jenkins.conjursecrets.ConjurSecretCredentialImplTest)] DEBUG org.eclipse.jetty.util.component.AbstractLifeCycle -- STARTED @11650ms SelectorManager@ServerConnector@1dbe1647{HTTP/1.1, (http/1.1)}{0.0.0.0:51415}
18:14:21.092 [Executing testGetSecretContextNullAndStoreContextNotNull(org.conjur.jenkins.conjursecrets.ConjurSecretCredentialImplTest)] DEBUG org.eclipse.jetty.util.component.ContainerLifeCycle -- ServerConnector@1dbe1647{HTTP/1.1, (http/1.1)}{0.0.0.0:51415} added {acceptor-0@4bc954ec,POJO}
18:14:21.092 [Executing testGetSecretContextNullAndStoreContextNotNull(org.conjur.jenkins.conjursecrets.ConjurSecretCredentialImplTest)] DEBUG org.eclipse.jetty.util.thread.QueuedThreadPool -- queue acceptor-0@4bc954ec startThread=1
18:14:21.092 [Executing testGetSecretContextNullAndStoreContextNotNull(org.conjur.jenkins.conjursecrets.ConjurSecretCredentialImplTest)] DEBUG org.eclipse.jetty.util.thread.QueuedThreadPool -- Starting Thread[Jetty (JavaNetReverseProxy)-99,5,main]
18:14:21.092 [Executing testGetSecretContextNullAndStoreContextNotNull(org.conjur.jenkins.conjursecrets.ConjurSecretCredentialImplTest)] DEBUG org.eclipse.jetty.util.component.ContainerLifeCycle -- ServerConnector@1dbe1647{HTTP/1.1, (http/1.1)}{0.0.0.0:51415} added {acceptor-1@5d7021f6,POJO}
18:14:21.093 [Executing testGetSecretContextNullAndStoreContextNotNull(org.conjur.jenkins.conjursecrets.ConjurSecretCredentialImplTest)] DEBUG org.eclipse.jetty.util.thread.QueuedThreadPool -- queue acceptor-1@5d7021f6 startThread=1
18:14:21.093 [Jetty (JavaNetReverseProxy)-99] DEBUG org.eclipse.jetty.util.thread.QueuedThreadPool -- Runner started for QueuedThreadPool[Jetty (JavaNetReverseProxy)]@74a1f148{STARTED,8<=10<=200,i=0,r=-1,q=0}[ReservedThreadExecutor@2479549{reserved=0/16,pending=0}]
18:14:21.093 [Executing testGetSecretContextNullAndStoreContextNotNull(org.conjur.jenkins.conjursecrets.ConjurSecretCredentialImplTest)] DEBUG org.eclipse.jetty.util.thread.QueuedThreadPool -- Starting Thread[Jetty (JavaNetReverseProxy)-100,5,main]
18:14:21.093 [Jetty (JavaNetReverseProxy)-99] DEBUG org.eclipse.jetty.util.thread.QueuedThreadPool -- run acceptor-0@4bc954ec in QueuedThreadPool[Jetty (JavaNetReverseProxy)]@74a1f148{STARTED,8<=10<=200,i=0,r=-1,q=0}[ReservedThreadExecutor@2479549{reserved=0/16,pending=0}]
18:14:21.093 [Executing testGetSecretContextNullAndStoreContextNotNull(org.conjur.jenkins.conjursecrets.ConjurSecretCredentialImplTest)] INFO org.eclipse.jetty.server.AbstractConnector -- Started ServerConnector@1dbe1647{HTTP/1.1, (http/1.1)}{0.0.0.0:51415}
18:14:21.093 [Executing testGetSecretContextNullAndStoreContextNotNull(org.conjur.jenkins.conjursecrets.ConjurSecretCredentialImplTest)] DEBUG org.eclipse.jetty.util.component.AbstractLifeCycle -- STARTED @11651ms ServerConnector@1dbe1647{HTTP/1.1, (http/1.1)}{0.0.0.0:51415}
18:14:21.093 [Executing testGetSecretContextNullAndStoreContextNotNull(org.conjur.jenkins.conjursecrets.ConjurSecretCredentialImplTest)] INFO org.eclipse.jetty.server.Server -- Started @11651ms
18:14:21.093 [Executing testGetSecretContextNullAndStoreContextNotNull(org.conjur.jenkins.conjursecrets.ConjurSecretCredentialImplTest)] DEBUG org.eclipse.jetty.util.component.AbstractLifeCycle -- STARTED @11651ms Server@4f60a332{STARTED}[9.4.48.v20220622]
18:14:21.093 [Jetty (JavaNetReverseProxy)-100] DEBUG org.eclipse.jetty.util.thread.QueuedThreadPool -- Runner started for QueuedThreadPool[Jetty (JavaNetReverseProxy)]@74a1f148{STARTED,8<=10<=200,i=0,r=-1,q=0}[ReservedThreadExecutor@2479549{reserved=0/16,pending=0}]
18:14:21.093 [Jetty (JavaNetReverseProxy)-100] DEBUG org.eclipse.jetty.util.thread.QueuedThreadPool -- run acceptor-1@5d7021f6 in QueuedThreadPool[Jetty (JavaNetReverseProxy)]@74a1f148{STARTED,8<=10<=200,i=0,r=-1,q=0}[ReservedThreadExecutor@2479549{reserved=0/16,pending=0}]
18:14:21.785 [Executing testGetSecretContextNullAndStoreContextNotNull(org.conjur.jenkins.conjursecrets.ConjurSecretCredentialImplTest)] DEBUG org.eclipse.jetty.util.component.AbstractLifeCycle -- stopping Server@3259505c{STARTED}[9.4.48.v20220622]
18:14:21.785 [Executing testGetSecretContextNullAndStoreContextNotNull(org.conjur.jenkins.conjursecrets.ConjurSecretCredentialImplTest)] DEBUG org.eclipse.jetty.server.Server -- doStop Server@3259505c{STOPPING}[9.4.48.v20220622]
18:14:21.789 [Jetty (JenkinsRule)-40] DEBUG org.eclipse.jetty.util.thread.QueuedThreadPool -- ran Jetty (JenkinsRule)-40-acceptor-1@2110c2c5-ServerConnector@74b501d4{HTTP/1.1, (http/1.1)}{localhost:51408} in QueuedThreadPool[Jetty (JenkinsRule)]@5e70539b{STARTED,8<=10<=200,i=0,r=-1,q=0}[ReservedThreadExecutor@26f5968{reserved=0/16,pending=0}]
18:14:21.789 [Jetty (JenkinsRule)-39] DEBUG org.eclipse.jetty.util.thread.QueuedThreadPool -- ran Jetty (JenkinsRule)-39-acceptor-0@6d5aaaf8-ServerConnector@74b501d4{HTTP/1.1, (http/1.1)}{localhost:51408} in QueuedThreadPool[Jetty (JenkinsRule)]@5e70539b{STARTED,8<=10<=200,i=0,r=-1,q=0}[ReservedThreadExecutor@26f5968{reserved=0/16,pending=0}]
18:14:21.791 [Executing testGetSecretContextNullAndStoreContextNotNull(org.conjur.jenkins.conjursecrets.ConjurSecretCredentialImplTest)] DEBUG org.eclipse.jetty.server.handler.AbstractHandlerContainer -- Graceful shutdown Server@3259505c{STOPPING}[9.4.48.v20220622] by 
18:14:21.792 [Executing testGetSecretContextNullAndStoreContextNotNull(org.conjur.jenkins.conjursecrets.ConjurSecretCredentialImplTest)] DEBUG org.eclipse.jetty.util.component.AbstractLifeCycle -- stopping ServerConnector@74b501d4{HTTP/1.1, (http/1.1)}{localhost:0}
18:14:21.792 [Executing testGetSecretContextNullAndStoreContextNotNull(org.conjur.jenkins.conjursecrets.ConjurSecretCredentialImplTest)] DEBUG org.eclipse.jetty.util.component.AbstractLifeCycle -- stopping SelectorManager@ServerConnector@74b501d4{HTTP/1.1, (http/1.1)}{localhost:0}
18:14:21.793 [Executing testGetSecretContextNullAndStoreContextNotNull(org.conjur.jenkins.conjursecrets.ConjurSecretCredentialImplTest)] DEBUG org.eclipse.jetty.util.component.AbstractLifeCycle -- stopping ManagedSelector@48cc120{STARTED} id=7 keys=0 selected=0 updates=0
18:14:21.795 [Executing testGetSecretContextNullAndStoreContextNotNull(org.conjur.jenkins.conjursecrets.ConjurSecretCredentialImplTest)] DEBUG org.eclipse.jetty.io.ManagedSelector -- Queued change lazy=false org.eclipse.jetty.io.ManagedSelector$CloseConnections@244dd666 on ManagedSelector@48cc120{STOPPING} id=7 keys=0 selected=0 updates=0
18:14:21.795 [Executing testGetSecretContextNullAndStoreContextNotNull(org.conjur.jenkins.conjursecrets.ConjurSecretCredentialImplTest)] DEBUG org.eclipse.jetty.io.ManagedSelector -- Wakeup on submit ManagedSelector@48cc120{STOPPING} id=7 keys=0 selected=0 updates=1
18:14:21.798 [Jetty (JenkinsRule)-37] DEBUG org.eclipse.jetty.io.ManagedSelector -- Selector sun.nio.ch.KQueueSelectorImpl@5d6914bb woken with none selected
18:14:21.798 [Jetty (JenkinsRule)-37] DEBUG org.eclipse.jetty.io.ManagedSelector -- Selector sun.nio.ch.KQueueSelectorImpl@5d6914bb woken up from select, 0/0/0 selected
18:14:21.798 [Jetty (JenkinsRule)-37] DEBUG org.eclipse.jetty.io.ManagedSelector -- Selector sun.nio.ch.KQueueSelectorImpl@5d6914bb processing 0 keys, 1 updates
18:14:21.798 [Jetty (JenkinsRule)-37] DEBUG org.eclipse.jetty.io.ManagedSelector -- updateable 1
18:14:21.798 [Jetty (JenkinsRule)-37] DEBUG org.eclipse.jetty.io.ManagedSelector -- update org.eclipse.jetty.io.ManagedSelector$CloseConnections@244dd666
18:14:21.799 [Jetty (JenkinsRule)-37] DEBUG org.eclipse.jetty.io.ManagedSelector -- Closing 0 connections on ManagedSelector@48cc120{STOPPING} id=7 keys=0 selected=0 updates=0
18:14:21.799 [Jetty (JenkinsRule)-37] DEBUG org.eclipse.jetty.io.ManagedSelector -- updates 0
18:14:21.799 [Jetty (JenkinsRule)-37] DEBUG org.eclipse.jetty.io.ManagedSelector -- Selector sun.nio.ch.KQueueSelectorImpl@5d6914bb waiting with 0 keys
18:14:21.800 [Executing testGetSecretContextNullAndStoreContextNotNull(org.conjur.jenkins.conjursecrets.ConjurSecretCredentialImplTest)] DEBUG org.eclipse.jetty.io.ManagedSelector -- Queued change lazy=false org.eclipse.jetty.io.ManagedSelector$StopSelector@3ca01ae5 on ManagedSelector@48cc120{STOPPING} id=7 keys=0 selected=0 updates=0
18:14:21.800 [Executing testGetSecretContextNullAndStoreContextNotNull(org.conjur.jenkins.conjursecrets.ConjurSecretCredentialImplTest)] DEBUG org.eclipse.jetty.io.ManagedSelector -- Wakeup on submit ManagedSelector@48cc120{STOPPING} id=7 keys=0 selected=0 updates=1
18:14:21.801 [Jetty (JenkinsRule)-37] DEBUG org.eclipse.jetty.io.ManagedSelector -- Selector sun.nio.ch.KQueueSelectorImpl@5d6914bb woken with none selected
18:14:21.801 [Jetty (JenkinsRule)-37] DEBUG org.eclipse.jetty.io.ManagedSelector -- Selector sun.nio.ch.KQueueSelectorImpl@5d6914bb woken up from select, 0/0/0 selected
18:14:21.801 [Jetty (JenkinsRule)-37] DEBUG org.eclipse.jetty.io.ManagedSelector -- Selector sun.nio.ch.KQueueSelectorImpl@5d6914bb processing 0 keys, 1 updates
18:14:21.801 [Jetty (JenkinsRule)-37] DEBUG org.eclipse.jetty.io.ManagedSelector -- updateable 1
18:14:21.802 [Jetty (JenkinsRule)-37] DEBUG org.eclipse.jetty.io.ManagedSelector -- update org.eclipse.jetty.io.ManagedSelector$StopSelector@3ca01ae5
18:14:21.804 [Jetty (JenkinsRule)-37] DEBUG org.eclipse.jetty.io.ManagedSelector -- updates 0
18:14:21.805 [Executing testGetSecretContextNullAndStoreContextNotNull(org.conjur.jenkins.conjursecrets.ConjurSecretCredentialImplTest)] DEBUG org.eclipse.jetty.util.component.AbstractLifeCycle -- stopping EatWhatYouKill@12d5e060/SelectorProducer@68abd18/PRODUCING/p=false/QueuedThreadPool[Jetty (JenkinsRule)]@5e70539b{STARTED,8<=10<=200,i=2,r=-1,q=0}[ReservedThreadExecutor@26f5968{reserved=0/16,pending=0}][pc=0,pic=0,pec=0,epc=0]@2024-10-22T18:14:21.804938+05:30
18:14:21.805 [Jetty (JenkinsRule)-37] DEBUG org.eclipse.jetty.util.thread.QueuedThreadPool -- ran org.eclipse.jetty.io.ManagedSelector$$Lambda$424/0x00000001333325e0@62b1bb5 in QueuedThreadPool[Jetty (JenkinsRule)]@5e70539b{STARTED,8<=10<=200,i=2,r=-1,q=0}[ReservedThreadExecutor@26f5968{reserved=0/16,pending=0}]
18:14:21.805 [Executing testGetSecretContextNullAndStoreContextNotNull(org.conjur.jenkins.conjursecrets.ConjurSecretCredentialImplTest)] DEBUG org.eclipse.jetty.util.component.AbstractLifeCycle -- STOPPED EatWhatYouKill@12d5e060/SelectorProducer@68abd18/IDLE/p=false/QueuedThreadPool[Jetty (JenkinsRule)]@5e70539b{STARTED,8<=10<=200,i=2,r=-1,q=0}[ReservedThreadExecutor@26f5968{reserved=0/16,pending=0}][pc=0,pic=0,pec=0,epc=0]@2024-10-22T18:14:21.805874+05:30
18:14:21.806 [Executing testGetSecretContextNullAndStoreContextNotNull(org.conjur.jenkins.conjursecrets.ConjurSecretCredentialImplTest)] DEBUG org.eclipse.jetty.util.component.AbstractLifeCycle -- STOPPED ManagedSelector@48cc120{STOPPED} id=7 keys=-1 selected=-1 updates=0
18:14:21.806 [Executing testGetSecretContextNullAndStoreContextNotNull(org.conjur.jenkins.conjursecrets.ConjurSecretCredentialImplTest)] DEBUG org.eclipse.jetty.util.component.AbstractLifeCycle -- stopping ManagedSelector@6bf7a6bd{STARTED} id=6 keys=0 selected=0 updates=0
18:14:21.807 [Executing testGetSecretContextNullAndStoreContextNotNull(org.conjur.jenkins.conjursecrets.ConjurSecretCredentialImplTest)] DEBUG org.eclipse.jetty.io.ManagedSelector -- Queued change lazy=false org.eclipse.jetty.io.ManagedSelector$CloseConnections@4d1de49 on ManagedSelector@6bf7a6bd{STOPPING} id=6 keys=0 selected=0 updates=0
18:14:21.807 [Executing testGetSecretContextNullAndStoreContextNotNull(org.conjur.jenkins.conjursecrets.ConjurSecretCredentialImplTest)] DEBUG org.eclipse.jetty.io.ManagedSelector -- Wakeup on submit ManagedSelector@6bf7a6bd{STOPPING} id=6 keys=0 selected=0 updates=1
18:14:21.807 [Jetty (JenkinsRule)-36] DEBUG org.eclipse.jetty.io.ManagedSelector -- Selector sun.nio.ch.KQueueSelectorImpl@2f0ecceb woken with none selected
18:14:21.808 [Jetty (JenkinsRule)-36] DEBUG org.eclipse.jetty.io.ManagedSelector -- Selector sun.nio.ch.KQueueSelectorImpl@2f0ecceb woken up from select, 0/0/0 selected
18:14:21.808 [Jetty (JenkinsRule)-36] DEBUG org.eclipse.jetty.io.ManagedSelector -- Selector sun.nio.ch.KQueueSelectorImpl@2f0ecceb processing 0 keys, 1 updates
18:14:21.808 [Jetty (JenkinsRule)-36] DEBUG org.eclipse.jetty.io.ManagedSelector -- updateable 1
18:14:21.808 [Jetty (JenkinsRule)-36] DEBUG org.eclipse.jetty.io.ManagedSelector -- update org.eclipse.jetty.io.ManagedSelector$CloseConnections@4d1de49
18:14:21.809 [Jetty (JenkinsRule)-36] DEBUG org.eclipse.jetty.io.ManagedSelector -- Closing 0 connections on ManagedSelector@6bf7a6bd{STOPPING} id=6 keys=0 selected=0 updates=0
18:14:21.809 [Jetty (JenkinsRule)-36] DEBUG org.eclipse.jetty.io.ManagedSelector -- updates 0
18:14:21.809 [Jetty (JenkinsRule)-36] DEBUG org.eclipse.jetty.io.ManagedSelector -- Selector sun.nio.ch.KQueueSelectorImpl@2f0ecceb waiting with 0 keys
18:14:21.809 [Executing testGetSecretContextNullAndStoreContextNotNull(org.conjur.jenkins.conjursecrets.ConjurSecretCredentialImplTest)] DEBUG org.eclipse.jetty.io.ManagedSelector -- Queued change lazy=false org.eclipse.jetty.io.ManagedSelector$StopSelector@4bb8b9fa on ManagedSelector@6bf7a6bd{STOPPING} id=6 keys=0 selected=0 updates=0
18:14:21.809 [Executing testGetSecretContextNullAndStoreContextNotNull(org.conjur.jenkins.conjursecrets.ConjurSecretCredentialImplTest)] DEBUG org.eclipse.jetty.io.ManagedSelector -- Wakeup on submit ManagedSelector@6bf7a6bd{STOPPING} id=6 keys=0 selected=0 updates=1
18:14:21.810 [Jetty (JenkinsRule)-36] DEBUG org.eclipse.jetty.io.ManagedSelector -- Selector sun.nio.ch.KQueueSelectorImpl@2f0ecceb woken with none selected
18:14:21.810 [Jetty (JenkinsRule)-36] DEBUG org.eclipse.jetty.io.ManagedSelector -- Selector sun.nio.ch.KQueueSelectorImpl@2f0ecceb woken up from select, 0/0/0 selected
18:14:21.810 [Jetty (JenkinsRule)-36] DEBUG org.eclipse.jetty.io.ManagedSelector -- Selector sun.nio.ch.KQueueSelectorImpl@2f0ecceb processing 0 keys, 1 updates
18:14:21.810 [Jetty (JenkinsRule)-36] DEBUG org.eclipse.jetty.io.ManagedSelector -- updateable 1
18:14:21.810 [Jetty (JenkinsRule)-36] DEBUG org.eclipse.jetty.io.ManagedSelector -- update org.eclipse.jetty.io.ManagedSelector$StopSelector@4bb8b9fa
18:14:21.810 [Jetty (JenkinsRule)-36] DEBUG org.eclipse.jetty.io.ManagedSelector -- updates 0
18:14:21.811 [Executing testGetSecretContextNullAndStoreContextNotNull(org.conjur.jenkins.conjursecrets.ConjurSecretCredentialImplTest)] DEBUG org.eclipse.jetty.util.component.AbstractLifeCycle -- stopping EatWhatYouKill@616eb4a6/SelectorProducer@21047011/PRODUCING/p=false/QueuedThreadPool[Jetty (JenkinsRule)]@5e70539b{STARTED,8<=10<=200,i=3,r=-1,q=0}[ReservedThreadExecutor@26f5968{reserved=0/16,pending=0}][pc=0,pic=0,pec=0,epc=0]@2024-10-22T18:14:21.811261+05:30
18:14:21.811 [Jetty (JenkinsRule)-36] DEBUG org.eclipse.jetty.util.thread.QueuedThreadPool -- ran org.eclipse.jetty.io.ManagedSelector$$Lambda$424/0x00000001333325e0@62f5daea in QueuedThreadPool[Jetty (JenkinsRule)]@5e70539b{STARTED,8<=10<=200,i=3,r=-1,q=0}[ReservedThreadExecutor@26f5968{reserved=0/16,pending=0}]
18:14:21.811 [Executing testGetSecretContextNullAndStoreContextNotNull(org.conjur.jenkins.conjursecrets.ConjurSecretCredentialImplTest)] DEBUG org.eclipse.jetty.util.component.AbstractLifeCycle -- STOPPED EatWhatYouKill@616eb4a6/SelectorProducer@21047011/IDLE/p=false/QueuedThreadPool[Jetty (JenkinsRule)]@5e70539b{STARTED,8<=10<=200,i=3,r=-1,q=0}[ReservedThreadExecutor@26f5968{reserved=0/16,pending=0}][pc=0,pic=0,pec=0,epc=0]@2024-10-22T18:14:21.811902+05:30
18:14:21.812 [Executing testGetSecretContextNullAndStoreContextNotNull(org.conjur.jenkins.conjursecrets.ConjurSecretCredentialImplTest)] DEBUG org.eclipse.jetty.util.component.AbstractLifeCycle -- STOPPED ManagedSelector@6bf7a6bd{STOPPED} id=6 keys=-1 selected=-1 updates=0
18:14:21.812 [Executing testGetSecretContextNullAndStoreContextNotNull(org.conjur.jenkins.conjursecrets.ConjurSecretCredentialImplTest)] DEBUG org.eclipse.jetty.util.component.AbstractLifeCycle -- stopping ManagedSelector@299a0833{STARTED} id=5 keys=0 selected=0 updates=0
18:14:21.813 [Executing testGetSecretContextNullAndStoreContextNotNull(org.conjur.jenkins.conjursecrets.ConjurSecretCredentialImplTest)] DEBUG org.eclipse.jetty.io.ManagedSelector -- Queued change lazy=false org.eclipse.jetty.io.ManagedSelector$CloseConnections@1d9ff58e on ManagedSelector@299a0833{STOPPING} id=5 keys=0 selected=0 updates=0
18:14:21.813 [Executing testGetSecretContextNullAndStoreContextNotNull(org.conjur.jenkins.conjursecrets.ConjurSecretCredentialImplTest)] DEBUG org.eclipse.jetty.io.ManagedSelector -- Wakeup on submit ManagedSelector@299a0833{STOPPING} id=5 keys=0 selected=0 updates=1
18:14:21.813 [Jetty (JenkinsRule)-35] DEBUG org.eclipse.jetty.io.ManagedSelector -- Selector sun.nio.ch.KQueueSelectorImpl@34511512 woken with none selected
18:14:21.813 [Jetty (JenkinsRule)-35] DEBUG org.eclipse.jetty.io.ManagedSelector -- Selector sun.nio.ch.KQueueSelectorImpl@34511512 woken up from select, 0/0/0 selected
18:14:21.814 [Jetty (JenkinsRule)-35] DEBUG org.eclipse.jetty.io.ManagedSelector -- Selector sun.nio.ch.KQueueSelectorImpl@34511512 processing 0 keys, 1 updates
18:14:21.814 [Jetty (JenkinsRule)-35] DEBUG org.eclipse.jetty.io.ManagedSelector -- updateable 1
18:14:21.814 [Jetty (JenkinsRule)-35] DEBUG org.eclipse.jetty.io.ManagedSelector -- update org.eclipse.jetty.io.ManagedSelector$CloseConnections@1d9ff58e
18:14:21.814 [Jetty (JenkinsRule)-35] DEBUG org.eclipse.jetty.io.ManagedSelector -- Closing 0 connections on ManagedSelector@299a0833{STOPPING} id=5 keys=0 selected=0 updates=0
18:14:21.814 [Jetty (JenkinsRule)-35] DEBUG org.eclipse.jetty.io.ManagedSelector -- updates 0
18:14:21.814 [Jetty (JenkinsRule)-35] DEBUG org.eclipse.jetty.io.ManagedSelector -- Selector sun.nio.ch.KQueueSelectorImpl@34511512 waiting with 0 keys
18:14:21.814 [Executing testGetSecretContextNullAndStoreContextNotNull(org.conjur.jenkins.conjursecrets.ConjurSecretCredentialImplTest)] DEBUG org.eclipse.jetty.io.ManagedSelector -- Queued change lazy=false org.eclipse.jetty.io.ManagedSelector$StopSelector@2154a3ea on ManagedSelector@299a0833{STOPPING} id=5 keys=0 selected=0 updates=0
18:14:21.815 [Executing testGetSecretContextNullAndStoreContextNotNull(org.conjur.jenkins.conjursecrets.ConjurSecretCredentialImplTest)] DEBUG org.eclipse.jetty.io.ManagedSelector -- Wakeup on submit ManagedSelector@299a0833{STOPPING} id=5 keys=0 selected=0 updates=1
18:14:21.815 [Jetty (JenkinsRule)-35] DEBUG org.eclipse.jetty.io.ManagedSelector -- Selector sun.nio.ch.KQueueSelectorImpl@34511512 woken with none selected
18:14:21.815 [Jetty (JenkinsRule)-35] DEBUG org.eclipse.jetty.io.ManagedSelector -- Selector sun.nio.ch.KQueueSelectorImpl@34511512 woken up from select, 0/0/0 selected
18:14:21.816 [Jetty (JenkinsRule)-35] DEBUG org.eclipse.jetty.io.ManagedSelector -- Selector sun.nio.ch.KQueueSelectorImpl@34511512 processing 0 keys, 1 updates
18:14:21.816 [Jetty (JenkinsRule)-35] DEBUG org.eclipse.jetty.io.ManagedSelector -- updateable 1
18:14:21.816 [Jetty (JenkinsRule)-35] DEBUG org.eclipse.jetty.io.ManagedSelector -- update org.eclipse.jetty.io.ManagedSelector$StopSelector@2154a3ea
18:14:21.816 [Jetty (JenkinsRule)-35] DEBUG org.eclipse.jetty.io.ManagedSelector -- updates 0
18:14:21.817 [Executing testGetSecretContextNullAndStoreContextNotNull(org.conjur.jenkins.conjursecrets.ConjurSecretCredentialImplTest)] DEBUG org.eclipse.jetty.util.component.AbstractLifeCycle -- stopping EatWhatYouKill@db9b268/SelectorProducer@58224377/PRODUCING/p=false/QueuedThreadPool[Jetty (JenkinsRule)]@5e70539b{STARTED,8<=10<=200,i=4,r=-1,q=0}[ReservedThreadExecutor@26f5968{reserved=0/16,pending=0}][pc=0,pic=0,pec=0,epc=0]@2024-10-22T18:14:21.816912+05:30
18:14:21.817 [Jetty (JenkinsRule)-35] DEBUG org.eclipse.jetty.util.thread.QueuedThreadPool -- ran org.eclipse.jetty.io.ManagedSelector$$Lambda$424/0x00000001333325e0@d5d646e in QueuedThreadPool[Jetty (JenkinsRule)]@5e70539b{STARTED,8<=10<=200,i=4,r=-1,q=0}[ReservedThreadExecutor@26f5968{reserved=0/16,pending=0}]
18:14:21.817 [Executing testGetSecretContextNullAndStoreContextNotNull(org.conjur.jenkins.conjursecrets.ConjurSecretCredentialImplTest)] DEBUG org.eclipse.jetty.util.component.AbstractLifeCycle -- STOPPED EatWhatYouKill@db9b268/SelectorProducer@58224377/IDLE/p=false/QueuedThreadPool[Jetty (JenkinsRule)]@5e70539b{STARTED,8<=10<=200,i=4,r=-1,q=0}[ReservedThreadExecutor@26f5968{reserved=0/16,pending=0}][pc=0,pic=0,pec=0,epc=0]@2024-10-22T18:14:21.817592+05:30
18:14:21.818 [Executing testGetSecretContextNullAndStoreContextNotNull(org.conjur.jenkins.conjursecrets.ConjurSecretCredentialImplTest)] DEBUG org.eclipse.jetty.util.component.AbstractLifeCycle -- STOPPED ManagedSelector@299a0833{STOPPED} id=5 keys=-1 selected=-1 updates=0
18:14:21.818 [Executing testGetSecretContextNullAndStoreContextNotNull(org.conjur.jenkins.conjursecrets.ConjurSecretCredentialImplTest)] DEBUG org.eclipse.jetty.util.component.AbstractLifeCycle -- stopping ManagedSelector@64d59d23{STARTED} id=4 keys=0 selected=0 updates=0
18:14:21.818 [Executing testGetSecretContextNullAndStoreContextNotNull(org.conjur.jenkins.conjursecrets.ConjurSecretCredentialImplTest)] DEBUG org.eclipse.jetty.io.ManagedSelector -- Queued change lazy=false org.eclipse.jetty.io.ManagedSelector$CloseConnections@2bfd121f on ManagedSelector@64d59d23{STOPPING} id=4 keys=0 selected=0 updates=0
18:14:21.818 [Executing testGetSecretContextNullAndStoreContextNotNull(org.conjur.jenkins.conjursecrets.ConjurSecretCredentialImplTest)] DEBUG org.eclipse.jetty.io.ManagedSelector -- Wakeup on submit ManagedSelector@64d59d23{STOPPING} id=4 keys=0 selected=0 updates=1
18:14:21.819 [Jetty (JenkinsRule)-34] DEBUG org.eclipse.jetty.io.ManagedSelector -- Selector sun.nio.ch.KQueueSelectorImpl@4ab2a92c woken with none selected
18:14:21.819 [Jetty (JenkinsRule)-34] DEBUG org.eclipse.jetty.io.ManagedSelector -- Selector sun.nio.ch.KQueueSelectorImpl@4ab2a92c woken up from select, 0/0/0 selected
18:14:21.819 [Jetty (JenkinsRule)-34] DEBUG org.eclipse.jetty.io.ManagedSelector -- Selector sun.nio.ch.KQueueSelectorImpl@4ab2a92c processing 0 keys, 1 updates
18:14:21.819 [Jetty (JenkinsRule)-34] DEBUG org.eclipse.jetty.io.ManagedSelector -- updateable 1
18:14:21.819 [Jetty (JenkinsRule)-34] DEBUG org.eclipse.jetty.io.ManagedSelector -- update org.eclipse.jetty.io.ManagedSelector$CloseConnections@2bfd121f
18:14:21.820 [Jetty (JenkinsRule)-34] DEBUG org.eclipse.jetty.io.ManagedSelector -- Closing 0 connections on ManagedSelector@64d59d23{STOPPING} id=4 keys=0 selected=0 updates=0
18:14:21.820 [Jetty (JenkinsRule)-34] DEBUG org.eclipse.jetty.io.ManagedSelector -- updates 0
18:14:21.820 [Jetty (JenkinsRule)-34] DEBUG org.eclipse.jetty.io.ManagedSelector -- Selector sun.nio.ch.KQueueSelectorImpl@4ab2a92c waiting with 0 keys
18:14:21.820 [Executing testGetSecretContextNullAndStoreContextNotNull(org.conjur.jenkins.conjursecrets.ConjurSecretCredentialImplTest)] DEBUG org.eclipse.jetty.io.ManagedSelector -- Queued change lazy=false org.eclipse.jetty.io.ManagedSelector$StopSelector@250419f3 on ManagedSelector@64d59d23{STOPPING} id=4 keys=0 selected=0 updates=0
18:14:21.820 [Executing testGetSecretContextNullAndStoreContextNotNull(org.conjur.jenkins.conjursecrets.ConjurSecretCredentialImplTest)] DEBUG org.eclipse.jetty.io.ManagedSelector -- Wakeup on submit ManagedSelector@64d59d23{STOPPING} id=4 keys=0 selected=0 updates=1
18:14:21.821 [Jetty (JenkinsRule)-34] DEBUG org.eclipse.jetty.io.ManagedSelector -- Selector sun.nio.ch.KQueueSelectorImpl@4ab2a92c woken with none selected
18:14:21.821 [Jetty (JenkinsRule)-34] DEBUG org.eclipse.jetty.io.ManagedSelector -- Selector sun.nio.ch.KQueueSelectorImpl@4ab2a92c woken up from select, 0/0/0 selected
18:14:21.821 [Jetty (JenkinsRule)-34] DEBUG org.eclipse.jetty.io.ManagedSelector -- Selector sun.nio.ch.KQueueSelectorImpl@4ab2a92c processing 0 keys, 1 updates
18:14:21.821 [Jetty (JenkinsRule)-34] DEBUG org.eclipse.jetty.io.ManagedSelector -- updateable 1
18:14:21.821 [Jetty (JenkinsRule)-34] DEBUG org.eclipse.jetty.io.ManagedSelector -- update org.eclipse.jetty.io.ManagedSelector$StopSelector@250419f3
18:14:21.821 [Jetty (JenkinsRule)-34] DEBUG org.eclipse.jetty.io.ManagedSelector -- updates 0
18:14:21.822 [Executing testGetSecretContextNullAndStoreContextNotNull(org.conjur.jenkins.conjursecrets.ConjurSecretCredentialImplTest)] DEBUG org.eclipse.jetty.util.component.AbstractLifeCycle -- stopping EatWhatYouKill@53a1e86/SelectorProducer@6fc3d159/PRODUCING/p=false/QueuedThreadPool[Jetty (JenkinsRule)]@5e70539b{STARTED,8<=10<=200,i=5,r=-1,q=0}[ReservedThreadExecutor@26f5968{reserved=0/16,pending=0}][pc=0,pic=0,pec=0,epc=0]@2024-10-22T18:14:21.822221+05:30
18:14:21.822 [Jetty (JenkinsRule)-34] DEBUG org.eclipse.jetty.util.thread.QueuedThreadPool -- ran org.eclipse.jetty.io.ManagedSelector$$Lambda$424/0x00000001333325e0@35a310f7 in QueuedThreadPool[Jetty (JenkinsRule)]@5e70539b{STARTED,8<=10<=200,i=5,r=-1,q=0}[ReservedThreadExecutor@26f5968{reserved=0/16,pending=0}]
18:14:21.822 [Executing testGetSecretContextNullAndStoreContextNotNull(org.conjur.jenkins.conjursecrets.ConjurSecretCredentialImplTest)] DEBUG org.eclipse.jetty.util.component.AbstractLifeCycle -- STOPPED EatWhatYouKill@53a1e86/SelectorProducer@6fc3d159/IDLE/p=false/QueuedThreadPool[Jetty (JenkinsRule)]@5e70539b{STARTED,8<=10<=200,i=5,r=-1,q=0}[ReservedThreadExecutor@26f5968{reserved=0/16,pending=0}][pc=0,pic=0,pec=0,epc=0]@2024-10-22T18:14:21.822852+05:30
18:14:21.823 [Executing testGetSecretContextNullAndStoreContextNotNull(org.conjur.jenkins.conjursecrets.ConjurSecretCredentialImplTest)] DEBUG org.eclipse.jetty.util.component.AbstractLifeCycle -- STOPPED ManagedSelector@64d59d23{STOPPED} id=4 keys=-1 selected=-1 updates=0
18:14:21.823 [Executing testGetSecretContextNullAndStoreContextNotNull(org.conjur.jenkins.conjursecrets.ConjurSecretCredentialImplTest)] DEBUG org.eclipse.jetty.util.component.AbstractLifeCycle -- stopping ManagedSelector@59761e77{STARTED} id=3 keys=0 selected=0 updates=0
18:14:21.823 [Executing testGetSecretContextNullAndStoreContextNotNull(org.conjur.jenkins.conjursecrets.ConjurSecretCredentialImplTest)] DEBUG org.eclipse.jetty.io.ManagedSelector -- Queued change lazy=false org.eclipse.jetty.io.ManagedSelector$CloseConnections@4755ab58 on ManagedSelector@59761e77{STOPPING} id=3 keys=0 selected=0 updates=0
18:14:21.824 [Executing testGetSecretContextNullAndStoreContextNotNull(org.conjur.jenkins.conjursecrets.ConjurSecretCredentialImplTest)] DEBUG org.eclipse.jetty.io.ManagedSelector -- Wakeup on submit ManagedSelector@59761e77{STOPPING} id=3 keys=0 selected=0 updates=1
18:14:21.824 [Jetty (JenkinsRule)-33] DEBUG org.eclipse.jetty.io.ManagedSelector -- Selector sun.nio.ch.KQueueSelectorImpl@65f223e4 woken with none selected
18:14:21.824 [Jetty (JenkinsRule)-33] DEBUG org.eclipse.jetty.io.ManagedSelector -- Selector sun.nio.ch.KQueueSelectorImpl@65f223e4 woken up from select, 0/0/0 selected
18:14:21.825 [Jetty (JenkinsRule)-33] DEBUG org.eclipse.jetty.io.ManagedSelector -- Selector sun.nio.ch.KQueueSelectorImpl@65f223e4 processing 0 keys, 1 updates
18:14:21.825 [Jetty (JenkinsRule)-33] DEBUG org.eclipse.jetty.io.ManagedSelector -- updateable 1
18:14:21.825 [Jetty (JenkinsRule)-33] DEBUG org.eclipse.jetty.io.ManagedSelector -- update org.eclipse.jetty.io.ManagedSelector$CloseConnections@4755ab58
18:14:21.825 [Jetty (JenkinsRule)-33] DEBUG org.eclipse.jetty.io.ManagedSelector -- Closing 0 connections on ManagedSelector@59761e77{STOPPING} id=3 keys=0 selected=0 updates=0
18:14:21.825 [Jetty (JenkinsRule)-33] DEBUG org.eclipse.jetty.io.ManagedSelector -- updates 0
18:14:21.825 [Jetty (JenkinsRule)-33] DEBUG org.eclipse.jetty.io.ManagedSelector -- Selector sun.nio.ch.KQueueSelectorImpl@65f223e4 waiting with 0 keys
18:14:21.825 [Executing testGetSecretContextNullAndStoreContextNotNull(org.conjur.jenkins.conjursecrets.ConjurSecretCredentialImplTest)] DEBUG org.eclipse.jetty.io.ManagedSelector -- Queued change lazy=false org.eclipse.jetty.io.ManagedSelector$StopSelector@439a1bab on ManagedSelector@59761e77{STOPPING} id=3 keys=0 selected=0 updates=0
18:14:21.826 [Executing testGetSecretContextNullAndStoreContextNotNull(org.conjur.jenkins.conjursecrets.ConjurSecretCredentialImplTest)] DEBUG org.eclipse.jetty.io.ManagedSelector -- Wakeup on submit ManagedSelector@59761e77{STOPPING} id=3 keys=0 selected=0 updates=1
18:14:21.826 [Jetty (JenkinsRule)-33] DEBUG org.eclipse.jetty.io.ManagedSelector -- Selector sun.nio.ch.KQueueSelectorImpl@65f223e4 woken with none selected
18:14:21.826 [Jetty (JenkinsRule)-33] DEBUG org.eclipse.jetty.io.ManagedSelector -- Selector sun.nio.ch.KQueueSelectorImpl@65f223e4 woken up from select, 0/0/0 selected
18:14:21.827 [Jetty (JenkinsRule)-33] DEBUG org.eclipse.jetty.io.ManagedSelector -- Selector sun.nio.ch.KQueueSelectorImpl@65f223e4 processing 0 keys, 1 updates
18:14:21.827 [Jetty (JenkinsRule)-33] DEBUG org.eclipse.jetty.io.ManagedSelector -- updateable 1
18:14:21.827 [Jetty (JenkinsRule)-33] DEBUG org.eclipse.jetty.io.ManagedSelector -- update org.eclipse.jetty.io.ManagedSelector$StopSelector@439a1bab
18:14:21.827 [Jetty (JenkinsRule)-33] DEBUG org.eclipse.jetty.io.ManagedSelector -- updates 0
18:14:21.827 [Executing testGetSecretContextNullAndStoreContextNotNull(org.conjur.jenkins.conjursecrets.ConjurSecretCredentialImplTest)] DEBUG org.eclipse.jetty.util.component.AbstractLifeCycle -- stopping EatWhatYouKill@7df2ec34/SelectorProducer@767fbc4e/PRODUCING/p=false/QueuedThreadPool[Jetty (JenkinsRule)]@5e70539b{STARTED,8<=10<=200,i=6,r=-1,q=0}[ReservedThreadExecutor@26f5968{reserved=0/16,pending=0}][pc=0,pic=0,pec=0,epc=0]@2024-10-22T18:14:21.827863+05:30
18:14:21.828 [Jetty (JenkinsRule)-33] DEBUG org.eclipse.jetty.util.thread.QueuedThreadPool -- ran org.eclipse.jetty.io.ManagedSelector$$Lambda$424/0x00000001333325e0@313b2655 in QueuedThreadPool[Jetty (JenkinsRule)]@5e70539b{STARTED,8<=10<=200,i=6,r=-1,q=0}[ReservedThreadExecutor@26f5968{reserved=0/16,pending=0}]
18:14:21.828 [Executing testGetSecretContextNullAndStoreContextNotNull(org.conjur.jenkins.conjursecrets.ConjurSecretCredentialImplTest)] DEBUG org.eclipse.jetty.util.component.AbstractLifeCycle -- STOPPED EatWhatYouKill@7df2ec34/SelectorProducer@767fbc4e/IDLE/p=false/QueuedThreadPool[Jetty (JenkinsRule)]@5e70539b{STARTED,8<=10<=200,i=6,r=-1,q=0}[ReservedThreadExecutor@26f5968{reserved=0/16,pending=0}][pc=0,pic=0,pec=0,epc=0]@2024-10-22T18:14:21.828453+05:30
18:14:21.828 [Executing testGetSecretContextNullAndStoreContextNotNull(org.conjur.jenkins.conjursecrets.ConjurSecretCredentialImplTest)] DEBUG org.eclipse.jetty.util.component.AbstractLifeCycle -- STOPPED ManagedSelector@59761e77{STOPPED} id=3 keys=-1 selected=-1 updates=0
18:14:21.829 [Executing testGetSecretContextNullAndStoreContextNotNull(org.conjur.jenkins.conjursecrets.ConjurSecretCredentialImplTest)] DEBUG org.eclipse.jetty.util.component.AbstractLifeCycle -- stopping ManagedSelector@94abb44{STARTED} id=2 keys=0 selected=0 updates=0
18:14:21.829 [Executing testGetSecretContextNullAndStoreContextNotNull(org.conjur.jenkins.conjursecrets.ConjurSecretCredentialImplTest)] DEBUG org.eclipse.jetty.io.ManagedSelector -- Queued change lazy=false org.eclipse.jetty.io.ManagedSelector$CloseConnections@b4842d on ManagedSelector@94abb44{STOPPING} id=2 keys=0 selected=0 updates=0
18:14:21.829 [Executing testGetSecretContextNullAndStoreContextNotNull(org.conjur.jenkins.conjursecrets.ConjurSecretCredentialImplTest)] DEBUG org.eclipse.jetty.io.ManagedSelector -- Wakeup on submit ManagedSelector@94abb44{STOPPING} id=2 keys=0 selected=0 updates=1
18:14:21.830 [Jetty (JenkinsRule)-32] DEBUG org.eclipse.jetty.io.ManagedSelector -- Selector sun.nio.ch.KQueueSelectorImpl@13799708 woken with none selected
18:14:21.830 [Jetty (JenkinsRule)-32] DEBUG org.eclipse.jetty.io.ManagedSelector -- Selector sun.nio.ch.KQueueSelectorImpl@13799708 woken up from select, 0/0/0 selected
18:14:21.830 [Jetty (JenkinsRule)-32] DEBUG org.eclipse.jetty.io.ManagedSelector -- Selector sun.nio.ch.KQueueSelectorImpl@13799708 processing 0 keys, 1 updates
18:14:21.830 [Jetty (JenkinsRule)-32] DEBUG org.eclipse.jetty.io.ManagedSelector -- updateable 1
18:14:21.830 [Jetty (JenkinsRule)-32] DEBUG org.eclipse.jetty.io.ManagedSelector -- update org.eclipse.jetty.io.ManagedSelector$CloseConnections@b4842d
18:14:21.831 [Jetty (JenkinsRule)-32] DEBUG org.eclipse.jetty.io.ManagedSelector -- Closing 0 connections on ManagedSelector@94abb44{STOPPING} id=2 keys=0 selected=0 updates=0
18:14:21.831 [Jetty (JenkinsRule)-32] DEBUG org.eclipse.jetty.io.ManagedSelector -- updates 0
18:14:21.831 [Executing testGetSecretContextNullAndStoreContextNotNull(org.conjur.jenkins.conjursecrets.ConjurSecretCredentialImplTest)] DEBUG org.eclipse.jetty.io.ManagedSelector -- Queued change lazy=false org.eclipse.jetty.io.ManagedSelector$StopSelector@57ade49 on ManagedSelector@94abb44{STOPPING} id=2 keys=0 selected=0 updates=0
18:14:21.831 [Jetty (JenkinsRule)-32] DEBUG org.eclipse.jetty.io.ManagedSelector -- Selector sun.nio.ch.KQueueSelectorImpl@13799708 waiting with 0 keys
18:14:21.831 [Executing testGetSecretContextNullAndStoreContextNotNull(org.conjur.jenkins.conjursecrets.ConjurSecretCredentialImplTest)] DEBUG org.eclipse.jetty.io.ManagedSelector -- Wakeup on submit ManagedSelector@94abb44{STOPPING} id=2 keys=0 selected=0 updates=1
18:14:21.832 [Jetty (JenkinsRule)-32] DEBUG org.eclipse.jetty.io.ManagedSelector -- Selector sun.nio.ch.KQueueSelectorImpl@13799708 woken with none selected
18:14:21.832 [Jetty (JenkinsRule)-32] DEBUG org.eclipse.jetty.io.ManagedSelector -- Selector sun.nio.ch.KQueueSelectorImpl@13799708 woken up from select, 0/0/0 selected
18:14:21.832 [Jetty (JenkinsRule)-32] DEBUG org.eclipse.jetty.io.ManagedSelector -- Selector sun.nio.ch.KQueueSelectorImpl@13799708 processing 0 keys, 1 updates
18:14:21.832 [Jetty (JenkinsRule)-32] DEBUG org.eclipse.jetty.io.ManagedSelector -- updateable 1
18:14:21.832 [Jetty (JenkinsRule)-32] DEBUG org.eclipse.jetty.io.ManagedSelector -- update org.eclipse.jetty.io.ManagedSelector$StopSelector@57ade49
18:14:21.832 [Jetty (JenkinsRule)-32] DEBUG org.eclipse.jetty.io.ManagedSelector -- updates 0
18:14:21.833 [Executing testGetSecretContextNullAndStoreContextNotNull(org.conjur.jenkins.conjursecrets.ConjurSecretCredentialImplTest)] DEBUG org.eclipse.jetty.util.component.AbstractLifeCycle -- stopping EatWhatYouKill@5a0a218d/SelectorProducer@4756a7c/PRODUCING/p=false/QueuedThreadPool[Jetty (JenkinsRule)]@5e70539b{STARTED,8<=10<=200,i=7,r=-1,q=0}[ReservedThreadExecutor@26f5968{reserved=0/16,pending=0}][pc=0,pic=0,pec=0,epc=0]@2024-10-22T18:14:21.833146+05:30
18:14:21.833 [Jetty (JenkinsRule)-32] DEBUG org.eclipse.jetty.util.thread.QueuedThreadPool -- ran org.eclipse.jetty.io.ManagedSelector$$Lambda$424/0x00000001333325e0@11e1be7a in QueuedThreadPool[Jetty (JenkinsRule)]@5e70539b{STARTED,8<=10<=200,i=7,r=-1,q=0}[ReservedThreadExecutor@26f5968{reserved=0/16,pending=0}]
18:14:21.833 [Executing testGetSecretContextNullAndStoreContextNotNull(org.conjur.jenkins.conjursecrets.ConjurSecretCredentialImplTest)] DEBUG org.eclipse.jetty.util.component.AbstractLifeCycle -- STOPPED EatWhatYouKill@5a0a218d/SelectorProducer@4756a7c/IDLE/p=false/QueuedThreadPool[Jetty (JenkinsRule)]@5e70539b{STARTED,8<=10<=200,i=7,r=-1,q=0}[ReservedThreadExecutor@26f5968{reserved=0/16,pending=0}][pc=0,pic=0,pec=0,epc=0]@2024-10-22T18:14:21.833764+05:30
18:14:21.834 [Executing testGetSecretContextNullAndStoreContextNotNull(org.conjur.jenkins.conjursecrets.ConjurSecretCredentialImplTest)] DEBUG org.eclipse.jetty.util.component.AbstractLifeCycle -- STOPPED ManagedSelector@94abb44{STOPPED} id=2 keys=-1 selected=-1 updates=0
18:14:21.834 [Executing testGetSecretContextNullAndStoreContextNotNull(org.conjur.jenkins.conjursecrets.ConjurSecretCredentialImplTest)] DEBUG org.eclipse.jetty.util.component.AbstractLifeCycle -- stopping ManagedSelector@245a12d3{STARTED} id=1 keys=0 selected=0 updates=0
18:14:21.834 [Executing testGetSecretContextNullAndStoreContextNotNull(org.conjur.jenkins.conjursecrets.ConjurSecretCredentialImplTest)] DEBUG org.eclipse.jetty.io.ManagedSelector -- Queued change lazy=false org.eclipse.jetty.io.ManagedSelector$CloseConnections@6f9faad5 on ManagedSelector@245a12d3{STOPPING} id=1 keys=0 selected=0 updates=0
18:14:21.835 [Executing testGetSecretContextNullAndStoreContextNotNull(org.conjur.jenkins.conjursecrets.ConjurSecretCredentialImplTest)] DEBUG org.eclipse.jetty.io.ManagedSelector -- Wakeup on submit ManagedSelector@245a12d3{STOPPING} id=1 keys=0 selected=0 updates=1
18:14:21.835 [Jetty (JenkinsRule)-31] DEBUG org.eclipse.jetty.io.ManagedSelector -- Selector sun.nio.ch.KQueueSelectorImpl@1bdb48ca woken with none selected
18:14:21.835 [Jetty (JenkinsRule)-31] DEBUG org.eclipse.jetty.io.ManagedSelector -- Selector sun.nio.ch.KQueueSelectorImpl@1bdb48ca woken up from select, 0/0/0 selected
18:14:21.835 [Jetty (JenkinsRule)-31] DEBUG org.eclipse.jetty.io.ManagedSelector -- Selector sun.nio.ch.KQueueSelectorImpl@1bdb48ca processing 0 keys, 1 updates
18:14:21.835 [Jetty (JenkinsRule)-31] DEBUG org.eclipse.jetty.io.ManagedSelector -- updateable 1
18:14:21.836 [Jetty (JenkinsRule)-31] DEBUG org.eclipse.jetty.io.ManagedSelector -- update org.eclipse.jetty.io.ManagedSelector$CloseConnections@6f9faad5
18:14:21.836 [Jetty (JenkinsRule)-31] DEBUG org.eclipse.jetty.io.ManagedSelector -- Closing 0 connections on ManagedSelector@245a12d3{STOPPING} id=1 keys=0 selected=0 updates=0
18:14:21.836 [Jetty (JenkinsRule)-31] DEBUG org.eclipse.jetty.io.ManagedSelector -- updates 0
18:14:21.836 [Jetty (JenkinsRule)-31] DEBUG org.eclipse.jetty.io.ManagedSelector -- Selector sun.nio.ch.KQueueSelectorImpl@1bdb48ca waiting with 0 keys
18:14:21.836 [Executing testGetSecretContextNullAndStoreContextNotNull(org.conjur.jenkins.conjursecrets.ConjurSecretCredentialImplTest)] DEBUG org.eclipse.jetty.io.ManagedSelector -- Queued change lazy=false org.eclipse.jetty.io.ManagedSelector$StopSelector@7ccba3ce on ManagedSelector@245a12d3{STOPPING} id=1 keys=0 selected=0 updates=0
18:14:21.837 [Executing testGetSecretContextNullAndStoreContextNotNull(org.conjur.jenkins.conjursecrets.ConjurSecretCredentialImplTest)] DEBUG org.eclipse.jetty.io.ManagedSelector -- Wakeup on submit ManagedSelector@245a12d3{STOPPING} id=1 keys=0 selected=0 updates=1
18:14:21.837 [Jetty (JenkinsRule)-31] DEBUG org.eclipse.jetty.io.ManagedSelector -- Selector sun.nio.ch.KQueueSelectorImpl@1bdb48ca woken with none selected
18:14:21.837 [Jetty (JenkinsRule)-31] DEBUG org.eclipse.jetty.io.ManagedSelector -- Selector sun.nio.ch.KQueueSelectorImpl@1bdb48ca woken up from select, 0/0/0 selected
18:14:21.837 [Jetty (JenkinsRule)-31] DEBUG org.eclipse.jetty.io.ManagedSelector -- Selector sun.nio.ch.KQueueSelectorImpl@1bdb48ca processing 0 keys, 1 updates
18:14:21.837 [Jetty (JenkinsRule)-31] DEBUG org.eclipse.jetty.io.ManagedSelector -- updateable 1
18:14:21.838 [Jetty (JenkinsRule)-31] DEBUG org.eclipse.jetty.io.ManagedSelector -- update org.eclipse.jetty.io.ManagedSelector$StopSelector@7ccba3ce
18:14:21.838 [Jetty (JenkinsRule)-31] DEBUG org.eclipse.jetty.io.ManagedSelector -- updates 0
18:14:21.838 [Executing testGetSecretContextNullAndStoreContextNotNull(org.conjur.jenkins.conjursecrets.ConjurSecretCredentialImplTest)] DEBUG org.eclipse.jetty.util.component.AbstractLifeCycle -- stopping EatWhatYouKill@25ef79c1/SelectorProducer@4be8db45/PRODUCING/p=false/QueuedThreadPool[Jetty (JenkinsRule)]@5e70539b{STARTED,8<=10<=200,i=8,r=-1,q=0}[ReservedThreadExecutor@26f5968{reserved=0/16,pending=0}][pc=0,pic=0,pec=0,epc=0]@2024-10-22T18:14:21.838532+05:30
18:14:21.838 [Jetty (JenkinsRule)-31] DEBUG org.eclipse.jetty.util.thread.QueuedThreadPool -- ran org.eclipse.jetty.io.ManagedSelector$$Lambda$424/0x00000001333325e0@1302509d in QueuedThreadPool[Jetty (JenkinsRule)]@5e70539b{STARTED,8<=10<=200,i=8,r=-1,q=0}[ReservedThreadExecutor@26f5968{reserved=0/16,pending=0}]
18:14:21.839 [Executing testGetSecretContextNullAndStoreContextNotNull(org.conjur.jenkins.conjursecrets.ConjurSecretCredentialImplTest)] DEBUG org.eclipse.jetty.util.component.AbstractLifeCycle -- STOPPED EatWhatYouKill@25ef79c1/SelectorProducer@4be8db45/IDLE/p=false/QueuedThreadPool[Jetty (JenkinsRule)]@5e70539b{STARTED,8<=10<=200,i=8,r=-1,q=0}[ReservedThreadExecutor@26f5968{reserved=0/16,pending=0}][pc=0,pic=0,pec=0,epc=0]@2024-10-22T18:14:21.839112+05:30
18:14:21.839 [Executing testGetSecretContextNullAndStoreContextNotNull(org.conjur.jenkins.conjursecrets.ConjurSecretCredentialImplTest)] DEBUG org.eclipse.jetty.util.component.AbstractLifeCycle -- STOPPED ManagedSelector@245a12d3{STOPPED} id=1 keys=-1 selected=-1 updates=0
18:14:21.839 [Executing testGetSecretContextNullAndStoreContextNotNull(org.conjur.jenkins.conjursecrets.ConjurSecretCredentialImplTest)] DEBUG org.eclipse.jetty.util.component.AbstractLifeCycle -- stopping ManagedSelector@7960e9dc{STARTED} id=0 keys=0 selected=0 updates=0
18:14:21.840 [Executing testGetSecretContextNullAndStoreContextNotNull(org.conjur.jenkins.conjursecrets.ConjurSecretCredentialImplTest)] DEBUG org.eclipse.jetty.io.ManagedSelector -- Queued change lazy=false org.eclipse.jetty.io.ManagedSelector$CloseConnections@587ad596 on ManagedSelector@7960e9dc{STOPPING} id=0 keys=0 selected=0 updates=0
18:14:21.840 [Executing testGetSecretContextNullAndStoreContextNotNull(org.conjur.jenkins.conjursecrets.ConjurSecretCredentialImplTest)] DEBUG org.eclipse.jetty.io.ManagedSelector -- Wakeup on submit ManagedSelector@7960e9dc{STOPPING} id=0 keys=0 selected=0 updates=1
18:14:21.840 [Jetty (JenkinsRule)-30] DEBUG org.eclipse.jetty.io.ManagedSelector -- Selector sun.nio.ch.KQueueSelectorImpl@b1376e2 woken with none selected
18:14:21.841 [Jetty (JenkinsRule)-30] DEBUG org.eclipse.jetty.io.ManagedSelector -- Selector sun.nio.ch.KQueueSelectorImpl@b1376e2 woken up from select, 0/0/0 selected
18:14:21.841 [Jetty (JenkinsRule)-30] DEBUG org.eclipse.jetty.io.ManagedSelector -- Selector sun.nio.ch.KQueueSelectorImpl@b1376e2 processing 0 keys, 1 updates
18:14:21.841 [Jetty (JenkinsRule)-30] DEBUG org.eclipse.jetty.io.ManagedSelector -- updateable 1
18:14:21.841 [Jetty (JenkinsRule)-30] DEBUG org.eclipse.jetty.io.ManagedSelector -- update org.eclipse.jetty.io.ManagedSelector$CloseConnections@587ad596
18:14:21.842 [Jetty (JenkinsRule)-30] DEBUG org.eclipse.jetty.io.ManagedSelector -- Closing 0 connections on ManagedSelector@7960e9dc{STOPPING} id=0 keys=0 selected=0 updates=0
18:14:21.842 [Jetty (JenkinsRule)-30] DEBUG org.eclipse.jetty.io.ManagedSelector -- updates 0
18:14:21.842 [Jetty (JenkinsRule)-30] DEBUG org.eclipse.jetty.io.ManagedSelector -- Selector sun.nio.ch.KQueueSelectorImpl@b1376e2 waiting with 0 keys
18:14:21.842 [Executing testGetSecretContextNullAndStoreContextNotNull(org.conjur.jenkins.conjursecrets.ConjurSecretCredentialImplTest)] DEBUG org.eclipse.jetty.io.ManagedSelector -- Queued change lazy=false org.eclipse.jetty.io.ManagedSelector$StopSelector@ba1c046 on ManagedSelector@7960e9dc{STOPPING} id=0 keys=0 selected=0 updates=0
18:14:21.842 [Executing testGetSecretContextNullAndStoreContextNotNull(org.conjur.jenkins.conjursecrets.ConjurSecretCredentialImplTest)] DEBUG org.eclipse.jetty.io.ManagedSelector -- Wakeup on submit ManagedSelector@7960e9dc{STOPPING} id=0 keys=0 selected=0 updates=1
18:14:21.843 [Jetty (JenkinsRule)-30] DEBUG org.eclipse.jetty.io.ManagedSelector -- Selector sun.nio.ch.KQueueSelectorImpl@b1376e2 woken with none selected
18:14:21.843 [Jetty (JenkinsRule)-30] DEBUG org.eclipse.jetty.io.ManagedSelector -- Selector sun.nio.ch.KQueueSelectorImpl@b1376e2 woken up from select, 0/0/0 selected
18:14:21.843 [Jetty (JenkinsRule)-30] DEBUG org.eclipse.jetty.io.ManagedSelector -- Selector sun.nio.ch.KQueueSelectorImpl@b1376e2 processing 0 keys, 1 updates
18:14:21.843 [Jetty (JenkinsRule)-30] DEBUG org.eclipse.jetty.io.ManagedSelector -- updateable 1
18:14:21.843 [Jetty (JenkinsRule)-30] DEBUG org.eclipse.jetty.io.ManagedSelector -- update org.eclipse.jetty.io.ManagedSelector$StopSelector@ba1c046
18:14:21.844 [Jetty (JenkinsRule)-30] DEBUG org.eclipse.jetty.io.ManagedSelector -- updates 0
18:14:21.844 [Executing testGetSecretContextNullAndStoreContextNotNull(org.conjur.jenkins.conjursecrets.ConjurSecretCredentialImplTest)] DEBUG org.eclipse.jetty.util.component.AbstractLifeCycle -- stopping EatWhatYouKill@5d967ff6/SelectorProducer@5e362d76/PRODUCING/p=false/QueuedThreadPool[Jetty (JenkinsRule)]@5e70539b{STARTED,8<=10<=200,i=9,r=-1,q=0}[ReservedThreadExecutor@26f5968{reserved=0/16,pending=0}][pc=0,pic=0,pec=0,epc=0]@2024-10-22T18:14:21.844484+05:30
18:14:21.844 [Jetty (JenkinsRule)-30] DEBUG org.eclipse.jetty.util.thread.QueuedThreadPool -- ran org.eclipse.jetty.io.ManagedSelector$$Lambda$424/0x00000001333325e0@4a361e79 in QueuedThreadPool[Jetty (JenkinsRule)]@5e70539b{STARTED,8<=10<=200,i=9,r=-1,q=0}[ReservedThreadExecutor@26f5968{reserved=0/16,pending=0}]
18:14:21.845 [Executing testGetSecretContextNullAndStoreContextNotNull(org.conjur.jenkins.conjursecrets.ConjurSecretCredentialImplTest)] DEBUG org.eclipse.jetty.util.component.AbstractLifeCycle -- STOPPED EatWhatYouKill@5d967ff6/SelectorProducer@5e362d76/IDLE/p=false/QueuedThreadPool[Jetty (JenkinsRule)]@5e70539b{STARTED,8<=10<=200,i=9,r=-1,q=0}[ReservedThreadExecutor@26f5968{reserved=0/16,pending=0}][pc=0,pic=0,pec=0,epc=0]@2024-10-22T18:14:21.845084+05:30
18:14:21.845 [Executing testGetSecretContextNullAndStoreContextNotNull(org.conjur.jenkins.conjursecrets.ConjurSecretCredentialImplTest)] DEBUG org.eclipse.jetty.util.component.AbstractLifeCycle -- STOPPED ManagedSelector@7960e9dc{STOPPED} id=0 keys=-1 selected=-1 updates=0
18:14:21.846 [Executing testGetSecretContextNullAndStoreContextNotNull(org.conjur.jenkins.conjursecrets.ConjurSecretCredentialImplTest)] DEBUG org.eclipse.jetty.util.component.AbstractLifeCycle -- STOPPED SelectorManager@ServerConnector@74b501d4{HTTP/1.1, (http/1.1)}{localhost:0}
18:14:21.846 [Executing testGetSecretContextNullAndStoreContextNotNull(org.conjur.jenkins.conjursecrets.ConjurSecretCredentialImplTest)] DEBUG org.eclipse.jetty.util.component.AbstractLifeCycle -- stopping HttpConnectionFactory@4e963edd[HTTP/1.1]
18:14:21.846 [Executing testGetSecretContextNullAndStoreContextNotNull(org.conjur.jenkins.conjursecrets.ConjurSecretCredentialImplTest)] DEBUG org.eclipse.jetty.util.component.AbstractLifeCycle -- STOPPED HttpConnectionFactory@4e963edd[HTTP/1.1]
18:14:21.846 [Executing testGetSecretContextNullAndStoreContextNotNull(org.conjur.jenkins.conjursecrets.ConjurSecretCredentialImplTest)] DEBUG org.eclipse.jetty.util.component.AbstractLifeCycle -- stopping ScheduledExecutorScheduler@13ced960{STARTED}
18:14:21.847 [Executing testGetSecretContextNullAndStoreContextNotNull(org.conjur.jenkins.conjursecrets.ConjurSecretCredentialImplTest)] DEBUG org.eclipse.jetty.util.component.AbstractLifeCycle -- STOPPED ScheduledExecutorScheduler@13ced960{STOPPED}
18:14:21.847 [Executing testGetSecretContextNullAndStoreContextNotNull(org.conjur.jenkins.conjursecrets.ConjurSecretCredentialImplTest)] INFO org.eclipse.jetty.server.AbstractConnector -- Stopped ServerConnector@74b501d4{HTTP/1.1, (http/1.1)}{localhost:0}
18:14:21.847 [Executing testGetSecretContextNullAndStoreContextNotNull(org.conjur.jenkins.conjursecrets.ConjurSecretCredentialImplTest)] DEBUG org.eclipse.jetty.util.component.AbstractLifeCycle -- STOPPED ServerConnector@74b501d4{HTTP/1.1, (http/1.1)}{localhost:0}
18:14:21.848 [Executing testGetSecretContextNullAndStoreContextNotNull(org.conjur.jenkins.conjursecrets.ConjurSecretCredentialImplTest)] DEBUG org.eclipse.jetty.server.handler.AbstractHandler -- stopping Server@3259505c{STOPPING}[9.4.48.v20220622]
18:14:21.848 [Executing testGetSecretContextNullAndStoreContextNotNull(org.conjur.jenkins.conjursecrets.ConjurSecretCredentialImplTest)] DEBUG org.eclipse.jetty.util.component.AbstractLifeCycle -- stopping DefaultSessionIdManager@4684da71{STARTED}[worker=node0]
18:14:21.848 [Executing testGetSecretContextNullAndStoreContextNotNull(org.conjur.jenkins.conjursecrets.ConjurSecretCredentialImplTest)] DEBUG org.eclipse.jetty.util.component.AbstractLifeCycle -- stopping HouseKeeper@6448451{STARTED}[interval=600000, ownscheduler=true]
18:14:21.848 [Executing testGetSecretContextNullAndStoreContextNotNull(org.conjur.jenkins.conjursecrets.ConjurSecretCredentialImplTest)] INFO org.eclipse.jetty.server.session -- node0 Stopped scavenging
18:14:21.849 [Executing testGetSecretContextNullAndStoreContextNotNull(org.conjur.jenkins.conjursecrets.ConjurSecretCredentialImplTest)] DEBUG org.eclipse.jetty.util.component.AbstractLifeCycle -- stopping ScheduledExecutorScheduler@76efcc8f{STARTED}
18:14:21.849 [Executing testGetSecretContextNullAndStoreContextNotNull(org.conjur.jenkins.conjursecrets.ConjurSecretCredentialImplTest)] DEBUG org.eclipse.jetty.util.component.AbstractLifeCycle -- STOPPED ScheduledExecutorScheduler@76efcc8f{STOPPED}
18:14:21.849 [Executing testGetSecretContextNullAndStoreContextNotNull(org.conjur.jenkins.conjursecrets.ConjurSecretCredentialImplTest)] DEBUG org.eclipse.jetty.util.component.AbstractLifeCycle -- STOPPED HouseKeeper@6448451{STOPPED}[interval=600000, ownscheduler=false]
18:14:21.849 [Executing testGetSecretContextNullAndStoreContextNotNull(org.conjur.jenkins.conjursecrets.ConjurSecretCredentialImplTest)] DEBUG org.eclipse.jetty.util.component.AbstractLifeCycle -- STOPPED DefaultSessionIdManager@4684da71{STOPPED}[worker=node0]
18:14:21.849 [Executing testGetSecretContextNullAndStoreContextNotNull(org.conjur.jenkins.conjursecrets.ConjurSecretCredentialImplTest)] DEBUG org.eclipse.jetty.util.component.AbstractLifeCycle -- stopping ErrorHandler@3851823a{STARTED}
18:14:21.850 [Executing testGetSecretContextNullAndStoreContextNotNull(org.conjur.jenkins.conjursecrets.ConjurSecretCredentialImplTest)] DEBUG org.eclipse.jetty.server.handler.AbstractHandler -- stopping ErrorHandler@3851823a{STOPPING}
18:14:21.850 [Executing testGetSecretContextNullAndStoreContextNotNull(org.conjur.jenkins.conjursecrets.ConjurSecretCredentialImplTest)] DEBUG org.eclipse.jetty.util.component.AbstractLifeCycle -- STOPPED ErrorHandler@3851823a{STOPPED}
18:14:21.850 [Executing testGetSecretContextNullAndStoreContextNotNull(org.conjur.jenkins.conjursecrets.ConjurSecretCredentialImplTest)] DEBUG org.eclipse.jetty.util.component.AbstractLifeCycle -- stopping o.e.j.w.WebAppContext@2b4efaee{Jenkins v2.346.3,/jenkins,file:///Users/sameer.shaik/MyWorkSpace/17OctV2.2.3-New-BitBucketIssueFixed/conjur-credentials-plugin/target/jenkins-for-test/,SHUTDOWN}{/Users/sameer.shaik/MyWorkSpace/17OctV2.2.3-New-BitBucketIssueFixed/conjur-credentials-plugin/target/jenkins-for-test}
18:14:21.851 [Executing testGetSecretContextNullAndStoreContextNotNull(org.conjur.jenkins.conjursecrets.ConjurSecretCredentialImplTest)] DEBUG org.eclipse.jetty.server.handler.AbstractHandlerContainer -- Graceful shutdown o.e.j.w.WebAppContext@2b4efaee{Jenkins v2.346.3,/jenkins,file:///Users/sameer.shaik/MyWorkSpace/17OctV2.2.3-New-BitBucketIssueFixed/conjur-credentials-plugin/target/jenkins-for-test/,SHUTDOWN}{/Users/sameer.shaik/MyWorkSpace/17OctV2.2.3-New-BitBucketIssueFixed/conjur-credentials-plugin/target/jenkins-for-test} by 
18:14:21.851 [Executing testGetSecretContextNullAndStoreContextNotNull(org.conjur.jenkins.conjursecrets.ConjurSecretCredentialImplTest)] DEBUG org.eclipse.jetty.server.handler.AbstractHandler -- stopping o.e.j.w.WebAppContext@2b4efaee{Jenkins v2.346.3,/jenkins,file:///Users/sameer.shaik/MyWorkSpace/17OctV2.2.3-New-BitBucketIssueFixed/conjur-credentials-plugin/target/jenkins-for-test/,STOPPED}{/Users/sameer.shaik/MyWorkSpace/17OctV2.2.3-New-BitBucketIssueFixed/conjur-credentials-plugin/target/jenkins-for-test}
18:14:21.852 [Executing testGetSecretContextNullAndStoreContextNotNull(org.conjur.jenkins.conjursecrets.ConjurSecretCredentialImplTest)] DEBUG org.eclipse.jetty.util.component.AbstractLifeCycle -- stopping NoListenerConfiguration@1cfca08c{STARTED}
18:14:21.852 [Executing testGetSecretContextNullAndStoreContextNotNull(org.conjur.jenkins.conjursecrets.ConjurSecretCredentialImplTest)] DEBUG org.eclipse.jetty.util.component.AbstractLifeCycle -- STOPPED NoListenerConfiguration@1cfca08c{STOPPED}
18:14:21.852 [Executing testGetSecretContextNullAndStoreContextNotNull(org.conjur.jenkins.conjursecrets.ConjurSecretCredentialImplTest)] DEBUG org.eclipse.jetty.util.component.AbstractLifeCycle -- stopping ErrorPageErrorHandler@12a72b2c{STARTED}
18:14:21.852 [Executing testGetSecretContextNullAndStoreContextNotNull(org.conjur.jenkins.conjursecrets.ConjurSecretCredentialImplTest)] DEBUG org.eclipse.jetty.server.handler.AbstractHandler -- stopping ErrorPageErrorHandler@12a72b2c{STOPPING}
18:14:21.852 [Executing testGetSecretContextNullAndStoreContextNotNull(org.conjur.jenkins.conjursecrets.ConjurSecretCredentialImplTest)] DEBUG org.eclipse.jetty.util.component.AbstractLifeCycle -- STOPPED ErrorPageErrorHandler@12a72b2c{STOPPED}
18:14:21.853 [Executing testGetSecretContextNullAndStoreContextNotNull(org.conjur.jenkins.conjursecrets.ConjurSecretCredentialImplTest)] DEBUG org.eclipse.jetty.util.component.AbstractLifeCycle -- stopping org.eclipse.jetty.server.session.SessionHandler1448014294==dftMaxIdleSec=1800
18:14:21.853 [Executing testGetSecretContextNullAndStoreContextNotNull(org.conjur.jenkins.conjursecrets.ConjurSecretCredentialImplTest)] DEBUG org.eclipse.jetty.server.session -- Shutdown sessions, invalidating = false
18:14:21.853 [Executing testGetSecretContextNullAndStoreContextNotNull(org.conjur.jenkins.conjursecrets.ConjurSecretCredentialImplTest)] DEBUG org.eclipse.jetty.util.component.AbstractLifeCycle -- stopping org.eclipse.jetty.server.session.DefaultSessionCache@27543065[evict=-1,removeUnloadable=false,saveOnCreate=false,saveOnInactiveEvict=false]
18:14:21.854 [Executing testGetSecretContextNullAndStoreContextNotNull(org.conjur.jenkins.conjursecrets.ConjurSecretCredentialImplTest)] DEBUG org.eclipse.jetty.util.component.AbstractLifeCycle -- stopping org.eclipse.jetty.server.session.NullSessionDataStore@62e3e883[passivating=false,graceSec=3600]
18:14:21.854 [Executing testGetSecretContextNullAndStoreContextNotNull(org.conjur.jenkins.conjursecrets.ConjurSecretCredentialImplTest)] DEBUG org.eclipse.jetty.util.component.AbstractLifeCycle -- STOPPED org.eclipse.jetty.server.session.NullSessionDataStore@62e3e883[passivating=false,graceSec=3600]
18:14:21.854 [Executing testGetSecretContextNullAndStoreContextNotNull(org.conjur.jenkins.conjursecrets.ConjurSecretCredentialImplTest)] DEBUG org.eclipse.jetty.util.component.AbstractLifeCycle -- STOPPED org.eclipse.jetty.server.session.DefaultSessionCache@27543065[evict=-1,removeUnloadable=false,saveOnCreate=false,saveOnInactiveEvict=false]
18:14:21.855 [Executing testGetSecretContextNullAndStoreContextNotNull(org.conjur.jenkins.conjursecrets.ConjurSecretCredentialImplTest)] DEBUG org.eclipse.jetty.util.component.AbstractLifeCycle -- stopping ScheduledExecutorScheduler@8b8e6a9{STARTED}
18:14:21.855 [Executing testGetSecretContextNullAndStoreContextNotNull(org.conjur.jenkins.conjursecrets.ConjurSecretCredentialImplTest)] DEBUG org.eclipse.jetty.util.component.AbstractLifeCycle -- STOPPED ScheduledExecutorScheduler@8b8e6a9{STOPPED}
18:14:21.855 [Executing testGetSecretContextNullAndStoreContextNotNull(org.conjur.jenkins.conjursecrets.ConjurSecretCredentialImplTest)] DEBUG org.eclipse.jetty.server.handler.AbstractHandler -- stopping org.eclipse.jetty.server.session.SessionHandler1448014294==dftMaxIdleSec=1800
18:14:21.855 [Executing testGetSecretContextNullAndStoreContextNotNull(org.conjur.jenkins.conjursecrets.ConjurSecretCredentialImplTest)] DEBUG org.eclipse.jetty.util.component.AbstractLifeCycle -- stopping ConstraintSecurityHandler@33b3322a{STARTED}
18:14:21.855 [Executing testGetSecretContextNullAndStoreContextNotNull(org.conjur.jenkins.conjursecrets.ConjurSecretCredentialImplTest)] DEBUG org.eclipse.jetty.server.handler.AbstractHandler -- stopping ConstraintSecurityHandler@33b3322a{STOPPING}
18:14:21.856 [Executing testGetSecretContextNullAndStoreContextNotNull(org.conjur.jenkins.conjursecrets.ConjurSecretCredentialImplTest)] DEBUG org.eclipse.jetty.util.component.AbstractLifeCycle -- stopping HashLoginService@1a7fc9b[default]
18:14:21.856 [Executing testGetSecretContextNullAndStoreContextNotNull(org.conjur.jenkins.conjursecrets.ConjurSecretCredentialImplTest)] DEBUG org.eclipse.jetty.util.component.AbstractLifeCycle -- stopping UserStore@34e61a72{STARTED}
18:14:21.856 [Executing testGetSecretContextNullAndStoreContextNotNull(org.conjur.jenkins.conjursecrets.ConjurSecretCredentialImplTest)] DEBUG org.eclipse.jetty.util.component.AbstractLifeCycle -- STOPPED UserStore@34e61a72{STOPPED}
18:14:21.856 [Executing testGetSecretContextNullAndStoreContextNotNull(org.conjur.jenkins.conjursecrets.ConjurSecretCredentialImplTest)] DEBUG org.eclipse.jetty.util.component.AbstractLifeCycle -- STOPPED HashLoginService@1a7fc9b[default]
18:14:21.857 [Executing testGetSecretContextNullAndStoreContextNotNull(org.conjur.jenkins.conjursecrets.ConjurSecretCredentialImplTest)] DEBUG org.eclipse.jetty.util.component.AbstractLifeCycle -- stopping ServletHandler@dfb27b0{STARTED}
18:14:21.857 [Executing testGetSecretContextNullAndStoreContextNotNull(org.conjur.jenkins.conjursecrets.ConjurSecretCredentialImplTest)] DEBUG org.eclipse.jetty.server.handler.AbstractHandler -- stopping ServletHandler@dfb27b0{STOPPING}
18:14:21.857 [Executing testGetSecretContextNullAndStoreContextNotNull(org.conjur.jenkins.conjursecrets.ConjurSecretCredentialImplTest)] DEBUG org.eclipse.jetty.util.component.AbstractLifeCycle -- stopping plugins-filter==hudson.util.PluginServletFilter@146a7610{inst=true,async=true,src=DESCRIPTOR:file:///Users/sameer.shaik/MyWorkSpace/17OctV2.2.3-New-BitBucketIssueFixed/conjur-credentials-plugin/target/jenkins-for-test/WEB-INF/web.xml}
18:14:21.857 [Executing testGetSecretContextNullAndStoreContextNotNull(org.conjur.jenkins.conjursecrets.ConjurSecretCredentialImplTest)] DEBUG org.eclipse.jetty.util.component.AbstractLifeCycle -- STOPPED plugins-filter==hudson.util.PluginServletFilter@146a7610{inst=false,async=true,src=DESCRIPTOR:file:///Users/sameer.shaik/MyWorkSpace/17OctV2.2.3-New-BitBucketIssueFixed/conjur-credentials-plugin/target/jenkins-for-test/WEB-INF/web.xml}
18:14:21.858 [Executing testGetSecretContextNullAndStoreContextNotNull(org.conjur.jenkins.conjursecrets.ConjurSecretCredentialImplTest)] DEBUG org.eclipse.jetty.util.component.AbstractLifeCycle -- stopping csrf-filter==hudson.security.csrf.CrumbFilter@5d1b13d9{inst=true,async=true,src=DESCRIPTOR:file:///Users/sameer.shaik/MyWorkSpace/17OctV2.2.3-New-BitBucketIssueFixed/conjur-credentials-plugin/target/jenkins-for-test/WEB-INF/web.xml}
18:14:21.858 [Executing testGetSecretContextNullAndStoreContextNotNull(org.conjur.jenkins.conjursecrets.ConjurSecretCredentialImplTest)] DEBUG org.eclipse.jetty.util.component.AbstractLifeCycle -- STOPPED csrf-filter==hudson.security.csrf.CrumbFilter@5d1b13d9{inst=false,async=true,src=DESCRIPTOR:file:///Users/sameer.shaik/MyWorkSpace/17OctV2.2.3-New-BitBucketIssueFixed/conjur-credentials-plugin/target/jenkins-for-test/WEB-INF/web.xml}
18:14:21.859 [Executing testGetSecretContextNullAndStoreContextNotNull(org.conjur.jenkins.conjursecrets.ConjurSecretCredentialImplTest)] DEBUG org.eclipse.jetty.util.component.AbstractLifeCycle -- stopping authentication-filter==hudson.security.HudsonFilter@389d837b{inst=true,async=true,src=DESCRIPTOR:file:///Users/sameer.shaik/MyWorkSpace/17OctV2.2.3-New-BitBucketIssueFixed/conjur-credentials-plugin/target/jenkins-for-test/WEB-INF/web.xml}
18:14:21.859 [Executing testGetSecretContextNullAndStoreContextNotNull(org.conjur.jenkins.conjursecrets.ConjurSecretCredentialImplTest)] DEBUG org.eclipse.jetty.util.component.AbstractLifeCycle -- STOPPED authentication-filter==hudson.security.HudsonFilter@389d837b{inst=false,async=true,src=DESCRIPTOR:file:///Users/sameer.shaik/MyWorkSpace/17OctV2.2.3-New-BitBucketIssueFixed/conjur-credentials-plugin/target/jenkins-for-test/WEB-INF/web.xml}
18:14:21.859 [Executing testGetSecretContextNullAndStoreContextNotNull(org.conjur.jenkins.conjursecrets.ConjurSecretCredentialImplTest)] DEBUG org.eclipse.jetty.util.component.AbstractLifeCycle -- stopping compression-filter==org.kohsuke.stapler.compression.CompressionFilter@5f7ef79{inst=true,async=true,src=DESCRIPTOR:file:///Users/sameer.shaik/MyWorkSpace/17OctV2.2.3-New-BitBucketIssueFixed/conjur-credentials-plugin/target/jenkins-for-test/WEB-INF/web.xml}
18:14:21.860 [Executing testGetSecretContextNullAndStoreContextNotNull(org.conjur.jenkins.conjursecrets.ConjurSecretCredentialImplTest)] DEBUG org.eclipse.jetty.util.component.AbstractLifeCycle -- STOPPED compression-filter==org.kohsuke.stapler.compression.CompressionFilter@5f7ef79{inst=false,async=true,src=DESCRIPTOR:file:///Users/sameer.shaik/MyWorkSpace/17OctV2.2.3-New-BitBucketIssueFixed/conjur-credentials-plugin/target/jenkins-for-test/WEB-INF/web.xml}
18:14:21.860 [Executing testGetSecretContextNullAndStoreContextNotNull(org.conjur.jenkins.conjursecrets.ConjurSecretCredentialImplTest)] DEBUG org.eclipse.jetty.util.component.AbstractLifeCycle -- stopping encoding-filter==hudson.util.CharacterEncodingFilter@248da6ac{inst=true,async=true,src=DESCRIPTOR:file:///Users/sameer.shaik/MyWorkSpace/17OctV2.2.3-New-BitBucketIssueFixed/conjur-credentials-plugin/target/jenkins-for-test/WEB-INF/web.xml}
18:14:21.860 [Executing testGetSecretContextNullAndStoreContextNotNull(org.conjur.jenkins.conjursecrets.ConjurSecretCredentialImplTest)] DEBUG org.eclipse.jetty.util.component.AbstractLifeCycle -- STOPPED encoding-filter==hudson.util.CharacterEncodingFilter@248da6ac{inst=false,async=true,src=DESCRIPTOR:file:///Users/sameer.shaik/MyWorkSpace/17OctV2.2.3-New-BitBucketIssueFixed/conjur-credentials-plugin/target/jenkins-for-test/WEB-INF/web.xml}
18:14:21.861 [Executing testGetSecretContextNullAndStoreContextNotNull(org.conjur.jenkins.conjursecrets.ConjurSecretCredentialImplTest)] DEBUG org.eclipse.jetty.util.component.AbstractLifeCycle -- stopping diagnostic-name-filter==org.kohsuke.stapler.DiagnosticThreadNameFilter@6b81dc45{inst=true,async=true,src=DESCRIPTOR:file:///Users/sameer.shaik/MyWorkSpace/17OctV2.2.3-New-BitBucketIssueFixed/conjur-credentials-plugin/target/jenkins-for-test/WEB-INF/web.xml}
18:14:21.861 [Executing testGetSecretContextNullAndStoreContextNotNull(org.conjur.jenkins.conjursecrets.ConjurSecretCredentialImplTest)] DEBUG org.eclipse.jetty.util.component.AbstractLifeCycle -- STOPPED diagnostic-name-filter==org.kohsuke.stapler.DiagnosticThreadNameFilter@6b81dc45{inst=false,async=true,src=DESCRIPTOR:file:///Users/sameer.shaik/MyWorkSpace/17OctV2.2.3-New-BitBucketIssueFixed/conjur-credentials-plugin/target/jenkins-for-test/WEB-INF/web.xml}
18:14:21.861 [Executing testGetSecretContextNullAndStoreContextNotNull(org.conjur.jenkins.conjursecrets.ConjurSecretCredentialImplTest)] DEBUG org.eclipse.jetty.util.component.AbstractLifeCycle -- stopping suspicious-request-filter==jenkins.security.SuspiciousRequestFilter@654b0387{inst=true,async=true,src=DESCRIPTOR:file:///Users/sameer.shaik/MyWorkSpace/17OctV2.2.3-New-BitBucketIssueFixed/conjur-credentials-plugin/target/jenkins-for-test/WEB-INF/web.xml}
18:14:21.862 [Executing testGetSecretContextNullAndStoreContextNotNull(org.conjur.jenkins.conjursecrets.ConjurSecretCredentialImplTest)] DEBUG org.eclipse.jetty.util.component.AbstractLifeCycle -- STOPPED suspicious-request-filter==jenkins.security.SuspiciousRequestFilter@654b0387{inst=false,async=true,src=DESCRIPTOR:file:///Users/sameer.shaik/MyWorkSpace/17OctV2.2.3-New-BitBucketIssueFixed/conjur-credentials-plugin/target/jenkins-for-test/WEB-INF/web.xml}
18:14:21.862 [Executing testGetSecretContextNullAndStoreContextNotNull(org.conjur.jenkins.conjursecrets.ConjurSecretCredentialImplTest)] DEBUG org.eclipse.jetty.util.component.AbstractLifeCycle -- stopping Stapler==org.kohsuke.stapler.Stapler@f222d1a9{jsp=null,order=-1,inst=false,async=true,src=DESCRIPTOR:file:///Users/sameer.shaik/MyWorkSpace/17OctV2.2.3-New-BitBucketIssueFixed/conjur-credentials-plugin/target/jenkins-for-test/WEB-INF/web.xml,STARTED}
18:14:21.863 [Executing testGetSecretContextNullAndStoreContextNotNull(org.conjur.jenkins.conjursecrets.ConjurSecretCredentialImplTest)] DEBUG org.eclipse.jetty.util.component.AbstractLifeCycle -- STOPPED Stapler==org.kohsuke.stapler.Stapler@f222d1a9{jsp=null,order=-1,inst=false,async=true,src=DESCRIPTOR:file:///Users/sameer.shaik/MyWorkSpace/17OctV2.2.3-New-BitBucketIssueFixed/conjur-credentials-plugin/target/jenkins-for-test/WEB-INF/web.xml,STOPPED}
18:14:21.863 [Executing testGetSecretContextNullAndStoreContextNotNull(org.conjur.jenkins.conjursecrets.ConjurSecretCredentialImplTest)] DEBUG org.eclipse.jetty.util.component.AbstractLifeCycle -- stopping jsp==org.eclipse.jetty.servlet.NoJspServlet@19c47{jsp=null,order=0,inst=true,async=false,src=DESCRIPTOR:jar:file:/Users/sameer.shaik/.m2/repository/org/eclipse/jetty/jetty-webapp/9.4.48.v20220622/jetty-webapp-9.4.48.v20220622.jar!/org/eclipse/jetty/webapp/webdefault.xml,STARTED}
18:14:21.864 [Executing testGetSecretContextNullAndStoreContextNotNull(org.conjur.jenkins.conjursecrets.ConjurSecretCredentialImplTest)] DEBUG org.eclipse.jetty.util.component.AbstractLifeCycle -- STOPPED jsp==org.eclipse.jetty.servlet.NoJspServlet@19c47{jsp=null,order=0,inst=false,async=false,src=DESCRIPTOR:jar:file:/Users/sameer.shaik/.m2/repository/org/eclipse/jetty/jetty-webapp/9.4.48.v20220622/jetty-webapp-9.4.48.v20220622.jar!/org/eclipse/jetty/webapp/webdefault.xml,STOPPED}
18:14:21.864 [Executing testGetSecretContextNullAndStoreContextNotNull(org.conjur.jenkins.conjursecrets.ConjurSecretCredentialImplTest)] DEBUG org.eclipse.jetty.util.component.AbstractLifeCycle -- stopping default==org.eclipse.jetty.servlet.DefaultServlet@5c13d641{jsp=null,order=0,inst=true,async=false,src=DESCRIPTOR:jar:file:/Users/sameer.shaik/.m2/repository/org/eclipse/jetty/jetty-webapp/9.4.48.v20220622/jetty-webapp-9.4.48.v20220622.jar!/org/eclipse/jetty/webapp/webdefault.xml,STARTED}
18:14:21.864 [Executing testGetSecretContextNullAndStoreContextNotNull(org.conjur.jenkins.conjursecrets.ConjurSecretCredentialImplTest)] DEBUG org.eclipse.jetty.util.component.AbstractLifeCycle -- STOPPED default==org.eclipse.jetty.servlet.DefaultServlet@5c13d641{jsp=null,order=0,inst=false,async=false,src=DESCRIPTOR:jar:file:/Users/sameer.shaik/.m2/repository/org/eclipse/jetty/jetty-webapp/9.4.48.v20220622/jetty-webapp-9.4.48.v20220622.jar!/org/eclipse/jetty/webapp/webdefault.xml,STOPPED}
18:14:21.865 [Executing testGetSecretContextNullAndStoreContextNotNull(org.conjur.jenkins.conjursecrets.ConjurSecretCredentialImplTest)] DEBUG org.eclipse.jetty.server.handler.ContextHandler -- contextDestroyed: javax.servlet.ServletContextEvent[source=ServletContext@o.e.j.w.WebAppContext@2b4efaee{Jenkins v2.346.3,/jenkins,file:///Users/sameer.shaik/MyWorkSpace/17OctV2.2.3-New-BitBucketIssueFixed/conjur-credentials-plugin/target/jenkins-for-test/,STOPPED}{/Users/sameer.shaik/MyWorkSpace/17OctV2.2.3-New-BitBucketIssueFixed/conjur-credentials-plugin/target/jenkins-for-test}]->jenkins.util.SystemProperties$Listener@75f3e48a
18:14:21.865 [Executing testGetSecretContextNullAndStoreContextNotNull(org.conjur.jenkins.conjursecrets.ConjurSecretCredentialImplTest)] DEBUG org.eclipse.jetty.server.handler.ContextHandler -- contextDestroyed: javax.servlet.ServletContextEvent[source=ServletContext@o.e.j.w.WebAppContext@2b4efaee{Jenkins v2.346.3,/jenkins,file:///Users/sameer.shaik/MyWorkSpace/17OctV2.2.3-New-BitBucketIssueFixed/conjur-credentials-plugin/target/jenkins-for-test/,STOPPED}{/Users/sameer.shaik/MyWorkSpace/17OctV2.2.3-New-BitBucketIssueFixed/conjur-credentials-plugin/target/jenkins-for-test}]->org.eclipse.jetty.servlet.listener.IntrospectorCleaner@2706f108
18:14:21.866 [Executing testGetSecretContextNullAndStoreContextNotNull(org.conjur.jenkins.conjursecrets.ConjurSecretCredentialImplTest)] DEBUG org.eclipse.jetty.server.handler.ContextHandler -- contextDestroyed: javax.servlet.ServletContextEvent[source=ServletContext@o.e.j.w.WebAppContext@2b4efaee{Jenkins v2.346.3,/jenkins,file:///Users/sameer.shaik/MyWorkSpace/17OctV2.2.3-New-BitBucketIssueFixed/conjur-credentials-plugin/target/jenkins-for-test/,STOPPED}{/Users/sameer.shaik/MyWorkSpace/17OctV2.2.3-New-BitBucketIssueFixed/conjur-credentials-plugin/target/jenkins-for-test}]->org.eclipse.jetty.servlet.listener.ELContextCleaner@4958bee0
18:14:21.867 [Executing testGetSecretContextNullAndStoreContextNotNull(org.conjur.jenkins.conjursecrets.ConjurSecretCredentialImplTest)] DEBUG org.eclipse.jetty.util.component.AbstractLifeCycle -- stopping jenkins.JenkinsHttpSessionListener@4d6d96c2{src=DESCRIPTOR:file:///Users/sameer.shaik/MyWorkSpace/17OctV2.2.3-New-BitBucketIssueFixed/conjur-credentials-plugin/target/jenkins-for-test/WEB-INF/web.xml}
18:14:21.868 [Executing testGetSecretContextNullAndStoreContextNotNull(org.conjur.jenkins.conjursecrets.ConjurSecretCredentialImplTest)] DEBUG org.eclipse.jetty.util.component.AbstractLifeCycle -- STOPPED jenkins.JenkinsHttpSessionListener@4d6d96c2{src=DESCRIPTOR:file:///Users/sameer.shaik/MyWorkSpace/17OctV2.2.3-New-BitBucketIssueFixed/conjur-credentials-plugin/target/jenkins-for-test/WEB-INF/web.xml}
18:14:21.868 [Executing testGetSecretContextNullAndStoreContextNotNull(org.conjur.jenkins.conjursecrets.ConjurSecretCredentialImplTest)] DEBUG org.eclipse.jetty.util.component.AbstractLifeCycle -- stopping hudson.WebAppMain@7926ccbd{src=DESCRIPTOR:file:///Users/sameer.shaik/MyWorkSpace/17OctV2.2.3-New-BitBucketIssueFixed/conjur-credentials-plugin/target/jenkins-for-test/WEB-INF/web.xml}
18:14:21.868 [Executing testGetSecretContextNullAndStoreContextNotNull(org.conjur.jenkins.conjursecrets.ConjurSecretCredentialImplTest)] DEBUG org.eclipse.jetty.util.component.AbstractLifeCycle -- STOPPED hudson.WebAppMain@7926ccbd{src=DESCRIPTOR:file:///Users/sameer.shaik/MyWorkSpace/17OctV2.2.3-New-BitBucketIssueFixed/conjur-credentials-plugin/target/jenkins-for-test/WEB-INF/web.xml}
18:14:21.868 [Executing testGetSecretContextNullAndStoreContextNotNull(org.conjur.jenkins.conjursecrets.ConjurSecretCredentialImplTest)] DEBUG org.eclipse.jetty.util.component.AbstractLifeCycle -- stopping jenkins.util.SystemProperties$Listener@55fb77fc{src=DESCRIPTOR:file:///Users/sameer.shaik/MyWorkSpace/17OctV2.2.3-New-BitBucketIssueFixed/conjur-credentials-plugin/target/jenkins-for-test/WEB-INF/web.xml}
18:14:21.869 [Executing testGetSecretContextNullAndStoreContextNotNull(org.conjur.jenkins.conjursecrets.ConjurSecretCredentialImplTest)] DEBUG org.eclipse.jetty.util.component.AbstractLifeCycle -- STOPPED jenkins.util.SystemProperties$Listener@55fb77fc{src=DESCRIPTOR:file:///Users/sameer.shaik/MyWorkSpace/17OctV2.2.3-New-BitBucketIssueFixed/conjur-credentials-plugin/target/jenkins-for-test/WEB-INF/web.xml}
18:14:21.869 [Executing testGetSecretContextNullAndStoreContextNotNull(org.conjur.jenkins.conjursecrets.ConjurSecretCredentialImplTest)] DEBUG org.eclipse.jetty.util.component.AbstractLifeCycle -- stopping org.eclipse.jetty.servlet.listener.IntrospectorCleaner@352f867e{src=DESCRIPTOR:jar:file:/Users/sameer.shaik/.m2/repository/org/eclipse/jetty/jetty-webapp/9.4.48.v20220622/jetty-webapp-9.4.48.v20220622.jar!/org/eclipse/jetty/webapp/webdefault.xml}
18:14:21.869 [Executing testGetSecretContextNullAndStoreContextNotNull(org.conjur.jenkins.conjursecrets.ConjurSecretCredentialImplTest)] DEBUG org.eclipse.jetty.util.component.AbstractLifeCycle -- STOPPED org.eclipse.jetty.servlet.listener.IntrospectorCleaner@352f867e{src=DESCRIPTOR:jar:file:/Users/sameer.shaik/.m2/repository/org/eclipse/jetty/jetty-webapp/9.4.48.v20220622/jetty-webapp-9.4.48.v20220622.jar!/org/eclipse/jetty/webapp/webdefault.xml}
18:14:21.870 [Executing testGetSecretContextNullAndStoreContextNotNull(org.conjur.jenkins.conjursecrets.ConjurSecretCredentialImplTest)] DEBUG org.eclipse.jetty.util.component.AbstractLifeCycle -- stopping org.eclipse.jetty.servlet.listener.ELContextCleaner@169e9ac9{src=DESCRIPTOR:jar:file:/Users/sameer.shaik/.m2/repository/org/eclipse/jetty/jetty-webapp/9.4.48.v20220622/jetty-webapp-9.4.48.v20220622.jar!/org/eclipse/jetty/webapp/webdefault.xml}
18:14:21.870 [Executing testGetSecretContextNullAndStoreContextNotNull(org.conjur.jenkins.conjursecrets.ConjurSecretCredentialImplTest)] DEBUG org.eclipse.jetty.util.component.AbstractLifeCycle -- STOPPED org.eclipse.jetty.servlet.listener.ELContextCleaner@169e9ac9{src=DESCRIPTOR:jar:file:/Users/sameer.shaik/.m2/repository/org/eclipse/jetty/jetty-webapp/9.4.48.v20220622/jetty-webapp-9.4.48.v20220622.jar!/org/eclipse/jetty/webapp/webdefault.xml}
18:14:21.870 [Executing testGetSecretContextNullAndStoreContextNotNull(org.conjur.jenkins.conjursecrets.ConjurSecretCredentialImplTest)] DEBUG org.eclipse.jetty.util.component.AbstractLifeCycle -- STOPPED ServletHandler@dfb27b0{STOPPED}
18:14:21.871 [Executing testGetSecretContextNullAndStoreContextNotNull(org.conjur.jenkins.conjursecrets.ConjurSecretCredentialImplTest)] DEBUG org.eclipse.jetty.util.component.AbstractLifeCycle -- STOPPED ConstraintSecurityHandler@33b3322a{STOPPED}
18:14:21.871 [Executing testGetSecretContextNullAndStoreContextNotNull(org.conjur.jenkins.conjursecrets.ConjurSecretCredentialImplTest)] DEBUG org.eclipse.jetty.util.component.AbstractLifeCycle -- STOPPED org.eclipse.jetty.server.session.SessionHandler1448014294==dftMaxIdleSec=1800
18:14:21.871 [Executing testGetSecretContextNullAndStoreContextNotNull(org.conjur.jenkins.conjursecrets.ConjurSecretCredentialImplTest)] DEBUG org.eclipse.jetty.util.component.AbstractLifeCycle -- stopping SymlinkAllowedResourceAliasChecker@37f8e221{base=/Users/sameer.shaik/MyWorkSpace/17OctV2.2.3-New-BitBucketIssueFixed/conjur-credentials-plugin/target/jenkins-for-test,protected=[/WEB-INF, /META-INF]}
18:14:21.871 [Executing testGetSecretContextNullAndStoreContextNotNull(org.conjur.jenkins.conjursecrets.ConjurSecretCredentialImplTest)] DEBUG org.eclipse.jetty.util.component.AbstractLifeCycle -- STOPPED SymlinkAllowedResourceAliasChecker@37f8e221{base=null,protected=[/WEB-INF, /META-INF]}
18:14:21.872 [Executing testGetSecretContextNullAndStoreContextNotNull(org.conjur.jenkins.conjursecrets.ConjurSecretCredentialImplTest)] INFO org.eclipse.jetty.server.handler.ContextHandler -- Stopped o.e.j.w.WebAppContext@2b4efaee{Jenkins v2.346.3,/jenkins,file:///Users/sameer.shaik/MyWorkSpace/17OctV2.2.3-New-BitBucketIssueFixed/conjur-credentials-plugin/target/jenkins-for-test/,STOPPED}{/Users/sameer.shaik/MyWorkSpace/17OctV2.2.3-New-BitBucketIssueFixed/conjur-credentials-plugin/target/jenkins-for-test}
18:14:21.872 [Executing testGetSecretContextNullAndStoreContextNotNull(org.conjur.jenkins.conjursecrets.ConjurSecretCredentialImplTest)] DEBUG org.eclipse.jetty.util.component.AbstractLifeCycle -- STOPPED o.e.j.w.WebAppContext@2b4efaee{Jenkins v2.346.3,/jenkins,file:///Users/sameer.shaik/MyWorkSpace/17OctV2.2.3-New-BitBucketIssueFixed/conjur-credentials-plugin/target/jenkins-for-test/,STOPPED}{/Users/sameer.shaik/MyWorkSpace/17OctV2.2.3-New-BitBucketIssueFixed/conjur-credentials-plugin/target/jenkins-for-test}
18:14:21.872 [Executing testGetSecretContextNullAndStoreContextNotNull(org.conjur.jenkins.conjursecrets.ConjurSecretCredentialImplTest)] DEBUG org.eclipse.jetty.util.component.AbstractLifeCycle -- stopping QueuedThreadPool[Jetty (JenkinsRule)]@5e70539b{STARTED,8<=10<=200,i=10,r=-1,q=0}[ReservedThreadExecutor@26f5968{reserved=0/16,pending=0}]
18:14:21.873 [Executing testGetSecretContextNullAndStoreContextNotNull(org.conjur.jenkins.conjursecrets.ConjurSecretCredentialImplTest)] DEBUG org.eclipse.jetty.util.thread.QueuedThreadPool -- Stopping QueuedThreadPool[Jetty (JenkinsRule)]@5e70539b{STOPPING,8<=10<=200,i=10,r=-1,q=0}[ReservedThreadExecutor@26f5968{reserved=0/16,pending=0}]
18:14:21.873 [Executing testGetSecretContextNullAndStoreContextNotNull(org.conjur.jenkins.conjursecrets.ConjurSecretCredentialImplTest)] DEBUG org.eclipse.jetty.util.component.AbstractLifeCycle -- stopping ReservedThreadExecutor@26f5968{reserved=0/16,pending=0}
18:14:21.876 [Executing testGetSecretContextNullAndStoreContextNotNull(org.conjur.jenkins.conjursecrets.ConjurSecretCredentialImplTest)] DEBUG org.eclipse.jetty.util.component.AbstractLifeCycle -- STOPPED ReservedThreadExecutor@26f5968{reserved=-1/16,pending=0}
18:14:21.876 [Executing testGetSecretContextNullAndStoreContextNotNull(org.conjur.jenkins.conjursecrets.ConjurSecretCredentialImplTest)] DEBUG org.eclipse.jetty.util.thread.QueuedThreadPool -- Waiting for Thread[Jetty (JenkinsRule)-30,5,main] for 14999
18:14:21.876 [Jetty (JenkinsRule)-40] DEBUG org.eclipse.jetty.util.thread.QueuedThreadPool -- run org.eclipse.jetty.util.thread.QueuedThreadPool$$Lambda$384/0x00000001332e18f0@e0aef1f in QueuedThreadPool[Jetty (JenkinsRule)]@5e70539b{STOPPING,8<=0<=200,i=10,r=-1,q=0}[NO_TRY]
18:14:21.876 [Jetty (JenkinsRule)-31] DEBUG org.eclipse.jetty.util.thread.QueuedThreadPool -- run org.eclipse.jetty.util.thread.QueuedThreadPool$$Lambda$384/0x00000001332e18f0@e0aef1f in QueuedThreadPool[Jetty (JenkinsRule)]@5e70539b{STOPPING,8<=0<=200,i=10,r=-1,q=0}[NO_TRY]
18:14:21.876 [Jetty (JenkinsRule)-39] DEBUG org.eclipse.jetty.util.thread.QueuedThreadPool -- run org.eclipse.jetty.util.thread.QueuedThreadPool$$Lambda$384/0x00000001332e18f0@e0aef1f in QueuedThreadPool[Jetty (JenkinsRule)]@5e70539b{STOPPING,8<=0<=200,i=10,r=-1,q=0}[NO_TRY]
18:14:21.876 [Jetty (JenkinsRule)-37] DEBUG org.eclipse.jetty.util.thread.QueuedThreadPool -- run org.eclipse.jetty.util.thread.QueuedThreadPool$$Lambda$384/0x00000001332e18f0@e0aef1f in QueuedThreadPool[Jetty (JenkinsRule)]@5e70539b{STOPPING,8<=0<=200,i=10,r=-1,q=0}[NO_TRY]
18:14:21.876 [Jetty (JenkinsRule)-36] DEBUG org.eclipse.jetty.util.thread.QueuedThreadPool -- run org.eclipse.jetty.util.thread.QueuedThreadPool$$Lambda$384/0x00000001332e18f0@e0aef1f in QueuedThreadPool[Jetty (JenkinsRule)]@5e70539b{STOPPING,8<=0<=200,i=10,r=-1,q=0}[NO_TRY]
18:14:21.876 [Jetty (JenkinsRule)-35] DEBUG org.eclipse.jetty.util.thread.QueuedThreadPool -- run org.eclipse.jetty.util.thread.QueuedThreadPool$$Lambda$384/0x00000001332e18f0@e0aef1f in QueuedThreadPool[Jetty (JenkinsRule)]@5e70539b{STOPPING,8<=0<=200,i=10,r=-1,q=0}[NO_TRY]
18:14:21.876 [Jetty (JenkinsRule)-34] DEBUG org.eclipse.jetty.util.thread.QueuedThreadPool -- run org.eclipse.jetty.util.thread.QueuedThreadPool$$Lambda$384/0x00000001332e18f0@e0aef1f in QueuedThreadPool[Jetty (JenkinsRule)]@5e70539b{STOPPING,8<=0<=200,i=10,r=-1,q=0}[NO_TRY]
18:14:21.876 [Jetty (JenkinsRule)-32] DEBUG org.eclipse.jetty.util.thread.QueuedThreadPool -- run org.eclipse.jetty.util.thread.QueuedThreadPool$$Lambda$384/0x00000001332e18f0@e0aef1f in QueuedThreadPool[Jetty (JenkinsRule)]@5e70539b{STOPPING,8<=0<=200,i=10,r=-1,q=0}[NO_TRY]
18:14:21.876 [Jetty (JenkinsRule)-33] DEBUG org.eclipse.jetty.util.thread.QueuedThreadPool -- run org.eclipse.jetty.util.thread.QueuedThreadPool$$Lambda$384/0x00000001332e18f0@e0aef1f in QueuedThreadPool[Jetty (JenkinsRule)]@5e70539b{STOPPING,8<=0<=200,i=10,r=-1,q=0}[NO_TRY]
18:14:21.876 [Jetty (JenkinsRule)-30] DEBUG org.eclipse.jetty.util.thread.QueuedThreadPool -- run org.eclipse.jetty.util.thread.QueuedThreadPool$$Lambda$384/0x00000001332e18f0@e0aef1f in QueuedThreadPool[Jetty (JenkinsRule)]@5e70539b{STOPPING,8<=0<=200,i=10,r=-1,q=0}[NO_TRY]
18:14:21.876 [Jetty (JenkinsRule)-40] DEBUG org.eclipse.jetty.util.thread.QueuedThreadPool -- ran org.eclipse.jetty.util.thread.QueuedThreadPool$$Lambda$384/0x00000001332e18f0@e0aef1f in QueuedThreadPool[Jetty (JenkinsRule)]@5e70539b{STOPPING,8<=0<=200,i=10,r=-1,q=0}[NO_TRY]
18:14:21.877 [Jetty (JenkinsRule)-31] DEBUG org.eclipse.jetty.util.thread.QueuedThreadPool -- ran org.eclipse.jetty.util.thread.QueuedThreadPool$$Lambda$384/0x00000001332e18f0@e0aef1f in QueuedThreadPool[Jetty (JenkinsRule)]@5e70539b{STOPPING,8<=0<=200,i=10,r=-1,q=0}[NO_TRY]
18:14:21.877 [Jetty (JenkinsRule)-39] DEBUG org.eclipse.jetty.util.thread.QueuedThreadPool -- ran org.eclipse.jetty.util.thread.QueuedThreadPool$$Lambda$384/0x00000001332e18f0@e0aef1f in QueuedThreadPool[Jetty (JenkinsRule)]@5e70539b{STOPPING,8<=0<=200,i=10,r=-1,q=0}[NO_TRY]
18:14:21.877 [Jetty (JenkinsRule)-37] DEBUG org.eclipse.jetty.util.thread.QueuedThreadPool -- ran org.eclipse.jetty.util.thread.QueuedThreadPool$$Lambda$384/0x00000001332e18f0@e0aef1f in QueuedThreadPool[Jetty (JenkinsRule)]@5e70539b{STOPPING,8<=0<=200,i=10,r=-1,q=0}[NO_TRY]
18:14:21.877 [Jetty (JenkinsRule)-36] DEBUG org.eclipse.jetty.util.thread.QueuedThreadPool -- ran org.eclipse.jetty.util.thread.QueuedThreadPool$$Lambda$384/0x00000001332e18f0@e0aef1f in QueuedThreadPool[Jetty (JenkinsRule)]@5e70539b{STOPPING,8<=0<=200,i=10,r=-1,q=0}[NO_TRY]
18:14:21.877 [Jetty (JenkinsRule)-35] DEBUG org.eclipse.jetty.util.thread.QueuedThreadPool -- ran org.eclipse.jetty.util.thread.QueuedThreadPool$$Lambda$384/0x00000001332e18f0@e0aef1f in QueuedThreadPool[Jetty (JenkinsRule)]@5e70539b{STOPPING,8<=0<=200,i=10,r=-1,q=0}[NO_TRY]
18:14:21.878 [Jetty (JenkinsRule)-34] DEBUG org.eclipse.jetty.util.thread.QueuedThreadPool -- ran org.eclipse.jetty.util.thread.QueuedThreadPool$$Lambda$384/0x00000001332e18f0@e0aef1f in QueuedThreadPool[Jetty (JenkinsRule)]@5e70539b{STOPPING,8<=0<=200,i=10,r=-1,q=0}[NO_TRY]
18:14:21.878 [Jetty (JenkinsRule)-32] DEBUG org.eclipse.jetty.util.thread.QueuedThreadPool -- ran org.eclipse.jetty.util.thread.QueuedThreadPool$$Lambda$384/0x00000001332e18f0@e0aef1f in QueuedThreadPool[Jetty (JenkinsRule)]@5e70539b{STOPPING,8<=0<=200,i=10,r=-1,q=0}[NO_TRY]
18:14:21.878 [Jetty (JenkinsRule)-33] DEBUG org.eclipse.jetty.util.thread.QueuedThreadPool -- ran org.eclipse.jetty.util.thread.QueuedThreadPool$$Lambda$384/0x00000001332e18f0@e0aef1f in QueuedThreadPool[Jetty (JenkinsRule)]@5e70539b{STOPPING,8<=0<=200,i=10,r=-1,q=0}[NO_TRY]
18:14:21.878 [Jetty (JenkinsRule)-30] DEBUG org.eclipse.jetty.util.thread.QueuedThreadPool -- ran org.eclipse.jetty.util.thread.QueuedThreadPool$$Lambda$384/0x00000001332e18f0@e0aef1f in QueuedThreadPool[Jetty (JenkinsRule)]@5e70539b{STOPPING,8<=0<=200,i=10,r=-1,q=0}[NO_TRY]
18:14:21.878 [Jetty (JenkinsRule)-40] DEBUG org.eclipse.jetty.util.thread.QueuedThreadPool -- Thread[Jetty (JenkinsRule)-40,5,main] exited for QueuedThreadPool[Jetty (JenkinsRule)]@5e70539b{STOPPING,8<=0<=200,i=10,r=-1,q=0}[NO_TRY]
18:14:21.879 [Jetty (JenkinsRule)-31] DEBUG org.eclipse.jetty.util.thread.QueuedThreadPool -- Thread[Jetty (JenkinsRule)-31,5,main] exited for QueuedThreadPool[Jetty (JenkinsRule)]@5e70539b{STOPPING,8<=0<=200,i=10,r=-1,q=0}[NO_TRY]
18:14:21.879 [Jetty (JenkinsRule)-39] DEBUG org.eclipse.jetty.util.thread.QueuedThreadPool -- Thread[Jetty (JenkinsRule)-39,5,main] exited for QueuedThreadPool[Jetty (JenkinsRule)]@5e70539b{STOPPING,8<=0<=200,i=10,r=-1,q=0}[NO_TRY]
18:14:21.879 [Jetty (JenkinsRule)-37] DEBUG org.eclipse.jetty.util.thread.QueuedThreadPool -- Thread[Jetty (JenkinsRule)-37,5,main] exited for QueuedThreadPool[Jetty (JenkinsRule)]@5e70539b{STOPPING,8<=0<=200,i=10,r=-1,q=0}[NO_TRY]
18:14:21.879 [Jetty (JenkinsRule)-36] DEBUG org.eclipse.jetty.util.thread.QueuedThreadPool -- Thread[Jetty (JenkinsRule)-36,5,main] exited for QueuedThreadPool[Jetty (JenkinsRule)]@5e70539b{STOPPING,8<=0<=200,i=10,r=-1,q=0}[NO_TRY]
18:14:21.879 [Jetty (JenkinsRule)-35] DEBUG org.eclipse.jetty.util.thread.QueuedThreadPool -- Thread[Jetty (JenkinsRule)-35,5,main] exited for QueuedThreadPool[Jetty (JenkinsRule)]@5e70539b{STOPPING,8<=0<=200,i=10,r=-1,q=0}[NO_TRY]
18:14:21.880 [Jetty (JenkinsRule)-34] DEBUG org.eclipse.jetty.util.thread.QueuedThreadPool -- Thread[Jetty (JenkinsRule)-34,5,main] exited for QueuedThreadPool[Jetty (JenkinsRule)]@5e70539b{STOPPING,8<=0<=200,i=10,r=-1,q=0}[NO_TRY]
18:14:21.880 [Jetty (JenkinsRule)-32] DEBUG org.eclipse.jetty.util.thread.QueuedThreadPool -- Thread[Jetty (JenkinsRule)-32,5,main] exited for QueuedThreadPool[Jetty (JenkinsRule)]@5e70539b{STOPPING,8<=0<=200,i=10,r=-1,q=0}[NO_TRY]
18:14:21.880 [Jetty (JenkinsRule)-33] DEBUG org.eclipse.jetty.util.thread.QueuedThreadPool -- Thread[Jetty (JenkinsRule)-33,5,main] exited for QueuedThreadPool[Jetty (JenkinsRule)]@5e70539b{STOPPING,8<=0<=200,i=10,r=-1,q=0}[NO_TRY]
18:14:21.880 [Jetty (JenkinsRule)-30] DEBUG org.eclipse.jetty.util.thread.QueuedThreadPool -- Thread[Jetty (JenkinsRule)-30,5,main] exited for QueuedThreadPool[Jetty (JenkinsRule)]@5e70539b{STOPPING,8<=0<=200,i=10,r=-1,q=0}[NO_TRY]
18:14:21.882 [Executing testGetSecretContextNullAndStoreContextNotNull(org.conjur.jenkins.conjursecrets.ConjurSecretCredentialImplTest)] DEBUG org.eclipse.jetty.util.thread.QueuedThreadPool -- Waiting for Thread[Jetty (JenkinsRule)-36,5,] for 14993
18:14:21.882 [Executing testGetSecretContextNullAndStoreContextNotNull(org.conjur.jenkins.conjursecrets.ConjurSecretCredentialImplTest)] DEBUG org.eclipse.jetty.util.component.AbstractLifeCycle -- STOPPED QueuedThreadPool[Jetty (JenkinsRule)]@5e70539b{STOPPED,8<=0<=200,i=10,r=-1,q=0}[NO_TRY]
18:14:21.882 [Executing testGetSecretContextNullAndStoreContextNotNull(org.conjur.jenkins.conjursecrets.ConjurSecretCredentialImplTest)] DEBUG org.eclipse.jetty.util.component.AbstractLifeCycle -- STOPPED Server@3259505c{STOPPED}[9.4.48.v20220622]
]]></system-out>
    <system-err><![CDATA[   0.069 [id=29]	INFO	o.jvnet.hudson.test.WarExploder#explode: Picking up existing exploded jenkins.war at /Users/sameer.shaik/MyWorkSpace/17OctV2.2.3-New-BitBucketIssueFixed/conjur-credentials-plugin/target/jenkins-for-test
   0.342 [id=29]	INFO	o.jvnet.hudson.test.JenkinsRule#createWebServer: Running on http://localhost:51408/jenkins/
   0.730 [id=45]	INFO	jenkins.InitReactorRunner$1#onAttained: Started initialization
   1.676 [id=68]	INFO	hudson.PluginManager#considerDetachedPlugin: Loading a detached plugin as a dependency: /var/folders/7l/pdqsj03n6jsc22xd922cp7v40000gp/T/jenkins372756451287855147/plugins/javax-mail-api.jpi
   2.317 [id=74]	INFO	hudson.PluginManager#considerDetachedPlugin: Loading a detached plugin as a dependency: /var/folders/7l/pdqsj03n6jsc22xd922cp7v40000gp/T/jenkins372756451287855147/plugins/sshd.jpi
   6.066 [id=63]	INFO	hudson.PluginManager#considerDetachedPlugin: Loading a detached plugin as a dependency: /var/folders/7l/pdqsj03n6jsc22xd922cp7v40000gp/T/jenkins372756451287855147/plugins/bouncycastle-api.jpi
   6.268 [id=63]	INFO	hudson.PluginManager#considerDetachedPlugin: Loading a detached plugin as a dependency: /var/folders/7l/pdqsj03n6jsc22xd922cp7v40000gp/T/jenkins372756451287855147/plugins/command-launcher.jpi
   6.328 [id=63]	INFO	hudson.PluginManager#considerDetachedPlugin: Loading a detached plugin as a dependency: /var/folders/7l/pdqsj03n6jsc22xd922cp7v40000gp/T/jenkins372756451287855147/plugins/jdk-tool.jpi
   6.564 [id=63]	INFO	jenkins.InitReactorRunner$1#onAttained: Listed all plugins
   8.146 [id=56]	INFO	jenkins.InitReactorRunner$1#onAttained: Prepared all plugins
   8.152 [id=68]	INFO	jenkins.InitReactorRunner$1#onAttained: Started all plugins
   8.153 [id=65]	INFO	jenkins.InitReactorRunner$1#onAttained: Augmented all extensions
   8.983 [id=65]	INFO	jenkins.InitReactorRunner$1#onAttained: System config loaded
   8.984 [id=67]	INFO	jenkins.InitReactorRunner$1#onAttained: System config adapted
   8.984 [id=45]	INFO	jenkins.InitReactorRunner$1#onAttained: Loaded all jobs
   8.985 [id=45]	INFO	jenkins.InitReactorRunner$1#onAttained: Configuration for all jobs updated
   9.158 [id=60]	INFO	jenkins.InitReactorRunner$1#onAttained: Completed initialization
  10.056 [id=29]	INFO	hudson.lifecycle.Lifecycle#onStatusUpdate: Stopping Jenkins
  10.780 [id=29]	INFO	hudson.lifecycle.Lifecycle#onStatusUpdate: Jenkins stopped
]]></system-err>
  </testcase>
  <testcase name="testGetSecretContextNullAndStoreContextNull" classname="org.conjur.jenkins.conjursecrets.ConjurSecretCredentialImplTest" time="1.608">
    <system-out><![CDATA[=== Starting testGetSecretContextNullAndStoreContextNull(org.conjur.jenkins.conjursecrets.ConjurSecretCredentialImplTest)
18:14:22.694 [Executing testGetSecretContextNullAndStoreContextNull(org.conjur.jenkins.conjursecrets.ConjurSecretCredentialImplTest)] DEBUG org.eclipse.jetty.util.component.ContainerLifeCycle -- QueuedThreadPool[qtp1991513352]@76b41508{STOPPED,8<=0<=200,i=0,r=-1,q=0}[NO_TRY] added {org.eclipse.jetty.util.thread.ThreadPoolBudget@7873e5ae,POJO}
18:14:22.694 [Executing testGetSecretContextNullAndStoreContextNull(org.conjur.jenkins.conjursecrets.ConjurSecretCredentialImplTest)] DEBUG org.eclipse.jetty.util.component.ContainerLifeCycle -- Server@7c4c7e78{STOPPED}[9.4.48.v20220622] added {QueuedThreadPool[Jetty (JenkinsRule)]@76b41508{STOPPED,8<=0<=200,i=0,r=-1,q=0}[NO_TRY],AUTO}
18:14:22.694 [Executing testGetSecretContextNullAndStoreContextNull(org.conjur.jenkins.conjursecrets.ConjurSecretCredentialImplTest)] DEBUG org.eclipse.jetty.util.component.ContainerLifeCycle -- o.e.j.w.WebAppContext@394eef95{/,null,STOPPED} added {SymlinkAllowedResourceAliasChecker@6f84b1e1{base=null,protected=null},MANAGED}
18:14:22.694 [Executing testGetSecretContextNullAndStoreContextNull(org.conjur.jenkins.conjursecrets.ConjurSecretCredentialImplTest)] DEBUG org.eclipse.jetty.util.DecoratedObjectFactory -- Adding Decorator: org.eclipse.jetty.util.DeprecationWarning@8bd772a
18:14:22.695 [Executing testGetSecretContextNullAndStoreContextNull(org.conjur.jenkins.conjursecrets.ConjurSecretCredentialImplTest)] DEBUG org.eclipse.jetty.util.component.ContainerLifeCycle -- o.e.j.w.WebAppContext@394eef95{/jenkins,null,STOPPED} added {org.eclipse.jetty.server.session.SessionHandler396195835==dftMaxIdleSec=-1,MANAGED}
18:14:22.695 [Executing testGetSecretContextNullAndStoreContextNull(org.conjur.jenkins.conjursecrets.ConjurSecretCredentialImplTest)] DEBUG org.eclipse.jetty.util.component.ContainerLifeCycle -- ConstraintSecurityHandler@596110da{STOPPED} added {org.eclipse.jetty.util.component.DumpableCollection@1320a9ae,POJO}
18:14:22.695 [Executing testGetSecretContextNullAndStoreContextNull(org.conjur.jenkins.conjursecrets.ConjurSecretCredentialImplTest)] DEBUG org.eclipse.jetty.util.component.ContainerLifeCycle -- org.eclipse.jetty.server.session.SessionHandler396195835==dftMaxIdleSec=-1 added {ConstraintSecurityHandler@596110da{STOPPED},MANAGED}
18:14:22.695 [Executing testGetSecretContextNullAndStoreContextNull(org.conjur.jenkins.conjursecrets.ConjurSecretCredentialImplTest)] DEBUG org.eclipse.jetty.util.component.ContainerLifeCycle -- ConstraintSecurityHandler@596110da{STOPPED} added {ServletHandler@70c788c7{STOPPED},MANAGED}
18:14:22.696 [Executing testGetSecretContextNullAndStoreContextNull(org.conjur.jenkins.conjursecrets.ConjurSecretCredentialImplTest)] DEBUG org.eclipse.jetty.util.component.ContainerLifeCycle -- o.e.j.w.WebAppContext@394eef95{/jenkins,null,STOPPED} added {ErrorPageErrorHandler@c991b8b{STOPPED},MANAGED}
18:14:22.696 [Executing testGetSecretContextNullAndStoreContextNull(org.conjur.jenkins.conjursecrets.ConjurSecretCredentialImplTest)] DEBUG org.eclipse.jetty.util.component.ContainerLifeCycle -- o.e.j.w.WebAppContext@394eef95{/jenkins,null,STOPPED}{/Users/sameer.shaik/MyWorkSpace/17OctV2.2.3-New-BitBucketIssueFixed/conjur-credentials-plugin/target/jenkins-for-test} added {NoListenerConfiguration@5d2f2d02{STOPPED},AUTO}
18:14:22.696 [Executing testGetSecretContextNullAndStoreContextNull(org.conjur.jenkins.conjursecrets.ConjurSecretCredentialImplTest)] DEBUG org.eclipse.jetty.util.component.ContainerLifeCycle -- Server@7c4c7e78{STOPPED}[9.4.48.v20220622] added {o.e.j.w.WebAppContext@394eef95{/jenkins,null,STOPPED}{/Users/sameer.shaik/MyWorkSpace/17OctV2.2.3-New-BitBucketIssueFixed/conjur-credentials-plugin/target/jenkins-for-test},MANAGED}
18:14:22.697 [Executing testGetSecretContextNullAndStoreContextNull(org.conjur.jenkins.conjursecrets.ConjurSecretCredentialImplTest)] DEBUG org.eclipse.jetty.util.component.ContainerLifeCycle -- HashLoginService@4b5482d0[null] added {org.eclipse.jetty.security.DefaultIdentityService@719aacd,POJO}
18:14:22.697 [Executing testGetSecretContextNullAndStoreContextNull(org.conjur.jenkins.conjursecrets.ConjurSecretCredentialImplTest)] DEBUG org.eclipse.jetty.util.component.ContainerLifeCycle -- HashLoginService@4b5482d0[default] added {UserStore@4318ace6{STOPPED},AUTO}
18:14:22.697 [Executing testGetSecretContextNullAndStoreContextNull(org.conjur.jenkins.conjursecrets.ConjurSecretCredentialImplTest)] DEBUG org.eclipse.jetty.util.component.ContainerLifeCycle -- ConstraintSecurityHandler@596110da{STOPPED} added {HashLoginService@4b5482d0[default],AUTO}
18:14:22.698 [Executing testGetSecretContextNullAndStoreContextNull(org.conjur.jenkins.conjursecrets.ConjurSecretCredentialImplTest)] DEBUG org.eclipse.jetty.util.component.ContainerLifeCycle -- HttpConnectionFactory@1b1ebb2d[HTTP/1.1] added {HttpConfiguration@88ada99{32768/8192,8192/8192,https://:0,[]},POJO}
18:14:22.698 [Executing testGetSecretContextNullAndStoreContextNull(org.conjur.jenkins.conjursecrets.ConjurSecretCredentialImplTest)] DEBUG org.eclipse.jetty.util.component.ContainerLifeCycle -- ServerConnector@1a694f6e{null, ()}{0.0.0.0:0} added {Server@7c4c7e78{STOPPED}[9.4.48.v20220622],UNMANAGED}
18:14:22.699 [Executing testGetSecretContextNullAndStoreContextNull(org.conjur.jenkins.conjursecrets.ConjurSecretCredentialImplTest)] DEBUG org.eclipse.jetty.util.component.ContainerLifeCycle -- ServerConnector@1a694f6e{null, ()}{0.0.0.0:0} added {QueuedThreadPool[Jetty (JenkinsRule)]@76b41508{STOPPED,8<=0<=200,i=0,r=-1,q=0}[NO_TRY],AUTO}
18:14:22.699 [Executing testGetSecretContextNullAndStoreContextNull(org.conjur.jenkins.conjursecrets.ConjurSecretCredentialImplTest)] DEBUG org.eclipse.jetty.util.component.ContainerLifeCycle -- ServerConnector@1a694f6e{null, ()}{0.0.0.0:0} added {ScheduledExecutorScheduler@438709cc{STOPPED},AUTO}
18:14:22.699 [Executing testGetSecretContextNullAndStoreContextNull(org.conjur.jenkins.conjursecrets.ConjurSecretCredentialImplTest)] DEBUG org.eclipse.jetty.util.component.ContainerLifeCycle -- ServerConnector@1a694f6e{null, ()}{0.0.0.0:0} added {ArrayByteBufferPool@2dae1542{minBufferCapacity=0, maxBufferCapacity=65536, maxQueueLength=-1, factor=1024},POJO}
18:14:22.700 [Executing testGetSecretContextNullAndStoreContextNull(org.conjur.jenkins.conjursecrets.ConjurSecretCredentialImplTest)] DEBUG org.eclipse.jetty.util.component.ContainerLifeCycle -- ServerConnector@1a694f6e{null, (http/1.1)}{0.0.0.0:0} added {HttpConnectionFactory@1b1ebb2d[HTTP/1.1],AUTO}
18:14:22.700 [Executing testGetSecretContextNullAndStoreContextNull(org.conjur.jenkins.conjursecrets.ConjurSecretCredentialImplTest)] DEBUG org.eclipse.jetty.server.AbstractConnector -- ServerConnector@1a694f6e{HTTP/1.1, (http/1.1)}{0.0.0.0:0} added HttpConnectionFactory@1b1ebb2d[HTTP/1.1]
18:14:22.700 [Executing testGetSecretContextNullAndStoreContextNull(org.conjur.jenkins.conjursecrets.ConjurSecretCredentialImplTest)] DEBUG org.eclipse.jetty.util.component.ContainerLifeCycle -- ServerConnector@1a694f6e{HTTP/1.1, (http/1.1)}{0.0.0.0:0} added {SelectorManager@ServerConnector@1a694f6e{HTTP/1.1, (http/1.1)}{0.0.0.0:0},MANAGED}
18:14:22.701 [Executing testGetSecretContextNullAndStoreContextNull(org.conjur.jenkins.conjursecrets.ConjurSecretCredentialImplTest)] DEBUG org.eclipse.jetty.util.component.ContainerLifeCycle -- Server@7c4c7e78{STOPPED}[9.4.48.v20220622] added {ServerConnector@1a694f6e{HTTP/1.1, (http/1.1)}{localhost:0},AUTO}
18:14:22.701 [Executing testGetSecretContextNullAndStoreContextNull(org.conjur.jenkins.conjursecrets.ConjurSecretCredentialImplTest)] DEBUG org.eclipse.jetty.util.component.AbstractLifeCycle -- starting Server@7c4c7e78{STOPPED}[9.4.48.v20220622]
18:14:22.701 [Executing testGetSecretContextNullAndStoreContextNull(org.conjur.jenkins.conjursecrets.ConjurSecretCredentialImplTest)] DEBUG org.eclipse.jetty.util.component.ContainerLifeCycle -- Server@7c4c7e78{STARTING}[9.4.48.v20220622] added {ErrorHandler@732e4c7c{STOPPED},AUTO}
18:14:22.701 [Executing testGetSecretContextNullAndStoreContextNull(org.conjur.jenkins.conjursecrets.ConjurSecretCredentialImplTest)] INFO org.eclipse.jetty.server.Server -- jetty-9.4.48.v20220622; built: 2022-06-21T20:42:25.880Z; git: 6b67c5719d1f4371b33655ff2d047d24e171e49a; jvm 17.0.11+9-adhoc.admin.jdk17u
18:14:22.702 [Executing testGetSecretContextNullAndStoreContextNull(org.conjur.jenkins.conjursecrets.ConjurSecretCredentialImplTest)] DEBUG org.eclipse.jetty.server.handler.AbstractHandler -- starting Server@7c4c7e78{STARTING}[9.4.48.v20220622]
18:14:22.702 [Executing testGetSecretContextNullAndStoreContextNull(org.conjur.jenkins.conjursecrets.ConjurSecretCredentialImplTest)] DEBUG org.eclipse.jetty.util.component.AbstractLifeCycle -- starting QueuedThreadPool[Jetty (JenkinsRule)]@76b41508{STOPPED,8<=0<=200,i=0,r=-1,q=0}[NO_TRY]
18:14:22.702 [Executing testGetSecretContextNullAndStoreContextNull(org.conjur.jenkins.conjursecrets.ConjurSecretCredentialImplTest)] DEBUG org.eclipse.jetty.util.thread.ReservedThreadExecutor -- ReservedThreadExecutor@23ec6f48{reserved=0/16,pending=0}
18:14:22.703 [Executing testGetSecretContextNullAndStoreContextNull(org.conjur.jenkins.conjursecrets.ConjurSecretCredentialImplTest)] DEBUG org.eclipse.jetty.util.component.ContainerLifeCycle -- QueuedThreadPool[Jetty (JenkinsRule)]@76b41508{STARTING,8<=0<=200,i=0,r=-1,q=0}[ReservedThreadExecutor@23ec6f48{reserved=0/16,pending=0}] added {ReservedThreadExecutor@23ec6f48{reserved=0/16,pending=0},AUTO}
18:14:22.703 [Executing testGetSecretContextNullAndStoreContextNull(org.conjur.jenkins.conjursecrets.ConjurSecretCredentialImplTest)] DEBUG org.eclipse.jetty.util.component.AbstractLifeCycle -- starting ReservedThreadExecutor@23ec6f48{reserved=0/16,pending=0}
18:14:22.703 [Executing testGetSecretContextNullAndStoreContextNull(org.conjur.jenkins.conjursecrets.ConjurSecretCredentialImplTest)] DEBUG org.eclipse.jetty.util.component.AbstractLifeCycle -- STARTED @13261ms ReservedThreadExecutor@23ec6f48{reserved=0/16,pending=0}
18:14:22.703 [Executing testGetSecretContextNullAndStoreContextNull(org.conjur.jenkins.conjursecrets.ConjurSecretCredentialImplTest)] DEBUG org.eclipse.jetty.util.thread.QueuedThreadPool -- Starting Thread[Jetty (JenkinsRule)-107,5,main]
18:14:22.704 [Executing testGetSecretContextNullAndStoreContextNull(org.conjur.jenkins.conjursecrets.ConjurSecretCredentialImplTest)] DEBUG org.eclipse.jetty.util.thread.QueuedThreadPool -- Starting Thread[Jetty (JenkinsRule)-108,5,main]
18:14:22.704 [Jetty (JenkinsRule)-107] DEBUG org.eclipse.jetty.util.thread.QueuedThreadPool -- Runner started for QueuedThreadPool[Jetty (JenkinsRule)]@76b41508{STARTING,8<=2<=200,i=2,r=-1,q=0}[ReservedThreadExecutor@23ec6f48{reserved=0/16,pending=0}]
18:14:22.704 [Executing testGetSecretContextNullAndStoreContextNull(org.conjur.jenkins.conjursecrets.ConjurSecretCredentialImplTest)] DEBUG org.eclipse.jetty.util.thread.QueuedThreadPool -- Starting Thread[Jetty (JenkinsRule)-109,5,main]
18:14:22.704 [Jetty (JenkinsRule)-108] DEBUG org.eclipse.jetty.util.thread.QueuedThreadPool -- Runner started for QueuedThreadPool[Jetty (JenkinsRule)]@76b41508{STARTING,8<=3<=200,i=3,r=-1,q=0}[ReservedThreadExecutor@23ec6f48{reserved=0/16,pending=0}]
18:14:22.705 [Executing testGetSecretContextNullAndStoreContextNull(org.conjur.jenkins.conjursecrets.ConjurSecretCredentialImplTest)] DEBUG org.eclipse.jetty.util.thread.QueuedThreadPool -- Starting Thread[Jetty (JenkinsRule)-110,5,main]
18:14:22.705 [Jetty (JenkinsRule)-109] DEBUG org.eclipse.jetty.util.thread.QueuedThreadPool -- Runner started for QueuedThreadPool[Jetty (JenkinsRule)]@76b41508{STARTING,8<=4<=200,i=4,r=-1,q=0}[ReservedThreadExecutor@23ec6f48{reserved=0/16,pending=0}]
18:14:22.705 [Executing testGetSecretContextNullAndStoreContextNull(org.conjur.jenkins.conjursecrets.ConjurSecretCredentialImplTest)] DEBUG org.eclipse.jetty.util.thread.QueuedThreadPool -- Starting Thread[Jetty (JenkinsRule)-111,5,main]
18:14:22.705 [Jetty (JenkinsRule)-110] DEBUG org.eclipse.jetty.util.thread.QueuedThreadPool -- Runner started for QueuedThreadPool[Jetty (JenkinsRule)]@76b41508{STARTING,8<=5<=200,i=5,r=-1,q=0}[ReservedThreadExecutor@23ec6f48{reserved=0/16,pending=0}]
18:14:22.705 [Executing testGetSecretContextNullAndStoreContextNull(org.conjur.jenkins.conjursecrets.ConjurSecretCredentialImplTest)] DEBUG org.eclipse.jetty.util.thread.QueuedThreadPool -- Starting Thread[Jetty (JenkinsRule)-112,5,main]
18:14:22.705 [Jetty (JenkinsRule)-111] DEBUG org.eclipse.jetty.util.thread.QueuedThreadPool -- Runner started for QueuedThreadPool[Jetty (JenkinsRule)]@76b41508{STARTING,8<=6<=200,i=6,r=-1,q=0}[ReservedThreadExecutor@23ec6f48{reserved=0/16,pending=0}]
18:14:22.706 [Executing testGetSecretContextNullAndStoreContextNull(org.conjur.jenkins.conjursecrets.ConjurSecretCredentialImplTest)] DEBUG org.eclipse.jetty.util.thread.QueuedThreadPool -- Starting Thread[Jetty (JenkinsRule)-113,5,main]
18:14:22.706 [Jetty (JenkinsRule)-112] DEBUG org.eclipse.jetty.util.thread.QueuedThreadPool -- Runner started for QueuedThreadPool[Jetty (JenkinsRule)]@76b41508{STARTING,8<=7<=200,i=7,r=-1,q=0}[ReservedThreadExecutor@23ec6f48{reserved=0/16,pending=0}]
18:14:22.706 [Executing testGetSecretContextNullAndStoreContextNull(org.conjur.jenkins.conjursecrets.ConjurSecretCredentialImplTest)] DEBUG org.eclipse.jetty.util.thread.QueuedThreadPool -- Starting Thread[Jetty (JenkinsRule)-114,5,main]
18:14:22.706 [Jetty (JenkinsRule)-113] DEBUG org.eclipse.jetty.util.thread.QueuedThreadPool -- Runner started for QueuedThreadPool[Jetty (JenkinsRule)]@76b41508{STARTING,8<=8<=200,i=8,r=-1,q=0}[ReservedThreadExecutor@23ec6f48{reserved=0/16,pending=0}]
18:14:22.707 [Executing testGetSecretContextNullAndStoreContextNull(org.conjur.jenkins.conjursecrets.ConjurSecretCredentialImplTest)] DEBUG org.eclipse.jetty.util.component.AbstractLifeCycle -- STARTED @13264ms QueuedThreadPool[Jetty (JenkinsRule)]@76b41508{STARTED,8<=8<=200,i=8,r=-1,q=0}[ReservedThreadExecutor@23ec6f48{reserved=0/16,pending=0}]
18:14:22.707 [Jetty (JenkinsRule)-114] DEBUG org.eclipse.jetty.util.thread.QueuedThreadPool -- Runner started for QueuedThreadPool[Jetty (JenkinsRule)]@76b41508{STARTED,8<=8<=200,i=8,r=-1,q=0}[ReservedThreadExecutor@23ec6f48{reserved=0/16,pending=0}]
18:14:22.707 [Executing testGetSecretContextNullAndStoreContextNull(org.conjur.jenkins.conjursecrets.ConjurSecretCredentialImplTest)] DEBUG org.eclipse.jetty.util.component.AbstractLifeCycle -- starting o.e.j.w.WebAppContext@394eef95{/jenkins,file:///Users/sameer.shaik/MyWorkSpace/17OctV2.2.3-New-BitBucketIssueFixed/conjur-credentials-plugin/target/jenkins-for-test/,STOPPED}{/Users/sameer.shaik/MyWorkSpace/17OctV2.2.3-New-BitBucketIssueFixed/conjur-credentials-plugin/target/jenkins-for-test}
18:14:22.708 [Executing testGetSecretContextNullAndStoreContextNull(org.conjur.jenkins.conjursecrets.ConjurSecretCredentialImplTest)] DEBUG org.eclipse.jetty.webapp.WebAppContext -- Thread Context classloader jdk.internal.loader.ClassLoaders$AppClassLoader@5ffd2b27
18:14:22.709 [Executing testGetSecretContextNullAndStoreContextNull(org.conjur.jenkins.conjursecrets.ConjurSecretCredentialImplTest)] DEBUG org.eclipse.jetty.webapp.WebAppContext -- Parent class loader: jdk.internal.loader.ClassLoaders$PlatformClassLoader@41de5768 
18:14:22.709 [Executing testGetSecretContextNullAndStoreContextNull(org.conjur.jenkins.conjursecrets.ConjurSecretCredentialImplTest)] DEBUG org.eclipse.jetty.webapp.WebAppContext -- preConfigure o.e.j.w.WebAppContext@394eef95{/jenkins,file:///Users/sameer.shaik/MyWorkSpace/17OctV2.2.3-New-BitBucketIssueFixed/conjur-credentials-plugin/target/jenkins-for-test/,STOPPED}{/Users/sameer.shaik/MyWorkSpace/17OctV2.2.3-New-BitBucketIssueFixed/conjur-credentials-plugin/target/jenkins-for-test} with org.eclipse.jetty.webapp.WebXmlConfiguration@44fe5bbb
18:14:22.719 [Executing testGetSecretContextNullAndStoreContextNull(org.conjur.jenkins.conjursecrets.ConjurSecretCredentialImplTest)] DEBUG org.eclipse.jetty.webapp.WebDescriptor -- jar:file:/Users/sameer.shaik/.m2/repository/org/eclipse/jetty/jetty-webapp/9.4.48.v20220622/jetty-webapp-9.4.48.v20220622.jar!/org/eclipse/jetty/webapp/webdefault.xml: Calculated metadatacomplete = False with version=3.1
18:14:22.736 [Executing testGetSecretContextNullAndStoreContextNull(org.conjur.jenkins.conjursecrets.ConjurSecretCredentialImplTest)] DEBUG org.eclipse.jetty.webapp.WebDescriptor -- file:///Users/sameer.shaik/MyWorkSpace/17OctV2.2.3-New-BitBucketIssueFixed/conjur-credentials-plugin/target/jenkins-for-test/WEB-INF/web.xml: Calculated metadatacomplete = True with version=3.1
18:14:22.737 [Executing testGetSecretContextNullAndStoreContextNull(org.conjur.jenkins.conjursecrets.ConjurSecretCredentialImplTest)] DEBUG org.eclipse.jetty.webapp.WebAppContext -- configure o.e.j.w.WebAppContext@394eef95{/jenkins,file:///Users/sameer.shaik/MyWorkSpace/17OctV2.2.3-New-BitBucketIssueFixed/conjur-credentials-plugin/target/jenkins-for-test/,STARTING}{/Users/sameer.shaik/MyWorkSpace/17OctV2.2.3-New-BitBucketIssueFixed/conjur-credentials-plugin/target/jenkins-for-test} with org.eclipse.jetty.webapp.WebXmlConfiguration@44fe5bbb
18:14:22.737 [Executing testGetSecretContextNullAndStoreContextNull(org.conjur.jenkins.conjursecrets.ConjurSecretCredentialImplTest)] DEBUG org.eclipse.jetty.webapp.MetaData -- metadata resolve o.e.j.w.WebAppContext@394eef95{/jenkins,file:///Users/sameer.shaik/MyWorkSpace/17OctV2.2.3-New-BitBucketIssueFixed/conjur-credentials-plugin/target/jenkins-for-test/,STARTING}{/Users/sameer.shaik/MyWorkSpace/17OctV2.2.3-New-BitBucketIssueFixed/conjur-credentials-plugin/target/jenkins-for-test}
18:14:22.738 [Executing testGetSecretContextNullAndStoreContextNull(org.conjur.jenkins.conjursecrets.ConjurSecretCredentialImplTest)] DEBUG org.eclipse.jetty.util.component.ContainerLifeCycle -- ServletHandler@70c788c7{STOPPED} added {org.eclipse.jetty.servlet.listener.ELContextCleaner@5c0dcbd4{src=DESCRIPTOR:jar:file:/Users/sameer.shaik/.m2/repository/org/eclipse/jetty/jetty-webapp/9.4.48.v20220622/jetty-webapp-9.4.48.v20220622.jar!/org/eclipse/jetty/webapp/webdefault.xml},AUTO}
18:14:22.738 [Executing testGetSecretContextNullAndStoreContextNull(org.conjur.jenkins.conjursecrets.ConjurSecretCredentialImplTest)] DEBUG org.eclipse.jetty.util.component.ContainerLifeCycle -- ServletHandler@70c788c7{STOPPED} added {org.eclipse.jetty.servlet.listener.IntrospectorCleaner@6a18706d{src=DESCRIPTOR:jar:file:/Users/sameer.shaik/.m2/repository/org/eclipse/jetty/jetty-webapp/9.4.48.v20220622/jetty-webapp-9.4.48.v20220622.jar!/org/eclipse/jetty/webapp/webdefault.xml},AUTO}
18:14:22.739 [Executing testGetSecretContextNullAndStoreContextNull(org.conjur.jenkins.conjursecrets.ConjurSecretCredentialImplTest)] DEBUG org.eclipse.jetty.webapp.StandardDescriptorProcessor -- Added mapping [/]=>default 
18:14:22.739 [Executing testGetSecretContextNullAndStoreContextNull(org.conjur.jenkins.conjursecrets.ConjurSecretCredentialImplTest)] INFO org.eclipse.jetty.webapp.StandardDescriptorProcessor -- NO JSP Support for /jenkins, did not find org.eclipse.jetty.jsp.JettyJspServlet
18:14:22.740 [Executing testGetSecretContextNullAndStoreContextNull(org.conjur.jenkins.conjursecrets.ConjurSecretCredentialImplTest)] DEBUG org.eclipse.jetty.webapp.StandardDescriptorProcessor -- Added mapping [*.jsp, *.jspf, *.jspx, *.xsp, *.JSP, *.JSPF, *.JSPX, *.XSP]=>jsp 
18:14:22.740 [Executing testGetSecretContextNullAndStoreContextNull(org.conjur.jenkins.conjursecrets.ConjurSecretCredentialImplTest)] DEBUG org.eclipse.jetty.server.session -- SessionManager default maxInactiveInterval=1800
18:14:22.741 [Executing testGetSecretContextNullAndStoreContextNull(org.conjur.jenkins.conjursecrets.ConjurSecretCredentialImplTest)] DEBUG org.eclipse.jetty.util.component.ContainerLifeCycle -- ServletHandler@70c788c7{STOPPED} added {default==org.eclipse.jetty.servlet.DefaultServlet@5c13d641{jsp=null,order=0,inst=false,async=false,src=DESCRIPTOR:jar:file:/Users/sameer.shaik/.m2/repository/org/eclipse/jetty/jetty-webapp/9.4.48.v20220622/jetty-webapp-9.4.48.v20220622.jar!/org/eclipse/jetty/webapp/webdefault.xml,STOPPED},AUTO}
18:14:22.741 [Executing testGetSecretContextNullAndStoreContextNull(org.conjur.jenkins.conjursecrets.ConjurSecretCredentialImplTest)] DEBUG org.eclipse.jetty.util.component.ContainerLifeCycle -- ServletHandler@70c788c7{STOPPED} added {jsp==org.eclipse.jetty.servlet.NoJspServlet@19c47{jsp=null,order=0,inst=false,async=false,src=DESCRIPTOR:jar:file:/Users/sameer.shaik/.m2/repository/org/eclipse/jetty/jetty-webapp/9.4.48.v20220622/jetty-webapp-9.4.48.v20220622.jar!/org/eclipse/jetty/webapp/webdefault.xml,STOPPED},AUTO}
18:14:22.741 [Executing testGetSecretContextNullAndStoreContextNull(org.conjur.jenkins.conjursecrets.ConjurSecretCredentialImplTest)] DEBUG org.eclipse.jetty.util.component.ContainerLifeCycle -- ServletHandler@70c788c7{STOPPED} added {[/]=>default,POJO}
18:14:22.741 [Executing testGetSecretContextNullAndStoreContextNull(org.conjur.jenkins.conjursecrets.ConjurSecretCredentialImplTest)] DEBUG org.eclipse.jetty.util.component.ContainerLifeCycle -- ServletHandler@70c788c7{STOPPED} added {[*.jsp, *.jspf, *.jspx, *.xsp, *.JSP, *.JSPF, *.JSPX, *.XSP]=>jsp,POJO}
18:14:22.742 [Executing testGetSecretContextNullAndStoreContextNull(org.conjur.jenkins.conjursecrets.ConjurSecretCredentialImplTest)] DEBUG org.eclipse.jetty.webapp.StandardDescriptorProcessor -- Added mapping [/*]=>Stapler 
18:14:22.742 [Executing testGetSecretContextNullAndStoreContextNull(org.conjur.jenkins.conjursecrets.ConjurSecretCredentialImplTest)] DEBUG org.eclipse.jetty.util.component.ContainerLifeCycle -- ServletHandler@70c788c7{STOPPED} added {jenkins.util.SystemProperties$Listener@127db806{src=DESCRIPTOR:file:///Users/sameer.shaik/MyWorkSpace/17OctV2.2.3-New-BitBucketIssueFixed/conjur-credentials-plugin/target/jenkins-for-test/WEB-INF/web.xml},AUTO}
18:14:22.743 [Executing testGetSecretContextNullAndStoreContextNull(org.conjur.jenkins.conjursecrets.ConjurSecretCredentialImplTest)] DEBUG org.eclipse.jetty.util.component.ContainerLifeCycle -- ServletHandler@70c788c7{STOPPED} added {hudson.WebAppMain@431cb531{src=DESCRIPTOR:file:///Users/sameer.shaik/MyWorkSpace/17OctV2.2.3-New-BitBucketIssueFixed/conjur-credentials-plugin/target/jenkins-for-test/WEB-INF/web.xml},AUTO}
18:14:22.743 [Executing testGetSecretContextNullAndStoreContextNull(org.conjur.jenkins.conjursecrets.ConjurSecretCredentialImplTest)] DEBUG org.eclipse.jetty.util.component.ContainerLifeCycle -- ServletHandler@70c788c7{STOPPED} added {jenkins.JenkinsHttpSessionListener@71fd85ed{src=DESCRIPTOR:file:///Users/sameer.shaik/MyWorkSpace/17OctV2.2.3-New-BitBucketIssueFixed/conjur-credentials-plugin/target/jenkins-for-test/WEB-INF/web.xml},AUTO}
18:14:22.744 [Executing testGetSecretContextNullAndStoreContextNull(org.conjur.jenkins.conjursecrets.ConjurSecretCredentialImplTest)] DEBUG org.eclipse.jetty.util.component.ContainerLifeCycle -- ServletHandler@70c788c7{STOPPED} added {suspicious-request-filter==jenkins.security.SuspiciousRequestFilter@584f18a7{inst=false,async=true,src=DESCRIPTOR:file:///Users/sameer.shaik/MyWorkSpace/17OctV2.2.3-New-BitBucketIssueFixed/conjur-credentials-plugin/target/jenkins-for-test/WEB-INF/web.xml},AUTO}
18:14:22.744 [Executing testGetSecretContextNullAndStoreContextNull(org.conjur.jenkins.conjursecrets.ConjurSecretCredentialImplTest)] DEBUG org.eclipse.jetty.util.component.ContainerLifeCycle -- ServletHandler@70c788c7{STOPPED} added {diagnostic-name-filter==org.kohsuke.stapler.DiagnosticThreadNameFilter@270d3620{inst=false,async=true,src=DESCRIPTOR:file:///Users/sameer.shaik/MyWorkSpace/17OctV2.2.3-New-BitBucketIssueFixed/conjur-credentials-plugin/target/jenkins-for-test/WEB-INF/web.xml},AUTO}
18:14:22.744 [Executing testGetSecretContextNullAndStoreContextNull(org.conjur.jenkins.conjursecrets.ConjurSecretCredentialImplTest)] DEBUG org.eclipse.jetty.util.component.ContainerLifeCycle -- ServletHandler@70c788c7{STOPPED} added {encoding-filter==hudson.util.CharacterEncodingFilter@11ebacd{inst=false,async=true,src=DESCRIPTOR:file:///Users/sameer.shaik/MyWorkSpace/17OctV2.2.3-New-BitBucketIssueFixed/conjur-credentials-plugin/target/jenkins-for-test/WEB-INF/web.xml},AUTO}
18:14:22.745 [Executing testGetSecretContextNullAndStoreContextNull(org.conjur.jenkins.conjursecrets.ConjurSecretCredentialImplTest)] DEBUG org.eclipse.jetty.util.component.ContainerLifeCycle -- ServletHandler@70c788c7{STOPPED} added {compression-filter==org.kohsuke.stapler.compression.CompressionFilter@1cd195ee{inst=false,async=true,src=DESCRIPTOR:file:///Users/sameer.shaik/MyWorkSpace/17OctV2.2.3-New-BitBucketIssueFixed/conjur-credentials-plugin/target/jenkins-for-test/WEB-INF/web.xml},AUTO}
18:14:22.745 [Executing testGetSecretContextNullAndStoreContextNull(org.conjur.jenkins.conjursecrets.ConjurSecretCredentialImplTest)] DEBUG org.eclipse.jetty.util.component.ContainerLifeCycle -- ServletHandler@70c788c7{STOPPED} added {authentication-filter==hudson.security.HudsonFilter@3cfb2cf3{inst=false,async=true,src=DESCRIPTOR:file:///Users/sameer.shaik/MyWorkSpace/17OctV2.2.3-New-BitBucketIssueFixed/conjur-credentials-plugin/target/jenkins-for-test/WEB-INF/web.xml},AUTO}
18:14:22.745 [Executing testGetSecretContextNullAndStoreContextNull(org.conjur.jenkins.conjursecrets.ConjurSecretCredentialImplTest)] DEBUG org.eclipse.jetty.util.component.ContainerLifeCycle -- ServletHandler@70c788c7{STOPPED} added {csrf-filter==hudson.security.csrf.CrumbFilter@7209a17a{inst=false,async=true,src=DESCRIPTOR:file:///Users/sameer.shaik/MyWorkSpace/17OctV2.2.3-New-BitBucketIssueFixed/conjur-credentials-plugin/target/jenkins-for-test/WEB-INF/web.xml},AUTO}
18:14:22.746 [Executing testGetSecretContextNullAndStoreContextNull(org.conjur.jenkins.conjursecrets.ConjurSecretCredentialImplTest)] DEBUG org.eclipse.jetty.util.component.ContainerLifeCycle -- ServletHandler@70c788c7{STOPPED} added {plugins-filter==hudson.util.PluginServletFilter@6b5b524{inst=false,async=true,src=DESCRIPTOR:file:///Users/sameer.shaik/MyWorkSpace/17OctV2.2.3-New-BitBucketIssueFixed/conjur-credentials-plugin/target/jenkins-for-test/WEB-INF/web.xml},AUTO}
18:14:22.746 [Executing testGetSecretContextNullAndStoreContextNull(org.conjur.jenkins.conjursecrets.ConjurSecretCredentialImplTest)] DEBUG org.eclipse.jetty.util.component.ContainerLifeCycle -- ServletHandler@70c788c7{STOPPED} added {Stapler==org.kohsuke.stapler.Stapler@f222d1a9{jsp=null,order=-1,inst=false,async=true,src=DESCRIPTOR:file:///Users/sameer.shaik/MyWorkSpace/17OctV2.2.3-New-BitBucketIssueFixed/conjur-credentials-plugin/target/jenkins-for-test/WEB-INF/web.xml,STOPPED},AUTO}
18:14:22.746 [Executing testGetSecretContextNullAndStoreContextNull(org.conjur.jenkins.conjursecrets.ConjurSecretCredentialImplTest)] DEBUG org.eclipse.jetty.util.component.ContainerLifeCycle -- ServletHandler@70c788c7{STOPPED} added {[/*]/[]/[REQUEST]=>suspicious-request-filter,POJO}
18:14:22.747 [Executing testGetSecretContextNullAndStoreContextNull(org.conjur.jenkins.conjursecrets.ConjurSecretCredentialImplTest)] DEBUG org.eclipse.jetty.util.component.ContainerLifeCycle -- ServletHandler@70c788c7{STOPPED} added {[/*]/[]/[REQUEST]=>diagnostic-name-filter,POJO}
18:14:22.747 [Executing testGetSecretContextNullAndStoreContextNull(org.conjur.jenkins.conjursecrets.ConjurSecretCredentialImplTest)] DEBUG org.eclipse.jetty.util.component.ContainerLifeCycle -- ServletHandler@70c788c7{STOPPED} added {[/*]/[]/[REQUEST]=>encoding-filter,POJO}
18:14:22.747 [Executing testGetSecretContextNullAndStoreContextNull(org.conjur.jenkins.conjursecrets.ConjurSecretCredentialImplTest)] DEBUG org.eclipse.jetty.util.component.ContainerLifeCycle -- ServletHandler@70c788c7{STOPPED} added {[/*]/[]/[REQUEST]=>compression-filter,POJO}
18:14:22.747 [Executing testGetSecretContextNullAndStoreContextNull(org.conjur.jenkins.conjursecrets.ConjurSecretCredentialImplTest)] DEBUG org.eclipse.jetty.util.component.ContainerLifeCycle -- ServletHandler@70c788c7{STOPPED} added {[/*]/[]/[REQUEST]=>authentication-filter,POJO}
18:14:22.747 [Executing testGetSecretContextNullAndStoreContextNull(org.conjur.jenkins.conjursecrets.ConjurSecretCredentialImplTest)] DEBUG org.eclipse.jetty.util.component.ContainerLifeCycle -- ServletHandler@70c788c7{STOPPED} added {[/*]/[]/[REQUEST]=>csrf-filter,POJO}
18:14:22.748 [Executing testGetSecretContextNullAndStoreContextNull(org.conjur.jenkins.conjursecrets.ConjurSecretCredentialImplTest)] DEBUG org.eclipse.jetty.util.component.ContainerLifeCycle -- ServletHandler@70c788c7{STOPPED} added {[/*]/[]/[REQUEST]=>plugins-filter,POJO}
18:14:22.748 [Executing testGetSecretContextNullAndStoreContextNull(org.conjur.jenkins.conjursecrets.ConjurSecretCredentialImplTest)] DEBUG org.eclipse.jetty.util.component.ContainerLifeCycle -- ServletHandler@70c788c7{STOPPED} added {[/*]=>Stapler,POJO}
18:14:22.748 [Executing testGetSecretContextNullAndStoreContextNull(org.conjur.jenkins.conjursecrets.ConjurSecretCredentialImplTest)] DEBUG org.eclipse.jetty.util.component.AbstractLifeCycle -- starting org.eclipse.jetty.servlet.listener.ELContextCleaner@5c0dcbd4{src=DESCRIPTOR:jar:file:/Users/sameer.shaik/.m2/repository/org/eclipse/jetty/jetty-webapp/9.4.48.v20220622/jetty-webapp-9.4.48.v20220622.jar!/org/eclipse/jetty/webapp/webdefault.xml}
18:14:22.748 [Executing testGetSecretContextNullAndStoreContextNull(org.conjur.jenkins.conjursecrets.ConjurSecretCredentialImplTest)] DEBUG org.eclipse.jetty.servlet.BaseHolder -- Holding class org.eclipse.jetty.servlet.listener.ELContextCleaner from jdk.internal.loader.ClassLoaders$AppClassLoader@5ffd2b27
18:14:22.749 [Executing testGetSecretContextNullAndStoreContextNull(org.conjur.jenkins.conjursecrets.ConjurSecretCredentialImplTest)] DEBUG org.eclipse.jetty.util.component.AbstractLifeCycle -- STARTED @13306ms org.eclipse.jetty.servlet.listener.ELContextCleaner@5c0dcbd4{src=DESCRIPTOR:jar:file:/Users/sameer.shaik/.m2/repository/org/eclipse/jetty/jetty-webapp/9.4.48.v20220622/jetty-webapp-9.4.48.v20220622.jar!/org/eclipse/jetty/webapp/webdefault.xml}
18:14:22.749 [Executing testGetSecretContextNullAndStoreContextNull(org.conjur.jenkins.conjursecrets.ConjurSecretCredentialImplTest)] DEBUG org.eclipse.jetty.util.component.AbstractLifeCycle -- starting org.eclipse.jetty.servlet.listener.IntrospectorCleaner@6a18706d{src=DESCRIPTOR:jar:file:/Users/sameer.shaik/.m2/repository/org/eclipse/jetty/jetty-webapp/9.4.48.v20220622/jetty-webapp-9.4.48.v20220622.jar!/org/eclipse/jetty/webapp/webdefault.xml}
18:14:22.749 [Executing testGetSecretContextNullAndStoreContextNull(org.conjur.jenkins.conjursecrets.ConjurSecretCredentialImplTest)] DEBUG org.eclipse.jetty.servlet.BaseHolder -- Holding class org.eclipse.jetty.servlet.listener.IntrospectorCleaner from jdk.internal.loader.ClassLoaders$AppClassLoader@5ffd2b27
18:14:22.749 [Executing testGetSecretContextNullAndStoreContextNull(org.conjur.jenkins.conjursecrets.ConjurSecretCredentialImplTest)] DEBUG org.eclipse.jetty.util.component.AbstractLifeCycle -- STARTED @13307ms org.eclipse.jetty.servlet.listener.IntrospectorCleaner@6a18706d{src=DESCRIPTOR:jar:file:/Users/sameer.shaik/.m2/repository/org/eclipse/jetty/jetty-webapp/9.4.48.v20220622/jetty-webapp-9.4.48.v20220622.jar!/org/eclipse/jetty/webapp/webdefault.xml}
18:14:22.750 [Executing testGetSecretContextNullAndStoreContextNull(org.conjur.jenkins.conjursecrets.ConjurSecretCredentialImplTest)] DEBUG org.eclipse.jetty.util.component.AbstractLifeCycle -- starting jenkins.util.SystemProperties$Listener@127db806{src=DESCRIPTOR:file:///Users/sameer.shaik/MyWorkSpace/17OctV2.2.3-New-BitBucketIssueFixed/conjur-credentials-plugin/target/jenkins-for-test/WEB-INF/web.xml}
18:14:22.750 [Executing testGetSecretContextNullAndStoreContextNull(org.conjur.jenkins.conjursecrets.ConjurSecretCredentialImplTest)] DEBUG org.eclipse.jetty.servlet.BaseHolder -- Holding class jenkins.util.SystemProperties$Listener from jdk.internal.loader.ClassLoaders$AppClassLoader@5ffd2b27
18:14:22.750 [Executing testGetSecretContextNullAndStoreContextNull(org.conjur.jenkins.conjursecrets.ConjurSecretCredentialImplTest)] DEBUG org.eclipse.jetty.util.component.AbstractLifeCycle -- STARTED @13308ms jenkins.util.SystemProperties$Listener@127db806{src=DESCRIPTOR:file:///Users/sameer.shaik/MyWorkSpace/17OctV2.2.3-New-BitBucketIssueFixed/conjur-credentials-plugin/target/jenkins-for-test/WEB-INF/web.xml}
18:14:22.751 [Executing testGetSecretContextNullAndStoreContextNull(org.conjur.jenkins.conjursecrets.ConjurSecretCredentialImplTest)] DEBUG org.eclipse.jetty.util.component.AbstractLifeCycle -- starting hudson.WebAppMain@431cb531{src=DESCRIPTOR:file:///Users/sameer.shaik/MyWorkSpace/17OctV2.2.3-New-BitBucketIssueFixed/conjur-credentials-plugin/target/jenkins-for-test/WEB-INF/web.xml}
18:14:22.751 [Executing testGetSecretContextNullAndStoreContextNull(org.conjur.jenkins.conjursecrets.ConjurSecretCredentialImplTest)] DEBUG org.eclipse.jetty.servlet.BaseHolder -- Holding class hudson.WebAppMain from jdk.internal.loader.ClassLoaders$AppClassLoader@5ffd2b27
18:14:22.751 [Executing testGetSecretContextNullAndStoreContextNull(org.conjur.jenkins.conjursecrets.ConjurSecretCredentialImplTest)] DEBUG org.eclipse.jetty.util.component.AbstractLifeCycle -- STARTED @13309ms hudson.WebAppMain@431cb531{src=DESCRIPTOR:file:///Users/sameer.shaik/MyWorkSpace/17OctV2.2.3-New-BitBucketIssueFixed/conjur-credentials-plugin/target/jenkins-for-test/WEB-INF/web.xml}
18:14:22.751 [Executing testGetSecretContextNullAndStoreContextNull(org.conjur.jenkins.conjursecrets.ConjurSecretCredentialImplTest)] DEBUG org.eclipse.jetty.util.component.AbstractLifeCycle -- starting jenkins.JenkinsHttpSessionListener@71fd85ed{src=DESCRIPTOR:file:///Users/sameer.shaik/MyWorkSpace/17OctV2.2.3-New-BitBucketIssueFixed/conjur-credentials-plugin/target/jenkins-for-test/WEB-INF/web.xml}
18:14:22.752 [Executing testGetSecretContextNullAndStoreContextNull(org.conjur.jenkins.conjursecrets.ConjurSecretCredentialImplTest)] DEBUG org.eclipse.jetty.servlet.BaseHolder -- Holding class jenkins.JenkinsHttpSessionListener from jdk.internal.loader.ClassLoaders$AppClassLoader@5ffd2b27
18:14:22.752 [Executing testGetSecretContextNullAndStoreContextNull(org.conjur.jenkins.conjursecrets.ConjurSecretCredentialImplTest)] DEBUG org.eclipse.jetty.util.component.ContainerLifeCycle -- org.eclipse.jetty.server.session.SessionHandler396195835==dftMaxIdleSec=1800 added {jenkins.JenkinsHttpSessionListener@16db2ef9,UNMANAGED}
18:14:22.752 [Executing testGetSecretContextNullAndStoreContextNull(org.conjur.jenkins.conjursecrets.ConjurSecretCredentialImplTest)] DEBUG org.eclipse.jetty.util.component.AbstractLifeCycle -- STARTED @13310ms jenkins.JenkinsHttpSessionListener@71fd85ed{src=DESCRIPTOR:file:///Users/sameer.shaik/MyWorkSpace/17OctV2.2.3-New-BitBucketIssueFixed/conjur-credentials-plugin/target/jenkins-for-test/WEB-INF/web.xml}
18:14:22.752 [Executing testGetSecretContextNullAndStoreContextNull(org.conjur.jenkins.conjursecrets.ConjurSecretCredentialImplTest)] DEBUG org.eclipse.jetty.server.handler.AbstractHandler -- starting o.e.j.w.WebAppContext@394eef95{Jenkins v2.346.3,/jenkins,file:///Users/sameer.shaik/MyWorkSpace/17OctV2.2.3-New-BitBucketIssueFixed/conjur-credentials-plugin/target/jenkins-for-test/,STARTING}{/Users/sameer.shaik/MyWorkSpace/17OctV2.2.3-New-BitBucketIssueFixed/conjur-credentials-plugin/target/jenkins-for-test}
18:14:22.753 [Executing testGetSecretContextNullAndStoreContextNull(org.conjur.jenkins.conjursecrets.ConjurSecretCredentialImplTest)] DEBUG org.eclipse.jetty.util.component.AbstractLifeCycle -- starting SymlinkAllowedResourceAliasChecker@6f84b1e1{base=null,protected=[/WEB-INF, /META-INF]}
18:14:22.753 [Executing testGetSecretContextNullAndStoreContextNull(org.conjur.jenkins.conjursecrets.ConjurSecretCredentialImplTest)] DEBUG org.eclipse.jetty.util.component.AbstractLifeCycle -- STARTED @13311ms SymlinkAllowedResourceAliasChecker@6f84b1e1{base=null,protected=[/WEB-INF, /META-INF]}
18:14:22.753 [Executing testGetSecretContextNullAndStoreContextNull(org.conjur.jenkins.conjursecrets.ConjurSecretCredentialImplTest)] DEBUG org.eclipse.jetty.util.component.AbstractLifeCycle -- starting org.eclipse.jetty.server.session.SessionHandler396195835==dftMaxIdleSec=1800
18:14:22.753 [Executing testGetSecretContextNullAndStoreContextNull(org.conjur.jenkins.conjursecrets.ConjurSecretCredentialImplTest)] DEBUG org.eclipse.jetty.util.component.ContainerLifeCycle -- org.eclipse.jetty.server.session.SessionHandler396195835==dftMaxIdleSec=1800 added {org.eclipse.jetty.server.session.DefaultSessionCache@73a20465[evict=-1,removeUnloadable=false,saveOnCreate=false,saveOnInactiveEvict=false],AUTO}
18:14:22.754 [Executing testGetSecretContextNullAndStoreContextNull(org.conjur.jenkins.conjursecrets.ConjurSecretCredentialImplTest)] DEBUG org.eclipse.jetty.util.component.ContainerLifeCycle -- org.eclipse.jetty.server.session.DefaultSessionCache@73a20465[evict=-1,removeUnloadable=false,saveOnCreate=false,saveOnInactiveEvict=false] added {org.eclipse.jetty.server.session.NullSessionDataStore@4c9f691a[passivating=false,graceSec=3600],AUTO}
18:14:22.754 [Executing testGetSecretContextNullAndStoreContextNull(org.conjur.jenkins.conjursecrets.ConjurSecretCredentialImplTest)] DEBUG org.eclipse.jetty.util.component.AbstractLifeCycle -- starting DefaultSessionIdManager@6728f938{STOPPED}[worker=null]
18:14:22.755 [Executing testGetSecretContextNullAndStoreContextNull(org.conjur.jenkins.conjursecrets.ConjurSecretCredentialImplTest)] INFO org.eclipse.jetty.server.session -- DefaultSessionIdManager workerName=node0
18:14:22.755 [Executing testGetSecretContextNullAndStoreContextNull(org.conjur.jenkins.conjursecrets.ConjurSecretCredentialImplTest)] INFO org.eclipse.jetty.server.session -- No SessionScavenger set, using defaults
18:14:22.755 [Executing testGetSecretContextNullAndStoreContextNull(org.conjur.jenkins.conjursecrets.ConjurSecretCredentialImplTest)] DEBUG org.eclipse.jetty.util.component.ContainerLifeCycle -- DefaultSessionIdManager@6728f938{STARTING}[worker=node0] added {HouseKeeper@7cc96044{STOPPED}[interval=600000, ownscheduler=false],MANAGED}
18:14:22.755 [Executing testGetSecretContextNullAndStoreContextNull(org.conjur.jenkins.conjursecrets.ConjurSecretCredentialImplTest)] DEBUG org.eclipse.jetty.util.component.AbstractLifeCycle -- starting HouseKeeper@7cc96044{STOPPED}[interval=600000, ownscheduler=false]
18:14:22.756 [Executing testGetSecretContextNullAndStoreContextNull(org.conjur.jenkins.conjursecrets.ConjurSecretCredentialImplTest)] DEBUG org.eclipse.jetty.util.component.AbstractLifeCycle -- starting ScheduledExecutorScheduler@5c08b7dc{STOPPED}
18:14:22.756 [Executing testGetSecretContextNullAndStoreContextNull(org.conjur.jenkins.conjursecrets.ConjurSecretCredentialImplTest)] DEBUG org.eclipse.jetty.util.component.AbstractLifeCycle -- STARTED @13314ms ScheduledExecutorScheduler@5c08b7dc{STARTED}
18:14:22.756 [Executing testGetSecretContextNullAndStoreContextNull(org.conjur.jenkins.conjursecrets.ConjurSecretCredentialImplTest)] DEBUG org.eclipse.jetty.server.session -- Using own scheduler for scavenging
18:14:22.756 [Executing testGetSecretContextNullAndStoreContextNull(org.conjur.jenkins.conjursecrets.ConjurSecretCredentialImplTest)] INFO org.eclipse.jetty.server.session -- node0 Scavenging every 660000ms
18:14:22.756 [Executing testGetSecretContextNullAndStoreContextNull(org.conjur.jenkins.conjursecrets.ConjurSecretCredentialImplTest)] DEBUG org.eclipse.jetty.util.component.AbstractLifeCycle -- STARTED @13314ms HouseKeeper@7cc96044{STARTED}[interval=660000, ownscheduler=true]
18:14:22.757 [Executing testGetSecretContextNullAndStoreContextNull(org.conjur.jenkins.conjursecrets.ConjurSecretCredentialImplTest)] DEBUG org.eclipse.jetty.util.component.AbstractLifeCycle -- STARTED @13314ms DefaultSessionIdManager@6728f938{STARTED}[worker=node0]
18:14:22.757 [Executing testGetSecretContextNullAndStoreContextNull(org.conjur.jenkins.conjursecrets.ConjurSecretCredentialImplTest)] DEBUG org.eclipse.jetty.util.component.ContainerLifeCycle -- Server@7c4c7e78{STARTING}[9.4.48.v20220622] added {DefaultSessionIdManager@6728f938{STARTED}[worker=node0],MANAGED}
18:14:22.757 [Executing testGetSecretContextNullAndStoreContextNull(org.conjur.jenkins.conjursecrets.ConjurSecretCredentialImplTest)] DEBUG org.eclipse.jetty.util.component.ContainerLifeCycle -- org.eclipse.jetty.server.session.SessionHandler396195835==dftMaxIdleSec=1800 added {DefaultSessionIdManager@6728f938{STARTED}[worker=node0],UNMANAGED}
18:14:22.757 [Executing testGetSecretContextNullAndStoreContextNull(org.conjur.jenkins.conjursecrets.ConjurSecretCredentialImplTest)] DEBUG org.eclipse.jetty.util.component.AbstractLifeCycle -- starting ScheduledExecutorScheduler@2a5eb18c{STOPPED}
18:14:22.758 [Executing testGetSecretContextNullAndStoreContextNull(org.conjur.jenkins.conjursecrets.ConjurSecretCredentialImplTest)] DEBUG org.eclipse.jetty.util.component.AbstractLifeCycle -- STARTED @13315ms ScheduledExecutorScheduler@2a5eb18c{STARTED}
18:14:22.758 [Executing testGetSecretContextNullAndStoreContextNull(org.conjur.jenkins.conjursecrets.ConjurSecretCredentialImplTest)] DEBUG org.eclipse.jetty.server.handler.AbstractHandler -- starting org.eclipse.jetty.server.session.SessionHandler396195835==dftMaxIdleSec=1800
18:14:22.758 [Executing testGetSecretContextNullAndStoreContextNull(org.conjur.jenkins.conjursecrets.ConjurSecretCredentialImplTest)] DEBUG org.eclipse.jetty.util.component.AbstractLifeCycle -- starting ConstraintSecurityHandler@596110da{STOPPED}
18:14:22.758 [Executing testGetSecretContextNullAndStoreContextNull(org.conjur.jenkins.conjursecrets.ConjurSecretCredentialImplTest)] DEBUG org.eclipse.jetty.util.component.ContainerLifeCycle -- ConstraintSecurityHandler@596110da{STARTING} added {org.eclipse.jetty.security.DefaultIdentityService@719aacd,POJO}
18:14:22.758 [Executing testGetSecretContextNullAndStoreContextNull(org.conjur.jenkins.conjursecrets.ConjurSecretCredentialImplTest)] DEBUG org.eclipse.jetty.security.SecurityHandler -- Created authenticator org.eclipse.jetty.security.authentication.FormAuthenticator@1da22fc3 with org.eclipse.jetty.security.DefaultAuthenticatorFactory@433300e3
18:14:22.759 [Executing testGetSecretContextNullAndStoreContextNull(org.conjur.jenkins.conjursecrets.ConjurSecretCredentialImplTest)] DEBUG org.eclipse.jetty.util.component.ContainerLifeCycle -- ConstraintSecurityHandler@596110da{STARTING} added {org.eclipse.jetty.security.authentication.FormAuthenticator@1da22fc3,POJO}
18:14:22.759 [Executing testGetSecretContextNullAndStoreContextNull(org.conjur.jenkins.conjursecrets.ConjurSecretCredentialImplTest)] DEBUG org.eclipse.jetty.server.handler.AbstractHandler -- starting ConstraintSecurityHandler@596110da{STARTING}
18:14:22.759 [Executing testGetSecretContextNullAndStoreContextNull(org.conjur.jenkins.conjursecrets.ConjurSecretCredentialImplTest)] DEBUG org.eclipse.jetty.util.component.AbstractLifeCycle -- starting ServletHandler@70c788c7{STOPPED}
18:14:22.759 [Executing testGetSecretContextNullAndStoreContextNull(org.conjur.jenkins.conjursecrets.ConjurSecretCredentialImplTest)] DEBUG org.eclipse.jetty.servlet.ServletHandler -- Path=*.jspx[DESCRIPTOR:jar:file:/Users/sameer.shaik/.m2/repository/org/eclipse/jetty/jetty-webapp/9.4.48.v20220622/jetty-webapp-9.4.48.v20220622.jar!/org/eclipse/jetty/webapp/webdefault.xml] mapped to servlet=jsp[DESCRIPTOR:jar:file:/Users/sameer.shaik/.m2/repository/org/eclipse/jetty/jetty-webapp/9.4.48.v20220622/jetty-webapp-9.4.48.v20220622.jar!/org/eclipse/jetty/webapp/webdefault.xml]
18:14:22.760 [Executing testGetSecretContextNullAndStoreContextNull(org.conjur.jenkins.conjursecrets.ConjurSecretCredentialImplTest)] DEBUG org.eclipse.jetty.http.pathmap.ServletPathSpec -- Creating ServletPathSpec[*.jspx] (group: SUFFIX_GLOB, prefix: "null", suffix: "jspx")
18:14:22.760 [Executing testGetSecretContextNullAndStoreContextNull(org.conjur.jenkins.conjursecrets.ConjurSecretCredentialImplTest)] DEBUG org.eclipse.jetty.http.pathmap.PathMappings -- Added MappedResource[pathSpec=ServletPathSpec@96a7cfb7{*.jspx},resource=jsp==org.eclipse.jetty.servlet.NoJspServlet@19c47{jsp=null,order=0,inst=false,async=false,src=DESCRIPTOR:jar:file:/Users/sameer.shaik/.m2/repository/org/eclipse/jetty/jetty-webapp/9.4.48.v20220622/jetty-webapp-9.4.48.v20220622.jar!/org/eclipse/jetty/webapp/webdefault.xml,STOPPED}] to PathMappings[size=1]
18:14:22.760 [Executing testGetSecretContextNullAndStoreContextNull(org.conjur.jenkins.conjursecrets.ConjurSecretCredentialImplTest)] DEBUG org.eclipse.jetty.servlet.ServletHandler -- Path=*.JSPX[DESCRIPTOR:jar:file:/Users/sameer.shaik/.m2/repository/org/eclipse/jetty/jetty-webapp/9.4.48.v20220622/jetty-webapp-9.4.48.v20220622.jar!/org/eclipse/jetty/webapp/webdefault.xml] mapped to servlet=jsp[DESCRIPTOR:jar:file:/Users/sameer.shaik/.m2/repository/org/eclipse/jetty/jetty-webapp/9.4.48.v20220622/jetty-webapp-9.4.48.v20220622.jar!/org/eclipse/jetty/webapp/webdefault.xml]
18:14:22.761 [Executing testGetSecretContextNullAndStoreContextNull(org.conjur.jenkins.conjursecrets.ConjurSecretCredentialImplTest)] DEBUG org.eclipse.jetty.http.pathmap.ServletPathSpec -- Creating ServletPathSpec[*.JSPX] (group: SUFFIX_GLOB, prefix: "null", suffix: "JSPX")
18:14:22.761 [Executing testGetSecretContextNullAndStoreContextNull(org.conjur.jenkins.conjursecrets.ConjurSecretCredentialImplTest)] DEBUG org.eclipse.jetty.http.pathmap.PathMappings -- Added MappedResource[pathSpec=ServletPathSpec@94d5d7b7{*.JSPX},resource=jsp==org.eclipse.jetty.servlet.NoJspServlet@19c47{jsp=null,order=0,inst=false,async=false,src=DESCRIPTOR:jar:file:/Users/sameer.shaik/.m2/repository/org/eclipse/jetty/jetty-webapp/9.4.48.v20220622/jetty-webapp-9.4.48.v20220622.jar!/org/eclipse/jetty/webapp/webdefault.xml,STOPPED}] to PathMappings[size=2]
18:14:22.761 [Executing testGetSecretContextNullAndStoreContextNull(org.conjur.jenkins.conjursecrets.ConjurSecretCredentialImplTest)] DEBUG org.eclipse.jetty.servlet.ServletHandler -- Path=*.JSPF[DESCRIPTOR:jar:file:/Users/sameer.shaik/.m2/repository/org/eclipse/jetty/jetty-webapp/9.4.48.v20220622/jetty-webapp-9.4.48.v20220622.jar!/org/eclipse/jetty/webapp/webdefault.xml] mapped to servlet=jsp[DESCRIPTOR:jar:file:/Users/sameer.shaik/.m2/repository/org/eclipse/jetty/jetty-webapp/9.4.48.v20220622/jetty-webapp-9.4.48.v20220622.jar!/org/eclipse/jetty/webapp/webdefault.xml]
18:14:22.762 [Executing testGetSecretContextNullAndStoreContextNull(org.conjur.jenkins.conjursecrets.ConjurSecretCredentialImplTest)] DEBUG org.eclipse.jetty.http.pathmap.ServletPathSpec -- Creating ServletPathSpec[*.JSPF] (group: SUFFIX_GLOB, prefix: "null", suffix: "JSPF")
18:14:22.762 [Executing testGetSecretContextNullAndStoreContextNull(org.conjur.jenkins.conjursecrets.ConjurSecretCredentialImplTest)] DEBUG org.eclipse.jetty.http.pathmap.PathMappings -- Added MappedResource[pathSpec=ServletPathSpec@94d5d589{*.JSPF},resource=jsp==org.eclipse.jetty.servlet.NoJspServlet@19c47{jsp=null,order=0,inst=false,async=false,src=DESCRIPTOR:jar:file:/Users/sameer.shaik/.m2/repository/org/eclipse/jetty/jetty-webapp/9.4.48.v20220622/jetty-webapp-9.4.48.v20220622.jar!/org/eclipse/jetty/webapp/webdefault.xml,STOPPED}] to PathMappings[size=3]
18:14:22.762 [Executing testGetSecretContextNullAndStoreContextNull(org.conjur.jenkins.conjursecrets.ConjurSecretCredentialImplTest)] DEBUG org.eclipse.jetty.servlet.ServletHandler -- Path=*.jsp[DESCRIPTOR:jar:file:/Users/sameer.shaik/.m2/repository/org/eclipse/jetty/jetty-webapp/9.4.48.v20220622/jetty-webapp-9.4.48.v20220622.jar!/org/eclipse/jetty/webapp/webdefault.xml] mapped to servlet=jsp[DESCRIPTOR:jar:file:/Users/sameer.shaik/.m2/repository/org/eclipse/jetty/jetty-webapp/9.4.48.v20220622/jetty-webapp-9.4.48.v20220622.jar!/org/eclipse/jetty/webapp/webdefault.xml]
18:14:22.763 [Executing testGetSecretContextNullAndStoreContextNull(org.conjur.jenkins.conjursecrets.ConjurSecretCredentialImplTest)] DEBUG org.eclipse.jetty.http.pathmap.ServletPathSpec -- Creating ServletPathSpec[*.jsp] (group: SUFFIX_GLOB, prefix: "null", suffix: "jsp")
18:14:22.763 [Executing testGetSecretContextNullAndStoreContextNull(org.conjur.jenkins.conjursecrets.ConjurSecretCredentialImplTest)] DEBUG org.eclipse.jetty.http.pathmap.PathMappings -- Added MappedResource[pathSpec=ServletPathSpec@debd2188{*.jsp},resource=jsp==org.eclipse.jetty.servlet.NoJspServlet@19c47{jsp=null,order=0,inst=false,async=false,src=DESCRIPTOR:jar:file:/Users/sameer.shaik/.m2/repository/org/eclipse/jetty/jetty-webapp/9.4.48.v20220622/jetty-webapp-9.4.48.v20220622.jar!/org/eclipse/jetty/webapp/webdefault.xml,STOPPED}] to PathMappings[size=4]
18:14:22.763 [Executing testGetSecretContextNullAndStoreContextNull(org.conjur.jenkins.conjursecrets.ConjurSecretCredentialImplTest)] DEBUG org.eclipse.jetty.servlet.ServletHandler -- Path=*.JSP[DESCRIPTOR:jar:file:/Users/sameer.shaik/.m2/repository/org/eclipse/jetty/jetty-webapp/9.4.48.v20220622/jetty-webapp-9.4.48.v20220622.jar!/org/eclipse/jetty/webapp/webdefault.xml] mapped to servlet=jsp[DESCRIPTOR:jar:file:/Users/sameer.shaik/.m2/repository/org/eclipse/jetty/jetty-webapp/9.4.48.v20220622/jetty-webapp-9.4.48.v20220622.jar!/org/eclipse/jetty/webapp/webdefault.xml]
18:14:22.763 [Executing testGetSecretContextNullAndStoreContextNull(org.conjur.jenkins.conjursecrets.ConjurSecretCredentialImplTest)] DEBUG org.eclipse.jetty.http.pathmap.ServletPathSpec -- Creating ServletPathSpec[*.JSP] (group: SUFFIX_GLOB, prefix: "null", suffix: "JSP")
18:14:22.764 [Executing testGetSecretContextNullAndStoreContextNull(org.conjur.jenkins.conjursecrets.ConjurSecretCredentialImplTest)] DEBUG org.eclipse.jetty.http.pathmap.PathMappings -- Added MappedResource[pathSpec=ServletPathSpec@deae19a8{*.JSP},resource=jsp==org.eclipse.jetty.servlet.NoJspServlet@19c47{jsp=null,order=0,inst=false,async=false,src=DESCRIPTOR:jar:file:/Users/sameer.shaik/.m2/repository/org/eclipse/jetty/jetty-webapp/9.4.48.v20220622/jetty-webapp-9.4.48.v20220622.jar!/org/eclipse/jetty/webapp/webdefault.xml,STOPPED}] to PathMappings[size=5]
18:14:22.764 [Executing testGetSecretContextNullAndStoreContextNull(org.conjur.jenkins.conjursecrets.ConjurSecretCredentialImplTest)] DEBUG org.eclipse.jetty.servlet.ServletHandler -- Path=*.jspf[DESCRIPTOR:jar:file:/Users/sameer.shaik/.m2/repository/org/eclipse/jetty/jetty-webapp/9.4.48.v20220622/jetty-webapp-9.4.48.v20220622.jar!/org/eclipse/jetty/webapp/webdefault.xml] mapped to servlet=jsp[DESCRIPTOR:jar:file:/Users/sameer.shaik/.m2/repository/org/eclipse/jetty/jetty-webapp/9.4.48.v20220622/jetty-webapp-9.4.48.v20220622.jar!/org/eclipse/jetty/webapp/webdefault.xml]
18:14:22.764 [Executing testGetSecretContextNullAndStoreContextNull(org.conjur.jenkins.conjursecrets.ConjurSecretCredentialImplTest)] DEBUG org.eclipse.jetty.http.pathmap.ServletPathSpec -- Creating ServletPathSpec[*.jspf] (group: SUFFIX_GLOB, prefix: "null", suffix: "jspf")
18:14:22.765 [Executing testGetSecretContextNullAndStoreContextNull(org.conjur.jenkins.conjursecrets.ConjurSecretCredentialImplTest)] DEBUG org.eclipse.jetty.http.pathmap.PathMappings -- Added MappedResource[pathSpec=ServletPathSpec@96a7cd89{*.jspf},resource=jsp==org.eclipse.jetty.servlet.NoJspServlet@19c47{jsp=null,order=0,inst=false,async=false,src=DESCRIPTOR:jar:file:/Users/sameer.shaik/.m2/repository/org/eclipse/jetty/jetty-webapp/9.4.48.v20220622/jetty-webapp-9.4.48.v20220622.jar!/org/eclipse/jetty/webapp/webdefault.xml,STOPPED}] to PathMappings[size=6]
18:14:22.765 [Executing testGetSecretContextNullAndStoreContextNull(org.conjur.jenkins.conjursecrets.ConjurSecretCredentialImplTest)] DEBUG org.eclipse.jetty.servlet.ServletHandler -- Path=*.XSP[DESCRIPTOR:jar:file:/Users/sameer.shaik/.m2/repository/org/eclipse/jetty/jetty-webapp/9.4.48.v20220622/jetty-webapp-9.4.48.v20220622.jar!/org/eclipse/jetty/webapp/webdefault.xml] mapped to servlet=jsp[DESCRIPTOR:jar:file:/Users/sameer.shaik/.m2/repository/org/eclipse/jetty/jetty-webapp/9.4.48.v20220622/jetty-webapp-9.4.48.v20220622.jar!/org/eclipse/jetty/webapp/webdefault.xml]
18:14:22.765 [Executing testGetSecretContextNullAndStoreContextNull(org.conjur.jenkins.conjursecrets.ConjurSecretCredentialImplTest)] DEBUG org.eclipse.jetty.http.pathmap.ServletPathSpec -- Creating ServletPathSpec[*.XSP] (group: SUFFIX_GLOB, prefix: "null", suffix: "XSP")
18:14:22.766 [Executing testGetSecretContextNullAndStoreContextNull(org.conjur.jenkins.conjursecrets.ConjurSecretCredentialImplTest)] DEBUG org.eclipse.jetty.http.pathmap.PathMappings -- Added MappedResource[pathSpec=ServletPathSpec@deb476da{*.XSP},resource=jsp==org.eclipse.jetty.servlet.NoJspServlet@19c47{jsp=null,order=0,inst=false,async=false,src=DESCRIPTOR:jar:file:/Users/sameer.shaik/.m2/repository/org/eclipse/jetty/jetty-webapp/9.4.48.v20220622/jetty-webapp-9.4.48.v20220622.jar!/org/eclipse/jetty/webapp/webdefault.xml,STOPPED}] to PathMappings[size=7]
18:14:22.766 [Executing testGetSecretContextNullAndStoreContextNull(org.conjur.jenkins.conjursecrets.ConjurSecretCredentialImplTest)] DEBUG org.eclipse.jetty.servlet.ServletHandler -- Path=*.xsp[DESCRIPTOR:jar:file:/Users/sameer.shaik/.m2/repository/org/eclipse/jetty/jetty-webapp/9.4.48.v20220622/jetty-webapp-9.4.48.v20220622.jar!/org/eclipse/jetty/webapp/webdefault.xml] mapped to servlet=jsp[DESCRIPTOR:jar:file:/Users/sameer.shaik/.m2/repository/org/eclipse/jetty/jetty-webapp/9.4.48.v20220622/jetty-webapp-9.4.48.v20220622.jar!/org/eclipse/jetty/webapp/webdefault.xml]
18:14:22.766 [Executing testGetSecretContextNullAndStoreContextNull(org.conjur.jenkins.conjursecrets.ConjurSecretCredentialImplTest)] DEBUG org.eclipse.jetty.http.pathmap.ServletPathSpec -- Creating ServletPathSpec[*.xsp] (group: SUFFIX_GLOB, prefix: "null", suffix: "xsp")
18:14:22.766 [Executing testGetSecretContextNullAndStoreContextNull(org.conjur.jenkins.conjursecrets.ConjurSecretCredentialImplTest)] DEBUG org.eclipse.jetty.http.pathmap.PathMappings -- Added MappedResource[pathSpec=ServletPathSpec@dec37eba{*.xsp},resource=jsp==org.eclipse.jetty.servlet.NoJspServlet@19c47{jsp=null,order=0,inst=false,async=false,src=DESCRIPTOR:jar:file:/Users/sameer.shaik/.m2/repository/org/eclipse/jetty/jetty-webapp/9.4.48.v20220622/jetty-webapp-9.4.48.v20220622.jar!/org/eclipse/jetty/webapp/webdefault.xml,STOPPED}] to PathMappings[size=8]
18:14:22.767 [Executing testGetSecretContextNullAndStoreContextNull(org.conjur.jenkins.conjursecrets.ConjurSecretCredentialImplTest)] DEBUG org.eclipse.jetty.servlet.ServletHandler -- Path=/*[DESCRIPTOR:file:///Users/sameer.shaik/MyWorkSpace/17OctV2.2.3-New-BitBucketIssueFixed/conjur-credentials-plugin/target/jenkins-for-test/WEB-INF/web.xml] mapped to servlet=Stapler[DESCRIPTOR:file:///Users/sameer.shaik/MyWorkSpace/17OctV2.2.3-New-BitBucketIssueFixed/conjur-credentials-plugin/target/jenkins-for-test/WEB-INF/web.xml]
18:14:22.767 [Executing testGetSecretContextNullAndStoreContextNull(org.conjur.jenkins.conjursecrets.ConjurSecretCredentialImplTest)] DEBUG org.eclipse.jetty.http.pathmap.ServletPathSpec -- Creating ServletPathSpec[/*] (group: PREFIX_GLOB, prefix: "", suffix: "null")
18:14:22.767 [Executing testGetSecretContextNullAndStoreContextNull(org.conjur.jenkins.conjursecrets.ConjurSecretCredentialImplTest)] DEBUG org.eclipse.jetty.http.pathmap.PathMappings -- Added MappedResource[pathSpec=ServletPathSpec@9457a78e{/*},resource=Stapler==org.kohsuke.stapler.Stapler@f222d1a9{jsp=null,order=-1,inst=false,async=true,src=DESCRIPTOR:file:///Users/sameer.shaik/MyWorkSpace/17OctV2.2.3-New-BitBucketIssueFixed/conjur-credentials-plugin/target/jenkins-for-test/WEB-INF/web.xml,STOPPED}] to PathMappings[size=9]
18:14:22.768 [Executing testGetSecretContextNullAndStoreContextNull(org.conjur.jenkins.conjursecrets.ConjurSecretCredentialImplTest)] DEBUG org.eclipse.jetty.servlet.ServletHandler -- Path=/[DESCRIPTOR:jar:file:/Users/sameer.shaik/.m2/repository/org/eclipse/jetty/jetty-webapp/9.4.48.v20220622/jetty-webapp-9.4.48.v20220622.jar!/org/eclipse/jetty/webapp/webdefault.xml] mapped to servlet=default[DESCRIPTOR:jar:file:/Users/sameer.shaik/.m2/repository/org/eclipse/jetty/jetty-webapp/9.4.48.v20220622/jetty-webapp-9.4.48.v20220622.jar!/org/eclipse/jetty/webapp/webdefault.xml]
18:14:22.768 [Executing testGetSecretContextNullAndStoreContextNull(org.conjur.jenkins.conjursecrets.ConjurSecretCredentialImplTest)] DEBUG org.eclipse.jetty.http.pathmap.PathMappings -- Added MappedResource[pathSpec=ServletPathSpec@9457dcb7{/},resource=default==org.eclipse.jetty.servlet.DefaultServlet@5c13d641{jsp=null,order=0,inst=false,async=false,src=DESCRIPTOR:jar:file:/Users/sameer.shaik/.m2/repository/org/eclipse/jetty/jetty-webapp/9.4.48.v20220622/jetty-webapp-9.4.48.v20220622.jar!/org/eclipse/jetty/webapp/webdefault.xml,STOPPED}] to PathMappings[size=10]
18:14:22.768 [Executing testGetSecretContextNullAndStoreContextNull(org.conjur.jenkins.conjursecrets.ConjurSecretCredentialImplTest)] DEBUG org.eclipse.jetty.servlet.ServletHandler -- filterNameMap={csrf-filter=csrf-filter==hudson.security.csrf.CrumbFilter@7209a17a{inst=false,async=true,src=DESCRIPTOR:file:///Users/sameer.shaik/MyWorkSpace/17OctV2.2.3-New-BitBucketIssueFixed/conjur-credentials-plugin/target/jenkins-for-test/WEB-INF/web.xml}, encoding-filter=encoding-filter==hudson.util.CharacterEncodingFilter@11ebacd{inst=false,async=true,src=DESCRIPTOR:file:///Users/sameer.shaik/MyWorkSpace/17OctV2.2.3-New-BitBucketIssueFixed/conjur-credentials-plugin/target/jenkins-for-test/WEB-INF/web.xml}, diagnostic-name-filter=diagnostic-name-filter==org.kohsuke.stapler.DiagnosticThreadNameFilter@270d3620{inst=false,async=true,src=DESCRIPTOR:file:///Users/sameer.shaik/MyWorkSpace/17OctV2.2.3-New-BitBucketIssueFixed/conjur-credentials-plugin/target/jenkins-for-test/WEB-INF/web.xml}, compression-filter=compression-filter==org.kohsuke.stapler.compression.CompressionFilter@1cd195ee{inst=false,async=true,src=DESCRIPTOR:file:///Users/sameer.shaik/MyWorkSpace/17OctV2.2.3-New-BitBucketIssueFixed/conjur-credentials-plugin/target/jenkins-for-test/WEB-INF/web.xml}, plugins-filter=plugins-filter==hudson.util.PluginServletFilter@6b5b524{inst=false,async=true,src=DESCRIPTOR:file:///Users/sameer.shaik/MyWorkSpace/17OctV2.2.3-New-BitBucketIssueFixed/conjur-credentials-plugin/target/jenkins-for-test/WEB-INF/web.xml}, authentication-filter=authentication-filter==hudson.security.HudsonFilter@3cfb2cf3{inst=false,async=true,src=DESCRIPTOR:file:///Users/sameer.shaik/MyWorkSpace/17OctV2.2.3-New-BitBucketIssueFixed/conjur-credentials-plugin/target/jenkins-for-test/WEB-INF/web.xml}, suspicious-request-filter=suspicious-request-filter==jenkins.security.SuspiciousRequestFilter@584f18a7{inst=false,async=true,src=DESCRIPTOR:file:///Users/sameer.shaik/MyWorkSpace/17OctV2.2.3-New-BitBucketIssueFixed/conjur-credentials-plugin/target/jenkins-for-test/WEB-INF/web.xml}}
18:14:22.770 [Executing testGetSecretContextNullAndStoreContextNull(org.conjur.jenkins.conjursecrets.ConjurSecretCredentialImplTest)] DEBUG org.eclipse.jetty.servlet.ServletHandler -- pathFilters=[[/*]/[]/[ASYNC, REQUEST]=>plugins-filter, [/*]/[]/[ASYNC, REQUEST]=>csrf-filter, [/*]/[]/[ASYNC, REQUEST]=>authentication-filter, [/*]/[]/[ASYNC, REQUEST]=>compression-filter, [/*]/[]/[ASYNC, REQUEST]=>encoding-filter, [/*]/[]/[ASYNC, REQUEST]=>diagnostic-name-filter, [/*]/[]/[ASYNC, REQUEST]=>suspicious-request-filter]
18:14:22.770 [Executing testGetSecretContextNullAndStoreContextNull(org.conjur.jenkins.conjursecrets.ConjurSecretCredentialImplTest)] DEBUG org.eclipse.jetty.servlet.ServletHandler -- servletFilterMap={}
18:14:22.770 [Executing testGetSecretContextNullAndStoreContextNull(org.conjur.jenkins.conjursecrets.ConjurSecretCredentialImplTest)] DEBUG org.eclipse.jetty.servlet.ServletHandler -- servletPathMap=PathMappings[size=10]
18:14:22.770 [Executing testGetSecretContextNullAndStoreContextNull(org.conjur.jenkins.conjursecrets.ConjurSecretCredentialImplTest)] DEBUG org.eclipse.jetty.servlet.ServletHandler -- servletNameMap={default=default==org.eclipse.jetty.servlet.DefaultServlet@5c13d641{jsp=null,order=0,inst=false,async=false,src=DESCRIPTOR:jar:file:/Users/sameer.shaik/.m2/repository/org/eclipse/jetty/jetty-webapp/9.4.48.v20220622/jetty-webapp-9.4.48.v20220622.jar!/org/eclipse/jetty/webapp/webdefault.xml,STOPPED}, jsp=jsp==org.eclipse.jetty.servlet.NoJspServlet@19c47{jsp=null,order=0,inst=false,async=false,src=DESCRIPTOR:jar:file:/Users/sameer.shaik/.m2/repository/org/eclipse/jetty/jetty-webapp/9.4.48.v20220622/jetty-webapp-9.4.48.v20220622.jar!/org/eclipse/jetty/webapp/webdefault.xml,STOPPED}, Stapler=Stapler==org.kohsuke.stapler.Stapler@f222d1a9{jsp=null,order=-1,inst=false,async=true,src=DESCRIPTOR:file:///Users/sameer.shaik/MyWorkSpace/17OctV2.2.3-New-BitBucketIssueFixed/conjur-credentials-plugin/target/jenkins-for-test/WEB-INF/web.xml,STOPPED}}
18:14:22.771 [Executing testGetSecretContextNullAndStoreContextNull(org.conjur.jenkins.conjursecrets.ConjurSecretCredentialImplTest)] DEBUG org.eclipse.jetty.server.handler.AbstractHandler -- starting ServletHandler@70c788c7{STARTING}
18:14:22.771 [Executing testGetSecretContextNullAndStoreContextNull(org.conjur.jenkins.conjursecrets.ConjurSecretCredentialImplTest)] DEBUG org.eclipse.jetty.util.component.AbstractLifeCycle -- STARTED @13329ms ServletHandler@70c788c7{STARTED}
18:14:22.771 [Executing testGetSecretContextNullAndStoreContextNull(org.conjur.jenkins.conjursecrets.ConjurSecretCredentialImplTest)] DEBUG org.eclipse.jetty.util.component.AbstractLifeCycle -- starting HashLoginService@4b5482d0[default]
18:14:22.771 [Executing testGetSecretContextNullAndStoreContextNull(org.conjur.jenkins.conjursecrets.ConjurSecretCredentialImplTest)] DEBUG org.eclipse.jetty.util.component.AbstractLifeCycle -- starting UserStore@4318ace6{STOPPED}
18:14:22.772 [Executing testGetSecretContextNullAndStoreContextNull(org.conjur.jenkins.conjursecrets.ConjurSecretCredentialImplTest)] DEBUG org.eclipse.jetty.util.component.AbstractLifeCycle -- STARTED @13329ms UserStore@4318ace6{STARTED}
18:14:22.772 [Executing testGetSecretContextNullAndStoreContextNull(org.conjur.jenkins.conjursecrets.ConjurSecretCredentialImplTest)] DEBUG org.eclipse.jetty.util.component.AbstractLifeCycle -- STARTED @13330ms HashLoginService@4b5482d0[default]
18:14:22.772 [Executing testGetSecretContextNullAndStoreContextNull(org.conjur.jenkins.conjursecrets.ConjurSecretCredentialImplTest)] DEBUG org.eclipse.jetty.util.component.AbstractLifeCycle -- STARTED @13330ms ConstraintSecurityHandler@596110da{STARTED}
18:14:22.772 [Executing testGetSecretContextNullAndStoreContextNull(org.conjur.jenkins.conjursecrets.ConjurSecretCredentialImplTest)] DEBUG org.eclipse.jetty.util.component.AbstractLifeCycle -- starting org.eclipse.jetty.server.session.DefaultSessionCache@73a20465[evict=-1,removeUnloadable=false,saveOnCreate=false,saveOnInactiveEvict=false]
18:14:22.772 [Executing testGetSecretContextNullAndStoreContextNull(org.conjur.jenkins.conjursecrets.ConjurSecretCredentialImplTest)] DEBUG org.eclipse.jetty.util.component.AbstractLifeCycle -- starting org.eclipse.jetty.server.session.NullSessionDataStore@4c9f691a[passivating=false,graceSec=3600]
18:14:22.773 [Executing testGetSecretContextNullAndStoreContextNull(org.conjur.jenkins.conjursecrets.ConjurSecretCredentialImplTest)] DEBUG org.eclipse.jetty.util.component.AbstractLifeCycle -- STARTED @13330ms org.eclipse.jetty.server.session.NullSessionDataStore@4c9f691a[passivating=false,graceSec=3600]
18:14:22.773 [Executing testGetSecretContextNullAndStoreContextNull(org.conjur.jenkins.conjursecrets.ConjurSecretCredentialImplTest)] DEBUG org.eclipse.jetty.util.component.AbstractLifeCycle -- STARTED @13331ms org.eclipse.jetty.server.session.DefaultSessionCache@73a20465[evict=-1,removeUnloadable=false,saveOnCreate=false,saveOnInactiveEvict=false]
18:14:22.773 [Executing testGetSecretContextNullAndStoreContextNull(org.conjur.jenkins.conjursecrets.ConjurSecretCredentialImplTest)] DEBUG org.eclipse.jetty.util.component.AbstractLifeCycle -- STARTED @13331ms org.eclipse.jetty.server.session.SessionHandler396195835==dftMaxIdleSec=1800
18:14:22.773 [Executing testGetSecretContextNullAndStoreContextNull(org.conjur.jenkins.conjursecrets.ConjurSecretCredentialImplTest)] DEBUG org.eclipse.jetty.util.component.AbstractLifeCycle -- starting ErrorPageErrorHandler@c991b8b{STOPPED}
18:14:22.773 [Executing testGetSecretContextNullAndStoreContextNull(org.conjur.jenkins.conjursecrets.ConjurSecretCredentialImplTest)] DEBUG org.eclipse.jetty.server.handler.AbstractHandler -- starting ErrorPageErrorHandler@c991b8b{STARTING}
18:14:22.773 [Executing testGetSecretContextNullAndStoreContextNull(org.conjur.jenkins.conjursecrets.ConjurSecretCredentialImplTest)] DEBUG org.eclipse.jetty.util.component.AbstractLifeCycle -- STARTED @13331ms ErrorPageErrorHandler@c991b8b{STARTED}
18:14:22.774 [Executing testGetSecretContextNullAndStoreContextNull(org.conjur.jenkins.conjursecrets.ConjurSecretCredentialImplTest)] DEBUG org.eclipse.jetty.util.component.AbstractLifeCycle -- starting NoListenerConfiguration@5d2f2d02{STOPPED}
18:14:22.774 [Executing testGetSecretContextNullAndStoreContextNull(org.conjur.jenkins.conjursecrets.ConjurSecretCredentialImplTest)] DEBUG org.eclipse.jetty.util.component.AbstractLifeCycle -- STARTED @13332ms NoListenerConfiguration@5d2f2d02{STARTED}
18:14:22.774 [Executing testGetSecretContextNullAndStoreContextNull(org.conjur.jenkins.conjursecrets.ConjurSecretCredentialImplTest)] DEBUG org.eclipse.jetty.server.handler.ContextHandler -- contextInitialized: javax.servlet.ServletContextEvent[source=ServletContext@o.e.j.w.WebAppContext@394eef95{Jenkins v2.346.3,/jenkins,file:///Users/sameer.shaik/MyWorkSpace/17OctV2.2.3-New-BitBucketIssueFixed/conjur-credentials-plugin/target/jenkins-for-test/,STARTING}{/Users/sameer.shaik/MyWorkSpace/17OctV2.2.3-New-BitBucketIssueFixed/conjur-credentials-plugin/target/jenkins-for-test}]->org.eclipse.jetty.servlet.listener.ELContextCleaner@6898926b
18:14:22.774 [Executing testGetSecretContextNullAndStoreContextNull(org.conjur.jenkins.conjursecrets.ConjurSecretCredentialImplTest)] DEBUG org.eclipse.jetty.server.handler.ContextHandler -- contextInitialized: javax.servlet.ServletContextEvent[source=ServletContext@o.e.j.w.WebAppContext@394eef95{Jenkins v2.346.3,/jenkins,file:///Users/sameer.shaik/MyWorkSpace/17OctV2.2.3-New-BitBucketIssueFixed/conjur-credentials-plugin/target/jenkins-for-test/,STARTING}{/Users/sameer.shaik/MyWorkSpace/17OctV2.2.3-New-BitBucketIssueFixed/conjur-credentials-plugin/target/jenkins-for-test}]->org.eclipse.jetty.servlet.listener.IntrospectorCleaner@37159c25
18:14:22.775 [Executing testGetSecretContextNullAndStoreContextNull(org.conjur.jenkins.conjursecrets.ConjurSecretCredentialImplTest)] DEBUG org.eclipse.jetty.server.handler.ContextHandler -- contextInitialized: javax.servlet.ServletContextEvent[source=ServletContext@o.e.j.w.WebAppContext@394eef95{Jenkins v2.346.3,/jenkins,file:///Users/sameer.shaik/MyWorkSpace/17OctV2.2.3-New-BitBucketIssueFixed/conjur-credentials-plugin/target/jenkins-for-test/,STARTING}{/Users/sameer.shaik/MyWorkSpace/17OctV2.2.3-New-BitBucketIssueFixed/conjur-credentials-plugin/target/jenkins-for-test}]->jenkins.util.SystemProperties$Listener@3b457133
18:14:22.775 [Executing testGetSecretContextNullAndStoreContextNull(org.conjur.jenkins.conjursecrets.ConjurSecretCredentialImplTest)] DEBUG org.eclipse.jetty.util.component.AbstractLifeCycle -- starting suspicious-request-filter==jenkins.security.SuspiciousRequestFilter@584f18a7{inst=false,async=true,src=DESCRIPTOR:file:///Users/sameer.shaik/MyWorkSpace/17OctV2.2.3-New-BitBucketIssueFixed/conjur-credentials-plugin/target/jenkins-for-test/WEB-INF/web.xml}
18:14:22.776 [Executing testGetSecretContextNullAndStoreContextNull(org.conjur.jenkins.conjursecrets.ConjurSecretCredentialImplTest)] DEBUG org.eclipse.jetty.servlet.BaseHolder -- Holding class jenkins.security.SuspiciousRequestFilter from jdk.internal.loader.ClassLoaders$AppClassLoader@5ffd2b27
18:14:22.776 [Executing testGetSecretContextNullAndStoreContextNull(org.conjur.jenkins.conjursecrets.ConjurSecretCredentialImplTest)] DEBUG org.eclipse.jetty.util.component.AbstractLifeCycle -- STARTED @13334ms suspicious-request-filter==jenkins.security.SuspiciousRequestFilter@584f18a7{inst=false,async=true,src=DESCRIPTOR:file:///Users/sameer.shaik/MyWorkSpace/17OctV2.2.3-New-BitBucketIssueFixed/conjur-credentials-plugin/target/jenkins-for-test/WEB-INF/web.xml}
18:14:22.776 [Executing testGetSecretContextNullAndStoreContextNull(org.conjur.jenkins.conjursecrets.ConjurSecretCredentialImplTest)] DEBUG org.eclipse.jetty.servlet.FilterHolder -- Filter.init jenkins.security.SuspiciousRequestFilter@514db99a
18:14:22.776 [Executing testGetSecretContextNullAndStoreContextNull(org.conjur.jenkins.conjursecrets.ConjurSecretCredentialImplTest)] DEBUG org.eclipse.jetty.util.component.AbstractLifeCycle -- starting diagnostic-name-filter==org.kohsuke.stapler.DiagnosticThreadNameFilter@270d3620{inst=false,async=true,src=DESCRIPTOR:file:///Users/sameer.shaik/MyWorkSpace/17OctV2.2.3-New-BitBucketIssueFixed/conjur-credentials-plugin/target/jenkins-for-test/WEB-INF/web.xml}
18:14:22.777 [Executing testGetSecretContextNullAndStoreContextNull(org.conjur.jenkins.conjursecrets.ConjurSecretCredentialImplTest)] DEBUG org.eclipse.jetty.servlet.BaseHolder -- Holding class org.kohsuke.stapler.DiagnosticThreadNameFilter from jdk.internal.loader.ClassLoaders$AppClassLoader@5ffd2b27
18:14:22.777 [Executing testGetSecretContextNullAndStoreContextNull(org.conjur.jenkins.conjursecrets.ConjurSecretCredentialImplTest)] DEBUG org.eclipse.jetty.util.component.AbstractLifeCycle -- STARTED @13335ms diagnostic-name-filter==org.kohsuke.stapler.DiagnosticThreadNameFilter@270d3620{inst=false,async=true,src=DESCRIPTOR:file:///Users/sameer.shaik/MyWorkSpace/17OctV2.2.3-New-BitBucketIssueFixed/conjur-credentials-plugin/target/jenkins-for-test/WEB-INF/web.xml}
18:14:22.777 [Executing testGetSecretContextNullAndStoreContextNull(org.conjur.jenkins.conjursecrets.ConjurSecretCredentialImplTest)] DEBUG org.eclipse.jetty.servlet.FilterHolder -- Filter.init org.kohsuke.stapler.DiagnosticThreadNameFilter@7dea7212
18:14:22.777 [Executing testGetSecretContextNullAndStoreContextNull(org.conjur.jenkins.conjursecrets.ConjurSecretCredentialImplTest)] DEBUG org.eclipse.jetty.util.component.AbstractLifeCycle -- starting encoding-filter==hudson.util.CharacterEncodingFilter@11ebacd{inst=false,async=true,src=DESCRIPTOR:file:///Users/sameer.shaik/MyWorkSpace/17OctV2.2.3-New-BitBucketIssueFixed/conjur-credentials-plugin/target/jenkins-for-test/WEB-INF/web.xml}
18:14:22.778 [Executing testGetSecretContextNullAndStoreContextNull(org.conjur.jenkins.conjursecrets.ConjurSecretCredentialImplTest)] DEBUG org.eclipse.jetty.servlet.BaseHolder -- Holding class hudson.util.CharacterEncodingFilter from jdk.internal.loader.ClassLoaders$AppClassLoader@5ffd2b27
18:14:22.778 [Executing testGetSecretContextNullAndStoreContextNull(org.conjur.jenkins.conjursecrets.ConjurSecretCredentialImplTest)] DEBUG org.eclipse.jetty.util.component.AbstractLifeCycle -- STARTED @13336ms encoding-filter==hudson.util.CharacterEncodingFilter@11ebacd{inst=false,async=true,src=DESCRIPTOR:file:///Users/sameer.shaik/MyWorkSpace/17OctV2.2.3-New-BitBucketIssueFixed/conjur-credentials-plugin/target/jenkins-for-test/WEB-INF/web.xml}
18:14:22.778 [Executing testGetSecretContextNullAndStoreContextNull(org.conjur.jenkins.conjursecrets.ConjurSecretCredentialImplTest)] DEBUG org.eclipse.jetty.servlet.FilterHolder -- Filter.init hudson.util.CharacterEncodingFilter@66852d3e
18:14:22.778 [Executing testGetSecretContextNullAndStoreContextNull(org.conjur.jenkins.conjursecrets.ConjurSecretCredentialImplTest)] DEBUG org.eclipse.jetty.util.component.AbstractLifeCycle -- starting compression-filter==org.kohsuke.stapler.compression.CompressionFilter@1cd195ee{inst=false,async=true,src=DESCRIPTOR:file:///Users/sameer.shaik/MyWorkSpace/17OctV2.2.3-New-BitBucketIssueFixed/conjur-credentials-plugin/target/jenkins-for-test/WEB-INF/web.xml}
18:14:22.779 [Executing testGetSecretContextNullAndStoreContextNull(org.conjur.jenkins.conjursecrets.ConjurSecretCredentialImplTest)] DEBUG org.eclipse.jetty.servlet.BaseHolder -- Holding class org.kohsuke.stapler.compression.CompressionFilter from jdk.internal.loader.ClassLoaders$AppClassLoader@5ffd2b27
18:14:22.779 [Executing testGetSecretContextNullAndStoreContextNull(org.conjur.jenkins.conjursecrets.ConjurSecretCredentialImplTest)] DEBUG org.eclipse.jetty.util.component.AbstractLifeCycle -- STARTED @13337ms compression-filter==org.kohsuke.stapler.compression.CompressionFilter@1cd195ee{inst=false,async=true,src=DESCRIPTOR:file:///Users/sameer.shaik/MyWorkSpace/17OctV2.2.3-New-BitBucketIssueFixed/conjur-credentials-plugin/target/jenkins-for-test/WEB-INF/web.xml}
18:14:22.779 [Executing testGetSecretContextNullAndStoreContextNull(org.conjur.jenkins.conjursecrets.ConjurSecretCredentialImplTest)] DEBUG org.eclipse.jetty.servlet.FilterHolder -- Filter.init org.kohsuke.stapler.compression.CompressionFilter@76d90434
18:14:22.779 [Executing testGetSecretContextNullAndStoreContextNull(org.conjur.jenkins.conjursecrets.ConjurSecretCredentialImplTest)] DEBUG org.eclipse.jetty.util.component.AbstractLifeCycle -- starting authentication-filter==hudson.security.HudsonFilter@3cfb2cf3{inst=false,async=true,src=DESCRIPTOR:file:///Users/sameer.shaik/MyWorkSpace/17OctV2.2.3-New-BitBucketIssueFixed/conjur-credentials-plugin/target/jenkins-for-test/WEB-INF/web.xml}
18:14:22.779 [Executing testGetSecretContextNullAndStoreContextNull(org.conjur.jenkins.conjursecrets.ConjurSecretCredentialImplTest)] DEBUG org.eclipse.jetty.servlet.BaseHolder -- Holding class hudson.security.HudsonFilter from jdk.internal.loader.ClassLoaders$AppClassLoader@5ffd2b27
18:14:22.780 [Executing testGetSecretContextNullAndStoreContextNull(org.conjur.jenkins.conjursecrets.ConjurSecretCredentialImplTest)] DEBUG org.eclipse.jetty.util.component.AbstractLifeCycle -- STARTED @13337ms authentication-filter==hudson.security.HudsonFilter@3cfb2cf3{inst=false,async=true,src=DESCRIPTOR:file:///Users/sameer.shaik/MyWorkSpace/17OctV2.2.3-New-BitBucketIssueFixed/conjur-credentials-plugin/target/jenkins-for-test/WEB-INF/web.xml}
18:14:22.780 [Executing testGetSecretContextNullAndStoreContextNull(org.conjur.jenkins.conjursecrets.ConjurSecretCredentialImplTest)] DEBUG org.eclipse.jetty.servlet.FilterHolder -- Filter.init hudson.security.HudsonFilter@4a64f21c
18:14:22.780 [Executing testGetSecretContextNullAndStoreContextNull(org.conjur.jenkins.conjursecrets.ConjurSecretCredentialImplTest)] DEBUG org.eclipse.jetty.util.component.AbstractLifeCycle -- starting csrf-filter==hudson.security.csrf.CrumbFilter@7209a17a{inst=false,async=true,src=DESCRIPTOR:file:///Users/sameer.shaik/MyWorkSpace/17OctV2.2.3-New-BitBucketIssueFixed/conjur-credentials-plugin/target/jenkins-for-test/WEB-INF/web.xml}
18:14:22.780 [Executing testGetSecretContextNullAndStoreContextNull(org.conjur.jenkins.conjursecrets.ConjurSecretCredentialImplTest)] DEBUG org.eclipse.jetty.servlet.BaseHolder -- Holding class hudson.security.csrf.CrumbFilter from jdk.internal.loader.ClassLoaders$AppClassLoader@5ffd2b27
18:14:22.781 [Executing testGetSecretContextNullAndStoreContextNull(org.conjur.jenkins.conjursecrets.ConjurSecretCredentialImplTest)] DEBUG org.eclipse.jetty.util.component.AbstractLifeCycle -- STARTED @13338ms csrf-filter==hudson.security.csrf.CrumbFilter@7209a17a{inst=false,async=true,src=DESCRIPTOR:file:///Users/sameer.shaik/MyWorkSpace/17OctV2.2.3-New-BitBucketIssueFixed/conjur-credentials-plugin/target/jenkins-for-test/WEB-INF/web.xml}
18:14:22.781 [Executing testGetSecretContextNullAndStoreContextNull(org.conjur.jenkins.conjursecrets.ConjurSecretCredentialImplTest)] DEBUG org.eclipse.jetty.servlet.FilterHolder -- Filter.init hudson.security.csrf.CrumbFilter@64b073a0
18:14:22.781 [Executing testGetSecretContextNullAndStoreContextNull(org.conjur.jenkins.conjursecrets.ConjurSecretCredentialImplTest)] DEBUG org.eclipse.jetty.util.component.AbstractLifeCycle -- starting plugins-filter==hudson.util.PluginServletFilter@6b5b524{inst=false,async=true,src=DESCRIPTOR:file:///Users/sameer.shaik/MyWorkSpace/17OctV2.2.3-New-BitBucketIssueFixed/conjur-credentials-plugin/target/jenkins-for-test/WEB-INF/web.xml}
18:14:22.781 [Executing testGetSecretContextNullAndStoreContextNull(org.conjur.jenkins.conjursecrets.ConjurSecretCredentialImplTest)] DEBUG org.eclipse.jetty.servlet.BaseHolder -- Holding class hudson.util.PluginServletFilter from jdk.internal.loader.ClassLoaders$AppClassLoader@5ffd2b27
18:14:22.782 [Executing testGetSecretContextNullAndStoreContextNull(org.conjur.jenkins.conjursecrets.ConjurSecretCredentialImplTest)] DEBUG org.eclipse.jetty.util.component.AbstractLifeCycle -- STARTED @13339ms plugins-filter==hudson.util.PluginServletFilter@6b5b524{inst=false,async=true,src=DESCRIPTOR:file:///Users/sameer.shaik/MyWorkSpace/17OctV2.2.3-New-BitBucketIssueFixed/conjur-credentials-plugin/target/jenkins-for-test/WEB-INF/web.xml}
18:14:22.782 [Executing testGetSecretContextNullAndStoreContextNull(org.conjur.jenkins.conjursecrets.ConjurSecretCredentialImplTest)] DEBUG org.eclipse.jetty.servlet.FilterHolder -- Filter.init hudson.util.PluginServletFilter@2b134ed5
18:14:22.782 [Executing testGetSecretContextNullAndStoreContextNull(org.conjur.jenkins.conjursecrets.ConjurSecretCredentialImplTest)] DEBUG org.eclipse.jetty.util.component.AbstractLifeCycle -- starting Stapler==org.kohsuke.stapler.Stapler@f222d1a9{jsp=null,order=-1,inst=false,async=true,src=DESCRIPTOR:file:///Users/sameer.shaik/MyWorkSpace/17OctV2.2.3-New-BitBucketIssueFixed/conjur-credentials-plugin/target/jenkins-for-test/WEB-INF/web.xml,STOPPED}
18:14:22.782 [Executing testGetSecretContextNullAndStoreContextNull(org.conjur.jenkins.conjursecrets.ConjurSecretCredentialImplTest)] DEBUG org.eclipse.jetty.servlet.BaseHolder -- Holding class org.kohsuke.stapler.Stapler from jdk.internal.loader.ClassLoaders$AppClassLoader@5ffd2b27
18:14:22.783 [Executing testGetSecretContextNullAndStoreContextNull(org.conjur.jenkins.conjursecrets.ConjurSecretCredentialImplTest)] DEBUG org.eclipse.jetty.util.component.AbstractLifeCycle -- STARTED @13340ms Stapler==org.kohsuke.stapler.Stapler@f222d1a9{jsp=null,order=-1,inst=false,async=true,src=DESCRIPTOR:file:///Users/sameer.shaik/MyWorkSpace/17OctV2.2.3-New-BitBucketIssueFixed/conjur-credentials-plugin/target/jenkins-for-test/WEB-INF/web.xml,STARTED}
18:14:22.783 [Executing testGetSecretContextNullAndStoreContextNull(org.conjur.jenkins.conjursecrets.ConjurSecretCredentialImplTest)] DEBUG org.eclipse.jetty.util.component.AbstractLifeCycle -- starting default==org.eclipse.jetty.servlet.DefaultServlet@5c13d641{jsp=null,order=0,inst=false,async=false,src=DESCRIPTOR:jar:file:/Users/sameer.shaik/.m2/repository/org/eclipse/jetty/jetty-webapp/9.4.48.v20220622/jetty-webapp-9.4.48.v20220622.jar!/org/eclipse/jetty/webapp/webdefault.xml,STOPPED}
18:14:22.783 [Executing testGetSecretContextNullAndStoreContextNull(org.conjur.jenkins.conjursecrets.ConjurSecretCredentialImplTest)] DEBUG org.eclipse.jetty.servlet.BaseHolder -- Holding class org.eclipse.jetty.servlet.DefaultServlet from jdk.internal.loader.ClassLoaders$AppClassLoader@5ffd2b27
18:14:22.783 [Executing testGetSecretContextNullAndStoreContextNull(org.conjur.jenkins.conjursecrets.ConjurSecretCredentialImplTest)] DEBUG org.eclipse.jetty.util.component.AbstractLifeCycle -- STARTED @13341ms default==org.eclipse.jetty.servlet.DefaultServlet@5c13d641{jsp=null,order=0,inst=false,async=false,src=DESCRIPTOR:jar:file:/Users/sameer.shaik/.m2/repository/org/eclipse/jetty/jetty-webapp/9.4.48.v20220622/jetty-webapp-9.4.48.v20220622.jar!/org/eclipse/jetty/webapp/webdefault.xml,STARTED}
18:14:22.784 [Executing testGetSecretContextNullAndStoreContextNull(org.conjur.jenkins.conjursecrets.ConjurSecretCredentialImplTest)] DEBUG org.eclipse.jetty.servlet.ServletHolder -- Servlet.init null for default
18:14:22.784 [Executing testGetSecretContextNullAndStoreContextNull(org.conjur.jenkins.conjursecrets.ConjurSecretCredentialImplTest)] DEBUG org.eclipse.jetty.servlet.DefaultServlet -- resource base = null
18:14:22.785 [Executing testGetSecretContextNullAndStoreContextNull(org.conjur.jenkins.conjursecrets.ConjurSecretCredentialImplTest)] DEBUG org.eclipse.jetty.util.component.AbstractLifeCycle -- starting jsp==org.eclipse.jetty.servlet.NoJspServlet@19c47{jsp=null,order=0,inst=false,async=false,src=DESCRIPTOR:jar:file:/Users/sameer.shaik/.m2/repository/org/eclipse/jetty/jetty-webapp/9.4.48.v20220622/jetty-webapp-9.4.48.v20220622.jar!/org/eclipse/jetty/webapp/webdefault.xml,STOPPED}
18:14:22.785 [Executing testGetSecretContextNullAndStoreContextNull(org.conjur.jenkins.conjursecrets.ConjurSecretCredentialImplTest)] DEBUG org.eclipse.jetty.servlet.BaseHolder -- Holding class org.eclipse.jetty.servlet.NoJspServlet from jdk.internal.loader.ClassLoaders$AppClassLoader@5ffd2b27
18:14:22.785 [Executing testGetSecretContextNullAndStoreContextNull(org.conjur.jenkins.conjursecrets.ConjurSecretCredentialImplTest)] DEBUG org.eclipse.jetty.util.component.AbstractLifeCycle -- STARTED @13343ms jsp==org.eclipse.jetty.servlet.NoJspServlet@19c47{jsp=null,order=0,inst=false,async=false,src=DESCRIPTOR:jar:file:/Users/sameer.shaik/.m2/repository/org/eclipse/jetty/jetty-webapp/9.4.48.v20220622/jetty-webapp-9.4.48.v20220622.jar!/org/eclipse/jetty/webapp/webdefault.xml,STARTED}
18:14:22.785 [Executing testGetSecretContextNullAndStoreContextNull(org.conjur.jenkins.conjursecrets.ConjurSecretCredentialImplTest)] DEBUG org.eclipse.jetty.servlet.ServletHolder -- Servlet.init null for jsp
18:14:22.785 [Executing testGetSecretContextNullAndStoreContextNull(org.conjur.jenkins.conjursecrets.ConjurSecretCredentialImplTest)] INFO org.eclipse.jetty.server.handler.ContextHandler -- Started o.e.j.w.WebAppContext@394eef95{Jenkins v2.346.3,/jenkins,file:///Users/sameer.shaik/MyWorkSpace/17OctV2.2.3-New-BitBucketIssueFixed/conjur-credentials-plugin/target/jenkins-for-test/,AVAILABLE}{/Users/sameer.shaik/MyWorkSpace/17OctV2.2.3-New-BitBucketIssueFixed/conjur-credentials-plugin/target/jenkins-for-test}
18:14:22.786 [Executing testGetSecretContextNullAndStoreContextNull(org.conjur.jenkins.conjursecrets.ConjurSecretCredentialImplTest)] DEBUG org.eclipse.jetty.webapp.WebAppContext -- postConfigure o.e.j.w.WebAppContext@394eef95{Jenkins v2.346.3,/jenkins,file:///Users/sameer.shaik/MyWorkSpace/17OctV2.2.3-New-BitBucketIssueFixed/conjur-credentials-plugin/target/jenkins-for-test/,AVAILABLE}{/Users/sameer.shaik/MyWorkSpace/17OctV2.2.3-New-BitBucketIssueFixed/conjur-credentials-plugin/target/jenkins-for-test} with org.eclipse.jetty.webapp.WebXmlConfiguration@44fe5bbb
18:14:22.786 [Executing testGetSecretContextNullAndStoreContextNull(org.conjur.jenkins.conjursecrets.ConjurSecretCredentialImplTest)] DEBUG org.eclipse.jetty.util.component.AbstractLifeCycle -- STARTED @13344ms o.e.j.w.WebAppContext@394eef95{Jenkins v2.346.3,/jenkins,file:///Users/sameer.shaik/MyWorkSpace/17OctV2.2.3-New-BitBucketIssueFixed/conjur-credentials-plugin/target/jenkins-for-test/,AVAILABLE}{/Users/sameer.shaik/MyWorkSpace/17OctV2.2.3-New-BitBucketIssueFixed/conjur-credentials-plugin/target/jenkins-for-test}
18:14:22.787 [Executing testGetSecretContextNullAndStoreContextNull(org.conjur.jenkins.conjursecrets.ConjurSecretCredentialImplTest)] DEBUG org.eclipse.jetty.util.component.AbstractLifeCycle -- starting ErrorHandler@732e4c7c{STOPPED}
18:14:22.787 [Executing testGetSecretContextNullAndStoreContextNull(org.conjur.jenkins.conjursecrets.ConjurSecretCredentialImplTest)] DEBUG org.eclipse.jetty.server.handler.AbstractHandler -- starting ErrorHandler@732e4c7c{STARTING}
18:14:22.787 [Executing testGetSecretContextNullAndStoreContextNull(org.conjur.jenkins.conjursecrets.ConjurSecretCredentialImplTest)] DEBUG org.eclipse.jetty.util.component.AbstractLifeCycle -- STARTED @13345ms ErrorHandler@732e4c7c{STARTED}
18:14:22.788 [Executing testGetSecretContextNullAndStoreContextNull(org.conjur.jenkins.conjursecrets.ConjurSecretCredentialImplTest)] DEBUG org.eclipse.jetty.util.component.AbstractLifeCycle -- starting ServerConnector@1a694f6e{HTTP/1.1, (http/1.1)}{localhost:0}
18:14:22.788 [Executing testGetSecretContextNullAndStoreContextNull(org.conjur.jenkins.conjursecrets.ConjurSecretCredentialImplTest)] DEBUG org.eclipse.jetty.util.component.ContainerLifeCycle -- ServerConnector@1a694f6e{HTTP/1.1, (http/1.1)}{localhost:51419} added {sun.nio.ch.ServerSocketChannelImpl[/127.0.0.1:51419],POJO}
18:14:22.788 [Executing testGetSecretContextNullAndStoreContextNull(org.conjur.jenkins.conjursecrets.ConjurSecretCredentialImplTest)] DEBUG org.eclipse.jetty.util.component.AbstractLifeCycle -- starting ScheduledExecutorScheduler@438709cc{STOPPED}
18:14:22.789 [Executing testGetSecretContextNullAndStoreContextNull(org.conjur.jenkins.conjursecrets.ConjurSecretCredentialImplTest)] DEBUG org.eclipse.jetty.util.component.AbstractLifeCycle -- STARTED @13346ms ScheduledExecutorScheduler@438709cc{STARTED}
18:14:22.789 [Executing testGetSecretContextNullAndStoreContextNull(org.conjur.jenkins.conjursecrets.ConjurSecretCredentialImplTest)] DEBUG org.eclipse.jetty.util.component.AbstractLifeCycle -- starting HttpConnectionFactory@1b1ebb2d[HTTP/1.1]
18:14:22.789 [Executing testGetSecretContextNullAndStoreContextNull(org.conjur.jenkins.conjursecrets.ConjurSecretCredentialImplTest)] DEBUG org.eclipse.jetty.util.component.AbstractLifeCycle -- STARTED @13347ms HttpConnectionFactory@1b1ebb2d[HTTP/1.1]
18:14:22.789 [Executing testGetSecretContextNullAndStoreContextNull(org.conjur.jenkins.conjursecrets.ConjurSecretCredentialImplTest)] DEBUG org.eclipse.jetty.util.component.AbstractLifeCycle -- starting SelectorManager@ServerConnector@1a694f6e{HTTP/1.1, (http/1.1)}{localhost:51419}
18:14:22.789 [Executing testGetSecretContextNullAndStoreContextNull(org.conjur.jenkins.conjursecrets.ConjurSecretCredentialImplTest)] DEBUG org.eclipse.jetty.util.component.ContainerLifeCycle -- EatWhatYouKill@1f06b259/SelectorProducer@2ed2328a/IDLE/p=false/QueuedThreadPool[Jetty (JenkinsRule)]@76b41508{STARTED,8<=8<=200,i=8,r=-1,q=0}[ReservedThreadExecutor@23ec6f48{reserved=0/16,pending=0}][pc=0,pic=0,pec=0,epc=0]@2024-10-22T18:14:22.78985+05:30 added {SelectorProducer@2ed2328a,POJO}
18:14:22.790 [Executing testGetSecretContextNullAndStoreContextNull(org.conjur.jenkins.conjursecrets.ConjurSecretCredentialImplTest)] DEBUG org.eclipse.jetty.util.component.ContainerLifeCycle -- EatWhatYouKill@1f06b259/SelectorProducer@2ed2328a/IDLE/p=false/QueuedThreadPool[Jetty (JenkinsRule)]@76b41508{STARTED,8<=8<=200,i=8,r=-1,q=0}[ReservedThreadExecutor@23ec6f48{reserved=0/16,pending=0}][pc=0,pic=0,pec=0,epc=0]@2024-10-22T18:14:22.790289+05:30 added {QueuedThreadPool[Jetty (JenkinsRule)]@76b41508{STARTED,8<=8<=200,i=8,r=-1,q=0}[ReservedThreadExecutor@23ec6f48{reserved=0/16,pending=0}],UNMANAGED}
18:14:22.790 [Executing testGetSecretContextNullAndStoreContextNull(org.conjur.jenkins.conjursecrets.ConjurSecretCredentialImplTest)] DEBUG org.eclipse.jetty.util.thread.strategy.EatWhatYouKill -- EatWhatYouKill@1f06b259/SelectorProducer@2ed2328a/IDLE/p=false/QueuedThreadPool[Jetty (JenkinsRule)]@76b41508{STARTED,8<=8<=200,i=8,r=-1,q=0}[ReservedThreadExecutor@23ec6f48{reserved=0/16,pending=0}][pc=0,pic=0,pec=0,epc=0]@2024-10-22T18:14:22.790809+05:30 created
18:14:22.791 [Executing testGetSecretContextNullAndStoreContextNull(org.conjur.jenkins.conjursecrets.ConjurSecretCredentialImplTest)] DEBUG org.eclipse.jetty.util.component.ContainerLifeCycle -- ManagedSelector@13036458{STOPPED} id=0 keys=-1 selected=-1 updates=0 added {EatWhatYouKill@1f06b259/SelectorProducer@2ed2328a/IDLE/p=false/QueuedThreadPool[Jetty (JenkinsRule)]@76b41508{STARTED,8<=8<=200,i=8,r=-1,q=0}[ReservedThreadExecutor@23ec6f48{reserved=0/16,pending=0}][pc=0,pic=0,pec=0,epc=0]@2024-10-22T18:14:22.791207+05:30,MANAGED}
18:14:22.791 [Executing testGetSecretContextNullAndStoreContextNull(org.conjur.jenkins.conjursecrets.ConjurSecretCredentialImplTest)] DEBUG org.eclipse.jetty.util.component.ContainerLifeCycle -- SelectorManager@ServerConnector@1a694f6e{HTTP/1.1, (http/1.1)}{localhost:51419} added {ManagedSelector@13036458{STOPPED} id=0 keys=-1 selected=-1 updates=0,AUTO}
18:14:22.791 [Executing testGetSecretContextNullAndStoreContextNull(org.conjur.jenkins.conjursecrets.ConjurSecretCredentialImplTest)] DEBUG org.eclipse.jetty.util.component.ContainerLifeCycle -- EatWhatYouKill@ccc5dc0/SelectorProducer@2672a27a/IDLE/p=false/QueuedThreadPool[Jetty (JenkinsRule)]@76b41508{STARTED,8<=8<=200,i=8,r=-1,q=0}[ReservedThreadExecutor@23ec6f48{reserved=0/16,pending=0}][pc=0,pic=0,pec=0,epc=0]@2024-10-22T18:14:22.791941+05:30 added {SelectorProducer@2672a27a,POJO}
18:14:22.792 [Executing testGetSecretContextNullAndStoreContextNull(org.conjur.jenkins.conjursecrets.ConjurSecretCredentialImplTest)] DEBUG org.eclipse.jetty.util.component.ContainerLifeCycle -- EatWhatYouKill@ccc5dc0/SelectorProducer@2672a27a/IDLE/p=false/QueuedThreadPool[Jetty (JenkinsRule)]@76b41508{STARTED,8<=8<=200,i=8,r=-1,q=0}[ReservedThreadExecutor@23ec6f48{reserved=0/16,pending=0}][pc=0,pic=0,pec=0,epc=0]@2024-10-22T18:14:22.792337+05:30 added {QueuedThreadPool[Jetty (JenkinsRule)]@76b41508{STARTED,8<=8<=200,i=8,r=-1,q=0}[ReservedThreadExecutor@23ec6f48{reserved=0/16,pending=0}],UNMANAGED}
18:14:22.792 [Executing testGetSecretContextNullAndStoreContextNull(org.conjur.jenkins.conjursecrets.ConjurSecretCredentialImplTest)] DEBUG org.eclipse.jetty.util.thread.strategy.EatWhatYouKill -- EatWhatYouKill@ccc5dc0/SelectorProducer@2672a27a/IDLE/p=false/QueuedThreadPool[Jetty (JenkinsRule)]@76b41508{STARTED,8<=8<=200,i=8,r=-1,q=0}[ReservedThreadExecutor@23ec6f48{reserved=0/16,pending=0}][pc=0,pic=0,pec=0,epc=0]@2024-10-22T18:14:22.792871+05:30 created
18:14:22.793 [Executing testGetSecretContextNullAndStoreContextNull(org.conjur.jenkins.conjursecrets.ConjurSecretCredentialImplTest)] DEBUG org.eclipse.jetty.util.component.ContainerLifeCycle -- ManagedSelector@190b925c{STOPPED} id=1 keys=-1 selected=-1 updates=0 added {EatWhatYouKill@ccc5dc0/SelectorProducer@2672a27a/IDLE/p=false/QueuedThreadPool[Jetty (JenkinsRule)]@76b41508{STARTED,8<=8<=200,i=8,r=-1,q=0}[ReservedThreadExecutor@23ec6f48{reserved=0/16,pending=0}][pc=0,pic=0,pec=0,epc=0]@2024-10-22T18:14:22.79329+05:30,MANAGED}
18:14:22.793 [Executing testGetSecretContextNullAndStoreContextNull(org.conjur.jenkins.conjursecrets.ConjurSecretCredentialImplTest)] DEBUG org.eclipse.jetty.util.component.ContainerLifeCycle -- SelectorManager@ServerConnector@1a694f6e{HTTP/1.1, (http/1.1)}{localhost:51419} added {ManagedSelector@190b925c{STOPPED} id=1 keys=-1 selected=-1 updates=0,AUTO}
18:14:22.794 [Executing testGetSecretContextNullAndStoreContextNull(org.conjur.jenkins.conjursecrets.ConjurSecretCredentialImplTest)] DEBUG org.eclipse.jetty.util.component.ContainerLifeCycle -- EatWhatYouKill@11220481/SelectorProducer@7fee6938/IDLE/p=false/QueuedThreadPool[Jetty (JenkinsRule)]@76b41508{STARTED,8<=8<=200,i=8,r=-1,q=0}[ReservedThreadExecutor@23ec6f48{reserved=0/16,pending=0}][pc=0,pic=0,pec=0,epc=0]@2024-10-22T18:14:22.794026+05:30 added {SelectorProducer@7fee6938,POJO}
18:14:22.794 [Executing testGetSecretContextNullAndStoreContextNull(org.conjur.jenkins.conjursecrets.ConjurSecretCredentialImplTest)] DEBUG org.eclipse.jetty.util.component.ContainerLifeCycle -- EatWhatYouKill@11220481/SelectorProducer@7fee6938/IDLE/p=false/QueuedThreadPool[Jetty (JenkinsRule)]@76b41508{STARTED,8<=8<=200,i=8,r=-1,q=0}[ReservedThreadExecutor@23ec6f48{reserved=0/16,pending=0}][pc=0,pic=0,pec=0,epc=0]@2024-10-22T18:14:22.794416+05:30 added {QueuedThreadPool[Jetty (JenkinsRule)]@76b41508{STARTED,8<=8<=200,i=8,r=-1,q=0}[ReservedThreadExecutor@23ec6f48{reserved=0/16,pending=0}],UNMANAGED}
18:14:22.794 [Executing testGetSecretContextNullAndStoreContextNull(org.conjur.jenkins.conjursecrets.ConjurSecretCredentialImplTest)] DEBUG org.eclipse.jetty.util.thread.strategy.EatWhatYouKill -- EatWhatYouKill@11220481/SelectorProducer@7fee6938/IDLE/p=false/QueuedThreadPool[Jetty (JenkinsRule)]@76b41508{STARTED,8<=8<=200,i=8,r=-1,q=0}[ReservedThreadExecutor@23ec6f48{reserved=0/16,pending=0}][pc=0,pic=0,pec=0,epc=0]@2024-10-22T18:14:22.794894+05:30 created
18:14:22.795 [Executing testGetSecretContextNullAndStoreContextNull(org.conjur.jenkins.conjursecrets.ConjurSecretCredentialImplTest)] DEBUG org.eclipse.jetty.util.component.ContainerLifeCycle -- ManagedSelector@4cbc75cd{STOPPED} id=2 keys=-1 selected=-1 updates=0 added {EatWhatYouKill@11220481/SelectorProducer@7fee6938/IDLE/p=false/QueuedThreadPool[Jetty (JenkinsRule)]@76b41508{STARTED,8<=8<=200,i=8,r=-1,q=0}[ReservedThreadExecutor@23ec6f48{reserved=0/16,pending=0}][pc=0,pic=0,pec=0,epc=0]@2024-10-22T18:14:22.795319+05:30,MANAGED}
18:14:22.795 [Executing testGetSecretContextNullAndStoreContextNull(org.conjur.jenkins.conjursecrets.ConjurSecretCredentialImplTest)] DEBUG org.eclipse.jetty.util.component.ContainerLifeCycle -- SelectorManager@ServerConnector@1a694f6e{HTTP/1.1, (http/1.1)}{localhost:51419} added {ManagedSelector@4cbc75cd{STOPPED} id=2 keys=-1 selected=-1 updates=0,AUTO}
18:14:22.796 [Executing testGetSecretContextNullAndStoreContextNull(org.conjur.jenkins.conjursecrets.ConjurSecretCredentialImplTest)] DEBUG org.eclipse.jetty.util.component.ContainerLifeCycle -- EatWhatYouKill@9e09774/SelectorProducer@8678cc5/IDLE/p=false/QueuedThreadPool[Jetty (JenkinsRule)]@76b41508{STARTED,8<=8<=200,i=8,r=-1,q=0}[ReservedThreadExecutor@23ec6f48{reserved=0/16,pending=0}][pc=0,pic=0,pec=0,epc=0]@2024-10-22T18:14:22.796057+05:30 added {SelectorProducer@8678cc5,POJO}
18:14:22.796 [Executing testGetSecretContextNullAndStoreContextNull(org.conjur.jenkins.conjursecrets.ConjurSecretCredentialImplTest)] DEBUG org.eclipse.jetty.util.component.ContainerLifeCycle -- EatWhatYouKill@9e09774/SelectorProducer@8678cc5/IDLE/p=false/QueuedThreadPool[Jetty (JenkinsRule)]@76b41508{STARTED,8<=8<=200,i=8,r=-1,q=0}[ReservedThreadExecutor@23ec6f48{reserved=0/16,pending=0}][pc=0,pic=0,pec=0,epc=0]@2024-10-22T18:14:22.796468+05:30 added {QueuedThreadPool[Jetty (JenkinsRule)]@76b41508{STARTED,8<=8<=200,i=8,r=-1,q=0}[ReservedThreadExecutor@23ec6f48{reserved=0/16,pending=0}],UNMANAGED}
18:14:22.796 [Executing testGetSecretContextNullAndStoreContextNull(org.conjur.jenkins.conjursecrets.ConjurSecretCredentialImplTest)] DEBUG org.eclipse.jetty.util.thread.strategy.EatWhatYouKill -- EatWhatYouKill@9e09774/SelectorProducer@8678cc5/IDLE/p=false/QueuedThreadPool[Jetty (JenkinsRule)]@76b41508{STARTED,8<=8<=200,i=8,r=-1,q=0}[ReservedThreadExecutor@23ec6f48{reserved=0/16,pending=0}][pc=0,pic=0,pec=0,epc=0]@2024-10-22T18:14:22.796944+05:30 created
18:14:22.797 [Executing testGetSecretContextNullAndStoreContextNull(org.conjur.jenkins.conjursecrets.ConjurSecretCredentialImplTest)] DEBUG org.eclipse.jetty.util.component.ContainerLifeCycle -- ManagedSelector@4cc8358{STOPPED} id=3 keys=-1 selected=-1 updates=0 added {EatWhatYouKill@9e09774/SelectorProducer@8678cc5/IDLE/p=false/QueuedThreadPool[Jetty (JenkinsRule)]@76b41508{STARTED,8<=8<=200,i=8,r=-1,q=0}[ReservedThreadExecutor@23ec6f48{reserved=0/16,pending=0}][pc=0,pic=0,pec=0,epc=0]@2024-10-22T18:14:22.79733+05:30,MANAGED}
18:14:22.797 [Executing testGetSecretContextNullAndStoreContextNull(org.conjur.jenkins.conjursecrets.ConjurSecretCredentialImplTest)] DEBUG org.eclipse.jetty.util.component.ContainerLifeCycle -- SelectorManager@ServerConnector@1a694f6e{HTTP/1.1, (http/1.1)}{localhost:51419} added {ManagedSelector@4cc8358{STOPPED} id=3 keys=-1 selected=-1 updates=0,AUTO}
18:14:22.798 [Executing testGetSecretContextNullAndStoreContextNull(org.conjur.jenkins.conjursecrets.ConjurSecretCredentialImplTest)] DEBUG org.eclipse.jetty.util.component.ContainerLifeCycle -- EatWhatYouKill@2b718c11/SelectorProducer@26a7f53c/IDLE/p=false/QueuedThreadPool[Jetty (JenkinsRule)]@76b41508{STARTED,8<=8<=200,i=8,r=-1,q=0}[ReservedThreadExecutor@23ec6f48{reserved=0/16,pending=0}][pc=0,pic=0,pec=0,epc=0]@2024-10-22T18:14:22.798059+05:30 added {SelectorProducer@26a7f53c,POJO}
18:14:22.798 [Executing testGetSecretContextNullAndStoreContextNull(org.conjur.jenkins.conjursecrets.ConjurSecretCredentialImplTest)] DEBUG org.eclipse.jetty.util.component.ContainerLifeCycle -- EatWhatYouKill@2b718c11/SelectorProducer@26a7f53c/IDLE/p=false/QueuedThreadPool[Jetty (JenkinsRule)]@76b41508{STARTED,8<=8<=200,i=8,r=-1,q=0}[ReservedThreadExecutor@23ec6f48{reserved=0/16,pending=0}][pc=0,pic=0,pec=0,epc=0]@2024-10-22T18:14:22.798458+05:30 added {QueuedThreadPool[Jetty (JenkinsRule)]@76b41508{STARTED,8<=8<=200,i=8,r=-1,q=0}[ReservedThreadExecutor@23ec6f48{reserved=0/16,pending=0}],UNMANAGED}
18:14:22.798 [Executing testGetSecretContextNullAndStoreContextNull(org.conjur.jenkins.conjursecrets.ConjurSecretCredentialImplTest)] DEBUG org.eclipse.jetty.util.thread.strategy.EatWhatYouKill -- EatWhatYouKill@2b718c11/SelectorProducer@26a7f53c/IDLE/p=false/QueuedThreadPool[Jetty (JenkinsRule)]@76b41508{STARTED,8<=8<=200,i=8,r=-1,q=0}[ReservedThreadExecutor@23ec6f48{reserved=0/16,pending=0}][pc=0,pic=0,pec=0,epc=0]@2024-10-22T18:14:22.798955+05:30 created
18:14:22.799 [Executing testGetSecretContextNullAndStoreContextNull(org.conjur.jenkins.conjursecrets.ConjurSecretCredentialImplTest)] DEBUG org.eclipse.jetty.util.component.ContainerLifeCycle -- ManagedSelector@12925489{STOPPED} id=4 keys=-1 selected=-1 updates=0 added {EatWhatYouKill@2b718c11/SelectorProducer@26a7f53c/IDLE/p=false/QueuedThreadPool[Jetty (JenkinsRule)]@76b41508{STARTED,8<=8<=200,i=8,r=-1,q=0}[ReservedThreadExecutor@23ec6f48{reserved=0/16,pending=0}][pc=0,pic=0,pec=0,epc=0]@2024-10-22T18:14:22.799347+05:30,MANAGED}
18:14:22.799 [Executing testGetSecretContextNullAndStoreContextNull(org.conjur.jenkins.conjursecrets.ConjurSecretCredentialImplTest)] DEBUG org.eclipse.jetty.util.component.ContainerLifeCycle -- SelectorManager@ServerConnector@1a694f6e{HTTP/1.1, (http/1.1)}{localhost:51419} added {ManagedSelector@12925489{STOPPED} id=4 keys=-1 selected=-1 updates=0,AUTO}
18:14:22.800 [Executing testGetSecretContextNullAndStoreContextNull(org.conjur.jenkins.conjursecrets.ConjurSecretCredentialImplTest)] DEBUG org.eclipse.jetty.util.component.ContainerLifeCycle -- EatWhatYouKill@7224c3c0/SelectorProducer@5512d891/IDLE/p=false/QueuedThreadPool[Jetty (JenkinsRule)]@76b41508{STARTED,8<=8<=200,i=8,r=-1,q=0}[ReservedThreadExecutor@23ec6f48{reserved=0/16,pending=0}][pc=0,pic=0,pec=0,epc=0]@2024-10-22T18:14:22.800057+05:30 added {SelectorProducer@5512d891,POJO}
18:14:22.800 [Executing testGetSecretContextNullAndStoreContextNull(org.conjur.jenkins.conjursecrets.ConjurSecretCredentialImplTest)] DEBUG org.eclipse.jetty.util.component.ContainerLifeCycle -- EatWhatYouKill@7224c3c0/SelectorProducer@5512d891/IDLE/p=false/QueuedThreadPool[Jetty (JenkinsRule)]@76b41508{STARTED,8<=8<=200,i=8,r=-1,q=0}[ReservedThreadExecutor@23ec6f48{reserved=0/16,pending=0}][pc=0,pic=0,pec=0,epc=0]@2024-10-22T18:14:22.800462+05:30 added {QueuedThreadPool[Jetty (JenkinsRule)]@76b41508{STARTED,8<=8<=200,i=8,r=-1,q=0}[ReservedThreadExecutor@23ec6f48{reserved=0/16,pending=0}],UNMANAGED}
18:14:22.800 [Executing testGetSecretContextNullAndStoreContextNull(org.conjur.jenkins.conjursecrets.ConjurSecretCredentialImplTest)] DEBUG org.eclipse.jetty.util.thread.strategy.EatWhatYouKill -- EatWhatYouKill@7224c3c0/SelectorProducer@5512d891/IDLE/p=false/QueuedThreadPool[Jetty (JenkinsRule)]@76b41508{STARTED,8<=8<=200,i=8,r=-1,q=0}[ReservedThreadExecutor@23ec6f48{reserved=0/16,pending=0}][pc=0,pic=0,pec=0,epc=0]@2024-10-22T18:14:22.800925+05:30 created
18:14:22.801 [Executing testGetSecretContextNullAndStoreContextNull(org.conjur.jenkins.conjursecrets.ConjurSecretCredentialImplTest)] DEBUG org.eclipse.jetty.util.component.ContainerLifeCycle -- ManagedSelector@4c05c91a{STOPPED} id=5 keys=-1 selected=-1 updates=0 added {EatWhatYouKill@7224c3c0/SelectorProducer@5512d891/IDLE/p=false/QueuedThreadPool[Jetty (JenkinsRule)]@76b41508{STARTED,8<=8<=200,i=8,r=-1,q=0}[ReservedThreadExecutor@23ec6f48{reserved=0/16,pending=0}][pc=0,pic=0,pec=0,epc=0]@2024-10-22T18:14:22.801318+05:30,MANAGED}
18:14:22.801 [Executing testGetSecretContextNullAndStoreContextNull(org.conjur.jenkins.conjursecrets.ConjurSecretCredentialImplTest)] DEBUG org.eclipse.jetty.util.component.ContainerLifeCycle -- SelectorManager@ServerConnector@1a694f6e{HTTP/1.1, (http/1.1)}{localhost:51419} added {ManagedSelector@4c05c91a{STOPPED} id=5 keys=-1 selected=-1 updates=0,AUTO}
18:14:22.802 [Executing testGetSecretContextNullAndStoreContextNull(org.conjur.jenkins.conjursecrets.ConjurSecretCredentialImplTest)] DEBUG org.eclipse.jetty.util.component.ContainerLifeCycle -- EatWhatYouKill@4cb3ea0f/SelectorProducer@18dd0a9a/IDLE/p=false/QueuedThreadPool[Jetty (JenkinsRule)]@76b41508{STARTED,8<=8<=200,i=8,r=-1,q=0}[ReservedThreadExecutor@23ec6f48{reserved=0/16,pending=0}][pc=0,pic=0,pec=0,epc=0]@2024-10-22T18:14:22.80208+05:30 added {SelectorProducer@18dd0a9a,POJO}
18:14:22.802 [Executing testGetSecretContextNullAndStoreContextNull(org.conjur.jenkins.conjursecrets.ConjurSecretCredentialImplTest)] DEBUG org.eclipse.jetty.util.component.ContainerLifeCycle -- EatWhatYouKill@4cb3ea0f/SelectorProducer@18dd0a9a/IDLE/p=false/QueuedThreadPool[Jetty (JenkinsRule)]@76b41508{STARTED,8<=8<=200,i=8,r=-1,q=0}[ReservedThreadExecutor@23ec6f48{reserved=0/16,pending=0}][pc=0,pic=0,pec=0,epc=0]@2024-10-22T18:14:22.802507+05:30 added {QueuedThreadPool[Jetty (JenkinsRule)]@76b41508{STARTED,8<=8<=200,i=8,r=-1,q=0}[ReservedThreadExecutor@23ec6f48{reserved=0/16,pending=0}],UNMANAGED}
18:14:22.803 [Executing testGetSecretContextNullAndStoreContextNull(org.conjur.jenkins.conjursecrets.ConjurSecretCredentialImplTest)] DEBUG org.eclipse.jetty.util.thread.strategy.EatWhatYouKill -- EatWhatYouKill@4cb3ea0f/SelectorProducer@18dd0a9a/IDLE/p=false/QueuedThreadPool[Jetty (JenkinsRule)]@76b41508{STARTED,8<=8<=200,i=8,r=-1,q=0}[ReservedThreadExecutor@23ec6f48{reserved=0/16,pending=0}][pc=0,pic=0,pec=0,epc=0]@2024-10-22T18:14:22.80298+05:30 created
18:14:22.803 [Executing testGetSecretContextNullAndStoreContextNull(org.conjur.jenkins.conjursecrets.ConjurSecretCredentialImplTest)] DEBUG org.eclipse.jetty.util.component.ContainerLifeCycle -- ManagedSelector@5bc89f40{STOPPED} id=6 keys=-1 selected=-1 updates=0 added {EatWhatYouKill@4cb3ea0f/SelectorProducer@18dd0a9a/IDLE/p=false/QueuedThreadPool[Jetty (JenkinsRule)]@76b41508{STARTED,8<=8<=200,i=8,r=-1,q=0}[ReservedThreadExecutor@23ec6f48{reserved=0/16,pending=0}][pc=0,pic=0,pec=0,epc=0]@2024-10-22T18:14:22.80341+05:30,MANAGED}
18:14:22.803 [Executing testGetSecretContextNullAndStoreContextNull(org.conjur.jenkins.conjursecrets.ConjurSecretCredentialImplTest)] DEBUG org.eclipse.jetty.util.component.ContainerLifeCycle -- SelectorManager@ServerConnector@1a694f6e{HTTP/1.1, (http/1.1)}{localhost:51419} added {ManagedSelector@5bc89f40{STOPPED} id=6 keys=-1 selected=-1 updates=0,AUTO}
18:14:22.804 [Executing testGetSecretContextNullAndStoreContextNull(org.conjur.jenkins.conjursecrets.ConjurSecretCredentialImplTest)] DEBUG org.eclipse.jetty.util.component.ContainerLifeCycle -- EatWhatYouKill@39e7c03a/SelectorProducer@6a57b69b/IDLE/p=false/QueuedThreadPool[Jetty (JenkinsRule)]@76b41508{STARTED,8<=8<=200,i=8,r=-1,q=0}[ReservedThreadExecutor@23ec6f48{reserved=0/16,pending=0}][pc=0,pic=0,pec=0,epc=0]@2024-10-22T18:14:22.80412+05:30 added {SelectorProducer@6a57b69b,POJO}
18:14:22.804 [Executing testGetSecretContextNullAndStoreContextNull(org.conjur.jenkins.conjursecrets.ConjurSecretCredentialImplTest)] DEBUG org.eclipse.jetty.util.component.ContainerLifeCycle -- EatWhatYouKill@39e7c03a/SelectorProducer@6a57b69b/IDLE/p=false/QueuedThreadPool[Jetty (JenkinsRule)]@76b41508{STARTED,8<=8<=200,i=8,r=-1,q=0}[ReservedThreadExecutor@23ec6f48{reserved=0/16,pending=0}][pc=0,pic=0,pec=0,epc=0]@2024-10-22T18:14:22.804525+05:30 added {QueuedThreadPool[Jetty (JenkinsRule)]@76b41508{STARTED,8<=8<=200,i=8,r=-1,q=0}[ReservedThreadExecutor@23ec6f48{reserved=0/16,pending=0}],UNMANAGED}
18:14:22.805 [Executing testGetSecretContextNullAndStoreContextNull(org.conjur.jenkins.conjursecrets.ConjurSecretCredentialImplTest)] DEBUG org.eclipse.jetty.util.thread.strategy.EatWhatYouKill -- EatWhatYouKill@39e7c03a/SelectorProducer@6a57b69b/IDLE/p=false/QueuedThreadPool[Jetty (JenkinsRule)]@76b41508{STARTED,8<=8<=200,i=8,r=-1,q=0}[ReservedThreadExecutor@23ec6f48{reserved=0/16,pending=0}][pc=0,pic=0,pec=0,epc=0]@2024-10-22T18:14:22.80499+05:30 created
18:14:22.805 [Executing testGetSecretContextNullAndStoreContextNull(org.conjur.jenkins.conjursecrets.ConjurSecretCredentialImplTest)] DEBUG org.eclipse.jetty.util.component.ContainerLifeCycle -- ManagedSelector@1aaee891{STOPPED} id=7 keys=-1 selected=-1 updates=0 added {EatWhatYouKill@39e7c03a/SelectorProducer@6a57b69b/IDLE/p=false/QueuedThreadPool[Jetty (JenkinsRule)]@76b41508{STARTED,8<=8<=200,i=8,r=-1,q=0}[ReservedThreadExecutor@23ec6f48{reserved=0/16,pending=0}][pc=0,pic=0,pec=0,epc=0]@2024-10-22T18:14:22.80541+05:30,MANAGED}
18:14:22.805 [Executing testGetSecretContextNullAndStoreContextNull(org.conjur.jenkins.conjursecrets.ConjurSecretCredentialImplTest)] DEBUG org.eclipse.jetty.util.component.ContainerLifeCycle -- SelectorManager@ServerConnector@1a694f6e{HTTP/1.1, (http/1.1)}{localhost:51419} added {ManagedSelector@1aaee891{STOPPED} id=7 keys=-1 selected=-1 updates=0,AUTO}
18:14:22.806 [Executing testGetSecretContextNullAndStoreContextNull(org.conjur.jenkins.conjursecrets.ConjurSecretCredentialImplTest)] DEBUG org.eclipse.jetty.util.component.AbstractLifeCycle -- starting ManagedSelector@13036458{STOPPED} id=0 keys=-1 selected=-1 updates=0
18:14:22.806 [Executing testGetSecretContextNullAndStoreContextNull(org.conjur.jenkins.conjursecrets.ConjurSecretCredentialImplTest)] DEBUG org.eclipse.jetty.util.component.AbstractLifeCycle -- starting EatWhatYouKill@1f06b259/SelectorProducer@2ed2328a/IDLE/p=false/QueuedThreadPool[Jetty (JenkinsRule)]@76b41508{STARTED,8<=8<=200,i=8,r=-1,q=0}[ReservedThreadExecutor@23ec6f48{reserved=0/16,pending=0}][pc=0,pic=0,pec=0,epc=0]@2024-10-22T18:14:22.806322+05:30
18:14:22.806 [Executing testGetSecretContextNullAndStoreContextNull(org.conjur.jenkins.conjursecrets.ConjurSecretCredentialImplTest)] DEBUG org.eclipse.jetty.util.component.AbstractLifeCycle -- STARTED @13364ms EatWhatYouKill@1f06b259/SelectorProducer@2ed2328a/IDLE/p=false/QueuedThreadPool[Jetty (JenkinsRule)]@76b41508{STARTED,8<=8<=200,i=8,r=-1,q=0}[ReservedThreadExecutor@23ec6f48{reserved=0/16,pending=0}][pc=0,pic=0,pec=0,epc=0]@2024-10-22T18:14:22.806685+05:30
18:14:22.807 [Executing testGetSecretContextNullAndStoreContextNull(org.conjur.jenkins.conjursecrets.ConjurSecretCredentialImplTest)] DEBUG org.eclipse.jetty.util.thread.QueuedThreadPool -- queue org.eclipse.jetty.io.ManagedSelector$$Lambda$424/0x00000001333325e0@583461b startThread=0
18:14:22.807 [Jetty (JenkinsRule)-107] DEBUG org.eclipse.jetty.util.thread.QueuedThreadPool -- run org.eclipse.jetty.io.ManagedSelector$$Lambda$424/0x00000001333325e0@583461b in QueuedThreadPool[Jetty (JenkinsRule)]@76b41508{STARTED,8<=8<=200,i=7,r=-1,q=0}[ReservedThreadExecutor@23ec6f48{reserved=0/16,pending=0}]
18:14:22.807 [Executing testGetSecretContextNullAndStoreContextNull(org.conjur.jenkins.conjursecrets.ConjurSecretCredentialImplTest)] DEBUG org.eclipse.jetty.io.ManagedSelector -- Queued change lazy=false org.eclipse.jetty.io.ManagedSelector$Start@262b081 on ManagedSelector@13036458{STARTING} id=0 keys=0 selected=0 updates=0
18:14:22.807 [Jetty (JenkinsRule)-107] DEBUG org.eclipse.jetty.util.thread.strategy.EatWhatYouKill -- EatWhatYouKill@1f06b259/SelectorProducer@2ed2328a/IDLE/p=false/QueuedThreadPool[Jetty (JenkinsRule)]@76b41508{STARTED,8<=8<=200,i=7,r=-1,q=0}[ReservedThreadExecutor@23ec6f48{reserved=0/16,pending=0}][pc=0,pic=0,pec=0,epc=0]@2024-10-22T18:14:22.807553+05:30 tryProduce false
18:14:22.807 [Jetty (JenkinsRule)-107] DEBUG org.eclipse.jetty.io.ManagedSelector -- updateable 1
18:14:22.808 [Jetty (JenkinsRule)-107] DEBUG org.eclipse.jetty.io.ManagedSelector -- update org.eclipse.jetty.io.ManagedSelector$Start@262b081
18:14:22.808 [Jetty (JenkinsRule)-107] DEBUG org.eclipse.jetty.io.ManagedSelector -- updates 0
18:14:22.808 [Jetty (JenkinsRule)-107] DEBUG org.eclipse.jetty.io.ManagedSelector -- Selector sun.nio.ch.KQueueSelectorImpl@1dd89014 waiting with 0 keys
18:14:22.808 [Executing testGetSecretContextNullAndStoreContextNull(org.conjur.jenkins.conjursecrets.ConjurSecretCredentialImplTest)] DEBUG org.eclipse.jetty.util.component.AbstractLifeCycle -- STARTED @13365ms ManagedSelector@13036458{STARTED} id=0 keys=0 selected=0 updates=0
18:14:22.808 [Executing testGetSecretContextNullAndStoreContextNull(org.conjur.jenkins.conjursecrets.ConjurSecretCredentialImplTest)] DEBUG org.eclipse.jetty.util.component.AbstractLifeCycle -- starting ManagedSelector@190b925c{STOPPED} id=1 keys=-1 selected=-1 updates=0
18:14:22.808 [Executing testGetSecretContextNullAndStoreContextNull(org.conjur.jenkins.conjursecrets.ConjurSecretCredentialImplTest)] DEBUG org.eclipse.jetty.util.component.AbstractLifeCycle -- starting EatWhatYouKill@ccc5dc0/SelectorProducer@2672a27a/IDLE/p=false/QueuedThreadPool[Jetty (JenkinsRule)]@76b41508{STARTED,8<=8<=200,i=7,r=-1,q=0}[ReservedThreadExecutor@23ec6f48{reserved=0/16,pending=0}][pc=0,pic=0,pec=0,epc=0]@2024-10-22T18:14:22.808791+05:30
18:14:22.809 [Executing testGetSecretContextNullAndStoreContextNull(org.conjur.jenkins.conjursecrets.ConjurSecretCredentialImplTest)] DEBUG org.eclipse.jetty.util.component.AbstractLifeCycle -- STARTED @13366ms EatWhatYouKill@ccc5dc0/SelectorProducer@2672a27a/IDLE/p=false/QueuedThreadPool[Jetty (JenkinsRule)]@76b41508{STARTED,8<=8<=200,i=7,r=-1,q=0}[ReservedThreadExecutor@23ec6f48{reserved=0/16,pending=0}][pc=0,pic=0,pec=0,epc=0]@2024-10-22T18:14:22.809169+05:30
18:14:22.809 [Executing testGetSecretContextNullAndStoreContextNull(org.conjur.jenkins.conjursecrets.ConjurSecretCredentialImplTest)] DEBUG org.eclipse.jetty.util.thread.QueuedThreadPool -- queue org.eclipse.jetty.io.ManagedSelector$$Lambda$424/0x00000001333325e0@55563d38 startThread=0
18:14:22.809 [Jetty (JenkinsRule)-108] DEBUG org.eclipse.jetty.util.thread.QueuedThreadPool -- run org.eclipse.jetty.io.ManagedSelector$$Lambda$424/0x00000001333325e0@55563d38 in QueuedThreadPool[Jetty (JenkinsRule)]@76b41508{STARTED,8<=8<=200,i=6,r=-1,q=0}[ReservedThreadExecutor@23ec6f48{reserved=0/16,pending=0}]
18:14:22.809 [Executing testGetSecretContextNullAndStoreContextNull(org.conjur.jenkins.conjursecrets.ConjurSecretCredentialImplTest)] DEBUG org.eclipse.jetty.io.ManagedSelector -- Queued change lazy=false org.eclipse.jetty.io.ManagedSelector$Start@38d1ad63 on ManagedSelector@190b925c{STARTING} id=1 keys=0 selected=0 updates=0
18:14:22.810 [Jetty (JenkinsRule)-108] DEBUG org.eclipse.jetty.util.thread.strategy.EatWhatYouKill -- EatWhatYouKill@ccc5dc0/SelectorProducer@2672a27a/IDLE/p=false/QueuedThreadPool[Jetty (JenkinsRule)]@76b41508{STARTED,8<=8<=200,i=6,r=-1,q=0}[ReservedThreadExecutor@23ec6f48{reserved=0/16,pending=0}][pc=0,pic=0,pec=0,epc=0]@2024-10-22T18:14:22.810074+05:30 tryProduce false
18:14:22.810 [Jetty (JenkinsRule)-108] DEBUG org.eclipse.jetty.io.ManagedSelector -- updateable 1
18:14:22.810 [Jetty (JenkinsRule)-108] DEBUG org.eclipse.jetty.io.ManagedSelector -- update org.eclipse.jetty.io.ManagedSelector$Start@38d1ad63
18:14:22.810 [Jetty (JenkinsRule)-108] DEBUG org.eclipse.jetty.io.ManagedSelector -- updates 0
18:14:22.810 [Jetty (JenkinsRule)-108] DEBUG org.eclipse.jetty.io.ManagedSelector -- Selector sun.nio.ch.KQueueSelectorImpl@462ef9d9 waiting with 0 keys
18:14:22.810 [Executing testGetSecretContextNullAndStoreContextNull(org.conjur.jenkins.conjursecrets.ConjurSecretCredentialImplTest)] DEBUG org.eclipse.jetty.util.component.AbstractLifeCycle -- STARTED @13368ms ManagedSelector@190b925c{STARTED} id=1 keys=0 selected=0 updates=0
18:14:22.811 [Executing testGetSecretContextNullAndStoreContextNull(org.conjur.jenkins.conjursecrets.ConjurSecretCredentialImplTest)] DEBUG org.eclipse.jetty.util.component.AbstractLifeCycle -- starting ManagedSelector@4cbc75cd{STOPPED} id=2 keys=-1 selected=-1 updates=0
18:14:22.811 [Executing testGetSecretContextNullAndStoreContextNull(org.conjur.jenkins.conjursecrets.ConjurSecretCredentialImplTest)] DEBUG org.eclipse.jetty.util.component.AbstractLifeCycle -- starting EatWhatYouKill@11220481/SelectorProducer@7fee6938/IDLE/p=false/QueuedThreadPool[Jetty (JenkinsRule)]@76b41508{STARTED,8<=8<=200,i=6,r=-1,q=0}[ReservedThreadExecutor@23ec6f48{reserved=0/16,pending=0}][pc=0,pic=0,pec=0,epc=0]@2024-10-22T18:14:22.811329+05:30
18:14:22.811 [Executing testGetSecretContextNullAndStoreContextNull(org.conjur.jenkins.conjursecrets.ConjurSecretCredentialImplTest)] DEBUG org.eclipse.jetty.util.component.AbstractLifeCycle -- STARTED @13369ms EatWhatYouKill@11220481/SelectorProducer@7fee6938/IDLE/p=false/QueuedThreadPool[Jetty (JenkinsRule)]@76b41508{STARTED,8<=8<=200,i=6,r=-1,q=0}[ReservedThreadExecutor@23ec6f48{reserved=0/16,pending=0}][pc=0,pic=0,pec=0,epc=0]@2024-10-22T18:14:22.811687+05:30
18:14:22.812 [Executing testGetSecretContextNullAndStoreContextNull(org.conjur.jenkins.conjursecrets.ConjurSecretCredentialImplTest)] DEBUG org.eclipse.jetty.util.thread.QueuedThreadPool -- queue org.eclipse.jetty.io.ManagedSelector$$Lambda$424/0x00000001333325e0@277d97fc startThread=0
18:14:22.812 [Jetty (JenkinsRule)-109] DEBUG org.eclipse.jetty.util.thread.QueuedThreadPool -- run org.eclipse.jetty.io.ManagedSelector$$Lambda$424/0x00000001333325e0@277d97fc in QueuedThreadPool[Jetty (JenkinsRule)]@76b41508{STARTED,8<=8<=200,i=5,r=-1,q=0}[ReservedThreadExecutor@23ec6f48{reserved=0/16,pending=0}]
18:14:22.812 [Executing testGetSecretContextNullAndStoreContextNull(org.conjur.jenkins.conjursecrets.ConjurSecretCredentialImplTest)] DEBUG org.eclipse.jetty.io.ManagedSelector -- Queued change lazy=false org.eclipse.jetty.io.ManagedSelector$Start@308cdd2a on ManagedSelector@4cbc75cd{STARTING} id=2 keys=0 selected=0 updates=0
18:14:22.812 [Jetty (JenkinsRule)-109] DEBUG org.eclipse.jetty.util.thread.strategy.EatWhatYouKill -- EatWhatYouKill@11220481/SelectorProducer@7fee6938/IDLE/p=false/QueuedThreadPool[Jetty (JenkinsRule)]@76b41508{STARTED,8<=8<=200,i=5,r=-1,q=0}[ReservedThreadExecutor@23ec6f48{reserved=0/16,pending=0}][pc=0,pic=0,pec=0,epc=0]@2024-10-22T18:14:22.81261+05:30 tryProduce false
18:14:22.812 [Jetty (JenkinsRule)-109] DEBUG org.eclipse.jetty.io.ManagedSelector -- updateable 1
18:14:22.813 [Jetty (JenkinsRule)-109] DEBUG org.eclipse.jetty.io.ManagedSelector -- update org.eclipse.jetty.io.ManagedSelector$Start@308cdd2a
18:14:22.813 [Jetty (JenkinsRule)-109] DEBUG org.eclipse.jetty.io.ManagedSelector -- updates 0
18:14:22.813 [Jetty (JenkinsRule)-109] DEBUG org.eclipse.jetty.io.ManagedSelector -- Selector sun.nio.ch.KQueueSelectorImpl@38665e87 waiting with 0 keys
18:14:22.813 [Executing testGetSecretContextNullAndStoreContextNull(org.conjur.jenkins.conjursecrets.ConjurSecretCredentialImplTest)] DEBUG org.eclipse.jetty.util.component.AbstractLifeCycle -- STARTED @13370ms ManagedSelector@4cbc75cd{STARTED} id=2 keys=0 selected=0 updates=0
18:14:22.813 [Executing testGetSecretContextNullAndStoreContextNull(org.conjur.jenkins.conjursecrets.ConjurSecretCredentialImplTest)] DEBUG org.eclipse.jetty.util.component.AbstractLifeCycle -- starting ManagedSelector@4cc8358{STOPPED} id=3 keys=-1 selected=-1 updates=0
18:14:22.813 [Executing testGetSecretContextNullAndStoreContextNull(org.conjur.jenkins.conjursecrets.ConjurSecretCredentialImplTest)] DEBUG org.eclipse.jetty.util.component.AbstractLifeCycle -- starting EatWhatYouKill@9e09774/SelectorProducer@8678cc5/IDLE/p=false/QueuedThreadPool[Jetty (JenkinsRule)]@76b41508{STARTED,8<=8<=200,i=5,r=-1,q=0}[ReservedThreadExecutor@23ec6f48{reserved=0/16,pending=0}][pc=0,pic=0,pec=0,epc=0]@2024-10-22T18:14:22.813784+05:30
18:14:22.814 [Executing testGetSecretContextNullAndStoreContextNull(org.conjur.jenkins.conjursecrets.ConjurSecretCredentialImplTest)] DEBUG org.eclipse.jetty.util.component.AbstractLifeCycle -- STARTED @13371ms EatWhatYouKill@9e09774/SelectorProducer@8678cc5/IDLE/p=false/QueuedThreadPool[Jetty (JenkinsRule)]@76b41508{STARTED,8<=8<=200,i=5,r=-1,q=0}[ReservedThreadExecutor@23ec6f48{reserved=0/16,pending=0}][pc=0,pic=0,pec=0,epc=0]@2024-10-22T18:14:22.814162+05:30
18:14:22.814 [Executing testGetSecretContextNullAndStoreContextNull(org.conjur.jenkins.conjursecrets.ConjurSecretCredentialImplTest)] DEBUG org.eclipse.jetty.util.thread.QueuedThreadPool -- queue org.eclipse.jetty.io.ManagedSelector$$Lambda$424/0x00000001333325e0@545789fe startThread=0
18:14:22.814 [Jetty (JenkinsRule)-110] DEBUG org.eclipse.jetty.util.thread.QueuedThreadPool -- run org.eclipse.jetty.io.ManagedSelector$$Lambda$424/0x00000001333325e0@545789fe in QueuedThreadPool[Jetty (JenkinsRule)]@76b41508{STARTED,8<=8<=200,i=4,r=-1,q=0}[ReservedThreadExecutor@23ec6f48{reserved=0/16,pending=0}]
18:14:22.814 [Executing testGetSecretContextNullAndStoreContextNull(org.conjur.jenkins.conjursecrets.ConjurSecretCredentialImplTest)] DEBUG org.eclipse.jetty.io.ManagedSelector -- Queued change lazy=false org.eclipse.jetty.io.ManagedSelector$Start@61d89ca2 on ManagedSelector@4cc8358{STARTING} id=3 keys=0 selected=0 updates=0
18:14:22.815 [Jetty (JenkinsRule)-110] DEBUG org.eclipse.jetty.util.thread.strategy.EatWhatYouKill -- EatWhatYouKill@9e09774/SelectorProducer@8678cc5/IDLE/p=false/QueuedThreadPool[Jetty (JenkinsRule)]@76b41508{STARTED,8<=8<=200,i=4,r=-1,q=0}[ReservedThreadExecutor@23ec6f48{reserved=0/16,pending=0}][pc=0,pic=0,pec=0,epc=0]@2024-10-22T18:14:22.815054+05:30 tryProduce false
18:14:22.815 [Jetty (JenkinsRule)-110] DEBUG org.eclipse.jetty.io.ManagedSelector -- updateable 1
18:14:22.815 [Jetty (JenkinsRule)-110] DEBUG org.eclipse.jetty.io.ManagedSelector -- update org.eclipse.jetty.io.ManagedSelector$Start@61d89ca2
18:14:22.815 [Jetty (JenkinsRule)-110] DEBUG org.eclipse.jetty.io.ManagedSelector -- updates 0
18:14:22.815 [Jetty (JenkinsRule)-110] DEBUG org.eclipse.jetty.io.ManagedSelector -- Selector sun.nio.ch.KQueueSelectorImpl@6b1b3472 waiting with 0 keys
18:14:22.815 [Executing testGetSecretContextNullAndStoreContextNull(org.conjur.jenkins.conjursecrets.ConjurSecretCredentialImplTest)] DEBUG org.eclipse.jetty.util.component.AbstractLifeCycle -- STARTED @13373ms ManagedSelector@4cc8358{STARTED} id=3 keys=0 selected=0 updates=0
18:14:22.816 [Executing testGetSecretContextNullAndStoreContextNull(org.conjur.jenkins.conjursecrets.ConjurSecretCredentialImplTest)] DEBUG org.eclipse.jetty.util.component.AbstractLifeCycle -- starting ManagedSelector@12925489{STOPPED} id=4 keys=-1 selected=-1 updates=0
18:14:22.816 [Executing testGetSecretContextNullAndStoreContextNull(org.conjur.jenkins.conjursecrets.ConjurSecretCredentialImplTest)] DEBUG org.eclipse.jetty.util.component.AbstractLifeCycle -- starting EatWhatYouKill@2b718c11/SelectorProducer@26a7f53c/IDLE/p=false/QueuedThreadPool[Jetty (JenkinsRule)]@76b41508{STARTED,8<=8<=200,i=4,r=-1,q=0}[ReservedThreadExecutor@23ec6f48{reserved=0/16,pending=0}][pc=0,pic=0,pec=0,epc=0]@2024-10-22T18:14:22.816365+05:30
18:14:22.816 [Executing testGetSecretContextNullAndStoreContextNull(org.conjur.jenkins.conjursecrets.ConjurSecretCredentialImplTest)] DEBUG org.eclipse.jetty.util.component.AbstractLifeCycle -- STARTED @13374ms EatWhatYouKill@2b718c11/SelectorProducer@26a7f53c/IDLE/p=false/QueuedThreadPool[Jetty (JenkinsRule)]@76b41508{STARTED,8<=8<=200,i=4,r=-1,q=0}[ReservedThreadExecutor@23ec6f48{reserved=0/16,pending=0}][pc=0,pic=0,pec=0,epc=0]@2024-10-22T18:14:22.816712+05:30
18:14:22.817 [Executing testGetSecretContextNullAndStoreContextNull(org.conjur.jenkins.conjursecrets.ConjurSecretCredentialImplTest)] DEBUG org.eclipse.jetty.util.thread.QueuedThreadPool -- queue org.eclipse.jetty.io.ManagedSelector$$Lambda$424/0x00000001333325e0@2a513512 startThread=0
18:14:22.817 [Jetty (JenkinsRule)-111] DEBUG org.eclipse.jetty.util.thread.QueuedThreadPool -- run org.eclipse.jetty.io.ManagedSelector$$Lambda$424/0x00000001333325e0@2a513512 in QueuedThreadPool[Jetty (JenkinsRule)]@76b41508{STARTED,8<=8<=200,i=3,r=-1,q=0}[ReservedThreadExecutor@23ec6f48{reserved=0/16,pending=0}]
18:14:22.817 [Executing testGetSecretContextNullAndStoreContextNull(org.conjur.jenkins.conjursecrets.ConjurSecretCredentialImplTest)] DEBUG org.eclipse.jetty.io.ManagedSelector -- Queued change lazy=false org.eclipse.jetty.io.ManagedSelector$Start@7ce2c8ff on ManagedSelector@12925489{STARTING} id=4 keys=0 selected=0 updates=0
18:14:22.817 [Jetty (JenkinsRule)-111] DEBUG org.eclipse.jetty.util.thread.strategy.EatWhatYouKill -- EatWhatYouKill@2b718c11/SelectorProducer@26a7f53c/IDLE/p=false/QueuedThreadPool[Jetty (JenkinsRule)]@76b41508{STARTED,8<=8<=200,i=3,r=-1,q=0}[ReservedThreadExecutor@23ec6f48{reserved=0/16,pending=0}][pc=0,pic=0,pec=0,epc=0]@2024-10-22T18:14:22.817531+05:30 tryProduce false
18:14:22.817 [Jetty (JenkinsRule)-111] DEBUG org.eclipse.jetty.io.ManagedSelector -- updateable 1
18:14:22.817 [Jetty (JenkinsRule)-111] DEBUG org.eclipse.jetty.io.ManagedSelector -- update org.eclipse.jetty.io.ManagedSelector$Start@7ce2c8ff
18:14:22.818 [Jetty (JenkinsRule)-111] DEBUG org.eclipse.jetty.io.ManagedSelector -- updates 0
18:14:22.818 [Executing testGetSecretContextNullAndStoreContextNull(org.conjur.jenkins.conjursecrets.ConjurSecretCredentialImplTest)] DEBUG org.eclipse.jetty.util.component.AbstractLifeCycle -- STARTED @13375ms ManagedSelector@12925489{STARTED} id=4 keys=0 selected=0 updates=0
18:14:22.818 [Jetty (JenkinsRule)-111] DEBUG org.eclipse.jetty.io.ManagedSelector -- Selector sun.nio.ch.KQueueSelectorImpl@508dc38e waiting with 0 keys
18:14:22.818 [Executing testGetSecretContextNullAndStoreContextNull(org.conjur.jenkins.conjursecrets.ConjurSecretCredentialImplTest)] DEBUG org.eclipse.jetty.util.component.AbstractLifeCycle -- starting ManagedSelector@4c05c91a{STOPPED} id=5 keys=-1 selected=-1 updates=0
18:14:22.818 [Executing testGetSecretContextNullAndStoreContextNull(org.conjur.jenkins.conjursecrets.ConjurSecretCredentialImplTest)] DEBUG org.eclipse.jetty.util.component.AbstractLifeCycle -- starting EatWhatYouKill@7224c3c0/SelectorProducer@5512d891/IDLE/p=false/QueuedThreadPool[Jetty (JenkinsRule)]@76b41508{STARTED,8<=8<=200,i=3,r=-1,q=0}[ReservedThreadExecutor@23ec6f48{reserved=0/16,pending=0}][pc=0,pic=0,pec=0,epc=0]@2024-10-22T18:14:22.818747+05:30
18:14:22.819 [Executing testGetSecretContextNullAndStoreContextNull(org.conjur.jenkins.conjursecrets.ConjurSecretCredentialImplTest)] DEBUG org.eclipse.jetty.util.component.AbstractLifeCycle -- STARTED @13376ms EatWhatYouKill@7224c3c0/SelectorProducer@5512d891/IDLE/p=false/QueuedThreadPool[Jetty (JenkinsRule)]@76b41508{STARTED,8<=8<=200,i=3,r=-1,q=0}[ReservedThreadExecutor@23ec6f48{reserved=0/16,pending=0}][pc=0,pic=0,pec=0,epc=0]@2024-10-22T18:14:22.819104+05:30
18:14:22.819 [Executing testGetSecretContextNullAndStoreContextNull(org.conjur.jenkins.conjursecrets.ConjurSecretCredentialImplTest)] DEBUG org.eclipse.jetty.util.thread.QueuedThreadPool -- queue org.eclipse.jetty.io.ManagedSelector$$Lambda$424/0x00000001333325e0@1492a6e4 startThread=0
18:14:22.819 [Jetty (JenkinsRule)-112] DEBUG org.eclipse.jetty.util.thread.QueuedThreadPool -- run org.eclipse.jetty.io.ManagedSelector$$Lambda$424/0x00000001333325e0@1492a6e4 in QueuedThreadPool[Jetty (JenkinsRule)]@76b41508{STARTED,8<=8<=200,i=2,r=-1,q=0}[ReservedThreadExecutor@23ec6f48{reserved=0/16,pending=0}]
18:14:22.819 [Executing testGetSecretContextNullAndStoreContextNull(org.conjur.jenkins.conjursecrets.ConjurSecretCredentialImplTest)] DEBUG org.eclipse.jetty.io.ManagedSelector -- Queued change lazy=false org.eclipse.jetty.io.ManagedSelector$Start@318a1558 on ManagedSelector@4c05c91a{STARTING} id=5 keys=0 selected=0 updates=0
18:14:22.819 [Jetty (JenkinsRule)-112] DEBUG org.eclipse.jetty.util.thread.strategy.EatWhatYouKill -- EatWhatYouKill@7224c3c0/SelectorProducer@5512d891/IDLE/p=false/QueuedThreadPool[Jetty (JenkinsRule)]@76b41508{STARTED,8<=8<=200,i=2,r=-1,q=0}[ReservedThreadExecutor@23ec6f48{reserved=0/16,pending=0}][pc=0,pic=0,pec=0,epc=0]@2024-10-22T18:14:22.819909+05:30 tryProduce false
18:14:22.820 [Jetty (JenkinsRule)-112] DEBUG org.eclipse.jetty.io.ManagedSelector -- updateable 1
18:14:22.820 [Jetty (JenkinsRule)-112] DEBUG org.eclipse.jetty.io.ManagedSelector -- update org.eclipse.jetty.io.ManagedSelector$Start@318a1558
18:14:22.820 [Jetty (JenkinsRule)-112] DEBUG org.eclipse.jetty.io.ManagedSelector -- updates 0
18:14:22.820 [Jetty (JenkinsRule)-112] DEBUG org.eclipse.jetty.io.ManagedSelector -- Selector sun.nio.ch.KQueueSelectorImpl@64c573f waiting with 0 keys
18:14:22.820 [Executing testGetSecretContextNullAndStoreContextNull(org.conjur.jenkins.conjursecrets.ConjurSecretCredentialImplTest)] DEBUG org.eclipse.jetty.util.component.AbstractLifeCycle -- STARTED @13378ms ManagedSelector@4c05c91a{STARTED} id=5 keys=0 selected=0 updates=0
18:14:22.820 [Executing testGetSecretContextNullAndStoreContextNull(org.conjur.jenkins.conjursecrets.ConjurSecretCredentialImplTest)] DEBUG org.eclipse.jetty.util.component.AbstractLifeCycle -- starting ManagedSelector@5bc89f40{STOPPED} id=6 keys=-1 selected=-1 updates=0
18:14:22.821 [Executing testGetSecretContextNullAndStoreContextNull(org.conjur.jenkins.conjursecrets.ConjurSecretCredentialImplTest)] DEBUG org.eclipse.jetty.util.component.AbstractLifeCycle -- starting EatWhatYouKill@4cb3ea0f/SelectorProducer@18dd0a9a/IDLE/p=false/QueuedThreadPool[Jetty (JenkinsRule)]@76b41508{STARTED,8<=8<=200,i=2,r=-1,q=0}[ReservedThreadExecutor@23ec6f48{reserved=0/16,pending=0}][pc=0,pic=0,pec=0,epc=0]@2024-10-22T18:14:22.821162+05:30
18:14:22.821 [Executing testGetSecretContextNullAndStoreContextNull(org.conjur.jenkins.conjursecrets.ConjurSecretCredentialImplTest)] DEBUG org.eclipse.jetty.util.component.AbstractLifeCycle -- STARTED @13379ms EatWhatYouKill@4cb3ea0f/SelectorProducer@18dd0a9a/IDLE/p=false/QueuedThreadPool[Jetty (JenkinsRule)]@76b41508{STARTED,8<=8<=200,i=2,r=-1,q=0}[ReservedThreadExecutor@23ec6f48{reserved=0/16,pending=0}][pc=0,pic=0,pec=0,epc=0]@2024-10-22T18:14:22.821558+05:30
18:14:22.821 [Executing testGetSecretContextNullAndStoreContextNull(org.conjur.jenkins.conjursecrets.ConjurSecretCredentialImplTest)] DEBUG org.eclipse.jetty.util.thread.QueuedThreadPool -- queue org.eclipse.jetty.io.ManagedSelector$$Lambda$424/0x00000001333325e0@12504fde startThread=0
18:14:22.821 [Jetty (JenkinsRule)-113] DEBUG org.eclipse.jetty.util.thread.QueuedThreadPool -- run org.eclipse.jetty.io.ManagedSelector$$Lambda$424/0x00000001333325e0@12504fde in QueuedThreadPool[Jetty (JenkinsRule)]@76b41508{STARTED,8<=8<=200,i=1,r=-1,q=0}[ReservedThreadExecutor@23ec6f48{reserved=0/16,pending=0}]
18:14:22.822 [Executing testGetSecretContextNullAndStoreContextNull(org.conjur.jenkins.conjursecrets.ConjurSecretCredentialImplTest)] DEBUG org.eclipse.jetty.io.ManagedSelector -- Queued change lazy=false org.eclipse.jetty.io.ManagedSelector$Start@789fd85b on ManagedSelector@5bc89f40{STARTING} id=6 keys=0 selected=0 updates=0
18:14:22.822 [Jetty (JenkinsRule)-113] DEBUG org.eclipse.jetty.util.thread.strategy.EatWhatYouKill -- EatWhatYouKill@4cb3ea0f/SelectorProducer@18dd0a9a/IDLE/p=false/QueuedThreadPool[Jetty (JenkinsRule)]@76b41508{STARTED,8<=8<=200,i=1,r=-1,q=0}[ReservedThreadExecutor@23ec6f48{reserved=0/16,pending=0}][pc=0,pic=0,pec=0,epc=0]@2024-10-22T18:14:22.822346+05:30 tryProduce false
18:14:22.822 [Jetty (JenkinsRule)-113] DEBUG org.eclipse.jetty.io.ManagedSelector -- updateable 1
18:14:22.822 [Jetty (JenkinsRule)-113] DEBUG org.eclipse.jetty.io.ManagedSelector -- update org.eclipse.jetty.io.ManagedSelector$Start@789fd85b
18:14:22.822 [Jetty (JenkinsRule)-113] DEBUG org.eclipse.jetty.io.ManagedSelector -- updates 0
18:14:22.822 [Jetty (JenkinsRule)-113] DEBUG org.eclipse.jetty.io.ManagedSelector -- Selector sun.nio.ch.KQueueSelectorImpl@236489b2 waiting with 0 keys
18:14:22.823 [Executing testGetSecretContextNullAndStoreContextNull(org.conjur.jenkins.conjursecrets.ConjurSecretCredentialImplTest)] DEBUG org.eclipse.jetty.util.component.AbstractLifeCycle -- STARTED @13380ms ManagedSelector@5bc89f40{STARTED} id=6 keys=0 selected=0 updates=0
18:14:22.823 [Executing testGetSecretContextNullAndStoreContextNull(org.conjur.jenkins.conjursecrets.ConjurSecretCredentialImplTest)] DEBUG org.eclipse.jetty.util.component.AbstractLifeCycle -- starting ManagedSelector@1aaee891{STOPPED} id=7 keys=-1 selected=-1 updates=0
18:14:22.823 [Executing testGetSecretContextNullAndStoreContextNull(org.conjur.jenkins.conjursecrets.ConjurSecretCredentialImplTest)] DEBUG org.eclipse.jetty.util.component.AbstractLifeCycle -- starting EatWhatYouKill@39e7c03a/SelectorProducer@6a57b69b/IDLE/p=false/QueuedThreadPool[Jetty (JenkinsRule)]@76b41508{STARTED,8<=8<=200,i=1,r=-1,q=0}[ReservedThreadExecutor@23ec6f48{reserved=0/16,pending=0}][pc=0,pic=0,pec=0,epc=0]@2024-10-22T18:14:22.823513+05:30
18:14:22.823 [Executing testGetSecretContextNullAndStoreContextNull(org.conjur.jenkins.conjursecrets.ConjurSecretCredentialImplTest)] DEBUG org.eclipse.jetty.util.component.AbstractLifeCycle -- STARTED @13381ms EatWhatYouKill@39e7c03a/SelectorProducer@6a57b69b/IDLE/p=false/QueuedThreadPool[Jetty (JenkinsRule)]@76b41508{STARTED,8<=8<=200,i=1,r=-1,q=0}[ReservedThreadExecutor@23ec6f48{reserved=0/16,pending=0}][pc=0,pic=0,pec=0,epc=0]@2024-10-22T18:14:22.823891+05:30
18:14:22.824 [Executing testGetSecretContextNullAndStoreContextNull(org.conjur.jenkins.conjursecrets.ConjurSecretCredentialImplTest)] DEBUG org.eclipse.jetty.util.thread.QueuedThreadPool -- queue org.eclipse.jetty.io.ManagedSelector$$Lambda$424/0x00000001333325e0@79bbf42a startThread=0
18:14:22.824 [Jetty (JenkinsRule)-114] DEBUG org.eclipse.jetty.util.thread.QueuedThreadPool -- run org.eclipse.jetty.io.ManagedSelector$$Lambda$424/0x00000001333325e0@79bbf42a in QueuedThreadPool[Jetty (JenkinsRule)]@76b41508{STARTED,8<=8<=200,i=0,r=-1,q=0}[ReservedThreadExecutor@23ec6f48{reserved=0/16,pending=0}]
18:14:22.824 [Executing testGetSecretContextNullAndStoreContextNull(org.conjur.jenkins.conjursecrets.ConjurSecretCredentialImplTest)] DEBUG org.eclipse.jetty.io.ManagedSelector -- Queued change lazy=false org.eclipse.jetty.io.ManagedSelector$Start@18fa1e90 on ManagedSelector@1aaee891{STARTING} id=7 keys=0 selected=0 updates=0
18:14:22.824 [Jetty (JenkinsRule)-114] DEBUG org.eclipse.jetty.util.thread.strategy.EatWhatYouKill -- EatWhatYouKill@39e7c03a/SelectorProducer@6a57b69b/IDLE/p=false/QueuedThreadPool[Jetty (JenkinsRule)]@76b41508{STARTED,8<=8<=200,i=0,r=-1,q=0}[ReservedThreadExecutor@23ec6f48{reserved=0/16,pending=0}][pc=0,pic=0,pec=0,epc=0]@2024-10-22T18:14:22.824734+05:30 tryProduce false
18:14:22.825 [Jetty (JenkinsRule)-114] DEBUG org.eclipse.jetty.io.ManagedSelector -- updateable 1
18:14:22.825 [Jetty (JenkinsRule)-114] DEBUG org.eclipse.jetty.io.ManagedSelector -- update org.eclipse.jetty.io.ManagedSelector$Start@18fa1e90
18:14:22.825 [Jetty (JenkinsRule)-114] DEBUG org.eclipse.jetty.io.ManagedSelector -- updates 0
18:14:22.825 [Jetty (JenkinsRule)-114] DEBUG org.eclipse.jetty.io.ManagedSelector -- Selector sun.nio.ch.KQueueSelectorImpl@324da7b2 waiting with 0 keys
18:14:22.825 [Executing testGetSecretContextNullAndStoreContextNull(org.conjur.jenkins.conjursecrets.ConjurSecretCredentialImplTest)] DEBUG org.eclipse.jetty.util.component.AbstractLifeCycle -- STARTED @13383ms ManagedSelector@1aaee891{STARTED} id=7 keys=0 selected=0 updates=0
18:14:22.825 [Executing testGetSecretContextNullAndStoreContextNull(org.conjur.jenkins.conjursecrets.ConjurSecretCredentialImplTest)] DEBUG org.eclipse.jetty.util.component.AbstractLifeCycle -- STARTED @13383ms SelectorManager@ServerConnector@1a694f6e{HTTP/1.1, (http/1.1)}{localhost:51419}
18:14:22.826 [Executing testGetSecretContextNullAndStoreContextNull(org.conjur.jenkins.conjursecrets.ConjurSecretCredentialImplTest)] DEBUG org.eclipse.jetty.util.component.ContainerLifeCycle -- ServerConnector@1a694f6e{HTTP/1.1, (http/1.1)}{localhost:51419} added {acceptor-0@8449cee,POJO}
18:14:22.826 [Executing testGetSecretContextNullAndStoreContextNull(org.conjur.jenkins.conjursecrets.ConjurSecretCredentialImplTest)] DEBUG org.eclipse.jetty.util.thread.QueuedThreadPool -- queue acceptor-0@8449cee startThread=1
18:14:22.826 [Executing testGetSecretContextNullAndStoreContextNull(org.conjur.jenkins.conjursecrets.ConjurSecretCredentialImplTest)] DEBUG org.eclipse.jetty.util.thread.QueuedThreadPool -- Starting Thread[Jetty (JenkinsRule)-116,5,main]
18:14:22.826 [Executing testGetSecretContextNullAndStoreContextNull(org.conjur.jenkins.conjursecrets.ConjurSecretCredentialImplTest)] DEBUG org.eclipse.jetty.util.component.ContainerLifeCycle -- ServerConnector@1a694f6e{HTTP/1.1, (http/1.1)}{localhost:51419} added {acceptor-1@28a36fe0,POJO}
18:14:22.826 [Jetty (JenkinsRule)-116] DEBUG org.eclipse.jetty.util.thread.QueuedThreadPool -- Runner started for QueuedThreadPool[Jetty (JenkinsRule)]@76b41508{STARTED,8<=9<=200,i=0,r=-1,q=0}[ReservedThreadExecutor@23ec6f48{reserved=0/16,pending=0}]
18:14:22.827 [Executing testGetSecretContextNullAndStoreContextNull(org.conjur.jenkins.conjursecrets.ConjurSecretCredentialImplTest)] DEBUG org.eclipse.jetty.util.thread.QueuedThreadPool -- queue acceptor-1@28a36fe0 startThread=1
18:14:22.827 [Jetty (JenkinsRule)-116] DEBUG org.eclipse.jetty.util.thread.QueuedThreadPool -- run acceptor-0@8449cee in QueuedThreadPool[Jetty (JenkinsRule)]@76b41508{STARTED,8<=10<=200,i=0,r=-1,q=0}[ReservedThreadExecutor@23ec6f48{reserved=0/16,pending=0}]
18:14:22.827 [Executing testGetSecretContextNullAndStoreContextNull(org.conjur.jenkins.conjursecrets.ConjurSecretCredentialImplTest)] DEBUG org.eclipse.jetty.util.thread.QueuedThreadPool -- Starting Thread[Jetty (JenkinsRule)-117,5,main]
18:14:22.828 [Executing testGetSecretContextNullAndStoreContextNull(org.conjur.jenkins.conjursecrets.ConjurSecretCredentialImplTest)] INFO org.eclipse.jetty.server.AbstractConnector -- Started ServerConnector@1a694f6e{HTTP/1.1, (http/1.1)}{localhost:51419}
18:14:22.828 [Jetty (JenkinsRule)-117] DEBUG org.eclipse.jetty.util.thread.QueuedThreadPool -- Runner started for QueuedThreadPool[Jetty (JenkinsRule)]@76b41508{STARTED,8<=10<=200,i=0,r=-1,q=0}[ReservedThreadExecutor@23ec6f48{reserved=0/16,pending=0}]
18:14:22.828 [Executing testGetSecretContextNullAndStoreContextNull(org.conjur.jenkins.conjursecrets.ConjurSecretCredentialImplTest)] DEBUG org.eclipse.jetty.util.component.AbstractLifeCycle -- STARTED @13386ms ServerConnector@1a694f6e{HTTP/1.1, (http/1.1)}{localhost:51419}
18:14:22.828 [Jetty (JenkinsRule)-117] DEBUG org.eclipse.jetty.util.thread.QueuedThreadPool -- run acceptor-1@28a36fe0 in QueuedThreadPool[Jetty (JenkinsRule)]@76b41508{STARTED,8<=10<=200,i=0,r=-1,q=0}[ReservedThreadExecutor@23ec6f48{reserved=0/16,pending=0}]
18:14:22.829 [Executing testGetSecretContextNullAndStoreContextNull(org.conjur.jenkins.conjursecrets.ConjurSecretCredentialImplTest)] INFO org.eclipse.jetty.server.Server -- Started @13386ms
18:14:22.829 [Executing testGetSecretContextNullAndStoreContextNull(org.conjur.jenkins.conjursecrets.ConjurSecretCredentialImplTest)] DEBUG org.eclipse.jetty.util.component.AbstractLifeCycle -- STARTED @13387ms Server@7c4c7e78{STARTED}[9.4.48.v20220622]
18:14:22.884 [Executing testGetSecretContextNullAndStoreContextNull(org.conjur.jenkins.conjursecrets.ConjurSecretCredentialImplTest)] DEBUG org.apache.commons.discovery.resource.names.DiscoverNamesInFile -- find: serviceName = 'META-INF/services/org.kohsuke.stapler.Facet'
18:14:22.884 [Executing testGetSecretContextNullAndStoreContextNull(org.conjur.jenkins.conjursecrets.ConjurSecretCredentialImplTest)] DEBUG org.apache.commons.discovery.resource.DiscoverResources -- find: resourceName='META-INF/services/org.kohsuke.stapler.Facet'
18:14:22.884 [Executing testGetSecretContextNullAndStoreContextNull(org.conjur.jenkins.conjursecrets.ConjurSecretCredentialImplTest)] DEBUG org.apache.commons.discovery.resource.DiscoverResources -- getNextResources: search using ClassLoader 'jdk.internal.loader.ClassLoaders$AppClassLoader@5ffd2b27'
18:14:22.885 [Executing testGetSecretContextNullAndStoreContextNull(org.conjur.jenkins.conjursecrets.ConjurSecretCredentialImplTest)] DEBUG org.apache.commons.discovery.resource.DiscoverResources -- getNextResource: next URL='jar:file:/Users/sameer.shaik/.m2/repository/org/kohsuke/stapler/stapler-groovy/1669.v95a_4b_919a_b_a_2/stapler-groovy-1669.v95a_4b_919a_b_a_2.jar!/META-INF/services/org.kohsuke.stapler.Facet'
18:14:22.886 [Executing testGetSecretContextNullAndStoreContextNull(org.conjur.jenkins.conjursecrets.ConjurSecretCredentialImplTest)] DEBUG org.apache.commons.discovery.resource.names.DiscoverNamesInFile -- getNextClassResource: next class='org.kohsuke.stapler.jelly.groovy.GroovyFacet'
18:14:22.886 [Executing testGetSecretContextNullAndStoreContextNull(org.conjur.jenkins.conjursecrets.ConjurSecretCredentialImplTest)] DEBUG org.apache.commons.discovery.resource.DiscoverResources -- getNextResource: next URL='jar:file:/Users/sameer.shaik/.m2/repository/org/kohsuke/stapler/stapler-jelly/1669.v95a_4b_919a_b_a_2/stapler-jelly-1669.v95a_4b_919a_b_a_2.jar!/META-INF/services/org.kohsuke.stapler.Facet'
18:14:22.886 [Executing testGetSecretContextNullAndStoreContextNull(org.conjur.jenkins.conjursecrets.ConjurSecretCredentialImplTest)] DEBUG org.apache.commons.discovery.resource.names.DiscoverNamesInFile -- getNextClassResource: next class='org.kohsuke.stapler.jelly.JellyFacet'
18:14:22.886 [Executing testGetSecretContextNullAndStoreContextNull(org.conjur.jenkins.conjursecrets.ConjurSecretCredentialImplTest)] DEBUG org.apache.commons.discovery.resource.names.DiscoverNamesInFile -- find: serviceName = 'META-INF/services/org.kohsuke.stapler.Facet'
18:14:22.887 [Executing testGetSecretContextNullAndStoreContextNull(org.conjur.jenkins.conjursecrets.ConjurSecretCredentialImplTest)] DEBUG org.apache.commons.discovery.resource.DiscoverResources -- find: resourceName='META-INF/services/org.kohsuke.stapler.Facet'
18:14:22.887 [Executing testGetSecretContextNullAndStoreContextNull(org.conjur.jenkins.conjursecrets.ConjurSecretCredentialImplTest)] DEBUG org.apache.commons.discovery.resource.DiscoverResources -- getNextResources: search using ClassLoader 'jdk.internal.loader.ClassLoaders$AppClassLoader@5ffd2b27'
18:14:22.888 [Executing testGetSecretContextNullAndStoreContextNull(org.conjur.jenkins.conjursecrets.ConjurSecretCredentialImplTest)] DEBUG org.apache.commons.discovery.resource.DiscoverResources -- getNextResource: next URL='jar:file:/Users/sameer.shaik/.m2/repository/org/kohsuke/stapler/stapler-groovy/1669.v95a_4b_919a_b_a_2/stapler-groovy-1669.v95a_4b_919a_b_a_2.jar!/META-INF/services/org.kohsuke.stapler.Facet'
18:14:22.888 [Executing testGetSecretContextNullAndStoreContextNull(org.conjur.jenkins.conjursecrets.ConjurSecretCredentialImplTest)] DEBUG org.apache.commons.discovery.resource.names.DiscoverNamesInFile -- getNextClassResource: next class='org.kohsuke.stapler.jelly.groovy.GroovyFacet'
18:14:22.888 [Executing testGetSecretContextNullAndStoreContextNull(org.conjur.jenkins.conjursecrets.ConjurSecretCredentialImplTest)] DEBUG org.apache.commons.discovery.resource.DiscoverResources -- getNextResource: next URL='jar:file:/Users/sameer.shaik/.m2/repository/org/kohsuke/stapler/stapler-jelly/1669.v95a_4b_919a_b_a_2/stapler-jelly-1669.v95a_4b_919a_b_a_2.jar!/META-INF/services/org.kohsuke.stapler.Facet'
18:14:22.889 [Executing testGetSecretContextNullAndStoreContextNull(org.conjur.jenkins.conjursecrets.ConjurSecretCredentialImplTest)] DEBUG org.apache.commons.discovery.resource.names.DiscoverNamesInFile -- getNextClassResource: next class='org.kohsuke.stapler.jelly.JellyFacet'
18:14:24.115 [Executing testGetSecretContextNullAndStoreContextNull(org.conjur.jenkins.conjursecrets.ConjurSecretCredentialImplTest)] DEBUG org.eclipse.jetty.util.component.AbstractLifeCycle -- stopping Server@7c4c7e78{STARTED}[9.4.48.v20220622]
18:14:24.115 [Executing testGetSecretContextNullAndStoreContextNull(org.conjur.jenkins.conjursecrets.ConjurSecretCredentialImplTest)] DEBUG org.eclipse.jetty.server.Server -- doStop Server@7c4c7e78{STOPPING}[9.4.48.v20220622]
18:14:24.115 [Executing testGetSecretContextNullAndStoreContextNull(org.conjur.jenkins.conjursecrets.ConjurSecretCredentialImplTest)] DEBUG org.eclipse.jetty.server.handler.AbstractHandlerContainer -- Graceful shutdown Server@7c4c7e78{STOPPING}[9.4.48.v20220622] by 
18:14:24.115 [Jetty (JenkinsRule)-116] DEBUG org.eclipse.jetty.util.thread.QueuedThreadPool -- ran Jetty (JenkinsRule)-116-acceptor-0@8449cee-ServerConnector@1a694f6e{HTTP/1.1, (http/1.1)}{localhost:51419} in QueuedThreadPool[Jetty (JenkinsRule)]@76b41508{STARTED,8<=10<=200,i=0,r=-1,q=0}[ReservedThreadExecutor@23ec6f48{reserved=0/16,pending=0}]
18:14:24.115 [Jetty (JenkinsRule)-117] DEBUG org.eclipse.jetty.util.thread.QueuedThreadPool -- ran Jetty (JenkinsRule)-117-acceptor-1@28a36fe0-ServerConnector@1a694f6e{HTTP/1.1, (http/1.1)}{localhost:51419} in QueuedThreadPool[Jetty (JenkinsRule)]@76b41508{STARTED,8<=10<=200,i=0,r=-1,q=0}[ReservedThreadExecutor@23ec6f48{reserved=0/16,pending=0}]
18:14:24.115 [Executing testGetSecretContextNullAndStoreContextNull(org.conjur.jenkins.conjursecrets.ConjurSecretCredentialImplTest)] DEBUG org.eclipse.jetty.util.component.AbstractLifeCycle -- stopping ServerConnector@1a694f6e{HTTP/1.1, (http/1.1)}{localhost:0}
18:14:24.115 [Executing testGetSecretContextNullAndStoreContextNull(org.conjur.jenkins.conjursecrets.ConjurSecretCredentialImplTest)] DEBUG org.eclipse.jetty.util.component.AbstractLifeCycle -- stopping SelectorManager@ServerConnector@1a694f6e{HTTP/1.1, (http/1.1)}{localhost:0}
18:14:24.115 [Executing testGetSecretContextNullAndStoreContextNull(org.conjur.jenkins.conjursecrets.ConjurSecretCredentialImplTest)] DEBUG org.eclipse.jetty.util.component.AbstractLifeCycle -- stopping ManagedSelector@1aaee891{STARTED} id=7 keys=0 selected=0 updates=0
18:14:24.115 [Executing testGetSecretContextNullAndStoreContextNull(org.conjur.jenkins.conjursecrets.ConjurSecretCredentialImplTest)] DEBUG org.eclipse.jetty.io.ManagedSelector -- Queued change lazy=false org.eclipse.jetty.io.ManagedSelector$CloseConnections@5c37951f on ManagedSelector@1aaee891{STOPPING} id=7 keys=0 selected=0 updates=0
18:14:24.115 [Executing testGetSecretContextNullAndStoreContextNull(org.conjur.jenkins.conjursecrets.ConjurSecretCredentialImplTest)] DEBUG org.eclipse.jetty.io.ManagedSelector -- Wakeup on submit ManagedSelector@1aaee891{STOPPING} id=7 keys=0 selected=0 updates=1
18:14:24.115 [Jetty (JenkinsRule)-114] DEBUG org.eclipse.jetty.io.ManagedSelector -- Selector sun.nio.ch.KQueueSelectorImpl@324da7b2 woken with none selected
18:14:24.115 [Jetty (JenkinsRule)-114] DEBUG org.eclipse.jetty.io.ManagedSelector -- Selector sun.nio.ch.KQueueSelectorImpl@324da7b2 woken up from select, 0/0/0 selected
18:14:24.115 [Jetty (JenkinsRule)-114] DEBUG org.eclipse.jetty.io.ManagedSelector -- Selector sun.nio.ch.KQueueSelectorImpl@324da7b2 processing 0 keys, 1 updates
18:14:24.115 [Jetty (JenkinsRule)-114] DEBUG org.eclipse.jetty.io.ManagedSelector -- updateable 1
18:14:24.116 [Jetty (JenkinsRule)-114] DEBUG org.eclipse.jetty.io.ManagedSelector -- update org.eclipse.jetty.io.ManagedSelector$CloseConnections@5c37951f
18:14:24.116 [Jetty (JenkinsRule)-114] DEBUG org.eclipse.jetty.io.ManagedSelector -- Closing 0 connections on ManagedSelector@1aaee891{STOPPING} id=7 keys=0 selected=0 updates=0
18:14:24.116 [Jetty (JenkinsRule)-114] DEBUG org.eclipse.jetty.io.ManagedSelector -- updates 0
18:14:24.116 [Jetty (JenkinsRule)-114] DEBUG org.eclipse.jetty.io.ManagedSelector -- Selector sun.nio.ch.KQueueSelectorImpl@324da7b2 waiting with 0 keys
18:14:24.116 [Executing testGetSecretContextNullAndStoreContextNull(org.conjur.jenkins.conjursecrets.ConjurSecretCredentialImplTest)] DEBUG org.eclipse.jetty.io.ManagedSelector -- Queued change lazy=false org.eclipse.jetty.io.ManagedSelector$StopSelector@6b882b80 on ManagedSelector@1aaee891{STOPPING} id=7 keys=0 selected=0 updates=0
18:14:24.116 [Executing testGetSecretContextNullAndStoreContextNull(org.conjur.jenkins.conjursecrets.ConjurSecretCredentialImplTest)] DEBUG org.eclipse.jetty.io.ManagedSelector -- Wakeup on submit ManagedSelector@1aaee891{STOPPING} id=7 keys=0 selected=0 updates=1
18:14:24.116 [Jetty (JenkinsRule)-114] DEBUG org.eclipse.jetty.io.ManagedSelector -- Selector sun.nio.ch.KQueueSelectorImpl@324da7b2 woken with none selected
18:14:24.116 [Jetty (JenkinsRule)-114] DEBUG org.eclipse.jetty.io.ManagedSelector -- Selector sun.nio.ch.KQueueSelectorImpl@324da7b2 woken up from select, 0/0/0 selected
18:14:24.116 [Jetty (JenkinsRule)-114] DEBUG org.eclipse.jetty.io.ManagedSelector -- Selector sun.nio.ch.KQueueSelectorImpl@324da7b2 processing 0 keys, 1 updates
18:14:24.116 [Jetty (JenkinsRule)-114] DEBUG org.eclipse.jetty.io.ManagedSelector -- updateable 1
18:14:24.116 [Jetty (JenkinsRule)-114] DEBUG org.eclipse.jetty.io.ManagedSelector -- update org.eclipse.jetty.io.ManagedSelector$StopSelector@6b882b80
18:14:24.116 [Jetty (JenkinsRule)-114] DEBUG org.eclipse.jetty.io.ManagedSelector -- updates 0
18:14:24.116 [Jetty (JenkinsRule)-114] DEBUG org.eclipse.jetty.util.thread.QueuedThreadPool -- ran org.eclipse.jetty.io.ManagedSelector$$Lambda$424/0x00000001333325e0@79bbf42a in QueuedThreadPool[Jetty (JenkinsRule)]@76b41508{STARTED,8<=10<=200,i=2,r=-1,q=0}[ReservedThreadExecutor@23ec6f48{reserved=0/16,pending=0}]
18:14:24.116 [Executing testGetSecretContextNullAndStoreContextNull(org.conjur.jenkins.conjursecrets.ConjurSecretCredentialImplTest)] DEBUG org.eclipse.jetty.util.component.AbstractLifeCycle -- stopping EatWhatYouKill@39e7c03a/SelectorProducer@6a57b69b/IDLE/p=false/QueuedThreadPool[Jetty (JenkinsRule)]@76b41508{STARTED,8<=10<=200,i=2,r=-1,q=0}[ReservedThreadExecutor@23ec6f48{reserved=0/16,pending=0}][pc=0,pic=0,pec=0,epc=0]@2024-10-22T18:14:24.116682+05:30
18:14:24.116 [Executing testGetSecretContextNullAndStoreContextNull(org.conjur.jenkins.conjursecrets.ConjurSecretCredentialImplTest)] DEBUG org.eclipse.jetty.util.component.AbstractLifeCycle -- STOPPED EatWhatYouKill@39e7c03a/SelectorProducer@6a57b69b/IDLE/p=false/QueuedThreadPool[Jetty (JenkinsRule)]@76b41508{STARTED,8<=10<=200,i=3,r=-1,q=0}[ReservedThreadExecutor@23ec6f48{reserved=0/16,pending=0}][pc=0,pic=0,pec=0,epc=0]@2024-10-22T18:14:24.116907+05:30
18:14:24.116 [Executing testGetSecretContextNullAndStoreContextNull(org.conjur.jenkins.conjursecrets.ConjurSecretCredentialImplTest)] DEBUG org.eclipse.jetty.util.component.AbstractLifeCycle -- STOPPED ManagedSelector@1aaee891{STOPPED} id=7 keys=-1 selected=-1 updates=0
18:14:24.117 [Executing testGetSecretContextNullAndStoreContextNull(org.conjur.jenkins.conjursecrets.ConjurSecretCredentialImplTest)] DEBUG org.eclipse.jetty.util.component.AbstractLifeCycle -- stopping ManagedSelector@5bc89f40{STARTED} id=6 keys=0 selected=0 updates=0
18:14:24.117 [Executing testGetSecretContextNullAndStoreContextNull(org.conjur.jenkins.conjursecrets.ConjurSecretCredentialImplTest)] DEBUG org.eclipse.jetty.io.ManagedSelector -- Queued change lazy=false org.eclipse.jetty.io.ManagedSelector$CloseConnections@737d302f on ManagedSelector@5bc89f40{STOPPING} id=6 keys=0 selected=0 updates=0
18:14:24.117 [Executing testGetSecretContextNullAndStoreContextNull(org.conjur.jenkins.conjursecrets.ConjurSecretCredentialImplTest)] DEBUG org.eclipse.jetty.io.ManagedSelector -- Wakeup on submit ManagedSelector@5bc89f40{STOPPING} id=6 keys=0 selected=0 updates=1
18:14:24.117 [Jetty (JenkinsRule)-113] DEBUG org.eclipse.jetty.io.ManagedSelector -- Selector sun.nio.ch.KQueueSelectorImpl@236489b2 woken with none selected
18:14:24.117 [Jetty (JenkinsRule)-113] DEBUG org.eclipse.jetty.io.ManagedSelector -- Selector sun.nio.ch.KQueueSelectorImpl@236489b2 woken up from select, 0/0/0 selected
18:14:24.117 [Jetty (JenkinsRule)-113] DEBUG org.eclipse.jetty.io.ManagedSelector -- Selector sun.nio.ch.KQueueSelectorImpl@236489b2 processing 0 keys, 1 updates
18:14:24.117 [Jetty (JenkinsRule)-113] DEBUG org.eclipse.jetty.io.ManagedSelector -- updateable 1
18:14:24.117 [Jetty (JenkinsRule)-113] DEBUG org.eclipse.jetty.io.ManagedSelector -- update org.eclipse.jetty.io.ManagedSelector$CloseConnections@737d302f
18:14:24.117 [Jetty (JenkinsRule)-113] DEBUG org.eclipse.jetty.io.ManagedSelector -- Closing 0 connections on ManagedSelector@5bc89f40{STOPPING} id=6 keys=0 selected=0 updates=0
18:14:24.117 [Jetty (JenkinsRule)-113] DEBUG org.eclipse.jetty.io.ManagedSelector -- updates 0
18:14:24.117 [Jetty (JenkinsRule)-113] DEBUG org.eclipse.jetty.io.ManagedSelector -- Selector sun.nio.ch.KQueueSelectorImpl@236489b2 waiting with 0 keys
18:14:24.117 [Executing testGetSecretContextNullAndStoreContextNull(org.conjur.jenkins.conjursecrets.ConjurSecretCredentialImplTest)] DEBUG org.eclipse.jetty.io.ManagedSelector -- Queued change lazy=false org.eclipse.jetty.io.ManagedSelector$StopSelector@5f722bbf on ManagedSelector@5bc89f40{STOPPING} id=6 keys=0 selected=0 updates=0
18:14:24.117 [Executing testGetSecretContextNullAndStoreContextNull(org.conjur.jenkins.conjursecrets.ConjurSecretCredentialImplTest)] DEBUG org.eclipse.jetty.io.ManagedSelector -- Wakeup on submit ManagedSelector@5bc89f40{STOPPING} id=6 keys=0 selected=0 updates=1
18:14:24.117 [Jetty (JenkinsRule)-113] DEBUG org.eclipse.jetty.io.ManagedSelector -- Selector sun.nio.ch.KQueueSelectorImpl@236489b2 woken with none selected
18:14:24.117 [Jetty (JenkinsRule)-113] DEBUG org.eclipse.jetty.io.ManagedSelector -- Selector sun.nio.ch.KQueueSelectorImpl@236489b2 woken up from select, 0/0/0 selected
18:14:24.117 [Jetty (JenkinsRule)-113] DEBUG org.eclipse.jetty.io.ManagedSelector -- Selector sun.nio.ch.KQueueSelectorImpl@236489b2 processing 0 keys, 1 updates
18:14:24.117 [Jetty (JenkinsRule)-113] DEBUG org.eclipse.jetty.io.ManagedSelector -- updateable 1
18:14:24.117 [Jetty (JenkinsRule)-113] DEBUG org.eclipse.jetty.io.ManagedSelector -- update org.eclipse.jetty.io.ManagedSelector$StopSelector@5f722bbf
18:14:24.117 [Jetty (JenkinsRule)-113] DEBUG org.eclipse.jetty.io.ManagedSelector -- updates 0
18:14:24.117 [Jetty (JenkinsRule)-113] DEBUG org.eclipse.jetty.util.thread.QueuedThreadPool -- ran org.eclipse.jetty.io.ManagedSelector$$Lambda$424/0x00000001333325e0@12504fde in QueuedThreadPool[Jetty (JenkinsRule)]@76b41508{STARTED,8<=10<=200,i=3,r=-1,q=0}[ReservedThreadExecutor@23ec6f48{reserved=0/16,pending=0}]
18:14:24.117 [Executing testGetSecretContextNullAndStoreContextNull(org.conjur.jenkins.conjursecrets.ConjurSecretCredentialImplTest)] DEBUG org.eclipse.jetty.util.component.AbstractLifeCycle -- stopping EatWhatYouKill@4cb3ea0f/SelectorProducer@18dd0a9a/IDLE/p=false/QueuedThreadPool[Jetty (JenkinsRule)]@76b41508{STARTED,8<=10<=200,i=3,r=-1,q=0}[ReservedThreadExecutor@23ec6f48{reserved=0/16,pending=0}][pc=0,pic=0,pec=0,epc=0]@2024-10-22T18:14:24.117904+05:30
18:14:24.118 [Executing testGetSecretContextNullAndStoreContextNull(org.conjur.jenkins.conjursecrets.ConjurSecretCredentialImplTest)] DEBUG org.eclipse.jetty.util.component.AbstractLifeCycle -- STOPPED EatWhatYouKill@4cb3ea0f/SelectorProducer@18dd0a9a/IDLE/p=false/QueuedThreadPool[Jetty (JenkinsRule)]@76b41508{STARTED,8<=10<=200,i=4,r=-1,q=0}[ReservedThreadExecutor@23ec6f48{reserved=0/16,pending=0}][pc=0,pic=0,pec=0,epc=0]@2024-10-22T18:14:24.118044+05:30
18:14:24.118 [Executing testGetSecretContextNullAndStoreContextNull(org.conjur.jenkins.conjursecrets.ConjurSecretCredentialImplTest)] DEBUG org.eclipse.jetty.util.component.AbstractLifeCycle -- STOPPED ManagedSelector@5bc89f40{STOPPED} id=6 keys=-1 selected=-1 updates=0
18:14:24.118 [Executing testGetSecretContextNullAndStoreContextNull(org.conjur.jenkins.conjursecrets.ConjurSecretCredentialImplTest)] DEBUG org.eclipse.jetty.util.component.AbstractLifeCycle -- stopping ManagedSelector@4c05c91a{STARTED} id=5 keys=0 selected=0 updates=0
18:14:24.118 [Executing testGetSecretContextNullAndStoreContextNull(org.conjur.jenkins.conjursecrets.ConjurSecretCredentialImplTest)] DEBUG org.eclipse.jetty.io.ManagedSelector -- Queued change lazy=false org.eclipse.jetty.io.ManagedSelector$CloseConnections@3f0dc223 on ManagedSelector@4c05c91a{STOPPING} id=5 keys=0 selected=0 updates=0
18:14:24.118 [Executing testGetSecretContextNullAndStoreContextNull(org.conjur.jenkins.conjursecrets.ConjurSecretCredentialImplTest)] DEBUG org.eclipse.jetty.io.ManagedSelector -- Wakeup on submit ManagedSelector@4c05c91a{STOPPING} id=5 keys=0 selected=0 updates=1
18:14:24.118 [Jetty (JenkinsRule)-112] DEBUG org.eclipse.jetty.io.ManagedSelector -- Selector sun.nio.ch.KQueueSelectorImpl@64c573f woken with none selected
18:14:24.118 [Jetty (JenkinsRule)-112] DEBUG org.eclipse.jetty.io.ManagedSelector -- Selector sun.nio.ch.KQueueSelectorImpl@64c573f woken up from select, 0/0/0 selected
18:14:24.118 [Jetty (JenkinsRule)-112] DEBUG org.eclipse.jetty.io.ManagedSelector -- Selector sun.nio.ch.KQueueSelectorImpl@64c573f processing 0 keys, 1 updates
18:14:24.118 [Jetty (JenkinsRule)-112] DEBUG org.eclipse.jetty.io.ManagedSelector -- updateable 1
18:14:24.118 [Jetty (JenkinsRule)-112] DEBUG org.eclipse.jetty.io.ManagedSelector -- update org.eclipse.jetty.io.ManagedSelector$CloseConnections@3f0dc223
18:14:24.118 [Jetty (JenkinsRule)-112] DEBUG org.eclipse.jetty.io.ManagedSelector -- Closing 0 connections on ManagedSelector@4c05c91a{STOPPING} id=5 keys=0 selected=0 updates=0
18:14:24.118 [Jetty (JenkinsRule)-112] DEBUG org.eclipse.jetty.io.ManagedSelector -- updates 0
18:14:24.118 [Jetty (JenkinsRule)-112] DEBUG org.eclipse.jetty.io.ManagedSelector -- Selector sun.nio.ch.KQueueSelectorImpl@64c573f waiting with 0 keys
18:14:24.118 [Executing testGetSecretContextNullAndStoreContextNull(org.conjur.jenkins.conjursecrets.ConjurSecretCredentialImplTest)] DEBUG org.eclipse.jetty.io.ManagedSelector -- Queued change lazy=false org.eclipse.jetty.io.ManagedSelector$StopSelector@15f33a69 on ManagedSelector@4c05c91a{STOPPING} id=5 keys=0 selected=0 updates=0
18:14:24.118 [Executing testGetSecretContextNullAndStoreContextNull(org.conjur.jenkins.conjursecrets.ConjurSecretCredentialImplTest)] DEBUG org.eclipse.jetty.io.ManagedSelector -- Wakeup on submit ManagedSelector@4c05c91a{STOPPING} id=5 keys=0 selected=0 updates=1
18:14:24.118 [Jetty (JenkinsRule)-112] DEBUG org.eclipse.jetty.io.ManagedSelector -- Selector sun.nio.ch.KQueueSelectorImpl@64c573f woken with none selected
18:14:24.118 [Jetty (JenkinsRule)-112] DEBUG org.eclipse.jetty.io.ManagedSelector -- Selector sun.nio.ch.KQueueSelectorImpl@64c573f woken up from select, 0/0/0 selected
18:14:24.118 [Jetty (JenkinsRule)-112] DEBUG org.eclipse.jetty.io.ManagedSelector -- Selector sun.nio.ch.KQueueSelectorImpl@64c573f processing 0 keys, 1 updates
18:14:24.118 [Jetty (JenkinsRule)-112] DEBUG org.eclipse.jetty.io.ManagedSelector -- updateable 1
18:14:24.118 [Jetty (JenkinsRule)-112] DEBUG org.eclipse.jetty.io.ManagedSelector -- update org.eclipse.jetty.io.ManagedSelector$StopSelector@15f33a69
18:14:24.118 [Jetty (JenkinsRule)-112] DEBUG org.eclipse.jetty.io.ManagedSelector -- updates 0
18:14:24.118 [Jetty (JenkinsRule)-112] DEBUG org.eclipse.jetty.util.thread.QueuedThreadPool -- ran org.eclipse.jetty.io.ManagedSelector$$Lambda$424/0x00000001333325e0@1492a6e4 in QueuedThreadPool[Jetty (JenkinsRule)]@76b41508{STARTED,8<=10<=200,i=4,r=-1,q=0}[ReservedThreadExecutor@23ec6f48{reserved=0/16,pending=0}]
18:14:24.119 [Executing testGetSecretContextNullAndStoreContextNull(org.conjur.jenkins.conjursecrets.ConjurSecretCredentialImplTest)] DEBUG org.eclipse.jetty.util.component.AbstractLifeCycle -- stopping EatWhatYouKill@7224c3c0/SelectorProducer@5512d891/IDLE/p=false/QueuedThreadPool[Jetty (JenkinsRule)]@76b41508{STARTED,8<=10<=200,i=4,r=-1,q=0}[ReservedThreadExecutor@23ec6f48{reserved=0/16,pending=0}][pc=0,pic=0,pec=0,epc=0]@2024-10-22T18:14:24.119038+05:30
18:14:24.119 [Executing testGetSecretContextNullAndStoreContextNull(org.conjur.jenkins.conjursecrets.ConjurSecretCredentialImplTest)] DEBUG org.eclipse.jetty.util.component.AbstractLifeCycle -- STOPPED EatWhatYouKill@7224c3c0/SelectorProducer@5512d891/IDLE/p=false/QueuedThreadPool[Jetty (JenkinsRule)]@76b41508{STARTED,8<=10<=200,i=5,r=-1,q=0}[ReservedThreadExecutor@23ec6f48{reserved=0/16,pending=0}][pc=0,pic=0,pec=0,epc=0]@2024-10-22T18:14:24.1192+05:30
18:14:24.119 [Executing testGetSecretContextNullAndStoreContextNull(org.conjur.jenkins.conjursecrets.ConjurSecretCredentialImplTest)] DEBUG org.eclipse.jetty.util.component.AbstractLifeCycle -- STOPPED ManagedSelector@4c05c91a{STOPPED} id=5 keys=-1 selected=-1 updates=0
18:14:24.119 [Executing testGetSecretContextNullAndStoreContextNull(org.conjur.jenkins.conjursecrets.ConjurSecretCredentialImplTest)] DEBUG org.eclipse.jetty.util.component.AbstractLifeCycle -- stopping ManagedSelector@12925489{STARTED} id=4 keys=0 selected=0 updates=0
18:14:24.119 [Executing testGetSecretContextNullAndStoreContextNull(org.conjur.jenkins.conjursecrets.ConjurSecretCredentialImplTest)] DEBUG org.eclipse.jetty.io.ManagedSelector -- Queued change lazy=false org.eclipse.jetty.io.ManagedSelector$CloseConnections@f158cb0 on ManagedSelector@12925489{STOPPING} id=4 keys=0 selected=0 updates=0
18:14:24.119 [Executing testGetSecretContextNullAndStoreContextNull(org.conjur.jenkins.conjursecrets.ConjurSecretCredentialImplTest)] DEBUG org.eclipse.jetty.io.ManagedSelector -- Wakeup on submit ManagedSelector@12925489{STOPPING} id=4 keys=0 selected=0 updates=1
18:14:24.119 [Jetty (JenkinsRule)-111] DEBUG org.eclipse.jetty.io.ManagedSelector -- Selector sun.nio.ch.KQueueSelectorImpl@508dc38e woken with none selected
18:14:24.119 [Jetty (JenkinsRule)-111] DEBUG org.eclipse.jetty.io.ManagedSelector -- Selector sun.nio.ch.KQueueSelectorImpl@508dc38e woken up from select, 0/0/0 selected
18:14:24.119 [Jetty (JenkinsRule)-111] DEBUG org.eclipse.jetty.io.ManagedSelector -- Selector sun.nio.ch.KQueueSelectorImpl@508dc38e processing 0 keys, 1 updates
18:14:24.119 [Jetty (JenkinsRule)-111] DEBUG org.eclipse.jetty.io.ManagedSelector -- updateable 1
18:14:24.119 [Jetty (JenkinsRule)-111] DEBUG org.eclipse.jetty.io.ManagedSelector -- update org.eclipse.jetty.io.ManagedSelector$CloseConnections@f158cb0
18:14:24.119 [Jetty (JenkinsRule)-111] DEBUG org.eclipse.jetty.io.ManagedSelector -- Closing 0 connections on ManagedSelector@12925489{STOPPING} id=4 keys=0 selected=0 updates=0
18:14:24.119 [Jetty (JenkinsRule)-111] DEBUG org.eclipse.jetty.io.ManagedSelector -- updates 0
18:14:24.119 [Jetty (JenkinsRule)-111] DEBUG org.eclipse.jetty.io.ManagedSelector -- Selector sun.nio.ch.KQueueSelectorImpl@508dc38e waiting with 0 keys
18:14:24.119 [Executing testGetSecretContextNullAndStoreContextNull(org.conjur.jenkins.conjursecrets.ConjurSecretCredentialImplTest)] DEBUG org.eclipse.jetty.io.ManagedSelector -- Queued change lazy=false org.eclipse.jetty.io.ManagedSelector$StopSelector@4174713e on ManagedSelector@12925489{STOPPING} id=4 keys=0 selected=0 updates=0
18:14:24.119 [Executing testGetSecretContextNullAndStoreContextNull(org.conjur.jenkins.conjursecrets.ConjurSecretCredentialImplTest)] DEBUG org.eclipse.jetty.io.ManagedSelector -- Wakeup on submit ManagedSelector@12925489{STOPPING} id=4 keys=0 selected=0 updates=1
18:14:24.119 [Jetty (JenkinsRule)-111] DEBUG org.eclipse.jetty.io.ManagedSelector -- Selector sun.nio.ch.KQueueSelectorImpl@508dc38e woken with none selected
18:14:24.119 [Jetty (JenkinsRule)-111] DEBUG org.eclipse.jetty.io.ManagedSelector -- Selector sun.nio.ch.KQueueSelectorImpl@508dc38e woken up from select, 0/0/0 selected
18:14:24.119 [Jetty (JenkinsRule)-111] DEBUG org.eclipse.jetty.io.ManagedSelector -- Selector sun.nio.ch.KQueueSelectorImpl@508dc38e processing 0 keys, 1 updates
18:14:24.120 [Jetty (JenkinsRule)-111] DEBUG org.eclipse.jetty.io.ManagedSelector -- updateable 1
18:14:24.120 [Jetty (JenkinsRule)-111] DEBUG org.eclipse.jetty.io.ManagedSelector -- update org.eclipse.jetty.io.ManagedSelector$StopSelector@4174713e
18:14:24.120 [Jetty (JenkinsRule)-111] DEBUG org.eclipse.jetty.io.ManagedSelector -- updates 0
18:14:24.120 [Jetty (JenkinsRule)-111] DEBUG org.eclipse.jetty.util.thread.QueuedThreadPool -- ran org.eclipse.jetty.io.ManagedSelector$$Lambda$424/0x00000001333325e0@2a513512 in QueuedThreadPool[Jetty (JenkinsRule)]@76b41508{STARTED,8<=10<=200,i=5,r=-1,q=0}[ReservedThreadExecutor@23ec6f48{reserved=0/16,pending=0}]
18:14:24.120 [Executing testGetSecretContextNullAndStoreContextNull(org.conjur.jenkins.conjursecrets.ConjurSecretCredentialImplTest)] DEBUG org.eclipse.jetty.util.component.AbstractLifeCycle -- stopping EatWhatYouKill@2b718c11/SelectorProducer@26a7f53c/IDLE/p=false/QueuedThreadPool[Jetty (JenkinsRule)]@76b41508{STARTED,8<=10<=200,i=5,r=-1,q=0}[ReservedThreadExecutor@23ec6f48{reserved=0/16,pending=0}][pc=0,pic=0,pec=0,epc=0]@2024-10-22T18:14:24.120245+05:30
18:14:24.120 [Executing testGetSecretContextNullAndStoreContextNull(org.conjur.jenkins.conjursecrets.ConjurSecretCredentialImplTest)] DEBUG org.eclipse.jetty.util.component.AbstractLifeCycle -- STOPPED EatWhatYouKill@2b718c11/SelectorProducer@26a7f53c/IDLE/p=false/QueuedThreadPool[Jetty (JenkinsRule)]@76b41508{STARTED,8<=10<=200,i=6,r=-1,q=0}[ReservedThreadExecutor@23ec6f48{reserved=0/16,pending=0}][pc=0,pic=0,pec=0,epc=0]@2024-10-22T18:14:24.12037+05:30
18:14:24.120 [Executing testGetSecretContextNullAndStoreContextNull(org.conjur.jenkins.conjursecrets.ConjurSecretCredentialImplTest)] DEBUG org.eclipse.jetty.util.component.AbstractLifeCycle -- STOPPED ManagedSelector@12925489{STOPPED} id=4 keys=-1 selected=-1 updates=0
18:14:24.120 [Executing testGetSecretContextNullAndStoreContextNull(org.conjur.jenkins.conjursecrets.ConjurSecretCredentialImplTest)] DEBUG org.eclipse.jetty.util.component.AbstractLifeCycle -- stopping ManagedSelector@4cc8358{STARTED} id=3 keys=0 selected=0 updates=0
18:14:24.120 [Executing testGetSecretContextNullAndStoreContextNull(org.conjur.jenkins.conjursecrets.ConjurSecretCredentialImplTest)] DEBUG org.eclipse.jetty.io.ManagedSelector -- Queued change lazy=false org.eclipse.jetty.io.ManagedSelector$CloseConnections@1039bfe9 on ManagedSelector@4cc8358{STOPPING} id=3 keys=0 selected=0 updates=0
18:14:24.120 [Executing testGetSecretContextNullAndStoreContextNull(org.conjur.jenkins.conjursecrets.ConjurSecretCredentialImplTest)] DEBUG org.eclipse.jetty.io.ManagedSelector -- Wakeup on submit ManagedSelector@4cc8358{STOPPING} id=3 keys=0 selected=0 updates=1
18:14:24.120 [Jetty (JenkinsRule)-110] DEBUG org.eclipse.jetty.io.ManagedSelector -- Selector sun.nio.ch.KQueueSelectorImpl@6b1b3472 woken with none selected
18:14:24.120 [Jetty (JenkinsRule)-110] DEBUG org.eclipse.jetty.io.ManagedSelector -- Selector sun.nio.ch.KQueueSelectorImpl@6b1b3472 woken up from select, 0/0/0 selected
18:14:24.120 [Jetty (JenkinsRule)-110] DEBUG org.eclipse.jetty.io.ManagedSelector -- Selector sun.nio.ch.KQueueSelectorImpl@6b1b3472 processing 0 keys, 1 updates
18:14:24.120 [Jetty (JenkinsRule)-110] DEBUG org.eclipse.jetty.io.ManagedSelector -- updateable 1
18:14:24.120 [Jetty (JenkinsRule)-110] DEBUG org.eclipse.jetty.io.ManagedSelector -- update org.eclipse.jetty.io.ManagedSelector$CloseConnections@1039bfe9
18:14:24.120 [Jetty (JenkinsRule)-110] DEBUG org.eclipse.jetty.io.ManagedSelector -- Closing 0 connections on ManagedSelector@4cc8358{STOPPING} id=3 keys=0 selected=0 updates=0
18:14:24.120 [Jetty (JenkinsRule)-110] DEBUG org.eclipse.jetty.io.ManagedSelector -- updates 0
18:14:24.120 [Jetty (JenkinsRule)-110] DEBUG org.eclipse.jetty.io.ManagedSelector -- Selector sun.nio.ch.KQueueSelectorImpl@6b1b3472 waiting with 0 keys
18:14:24.120 [Executing testGetSecretContextNullAndStoreContextNull(org.conjur.jenkins.conjursecrets.ConjurSecretCredentialImplTest)] DEBUG org.eclipse.jetty.io.ManagedSelector -- Queued change lazy=false org.eclipse.jetty.io.ManagedSelector$StopSelector@1c95eff5 on ManagedSelector@4cc8358{STOPPING} id=3 keys=0 selected=0 updates=0
18:14:24.121 [Executing testGetSecretContextNullAndStoreContextNull(org.conjur.jenkins.conjursecrets.ConjurSecretCredentialImplTest)] DEBUG org.eclipse.jetty.io.ManagedSelector -- Wakeup on submit ManagedSelector@4cc8358{STOPPING} id=3 keys=0 selected=0 updates=1
18:14:24.121 [Jetty (JenkinsRule)-110] DEBUG org.eclipse.jetty.io.ManagedSelector -- Selector sun.nio.ch.KQueueSelectorImpl@6b1b3472 woken with none selected
18:14:24.121 [Jetty (JenkinsRule)-110] DEBUG org.eclipse.jetty.io.ManagedSelector -- Selector sun.nio.ch.KQueueSelectorImpl@6b1b3472 woken up from select, 0/0/0 selected
18:14:24.121 [Jetty (JenkinsRule)-110] DEBUG org.eclipse.jetty.io.ManagedSelector -- Selector sun.nio.ch.KQueueSelectorImpl@6b1b3472 processing 0 keys, 1 updates
18:14:24.121 [Jetty (JenkinsRule)-110] DEBUG org.eclipse.jetty.io.ManagedSelector -- updateable 1
18:14:24.121 [Jetty (JenkinsRule)-110] DEBUG org.eclipse.jetty.io.ManagedSelector -- update org.eclipse.jetty.io.ManagedSelector$StopSelector@1c95eff5
18:14:24.121 [Jetty (JenkinsRule)-110] DEBUG org.eclipse.jetty.io.ManagedSelector -- updates 0
18:14:24.121 [Jetty (JenkinsRule)-110] DEBUG org.eclipse.jetty.util.thread.QueuedThreadPool -- ran org.eclipse.jetty.io.ManagedSelector$$Lambda$424/0x00000001333325e0@545789fe in QueuedThreadPool[Jetty (JenkinsRule)]@76b41508{STARTED,8<=10<=200,i=6,r=-1,q=0}[ReservedThreadExecutor@23ec6f48{reserved=0/16,pending=0}]
18:14:24.121 [Executing testGetSecretContextNullAndStoreContextNull(org.conjur.jenkins.conjursecrets.ConjurSecretCredentialImplTest)] DEBUG org.eclipse.jetty.util.component.AbstractLifeCycle -- stopping EatWhatYouKill@9e09774/SelectorProducer@8678cc5/IDLE/p=false/QueuedThreadPool[Jetty (JenkinsRule)]@76b41508{STARTED,8<=10<=200,i=6,r=-1,q=0}[ReservedThreadExecutor@23ec6f48{reserved=0/16,pending=0}][pc=0,pic=0,pec=0,epc=0]@2024-10-22T18:14:24.121334+05:30
18:14:24.121 [Executing testGetSecretContextNullAndStoreContextNull(org.conjur.jenkins.conjursecrets.ConjurSecretCredentialImplTest)] DEBUG org.eclipse.jetty.util.component.AbstractLifeCycle -- STOPPED EatWhatYouKill@9e09774/SelectorProducer@8678cc5/IDLE/p=false/QueuedThreadPool[Jetty (JenkinsRule)]@76b41508{STARTED,8<=10<=200,i=7,r=-1,q=0}[ReservedThreadExecutor@23ec6f48{reserved=0/16,pending=0}][pc=0,pic=0,pec=0,epc=0]@2024-10-22T18:14:24.121469+05:30
18:14:24.121 [Executing testGetSecretContextNullAndStoreContextNull(org.conjur.jenkins.conjursecrets.ConjurSecretCredentialImplTest)] DEBUG org.eclipse.jetty.util.component.AbstractLifeCycle -- STOPPED ManagedSelector@4cc8358{STOPPED} id=3 keys=-1 selected=-1 updates=0
18:14:24.121 [Executing testGetSecretContextNullAndStoreContextNull(org.conjur.jenkins.conjursecrets.ConjurSecretCredentialImplTest)] DEBUG org.eclipse.jetty.util.component.AbstractLifeCycle -- stopping ManagedSelector@4cbc75cd{STARTED} id=2 keys=0 selected=0 updates=0
18:14:24.121 [Executing testGetSecretContextNullAndStoreContextNull(org.conjur.jenkins.conjursecrets.ConjurSecretCredentialImplTest)] DEBUG org.eclipse.jetty.io.ManagedSelector -- Queued change lazy=false org.eclipse.jetty.io.ManagedSelector$CloseConnections@3f4680db on ManagedSelector@4cbc75cd{STOPPING} id=2 keys=0 selected=0 updates=0
18:14:24.121 [Executing testGetSecretContextNullAndStoreContextNull(org.conjur.jenkins.conjursecrets.ConjurSecretCredentialImplTest)] DEBUG org.eclipse.jetty.io.ManagedSelector -- Wakeup on submit ManagedSelector@4cbc75cd{STOPPING} id=2 keys=0 selected=0 updates=1
18:14:24.121 [Jetty (JenkinsRule)-109] DEBUG org.eclipse.jetty.io.ManagedSelector -- Selector sun.nio.ch.KQueueSelectorImpl@38665e87 woken with none selected
18:14:24.121 [Jetty (JenkinsRule)-109] DEBUG org.eclipse.jetty.io.ManagedSelector -- Selector sun.nio.ch.KQueueSelectorImpl@38665e87 woken up from select, 0/0/0 selected
18:14:24.121 [Jetty (JenkinsRule)-109] DEBUG org.eclipse.jetty.io.ManagedSelector -- Selector sun.nio.ch.KQueueSelectorImpl@38665e87 processing 0 keys, 1 updates
18:14:24.121 [Jetty (JenkinsRule)-109] DEBUG org.eclipse.jetty.io.ManagedSelector -- updateable 1
18:14:24.121 [Jetty (JenkinsRule)-109] DEBUG org.eclipse.jetty.io.ManagedSelector -- update org.eclipse.jetty.io.ManagedSelector$CloseConnections@3f4680db
18:14:24.121 [Jetty (JenkinsRule)-109] DEBUG org.eclipse.jetty.io.ManagedSelector -- Closing 0 connections on ManagedSelector@4cbc75cd{STOPPING} id=2 keys=0 selected=0 updates=0
18:14:24.121 [Jetty (JenkinsRule)-109] DEBUG org.eclipse.jetty.io.ManagedSelector -- updates 0
18:14:24.122 [Jetty (JenkinsRule)-109] DEBUG org.eclipse.jetty.io.ManagedSelector -- Selector sun.nio.ch.KQueueSelectorImpl@38665e87 waiting with 0 keys
18:14:24.122 [Executing testGetSecretContextNullAndStoreContextNull(org.conjur.jenkins.conjursecrets.ConjurSecretCredentialImplTest)] DEBUG org.eclipse.jetty.io.ManagedSelector -- Queued change lazy=false org.eclipse.jetty.io.ManagedSelector$StopSelector@5d59fb8c on ManagedSelector@4cbc75cd{STOPPING} id=2 keys=0 selected=0 updates=0
18:14:24.122 [Executing testGetSecretContextNullAndStoreContextNull(org.conjur.jenkins.conjursecrets.ConjurSecretCredentialImplTest)] DEBUG org.eclipse.jetty.io.ManagedSelector -- Wakeup on submit ManagedSelector@4cbc75cd{STOPPING} id=2 keys=0 selected=0 updates=1
18:14:24.122 [Jetty (JenkinsRule)-109] DEBUG org.eclipse.jetty.io.ManagedSelector -- Selector sun.nio.ch.KQueueSelectorImpl@38665e87 woken with none selected
18:14:24.122 [Jetty (JenkinsRule)-109] DEBUG org.eclipse.jetty.io.ManagedSelector -- Selector sun.nio.ch.KQueueSelectorImpl@38665e87 woken up from select, 0/0/0 selected
18:14:24.122 [Jetty (JenkinsRule)-109] DEBUG org.eclipse.jetty.io.ManagedSelector -- Selector sun.nio.ch.KQueueSelectorImpl@38665e87 processing 0 keys, 1 updates
18:14:24.122 [Jetty (JenkinsRule)-109] DEBUG org.eclipse.jetty.io.ManagedSelector -- updateable 1
18:14:24.122 [Jetty (JenkinsRule)-109] DEBUG org.eclipse.jetty.io.ManagedSelector -- update org.eclipse.jetty.io.ManagedSelector$StopSelector@5d59fb8c
18:14:24.122 [Jetty (JenkinsRule)-109] DEBUG org.eclipse.jetty.io.ManagedSelector -- updates 0
18:14:24.122 [Jetty (JenkinsRule)-109] DEBUG org.eclipse.jetty.util.thread.QueuedThreadPool -- ran org.eclipse.jetty.io.ManagedSelector$$Lambda$424/0x00000001333325e0@277d97fc in QueuedThreadPool[Jetty (JenkinsRule)]@76b41508{STARTED,8<=10<=200,i=7,r=-1,q=0}[ReservedThreadExecutor@23ec6f48{reserved=0/16,pending=0}]
18:14:24.122 [Executing testGetSecretContextNullAndStoreContextNull(org.conjur.jenkins.conjursecrets.ConjurSecretCredentialImplTest)] DEBUG org.eclipse.jetty.util.component.AbstractLifeCycle -- stopping EatWhatYouKill@11220481/SelectorProducer@7fee6938/IDLE/p=false/QueuedThreadPool[Jetty (JenkinsRule)]@76b41508{STARTED,8<=10<=200,i=7,r=-1,q=0}[ReservedThreadExecutor@23ec6f48{reserved=0/16,pending=0}][pc=0,pic=0,pec=0,epc=0]@2024-10-22T18:14:24.122437+05:30
18:14:24.122 [Executing testGetSecretContextNullAndStoreContextNull(org.conjur.jenkins.conjursecrets.ConjurSecretCredentialImplTest)] DEBUG org.eclipse.jetty.util.component.AbstractLifeCycle -- STOPPED EatWhatYouKill@11220481/SelectorProducer@7fee6938/IDLE/p=false/QueuedThreadPool[Jetty (JenkinsRule)]@76b41508{STARTED,8<=10<=200,i=8,r=-1,q=0}[ReservedThreadExecutor@23ec6f48{reserved=0/16,pending=0}][pc=0,pic=0,pec=0,epc=0]@2024-10-22T18:14:24.122581+05:30
18:14:24.122 [Executing testGetSecretContextNullAndStoreContextNull(org.conjur.jenkins.conjursecrets.ConjurSecretCredentialImplTest)] DEBUG org.eclipse.jetty.util.component.AbstractLifeCycle -- STOPPED ManagedSelector@4cbc75cd{STOPPED} id=2 keys=-1 selected=-1 updates=0
18:14:24.122 [Executing testGetSecretContextNullAndStoreContextNull(org.conjur.jenkins.conjursecrets.ConjurSecretCredentialImplTest)] DEBUG org.eclipse.jetty.util.component.AbstractLifeCycle -- stopping ManagedSelector@190b925c{STARTED} id=1 keys=0 selected=0 updates=0
18:14:24.122 [Executing testGetSecretContextNullAndStoreContextNull(org.conjur.jenkins.conjursecrets.ConjurSecretCredentialImplTest)] DEBUG org.eclipse.jetty.io.ManagedSelector -- Queued change lazy=false org.eclipse.jetty.io.ManagedSelector$CloseConnections@42d139 on ManagedSelector@190b925c{STOPPING} id=1 keys=0 selected=0 updates=0
18:14:24.122 [Executing testGetSecretContextNullAndStoreContextNull(org.conjur.jenkins.conjursecrets.ConjurSecretCredentialImplTest)] DEBUG org.eclipse.jetty.io.ManagedSelector -- Wakeup on submit ManagedSelector@190b925c{STOPPING} id=1 keys=0 selected=0 updates=1
18:14:24.122 [Jetty (JenkinsRule)-108] DEBUG org.eclipse.jetty.io.ManagedSelector -- Selector sun.nio.ch.KQueueSelectorImpl@462ef9d9 woken with none selected
18:14:24.122 [Jetty (JenkinsRule)-108] DEBUG org.eclipse.jetty.io.ManagedSelector -- Selector sun.nio.ch.KQueueSelectorImpl@462ef9d9 woken up from select, 0/0/0 selected
18:14:24.122 [Jetty (JenkinsRule)-108] DEBUG org.eclipse.jetty.io.ManagedSelector -- Selector sun.nio.ch.KQueueSelectorImpl@462ef9d9 processing 0 keys, 1 updates
18:14:24.122 [Jetty (JenkinsRule)-108] DEBUG org.eclipse.jetty.io.ManagedSelector -- updateable 1
18:14:24.122 [Jetty (JenkinsRule)-108] DEBUG org.eclipse.jetty.io.ManagedSelector -- update org.eclipse.jetty.io.ManagedSelector$CloseConnections@42d139
18:14:24.123 [Jetty (JenkinsRule)-108] DEBUG org.eclipse.jetty.io.ManagedSelector -- Closing 0 connections on ManagedSelector@190b925c{STOPPING} id=1 keys=0 selected=0 updates=0
18:14:24.123 [Jetty (JenkinsRule)-108] DEBUG org.eclipse.jetty.io.ManagedSelector -- updates 0
18:14:24.123 [Jetty (JenkinsRule)-108] DEBUG org.eclipse.jetty.io.ManagedSelector -- Selector sun.nio.ch.KQueueSelectorImpl@462ef9d9 waiting with 0 keys
18:14:24.123 [Executing testGetSecretContextNullAndStoreContextNull(org.conjur.jenkins.conjursecrets.ConjurSecretCredentialImplTest)] DEBUG org.eclipse.jetty.io.ManagedSelector -- Queued change lazy=false org.eclipse.jetty.io.ManagedSelector$StopSelector@339b7c83 on ManagedSelector@190b925c{STOPPING} id=1 keys=0 selected=0 updates=0
18:14:24.123 [Executing testGetSecretContextNullAndStoreContextNull(org.conjur.jenkins.conjursecrets.ConjurSecretCredentialImplTest)] DEBUG org.eclipse.jetty.io.ManagedSelector -- Wakeup on submit ManagedSelector@190b925c{STOPPING} id=1 keys=0 selected=0 updates=1
18:14:24.123 [Jetty (JenkinsRule)-108] DEBUG org.eclipse.jetty.io.ManagedSelector -- Selector sun.nio.ch.KQueueSelectorImpl@462ef9d9 woken with none selected
18:14:24.123 [Jetty (JenkinsRule)-108] DEBUG org.eclipse.jetty.io.ManagedSelector -- Selector sun.nio.ch.KQueueSelectorImpl@462ef9d9 woken up from select, 0/0/0 selected
18:14:24.123 [Jetty (JenkinsRule)-108] DEBUG org.eclipse.jetty.io.ManagedSelector -- Selector sun.nio.ch.KQueueSelectorImpl@462ef9d9 processing 0 keys, 1 updates
18:14:24.123 [Jetty (JenkinsRule)-108] DEBUG org.eclipse.jetty.io.ManagedSelector -- updateable 1
18:14:24.123 [Jetty (JenkinsRule)-108] DEBUG org.eclipse.jetty.io.ManagedSelector -- update org.eclipse.jetty.io.ManagedSelector$StopSelector@339b7c83
18:14:24.123 [Jetty (JenkinsRule)-108] DEBUG org.eclipse.jetty.io.ManagedSelector -- updates 0
18:14:24.123 [Jetty (JenkinsRule)-108] DEBUG org.eclipse.jetty.util.thread.QueuedThreadPool -- ran org.eclipse.jetty.io.ManagedSelector$$Lambda$424/0x00000001333325e0@55563d38 in QueuedThreadPool[Jetty (JenkinsRule)]@76b41508{STARTED,8<=10<=200,i=8,r=-1,q=0}[ReservedThreadExecutor@23ec6f48{reserved=0/16,pending=0}]
18:14:24.123 [Executing testGetSecretContextNullAndStoreContextNull(org.conjur.jenkins.conjursecrets.ConjurSecretCredentialImplTest)] DEBUG org.eclipse.jetty.util.component.AbstractLifeCycle -- stopping EatWhatYouKill@ccc5dc0/SelectorProducer@2672a27a/IDLE/p=false/QueuedThreadPool[Jetty (JenkinsRule)]@76b41508{STARTED,8<=10<=200,i=8,r=-1,q=0}[ReservedThreadExecutor@23ec6f48{reserved=0/16,pending=0}][pc=0,pic=0,pec=0,epc=0]@2024-10-22T18:14:24.123534+05:30
18:14:24.123 [Executing testGetSecretContextNullAndStoreContextNull(org.conjur.jenkins.conjursecrets.ConjurSecretCredentialImplTest)] DEBUG org.eclipse.jetty.util.component.AbstractLifeCycle -- STOPPED EatWhatYouKill@ccc5dc0/SelectorProducer@2672a27a/IDLE/p=false/QueuedThreadPool[Jetty (JenkinsRule)]@76b41508{STARTED,8<=10<=200,i=9,r=-1,q=0}[ReservedThreadExecutor@23ec6f48{reserved=0/16,pending=0}][pc=0,pic=0,pec=0,epc=0]@2024-10-22T18:14:24.123696+05:30
18:14:24.123 [Executing testGetSecretContextNullAndStoreContextNull(org.conjur.jenkins.conjursecrets.ConjurSecretCredentialImplTest)] DEBUG org.eclipse.jetty.util.component.AbstractLifeCycle -- STOPPED ManagedSelector@190b925c{STOPPED} id=1 keys=-1 selected=-1 updates=0
18:14:24.123 [Executing testGetSecretContextNullAndStoreContextNull(org.conjur.jenkins.conjursecrets.ConjurSecretCredentialImplTest)] DEBUG org.eclipse.jetty.util.component.AbstractLifeCycle -- stopping ManagedSelector@13036458{STARTED} id=0 keys=0 selected=0 updates=0
18:14:24.123 [Executing testGetSecretContextNullAndStoreContextNull(org.conjur.jenkins.conjursecrets.ConjurSecretCredentialImplTest)] DEBUG org.eclipse.jetty.io.ManagedSelector -- Queued change lazy=false org.eclipse.jetty.io.ManagedSelector$CloseConnections@38d06273 on ManagedSelector@13036458{STOPPING} id=0 keys=0 selected=0 updates=0
18:14:24.123 [Executing testGetSecretContextNullAndStoreContextNull(org.conjur.jenkins.conjursecrets.ConjurSecretCredentialImplTest)] DEBUG org.eclipse.jetty.io.ManagedSelector -- Wakeup on submit ManagedSelector@13036458{STOPPING} id=0 keys=0 selected=0 updates=1
18:14:24.123 [Jetty (JenkinsRule)-107] DEBUG org.eclipse.jetty.io.ManagedSelector -- Selector sun.nio.ch.KQueueSelectorImpl@1dd89014 woken with none selected
18:14:24.124 [Jetty (JenkinsRule)-107] DEBUG org.eclipse.jetty.io.ManagedSelector -- Selector sun.nio.ch.KQueueSelectorImpl@1dd89014 woken up from select, 0/0/0 selected
18:14:24.124 [Jetty (JenkinsRule)-107] DEBUG org.eclipse.jetty.io.ManagedSelector -- Selector sun.nio.ch.KQueueSelectorImpl@1dd89014 processing 0 keys, 1 updates
18:14:24.124 [Jetty (JenkinsRule)-107] DEBUG org.eclipse.jetty.io.ManagedSelector -- updateable 1
18:14:24.124 [Jetty (JenkinsRule)-107] DEBUG org.eclipse.jetty.io.ManagedSelector -- update org.eclipse.jetty.io.ManagedSelector$CloseConnections@38d06273
18:14:24.124 [Jetty (JenkinsRule)-107] DEBUG org.eclipse.jetty.io.ManagedSelector -- Closing 0 connections on ManagedSelector@13036458{STOPPING} id=0 keys=0 selected=0 updates=0
18:14:24.124 [Jetty (JenkinsRule)-107] DEBUG org.eclipse.jetty.io.ManagedSelector -- updates 0
18:14:24.124 [Jetty (JenkinsRule)-107] DEBUG org.eclipse.jetty.io.ManagedSelector -- Selector sun.nio.ch.KQueueSelectorImpl@1dd89014 waiting with 0 keys
18:14:24.124 [Executing testGetSecretContextNullAndStoreContextNull(org.conjur.jenkins.conjursecrets.ConjurSecretCredentialImplTest)] DEBUG org.eclipse.jetty.io.ManagedSelector -- Queued change lazy=false org.eclipse.jetty.io.ManagedSelector$StopSelector@2a477b7e on ManagedSelector@13036458{STOPPING} id=0 keys=0 selected=0 updates=0
18:14:24.124 [Executing testGetSecretContextNullAndStoreContextNull(org.conjur.jenkins.conjursecrets.ConjurSecretCredentialImplTest)] DEBUG org.eclipse.jetty.io.ManagedSelector -- Wakeup on submit ManagedSelector@13036458{STOPPING} id=0 keys=0 selected=0 updates=1
18:14:24.124 [Jetty (JenkinsRule)-107] DEBUG org.eclipse.jetty.io.ManagedSelector -- Selector sun.nio.ch.KQueueSelectorImpl@1dd89014 woken with none selected
18:14:24.124 [Jetty (JenkinsRule)-107] DEBUG org.eclipse.jetty.io.ManagedSelector -- Selector sun.nio.ch.KQueueSelectorImpl@1dd89014 woken up from select, 0/0/0 selected
18:14:24.124 [Jetty (JenkinsRule)-107] DEBUG org.eclipse.jetty.io.ManagedSelector -- Selector sun.nio.ch.KQueueSelectorImpl@1dd89014 processing 0 keys, 1 updates
18:14:24.124 [Jetty (JenkinsRule)-107] DEBUG org.eclipse.jetty.io.ManagedSelector -- updateable 1
18:14:24.124 [Jetty (JenkinsRule)-107] DEBUG org.eclipse.jetty.io.ManagedSelector -- update org.eclipse.jetty.io.ManagedSelector$StopSelector@2a477b7e
18:14:24.124 [Jetty (JenkinsRule)-107] DEBUG org.eclipse.jetty.io.ManagedSelector -- updates 0
18:14:24.124 [Jetty (JenkinsRule)-107] DEBUG org.eclipse.jetty.util.thread.QueuedThreadPool -- ran org.eclipse.jetty.io.ManagedSelector$$Lambda$424/0x00000001333325e0@583461b in QueuedThreadPool[Jetty (JenkinsRule)]@76b41508{STARTED,8<=10<=200,i=9,r=-1,q=0}[ReservedThreadExecutor@23ec6f48{reserved=0/16,pending=0}]
18:14:24.124 [Executing testGetSecretContextNullAndStoreContextNull(org.conjur.jenkins.conjursecrets.ConjurSecretCredentialImplTest)] DEBUG org.eclipse.jetty.util.component.AbstractLifeCycle -- stopping EatWhatYouKill@1f06b259/SelectorProducer@2ed2328a/IDLE/p=false/QueuedThreadPool[Jetty (JenkinsRule)]@76b41508{STARTED,8<=10<=200,i=9,r=-1,q=0}[ReservedThreadExecutor@23ec6f48{reserved=0/16,pending=0}][pc=0,pic=0,pec=0,epc=0]@2024-10-22T18:14:24.124636+05:30
18:14:24.124 [Executing testGetSecretContextNullAndStoreContextNull(org.conjur.jenkins.conjursecrets.ConjurSecretCredentialImplTest)] DEBUG org.eclipse.jetty.util.component.AbstractLifeCycle -- STOPPED EatWhatYouKill@1f06b259/SelectorProducer@2ed2328a/IDLE/p=false/QueuedThreadPool[Jetty (JenkinsRule)]@76b41508{STARTED,8<=10<=200,i=10,r=-1,q=0}[ReservedThreadExecutor@23ec6f48{reserved=0/16,pending=0}][pc=0,pic=0,pec=0,epc=0]@2024-10-22T18:14:24.124769+05:30
18:14:24.124 [Executing testGetSecretContextNullAndStoreContextNull(org.conjur.jenkins.conjursecrets.ConjurSecretCredentialImplTest)] DEBUG org.eclipse.jetty.util.component.AbstractLifeCycle -- STOPPED ManagedSelector@13036458{STOPPED} id=0 keys=-1 selected=-1 updates=0
18:14:24.124 [Executing testGetSecretContextNullAndStoreContextNull(org.conjur.jenkins.conjursecrets.ConjurSecretCredentialImplTest)] DEBUG org.eclipse.jetty.util.component.AbstractLifeCycle -- STOPPED SelectorManager@ServerConnector@1a694f6e{HTTP/1.1, (http/1.1)}{localhost:0}
18:14:24.124 [Executing testGetSecretContextNullAndStoreContextNull(org.conjur.jenkins.conjursecrets.ConjurSecretCredentialImplTest)] DEBUG org.eclipse.jetty.util.component.AbstractLifeCycle -- stopping HttpConnectionFactory@1b1ebb2d[HTTP/1.1]
18:14:24.125 [Executing testGetSecretContextNullAndStoreContextNull(org.conjur.jenkins.conjursecrets.ConjurSecretCredentialImplTest)] DEBUG org.eclipse.jetty.util.component.AbstractLifeCycle -- STOPPED HttpConnectionFactory@1b1ebb2d[HTTP/1.1]
18:14:24.125 [Executing testGetSecretContextNullAndStoreContextNull(org.conjur.jenkins.conjursecrets.ConjurSecretCredentialImplTest)] DEBUG org.eclipse.jetty.util.component.AbstractLifeCycle -- stopping ScheduledExecutorScheduler@438709cc{STARTED}
18:14:24.125 [Executing testGetSecretContextNullAndStoreContextNull(org.conjur.jenkins.conjursecrets.ConjurSecretCredentialImplTest)] DEBUG org.eclipse.jetty.util.component.AbstractLifeCycle -- STOPPED ScheduledExecutorScheduler@438709cc{STOPPED}
18:14:24.125 [Executing testGetSecretContextNullAndStoreContextNull(org.conjur.jenkins.conjursecrets.ConjurSecretCredentialImplTest)] INFO org.eclipse.jetty.server.AbstractConnector -- Stopped ServerConnector@1a694f6e{HTTP/1.1, (http/1.1)}{localhost:0}
18:14:24.125 [Executing testGetSecretContextNullAndStoreContextNull(org.conjur.jenkins.conjursecrets.ConjurSecretCredentialImplTest)] DEBUG org.eclipse.jetty.util.component.AbstractLifeCycle -- STOPPED ServerConnector@1a694f6e{HTTP/1.1, (http/1.1)}{localhost:0}
18:14:24.125 [Executing testGetSecretContextNullAndStoreContextNull(org.conjur.jenkins.conjursecrets.ConjurSecretCredentialImplTest)] DEBUG org.eclipse.jetty.server.handler.AbstractHandler -- stopping Server@7c4c7e78{STOPPING}[9.4.48.v20220622]
18:14:24.125 [Executing testGetSecretContextNullAndStoreContextNull(org.conjur.jenkins.conjursecrets.ConjurSecretCredentialImplTest)] DEBUG org.eclipse.jetty.util.component.AbstractLifeCycle -- stopping DefaultSessionIdManager@6728f938{STARTED}[worker=node0]
18:14:24.125 [Executing testGetSecretContextNullAndStoreContextNull(org.conjur.jenkins.conjursecrets.ConjurSecretCredentialImplTest)] DEBUG org.eclipse.jetty.util.component.AbstractLifeCycle -- stopping HouseKeeper@7cc96044{STARTED}[interval=660000, ownscheduler=true]
18:14:24.125 [Executing testGetSecretContextNullAndStoreContextNull(org.conjur.jenkins.conjursecrets.ConjurSecretCredentialImplTest)] INFO org.eclipse.jetty.server.session -- node0 Stopped scavenging
18:14:24.125 [Executing testGetSecretContextNullAndStoreContextNull(org.conjur.jenkins.conjursecrets.ConjurSecretCredentialImplTest)] DEBUG org.eclipse.jetty.util.component.AbstractLifeCycle -- stopping ScheduledExecutorScheduler@5c08b7dc{STARTED}
18:14:24.125 [Executing testGetSecretContextNullAndStoreContextNull(org.conjur.jenkins.conjursecrets.ConjurSecretCredentialImplTest)] DEBUG org.eclipse.jetty.util.component.AbstractLifeCycle -- STOPPED ScheduledExecutorScheduler@5c08b7dc{STOPPED}
18:14:24.125 [Executing testGetSecretContextNullAndStoreContextNull(org.conjur.jenkins.conjursecrets.ConjurSecretCredentialImplTest)] DEBUG org.eclipse.jetty.util.component.AbstractLifeCycle -- STOPPED HouseKeeper@7cc96044{STOPPED}[interval=660000, ownscheduler=false]
18:14:24.125 [Executing testGetSecretContextNullAndStoreContextNull(org.conjur.jenkins.conjursecrets.ConjurSecretCredentialImplTest)] DEBUG org.eclipse.jetty.util.component.AbstractLifeCycle -- STOPPED DefaultSessionIdManager@6728f938{STOPPED}[worker=node0]
18:14:24.125 [Executing testGetSecretContextNullAndStoreContextNull(org.conjur.jenkins.conjursecrets.ConjurSecretCredentialImplTest)] DEBUG org.eclipse.jetty.util.component.AbstractLifeCycle -- stopping ErrorHandler@732e4c7c{STARTED}
18:14:24.125 [Executing testGetSecretContextNullAndStoreContextNull(org.conjur.jenkins.conjursecrets.ConjurSecretCredentialImplTest)] DEBUG org.eclipse.jetty.server.handler.AbstractHandler -- stopping ErrorHandler@732e4c7c{STOPPING}
18:14:24.125 [Executing testGetSecretContextNullAndStoreContextNull(org.conjur.jenkins.conjursecrets.ConjurSecretCredentialImplTest)] DEBUG org.eclipse.jetty.util.component.AbstractLifeCycle -- STOPPED ErrorHandler@732e4c7c{STOPPED}
18:14:24.125 [Executing testGetSecretContextNullAndStoreContextNull(org.conjur.jenkins.conjursecrets.ConjurSecretCredentialImplTest)] DEBUG org.eclipse.jetty.util.component.AbstractLifeCycle -- stopping o.e.j.w.WebAppContext@394eef95{Jenkins v2.346.3,/jenkins,file:///Users/sameer.shaik/MyWorkSpace/17OctV2.2.3-New-BitBucketIssueFixed/conjur-credentials-plugin/target/jenkins-for-test/,SHUTDOWN}{/Users/sameer.shaik/MyWorkSpace/17OctV2.2.3-New-BitBucketIssueFixed/conjur-credentials-plugin/target/jenkins-for-test}
18:14:24.125 [Executing testGetSecretContextNullAndStoreContextNull(org.conjur.jenkins.conjursecrets.ConjurSecretCredentialImplTest)] DEBUG org.eclipse.jetty.server.handler.AbstractHandlerContainer -- Graceful shutdown o.e.j.w.WebAppContext@394eef95{Jenkins v2.346.3,/jenkins,file:///Users/sameer.shaik/MyWorkSpace/17OctV2.2.3-New-BitBucketIssueFixed/conjur-credentials-plugin/target/jenkins-for-test/,SHUTDOWN}{/Users/sameer.shaik/MyWorkSpace/17OctV2.2.3-New-BitBucketIssueFixed/conjur-credentials-plugin/target/jenkins-for-test} by 
18:14:24.125 [Executing testGetSecretContextNullAndStoreContextNull(org.conjur.jenkins.conjursecrets.ConjurSecretCredentialImplTest)] DEBUG org.eclipse.jetty.server.handler.AbstractHandler -- stopping o.e.j.w.WebAppContext@394eef95{Jenkins v2.346.3,/jenkins,file:///Users/sameer.shaik/MyWorkSpace/17OctV2.2.3-New-BitBucketIssueFixed/conjur-credentials-plugin/target/jenkins-for-test/,STOPPED}{/Users/sameer.shaik/MyWorkSpace/17OctV2.2.3-New-BitBucketIssueFixed/conjur-credentials-plugin/target/jenkins-for-test}
18:14:24.125 [Executing testGetSecretContextNullAndStoreContextNull(org.conjur.jenkins.conjursecrets.ConjurSecretCredentialImplTest)] DEBUG org.eclipse.jetty.util.component.AbstractLifeCycle -- stopping NoListenerConfiguration@5d2f2d02{STARTED}
18:14:24.125 [Executing testGetSecretContextNullAndStoreContextNull(org.conjur.jenkins.conjursecrets.ConjurSecretCredentialImplTest)] DEBUG org.eclipse.jetty.util.component.AbstractLifeCycle -- STOPPED NoListenerConfiguration@5d2f2d02{STOPPED}
18:14:24.125 [Executing testGetSecretContextNullAndStoreContextNull(org.conjur.jenkins.conjursecrets.ConjurSecretCredentialImplTest)] DEBUG org.eclipse.jetty.util.component.AbstractLifeCycle -- stopping ErrorPageErrorHandler@c991b8b{STARTED}
18:14:24.125 [Executing testGetSecretContextNullAndStoreContextNull(org.conjur.jenkins.conjursecrets.ConjurSecretCredentialImplTest)] DEBUG org.eclipse.jetty.server.handler.AbstractHandler -- stopping ErrorPageErrorHandler@c991b8b{STOPPING}
18:14:24.126 [Executing testGetSecretContextNullAndStoreContextNull(org.conjur.jenkins.conjursecrets.ConjurSecretCredentialImplTest)] DEBUG org.eclipse.jetty.util.component.AbstractLifeCycle -- STOPPED ErrorPageErrorHandler@c991b8b{STOPPED}
18:14:24.126 [Executing testGetSecretContextNullAndStoreContextNull(org.conjur.jenkins.conjursecrets.ConjurSecretCredentialImplTest)] DEBUG org.eclipse.jetty.util.component.AbstractLifeCycle -- stopping org.eclipse.jetty.server.session.SessionHandler396195835==dftMaxIdleSec=1800
18:14:24.126 [Executing testGetSecretContextNullAndStoreContextNull(org.conjur.jenkins.conjursecrets.ConjurSecretCredentialImplTest)] DEBUG org.eclipse.jetty.server.session -- Shutdown sessions, invalidating = false
18:14:24.126 [Executing testGetSecretContextNullAndStoreContextNull(org.conjur.jenkins.conjursecrets.ConjurSecretCredentialImplTest)] DEBUG org.eclipse.jetty.util.component.AbstractLifeCycle -- stopping org.eclipse.jetty.server.session.DefaultSessionCache@73a20465[evict=-1,removeUnloadable=false,saveOnCreate=false,saveOnInactiveEvict=false]
18:14:24.126 [Executing testGetSecretContextNullAndStoreContextNull(org.conjur.jenkins.conjursecrets.ConjurSecretCredentialImplTest)] DEBUG org.eclipse.jetty.util.component.AbstractLifeCycle -- stopping org.eclipse.jetty.server.session.NullSessionDataStore@4c9f691a[passivating=false,graceSec=3600]
18:14:24.126 [Executing testGetSecretContextNullAndStoreContextNull(org.conjur.jenkins.conjursecrets.ConjurSecretCredentialImplTest)] DEBUG org.eclipse.jetty.util.component.AbstractLifeCycle -- STOPPED org.eclipse.jetty.server.session.NullSessionDataStore@4c9f691a[passivating=false,graceSec=3600]
18:14:24.126 [Executing testGetSecretContextNullAndStoreContextNull(org.conjur.jenkins.conjursecrets.ConjurSecretCredentialImplTest)] DEBUG org.eclipse.jetty.util.component.AbstractLifeCycle -- STOPPED org.eclipse.jetty.server.session.DefaultSessionCache@73a20465[evict=-1,removeUnloadable=false,saveOnCreate=false,saveOnInactiveEvict=false]
18:14:24.126 [Executing testGetSecretContextNullAndStoreContextNull(org.conjur.jenkins.conjursecrets.ConjurSecretCredentialImplTest)] DEBUG org.eclipse.jetty.util.component.AbstractLifeCycle -- stopping ScheduledExecutorScheduler@2a5eb18c{STARTED}
18:14:24.126 [Executing testGetSecretContextNullAndStoreContextNull(org.conjur.jenkins.conjursecrets.ConjurSecretCredentialImplTest)] DEBUG org.eclipse.jetty.util.component.AbstractLifeCycle -- STOPPED ScheduledExecutorScheduler@2a5eb18c{STOPPED}
18:14:24.126 [Executing testGetSecretContextNullAndStoreContextNull(org.conjur.jenkins.conjursecrets.ConjurSecretCredentialImplTest)] DEBUG org.eclipse.jetty.server.handler.AbstractHandler -- stopping org.eclipse.jetty.server.session.SessionHandler396195835==dftMaxIdleSec=1800
18:14:24.126 [Executing testGetSecretContextNullAndStoreContextNull(org.conjur.jenkins.conjursecrets.ConjurSecretCredentialImplTest)] DEBUG org.eclipse.jetty.util.component.AbstractLifeCycle -- stopping ConstraintSecurityHandler@596110da{STARTED}
18:14:24.126 [Executing testGetSecretContextNullAndStoreContextNull(org.conjur.jenkins.conjursecrets.ConjurSecretCredentialImplTest)] DEBUG org.eclipse.jetty.server.handler.AbstractHandler -- stopping ConstraintSecurityHandler@596110da{STOPPING}
18:14:24.126 [Executing testGetSecretContextNullAndStoreContextNull(org.conjur.jenkins.conjursecrets.ConjurSecretCredentialImplTest)] DEBUG org.eclipse.jetty.util.component.AbstractLifeCycle -- stopping HashLoginService@4b5482d0[default]
18:14:24.126 [Executing testGetSecretContextNullAndStoreContextNull(org.conjur.jenkins.conjursecrets.ConjurSecretCredentialImplTest)] DEBUG org.eclipse.jetty.util.component.AbstractLifeCycle -- stopping UserStore@4318ace6{STARTED}
18:14:24.126 [Executing testGetSecretContextNullAndStoreContextNull(org.conjur.jenkins.conjursecrets.ConjurSecretCredentialImplTest)] DEBUG org.eclipse.jetty.util.component.AbstractLifeCycle -- STOPPED UserStore@4318ace6{STOPPED}
18:14:24.126 [Executing testGetSecretContextNullAndStoreContextNull(org.conjur.jenkins.conjursecrets.ConjurSecretCredentialImplTest)] DEBUG org.eclipse.jetty.util.component.AbstractLifeCycle -- STOPPED HashLoginService@4b5482d0[default]
18:14:24.126 [Executing testGetSecretContextNullAndStoreContextNull(org.conjur.jenkins.conjursecrets.ConjurSecretCredentialImplTest)] DEBUG org.eclipse.jetty.util.component.AbstractLifeCycle -- stopping ServletHandler@70c788c7{STARTED}
18:14:24.126 [Executing testGetSecretContextNullAndStoreContextNull(org.conjur.jenkins.conjursecrets.ConjurSecretCredentialImplTest)] DEBUG org.eclipse.jetty.server.handler.AbstractHandler -- stopping ServletHandler@70c788c7{STOPPING}
18:14:24.126 [Executing testGetSecretContextNullAndStoreContextNull(org.conjur.jenkins.conjursecrets.ConjurSecretCredentialImplTest)] DEBUG org.eclipse.jetty.util.component.AbstractLifeCycle -- stopping plugins-filter==hudson.util.PluginServletFilter@6b5b524{inst=true,async=true,src=DESCRIPTOR:file:///Users/sameer.shaik/MyWorkSpace/17OctV2.2.3-New-BitBucketIssueFixed/conjur-credentials-plugin/target/jenkins-for-test/WEB-INF/web.xml}
18:14:24.126 [Executing testGetSecretContextNullAndStoreContextNull(org.conjur.jenkins.conjursecrets.ConjurSecretCredentialImplTest)] DEBUG org.eclipse.jetty.util.component.AbstractLifeCycle -- STOPPED plugins-filter==hudson.util.PluginServletFilter@6b5b524{inst=false,async=true,src=DESCRIPTOR:file:///Users/sameer.shaik/MyWorkSpace/17OctV2.2.3-New-BitBucketIssueFixed/conjur-credentials-plugin/target/jenkins-for-test/WEB-INF/web.xml}
18:14:24.126 [Executing testGetSecretContextNullAndStoreContextNull(org.conjur.jenkins.conjursecrets.ConjurSecretCredentialImplTest)] DEBUG org.eclipse.jetty.util.component.AbstractLifeCycle -- stopping csrf-filter==hudson.security.csrf.CrumbFilter@7209a17a{inst=true,async=true,src=DESCRIPTOR:file:///Users/sameer.shaik/MyWorkSpace/17OctV2.2.3-New-BitBucketIssueFixed/conjur-credentials-plugin/target/jenkins-for-test/WEB-INF/web.xml}
18:14:24.126 [Executing testGetSecretContextNullAndStoreContextNull(org.conjur.jenkins.conjursecrets.ConjurSecretCredentialImplTest)] DEBUG org.eclipse.jetty.util.component.AbstractLifeCycle -- STOPPED csrf-filter==hudson.security.csrf.CrumbFilter@7209a17a{inst=false,async=true,src=DESCRIPTOR:file:///Users/sameer.shaik/MyWorkSpace/17OctV2.2.3-New-BitBucketIssueFixed/conjur-credentials-plugin/target/jenkins-for-test/WEB-INF/web.xml}
18:14:24.126 [Executing testGetSecretContextNullAndStoreContextNull(org.conjur.jenkins.conjursecrets.ConjurSecretCredentialImplTest)] DEBUG org.eclipse.jetty.util.component.AbstractLifeCycle -- stopping authentication-filter==hudson.security.HudsonFilter@3cfb2cf3{inst=true,async=true,src=DESCRIPTOR:file:///Users/sameer.shaik/MyWorkSpace/17OctV2.2.3-New-BitBucketIssueFixed/conjur-credentials-plugin/target/jenkins-for-test/WEB-INF/web.xml}
18:14:24.126 [Executing testGetSecretContextNullAndStoreContextNull(org.conjur.jenkins.conjursecrets.ConjurSecretCredentialImplTest)] DEBUG org.eclipse.jetty.util.component.AbstractLifeCycle -- STOPPED authentication-filter==hudson.security.HudsonFilter@3cfb2cf3{inst=false,async=true,src=DESCRIPTOR:file:///Users/sameer.shaik/MyWorkSpace/17OctV2.2.3-New-BitBucketIssueFixed/conjur-credentials-plugin/target/jenkins-for-test/WEB-INF/web.xml}
18:14:24.127 [Executing testGetSecretContextNullAndStoreContextNull(org.conjur.jenkins.conjursecrets.ConjurSecretCredentialImplTest)] DEBUG org.eclipse.jetty.util.component.AbstractLifeCycle -- stopping compression-filter==org.kohsuke.stapler.compression.CompressionFilter@1cd195ee{inst=true,async=true,src=DESCRIPTOR:file:///Users/sameer.shaik/MyWorkSpace/17OctV2.2.3-New-BitBucketIssueFixed/conjur-credentials-plugin/target/jenkins-for-test/WEB-INF/web.xml}
18:14:24.127 [Executing testGetSecretContextNullAndStoreContextNull(org.conjur.jenkins.conjursecrets.ConjurSecretCredentialImplTest)] DEBUG org.eclipse.jetty.util.component.AbstractLifeCycle -- STOPPED compression-filter==org.kohsuke.stapler.compression.CompressionFilter@1cd195ee{inst=false,async=true,src=DESCRIPTOR:file:///Users/sameer.shaik/MyWorkSpace/17OctV2.2.3-New-BitBucketIssueFixed/conjur-credentials-plugin/target/jenkins-for-test/WEB-INF/web.xml}
18:14:24.127 [Executing testGetSecretContextNullAndStoreContextNull(org.conjur.jenkins.conjursecrets.ConjurSecretCredentialImplTest)] DEBUG org.eclipse.jetty.util.component.AbstractLifeCycle -- stopping encoding-filter==hudson.util.CharacterEncodingFilter@11ebacd{inst=true,async=true,src=DESCRIPTOR:file:///Users/sameer.shaik/MyWorkSpace/17OctV2.2.3-New-BitBucketIssueFixed/conjur-credentials-plugin/target/jenkins-for-test/WEB-INF/web.xml}
18:14:24.127 [Executing testGetSecretContextNullAndStoreContextNull(org.conjur.jenkins.conjursecrets.ConjurSecretCredentialImplTest)] DEBUG org.eclipse.jetty.util.component.AbstractLifeCycle -- STOPPED encoding-filter==hudson.util.CharacterEncodingFilter@11ebacd{inst=false,async=true,src=DESCRIPTOR:file:///Users/sameer.shaik/MyWorkSpace/17OctV2.2.3-New-BitBucketIssueFixed/conjur-credentials-plugin/target/jenkins-for-test/WEB-INF/web.xml}
18:14:24.127 [Executing testGetSecretContextNullAndStoreContextNull(org.conjur.jenkins.conjursecrets.ConjurSecretCredentialImplTest)] DEBUG org.eclipse.jetty.util.component.AbstractLifeCycle -- stopping diagnostic-name-filter==org.kohsuke.stapler.DiagnosticThreadNameFilter@270d3620{inst=true,async=true,src=DESCRIPTOR:file:///Users/sameer.shaik/MyWorkSpace/17OctV2.2.3-New-BitBucketIssueFixed/conjur-credentials-plugin/target/jenkins-for-test/WEB-INF/web.xml}
18:14:24.127 [Executing testGetSecretContextNullAndStoreContextNull(org.conjur.jenkins.conjursecrets.ConjurSecretCredentialImplTest)] DEBUG org.eclipse.jetty.util.component.AbstractLifeCycle -- STOPPED diagnostic-name-filter==org.kohsuke.stapler.DiagnosticThreadNameFilter@270d3620{inst=false,async=true,src=DESCRIPTOR:file:///Users/sameer.shaik/MyWorkSpace/17OctV2.2.3-New-BitBucketIssueFixed/conjur-credentials-plugin/target/jenkins-for-test/WEB-INF/web.xml}
18:14:24.127 [Executing testGetSecretContextNullAndStoreContextNull(org.conjur.jenkins.conjursecrets.ConjurSecretCredentialImplTest)] DEBUG org.eclipse.jetty.util.component.AbstractLifeCycle -- stopping suspicious-request-filter==jenkins.security.SuspiciousRequestFilter@584f18a7{inst=true,async=true,src=DESCRIPTOR:file:///Users/sameer.shaik/MyWorkSpace/17OctV2.2.3-New-BitBucketIssueFixed/conjur-credentials-plugin/target/jenkins-for-test/WEB-INF/web.xml}
18:14:24.127 [Executing testGetSecretContextNullAndStoreContextNull(org.conjur.jenkins.conjursecrets.ConjurSecretCredentialImplTest)] DEBUG org.eclipse.jetty.util.component.AbstractLifeCycle -- STOPPED suspicious-request-filter==jenkins.security.SuspiciousRequestFilter@584f18a7{inst=false,async=true,src=DESCRIPTOR:file:///Users/sameer.shaik/MyWorkSpace/17OctV2.2.3-New-BitBucketIssueFixed/conjur-credentials-plugin/target/jenkins-for-test/WEB-INF/web.xml}
18:14:24.127 [Executing testGetSecretContextNullAndStoreContextNull(org.conjur.jenkins.conjursecrets.ConjurSecretCredentialImplTest)] DEBUG org.eclipse.jetty.util.component.AbstractLifeCycle -- stopping Stapler==org.kohsuke.stapler.Stapler@f222d1a9{jsp=null,order=-1,inst=false,async=true,src=DESCRIPTOR:file:///Users/sameer.shaik/MyWorkSpace/17OctV2.2.3-New-BitBucketIssueFixed/conjur-credentials-plugin/target/jenkins-for-test/WEB-INF/web.xml,STARTED}
18:14:24.127 [Executing testGetSecretContextNullAndStoreContextNull(org.conjur.jenkins.conjursecrets.ConjurSecretCredentialImplTest)] DEBUG org.eclipse.jetty.util.component.AbstractLifeCycle -- STOPPED Stapler==org.kohsuke.stapler.Stapler@f222d1a9{jsp=null,order=-1,inst=false,async=true,src=DESCRIPTOR:file:///Users/sameer.shaik/MyWorkSpace/17OctV2.2.3-New-BitBucketIssueFixed/conjur-credentials-plugin/target/jenkins-for-test/WEB-INF/web.xml,STOPPED}
18:14:24.127 [Executing testGetSecretContextNullAndStoreContextNull(org.conjur.jenkins.conjursecrets.ConjurSecretCredentialImplTest)] DEBUG org.eclipse.jetty.util.component.AbstractLifeCycle -- stopping jsp==org.eclipse.jetty.servlet.NoJspServlet@19c47{jsp=null,order=0,inst=true,async=false,src=DESCRIPTOR:jar:file:/Users/sameer.shaik/.m2/repository/org/eclipse/jetty/jetty-webapp/9.4.48.v20220622/jetty-webapp-9.4.48.v20220622.jar!/org/eclipse/jetty/webapp/webdefault.xml,STARTED}
18:14:24.127 [Executing testGetSecretContextNullAndStoreContextNull(org.conjur.jenkins.conjursecrets.ConjurSecretCredentialImplTest)] DEBUG org.eclipse.jetty.util.component.AbstractLifeCycle -- STOPPED jsp==org.eclipse.jetty.servlet.NoJspServlet@19c47{jsp=null,order=0,inst=false,async=false,src=DESCRIPTOR:jar:file:/Users/sameer.shaik/.m2/repository/org/eclipse/jetty/jetty-webapp/9.4.48.v20220622/jetty-webapp-9.4.48.v20220622.jar!/org/eclipse/jetty/webapp/webdefault.xml,STOPPED}
18:14:24.127 [Executing testGetSecretContextNullAndStoreContextNull(org.conjur.jenkins.conjursecrets.ConjurSecretCredentialImplTest)] DEBUG org.eclipse.jetty.util.component.AbstractLifeCycle -- stopping default==org.eclipse.jetty.servlet.DefaultServlet@5c13d641{jsp=null,order=0,inst=true,async=false,src=DESCRIPTOR:jar:file:/Users/sameer.shaik/.m2/repository/org/eclipse/jetty/jetty-webapp/9.4.48.v20220622/jetty-webapp-9.4.48.v20220622.jar!/org/eclipse/jetty/webapp/webdefault.xml,STARTED}
18:14:24.127 [Executing testGetSecretContextNullAndStoreContextNull(org.conjur.jenkins.conjursecrets.ConjurSecretCredentialImplTest)] DEBUG org.eclipse.jetty.util.component.AbstractLifeCycle -- STOPPED default==org.eclipse.jetty.servlet.DefaultServlet@5c13d641{jsp=null,order=0,inst=false,async=false,src=DESCRIPTOR:jar:file:/Users/sameer.shaik/.m2/repository/org/eclipse/jetty/jetty-webapp/9.4.48.v20220622/jetty-webapp-9.4.48.v20220622.jar!/org/eclipse/jetty/webapp/webdefault.xml,STOPPED}
18:14:24.127 [Executing testGetSecretContextNullAndStoreContextNull(org.conjur.jenkins.conjursecrets.ConjurSecretCredentialImplTest)] DEBUG org.eclipse.jetty.server.handler.ContextHandler -- contextDestroyed: javax.servlet.ServletContextEvent[source=ServletContext@o.e.j.w.WebAppContext@394eef95{Jenkins v2.346.3,/jenkins,file:///Users/sameer.shaik/MyWorkSpace/17OctV2.2.3-New-BitBucketIssueFixed/conjur-credentials-plugin/target/jenkins-for-test/,STOPPED}{/Users/sameer.shaik/MyWorkSpace/17OctV2.2.3-New-BitBucketIssueFixed/conjur-credentials-plugin/target/jenkins-for-test}]->jenkins.util.SystemProperties$Listener@3b457133
18:14:24.127 [Executing testGetSecretContextNullAndStoreContextNull(org.conjur.jenkins.conjursecrets.ConjurSecretCredentialImplTest)] DEBUG org.eclipse.jetty.server.handler.ContextHandler -- contextDestroyed: javax.servlet.ServletContextEvent[source=ServletContext@o.e.j.w.WebAppContext@394eef95{Jenkins v2.346.3,/jenkins,file:///Users/sameer.shaik/MyWorkSpace/17OctV2.2.3-New-BitBucketIssueFixed/conjur-credentials-plugin/target/jenkins-for-test/,STOPPED}{/Users/sameer.shaik/MyWorkSpace/17OctV2.2.3-New-BitBucketIssueFixed/conjur-credentials-plugin/target/jenkins-for-test}]->org.eclipse.jetty.servlet.listener.IntrospectorCleaner@37159c25
18:14:24.127 [Executing testGetSecretContextNullAndStoreContextNull(org.conjur.jenkins.conjursecrets.ConjurSecretCredentialImplTest)] DEBUG org.eclipse.jetty.server.handler.ContextHandler -- contextDestroyed: javax.servlet.ServletContextEvent[source=ServletContext@o.e.j.w.WebAppContext@394eef95{Jenkins v2.346.3,/jenkins,file:///Users/sameer.shaik/MyWorkSpace/17OctV2.2.3-New-BitBucketIssueFixed/conjur-credentials-plugin/target/jenkins-for-test/,STOPPED}{/Users/sameer.shaik/MyWorkSpace/17OctV2.2.3-New-BitBucketIssueFixed/conjur-credentials-plugin/target/jenkins-for-test}]->org.eclipse.jetty.servlet.listener.ELContextCleaner@6898926b
18:14:24.128 [Executing testGetSecretContextNullAndStoreContextNull(org.conjur.jenkins.conjursecrets.ConjurSecretCredentialImplTest)] DEBUG org.eclipse.jetty.util.component.AbstractLifeCycle -- stopping jenkins.JenkinsHttpSessionListener@71fd85ed{src=DESCRIPTOR:file:///Users/sameer.shaik/MyWorkSpace/17OctV2.2.3-New-BitBucketIssueFixed/conjur-credentials-plugin/target/jenkins-for-test/WEB-INF/web.xml}
18:14:24.128 [Executing testGetSecretContextNullAndStoreContextNull(org.conjur.jenkins.conjursecrets.ConjurSecretCredentialImplTest)] DEBUG org.eclipse.jetty.util.component.AbstractLifeCycle -- STOPPED jenkins.JenkinsHttpSessionListener@71fd85ed{src=DESCRIPTOR:file:///Users/sameer.shaik/MyWorkSpace/17OctV2.2.3-New-BitBucketIssueFixed/conjur-credentials-plugin/target/jenkins-for-test/WEB-INF/web.xml}
18:14:24.128 [Executing testGetSecretContextNullAndStoreContextNull(org.conjur.jenkins.conjursecrets.ConjurSecretCredentialImplTest)] DEBUG org.eclipse.jetty.util.component.AbstractLifeCycle -- stopping hudson.WebAppMain@431cb531{src=DESCRIPTOR:file:///Users/sameer.shaik/MyWorkSpace/17OctV2.2.3-New-BitBucketIssueFixed/conjur-credentials-plugin/target/jenkins-for-test/WEB-INF/web.xml}
18:14:24.128 [Executing testGetSecretContextNullAndStoreContextNull(org.conjur.jenkins.conjursecrets.ConjurSecretCredentialImplTest)] DEBUG org.eclipse.jetty.util.component.AbstractLifeCycle -- STOPPED hudson.WebAppMain@431cb531{src=DESCRIPTOR:file:///Users/sameer.shaik/MyWorkSpace/17OctV2.2.3-New-BitBucketIssueFixed/conjur-credentials-plugin/target/jenkins-for-test/WEB-INF/web.xml}
18:14:24.128 [Executing testGetSecretContextNullAndStoreContextNull(org.conjur.jenkins.conjursecrets.ConjurSecretCredentialImplTest)] DEBUG org.eclipse.jetty.util.component.AbstractLifeCycle -- stopping jenkins.util.SystemProperties$Listener@127db806{src=DESCRIPTOR:file:///Users/sameer.shaik/MyWorkSpace/17OctV2.2.3-New-BitBucketIssueFixed/conjur-credentials-plugin/target/jenkins-for-test/WEB-INF/web.xml}
18:14:24.128 [Executing testGetSecretContextNullAndStoreContextNull(org.conjur.jenkins.conjursecrets.ConjurSecretCredentialImplTest)] DEBUG org.eclipse.jetty.util.component.AbstractLifeCycle -- STOPPED jenkins.util.SystemProperties$Listener@127db806{src=DESCRIPTOR:file:///Users/sameer.shaik/MyWorkSpace/17OctV2.2.3-New-BitBucketIssueFixed/conjur-credentials-plugin/target/jenkins-for-test/WEB-INF/web.xml}
18:14:24.128 [Executing testGetSecretContextNullAndStoreContextNull(org.conjur.jenkins.conjursecrets.ConjurSecretCredentialImplTest)] DEBUG org.eclipse.jetty.util.component.AbstractLifeCycle -- stopping org.eclipse.jetty.servlet.listener.IntrospectorCleaner@6a18706d{src=DESCRIPTOR:jar:file:/Users/sameer.shaik/.m2/repository/org/eclipse/jetty/jetty-webapp/9.4.48.v20220622/jetty-webapp-9.4.48.v20220622.jar!/org/eclipse/jetty/webapp/webdefault.xml}
18:14:24.128 [Executing testGetSecretContextNullAndStoreContextNull(org.conjur.jenkins.conjursecrets.ConjurSecretCredentialImplTest)] DEBUG org.eclipse.jetty.util.component.AbstractLifeCycle -- STOPPED org.eclipse.jetty.servlet.listener.IntrospectorCleaner@6a18706d{src=DESCRIPTOR:jar:file:/Users/sameer.shaik/.m2/repository/org/eclipse/jetty/jetty-webapp/9.4.48.v20220622/jetty-webapp-9.4.48.v20220622.jar!/org/eclipse/jetty/webapp/webdefault.xml}
18:14:24.128 [Executing testGetSecretContextNullAndStoreContextNull(org.conjur.jenkins.conjursecrets.ConjurSecretCredentialImplTest)] DEBUG org.eclipse.jetty.util.component.AbstractLifeCycle -- stopping org.eclipse.jetty.servlet.listener.ELContextCleaner@5c0dcbd4{src=DESCRIPTOR:jar:file:/Users/sameer.shaik/.m2/repository/org/eclipse/jetty/jetty-webapp/9.4.48.v20220622/jetty-webapp-9.4.48.v20220622.jar!/org/eclipse/jetty/webapp/webdefault.xml}
18:14:24.128 [Executing testGetSecretContextNullAndStoreContextNull(org.conjur.jenkins.conjursecrets.ConjurSecretCredentialImplTest)] DEBUG org.eclipse.jetty.util.component.AbstractLifeCycle -- STOPPED org.eclipse.jetty.servlet.listener.ELContextCleaner@5c0dcbd4{src=DESCRIPTOR:jar:file:/Users/sameer.shaik/.m2/repository/org/eclipse/jetty/jetty-webapp/9.4.48.v20220622/jetty-webapp-9.4.48.v20220622.jar!/org/eclipse/jetty/webapp/webdefault.xml}
18:14:24.128 [Executing testGetSecretContextNullAndStoreContextNull(org.conjur.jenkins.conjursecrets.ConjurSecretCredentialImplTest)] DEBUG org.eclipse.jetty.util.component.AbstractLifeCycle -- STOPPED ServletHandler@70c788c7{STOPPED}
18:14:24.128 [Executing testGetSecretContextNullAndStoreContextNull(org.conjur.jenkins.conjursecrets.ConjurSecretCredentialImplTest)] DEBUG org.eclipse.jetty.util.component.AbstractLifeCycle -- STOPPED ConstraintSecurityHandler@596110da{STOPPED}
18:14:24.128 [Executing testGetSecretContextNullAndStoreContextNull(org.conjur.jenkins.conjursecrets.ConjurSecretCredentialImplTest)] DEBUG org.eclipse.jetty.util.component.AbstractLifeCycle -- STOPPED org.eclipse.jetty.server.session.SessionHandler396195835==dftMaxIdleSec=1800
18:14:24.129 [Executing testGetSecretContextNullAndStoreContextNull(org.conjur.jenkins.conjursecrets.ConjurSecretCredentialImplTest)] DEBUG org.eclipse.jetty.util.component.AbstractLifeCycle -- stopping SymlinkAllowedResourceAliasChecker@6f84b1e1{base=/Users/sameer.shaik/MyWorkSpace/17OctV2.2.3-New-BitBucketIssueFixed/conjur-credentials-plugin/target/jenkins-for-test,protected=[/WEB-INF, /META-INF]}
18:14:24.129 [Executing testGetSecretContextNullAndStoreContextNull(org.conjur.jenkins.conjursecrets.ConjurSecretCredentialImplTest)] DEBUG org.eclipse.jetty.util.component.AbstractLifeCycle -- STOPPED SymlinkAllowedResourceAliasChecker@6f84b1e1{base=null,protected=[/WEB-INF, /META-INF]}
18:14:24.129 [Executing testGetSecretContextNullAndStoreContextNull(org.conjur.jenkins.conjursecrets.ConjurSecretCredentialImplTest)] INFO org.eclipse.jetty.server.handler.ContextHandler -- Stopped o.e.j.w.WebAppContext@394eef95{Jenkins v2.346.3,/jenkins,file:///Users/sameer.shaik/MyWorkSpace/17OctV2.2.3-New-BitBucketIssueFixed/conjur-credentials-plugin/target/jenkins-for-test/,STOPPED}{/Users/sameer.shaik/MyWorkSpace/17OctV2.2.3-New-BitBucketIssueFixed/conjur-credentials-plugin/target/jenkins-for-test}
18:14:24.129 [Executing testGetSecretContextNullAndStoreContextNull(org.conjur.jenkins.conjursecrets.ConjurSecretCredentialImplTest)] DEBUG org.eclipse.jetty.util.component.AbstractLifeCycle -- STOPPED o.e.j.w.WebAppContext@394eef95{Jenkins v2.346.3,/jenkins,file:///Users/sameer.shaik/MyWorkSpace/17OctV2.2.3-New-BitBucketIssueFixed/conjur-credentials-plugin/target/jenkins-for-test/,STOPPED}{/Users/sameer.shaik/MyWorkSpace/17OctV2.2.3-New-BitBucketIssueFixed/conjur-credentials-plugin/target/jenkins-for-test}
18:14:24.129 [Executing testGetSecretContextNullAndStoreContextNull(org.conjur.jenkins.conjursecrets.ConjurSecretCredentialImplTest)] DEBUG org.eclipse.jetty.util.component.AbstractLifeCycle -- stopping QueuedThreadPool[Jetty (JenkinsRule)]@76b41508{STARTED,8<=10<=200,i=10,r=-1,q=0}[ReservedThreadExecutor@23ec6f48{reserved=0/16,pending=0}]
18:14:24.129 [Executing testGetSecretContextNullAndStoreContextNull(org.conjur.jenkins.conjursecrets.ConjurSecretCredentialImplTest)] DEBUG org.eclipse.jetty.util.thread.QueuedThreadPool -- Stopping QueuedThreadPool[Jetty (JenkinsRule)]@76b41508{STOPPING,8<=10<=200,i=10,r=-1,q=0}[ReservedThreadExecutor@23ec6f48{reserved=0/16,pending=0}]
18:14:24.129 [Executing testGetSecretContextNullAndStoreContextNull(org.conjur.jenkins.conjursecrets.ConjurSecretCredentialImplTest)] DEBUG org.eclipse.jetty.util.component.AbstractLifeCycle -- stopping ReservedThreadExecutor@23ec6f48{reserved=0/16,pending=0}
18:14:24.129 [Executing testGetSecretContextNullAndStoreContextNull(org.conjur.jenkins.conjursecrets.ConjurSecretCredentialImplTest)] DEBUG org.eclipse.jetty.util.component.AbstractLifeCycle -- STOPPED ReservedThreadExecutor@23ec6f48{reserved=-1/16,pending=0}
18:14:24.129 [Executing testGetSecretContextNullAndStoreContextNull(org.conjur.jenkins.conjursecrets.ConjurSecretCredentialImplTest)] DEBUG org.eclipse.jetty.util.thread.QueuedThreadPool -- Waiting for Thread[Jetty (JenkinsRule)-112,5,main] for 14999
18:14:24.129 [Jetty (JenkinsRule)-116] DEBUG org.eclipse.jetty.util.thread.QueuedThreadPool -- run org.eclipse.jetty.util.thread.QueuedThreadPool$$Lambda$384/0x00000001332e18f0@e0aef1f in QueuedThreadPool[Jetty (JenkinsRule)]@76b41508{STOPPING,8<=0<=200,i=10,r=-1,q=0}[NO_TRY]
18:14:24.129 [Jetty (JenkinsRule)-117] DEBUG org.eclipse.jetty.util.thread.QueuedThreadPool -- run org.eclipse.jetty.util.thread.QueuedThreadPool$$Lambda$384/0x00000001332e18f0@e0aef1f in QueuedThreadPool[Jetty (JenkinsRule)]@76b41508{STOPPING,8<=0<=200,i=10,r=-1,q=0}[NO_TRY]
18:14:24.129 [Jetty (JenkinsRule)-114] DEBUG org.eclipse.jetty.util.thread.QueuedThreadPool -- run org.eclipse.jetty.util.thread.QueuedThreadPool$$Lambda$384/0x00000001332e18f0@e0aef1f in QueuedThreadPool[Jetty (JenkinsRule)]@76b41508{STOPPING,8<=0<=200,i=10,r=-1,q=0}[NO_TRY]
18:14:24.129 [Jetty (JenkinsRule)-116] DEBUG org.eclipse.jetty.util.thread.QueuedThreadPool -- ran org.eclipse.jetty.util.thread.QueuedThreadPool$$Lambda$384/0x00000001332e18f0@e0aef1f in QueuedThreadPool[Jetty (JenkinsRule)]@76b41508{STOPPING,8<=0<=200,i=10,r=-1,q=0}[NO_TRY]
18:14:24.129 [Jetty (JenkinsRule)-117] DEBUG org.eclipse.jetty.util.thread.QueuedThreadPool -- ran org.eclipse.jetty.util.thread.QueuedThreadPool$$Lambda$384/0x00000001332e18f0@e0aef1f in QueuedThreadPool[Jetty (JenkinsRule)]@76b41508{STOPPING,8<=0<=200,i=10,r=-1,q=0}[NO_TRY]
18:14:24.129 [Jetty (JenkinsRule)-114] DEBUG org.eclipse.jetty.util.thread.QueuedThreadPool -- ran org.eclipse.jetty.util.thread.QueuedThreadPool$$Lambda$384/0x00000001332e18f0@e0aef1f in QueuedThreadPool[Jetty (JenkinsRule)]@76b41508{STOPPING,8<=0<=200,i=10,r=-1,q=0}[NO_TRY]
18:14:24.129 [Jetty (JenkinsRule)-113] DEBUG org.eclipse.jetty.util.thread.QueuedThreadPool -- run org.eclipse.jetty.util.thread.QueuedThreadPool$$Lambda$384/0x00000001332e18f0@e0aef1f in QueuedThreadPool[Jetty (JenkinsRule)]@76b41508{STOPPING,8<=0<=200,i=10,r=-1,q=0}[NO_TRY]
18:14:24.129 [Jetty (JenkinsRule)-111] DEBUG org.eclipse.jetty.util.thread.QueuedThreadPool -- run org.eclipse.jetty.util.thread.QueuedThreadPool$$Lambda$384/0x00000001332e18f0@e0aef1f in QueuedThreadPool[Jetty (JenkinsRule)]@76b41508{STOPPING,8<=0<=200,i=10,r=-1,q=0}[NO_TRY]
18:14:24.129 [Jetty (JenkinsRule)-112] DEBUG org.eclipse.jetty.util.thread.QueuedThreadPool -- run org.eclipse.jetty.util.thread.QueuedThreadPool$$Lambda$384/0x00000001332e18f0@e0aef1f in QueuedThreadPool[Jetty (JenkinsRule)]@76b41508{STOPPING,8<=0<=200,i=10,r=-1,q=0}[NO_TRY]
18:14:24.129 [Jetty (JenkinsRule)-114] DEBUG org.eclipse.jetty.util.thread.QueuedThreadPool -- Thread[Jetty (JenkinsRule)-114,5,main] exited for QueuedThreadPool[Jetty (JenkinsRule)]@76b41508{STOPPING,8<=0<=200,i=10,r=-1,q=0}[NO_TRY]
18:14:24.129 [Jetty (JenkinsRule)-110] DEBUG org.eclipse.jetty.util.thread.QueuedThreadPool -- run org.eclipse.jetty.util.thread.QueuedThreadPool$$Lambda$384/0x00000001332e18f0@e0aef1f in QueuedThreadPool[Jetty (JenkinsRule)]@76b41508{STOPPING,8<=0<=200,i=10,r=-1,q=0}[NO_TRY]
18:14:24.129 [Jetty (JenkinsRule)-116] DEBUG org.eclipse.jetty.util.thread.QueuedThreadPool -- Thread[Jetty (JenkinsRule)-116,5,main] exited for QueuedThreadPool[Jetty (JenkinsRule)]@76b41508{STOPPING,8<=0<=200,i=10,r=-1,q=0}[NO_TRY]
18:14:24.129 [Jetty (JenkinsRule)-113] DEBUG org.eclipse.jetty.util.thread.QueuedThreadPool -- ran org.eclipse.jetty.util.thread.QueuedThreadPool$$Lambda$384/0x00000001332e18f0@e0aef1f in QueuedThreadPool[Jetty (JenkinsRule)]@76b41508{STOPPING,8<=0<=200,i=10,r=-1,q=0}[NO_TRY]
18:14:24.129 [Jetty (JenkinsRule)-111] DEBUG org.eclipse.jetty.util.thread.QueuedThreadPool -- ran org.eclipse.jetty.util.thread.QueuedThreadPool$$Lambda$384/0x00000001332e18f0@e0aef1f in QueuedThreadPool[Jetty (JenkinsRule)]@76b41508{STOPPING,8<=0<=200,i=10,r=-1,q=0}[NO_TRY]
18:14:24.129 [Jetty (JenkinsRule)-112] DEBUG org.eclipse.jetty.util.thread.QueuedThreadPool -- ran org.eclipse.jetty.util.thread.QueuedThreadPool$$Lambda$384/0x00000001332e18f0@e0aef1f in QueuedThreadPool[Jetty (JenkinsRule)]@76b41508{STOPPING,8<=0<=200,i=10,r=-1,q=0}[NO_TRY]
18:14:24.129 [Jetty (JenkinsRule)-109] DEBUG org.eclipse.jetty.util.thread.QueuedThreadPool -- run org.eclipse.jetty.util.thread.QueuedThreadPool$$Lambda$384/0x00000001332e18f0@e0aef1f in QueuedThreadPool[Jetty (JenkinsRule)]@76b41508{STOPPING,8<=0<=200,i=10,r=-1,q=0}[NO_TRY]
18:14:24.129 [Jetty (JenkinsRule)-113] DEBUG org.eclipse.jetty.util.thread.QueuedThreadPool -- Thread[Jetty (JenkinsRule)-113,5,main] exited for QueuedThreadPool[Jetty (JenkinsRule)]@76b41508{STOPPING,8<=0<=200,i=10,r=-1,q=0}[NO_TRY]
18:14:24.129 [Jetty (JenkinsRule)-117] DEBUG org.eclipse.jetty.util.thread.QueuedThreadPool -- Thread[Jetty (JenkinsRule)-117,5,main] exited for QueuedThreadPool[Jetty (JenkinsRule)]@76b41508{STOPPING,8<=0<=200,i=10,r=-1,q=0}[NO_TRY]
18:14:24.130 [Jetty (JenkinsRule)-109] DEBUG org.eclipse.jetty.util.thread.QueuedThreadPool -- ran org.eclipse.jetty.util.thread.QueuedThreadPool$$Lambda$384/0x00000001332e18f0@e0aef1f in QueuedThreadPool[Jetty (JenkinsRule)]@76b41508{STOPPING,8<=0<=200,i=10,r=-1,q=0}[NO_TRY]
18:14:24.130 [Jetty (JenkinsRule)-112] DEBUG org.eclipse.jetty.util.thread.QueuedThreadPool -- Thread[Jetty (JenkinsRule)-112,5,main] exited for QueuedThreadPool[Jetty (JenkinsRule)]@76b41508{STOPPING,8<=0<=200,i=10,r=-1,q=0}[NO_TRY]
18:14:24.129 [Jetty (JenkinsRule)-108] DEBUG org.eclipse.jetty.util.thread.QueuedThreadPool -- run org.eclipse.jetty.util.thread.QueuedThreadPool$$Lambda$384/0x00000001332e18f0@e0aef1f in QueuedThreadPool[Jetty (JenkinsRule)]@76b41508{STOPPING,8<=0<=200,i=10,r=-1,q=0}[NO_TRY]
18:14:24.130 [Jetty (JenkinsRule)-109] DEBUG org.eclipse.jetty.util.thread.QueuedThreadPool -- Thread[Jetty (JenkinsRule)-109,5,main] exited for QueuedThreadPool[Jetty (JenkinsRule)]@76b41508{STOPPING,8<=0<=200,i=10,r=-1,q=0}[NO_TRY]
18:14:24.129 [Jetty (JenkinsRule)-107] DEBUG org.eclipse.jetty.util.thread.QueuedThreadPool -- run org.eclipse.jetty.util.thread.QueuedThreadPool$$Lambda$384/0x00000001332e18f0@e0aef1f in QueuedThreadPool[Jetty (JenkinsRule)]@76b41508{STOPPING,8<=0<=200,i=10,r=-1,q=0}[NO_TRY]
18:14:24.130 [Executing testGetSecretContextNullAndStoreContextNull(org.conjur.jenkins.conjursecrets.ConjurSecretCredentialImplTest)] DEBUG org.eclipse.jetty.util.thread.QueuedThreadPool -- Waiting for Thread[Jetty (JenkinsRule)-116,5,] for 14999
18:14:24.129 [Jetty (JenkinsRule)-110] DEBUG org.eclipse.jetty.util.thread.QueuedThreadPool -- ran org.eclipse.jetty.util.thread.QueuedThreadPool$$Lambda$384/0x00000001332e18f0@e0aef1f in QueuedThreadPool[Jetty (JenkinsRule)]@76b41508{STOPPING,8<=0<=200,i=10,r=-1,q=0}[NO_TRY]
18:14:24.130 [Executing testGetSecretContextNullAndStoreContextNull(org.conjur.jenkins.conjursecrets.ConjurSecretCredentialImplTest)] DEBUG org.eclipse.jetty.util.thread.QueuedThreadPool -- Waiting for Thread[Jetty (JenkinsRule)-108,5,main] for 14999
18:14:24.130 [Jetty (JenkinsRule)-111] DEBUG org.eclipse.jetty.util.thread.QueuedThreadPool -- Thread[Jetty (JenkinsRule)-111,5,main] exited for QueuedThreadPool[Jetty (JenkinsRule)]@76b41508{STOPPING,8<=0<=200,i=10,r=-1,q=0}[NO_TRY]
18:14:24.130 [Jetty (JenkinsRule)-108] DEBUG org.eclipse.jetty.util.thread.QueuedThreadPool -- ran org.eclipse.jetty.util.thread.QueuedThreadPool$$Lambda$384/0x00000001332e18f0@e0aef1f in QueuedThreadPool[Jetty (JenkinsRule)]@76b41508{STOPPING,8<=0<=200,i=10,r=-1,q=0}[NO_TRY]
18:14:24.130 [Jetty (JenkinsRule)-110] DEBUG org.eclipse.jetty.util.thread.QueuedThreadPool -- Thread[Jetty (JenkinsRule)-110,5,main] exited for QueuedThreadPool[Jetty (JenkinsRule)]@76b41508{STOPPING,8<=0<=200,i=10,r=-1,q=0}[NO_TRY]
18:14:24.130 [Jetty (JenkinsRule)-107] DEBUG org.eclipse.jetty.util.thread.QueuedThreadPool -- ran org.eclipse.jetty.util.thread.QueuedThreadPool$$Lambda$384/0x00000001332e18f0@e0aef1f in QueuedThreadPool[Jetty (JenkinsRule)]@76b41508{STOPPING,8<=0<=200,i=10,r=-1,q=0}[NO_TRY]
18:14:24.130 [Jetty (JenkinsRule)-108] DEBUG org.eclipse.jetty.util.thread.QueuedThreadPool -- Thread[Jetty (JenkinsRule)-108,5,main] exited for QueuedThreadPool[Jetty (JenkinsRule)]@76b41508{STOPPING,8<=0<=200,i=10,r=-1,q=0}[NO_TRY]
18:14:24.130 [Jetty (JenkinsRule)-107] DEBUG org.eclipse.jetty.util.thread.QueuedThreadPool -- Thread[Jetty (JenkinsRule)-107,5,main] exited for QueuedThreadPool[Jetty (JenkinsRule)]@76b41508{STOPPING,8<=0<=200,i=10,r=-1,q=0}[NO_TRY]
18:14:24.130 [Executing testGetSecretContextNullAndStoreContextNull(org.conjur.jenkins.conjursecrets.ConjurSecretCredentialImplTest)] DEBUG org.eclipse.jetty.util.thread.QueuedThreadPool -- Waiting for Thread[Jetty (JenkinsRule)-107,5,main] for 14999
18:14:24.130 [Executing testGetSecretContextNullAndStoreContextNull(org.conjur.jenkins.conjursecrets.ConjurSecretCredentialImplTest)] DEBUG org.eclipse.jetty.util.component.AbstractLifeCycle -- STOPPED QueuedThreadPool[Jetty (JenkinsRule)]@76b41508{STOPPED,8<=0<=200,i=10,r=-1,q=0}[NO_TRY]
18:14:24.130 [Executing testGetSecretContextNullAndStoreContextNull(org.conjur.jenkins.conjursecrets.ConjurSecretCredentialImplTest)] DEBUG org.eclipse.jetty.util.component.AbstractLifeCycle -- STOPPED Server@7c4c7e78{STOPPED}[9.4.48.v20220622]
]]></system-out>
    <system-err><![CDATA[   0.137 [id=106]	INFO	o.jvnet.hudson.test.JenkinsRule#createWebServer: Running on http://localhost:51419/jenkins/
   0.217 [id=121]	INFO	jenkins.InitReactorRunner$1#onAttained: Started initialization
   0.219 [id=136]	INFO	jenkins.InitReactorRunner$1#onAttained: Listed all plugins
   0.528 [id=150]	INFO	jenkins.InitReactorRunner$1#onAttained: Prepared all plugins
   0.531 [id=134]	INFO	jenkins.InitReactorRunner$1#onAttained: Started all plugins
   0.532 [id=134]	INFO	jenkins.InitReactorRunner$1#onAttained: Augmented all extensions
   1.267 [id=124]	INFO	jenkins.InitReactorRunner$1#onAttained: System config loaded
   1.268 [id=141]	INFO	jenkins.InitReactorRunner$1#onAttained: System config adapted
   1.268 [id=144]	INFO	jenkins.InitReactorRunner$1#onAttained: Loaded all jobs
   1.269 [id=144]	INFO	jenkins.InitReactorRunner$1#onAttained: Configuration for all jobs updated
   1.313 [id=143]	INFO	jenkins.InitReactorRunner$1#onAttained: Completed initialization
   1.438 [id=106]	INFO	hudson.lifecycle.Lifecycle#onStatusUpdate: Stopping Jenkins
   1.541 [id=106]	INFO	hudson.lifecycle.Lifecycle#onStatusUpdate: Jenkins stopped
]]></system-err>
  </testcase>
  <testcase name="testGetSecretContextNotNullAndStoreContextNull" classname="org.conjur.jenkins.conjursecrets.ConjurSecretCredentialImplTest" time="1.29">
    <system-out><![CDATA[=== Starting testGetSecretContextNotNullAndStoreContextNull(org.conjur.jenkins.conjursecrets.ConjurSecretCredentialImplTest)
18:14:24.301 [Executing testGetSecretContextNotNullAndStoreContextNull(org.conjur.jenkins.conjursecrets.ConjurSecretCredentialImplTest)] DEBUG org.eclipse.jetty.util.component.ContainerLifeCycle -- QueuedThreadPool[qtp896124760]@3569c758{STOPPED,8<=0<=200,i=0,r=-1,q=0}[NO_TRY] added {org.eclipse.jetty.util.thread.ThreadPoolBudget@3bae2f85,POJO}
18:14:24.301 [Executing testGetSecretContextNotNullAndStoreContextNull(org.conjur.jenkins.conjursecrets.ConjurSecretCredentialImplTest)] DEBUG org.eclipse.jetty.util.component.ContainerLifeCycle -- Server@3f91ac28{STOPPED}[9.4.48.v20220622] added {QueuedThreadPool[Jetty (JenkinsRule)]@3569c758{STOPPED,8<=0<=200,i=0,r=-1,q=0}[NO_TRY],AUTO}
18:14:24.301 [Executing testGetSecretContextNotNullAndStoreContextNull(org.conjur.jenkins.conjursecrets.ConjurSecretCredentialImplTest)] DEBUG org.eclipse.jetty.util.component.ContainerLifeCycle -- o.e.j.w.WebAppContext@7a9325be{/,null,STOPPED} added {SymlinkAllowedResourceAliasChecker@13b7eb3{base=null,protected=null},MANAGED}
18:14:24.301 [Executing testGetSecretContextNotNullAndStoreContextNull(org.conjur.jenkins.conjursecrets.ConjurSecretCredentialImplTest)] DEBUG org.eclipse.jetty.util.DecoratedObjectFactory -- Adding Decorator: org.eclipse.jetty.util.DeprecationWarning@4ba3bb16
18:14:24.302 [Executing testGetSecretContextNotNullAndStoreContextNull(org.conjur.jenkins.conjursecrets.ConjurSecretCredentialImplTest)] DEBUG org.eclipse.jetty.util.component.ContainerLifeCycle -- o.e.j.w.WebAppContext@7a9325be{/jenkins,null,STOPPED} added {org.eclipse.jetty.server.session.SessionHandler2044837542==dftMaxIdleSec=-1,MANAGED}
18:14:24.302 [Executing testGetSecretContextNotNullAndStoreContextNull(org.conjur.jenkins.conjursecrets.ConjurSecretCredentialImplTest)] DEBUG org.eclipse.jetty.util.component.ContainerLifeCycle -- ConstraintSecurityHandler@1abcdaf1{STOPPED} added {org.eclipse.jetty.util.component.DumpableCollection@4028e1f3,POJO}
18:14:24.302 [Executing testGetSecretContextNotNullAndStoreContextNull(org.conjur.jenkins.conjursecrets.ConjurSecretCredentialImplTest)] DEBUG org.eclipse.jetty.util.component.ContainerLifeCycle -- org.eclipse.jetty.server.session.SessionHandler2044837542==dftMaxIdleSec=-1 added {ConstraintSecurityHandler@1abcdaf1{STOPPED},MANAGED}
18:14:24.302 [Executing testGetSecretContextNotNullAndStoreContextNull(org.conjur.jenkins.conjursecrets.ConjurSecretCredentialImplTest)] DEBUG org.eclipse.jetty.util.component.ContainerLifeCycle -- ConstraintSecurityHandler@1abcdaf1{STOPPED} added {ServletHandler@168589eb{STOPPED},MANAGED}
18:14:24.302 [Executing testGetSecretContextNotNullAndStoreContextNull(org.conjur.jenkins.conjursecrets.ConjurSecretCredentialImplTest)] DEBUG org.eclipse.jetty.util.component.ContainerLifeCycle -- o.e.j.w.WebAppContext@7a9325be{/jenkins,null,STOPPED} added {ErrorPageErrorHandler@62e51113{STOPPED},MANAGED}
18:14:24.302 [Executing testGetSecretContextNotNullAndStoreContextNull(org.conjur.jenkins.conjursecrets.ConjurSecretCredentialImplTest)] DEBUG org.eclipse.jetty.util.component.ContainerLifeCycle -- o.e.j.w.WebAppContext@7a9325be{/jenkins,null,STOPPED}{/Users/sameer.shaik/MyWorkSpace/17OctV2.2.3-New-BitBucketIssueFixed/conjur-credentials-plugin/target/jenkins-for-test} added {NoListenerConfiguration@1ef224ec{STOPPED},AUTO}
18:14:24.302 [Executing testGetSecretContextNotNullAndStoreContextNull(org.conjur.jenkins.conjursecrets.ConjurSecretCredentialImplTest)] DEBUG org.eclipse.jetty.util.component.ContainerLifeCycle -- Server@3f91ac28{STOPPED}[9.4.48.v20220622] added {o.e.j.w.WebAppContext@7a9325be{/jenkins,null,STOPPED}{/Users/sameer.shaik/MyWorkSpace/17OctV2.2.3-New-BitBucketIssueFixed/conjur-credentials-plugin/target/jenkins-for-test},MANAGED}
18:14:24.302 [Executing testGetSecretContextNotNullAndStoreContextNull(org.conjur.jenkins.conjursecrets.ConjurSecretCredentialImplTest)] DEBUG org.eclipse.jetty.util.component.ContainerLifeCycle -- HashLoginService@195279b8[null] added {org.eclipse.jetty.security.DefaultIdentityService@23a271a8,POJO}
18:14:24.302 [Executing testGetSecretContextNotNullAndStoreContextNull(org.conjur.jenkins.conjursecrets.ConjurSecretCredentialImplTest)] DEBUG org.eclipse.jetty.util.component.ContainerLifeCycle -- HashLoginService@195279b8[default] added {UserStore@69858146{STOPPED},AUTO}
18:14:24.302 [Executing testGetSecretContextNotNullAndStoreContextNull(org.conjur.jenkins.conjursecrets.ConjurSecretCredentialImplTest)] DEBUG org.eclipse.jetty.util.component.ContainerLifeCycle -- ConstraintSecurityHandler@1abcdaf1{STOPPED} added {HashLoginService@195279b8[default],AUTO}
18:14:24.303 [Executing testGetSecretContextNotNullAndStoreContextNull(org.conjur.jenkins.conjursecrets.ConjurSecretCredentialImplTest)] DEBUG org.eclipse.jetty.util.component.ContainerLifeCycle -- HttpConnectionFactory@4fffcd43[HTTP/1.1] added {HttpConfiguration@2e0a191c{32768/8192,8192/8192,https://:0,[]},POJO}
18:14:24.303 [Executing testGetSecretContextNotNullAndStoreContextNull(org.conjur.jenkins.conjursecrets.ConjurSecretCredentialImplTest)] DEBUG org.eclipse.jetty.util.component.ContainerLifeCycle -- ServerConnector@2b4c49a2{null, ()}{0.0.0.0:0} added {Server@3f91ac28{STOPPED}[9.4.48.v20220622],UNMANAGED}
18:14:24.303 [Executing testGetSecretContextNotNullAndStoreContextNull(org.conjur.jenkins.conjursecrets.ConjurSecretCredentialImplTest)] DEBUG org.eclipse.jetty.util.component.ContainerLifeCycle -- ServerConnector@2b4c49a2{null, ()}{0.0.0.0:0} added {QueuedThreadPool[Jetty (JenkinsRule)]@3569c758{STOPPED,8<=0<=200,i=0,r=-1,q=0}[NO_TRY],AUTO}
18:14:24.303 [Executing testGetSecretContextNotNullAndStoreContextNull(org.conjur.jenkins.conjursecrets.ConjurSecretCredentialImplTest)] DEBUG org.eclipse.jetty.util.component.ContainerLifeCycle -- ServerConnector@2b4c49a2{null, ()}{0.0.0.0:0} added {ScheduledExecutorScheduler@682cb48c{STOPPED},AUTO}
18:14:24.303 [Executing testGetSecretContextNotNullAndStoreContextNull(org.conjur.jenkins.conjursecrets.ConjurSecretCredentialImplTest)] DEBUG org.eclipse.jetty.util.component.ContainerLifeCycle -- ServerConnector@2b4c49a2{null, ()}{0.0.0.0:0} added {ArrayByteBufferPool@5988f91f{minBufferCapacity=0, maxBufferCapacity=65536, maxQueueLength=-1, factor=1024},POJO}
18:14:24.303 [Executing testGetSecretContextNotNullAndStoreContextNull(org.conjur.jenkins.conjursecrets.ConjurSecretCredentialImplTest)] DEBUG org.eclipse.jetty.util.component.ContainerLifeCycle -- ServerConnector@2b4c49a2{null, (http/1.1)}{0.0.0.0:0} added {HttpConnectionFactory@4fffcd43[HTTP/1.1],AUTO}
18:14:24.304 [Executing testGetSecretContextNotNullAndStoreContextNull(org.conjur.jenkins.conjursecrets.ConjurSecretCredentialImplTest)] DEBUG org.eclipse.jetty.server.AbstractConnector -- ServerConnector@2b4c49a2{HTTP/1.1, (http/1.1)}{0.0.0.0:0} added HttpConnectionFactory@4fffcd43[HTTP/1.1]
18:14:24.304 [Executing testGetSecretContextNotNullAndStoreContextNull(org.conjur.jenkins.conjursecrets.ConjurSecretCredentialImplTest)] DEBUG org.eclipse.jetty.util.component.ContainerLifeCycle -- ServerConnector@2b4c49a2{HTTP/1.1, (http/1.1)}{0.0.0.0:0} added {SelectorManager@ServerConnector@2b4c49a2{HTTP/1.1, (http/1.1)}{0.0.0.0:0},MANAGED}
18:14:24.304 [Executing testGetSecretContextNotNullAndStoreContextNull(org.conjur.jenkins.conjursecrets.ConjurSecretCredentialImplTest)] DEBUG org.eclipse.jetty.util.component.ContainerLifeCycle -- Server@3f91ac28{STOPPED}[9.4.48.v20220622] added {ServerConnector@2b4c49a2{HTTP/1.1, (http/1.1)}{localhost:0},AUTO}
18:14:24.304 [Executing testGetSecretContextNotNullAndStoreContextNull(org.conjur.jenkins.conjursecrets.ConjurSecretCredentialImplTest)] DEBUG org.eclipse.jetty.util.component.AbstractLifeCycle -- starting Server@3f91ac28{STOPPED}[9.4.48.v20220622]
18:14:24.304 [Executing testGetSecretContextNotNullAndStoreContextNull(org.conjur.jenkins.conjursecrets.ConjurSecretCredentialImplTest)] DEBUG org.eclipse.jetty.util.component.ContainerLifeCycle -- Server@3f91ac28{STARTING}[9.4.48.v20220622] added {ErrorHandler@2734c9cb{STOPPED},AUTO}
18:14:24.304 [Executing testGetSecretContextNotNullAndStoreContextNull(org.conjur.jenkins.conjursecrets.ConjurSecretCredentialImplTest)] INFO org.eclipse.jetty.server.Server -- jetty-9.4.48.v20220622; built: 2022-06-21T20:42:25.880Z; git: 6b67c5719d1f4371b33655ff2d047d24e171e49a; jvm 17.0.11+9-adhoc.admin.jdk17u
18:14:24.304 [Executing testGetSecretContextNotNullAndStoreContextNull(org.conjur.jenkins.conjursecrets.ConjurSecretCredentialImplTest)] DEBUG org.eclipse.jetty.server.handler.AbstractHandler -- starting Server@3f91ac28{STARTING}[9.4.48.v20220622]
18:14:24.304 [Executing testGetSecretContextNotNullAndStoreContextNull(org.conjur.jenkins.conjursecrets.ConjurSecretCredentialImplTest)] DEBUG org.eclipse.jetty.util.component.AbstractLifeCycle -- starting QueuedThreadPool[Jetty (JenkinsRule)]@3569c758{STOPPED,8<=0<=200,i=0,r=-1,q=0}[NO_TRY]
18:14:24.304 [Executing testGetSecretContextNotNullAndStoreContextNull(org.conjur.jenkins.conjursecrets.ConjurSecretCredentialImplTest)] DEBUG org.eclipse.jetty.util.thread.ReservedThreadExecutor -- ReservedThreadExecutor@6e7c95d6{reserved=0/16,pending=0}
18:14:24.304 [Executing testGetSecretContextNotNullAndStoreContextNull(org.conjur.jenkins.conjursecrets.ConjurSecretCredentialImplTest)] DEBUG org.eclipse.jetty.util.component.ContainerLifeCycle -- QueuedThreadPool[Jetty (JenkinsRule)]@3569c758{STARTING,8<=0<=200,i=0,r=-1,q=0}[ReservedThreadExecutor@6e7c95d6{reserved=0/16,pending=0}] added {ReservedThreadExecutor@6e7c95d6{reserved=0/16,pending=0},AUTO}
18:14:24.304 [Executing testGetSecretContextNotNullAndStoreContextNull(org.conjur.jenkins.conjursecrets.ConjurSecretCredentialImplTest)] DEBUG org.eclipse.jetty.util.component.AbstractLifeCycle -- starting ReservedThreadExecutor@6e7c95d6{reserved=0/16,pending=0}
18:14:24.304 [Executing testGetSecretContextNotNullAndStoreContextNull(org.conjur.jenkins.conjursecrets.ConjurSecretCredentialImplTest)] DEBUG org.eclipse.jetty.util.component.AbstractLifeCycle -- STARTED @14862ms ReservedThreadExecutor@6e7c95d6{reserved=0/16,pending=0}
18:14:24.304 [Executing testGetSecretContextNotNullAndStoreContextNull(org.conjur.jenkins.conjursecrets.ConjurSecretCredentialImplTest)] DEBUG org.eclipse.jetty.util.thread.QueuedThreadPool -- Starting Thread[Jetty (JenkinsRule)-170,5,main]
18:14:24.305 [Executing testGetSecretContextNotNullAndStoreContextNull(org.conjur.jenkins.conjursecrets.ConjurSecretCredentialImplTest)] DEBUG org.eclipse.jetty.util.thread.QueuedThreadPool -- Starting Thread[Jetty (JenkinsRule)-171,5,main]
18:14:24.305 [Jetty (JenkinsRule)-170] DEBUG org.eclipse.jetty.util.thread.QueuedThreadPool -- Runner started for QueuedThreadPool[Jetty (JenkinsRule)]@3569c758{STARTING,8<=2<=200,i=2,r=-1,q=0}[ReservedThreadExecutor@6e7c95d6{reserved=0/16,pending=0}]
18:14:24.305 [Executing testGetSecretContextNotNullAndStoreContextNull(org.conjur.jenkins.conjursecrets.ConjurSecretCredentialImplTest)] DEBUG org.eclipse.jetty.util.thread.QueuedThreadPool -- Starting Thread[Jetty (JenkinsRule)-172,5,main]
18:14:24.305 [Jetty (JenkinsRule)-171] DEBUG org.eclipse.jetty.util.thread.QueuedThreadPool -- Runner started for QueuedThreadPool[Jetty (JenkinsRule)]@3569c758{STARTING,8<=3<=200,i=3,r=-1,q=0}[ReservedThreadExecutor@6e7c95d6{reserved=0/16,pending=0}]
18:14:24.305 [Executing testGetSecretContextNotNullAndStoreContextNull(org.conjur.jenkins.conjursecrets.ConjurSecretCredentialImplTest)] DEBUG org.eclipse.jetty.util.thread.QueuedThreadPool -- Starting Thread[Jetty (JenkinsRule)-173,5,main]
18:14:24.305 [Jetty (JenkinsRule)-172] DEBUG org.eclipse.jetty.util.thread.QueuedThreadPool -- Runner started for QueuedThreadPool[Jetty (JenkinsRule)]@3569c758{STARTING,8<=4<=200,i=4,r=-1,q=0}[ReservedThreadExecutor@6e7c95d6{reserved=0/16,pending=0}]
18:14:24.305 [Executing testGetSecretContextNotNullAndStoreContextNull(org.conjur.jenkins.conjursecrets.ConjurSecretCredentialImplTest)] DEBUG org.eclipse.jetty.util.thread.QueuedThreadPool -- Starting Thread[Jetty (JenkinsRule)-174,5,main]
18:14:24.305 [Jetty (JenkinsRule)-173] DEBUG org.eclipse.jetty.util.thread.QueuedThreadPool -- Runner started for QueuedThreadPool[Jetty (JenkinsRule)]@3569c758{STARTING,8<=5<=200,i=5,r=-1,q=0}[ReservedThreadExecutor@6e7c95d6{reserved=0/16,pending=0}]
18:14:24.306 [Executing testGetSecretContextNotNullAndStoreContextNull(org.conjur.jenkins.conjursecrets.ConjurSecretCredentialImplTest)] DEBUG org.eclipse.jetty.util.thread.QueuedThreadPool -- Starting Thread[Jetty (JenkinsRule)-175,5,main]
18:14:24.306 [Jetty (JenkinsRule)-174] DEBUG org.eclipse.jetty.util.thread.QueuedThreadPool -- Runner started for QueuedThreadPool[Jetty (JenkinsRule)]@3569c758{STARTING,8<=6<=200,i=6,r=-1,q=0}[ReservedThreadExecutor@6e7c95d6{reserved=0/16,pending=0}]
18:14:24.306 [Executing testGetSecretContextNotNullAndStoreContextNull(org.conjur.jenkins.conjursecrets.ConjurSecretCredentialImplTest)] DEBUG org.eclipse.jetty.util.thread.QueuedThreadPool -- Starting Thread[Jetty (JenkinsRule)-176,5,main]
18:14:24.306 [Jetty (JenkinsRule)-175] DEBUG org.eclipse.jetty.util.thread.QueuedThreadPool -- Runner started for QueuedThreadPool[Jetty (JenkinsRule)]@3569c758{STARTING,8<=7<=200,i=7,r=-1,q=0}[ReservedThreadExecutor@6e7c95d6{reserved=0/16,pending=0}]
18:14:24.306 [Executing testGetSecretContextNotNullAndStoreContextNull(org.conjur.jenkins.conjursecrets.ConjurSecretCredentialImplTest)] DEBUG org.eclipse.jetty.util.thread.QueuedThreadPool -- Starting Thread[Jetty (JenkinsRule)-177,5,main]
18:14:24.306 [Jetty (JenkinsRule)-176] DEBUG org.eclipse.jetty.util.thread.QueuedThreadPool -- Runner started for QueuedThreadPool[Jetty (JenkinsRule)]@3569c758{STARTING,8<=8<=200,i=8,r=-1,q=0}[ReservedThreadExecutor@6e7c95d6{reserved=0/16,pending=0}]
18:14:24.306 [Executing testGetSecretContextNotNullAndStoreContextNull(org.conjur.jenkins.conjursecrets.ConjurSecretCredentialImplTest)] DEBUG org.eclipse.jetty.util.component.AbstractLifeCycle -- STARTED @14864ms QueuedThreadPool[Jetty (JenkinsRule)]@3569c758{STARTED,8<=8<=200,i=8,r=-1,q=0}[ReservedThreadExecutor@6e7c95d6{reserved=0/16,pending=0}]
18:14:24.306 [Jetty (JenkinsRule)-177] DEBUG org.eclipse.jetty.util.thread.QueuedThreadPool -- Runner started for QueuedThreadPool[Jetty (JenkinsRule)]@3569c758{STARTED,8<=8<=200,i=8,r=-1,q=0}[ReservedThreadExecutor@6e7c95d6{reserved=0/16,pending=0}]
18:14:24.306 [Executing testGetSecretContextNotNullAndStoreContextNull(org.conjur.jenkins.conjursecrets.ConjurSecretCredentialImplTest)] DEBUG org.eclipse.jetty.util.component.AbstractLifeCycle -- starting o.e.j.w.WebAppContext@7a9325be{/jenkins,file:///Users/sameer.shaik/MyWorkSpace/17OctV2.2.3-New-BitBucketIssueFixed/conjur-credentials-plugin/target/jenkins-for-test/,STOPPED}{/Users/sameer.shaik/MyWorkSpace/17OctV2.2.3-New-BitBucketIssueFixed/conjur-credentials-plugin/target/jenkins-for-test}
18:14:24.307 [Executing testGetSecretContextNotNullAndStoreContextNull(org.conjur.jenkins.conjursecrets.ConjurSecretCredentialImplTest)] DEBUG org.eclipse.jetty.webapp.WebAppContext -- Thread Context classloader jdk.internal.loader.ClassLoaders$AppClassLoader@5ffd2b27
18:14:24.307 [Executing testGetSecretContextNotNullAndStoreContextNull(org.conjur.jenkins.conjursecrets.ConjurSecretCredentialImplTest)] DEBUG org.eclipse.jetty.webapp.WebAppContext -- Parent class loader: jdk.internal.loader.ClassLoaders$PlatformClassLoader@41de5768 
18:14:24.307 [Executing testGetSecretContextNotNullAndStoreContextNull(org.conjur.jenkins.conjursecrets.ConjurSecretCredentialImplTest)] DEBUG org.eclipse.jetty.webapp.WebAppContext -- preConfigure o.e.j.w.WebAppContext@7a9325be{/jenkins,file:///Users/sameer.shaik/MyWorkSpace/17OctV2.2.3-New-BitBucketIssueFixed/conjur-credentials-plugin/target/jenkins-for-test/,STOPPED}{/Users/sameer.shaik/MyWorkSpace/17OctV2.2.3-New-BitBucketIssueFixed/conjur-credentials-plugin/target/jenkins-for-test} with org.eclipse.jetty.webapp.WebXmlConfiguration@18511bc7
18:14:24.310 [Executing testGetSecretContextNotNullAndStoreContextNull(org.conjur.jenkins.conjursecrets.ConjurSecretCredentialImplTest)] DEBUG org.eclipse.jetty.webapp.WebDescriptor -- jar:file:/Users/sameer.shaik/.m2/repository/org/eclipse/jetty/jetty-webapp/9.4.48.v20220622/jetty-webapp-9.4.48.v20220622.jar!/org/eclipse/jetty/webapp/webdefault.xml: Calculated metadatacomplete = False with version=3.1
18:14:24.312 [Executing testGetSecretContextNotNullAndStoreContextNull(org.conjur.jenkins.conjursecrets.ConjurSecretCredentialImplTest)] DEBUG org.eclipse.jetty.webapp.WebDescriptor -- file:///Users/sameer.shaik/MyWorkSpace/17OctV2.2.3-New-BitBucketIssueFixed/conjur-credentials-plugin/target/jenkins-for-test/WEB-INF/web.xml: Calculated metadatacomplete = True with version=3.1
18:14:24.312 [Executing testGetSecretContextNotNullAndStoreContextNull(org.conjur.jenkins.conjursecrets.ConjurSecretCredentialImplTest)] DEBUG org.eclipse.jetty.webapp.WebAppContext -- configure o.e.j.w.WebAppContext@7a9325be{/jenkins,file:///Users/sameer.shaik/MyWorkSpace/17OctV2.2.3-New-BitBucketIssueFixed/conjur-credentials-plugin/target/jenkins-for-test/,STARTING}{/Users/sameer.shaik/MyWorkSpace/17OctV2.2.3-New-BitBucketIssueFixed/conjur-credentials-plugin/target/jenkins-for-test} with org.eclipse.jetty.webapp.WebXmlConfiguration@18511bc7
18:14:24.313 [Executing testGetSecretContextNotNullAndStoreContextNull(org.conjur.jenkins.conjursecrets.ConjurSecretCredentialImplTest)] DEBUG org.eclipse.jetty.webapp.MetaData -- metadata resolve o.e.j.w.WebAppContext@7a9325be{/jenkins,file:///Users/sameer.shaik/MyWorkSpace/17OctV2.2.3-New-BitBucketIssueFixed/conjur-credentials-plugin/target/jenkins-for-test/,STARTING}{/Users/sameer.shaik/MyWorkSpace/17OctV2.2.3-New-BitBucketIssueFixed/conjur-credentials-plugin/target/jenkins-for-test}
18:14:24.313 [Executing testGetSecretContextNotNullAndStoreContextNull(org.conjur.jenkins.conjursecrets.ConjurSecretCredentialImplTest)] DEBUG org.eclipse.jetty.util.component.ContainerLifeCycle -- ServletHandler@168589eb{STOPPED} added {org.eclipse.jetty.servlet.listener.ELContextCleaner@67682a4a{src=DESCRIPTOR:jar:file:/Users/sameer.shaik/.m2/repository/org/eclipse/jetty/jetty-webapp/9.4.48.v20220622/jetty-webapp-9.4.48.v20220622.jar!/org/eclipse/jetty/webapp/webdefault.xml},AUTO}
18:14:24.313 [Executing testGetSecretContextNotNullAndStoreContextNull(org.conjur.jenkins.conjursecrets.ConjurSecretCredentialImplTest)] DEBUG org.eclipse.jetty.util.component.ContainerLifeCycle -- ServletHandler@168589eb{STOPPED} added {org.eclipse.jetty.servlet.listener.IntrospectorCleaner@77f78a43{src=DESCRIPTOR:jar:file:/Users/sameer.shaik/.m2/repository/org/eclipse/jetty/jetty-webapp/9.4.48.v20220622/jetty-webapp-9.4.48.v20220622.jar!/org/eclipse/jetty/webapp/webdefault.xml},AUTO}
18:14:24.313 [Executing testGetSecretContextNotNullAndStoreContextNull(org.conjur.jenkins.conjursecrets.ConjurSecretCredentialImplTest)] DEBUG org.eclipse.jetty.webapp.StandardDescriptorProcessor -- Added mapping [/]=>default 
18:14:24.314 [Executing testGetSecretContextNotNullAndStoreContextNull(org.conjur.jenkins.conjursecrets.ConjurSecretCredentialImplTest)] INFO org.eclipse.jetty.webapp.StandardDescriptorProcessor -- NO JSP Support for /jenkins, did not find org.eclipse.jetty.jsp.JettyJspServlet
18:14:24.314 [Executing testGetSecretContextNotNullAndStoreContextNull(org.conjur.jenkins.conjursecrets.ConjurSecretCredentialImplTest)] DEBUG org.eclipse.jetty.webapp.StandardDescriptorProcessor -- Added mapping [*.jsp, *.jspf, *.jspx, *.xsp, *.JSP, *.JSPF, *.JSPX, *.XSP]=>jsp 
18:14:24.314 [Executing testGetSecretContextNotNullAndStoreContextNull(org.conjur.jenkins.conjursecrets.ConjurSecretCredentialImplTest)] DEBUG org.eclipse.jetty.server.session -- SessionManager default maxInactiveInterval=1800
18:14:24.315 [Executing testGetSecretContextNotNullAndStoreContextNull(org.conjur.jenkins.conjursecrets.ConjurSecretCredentialImplTest)] DEBUG org.eclipse.jetty.util.component.ContainerLifeCycle -- ServletHandler@168589eb{STOPPED} added {default==org.eclipse.jetty.servlet.DefaultServlet@5c13d641{jsp=null,order=0,inst=false,async=false,src=DESCRIPTOR:jar:file:/Users/sameer.shaik/.m2/repository/org/eclipse/jetty/jetty-webapp/9.4.48.v20220622/jetty-webapp-9.4.48.v20220622.jar!/org/eclipse/jetty/webapp/webdefault.xml,STOPPED},AUTO}
18:14:24.315 [Executing testGetSecretContextNotNullAndStoreContextNull(org.conjur.jenkins.conjursecrets.ConjurSecretCredentialImplTest)] DEBUG org.eclipse.jetty.util.component.ContainerLifeCycle -- ServletHandler@168589eb{STOPPED} added {jsp==org.eclipse.jetty.servlet.NoJspServlet@19c47{jsp=null,order=0,inst=false,async=false,src=DESCRIPTOR:jar:file:/Users/sameer.shaik/.m2/repository/org/eclipse/jetty/jetty-webapp/9.4.48.v20220622/jetty-webapp-9.4.48.v20220622.jar!/org/eclipse/jetty/webapp/webdefault.xml,STOPPED},AUTO}
18:14:24.315 [Executing testGetSecretContextNotNullAndStoreContextNull(org.conjur.jenkins.conjursecrets.ConjurSecretCredentialImplTest)] DEBUG org.eclipse.jetty.util.component.ContainerLifeCycle -- ServletHandler@168589eb{STOPPED} added {[/]=>default,POJO}
18:14:24.315 [Executing testGetSecretContextNotNullAndStoreContextNull(org.conjur.jenkins.conjursecrets.ConjurSecretCredentialImplTest)] DEBUG org.eclipse.jetty.util.component.ContainerLifeCycle -- ServletHandler@168589eb{STOPPED} added {[*.jsp, *.jspf, *.jspx, *.xsp, *.JSP, *.JSPF, *.JSPX, *.XSP]=>jsp,POJO}
18:14:24.315 [Executing testGetSecretContextNotNullAndStoreContextNull(org.conjur.jenkins.conjursecrets.ConjurSecretCredentialImplTest)] DEBUG org.eclipse.jetty.webapp.StandardDescriptorProcessor -- Added mapping [/*]=>Stapler 
18:14:24.315 [Executing testGetSecretContextNotNullAndStoreContextNull(org.conjur.jenkins.conjursecrets.ConjurSecretCredentialImplTest)] DEBUG org.eclipse.jetty.util.component.ContainerLifeCycle -- ServletHandler@168589eb{STOPPED} added {jenkins.util.SystemProperties$Listener@5c838710{src=DESCRIPTOR:file:///Users/sameer.shaik/MyWorkSpace/17OctV2.2.3-New-BitBucketIssueFixed/conjur-credentials-plugin/target/jenkins-for-test/WEB-INF/web.xml},AUTO}
18:14:24.316 [Executing testGetSecretContextNotNullAndStoreContextNull(org.conjur.jenkins.conjursecrets.ConjurSecretCredentialImplTest)] DEBUG org.eclipse.jetty.util.component.ContainerLifeCycle -- ServletHandler@168589eb{STOPPED} added {hudson.WebAppMain@47f2f696{src=DESCRIPTOR:file:///Users/sameer.shaik/MyWorkSpace/17OctV2.2.3-New-BitBucketIssueFixed/conjur-credentials-plugin/target/jenkins-for-test/WEB-INF/web.xml},AUTO}
18:14:24.316 [Executing testGetSecretContextNotNullAndStoreContextNull(org.conjur.jenkins.conjursecrets.ConjurSecretCredentialImplTest)] DEBUG org.eclipse.jetty.util.component.ContainerLifeCycle -- ServletHandler@168589eb{STOPPED} added {jenkins.JenkinsHttpSessionListener@61eeae58{src=DESCRIPTOR:file:///Users/sameer.shaik/MyWorkSpace/17OctV2.2.3-New-BitBucketIssueFixed/conjur-credentials-plugin/target/jenkins-for-test/WEB-INF/web.xml},AUTO}
18:14:24.316 [Executing testGetSecretContextNotNullAndStoreContextNull(org.conjur.jenkins.conjursecrets.ConjurSecretCredentialImplTest)] DEBUG org.eclipse.jetty.util.component.ContainerLifeCycle -- ServletHandler@168589eb{STOPPED} added {suspicious-request-filter==jenkins.security.SuspiciousRequestFilter@2a8085b4{inst=false,async=true,src=DESCRIPTOR:file:///Users/sameer.shaik/MyWorkSpace/17OctV2.2.3-New-BitBucketIssueFixed/conjur-credentials-plugin/target/jenkins-for-test/WEB-INF/web.xml},AUTO}
18:14:24.316 [Executing testGetSecretContextNotNullAndStoreContextNull(org.conjur.jenkins.conjursecrets.ConjurSecretCredentialImplTest)] DEBUG org.eclipse.jetty.util.component.ContainerLifeCycle -- ServletHandler@168589eb{STOPPED} added {diagnostic-name-filter==org.kohsuke.stapler.DiagnosticThreadNameFilter@6a7b3cf3{inst=false,async=true,src=DESCRIPTOR:file:///Users/sameer.shaik/MyWorkSpace/17OctV2.2.3-New-BitBucketIssueFixed/conjur-credentials-plugin/target/jenkins-for-test/WEB-INF/web.xml},AUTO}
18:14:24.316 [Executing testGetSecretContextNotNullAndStoreContextNull(org.conjur.jenkins.conjursecrets.ConjurSecretCredentialImplTest)] DEBUG org.eclipse.jetty.util.component.ContainerLifeCycle -- ServletHandler@168589eb{STOPPED} added {encoding-filter==hudson.util.CharacterEncodingFilter@3a6d316c{inst=false,async=true,src=DESCRIPTOR:file:///Users/sameer.shaik/MyWorkSpace/17OctV2.2.3-New-BitBucketIssueFixed/conjur-credentials-plugin/target/jenkins-for-test/WEB-INF/web.xml},AUTO}
18:14:24.317 [Executing testGetSecretContextNotNullAndStoreContextNull(org.conjur.jenkins.conjursecrets.ConjurSecretCredentialImplTest)] DEBUG org.eclipse.jetty.util.component.ContainerLifeCycle -- ServletHandler@168589eb{STOPPED} added {compression-filter==org.kohsuke.stapler.compression.CompressionFilter@2e65c417{inst=false,async=true,src=DESCRIPTOR:file:///Users/sameer.shaik/MyWorkSpace/17OctV2.2.3-New-BitBucketIssueFixed/conjur-credentials-plugin/target/jenkins-for-test/WEB-INF/web.xml},AUTO}
18:14:24.317 [Executing testGetSecretContextNotNullAndStoreContextNull(org.conjur.jenkins.conjursecrets.ConjurSecretCredentialImplTest)] DEBUG org.eclipse.jetty.util.component.ContainerLifeCycle -- ServletHandler@168589eb{STOPPED} added {authentication-filter==hudson.security.HudsonFilter@e6594a{inst=false,async=true,src=DESCRIPTOR:file:///Users/sameer.shaik/MyWorkSpace/17OctV2.2.3-New-BitBucketIssueFixed/conjur-credentials-plugin/target/jenkins-for-test/WEB-INF/web.xml},AUTO}
18:14:24.317 [Executing testGetSecretContextNotNullAndStoreContextNull(org.conjur.jenkins.conjursecrets.ConjurSecretCredentialImplTest)] DEBUG org.eclipse.jetty.util.component.ContainerLifeCycle -- ServletHandler@168589eb{STOPPED} added {csrf-filter==hudson.security.csrf.CrumbFilter@33c97101{inst=false,async=true,src=DESCRIPTOR:file:///Users/sameer.shaik/MyWorkSpace/17OctV2.2.3-New-BitBucketIssueFixed/conjur-credentials-plugin/target/jenkins-for-test/WEB-INF/web.xml},AUTO}
18:14:24.317 [Executing testGetSecretContextNotNullAndStoreContextNull(org.conjur.jenkins.conjursecrets.ConjurSecretCredentialImplTest)] DEBUG org.eclipse.jetty.util.component.ContainerLifeCycle -- ServletHandler@168589eb{STOPPED} added {plugins-filter==hudson.util.PluginServletFilter@607cc045{inst=false,async=true,src=DESCRIPTOR:file:///Users/sameer.shaik/MyWorkSpace/17OctV2.2.3-New-BitBucketIssueFixed/conjur-credentials-plugin/target/jenkins-for-test/WEB-INF/web.xml},AUTO}
18:14:24.317 [Executing testGetSecretContextNotNullAndStoreContextNull(org.conjur.jenkins.conjursecrets.ConjurSecretCredentialImplTest)] DEBUG org.eclipse.jetty.util.component.ContainerLifeCycle -- ServletHandler@168589eb{STOPPED} added {Stapler==org.kohsuke.stapler.Stapler@f222d1a9{jsp=null,order=-1,inst=false,async=true,src=DESCRIPTOR:file:///Users/sameer.shaik/MyWorkSpace/17OctV2.2.3-New-BitBucketIssueFixed/conjur-credentials-plugin/target/jenkins-for-test/WEB-INF/web.xml,STOPPED},AUTO}
18:14:24.317 [Executing testGetSecretContextNotNullAndStoreContextNull(org.conjur.jenkins.conjursecrets.ConjurSecretCredentialImplTest)] DEBUG org.eclipse.jetty.util.component.ContainerLifeCycle -- ServletHandler@168589eb{STOPPED} added {[/*]/[]/[REQUEST]=>suspicious-request-filter,POJO}
18:14:24.317 [Executing testGetSecretContextNotNullAndStoreContextNull(org.conjur.jenkins.conjursecrets.ConjurSecretCredentialImplTest)] DEBUG org.eclipse.jetty.util.component.ContainerLifeCycle -- ServletHandler@168589eb{STOPPED} added {[/*]/[]/[REQUEST]=>diagnostic-name-filter,POJO}
18:14:24.317 [Executing testGetSecretContextNotNullAndStoreContextNull(org.conjur.jenkins.conjursecrets.ConjurSecretCredentialImplTest)] DEBUG org.eclipse.jetty.util.component.ContainerLifeCycle -- ServletHandler@168589eb{STOPPED} added {[/*]/[]/[REQUEST]=>encoding-filter,POJO}
18:14:24.317 [Executing testGetSecretContextNotNullAndStoreContextNull(org.conjur.jenkins.conjursecrets.ConjurSecretCredentialImplTest)] DEBUG org.eclipse.jetty.util.component.ContainerLifeCycle -- ServletHandler@168589eb{STOPPED} added {[/*]/[]/[REQUEST]=>compression-filter,POJO}
18:14:24.317 [Executing testGetSecretContextNotNullAndStoreContextNull(org.conjur.jenkins.conjursecrets.ConjurSecretCredentialImplTest)] DEBUG org.eclipse.jetty.util.component.ContainerLifeCycle -- ServletHandler@168589eb{STOPPED} added {[/*]/[]/[REQUEST]=>authentication-filter,POJO}
18:14:24.317 [Executing testGetSecretContextNotNullAndStoreContextNull(org.conjur.jenkins.conjursecrets.ConjurSecretCredentialImplTest)] DEBUG org.eclipse.jetty.util.component.ContainerLifeCycle -- ServletHandler@168589eb{STOPPED} added {[/*]/[]/[REQUEST]=>csrf-filter,POJO}
18:14:24.317 [Executing testGetSecretContextNotNullAndStoreContextNull(org.conjur.jenkins.conjursecrets.ConjurSecretCredentialImplTest)] DEBUG org.eclipse.jetty.util.component.ContainerLifeCycle -- ServletHandler@168589eb{STOPPED} added {[/*]/[]/[REQUEST]=>plugins-filter,POJO}
18:14:24.317 [Executing testGetSecretContextNotNullAndStoreContextNull(org.conjur.jenkins.conjursecrets.ConjurSecretCredentialImplTest)] DEBUG org.eclipse.jetty.util.component.ContainerLifeCycle -- ServletHandler@168589eb{STOPPED} added {[/*]=>Stapler,POJO}
18:14:24.317 [Executing testGetSecretContextNotNullAndStoreContextNull(org.conjur.jenkins.conjursecrets.ConjurSecretCredentialImplTest)] DEBUG org.eclipse.jetty.util.component.AbstractLifeCycle -- starting org.eclipse.jetty.servlet.listener.ELContextCleaner@67682a4a{src=DESCRIPTOR:jar:file:/Users/sameer.shaik/.m2/repository/org/eclipse/jetty/jetty-webapp/9.4.48.v20220622/jetty-webapp-9.4.48.v20220622.jar!/org/eclipse/jetty/webapp/webdefault.xml}
18:14:24.317 [Executing testGetSecretContextNotNullAndStoreContextNull(org.conjur.jenkins.conjursecrets.ConjurSecretCredentialImplTest)] DEBUG org.eclipse.jetty.servlet.BaseHolder -- Holding class org.eclipse.jetty.servlet.listener.ELContextCleaner from jdk.internal.loader.ClassLoaders$AppClassLoader@5ffd2b27
18:14:24.318 [Executing testGetSecretContextNotNullAndStoreContextNull(org.conjur.jenkins.conjursecrets.ConjurSecretCredentialImplTest)] DEBUG org.eclipse.jetty.util.component.AbstractLifeCycle -- STARTED @14875ms org.eclipse.jetty.servlet.listener.ELContextCleaner@67682a4a{src=DESCRIPTOR:jar:file:/Users/sameer.shaik/.m2/repository/org/eclipse/jetty/jetty-webapp/9.4.48.v20220622/jetty-webapp-9.4.48.v20220622.jar!/org/eclipse/jetty/webapp/webdefault.xml}
18:14:24.318 [Executing testGetSecretContextNotNullAndStoreContextNull(org.conjur.jenkins.conjursecrets.ConjurSecretCredentialImplTest)] DEBUG org.eclipse.jetty.util.component.AbstractLifeCycle -- starting org.eclipse.jetty.servlet.listener.IntrospectorCleaner@77f78a43{src=DESCRIPTOR:jar:file:/Users/sameer.shaik/.m2/repository/org/eclipse/jetty/jetty-webapp/9.4.48.v20220622/jetty-webapp-9.4.48.v20220622.jar!/org/eclipse/jetty/webapp/webdefault.xml}
18:14:24.318 [Executing testGetSecretContextNotNullAndStoreContextNull(org.conjur.jenkins.conjursecrets.ConjurSecretCredentialImplTest)] DEBUG org.eclipse.jetty.servlet.BaseHolder -- Holding class org.eclipse.jetty.servlet.listener.IntrospectorCleaner from jdk.internal.loader.ClassLoaders$AppClassLoader@5ffd2b27
18:14:24.318 [Executing testGetSecretContextNotNullAndStoreContextNull(org.conjur.jenkins.conjursecrets.ConjurSecretCredentialImplTest)] DEBUG org.eclipse.jetty.util.component.AbstractLifeCycle -- STARTED @14875ms org.eclipse.jetty.servlet.listener.IntrospectorCleaner@77f78a43{src=DESCRIPTOR:jar:file:/Users/sameer.shaik/.m2/repository/org/eclipse/jetty/jetty-webapp/9.4.48.v20220622/jetty-webapp-9.4.48.v20220622.jar!/org/eclipse/jetty/webapp/webdefault.xml}
18:14:24.318 [Executing testGetSecretContextNotNullAndStoreContextNull(org.conjur.jenkins.conjursecrets.ConjurSecretCredentialImplTest)] DEBUG org.eclipse.jetty.util.component.AbstractLifeCycle -- starting jenkins.util.SystemProperties$Listener@5c838710{src=DESCRIPTOR:file:///Users/sameer.shaik/MyWorkSpace/17OctV2.2.3-New-BitBucketIssueFixed/conjur-credentials-plugin/target/jenkins-for-test/WEB-INF/web.xml}
18:14:24.318 [Executing testGetSecretContextNotNullAndStoreContextNull(org.conjur.jenkins.conjursecrets.ConjurSecretCredentialImplTest)] DEBUG org.eclipse.jetty.servlet.BaseHolder -- Holding class jenkins.util.SystemProperties$Listener from jdk.internal.loader.ClassLoaders$AppClassLoader@5ffd2b27
18:14:24.318 [Executing testGetSecretContextNotNullAndStoreContextNull(org.conjur.jenkins.conjursecrets.ConjurSecretCredentialImplTest)] DEBUG org.eclipse.jetty.util.component.AbstractLifeCycle -- STARTED @14876ms jenkins.util.SystemProperties$Listener@5c838710{src=DESCRIPTOR:file:///Users/sameer.shaik/MyWorkSpace/17OctV2.2.3-New-BitBucketIssueFixed/conjur-credentials-plugin/target/jenkins-for-test/WEB-INF/web.xml}
18:14:24.318 [Executing testGetSecretContextNotNullAndStoreContextNull(org.conjur.jenkins.conjursecrets.ConjurSecretCredentialImplTest)] DEBUG org.eclipse.jetty.util.component.AbstractLifeCycle -- starting hudson.WebAppMain@47f2f696{src=DESCRIPTOR:file:///Users/sameer.shaik/MyWorkSpace/17OctV2.2.3-New-BitBucketIssueFixed/conjur-credentials-plugin/target/jenkins-for-test/WEB-INF/web.xml}
18:14:24.318 [Executing testGetSecretContextNotNullAndStoreContextNull(org.conjur.jenkins.conjursecrets.ConjurSecretCredentialImplTest)] DEBUG org.eclipse.jetty.servlet.BaseHolder -- Holding class hudson.WebAppMain from jdk.internal.loader.ClassLoaders$AppClassLoader@5ffd2b27
18:14:24.318 [Executing testGetSecretContextNotNullAndStoreContextNull(org.conjur.jenkins.conjursecrets.ConjurSecretCredentialImplTest)] DEBUG org.eclipse.jetty.util.component.AbstractLifeCycle -- STARTED @14876ms hudson.WebAppMain@47f2f696{src=DESCRIPTOR:file:///Users/sameer.shaik/MyWorkSpace/17OctV2.2.3-New-BitBucketIssueFixed/conjur-credentials-plugin/target/jenkins-for-test/WEB-INF/web.xml}
18:14:24.318 [Executing testGetSecretContextNotNullAndStoreContextNull(org.conjur.jenkins.conjursecrets.ConjurSecretCredentialImplTest)] DEBUG org.eclipse.jetty.util.component.AbstractLifeCycle -- starting jenkins.JenkinsHttpSessionListener@61eeae58{src=DESCRIPTOR:file:///Users/sameer.shaik/MyWorkSpace/17OctV2.2.3-New-BitBucketIssueFixed/conjur-credentials-plugin/target/jenkins-for-test/WEB-INF/web.xml}
18:14:24.318 [Executing testGetSecretContextNotNullAndStoreContextNull(org.conjur.jenkins.conjursecrets.ConjurSecretCredentialImplTest)] DEBUG org.eclipse.jetty.servlet.BaseHolder -- Holding class jenkins.JenkinsHttpSessionListener from jdk.internal.loader.ClassLoaders$AppClassLoader@5ffd2b27
18:14:24.318 [Executing testGetSecretContextNotNullAndStoreContextNull(org.conjur.jenkins.conjursecrets.ConjurSecretCredentialImplTest)] DEBUG org.eclipse.jetty.util.component.ContainerLifeCycle -- org.eclipse.jetty.server.session.SessionHandler2044837542==dftMaxIdleSec=1800 added {jenkins.JenkinsHttpSessionListener@60b9f521,UNMANAGED}
18:14:24.318 [Executing testGetSecretContextNotNullAndStoreContextNull(org.conjur.jenkins.conjursecrets.ConjurSecretCredentialImplTest)] DEBUG org.eclipse.jetty.util.component.AbstractLifeCycle -- STARTED @14876ms jenkins.JenkinsHttpSessionListener@61eeae58{src=DESCRIPTOR:file:///Users/sameer.shaik/MyWorkSpace/17OctV2.2.3-New-BitBucketIssueFixed/conjur-credentials-plugin/target/jenkins-for-test/WEB-INF/web.xml}
18:14:24.318 [Executing testGetSecretContextNotNullAndStoreContextNull(org.conjur.jenkins.conjursecrets.ConjurSecretCredentialImplTest)] DEBUG org.eclipse.jetty.server.handler.AbstractHandler -- starting o.e.j.w.WebAppContext@7a9325be{Jenkins v2.346.3,/jenkins,file:///Users/sameer.shaik/MyWorkSpace/17OctV2.2.3-New-BitBucketIssueFixed/conjur-credentials-plugin/target/jenkins-for-test/,STARTING}{/Users/sameer.shaik/MyWorkSpace/17OctV2.2.3-New-BitBucketIssueFixed/conjur-credentials-plugin/target/jenkins-for-test}
18:14:24.318 [Executing testGetSecretContextNotNullAndStoreContextNull(org.conjur.jenkins.conjursecrets.ConjurSecretCredentialImplTest)] DEBUG org.eclipse.jetty.util.component.AbstractLifeCycle -- starting SymlinkAllowedResourceAliasChecker@13b7eb3{base=null,protected=[/WEB-INF, /META-INF]}
18:14:24.318 [Executing testGetSecretContextNotNullAndStoreContextNull(org.conjur.jenkins.conjursecrets.ConjurSecretCredentialImplTest)] DEBUG org.eclipse.jetty.util.component.AbstractLifeCycle -- STARTED @14876ms SymlinkAllowedResourceAliasChecker@13b7eb3{base=null,protected=[/WEB-INF, /META-INF]}
18:14:24.318 [Executing testGetSecretContextNotNullAndStoreContextNull(org.conjur.jenkins.conjursecrets.ConjurSecretCredentialImplTest)] DEBUG org.eclipse.jetty.util.component.AbstractLifeCycle -- starting org.eclipse.jetty.server.session.SessionHandler2044837542==dftMaxIdleSec=1800
18:14:24.318 [Executing testGetSecretContextNotNullAndStoreContextNull(org.conjur.jenkins.conjursecrets.ConjurSecretCredentialImplTest)] DEBUG org.eclipse.jetty.util.component.ContainerLifeCycle -- org.eclipse.jetty.server.session.SessionHandler2044837542==dftMaxIdleSec=1800 added {org.eclipse.jetty.server.session.DefaultSessionCache@5227cc75[evict=-1,removeUnloadable=false,saveOnCreate=false,saveOnInactiveEvict=false],AUTO}
18:14:24.318 [Executing testGetSecretContextNotNullAndStoreContextNull(org.conjur.jenkins.conjursecrets.ConjurSecretCredentialImplTest)] DEBUG org.eclipse.jetty.util.component.ContainerLifeCycle -- org.eclipse.jetty.server.session.DefaultSessionCache@5227cc75[evict=-1,removeUnloadable=false,saveOnCreate=false,saveOnInactiveEvict=false] added {org.eclipse.jetty.server.session.NullSessionDataStore@2a1efe49[passivating=false,graceSec=3600],AUTO}
18:14:24.319 [Executing testGetSecretContextNotNullAndStoreContextNull(org.conjur.jenkins.conjursecrets.ConjurSecretCredentialImplTest)] DEBUG org.eclipse.jetty.util.component.AbstractLifeCycle -- starting DefaultSessionIdManager@2ce66da7{STOPPED}[worker=null]
18:14:24.319 [Executing testGetSecretContextNotNullAndStoreContextNull(org.conjur.jenkins.conjursecrets.ConjurSecretCredentialImplTest)] INFO org.eclipse.jetty.server.session -- DefaultSessionIdManager workerName=node0
18:14:24.319 [Executing testGetSecretContextNotNullAndStoreContextNull(org.conjur.jenkins.conjursecrets.ConjurSecretCredentialImplTest)] INFO org.eclipse.jetty.server.session -- No SessionScavenger set, using defaults
18:14:24.319 [Executing testGetSecretContextNotNullAndStoreContextNull(org.conjur.jenkins.conjursecrets.ConjurSecretCredentialImplTest)] DEBUG org.eclipse.jetty.util.component.ContainerLifeCycle -- DefaultSessionIdManager@2ce66da7{STARTING}[worker=node0] added {HouseKeeper@3d995e7{STOPPED}[interval=600000, ownscheduler=false],MANAGED}
18:14:24.319 [Executing testGetSecretContextNotNullAndStoreContextNull(org.conjur.jenkins.conjursecrets.ConjurSecretCredentialImplTest)] DEBUG org.eclipse.jetty.util.component.AbstractLifeCycle -- starting HouseKeeper@3d995e7{STOPPED}[interval=600000, ownscheduler=false]
18:14:24.319 [Executing testGetSecretContextNotNullAndStoreContextNull(org.conjur.jenkins.conjursecrets.ConjurSecretCredentialImplTest)] DEBUG org.eclipse.jetty.util.component.AbstractLifeCycle -- starting ScheduledExecutorScheduler@6ff1a58d{STOPPED}
18:14:24.319 [Executing testGetSecretContextNotNullAndStoreContextNull(org.conjur.jenkins.conjursecrets.ConjurSecretCredentialImplTest)] DEBUG org.eclipse.jetty.util.component.AbstractLifeCycle -- STARTED @14877ms ScheduledExecutorScheduler@6ff1a58d{STARTED}
18:14:24.319 [Executing testGetSecretContextNotNullAndStoreContextNull(org.conjur.jenkins.conjursecrets.ConjurSecretCredentialImplTest)] DEBUG org.eclipse.jetty.server.session -- Using own scheduler for scavenging
18:14:24.319 [Executing testGetSecretContextNotNullAndStoreContextNull(org.conjur.jenkins.conjursecrets.ConjurSecretCredentialImplTest)] INFO org.eclipse.jetty.server.session -- node0 Scavenging every 600000ms
18:14:24.319 [Executing testGetSecretContextNotNullAndStoreContextNull(org.conjur.jenkins.conjursecrets.ConjurSecretCredentialImplTest)] DEBUG org.eclipse.jetty.util.component.AbstractLifeCycle -- STARTED @14877ms HouseKeeper@3d995e7{STARTED}[interval=600000, ownscheduler=true]
18:14:24.319 [Executing testGetSecretContextNotNullAndStoreContextNull(org.conjur.jenkins.conjursecrets.ConjurSecretCredentialImplTest)] DEBUG org.eclipse.jetty.util.component.AbstractLifeCycle -- STARTED @14877ms DefaultSessionIdManager@2ce66da7{STARTED}[worker=node0]
18:14:24.319 [Executing testGetSecretContextNotNullAndStoreContextNull(org.conjur.jenkins.conjursecrets.ConjurSecretCredentialImplTest)] DEBUG org.eclipse.jetty.util.component.ContainerLifeCycle -- Server@3f91ac28{STARTING}[9.4.48.v20220622] added {DefaultSessionIdManager@2ce66da7{STARTED}[worker=node0],MANAGED}
18:14:24.319 [Executing testGetSecretContextNotNullAndStoreContextNull(org.conjur.jenkins.conjursecrets.ConjurSecretCredentialImplTest)] DEBUG org.eclipse.jetty.util.component.ContainerLifeCycle -- org.eclipse.jetty.server.session.SessionHandler2044837542==dftMaxIdleSec=1800 added {DefaultSessionIdManager@2ce66da7{STARTED}[worker=node0],UNMANAGED}
18:14:24.319 [Executing testGetSecretContextNotNullAndStoreContextNull(org.conjur.jenkins.conjursecrets.ConjurSecretCredentialImplTest)] DEBUG org.eclipse.jetty.util.component.AbstractLifeCycle -- starting ScheduledExecutorScheduler@2dd43a26{STOPPED}
18:14:24.319 [Executing testGetSecretContextNotNullAndStoreContextNull(org.conjur.jenkins.conjursecrets.ConjurSecretCredentialImplTest)] DEBUG org.eclipse.jetty.util.component.AbstractLifeCycle -- STARTED @14877ms ScheduledExecutorScheduler@2dd43a26{STARTED}
18:14:24.319 [Executing testGetSecretContextNotNullAndStoreContextNull(org.conjur.jenkins.conjursecrets.ConjurSecretCredentialImplTest)] DEBUG org.eclipse.jetty.server.handler.AbstractHandler -- starting org.eclipse.jetty.server.session.SessionHandler2044837542==dftMaxIdleSec=1800
18:14:24.320 [Executing testGetSecretContextNotNullAndStoreContextNull(org.conjur.jenkins.conjursecrets.ConjurSecretCredentialImplTest)] DEBUG org.eclipse.jetty.util.component.AbstractLifeCycle -- starting ConstraintSecurityHandler@1abcdaf1{STOPPED}
18:14:24.320 [Executing testGetSecretContextNotNullAndStoreContextNull(org.conjur.jenkins.conjursecrets.ConjurSecretCredentialImplTest)] DEBUG org.eclipse.jetty.util.component.ContainerLifeCycle -- ConstraintSecurityHandler@1abcdaf1{STARTING} added {org.eclipse.jetty.security.DefaultIdentityService@23a271a8,POJO}
18:14:24.320 [Executing testGetSecretContextNotNullAndStoreContextNull(org.conjur.jenkins.conjursecrets.ConjurSecretCredentialImplTest)] DEBUG org.eclipse.jetty.security.SecurityHandler -- Created authenticator org.eclipse.jetty.security.authentication.FormAuthenticator@62edf4d6 with org.eclipse.jetty.security.DefaultAuthenticatorFactory@433300e3
18:14:24.320 [Executing testGetSecretContextNotNullAndStoreContextNull(org.conjur.jenkins.conjursecrets.ConjurSecretCredentialImplTest)] DEBUG org.eclipse.jetty.util.component.ContainerLifeCycle -- ConstraintSecurityHandler@1abcdaf1{STARTING} added {org.eclipse.jetty.security.authentication.FormAuthenticator@62edf4d6,POJO}
18:14:24.320 [Executing testGetSecretContextNotNullAndStoreContextNull(org.conjur.jenkins.conjursecrets.ConjurSecretCredentialImplTest)] DEBUG org.eclipse.jetty.server.handler.AbstractHandler -- starting ConstraintSecurityHandler@1abcdaf1{STARTING}
18:14:24.320 [Executing testGetSecretContextNotNullAndStoreContextNull(org.conjur.jenkins.conjursecrets.ConjurSecretCredentialImplTest)] DEBUG org.eclipse.jetty.util.component.AbstractLifeCycle -- starting ServletHandler@168589eb{STOPPED}
18:14:24.320 [Executing testGetSecretContextNotNullAndStoreContextNull(org.conjur.jenkins.conjursecrets.ConjurSecretCredentialImplTest)] DEBUG org.eclipse.jetty.servlet.ServletHandler -- Path=*.jspx[DESCRIPTOR:jar:file:/Users/sameer.shaik/.m2/repository/org/eclipse/jetty/jetty-webapp/9.4.48.v20220622/jetty-webapp-9.4.48.v20220622.jar!/org/eclipse/jetty/webapp/webdefault.xml] mapped to servlet=jsp[DESCRIPTOR:jar:file:/Users/sameer.shaik/.m2/repository/org/eclipse/jetty/jetty-webapp/9.4.48.v20220622/jetty-webapp-9.4.48.v20220622.jar!/org/eclipse/jetty/webapp/webdefault.xml]
18:14:24.320 [Executing testGetSecretContextNotNullAndStoreContextNull(org.conjur.jenkins.conjursecrets.ConjurSecretCredentialImplTest)] DEBUG org.eclipse.jetty.http.pathmap.ServletPathSpec -- Creating ServletPathSpec[*.jspx] (group: SUFFIX_GLOB, prefix: "null", suffix: "jspx")
18:14:24.320 [Executing testGetSecretContextNotNullAndStoreContextNull(org.conjur.jenkins.conjursecrets.ConjurSecretCredentialImplTest)] DEBUG org.eclipse.jetty.http.pathmap.PathMappings -- Added MappedResource[pathSpec=ServletPathSpec@96a7cfb7{*.jspx},resource=jsp==org.eclipse.jetty.servlet.NoJspServlet@19c47{jsp=null,order=0,inst=false,async=false,src=DESCRIPTOR:jar:file:/Users/sameer.shaik/.m2/repository/org/eclipse/jetty/jetty-webapp/9.4.48.v20220622/jetty-webapp-9.4.48.v20220622.jar!/org/eclipse/jetty/webapp/webdefault.xml,STOPPED}] to PathMappings[size=1]
18:14:24.320 [Executing testGetSecretContextNotNullAndStoreContextNull(org.conjur.jenkins.conjursecrets.ConjurSecretCredentialImplTest)] DEBUG org.eclipse.jetty.servlet.ServletHandler -- Path=*.JSPX[DESCRIPTOR:jar:file:/Users/sameer.shaik/.m2/repository/org/eclipse/jetty/jetty-webapp/9.4.48.v20220622/jetty-webapp-9.4.48.v20220622.jar!/org/eclipse/jetty/webapp/webdefault.xml] mapped to servlet=jsp[DESCRIPTOR:jar:file:/Users/sameer.shaik/.m2/repository/org/eclipse/jetty/jetty-webapp/9.4.48.v20220622/jetty-webapp-9.4.48.v20220622.jar!/org/eclipse/jetty/webapp/webdefault.xml]
18:14:24.320 [Executing testGetSecretContextNotNullAndStoreContextNull(org.conjur.jenkins.conjursecrets.ConjurSecretCredentialImplTest)] DEBUG org.eclipse.jetty.http.pathmap.ServletPathSpec -- Creating ServletPathSpec[*.JSPX] (group: SUFFIX_GLOB, prefix: "null", suffix: "JSPX")
18:14:24.320 [Executing testGetSecretContextNotNullAndStoreContextNull(org.conjur.jenkins.conjursecrets.ConjurSecretCredentialImplTest)] DEBUG org.eclipse.jetty.http.pathmap.PathMappings -- Added MappedResource[pathSpec=ServletPathSpec@94d5d7b7{*.JSPX},resource=jsp==org.eclipse.jetty.servlet.NoJspServlet@19c47{jsp=null,order=0,inst=false,async=false,src=DESCRIPTOR:jar:file:/Users/sameer.shaik/.m2/repository/org/eclipse/jetty/jetty-webapp/9.4.48.v20220622/jetty-webapp-9.4.48.v20220622.jar!/org/eclipse/jetty/webapp/webdefault.xml,STOPPED}] to PathMappings[size=2]
18:14:24.320 [Executing testGetSecretContextNotNullAndStoreContextNull(org.conjur.jenkins.conjursecrets.ConjurSecretCredentialImplTest)] DEBUG org.eclipse.jetty.servlet.ServletHandler -- Path=*.JSPF[DESCRIPTOR:jar:file:/Users/sameer.shaik/.m2/repository/org/eclipse/jetty/jetty-webapp/9.4.48.v20220622/jetty-webapp-9.4.48.v20220622.jar!/org/eclipse/jetty/webapp/webdefault.xml] mapped to servlet=jsp[DESCRIPTOR:jar:file:/Users/sameer.shaik/.m2/repository/org/eclipse/jetty/jetty-webapp/9.4.48.v20220622/jetty-webapp-9.4.48.v20220622.jar!/org/eclipse/jetty/webapp/webdefault.xml]
18:14:24.320 [Executing testGetSecretContextNotNullAndStoreContextNull(org.conjur.jenkins.conjursecrets.ConjurSecretCredentialImplTest)] DEBUG org.eclipse.jetty.http.pathmap.ServletPathSpec -- Creating ServletPathSpec[*.JSPF] (group: SUFFIX_GLOB, prefix: "null", suffix: "JSPF")
18:14:24.321 [Executing testGetSecretContextNotNullAndStoreContextNull(org.conjur.jenkins.conjursecrets.ConjurSecretCredentialImplTest)] DEBUG org.eclipse.jetty.http.pathmap.PathMappings -- Added MappedResource[pathSpec=ServletPathSpec@94d5d589{*.JSPF},resource=jsp==org.eclipse.jetty.servlet.NoJspServlet@19c47{jsp=null,order=0,inst=false,async=false,src=DESCRIPTOR:jar:file:/Users/sameer.shaik/.m2/repository/org/eclipse/jetty/jetty-webapp/9.4.48.v20220622/jetty-webapp-9.4.48.v20220622.jar!/org/eclipse/jetty/webapp/webdefault.xml,STOPPED}] to PathMappings[size=3]
18:14:24.321 [Executing testGetSecretContextNotNullAndStoreContextNull(org.conjur.jenkins.conjursecrets.ConjurSecretCredentialImplTest)] DEBUG org.eclipse.jetty.servlet.ServletHandler -- Path=*.jsp[DESCRIPTOR:jar:file:/Users/sameer.shaik/.m2/repository/org/eclipse/jetty/jetty-webapp/9.4.48.v20220622/jetty-webapp-9.4.48.v20220622.jar!/org/eclipse/jetty/webapp/webdefault.xml] mapped to servlet=jsp[DESCRIPTOR:jar:file:/Users/sameer.shaik/.m2/repository/org/eclipse/jetty/jetty-webapp/9.4.48.v20220622/jetty-webapp-9.4.48.v20220622.jar!/org/eclipse/jetty/webapp/webdefault.xml]
18:14:24.321 [Executing testGetSecretContextNotNullAndStoreContextNull(org.conjur.jenkins.conjursecrets.ConjurSecretCredentialImplTest)] DEBUG org.eclipse.jetty.http.pathmap.ServletPathSpec -- Creating ServletPathSpec[*.jsp] (group: SUFFIX_GLOB, prefix: "null", suffix: "jsp")
18:14:24.321 [Executing testGetSecretContextNotNullAndStoreContextNull(org.conjur.jenkins.conjursecrets.ConjurSecretCredentialImplTest)] DEBUG org.eclipse.jetty.http.pathmap.PathMappings -- Added MappedResource[pathSpec=ServletPathSpec@debd2188{*.jsp},resource=jsp==org.eclipse.jetty.servlet.NoJspServlet@19c47{jsp=null,order=0,inst=false,async=false,src=DESCRIPTOR:jar:file:/Users/sameer.shaik/.m2/repository/org/eclipse/jetty/jetty-webapp/9.4.48.v20220622/jetty-webapp-9.4.48.v20220622.jar!/org/eclipse/jetty/webapp/webdefault.xml,STOPPED}] to PathMappings[size=4]
18:14:24.321 [Executing testGetSecretContextNotNullAndStoreContextNull(org.conjur.jenkins.conjursecrets.ConjurSecretCredentialImplTest)] DEBUG org.eclipse.jetty.servlet.ServletHandler -- Path=*.JSP[DESCRIPTOR:jar:file:/Users/sameer.shaik/.m2/repository/org/eclipse/jetty/jetty-webapp/9.4.48.v20220622/jetty-webapp-9.4.48.v20220622.jar!/org/eclipse/jetty/webapp/webdefault.xml] mapped to servlet=jsp[DESCRIPTOR:jar:file:/Users/sameer.shaik/.m2/repository/org/eclipse/jetty/jetty-webapp/9.4.48.v20220622/jetty-webapp-9.4.48.v20220622.jar!/org/eclipse/jetty/webapp/webdefault.xml]
18:14:24.321 [Executing testGetSecretContextNotNullAndStoreContextNull(org.conjur.jenkins.conjursecrets.ConjurSecretCredentialImplTest)] DEBUG org.eclipse.jetty.http.pathmap.ServletPathSpec -- Creating ServletPathSpec[*.JSP] (group: SUFFIX_GLOB, prefix: "null", suffix: "JSP")
18:14:24.321 [Executing testGetSecretContextNotNullAndStoreContextNull(org.conjur.jenkins.conjursecrets.ConjurSecretCredentialImplTest)] DEBUG org.eclipse.jetty.http.pathmap.PathMappings -- Added MappedResource[pathSpec=ServletPathSpec@deae19a8{*.JSP},resource=jsp==org.eclipse.jetty.servlet.NoJspServlet@19c47{jsp=null,order=0,inst=false,async=false,src=DESCRIPTOR:jar:file:/Users/sameer.shaik/.m2/repository/org/eclipse/jetty/jetty-webapp/9.4.48.v20220622/jetty-webapp-9.4.48.v20220622.jar!/org/eclipse/jetty/webapp/webdefault.xml,STOPPED}] to PathMappings[size=5]
18:14:24.321 [Executing testGetSecretContextNotNullAndStoreContextNull(org.conjur.jenkins.conjursecrets.ConjurSecretCredentialImplTest)] DEBUG org.eclipse.jetty.servlet.ServletHandler -- Path=*.jspf[DESCRIPTOR:jar:file:/Users/sameer.shaik/.m2/repository/org/eclipse/jetty/jetty-webapp/9.4.48.v20220622/jetty-webapp-9.4.48.v20220622.jar!/org/eclipse/jetty/webapp/webdefault.xml] mapped to servlet=jsp[DESCRIPTOR:jar:file:/Users/sameer.shaik/.m2/repository/org/eclipse/jetty/jetty-webapp/9.4.48.v20220622/jetty-webapp-9.4.48.v20220622.jar!/org/eclipse/jetty/webapp/webdefault.xml]
18:14:24.321 [Executing testGetSecretContextNotNullAndStoreContextNull(org.conjur.jenkins.conjursecrets.ConjurSecretCredentialImplTest)] DEBUG org.eclipse.jetty.http.pathmap.ServletPathSpec -- Creating ServletPathSpec[*.jspf] (group: SUFFIX_GLOB, prefix: "null", suffix: "jspf")
18:14:24.321 [Executing testGetSecretContextNotNullAndStoreContextNull(org.conjur.jenkins.conjursecrets.ConjurSecretCredentialImplTest)] DEBUG org.eclipse.jetty.http.pathmap.PathMappings -- Added MappedResource[pathSpec=ServletPathSpec@96a7cd89{*.jspf},resource=jsp==org.eclipse.jetty.servlet.NoJspServlet@19c47{jsp=null,order=0,inst=false,async=false,src=DESCRIPTOR:jar:file:/Users/sameer.shaik/.m2/repository/org/eclipse/jetty/jetty-webapp/9.4.48.v20220622/jetty-webapp-9.4.48.v20220622.jar!/org/eclipse/jetty/webapp/webdefault.xml,STOPPED}] to PathMappings[size=6]
18:14:24.321 [Executing testGetSecretContextNotNullAndStoreContextNull(org.conjur.jenkins.conjursecrets.ConjurSecretCredentialImplTest)] DEBUG org.eclipse.jetty.servlet.ServletHandler -- Path=*.XSP[DESCRIPTOR:jar:file:/Users/sameer.shaik/.m2/repository/org/eclipse/jetty/jetty-webapp/9.4.48.v20220622/jetty-webapp-9.4.48.v20220622.jar!/org/eclipse/jetty/webapp/webdefault.xml] mapped to servlet=jsp[DESCRIPTOR:jar:file:/Users/sameer.shaik/.m2/repository/org/eclipse/jetty/jetty-webapp/9.4.48.v20220622/jetty-webapp-9.4.48.v20220622.jar!/org/eclipse/jetty/webapp/webdefault.xml]
18:14:24.321 [Executing testGetSecretContextNotNullAndStoreContextNull(org.conjur.jenkins.conjursecrets.ConjurSecretCredentialImplTest)] DEBUG org.eclipse.jetty.http.pathmap.ServletPathSpec -- Creating ServletPathSpec[*.XSP] (group: SUFFIX_GLOB, prefix: "null", suffix: "XSP")
18:14:24.321 [Executing testGetSecretContextNotNullAndStoreContextNull(org.conjur.jenkins.conjursecrets.ConjurSecretCredentialImplTest)] DEBUG org.eclipse.jetty.http.pathmap.PathMappings -- Added MappedResource[pathSpec=ServletPathSpec@deb476da{*.XSP},resource=jsp==org.eclipse.jetty.servlet.NoJspServlet@19c47{jsp=null,order=0,inst=false,async=false,src=DESCRIPTOR:jar:file:/Users/sameer.shaik/.m2/repository/org/eclipse/jetty/jetty-webapp/9.4.48.v20220622/jetty-webapp-9.4.48.v20220622.jar!/org/eclipse/jetty/webapp/webdefault.xml,STOPPED}] to PathMappings[size=7]
18:14:24.321 [Executing testGetSecretContextNotNullAndStoreContextNull(org.conjur.jenkins.conjursecrets.ConjurSecretCredentialImplTest)] DEBUG org.eclipse.jetty.servlet.ServletHandler -- Path=*.xsp[DESCRIPTOR:jar:file:/Users/sameer.shaik/.m2/repository/org/eclipse/jetty/jetty-webapp/9.4.48.v20220622/jetty-webapp-9.4.48.v20220622.jar!/org/eclipse/jetty/webapp/webdefault.xml] mapped to servlet=jsp[DESCRIPTOR:jar:file:/Users/sameer.shaik/.m2/repository/org/eclipse/jetty/jetty-webapp/9.4.48.v20220622/jetty-webapp-9.4.48.v20220622.jar!/org/eclipse/jetty/webapp/webdefault.xml]
18:14:24.321 [Executing testGetSecretContextNotNullAndStoreContextNull(org.conjur.jenkins.conjursecrets.ConjurSecretCredentialImplTest)] DEBUG org.eclipse.jetty.http.pathmap.ServletPathSpec -- Creating ServletPathSpec[*.xsp] (group: SUFFIX_GLOB, prefix: "null", suffix: "xsp")
18:14:24.321 [Executing testGetSecretContextNotNullAndStoreContextNull(org.conjur.jenkins.conjursecrets.ConjurSecretCredentialImplTest)] DEBUG org.eclipse.jetty.http.pathmap.PathMappings -- Added MappedResource[pathSpec=ServletPathSpec@dec37eba{*.xsp},resource=jsp==org.eclipse.jetty.servlet.NoJspServlet@19c47{jsp=null,order=0,inst=false,async=false,src=DESCRIPTOR:jar:file:/Users/sameer.shaik/.m2/repository/org/eclipse/jetty/jetty-webapp/9.4.48.v20220622/jetty-webapp-9.4.48.v20220622.jar!/org/eclipse/jetty/webapp/webdefault.xml,STOPPED}] to PathMappings[size=8]
18:14:24.322 [Executing testGetSecretContextNotNullAndStoreContextNull(org.conjur.jenkins.conjursecrets.ConjurSecretCredentialImplTest)] DEBUG org.eclipse.jetty.servlet.ServletHandler -- Path=/*[DESCRIPTOR:file:///Users/sameer.shaik/MyWorkSpace/17OctV2.2.3-New-BitBucketIssueFixed/conjur-credentials-plugin/target/jenkins-for-test/WEB-INF/web.xml] mapped to servlet=Stapler[DESCRIPTOR:file:///Users/sameer.shaik/MyWorkSpace/17OctV2.2.3-New-BitBucketIssueFixed/conjur-credentials-plugin/target/jenkins-for-test/WEB-INF/web.xml]
18:14:24.322 [Executing testGetSecretContextNotNullAndStoreContextNull(org.conjur.jenkins.conjursecrets.ConjurSecretCredentialImplTest)] DEBUG org.eclipse.jetty.http.pathmap.ServletPathSpec -- Creating ServletPathSpec[/*] (group: PREFIX_GLOB, prefix: "", suffix: "null")
18:14:24.322 [Executing testGetSecretContextNotNullAndStoreContextNull(org.conjur.jenkins.conjursecrets.ConjurSecretCredentialImplTest)] DEBUG org.eclipse.jetty.http.pathmap.PathMappings -- Added MappedResource[pathSpec=ServletPathSpec@9457a78e{/*},resource=Stapler==org.kohsuke.stapler.Stapler@f222d1a9{jsp=null,order=-1,inst=false,async=true,src=DESCRIPTOR:file:///Users/sameer.shaik/MyWorkSpace/17OctV2.2.3-New-BitBucketIssueFixed/conjur-credentials-plugin/target/jenkins-for-test/WEB-INF/web.xml,STOPPED}] to PathMappings[size=9]
18:14:24.322 [Executing testGetSecretContextNotNullAndStoreContextNull(org.conjur.jenkins.conjursecrets.ConjurSecretCredentialImplTest)] DEBUG org.eclipse.jetty.servlet.ServletHandler -- Path=/[DESCRIPTOR:jar:file:/Users/sameer.shaik/.m2/repository/org/eclipse/jetty/jetty-webapp/9.4.48.v20220622/jetty-webapp-9.4.48.v20220622.jar!/org/eclipse/jetty/webapp/webdefault.xml] mapped to servlet=default[DESCRIPTOR:jar:file:/Users/sameer.shaik/.m2/repository/org/eclipse/jetty/jetty-webapp/9.4.48.v20220622/jetty-webapp-9.4.48.v20220622.jar!/org/eclipse/jetty/webapp/webdefault.xml]
18:14:24.322 [Executing testGetSecretContextNotNullAndStoreContextNull(org.conjur.jenkins.conjursecrets.ConjurSecretCredentialImplTest)] DEBUG org.eclipse.jetty.http.pathmap.PathMappings -- Added MappedResource[pathSpec=ServletPathSpec@9457dcb7{/},resource=default==org.eclipse.jetty.servlet.DefaultServlet@5c13d641{jsp=null,order=0,inst=false,async=false,src=DESCRIPTOR:jar:file:/Users/sameer.shaik/.m2/repository/org/eclipse/jetty/jetty-webapp/9.4.48.v20220622/jetty-webapp-9.4.48.v20220622.jar!/org/eclipse/jetty/webapp/webdefault.xml,STOPPED}] to PathMappings[size=10]
18:14:24.322 [Executing testGetSecretContextNotNullAndStoreContextNull(org.conjur.jenkins.conjursecrets.ConjurSecretCredentialImplTest)] DEBUG org.eclipse.jetty.servlet.ServletHandler -- filterNameMap={csrf-filter=csrf-filter==hudson.security.csrf.CrumbFilter@33c97101{inst=false,async=true,src=DESCRIPTOR:file:///Users/sameer.shaik/MyWorkSpace/17OctV2.2.3-New-BitBucketIssueFixed/conjur-credentials-plugin/target/jenkins-for-test/WEB-INF/web.xml}, encoding-filter=encoding-filter==hudson.util.CharacterEncodingFilter@3a6d316c{inst=false,async=true,src=DESCRIPTOR:file:///Users/sameer.shaik/MyWorkSpace/17OctV2.2.3-New-BitBucketIssueFixed/conjur-credentials-plugin/target/jenkins-for-test/WEB-INF/web.xml}, diagnostic-name-filter=diagnostic-name-filter==org.kohsuke.stapler.DiagnosticThreadNameFilter@6a7b3cf3{inst=false,async=true,src=DESCRIPTOR:file:///Users/sameer.shaik/MyWorkSpace/17OctV2.2.3-New-BitBucketIssueFixed/conjur-credentials-plugin/target/jenkins-for-test/WEB-INF/web.xml}, compression-filter=compression-filter==org.kohsuke.stapler.compression.CompressionFilter@2e65c417{inst=false,async=true,src=DESCRIPTOR:file:///Users/sameer.shaik/MyWorkSpace/17OctV2.2.3-New-BitBucketIssueFixed/conjur-credentials-plugin/target/jenkins-for-test/WEB-INF/web.xml}, plugins-filter=plugins-filter==hudson.util.PluginServletFilter@607cc045{inst=false,async=true,src=DESCRIPTOR:file:///Users/sameer.shaik/MyWorkSpace/17OctV2.2.3-New-BitBucketIssueFixed/conjur-credentials-plugin/target/jenkins-for-test/WEB-INF/web.xml}, authentication-filter=authentication-filter==hudson.security.HudsonFilter@e6594a{inst=false,async=true,src=DESCRIPTOR:file:///Users/sameer.shaik/MyWorkSpace/17OctV2.2.3-New-BitBucketIssueFixed/conjur-credentials-plugin/target/jenkins-for-test/WEB-INF/web.xml}, suspicious-request-filter=suspicious-request-filter==jenkins.security.SuspiciousRequestFilter@2a8085b4{inst=false,async=true,src=DESCRIPTOR:file:///Users/sameer.shaik/MyWorkSpace/17OctV2.2.3-New-BitBucketIssueFixed/conjur-credentials-plugin/target/jenkins-for-test/WEB-INF/web.xml}}
18:14:24.322 [Executing testGetSecretContextNotNullAndStoreContextNull(org.conjur.jenkins.conjursecrets.ConjurSecretCredentialImplTest)] DEBUG org.eclipse.jetty.servlet.ServletHandler -- pathFilters=[[/*]/[]/[ASYNC, REQUEST]=>plugins-filter, [/*]/[]/[ASYNC, REQUEST]=>csrf-filter, [/*]/[]/[ASYNC, REQUEST]=>authentication-filter, [/*]/[]/[ASYNC, REQUEST]=>compression-filter, [/*]/[]/[ASYNC, REQUEST]=>encoding-filter, [/*]/[]/[ASYNC, REQUEST]=>diagnostic-name-filter, [/*]/[]/[ASYNC, REQUEST]=>suspicious-request-filter]
18:14:24.322 [Executing testGetSecretContextNotNullAndStoreContextNull(org.conjur.jenkins.conjursecrets.ConjurSecretCredentialImplTest)] DEBUG org.eclipse.jetty.servlet.ServletHandler -- servletFilterMap={}
18:14:24.322 [Executing testGetSecretContextNotNullAndStoreContextNull(org.conjur.jenkins.conjursecrets.ConjurSecretCredentialImplTest)] DEBUG org.eclipse.jetty.servlet.ServletHandler -- servletPathMap=PathMappings[size=10]
18:14:24.322 [Executing testGetSecretContextNotNullAndStoreContextNull(org.conjur.jenkins.conjursecrets.ConjurSecretCredentialImplTest)] DEBUG org.eclipse.jetty.servlet.ServletHandler -- servletNameMap={default=default==org.eclipse.jetty.servlet.DefaultServlet@5c13d641{jsp=null,order=0,inst=false,async=false,src=DESCRIPTOR:jar:file:/Users/sameer.shaik/.m2/repository/org/eclipse/jetty/jetty-webapp/9.4.48.v20220622/jetty-webapp-9.4.48.v20220622.jar!/org/eclipse/jetty/webapp/webdefault.xml,STOPPED}, jsp=jsp==org.eclipse.jetty.servlet.NoJspServlet@19c47{jsp=null,order=0,inst=false,async=false,src=DESCRIPTOR:jar:file:/Users/sameer.shaik/.m2/repository/org/eclipse/jetty/jetty-webapp/9.4.48.v20220622/jetty-webapp-9.4.48.v20220622.jar!/org/eclipse/jetty/webapp/webdefault.xml,STOPPED}, Stapler=Stapler==org.kohsuke.stapler.Stapler@f222d1a9{jsp=null,order=-1,inst=false,async=true,src=DESCRIPTOR:file:///Users/sameer.shaik/MyWorkSpace/17OctV2.2.3-New-BitBucketIssueFixed/conjur-credentials-plugin/target/jenkins-for-test/WEB-INF/web.xml,STOPPED}}
18:14:24.322 [Executing testGetSecretContextNotNullAndStoreContextNull(org.conjur.jenkins.conjursecrets.ConjurSecretCredentialImplTest)] DEBUG org.eclipse.jetty.server.handler.AbstractHandler -- starting ServletHandler@168589eb{STARTING}
18:14:24.322 [Executing testGetSecretContextNotNullAndStoreContextNull(org.conjur.jenkins.conjursecrets.ConjurSecretCredentialImplTest)] DEBUG org.eclipse.jetty.util.component.AbstractLifeCycle -- STARTED @14880ms ServletHandler@168589eb{STARTED}
18:14:24.322 [Executing testGetSecretContextNotNullAndStoreContextNull(org.conjur.jenkins.conjursecrets.ConjurSecretCredentialImplTest)] DEBUG org.eclipse.jetty.util.component.AbstractLifeCycle -- starting HashLoginService@195279b8[default]
18:14:24.322 [Executing testGetSecretContextNotNullAndStoreContextNull(org.conjur.jenkins.conjursecrets.ConjurSecretCredentialImplTest)] DEBUG org.eclipse.jetty.util.component.AbstractLifeCycle -- starting UserStore@69858146{STOPPED}
18:14:24.323 [Executing testGetSecretContextNotNullAndStoreContextNull(org.conjur.jenkins.conjursecrets.ConjurSecretCredentialImplTest)] DEBUG org.eclipse.jetty.util.component.AbstractLifeCycle -- STARTED @14880ms UserStore@69858146{STARTED}
18:14:24.323 [Executing testGetSecretContextNotNullAndStoreContextNull(org.conjur.jenkins.conjursecrets.ConjurSecretCredentialImplTest)] DEBUG org.eclipse.jetty.util.component.AbstractLifeCycle -- STARTED @14880ms HashLoginService@195279b8[default]
18:14:24.323 [Executing testGetSecretContextNotNullAndStoreContextNull(org.conjur.jenkins.conjursecrets.ConjurSecretCredentialImplTest)] DEBUG org.eclipse.jetty.util.component.AbstractLifeCycle -- STARTED @14880ms ConstraintSecurityHandler@1abcdaf1{STARTED}
18:14:24.323 [Executing testGetSecretContextNotNullAndStoreContextNull(org.conjur.jenkins.conjursecrets.ConjurSecretCredentialImplTest)] DEBUG org.eclipse.jetty.util.component.AbstractLifeCycle -- starting org.eclipse.jetty.server.session.DefaultSessionCache@5227cc75[evict=-1,removeUnloadable=false,saveOnCreate=false,saveOnInactiveEvict=false]
18:14:24.323 [Executing testGetSecretContextNotNullAndStoreContextNull(org.conjur.jenkins.conjursecrets.ConjurSecretCredentialImplTest)] DEBUG org.eclipse.jetty.util.component.AbstractLifeCycle -- starting org.eclipse.jetty.server.session.NullSessionDataStore@2a1efe49[passivating=false,graceSec=3600]
18:14:24.323 [Executing testGetSecretContextNotNullAndStoreContextNull(org.conjur.jenkins.conjursecrets.ConjurSecretCredentialImplTest)] DEBUG org.eclipse.jetty.util.component.AbstractLifeCycle -- STARTED @14880ms org.eclipse.jetty.server.session.NullSessionDataStore@2a1efe49[passivating=false,graceSec=3600]
18:14:24.323 [Executing testGetSecretContextNotNullAndStoreContextNull(org.conjur.jenkins.conjursecrets.ConjurSecretCredentialImplTest)] DEBUG org.eclipse.jetty.util.component.AbstractLifeCycle -- STARTED @14881ms org.eclipse.jetty.server.session.DefaultSessionCache@5227cc75[evict=-1,removeUnloadable=false,saveOnCreate=false,saveOnInactiveEvict=false]
18:14:24.323 [Executing testGetSecretContextNotNullAndStoreContextNull(org.conjur.jenkins.conjursecrets.ConjurSecretCredentialImplTest)] DEBUG org.eclipse.jetty.util.component.AbstractLifeCycle -- STARTED @14881ms org.eclipse.jetty.server.session.SessionHandler2044837542==dftMaxIdleSec=1800
18:14:24.323 [Executing testGetSecretContextNotNullAndStoreContextNull(org.conjur.jenkins.conjursecrets.ConjurSecretCredentialImplTest)] DEBUG org.eclipse.jetty.util.component.AbstractLifeCycle -- starting ErrorPageErrorHandler@62e51113{STOPPED}
18:14:24.323 [Executing testGetSecretContextNotNullAndStoreContextNull(org.conjur.jenkins.conjursecrets.ConjurSecretCredentialImplTest)] DEBUG org.eclipse.jetty.server.handler.AbstractHandler -- starting ErrorPageErrorHandler@62e51113{STARTING}
18:14:24.323 [Executing testGetSecretContextNotNullAndStoreContextNull(org.conjur.jenkins.conjursecrets.ConjurSecretCredentialImplTest)] DEBUG org.eclipse.jetty.util.component.AbstractLifeCycle -- STARTED @14881ms ErrorPageErrorHandler@62e51113{STARTED}
18:14:24.323 [Executing testGetSecretContextNotNullAndStoreContextNull(org.conjur.jenkins.conjursecrets.ConjurSecretCredentialImplTest)] DEBUG org.eclipse.jetty.util.component.AbstractLifeCycle -- starting NoListenerConfiguration@1ef224ec{STOPPED}
18:14:24.323 [Executing testGetSecretContextNotNullAndStoreContextNull(org.conjur.jenkins.conjursecrets.ConjurSecretCredentialImplTest)] DEBUG org.eclipse.jetty.util.component.AbstractLifeCycle -- STARTED @14881ms NoListenerConfiguration@1ef224ec{STARTED}
18:14:24.323 [Executing testGetSecretContextNotNullAndStoreContextNull(org.conjur.jenkins.conjursecrets.ConjurSecretCredentialImplTest)] DEBUG org.eclipse.jetty.server.handler.ContextHandler -- contextInitialized: javax.servlet.ServletContextEvent[source=ServletContext@o.e.j.w.WebAppContext@7a9325be{Jenkins v2.346.3,/jenkins,file:///Users/sameer.shaik/MyWorkSpace/17OctV2.2.3-New-BitBucketIssueFixed/conjur-credentials-plugin/target/jenkins-for-test/,STARTING}{/Users/sameer.shaik/MyWorkSpace/17OctV2.2.3-New-BitBucketIssueFixed/conjur-credentials-plugin/target/jenkins-for-test}]->org.eclipse.jetty.servlet.listener.ELContextCleaner@35b3becf
18:14:24.323 [Executing testGetSecretContextNotNullAndStoreContextNull(org.conjur.jenkins.conjursecrets.ConjurSecretCredentialImplTest)] DEBUG org.eclipse.jetty.server.handler.ContextHandler -- contextInitialized: javax.servlet.ServletContextEvent[source=ServletContext@o.e.j.w.WebAppContext@7a9325be{Jenkins v2.346.3,/jenkins,file:///Users/sameer.shaik/MyWorkSpace/17OctV2.2.3-New-BitBucketIssueFixed/conjur-credentials-plugin/target/jenkins-for-test/,STARTING}{/Users/sameer.shaik/MyWorkSpace/17OctV2.2.3-New-BitBucketIssueFixed/conjur-credentials-plugin/target/jenkins-for-test}]->org.eclipse.jetty.servlet.listener.IntrospectorCleaner@39baa755
18:14:24.323 [Executing testGetSecretContextNotNullAndStoreContextNull(org.conjur.jenkins.conjursecrets.ConjurSecretCredentialImplTest)] DEBUG org.eclipse.jetty.server.handler.ContextHandler -- contextInitialized: javax.servlet.ServletContextEvent[source=ServletContext@o.e.j.w.WebAppContext@7a9325be{Jenkins v2.346.3,/jenkins,file:///Users/sameer.shaik/MyWorkSpace/17OctV2.2.3-New-BitBucketIssueFixed/conjur-credentials-plugin/target/jenkins-for-test/,STARTING}{/Users/sameer.shaik/MyWorkSpace/17OctV2.2.3-New-BitBucketIssueFixed/conjur-credentials-plugin/target/jenkins-for-test}]->jenkins.util.SystemProperties$Listener@347cbff0
18:14:24.323 [Executing testGetSecretContextNotNullAndStoreContextNull(org.conjur.jenkins.conjursecrets.ConjurSecretCredentialImplTest)] DEBUG org.eclipse.jetty.util.component.AbstractLifeCycle -- starting suspicious-request-filter==jenkins.security.SuspiciousRequestFilter@2a8085b4{inst=false,async=true,src=DESCRIPTOR:file:///Users/sameer.shaik/MyWorkSpace/17OctV2.2.3-New-BitBucketIssueFixed/conjur-credentials-plugin/target/jenkins-for-test/WEB-INF/web.xml}
18:14:24.323 [Executing testGetSecretContextNotNullAndStoreContextNull(org.conjur.jenkins.conjursecrets.ConjurSecretCredentialImplTest)] DEBUG org.eclipse.jetty.servlet.BaseHolder -- Holding class jenkins.security.SuspiciousRequestFilter from jdk.internal.loader.ClassLoaders$AppClassLoader@5ffd2b27
18:14:24.323 [Executing testGetSecretContextNotNullAndStoreContextNull(org.conjur.jenkins.conjursecrets.ConjurSecretCredentialImplTest)] DEBUG org.eclipse.jetty.util.component.AbstractLifeCycle -- STARTED @14881ms suspicious-request-filter==jenkins.security.SuspiciousRequestFilter@2a8085b4{inst=false,async=true,src=DESCRIPTOR:file:///Users/sameer.shaik/MyWorkSpace/17OctV2.2.3-New-BitBucketIssueFixed/conjur-credentials-plugin/target/jenkins-for-test/WEB-INF/web.xml}
18:14:24.323 [Executing testGetSecretContextNotNullAndStoreContextNull(org.conjur.jenkins.conjursecrets.ConjurSecretCredentialImplTest)] DEBUG org.eclipse.jetty.servlet.FilterHolder -- Filter.init jenkins.security.SuspiciousRequestFilter@23ff8d14
18:14:24.323 [Executing testGetSecretContextNotNullAndStoreContextNull(org.conjur.jenkins.conjursecrets.ConjurSecretCredentialImplTest)] DEBUG org.eclipse.jetty.util.component.AbstractLifeCycle -- starting diagnostic-name-filter==org.kohsuke.stapler.DiagnosticThreadNameFilter@6a7b3cf3{inst=false,async=true,src=DESCRIPTOR:file:///Users/sameer.shaik/MyWorkSpace/17OctV2.2.3-New-BitBucketIssueFixed/conjur-credentials-plugin/target/jenkins-for-test/WEB-INF/web.xml}
18:14:24.323 [Executing testGetSecretContextNotNullAndStoreContextNull(org.conjur.jenkins.conjursecrets.ConjurSecretCredentialImplTest)] DEBUG org.eclipse.jetty.servlet.BaseHolder -- Holding class org.kohsuke.stapler.DiagnosticThreadNameFilter from jdk.internal.loader.ClassLoaders$AppClassLoader@5ffd2b27
18:14:24.324 [Executing testGetSecretContextNotNullAndStoreContextNull(org.conjur.jenkins.conjursecrets.ConjurSecretCredentialImplTest)] DEBUG org.eclipse.jetty.util.component.AbstractLifeCycle -- STARTED @14881ms diagnostic-name-filter==org.kohsuke.stapler.DiagnosticThreadNameFilter@6a7b3cf3{inst=false,async=true,src=DESCRIPTOR:file:///Users/sameer.shaik/MyWorkSpace/17OctV2.2.3-New-BitBucketIssueFixed/conjur-credentials-plugin/target/jenkins-for-test/WEB-INF/web.xml}
18:14:24.324 [Executing testGetSecretContextNotNullAndStoreContextNull(org.conjur.jenkins.conjursecrets.ConjurSecretCredentialImplTest)] DEBUG org.eclipse.jetty.servlet.FilterHolder -- Filter.init org.kohsuke.stapler.DiagnosticThreadNameFilter@b920a62
18:14:24.324 [Executing testGetSecretContextNotNullAndStoreContextNull(org.conjur.jenkins.conjursecrets.ConjurSecretCredentialImplTest)] DEBUG org.eclipse.jetty.util.component.AbstractLifeCycle -- starting encoding-filter==hudson.util.CharacterEncodingFilter@3a6d316c{inst=false,async=true,src=DESCRIPTOR:file:///Users/sameer.shaik/MyWorkSpace/17OctV2.2.3-New-BitBucketIssueFixed/conjur-credentials-plugin/target/jenkins-for-test/WEB-INF/web.xml}
18:14:24.324 [Executing testGetSecretContextNotNullAndStoreContextNull(org.conjur.jenkins.conjursecrets.ConjurSecretCredentialImplTest)] DEBUG org.eclipse.jetty.servlet.BaseHolder -- Holding class hudson.util.CharacterEncodingFilter from jdk.internal.loader.ClassLoaders$AppClassLoader@5ffd2b27
18:14:24.324 [Executing testGetSecretContextNotNullAndStoreContextNull(org.conjur.jenkins.conjursecrets.ConjurSecretCredentialImplTest)] DEBUG org.eclipse.jetty.util.component.AbstractLifeCycle -- STARTED @14881ms encoding-filter==hudson.util.CharacterEncodingFilter@3a6d316c{inst=false,async=true,src=DESCRIPTOR:file:///Users/sameer.shaik/MyWorkSpace/17OctV2.2.3-New-BitBucketIssueFixed/conjur-credentials-plugin/target/jenkins-for-test/WEB-INF/web.xml}
18:14:24.324 [Executing testGetSecretContextNotNullAndStoreContextNull(org.conjur.jenkins.conjursecrets.ConjurSecretCredentialImplTest)] DEBUG org.eclipse.jetty.servlet.FilterHolder -- Filter.init hudson.util.CharacterEncodingFilter@677e844a
18:14:24.324 [Executing testGetSecretContextNotNullAndStoreContextNull(org.conjur.jenkins.conjursecrets.ConjurSecretCredentialImplTest)] DEBUG org.eclipse.jetty.util.component.AbstractLifeCycle -- starting compression-filter==org.kohsuke.stapler.compression.CompressionFilter@2e65c417{inst=false,async=true,src=DESCRIPTOR:file:///Users/sameer.shaik/MyWorkSpace/17OctV2.2.3-New-BitBucketIssueFixed/conjur-credentials-plugin/target/jenkins-for-test/WEB-INF/web.xml}
18:14:24.324 [Executing testGetSecretContextNotNullAndStoreContextNull(org.conjur.jenkins.conjursecrets.ConjurSecretCredentialImplTest)] DEBUG org.eclipse.jetty.servlet.BaseHolder -- Holding class org.kohsuke.stapler.compression.CompressionFilter from jdk.internal.loader.ClassLoaders$AppClassLoader@5ffd2b27
18:14:24.324 [Executing testGetSecretContextNotNullAndStoreContextNull(org.conjur.jenkins.conjursecrets.ConjurSecretCredentialImplTest)] DEBUG org.eclipse.jetty.util.component.AbstractLifeCycle -- STARTED @14882ms compression-filter==org.kohsuke.stapler.compression.CompressionFilter@2e65c417{inst=false,async=true,src=DESCRIPTOR:file:///Users/sameer.shaik/MyWorkSpace/17OctV2.2.3-New-BitBucketIssueFixed/conjur-credentials-plugin/target/jenkins-for-test/WEB-INF/web.xml}
18:14:24.324 [Executing testGetSecretContextNotNullAndStoreContextNull(org.conjur.jenkins.conjursecrets.ConjurSecretCredentialImplTest)] DEBUG org.eclipse.jetty.servlet.FilterHolder -- Filter.init org.kohsuke.stapler.compression.CompressionFilter@362c346a
18:14:24.324 [Executing testGetSecretContextNotNullAndStoreContextNull(org.conjur.jenkins.conjursecrets.ConjurSecretCredentialImplTest)] DEBUG org.eclipse.jetty.util.component.AbstractLifeCycle -- starting authentication-filter==hudson.security.HudsonFilter@e6594a{inst=false,async=true,src=DESCRIPTOR:file:///Users/sameer.shaik/MyWorkSpace/17OctV2.2.3-New-BitBucketIssueFixed/conjur-credentials-plugin/target/jenkins-for-test/WEB-INF/web.xml}
18:14:24.324 [Executing testGetSecretContextNotNullAndStoreContextNull(org.conjur.jenkins.conjursecrets.ConjurSecretCredentialImplTest)] DEBUG org.eclipse.jetty.servlet.BaseHolder -- Holding class hudson.security.HudsonFilter from jdk.internal.loader.ClassLoaders$AppClassLoader@5ffd2b27
18:14:24.324 [Executing testGetSecretContextNotNullAndStoreContextNull(org.conjur.jenkins.conjursecrets.ConjurSecretCredentialImplTest)] DEBUG org.eclipse.jetty.util.component.AbstractLifeCycle -- STARTED @14882ms authentication-filter==hudson.security.HudsonFilter@e6594a{inst=false,async=true,src=DESCRIPTOR:file:///Users/sameer.shaik/MyWorkSpace/17OctV2.2.3-New-BitBucketIssueFixed/conjur-credentials-plugin/target/jenkins-for-test/WEB-INF/web.xml}
18:14:24.324 [Executing testGetSecretContextNotNullAndStoreContextNull(org.conjur.jenkins.conjursecrets.ConjurSecretCredentialImplTest)] DEBUG org.eclipse.jetty.servlet.FilterHolder -- Filter.init hudson.security.HudsonFilter@69649896
18:14:24.324 [Executing testGetSecretContextNotNullAndStoreContextNull(org.conjur.jenkins.conjursecrets.ConjurSecretCredentialImplTest)] DEBUG org.eclipse.jetty.util.component.AbstractLifeCycle -- starting csrf-filter==hudson.security.csrf.CrumbFilter@33c97101{inst=false,async=true,src=DESCRIPTOR:file:///Users/sameer.shaik/MyWorkSpace/17OctV2.2.3-New-BitBucketIssueFixed/conjur-credentials-plugin/target/jenkins-for-test/WEB-INF/web.xml}
18:14:24.324 [Executing testGetSecretContextNotNullAndStoreContextNull(org.conjur.jenkins.conjursecrets.ConjurSecretCredentialImplTest)] DEBUG org.eclipse.jetty.servlet.BaseHolder -- Holding class hudson.security.csrf.CrumbFilter from jdk.internal.loader.ClassLoaders$AppClassLoader@5ffd2b27
18:14:24.324 [Executing testGetSecretContextNotNullAndStoreContextNull(org.conjur.jenkins.conjursecrets.ConjurSecretCredentialImplTest)] DEBUG org.eclipse.jetty.util.component.AbstractLifeCycle -- STARTED @14882ms csrf-filter==hudson.security.csrf.CrumbFilter@33c97101{inst=false,async=true,src=DESCRIPTOR:file:///Users/sameer.shaik/MyWorkSpace/17OctV2.2.3-New-BitBucketIssueFixed/conjur-credentials-plugin/target/jenkins-for-test/WEB-INF/web.xml}
18:14:24.324 [Executing testGetSecretContextNotNullAndStoreContextNull(org.conjur.jenkins.conjursecrets.ConjurSecretCredentialImplTest)] DEBUG org.eclipse.jetty.servlet.FilterHolder -- Filter.init hudson.security.csrf.CrumbFilter@723e4ec2
18:14:24.324 [Executing testGetSecretContextNotNullAndStoreContextNull(org.conjur.jenkins.conjursecrets.ConjurSecretCredentialImplTest)] DEBUG org.eclipse.jetty.util.component.AbstractLifeCycle -- starting plugins-filter==hudson.util.PluginServletFilter@607cc045{inst=false,async=true,src=DESCRIPTOR:file:///Users/sameer.shaik/MyWorkSpace/17OctV2.2.3-New-BitBucketIssueFixed/conjur-credentials-plugin/target/jenkins-for-test/WEB-INF/web.xml}
18:14:24.324 [Executing testGetSecretContextNotNullAndStoreContextNull(org.conjur.jenkins.conjursecrets.ConjurSecretCredentialImplTest)] DEBUG org.eclipse.jetty.servlet.BaseHolder -- Holding class hudson.util.PluginServletFilter from jdk.internal.loader.ClassLoaders$AppClassLoader@5ffd2b27
18:14:24.324 [Executing testGetSecretContextNotNullAndStoreContextNull(org.conjur.jenkins.conjursecrets.ConjurSecretCredentialImplTest)] DEBUG org.eclipse.jetty.util.component.AbstractLifeCycle -- STARTED @14882ms plugins-filter==hudson.util.PluginServletFilter@607cc045{inst=false,async=true,src=DESCRIPTOR:file:///Users/sameer.shaik/MyWorkSpace/17OctV2.2.3-New-BitBucketIssueFixed/conjur-credentials-plugin/target/jenkins-for-test/WEB-INF/web.xml}
18:14:24.324 [Executing testGetSecretContextNotNullAndStoreContextNull(org.conjur.jenkins.conjursecrets.ConjurSecretCredentialImplTest)] DEBUG org.eclipse.jetty.servlet.FilterHolder -- Filter.init hudson.util.PluginServletFilter@61f1d81b
18:14:24.325 [Executing testGetSecretContextNotNullAndStoreContextNull(org.conjur.jenkins.conjursecrets.ConjurSecretCredentialImplTest)] DEBUG org.eclipse.jetty.util.component.AbstractLifeCycle -- starting Stapler==org.kohsuke.stapler.Stapler@f222d1a9{jsp=null,order=-1,inst=false,async=true,src=DESCRIPTOR:file:///Users/sameer.shaik/MyWorkSpace/17OctV2.2.3-New-BitBucketIssueFixed/conjur-credentials-plugin/target/jenkins-for-test/WEB-INF/web.xml,STOPPED}
18:14:24.325 [Executing testGetSecretContextNotNullAndStoreContextNull(org.conjur.jenkins.conjursecrets.ConjurSecretCredentialImplTest)] DEBUG org.eclipse.jetty.servlet.BaseHolder -- Holding class org.kohsuke.stapler.Stapler from jdk.internal.loader.ClassLoaders$AppClassLoader@5ffd2b27
18:14:24.325 [Executing testGetSecretContextNotNullAndStoreContextNull(org.conjur.jenkins.conjursecrets.ConjurSecretCredentialImplTest)] DEBUG org.eclipse.jetty.util.component.AbstractLifeCycle -- STARTED @14882ms Stapler==org.kohsuke.stapler.Stapler@f222d1a9{jsp=null,order=-1,inst=false,async=true,src=DESCRIPTOR:file:///Users/sameer.shaik/MyWorkSpace/17OctV2.2.3-New-BitBucketIssueFixed/conjur-credentials-plugin/target/jenkins-for-test/WEB-INF/web.xml,STARTED}
18:14:24.325 [Executing testGetSecretContextNotNullAndStoreContextNull(org.conjur.jenkins.conjursecrets.ConjurSecretCredentialImplTest)] DEBUG org.eclipse.jetty.util.component.AbstractLifeCycle -- starting default==org.eclipse.jetty.servlet.DefaultServlet@5c13d641{jsp=null,order=0,inst=false,async=false,src=DESCRIPTOR:jar:file:/Users/sameer.shaik/.m2/repository/org/eclipse/jetty/jetty-webapp/9.4.48.v20220622/jetty-webapp-9.4.48.v20220622.jar!/org/eclipse/jetty/webapp/webdefault.xml,STOPPED}
18:14:24.325 [Executing testGetSecretContextNotNullAndStoreContextNull(org.conjur.jenkins.conjursecrets.ConjurSecretCredentialImplTest)] DEBUG org.eclipse.jetty.servlet.BaseHolder -- Holding class org.eclipse.jetty.servlet.DefaultServlet from jdk.internal.loader.ClassLoaders$AppClassLoader@5ffd2b27
18:14:24.325 [Executing testGetSecretContextNotNullAndStoreContextNull(org.conjur.jenkins.conjursecrets.ConjurSecretCredentialImplTest)] DEBUG org.eclipse.jetty.util.component.AbstractLifeCycle -- STARTED @14883ms default==org.eclipse.jetty.servlet.DefaultServlet@5c13d641{jsp=null,order=0,inst=false,async=false,src=DESCRIPTOR:jar:file:/Users/sameer.shaik/.m2/repository/org/eclipse/jetty/jetty-webapp/9.4.48.v20220622/jetty-webapp-9.4.48.v20220622.jar!/org/eclipse/jetty/webapp/webdefault.xml,STARTED}
18:14:24.325 [Executing testGetSecretContextNotNullAndStoreContextNull(org.conjur.jenkins.conjursecrets.ConjurSecretCredentialImplTest)] DEBUG org.eclipse.jetty.servlet.ServletHolder -- Servlet.init null for default
18:14:24.326 [Executing testGetSecretContextNotNullAndStoreContextNull(org.conjur.jenkins.conjursecrets.ConjurSecretCredentialImplTest)] DEBUG org.eclipse.jetty.servlet.DefaultServlet -- resource base = null
18:14:24.326 [Executing testGetSecretContextNotNullAndStoreContextNull(org.conjur.jenkins.conjursecrets.ConjurSecretCredentialImplTest)] DEBUG org.eclipse.jetty.util.component.AbstractLifeCycle -- starting jsp==org.eclipse.jetty.servlet.NoJspServlet@19c47{jsp=null,order=0,inst=false,async=false,src=DESCRIPTOR:jar:file:/Users/sameer.shaik/.m2/repository/org/eclipse/jetty/jetty-webapp/9.4.48.v20220622/jetty-webapp-9.4.48.v20220622.jar!/org/eclipse/jetty/webapp/webdefault.xml,STOPPED}
18:14:24.326 [Executing testGetSecretContextNotNullAndStoreContextNull(org.conjur.jenkins.conjursecrets.ConjurSecretCredentialImplTest)] DEBUG org.eclipse.jetty.servlet.BaseHolder -- Holding class org.eclipse.jetty.servlet.NoJspServlet from jdk.internal.loader.ClassLoaders$AppClassLoader@5ffd2b27
18:14:24.326 [Executing testGetSecretContextNotNullAndStoreContextNull(org.conjur.jenkins.conjursecrets.ConjurSecretCredentialImplTest)] DEBUG org.eclipse.jetty.util.component.AbstractLifeCycle -- STARTED @14883ms jsp==org.eclipse.jetty.servlet.NoJspServlet@19c47{jsp=null,order=0,inst=false,async=false,src=DESCRIPTOR:jar:file:/Users/sameer.shaik/.m2/repository/org/eclipse/jetty/jetty-webapp/9.4.48.v20220622/jetty-webapp-9.4.48.v20220622.jar!/org/eclipse/jetty/webapp/webdefault.xml,STARTED}
18:14:24.326 [Executing testGetSecretContextNotNullAndStoreContextNull(org.conjur.jenkins.conjursecrets.ConjurSecretCredentialImplTest)] DEBUG org.eclipse.jetty.servlet.ServletHolder -- Servlet.init null for jsp
18:14:24.326 [Executing testGetSecretContextNotNullAndStoreContextNull(org.conjur.jenkins.conjursecrets.ConjurSecretCredentialImplTest)] INFO org.eclipse.jetty.server.handler.ContextHandler -- Started o.e.j.w.WebAppContext@7a9325be{Jenkins v2.346.3,/jenkins,file:///Users/sameer.shaik/MyWorkSpace/17OctV2.2.3-New-BitBucketIssueFixed/conjur-credentials-plugin/target/jenkins-for-test/,AVAILABLE}{/Users/sameer.shaik/MyWorkSpace/17OctV2.2.3-New-BitBucketIssueFixed/conjur-credentials-plugin/target/jenkins-for-test}
18:14:24.326 [Executing testGetSecretContextNotNullAndStoreContextNull(org.conjur.jenkins.conjursecrets.ConjurSecretCredentialImplTest)] DEBUG org.eclipse.jetty.webapp.WebAppContext -- postConfigure o.e.j.w.WebAppContext@7a9325be{Jenkins v2.346.3,/jenkins,file:///Users/sameer.shaik/MyWorkSpace/17OctV2.2.3-New-BitBucketIssueFixed/conjur-credentials-plugin/target/jenkins-for-test/,AVAILABLE}{/Users/sameer.shaik/MyWorkSpace/17OctV2.2.3-New-BitBucketIssueFixed/conjur-credentials-plugin/target/jenkins-for-test} with org.eclipse.jetty.webapp.WebXmlConfiguration@18511bc7
18:14:24.326 [Executing testGetSecretContextNotNullAndStoreContextNull(org.conjur.jenkins.conjursecrets.ConjurSecretCredentialImplTest)] DEBUG org.eclipse.jetty.util.component.AbstractLifeCycle -- STARTED @14884ms o.e.j.w.WebAppContext@7a9325be{Jenkins v2.346.3,/jenkins,file:///Users/sameer.shaik/MyWorkSpace/17OctV2.2.3-New-BitBucketIssueFixed/conjur-credentials-plugin/target/jenkins-for-test/,AVAILABLE}{/Users/sameer.shaik/MyWorkSpace/17OctV2.2.3-New-BitBucketIssueFixed/conjur-credentials-plugin/target/jenkins-for-test}
18:14:24.326 [Executing testGetSecretContextNotNullAndStoreContextNull(org.conjur.jenkins.conjursecrets.ConjurSecretCredentialImplTest)] DEBUG org.eclipse.jetty.util.component.AbstractLifeCycle -- starting ErrorHandler@2734c9cb{STOPPED}
18:14:24.326 [Executing testGetSecretContextNotNullAndStoreContextNull(org.conjur.jenkins.conjursecrets.ConjurSecretCredentialImplTest)] DEBUG org.eclipse.jetty.server.handler.AbstractHandler -- starting ErrorHandler@2734c9cb{STARTING}
18:14:24.326 [Executing testGetSecretContextNotNullAndStoreContextNull(org.conjur.jenkins.conjursecrets.ConjurSecretCredentialImplTest)] DEBUG org.eclipse.jetty.util.component.AbstractLifeCycle -- STARTED @14884ms ErrorHandler@2734c9cb{STARTED}
18:14:24.326 [Executing testGetSecretContextNotNullAndStoreContextNull(org.conjur.jenkins.conjursecrets.ConjurSecretCredentialImplTest)] DEBUG org.eclipse.jetty.util.component.AbstractLifeCycle -- starting ServerConnector@2b4c49a2{HTTP/1.1, (http/1.1)}{localhost:0}
18:14:24.327 [Executing testGetSecretContextNotNullAndStoreContextNull(org.conjur.jenkins.conjursecrets.ConjurSecretCredentialImplTest)] DEBUG org.eclipse.jetty.util.component.ContainerLifeCycle -- ServerConnector@2b4c49a2{HTTP/1.1, (http/1.1)}{localhost:51422} added {sun.nio.ch.ServerSocketChannelImpl[/127.0.0.1:51422],POJO}
18:14:24.327 [Executing testGetSecretContextNotNullAndStoreContextNull(org.conjur.jenkins.conjursecrets.ConjurSecretCredentialImplTest)] DEBUG org.eclipse.jetty.util.component.AbstractLifeCycle -- starting ScheduledExecutorScheduler@682cb48c{STOPPED}
18:14:24.327 [Executing testGetSecretContextNotNullAndStoreContextNull(org.conjur.jenkins.conjursecrets.ConjurSecretCredentialImplTest)] DEBUG org.eclipse.jetty.util.component.AbstractLifeCycle -- STARTED @14885ms ScheduledExecutorScheduler@682cb48c{STARTED}
18:14:24.327 [Executing testGetSecretContextNotNullAndStoreContextNull(org.conjur.jenkins.conjursecrets.ConjurSecretCredentialImplTest)] DEBUG org.eclipse.jetty.util.component.AbstractLifeCycle -- starting HttpConnectionFactory@4fffcd43[HTTP/1.1]
18:14:24.327 [Executing testGetSecretContextNotNullAndStoreContextNull(org.conjur.jenkins.conjursecrets.ConjurSecretCredentialImplTest)] DEBUG org.eclipse.jetty.util.component.AbstractLifeCycle -- STARTED @14885ms HttpConnectionFactory@4fffcd43[HTTP/1.1]
18:14:24.327 [Executing testGetSecretContextNotNullAndStoreContextNull(org.conjur.jenkins.conjursecrets.ConjurSecretCredentialImplTest)] DEBUG org.eclipse.jetty.util.component.AbstractLifeCycle -- starting SelectorManager@ServerConnector@2b4c49a2{HTTP/1.1, (http/1.1)}{localhost:51422}
18:14:24.327 [Executing testGetSecretContextNotNullAndStoreContextNull(org.conjur.jenkins.conjursecrets.ConjurSecretCredentialImplTest)] DEBUG org.eclipse.jetty.util.component.ContainerLifeCycle -- EatWhatYouKill@7b0ca8b4/SelectorProducer@14d286ce/IDLE/p=false/QueuedThreadPool[Jetty (JenkinsRule)]@3569c758{STARTED,8<=8<=200,i=8,r=-1,q=0}[ReservedThreadExecutor@6e7c95d6{reserved=0/16,pending=0}][pc=0,pic=0,pec=0,epc=0]@2024-10-22T18:14:24.327809+05:30 added {SelectorProducer@14d286ce,POJO}
18:14:24.328 [Executing testGetSecretContextNotNullAndStoreContextNull(org.conjur.jenkins.conjursecrets.ConjurSecretCredentialImplTest)] DEBUG org.eclipse.jetty.util.component.ContainerLifeCycle -- EatWhatYouKill@7b0ca8b4/SelectorProducer@14d286ce/IDLE/p=false/QueuedThreadPool[Jetty (JenkinsRule)]@3569c758{STARTED,8<=8<=200,i=8,r=-1,q=0}[ReservedThreadExecutor@6e7c95d6{reserved=0/16,pending=0}][pc=0,pic=0,pec=0,epc=0]@2024-10-22T18:14:24.327996+05:30 added {QueuedThreadPool[Jetty (JenkinsRule)]@3569c758{STARTED,8<=8<=200,i=8,r=-1,q=0}[ReservedThreadExecutor@6e7c95d6{reserved=0/16,pending=0}],UNMANAGED}
18:14:24.328 [Executing testGetSecretContextNotNullAndStoreContextNull(org.conjur.jenkins.conjursecrets.ConjurSecretCredentialImplTest)] DEBUG org.eclipse.jetty.util.thread.strategy.EatWhatYouKill -- EatWhatYouKill@7b0ca8b4/SelectorProducer@14d286ce/IDLE/p=false/QueuedThreadPool[Jetty (JenkinsRule)]@3569c758{STARTED,8<=8<=200,i=8,r=-1,q=0}[ReservedThreadExecutor@6e7c95d6{reserved=0/16,pending=0}][pc=0,pic=0,pec=0,epc=0]@2024-10-22T18:14:24.328268+05:30 created
18:14:24.328 [Executing testGetSecretContextNotNullAndStoreContextNull(org.conjur.jenkins.conjursecrets.ConjurSecretCredentialImplTest)] DEBUG org.eclipse.jetty.util.component.ContainerLifeCycle -- ManagedSelector@6b7db318{STOPPED} id=0 keys=-1 selected=-1 updates=0 added {EatWhatYouKill@7b0ca8b4/SelectorProducer@14d286ce/IDLE/p=false/QueuedThreadPool[Jetty (JenkinsRule)]@3569c758{STARTED,8<=8<=200,i=8,r=-1,q=0}[ReservedThreadExecutor@6e7c95d6{reserved=0/16,pending=0}][pc=0,pic=0,pec=0,epc=0]@2024-10-22T18:14:24.328442+05:30,MANAGED}
18:14:24.328 [Executing testGetSecretContextNotNullAndStoreContextNull(org.conjur.jenkins.conjursecrets.ConjurSecretCredentialImplTest)] DEBUG org.eclipse.jetty.util.component.ContainerLifeCycle -- SelectorManager@ServerConnector@2b4c49a2{HTTP/1.1, (http/1.1)}{localhost:51422} added {ManagedSelector@6b7db318{STOPPED} id=0 keys=-1 selected=-1 updates=0,AUTO}
18:14:24.328 [Executing testGetSecretContextNotNullAndStoreContextNull(org.conjur.jenkins.conjursecrets.ConjurSecretCredentialImplTest)] DEBUG org.eclipse.jetty.util.component.ContainerLifeCycle -- EatWhatYouKill@35ed4196/SelectorProducer@2b3a0697/IDLE/p=false/QueuedThreadPool[Jetty (JenkinsRule)]@3569c758{STARTED,8<=8<=200,i=8,r=-1,q=0}[ReservedThreadExecutor@6e7c95d6{reserved=0/16,pending=0}][pc=0,pic=0,pec=0,epc=0]@2024-10-22T18:14:24.328751+05:30 added {SelectorProducer@2b3a0697,POJO}
18:14:24.328 [Executing testGetSecretContextNotNullAndStoreContextNull(org.conjur.jenkins.conjursecrets.ConjurSecretCredentialImplTest)] DEBUG org.eclipse.jetty.util.component.ContainerLifeCycle -- EatWhatYouKill@35ed4196/SelectorProducer@2b3a0697/IDLE/p=false/QueuedThreadPool[Jetty (JenkinsRule)]@3569c758{STARTED,8<=8<=200,i=8,r=-1,q=0}[ReservedThreadExecutor@6e7c95d6{reserved=0/16,pending=0}][pc=0,pic=0,pec=0,epc=0]@2024-10-22T18:14:24.328883+05:30 added {QueuedThreadPool[Jetty (JenkinsRule)]@3569c758{STARTED,8<=8<=200,i=8,r=-1,q=0}[ReservedThreadExecutor@6e7c95d6{reserved=0/16,pending=0}],UNMANAGED}
18:14:24.329 [Executing testGetSecretContextNotNullAndStoreContextNull(org.conjur.jenkins.conjursecrets.ConjurSecretCredentialImplTest)] DEBUG org.eclipse.jetty.util.thread.strategy.EatWhatYouKill -- EatWhatYouKill@35ed4196/SelectorProducer@2b3a0697/IDLE/p=false/QueuedThreadPool[Jetty (JenkinsRule)]@3569c758{STARTED,8<=8<=200,i=8,r=-1,q=0}[ReservedThreadExecutor@6e7c95d6{reserved=0/16,pending=0}][pc=0,pic=0,pec=0,epc=0]@2024-10-22T18:14:24.329045+05:30 created
18:14:24.329 [Executing testGetSecretContextNotNullAndStoreContextNull(org.conjur.jenkins.conjursecrets.ConjurSecretCredentialImplTest)] DEBUG org.eclipse.jetty.util.component.ContainerLifeCycle -- ManagedSelector@2b5e01c8{STOPPED} id=1 keys=-1 selected=-1 updates=0 added {EatWhatYouKill@35ed4196/SelectorProducer@2b3a0697/IDLE/p=false/QueuedThreadPool[Jetty (JenkinsRule)]@3569c758{STARTED,8<=8<=200,i=8,r=-1,q=0}[ReservedThreadExecutor@6e7c95d6{reserved=0/16,pending=0}][pc=0,pic=0,pec=0,epc=0]@2024-10-22T18:14:24.329207+05:30,MANAGED}
18:14:24.329 [Executing testGetSecretContextNotNullAndStoreContextNull(org.conjur.jenkins.conjursecrets.ConjurSecretCredentialImplTest)] DEBUG org.eclipse.jetty.util.component.ContainerLifeCycle -- SelectorManager@ServerConnector@2b4c49a2{HTTP/1.1, (http/1.1)}{localhost:51422} added {ManagedSelector@2b5e01c8{STOPPED} id=1 keys=-1 selected=-1 updates=0,AUTO}
18:14:24.329 [Executing testGetSecretContextNotNullAndStoreContextNull(org.conjur.jenkins.conjursecrets.ConjurSecretCredentialImplTest)] DEBUG org.eclipse.jetty.util.component.ContainerLifeCycle -- EatWhatYouKill@2dbd92c8/SelectorProducer@72038718/IDLE/p=false/QueuedThreadPool[Jetty (JenkinsRule)]@3569c758{STARTED,8<=8<=200,i=8,r=-1,q=0}[ReservedThreadExecutor@6e7c95d6{reserved=0/16,pending=0}][pc=0,pic=0,pec=0,epc=0]@2024-10-22T18:14:24.329415+05:30 added {SelectorProducer@72038718,POJO}
18:14:24.329 [Executing testGetSecretContextNotNullAndStoreContextNull(org.conjur.jenkins.conjursecrets.ConjurSecretCredentialImplTest)] DEBUG org.eclipse.jetty.util.component.ContainerLifeCycle -- EatWhatYouKill@2dbd92c8/SelectorProducer@72038718/IDLE/p=false/QueuedThreadPool[Jetty (JenkinsRule)]@3569c758{STARTED,8<=8<=200,i=8,r=-1,q=0}[ReservedThreadExecutor@6e7c95d6{reserved=0/16,pending=0}][pc=0,pic=0,pec=0,epc=0]@2024-10-22T18:14:24.329535+05:30 added {QueuedThreadPool[Jetty (JenkinsRule)]@3569c758{STARTED,8<=8<=200,i=8,r=-1,q=0}[ReservedThreadExecutor@6e7c95d6{reserved=0/16,pending=0}],UNMANAGED}
18:14:24.329 [Executing testGetSecretContextNotNullAndStoreContextNull(org.conjur.jenkins.conjursecrets.ConjurSecretCredentialImplTest)] DEBUG org.eclipse.jetty.util.thread.strategy.EatWhatYouKill -- EatWhatYouKill@2dbd92c8/SelectorProducer@72038718/IDLE/p=false/QueuedThreadPool[Jetty (JenkinsRule)]@3569c758{STARTED,8<=8<=200,i=8,r=-1,q=0}[ReservedThreadExecutor@6e7c95d6{reserved=0/16,pending=0}][pc=0,pic=0,pec=0,epc=0]@2024-10-22T18:14:24.329704+05:30 created
18:14:24.329 [Executing testGetSecretContextNotNullAndStoreContextNull(org.conjur.jenkins.conjursecrets.ConjurSecretCredentialImplTest)] DEBUG org.eclipse.jetty.util.component.ContainerLifeCycle -- ManagedSelector@9763971{STOPPED} id=2 keys=-1 selected=-1 updates=0 added {EatWhatYouKill@2dbd92c8/SelectorProducer@72038718/IDLE/p=false/QueuedThreadPool[Jetty (JenkinsRule)]@3569c758{STARTED,8<=8<=200,i=8,r=-1,q=0}[ReservedThreadExecutor@6e7c95d6{reserved=0/16,pending=0}][pc=0,pic=0,pec=0,epc=0]@2024-10-22T18:14:24.329842+05:30,MANAGED}
18:14:24.329 [Executing testGetSecretContextNotNullAndStoreContextNull(org.conjur.jenkins.conjursecrets.ConjurSecretCredentialImplTest)] DEBUG org.eclipse.jetty.util.component.ContainerLifeCycle -- SelectorManager@ServerConnector@2b4c49a2{HTTP/1.1, (http/1.1)}{localhost:51422} added {ManagedSelector@9763971{STOPPED} id=2 keys=-1 selected=-1 updates=0,AUTO}
18:14:24.330 [Executing testGetSecretContextNotNullAndStoreContextNull(org.conjur.jenkins.conjursecrets.ConjurSecretCredentialImplTest)] DEBUG org.eclipse.jetty.util.component.ContainerLifeCycle -- EatWhatYouKill@52fd29d6/SelectorProducer@1317ca93/IDLE/p=false/QueuedThreadPool[Jetty (JenkinsRule)]@3569c758{STARTED,8<=8<=200,i=8,r=-1,q=0}[ReservedThreadExecutor@6e7c95d6{reserved=0/16,pending=0}][pc=0,pic=0,pec=0,epc=0]@2024-10-22T18:14:24.330147+05:30 added {SelectorProducer@1317ca93,POJO}
18:14:24.330 [Executing testGetSecretContextNotNullAndStoreContextNull(org.conjur.jenkins.conjursecrets.ConjurSecretCredentialImplTest)] DEBUG org.eclipse.jetty.util.component.ContainerLifeCycle -- EatWhatYouKill@52fd29d6/SelectorProducer@1317ca93/IDLE/p=false/QueuedThreadPool[Jetty (JenkinsRule)]@3569c758{STARTED,8<=8<=200,i=8,r=-1,q=0}[ReservedThreadExecutor@6e7c95d6{reserved=0/16,pending=0}][pc=0,pic=0,pec=0,epc=0]@2024-10-22T18:14:24.330325+05:30 added {QueuedThreadPool[Jetty (JenkinsRule)]@3569c758{STARTED,8<=8<=200,i=8,r=-1,q=0}[ReservedThreadExecutor@6e7c95d6{reserved=0/16,pending=0}],UNMANAGED}
18:14:24.330 [Executing testGetSecretContextNotNullAndStoreContextNull(org.conjur.jenkins.conjursecrets.ConjurSecretCredentialImplTest)] DEBUG org.eclipse.jetty.util.thread.strategy.EatWhatYouKill -- EatWhatYouKill@52fd29d6/SelectorProducer@1317ca93/IDLE/p=false/QueuedThreadPool[Jetty (JenkinsRule)]@3569c758{STARTED,8<=8<=200,i=8,r=-1,q=0}[ReservedThreadExecutor@6e7c95d6{reserved=0/16,pending=0}][pc=0,pic=0,pec=0,epc=0]@2024-10-22T18:14:24.330532+05:30 created
18:14:24.330 [Executing testGetSecretContextNotNullAndStoreContextNull(org.conjur.jenkins.conjursecrets.ConjurSecretCredentialImplTest)] DEBUG org.eclipse.jetty.util.component.ContainerLifeCycle -- ManagedSelector@7d42b4ae{STOPPED} id=3 keys=-1 selected=-1 updates=0 added {EatWhatYouKill@52fd29d6/SelectorProducer@1317ca93/IDLE/p=false/QueuedThreadPool[Jetty (JenkinsRule)]@3569c758{STARTED,8<=8<=200,i=8,r=-1,q=0}[ReservedThreadExecutor@6e7c95d6{reserved=0/16,pending=0}][pc=0,pic=0,pec=0,epc=0]@2024-10-22T18:14:24.330717+05:30,MANAGED}
18:14:24.330 [Executing testGetSecretContextNotNullAndStoreContextNull(org.conjur.jenkins.conjursecrets.ConjurSecretCredentialImplTest)] DEBUG org.eclipse.jetty.util.component.ContainerLifeCycle -- SelectorManager@ServerConnector@2b4c49a2{HTTP/1.1, (http/1.1)}{localhost:51422} added {ManagedSelector@7d42b4ae{STOPPED} id=3 keys=-1 selected=-1 updates=0,AUTO}
18:14:24.330 [Executing testGetSecretContextNotNullAndStoreContextNull(org.conjur.jenkins.conjursecrets.ConjurSecretCredentialImplTest)] DEBUG org.eclipse.jetty.util.component.ContainerLifeCycle -- EatWhatYouKill@4547b7c6/SelectorProducer@7ecf8521/IDLE/p=false/QueuedThreadPool[Jetty (JenkinsRule)]@3569c758{STARTED,8<=8<=200,i=8,r=-1,q=0}[ReservedThreadExecutor@6e7c95d6{reserved=0/16,pending=0}][pc=0,pic=0,pec=0,epc=0]@2024-10-22T18:14:24.330967+05:30 added {SelectorProducer@7ecf8521,POJO}
18:14:24.331 [Executing testGetSecretContextNotNullAndStoreContextNull(org.conjur.jenkins.conjursecrets.ConjurSecretCredentialImplTest)] DEBUG org.eclipse.jetty.util.component.ContainerLifeCycle -- EatWhatYouKill@4547b7c6/SelectorProducer@7ecf8521/IDLE/p=false/QueuedThreadPool[Jetty (JenkinsRule)]@3569c758{STARTED,8<=8<=200,i=8,r=-1,q=0}[ReservedThreadExecutor@6e7c95d6{reserved=0/16,pending=0}][pc=0,pic=0,pec=0,epc=0]@2024-10-22T18:14:24.331082+05:30 added {QueuedThreadPool[Jetty (JenkinsRule)]@3569c758{STARTED,8<=8<=200,i=8,r=-1,q=0}[ReservedThreadExecutor@6e7c95d6{reserved=0/16,pending=0}],UNMANAGED}
18:14:24.331 [Executing testGetSecretContextNotNullAndStoreContextNull(org.conjur.jenkins.conjursecrets.ConjurSecretCredentialImplTest)] DEBUG org.eclipse.jetty.util.thread.strategy.EatWhatYouKill -- EatWhatYouKill@4547b7c6/SelectorProducer@7ecf8521/IDLE/p=false/QueuedThreadPool[Jetty (JenkinsRule)]@3569c758{STARTED,8<=8<=200,i=8,r=-1,q=0}[ReservedThreadExecutor@6e7c95d6{reserved=0/16,pending=0}][pc=0,pic=0,pec=0,epc=0]@2024-10-22T18:14:24.331247+05:30 created
18:14:24.331 [Executing testGetSecretContextNotNullAndStoreContextNull(org.conjur.jenkins.conjursecrets.ConjurSecretCredentialImplTest)] DEBUG org.eclipse.jetty.util.component.ContainerLifeCycle -- ManagedSelector@53218b39{STOPPED} id=4 keys=-1 selected=-1 updates=0 added {EatWhatYouKill@4547b7c6/SelectorProducer@7ecf8521/IDLE/p=false/QueuedThreadPool[Jetty (JenkinsRule)]@3569c758{STARTED,8<=8<=200,i=8,r=-1,q=0}[ReservedThreadExecutor@6e7c95d6{reserved=0/16,pending=0}][pc=0,pic=0,pec=0,epc=0]@2024-10-22T18:14:24.331375+05:30,MANAGED}
18:14:24.331 [Executing testGetSecretContextNotNullAndStoreContextNull(org.conjur.jenkins.conjursecrets.ConjurSecretCredentialImplTest)] DEBUG org.eclipse.jetty.util.component.ContainerLifeCycle -- SelectorManager@ServerConnector@2b4c49a2{HTTP/1.1, (http/1.1)}{localhost:51422} added {ManagedSelector@53218b39{STOPPED} id=4 keys=-1 selected=-1 updates=0,AUTO}
18:14:24.331 [Executing testGetSecretContextNotNullAndStoreContextNull(org.conjur.jenkins.conjursecrets.ConjurSecretCredentialImplTest)] DEBUG org.eclipse.jetty.util.component.ContainerLifeCycle -- EatWhatYouKill@3baea237/SelectorProducer@43afdb03/IDLE/p=false/QueuedThreadPool[Jetty (JenkinsRule)]@3569c758{STARTED,8<=8<=200,i=8,r=-1,q=0}[ReservedThreadExecutor@6e7c95d6{reserved=0/16,pending=0}][pc=0,pic=0,pec=0,epc=0]@2024-10-22T18:14:24.331603+05:30 added {SelectorProducer@43afdb03,POJO}
18:14:24.331 [Executing testGetSecretContextNotNullAndStoreContextNull(org.conjur.jenkins.conjursecrets.ConjurSecretCredentialImplTest)] DEBUG org.eclipse.jetty.util.component.ContainerLifeCycle -- EatWhatYouKill@3baea237/SelectorProducer@43afdb03/IDLE/p=false/QueuedThreadPool[Jetty (JenkinsRule)]@3569c758{STARTED,8<=8<=200,i=8,r=-1,q=0}[ReservedThreadExecutor@6e7c95d6{reserved=0/16,pending=0}][pc=0,pic=0,pec=0,epc=0]@2024-10-22T18:14:24.331743+05:30 added {QueuedThreadPool[Jetty (JenkinsRule)]@3569c758{STARTED,8<=8<=200,i=8,r=-1,q=0}[ReservedThreadExecutor@6e7c95d6{reserved=0/16,pending=0}],UNMANAGED}
18:14:24.331 [Executing testGetSecretContextNotNullAndStoreContextNull(org.conjur.jenkins.conjursecrets.ConjurSecretCredentialImplTest)] DEBUG org.eclipse.jetty.util.thread.strategy.EatWhatYouKill -- EatWhatYouKill@3baea237/SelectorProducer@43afdb03/IDLE/p=false/QueuedThreadPool[Jetty (JenkinsRule)]@3569c758{STARTED,8<=8<=200,i=8,r=-1,q=0}[ReservedThreadExecutor@6e7c95d6{reserved=0/16,pending=0}][pc=0,pic=0,pec=0,epc=0]@2024-10-22T18:14:24.331885+05:30 created
18:14:24.332 [Executing testGetSecretContextNotNullAndStoreContextNull(org.conjur.jenkins.conjursecrets.ConjurSecretCredentialImplTest)] DEBUG org.eclipse.jetty.util.component.ContainerLifeCycle -- ManagedSelector@41cba8da{STOPPED} id=5 keys=-1 selected=-1 updates=0 added {EatWhatYouKill@3baea237/SelectorProducer@43afdb03/IDLE/p=false/QueuedThreadPool[Jetty (JenkinsRule)]@3569c758{STARTED,8<=8<=200,i=8,r=-1,q=0}[ReservedThreadExecutor@6e7c95d6{reserved=0/16,pending=0}][pc=0,pic=0,pec=0,epc=0]@2024-10-22T18:14:24.332011+05:30,MANAGED}
18:14:24.332 [Executing testGetSecretContextNotNullAndStoreContextNull(org.conjur.jenkins.conjursecrets.ConjurSecretCredentialImplTest)] DEBUG org.eclipse.jetty.util.component.ContainerLifeCycle -- SelectorManager@ServerConnector@2b4c49a2{HTTP/1.1, (http/1.1)}{localhost:51422} added {ManagedSelector@41cba8da{STOPPED} id=5 keys=-1 selected=-1 updates=0,AUTO}
18:14:24.332 [Executing testGetSecretContextNotNullAndStoreContextNull(org.conjur.jenkins.conjursecrets.ConjurSecretCredentialImplTest)] DEBUG org.eclipse.jetty.util.component.ContainerLifeCycle -- EatWhatYouKill@1eec9b99/SelectorProducer@501d3d69/IDLE/p=false/QueuedThreadPool[Jetty (JenkinsRule)]@3569c758{STARTED,8<=8<=200,i=8,r=-1,q=0}[ReservedThreadExecutor@6e7c95d6{reserved=0/16,pending=0}][pc=0,pic=0,pec=0,epc=0]@2024-10-22T18:14:24.332272+05:30 added {SelectorProducer@501d3d69,POJO}
18:14:24.332 [Executing testGetSecretContextNotNullAndStoreContextNull(org.conjur.jenkins.conjursecrets.ConjurSecretCredentialImplTest)] DEBUG org.eclipse.jetty.util.component.ContainerLifeCycle -- EatWhatYouKill@1eec9b99/SelectorProducer@501d3d69/IDLE/p=false/QueuedThreadPool[Jetty (JenkinsRule)]@3569c758{STARTED,8<=8<=200,i=8,r=-1,q=0}[ReservedThreadExecutor@6e7c95d6{reserved=0/16,pending=0}][pc=0,pic=0,pec=0,epc=0]@2024-10-22T18:14:24.3324+05:30 added {QueuedThreadPool[Jetty (JenkinsRule)]@3569c758{STARTED,8<=8<=200,i=8,r=-1,q=0}[ReservedThreadExecutor@6e7c95d6{reserved=0/16,pending=0}],UNMANAGED}
18:14:24.332 [Executing testGetSecretContextNotNullAndStoreContextNull(org.conjur.jenkins.conjursecrets.ConjurSecretCredentialImplTest)] DEBUG org.eclipse.jetty.util.thread.strategy.EatWhatYouKill -- EatWhatYouKill@1eec9b99/SelectorProducer@501d3d69/IDLE/p=false/QueuedThreadPool[Jetty (JenkinsRule)]@3569c758{STARTED,8<=8<=200,i=8,r=-1,q=0}[ReservedThreadExecutor@6e7c95d6{reserved=0/16,pending=0}][pc=0,pic=0,pec=0,epc=0]@2024-10-22T18:14:24.332572+05:30 created
18:14:24.332 [Executing testGetSecretContextNotNullAndStoreContextNull(org.conjur.jenkins.conjursecrets.ConjurSecretCredentialImplTest)] DEBUG org.eclipse.jetty.util.component.ContainerLifeCycle -- ManagedSelector@6dd783aa{STOPPED} id=6 keys=-1 selected=-1 updates=0 added {EatWhatYouKill@1eec9b99/SelectorProducer@501d3d69/IDLE/p=false/QueuedThreadPool[Jetty (JenkinsRule)]@3569c758{STARTED,8<=8<=200,i=8,r=-1,q=0}[ReservedThreadExecutor@6e7c95d6{reserved=0/16,pending=0}][pc=0,pic=0,pec=0,epc=0]@2024-10-22T18:14:24.332738+05:30,MANAGED}
18:14:24.332 [Executing testGetSecretContextNotNullAndStoreContextNull(org.conjur.jenkins.conjursecrets.ConjurSecretCredentialImplTest)] DEBUG org.eclipse.jetty.util.component.ContainerLifeCycle -- SelectorManager@ServerConnector@2b4c49a2{HTTP/1.1, (http/1.1)}{localhost:51422} added {ManagedSelector@6dd783aa{STOPPED} id=6 keys=-1 selected=-1 updates=0,AUTO}
18:14:24.332 [Executing testGetSecretContextNotNullAndStoreContextNull(org.conjur.jenkins.conjursecrets.ConjurSecretCredentialImplTest)] DEBUG org.eclipse.jetty.util.component.ContainerLifeCycle -- EatWhatYouKill@71466bb2/SelectorProducer@b0c1650/IDLE/p=false/QueuedThreadPool[Jetty (JenkinsRule)]@3569c758{STARTED,8<=8<=200,i=8,r=-1,q=0}[ReservedThreadExecutor@6e7c95d6{reserved=0/16,pending=0}][pc=0,pic=0,pec=0,epc=0]@2024-10-22T18:14:24.332955+05:30 added {SelectorProducer@b0c1650,POJO}
18:14:24.333 [Executing testGetSecretContextNotNullAndStoreContextNull(org.conjur.jenkins.conjursecrets.ConjurSecretCredentialImplTest)] DEBUG org.eclipse.jetty.util.component.ContainerLifeCycle -- EatWhatYouKill@71466bb2/SelectorProducer@b0c1650/IDLE/p=false/QueuedThreadPool[Jetty (JenkinsRule)]@3569c758{STARTED,8<=8<=200,i=8,r=-1,q=0}[ReservedThreadExecutor@6e7c95d6{reserved=0/16,pending=0}][pc=0,pic=0,pec=0,epc=0]@2024-10-22T18:14:24.333071+05:30 added {QueuedThreadPool[Jetty (JenkinsRule)]@3569c758{STARTED,8<=8<=200,i=8,r=-1,q=0}[ReservedThreadExecutor@6e7c95d6{reserved=0/16,pending=0}],UNMANAGED}
18:14:24.333 [Executing testGetSecretContextNotNullAndStoreContextNull(org.conjur.jenkins.conjursecrets.ConjurSecretCredentialImplTest)] DEBUG org.eclipse.jetty.util.thread.strategy.EatWhatYouKill -- EatWhatYouKill@71466bb2/SelectorProducer@b0c1650/IDLE/p=false/QueuedThreadPool[Jetty (JenkinsRule)]@3569c758{STARTED,8<=8<=200,i=8,r=-1,q=0}[ReservedThreadExecutor@6e7c95d6{reserved=0/16,pending=0}][pc=0,pic=0,pec=0,epc=0]@2024-10-22T18:14:24.333232+05:30 created
18:14:24.333 [Executing testGetSecretContextNotNullAndStoreContextNull(org.conjur.jenkins.conjursecrets.ConjurSecretCredentialImplTest)] DEBUG org.eclipse.jetty.util.component.ContainerLifeCycle -- ManagedSelector@3243842d{STOPPED} id=7 keys=-1 selected=-1 updates=0 added {EatWhatYouKill@71466bb2/SelectorProducer@b0c1650/IDLE/p=false/QueuedThreadPool[Jetty (JenkinsRule)]@3569c758{STARTED,8<=8<=200,i=8,r=-1,q=0}[ReservedThreadExecutor@6e7c95d6{reserved=0/16,pending=0}][pc=0,pic=0,pec=0,epc=0]@2024-10-22T18:14:24.333366+05:30,MANAGED}
18:14:24.333 [Executing testGetSecretContextNotNullAndStoreContextNull(org.conjur.jenkins.conjursecrets.ConjurSecretCredentialImplTest)] DEBUG org.eclipse.jetty.util.component.ContainerLifeCycle -- SelectorManager@ServerConnector@2b4c49a2{HTTP/1.1, (http/1.1)}{localhost:51422} added {ManagedSelector@3243842d{STOPPED} id=7 keys=-1 selected=-1 updates=0,AUTO}
18:14:24.333 [Executing testGetSecretContextNotNullAndStoreContextNull(org.conjur.jenkins.conjursecrets.ConjurSecretCredentialImplTest)] DEBUG org.eclipse.jetty.util.component.AbstractLifeCycle -- starting ManagedSelector@6b7db318{STOPPED} id=0 keys=-1 selected=-1 updates=0
18:14:24.333 [Executing testGetSecretContextNotNullAndStoreContextNull(org.conjur.jenkins.conjursecrets.ConjurSecretCredentialImplTest)] DEBUG org.eclipse.jetty.util.component.AbstractLifeCycle -- starting EatWhatYouKill@7b0ca8b4/SelectorProducer@14d286ce/IDLE/p=false/QueuedThreadPool[Jetty (JenkinsRule)]@3569c758{STARTED,8<=8<=200,i=8,r=-1,q=0}[ReservedThreadExecutor@6e7c95d6{reserved=0/16,pending=0}][pc=0,pic=0,pec=0,epc=0]@2024-10-22T18:14:24.333711+05:30
18:14:24.333 [Executing testGetSecretContextNotNullAndStoreContextNull(org.conjur.jenkins.conjursecrets.ConjurSecretCredentialImplTest)] DEBUG org.eclipse.jetty.util.component.AbstractLifeCycle -- STARTED @14891ms EatWhatYouKill@7b0ca8b4/SelectorProducer@14d286ce/IDLE/p=false/QueuedThreadPool[Jetty (JenkinsRule)]@3569c758{STARTED,8<=8<=200,i=8,r=-1,q=0}[ReservedThreadExecutor@6e7c95d6{reserved=0/16,pending=0}][pc=0,pic=0,pec=0,epc=0]@2024-10-22T18:14:24.333828+05:30
18:14:24.333 [Executing testGetSecretContextNotNullAndStoreContextNull(org.conjur.jenkins.conjursecrets.ConjurSecretCredentialImplTest)] DEBUG org.eclipse.jetty.util.thread.QueuedThreadPool -- queue org.eclipse.jetty.io.ManagedSelector$$Lambda$424/0x00000001333325e0@63d89b1c startThread=0
18:14:24.334 [Jetty (JenkinsRule)-170] DEBUG org.eclipse.jetty.util.thread.QueuedThreadPool -- run org.eclipse.jetty.io.ManagedSelector$$Lambda$424/0x00000001333325e0@63d89b1c in QueuedThreadPool[Jetty (JenkinsRule)]@3569c758{STARTED,8<=8<=200,i=7,r=-1,q=0}[ReservedThreadExecutor@6e7c95d6{reserved=0/16,pending=0}]
18:14:24.334 [Executing testGetSecretContextNotNullAndStoreContextNull(org.conjur.jenkins.conjursecrets.ConjurSecretCredentialImplTest)] DEBUG org.eclipse.jetty.io.ManagedSelector -- Queued change lazy=false org.eclipse.jetty.io.ManagedSelector$Start@2101772e on ManagedSelector@6b7db318{STARTING} id=0 keys=0 selected=0 updates=0
18:14:24.334 [Jetty (JenkinsRule)-170] DEBUG org.eclipse.jetty.util.thread.strategy.EatWhatYouKill -- EatWhatYouKill@7b0ca8b4/SelectorProducer@14d286ce/IDLE/p=false/QueuedThreadPool[Jetty (JenkinsRule)]@3569c758{STARTED,8<=8<=200,i=7,r=-1,q=0}[ReservedThreadExecutor@6e7c95d6{reserved=0/16,pending=0}][pc=0,pic=0,pec=0,epc=0]@2024-10-22T18:14:24.334167+05:30 tryProduce false
18:14:24.334 [Jetty (JenkinsRule)-170] DEBUG org.eclipse.jetty.io.ManagedSelector -- updateable 1
18:14:24.334 [Jetty (JenkinsRule)-170] DEBUG org.eclipse.jetty.io.ManagedSelector -- update org.eclipse.jetty.io.ManagedSelector$Start@2101772e
18:14:24.334 [Jetty (JenkinsRule)-170] DEBUG org.eclipse.jetty.io.ManagedSelector -- updates 0
18:14:24.334 [Jetty (JenkinsRule)-170] DEBUG org.eclipse.jetty.io.ManagedSelector -- Selector sun.nio.ch.KQueueSelectorImpl@30c6e5ac waiting with 0 keys
18:14:24.334 [Executing testGetSecretContextNotNullAndStoreContextNull(org.conjur.jenkins.conjursecrets.ConjurSecretCredentialImplTest)] DEBUG org.eclipse.jetty.util.component.AbstractLifeCycle -- STARTED @14892ms ManagedSelector@6b7db318{STARTED} id=0 keys=0 selected=0 updates=0
18:14:24.334 [Executing testGetSecretContextNotNullAndStoreContextNull(org.conjur.jenkins.conjursecrets.ConjurSecretCredentialImplTest)] DEBUG org.eclipse.jetty.util.component.AbstractLifeCycle -- starting ManagedSelector@2b5e01c8{STOPPED} id=1 keys=-1 selected=-1 updates=0
18:14:24.334 [Executing testGetSecretContextNotNullAndStoreContextNull(org.conjur.jenkins.conjursecrets.ConjurSecretCredentialImplTest)] DEBUG org.eclipse.jetty.util.component.AbstractLifeCycle -- starting EatWhatYouKill@35ed4196/SelectorProducer@2b3a0697/IDLE/p=false/QueuedThreadPool[Jetty (JenkinsRule)]@3569c758{STARTED,8<=8<=200,i=7,r=-1,q=0}[ReservedThreadExecutor@6e7c95d6{reserved=0/16,pending=0}][pc=0,pic=0,pec=0,epc=0]@2024-10-22T18:14:24.334531+05:30
18:14:24.334 [Executing testGetSecretContextNotNullAndStoreContextNull(org.conjur.jenkins.conjursecrets.ConjurSecretCredentialImplTest)] DEBUG org.eclipse.jetty.util.component.AbstractLifeCycle -- STARTED @14892ms EatWhatYouKill@35ed4196/SelectorProducer@2b3a0697/IDLE/p=false/QueuedThreadPool[Jetty (JenkinsRule)]@3569c758{STARTED,8<=8<=200,i=7,r=-1,q=0}[ReservedThreadExecutor@6e7c95d6{reserved=0/16,pending=0}][pc=0,pic=0,pec=0,epc=0]@2024-10-22T18:14:24.334693+05:30
18:14:24.334 [Executing testGetSecretContextNotNullAndStoreContextNull(org.conjur.jenkins.conjursecrets.ConjurSecretCredentialImplTest)] DEBUG org.eclipse.jetty.util.thread.QueuedThreadPool -- queue org.eclipse.jetty.io.ManagedSelector$$Lambda$424/0x00000001333325e0@4a544bc8 startThread=0
18:14:24.334 [Jetty (JenkinsRule)-171] DEBUG org.eclipse.jetty.util.thread.QueuedThreadPool -- run org.eclipse.jetty.io.ManagedSelector$$Lambda$424/0x00000001333325e0@4a544bc8 in QueuedThreadPool[Jetty (JenkinsRule)]@3569c758{STARTED,8<=8<=200,i=6,r=-1,q=0}[ReservedThreadExecutor@6e7c95d6{reserved=0/16,pending=0}]
18:14:24.335 [Executing testGetSecretContextNotNullAndStoreContextNull(org.conjur.jenkins.conjursecrets.ConjurSecretCredentialImplTest)] DEBUG org.eclipse.jetty.io.ManagedSelector -- Queued change lazy=false org.eclipse.jetty.io.ManagedSelector$Start@6418cc43 on ManagedSelector@2b5e01c8{STARTING} id=1 keys=0 selected=0 updates=0
18:14:24.335 [Jetty (JenkinsRule)-171] DEBUG org.eclipse.jetty.util.thread.strategy.EatWhatYouKill -- EatWhatYouKill@35ed4196/SelectorProducer@2b3a0697/IDLE/p=false/QueuedThreadPool[Jetty (JenkinsRule)]@3569c758{STARTED,8<=8<=200,i=6,r=-1,q=0}[ReservedThreadExecutor@6e7c95d6{reserved=0/16,pending=0}][pc=0,pic=0,pec=0,epc=0]@2024-10-22T18:14:24.335166+05:30 tryProduce false
18:14:24.335 [Jetty (JenkinsRule)-171] DEBUG org.eclipse.jetty.io.ManagedSelector -- updateable 1
18:14:24.335 [Jetty (JenkinsRule)-171] DEBUG org.eclipse.jetty.io.ManagedSelector -- update org.eclipse.jetty.io.ManagedSelector$Start@6418cc43
18:14:24.335 [Jetty (JenkinsRule)-171] DEBUG org.eclipse.jetty.io.ManagedSelector -- updates 0
18:14:24.335 [Jetty (JenkinsRule)-171] DEBUG org.eclipse.jetty.io.ManagedSelector -- Selector sun.nio.ch.KQueueSelectorImpl@2e772fb6 waiting with 0 keys
18:14:24.335 [Executing testGetSecretContextNotNullAndStoreContextNull(org.conjur.jenkins.conjursecrets.ConjurSecretCredentialImplTest)] DEBUG org.eclipse.jetty.util.component.AbstractLifeCycle -- STARTED @14893ms ManagedSelector@2b5e01c8{STARTED} id=1 keys=0 selected=0 updates=0
18:14:24.335 [Executing testGetSecretContextNotNullAndStoreContextNull(org.conjur.jenkins.conjursecrets.ConjurSecretCredentialImplTest)] DEBUG org.eclipse.jetty.util.component.AbstractLifeCycle -- starting ManagedSelector@9763971{STOPPED} id=2 keys=-1 selected=-1 updates=0
18:14:24.335 [Executing testGetSecretContextNotNullAndStoreContextNull(org.conjur.jenkins.conjursecrets.ConjurSecretCredentialImplTest)] DEBUG org.eclipse.jetty.util.component.AbstractLifeCycle -- starting EatWhatYouKill@2dbd92c8/SelectorProducer@72038718/IDLE/p=false/QueuedThreadPool[Jetty (JenkinsRule)]@3569c758{STARTED,8<=8<=200,i=6,r=-1,q=0}[ReservedThreadExecutor@6e7c95d6{reserved=0/16,pending=0}][pc=0,pic=0,pec=0,epc=0]@2024-10-22T18:14:24.335635+05:30
18:14:24.335 [Executing testGetSecretContextNotNullAndStoreContextNull(org.conjur.jenkins.conjursecrets.ConjurSecretCredentialImplTest)] DEBUG org.eclipse.jetty.util.component.AbstractLifeCycle -- STARTED @14893ms EatWhatYouKill@2dbd92c8/SelectorProducer@72038718/IDLE/p=false/QueuedThreadPool[Jetty (JenkinsRule)]@3569c758{STARTED,8<=8<=200,i=6,r=-1,q=0}[ReservedThreadExecutor@6e7c95d6{reserved=0/16,pending=0}][pc=0,pic=0,pec=0,epc=0]@2024-10-22T18:14:24.335743+05:30
18:14:24.335 [Executing testGetSecretContextNotNullAndStoreContextNull(org.conjur.jenkins.conjursecrets.ConjurSecretCredentialImplTest)] DEBUG org.eclipse.jetty.util.thread.QueuedThreadPool -- queue org.eclipse.jetty.io.ManagedSelector$$Lambda$424/0x00000001333325e0@43bfbba7 startThread=0
18:14:24.335 [Executing testGetSecretContextNotNullAndStoreContextNull(org.conjur.jenkins.conjursecrets.ConjurSecretCredentialImplTest)] DEBUG org.eclipse.jetty.io.ManagedSelector -- Queued change lazy=false org.eclipse.jetty.io.ManagedSelector$Start@69ad1cf9 on ManagedSelector@9763971{STARTING} id=2 keys=0 selected=0 updates=0
18:14:24.335 [Jetty (JenkinsRule)-172] DEBUG org.eclipse.jetty.util.thread.QueuedThreadPool -- run org.eclipse.jetty.io.ManagedSelector$$Lambda$424/0x00000001333325e0@43bfbba7 in QueuedThreadPool[Jetty (JenkinsRule)]@3569c758{STARTED,8<=8<=200,i=5,r=-1,q=0}[ReservedThreadExecutor@6e7c95d6{reserved=0/16,pending=0}]
18:14:24.336 [Jetty (JenkinsRule)-172] DEBUG org.eclipse.jetty.util.thread.strategy.EatWhatYouKill -- EatWhatYouKill@2dbd92c8/SelectorProducer@72038718/IDLE/p=false/QueuedThreadPool[Jetty (JenkinsRule)]@3569c758{STARTED,8<=8<=200,i=5,r=-1,q=0}[ReservedThreadExecutor@6e7c95d6{reserved=0/16,pending=0}][pc=0,pic=0,pec=0,epc=0]@2024-10-22T18:14:24.336029+05:30 tryProduce false
18:14:24.336 [Jetty (JenkinsRule)-172] DEBUG org.eclipse.jetty.io.ManagedSelector -- updateable 1
18:14:24.336 [Jetty (JenkinsRule)-172] DEBUG org.eclipse.jetty.io.ManagedSelector -- update org.eclipse.jetty.io.ManagedSelector$Start@69ad1cf9
18:14:24.336 [Jetty (JenkinsRule)-172] DEBUG org.eclipse.jetty.io.ManagedSelector -- updates 0
18:14:24.336 [Jetty (JenkinsRule)-172] DEBUG org.eclipse.jetty.io.ManagedSelector -- Selector sun.nio.ch.KQueueSelectorImpl@75f572a4 waiting with 0 keys
18:14:24.336 [Executing testGetSecretContextNotNullAndStoreContextNull(org.conjur.jenkins.conjursecrets.ConjurSecretCredentialImplTest)] DEBUG org.eclipse.jetty.util.component.AbstractLifeCycle -- STARTED @14893ms ManagedSelector@9763971{STARTED} id=2 keys=0 selected=0 updates=0
18:14:24.336 [Executing testGetSecretContextNotNullAndStoreContextNull(org.conjur.jenkins.conjursecrets.ConjurSecretCredentialImplTest)] DEBUG org.eclipse.jetty.util.component.AbstractLifeCycle -- starting ManagedSelector@7d42b4ae{STOPPED} id=3 keys=-1 selected=-1 updates=0
18:14:24.336 [Executing testGetSecretContextNotNullAndStoreContextNull(org.conjur.jenkins.conjursecrets.ConjurSecretCredentialImplTest)] DEBUG org.eclipse.jetty.util.component.AbstractLifeCycle -- starting EatWhatYouKill@52fd29d6/SelectorProducer@1317ca93/IDLE/p=false/QueuedThreadPool[Jetty (JenkinsRule)]@3569c758{STARTED,8<=8<=200,i=5,r=-1,q=0}[ReservedThreadExecutor@6e7c95d6{reserved=0/16,pending=0}][pc=0,pic=0,pec=0,epc=0]@2024-10-22T18:14:24.336388+05:30
18:14:24.336 [Executing testGetSecretContextNotNullAndStoreContextNull(org.conjur.jenkins.conjursecrets.ConjurSecretCredentialImplTest)] DEBUG org.eclipse.jetty.util.component.AbstractLifeCycle -- STARTED @14894ms EatWhatYouKill@52fd29d6/SelectorProducer@1317ca93/IDLE/p=false/QueuedThreadPool[Jetty (JenkinsRule)]@3569c758{STARTED,8<=8<=200,i=5,r=-1,q=0}[ReservedThreadExecutor@6e7c95d6{reserved=0/16,pending=0}][pc=0,pic=0,pec=0,epc=0]@2024-10-22T18:14:24.33651+05:30
18:14:24.336 [Executing testGetSecretContextNotNullAndStoreContextNull(org.conjur.jenkins.conjursecrets.ConjurSecretCredentialImplTest)] DEBUG org.eclipse.jetty.util.thread.QueuedThreadPool -- queue org.eclipse.jetty.io.ManagedSelector$$Lambda$424/0x00000001333325e0@14f100f startThread=0
18:14:24.336 [Executing testGetSecretContextNotNullAndStoreContextNull(org.conjur.jenkins.conjursecrets.ConjurSecretCredentialImplTest)] DEBUG org.eclipse.jetty.io.ManagedSelector -- Queued change lazy=false org.eclipse.jetty.io.ManagedSelector$Start@2397aeb1 on ManagedSelector@7d42b4ae{STARTING} id=3 keys=0 selected=0 updates=0
18:14:24.336 [Jetty (JenkinsRule)-173] DEBUG org.eclipse.jetty.util.thread.QueuedThreadPool -- run org.eclipse.jetty.io.ManagedSelector$$Lambda$424/0x00000001333325e0@14f100f in QueuedThreadPool[Jetty (JenkinsRule)]@3569c758{STARTED,8<=8<=200,i=4,r=-1,q=0}[ReservedThreadExecutor@6e7c95d6{reserved=0/16,pending=0}]
18:14:24.336 [Jetty (JenkinsRule)-173] DEBUG org.eclipse.jetty.util.thread.strategy.EatWhatYouKill -- EatWhatYouKill@52fd29d6/SelectorProducer@1317ca93/IDLE/p=false/QueuedThreadPool[Jetty (JenkinsRule)]@3569c758{STARTED,8<=8<=200,i=4,r=-1,q=0}[ReservedThreadExecutor@6e7c95d6{reserved=0/16,pending=0}][pc=0,pic=0,pec=0,epc=0]@2024-10-22T18:14:24.336799+05:30 tryProduce false
18:14:24.336 [Jetty (JenkinsRule)-173] DEBUG org.eclipse.jetty.io.ManagedSelector -- updateable 1
18:14:24.336 [Jetty (JenkinsRule)-173] DEBUG org.eclipse.jetty.io.ManagedSelector -- update org.eclipse.jetty.io.ManagedSelector$Start@2397aeb1
18:14:24.336 [Jetty (JenkinsRule)-173] DEBUG org.eclipse.jetty.io.ManagedSelector -- updates 0
18:14:24.336 [Jetty (JenkinsRule)-173] DEBUG org.eclipse.jetty.io.ManagedSelector -- Selector sun.nio.ch.KQueueSelectorImpl@6240af08 waiting with 0 keys
18:14:24.336 [Executing testGetSecretContextNotNullAndStoreContextNull(org.conjur.jenkins.conjursecrets.ConjurSecretCredentialImplTest)] DEBUG org.eclipse.jetty.util.component.AbstractLifeCycle -- STARTED @14894ms ManagedSelector@7d42b4ae{STARTED} id=3 keys=0 selected=0 updates=0
18:14:24.337 [Executing testGetSecretContextNotNullAndStoreContextNull(org.conjur.jenkins.conjursecrets.ConjurSecretCredentialImplTest)] DEBUG org.eclipse.jetty.util.component.AbstractLifeCycle -- starting ManagedSelector@53218b39{STOPPED} id=4 keys=-1 selected=-1 updates=0
18:14:24.337 [Executing testGetSecretContextNotNullAndStoreContextNull(org.conjur.jenkins.conjursecrets.ConjurSecretCredentialImplTest)] DEBUG org.eclipse.jetty.util.component.AbstractLifeCycle -- starting EatWhatYouKill@4547b7c6/SelectorProducer@7ecf8521/IDLE/p=false/QueuedThreadPool[Jetty (JenkinsRule)]@3569c758{STARTED,8<=8<=200,i=4,r=-1,q=0}[ReservedThreadExecutor@6e7c95d6{reserved=0/16,pending=0}][pc=0,pic=0,pec=0,epc=0]@2024-10-22T18:14:24.337151+05:30
18:14:24.337 [Executing testGetSecretContextNotNullAndStoreContextNull(org.conjur.jenkins.conjursecrets.ConjurSecretCredentialImplTest)] DEBUG org.eclipse.jetty.util.component.AbstractLifeCycle -- STARTED @14894ms EatWhatYouKill@4547b7c6/SelectorProducer@7ecf8521/IDLE/p=false/QueuedThreadPool[Jetty (JenkinsRule)]@3569c758{STARTED,8<=8<=200,i=4,r=-1,q=0}[ReservedThreadExecutor@6e7c95d6{reserved=0/16,pending=0}][pc=0,pic=0,pec=0,epc=0]@2024-10-22T18:14:24.337272+05:30
18:14:24.337 [Executing testGetSecretContextNotNullAndStoreContextNull(org.conjur.jenkins.conjursecrets.ConjurSecretCredentialImplTest)] DEBUG org.eclipse.jetty.util.thread.QueuedThreadPool -- queue org.eclipse.jetty.io.ManagedSelector$$Lambda$424/0x00000001333325e0@1dcb4be7 startThread=0
18:14:24.337 [Jetty (JenkinsRule)-174] DEBUG org.eclipse.jetty.util.thread.QueuedThreadPool -- run org.eclipse.jetty.io.ManagedSelector$$Lambda$424/0x00000001333325e0@1dcb4be7 in QueuedThreadPool[Jetty (JenkinsRule)]@3569c758{STARTED,8<=8<=200,i=3,r=-1,q=0}[ReservedThreadExecutor@6e7c95d6{reserved=0/16,pending=0}]
18:14:24.337 [Executing testGetSecretContextNotNullAndStoreContextNull(org.conjur.jenkins.conjursecrets.ConjurSecretCredentialImplTest)] DEBUG org.eclipse.jetty.io.ManagedSelector -- Queued change lazy=false org.eclipse.jetty.io.ManagedSelector$Start@1c80d673 on ManagedSelector@53218b39{STARTING} id=4 keys=0 selected=0 updates=0
18:14:24.337 [Jetty (JenkinsRule)-174] DEBUG org.eclipse.jetty.util.thread.strategy.EatWhatYouKill -- EatWhatYouKill@4547b7c6/SelectorProducer@7ecf8521/IDLE/p=false/QueuedThreadPool[Jetty (JenkinsRule)]@3569c758{STARTED,8<=8<=200,i=3,r=-1,q=0}[ReservedThreadExecutor@6e7c95d6{reserved=0/16,pending=0}][pc=0,pic=0,pec=0,epc=0]@2024-10-22T18:14:24.337552+05:30 tryProduce false
18:14:24.337 [Jetty (JenkinsRule)-174] DEBUG org.eclipse.jetty.io.ManagedSelector -- updateable 1
18:14:24.337 [Jetty (JenkinsRule)-174] DEBUG org.eclipse.jetty.io.ManagedSelector -- update org.eclipse.jetty.io.ManagedSelector$Start@1c80d673
18:14:24.337 [Jetty (JenkinsRule)-174] DEBUG org.eclipse.jetty.io.ManagedSelector -- updates 0
18:14:24.337 [Jetty (JenkinsRule)-174] DEBUG org.eclipse.jetty.io.ManagedSelector -- Selector sun.nio.ch.KQueueSelectorImpl@73773aea waiting with 0 keys
18:14:24.337 [Executing testGetSecretContextNotNullAndStoreContextNull(org.conjur.jenkins.conjursecrets.ConjurSecretCredentialImplTest)] DEBUG org.eclipse.jetty.util.component.AbstractLifeCycle -- STARTED @14895ms ManagedSelector@53218b39{STARTED} id=4 keys=0 selected=0 updates=0
18:14:24.337 [Executing testGetSecretContextNotNullAndStoreContextNull(org.conjur.jenkins.conjursecrets.ConjurSecretCredentialImplTest)] DEBUG org.eclipse.jetty.util.component.AbstractLifeCycle -- starting ManagedSelector@41cba8da{STOPPED} id=5 keys=-1 selected=-1 updates=0
18:14:24.337 [Executing testGetSecretContextNotNullAndStoreContextNull(org.conjur.jenkins.conjursecrets.ConjurSecretCredentialImplTest)] DEBUG org.eclipse.jetty.util.component.AbstractLifeCycle -- starting EatWhatYouKill@3baea237/SelectorProducer@43afdb03/IDLE/p=false/QueuedThreadPool[Jetty (JenkinsRule)]@3569c758{STARTED,8<=8<=200,i=3,r=-1,q=0}[ReservedThreadExecutor@6e7c95d6{reserved=0/16,pending=0}][pc=0,pic=0,pec=0,epc=0]@2024-10-22T18:14:24.337874+05:30
18:14:24.338 [Executing testGetSecretContextNotNullAndStoreContextNull(org.conjur.jenkins.conjursecrets.ConjurSecretCredentialImplTest)] DEBUG org.eclipse.jetty.util.component.AbstractLifeCycle -- STARTED @14895ms EatWhatYouKill@3baea237/SelectorProducer@43afdb03/IDLE/p=false/QueuedThreadPool[Jetty (JenkinsRule)]@3569c758{STARTED,8<=8<=200,i=3,r=-1,q=0}[ReservedThreadExecutor@6e7c95d6{reserved=0/16,pending=0}][pc=0,pic=0,pec=0,epc=0]@2024-10-22T18:14:24.337989+05:30
18:14:24.338 [Executing testGetSecretContextNotNullAndStoreContextNull(org.conjur.jenkins.conjursecrets.ConjurSecretCredentialImplTest)] DEBUG org.eclipse.jetty.util.thread.QueuedThreadPool -- queue org.eclipse.jetty.io.ManagedSelector$$Lambda$424/0x00000001333325e0@65b67284 startThread=0
18:14:24.338 [Executing testGetSecretContextNotNullAndStoreContextNull(org.conjur.jenkins.conjursecrets.ConjurSecretCredentialImplTest)] DEBUG org.eclipse.jetty.io.ManagedSelector -- Queued change lazy=false org.eclipse.jetty.io.ManagedSelector$Start@7bcaaaa5 on ManagedSelector@41cba8da{STARTING} id=5 keys=0 selected=0 updates=0
18:14:24.338 [Jetty (JenkinsRule)-175] DEBUG org.eclipse.jetty.util.thread.QueuedThreadPool -- run org.eclipse.jetty.io.ManagedSelector$$Lambda$424/0x00000001333325e0@65b67284 in QueuedThreadPool[Jetty (JenkinsRule)]@3569c758{STARTED,8<=8<=200,i=2,r=-1,q=0}[ReservedThreadExecutor@6e7c95d6{reserved=0/16,pending=0}]
18:14:24.338 [Jetty (JenkinsRule)-175] DEBUG org.eclipse.jetty.util.thread.strategy.EatWhatYouKill -- EatWhatYouKill@3baea237/SelectorProducer@43afdb03/IDLE/p=false/QueuedThreadPool[Jetty (JenkinsRule)]@3569c758{STARTED,8<=8<=200,i=2,r=-1,q=0}[ReservedThreadExecutor@6e7c95d6{reserved=0/16,pending=0}][pc=0,pic=0,pec=0,epc=0]@2024-10-22T18:14:24.338283+05:30 tryProduce false
18:14:24.338 [Jetty (JenkinsRule)-175] DEBUG org.eclipse.jetty.io.ManagedSelector -- updateable 1
18:14:24.338 [Jetty (JenkinsRule)-175] DEBUG org.eclipse.jetty.io.ManagedSelector -- update org.eclipse.jetty.io.ManagedSelector$Start@7bcaaaa5
18:14:24.338 [Jetty (JenkinsRule)-175] DEBUG org.eclipse.jetty.io.ManagedSelector -- updates 0
18:14:24.338 [Jetty (JenkinsRule)-175] DEBUG org.eclipse.jetty.io.ManagedSelector -- Selector sun.nio.ch.KQueueSelectorImpl@647dbd waiting with 0 keys
18:14:24.338 [Executing testGetSecretContextNotNullAndStoreContextNull(org.conjur.jenkins.conjursecrets.ConjurSecretCredentialImplTest)] DEBUG org.eclipse.jetty.util.component.AbstractLifeCycle -- STARTED @14896ms ManagedSelector@41cba8da{STARTED} id=5 keys=0 selected=0 updates=0
18:14:24.338 [Executing testGetSecretContextNotNullAndStoreContextNull(org.conjur.jenkins.conjursecrets.ConjurSecretCredentialImplTest)] DEBUG org.eclipse.jetty.util.component.AbstractLifeCycle -- starting ManagedSelector@6dd783aa{STOPPED} id=6 keys=-1 selected=-1 updates=0
18:14:24.338 [Executing testGetSecretContextNotNullAndStoreContextNull(org.conjur.jenkins.conjursecrets.ConjurSecretCredentialImplTest)] DEBUG org.eclipse.jetty.util.component.AbstractLifeCycle -- starting EatWhatYouKill@1eec9b99/SelectorProducer@501d3d69/IDLE/p=false/QueuedThreadPool[Jetty (JenkinsRule)]@3569c758{STARTED,8<=8<=200,i=2,r=-1,q=0}[ReservedThreadExecutor@6e7c95d6{reserved=0/16,pending=0}][pc=0,pic=0,pec=0,epc=0]@2024-10-22T18:14:24.338626+05:30
18:14:24.338 [Executing testGetSecretContextNotNullAndStoreContextNull(org.conjur.jenkins.conjursecrets.ConjurSecretCredentialImplTest)] DEBUG org.eclipse.jetty.util.component.AbstractLifeCycle -- STARTED @14896ms EatWhatYouKill@1eec9b99/SelectorProducer@501d3d69/IDLE/p=false/QueuedThreadPool[Jetty (JenkinsRule)]@3569c758{STARTED,8<=8<=200,i=2,r=-1,q=0}[ReservedThreadExecutor@6e7c95d6{reserved=0/16,pending=0}][pc=0,pic=0,pec=0,epc=0]@2024-10-22T18:14:24.338732+05:30
18:14:24.338 [Executing testGetSecretContextNotNullAndStoreContextNull(org.conjur.jenkins.conjursecrets.ConjurSecretCredentialImplTest)] DEBUG org.eclipse.jetty.util.thread.QueuedThreadPool -- queue org.eclipse.jetty.io.ManagedSelector$$Lambda$424/0x00000001333325e0@3c194248 startThread=0
18:14:24.338 [Executing testGetSecretContextNotNullAndStoreContextNull(org.conjur.jenkins.conjursecrets.ConjurSecretCredentialImplTest)] DEBUG org.eclipse.jetty.io.ManagedSelector -- Queued change lazy=false org.eclipse.jetty.io.ManagedSelector$Start@263038f6 on ManagedSelector@6dd783aa{STARTING} id=6 keys=0 selected=0 updates=0
18:14:24.338 [Jetty (JenkinsRule)-176] DEBUG org.eclipse.jetty.util.thread.QueuedThreadPool -- run org.eclipse.jetty.io.ManagedSelector$$Lambda$424/0x00000001333325e0@3c194248 in QueuedThreadPool[Jetty (JenkinsRule)]@3569c758{STARTED,8<=8<=200,i=1,r=-1,q=0}[ReservedThreadExecutor@6e7c95d6{reserved=0/16,pending=0}]
18:14:24.339 [Jetty (JenkinsRule)-176] DEBUG org.eclipse.jetty.util.thread.strategy.EatWhatYouKill -- EatWhatYouKill@1eec9b99/SelectorProducer@501d3d69/IDLE/p=false/QueuedThreadPool[Jetty (JenkinsRule)]@3569c758{STARTED,8<=8<=200,i=1,r=-1,q=0}[ReservedThreadExecutor@6e7c95d6{reserved=0/16,pending=0}][pc=0,pic=0,pec=0,epc=0]@2024-10-22T18:14:24.339088+05:30 tryProduce false
18:14:24.339 [Jetty (JenkinsRule)-176] DEBUG org.eclipse.jetty.io.ManagedSelector -- updateable 1
18:14:24.339 [Jetty (JenkinsRule)-176] DEBUG org.eclipse.jetty.io.ManagedSelector -- update org.eclipse.jetty.io.ManagedSelector$Start@263038f6
18:14:24.339 [Jetty (JenkinsRule)-176] DEBUG org.eclipse.jetty.io.ManagedSelector -- updates 0
18:14:24.339 [Jetty (JenkinsRule)-176] DEBUG org.eclipse.jetty.io.ManagedSelector -- Selector sun.nio.ch.KQueueSelectorImpl@779608ba waiting with 0 keys
18:14:24.339 [Executing testGetSecretContextNotNullAndStoreContextNull(org.conjur.jenkins.conjursecrets.ConjurSecretCredentialImplTest)] DEBUG org.eclipse.jetty.util.component.AbstractLifeCycle -- STARTED @14897ms ManagedSelector@6dd783aa{STARTED} id=6 keys=0 selected=0 updates=0
18:14:24.339 [Executing testGetSecretContextNotNullAndStoreContextNull(org.conjur.jenkins.conjursecrets.ConjurSecretCredentialImplTest)] DEBUG org.eclipse.jetty.util.component.AbstractLifeCycle -- starting ManagedSelector@3243842d{STOPPED} id=7 keys=-1 selected=-1 updates=0
18:14:24.339 [Executing testGetSecretContextNotNullAndStoreContextNull(org.conjur.jenkins.conjursecrets.ConjurSecretCredentialImplTest)] DEBUG org.eclipse.jetty.util.component.AbstractLifeCycle -- starting EatWhatYouKill@71466bb2/SelectorProducer@b0c1650/IDLE/p=false/QueuedThreadPool[Jetty (JenkinsRule)]@3569c758{STARTED,8<=8<=200,i=1,r=-1,q=0}[ReservedThreadExecutor@6e7c95d6{reserved=0/16,pending=0}][pc=0,pic=0,pec=0,epc=0]@2024-10-22T18:14:24.339445+05:30
18:14:24.339 [Executing testGetSecretContextNotNullAndStoreContextNull(org.conjur.jenkins.conjursecrets.ConjurSecretCredentialImplTest)] DEBUG org.eclipse.jetty.util.component.AbstractLifeCycle -- STARTED @14897ms EatWhatYouKill@71466bb2/SelectorProducer@b0c1650/IDLE/p=false/QueuedThreadPool[Jetty (JenkinsRule)]@3569c758{STARTED,8<=8<=200,i=1,r=-1,q=0}[ReservedThreadExecutor@6e7c95d6{reserved=0/16,pending=0}][pc=0,pic=0,pec=0,epc=0]@2024-10-22T18:14:24.339581+05:30
18:14:24.339 [Executing testGetSecretContextNotNullAndStoreContextNull(org.conjur.jenkins.conjursecrets.ConjurSecretCredentialImplTest)] DEBUG org.eclipse.jetty.util.thread.QueuedThreadPool -- queue org.eclipse.jetty.io.ManagedSelector$$Lambda$424/0x00000001333325e0@70444ce6 startThread=0
18:14:24.339 [Jetty (JenkinsRule)-177] DEBUG org.eclipse.jetty.util.thread.QueuedThreadPool -- run org.eclipse.jetty.io.ManagedSelector$$Lambda$424/0x00000001333325e0@70444ce6 in QueuedThreadPool[Jetty (JenkinsRule)]@3569c758{STARTED,8<=8<=200,i=0,r=-1,q=0}[ReservedThreadExecutor@6e7c95d6{reserved=0/16,pending=0}]
18:14:24.339 [Executing testGetSecretContextNotNullAndStoreContextNull(org.conjur.jenkins.conjursecrets.ConjurSecretCredentialImplTest)] DEBUG org.eclipse.jetty.io.ManagedSelector -- Queued change lazy=false org.eclipse.jetty.io.ManagedSelector$Start@5ef55fc9 on ManagedSelector@3243842d{STARTING} id=7 keys=0 selected=0 updates=0
18:14:24.339 [Jetty (JenkinsRule)-177] DEBUG org.eclipse.jetty.util.thread.strategy.EatWhatYouKill -- EatWhatYouKill@71466bb2/SelectorProducer@b0c1650/IDLE/p=false/QueuedThreadPool[Jetty (JenkinsRule)]@3569c758{STARTED,8<=8<=200,i=0,r=-1,q=0}[ReservedThreadExecutor@6e7c95d6{reserved=0/16,pending=0}][pc=0,pic=0,pec=0,epc=0]@2024-10-22T18:14:24.339883+05:30 tryProduce false
18:14:24.339 [Jetty (JenkinsRule)-177] DEBUG org.eclipse.jetty.io.ManagedSelector -- updateable 1
18:14:24.339 [Jetty (JenkinsRule)-177] DEBUG org.eclipse.jetty.io.ManagedSelector -- update org.eclipse.jetty.io.ManagedSelector$Start@5ef55fc9
18:14:24.339 [Jetty (JenkinsRule)-177] DEBUG org.eclipse.jetty.io.ManagedSelector -- updates 0
18:14:24.340 [Jetty (JenkinsRule)-177] DEBUG org.eclipse.jetty.io.ManagedSelector -- Selector sun.nio.ch.KQueueSelectorImpl@6528b3b1 waiting with 0 keys
18:14:24.340 [Executing testGetSecretContextNotNullAndStoreContextNull(org.conjur.jenkins.conjursecrets.ConjurSecretCredentialImplTest)] DEBUG org.eclipse.jetty.util.component.AbstractLifeCycle -- STARTED @14897ms ManagedSelector@3243842d{STARTED} id=7 keys=0 selected=0 updates=0
18:14:24.340 [Executing testGetSecretContextNotNullAndStoreContextNull(org.conjur.jenkins.conjursecrets.ConjurSecretCredentialImplTest)] DEBUG org.eclipse.jetty.util.component.AbstractLifeCycle -- STARTED @14897ms SelectorManager@ServerConnector@2b4c49a2{HTTP/1.1, (http/1.1)}{localhost:51422}
18:14:24.340 [Executing testGetSecretContextNotNullAndStoreContextNull(org.conjur.jenkins.conjursecrets.ConjurSecretCredentialImplTest)] DEBUG org.eclipse.jetty.util.component.ContainerLifeCycle -- ServerConnector@2b4c49a2{HTTP/1.1, (http/1.1)}{localhost:51422} added {acceptor-0@28085d5d,POJO}
18:14:24.340 [Executing testGetSecretContextNotNullAndStoreContextNull(org.conjur.jenkins.conjursecrets.ConjurSecretCredentialImplTest)] DEBUG org.eclipse.jetty.util.thread.QueuedThreadPool -- queue acceptor-0@28085d5d startThread=1
18:14:24.340 [Executing testGetSecretContextNotNullAndStoreContextNull(org.conjur.jenkins.conjursecrets.ConjurSecretCredentialImplTest)] DEBUG org.eclipse.jetty.util.thread.QueuedThreadPool -- Starting Thread[Jetty (JenkinsRule)-179,5,main]
18:14:24.340 [Executing testGetSecretContextNotNullAndStoreContextNull(org.conjur.jenkins.conjursecrets.ConjurSecretCredentialImplTest)] DEBUG org.eclipse.jetty.util.component.ContainerLifeCycle -- ServerConnector@2b4c49a2{HTTP/1.1, (http/1.1)}{localhost:51422} added {acceptor-1@5d296953,POJO}
18:14:24.340 [Executing testGetSecretContextNotNullAndStoreContextNull(org.conjur.jenkins.conjursecrets.ConjurSecretCredentialImplTest)] DEBUG org.eclipse.jetty.util.thread.QueuedThreadPool -- queue acceptor-1@5d296953 startThread=1
18:14:24.340 [Jetty (JenkinsRule)-179] DEBUG org.eclipse.jetty.util.thread.QueuedThreadPool -- Runner started for QueuedThreadPool[Jetty (JenkinsRule)]@3569c758{STARTED,8<=9<=200,i=0,r=-1,q=0}[ReservedThreadExecutor@6e7c95d6{reserved=0/16,pending=0}]
18:14:24.340 [Executing testGetSecretContextNotNullAndStoreContextNull(org.conjur.jenkins.conjursecrets.ConjurSecretCredentialImplTest)] DEBUG org.eclipse.jetty.util.thread.QueuedThreadPool -- Starting Thread[Jetty (JenkinsRule)-180,5,main]
18:14:24.340 [Jetty (JenkinsRule)-179] DEBUG org.eclipse.jetty.util.thread.QueuedThreadPool -- run acceptor-0@28085d5d in QueuedThreadPool[Jetty (JenkinsRule)]@3569c758{STARTED,8<=10<=200,i=0,r=-1,q=0}[ReservedThreadExecutor@6e7c95d6{reserved=0/16,pending=0}]
18:14:24.340 [Executing testGetSecretContextNotNullAndStoreContextNull(org.conjur.jenkins.conjursecrets.ConjurSecretCredentialImplTest)] INFO org.eclipse.jetty.server.AbstractConnector -- Started ServerConnector@2b4c49a2{HTTP/1.1, (http/1.1)}{localhost:51422}
18:14:24.341 [Jetty (JenkinsRule)-180] DEBUG org.eclipse.jetty.util.thread.QueuedThreadPool -- Runner started for QueuedThreadPool[Jetty (JenkinsRule)]@3569c758{STARTED,8<=10<=200,i=0,r=-1,q=0}[ReservedThreadExecutor@6e7c95d6{reserved=0/16,pending=0}]
18:14:24.341 [Executing testGetSecretContextNotNullAndStoreContextNull(org.conjur.jenkins.conjursecrets.ConjurSecretCredentialImplTest)] DEBUG org.eclipse.jetty.util.component.AbstractLifeCycle -- STARTED @14898ms ServerConnector@2b4c49a2{HTTP/1.1, (http/1.1)}{localhost:51422}
18:14:24.341 [Executing testGetSecretContextNotNullAndStoreContextNull(org.conjur.jenkins.conjursecrets.ConjurSecretCredentialImplTest)] INFO org.eclipse.jetty.server.Server -- Started @14898ms
18:14:24.341 [Jetty (JenkinsRule)-180] DEBUG org.eclipse.jetty.util.thread.QueuedThreadPool -- run acceptor-1@5d296953 in QueuedThreadPool[Jetty (JenkinsRule)]@3569c758{STARTED,8<=10<=200,i=0,r=-1,q=0}[ReservedThreadExecutor@6e7c95d6{reserved=0/16,pending=0}]
18:14:24.341 [Executing testGetSecretContextNotNullAndStoreContextNull(org.conjur.jenkins.conjursecrets.ConjurSecretCredentialImplTest)] DEBUG org.eclipse.jetty.util.component.AbstractLifeCycle -- STARTED @14898ms Server@3f91ac28{STARTED}[9.4.48.v20220622]
18:14:24.387 [Executing testGetSecretContextNotNullAndStoreContextNull(org.conjur.jenkins.conjursecrets.ConjurSecretCredentialImplTest)] DEBUG org.apache.commons.discovery.resource.names.DiscoverNamesInFile -- find: serviceName = 'META-INF/services/org.kohsuke.stapler.Facet'
18:14:24.388 [Executing testGetSecretContextNotNullAndStoreContextNull(org.conjur.jenkins.conjursecrets.ConjurSecretCredentialImplTest)] DEBUG org.apache.commons.discovery.resource.DiscoverResources -- find: resourceName='META-INF/services/org.kohsuke.stapler.Facet'
18:14:24.388 [Executing testGetSecretContextNotNullAndStoreContextNull(org.conjur.jenkins.conjursecrets.ConjurSecretCredentialImplTest)] DEBUG org.apache.commons.discovery.resource.DiscoverResources -- getNextResources: search using ClassLoader 'jdk.internal.loader.ClassLoaders$AppClassLoader@5ffd2b27'
18:14:24.389 [Executing testGetSecretContextNotNullAndStoreContextNull(org.conjur.jenkins.conjursecrets.ConjurSecretCredentialImplTest)] DEBUG org.apache.commons.discovery.resource.DiscoverResources -- getNextResource: next URL='jar:file:/Users/sameer.shaik/.m2/repository/org/kohsuke/stapler/stapler-groovy/1669.v95a_4b_919a_b_a_2/stapler-groovy-1669.v95a_4b_919a_b_a_2.jar!/META-INF/services/org.kohsuke.stapler.Facet'
18:14:24.389 [Executing testGetSecretContextNotNullAndStoreContextNull(org.conjur.jenkins.conjursecrets.ConjurSecretCredentialImplTest)] DEBUG org.apache.commons.discovery.resource.names.DiscoverNamesInFile -- getNextClassResource: next class='org.kohsuke.stapler.jelly.groovy.GroovyFacet'
18:14:24.389 [Executing testGetSecretContextNotNullAndStoreContextNull(org.conjur.jenkins.conjursecrets.ConjurSecretCredentialImplTest)] DEBUG org.apache.commons.discovery.resource.DiscoverResources -- getNextResource: next URL='jar:file:/Users/sameer.shaik/.m2/repository/org/kohsuke/stapler/stapler-jelly/1669.v95a_4b_919a_b_a_2/stapler-jelly-1669.v95a_4b_919a_b_a_2.jar!/META-INF/services/org.kohsuke.stapler.Facet'
18:14:24.390 [Executing testGetSecretContextNotNullAndStoreContextNull(org.conjur.jenkins.conjursecrets.ConjurSecretCredentialImplTest)] DEBUG org.apache.commons.discovery.resource.names.DiscoverNamesInFile -- getNextClassResource: next class='org.kohsuke.stapler.jelly.JellyFacet'
18:14:24.390 [Executing testGetSecretContextNotNullAndStoreContextNull(org.conjur.jenkins.conjursecrets.ConjurSecretCredentialImplTest)] DEBUG org.apache.commons.discovery.resource.names.DiscoverNamesInFile -- find: serviceName = 'META-INF/services/org.kohsuke.stapler.Facet'
18:14:24.390 [Executing testGetSecretContextNotNullAndStoreContextNull(org.conjur.jenkins.conjursecrets.ConjurSecretCredentialImplTest)] DEBUG org.apache.commons.discovery.resource.DiscoverResources -- find: resourceName='META-INF/services/org.kohsuke.stapler.Facet'
18:14:24.390 [Executing testGetSecretContextNotNullAndStoreContextNull(org.conjur.jenkins.conjursecrets.ConjurSecretCredentialImplTest)] DEBUG org.apache.commons.discovery.resource.DiscoverResources -- getNextResources: search using ClassLoader 'jdk.internal.loader.ClassLoaders$AppClassLoader@5ffd2b27'
18:14:24.391 [Executing testGetSecretContextNotNullAndStoreContextNull(org.conjur.jenkins.conjursecrets.ConjurSecretCredentialImplTest)] DEBUG org.apache.commons.discovery.resource.DiscoverResources -- getNextResource: next URL='jar:file:/Users/sameer.shaik/.m2/repository/org/kohsuke/stapler/stapler-groovy/1669.v95a_4b_919a_b_a_2/stapler-groovy-1669.v95a_4b_919a_b_a_2.jar!/META-INF/services/org.kohsuke.stapler.Facet'
18:14:24.391 [Executing testGetSecretContextNotNullAndStoreContextNull(org.conjur.jenkins.conjursecrets.ConjurSecretCredentialImplTest)] DEBUG org.apache.commons.discovery.resource.names.DiscoverNamesInFile -- getNextClassResource: next class='org.kohsuke.stapler.jelly.groovy.GroovyFacet'
18:14:24.391 [Executing testGetSecretContextNotNullAndStoreContextNull(org.conjur.jenkins.conjursecrets.ConjurSecretCredentialImplTest)] DEBUG org.apache.commons.discovery.resource.DiscoverResources -- getNextResource: next URL='jar:file:/Users/sameer.shaik/.m2/repository/org/kohsuke/stapler/stapler-jelly/1669.v95a_4b_919a_b_a_2/stapler-jelly-1669.v95a_4b_919a_b_a_2.jar!/META-INF/services/org.kohsuke.stapler.Facet'
18:14:24.391 [Executing testGetSecretContextNotNullAndStoreContextNull(org.conjur.jenkins.conjursecrets.ConjurSecretCredentialImplTest)] DEBUG org.apache.commons.discovery.resource.names.DiscoverNamesInFile -- getNextClassResource: next class='org.kohsuke.stapler.jelly.JellyFacet'
18:14:25.413 [Executing testGetSecretContextNotNullAndStoreContextNull(org.conjur.jenkins.conjursecrets.ConjurSecretCredentialImplTest)] DEBUG org.eclipse.jetty.util.component.AbstractLifeCycle -- stopping Server@3f91ac28{STARTED}[9.4.48.v20220622]
18:14:25.414 [Executing testGetSecretContextNotNullAndStoreContextNull(org.conjur.jenkins.conjursecrets.ConjurSecretCredentialImplTest)] DEBUG org.eclipse.jetty.server.Server -- doStop Server@3f91ac28{STOPPING}[9.4.48.v20220622]
18:14:25.414 [Executing testGetSecretContextNotNullAndStoreContextNull(org.conjur.jenkins.conjursecrets.ConjurSecretCredentialImplTest)] DEBUG org.eclipse.jetty.server.handler.AbstractHandlerContainer -- Graceful shutdown Server@3f91ac28{STOPPING}[9.4.48.v20220622] by 
18:14:25.414 [Executing testGetSecretContextNotNullAndStoreContextNull(org.conjur.jenkins.conjursecrets.ConjurSecretCredentialImplTest)] DEBUG org.eclipse.jetty.util.component.AbstractLifeCycle -- stopping ServerConnector@2b4c49a2{HTTP/1.1, (http/1.1)}{localhost:0}
18:14:25.414 [Jetty (JenkinsRule)-179] DEBUG org.eclipse.jetty.util.thread.QueuedThreadPool -- ran Jetty (JenkinsRule)-179-acceptor-0@28085d5d-ServerConnector@2b4c49a2{HTTP/1.1, (http/1.1)}{localhost:51422} in QueuedThreadPool[Jetty (JenkinsRule)]@3569c758{STARTED,8<=10<=200,i=0,r=-1,q=0}[ReservedThreadExecutor@6e7c95d6{reserved=0/16,pending=0}]
18:14:25.414 [Jetty (JenkinsRule)-180] DEBUG org.eclipse.jetty.util.thread.QueuedThreadPool -- ran Jetty (JenkinsRule)-180-acceptor-1@5d296953-ServerConnector@2b4c49a2{HTTP/1.1, (http/1.1)}{localhost:51422} in QueuedThreadPool[Jetty (JenkinsRule)]@3569c758{STARTED,8<=10<=200,i=0,r=-1,q=0}[ReservedThreadExecutor@6e7c95d6{reserved=0/16,pending=0}]
18:14:25.414 [Executing testGetSecretContextNotNullAndStoreContextNull(org.conjur.jenkins.conjursecrets.ConjurSecretCredentialImplTest)] DEBUG org.eclipse.jetty.util.component.AbstractLifeCycle -- stopping SelectorManager@ServerConnector@2b4c49a2{HTTP/1.1, (http/1.1)}{localhost:0}
18:14:25.414 [Executing testGetSecretContextNotNullAndStoreContextNull(org.conjur.jenkins.conjursecrets.ConjurSecretCredentialImplTest)] DEBUG org.eclipse.jetty.util.component.AbstractLifeCycle -- stopping ManagedSelector@3243842d{STARTED} id=7 keys=0 selected=0 updates=0
18:14:25.414 [Executing testGetSecretContextNotNullAndStoreContextNull(org.conjur.jenkins.conjursecrets.ConjurSecretCredentialImplTest)] DEBUG org.eclipse.jetty.io.ManagedSelector -- Queued change lazy=false org.eclipse.jetty.io.ManagedSelector$CloseConnections@4e13b46a on ManagedSelector@3243842d{STOPPING} id=7 keys=0 selected=0 updates=0
18:14:25.414 [Executing testGetSecretContextNotNullAndStoreContextNull(org.conjur.jenkins.conjursecrets.ConjurSecretCredentialImplTest)] DEBUG org.eclipse.jetty.io.ManagedSelector -- Wakeup on submit ManagedSelector@3243842d{STOPPING} id=7 keys=0 selected=0 updates=1
18:14:25.414 [Jetty (JenkinsRule)-177] DEBUG org.eclipse.jetty.io.ManagedSelector -- Selector sun.nio.ch.KQueueSelectorImpl@6528b3b1 woken with none selected
18:14:25.414 [Jetty (JenkinsRule)-177] DEBUG org.eclipse.jetty.io.ManagedSelector -- Selector sun.nio.ch.KQueueSelectorImpl@6528b3b1 woken up from select, 0/0/0 selected
18:14:25.414 [Jetty (JenkinsRule)-177] DEBUG org.eclipse.jetty.io.ManagedSelector -- Selector sun.nio.ch.KQueueSelectorImpl@6528b3b1 processing 0 keys, 1 updates
18:14:25.414 [Jetty (JenkinsRule)-177] DEBUG org.eclipse.jetty.io.ManagedSelector -- updateable 1
18:14:25.414 [Jetty (JenkinsRule)-177] DEBUG org.eclipse.jetty.io.ManagedSelector -- update org.eclipse.jetty.io.ManagedSelector$CloseConnections@4e13b46a
18:14:25.414 [Jetty (JenkinsRule)-177] DEBUG org.eclipse.jetty.io.ManagedSelector -- Closing 0 connections on ManagedSelector@3243842d{STOPPING} id=7 keys=0 selected=0 updates=0
18:14:25.414 [Jetty (JenkinsRule)-177] DEBUG org.eclipse.jetty.io.ManagedSelector -- updates 0
18:14:25.414 [Jetty (JenkinsRule)-177] DEBUG org.eclipse.jetty.io.ManagedSelector -- Selector sun.nio.ch.KQueueSelectorImpl@6528b3b1 waiting with 0 keys
18:14:25.414 [Executing testGetSecretContextNotNullAndStoreContextNull(org.conjur.jenkins.conjursecrets.ConjurSecretCredentialImplTest)] DEBUG org.eclipse.jetty.io.ManagedSelector -- Queued change lazy=false org.eclipse.jetty.io.ManagedSelector$StopSelector@144d4c4 on ManagedSelector@3243842d{STOPPING} id=7 keys=0 selected=0 updates=0
18:14:25.414 [Executing testGetSecretContextNotNullAndStoreContextNull(org.conjur.jenkins.conjursecrets.ConjurSecretCredentialImplTest)] DEBUG org.eclipse.jetty.io.ManagedSelector -- Wakeup on submit ManagedSelector@3243842d{STOPPING} id=7 keys=0 selected=0 updates=1
18:14:25.414 [Jetty (JenkinsRule)-177] DEBUG org.eclipse.jetty.io.ManagedSelector -- Selector sun.nio.ch.KQueueSelectorImpl@6528b3b1 woken with none selected
18:14:25.414 [Jetty (JenkinsRule)-177] DEBUG org.eclipse.jetty.io.ManagedSelector -- Selector sun.nio.ch.KQueueSelectorImpl@6528b3b1 woken up from select, 0/0/0 selected
18:14:25.414 [Jetty (JenkinsRule)-177] DEBUG org.eclipse.jetty.io.ManagedSelector -- Selector sun.nio.ch.KQueueSelectorImpl@6528b3b1 processing 0 keys, 1 updates
18:14:25.414 [Jetty (JenkinsRule)-177] DEBUG org.eclipse.jetty.io.ManagedSelector -- updateable 1
18:14:25.414 [Jetty (JenkinsRule)-177] DEBUG org.eclipse.jetty.io.ManagedSelector -- update org.eclipse.jetty.io.ManagedSelector$StopSelector@144d4c4
18:14:25.414 [Jetty (JenkinsRule)-177] DEBUG org.eclipse.jetty.io.ManagedSelector -- updates 0
18:14:25.415 [Jetty (JenkinsRule)-177] DEBUG org.eclipse.jetty.util.thread.QueuedThreadPool -- ran org.eclipse.jetty.io.ManagedSelector$$Lambda$424/0x00000001333325e0@70444ce6 in QueuedThreadPool[Jetty (JenkinsRule)]@3569c758{STARTED,8<=10<=200,i=2,r=-1,q=0}[ReservedThreadExecutor@6e7c95d6{reserved=0/16,pending=0}]
18:14:25.415 [Executing testGetSecretContextNotNullAndStoreContextNull(org.conjur.jenkins.conjursecrets.ConjurSecretCredentialImplTest)] DEBUG org.eclipse.jetty.util.component.AbstractLifeCycle -- stopping EatWhatYouKill@71466bb2/SelectorProducer@b0c1650/IDLE/p=false/QueuedThreadPool[Jetty (JenkinsRule)]@3569c758{STARTED,8<=10<=200,i=2,r=-1,q=0}[ReservedThreadExecutor@6e7c95d6{reserved=0/16,pending=0}][pc=0,pic=0,pec=0,epc=0]@2024-10-22T18:14:25.41503+05:30
18:14:25.415 [Executing testGetSecretContextNotNullAndStoreContextNull(org.conjur.jenkins.conjursecrets.ConjurSecretCredentialImplTest)] DEBUG org.eclipse.jetty.util.component.AbstractLifeCycle -- STOPPED EatWhatYouKill@71466bb2/SelectorProducer@b0c1650/IDLE/p=false/QueuedThreadPool[Jetty (JenkinsRule)]@3569c758{STARTED,8<=10<=200,i=3,r=-1,q=0}[ReservedThreadExecutor@6e7c95d6{reserved=0/16,pending=0}][pc=0,pic=0,pec=0,epc=0]@2024-10-22T18:14:25.415119+05:30
18:14:25.415 [Executing testGetSecretContextNotNullAndStoreContextNull(org.conjur.jenkins.conjursecrets.ConjurSecretCredentialImplTest)] DEBUG org.eclipse.jetty.util.component.AbstractLifeCycle -- STOPPED ManagedSelector@3243842d{STOPPED} id=7 keys=-1 selected=-1 updates=0
18:14:25.415 [Executing testGetSecretContextNotNullAndStoreContextNull(org.conjur.jenkins.conjursecrets.ConjurSecretCredentialImplTest)] DEBUG org.eclipse.jetty.util.component.AbstractLifeCycle -- stopping ManagedSelector@6dd783aa{STARTED} id=6 keys=0 selected=0 updates=0
18:14:25.415 [Executing testGetSecretContextNotNullAndStoreContextNull(org.conjur.jenkins.conjursecrets.ConjurSecretCredentialImplTest)] DEBUG org.eclipse.jetty.io.ManagedSelector -- Queued change lazy=false org.eclipse.jetty.io.ManagedSelector$CloseConnections@247d49c on ManagedSelector@6dd783aa{STOPPING} id=6 keys=0 selected=0 updates=0
18:14:25.415 [Executing testGetSecretContextNotNullAndStoreContextNull(org.conjur.jenkins.conjursecrets.ConjurSecretCredentialImplTest)] DEBUG org.eclipse.jetty.io.ManagedSelector -- Wakeup on submit ManagedSelector@6dd783aa{STOPPING} id=6 keys=0 selected=0 updates=1
18:14:25.415 [Jetty (JenkinsRule)-176] DEBUG org.eclipse.jetty.io.ManagedSelector -- Selector sun.nio.ch.KQueueSelectorImpl@779608ba woken with none selected
18:14:25.415 [Jetty (JenkinsRule)-176] DEBUG org.eclipse.jetty.io.ManagedSelector -- Selector sun.nio.ch.KQueueSelectorImpl@779608ba woken up from select, 0/0/0 selected
18:14:25.415 [Jetty (JenkinsRule)-176] DEBUG org.eclipse.jetty.io.ManagedSelector -- Selector sun.nio.ch.KQueueSelectorImpl@779608ba processing 0 keys, 1 updates
18:14:25.415 [Jetty (JenkinsRule)-176] DEBUG org.eclipse.jetty.io.ManagedSelector -- updateable 1
18:14:25.415 [Jetty (JenkinsRule)-176] DEBUG org.eclipse.jetty.io.ManagedSelector -- update org.eclipse.jetty.io.ManagedSelector$CloseConnections@247d49c
18:14:25.415 [Jetty (JenkinsRule)-176] DEBUG org.eclipse.jetty.io.ManagedSelector -- Closing 0 connections on ManagedSelector@6dd783aa{STOPPING} id=6 keys=0 selected=0 updates=0
18:14:25.415 [Jetty (JenkinsRule)-176] DEBUG org.eclipse.jetty.io.ManagedSelector -- updates 0
18:14:25.415 [Jetty (JenkinsRule)-176] DEBUG org.eclipse.jetty.io.ManagedSelector -- Selector sun.nio.ch.KQueueSelectorImpl@779608ba waiting with 0 keys
18:14:25.415 [Executing testGetSecretContextNotNullAndStoreContextNull(org.conjur.jenkins.conjursecrets.ConjurSecretCredentialImplTest)] DEBUG org.eclipse.jetty.io.ManagedSelector -- Queued change lazy=false org.eclipse.jetty.io.ManagedSelector$StopSelector@5344ce4b on ManagedSelector@6dd783aa{STOPPING} id=6 keys=0 selected=0 updates=0
18:14:25.415 [Executing testGetSecretContextNotNullAndStoreContextNull(org.conjur.jenkins.conjursecrets.ConjurSecretCredentialImplTest)] DEBUG org.eclipse.jetty.io.ManagedSelector -- Wakeup on submit ManagedSelector@6dd783aa{STOPPING} id=6 keys=0 selected=0 updates=1
18:14:25.415 [Jetty (JenkinsRule)-176] DEBUG org.eclipse.jetty.io.ManagedSelector -- Selector sun.nio.ch.KQueueSelectorImpl@779608ba woken with none selected
18:14:25.415 [Jetty (JenkinsRule)-176] DEBUG org.eclipse.jetty.io.ManagedSelector -- Selector sun.nio.ch.KQueueSelectorImpl@779608ba woken up from select, 0/0/0 selected
18:14:25.415 [Jetty (JenkinsRule)-176] DEBUG org.eclipse.jetty.io.ManagedSelector -- Selector sun.nio.ch.KQueueSelectorImpl@779608ba processing 0 keys, 1 updates
18:14:25.415 [Jetty (JenkinsRule)-176] DEBUG org.eclipse.jetty.io.ManagedSelector -- updateable 1
18:14:25.415 [Jetty (JenkinsRule)-176] DEBUG org.eclipse.jetty.io.ManagedSelector -- update org.eclipse.jetty.io.ManagedSelector$StopSelector@5344ce4b
18:14:25.415 [Jetty (JenkinsRule)-176] DEBUG org.eclipse.jetty.io.ManagedSelector -- updates 0
18:14:25.415 [Jetty (JenkinsRule)-176] DEBUG org.eclipse.jetty.util.thread.QueuedThreadPool -- ran org.eclipse.jetty.io.ManagedSelector$$Lambda$424/0x00000001333325e0@3c194248 in QueuedThreadPool[Jetty (JenkinsRule)]@3569c758{STARTED,8<=10<=200,i=3,r=-1,q=0}[ReservedThreadExecutor@6e7c95d6{reserved=0/16,pending=0}]
18:14:25.415 [Executing testGetSecretContextNotNullAndStoreContextNull(org.conjur.jenkins.conjursecrets.ConjurSecretCredentialImplTest)] DEBUG org.eclipse.jetty.util.component.AbstractLifeCycle -- stopping EatWhatYouKill@1eec9b99/SelectorProducer@501d3d69/IDLE/p=false/QueuedThreadPool[Jetty (JenkinsRule)]@3569c758{STARTED,8<=10<=200,i=3,r=-1,q=0}[ReservedThreadExecutor@6e7c95d6{reserved=0/16,pending=0}][pc=0,pic=0,pec=0,epc=0]@2024-10-22T18:14:25.415739+05:30
18:14:25.415 [Executing testGetSecretContextNotNullAndStoreContextNull(org.conjur.jenkins.conjursecrets.ConjurSecretCredentialImplTest)] DEBUG org.eclipse.jetty.util.component.AbstractLifeCycle -- STOPPED EatWhatYouKill@1eec9b99/SelectorProducer@501d3d69/IDLE/p=false/QueuedThreadPool[Jetty (JenkinsRule)]@3569c758{STARTED,8<=10<=200,i=4,r=-1,q=0}[ReservedThreadExecutor@6e7c95d6{reserved=0/16,pending=0}][pc=0,pic=0,pec=0,epc=0]@2024-10-22T18:14:25.415814+05:30
18:14:25.415 [Executing testGetSecretContextNotNullAndStoreContextNull(org.conjur.jenkins.conjursecrets.ConjurSecretCredentialImplTest)] DEBUG org.eclipse.jetty.util.component.AbstractLifeCycle -- STOPPED ManagedSelector@6dd783aa{STOPPED} id=6 keys=-1 selected=-1 updates=0
18:14:25.415 [Executing testGetSecretContextNotNullAndStoreContextNull(org.conjur.jenkins.conjursecrets.ConjurSecretCredentialImplTest)] DEBUG org.eclipse.jetty.util.component.AbstractLifeCycle -- stopping ManagedSelector@41cba8da{STARTED} id=5 keys=0 selected=0 updates=0
18:14:25.415 [Executing testGetSecretContextNotNullAndStoreContextNull(org.conjur.jenkins.conjursecrets.ConjurSecretCredentialImplTest)] DEBUG org.eclipse.jetty.io.ManagedSelector -- Queued change lazy=false org.eclipse.jetty.io.ManagedSelector$CloseConnections@a790ad on ManagedSelector@41cba8da{STOPPING} id=5 keys=0 selected=0 updates=0
18:14:25.415 [Executing testGetSecretContextNotNullAndStoreContextNull(org.conjur.jenkins.conjursecrets.ConjurSecretCredentialImplTest)] DEBUG org.eclipse.jetty.io.ManagedSelector -- Wakeup on submit ManagedSelector@41cba8da{STOPPING} id=5 keys=0 selected=0 updates=1
18:14:25.416 [Jetty (JenkinsRule)-175] DEBUG org.eclipse.jetty.io.ManagedSelector -- Selector sun.nio.ch.KQueueSelectorImpl@647dbd woken with none selected
18:14:25.416 [Jetty (JenkinsRule)-175] DEBUG org.eclipse.jetty.io.ManagedSelector -- Selector sun.nio.ch.KQueueSelectorImpl@647dbd woken up from select, 0/0/0 selected
18:14:25.416 [Jetty (JenkinsRule)-175] DEBUG org.eclipse.jetty.io.ManagedSelector -- Selector sun.nio.ch.KQueueSelectorImpl@647dbd processing 0 keys, 1 updates
18:14:25.416 [Jetty (JenkinsRule)-175] DEBUG org.eclipse.jetty.io.ManagedSelector -- updateable 1
18:14:25.416 [Jetty (JenkinsRule)-175] DEBUG org.eclipse.jetty.io.ManagedSelector -- update org.eclipse.jetty.io.ManagedSelector$CloseConnections@a790ad
18:14:25.416 [Jetty (JenkinsRule)-175] DEBUG org.eclipse.jetty.io.ManagedSelector -- Closing 0 connections on ManagedSelector@41cba8da{STOPPING} id=5 keys=0 selected=0 updates=0
18:14:25.416 [Jetty (JenkinsRule)-175] DEBUG org.eclipse.jetty.io.ManagedSelector -- updates 0
18:14:25.416 [Jetty (JenkinsRule)-175] DEBUG org.eclipse.jetty.io.ManagedSelector -- Selector sun.nio.ch.KQueueSelectorImpl@647dbd waiting with 0 keys
18:14:25.416 [Executing testGetSecretContextNotNullAndStoreContextNull(org.conjur.jenkins.conjursecrets.ConjurSecretCredentialImplTest)] DEBUG org.eclipse.jetty.io.ManagedSelector -- Queued change lazy=false org.eclipse.jetty.io.ManagedSelector$StopSelector@27e28689 on ManagedSelector@41cba8da{STOPPING} id=5 keys=0 selected=0 updates=0
18:14:25.416 [Executing testGetSecretContextNotNullAndStoreContextNull(org.conjur.jenkins.conjursecrets.ConjurSecretCredentialImplTest)] DEBUG org.eclipse.jetty.io.ManagedSelector -- Wakeup on submit ManagedSelector@41cba8da{STOPPING} id=5 keys=0 selected=0 updates=1
18:14:25.416 [Jetty (JenkinsRule)-175] DEBUG org.eclipse.jetty.io.ManagedSelector -- Selector sun.nio.ch.KQueueSelectorImpl@647dbd woken with none selected
18:14:25.416 [Jetty (JenkinsRule)-175] DEBUG org.eclipse.jetty.io.ManagedSelector -- Selector sun.nio.ch.KQueueSelectorImpl@647dbd woken up from select, 0/0/0 selected
18:14:25.416 [Jetty (JenkinsRule)-175] DEBUG org.eclipse.jetty.io.ManagedSelector -- Selector sun.nio.ch.KQueueSelectorImpl@647dbd processing 0 keys, 1 updates
18:14:25.416 [Jetty (JenkinsRule)-175] DEBUG org.eclipse.jetty.io.ManagedSelector -- updateable 1
18:14:25.416 [Jetty (JenkinsRule)-175] DEBUG org.eclipse.jetty.io.ManagedSelector -- update org.eclipse.jetty.io.ManagedSelector$StopSelector@27e28689
18:14:25.416 [Jetty (JenkinsRule)-175] DEBUG org.eclipse.jetty.io.ManagedSelector -- updates 0
18:14:25.416 [Jetty (JenkinsRule)-175] DEBUG org.eclipse.jetty.util.thread.QueuedThreadPool -- ran org.eclipse.jetty.io.ManagedSelector$$Lambda$424/0x00000001333325e0@65b67284 in QueuedThreadPool[Jetty (JenkinsRule)]@3569c758{STARTED,8<=10<=200,i=4,r=-1,q=0}[ReservedThreadExecutor@6e7c95d6{reserved=0/16,pending=0}]
18:14:25.416 [Executing testGetSecretContextNotNullAndStoreContextNull(org.conjur.jenkins.conjursecrets.ConjurSecretCredentialImplTest)] DEBUG org.eclipse.jetty.util.component.AbstractLifeCycle -- stopping EatWhatYouKill@3baea237/SelectorProducer@43afdb03/IDLE/p=false/QueuedThreadPool[Jetty (JenkinsRule)]@3569c758{STARTED,8<=10<=200,i=5,r=-1,q=0}[ReservedThreadExecutor@6e7c95d6{reserved=0/16,pending=0}][pc=0,pic=0,pec=0,epc=0]@2024-10-22T18:14:25.416461+05:30
18:14:25.416 [Executing testGetSecretContextNotNullAndStoreContextNull(org.conjur.jenkins.conjursecrets.ConjurSecretCredentialImplTest)] DEBUG org.eclipse.jetty.util.component.AbstractLifeCycle -- STOPPED EatWhatYouKill@3baea237/SelectorProducer@43afdb03/IDLE/p=false/QueuedThreadPool[Jetty (JenkinsRule)]@3569c758{STARTED,8<=10<=200,i=5,r=-1,q=0}[ReservedThreadExecutor@6e7c95d6{reserved=0/16,pending=0}][pc=0,pic=0,pec=0,epc=0]@2024-10-22T18:14:25.416538+05:30
18:14:25.416 [Executing testGetSecretContextNotNullAndStoreContextNull(org.conjur.jenkins.conjursecrets.ConjurSecretCredentialImplTest)] DEBUG org.eclipse.jetty.util.component.AbstractLifeCycle -- STOPPED ManagedSelector@41cba8da{STOPPED} id=5 keys=-1 selected=-1 updates=0
18:14:25.416 [Executing testGetSecretContextNotNullAndStoreContextNull(org.conjur.jenkins.conjursecrets.ConjurSecretCredentialImplTest)] DEBUG org.eclipse.jetty.util.component.AbstractLifeCycle -- stopping ManagedSelector@53218b39{STARTED} id=4 keys=0 selected=0 updates=0
18:14:25.416 [Executing testGetSecretContextNotNullAndStoreContextNull(org.conjur.jenkins.conjursecrets.ConjurSecretCredentialImplTest)] DEBUG org.eclipse.jetty.io.ManagedSelector -- Queued change lazy=false org.eclipse.jetty.io.ManagedSelector$CloseConnections@1b3d45dd on ManagedSelector@53218b39{STOPPING} id=4 keys=0 selected=0 updates=0
18:14:25.416 [Executing testGetSecretContextNotNullAndStoreContextNull(org.conjur.jenkins.conjursecrets.ConjurSecretCredentialImplTest)] DEBUG org.eclipse.jetty.io.ManagedSelector -- Wakeup on submit ManagedSelector@53218b39{STOPPING} id=4 keys=0 selected=0 updates=1
18:14:25.416 [Jetty (JenkinsRule)-174] DEBUG org.eclipse.jetty.io.ManagedSelector -- Selector sun.nio.ch.KQueueSelectorImpl@73773aea woken with none selected
18:14:25.416 [Jetty (JenkinsRule)-174] DEBUG org.eclipse.jetty.io.ManagedSelector -- Selector sun.nio.ch.KQueueSelectorImpl@73773aea woken up from select, 0/0/0 selected
18:14:25.416 [Jetty (JenkinsRule)-174] DEBUG org.eclipse.jetty.io.ManagedSelector -- Selector sun.nio.ch.KQueueSelectorImpl@73773aea processing 0 keys, 1 updates
18:14:25.416 [Jetty (JenkinsRule)-174] DEBUG org.eclipse.jetty.io.ManagedSelector -- updateable 1
18:14:25.416 [Jetty (JenkinsRule)-174] DEBUG org.eclipse.jetty.io.ManagedSelector -- update org.eclipse.jetty.io.ManagedSelector$CloseConnections@1b3d45dd
18:14:25.416 [Jetty (JenkinsRule)-174] DEBUG org.eclipse.jetty.io.ManagedSelector -- Closing 0 connections on ManagedSelector@53218b39{STOPPING} id=4 keys=0 selected=0 updates=0
18:14:25.416 [Jetty (JenkinsRule)-174] DEBUG org.eclipse.jetty.io.ManagedSelector -- updates 0
18:14:25.416 [Jetty (JenkinsRule)-174] DEBUG org.eclipse.jetty.io.ManagedSelector -- Selector sun.nio.ch.KQueueSelectorImpl@73773aea waiting with 0 keys
18:14:25.416 [Executing testGetSecretContextNotNullAndStoreContextNull(org.conjur.jenkins.conjursecrets.ConjurSecretCredentialImplTest)] DEBUG org.eclipse.jetty.io.ManagedSelector -- Queued change lazy=false org.eclipse.jetty.io.ManagedSelector$StopSelector@6e7ef667 on ManagedSelector@53218b39{STOPPING} id=4 keys=0 selected=0 updates=0
18:14:25.416 [Executing testGetSecretContextNotNullAndStoreContextNull(org.conjur.jenkins.conjursecrets.ConjurSecretCredentialImplTest)] DEBUG org.eclipse.jetty.io.ManagedSelector -- Wakeup on submit ManagedSelector@53218b39{STOPPING} id=4 keys=0 selected=0 updates=1
18:14:25.417 [Jetty (JenkinsRule)-174] DEBUG org.eclipse.jetty.io.ManagedSelector -- Selector sun.nio.ch.KQueueSelectorImpl@73773aea woken with none selected
18:14:25.417 [Jetty (JenkinsRule)-174] DEBUG org.eclipse.jetty.io.ManagedSelector -- Selector sun.nio.ch.KQueueSelectorImpl@73773aea woken up from select, 0/0/0 selected
18:14:25.417 [Jetty (JenkinsRule)-174] DEBUG org.eclipse.jetty.io.ManagedSelector -- Selector sun.nio.ch.KQueueSelectorImpl@73773aea processing 0 keys, 1 updates
18:14:25.417 [Jetty (JenkinsRule)-174] DEBUG org.eclipse.jetty.io.ManagedSelector -- updateable 1
18:14:25.417 [Jetty (JenkinsRule)-174] DEBUG org.eclipse.jetty.io.ManagedSelector -- update org.eclipse.jetty.io.ManagedSelector$StopSelector@6e7ef667
18:14:25.417 [Jetty (JenkinsRule)-174] DEBUG org.eclipse.jetty.io.ManagedSelector -- updates 0
18:14:25.417 [Jetty (JenkinsRule)-174] DEBUG org.eclipse.jetty.util.thread.QueuedThreadPool -- ran org.eclipse.jetty.io.ManagedSelector$$Lambda$424/0x00000001333325e0@1dcb4be7 in QueuedThreadPool[Jetty (JenkinsRule)]@3569c758{STARTED,8<=10<=200,i=5,r=-1,q=0}[ReservedThreadExecutor@6e7c95d6{reserved=0/16,pending=0}]
18:14:25.417 [Executing testGetSecretContextNotNullAndStoreContextNull(org.conjur.jenkins.conjursecrets.ConjurSecretCredentialImplTest)] DEBUG org.eclipse.jetty.util.component.AbstractLifeCycle -- stopping EatWhatYouKill@4547b7c6/SelectorProducer@7ecf8521/IDLE/p=false/QueuedThreadPool[Jetty (JenkinsRule)]@3569c758{STARTED,8<=10<=200,i=5,r=-1,q=0}[ReservedThreadExecutor@6e7c95d6{reserved=0/16,pending=0}][pc=0,pic=0,pec=0,epc=0]@2024-10-22T18:14:25.417234+05:30
18:14:25.417 [Executing testGetSecretContextNotNullAndStoreContextNull(org.conjur.jenkins.conjursecrets.ConjurSecretCredentialImplTest)] DEBUG org.eclipse.jetty.util.component.AbstractLifeCycle -- STOPPED EatWhatYouKill@4547b7c6/SelectorProducer@7ecf8521/IDLE/p=false/QueuedThreadPool[Jetty (JenkinsRule)]@3569c758{STARTED,8<=10<=200,i=6,r=-1,q=0}[ReservedThreadExecutor@6e7c95d6{reserved=0/16,pending=0}][pc=0,pic=0,pec=0,epc=0]@2024-10-22T18:14:25.417348+05:30
18:14:25.417 [Executing testGetSecretContextNotNullAndStoreContextNull(org.conjur.jenkins.conjursecrets.ConjurSecretCredentialImplTest)] DEBUG org.eclipse.jetty.util.component.AbstractLifeCycle -- STOPPED ManagedSelector@53218b39{STOPPED} id=4 keys=-1 selected=-1 updates=0
18:14:25.417 [Executing testGetSecretContextNotNullAndStoreContextNull(org.conjur.jenkins.conjursecrets.ConjurSecretCredentialImplTest)] DEBUG org.eclipse.jetty.util.component.AbstractLifeCycle -- stopping ManagedSelector@7d42b4ae{STARTED} id=3 keys=0 selected=0 updates=0
18:14:25.417 [Executing testGetSecretContextNotNullAndStoreContextNull(org.conjur.jenkins.conjursecrets.ConjurSecretCredentialImplTest)] DEBUG org.eclipse.jetty.io.ManagedSelector -- Queued change lazy=false org.eclipse.jetty.io.ManagedSelector$CloseConnections@526031fd on ManagedSelector@7d42b4ae{STOPPING} id=3 keys=0 selected=0 updates=0
18:14:25.417 [Executing testGetSecretContextNotNullAndStoreContextNull(org.conjur.jenkins.conjursecrets.ConjurSecretCredentialImplTest)] DEBUG org.eclipse.jetty.io.ManagedSelector -- Wakeup on submit ManagedSelector@7d42b4ae{STOPPING} id=3 keys=0 selected=0 updates=1
18:14:25.417 [Jetty (JenkinsRule)-173] DEBUG org.eclipse.jetty.io.ManagedSelector -- Selector sun.nio.ch.KQueueSelectorImpl@6240af08 woken with none selected
18:14:25.417 [Jetty (JenkinsRule)-173] DEBUG org.eclipse.jetty.io.ManagedSelector -- Selector sun.nio.ch.KQueueSelectorImpl@6240af08 woken up from select, 0/0/0 selected
18:14:25.417 [Jetty (JenkinsRule)-173] DEBUG org.eclipse.jetty.io.ManagedSelector -- Selector sun.nio.ch.KQueueSelectorImpl@6240af08 processing 0 keys, 1 updates
18:14:25.417 [Jetty (JenkinsRule)-173] DEBUG org.eclipse.jetty.io.ManagedSelector -- updateable 1
18:14:25.417 [Jetty (JenkinsRule)-173] DEBUG org.eclipse.jetty.io.ManagedSelector -- update org.eclipse.jetty.io.ManagedSelector$CloseConnections@526031fd
18:14:25.417 [Jetty (JenkinsRule)-173] DEBUG org.eclipse.jetty.io.ManagedSelector -- Closing 0 connections on ManagedSelector@7d42b4ae{STOPPING} id=3 keys=0 selected=0 updates=0
18:14:25.417 [Jetty (JenkinsRule)-173] DEBUG org.eclipse.jetty.io.ManagedSelector -- updates 0
18:14:25.417 [Jetty (JenkinsRule)-173] DEBUG org.eclipse.jetty.io.ManagedSelector -- Selector sun.nio.ch.KQueueSelectorImpl@6240af08 waiting with 0 keys
18:14:25.417 [Executing testGetSecretContextNotNullAndStoreContextNull(org.conjur.jenkins.conjursecrets.ConjurSecretCredentialImplTest)] DEBUG org.eclipse.jetty.io.ManagedSelector -- Queued change lazy=false org.eclipse.jetty.io.ManagedSelector$StopSelector@610533f6 on ManagedSelector@7d42b4ae{STOPPING} id=3 keys=0 selected=0 updates=0
18:14:25.417 [Executing testGetSecretContextNotNullAndStoreContextNull(org.conjur.jenkins.conjursecrets.ConjurSecretCredentialImplTest)] DEBUG org.eclipse.jetty.io.ManagedSelector -- Wakeup on submit ManagedSelector@7d42b4ae{STOPPING} id=3 keys=0 selected=0 updates=1
18:14:25.417 [Jetty (JenkinsRule)-173] DEBUG org.eclipse.jetty.io.ManagedSelector -- Selector sun.nio.ch.KQueueSelectorImpl@6240af08 woken with none selected
18:14:25.417 [Jetty (JenkinsRule)-173] DEBUG org.eclipse.jetty.io.ManagedSelector -- Selector sun.nio.ch.KQueueSelectorImpl@6240af08 woken up from select, 0/0/0 selected
18:14:25.417 [Jetty (JenkinsRule)-173] DEBUG org.eclipse.jetty.io.ManagedSelector -- Selector sun.nio.ch.KQueueSelectorImpl@6240af08 processing 0 keys, 1 updates
18:14:25.417 [Jetty (JenkinsRule)-173] DEBUG org.eclipse.jetty.io.ManagedSelector -- updateable 1
18:14:25.417 [Jetty (JenkinsRule)-173] DEBUG org.eclipse.jetty.io.ManagedSelector -- update org.eclipse.jetty.io.ManagedSelector$StopSelector@610533f6
18:14:25.417 [Jetty (JenkinsRule)-173] DEBUG org.eclipse.jetty.io.ManagedSelector -- updates 0
18:14:25.417 [Jetty (JenkinsRule)-173] DEBUG org.eclipse.jetty.util.thread.QueuedThreadPool -- ran org.eclipse.jetty.io.ManagedSelector$$Lambda$424/0x00000001333325e0@14f100f in QueuedThreadPool[Jetty (JenkinsRule)]@3569c758{STARTED,8<=10<=200,i=6,r=-1,q=0}[ReservedThreadExecutor@6e7c95d6{reserved=0/16,pending=0}]
18:14:25.418 [Executing testGetSecretContextNotNullAndStoreContextNull(org.conjur.jenkins.conjursecrets.ConjurSecretCredentialImplTest)] DEBUG org.eclipse.jetty.util.component.AbstractLifeCycle -- stopping EatWhatYouKill@52fd29d6/SelectorProducer@1317ca93/IDLE/p=false/QueuedThreadPool[Jetty (JenkinsRule)]@3569c758{STARTED,8<=10<=200,i=7,r=-1,q=0}[ReservedThreadExecutor@6e7c95d6{reserved=0/16,pending=0}][pc=0,pic=0,pec=0,epc=0]@2024-10-22T18:14:25.418035+05:30
18:14:25.418 [Executing testGetSecretContextNotNullAndStoreContextNull(org.conjur.jenkins.conjursecrets.ConjurSecretCredentialImplTest)] DEBUG org.eclipse.jetty.util.component.AbstractLifeCycle -- STOPPED EatWhatYouKill@52fd29d6/SelectorProducer@1317ca93/IDLE/p=false/QueuedThreadPool[Jetty (JenkinsRule)]@3569c758{STARTED,8<=10<=200,i=7,r=-1,q=0}[ReservedThreadExecutor@6e7c95d6{reserved=0/16,pending=0}][pc=0,pic=0,pec=0,epc=0]@2024-10-22T18:14:25.418115+05:30
18:14:25.418 [Executing testGetSecretContextNotNullAndStoreContextNull(org.conjur.jenkins.conjursecrets.ConjurSecretCredentialImplTest)] DEBUG org.eclipse.jetty.util.component.AbstractLifeCycle -- STOPPED ManagedSelector@7d42b4ae{STOPPED} id=3 keys=-1 selected=-1 updates=0
18:14:25.418 [Executing testGetSecretContextNotNullAndStoreContextNull(org.conjur.jenkins.conjursecrets.ConjurSecretCredentialImplTest)] DEBUG org.eclipse.jetty.util.component.AbstractLifeCycle -- stopping ManagedSelector@9763971{STARTED} id=2 keys=0 selected=0 updates=0
18:14:25.418 [Executing testGetSecretContextNotNullAndStoreContextNull(org.conjur.jenkins.conjursecrets.ConjurSecretCredentialImplTest)] DEBUG org.eclipse.jetty.io.ManagedSelector -- Queued change lazy=false org.eclipse.jetty.io.ManagedSelector$CloseConnections@106781a6 on ManagedSelector@9763971{STOPPING} id=2 keys=0 selected=0 updates=0
18:14:25.418 [Executing testGetSecretContextNotNullAndStoreContextNull(org.conjur.jenkins.conjursecrets.ConjurSecretCredentialImplTest)] DEBUG org.eclipse.jetty.io.ManagedSelector -- Wakeup on submit ManagedSelector@9763971{STOPPING} id=2 keys=0 selected=0 updates=1
18:14:25.418 [Jetty (JenkinsRule)-172] DEBUG org.eclipse.jetty.io.ManagedSelector -- Selector sun.nio.ch.KQueueSelectorImpl@75f572a4 woken with none selected
18:14:25.418 [Jetty (JenkinsRule)-172] DEBUG org.eclipse.jetty.io.ManagedSelector -- Selector sun.nio.ch.KQueueSelectorImpl@75f572a4 woken up from select, 0/0/0 selected
18:14:25.418 [Jetty (JenkinsRule)-172] DEBUG org.eclipse.jetty.io.ManagedSelector -- Selector sun.nio.ch.KQueueSelectorImpl@75f572a4 processing 0 keys, 1 updates
18:14:25.418 [Jetty (JenkinsRule)-172] DEBUG org.eclipse.jetty.io.ManagedSelector -- updateable 1
18:14:25.418 [Jetty (JenkinsRule)-172] DEBUG org.eclipse.jetty.io.ManagedSelector -- update org.eclipse.jetty.io.ManagedSelector$CloseConnections@106781a6
18:14:25.418 [Jetty (JenkinsRule)-172] DEBUG org.eclipse.jetty.io.ManagedSelector -- Closing 0 connections on ManagedSelector@9763971{STOPPING} id=2 keys=0 selected=0 updates=0
18:14:25.418 [Jetty (JenkinsRule)-172] DEBUG org.eclipse.jetty.io.ManagedSelector -- updates 0
18:14:25.418 [Jetty (JenkinsRule)-172] DEBUG org.eclipse.jetty.io.ManagedSelector -- Selector sun.nio.ch.KQueueSelectorImpl@75f572a4 waiting with 0 keys
18:14:25.418 [Executing testGetSecretContextNotNullAndStoreContextNull(org.conjur.jenkins.conjursecrets.ConjurSecretCredentialImplTest)] DEBUG org.eclipse.jetty.io.ManagedSelector -- Queued change lazy=false org.eclipse.jetty.io.ManagedSelector$StopSelector@9b38003 on ManagedSelector@9763971{STOPPING} id=2 keys=0 selected=0 updates=0
18:14:25.418 [Executing testGetSecretContextNotNullAndStoreContextNull(org.conjur.jenkins.conjursecrets.ConjurSecretCredentialImplTest)] DEBUG org.eclipse.jetty.io.ManagedSelector -- Wakeup on submit ManagedSelector@9763971{STOPPING} id=2 keys=0 selected=0 updates=1
18:14:25.418 [Jetty (JenkinsRule)-172] DEBUG org.eclipse.jetty.io.ManagedSelector -- Selector sun.nio.ch.KQueueSelectorImpl@75f572a4 woken with none selected
18:14:25.418 [Jetty (JenkinsRule)-172] DEBUG org.eclipse.jetty.io.ManagedSelector -- Selector sun.nio.ch.KQueueSelectorImpl@75f572a4 woken up from select, 0/0/0 selected
18:14:25.418 [Jetty (JenkinsRule)-172] DEBUG org.eclipse.jetty.io.ManagedSelector -- Selector sun.nio.ch.KQueueSelectorImpl@75f572a4 processing 0 keys, 1 updates
18:14:25.418 [Jetty (JenkinsRule)-172] DEBUG org.eclipse.jetty.io.ManagedSelector -- updateable 1
18:14:25.418 [Jetty (JenkinsRule)-172] DEBUG org.eclipse.jetty.io.ManagedSelector -- update org.eclipse.jetty.io.ManagedSelector$StopSelector@9b38003
18:14:25.418 [Jetty (JenkinsRule)-172] DEBUG org.eclipse.jetty.io.ManagedSelector -- updates 0
18:14:25.418 [Jetty (JenkinsRule)-172] DEBUG org.eclipse.jetty.util.thread.QueuedThreadPool -- ran org.eclipse.jetty.io.ManagedSelector$$Lambda$424/0x00000001333325e0@43bfbba7 in QueuedThreadPool[Jetty (JenkinsRule)]@3569c758{STARTED,8<=10<=200,i=7,r=-1,q=0}[ReservedThreadExecutor@6e7c95d6{reserved=0/16,pending=0}]
18:14:25.418 [Executing testGetSecretContextNotNullAndStoreContextNull(org.conjur.jenkins.conjursecrets.ConjurSecretCredentialImplTest)] DEBUG org.eclipse.jetty.util.component.AbstractLifeCycle -- stopping EatWhatYouKill@2dbd92c8/SelectorProducer@72038718/IDLE/p=false/QueuedThreadPool[Jetty (JenkinsRule)]@3569c758{STARTED,8<=10<=200,i=8,r=-1,q=0}[ReservedThreadExecutor@6e7c95d6{reserved=0/16,pending=0}][pc=0,pic=0,pec=0,epc=0]@2024-10-22T18:14:25.418762+05:30
18:14:25.418 [Executing testGetSecretContextNotNullAndStoreContextNull(org.conjur.jenkins.conjursecrets.ConjurSecretCredentialImplTest)] DEBUG org.eclipse.jetty.util.component.AbstractLifeCycle -- STOPPED EatWhatYouKill@2dbd92c8/SelectorProducer@72038718/IDLE/p=false/QueuedThreadPool[Jetty (JenkinsRule)]@3569c758{STARTED,8<=10<=200,i=8,r=-1,q=0}[ReservedThreadExecutor@6e7c95d6{reserved=0/16,pending=0}][pc=0,pic=0,pec=0,epc=0]@2024-10-22T18:14:25.418836+05:30
18:14:25.418 [Executing testGetSecretContextNotNullAndStoreContextNull(org.conjur.jenkins.conjursecrets.ConjurSecretCredentialImplTest)] DEBUG org.eclipse.jetty.util.component.AbstractLifeCycle -- STOPPED ManagedSelector@9763971{STOPPED} id=2 keys=-1 selected=-1 updates=0
18:14:25.418 [Executing testGetSecretContextNotNullAndStoreContextNull(org.conjur.jenkins.conjursecrets.ConjurSecretCredentialImplTest)] DEBUG org.eclipse.jetty.util.component.AbstractLifeCycle -- stopping ManagedSelector@2b5e01c8{STARTED} id=1 keys=0 selected=0 updates=0
18:14:25.418 [Executing testGetSecretContextNotNullAndStoreContextNull(org.conjur.jenkins.conjursecrets.ConjurSecretCredentialImplTest)] DEBUG org.eclipse.jetty.io.ManagedSelector -- Queued change lazy=false org.eclipse.jetty.io.ManagedSelector$CloseConnections@5a8fb711 on ManagedSelector@2b5e01c8{STOPPING} id=1 keys=0 selected=0 updates=0
18:14:25.418 [Executing testGetSecretContextNotNullAndStoreContextNull(org.conjur.jenkins.conjursecrets.ConjurSecretCredentialImplTest)] DEBUG org.eclipse.jetty.io.ManagedSelector -- Wakeup on submit ManagedSelector@2b5e01c8{STOPPING} id=1 keys=0 selected=0 updates=1
18:14:25.419 [Jetty (JenkinsRule)-171] DEBUG org.eclipse.jetty.io.ManagedSelector -- Selector sun.nio.ch.KQueueSelectorImpl@2e772fb6 woken with none selected
18:14:25.419 [Jetty (JenkinsRule)-171] DEBUG org.eclipse.jetty.io.ManagedSelector -- Selector sun.nio.ch.KQueueSelectorImpl@2e772fb6 woken up from select, 0/0/0 selected
18:14:25.419 [Jetty (JenkinsRule)-171] DEBUG org.eclipse.jetty.io.ManagedSelector -- Selector sun.nio.ch.KQueueSelectorImpl@2e772fb6 processing 0 keys, 1 updates
18:14:25.419 [Jetty (JenkinsRule)-171] DEBUG org.eclipse.jetty.io.ManagedSelector -- updateable 1
18:14:25.419 [Jetty (JenkinsRule)-171] DEBUG org.eclipse.jetty.io.ManagedSelector -- update org.eclipse.jetty.io.ManagedSelector$CloseConnections@5a8fb711
18:14:25.419 [Jetty (JenkinsRule)-171] DEBUG org.eclipse.jetty.io.ManagedSelector -- Closing 0 connections on ManagedSelector@2b5e01c8{STOPPING} id=1 keys=0 selected=0 updates=0
18:14:25.419 [Jetty (JenkinsRule)-171] DEBUG org.eclipse.jetty.io.ManagedSelector -- updates 0
18:14:25.419 [Jetty (JenkinsRule)-171] DEBUG org.eclipse.jetty.io.ManagedSelector -- Selector sun.nio.ch.KQueueSelectorImpl@2e772fb6 waiting with 0 keys
18:14:25.419 [Executing testGetSecretContextNotNullAndStoreContextNull(org.conjur.jenkins.conjursecrets.ConjurSecretCredentialImplTest)] DEBUG org.eclipse.jetty.io.ManagedSelector -- Queued change lazy=false org.eclipse.jetty.io.ManagedSelector$StopSelector@125db535 on ManagedSelector@2b5e01c8{STOPPING} id=1 keys=0 selected=0 updates=0
18:14:25.419 [Executing testGetSecretContextNotNullAndStoreContextNull(org.conjur.jenkins.conjursecrets.ConjurSecretCredentialImplTest)] DEBUG org.eclipse.jetty.io.ManagedSelector -- Wakeup on submit ManagedSelector@2b5e01c8{STOPPING} id=1 keys=0 selected=0 updates=1
18:14:25.419 [Jetty (JenkinsRule)-171] DEBUG org.eclipse.jetty.io.ManagedSelector -- Selector sun.nio.ch.KQueueSelectorImpl@2e772fb6 woken with none selected
18:14:25.419 [Jetty (JenkinsRule)-171] DEBUG org.eclipse.jetty.io.ManagedSelector -- Selector sun.nio.ch.KQueueSelectorImpl@2e772fb6 woken up from select, 0/0/0 selected
18:14:25.419 [Jetty (JenkinsRule)-171] DEBUG org.eclipse.jetty.io.ManagedSelector -- Selector sun.nio.ch.KQueueSelectorImpl@2e772fb6 processing 0 keys, 1 updates
18:14:25.419 [Jetty (JenkinsRule)-171] DEBUG org.eclipse.jetty.io.ManagedSelector -- updateable 1
18:14:25.419 [Jetty (JenkinsRule)-171] DEBUG org.eclipse.jetty.io.ManagedSelector -- update org.eclipse.jetty.io.ManagedSelector$StopSelector@125db535
18:14:25.419 [Jetty (JenkinsRule)-171] DEBUG org.eclipse.jetty.io.ManagedSelector -- updates 0
18:14:25.419 [Jetty (JenkinsRule)-171] DEBUG org.eclipse.jetty.util.thread.QueuedThreadPool -- ran org.eclipse.jetty.io.ManagedSelector$$Lambda$424/0x00000001333325e0@4a544bc8 in QueuedThreadPool[Jetty (JenkinsRule)]@3569c758{STARTED,8<=10<=200,i=8,r=-1,q=0}[ReservedThreadExecutor@6e7c95d6{reserved=0/16,pending=0}]
18:14:25.419 [Executing testGetSecretContextNotNullAndStoreContextNull(org.conjur.jenkins.conjursecrets.ConjurSecretCredentialImplTest)] DEBUG org.eclipse.jetty.util.component.AbstractLifeCycle -- stopping EatWhatYouKill@35ed4196/SelectorProducer@2b3a0697/IDLE/p=false/QueuedThreadPool[Jetty (JenkinsRule)]@3569c758{STARTED,8<=10<=200,i=8,r=-1,q=0}[ReservedThreadExecutor@6e7c95d6{reserved=0/16,pending=0}][pc=0,pic=0,pec=0,epc=0]@2024-10-22T18:14:25.419463+05:30
18:14:25.419 [Executing testGetSecretContextNotNullAndStoreContextNull(org.conjur.jenkins.conjursecrets.ConjurSecretCredentialImplTest)] DEBUG org.eclipse.jetty.util.component.AbstractLifeCycle -- STOPPED EatWhatYouKill@35ed4196/SelectorProducer@2b3a0697/IDLE/p=false/QueuedThreadPool[Jetty (JenkinsRule)]@3569c758{STARTED,8<=10<=200,i=9,r=-1,q=0}[ReservedThreadExecutor@6e7c95d6{reserved=0/16,pending=0}][pc=0,pic=0,pec=0,epc=0]@2024-10-22T18:14:25.419539+05:30
18:14:25.419 [Executing testGetSecretContextNotNullAndStoreContextNull(org.conjur.jenkins.conjursecrets.ConjurSecretCredentialImplTest)] DEBUG org.eclipse.jetty.util.component.AbstractLifeCycle -- STOPPED ManagedSelector@2b5e01c8{STOPPED} id=1 keys=-1 selected=-1 updates=0
18:14:25.419 [Executing testGetSecretContextNotNullAndStoreContextNull(org.conjur.jenkins.conjursecrets.ConjurSecretCredentialImplTest)] DEBUG org.eclipse.jetty.util.component.AbstractLifeCycle -- stopping ManagedSelector@6b7db318{STARTED} id=0 keys=0 selected=0 updates=0
18:14:25.419 [Executing testGetSecretContextNotNullAndStoreContextNull(org.conjur.jenkins.conjursecrets.ConjurSecretCredentialImplTest)] DEBUG org.eclipse.jetty.io.ManagedSelector -- Queued change lazy=false org.eclipse.jetty.io.ManagedSelector$CloseConnections@3e1b7c69 on ManagedSelector@6b7db318{STOPPING} id=0 keys=0 selected=0 updates=0
18:14:25.419 [Executing testGetSecretContextNotNullAndStoreContextNull(org.conjur.jenkins.conjursecrets.ConjurSecretCredentialImplTest)] DEBUG org.eclipse.jetty.io.ManagedSelector -- Wakeup on submit ManagedSelector@6b7db318{STOPPING} id=0 keys=0 selected=0 updates=1
18:14:25.419 [Jetty (JenkinsRule)-170] DEBUG org.eclipse.jetty.io.ManagedSelector -- Selector sun.nio.ch.KQueueSelectorImpl@30c6e5ac woken with none selected
18:14:25.419 [Jetty (JenkinsRule)-170] DEBUG org.eclipse.jetty.io.ManagedSelector -- Selector sun.nio.ch.KQueueSelectorImpl@30c6e5ac woken up from select, 0/0/0 selected
18:14:25.419 [Jetty (JenkinsRule)-170] DEBUG org.eclipse.jetty.io.ManagedSelector -- Selector sun.nio.ch.KQueueSelectorImpl@30c6e5ac processing 0 keys, 1 updates
18:14:25.419 [Jetty (JenkinsRule)-170] DEBUG org.eclipse.jetty.io.ManagedSelector -- updateable 1
18:14:25.419 [Jetty (JenkinsRule)-170] DEBUG org.eclipse.jetty.io.ManagedSelector -- update org.eclipse.jetty.io.ManagedSelector$CloseConnections@3e1b7c69
18:14:25.419 [Jetty (JenkinsRule)-170] DEBUG org.eclipse.jetty.io.ManagedSelector -- Closing 0 connections on ManagedSelector@6b7db318{STOPPING} id=0 keys=0 selected=0 updates=0
18:14:25.419 [Jetty (JenkinsRule)-170] DEBUG org.eclipse.jetty.io.ManagedSelector -- updates 0
18:14:25.419 [Jetty (JenkinsRule)-170] DEBUG org.eclipse.jetty.io.ManagedSelector -- Selector sun.nio.ch.KQueueSelectorImpl@30c6e5ac waiting with 0 keys
18:14:25.419 [Executing testGetSecretContextNotNullAndStoreContextNull(org.conjur.jenkins.conjursecrets.ConjurSecretCredentialImplTest)] DEBUG org.eclipse.jetty.io.ManagedSelector -- Queued change lazy=false org.eclipse.jetty.io.ManagedSelector$StopSelector@2b3d4031 on ManagedSelector@6b7db318{STOPPING} id=0 keys=0 selected=0 updates=0
18:14:25.419 [Executing testGetSecretContextNotNullAndStoreContextNull(org.conjur.jenkins.conjursecrets.ConjurSecretCredentialImplTest)] DEBUG org.eclipse.jetty.io.ManagedSelector -- Wakeup on submit ManagedSelector@6b7db318{STOPPING} id=0 keys=0 selected=0 updates=1
18:14:25.419 [Jetty (JenkinsRule)-170] DEBUG org.eclipse.jetty.io.ManagedSelector -- Selector sun.nio.ch.KQueueSelectorImpl@30c6e5ac woken with none selected
18:14:25.419 [Jetty (JenkinsRule)-170] DEBUG org.eclipse.jetty.io.ManagedSelector -- Selector sun.nio.ch.KQueueSelectorImpl@30c6e5ac woken up from select, 0/0/0 selected
18:14:25.420 [Jetty (JenkinsRule)-170] DEBUG org.eclipse.jetty.io.ManagedSelector -- Selector sun.nio.ch.KQueueSelectorImpl@30c6e5ac processing 0 keys, 1 updates
18:14:25.420 [Jetty (JenkinsRule)-170] DEBUG org.eclipse.jetty.io.ManagedSelector -- updateable 1
18:14:25.420 [Jetty (JenkinsRule)-170] DEBUG org.eclipse.jetty.io.ManagedSelector -- update org.eclipse.jetty.io.ManagedSelector$StopSelector@2b3d4031
18:14:25.420 [Jetty (JenkinsRule)-170] DEBUG org.eclipse.jetty.io.ManagedSelector -- updates 0
18:14:25.420 [Jetty (JenkinsRule)-170] DEBUG org.eclipse.jetty.util.thread.QueuedThreadPool -- ran org.eclipse.jetty.io.ManagedSelector$$Lambda$424/0x00000001333325e0@63d89b1c in QueuedThreadPool[Jetty (JenkinsRule)]@3569c758{STARTED,8<=10<=200,i=9,r=-1,q=0}[ReservedThreadExecutor@6e7c95d6{reserved=0/16,pending=0}]
18:14:25.420 [Executing testGetSecretContextNotNullAndStoreContextNull(org.conjur.jenkins.conjursecrets.ConjurSecretCredentialImplTest)] DEBUG org.eclipse.jetty.util.component.AbstractLifeCycle -- stopping EatWhatYouKill@7b0ca8b4/SelectorProducer@14d286ce/IDLE/p=false/QueuedThreadPool[Jetty (JenkinsRule)]@3569c758{STARTED,8<=10<=200,i=10,r=-1,q=0}[ReservedThreadExecutor@6e7c95d6{reserved=0/16,pending=0}][pc=0,pic=0,pec=0,epc=0]@2024-10-22T18:14:25.420183+05:30
18:14:25.420 [Executing testGetSecretContextNotNullAndStoreContextNull(org.conjur.jenkins.conjursecrets.ConjurSecretCredentialImplTest)] DEBUG org.eclipse.jetty.util.component.AbstractLifeCycle -- STOPPED EatWhatYouKill@7b0ca8b4/SelectorProducer@14d286ce/IDLE/p=false/QueuedThreadPool[Jetty (JenkinsRule)]@3569c758{STARTED,8<=10<=200,i=10,r=-1,q=0}[ReservedThreadExecutor@6e7c95d6{reserved=0/16,pending=0}][pc=0,pic=0,pec=0,epc=0]@2024-10-22T18:14:25.420268+05:30
18:14:25.420 [Executing testGetSecretContextNotNullAndStoreContextNull(org.conjur.jenkins.conjursecrets.ConjurSecretCredentialImplTest)] DEBUG org.eclipse.jetty.util.component.AbstractLifeCycle -- STOPPED ManagedSelector@6b7db318{STOPPED} id=0 keys=-1 selected=-1 updates=0
18:14:25.420 [Executing testGetSecretContextNotNullAndStoreContextNull(org.conjur.jenkins.conjursecrets.ConjurSecretCredentialImplTest)] DEBUG org.eclipse.jetty.util.component.AbstractLifeCycle -- STOPPED SelectorManager@ServerConnector@2b4c49a2{HTTP/1.1, (http/1.1)}{localhost:0}
18:14:25.420 [Executing testGetSecretContextNotNullAndStoreContextNull(org.conjur.jenkins.conjursecrets.ConjurSecretCredentialImplTest)] DEBUG org.eclipse.jetty.util.component.AbstractLifeCycle -- stopping HttpConnectionFactory@4fffcd43[HTTP/1.1]
18:14:25.420 [Executing testGetSecretContextNotNullAndStoreContextNull(org.conjur.jenkins.conjursecrets.ConjurSecretCredentialImplTest)] DEBUG org.eclipse.jetty.util.component.AbstractLifeCycle -- STOPPED HttpConnectionFactory@4fffcd43[HTTP/1.1]
18:14:25.420 [Executing testGetSecretContextNotNullAndStoreContextNull(org.conjur.jenkins.conjursecrets.ConjurSecretCredentialImplTest)] DEBUG org.eclipse.jetty.util.component.AbstractLifeCycle -- stopping ScheduledExecutorScheduler@682cb48c{STARTED}
18:14:25.420 [Executing testGetSecretContextNotNullAndStoreContextNull(org.conjur.jenkins.conjursecrets.ConjurSecretCredentialImplTest)] DEBUG org.eclipse.jetty.util.component.AbstractLifeCycle -- STOPPED ScheduledExecutorScheduler@682cb48c{STOPPED}
18:14:25.420 [Executing testGetSecretContextNotNullAndStoreContextNull(org.conjur.jenkins.conjursecrets.ConjurSecretCredentialImplTest)] INFO org.eclipse.jetty.server.AbstractConnector -- Stopped ServerConnector@2b4c49a2{HTTP/1.1, (http/1.1)}{localhost:0}
18:14:25.420 [Executing testGetSecretContextNotNullAndStoreContextNull(org.conjur.jenkins.conjursecrets.ConjurSecretCredentialImplTest)] DEBUG org.eclipse.jetty.util.component.AbstractLifeCycle -- STOPPED ServerConnector@2b4c49a2{HTTP/1.1, (http/1.1)}{localhost:0}
18:14:25.420 [Executing testGetSecretContextNotNullAndStoreContextNull(org.conjur.jenkins.conjursecrets.ConjurSecretCredentialImplTest)] DEBUG org.eclipse.jetty.server.handler.AbstractHandler -- stopping Server@3f91ac28{STOPPING}[9.4.48.v20220622]
18:14:25.420 [Executing testGetSecretContextNotNullAndStoreContextNull(org.conjur.jenkins.conjursecrets.ConjurSecretCredentialImplTest)] DEBUG org.eclipse.jetty.util.component.AbstractLifeCycle -- stopping DefaultSessionIdManager@2ce66da7{STARTED}[worker=node0]
18:14:25.420 [Executing testGetSecretContextNotNullAndStoreContextNull(org.conjur.jenkins.conjursecrets.ConjurSecretCredentialImplTest)] DEBUG org.eclipse.jetty.util.component.AbstractLifeCycle -- stopping HouseKeeper@3d995e7{STARTED}[interval=600000, ownscheduler=true]
18:14:25.420 [Executing testGetSecretContextNotNullAndStoreContextNull(org.conjur.jenkins.conjursecrets.ConjurSecretCredentialImplTest)] INFO org.eclipse.jetty.server.session -- node0 Stopped scavenging
18:14:25.420 [Executing testGetSecretContextNotNullAndStoreContextNull(org.conjur.jenkins.conjursecrets.ConjurSecretCredentialImplTest)] DEBUG org.eclipse.jetty.util.component.AbstractLifeCycle -- stopping ScheduledExecutorScheduler@6ff1a58d{STARTED}
18:14:25.420 [Executing testGetSecretContextNotNullAndStoreContextNull(org.conjur.jenkins.conjursecrets.ConjurSecretCredentialImplTest)] DEBUG org.eclipse.jetty.util.component.AbstractLifeCycle -- STOPPED ScheduledExecutorScheduler@6ff1a58d{STOPPED}
18:14:25.420 [Executing testGetSecretContextNotNullAndStoreContextNull(org.conjur.jenkins.conjursecrets.ConjurSecretCredentialImplTest)] DEBUG org.eclipse.jetty.util.component.AbstractLifeCycle -- STOPPED HouseKeeper@3d995e7{STOPPED}[interval=600000, ownscheduler=false]
18:14:25.420 [Executing testGetSecretContextNotNullAndStoreContextNull(org.conjur.jenkins.conjursecrets.ConjurSecretCredentialImplTest)] DEBUG org.eclipse.jetty.util.component.AbstractLifeCycle -- STOPPED DefaultSessionIdManager@2ce66da7{STOPPED}[worker=node0]
18:14:25.420 [Executing testGetSecretContextNotNullAndStoreContextNull(org.conjur.jenkins.conjursecrets.ConjurSecretCredentialImplTest)] DEBUG org.eclipse.jetty.util.component.AbstractLifeCycle -- stopping ErrorHandler@2734c9cb{STARTED}
18:14:25.420 [Executing testGetSecretContextNotNullAndStoreContextNull(org.conjur.jenkins.conjursecrets.ConjurSecretCredentialImplTest)] DEBUG org.eclipse.jetty.server.handler.AbstractHandler -- stopping ErrorHandler@2734c9cb{STOPPING}
18:14:25.420 [Executing testGetSecretContextNotNullAndStoreContextNull(org.conjur.jenkins.conjursecrets.ConjurSecretCredentialImplTest)] DEBUG org.eclipse.jetty.util.component.AbstractLifeCycle -- STOPPED ErrorHandler@2734c9cb{STOPPED}
18:14:25.420 [Executing testGetSecretContextNotNullAndStoreContextNull(org.conjur.jenkins.conjursecrets.ConjurSecretCredentialImplTest)] DEBUG org.eclipse.jetty.util.component.AbstractLifeCycle -- stopping o.e.j.w.WebAppContext@7a9325be{Jenkins v2.346.3,/jenkins,file:///Users/sameer.shaik/MyWorkSpace/17OctV2.2.3-New-BitBucketIssueFixed/conjur-credentials-plugin/target/jenkins-for-test/,SHUTDOWN}{/Users/sameer.shaik/MyWorkSpace/17OctV2.2.3-New-BitBucketIssueFixed/conjur-credentials-plugin/target/jenkins-for-test}
18:14:25.420 [Executing testGetSecretContextNotNullAndStoreContextNull(org.conjur.jenkins.conjursecrets.ConjurSecretCredentialImplTest)] DEBUG org.eclipse.jetty.server.handler.AbstractHandlerContainer -- Graceful shutdown o.e.j.w.WebAppContext@7a9325be{Jenkins v2.346.3,/jenkins,file:///Users/sameer.shaik/MyWorkSpace/17OctV2.2.3-New-BitBucketIssueFixed/conjur-credentials-plugin/target/jenkins-for-test/,SHUTDOWN}{/Users/sameer.shaik/MyWorkSpace/17OctV2.2.3-New-BitBucketIssueFixed/conjur-credentials-plugin/target/jenkins-for-test} by 
18:14:25.420 [Executing testGetSecretContextNotNullAndStoreContextNull(org.conjur.jenkins.conjursecrets.ConjurSecretCredentialImplTest)] DEBUG org.eclipse.jetty.server.handler.AbstractHandler -- stopping o.e.j.w.WebAppContext@7a9325be{Jenkins v2.346.3,/jenkins,file:///Users/sameer.shaik/MyWorkSpace/17OctV2.2.3-New-BitBucketIssueFixed/conjur-credentials-plugin/target/jenkins-for-test/,STOPPED}{/Users/sameer.shaik/MyWorkSpace/17OctV2.2.3-New-BitBucketIssueFixed/conjur-credentials-plugin/target/jenkins-for-test}
18:14:25.420 [Executing testGetSecretContextNotNullAndStoreContextNull(org.conjur.jenkins.conjursecrets.ConjurSecretCredentialImplTest)] DEBUG org.eclipse.jetty.util.component.AbstractLifeCycle -- stopping NoListenerConfiguration@1ef224ec{STARTED}
18:14:25.420 [Executing testGetSecretContextNotNullAndStoreContextNull(org.conjur.jenkins.conjursecrets.ConjurSecretCredentialImplTest)] DEBUG org.eclipse.jetty.util.component.AbstractLifeCycle -- STOPPED NoListenerConfiguration@1ef224ec{STOPPED}
18:14:25.420 [Executing testGetSecretContextNotNullAndStoreContextNull(org.conjur.jenkins.conjursecrets.ConjurSecretCredentialImplTest)] DEBUG org.eclipse.jetty.util.component.AbstractLifeCycle -- stopping ErrorPageErrorHandler@62e51113{STARTED}
18:14:25.421 [Executing testGetSecretContextNotNullAndStoreContextNull(org.conjur.jenkins.conjursecrets.ConjurSecretCredentialImplTest)] DEBUG org.eclipse.jetty.server.handler.AbstractHandler -- stopping ErrorPageErrorHandler@62e51113{STOPPING}
18:14:25.421 [Executing testGetSecretContextNotNullAndStoreContextNull(org.conjur.jenkins.conjursecrets.ConjurSecretCredentialImplTest)] DEBUG org.eclipse.jetty.util.component.AbstractLifeCycle -- STOPPED ErrorPageErrorHandler@62e51113{STOPPED}
18:14:25.421 [Executing testGetSecretContextNotNullAndStoreContextNull(org.conjur.jenkins.conjursecrets.ConjurSecretCredentialImplTest)] DEBUG org.eclipse.jetty.util.component.AbstractLifeCycle -- stopping org.eclipse.jetty.server.session.SessionHandler2044837542==dftMaxIdleSec=1800
18:14:25.421 [Executing testGetSecretContextNotNullAndStoreContextNull(org.conjur.jenkins.conjursecrets.ConjurSecretCredentialImplTest)] DEBUG org.eclipse.jetty.server.session -- Shutdown sessions, invalidating = false
18:14:25.421 [Executing testGetSecretContextNotNullAndStoreContextNull(org.conjur.jenkins.conjursecrets.ConjurSecretCredentialImplTest)] DEBUG org.eclipse.jetty.util.component.AbstractLifeCycle -- stopping org.eclipse.jetty.server.session.DefaultSessionCache@5227cc75[evict=-1,removeUnloadable=false,saveOnCreate=false,saveOnInactiveEvict=false]
18:14:25.421 [Executing testGetSecretContextNotNullAndStoreContextNull(org.conjur.jenkins.conjursecrets.ConjurSecretCredentialImplTest)] DEBUG org.eclipse.jetty.util.component.AbstractLifeCycle -- stopping org.eclipse.jetty.server.session.NullSessionDataStore@2a1efe49[passivating=false,graceSec=3600]
18:14:25.421 [Executing testGetSecretContextNotNullAndStoreContextNull(org.conjur.jenkins.conjursecrets.ConjurSecretCredentialImplTest)] DEBUG org.eclipse.jetty.util.component.AbstractLifeCycle -- STOPPED org.eclipse.jetty.server.session.NullSessionDataStore@2a1efe49[passivating=false,graceSec=3600]
18:14:25.421 [Executing testGetSecretContextNotNullAndStoreContextNull(org.conjur.jenkins.conjursecrets.ConjurSecretCredentialImplTest)] DEBUG org.eclipse.jetty.util.component.AbstractLifeCycle -- STOPPED org.eclipse.jetty.server.session.DefaultSessionCache@5227cc75[evict=-1,removeUnloadable=false,saveOnCreate=false,saveOnInactiveEvict=false]
18:14:25.421 [Executing testGetSecretContextNotNullAndStoreContextNull(org.conjur.jenkins.conjursecrets.ConjurSecretCredentialImplTest)] DEBUG org.eclipse.jetty.util.component.AbstractLifeCycle -- stopping ScheduledExecutorScheduler@2dd43a26{STARTED}
18:14:25.421 [Executing testGetSecretContextNotNullAndStoreContextNull(org.conjur.jenkins.conjursecrets.ConjurSecretCredentialImplTest)] DEBUG org.eclipse.jetty.util.component.AbstractLifeCycle -- STOPPED ScheduledExecutorScheduler@2dd43a26{STOPPED}
18:14:25.421 [Executing testGetSecretContextNotNullAndStoreContextNull(org.conjur.jenkins.conjursecrets.ConjurSecretCredentialImplTest)] DEBUG org.eclipse.jetty.server.handler.AbstractHandler -- stopping org.eclipse.jetty.server.session.SessionHandler2044837542==dftMaxIdleSec=1800
18:14:25.421 [Executing testGetSecretContextNotNullAndStoreContextNull(org.conjur.jenkins.conjursecrets.ConjurSecretCredentialImplTest)] DEBUG org.eclipse.jetty.util.component.AbstractLifeCycle -- stopping ConstraintSecurityHandler@1abcdaf1{STARTED}
18:14:25.421 [Executing testGetSecretContextNotNullAndStoreContextNull(org.conjur.jenkins.conjursecrets.ConjurSecretCredentialImplTest)] DEBUG org.eclipse.jetty.server.handler.AbstractHandler -- stopping ConstraintSecurityHandler@1abcdaf1{STOPPING}
18:14:25.421 [Executing testGetSecretContextNotNullAndStoreContextNull(org.conjur.jenkins.conjursecrets.ConjurSecretCredentialImplTest)] DEBUG org.eclipse.jetty.util.component.AbstractLifeCycle -- stopping HashLoginService@195279b8[default]
18:14:25.421 [Executing testGetSecretContextNotNullAndStoreContextNull(org.conjur.jenkins.conjursecrets.ConjurSecretCredentialImplTest)] DEBUG org.eclipse.jetty.util.component.AbstractLifeCycle -- stopping UserStore@69858146{STARTED}
18:14:25.421 [Executing testGetSecretContextNotNullAndStoreContextNull(org.conjur.jenkins.conjursecrets.ConjurSecretCredentialImplTest)] DEBUG org.eclipse.jetty.util.component.AbstractLifeCycle -- STOPPED UserStore@69858146{STOPPED}
18:14:25.421 [Executing testGetSecretContextNotNullAndStoreContextNull(org.conjur.jenkins.conjursecrets.ConjurSecretCredentialImplTest)] DEBUG org.eclipse.jetty.util.component.AbstractLifeCycle -- STOPPED HashLoginService@195279b8[default]
18:14:25.421 [Executing testGetSecretContextNotNullAndStoreContextNull(org.conjur.jenkins.conjursecrets.ConjurSecretCredentialImplTest)] DEBUG org.eclipse.jetty.util.component.AbstractLifeCycle -- stopping ServletHandler@168589eb{STARTED}
18:14:25.421 [Executing testGetSecretContextNotNullAndStoreContextNull(org.conjur.jenkins.conjursecrets.ConjurSecretCredentialImplTest)] DEBUG org.eclipse.jetty.server.handler.AbstractHandler -- stopping ServletHandler@168589eb{STOPPING}
18:14:25.421 [Executing testGetSecretContextNotNullAndStoreContextNull(org.conjur.jenkins.conjursecrets.ConjurSecretCredentialImplTest)] DEBUG org.eclipse.jetty.util.component.AbstractLifeCycle -- stopping plugins-filter==hudson.util.PluginServletFilter@607cc045{inst=true,async=true,src=DESCRIPTOR:file:///Users/sameer.shaik/MyWorkSpace/17OctV2.2.3-New-BitBucketIssueFixed/conjur-credentials-plugin/target/jenkins-for-test/WEB-INF/web.xml}
18:14:25.421 [Executing testGetSecretContextNotNullAndStoreContextNull(org.conjur.jenkins.conjursecrets.ConjurSecretCredentialImplTest)] DEBUG org.eclipse.jetty.util.component.AbstractLifeCycle -- STOPPED plugins-filter==hudson.util.PluginServletFilter@607cc045{inst=false,async=true,src=DESCRIPTOR:file:///Users/sameer.shaik/MyWorkSpace/17OctV2.2.3-New-BitBucketIssueFixed/conjur-credentials-plugin/target/jenkins-for-test/WEB-INF/web.xml}
18:14:25.421 [Executing testGetSecretContextNotNullAndStoreContextNull(org.conjur.jenkins.conjursecrets.ConjurSecretCredentialImplTest)] DEBUG org.eclipse.jetty.util.component.AbstractLifeCycle -- stopping csrf-filter==hudson.security.csrf.CrumbFilter@33c97101{inst=true,async=true,src=DESCRIPTOR:file:///Users/sameer.shaik/MyWorkSpace/17OctV2.2.3-New-BitBucketIssueFixed/conjur-credentials-plugin/target/jenkins-for-test/WEB-INF/web.xml}
18:14:25.421 [Executing testGetSecretContextNotNullAndStoreContextNull(org.conjur.jenkins.conjursecrets.ConjurSecretCredentialImplTest)] DEBUG org.eclipse.jetty.util.component.AbstractLifeCycle -- STOPPED csrf-filter==hudson.security.csrf.CrumbFilter@33c97101{inst=false,async=true,src=DESCRIPTOR:file:///Users/sameer.shaik/MyWorkSpace/17OctV2.2.3-New-BitBucketIssueFixed/conjur-credentials-plugin/target/jenkins-for-test/WEB-INF/web.xml}
18:14:25.421 [Executing testGetSecretContextNotNullAndStoreContextNull(org.conjur.jenkins.conjursecrets.ConjurSecretCredentialImplTest)] DEBUG org.eclipse.jetty.util.component.AbstractLifeCycle -- stopping authentication-filter==hudson.security.HudsonFilter@e6594a{inst=true,async=true,src=DESCRIPTOR:file:///Users/sameer.shaik/MyWorkSpace/17OctV2.2.3-New-BitBucketIssueFixed/conjur-credentials-plugin/target/jenkins-for-test/WEB-INF/web.xml}
18:14:25.421 [Executing testGetSecretContextNotNullAndStoreContextNull(org.conjur.jenkins.conjursecrets.ConjurSecretCredentialImplTest)] DEBUG org.eclipse.jetty.util.component.AbstractLifeCycle -- STOPPED authentication-filter==hudson.security.HudsonFilter@e6594a{inst=false,async=true,src=DESCRIPTOR:file:///Users/sameer.shaik/MyWorkSpace/17OctV2.2.3-New-BitBucketIssueFixed/conjur-credentials-plugin/target/jenkins-for-test/WEB-INF/web.xml}
18:14:25.421 [Executing testGetSecretContextNotNullAndStoreContextNull(org.conjur.jenkins.conjursecrets.ConjurSecretCredentialImplTest)] DEBUG org.eclipse.jetty.util.component.AbstractLifeCycle -- stopping compression-filter==org.kohsuke.stapler.compression.CompressionFilter@2e65c417{inst=true,async=true,src=DESCRIPTOR:file:///Users/sameer.shaik/MyWorkSpace/17OctV2.2.3-New-BitBucketIssueFixed/conjur-credentials-plugin/target/jenkins-for-test/WEB-INF/web.xml}
18:14:25.421 [Executing testGetSecretContextNotNullAndStoreContextNull(org.conjur.jenkins.conjursecrets.ConjurSecretCredentialImplTest)] DEBUG org.eclipse.jetty.util.component.AbstractLifeCycle -- STOPPED compression-filter==org.kohsuke.stapler.compression.CompressionFilter@2e65c417{inst=false,async=true,src=DESCRIPTOR:file:///Users/sameer.shaik/MyWorkSpace/17OctV2.2.3-New-BitBucketIssueFixed/conjur-credentials-plugin/target/jenkins-for-test/WEB-INF/web.xml}
18:14:25.421 [Executing testGetSecretContextNotNullAndStoreContextNull(org.conjur.jenkins.conjursecrets.ConjurSecretCredentialImplTest)] DEBUG org.eclipse.jetty.util.component.AbstractLifeCycle -- stopping encoding-filter==hudson.util.CharacterEncodingFilter@3a6d316c{inst=true,async=true,src=DESCRIPTOR:file:///Users/sameer.shaik/MyWorkSpace/17OctV2.2.3-New-BitBucketIssueFixed/conjur-credentials-plugin/target/jenkins-for-test/WEB-INF/web.xml}
18:14:25.421 [Executing testGetSecretContextNotNullAndStoreContextNull(org.conjur.jenkins.conjursecrets.ConjurSecretCredentialImplTest)] DEBUG org.eclipse.jetty.util.component.AbstractLifeCycle -- STOPPED encoding-filter==hudson.util.CharacterEncodingFilter@3a6d316c{inst=false,async=true,src=DESCRIPTOR:file:///Users/sameer.shaik/MyWorkSpace/17OctV2.2.3-New-BitBucketIssueFixed/conjur-credentials-plugin/target/jenkins-for-test/WEB-INF/web.xml}
18:14:25.421 [Executing testGetSecretContextNotNullAndStoreContextNull(org.conjur.jenkins.conjursecrets.ConjurSecretCredentialImplTest)] DEBUG org.eclipse.jetty.util.component.AbstractLifeCycle -- stopping diagnostic-name-filter==org.kohsuke.stapler.DiagnosticThreadNameFilter@6a7b3cf3{inst=true,async=true,src=DESCRIPTOR:file:///Users/sameer.shaik/MyWorkSpace/17OctV2.2.3-New-BitBucketIssueFixed/conjur-credentials-plugin/target/jenkins-for-test/WEB-INF/web.xml}
18:14:25.421 [Executing testGetSecretContextNotNullAndStoreContextNull(org.conjur.jenkins.conjursecrets.ConjurSecretCredentialImplTest)] DEBUG org.eclipse.jetty.util.component.AbstractLifeCycle -- STOPPED diagnostic-name-filter==org.kohsuke.stapler.DiagnosticThreadNameFilter@6a7b3cf3{inst=false,async=true,src=DESCRIPTOR:file:///Users/sameer.shaik/MyWorkSpace/17OctV2.2.3-New-BitBucketIssueFixed/conjur-credentials-plugin/target/jenkins-for-test/WEB-INF/web.xml}
18:14:25.421 [Executing testGetSecretContextNotNullAndStoreContextNull(org.conjur.jenkins.conjursecrets.ConjurSecretCredentialImplTest)] DEBUG org.eclipse.jetty.util.component.AbstractLifeCycle -- stopping suspicious-request-filter==jenkins.security.SuspiciousRequestFilter@2a8085b4{inst=true,async=true,src=DESCRIPTOR:file:///Users/sameer.shaik/MyWorkSpace/17OctV2.2.3-New-BitBucketIssueFixed/conjur-credentials-plugin/target/jenkins-for-test/WEB-INF/web.xml}
18:14:25.421 [Executing testGetSecretContextNotNullAndStoreContextNull(org.conjur.jenkins.conjursecrets.ConjurSecretCredentialImplTest)] DEBUG org.eclipse.jetty.util.component.AbstractLifeCycle -- STOPPED suspicious-request-filter==jenkins.security.SuspiciousRequestFilter@2a8085b4{inst=false,async=true,src=DESCRIPTOR:file:///Users/sameer.shaik/MyWorkSpace/17OctV2.2.3-New-BitBucketIssueFixed/conjur-credentials-plugin/target/jenkins-for-test/WEB-INF/web.xml}
18:14:25.421 [Executing testGetSecretContextNotNullAndStoreContextNull(org.conjur.jenkins.conjursecrets.ConjurSecretCredentialImplTest)] DEBUG org.eclipse.jetty.util.component.AbstractLifeCycle -- stopping Stapler==org.kohsuke.stapler.Stapler@f222d1a9{jsp=null,order=-1,inst=false,async=true,src=DESCRIPTOR:file:///Users/sameer.shaik/MyWorkSpace/17OctV2.2.3-New-BitBucketIssueFixed/conjur-credentials-plugin/target/jenkins-for-test/WEB-INF/web.xml,STARTED}
18:14:25.421 [Executing testGetSecretContextNotNullAndStoreContextNull(org.conjur.jenkins.conjursecrets.ConjurSecretCredentialImplTest)] DEBUG org.eclipse.jetty.util.component.AbstractLifeCycle -- STOPPED Stapler==org.kohsuke.stapler.Stapler@f222d1a9{jsp=null,order=-1,inst=false,async=true,src=DESCRIPTOR:file:///Users/sameer.shaik/MyWorkSpace/17OctV2.2.3-New-BitBucketIssueFixed/conjur-credentials-plugin/target/jenkins-for-test/WEB-INF/web.xml,STOPPED}
18:14:25.421 [Executing testGetSecretContextNotNullAndStoreContextNull(org.conjur.jenkins.conjursecrets.ConjurSecretCredentialImplTest)] DEBUG org.eclipse.jetty.util.component.AbstractLifeCycle -- stopping jsp==org.eclipse.jetty.servlet.NoJspServlet@19c47{jsp=null,order=0,inst=true,async=false,src=DESCRIPTOR:jar:file:/Users/sameer.shaik/.m2/repository/org/eclipse/jetty/jetty-webapp/9.4.48.v20220622/jetty-webapp-9.4.48.v20220622.jar!/org/eclipse/jetty/webapp/webdefault.xml,STARTED}
18:14:25.421 [Executing testGetSecretContextNotNullAndStoreContextNull(org.conjur.jenkins.conjursecrets.ConjurSecretCredentialImplTest)] DEBUG org.eclipse.jetty.util.component.AbstractLifeCycle -- STOPPED jsp==org.eclipse.jetty.servlet.NoJspServlet@19c47{jsp=null,order=0,inst=false,async=false,src=DESCRIPTOR:jar:file:/Users/sameer.shaik/.m2/repository/org/eclipse/jetty/jetty-webapp/9.4.48.v20220622/jetty-webapp-9.4.48.v20220622.jar!/org/eclipse/jetty/webapp/webdefault.xml,STOPPED}
18:14:25.421 [Executing testGetSecretContextNotNullAndStoreContextNull(org.conjur.jenkins.conjursecrets.ConjurSecretCredentialImplTest)] DEBUG org.eclipse.jetty.util.component.AbstractLifeCycle -- stopping default==org.eclipse.jetty.servlet.DefaultServlet@5c13d641{jsp=null,order=0,inst=true,async=false,src=DESCRIPTOR:jar:file:/Users/sameer.shaik/.m2/repository/org/eclipse/jetty/jetty-webapp/9.4.48.v20220622/jetty-webapp-9.4.48.v20220622.jar!/org/eclipse/jetty/webapp/webdefault.xml,STARTED}
18:14:25.421 [Executing testGetSecretContextNotNullAndStoreContextNull(org.conjur.jenkins.conjursecrets.ConjurSecretCredentialImplTest)] DEBUG org.eclipse.jetty.util.component.AbstractLifeCycle -- STOPPED default==org.eclipse.jetty.servlet.DefaultServlet@5c13d641{jsp=null,order=0,inst=false,async=false,src=DESCRIPTOR:jar:file:/Users/sameer.shaik/.m2/repository/org/eclipse/jetty/jetty-webapp/9.4.48.v20220622/jetty-webapp-9.4.48.v20220622.jar!/org/eclipse/jetty/webapp/webdefault.xml,STOPPED}
18:14:25.422 [Executing testGetSecretContextNotNullAndStoreContextNull(org.conjur.jenkins.conjursecrets.ConjurSecretCredentialImplTest)] DEBUG org.eclipse.jetty.server.handler.ContextHandler -- contextDestroyed: javax.servlet.ServletContextEvent[source=ServletContext@o.e.j.w.WebAppContext@7a9325be{Jenkins v2.346.3,/jenkins,file:///Users/sameer.shaik/MyWorkSpace/17OctV2.2.3-New-BitBucketIssueFixed/conjur-credentials-plugin/target/jenkins-for-test/,STOPPED}{/Users/sameer.shaik/MyWorkSpace/17OctV2.2.3-New-BitBucketIssueFixed/conjur-credentials-plugin/target/jenkins-for-test}]->jenkins.util.SystemProperties$Listener@347cbff0
18:14:25.422 [Executing testGetSecretContextNotNullAndStoreContextNull(org.conjur.jenkins.conjursecrets.ConjurSecretCredentialImplTest)] DEBUG org.eclipse.jetty.server.handler.ContextHandler -- contextDestroyed: javax.servlet.ServletContextEvent[source=ServletContext@o.e.j.w.WebAppContext@7a9325be{Jenkins v2.346.3,/jenkins,file:///Users/sameer.shaik/MyWorkSpace/17OctV2.2.3-New-BitBucketIssueFixed/conjur-credentials-plugin/target/jenkins-for-test/,STOPPED}{/Users/sameer.shaik/MyWorkSpace/17OctV2.2.3-New-BitBucketIssueFixed/conjur-credentials-plugin/target/jenkins-for-test}]->org.eclipse.jetty.servlet.listener.IntrospectorCleaner@39baa755
18:14:25.422 [Executing testGetSecretContextNotNullAndStoreContextNull(org.conjur.jenkins.conjursecrets.ConjurSecretCredentialImplTest)] DEBUG org.eclipse.jetty.server.handler.ContextHandler -- contextDestroyed: javax.servlet.ServletContextEvent[source=ServletContext@o.e.j.w.WebAppContext@7a9325be{Jenkins v2.346.3,/jenkins,file:///Users/sameer.shaik/MyWorkSpace/17OctV2.2.3-New-BitBucketIssueFixed/conjur-credentials-plugin/target/jenkins-for-test/,STOPPED}{/Users/sameer.shaik/MyWorkSpace/17OctV2.2.3-New-BitBucketIssueFixed/conjur-credentials-plugin/target/jenkins-for-test}]->org.eclipse.jetty.servlet.listener.ELContextCleaner@35b3becf
18:14:25.422 [Executing testGetSecretContextNotNullAndStoreContextNull(org.conjur.jenkins.conjursecrets.ConjurSecretCredentialImplTest)] DEBUG org.eclipse.jetty.util.component.AbstractLifeCycle -- stopping jenkins.JenkinsHttpSessionListener@61eeae58{src=DESCRIPTOR:file:///Users/sameer.shaik/MyWorkSpace/17OctV2.2.3-New-BitBucketIssueFixed/conjur-credentials-plugin/target/jenkins-for-test/WEB-INF/web.xml}
18:14:25.422 [Executing testGetSecretContextNotNullAndStoreContextNull(org.conjur.jenkins.conjursecrets.ConjurSecretCredentialImplTest)] DEBUG org.eclipse.jetty.util.component.AbstractLifeCycle -- STOPPED jenkins.JenkinsHttpSessionListener@61eeae58{src=DESCRIPTOR:file:///Users/sameer.shaik/MyWorkSpace/17OctV2.2.3-New-BitBucketIssueFixed/conjur-credentials-plugin/target/jenkins-for-test/WEB-INF/web.xml}
18:14:25.422 [Executing testGetSecretContextNotNullAndStoreContextNull(org.conjur.jenkins.conjursecrets.ConjurSecretCredentialImplTest)] DEBUG org.eclipse.jetty.util.component.AbstractLifeCycle -- stopping hudson.WebAppMain@47f2f696{src=DESCRIPTOR:file:///Users/sameer.shaik/MyWorkSpace/17OctV2.2.3-New-BitBucketIssueFixed/conjur-credentials-plugin/target/jenkins-for-test/WEB-INF/web.xml}
18:14:25.422 [Executing testGetSecretContextNotNullAndStoreContextNull(org.conjur.jenkins.conjursecrets.ConjurSecretCredentialImplTest)] DEBUG org.eclipse.jetty.util.component.AbstractLifeCycle -- STOPPED hudson.WebAppMain@47f2f696{src=DESCRIPTOR:file:///Users/sameer.shaik/MyWorkSpace/17OctV2.2.3-New-BitBucketIssueFixed/conjur-credentials-plugin/target/jenkins-for-test/WEB-INF/web.xml}
18:14:25.422 [Executing testGetSecretContextNotNullAndStoreContextNull(org.conjur.jenkins.conjursecrets.ConjurSecretCredentialImplTest)] DEBUG org.eclipse.jetty.util.component.AbstractLifeCycle -- stopping jenkins.util.SystemProperties$Listener@5c838710{src=DESCRIPTOR:file:///Users/sameer.shaik/MyWorkSpace/17OctV2.2.3-New-BitBucketIssueFixed/conjur-credentials-plugin/target/jenkins-for-test/WEB-INF/web.xml}
18:14:25.422 [Executing testGetSecretContextNotNullAndStoreContextNull(org.conjur.jenkins.conjursecrets.ConjurSecretCredentialImplTest)] DEBUG org.eclipse.jetty.util.component.AbstractLifeCycle -- STOPPED jenkins.util.SystemProperties$Listener@5c838710{src=DESCRIPTOR:file:///Users/sameer.shaik/MyWorkSpace/17OctV2.2.3-New-BitBucketIssueFixed/conjur-credentials-plugin/target/jenkins-for-test/WEB-INF/web.xml}
18:14:25.422 [Executing testGetSecretContextNotNullAndStoreContextNull(org.conjur.jenkins.conjursecrets.ConjurSecretCredentialImplTest)] DEBUG org.eclipse.jetty.util.component.AbstractLifeCycle -- stopping org.eclipse.jetty.servlet.listener.IntrospectorCleaner@77f78a43{src=DESCRIPTOR:jar:file:/Users/sameer.shaik/.m2/repository/org/eclipse/jetty/jetty-webapp/9.4.48.v20220622/jetty-webapp-9.4.48.v20220622.jar!/org/eclipse/jetty/webapp/webdefault.xml}
18:14:25.422 [Executing testGetSecretContextNotNullAndStoreContextNull(org.conjur.jenkins.conjursecrets.ConjurSecretCredentialImplTest)] DEBUG org.eclipse.jetty.util.component.AbstractLifeCycle -- STOPPED org.eclipse.jetty.servlet.listener.IntrospectorCleaner@77f78a43{src=DESCRIPTOR:jar:file:/Users/sameer.shaik/.m2/repository/org/eclipse/jetty/jetty-webapp/9.4.48.v20220622/jetty-webapp-9.4.48.v20220622.jar!/org/eclipse/jetty/webapp/webdefault.xml}
18:14:25.422 [Executing testGetSecretContextNotNullAndStoreContextNull(org.conjur.jenkins.conjursecrets.ConjurSecretCredentialImplTest)] DEBUG org.eclipse.jetty.util.component.AbstractLifeCycle -- stopping org.eclipse.jetty.servlet.listener.ELContextCleaner@67682a4a{src=DESCRIPTOR:jar:file:/Users/sameer.shaik/.m2/repository/org/eclipse/jetty/jetty-webapp/9.4.48.v20220622/jetty-webapp-9.4.48.v20220622.jar!/org/eclipse/jetty/webapp/webdefault.xml}
18:14:25.422 [Executing testGetSecretContextNotNullAndStoreContextNull(org.conjur.jenkins.conjursecrets.ConjurSecretCredentialImplTest)] DEBUG org.eclipse.jetty.util.component.AbstractLifeCycle -- STOPPED org.eclipse.jetty.servlet.listener.ELContextCleaner@67682a4a{src=DESCRIPTOR:jar:file:/Users/sameer.shaik/.m2/repository/org/eclipse/jetty/jetty-webapp/9.4.48.v20220622/jetty-webapp-9.4.48.v20220622.jar!/org/eclipse/jetty/webapp/webdefault.xml}
18:14:25.422 [Executing testGetSecretContextNotNullAndStoreContextNull(org.conjur.jenkins.conjursecrets.ConjurSecretCredentialImplTest)] DEBUG org.eclipse.jetty.util.component.AbstractLifeCycle -- STOPPED ServletHandler@168589eb{STOPPED}
18:14:25.422 [Executing testGetSecretContextNotNullAndStoreContextNull(org.conjur.jenkins.conjursecrets.ConjurSecretCredentialImplTest)] DEBUG org.eclipse.jetty.util.component.AbstractLifeCycle -- STOPPED ConstraintSecurityHandler@1abcdaf1{STOPPED}
18:14:25.422 [Executing testGetSecretContextNotNullAndStoreContextNull(org.conjur.jenkins.conjursecrets.ConjurSecretCredentialImplTest)] DEBUG org.eclipse.jetty.util.component.AbstractLifeCycle -- STOPPED org.eclipse.jetty.server.session.SessionHandler2044837542==dftMaxIdleSec=1800
18:14:25.422 [Executing testGetSecretContextNotNullAndStoreContextNull(org.conjur.jenkins.conjursecrets.ConjurSecretCredentialImplTest)] DEBUG org.eclipse.jetty.util.component.AbstractLifeCycle -- stopping SymlinkAllowedResourceAliasChecker@13b7eb3{base=/Users/sameer.shaik/MyWorkSpace/17OctV2.2.3-New-BitBucketIssueFixed/conjur-credentials-plugin/target/jenkins-for-test,protected=[/WEB-INF, /META-INF]}
18:14:25.422 [Executing testGetSecretContextNotNullAndStoreContextNull(org.conjur.jenkins.conjursecrets.ConjurSecretCredentialImplTest)] DEBUG org.eclipse.jetty.util.component.AbstractLifeCycle -- STOPPED SymlinkAllowedResourceAliasChecker@13b7eb3{base=null,protected=[/WEB-INF, /META-INF]}
18:14:25.422 [Executing testGetSecretContextNotNullAndStoreContextNull(org.conjur.jenkins.conjursecrets.ConjurSecretCredentialImplTest)] INFO org.eclipse.jetty.server.handler.ContextHandler -- Stopped o.e.j.w.WebAppContext@7a9325be{Jenkins v2.346.3,/jenkins,file:///Users/sameer.shaik/MyWorkSpace/17OctV2.2.3-New-BitBucketIssueFixed/conjur-credentials-plugin/target/jenkins-for-test/,STOPPED}{/Users/sameer.shaik/MyWorkSpace/17OctV2.2.3-New-BitBucketIssueFixed/conjur-credentials-plugin/target/jenkins-for-test}
18:14:25.422 [Executing testGetSecretContextNotNullAndStoreContextNull(org.conjur.jenkins.conjursecrets.ConjurSecretCredentialImplTest)] DEBUG org.eclipse.jetty.util.component.AbstractLifeCycle -- STOPPED o.e.j.w.WebAppContext@7a9325be{Jenkins v2.346.3,/jenkins,file:///Users/sameer.shaik/MyWorkSpace/17OctV2.2.3-New-BitBucketIssueFixed/conjur-credentials-plugin/target/jenkins-for-test/,STOPPED}{/Users/sameer.shaik/MyWorkSpace/17OctV2.2.3-New-BitBucketIssueFixed/conjur-credentials-plugin/target/jenkins-for-test}
18:14:25.422 [Executing testGetSecretContextNotNullAndStoreContextNull(org.conjur.jenkins.conjursecrets.ConjurSecretCredentialImplTest)] DEBUG org.eclipse.jetty.util.component.AbstractLifeCycle -- stopping QueuedThreadPool[Jetty (JenkinsRule)]@3569c758{STARTED,8<=10<=200,i=10,r=-1,q=0}[ReservedThreadExecutor@6e7c95d6{reserved=0/16,pending=0}]
18:14:25.422 [Executing testGetSecretContextNotNullAndStoreContextNull(org.conjur.jenkins.conjursecrets.ConjurSecretCredentialImplTest)] DEBUG org.eclipse.jetty.util.thread.QueuedThreadPool -- Stopping QueuedThreadPool[Jetty (JenkinsRule)]@3569c758{STOPPING,8<=10<=200,i=10,r=-1,q=0}[ReservedThreadExecutor@6e7c95d6{reserved=0/16,pending=0}]
18:14:25.422 [Executing testGetSecretContextNotNullAndStoreContextNull(org.conjur.jenkins.conjursecrets.ConjurSecretCredentialImplTest)] DEBUG org.eclipse.jetty.util.component.AbstractLifeCycle -- stopping ReservedThreadExecutor@6e7c95d6{reserved=0/16,pending=0}
18:14:25.422 [Executing testGetSecretContextNotNullAndStoreContextNull(org.conjur.jenkins.conjursecrets.ConjurSecretCredentialImplTest)] DEBUG org.eclipse.jetty.util.component.AbstractLifeCycle -- STOPPED ReservedThreadExecutor@6e7c95d6{reserved=-1/16,pending=0}
18:14:25.423 [Executing testGetSecretContextNotNullAndStoreContextNull(org.conjur.jenkins.conjursecrets.ConjurSecretCredentialImplTest)] DEBUG org.eclipse.jetty.util.thread.QueuedThreadPool -- Waiting for Thread[Jetty (JenkinsRule)-175,5,main] for 14999
18:14:25.423 [Jetty (JenkinsRule)-179] DEBUG org.eclipse.jetty.util.thread.QueuedThreadPool -- run org.eclipse.jetty.util.thread.QueuedThreadPool$$Lambda$384/0x00000001332e18f0@e0aef1f in QueuedThreadPool[Jetty (JenkinsRule)]@3569c758{STOPPING,8<=0<=200,i=10,r=-1,q=0}[NO_TRY]
18:14:25.423 [Jetty (JenkinsRule)-179] DEBUG org.eclipse.jetty.util.thread.QueuedThreadPool -- ran org.eclipse.jetty.util.thread.QueuedThreadPool$$Lambda$384/0x00000001332e18f0@e0aef1f in QueuedThreadPool[Jetty (JenkinsRule)]@3569c758{STOPPING,8<=0<=200,i=10,r=-1,q=0}[NO_TRY]
18:14:25.423 [Jetty (JenkinsRule)-180] DEBUG org.eclipse.jetty.util.thread.QueuedThreadPool -- run org.eclipse.jetty.util.thread.QueuedThreadPool$$Lambda$384/0x00000001332e18f0@e0aef1f in QueuedThreadPool[Jetty (JenkinsRule)]@3569c758{STOPPING,8<=0<=200,i=10,r=-1,q=0}[NO_TRY]
18:14:25.423 [Jetty (JenkinsRule)-179] DEBUG org.eclipse.jetty.util.thread.QueuedThreadPool -- Thread[Jetty (JenkinsRule)-179,5,main] exited for QueuedThreadPool[Jetty (JenkinsRule)]@3569c758{STOPPING,8<=0<=200,i=10,r=-1,q=0}[NO_TRY]
18:14:25.423 [Jetty (JenkinsRule)-180] DEBUG org.eclipse.jetty.util.thread.QueuedThreadPool -- ran org.eclipse.jetty.util.thread.QueuedThreadPool$$Lambda$384/0x00000001332e18f0@e0aef1f in QueuedThreadPool[Jetty (JenkinsRule)]@3569c758{STOPPING,8<=0<=200,i=10,r=-1,q=0}[NO_TRY]
18:14:25.423 [Jetty (JenkinsRule)-177] DEBUG org.eclipse.jetty.util.thread.QueuedThreadPool -- run org.eclipse.jetty.util.thread.QueuedThreadPool$$Lambda$384/0x00000001332e18f0@e0aef1f in QueuedThreadPool[Jetty (JenkinsRule)]@3569c758{STOPPING,8<=0<=200,i=10,r=-1,q=0}[NO_TRY]
18:14:25.423 [Jetty (JenkinsRule)-177] DEBUG org.eclipse.jetty.util.thread.QueuedThreadPool -- ran org.eclipse.jetty.util.thread.QueuedThreadPool$$Lambda$384/0x00000001332e18f0@e0aef1f in QueuedThreadPool[Jetty (JenkinsRule)]@3569c758{STOPPING,8<=0<=200,i=10,r=-1,q=0}[NO_TRY]
18:14:25.423 [Jetty (JenkinsRule)-180] DEBUG org.eclipse.jetty.util.thread.QueuedThreadPool -- Thread[Jetty (JenkinsRule)-180,5,main] exited for QueuedThreadPool[Jetty (JenkinsRule)]@3569c758{STOPPING,8<=0<=200,i=10,r=-1,q=0}[NO_TRY]
18:14:25.423 [Jetty (JenkinsRule)-176] DEBUG org.eclipse.jetty.util.thread.QueuedThreadPool -- run org.eclipse.jetty.util.thread.QueuedThreadPool$$Lambda$384/0x00000001332e18f0@e0aef1f in QueuedThreadPool[Jetty (JenkinsRule)]@3569c758{STOPPING,8<=0<=200,i=10,r=-1,q=0}[NO_TRY]
18:14:25.423 [Jetty (JenkinsRule)-175] DEBUG org.eclipse.jetty.util.thread.QueuedThreadPool -- run org.eclipse.jetty.util.thread.QueuedThreadPool$$Lambda$384/0x00000001332e18f0@e0aef1f in QueuedThreadPool[Jetty (JenkinsRule)]@3569c758{STOPPING,8<=0<=200,i=10,r=-1,q=0}[NO_TRY]
18:14:25.423 [Jetty (JenkinsRule)-177] DEBUG org.eclipse.jetty.util.thread.QueuedThreadPool -- Thread[Jetty (JenkinsRule)-177,5,main] exited for QueuedThreadPool[Jetty (JenkinsRule)]@3569c758{STOPPING,8<=0<=200,i=10,r=-1,q=0}[NO_TRY]
18:14:25.423 [Jetty (JenkinsRule)-174] DEBUG org.eclipse.jetty.util.thread.QueuedThreadPool -- run org.eclipse.jetty.util.thread.QueuedThreadPool$$Lambda$384/0x00000001332e18f0@e0aef1f in QueuedThreadPool[Jetty (JenkinsRule)]@3569c758{STOPPING,8<=0<=200,i=10,r=-1,q=0}[NO_TRY]
18:14:25.423 [Jetty (JenkinsRule)-175] DEBUG org.eclipse.jetty.util.thread.QueuedThreadPool -- ran org.eclipse.jetty.util.thread.QueuedThreadPool$$Lambda$384/0x00000001332e18f0@e0aef1f in QueuedThreadPool[Jetty (JenkinsRule)]@3569c758{STOPPING,8<=0<=200,i=10,r=-1,q=0}[NO_TRY]
18:14:25.423 [Jetty (JenkinsRule)-176] DEBUG org.eclipse.jetty.util.thread.QueuedThreadPool -- ran org.eclipse.jetty.util.thread.QueuedThreadPool$$Lambda$384/0x00000001332e18f0@e0aef1f in QueuedThreadPool[Jetty (JenkinsRule)]@3569c758{STOPPING,8<=0<=200,i=10,r=-1,q=0}[NO_TRY]
18:14:25.423 [Jetty (JenkinsRule)-173] DEBUG org.eclipse.jetty.util.thread.QueuedThreadPool -- run org.eclipse.jetty.util.thread.QueuedThreadPool$$Lambda$384/0x00000001332e18f0@e0aef1f in QueuedThreadPool[Jetty (JenkinsRule)]@3569c758{STOPPING,8<=0<=200,i=10,r=-1,q=0}[NO_TRY]
18:14:25.423 [Jetty (JenkinsRule)-171] DEBUG org.eclipse.jetty.util.thread.QueuedThreadPool -- run org.eclipse.jetty.util.thread.QueuedThreadPool$$Lambda$384/0x00000001332e18f0@e0aef1f in QueuedThreadPool[Jetty (JenkinsRule)]@3569c758{STOPPING,8<=0<=200,i=10,r=-1,q=0}[NO_TRY]
18:14:25.423 [Jetty (JenkinsRule)-173] DEBUG org.eclipse.jetty.util.thread.QueuedThreadPool -- ran org.eclipse.jetty.util.thread.QueuedThreadPool$$Lambda$384/0x00000001332e18f0@e0aef1f in QueuedThreadPool[Jetty (JenkinsRule)]@3569c758{STOPPING,8<=0<=200,i=10,r=-1,q=0}[NO_TRY]
18:14:25.423 [Jetty (JenkinsRule)-171] DEBUG org.eclipse.jetty.util.thread.QueuedThreadPool -- ran org.eclipse.jetty.util.thread.QueuedThreadPool$$Lambda$384/0x00000001332e18f0@e0aef1f in QueuedThreadPool[Jetty (JenkinsRule)]@3569c758{STOPPING,8<=0<=200,i=10,r=-1,q=0}[NO_TRY]
18:14:25.423 [Jetty (JenkinsRule)-172] DEBUG org.eclipse.jetty.util.thread.QueuedThreadPool -- run org.eclipse.jetty.util.thread.QueuedThreadPool$$Lambda$384/0x00000001332e18f0@e0aef1f in QueuedThreadPool[Jetty (JenkinsRule)]@3569c758{STOPPING,8<=0<=200,i=10,r=-1,q=0}[NO_TRY]
18:14:25.423 [Jetty (JenkinsRule)-174] DEBUG org.eclipse.jetty.util.thread.QueuedThreadPool -- ran org.eclipse.jetty.util.thread.QueuedThreadPool$$Lambda$384/0x00000001332e18f0@e0aef1f in QueuedThreadPool[Jetty (JenkinsRule)]@3569c758{STOPPING,8<=0<=200,i=10,r=-1,q=0}[NO_TRY]
18:14:25.423 [Jetty (JenkinsRule)-172] DEBUG org.eclipse.jetty.util.thread.QueuedThreadPool -- ran org.eclipse.jetty.util.thread.QueuedThreadPool$$Lambda$384/0x00000001332e18f0@e0aef1f in QueuedThreadPool[Jetty (JenkinsRule)]@3569c758{STOPPING,8<=0<=200,i=10,r=-1,q=0}[NO_TRY]
18:14:25.423 [Jetty (JenkinsRule)-174] DEBUG org.eclipse.jetty.util.thread.QueuedThreadPool -- Thread[Jetty (JenkinsRule)-174,5,main] exited for QueuedThreadPool[Jetty (JenkinsRule)]@3569c758{STOPPING,8<=0<=200,i=10,r=-1,q=0}[NO_TRY]
18:14:25.423 [Jetty (JenkinsRule)-170] DEBUG org.eclipse.jetty.util.thread.QueuedThreadPool -- run org.eclipse.jetty.util.thread.QueuedThreadPool$$Lambda$384/0x00000001332e18f0@e0aef1f in QueuedThreadPool[Jetty (JenkinsRule)]@3569c758{STOPPING,8<=0<=200,i=10,r=-1,q=0}[NO_TRY]
18:14:25.423 [Jetty (JenkinsRule)-175] DEBUG org.eclipse.jetty.util.thread.QueuedThreadPool -- Thread[Jetty (JenkinsRule)-175,5,main] exited for QueuedThreadPool[Jetty (JenkinsRule)]@3569c758{STOPPING,8<=0<=200,i=10,r=-1,q=0}[NO_TRY]
18:14:25.423 [Jetty (JenkinsRule)-176] DEBUG org.eclipse.jetty.util.thread.QueuedThreadPool -- Thread[Jetty (JenkinsRule)-176,5,main] exited for QueuedThreadPool[Jetty (JenkinsRule)]@3569c758{STOPPING,8<=0<=200,i=10,r=-1,q=0}[NO_TRY]
18:14:25.423 [Jetty (JenkinsRule)-173] DEBUG org.eclipse.jetty.util.thread.QueuedThreadPool -- Thread[Jetty (JenkinsRule)-173,5,main] exited for QueuedThreadPool[Jetty (JenkinsRule)]@3569c758{STOPPING,8<=0<=200,i=10,r=-1,q=0}[NO_TRY]
18:14:25.423 [Jetty (JenkinsRule)-171] DEBUG org.eclipse.jetty.util.thread.QueuedThreadPool -- Thread[Jetty (JenkinsRule)-171,5,main] exited for QueuedThreadPool[Jetty (JenkinsRule)]@3569c758{STOPPING,8<=0<=200,i=10,r=-1,q=0}[NO_TRY]
18:14:25.423 [Jetty (JenkinsRule)-172] DEBUG org.eclipse.jetty.util.thread.QueuedThreadPool -- Thread[Jetty (JenkinsRule)-172,5,main] exited for QueuedThreadPool[Jetty (JenkinsRule)]@3569c758{STOPPING,8<=0<=200,i=10,r=-1,q=0}[NO_TRY]
18:14:25.423 [Jetty (JenkinsRule)-170] DEBUG org.eclipse.jetty.util.thread.QueuedThreadPool -- ran org.eclipse.jetty.util.thread.QueuedThreadPool$$Lambda$384/0x00000001332e18f0@e0aef1f in QueuedThreadPool[Jetty (JenkinsRule)]@3569c758{STOPPING,8<=0<=200,i=10,r=-1,q=0}[NO_TRY]
18:14:25.423 [Executing testGetSecretContextNotNullAndStoreContextNull(org.conjur.jenkins.conjursecrets.ConjurSecretCredentialImplTest)] DEBUG org.eclipse.jetty.util.thread.QueuedThreadPool -- Waiting for Thread[Jetty (JenkinsRule)-172,5,main] for 14999
18:14:25.423 [Executing testGetSecretContextNotNullAndStoreContextNull(org.conjur.jenkins.conjursecrets.ConjurSecretCredentialImplTest)] DEBUG org.eclipse.jetty.util.thread.QueuedThreadPool -- Waiting for Thread[Jetty (JenkinsRule)-170,5,main] for 14999
18:14:25.423 [Jetty (JenkinsRule)-170] DEBUG org.eclipse.jetty.util.thread.QueuedThreadPool -- Thread[Jetty (JenkinsRule)-170,5,main] exited for QueuedThreadPool[Jetty (JenkinsRule)]@3569c758{STOPPING,8<=0<=200,i=10,r=-1,q=0}[NO_TRY]
18:14:25.424 [Executing testGetSecretContextNotNullAndStoreContextNull(org.conjur.jenkins.conjursecrets.ConjurSecretCredentialImplTest)] DEBUG org.eclipse.jetty.util.component.AbstractLifeCycle -- STOPPED QueuedThreadPool[Jetty (JenkinsRule)]@3569c758{STOPPED,8<=0<=200,i=10,r=-1,q=0}[NO_TRY]
18:14:25.424 [Executing testGetSecretContextNotNullAndStoreContextNull(org.conjur.jenkins.conjursecrets.ConjurSecretCredentialImplTest)] DEBUG org.eclipse.jetty.util.component.AbstractLifeCycle -- STOPPED Server@3f91ac28{STOPPED}[9.4.48.v20220622]
]]></system-out>
    <system-err><![CDATA[   0.041 [id=169]	INFO	o.jvnet.hudson.test.JenkinsRule#createWebServer: Running on http://localhost:51422/jenkins/
   0.100 [id=184]	INFO	jenkins.InitReactorRunner$1#onAttained: Started initialization
   0.103 [id=199]	INFO	jenkins.InitReactorRunner$1#onAttained: Listed all plugins
   0.316 [id=184]	INFO	jenkins.InitReactorRunner$1#onAttained: Prepared all plugins
   0.319 [id=201]	INFO	jenkins.InitReactorRunner$1#onAttained: Started all plugins
   0.320 [id=201]	INFO	jenkins.InitReactorRunner$1#onAttained: Augmented all extensions
   0.967 [id=201]	INFO	jenkins.InitReactorRunner$1#onAttained: System config loaded
   0.967 [id=191]	INFO	jenkins.InitReactorRunner$1#onAttained: System config adapted
   0.968 [id=191]	INFO	jenkins.InitReactorRunner$1#onAttained: Loaded all jobs
   0.968 [id=191]	INFO	jenkins.InitReactorRunner$1#onAttained: Configuration for all jobs updated
   1.005 [id=196]	INFO	jenkins.InitReactorRunner$1#onAttained: Completed initialization
   1.124 [id=169]	INFO	hudson.lifecycle.Lifecycle#onStatusUpdate: Stopping Jenkins
   1.211 [id=169]	INFO	hudson.lifecycle.Lifecycle#onStatusUpdate: Jenkins stopped
]]></system-err>
  </testcase>
  <testcase name="testGetSecretContextNotNullAndStoreContextNotNull" classname="org.conjur.jenkins.conjursecrets.ConjurSecretCredentialImplTest" time="1.144">
    <system-out><![CDATA[=== Starting testGetSecretContextNotNullAndStoreContextNotNull(org.conjur.jenkins.conjursecrets.ConjurSecretCredentialImplTest)
18:14:25.591 [Executing testGetSecretContextNotNullAndStoreContextNotNull(org.conjur.jenkins.conjursecrets.ConjurSecretCredentialImplTest)] DEBUG org.eclipse.jetty.util.component.ContainerLifeCycle -- QueuedThreadPool[qtp1290198177]@4ce6dca1{STOPPED,8<=0<=200,i=0,r=-1,q=0}[NO_TRY] added {org.eclipse.jetty.util.thread.ThreadPoolBudget@42212b4d,POJO}
18:14:25.591 [Executing testGetSecretContextNotNullAndStoreContextNotNull(org.conjur.jenkins.conjursecrets.ConjurSecretCredentialImplTest)] DEBUG org.eclipse.jetty.util.component.ContainerLifeCycle -- Server@461eb7d1{STOPPED}[9.4.48.v20220622] added {QueuedThreadPool[Jetty (JenkinsRule)]@4ce6dca1{STOPPED,8<=0<=200,i=0,r=-1,q=0}[NO_TRY],AUTO}
18:14:25.591 [Executing testGetSecretContextNotNullAndStoreContextNotNull(org.conjur.jenkins.conjursecrets.ConjurSecretCredentialImplTest)] DEBUG org.eclipse.jetty.util.component.ContainerLifeCycle -- o.e.j.w.WebAppContext@31c2176{/,null,STOPPED} added {SymlinkAllowedResourceAliasChecker@7965e660{base=null,protected=null},MANAGED}
18:14:25.591 [Executing testGetSecretContextNotNullAndStoreContextNotNull(org.conjur.jenkins.conjursecrets.ConjurSecretCredentialImplTest)] DEBUG org.eclipse.jetty.util.DecoratedObjectFactory -- Adding Decorator: org.eclipse.jetty.util.DeprecationWarning@32d5c142
18:14:25.591 [Executing testGetSecretContextNotNullAndStoreContextNotNull(org.conjur.jenkins.conjursecrets.ConjurSecretCredentialImplTest)] DEBUG org.eclipse.jetty.util.component.ContainerLifeCycle -- o.e.j.w.WebAppContext@31c2176{/jenkins,null,STOPPED} added {org.eclipse.jetty.server.session.SessionHandler21387510==dftMaxIdleSec=-1,MANAGED}
18:14:25.591 [Executing testGetSecretContextNotNullAndStoreContextNotNull(org.conjur.jenkins.conjursecrets.ConjurSecretCredentialImplTest)] DEBUG org.eclipse.jetty.util.component.ContainerLifeCycle -- ConstraintSecurityHandler@6333de39{STOPPED} added {org.eclipse.jetty.util.component.DumpableCollection@35b362d9,POJO}
18:14:25.591 [Executing testGetSecretContextNotNullAndStoreContextNotNull(org.conjur.jenkins.conjursecrets.ConjurSecretCredentialImplTest)] DEBUG org.eclipse.jetty.util.component.ContainerLifeCycle -- org.eclipse.jetty.server.session.SessionHandler21387510==dftMaxIdleSec=-1 added {ConstraintSecurityHandler@6333de39{STOPPED},MANAGED}
18:14:25.591 [Executing testGetSecretContextNotNullAndStoreContextNotNull(org.conjur.jenkins.conjursecrets.ConjurSecretCredentialImplTest)] DEBUG org.eclipse.jetty.util.component.ContainerLifeCycle -- ConstraintSecurityHandler@6333de39{STOPPED} added {ServletHandler@29f07afc{STOPPED},MANAGED}
18:14:25.591 [Executing testGetSecretContextNotNullAndStoreContextNotNull(org.conjur.jenkins.conjursecrets.ConjurSecretCredentialImplTest)] DEBUG org.eclipse.jetty.util.component.ContainerLifeCycle -- o.e.j.w.WebAppContext@31c2176{/jenkins,null,STOPPED} added {ErrorPageErrorHandler@1a4216dc{STOPPED},MANAGED}
18:14:25.591 [Executing testGetSecretContextNotNullAndStoreContextNotNull(org.conjur.jenkins.conjursecrets.ConjurSecretCredentialImplTest)] DEBUG org.eclipse.jetty.util.component.ContainerLifeCycle -- o.e.j.w.WebAppContext@31c2176{/jenkins,null,STOPPED}{/Users/sameer.shaik/MyWorkSpace/17OctV2.2.3-New-BitBucketIssueFixed/conjur-credentials-plugin/target/jenkins-for-test} added {NoListenerConfiguration@677dc1bb{STOPPED},AUTO}
18:14:25.591 [Executing testGetSecretContextNotNullAndStoreContextNotNull(org.conjur.jenkins.conjursecrets.ConjurSecretCredentialImplTest)] DEBUG org.eclipse.jetty.util.component.ContainerLifeCycle -- Server@461eb7d1{STOPPED}[9.4.48.v20220622] added {o.e.j.w.WebAppContext@31c2176{/jenkins,null,STOPPED}{/Users/sameer.shaik/MyWorkSpace/17OctV2.2.3-New-BitBucketIssueFixed/conjur-credentials-plugin/target/jenkins-for-test},MANAGED}
18:14:25.591 [Executing testGetSecretContextNotNullAndStoreContextNotNull(org.conjur.jenkins.conjursecrets.ConjurSecretCredentialImplTest)] DEBUG org.eclipse.jetty.util.component.ContainerLifeCycle -- HashLoginService@49f6d227[null] added {org.eclipse.jetty.security.DefaultIdentityService@637b767f,POJO}
18:14:25.591 [Executing testGetSecretContextNotNullAndStoreContextNotNull(org.conjur.jenkins.conjursecrets.ConjurSecretCredentialImplTest)] DEBUG org.eclipse.jetty.util.component.ContainerLifeCycle -- HashLoginService@49f6d227[default] added {UserStore@6985783a{STOPPED},AUTO}
18:14:25.592 [Executing testGetSecretContextNotNullAndStoreContextNotNull(org.conjur.jenkins.conjursecrets.ConjurSecretCredentialImplTest)] DEBUG org.eclipse.jetty.util.component.ContainerLifeCycle -- ConstraintSecurityHandler@6333de39{STOPPED} added {HashLoginService@49f6d227[default],AUTO}
18:14:25.592 [Executing testGetSecretContextNotNullAndStoreContextNotNull(org.conjur.jenkins.conjursecrets.ConjurSecretCredentialImplTest)] DEBUG org.eclipse.jetty.util.component.ContainerLifeCycle -- HttpConnectionFactory@5f690b17[HTTP/1.1] added {HttpConfiguration@2b8f0a75{32768/8192,8192/8192,https://:0,[]},POJO}
18:14:25.592 [Executing testGetSecretContextNotNullAndStoreContextNotNull(org.conjur.jenkins.conjursecrets.ConjurSecretCredentialImplTest)] DEBUG org.eclipse.jetty.util.component.ContainerLifeCycle -- ServerConnector@15703fa4{null, ()}{0.0.0.0:0} added {Server@461eb7d1{STOPPED}[9.4.48.v20220622],UNMANAGED}
18:14:25.592 [Executing testGetSecretContextNotNullAndStoreContextNotNull(org.conjur.jenkins.conjursecrets.ConjurSecretCredentialImplTest)] DEBUG org.eclipse.jetty.util.component.ContainerLifeCycle -- ServerConnector@15703fa4{null, ()}{0.0.0.0:0} added {QueuedThreadPool[Jetty (JenkinsRule)]@4ce6dca1{STOPPED,8<=0<=200,i=0,r=-1,q=0}[NO_TRY],AUTO}
18:14:25.592 [Executing testGetSecretContextNotNullAndStoreContextNotNull(org.conjur.jenkins.conjursecrets.ConjurSecretCredentialImplTest)] DEBUG org.eclipse.jetty.util.component.ContainerLifeCycle -- ServerConnector@15703fa4{null, ()}{0.0.0.0:0} added {ScheduledExecutorScheduler@3256b3c2{STOPPED},AUTO}
18:14:25.592 [Executing testGetSecretContextNotNullAndStoreContextNotNull(org.conjur.jenkins.conjursecrets.ConjurSecretCredentialImplTest)] DEBUG org.eclipse.jetty.util.component.ContainerLifeCycle -- ServerConnector@15703fa4{null, ()}{0.0.0.0:0} added {ArrayByteBufferPool@2570272c{minBufferCapacity=0, maxBufferCapacity=65536, maxQueueLength=-1, factor=1024},POJO}
18:14:25.592 [Executing testGetSecretContextNotNullAndStoreContextNotNull(org.conjur.jenkins.conjursecrets.ConjurSecretCredentialImplTest)] DEBUG org.eclipse.jetty.util.component.ContainerLifeCycle -- ServerConnector@15703fa4{null, (http/1.1)}{0.0.0.0:0} added {HttpConnectionFactory@5f690b17[HTTP/1.1],AUTO}
18:14:25.592 [Executing testGetSecretContextNotNullAndStoreContextNotNull(org.conjur.jenkins.conjursecrets.ConjurSecretCredentialImplTest)] DEBUG org.eclipse.jetty.server.AbstractConnector -- ServerConnector@15703fa4{HTTP/1.1, (http/1.1)}{0.0.0.0:0} added HttpConnectionFactory@5f690b17[HTTP/1.1]
18:14:25.592 [Executing testGetSecretContextNotNullAndStoreContextNotNull(org.conjur.jenkins.conjursecrets.ConjurSecretCredentialImplTest)] DEBUG org.eclipse.jetty.util.component.ContainerLifeCycle -- ServerConnector@15703fa4{HTTP/1.1, (http/1.1)}{0.0.0.0:0} added {SelectorManager@ServerConnector@15703fa4{HTTP/1.1, (http/1.1)}{0.0.0.0:0},MANAGED}
18:14:25.592 [Executing testGetSecretContextNotNullAndStoreContextNotNull(org.conjur.jenkins.conjursecrets.ConjurSecretCredentialImplTest)] DEBUG org.eclipse.jetty.util.component.ContainerLifeCycle -- Server@461eb7d1{STOPPED}[9.4.48.v20220622] added {ServerConnector@15703fa4{HTTP/1.1, (http/1.1)}{localhost:0},AUTO}
18:14:25.593 [Executing testGetSecretContextNotNullAndStoreContextNotNull(org.conjur.jenkins.conjursecrets.ConjurSecretCredentialImplTest)] DEBUG org.eclipse.jetty.util.component.AbstractLifeCycle -- starting Server@461eb7d1{STOPPED}[9.4.48.v20220622]
18:14:25.593 [Executing testGetSecretContextNotNullAndStoreContextNotNull(org.conjur.jenkins.conjursecrets.ConjurSecretCredentialImplTest)] DEBUG org.eclipse.jetty.util.component.ContainerLifeCycle -- Server@461eb7d1{STARTING}[9.4.48.v20220622] added {ErrorHandler@76ff4d55{STOPPED},AUTO}
18:14:25.593 [Executing testGetSecretContextNotNullAndStoreContextNotNull(org.conjur.jenkins.conjursecrets.ConjurSecretCredentialImplTest)] INFO org.eclipse.jetty.server.Server -- jetty-9.4.48.v20220622; built: 2022-06-21T20:42:25.880Z; git: 6b67c5719d1f4371b33655ff2d047d24e171e49a; jvm 17.0.11+9-adhoc.admin.jdk17u
18:14:25.593 [Executing testGetSecretContextNotNullAndStoreContextNotNull(org.conjur.jenkins.conjursecrets.ConjurSecretCredentialImplTest)] DEBUG org.eclipse.jetty.server.handler.AbstractHandler -- starting Server@461eb7d1{STARTING}[9.4.48.v20220622]
18:14:25.593 [Executing testGetSecretContextNotNullAndStoreContextNotNull(org.conjur.jenkins.conjursecrets.ConjurSecretCredentialImplTest)] DEBUG org.eclipse.jetty.util.component.AbstractLifeCycle -- starting QueuedThreadPool[Jetty (JenkinsRule)]@4ce6dca1{STOPPED,8<=0<=200,i=0,r=-1,q=0}[NO_TRY]
18:14:25.593 [Executing testGetSecretContextNotNullAndStoreContextNotNull(org.conjur.jenkins.conjursecrets.ConjurSecretCredentialImplTest)] DEBUG org.eclipse.jetty.util.thread.ReservedThreadExecutor -- ReservedThreadExecutor@62e6c131{reserved=0/16,pending=0}
18:14:25.593 [Executing testGetSecretContextNotNullAndStoreContextNotNull(org.conjur.jenkins.conjursecrets.ConjurSecretCredentialImplTest)] DEBUG org.eclipse.jetty.util.component.ContainerLifeCycle -- QueuedThreadPool[Jetty (JenkinsRule)]@4ce6dca1{STARTING,8<=0<=200,i=0,r=-1,q=0}[ReservedThreadExecutor@62e6c131{reserved=0/16,pending=0}] added {ReservedThreadExecutor@62e6c131{reserved=0/16,pending=0},AUTO}
18:14:25.593 [Executing testGetSecretContextNotNullAndStoreContextNotNull(org.conjur.jenkins.conjursecrets.ConjurSecretCredentialImplTest)] DEBUG org.eclipse.jetty.util.component.AbstractLifeCycle -- starting ReservedThreadExecutor@62e6c131{reserved=0/16,pending=0}
18:14:25.593 [Executing testGetSecretContextNotNullAndStoreContextNotNull(org.conjur.jenkins.conjursecrets.ConjurSecretCredentialImplTest)] DEBUG org.eclipse.jetty.util.component.AbstractLifeCycle -- STARTED @16151ms ReservedThreadExecutor@62e6c131{reserved=0/16,pending=0}
18:14:25.593 [Executing testGetSecretContextNotNullAndStoreContextNotNull(org.conjur.jenkins.conjursecrets.ConjurSecretCredentialImplTest)] DEBUG org.eclipse.jetty.util.thread.QueuedThreadPool -- Starting Thread[Jetty (JenkinsRule)-233,5,main]
18:14:25.593 [Executing testGetSecretContextNotNullAndStoreContextNotNull(org.conjur.jenkins.conjursecrets.ConjurSecretCredentialImplTest)] DEBUG org.eclipse.jetty.util.thread.QueuedThreadPool -- Starting Thread[Jetty (JenkinsRule)-234,5,main]
18:14:25.593 [Jetty (JenkinsRule)-233] DEBUG org.eclipse.jetty.util.thread.QueuedThreadPool -- Runner started for QueuedThreadPool[Jetty (JenkinsRule)]@4ce6dca1{STARTING,8<=2<=200,i=2,r=-1,q=0}[ReservedThreadExecutor@62e6c131{reserved=0/16,pending=0}]
18:14:25.593 [Executing testGetSecretContextNotNullAndStoreContextNotNull(org.conjur.jenkins.conjursecrets.ConjurSecretCredentialImplTest)] DEBUG org.eclipse.jetty.util.thread.QueuedThreadPool -- Starting Thread[Jetty (JenkinsRule)-235,5,main]
18:14:25.593 [Jetty (JenkinsRule)-234] DEBUG org.eclipse.jetty.util.thread.QueuedThreadPool -- Runner started for QueuedThreadPool[Jetty (JenkinsRule)]@4ce6dca1{STARTING,8<=3<=200,i=3,r=-1,q=0}[ReservedThreadExecutor@62e6c131{reserved=0/16,pending=0}]
18:14:25.593 [Executing testGetSecretContextNotNullAndStoreContextNotNull(org.conjur.jenkins.conjursecrets.ConjurSecretCredentialImplTest)] DEBUG org.eclipse.jetty.util.thread.QueuedThreadPool -- Starting Thread[Jetty (JenkinsRule)-236,5,main]
18:14:25.594 [Jetty (JenkinsRule)-235] DEBUG org.eclipse.jetty.util.thread.QueuedThreadPool -- Runner started for QueuedThreadPool[Jetty (JenkinsRule)]@4ce6dca1{STARTING,8<=4<=200,i=4,r=-1,q=0}[ReservedThreadExecutor@62e6c131{reserved=0/16,pending=0}]
18:14:25.594 [Executing testGetSecretContextNotNullAndStoreContextNotNull(org.conjur.jenkins.conjursecrets.ConjurSecretCredentialImplTest)] DEBUG org.eclipse.jetty.util.thread.QueuedThreadPool -- Starting Thread[Jetty (JenkinsRule)-237,5,main]
18:14:25.594 [Jetty (JenkinsRule)-236] DEBUG org.eclipse.jetty.util.thread.QueuedThreadPool -- Runner started for QueuedThreadPool[Jetty (JenkinsRule)]@4ce6dca1{STARTING,8<=5<=200,i=5,r=-1,q=0}[ReservedThreadExecutor@62e6c131{reserved=0/16,pending=0}]
18:14:25.594 [Executing testGetSecretContextNotNullAndStoreContextNotNull(org.conjur.jenkins.conjursecrets.ConjurSecretCredentialImplTest)] DEBUG org.eclipse.jetty.util.thread.QueuedThreadPool -- Starting Thread[Jetty (JenkinsRule)-238,5,main]
18:14:25.594 [Jetty (JenkinsRule)-237] DEBUG org.eclipse.jetty.util.thread.QueuedThreadPool -- Runner started for QueuedThreadPool[Jetty (JenkinsRule)]@4ce6dca1{STARTING,8<=6<=200,i=6,r=-1,q=0}[ReservedThreadExecutor@62e6c131{reserved=0/16,pending=0}]
18:14:25.594 [Executing testGetSecretContextNotNullAndStoreContextNotNull(org.conjur.jenkins.conjursecrets.ConjurSecretCredentialImplTest)] DEBUG org.eclipse.jetty.util.thread.QueuedThreadPool -- Starting Thread[Jetty (JenkinsRule)-239,5,main]
18:14:25.594 [Jetty (JenkinsRule)-238] DEBUG org.eclipse.jetty.util.thread.QueuedThreadPool -- Runner started for QueuedThreadPool[Jetty (JenkinsRule)]@4ce6dca1{STARTING,8<=7<=200,i=7,r=-1,q=0}[ReservedThreadExecutor@62e6c131{reserved=0/16,pending=0}]
18:14:25.594 [Executing testGetSecretContextNotNullAndStoreContextNotNull(org.conjur.jenkins.conjursecrets.ConjurSecretCredentialImplTest)] DEBUG org.eclipse.jetty.util.thread.QueuedThreadPool -- Starting Thread[Jetty (JenkinsRule)-240,5,main]
18:14:25.594 [Jetty (JenkinsRule)-239] DEBUG org.eclipse.jetty.util.thread.QueuedThreadPool -- Runner started for QueuedThreadPool[Jetty (JenkinsRule)]@4ce6dca1{STARTING,8<=8<=200,i=8,r=-1,q=0}[ReservedThreadExecutor@62e6c131{reserved=0/16,pending=0}]
18:14:25.594 [Executing testGetSecretContextNotNullAndStoreContextNotNull(org.conjur.jenkins.conjursecrets.ConjurSecretCredentialImplTest)] DEBUG org.eclipse.jetty.util.component.AbstractLifeCycle -- STARTED @16152ms QueuedThreadPool[Jetty (JenkinsRule)]@4ce6dca1{STARTED,8<=8<=200,i=8,r=-1,q=0}[ReservedThreadExecutor@62e6c131{reserved=0/16,pending=0}]
18:14:25.594 [Executing testGetSecretContextNotNullAndStoreContextNotNull(org.conjur.jenkins.conjursecrets.ConjurSecretCredentialImplTest)] DEBUG org.eclipse.jetty.util.component.AbstractLifeCycle -- starting o.e.j.w.WebAppContext@31c2176{/jenkins,file:///Users/sameer.shaik/MyWorkSpace/17OctV2.2.3-New-BitBucketIssueFixed/conjur-credentials-plugin/target/jenkins-for-test/,STOPPED}{/Users/sameer.shaik/MyWorkSpace/17OctV2.2.3-New-BitBucketIssueFixed/conjur-credentials-plugin/target/jenkins-for-test}
18:14:25.594 [Jetty (JenkinsRule)-240] DEBUG org.eclipse.jetty.util.thread.QueuedThreadPool -- Runner started for QueuedThreadPool[Jetty (JenkinsRule)]@4ce6dca1{STARTED,8<=8<=200,i=8,r=-1,q=0}[ReservedThreadExecutor@62e6c131{reserved=0/16,pending=0}]
18:14:25.595 [Executing testGetSecretContextNotNullAndStoreContextNotNull(org.conjur.jenkins.conjursecrets.ConjurSecretCredentialImplTest)] DEBUG org.eclipse.jetty.webapp.WebAppContext -- Thread Context classloader jdk.internal.loader.ClassLoaders$AppClassLoader@5ffd2b27
18:14:25.595 [Executing testGetSecretContextNotNullAndStoreContextNotNull(org.conjur.jenkins.conjursecrets.ConjurSecretCredentialImplTest)] DEBUG org.eclipse.jetty.webapp.WebAppContext -- Parent class loader: jdk.internal.loader.ClassLoaders$PlatformClassLoader@41de5768 
18:14:25.595 [Executing testGetSecretContextNotNullAndStoreContextNotNull(org.conjur.jenkins.conjursecrets.ConjurSecretCredentialImplTest)] DEBUG org.eclipse.jetty.webapp.WebAppContext -- preConfigure o.e.j.w.WebAppContext@31c2176{/jenkins,file:///Users/sameer.shaik/MyWorkSpace/17OctV2.2.3-New-BitBucketIssueFixed/conjur-credentials-plugin/target/jenkins-for-test/,STOPPED}{/Users/sameer.shaik/MyWorkSpace/17OctV2.2.3-New-BitBucketIssueFixed/conjur-credentials-plugin/target/jenkins-for-test} with org.eclipse.jetty.webapp.WebXmlConfiguration@50bd798f
18:14:25.597 [Executing testGetSecretContextNotNullAndStoreContextNotNull(org.conjur.jenkins.conjursecrets.ConjurSecretCredentialImplTest)] DEBUG org.eclipse.jetty.webapp.WebDescriptor -- jar:file:/Users/sameer.shaik/.m2/repository/org/eclipse/jetty/jetty-webapp/9.4.48.v20220622/jetty-webapp-9.4.48.v20220622.jar!/org/eclipse/jetty/webapp/webdefault.xml: Calculated metadatacomplete = False with version=3.1
18:14:25.599 [Executing testGetSecretContextNotNullAndStoreContextNotNull(org.conjur.jenkins.conjursecrets.ConjurSecretCredentialImplTest)] DEBUG org.eclipse.jetty.webapp.WebDescriptor -- file:///Users/sameer.shaik/MyWorkSpace/17OctV2.2.3-New-BitBucketIssueFixed/conjur-credentials-plugin/target/jenkins-for-test/WEB-INF/web.xml: Calculated metadatacomplete = True with version=3.1
18:14:25.599 [Executing testGetSecretContextNotNullAndStoreContextNotNull(org.conjur.jenkins.conjursecrets.ConjurSecretCredentialImplTest)] DEBUG org.eclipse.jetty.webapp.WebAppContext -- configure o.e.j.w.WebAppContext@31c2176{/jenkins,file:///Users/sameer.shaik/MyWorkSpace/17OctV2.2.3-New-BitBucketIssueFixed/conjur-credentials-plugin/target/jenkins-for-test/,STARTING}{/Users/sameer.shaik/MyWorkSpace/17OctV2.2.3-New-BitBucketIssueFixed/conjur-credentials-plugin/target/jenkins-for-test} with org.eclipse.jetty.webapp.WebXmlConfiguration@50bd798f
18:14:25.599 [Executing testGetSecretContextNotNullAndStoreContextNotNull(org.conjur.jenkins.conjursecrets.ConjurSecretCredentialImplTest)] DEBUG org.eclipse.jetty.webapp.MetaData -- metadata resolve o.e.j.w.WebAppContext@31c2176{/jenkins,file:///Users/sameer.shaik/MyWorkSpace/17OctV2.2.3-New-BitBucketIssueFixed/conjur-credentials-plugin/target/jenkins-for-test/,STARTING}{/Users/sameer.shaik/MyWorkSpace/17OctV2.2.3-New-BitBucketIssueFixed/conjur-credentials-plugin/target/jenkins-for-test}
18:14:25.599 [Executing testGetSecretContextNotNullAndStoreContextNotNull(org.conjur.jenkins.conjursecrets.ConjurSecretCredentialImplTest)] DEBUG org.eclipse.jetty.util.component.ContainerLifeCycle -- ServletHandler@29f07afc{STOPPED} added {org.eclipse.jetty.servlet.listener.ELContextCleaner@264c072c{src=DESCRIPTOR:jar:file:/Users/sameer.shaik/.m2/repository/org/eclipse/jetty/jetty-webapp/9.4.48.v20220622/jetty-webapp-9.4.48.v20220622.jar!/org/eclipse/jetty/webapp/webdefault.xml},AUTO}
18:14:25.599 [Executing testGetSecretContextNotNullAndStoreContextNotNull(org.conjur.jenkins.conjursecrets.ConjurSecretCredentialImplTest)] DEBUG org.eclipse.jetty.util.component.ContainerLifeCycle -- ServletHandler@29f07afc{STOPPED} added {org.eclipse.jetty.servlet.listener.IntrospectorCleaner@1d86736b{src=DESCRIPTOR:jar:file:/Users/sameer.shaik/.m2/repository/org/eclipse/jetty/jetty-webapp/9.4.48.v20220622/jetty-webapp-9.4.48.v20220622.jar!/org/eclipse/jetty/webapp/webdefault.xml},AUTO}
18:14:25.600 [Executing testGetSecretContextNotNullAndStoreContextNotNull(org.conjur.jenkins.conjursecrets.ConjurSecretCredentialImplTest)] DEBUG org.eclipse.jetty.webapp.StandardDescriptorProcessor -- Added mapping [/]=>default 
18:14:25.600 [Executing testGetSecretContextNotNullAndStoreContextNotNull(org.conjur.jenkins.conjursecrets.ConjurSecretCredentialImplTest)] INFO org.eclipse.jetty.webapp.StandardDescriptorProcessor -- NO JSP Support for /jenkins, did not find org.eclipse.jetty.jsp.JettyJspServlet
18:14:25.600 [Executing testGetSecretContextNotNullAndStoreContextNotNull(org.conjur.jenkins.conjursecrets.ConjurSecretCredentialImplTest)] DEBUG org.eclipse.jetty.webapp.StandardDescriptorProcessor -- Added mapping [*.jsp, *.jspf, *.jspx, *.xsp, *.JSP, *.JSPF, *.JSPX, *.XSP]=>jsp 
18:14:25.600 [Executing testGetSecretContextNotNullAndStoreContextNotNull(org.conjur.jenkins.conjursecrets.ConjurSecretCredentialImplTest)] DEBUG org.eclipse.jetty.server.session -- SessionManager default maxInactiveInterval=1800
18:14:25.600 [Executing testGetSecretContextNotNullAndStoreContextNotNull(org.conjur.jenkins.conjursecrets.ConjurSecretCredentialImplTest)] DEBUG org.eclipse.jetty.util.component.ContainerLifeCycle -- ServletHandler@29f07afc{STOPPED} added {default==org.eclipse.jetty.servlet.DefaultServlet@5c13d641{jsp=null,order=0,inst=false,async=false,src=DESCRIPTOR:jar:file:/Users/sameer.shaik/.m2/repository/org/eclipse/jetty/jetty-webapp/9.4.48.v20220622/jetty-webapp-9.4.48.v20220622.jar!/org/eclipse/jetty/webapp/webdefault.xml,STOPPED},AUTO}
18:14:25.600 [Executing testGetSecretContextNotNullAndStoreContextNotNull(org.conjur.jenkins.conjursecrets.ConjurSecretCredentialImplTest)] DEBUG org.eclipse.jetty.util.component.ContainerLifeCycle -- ServletHandler@29f07afc{STOPPED} added {jsp==org.eclipse.jetty.servlet.NoJspServlet@19c47{jsp=null,order=0,inst=false,async=false,src=DESCRIPTOR:jar:file:/Users/sameer.shaik/.m2/repository/org/eclipse/jetty/jetty-webapp/9.4.48.v20220622/jetty-webapp-9.4.48.v20220622.jar!/org/eclipse/jetty/webapp/webdefault.xml,STOPPED},AUTO}
18:14:25.600 [Executing testGetSecretContextNotNullAndStoreContextNotNull(org.conjur.jenkins.conjursecrets.ConjurSecretCredentialImplTest)] DEBUG org.eclipse.jetty.util.component.ContainerLifeCycle -- ServletHandler@29f07afc{STOPPED} added {[/]=>default,POJO}
18:14:25.600 [Executing testGetSecretContextNotNullAndStoreContextNotNull(org.conjur.jenkins.conjursecrets.ConjurSecretCredentialImplTest)] DEBUG org.eclipse.jetty.util.component.ContainerLifeCycle -- ServletHandler@29f07afc{STOPPED} added {[*.jsp, *.jspf, *.jspx, *.xsp, *.JSP, *.JSPF, *.JSPX, *.XSP]=>jsp,POJO}
18:14:25.600 [Executing testGetSecretContextNotNullAndStoreContextNotNull(org.conjur.jenkins.conjursecrets.ConjurSecretCredentialImplTest)] DEBUG org.eclipse.jetty.webapp.StandardDescriptorProcessor -- Added mapping [/*]=>Stapler 
18:14:25.601 [Executing testGetSecretContextNotNullAndStoreContextNotNull(org.conjur.jenkins.conjursecrets.ConjurSecretCredentialImplTest)] DEBUG org.eclipse.jetty.util.component.ContainerLifeCycle -- ServletHandler@29f07afc{STOPPED} added {jenkins.util.SystemProperties$Listener@5d1e320b{src=DESCRIPTOR:file:///Users/sameer.shaik/MyWorkSpace/17OctV2.2.3-New-BitBucketIssueFixed/conjur-credentials-plugin/target/jenkins-for-test/WEB-INF/web.xml},AUTO}
18:14:25.601 [Executing testGetSecretContextNotNullAndStoreContextNotNull(org.conjur.jenkins.conjursecrets.ConjurSecretCredentialImplTest)] DEBUG org.eclipse.jetty.util.component.ContainerLifeCycle -- ServletHandler@29f07afc{STOPPED} added {hudson.WebAppMain@772fdd6f{src=DESCRIPTOR:file:///Users/sameer.shaik/MyWorkSpace/17OctV2.2.3-New-BitBucketIssueFixed/conjur-credentials-plugin/target/jenkins-for-test/WEB-INF/web.xml},AUTO}
18:14:25.601 [Executing testGetSecretContextNotNullAndStoreContextNotNull(org.conjur.jenkins.conjursecrets.ConjurSecretCredentialImplTest)] DEBUG org.eclipse.jetty.util.component.ContainerLifeCycle -- ServletHandler@29f07afc{STOPPED} added {jenkins.JenkinsHttpSessionListener@35a00d7{src=DESCRIPTOR:file:///Users/sameer.shaik/MyWorkSpace/17OctV2.2.3-New-BitBucketIssueFixed/conjur-credentials-plugin/target/jenkins-for-test/WEB-INF/web.xml},AUTO}
18:14:25.602 [Executing testGetSecretContextNotNullAndStoreContextNotNull(org.conjur.jenkins.conjursecrets.ConjurSecretCredentialImplTest)] DEBUG org.eclipse.jetty.util.component.ContainerLifeCycle -- ServletHandler@29f07afc{STOPPED} added {suspicious-request-filter==jenkins.security.SuspiciousRequestFilter@658bc6dd{inst=false,async=true,src=DESCRIPTOR:file:///Users/sameer.shaik/MyWorkSpace/17OctV2.2.3-New-BitBucketIssueFixed/conjur-credentials-plugin/target/jenkins-for-test/WEB-INF/web.xml},AUTO}
18:14:25.602 [Executing testGetSecretContextNotNullAndStoreContextNotNull(org.conjur.jenkins.conjursecrets.ConjurSecretCredentialImplTest)] DEBUG org.eclipse.jetty.util.component.ContainerLifeCycle -- ServletHandler@29f07afc{STOPPED} added {diagnostic-name-filter==org.kohsuke.stapler.DiagnosticThreadNameFilter@36843e03{inst=false,async=true,src=DESCRIPTOR:file:///Users/sameer.shaik/MyWorkSpace/17OctV2.2.3-New-BitBucketIssueFixed/conjur-credentials-plugin/target/jenkins-for-test/WEB-INF/web.xml},AUTO}
18:14:25.602 [Executing testGetSecretContextNotNullAndStoreContextNotNull(org.conjur.jenkins.conjursecrets.ConjurSecretCredentialImplTest)] DEBUG org.eclipse.jetty.util.component.ContainerLifeCycle -- ServletHandler@29f07afc{STOPPED} added {encoding-filter==hudson.util.CharacterEncodingFilter@54353de7{inst=false,async=true,src=DESCRIPTOR:file:///Users/sameer.shaik/MyWorkSpace/17OctV2.2.3-New-BitBucketIssueFixed/conjur-credentials-plugin/target/jenkins-for-test/WEB-INF/web.xml},AUTO}
18:14:25.602 [Executing testGetSecretContextNotNullAndStoreContextNotNull(org.conjur.jenkins.conjursecrets.ConjurSecretCredentialImplTest)] DEBUG org.eclipse.jetty.util.component.ContainerLifeCycle -- ServletHandler@29f07afc{STOPPED} added {compression-filter==org.kohsuke.stapler.compression.CompressionFilter@d7ef7bc{inst=false,async=true,src=DESCRIPTOR:file:///Users/sameer.shaik/MyWorkSpace/17OctV2.2.3-New-BitBucketIssueFixed/conjur-credentials-plugin/target/jenkins-for-test/WEB-INF/web.xml},AUTO}
18:14:25.602 [Executing testGetSecretContextNotNullAndStoreContextNotNull(org.conjur.jenkins.conjursecrets.ConjurSecretCredentialImplTest)] DEBUG org.eclipse.jetty.util.component.ContainerLifeCycle -- ServletHandler@29f07afc{STOPPED} added {authentication-filter==hudson.security.HudsonFilter@367865e0{inst=false,async=true,src=DESCRIPTOR:file:///Users/sameer.shaik/MyWorkSpace/17OctV2.2.3-New-BitBucketIssueFixed/conjur-credentials-plugin/target/jenkins-for-test/WEB-INF/web.xml},AUTO}
18:14:25.602 [Executing testGetSecretContextNotNullAndStoreContextNotNull(org.conjur.jenkins.conjursecrets.ConjurSecretCredentialImplTest)] DEBUG org.eclipse.jetty.util.component.ContainerLifeCycle -- ServletHandler@29f07afc{STOPPED} added {csrf-filter==hudson.security.csrf.CrumbFilter@219b210a{inst=false,async=true,src=DESCRIPTOR:file:///Users/sameer.shaik/MyWorkSpace/17OctV2.2.3-New-BitBucketIssueFixed/conjur-credentials-plugin/target/jenkins-for-test/WEB-INF/web.xml},AUTO}
18:14:25.602 [Executing testGetSecretContextNotNullAndStoreContextNotNull(org.conjur.jenkins.conjursecrets.ConjurSecretCredentialImplTest)] DEBUG org.eclipse.jetty.util.component.ContainerLifeCycle -- ServletHandler@29f07afc{STOPPED} added {plugins-filter==hudson.util.PluginServletFilter@5c3cfadb{inst=false,async=true,src=DESCRIPTOR:file:///Users/sameer.shaik/MyWorkSpace/17OctV2.2.3-New-BitBucketIssueFixed/conjur-credentials-plugin/target/jenkins-for-test/WEB-INF/web.xml},AUTO}
18:14:25.602 [Executing testGetSecretContextNotNullAndStoreContextNotNull(org.conjur.jenkins.conjursecrets.ConjurSecretCredentialImplTest)] DEBUG org.eclipse.jetty.util.component.ContainerLifeCycle -- ServletHandler@29f07afc{STOPPED} added {Stapler==org.kohsuke.stapler.Stapler@f222d1a9{jsp=null,order=-1,inst=false,async=true,src=DESCRIPTOR:file:///Users/sameer.shaik/MyWorkSpace/17OctV2.2.3-New-BitBucketIssueFixed/conjur-credentials-plugin/target/jenkins-for-test/WEB-INF/web.xml,STOPPED},AUTO}
18:14:25.602 [Executing testGetSecretContextNotNullAndStoreContextNotNull(org.conjur.jenkins.conjursecrets.ConjurSecretCredentialImplTest)] DEBUG org.eclipse.jetty.util.component.ContainerLifeCycle -- ServletHandler@29f07afc{STOPPED} added {[/*]/[]/[REQUEST]=>suspicious-request-filter,POJO}
18:14:25.602 [Executing testGetSecretContextNotNullAndStoreContextNotNull(org.conjur.jenkins.conjursecrets.ConjurSecretCredentialImplTest)] DEBUG org.eclipse.jetty.util.component.ContainerLifeCycle -- ServletHandler@29f07afc{STOPPED} added {[/*]/[]/[REQUEST]=>diagnostic-name-filter,POJO}
18:14:25.602 [Executing testGetSecretContextNotNullAndStoreContextNotNull(org.conjur.jenkins.conjursecrets.ConjurSecretCredentialImplTest)] DEBUG org.eclipse.jetty.util.component.ContainerLifeCycle -- ServletHandler@29f07afc{STOPPED} added {[/*]/[]/[REQUEST]=>encoding-filter,POJO}
18:14:25.602 [Executing testGetSecretContextNotNullAndStoreContextNotNull(org.conjur.jenkins.conjursecrets.ConjurSecretCredentialImplTest)] DEBUG org.eclipse.jetty.util.component.ContainerLifeCycle -- ServletHandler@29f07afc{STOPPED} added {[/*]/[]/[REQUEST]=>compression-filter,POJO}
18:14:25.602 [Executing testGetSecretContextNotNullAndStoreContextNotNull(org.conjur.jenkins.conjursecrets.ConjurSecretCredentialImplTest)] DEBUG org.eclipse.jetty.util.component.ContainerLifeCycle -- ServletHandler@29f07afc{STOPPED} added {[/*]/[]/[REQUEST]=>authentication-filter,POJO}
18:14:25.602 [Executing testGetSecretContextNotNullAndStoreContextNotNull(org.conjur.jenkins.conjursecrets.ConjurSecretCredentialImplTest)] DEBUG org.eclipse.jetty.util.component.ContainerLifeCycle -- ServletHandler@29f07afc{STOPPED} added {[/*]/[]/[REQUEST]=>csrf-filter,POJO}
18:14:25.602 [Executing testGetSecretContextNotNullAndStoreContextNotNull(org.conjur.jenkins.conjursecrets.ConjurSecretCredentialImplTest)] DEBUG org.eclipse.jetty.util.component.ContainerLifeCycle -- ServletHandler@29f07afc{STOPPED} added {[/*]/[]/[REQUEST]=>plugins-filter,POJO}
18:14:25.602 [Executing testGetSecretContextNotNullAndStoreContextNotNull(org.conjur.jenkins.conjursecrets.ConjurSecretCredentialImplTest)] DEBUG org.eclipse.jetty.util.component.ContainerLifeCycle -- ServletHandler@29f07afc{STOPPED} added {[/*]=>Stapler,POJO}
18:14:25.602 [Executing testGetSecretContextNotNullAndStoreContextNotNull(org.conjur.jenkins.conjursecrets.ConjurSecretCredentialImplTest)] DEBUG org.eclipse.jetty.util.component.AbstractLifeCycle -- starting org.eclipse.jetty.servlet.listener.ELContextCleaner@264c072c{src=DESCRIPTOR:jar:file:/Users/sameer.shaik/.m2/repository/org/eclipse/jetty/jetty-webapp/9.4.48.v20220622/jetty-webapp-9.4.48.v20220622.jar!/org/eclipse/jetty/webapp/webdefault.xml}
18:14:25.602 [Executing testGetSecretContextNotNullAndStoreContextNotNull(org.conjur.jenkins.conjursecrets.ConjurSecretCredentialImplTest)] DEBUG org.eclipse.jetty.servlet.BaseHolder -- Holding class org.eclipse.jetty.servlet.listener.ELContextCleaner from jdk.internal.loader.ClassLoaders$AppClassLoader@5ffd2b27
18:14:25.602 [Executing testGetSecretContextNotNullAndStoreContextNotNull(org.conjur.jenkins.conjursecrets.ConjurSecretCredentialImplTest)] DEBUG org.eclipse.jetty.util.component.AbstractLifeCycle -- STARTED @16160ms org.eclipse.jetty.servlet.listener.ELContextCleaner@264c072c{src=DESCRIPTOR:jar:file:/Users/sameer.shaik/.m2/repository/org/eclipse/jetty/jetty-webapp/9.4.48.v20220622/jetty-webapp-9.4.48.v20220622.jar!/org/eclipse/jetty/webapp/webdefault.xml}
18:14:25.602 [Executing testGetSecretContextNotNullAndStoreContextNotNull(org.conjur.jenkins.conjursecrets.ConjurSecretCredentialImplTest)] DEBUG org.eclipse.jetty.util.component.AbstractLifeCycle -- starting org.eclipse.jetty.servlet.listener.IntrospectorCleaner@1d86736b{src=DESCRIPTOR:jar:file:/Users/sameer.shaik/.m2/repository/org/eclipse/jetty/jetty-webapp/9.4.48.v20220622/jetty-webapp-9.4.48.v20220622.jar!/org/eclipse/jetty/webapp/webdefault.xml}
18:14:25.602 [Executing testGetSecretContextNotNullAndStoreContextNotNull(org.conjur.jenkins.conjursecrets.ConjurSecretCredentialImplTest)] DEBUG org.eclipse.jetty.servlet.BaseHolder -- Holding class org.eclipse.jetty.servlet.listener.IntrospectorCleaner from jdk.internal.loader.ClassLoaders$AppClassLoader@5ffd2b27
18:14:25.602 [Executing testGetSecretContextNotNullAndStoreContextNotNull(org.conjur.jenkins.conjursecrets.ConjurSecretCredentialImplTest)] DEBUG org.eclipse.jetty.util.component.AbstractLifeCycle -- STARTED @16160ms org.eclipse.jetty.servlet.listener.IntrospectorCleaner@1d86736b{src=DESCRIPTOR:jar:file:/Users/sameer.shaik/.m2/repository/org/eclipse/jetty/jetty-webapp/9.4.48.v20220622/jetty-webapp-9.4.48.v20220622.jar!/org/eclipse/jetty/webapp/webdefault.xml}
18:14:25.602 [Executing testGetSecretContextNotNullAndStoreContextNotNull(org.conjur.jenkins.conjursecrets.ConjurSecretCredentialImplTest)] DEBUG org.eclipse.jetty.util.component.AbstractLifeCycle -- starting jenkins.util.SystemProperties$Listener@5d1e320b{src=DESCRIPTOR:file:///Users/sameer.shaik/MyWorkSpace/17OctV2.2.3-New-BitBucketIssueFixed/conjur-credentials-plugin/target/jenkins-for-test/WEB-INF/web.xml}
18:14:25.602 [Executing testGetSecretContextNotNullAndStoreContextNotNull(org.conjur.jenkins.conjursecrets.ConjurSecretCredentialImplTest)] DEBUG org.eclipse.jetty.servlet.BaseHolder -- Holding class jenkins.util.SystemProperties$Listener from jdk.internal.loader.ClassLoaders$AppClassLoader@5ffd2b27
18:14:25.602 [Executing testGetSecretContextNotNullAndStoreContextNotNull(org.conjur.jenkins.conjursecrets.ConjurSecretCredentialImplTest)] DEBUG org.eclipse.jetty.util.component.AbstractLifeCycle -- STARTED @16160ms jenkins.util.SystemProperties$Listener@5d1e320b{src=DESCRIPTOR:file:///Users/sameer.shaik/MyWorkSpace/17OctV2.2.3-New-BitBucketIssueFixed/conjur-credentials-plugin/target/jenkins-for-test/WEB-INF/web.xml}
18:14:25.602 [Executing testGetSecretContextNotNullAndStoreContextNotNull(org.conjur.jenkins.conjursecrets.ConjurSecretCredentialImplTest)] DEBUG org.eclipse.jetty.util.component.AbstractLifeCycle -- starting hudson.WebAppMain@772fdd6f{src=DESCRIPTOR:file:///Users/sameer.shaik/MyWorkSpace/17OctV2.2.3-New-BitBucketIssueFixed/conjur-credentials-plugin/target/jenkins-for-test/WEB-INF/web.xml}
18:14:25.602 [Executing testGetSecretContextNotNullAndStoreContextNotNull(org.conjur.jenkins.conjursecrets.ConjurSecretCredentialImplTest)] DEBUG org.eclipse.jetty.servlet.BaseHolder -- Holding class hudson.WebAppMain from jdk.internal.loader.ClassLoaders$AppClassLoader@5ffd2b27
18:14:25.603 [Executing testGetSecretContextNotNullAndStoreContextNotNull(org.conjur.jenkins.conjursecrets.ConjurSecretCredentialImplTest)] DEBUG org.eclipse.jetty.util.component.AbstractLifeCycle -- STARTED @16160ms hudson.WebAppMain@772fdd6f{src=DESCRIPTOR:file:///Users/sameer.shaik/MyWorkSpace/17OctV2.2.3-New-BitBucketIssueFixed/conjur-credentials-plugin/target/jenkins-for-test/WEB-INF/web.xml}
18:14:25.603 [Executing testGetSecretContextNotNullAndStoreContextNotNull(org.conjur.jenkins.conjursecrets.ConjurSecretCredentialImplTest)] DEBUG org.eclipse.jetty.util.component.AbstractLifeCycle -- starting jenkins.JenkinsHttpSessionListener@35a00d7{src=DESCRIPTOR:file:///Users/sameer.shaik/MyWorkSpace/17OctV2.2.3-New-BitBucketIssueFixed/conjur-credentials-plugin/target/jenkins-for-test/WEB-INF/web.xml}
18:14:25.603 [Executing testGetSecretContextNotNullAndStoreContextNotNull(org.conjur.jenkins.conjursecrets.ConjurSecretCredentialImplTest)] DEBUG org.eclipse.jetty.servlet.BaseHolder -- Holding class jenkins.JenkinsHttpSessionListener from jdk.internal.loader.ClassLoaders$AppClassLoader@5ffd2b27
18:14:25.603 [Executing testGetSecretContextNotNullAndStoreContextNotNull(org.conjur.jenkins.conjursecrets.ConjurSecretCredentialImplTest)] DEBUG org.eclipse.jetty.util.component.ContainerLifeCycle -- org.eclipse.jetty.server.session.SessionHandler21387510==dftMaxIdleSec=1800 added {jenkins.JenkinsHttpSessionListener@260525f7,UNMANAGED}
18:14:25.603 [Executing testGetSecretContextNotNullAndStoreContextNotNull(org.conjur.jenkins.conjursecrets.ConjurSecretCredentialImplTest)] DEBUG org.eclipse.jetty.util.component.AbstractLifeCycle -- STARTED @16160ms jenkins.JenkinsHttpSessionListener@35a00d7{src=DESCRIPTOR:file:///Users/sameer.shaik/MyWorkSpace/17OctV2.2.3-New-BitBucketIssueFixed/conjur-credentials-plugin/target/jenkins-for-test/WEB-INF/web.xml}
18:14:25.603 [Executing testGetSecretContextNotNullAndStoreContextNotNull(org.conjur.jenkins.conjursecrets.ConjurSecretCredentialImplTest)] DEBUG org.eclipse.jetty.server.handler.AbstractHandler -- starting o.e.j.w.WebAppContext@31c2176{Jenkins v2.346.3,/jenkins,file:///Users/sameer.shaik/MyWorkSpace/17OctV2.2.3-New-BitBucketIssueFixed/conjur-credentials-plugin/target/jenkins-for-test/,STARTING}{/Users/sameer.shaik/MyWorkSpace/17OctV2.2.3-New-BitBucketIssueFixed/conjur-credentials-plugin/target/jenkins-for-test}
18:14:25.603 [Executing testGetSecretContextNotNullAndStoreContextNotNull(org.conjur.jenkins.conjursecrets.ConjurSecretCredentialImplTest)] DEBUG org.eclipse.jetty.util.component.AbstractLifeCycle -- starting SymlinkAllowedResourceAliasChecker@7965e660{base=null,protected=[/WEB-INF, /META-INF]}
18:14:25.603 [Executing testGetSecretContextNotNullAndStoreContextNotNull(org.conjur.jenkins.conjursecrets.ConjurSecretCredentialImplTest)] DEBUG org.eclipse.jetty.util.component.AbstractLifeCycle -- STARTED @16160ms SymlinkAllowedResourceAliasChecker@7965e660{base=null,protected=[/WEB-INF, /META-INF]}
18:14:25.603 [Executing testGetSecretContextNotNullAndStoreContextNotNull(org.conjur.jenkins.conjursecrets.ConjurSecretCredentialImplTest)] DEBUG org.eclipse.jetty.util.component.AbstractLifeCycle -- starting org.eclipse.jetty.server.session.SessionHandler21387510==dftMaxIdleSec=1800
18:14:25.603 [Executing testGetSecretContextNotNullAndStoreContextNotNull(org.conjur.jenkins.conjursecrets.ConjurSecretCredentialImplTest)] DEBUG org.eclipse.jetty.util.component.ContainerLifeCycle -- org.eclipse.jetty.server.session.SessionHandler21387510==dftMaxIdleSec=1800 added {org.eclipse.jetty.server.session.DefaultSessionCache@532703b2[evict=-1,removeUnloadable=false,saveOnCreate=false,saveOnInactiveEvict=false],AUTO}
18:14:25.603 [Executing testGetSecretContextNotNullAndStoreContextNotNull(org.conjur.jenkins.conjursecrets.ConjurSecretCredentialImplTest)] DEBUG org.eclipse.jetty.util.component.ContainerLifeCycle -- org.eclipse.jetty.server.session.DefaultSessionCache@532703b2[evict=-1,removeUnloadable=false,saveOnCreate=false,saveOnInactiveEvict=false] added {org.eclipse.jetty.server.session.NullSessionDataStore@2b4cfbad[passivating=false,graceSec=3600],AUTO}
18:14:25.603 [Executing testGetSecretContextNotNullAndStoreContextNotNull(org.conjur.jenkins.conjursecrets.ConjurSecretCredentialImplTest)] DEBUG org.eclipse.jetty.util.component.AbstractLifeCycle -- starting DefaultSessionIdManager@101d363d{STOPPED}[worker=null]
18:14:25.603 [Executing testGetSecretContextNotNullAndStoreContextNotNull(org.conjur.jenkins.conjursecrets.ConjurSecretCredentialImplTest)] INFO org.eclipse.jetty.server.session -- DefaultSessionIdManager workerName=node0
18:14:25.603 [Executing testGetSecretContextNotNullAndStoreContextNotNull(org.conjur.jenkins.conjursecrets.ConjurSecretCredentialImplTest)] INFO org.eclipse.jetty.server.session -- No SessionScavenger set, using defaults
18:14:25.603 [Executing testGetSecretContextNotNullAndStoreContextNotNull(org.conjur.jenkins.conjursecrets.ConjurSecretCredentialImplTest)] DEBUG org.eclipse.jetty.util.component.ContainerLifeCycle -- DefaultSessionIdManager@101d363d{STARTING}[worker=node0] added {HouseKeeper@1fb89354{STOPPED}[interval=600000, ownscheduler=false],MANAGED}
18:14:25.603 [Executing testGetSecretContextNotNullAndStoreContextNotNull(org.conjur.jenkins.conjursecrets.ConjurSecretCredentialImplTest)] DEBUG org.eclipse.jetty.util.component.AbstractLifeCycle -- starting HouseKeeper@1fb89354{STOPPED}[interval=600000, ownscheduler=false]
18:14:25.603 [Executing testGetSecretContextNotNullAndStoreContextNotNull(org.conjur.jenkins.conjursecrets.ConjurSecretCredentialImplTest)] DEBUG org.eclipse.jetty.util.component.AbstractLifeCycle -- starting ScheduledExecutorScheduler@74693982{STOPPED}
18:14:25.603 [Executing testGetSecretContextNotNullAndStoreContextNotNull(org.conjur.jenkins.conjursecrets.ConjurSecretCredentialImplTest)] DEBUG org.eclipse.jetty.util.component.AbstractLifeCycle -- STARTED @16161ms ScheduledExecutorScheduler@74693982{STARTED}
18:14:25.603 [Executing testGetSecretContextNotNullAndStoreContextNotNull(org.conjur.jenkins.conjursecrets.ConjurSecretCredentialImplTest)] DEBUG org.eclipse.jetty.server.session -- Using own scheduler for scavenging
18:14:25.603 [Executing testGetSecretContextNotNullAndStoreContextNotNull(org.conjur.jenkins.conjursecrets.ConjurSecretCredentialImplTest)] INFO org.eclipse.jetty.server.session -- node0 Scavenging every 600000ms
18:14:25.603 [Executing testGetSecretContextNotNullAndStoreContextNotNull(org.conjur.jenkins.conjursecrets.ConjurSecretCredentialImplTest)] DEBUG org.eclipse.jetty.util.component.AbstractLifeCycle -- STARTED @16161ms HouseKeeper@1fb89354{STARTED}[interval=600000, ownscheduler=true]
18:14:25.603 [Executing testGetSecretContextNotNullAndStoreContextNotNull(org.conjur.jenkins.conjursecrets.ConjurSecretCredentialImplTest)] DEBUG org.eclipse.jetty.util.component.AbstractLifeCycle -- STARTED @16161ms DefaultSessionIdManager@101d363d{STARTED}[worker=node0]
18:14:25.603 [Executing testGetSecretContextNotNullAndStoreContextNotNull(org.conjur.jenkins.conjursecrets.ConjurSecretCredentialImplTest)] DEBUG org.eclipse.jetty.util.component.ContainerLifeCycle -- Server@461eb7d1{STARTING}[9.4.48.v20220622] added {DefaultSessionIdManager@101d363d{STARTED}[worker=node0],MANAGED}
18:14:25.604 [Executing testGetSecretContextNotNullAndStoreContextNotNull(org.conjur.jenkins.conjursecrets.ConjurSecretCredentialImplTest)] DEBUG org.eclipse.jetty.util.component.ContainerLifeCycle -- org.eclipse.jetty.server.session.SessionHandler21387510==dftMaxIdleSec=1800 added {DefaultSessionIdManager@101d363d{STARTED}[worker=node0],UNMANAGED}
18:14:25.604 [Executing testGetSecretContextNotNullAndStoreContextNotNull(org.conjur.jenkins.conjursecrets.ConjurSecretCredentialImplTest)] DEBUG org.eclipse.jetty.util.component.AbstractLifeCycle -- starting ScheduledExecutorScheduler@416140c4{STOPPED}
18:14:25.604 [Executing testGetSecretContextNotNullAndStoreContextNotNull(org.conjur.jenkins.conjursecrets.ConjurSecretCredentialImplTest)] DEBUG org.eclipse.jetty.util.component.AbstractLifeCycle -- STARTED @16161ms ScheduledExecutorScheduler@416140c4{STARTED}
18:14:25.604 [Executing testGetSecretContextNotNullAndStoreContextNotNull(org.conjur.jenkins.conjursecrets.ConjurSecretCredentialImplTest)] DEBUG org.eclipse.jetty.server.handler.AbstractHandler -- starting org.eclipse.jetty.server.session.SessionHandler21387510==dftMaxIdleSec=1800
18:14:25.604 [Executing testGetSecretContextNotNullAndStoreContextNotNull(org.conjur.jenkins.conjursecrets.ConjurSecretCredentialImplTest)] DEBUG org.eclipse.jetty.util.component.AbstractLifeCycle -- starting ConstraintSecurityHandler@6333de39{STOPPED}
18:14:25.604 [Executing testGetSecretContextNotNullAndStoreContextNotNull(org.conjur.jenkins.conjursecrets.ConjurSecretCredentialImplTest)] DEBUG org.eclipse.jetty.util.component.ContainerLifeCycle -- ConstraintSecurityHandler@6333de39{STARTING} added {org.eclipse.jetty.security.DefaultIdentityService@637b767f,POJO}
18:14:25.604 [Executing testGetSecretContextNotNullAndStoreContextNotNull(org.conjur.jenkins.conjursecrets.ConjurSecretCredentialImplTest)] DEBUG org.eclipse.jetty.security.SecurityHandler -- Created authenticator org.eclipse.jetty.security.authentication.FormAuthenticator@1a98498f with org.eclipse.jetty.security.DefaultAuthenticatorFactory@433300e3
18:14:25.604 [Executing testGetSecretContextNotNullAndStoreContextNotNull(org.conjur.jenkins.conjursecrets.ConjurSecretCredentialImplTest)] DEBUG org.eclipse.jetty.util.component.ContainerLifeCycle -- ConstraintSecurityHandler@6333de39{STARTING} added {org.eclipse.jetty.security.authentication.FormAuthenticator@1a98498f,POJO}
18:14:25.604 [Executing testGetSecretContextNotNullAndStoreContextNotNull(org.conjur.jenkins.conjursecrets.ConjurSecretCredentialImplTest)] DEBUG org.eclipse.jetty.server.handler.AbstractHandler -- starting ConstraintSecurityHandler@6333de39{STARTING}
18:14:25.604 [Executing testGetSecretContextNotNullAndStoreContextNotNull(org.conjur.jenkins.conjursecrets.ConjurSecretCredentialImplTest)] DEBUG org.eclipse.jetty.util.component.AbstractLifeCycle -- starting ServletHandler@29f07afc{STOPPED}
18:14:25.604 [Executing testGetSecretContextNotNullAndStoreContextNotNull(org.conjur.jenkins.conjursecrets.ConjurSecretCredentialImplTest)] DEBUG org.eclipse.jetty.servlet.ServletHandler -- Path=*.jspx[DESCRIPTOR:jar:file:/Users/sameer.shaik/.m2/repository/org/eclipse/jetty/jetty-webapp/9.4.48.v20220622/jetty-webapp-9.4.48.v20220622.jar!/org/eclipse/jetty/webapp/webdefault.xml] mapped to servlet=jsp[DESCRIPTOR:jar:file:/Users/sameer.shaik/.m2/repository/org/eclipse/jetty/jetty-webapp/9.4.48.v20220622/jetty-webapp-9.4.48.v20220622.jar!/org/eclipse/jetty/webapp/webdefault.xml]
18:14:25.604 [Executing testGetSecretContextNotNullAndStoreContextNotNull(org.conjur.jenkins.conjursecrets.ConjurSecretCredentialImplTest)] DEBUG org.eclipse.jetty.http.pathmap.ServletPathSpec -- Creating ServletPathSpec[*.jspx] (group: SUFFIX_GLOB, prefix: "null", suffix: "jspx")
18:14:25.604 [Executing testGetSecretContextNotNullAndStoreContextNotNull(org.conjur.jenkins.conjursecrets.ConjurSecretCredentialImplTest)] DEBUG org.eclipse.jetty.http.pathmap.PathMappings -- Added MappedResource[pathSpec=ServletPathSpec@96a7cfb7{*.jspx},resource=jsp==org.eclipse.jetty.servlet.NoJspServlet@19c47{jsp=null,order=0,inst=false,async=false,src=DESCRIPTOR:jar:file:/Users/sameer.shaik/.m2/repository/org/eclipse/jetty/jetty-webapp/9.4.48.v20220622/jetty-webapp-9.4.48.v20220622.jar!/org/eclipse/jetty/webapp/webdefault.xml,STOPPED}] to PathMappings[size=1]
18:14:25.604 [Executing testGetSecretContextNotNullAndStoreContextNotNull(org.conjur.jenkins.conjursecrets.ConjurSecretCredentialImplTest)] DEBUG org.eclipse.jetty.servlet.ServletHandler -- Path=*.JSPX[DESCRIPTOR:jar:file:/Users/sameer.shaik/.m2/repository/org/eclipse/jetty/jetty-webapp/9.4.48.v20220622/jetty-webapp-9.4.48.v20220622.jar!/org/eclipse/jetty/webapp/webdefault.xml] mapped to servlet=jsp[DESCRIPTOR:jar:file:/Users/sameer.shaik/.m2/repository/org/eclipse/jetty/jetty-webapp/9.4.48.v20220622/jetty-webapp-9.4.48.v20220622.jar!/org/eclipse/jetty/webapp/webdefault.xml]
18:14:25.604 [Executing testGetSecretContextNotNullAndStoreContextNotNull(org.conjur.jenkins.conjursecrets.ConjurSecretCredentialImplTest)] DEBUG org.eclipse.jetty.http.pathmap.ServletPathSpec -- Creating ServletPathSpec[*.JSPX] (group: SUFFIX_GLOB, prefix: "null", suffix: "JSPX")
18:14:25.604 [Executing testGetSecretContextNotNullAndStoreContextNotNull(org.conjur.jenkins.conjursecrets.ConjurSecretCredentialImplTest)] DEBUG org.eclipse.jetty.http.pathmap.PathMappings -- Added MappedResource[pathSpec=ServletPathSpec@94d5d7b7{*.JSPX},resource=jsp==org.eclipse.jetty.servlet.NoJspServlet@19c47{jsp=null,order=0,inst=false,async=false,src=DESCRIPTOR:jar:file:/Users/sameer.shaik/.m2/repository/org/eclipse/jetty/jetty-webapp/9.4.48.v20220622/jetty-webapp-9.4.48.v20220622.jar!/org/eclipse/jetty/webapp/webdefault.xml,STOPPED}] to PathMappings[size=2]
18:14:25.604 [Executing testGetSecretContextNotNullAndStoreContextNotNull(org.conjur.jenkins.conjursecrets.ConjurSecretCredentialImplTest)] DEBUG org.eclipse.jetty.servlet.ServletHandler -- Path=*.JSPF[DESCRIPTOR:jar:file:/Users/sameer.shaik/.m2/repository/org/eclipse/jetty/jetty-webapp/9.4.48.v20220622/jetty-webapp-9.4.48.v20220622.jar!/org/eclipse/jetty/webapp/webdefault.xml] mapped to servlet=jsp[DESCRIPTOR:jar:file:/Users/sameer.shaik/.m2/repository/org/eclipse/jetty/jetty-webapp/9.4.48.v20220622/jetty-webapp-9.4.48.v20220622.jar!/org/eclipse/jetty/webapp/webdefault.xml]
18:14:25.604 [Executing testGetSecretContextNotNullAndStoreContextNotNull(org.conjur.jenkins.conjursecrets.ConjurSecretCredentialImplTest)] DEBUG org.eclipse.jetty.http.pathmap.ServletPathSpec -- Creating ServletPathSpec[*.JSPF] (group: SUFFIX_GLOB, prefix: "null", suffix: "JSPF")
18:14:25.604 [Executing testGetSecretContextNotNullAndStoreContextNotNull(org.conjur.jenkins.conjursecrets.ConjurSecretCredentialImplTest)] DEBUG org.eclipse.jetty.http.pathmap.PathMappings -- Added MappedResource[pathSpec=ServletPathSpec@94d5d589{*.JSPF},resource=jsp==org.eclipse.jetty.servlet.NoJspServlet@19c47{jsp=null,order=0,inst=false,async=false,src=DESCRIPTOR:jar:file:/Users/sameer.shaik/.m2/repository/org/eclipse/jetty/jetty-webapp/9.4.48.v20220622/jetty-webapp-9.4.48.v20220622.jar!/org/eclipse/jetty/webapp/webdefault.xml,STOPPED}] to PathMappings[size=3]
18:14:25.604 [Executing testGetSecretContextNotNullAndStoreContextNotNull(org.conjur.jenkins.conjursecrets.ConjurSecretCredentialImplTest)] DEBUG org.eclipse.jetty.servlet.ServletHandler -- Path=*.jsp[DESCRIPTOR:jar:file:/Users/sameer.shaik/.m2/repository/org/eclipse/jetty/jetty-webapp/9.4.48.v20220622/jetty-webapp-9.4.48.v20220622.jar!/org/eclipse/jetty/webapp/webdefault.xml] mapped to servlet=jsp[DESCRIPTOR:jar:file:/Users/sameer.shaik/.m2/repository/org/eclipse/jetty/jetty-webapp/9.4.48.v20220622/jetty-webapp-9.4.48.v20220622.jar!/org/eclipse/jetty/webapp/webdefault.xml]
18:14:25.604 [Executing testGetSecretContextNotNullAndStoreContextNotNull(org.conjur.jenkins.conjursecrets.ConjurSecretCredentialImplTest)] DEBUG org.eclipse.jetty.http.pathmap.ServletPathSpec -- Creating ServletPathSpec[*.jsp] (group: SUFFIX_GLOB, prefix: "null", suffix: "jsp")
18:14:25.604 [Executing testGetSecretContextNotNullAndStoreContextNotNull(org.conjur.jenkins.conjursecrets.ConjurSecretCredentialImplTest)] DEBUG org.eclipse.jetty.http.pathmap.PathMappings -- Added MappedResource[pathSpec=ServletPathSpec@debd2188{*.jsp},resource=jsp==org.eclipse.jetty.servlet.NoJspServlet@19c47{jsp=null,order=0,inst=false,async=false,src=DESCRIPTOR:jar:file:/Users/sameer.shaik/.m2/repository/org/eclipse/jetty/jetty-webapp/9.4.48.v20220622/jetty-webapp-9.4.48.v20220622.jar!/org/eclipse/jetty/webapp/webdefault.xml,STOPPED}] to PathMappings[size=4]
18:14:25.604 [Executing testGetSecretContextNotNullAndStoreContextNotNull(org.conjur.jenkins.conjursecrets.ConjurSecretCredentialImplTest)] DEBUG org.eclipse.jetty.servlet.ServletHandler -- Path=*.JSP[DESCRIPTOR:jar:file:/Users/sameer.shaik/.m2/repository/org/eclipse/jetty/jetty-webapp/9.4.48.v20220622/jetty-webapp-9.4.48.v20220622.jar!/org/eclipse/jetty/webapp/webdefault.xml] mapped to servlet=jsp[DESCRIPTOR:jar:file:/Users/sameer.shaik/.m2/repository/org/eclipse/jetty/jetty-webapp/9.4.48.v20220622/jetty-webapp-9.4.48.v20220622.jar!/org/eclipse/jetty/webapp/webdefault.xml]
18:14:25.604 [Executing testGetSecretContextNotNullAndStoreContextNotNull(org.conjur.jenkins.conjursecrets.ConjurSecretCredentialImplTest)] DEBUG org.eclipse.jetty.http.pathmap.ServletPathSpec -- Creating ServletPathSpec[*.JSP] (group: SUFFIX_GLOB, prefix: "null", suffix: "JSP")
18:14:25.604 [Executing testGetSecretContextNotNullAndStoreContextNotNull(org.conjur.jenkins.conjursecrets.ConjurSecretCredentialImplTest)] DEBUG org.eclipse.jetty.http.pathmap.PathMappings -- Added MappedResource[pathSpec=ServletPathSpec@deae19a8{*.JSP},resource=jsp==org.eclipse.jetty.servlet.NoJspServlet@19c47{jsp=null,order=0,inst=false,async=false,src=DESCRIPTOR:jar:file:/Users/sameer.shaik/.m2/repository/org/eclipse/jetty/jetty-webapp/9.4.48.v20220622/jetty-webapp-9.4.48.v20220622.jar!/org/eclipse/jetty/webapp/webdefault.xml,STOPPED}] to PathMappings[size=5]
18:14:25.604 [Executing testGetSecretContextNotNullAndStoreContextNotNull(org.conjur.jenkins.conjursecrets.ConjurSecretCredentialImplTest)] DEBUG org.eclipse.jetty.servlet.ServletHandler -- Path=*.jspf[DESCRIPTOR:jar:file:/Users/sameer.shaik/.m2/repository/org/eclipse/jetty/jetty-webapp/9.4.48.v20220622/jetty-webapp-9.4.48.v20220622.jar!/org/eclipse/jetty/webapp/webdefault.xml] mapped to servlet=jsp[DESCRIPTOR:jar:file:/Users/sameer.shaik/.m2/repository/org/eclipse/jetty/jetty-webapp/9.4.48.v20220622/jetty-webapp-9.4.48.v20220622.jar!/org/eclipse/jetty/webapp/webdefault.xml]
18:14:25.604 [Executing testGetSecretContextNotNullAndStoreContextNotNull(org.conjur.jenkins.conjursecrets.ConjurSecretCredentialImplTest)] DEBUG org.eclipse.jetty.http.pathmap.ServletPathSpec -- Creating ServletPathSpec[*.jspf] (group: SUFFIX_GLOB, prefix: "null", suffix: "jspf")
18:14:25.605 [Executing testGetSecretContextNotNullAndStoreContextNotNull(org.conjur.jenkins.conjursecrets.ConjurSecretCredentialImplTest)] DEBUG org.eclipse.jetty.http.pathmap.PathMappings -- Added MappedResource[pathSpec=ServletPathSpec@96a7cd89{*.jspf},resource=jsp==org.eclipse.jetty.servlet.NoJspServlet@19c47{jsp=null,order=0,inst=false,async=false,src=DESCRIPTOR:jar:file:/Users/sameer.shaik/.m2/repository/org/eclipse/jetty/jetty-webapp/9.4.48.v20220622/jetty-webapp-9.4.48.v20220622.jar!/org/eclipse/jetty/webapp/webdefault.xml,STOPPED}] to PathMappings[size=6]
18:14:25.605 [Executing testGetSecretContextNotNullAndStoreContextNotNull(org.conjur.jenkins.conjursecrets.ConjurSecretCredentialImplTest)] DEBUG org.eclipse.jetty.servlet.ServletHandler -- Path=*.XSP[DESCRIPTOR:jar:file:/Users/sameer.shaik/.m2/repository/org/eclipse/jetty/jetty-webapp/9.4.48.v20220622/jetty-webapp-9.4.48.v20220622.jar!/org/eclipse/jetty/webapp/webdefault.xml] mapped to servlet=jsp[DESCRIPTOR:jar:file:/Users/sameer.shaik/.m2/repository/org/eclipse/jetty/jetty-webapp/9.4.48.v20220622/jetty-webapp-9.4.48.v20220622.jar!/org/eclipse/jetty/webapp/webdefault.xml]
18:14:25.605 [Executing testGetSecretContextNotNullAndStoreContextNotNull(org.conjur.jenkins.conjursecrets.ConjurSecretCredentialImplTest)] DEBUG org.eclipse.jetty.http.pathmap.ServletPathSpec -- Creating ServletPathSpec[*.XSP] (group: SUFFIX_GLOB, prefix: "null", suffix: "XSP")
18:14:25.605 [Executing testGetSecretContextNotNullAndStoreContextNotNull(org.conjur.jenkins.conjursecrets.ConjurSecretCredentialImplTest)] DEBUG org.eclipse.jetty.http.pathmap.PathMappings -- Added MappedResource[pathSpec=ServletPathSpec@deb476da{*.XSP},resource=jsp==org.eclipse.jetty.servlet.NoJspServlet@19c47{jsp=null,order=0,inst=false,async=false,src=DESCRIPTOR:jar:file:/Users/sameer.shaik/.m2/repository/org/eclipse/jetty/jetty-webapp/9.4.48.v20220622/jetty-webapp-9.4.48.v20220622.jar!/org/eclipse/jetty/webapp/webdefault.xml,STOPPED}] to PathMappings[size=7]
18:14:25.605 [Executing testGetSecretContextNotNullAndStoreContextNotNull(org.conjur.jenkins.conjursecrets.ConjurSecretCredentialImplTest)] DEBUG org.eclipse.jetty.servlet.ServletHandler -- Path=*.xsp[DESCRIPTOR:jar:file:/Users/sameer.shaik/.m2/repository/org/eclipse/jetty/jetty-webapp/9.4.48.v20220622/jetty-webapp-9.4.48.v20220622.jar!/org/eclipse/jetty/webapp/webdefault.xml] mapped to servlet=jsp[DESCRIPTOR:jar:file:/Users/sameer.shaik/.m2/repository/org/eclipse/jetty/jetty-webapp/9.4.48.v20220622/jetty-webapp-9.4.48.v20220622.jar!/org/eclipse/jetty/webapp/webdefault.xml]
18:14:25.605 [Executing testGetSecretContextNotNullAndStoreContextNotNull(org.conjur.jenkins.conjursecrets.ConjurSecretCredentialImplTest)] DEBUG org.eclipse.jetty.http.pathmap.ServletPathSpec -- Creating ServletPathSpec[*.xsp] (group: SUFFIX_GLOB, prefix: "null", suffix: "xsp")
18:14:25.605 [Executing testGetSecretContextNotNullAndStoreContextNotNull(org.conjur.jenkins.conjursecrets.ConjurSecretCredentialImplTest)] DEBUG org.eclipse.jetty.http.pathmap.PathMappings -- Added MappedResource[pathSpec=ServletPathSpec@dec37eba{*.xsp},resource=jsp==org.eclipse.jetty.servlet.NoJspServlet@19c47{jsp=null,order=0,inst=false,async=false,src=DESCRIPTOR:jar:file:/Users/sameer.shaik/.m2/repository/org/eclipse/jetty/jetty-webapp/9.4.48.v20220622/jetty-webapp-9.4.48.v20220622.jar!/org/eclipse/jetty/webapp/webdefault.xml,STOPPED}] to PathMappings[size=8]
18:14:25.605 [Executing testGetSecretContextNotNullAndStoreContextNotNull(org.conjur.jenkins.conjursecrets.ConjurSecretCredentialImplTest)] DEBUG org.eclipse.jetty.servlet.ServletHandler -- Path=/*[DESCRIPTOR:file:///Users/sameer.shaik/MyWorkSpace/17OctV2.2.3-New-BitBucketIssueFixed/conjur-credentials-plugin/target/jenkins-for-test/WEB-INF/web.xml] mapped to servlet=Stapler[DESCRIPTOR:file:///Users/sameer.shaik/MyWorkSpace/17OctV2.2.3-New-BitBucketIssueFixed/conjur-credentials-plugin/target/jenkins-for-test/WEB-INF/web.xml]
18:14:25.605 [Executing testGetSecretContextNotNullAndStoreContextNotNull(org.conjur.jenkins.conjursecrets.ConjurSecretCredentialImplTest)] DEBUG org.eclipse.jetty.http.pathmap.ServletPathSpec -- Creating ServletPathSpec[/*] (group: PREFIX_GLOB, prefix: "", suffix: "null")
18:14:25.605 [Executing testGetSecretContextNotNullAndStoreContextNotNull(org.conjur.jenkins.conjursecrets.ConjurSecretCredentialImplTest)] DEBUG org.eclipse.jetty.http.pathmap.PathMappings -- Added MappedResource[pathSpec=ServletPathSpec@9457a78e{/*},resource=Stapler==org.kohsuke.stapler.Stapler@f222d1a9{jsp=null,order=-1,inst=false,async=true,src=DESCRIPTOR:file:///Users/sameer.shaik/MyWorkSpace/17OctV2.2.3-New-BitBucketIssueFixed/conjur-credentials-plugin/target/jenkins-for-test/WEB-INF/web.xml,STOPPED}] to PathMappings[size=9]
18:14:25.605 [Executing testGetSecretContextNotNullAndStoreContextNotNull(org.conjur.jenkins.conjursecrets.ConjurSecretCredentialImplTest)] DEBUG org.eclipse.jetty.servlet.ServletHandler -- Path=/[DESCRIPTOR:jar:file:/Users/sameer.shaik/.m2/repository/org/eclipse/jetty/jetty-webapp/9.4.48.v20220622/jetty-webapp-9.4.48.v20220622.jar!/org/eclipse/jetty/webapp/webdefault.xml] mapped to servlet=default[DESCRIPTOR:jar:file:/Users/sameer.shaik/.m2/repository/org/eclipse/jetty/jetty-webapp/9.4.48.v20220622/jetty-webapp-9.4.48.v20220622.jar!/org/eclipse/jetty/webapp/webdefault.xml]
18:14:25.605 [Executing testGetSecretContextNotNullAndStoreContextNotNull(org.conjur.jenkins.conjursecrets.ConjurSecretCredentialImplTest)] DEBUG org.eclipse.jetty.http.pathmap.PathMappings -- Added MappedResource[pathSpec=ServletPathSpec@9457dcb7{/},resource=default==org.eclipse.jetty.servlet.DefaultServlet@5c13d641{jsp=null,order=0,inst=false,async=false,src=DESCRIPTOR:jar:file:/Users/sameer.shaik/.m2/repository/org/eclipse/jetty/jetty-webapp/9.4.48.v20220622/jetty-webapp-9.4.48.v20220622.jar!/org/eclipse/jetty/webapp/webdefault.xml,STOPPED}] to PathMappings[size=10]
18:14:25.605 [Executing testGetSecretContextNotNullAndStoreContextNotNull(org.conjur.jenkins.conjursecrets.ConjurSecretCredentialImplTest)] DEBUG org.eclipse.jetty.servlet.ServletHandler -- filterNameMap={csrf-filter=csrf-filter==hudson.security.csrf.CrumbFilter@219b210a{inst=false,async=true,src=DESCRIPTOR:file:///Users/sameer.shaik/MyWorkSpace/17OctV2.2.3-New-BitBucketIssueFixed/conjur-credentials-plugin/target/jenkins-for-test/WEB-INF/web.xml}, encoding-filter=encoding-filter==hudson.util.CharacterEncodingFilter@54353de7{inst=false,async=true,src=DESCRIPTOR:file:///Users/sameer.shaik/MyWorkSpace/17OctV2.2.3-New-BitBucketIssueFixed/conjur-credentials-plugin/target/jenkins-for-test/WEB-INF/web.xml}, diagnostic-name-filter=diagnostic-name-filter==org.kohsuke.stapler.DiagnosticThreadNameFilter@36843e03{inst=false,async=true,src=DESCRIPTOR:file:///Users/sameer.shaik/MyWorkSpace/17OctV2.2.3-New-BitBucketIssueFixed/conjur-credentials-plugin/target/jenkins-for-test/WEB-INF/web.xml}, compression-filter=compression-filter==org.kohsuke.stapler.compression.CompressionFilter@d7ef7bc{inst=false,async=true,src=DESCRIPTOR:file:///Users/sameer.shaik/MyWorkSpace/17OctV2.2.3-New-BitBucketIssueFixed/conjur-credentials-plugin/target/jenkins-for-test/WEB-INF/web.xml}, plugins-filter=plugins-filter==hudson.util.PluginServletFilter@5c3cfadb{inst=false,async=true,src=DESCRIPTOR:file:///Users/sameer.shaik/MyWorkSpace/17OctV2.2.3-New-BitBucketIssueFixed/conjur-credentials-plugin/target/jenkins-for-test/WEB-INF/web.xml}, authentication-filter=authentication-filter==hudson.security.HudsonFilter@367865e0{inst=false,async=true,src=DESCRIPTOR:file:///Users/sameer.shaik/MyWorkSpace/17OctV2.2.3-New-BitBucketIssueFixed/conjur-credentials-plugin/target/jenkins-for-test/WEB-INF/web.xml}, suspicious-request-filter=suspicious-request-filter==jenkins.security.SuspiciousRequestFilter@658bc6dd{inst=false,async=true,src=DESCRIPTOR:file:///Users/sameer.shaik/MyWorkSpace/17OctV2.2.3-New-BitBucketIssueFixed/conjur-credentials-plugin/target/jenkins-for-test/WEB-INF/web.xml}}
18:14:25.605 [Executing testGetSecretContextNotNullAndStoreContextNotNull(org.conjur.jenkins.conjursecrets.ConjurSecretCredentialImplTest)] DEBUG org.eclipse.jetty.servlet.ServletHandler -- pathFilters=[[/*]/[]/[ASYNC, REQUEST]=>plugins-filter, [/*]/[]/[ASYNC, REQUEST]=>csrf-filter, [/*]/[]/[ASYNC, REQUEST]=>authentication-filter, [/*]/[]/[ASYNC, REQUEST]=>compression-filter, [/*]/[]/[ASYNC, REQUEST]=>encoding-filter, [/*]/[]/[ASYNC, REQUEST]=>diagnostic-name-filter, [/*]/[]/[ASYNC, REQUEST]=>suspicious-request-filter]
18:14:25.605 [Executing testGetSecretContextNotNullAndStoreContextNotNull(org.conjur.jenkins.conjursecrets.ConjurSecretCredentialImplTest)] DEBUG org.eclipse.jetty.servlet.ServletHandler -- servletFilterMap={}
18:14:25.605 [Executing testGetSecretContextNotNullAndStoreContextNotNull(org.conjur.jenkins.conjursecrets.ConjurSecretCredentialImplTest)] DEBUG org.eclipse.jetty.servlet.ServletHandler -- servletPathMap=PathMappings[size=10]
18:14:25.605 [Executing testGetSecretContextNotNullAndStoreContextNotNull(org.conjur.jenkins.conjursecrets.ConjurSecretCredentialImplTest)] DEBUG org.eclipse.jetty.servlet.ServletHandler -- servletNameMap={default=default==org.eclipse.jetty.servlet.DefaultServlet@5c13d641{jsp=null,order=0,inst=false,async=false,src=DESCRIPTOR:jar:file:/Users/sameer.shaik/.m2/repository/org/eclipse/jetty/jetty-webapp/9.4.48.v20220622/jetty-webapp-9.4.48.v20220622.jar!/org/eclipse/jetty/webapp/webdefault.xml,STOPPED}, jsp=jsp==org.eclipse.jetty.servlet.NoJspServlet@19c47{jsp=null,order=0,inst=false,async=false,src=DESCRIPTOR:jar:file:/Users/sameer.shaik/.m2/repository/org/eclipse/jetty/jetty-webapp/9.4.48.v20220622/jetty-webapp-9.4.48.v20220622.jar!/org/eclipse/jetty/webapp/webdefault.xml,STOPPED}, Stapler=Stapler==org.kohsuke.stapler.Stapler@f222d1a9{jsp=null,order=-1,inst=false,async=true,src=DESCRIPTOR:file:///Users/sameer.shaik/MyWorkSpace/17OctV2.2.3-New-BitBucketIssueFixed/conjur-credentials-plugin/target/jenkins-for-test/WEB-INF/web.xml,STOPPED}}
18:14:25.605 [Executing testGetSecretContextNotNullAndStoreContextNotNull(org.conjur.jenkins.conjursecrets.ConjurSecretCredentialImplTest)] DEBUG org.eclipse.jetty.server.handler.AbstractHandler -- starting ServletHandler@29f07afc{STARTING}
18:14:25.605 [Executing testGetSecretContextNotNullAndStoreContextNotNull(org.conjur.jenkins.conjursecrets.ConjurSecretCredentialImplTest)] DEBUG org.eclipse.jetty.util.component.AbstractLifeCycle -- STARTED @16163ms ServletHandler@29f07afc{STARTED}
18:14:25.605 [Executing testGetSecretContextNotNullAndStoreContextNotNull(org.conjur.jenkins.conjursecrets.ConjurSecretCredentialImplTest)] DEBUG org.eclipse.jetty.util.component.AbstractLifeCycle -- starting HashLoginService@49f6d227[default]
18:14:25.605 [Executing testGetSecretContextNotNullAndStoreContextNotNull(org.conjur.jenkins.conjursecrets.ConjurSecretCredentialImplTest)] DEBUG org.eclipse.jetty.util.component.AbstractLifeCycle -- starting UserStore@6985783a{STOPPED}
18:14:25.605 [Executing testGetSecretContextNotNullAndStoreContextNotNull(org.conjur.jenkins.conjursecrets.ConjurSecretCredentialImplTest)] DEBUG org.eclipse.jetty.util.component.AbstractLifeCycle -- STARTED @16163ms UserStore@6985783a{STARTED}
18:14:25.605 [Executing testGetSecretContextNotNullAndStoreContextNotNull(org.conjur.jenkins.conjursecrets.ConjurSecretCredentialImplTest)] DEBUG org.eclipse.jetty.util.component.AbstractLifeCycle -- STARTED @16163ms HashLoginService@49f6d227[default]
18:14:25.605 [Executing testGetSecretContextNotNullAndStoreContextNotNull(org.conjur.jenkins.conjursecrets.ConjurSecretCredentialImplTest)] DEBUG org.eclipse.jetty.util.component.AbstractLifeCycle -- STARTED @16163ms ConstraintSecurityHandler@6333de39{STARTED}
18:14:25.606 [Executing testGetSecretContextNotNullAndStoreContextNotNull(org.conjur.jenkins.conjursecrets.ConjurSecretCredentialImplTest)] DEBUG org.eclipse.jetty.util.component.AbstractLifeCycle -- starting org.eclipse.jetty.server.session.DefaultSessionCache@532703b2[evict=-1,removeUnloadable=false,saveOnCreate=false,saveOnInactiveEvict=false]
18:14:25.606 [Executing testGetSecretContextNotNullAndStoreContextNotNull(org.conjur.jenkins.conjursecrets.ConjurSecretCredentialImplTest)] DEBUG org.eclipse.jetty.util.component.AbstractLifeCycle -- starting org.eclipse.jetty.server.session.NullSessionDataStore@2b4cfbad[passivating=false,graceSec=3600]
18:14:25.606 [Executing testGetSecretContextNotNullAndStoreContextNotNull(org.conjur.jenkins.conjursecrets.ConjurSecretCredentialImplTest)] DEBUG org.eclipse.jetty.util.component.AbstractLifeCycle -- STARTED @16163ms org.eclipse.jetty.server.session.NullSessionDataStore@2b4cfbad[passivating=false,graceSec=3600]
18:14:25.606 [Executing testGetSecretContextNotNullAndStoreContextNotNull(org.conjur.jenkins.conjursecrets.ConjurSecretCredentialImplTest)] DEBUG org.eclipse.jetty.util.component.AbstractLifeCycle -- STARTED @16163ms org.eclipse.jetty.server.session.DefaultSessionCache@532703b2[evict=-1,removeUnloadable=false,saveOnCreate=false,saveOnInactiveEvict=false]
18:14:25.606 [Executing testGetSecretContextNotNullAndStoreContextNotNull(org.conjur.jenkins.conjursecrets.ConjurSecretCredentialImplTest)] DEBUG org.eclipse.jetty.util.component.AbstractLifeCycle -- STARTED @16163ms org.eclipse.jetty.server.session.SessionHandler21387510==dftMaxIdleSec=1800
18:14:25.606 [Executing testGetSecretContextNotNullAndStoreContextNotNull(org.conjur.jenkins.conjursecrets.ConjurSecretCredentialImplTest)] DEBUG org.eclipse.jetty.util.component.AbstractLifeCycle -- starting ErrorPageErrorHandler@1a4216dc{STOPPED}
18:14:25.606 [Executing testGetSecretContextNotNullAndStoreContextNotNull(org.conjur.jenkins.conjursecrets.ConjurSecretCredentialImplTest)] DEBUG org.eclipse.jetty.server.handler.AbstractHandler -- starting ErrorPageErrorHandler@1a4216dc{STARTING}
18:14:25.606 [Executing testGetSecretContextNotNullAndStoreContextNotNull(org.conjur.jenkins.conjursecrets.ConjurSecretCredentialImplTest)] DEBUG org.eclipse.jetty.util.component.AbstractLifeCycle -- STARTED @16164ms ErrorPageErrorHandler@1a4216dc{STARTED}
18:14:25.606 [Executing testGetSecretContextNotNullAndStoreContextNotNull(org.conjur.jenkins.conjursecrets.ConjurSecretCredentialImplTest)] DEBUG org.eclipse.jetty.util.component.AbstractLifeCycle -- starting NoListenerConfiguration@677dc1bb{STOPPED}
18:14:25.606 [Executing testGetSecretContextNotNullAndStoreContextNotNull(org.conjur.jenkins.conjursecrets.ConjurSecretCredentialImplTest)] DEBUG org.eclipse.jetty.util.component.AbstractLifeCycle -- STARTED @16164ms NoListenerConfiguration@677dc1bb{STARTED}
18:14:25.606 [Executing testGetSecretContextNotNullAndStoreContextNotNull(org.conjur.jenkins.conjursecrets.ConjurSecretCredentialImplTest)] DEBUG org.eclipse.jetty.server.handler.ContextHandler -- contextInitialized: javax.servlet.ServletContextEvent[source=ServletContext@o.e.j.w.WebAppContext@31c2176{Jenkins v2.346.3,/jenkins,file:///Users/sameer.shaik/MyWorkSpace/17OctV2.2.3-New-BitBucketIssueFixed/conjur-credentials-plugin/target/jenkins-for-test/,STARTING}{/Users/sameer.shaik/MyWorkSpace/17OctV2.2.3-New-BitBucketIssueFixed/conjur-credentials-plugin/target/jenkins-for-test}]->org.eclipse.jetty.servlet.listener.ELContextCleaner@3e04e21b
18:14:25.606 [Executing testGetSecretContextNotNullAndStoreContextNotNull(org.conjur.jenkins.conjursecrets.ConjurSecretCredentialImplTest)] DEBUG org.eclipse.jetty.server.handler.ContextHandler -- contextInitialized: javax.servlet.ServletContextEvent[source=ServletContext@o.e.j.w.WebAppContext@31c2176{Jenkins v2.346.3,/jenkins,file:///Users/sameer.shaik/MyWorkSpace/17OctV2.2.3-New-BitBucketIssueFixed/conjur-credentials-plugin/target/jenkins-for-test/,STARTING}{/Users/sameer.shaik/MyWorkSpace/17OctV2.2.3-New-BitBucketIssueFixed/conjur-credentials-plugin/target/jenkins-for-test}]->org.eclipse.jetty.servlet.listener.IntrospectorCleaner@75a8f27f
18:14:25.606 [Executing testGetSecretContextNotNullAndStoreContextNotNull(org.conjur.jenkins.conjursecrets.ConjurSecretCredentialImplTest)] DEBUG org.eclipse.jetty.server.handler.ContextHandler -- contextInitialized: javax.servlet.ServletContextEvent[source=ServletContext@o.e.j.w.WebAppContext@31c2176{Jenkins v2.346.3,/jenkins,file:///Users/sameer.shaik/MyWorkSpace/17OctV2.2.3-New-BitBucketIssueFixed/conjur-credentials-plugin/target/jenkins-for-test/,STARTING}{/Users/sameer.shaik/MyWorkSpace/17OctV2.2.3-New-BitBucketIssueFixed/conjur-credentials-plugin/target/jenkins-for-test}]->jenkins.util.SystemProperties$Listener@2da41974
18:14:25.606 [Executing testGetSecretContextNotNullAndStoreContextNotNull(org.conjur.jenkins.conjursecrets.ConjurSecretCredentialImplTest)] DEBUG org.eclipse.jetty.util.component.AbstractLifeCycle -- starting suspicious-request-filter==jenkins.security.SuspiciousRequestFilter@658bc6dd{inst=false,async=true,src=DESCRIPTOR:file:///Users/sameer.shaik/MyWorkSpace/17OctV2.2.3-New-BitBucketIssueFixed/conjur-credentials-plugin/target/jenkins-for-test/WEB-INF/web.xml}
18:14:25.606 [Executing testGetSecretContextNotNullAndStoreContextNotNull(org.conjur.jenkins.conjursecrets.ConjurSecretCredentialImplTest)] DEBUG org.eclipse.jetty.servlet.BaseHolder -- Holding class jenkins.security.SuspiciousRequestFilter from jdk.internal.loader.ClassLoaders$AppClassLoader@5ffd2b27
18:14:25.606 [Executing testGetSecretContextNotNullAndStoreContextNotNull(org.conjur.jenkins.conjursecrets.ConjurSecretCredentialImplTest)] DEBUG org.eclipse.jetty.util.component.AbstractLifeCycle -- STARTED @16164ms suspicious-request-filter==jenkins.security.SuspiciousRequestFilter@658bc6dd{inst=false,async=true,src=DESCRIPTOR:file:///Users/sameer.shaik/MyWorkSpace/17OctV2.2.3-New-BitBucketIssueFixed/conjur-credentials-plugin/target/jenkins-for-test/WEB-INF/web.xml}
18:14:25.606 [Executing testGetSecretContextNotNullAndStoreContextNotNull(org.conjur.jenkins.conjursecrets.ConjurSecretCredentialImplTest)] DEBUG org.eclipse.jetty.servlet.FilterHolder -- Filter.init jenkins.security.SuspiciousRequestFilter@cb6c1c9
18:14:25.606 [Executing testGetSecretContextNotNullAndStoreContextNotNull(org.conjur.jenkins.conjursecrets.ConjurSecretCredentialImplTest)] DEBUG org.eclipse.jetty.util.component.AbstractLifeCycle -- starting diagnostic-name-filter==org.kohsuke.stapler.DiagnosticThreadNameFilter@36843e03{inst=false,async=true,src=DESCRIPTOR:file:///Users/sameer.shaik/MyWorkSpace/17OctV2.2.3-New-BitBucketIssueFixed/conjur-credentials-plugin/target/jenkins-for-test/WEB-INF/web.xml}
18:14:25.606 [Executing testGetSecretContextNotNullAndStoreContextNotNull(org.conjur.jenkins.conjursecrets.ConjurSecretCredentialImplTest)] DEBUG org.eclipse.jetty.servlet.BaseHolder -- Holding class org.kohsuke.stapler.DiagnosticThreadNameFilter from jdk.internal.loader.ClassLoaders$AppClassLoader@5ffd2b27
18:14:25.606 [Executing testGetSecretContextNotNullAndStoreContextNotNull(org.conjur.jenkins.conjursecrets.ConjurSecretCredentialImplTest)] DEBUG org.eclipse.jetty.util.component.AbstractLifeCycle -- STARTED @16164ms diagnostic-name-filter==org.kohsuke.stapler.DiagnosticThreadNameFilter@36843e03{inst=false,async=true,src=DESCRIPTOR:file:///Users/sameer.shaik/MyWorkSpace/17OctV2.2.3-New-BitBucketIssueFixed/conjur-credentials-plugin/target/jenkins-for-test/WEB-INF/web.xml}
18:14:25.606 [Executing testGetSecretContextNotNullAndStoreContextNotNull(org.conjur.jenkins.conjursecrets.ConjurSecretCredentialImplTest)] DEBUG org.eclipse.jetty.servlet.FilterHolder -- Filter.init org.kohsuke.stapler.DiagnosticThreadNameFilter@153bee7e
18:14:25.606 [Executing testGetSecretContextNotNullAndStoreContextNotNull(org.conjur.jenkins.conjursecrets.ConjurSecretCredentialImplTest)] DEBUG org.eclipse.jetty.util.component.AbstractLifeCycle -- starting encoding-filter==hudson.util.CharacterEncodingFilter@54353de7{inst=false,async=true,src=DESCRIPTOR:file:///Users/sameer.shaik/MyWorkSpace/17OctV2.2.3-New-BitBucketIssueFixed/conjur-credentials-plugin/target/jenkins-for-test/WEB-INF/web.xml}
18:14:25.606 [Executing testGetSecretContextNotNullAndStoreContextNotNull(org.conjur.jenkins.conjursecrets.ConjurSecretCredentialImplTest)] DEBUG org.eclipse.jetty.servlet.BaseHolder -- Holding class hudson.util.CharacterEncodingFilter from jdk.internal.loader.ClassLoaders$AppClassLoader@5ffd2b27
18:14:25.606 [Executing testGetSecretContextNotNullAndStoreContextNotNull(org.conjur.jenkins.conjursecrets.ConjurSecretCredentialImplTest)] DEBUG org.eclipse.jetty.util.component.AbstractLifeCycle -- STARTED @16164ms encoding-filter==hudson.util.CharacterEncodingFilter@54353de7{inst=false,async=true,src=DESCRIPTOR:file:///Users/sameer.shaik/MyWorkSpace/17OctV2.2.3-New-BitBucketIssueFixed/conjur-credentials-plugin/target/jenkins-for-test/WEB-INF/web.xml}
18:14:25.606 [Executing testGetSecretContextNotNullAndStoreContextNotNull(org.conjur.jenkins.conjursecrets.ConjurSecretCredentialImplTest)] DEBUG org.eclipse.jetty.servlet.FilterHolder -- Filter.init hudson.util.CharacterEncodingFilter@2732cdac
18:14:25.606 [Executing testGetSecretContextNotNullAndStoreContextNotNull(org.conjur.jenkins.conjursecrets.ConjurSecretCredentialImplTest)] DEBUG org.eclipse.jetty.util.component.AbstractLifeCycle -- starting compression-filter==org.kohsuke.stapler.compression.CompressionFilter@d7ef7bc{inst=false,async=true,src=DESCRIPTOR:file:///Users/sameer.shaik/MyWorkSpace/17OctV2.2.3-New-BitBucketIssueFixed/conjur-credentials-plugin/target/jenkins-for-test/WEB-INF/web.xml}
18:14:25.606 [Executing testGetSecretContextNotNullAndStoreContextNotNull(org.conjur.jenkins.conjursecrets.ConjurSecretCredentialImplTest)] DEBUG org.eclipse.jetty.servlet.BaseHolder -- Holding class org.kohsuke.stapler.compression.CompressionFilter from jdk.internal.loader.ClassLoaders$AppClassLoader@5ffd2b27
18:14:25.606 [Executing testGetSecretContextNotNullAndStoreContextNotNull(org.conjur.jenkins.conjursecrets.ConjurSecretCredentialImplTest)] DEBUG org.eclipse.jetty.util.component.AbstractLifeCycle -- STARTED @16164ms compression-filter==org.kohsuke.stapler.compression.CompressionFilter@d7ef7bc{inst=false,async=true,src=DESCRIPTOR:file:///Users/sameer.shaik/MyWorkSpace/17OctV2.2.3-New-BitBucketIssueFixed/conjur-credentials-plugin/target/jenkins-for-test/WEB-INF/web.xml}
18:14:25.606 [Executing testGetSecretContextNotNullAndStoreContextNotNull(org.conjur.jenkins.conjursecrets.ConjurSecretCredentialImplTest)] DEBUG org.eclipse.jetty.servlet.FilterHolder -- Filter.init org.kohsuke.stapler.compression.CompressionFilter@2ad00f87
18:14:25.606 [Executing testGetSecretContextNotNullAndStoreContextNotNull(org.conjur.jenkins.conjursecrets.ConjurSecretCredentialImplTest)] DEBUG org.eclipse.jetty.util.component.AbstractLifeCycle -- starting authentication-filter==hudson.security.HudsonFilter@367865e0{inst=false,async=true,src=DESCRIPTOR:file:///Users/sameer.shaik/MyWorkSpace/17OctV2.2.3-New-BitBucketIssueFixed/conjur-credentials-plugin/target/jenkins-for-test/WEB-INF/web.xml}
18:14:25.607 [Executing testGetSecretContextNotNullAndStoreContextNotNull(org.conjur.jenkins.conjursecrets.ConjurSecretCredentialImplTest)] DEBUG org.eclipse.jetty.servlet.BaseHolder -- Holding class hudson.security.HudsonFilter from jdk.internal.loader.ClassLoaders$AppClassLoader@5ffd2b27
18:14:25.607 [Executing testGetSecretContextNotNullAndStoreContextNotNull(org.conjur.jenkins.conjursecrets.ConjurSecretCredentialImplTest)] DEBUG org.eclipse.jetty.util.component.AbstractLifeCycle -- STARTED @16164ms authentication-filter==hudson.security.HudsonFilter@367865e0{inst=false,async=true,src=DESCRIPTOR:file:///Users/sameer.shaik/MyWorkSpace/17OctV2.2.3-New-BitBucketIssueFixed/conjur-credentials-plugin/target/jenkins-for-test/WEB-INF/web.xml}
18:14:25.607 [Executing testGetSecretContextNotNullAndStoreContextNotNull(org.conjur.jenkins.conjursecrets.ConjurSecretCredentialImplTest)] DEBUG org.eclipse.jetty.servlet.FilterHolder -- Filter.init hudson.security.HudsonFilter@10d23b9d
18:14:25.607 [Executing testGetSecretContextNotNullAndStoreContextNotNull(org.conjur.jenkins.conjursecrets.ConjurSecretCredentialImplTest)] DEBUG org.eclipse.jetty.util.component.AbstractLifeCycle -- starting csrf-filter==hudson.security.csrf.CrumbFilter@219b210a{inst=false,async=true,src=DESCRIPTOR:file:///Users/sameer.shaik/MyWorkSpace/17OctV2.2.3-New-BitBucketIssueFixed/conjur-credentials-plugin/target/jenkins-for-test/WEB-INF/web.xml}
18:14:25.607 [Executing testGetSecretContextNotNullAndStoreContextNotNull(org.conjur.jenkins.conjursecrets.ConjurSecretCredentialImplTest)] DEBUG org.eclipse.jetty.servlet.BaseHolder -- Holding class hudson.security.csrf.CrumbFilter from jdk.internal.loader.ClassLoaders$AppClassLoader@5ffd2b27
18:14:25.607 [Executing testGetSecretContextNotNullAndStoreContextNotNull(org.conjur.jenkins.conjursecrets.ConjurSecretCredentialImplTest)] DEBUG org.eclipse.jetty.util.component.AbstractLifeCycle -- STARTED @16164ms csrf-filter==hudson.security.csrf.CrumbFilter@219b210a{inst=false,async=true,src=DESCRIPTOR:file:///Users/sameer.shaik/MyWorkSpace/17OctV2.2.3-New-BitBucketIssueFixed/conjur-credentials-plugin/target/jenkins-for-test/WEB-INF/web.xml}
18:14:25.607 [Executing testGetSecretContextNotNullAndStoreContextNotNull(org.conjur.jenkins.conjursecrets.ConjurSecretCredentialImplTest)] DEBUG org.eclipse.jetty.servlet.FilterHolder -- Filter.init hudson.security.csrf.CrumbFilter@5ad07fe7
18:14:25.607 [Executing testGetSecretContextNotNullAndStoreContextNotNull(org.conjur.jenkins.conjursecrets.ConjurSecretCredentialImplTest)] DEBUG org.eclipse.jetty.util.component.AbstractLifeCycle -- starting plugins-filter==hudson.util.PluginServletFilter@5c3cfadb{inst=false,async=true,src=DESCRIPTOR:file:///Users/sameer.shaik/MyWorkSpace/17OctV2.2.3-New-BitBucketIssueFixed/conjur-credentials-plugin/target/jenkins-for-test/WEB-INF/web.xml}
18:14:25.607 [Executing testGetSecretContextNotNullAndStoreContextNotNull(org.conjur.jenkins.conjursecrets.ConjurSecretCredentialImplTest)] DEBUG org.eclipse.jetty.servlet.BaseHolder -- Holding class hudson.util.PluginServletFilter from jdk.internal.loader.ClassLoaders$AppClassLoader@5ffd2b27
18:14:25.607 [Executing testGetSecretContextNotNullAndStoreContextNotNull(org.conjur.jenkins.conjursecrets.ConjurSecretCredentialImplTest)] DEBUG org.eclipse.jetty.util.component.AbstractLifeCycle -- STARTED @16165ms plugins-filter==hudson.util.PluginServletFilter@5c3cfadb{inst=false,async=true,src=DESCRIPTOR:file:///Users/sameer.shaik/MyWorkSpace/17OctV2.2.3-New-BitBucketIssueFixed/conjur-credentials-plugin/target/jenkins-for-test/WEB-INF/web.xml}
18:14:25.607 [Executing testGetSecretContextNotNullAndStoreContextNotNull(org.conjur.jenkins.conjursecrets.ConjurSecretCredentialImplTest)] DEBUG org.eclipse.jetty.servlet.FilterHolder -- Filter.init hudson.util.PluginServletFilter@6bbe96bc
18:14:25.607 [Executing testGetSecretContextNotNullAndStoreContextNotNull(org.conjur.jenkins.conjursecrets.ConjurSecretCredentialImplTest)] DEBUG org.eclipse.jetty.util.component.AbstractLifeCycle -- starting Stapler==org.kohsuke.stapler.Stapler@f222d1a9{jsp=null,order=-1,inst=false,async=true,src=DESCRIPTOR:file:///Users/sameer.shaik/MyWorkSpace/17OctV2.2.3-New-BitBucketIssueFixed/conjur-credentials-plugin/target/jenkins-for-test/WEB-INF/web.xml,STOPPED}
18:14:25.607 [Executing testGetSecretContextNotNullAndStoreContextNotNull(org.conjur.jenkins.conjursecrets.ConjurSecretCredentialImplTest)] DEBUG org.eclipse.jetty.servlet.BaseHolder -- Holding class org.kohsuke.stapler.Stapler from jdk.internal.loader.ClassLoaders$AppClassLoader@5ffd2b27
18:14:25.607 [Executing testGetSecretContextNotNullAndStoreContextNotNull(org.conjur.jenkins.conjursecrets.ConjurSecretCredentialImplTest)] DEBUG org.eclipse.jetty.util.component.AbstractLifeCycle -- STARTED @16165ms Stapler==org.kohsuke.stapler.Stapler@f222d1a9{jsp=null,order=-1,inst=false,async=true,src=DESCRIPTOR:file:///Users/sameer.shaik/MyWorkSpace/17OctV2.2.3-New-BitBucketIssueFixed/conjur-credentials-plugin/target/jenkins-for-test/WEB-INF/web.xml,STARTED}
18:14:25.607 [Executing testGetSecretContextNotNullAndStoreContextNotNull(org.conjur.jenkins.conjursecrets.ConjurSecretCredentialImplTest)] DEBUG org.eclipse.jetty.util.component.AbstractLifeCycle -- starting default==org.eclipse.jetty.servlet.DefaultServlet@5c13d641{jsp=null,order=0,inst=false,async=false,src=DESCRIPTOR:jar:file:/Users/sameer.shaik/.m2/repository/org/eclipse/jetty/jetty-webapp/9.4.48.v20220622/jetty-webapp-9.4.48.v20220622.jar!/org/eclipse/jetty/webapp/webdefault.xml,STOPPED}
18:14:25.607 [Executing testGetSecretContextNotNullAndStoreContextNotNull(org.conjur.jenkins.conjursecrets.ConjurSecretCredentialImplTest)] DEBUG org.eclipse.jetty.servlet.BaseHolder -- Holding class org.eclipse.jetty.servlet.DefaultServlet from jdk.internal.loader.ClassLoaders$AppClassLoader@5ffd2b27
18:14:25.607 [Executing testGetSecretContextNotNullAndStoreContextNotNull(org.conjur.jenkins.conjursecrets.ConjurSecretCredentialImplTest)] DEBUG org.eclipse.jetty.util.component.AbstractLifeCycle -- STARTED @16165ms default==org.eclipse.jetty.servlet.DefaultServlet@5c13d641{jsp=null,order=0,inst=false,async=false,src=DESCRIPTOR:jar:file:/Users/sameer.shaik/.m2/repository/org/eclipse/jetty/jetty-webapp/9.4.48.v20220622/jetty-webapp-9.4.48.v20220622.jar!/org/eclipse/jetty/webapp/webdefault.xml,STARTED}
18:14:25.607 [Executing testGetSecretContextNotNullAndStoreContextNotNull(org.conjur.jenkins.conjursecrets.ConjurSecretCredentialImplTest)] DEBUG org.eclipse.jetty.servlet.ServletHolder -- Servlet.init null for default
18:14:25.607 [Executing testGetSecretContextNotNullAndStoreContextNotNull(org.conjur.jenkins.conjursecrets.ConjurSecretCredentialImplTest)] DEBUG org.eclipse.jetty.servlet.DefaultServlet -- resource base = null
18:14:25.607 [Executing testGetSecretContextNotNullAndStoreContextNotNull(org.conjur.jenkins.conjursecrets.ConjurSecretCredentialImplTest)] DEBUG org.eclipse.jetty.util.component.AbstractLifeCycle -- starting jsp==org.eclipse.jetty.servlet.NoJspServlet@19c47{jsp=null,order=0,inst=false,async=false,src=DESCRIPTOR:jar:file:/Users/sameer.shaik/.m2/repository/org/eclipse/jetty/jetty-webapp/9.4.48.v20220622/jetty-webapp-9.4.48.v20220622.jar!/org/eclipse/jetty/webapp/webdefault.xml,STOPPED}
18:14:25.607 [Executing testGetSecretContextNotNullAndStoreContextNotNull(org.conjur.jenkins.conjursecrets.ConjurSecretCredentialImplTest)] DEBUG org.eclipse.jetty.servlet.BaseHolder -- Holding class org.eclipse.jetty.servlet.NoJspServlet from jdk.internal.loader.ClassLoaders$AppClassLoader@5ffd2b27
18:14:25.607 [Executing testGetSecretContextNotNullAndStoreContextNotNull(org.conjur.jenkins.conjursecrets.ConjurSecretCredentialImplTest)] DEBUG org.eclipse.jetty.util.component.AbstractLifeCycle -- STARTED @16165ms jsp==org.eclipse.jetty.servlet.NoJspServlet@19c47{jsp=null,order=0,inst=false,async=false,src=DESCRIPTOR:jar:file:/Users/sameer.shaik/.m2/repository/org/eclipse/jetty/jetty-webapp/9.4.48.v20220622/jetty-webapp-9.4.48.v20220622.jar!/org/eclipse/jetty/webapp/webdefault.xml,STARTED}
18:14:25.607 [Executing testGetSecretContextNotNullAndStoreContextNotNull(org.conjur.jenkins.conjursecrets.ConjurSecretCredentialImplTest)] DEBUG org.eclipse.jetty.servlet.ServletHolder -- Servlet.init null for jsp
18:14:25.608 [Executing testGetSecretContextNotNullAndStoreContextNotNull(org.conjur.jenkins.conjursecrets.ConjurSecretCredentialImplTest)] INFO org.eclipse.jetty.server.handler.ContextHandler -- Started o.e.j.w.WebAppContext@31c2176{Jenkins v2.346.3,/jenkins,file:///Users/sameer.shaik/MyWorkSpace/17OctV2.2.3-New-BitBucketIssueFixed/conjur-credentials-plugin/target/jenkins-for-test/,AVAILABLE}{/Users/sameer.shaik/MyWorkSpace/17OctV2.2.3-New-BitBucketIssueFixed/conjur-credentials-plugin/target/jenkins-for-test}
18:14:25.608 [Executing testGetSecretContextNotNullAndStoreContextNotNull(org.conjur.jenkins.conjursecrets.ConjurSecretCredentialImplTest)] DEBUG org.eclipse.jetty.webapp.WebAppContext -- postConfigure o.e.j.w.WebAppContext@31c2176{Jenkins v2.346.3,/jenkins,file:///Users/sameer.shaik/MyWorkSpace/17OctV2.2.3-New-BitBucketIssueFixed/conjur-credentials-plugin/target/jenkins-for-test/,AVAILABLE}{/Users/sameer.shaik/MyWorkSpace/17OctV2.2.3-New-BitBucketIssueFixed/conjur-credentials-plugin/target/jenkins-for-test} with org.eclipse.jetty.webapp.WebXmlConfiguration@50bd798f
18:14:25.608 [Executing testGetSecretContextNotNullAndStoreContextNotNull(org.conjur.jenkins.conjursecrets.ConjurSecretCredentialImplTest)] DEBUG org.eclipse.jetty.util.component.AbstractLifeCycle -- STARTED @16165ms o.e.j.w.WebAppContext@31c2176{Jenkins v2.346.3,/jenkins,file:///Users/sameer.shaik/MyWorkSpace/17OctV2.2.3-New-BitBucketIssueFixed/conjur-credentials-plugin/target/jenkins-for-test/,AVAILABLE}{/Users/sameer.shaik/MyWorkSpace/17OctV2.2.3-New-BitBucketIssueFixed/conjur-credentials-plugin/target/jenkins-for-test}
18:14:25.608 [Executing testGetSecretContextNotNullAndStoreContextNotNull(org.conjur.jenkins.conjursecrets.ConjurSecretCredentialImplTest)] DEBUG org.eclipse.jetty.util.component.AbstractLifeCycle -- starting ErrorHandler@76ff4d55{STOPPED}
18:14:25.608 [Executing testGetSecretContextNotNullAndStoreContextNotNull(org.conjur.jenkins.conjursecrets.ConjurSecretCredentialImplTest)] DEBUG org.eclipse.jetty.server.handler.AbstractHandler -- starting ErrorHandler@76ff4d55{STARTING}
18:14:25.608 [Executing testGetSecretContextNotNullAndStoreContextNotNull(org.conjur.jenkins.conjursecrets.ConjurSecretCredentialImplTest)] DEBUG org.eclipse.jetty.util.component.AbstractLifeCycle -- STARTED @16166ms ErrorHandler@76ff4d55{STARTED}
18:14:25.608 [Executing testGetSecretContextNotNullAndStoreContextNotNull(org.conjur.jenkins.conjursecrets.ConjurSecretCredentialImplTest)] DEBUG org.eclipse.jetty.util.component.AbstractLifeCycle -- starting ServerConnector@15703fa4{HTTP/1.1, (http/1.1)}{localhost:0}
18:14:25.608 [Executing testGetSecretContextNotNullAndStoreContextNotNull(org.conjur.jenkins.conjursecrets.ConjurSecretCredentialImplTest)] DEBUG org.eclipse.jetty.util.component.ContainerLifeCycle -- ServerConnector@15703fa4{HTTP/1.1, (http/1.1)}{localhost:51426} added {sun.nio.ch.ServerSocketChannelImpl[/127.0.0.1:51426],POJO}
18:14:25.608 [Executing testGetSecretContextNotNullAndStoreContextNotNull(org.conjur.jenkins.conjursecrets.ConjurSecretCredentialImplTest)] DEBUG org.eclipse.jetty.util.component.AbstractLifeCycle -- starting ScheduledExecutorScheduler@3256b3c2{STOPPED}
18:14:25.608 [Executing testGetSecretContextNotNullAndStoreContextNotNull(org.conjur.jenkins.conjursecrets.ConjurSecretCredentialImplTest)] DEBUG org.eclipse.jetty.util.component.AbstractLifeCycle -- STARTED @16166ms ScheduledExecutorScheduler@3256b3c2{STARTED}
18:14:25.608 [Executing testGetSecretContextNotNullAndStoreContextNotNull(org.conjur.jenkins.conjursecrets.ConjurSecretCredentialImplTest)] DEBUG org.eclipse.jetty.util.component.AbstractLifeCycle -- starting HttpConnectionFactory@5f690b17[HTTP/1.1]
18:14:25.608 [Executing testGetSecretContextNotNullAndStoreContextNotNull(org.conjur.jenkins.conjursecrets.ConjurSecretCredentialImplTest)] DEBUG org.eclipse.jetty.util.component.AbstractLifeCycle -- STARTED @16166ms HttpConnectionFactory@5f690b17[HTTP/1.1]
18:14:25.608 [Executing testGetSecretContextNotNullAndStoreContextNotNull(org.conjur.jenkins.conjursecrets.ConjurSecretCredentialImplTest)] DEBUG org.eclipse.jetty.util.component.AbstractLifeCycle -- starting SelectorManager@ServerConnector@15703fa4{HTTP/1.1, (http/1.1)}{localhost:51426}
18:14:25.608 [Executing testGetSecretContextNotNullAndStoreContextNotNull(org.conjur.jenkins.conjursecrets.ConjurSecretCredentialImplTest)] DEBUG org.eclipse.jetty.util.component.ContainerLifeCycle -- EatWhatYouKill@19c1a5b4/SelectorProducer@6d5db46/IDLE/p=false/QueuedThreadPool[Jetty (JenkinsRule)]@4ce6dca1{STARTED,8<=8<=200,i=8,r=-1,q=0}[ReservedThreadExecutor@62e6c131{reserved=0/16,pending=0}][pc=0,pic=0,pec=0,epc=0]@2024-10-22T18:14:25.608903+05:30 added {SelectorProducer@6d5db46,POJO}
18:14:25.609 [Executing testGetSecretContextNotNullAndStoreContextNotNull(org.conjur.jenkins.conjursecrets.ConjurSecretCredentialImplTest)] DEBUG org.eclipse.jetty.util.component.ContainerLifeCycle -- EatWhatYouKill@19c1a5b4/SelectorProducer@6d5db46/IDLE/p=false/QueuedThreadPool[Jetty (JenkinsRule)]@4ce6dca1{STARTED,8<=8<=200,i=8,r=-1,q=0}[ReservedThreadExecutor@62e6c131{reserved=0/16,pending=0}][pc=0,pic=0,pec=0,epc=0]@2024-10-22T18:14:25.608989+05:30 added {QueuedThreadPool[Jetty (JenkinsRule)]@4ce6dca1{STARTED,8<=8<=200,i=8,r=-1,q=0}[ReservedThreadExecutor@62e6c131{reserved=0/16,pending=0}],UNMANAGED}
18:14:25.609 [Executing testGetSecretContextNotNullAndStoreContextNotNull(org.conjur.jenkins.conjursecrets.ConjurSecretCredentialImplTest)] DEBUG org.eclipse.jetty.util.thread.strategy.EatWhatYouKill -- EatWhatYouKill@19c1a5b4/SelectorProducer@6d5db46/IDLE/p=false/QueuedThreadPool[Jetty (JenkinsRule)]@4ce6dca1{STARTED,8<=8<=200,i=8,r=-1,q=0}[ReservedThreadExecutor@62e6c131{reserved=0/16,pending=0}][pc=0,pic=0,pec=0,epc=0]@2024-10-22T18:14:25.609094+05:30 created
18:14:25.609 [Executing testGetSecretContextNotNullAndStoreContextNotNull(org.conjur.jenkins.conjursecrets.ConjurSecretCredentialImplTest)] DEBUG org.eclipse.jetty.util.component.ContainerLifeCycle -- ManagedSelector@76f282f{STOPPED} id=0 keys=-1 selected=-1 updates=0 added {EatWhatYouKill@19c1a5b4/SelectorProducer@6d5db46/IDLE/p=false/QueuedThreadPool[Jetty (JenkinsRule)]@4ce6dca1{STARTED,8<=8<=200,i=8,r=-1,q=0}[ReservedThreadExecutor@62e6c131{reserved=0/16,pending=0}][pc=0,pic=0,pec=0,epc=0]@2024-10-22T18:14:25.609195+05:30,MANAGED}
18:14:25.609 [Executing testGetSecretContextNotNullAndStoreContextNotNull(org.conjur.jenkins.conjursecrets.ConjurSecretCredentialImplTest)] DEBUG org.eclipse.jetty.util.component.ContainerLifeCycle -- SelectorManager@ServerConnector@15703fa4{HTTP/1.1, (http/1.1)}{localhost:51426} added {ManagedSelector@76f282f{STOPPED} id=0 keys=-1 selected=-1 updates=0,AUTO}
18:14:25.609 [Executing testGetSecretContextNotNullAndStoreContextNotNull(org.conjur.jenkins.conjursecrets.ConjurSecretCredentialImplTest)] DEBUG org.eclipse.jetty.util.component.ContainerLifeCycle -- EatWhatYouKill@790e7215/SelectorProducer@6df69485/IDLE/p=false/QueuedThreadPool[Jetty (JenkinsRule)]@4ce6dca1{STARTED,8<=8<=200,i=8,r=-1,q=0}[ReservedThreadExecutor@62e6c131{reserved=0/16,pending=0}][pc=0,pic=0,pec=0,epc=0]@2024-10-22T18:14:25.609335+05:30 added {SelectorProducer@6df69485,POJO}
18:14:25.609 [Executing testGetSecretContextNotNullAndStoreContextNotNull(org.conjur.jenkins.conjursecrets.ConjurSecretCredentialImplTest)] DEBUG org.eclipse.jetty.util.component.ContainerLifeCycle -- EatWhatYouKill@790e7215/SelectorProducer@6df69485/IDLE/p=false/QueuedThreadPool[Jetty (JenkinsRule)]@4ce6dca1{STARTED,8<=8<=200,i=8,r=-1,q=0}[ReservedThreadExecutor@62e6c131{reserved=0/16,pending=0}][pc=0,pic=0,pec=0,epc=0]@2024-10-22T18:14:25.609441+05:30 added {QueuedThreadPool[Jetty (JenkinsRule)]@4ce6dca1{STARTED,8<=8<=200,i=8,r=-1,q=0}[ReservedThreadExecutor@62e6c131{reserved=0/16,pending=0}],UNMANAGED}
18:14:25.609 [Executing testGetSecretContextNotNullAndStoreContextNotNull(org.conjur.jenkins.conjursecrets.ConjurSecretCredentialImplTest)] DEBUG org.eclipse.jetty.util.thread.strategy.EatWhatYouKill -- EatWhatYouKill@790e7215/SelectorProducer@6df69485/IDLE/p=false/QueuedThreadPool[Jetty (JenkinsRule)]@4ce6dca1{STARTED,8<=8<=200,i=8,r=-1,q=0}[ReservedThreadExecutor@62e6c131{reserved=0/16,pending=0}][pc=0,pic=0,pec=0,epc=0]@2024-10-22T18:14:25.609527+05:30 created
18:14:25.609 [Executing testGetSecretContextNotNullAndStoreContextNotNull(org.conjur.jenkins.conjursecrets.ConjurSecretCredentialImplTest)] DEBUG org.eclipse.jetty.util.component.ContainerLifeCycle -- ManagedSelector@45517d96{STOPPED} id=1 keys=-1 selected=-1 updates=0 added {EatWhatYouKill@790e7215/SelectorProducer@6df69485/IDLE/p=false/QueuedThreadPool[Jetty (JenkinsRule)]@4ce6dca1{STARTED,8<=8<=200,i=8,r=-1,q=0}[ReservedThreadExecutor@62e6c131{reserved=0/16,pending=0}][pc=0,pic=0,pec=0,epc=0]@2024-10-22T18:14:25.609605+05:30,MANAGED}
18:14:25.609 [Executing testGetSecretContextNotNullAndStoreContextNotNull(org.conjur.jenkins.conjursecrets.ConjurSecretCredentialImplTest)] DEBUG org.eclipse.jetty.util.component.ContainerLifeCycle -- SelectorManager@ServerConnector@15703fa4{HTTP/1.1, (http/1.1)}{localhost:51426} added {ManagedSelector@45517d96{STOPPED} id=1 keys=-1 selected=-1 updates=0,AUTO}
18:14:25.609 [Executing testGetSecretContextNotNullAndStoreContextNotNull(org.conjur.jenkins.conjursecrets.ConjurSecretCredentialImplTest)] DEBUG org.eclipse.jetty.util.component.ContainerLifeCycle -- EatWhatYouKill@3b811b43/SelectorProducer@311558fc/IDLE/p=false/QueuedThreadPool[Jetty (JenkinsRule)]@4ce6dca1{STARTED,8<=8<=200,i=8,r=-1,q=0}[ReservedThreadExecutor@62e6c131{reserved=0/16,pending=0}][pc=0,pic=0,pec=0,epc=0]@2024-10-22T18:14:25.609733+05:30 added {SelectorProducer@311558fc,POJO}
18:14:25.609 [Executing testGetSecretContextNotNullAndStoreContextNotNull(org.conjur.jenkins.conjursecrets.ConjurSecretCredentialImplTest)] DEBUG org.eclipse.jetty.util.component.ContainerLifeCycle -- EatWhatYouKill@3b811b43/SelectorProducer@311558fc/IDLE/p=false/QueuedThreadPool[Jetty (JenkinsRule)]@4ce6dca1{STARTED,8<=8<=200,i=8,r=-1,q=0}[ReservedThreadExecutor@62e6c131{reserved=0/16,pending=0}][pc=0,pic=0,pec=0,epc=0]@2024-10-22T18:14:25.609811+05:30 added {QueuedThreadPool[Jetty (JenkinsRule)]@4ce6dca1{STARTED,8<=8<=200,i=8,r=-1,q=0}[ReservedThreadExecutor@62e6c131{reserved=0/16,pending=0}],UNMANAGED}
18:14:25.609 [Executing testGetSecretContextNotNullAndStoreContextNotNull(org.conjur.jenkins.conjursecrets.ConjurSecretCredentialImplTest)] DEBUG org.eclipse.jetty.util.thread.strategy.EatWhatYouKill -- EatWhatYouKill@3b811b43/SelectorProducer@311558fc/IDLE/p=false/QueuedThreadPool[Jetty (JenkinsRule)]@4ce6dca1{STARTED,8<=8<=200,i=8,r=-1,q=0}[ReservedThreadExecutor@62e6c131{reserved=0/16,pending=0}][pc=0,pic=0,pec=0,epc=0]@2024-10-22T18:14:25.609903+05:30 created
18:14:25.609 [Executing testGetSecretContextNotNullAndStoreContextNotNull(org.conjur.jenkins.conjursecrets.ConjurSecretCredentialImplTest)] DEBUG org.eclipse.jetty.util.component.ContainerLifeCycle -- ManagedSelector@689eb0e7{STOPPED} id=2 keys=-1 selected=-1 updates=0 added {EatWhatYouKill@3b811b43/SelectorProducer@311558fc/IDLE/p=false/QueuedThreadPool[Jetty (JenkinsRule)]@4ce6dca1{STARTED,8<=8<=200,i=8,r=-1,q=0}[ReservedThreadExecutor@62e6c131{reserved=0/16,pending=0}][pc=0,pic=0,pec=0,epc=0]@2024-10-22T18:14:25.609976+05:30,MANAGED}
18:14:25.610 [Executing testGetSecretContextNotNullAndStoreContextNotNull(org.conjur.jenkins.conjursecrets.ConjurSecretCredentialImplTest)] DEBUG org.eclipse.jetty.util.component.ContainerLifeCycle -- SelectorManager@ServerConnector@15703fa4{HTTP/1.1, (http/1.1)}{localhost:51426} added {ManagedSelector@689eb0e7{STOPPED} id=2 keys=-1 selected=-1 updates=0,AUTO}
18:14:25.610 [Executing testGetSecretContextNotNullAndStoreContextNotNull(org.conjur.jenkins.conjursecrets.ConjurSecretCredentialImplTest)] DEBUG org.eclipse.jetty.util.component.ContainerLifeCycle -- EatWhatYouKill@266dddaf/SelectorProducer@15059122/IDLE/p=false/QueuedThreadPool[Jetty (JenkinsRule)]@4ce6dca1{STARTED,8<=8<=200,i=8,r=-1,q=0}[ReservedThreadExecutor@62e6c131{reserved=0/16,pending=0}][pc=0,pic=0,pec=0,epc=0]@2024-10-22T18:14:25.61012+05:30 added {SelectorProducer@15059122,POJO}
18:14:25.610 [Executing testGetSecretContextNotNullAndStoreContextNotNull(org.conjur.jenkins.conjursecrets.ConjurSecretCredentialImplTest)] DEBUG org.eclipse.jetty.util.component.ContainerLifeCycle -- EatWhatYouKill@266dddaf/SelectorProducer@15059122/IDLE/p=false/QueuedThreadPool[Jetty (JenkinsRule)]@4ce6dca1{STARTED,8<=8<=200,i=8,r=-1,q=0}[ReservedThreadExecutor@62e6c131{reserved=0/16,pending=0}][pc=0,pic=0,pec=0,epc=0]@2024-10-22T18:14:25.610191+05:30 added {QueuedThreadPool[Jetty (JenkinsRule)]@4ce6dca1{STARTED,8<=8<=200,i=8,r=-1,q=0}[ReservedThreadExecutor@62e6c131{reserved=0/16,pending=0}],UNMANAGED}
18:14:25.610 [Executing testGetSecretContextNotNullAndStoreContextNotNull(org.conjur.jenkins.conjursecrets.ConjurSecretCredentialImplTest)] DEBUG org.eclipse.jetty.util.thread.strategy.EatWhatYouKill -- EatWhatYouKill@266dddaf/SelectorProducer@15059122/IDLE/p=false/QueuedThreadPool[Jetty (JenkinsRule)]@4ce6dca1{STARTED,8<=8<=200,i=8,r=-1,q=0}[ReservedThreadExecutor@62e6c131{reserved=0/16,pending=0}][pc=0,pic=0,pec=0,epc=0]@2024-10-22T18:14:25.610277+05:30 created
18:14:25.610 [Executing testGetSecretContextNotNullAndStoreContextNotNull(org.conjur.jenkins.conjursecrets.ConjurSecretCredentialImplTest)] DEBUG org.eclipse.jetty.util.component.ContainerLifeCycle -- ManagedSelector@e4ce9c6{STOPPED} id=3 keys=-1 selected=-1 updates=0 added {EatWhatYouKill@266dddaf/SelectorProducer@15059122/IDLE/p=false/QueuedThreadPool[Jetty (JenkinsRule)]@4ce6dca1{STARTED,8<=8<=200,i=8,r=-1,q=0}[ReservedThreadExecutor@62e6c131{reserved=0/16,pending=0}][pc=0,pic=0,pec=0,epc=0]@2024-10-22T18:14:25.610356+05:30,MANAGED}
18:14:25.610 [Executing testGetSecretContextNotNullAndStoreContextNotNull(org.conjur.jenkins.conjursecrets.ConjurSecretCredentialImplTest)] DEBUG org.eclipse.jetty.util.component.ContainerLifeCycle -- SelectorManager@ServerConnector@15703fa4{HTTP/1.1, (http/1.1)}{localhost:51426} added {ManagedSelector@e4ce9c6{STOPPED} id=3 keys=-1 selected=-1 updates=0,AUTO}
18:14:25.610 [Executing testGetSecretContextNotNullAndStoreContextNotNull(org.conjur.jenkins.conjursecrets.ConjurSecretCredentialImplTest)] DEBUG org.eclipse.jetty.util.component.ContainerLifeCycle -- EatWhatYouKill@13487960/SelectorProducer@5b005e03/IDLE/p=false/QueuedThreadPool[Jetty (JenkinsRule)]@4ce6dca1{STARTED,8<=8<=200,i=8,r=-1,q=0}[ReservedThreadExecutor@62e6c131{reserved=0/16,pending=0}][pc=0,pic=0,pec=0,epc=0]@2024-10-22T18:14:25.610487+05:30 added {SelectorProducer@5b005e03,POJO}
18:14:25.610 [Executing testGetSecretContextNotNullAndStoreContextNotNull(org.conjur.jenkins.conjursecrets.ConjurSecretCredentialImplTest)] DEBUG org.eclipse.jetty.util.component.ContainerLifeCycle -- EatWhatYouKill@13487960/SelectorProducer@5b005e03/IDLE/p=false/QueuedThreadPool[Jetty (JenkinsRule)]@4ce6dca1{STARTED,8<=8<=200,i=8,r=-1,q=0}[ReservedThreadExecutor@62e6c131{reserved=0/16,pending=0}][pc=0,pic=0,pec=0,epc=0]@2024-10-22T18:14:25.610557+05:30 added {QueuedThreadPool[Jetty (JenkinsRule)]@4ce6dca1{STARTED,8<=8<=200,i=8,r=-1,q=0}[ReservedThreadExecutor@62e6c131{reserved=0/16,pending=0}],UNMANAGED}
18:14:25.610 [Executing testGetSecretContextNotNullAndStoreContextNotNull(org.conjur.jenkins.conjursecrets.ConjurSecretCredentialImplTest)] DEBUG org.eclipse.jetty.util.thread.strategy.EatWhatYouKill -- EatWhatYouKill@13487960/SelectorProducer@5b005e03/IDLE/p=false/QueuedThreadPool[Jetty (JenkinsRule)]@4ce6dca1{STARTED,8<=8<=200,i=8,r=-1,q=0}[ReservedThreadExecutor@62e6c131{reserved=0/16,pending=0}][pc=0,pic=0,pec=0,epc=0]@2024-10-22T18:14:25.610645+05:30 created
18:14:25.610 [Executing testGetSecretContextNotNullAndStoreContextNotNull(org.conjur.jenkins.conjursecrets.ConjurSecretCredentialImplTest)] DEBUG org.eclipse.jetty.util.component.ContainerLifeCycle -- ManagedSelector@623548c0{STOPPED} id=4 keys=-1 selected=-1 updates=0 added {EatWhatYouKill@13487960/SelectorProducer@5b005e03/IDLE/p=false/QueuedThreadPool[Jetty (JenkinsRule)]@4ce6dca1{STARTED,8<=8<=200,i=8,r=-1,q=0}[ReservedThreadExecutor@62e6c131{reserved=0/16,pending=0}][pc=0,pic=0,pec=0,epc=0]@2024-10-22T18:14:25.610719+05:30,MANAGED}
18:14:25.610 [Executing testGetSecretContextNotNullAndStoreContextNotNull(org.conjur.jenkins.conjursecrets.ConjurSecretCredentialImplTest)] DEBUG org.eclipse.jetty.util.component.ContainerLifeCycle -- SelectorManager@ServerConnector@15703fa4{HTTP/1.1, (http/1.1)}{localhost:51426} added {ManagedSelector@623548c0{STOPPED} id=4 keys=-1 selected=-1 updates=0,AUTO}
18:14:25.610 [Executing testGetSecretContextNotNullAndStoreContextNotNull(org.conjur.jenkins.conjursecrets.ConjurSecretCredentialImplTest)] DEBUG org.eclipse.jetty.util.component.ContainerLifeCycle -- EatWhatYouKill@b5e9f99/SelectorProducer@5b8d64eb/IDLE/p=false/QueuedThreadPool[Jetty (JenkinsRule)]@4ce6dca1{STARTED,8<=8<=200,i=8,r=-1,q=0}[ReservedThreadExecutor@62e6c131{reserved=0/16,pending=0}][pc=0,pic=0,pec=0,epc=0]@2024-10-22T18:14:25.610875+05:30 added {SelectorProducer@5b8d64eb,POJO}
18:14:25.610 [Executing testGetSecretContextNotNullAndStoreContextNotNull(org.conjur.jenkins.conjursecrets.ConjurSecretCredentialImplTest)] DEBUG org.eclipse.jetty.util.component.ContainerLifeCycle -- EatWhatYouKill@b5e9f99/SelectorProducer@5b8d64eb/IDLE/p=false/QueuedThreadPool[Jetty (JenkinsRule)]@4ce6dca1{STARTED,8<=8<=200,i=8,r=-1,q=0}[ReservedThreadExecutor@62e6c131{reserved=0/16,pending=0}][pc=0,pic=0,pec=0,epc=0]@2024-10-22T18:14:25.610947+05:30 added {QueuedThreadPool[Jetty (JenkinsRule)]@4ce6dca1{STARTED,8<=8<=200,i=8,r=-1,q=0}[ReservedThreadExecutor@62e6c131{reserved=0/16,pending=0}],UNMANAGED}
18:14:25.611 [Executing testGetSecretContextNotNullAndStoreContextNotNull(org.conjur.jenkins.conjursecrets.ConjurSecretCredentialImplTest)] DEBUG org.eclipse.jetty.util.thread.strategy.EatWhatYouKill -- EatWhatYouKill@b5e9f99/SelectorProducer@5b8d64eb/IDLE/p=false/QueuedThreadPool[Jetty (JenkinsRule)]@4ce6dca1{STARTED,8<=8<=200,i=8,r=-1,q=0}[ReservedThreadExecutor@62e6c131{reserved=0/16,pending=0}][pc=0,pic=0,pec=0,epc=0]@2024-10-22T18:14:25.611035+05:30 created
18:14:25.611 [Executing testGetSecretContextNotNullAndStoreContextNotNull(org.conjur.jenkins.conjursecrets.ConjurSecretCredentialImplTest)] DEBUG org.eclipse.jetty.util.component.ContainerLifeCycle -- ManagedSelector@2a4d9df{STOPPED} id=5 keys=-1 selected=-1 updates=0 added {EatWhatYouKill@b5e9f99/SelectorProducer@5b8d64eb/IDLE/p=false/QueuedThreadPool[Jetty (JenkinsRule)]@4ce6dca1{STARTED,8<=8<=200,i=8,r=-1,q=0}[ReservedThreadExecutor@62e6c131{reserved=0/16,pending=0}][pc=0,pic=0,pec=0,epc=0]@2024-10-22T18:14:25.611133+05:30,MANAGED}
18:14:25.611 [Executing testGetSecretContextNotNullAndStoreContextNotNull(org.conjur.jenkins.conjursecrets.ConjurSecretCredentialImplTest)] DEBUG org.eclipse.jetty.util.component.ContainerLifeCycle -- SelectorManager@ServerConnector@15703fa4{HTTP/1.1, (http/1.1)}{localhost:51426} added {ManagedSelector@2a4d9df{STOPPED} id=5 keys=-1 selected=-1 updates=0,AUTO}
18:14:25.611 [Executing testGetSecretContextNotNullAndStoreContextNotNull(org.conjur.jenkins.conjursecrets.ConjurSecretCredentialImplTest)] DEBUG org.eclipse.jetty.util.component.ContainerLifeCycle -- EatWhatYouKill@4a1ff203/SelectorProducer@35420e8e/IDLE/p=false/QueuedThreadPool[Jetty (JenkinsRule)]@4ce6dca1{STARTED,8<=8<=200,i=8,r=-1,q=0}[ReservedThreadExecutor@62e6c131{reserved=0/16,pending=0}][pc=0,pic=0,pec=0,epc=0]@2024-10-22T18:14:25.611262+05:30 added {SelectorProducer@35420e8e,POJO}
18:14:25.611 [Executing testGetSecretContextNotNullAndStoreContextNotNull(org.conjur.jenkins.conjursecrets.ConjurSecretCredentialImplTest)] DEBUG org.eclipse.jetty.util.component.ContainerLifeCycle -- EatWhatYouKill@4a1ff203/SelectorProducer@35420e8e/IDLE/p=false/QueuedThreadPool[Jetty (JenkinsRule)]@4ce6dca1{STARTED,8<=8<=200,i=8,r=-1,q=0}[ReservedThreadExecutor@62e6c131{reserved=0/16,pending=0}][pc=0,pic=0,pec=0,epc=0]@2024-10-22T18:14:25.61133+05:30 added {QueuedThreadPool[Jetty (JenkinsRule)]@4ce6dca1{STARTED,8<=8<=200,i=8,r=-1,q=0}[ReservedThreadExecutor@62e6c131{reserved=0/16,pending=0}],UNMANAGED}
18:14:25.611 [Executing testGetSecretContextNotNullAndStoreContextNotNull(org.conjur.jenkins.conjursecrets.ConjurSecretCredentialImplTest)] DEBUG org.eclipse.jetty.util.thread.strategy.EatWhatYouKill -- EatWhatYouKill@4a1ff203/SelectorProducer@35420e8e/IDLE/p=false/QueuedThreadPool[Jetty (JenkinsRule)]@4ce6dca1{STARTED,8<=8<=200,i=8,r=-1,q=0}[ReservedThreadExecutor@62e6c131{reserved=0/16,pending=0}][pc=0,pic=0,pec=0,epc=0]@2024-10-22T18:14:25.611414+05:30 created
18:14:25.611 [Executing testGetSecretContextNotNullAndStoreContextNotNull(org.conjur.jenkins.conjursecrets.ConjurSecretCredentialImplTest)] DEBUG org.eclipse.jetty.util.component.ContainerLifeCycle -- ManagedSelector@5d88ef1{STOPPED} id=6 keys=-1 selected=-1 updates=0 added {EatWhatYouKill@4a1ff203/SelectorProducer@35420e8e/IDLE/p=false/QueuedThreadPool[Jetty (JenkinsRule)]@4ce6dca1{STARTED,8<=8<=200,i=8,r=-1,q=0}[ReservedThreadExecutor@62e6c131{reserved=0/16,pending=0}][pc=0,pic=0,pec=0,epc=0]@2024-10-22T18:14:25.61149+05:30,MANAGED}
18:14:25.611 [Executing testGetSecretContextNotNullAndStoreContextNotNull(org.conjur.jenkins.conjursecrets.ConjurSecretCredentialImplTest)] DEBUG org.eclipse.jetty.util.component.ContainerLifeCycle -- SelectorManager@ServerConnector@15703fa4{HTTP/1.1, (http/1.1)}{localhost:51426} added {ManagedSelector@5d88ef1{STOPPED} id=6 keys=-1 selected=-1 updates=0,AUTO}
18:14:25.611 [Executing testGetSecretContextNotNullAndStoreContextNotNull(org.conjur.jenkins.conjursecrets.ConjurSecretCredentialImplTest)] DEBUG org.eclipse.jetty.util.component.ContainerLifeCycle -- EatWhatYouKill@2116d5b4/SelectorProducer@142cb47f/IDLE/p=false/QueuedThreadPool[Jetty (JenkinsRule)]@4ce6dca1{STARTED,8<=8<=200,i=8,r=-1,q=0}[ReservedThreadExecutor@62e6c131{reserved=0/16,pending=0}][pc=0,pic=0,pec=0,epc=0]@2024-10-22T18:14:25.611617+05:30 added {SelectorProducer@142cb47f,POJO}
18:14:25.611 [Executing testGetSecretContextNotNullAndStoreContextNotNull(org.conjur.jenkins.conjursecrets.ConjurSecretCredentialImplTest)] DEBUG org.eclipse.jetty.util.component.ContainerLifeCycle -- EatWhatYouKill@2116d5b4/SelectorProducer@142cb47f/IDLE/p=false/QueuedThreadPool[Jetty (JenkinsRule)]@4ce6dca1{STARTED,8<=8<=200,i=8,r=-1,q=0}[ReservedThreadExecutor@62e6c131{reserved=0/16,pending=0}][pc=0,pic=0,pec=0,epc=0]@2024-10-22T18:14:25.611685+05:30 added {QueuedThreadPool[Jetty (JenkinsRule)]@4ce6dca1{STARTED,8<=8<=200,i=8,r=-1,q=0}[ReservedThreadExecutor@62e6c131{reserved=0/16,pending=0}],UNMANAGED}
18:14:25.611 [Executing testGetSecretContextNotNullAndStoreContextNotNull(org.conjur.jenkins.conjursecrets.ConjurSecretCredentialImplTest)] DEBUG org.eclipse.jetty.util.thread.strategy.EatWhatYouKill -- EatWhatYouKill@2116d5b4/SelectorProducer@142cb47f/IDLE/p=false/QueuedThreadPool[Jetty (JenkinsRule)]@4ce6dca1{STARTED,8<=8<=200,i=8,r=-1,q=0}[ReservedThreadExecutor@62e6c131{reserved=0/16,pending=0}][pc=0,pic=0,pec=0,epc=0]@2024-10-22T18:14:25.61177+05:30 created
18:14:25.611 [Executing testGetSecretContextNotNullAndStoreContextNotNull(org.conjur.jenkins.conjursecrets.ConjurSecretCredentialImplTest)] DEBUG org.eclipse.jetty.util.component.ContainerLifeCycle -- ManagedSelector@31bfee0a{STOPPED} id=7 keys=-1 selected=-1 updates=0 added {EatWhatYouKill@2116d5b4/SelectorProducer@142cb47f/IDLE/p=false/QueuedThreadPool[Jetty (JenkinsRule)]@4ce6dca1{STARTED,8<=8<=200,i=8,r=-1,q=0}[ReservedThreadExecutor@62e6c131{reserved=0/16,pending=0}][pc=0,pic=0,pec=0,epc=0]@2024-10-22T18:14:25.611864+05:30,MANAGED}
18:14:25.611 [Executing testGetSecretContextNotNullAndStoreContextNotNull(org.conjur.jenkins.conjursecrets.ConjurSecretCredentialImplTest)] DEBUG org.eclipse.jetty.util.component.ContainerLifeCycle -- SelectorManager@ServerConnector@15703fa4{HTTP/1.1, (http/1.1)}{localhost:51426} added {ManagedSelector@31bfee0a{STOPPED} id=7 keys=-1 selected=-1 updates=0,AUTO}
18:14:25.612 [Executing testGetSecretContextNotNullAndStoreContextNotNull(org.conjur.jenkins.conjursecrets.ConjurSecretCredentialImplTest)] DEBUG org.eclipse.jetty.util.component.AbstractLifeCycle -- starting ManagedSelector@76f282f{STOPPED} id=0 keys=-1 selected=-1 updates=0
18:14:25.612 [Executing testGetSecretContextNotNullAndStoreContextNotNull(org.conjur.jenkins.conjursecrets.ConjurSecretCredentialImplTest)] DEBUG org.eclipse.jetty.util.component.AbstractLifeCycle -- starting EatWhatYouKill@19c1a5b4/SelectorProducer@6d5db46/IDLE/p=false/QueuedThreadPool[Jetty (JenkinsRule)]@4ce6dca1{STARTED,8<=8<=200,i=8,r=-1,q=0}[ReservedThreadExecutor@62e6c131{reserved=0/16,pending=0}][pc=0,pic=0,pec=0,epc=0]@2024-10-22T18:14:25.612074+05:30
18:14:25.612 [Executing testGetSecretContextNotNullAndStoreContextNotNull(org.conjur.jenkins.conjursecrets.ConjurSecretCredentialImplTest)] DEBUG org.eclipse.jetty.util.component.AbstractLifeCycle -- STARTED @16169ms EatWhatYouKill@19c1a5b4/SelectorProducer@6d5db46/IDLE/p=false/QueuedThreadPool[Jetty (JenkinsRule)]@4ce6dca1{STARTED,8<=8<=200,i=8,r=-1,q=0}[ReservedThreadExecutor@62e6c131{reserved=0/16,pending=0}][pc=0,pic=0,pec=0,epc=0]@2024-10-22T18:14:25.612148+05:30
18:14:25.612 [Executing testGetSecretContextNotNullAndStoreContextNotNull(org.conjur.jenkins.conjursecrets.ConjurSecretCredentialImplTest)] DEBUG org.eclipse.jetty.util.thread.QueuedThreadPool -- queue org.eclipse.jetty.io.ManagedSelector$$Lambda$424/0x00000001333325e0@705141ca startThread=0
18:14:25.612 [Executing testGetSecretContextNotNullAndStoreContextNotNull(org.conjur.jenkins.conjursecrets.ConjurSecretCredentialImplTest)] DEBUG org.eclipse.jetty.io.ManagedSelector -- Queued change lazy=false org.eclipse.jetty.io.ManagedSelector$Start@677d8101 on ManagedSelector@76f282f{STARTING} id=0 keys=0 selected=0 updates=0
18:14:25.612 [Jetty (JenkinsRule)-233] DEBUG org.eclipse.jetty.util.thread.QueuedThreadPool -- run org.eclipse.jetty.io.ManagedSelector$$Lambda$424/0x00000001333325e0@705141ca in QueuedThreadPool[Jetty (JenkinsRule)]@4ce6dca1{STARTED,8<=8<=200,i=7,r=-1,q=0}[ReservedThreadExecutor@62e6c131{reserved=0/16,pending=0}]
18:14:25.612 [Jetty (JenkinsRule)-233] DEBUG org.eclipse.jetty.util.thread.strategy.EatWhatYouKill -- EatWhatYouKill@19c1a5b4/SelectorProducer@6d5db46/IDLE/p=false/QueuedThreadPool[Jetty (JenkinsRule)]@4ce6dca1{STARTED,8<=8<=200,i=7,r=-1,q=0}[ReservedThreadExecutor@62e6c131{reserved=0/16,pending=0}][pc=0,pic=0,pec=0,epc=0]@2024-10-22T18:14:25.612394+05:30 tryProduce false
18:14:25.612 [Jetty (JenkinsRule)-233] DEBUG org.eclipse.jetty.io.ManagedSelector -- updateable 1
18:14:25.612 [Jetty (JenkinsRule)-233] DEBUG org.eclipse.jetty.io.ManagedSelector -- update org.eclipse.jetty.io.ManagedSelector$Start@677d8101
18:14:25.612 [Jetty (JenkinsRule)-233] DEBUG org.eclipse.jetty.io.ManagedSelector -- updates 0
18:14:25.612 [Jetty (JenkinsRule)-233] DEBUG org.eclipse.jetty.io.ManagedSelector -- Selector sun.nio.ch.KQueueSelectorImpl@ca7c8f2 waiting with 0 keys
18:14:25.612 [Executing testGetSecretContextNotNullAndStoreContextNotNull(org.conjur.jenkins.conjursecrets.ConjurSecretCredentialImplTest)] DEBUG org.eclipse.jetty.util.component.AbstractLifeCycle -- STARTED @16170ms ManagedSelector@76f282f{STARTED} id=0 keys=0 selected=0 updates=0
18:14:25.612 [Executing testGetSecretContextNotNullAndStoreContextNotNull(org.conjur.jenkins.conjursecrets.ConjurSecretCredentialImplTest)] DEBUG org.eclipse.jetty.util.component.AbstractLifeCycle -- starting ManagedSelector@45517d96{STOPPED} id=1 keys=-1 selected=-1 updates=0
18:14:25.612 [Executing testGetSecretContextNotNullAndStoreContextNotNull(org.conjur.jenkins.conjursecrets.ConjurSecretCredentialImplTest)] DEBUG org.eclipse.jetty.util.component.AbstractLifeCycle -- starting EatWhatYouKill@790e7215/SelectorProducer@6df69485/IDLE/p=false/QueuedThreadPool[Jetty (JenkinsRule)]@4ce6dca1{STARTED,8<=8<=200,i=7,r=-1,q=0}[ReservedThreadExecutor@62e6c131{reserved=0/16,pending=0}][pc=0,pic=0,pec=0,epc=0]@2024-10-22T18:14:25.612685+05:30
18:14:25.612 [Executing testGetSecretContextNotNullAndStoreContextNotNull(org.conjur.jenkins.conjursecrets.ConjurSecretCredentialImplTest)] DEBUG org.eclipse.jetty.util.component.AbstractLifeCycle -- STARTED @16170ms EatWhatYouKill@790e7215/SelectorProducer@6df69485/IDLE/p=false/QueuedThreadPool[Jetty (JenkinsRule)]@4ce6dca1{STARTED,8<=8<=200,i=7,r=-1,q=0}[ReservedThreadExecutor@62e6c131{reserved=0/16,pending=0}][pc=0,pic=0,pec=0,epc=0]@2024-10-22T18:14:25.612828+05:30
18:14:25.612 [Executing testGetSecretContextNotNullAndStoreContextNotNull(org.conjur.jenkins.conjursecrets.ConjurSecretCredentialImplTest)] DEBUG org.eclipse.jetty.util.thread.QueuedThreadPool -- queue org.eclipse.jetty.io.ManagedSelector$$Lambda$424/0x00000001333325e0@16035edd startThread=0
18:14:25.612 [Executing testGetSecretContextNotNullAndStoreContextNotNull(org.conjur.jenkins.conjursecrets.ConjurSecretCredentialImplTest)] DEBUG org.eclipse.jetty.io.ManagedSelector -- Queued change lazy=false org.eclipse.jetty.io.ManagedSelector$Start@58022da9 on ManagedSelector@45517d96{STARTING} id=1 keys=0 selected=0 updates=0
18:14:25.613 [Jetty (JenkinsRule)-234] DEBUG org.eclipse.jetty.util.thread.QueuedThreadPool -- run org.eclipse.jetty.io.ManagedSelector$$Lambda$424/0x00000001333325e0@16035edd in QueuedThreadPool[Jetty (JenkinsRule)]@4ce6dca1{STARTED,8<=8<=200,i=6,r=-1,q=0}[ReservedThreadExecutor@62e6c131{reserved=0/16,pending=0}]
18:14:25.613 [Jetty (JenkinsRule)-234] DEBUG org.eclipse.jetty.util.thread.strategy.EatWhatYouKill -- EatWhatYouKill@790e7215/SelectorProducer@6df69485/IDLE/p=false/QueuedThreadPool[Jetty (JenkinsRule)]@4ce6dca1{STARTED,8<=8<=200,i=6,r=-1,q=0}[ReservedThreadExecutor@62e6c131{reserved=0/16,pending=0}][pc=0,pic=0,pec=0,epc=0]@2024-10-22T18:14:25.613095+05:30 tryProduce false
18:14:25.613 [Jetty (JenkinsRule)-234] DEBUG org.eclipse.jetty.io.ManagedSelector -- updateable 1
18:14:25.613 [Jetty (JenkinsRule)-234] DEBUG org.eclipse.jetty.io.ManagedSelector -- update org.eclipse.jetty.io.ManagedSelector$Start@58022da9
18:14:25.613 [Jetty (JenkinsRule)-234] DEBUG org.eclipse.jetty.io.ManagedSelector -- updates 0
18:14:25.613 [Jetty (JenkinsRule)-234] DEBUG org.eclipse.jetty.io.ManagedSelector -- Selector sun.nio.ch.KQueueSelectorImpl@16463021 waiting with 0 keys
18:14:25.613 [Executing testGetSecretContextNotNullAndStoreContextNotNull(org.conjur.jenkins.conjursecrets.ConjurSecretCredentialImplTest)] DEBUG org.eclipse.jetty.util.component.AbstractLifeCycle -- STARTED @16170ms ManagedSelector@45517d96{STARTED} id=1 keys=0 selected=0 updates=0
18:14:25.613 [Executing testGetSecretContextNotNullAndStoreContextNotNull(org.conjur.jenkins.conjursecrets.ConjurSecretCredentialImplTest)] DEBUG org.eclipse.jetty.util.component.AbstractLifeCycle -- starting ManagedSelector@689eb0e7{STOPPED} id=2 keys=-1 selected=-1 updates=0
18:14:25.613 [Executing testGetSecretContextNotNullAndStoreContextNotNull(org.conjur.jenkins.conjursecrets.ConjurSecretCredentialImplTest)] DEBUG org.eclipse.jetty.util.component.AbstractLifeCycle -- starting EatWhatYouKill@3b811b43/SelectorProducer@311558fc/IDLE/p=false/QueuedThreadPool[Jetty (JenkinsRule)]@4ce6dca1{STARTED,8<=8<=200,i=6,r=-1,q=0}[ReservedThreadExecutor@62e6c131{reserved=0/16,pending=0}][pc=0,pic=0,pec=0,epc=0]@2024-10-22T18:14:25.613385+05:30
18:14:25.613 [Executing testGetSecretContextNotNullAndStoreContextNotNull(org.conjur.jenkins.conjursecrets.ConjurSecretCredentialImplTest)] DEBUG org.eclipse.jetty.util.component.AbstractLifeCycle -- STARTED @16171ms EatWhatYouKill@3b811b43/SelectorProducer@311558fc/IDLE/p=false/QueuedThreadPool[Jetty (JenkinsRule)]@4ce6dca1{STARTED,8<=8<=200,i=6,r=-1,q=0}[ReservedThreadExecutor@62e6c131{reserved=0/16,pending=0}][pc=0,pic=0,pec=0,epc=0]@2024-10-22T18:14:25.613464+05:30
18:14:25.613 [Executing testGetSecretContextNotNullAndStoreContextNotNull(org.conjur.jenkins.conjursecrets.ConjurSecretCredentialImplTest)] DEBUG org.eclipse.jetty.util.thread.QueuedThreadPool -- queue org.eclipse.jetty.io.ManagedSelector$$Lambda$424/0x00000001333325e0@22a77872 startThread=0
18:14:25.613 [Executing testGetSecretContextNotNullAndStoreContextNotNull(org.conjur.jenkins.conjursecrets.ConjurSecretCredentialImplTest)] DEBUG org.eclipse.jetty.io.ManagedSelector -- Queued change lazy=false org.eclipse.jetty.io.ManagedSelector$Start@29d980ae on ManagedSelector@689eb0e7{STARTING} id=2 keys=0 selected=0 updates=0
18:14:25.613 [Jetty (JenkinsRule)-235] DEBUG org.eclipse.jetty.util.thread.QueuedThreadPool -- run org.eclipse.jetty.io.ManagedSelector$$Lambda$424/0x00000001333325e0@22a77872 in QueuedThreadPool[Jetty (JenkinsRule)]@4ce6dca1{STARTED,8<=8<=200,i=5,r=-1,q=0}[ReservedThreadExecutor@62e6c131{reserved=0/16,pending=0}]
18:14:25.613 [Jetty (JenkinsRule)-235] DEBUG org.eclipse.jetty.util.thread.strategy.EatWhatYouKill -- EatWhatYouKill@3b811b43/SelectorProducer@311558fc/IDLE/p=false/QueuedThreadPool[Jetty (JenkinsRule)]@4ce6dca1{STARTED,8<=8<=200,i=5,r=-1,q=0}[ReservedThreadExecutor@62e6c131{reserved=0/16,pending=0}][pc=0,pic=0,pec=0,epc=0]@2024-10-22T18:14:25.613697+05:30 tryProduce false
18:14:25.613 [Jetty (JenkinsRule)-235] DEBUG org.eclipse.jetty.io.ManagedSelector -- updateable 1
18:14:25.613 [Jetty (JenkinsRule)-235] DEBUG org.eclipse.jetty.io.ManagedSelector -- update org.eclipse.jetty.io.ManagedSelector$Start@29d980ae
18:14:25.613 [Jetty (JenkinsRule)-235] DEBUG org.eclipse.jetty.io.ManagedSelector -- updates 0
18:14:25.613 [Jetty (JenkinsRule)-235] DEBUG org.eclipse.jetty.io.ManagedSelector -- Selector sun.nio.ch.KQueueSelectorImpl@6b6f3d89 waiting with 0 keys
18:14:25.613 [Executing testGetSecretContextNotNullAndStoreContextNotNull(org.conjur.jenkins.conjursecrets.ConjurSecretCredentialImplTest)] DEBUG org.eclipse.jetty.util.component.AbstractLifeCycle -- STARTED @16171ms ManagedSelector@689eb0e7{STARTED} id=2 keys=0 selected=0 updates=0
18:14:25.613 [Executing testGetSecretContextNotNullAndStoreContextNotNull(org.conjur.jenkins.conjursecrets.ConjurSecretCredentialImplTest)] DEBUG org.eclipse.jetty.util.component.AbstractLifeCycle -- starting ManagedSelector@e4ce9c6{STOPPED} id=3 keys=-1 selected=-1 updates=0
18:14:25.613 [Executing testGetSecretContextNotNullAndStoreContextNotNull(org.conjur.jenkins.conjursecrets.ConjurSecretCredentialImplTest)] DEBUG org.eclipse.jetty.util.component.AbstractLifeCycle -- starting EatWhatYouKill@266dddaf/SelectorProducer@15059122/IDLE/p=false/QueuedThreadPool[Jetty (JenkinsRule)]@4ce6dca1{STARTED,8<=8<=200,i=5,r=-1,q=0}[ReservedThreadExecutor@62e6c131{reserved=0/16,pending=0}][pc=0,pic=0,pec=0,epc=0]@2024-10-22T18:14:25.613972+05:30
18:14:25.614 [Executing testGetSecretContextNotNullAndStoreContextNotNull(org.conjur.jenkins.conjursecrets.ConjurSecretCredentialImplTest)] DEBUG org.eclipse.jetty.util.component.AbstractLifeCycle -- STARTED @16171ms EatWhatYouKill@266dddaf/SelectorProducer@15059122/IDLE/p=false/QueuedThreadPool[Jetty (JenkinsRule)]@4ce6dca1{STARTED,8<=8<=200,i=5,r=-1,q=0}[ReservedThreadExecutor@62e6c131{reserved=0/16,pending=0}][pc=0,pic=0,pec=0,epc=0]@2024-10-22T18:14:25.614083+05:30
18:14:25.614 [Executing testGetSecretContextNotNullAndStoreContextNotNull(org.conjur.jenkins.conjursecrets.ConjurSecretCredentialImplTest)] DEBUG org.eclipse.jetty.util.thread.QueuedThreadPool -- queue org.eclipse.jetty.io.ManagedSelector$$Lambda$424/0x00000001333325e0@2520c6fe startThread=0
18:14:25.614 [Executing testGetSecretContextNotNullAndStoreContextNotNull(org.conjur.jenkins.conjursecrets.ConjurSecretCredentialImplTest)] DEBUG org.eclipse.jetty.io.ManagedSelector -- Queued change lazy=false org.eclipse.jetty.io.ManagedSelector$Start@6c86c896 on ManagedSelector@e4ce9c6{STARTING} id=3 keys=0 selected=0 updates=0
18:14:25.614 [Jetty (JenkinsRule)-236] DEBUG org.eclipse.jetty.util.thread.QueuedThreadPool -- run org.eclipse.jetty.io.ManagedSelector$$Lambda$424/0x00000001333325e0@2520c6fe in QueuedThreadPool[Jetty (JenkinsRule)]@4ce6dca1{STARTED,8<=8<=200,i=4,r=-1,q=0}[ReservedThreadExecutor@62e6c131{reserved=0/16,pending=0}]
18:14:25.614 [Jetty (JenkinsRule)-236] DEBUG org.eclipse.jetty.util.thread.strategy.EatWhatYouKill -- EatWhatYouKill@266dddaf/SelectorProducer@15059122/IDLE/p=false/QueuedThreadPool[Jetty (JenkinsRule)]@4ce6dca1{STARTED,8<=8<=200,i=4,r=-1,q=0}[ReservedThreadExecutor@62e6c131{reserved=0/16,pending=0}][pc=0,pic=0,pec=0,epc=0]@2024-10-22T18:14:25.614322+05:30 tryProduce false
18:14:25.614 [Jetty (JenkinsRule)-236] DEBUG org.eclipse.jetty.io.ManagedSelector -- updateable 1
18:14:25.614 [Jetty (JenkinsRule)-236] DEBUG org.eclipse.jetty.io.ManagedSelector -- update org.eclipse.jetty.io.ManagedSelector$Start@6c86c896
18:14:25.614 [Jetty (JenkinsRule)-236] DEBUG org.eclipse.jetty.io.ManagedSelector -- updates 0
18:14:25.614 [Jetty (JenkinsRule)-236] DEBUG org.eclipse.jetty.io.ManagedSelector -- Selector sun.nio.ch.KQueueSelectorImpl@536dea2e waiting with 0 keys
18:14:25.614 [Executing testGetSecretContextNotNullAndStoreContextNotNull(org.conjur.jenkins.conjursecrets.ConjurSecretCredentialImplTest)] DEBUG org.eclipse.jetty.util.component.AbstractLifeCycle -- STARTED @16172ms ManagedSelector@e4ce9c6{STARTED} id=3 keys=0 selected=0 updates=0
18:14:25.614 [Executing testGetSecretContextNotNullAndStoreContextNotNull(org.conjur.jenkins.conjursecrets.ConjurSecretCredentialImplTest)] DEBUG org.eclipse.jetty.util.component.AbstractLifeCycle -- starting ManagedSelector@623548c0{STOPPED} id=4 keys=-1 selected=-1 updates=0
18:14:25.614 [Executing testGetSecretContextNotNullAndStoreContextNotNull(org.conjur.jenkins.conjursecrets.ConjurSecretCredentialImplTest)] DEBUG org.eclipse.jetty.util.component.AbstractLifeCycle -- starting EatWhatYouKill@13487960/SelectorProducer@5b005e03/IDLE/p=false/QueuedThreadPool[Jetty (JenkinsRule)]@4ce6dca1{STARTED,8<=8<=200,i=4,r=-1,q=0}[ReservedThreadExecutor@62e6c131{reserved=0/16,pending=0}][pc=0,pic=0,pec=0,epc=0]@2024-10-22T18:14:25.614575+05:30
18:14:25.614 [Executing testGetSecretContextNotNullAndStoreContextNotNull(org.conjur.jenkins.conjursecrets.ConjurSecretCredentialImplTest)] DEBUG org.eclipse.jetty.util.component.AbstractLifeCycle -- STARTED @16172ms EatWhatYouKill@13487960/SelectorProducer@5b005e03/IDLE/p=false/QueuedThreadPool[Jetty (JenkinsRule)]@4ce6dca1{STARTED,8<=8<=200,i=4,r=-1,q=0}[ReservedThreadExecutor@62e6c131{reserved=0/16,pending=0}][pc=0,pic=0,pec=0,epc=0]@2024-10-22T18:14:25.614652+05:30
18:14:25.614 [Executing testGetSecretContextNotNullAndStoreContextNotNull(org.conjur.jenkins.conjursecrets.ConjurSecretCredentialImplTest)] DEBUG org.eclipse.jetty.util.thread.QueuedThreadPool -- queue org.eclipse.jetty.io.ManagedSelector$$Lambda$424/0x00000001333325e0@75fb599c startThread=0
18:14:25.614 [Executing testGetSecretContextNotNullAndStoreContextNotNull(org.conjur.jenkins.conjursecrets.ConjurSecretCredentialImplTest)] DEBUG org.eclipse.jetty.io.ManagedSelector -- Queued change lazy=false org.eclipse.jetty.io.ManagedSelector$Start@10c26b7d on ManagedSelector@623548c0{STARTING} id=4 keys=0 selected=0 updates=0
18:14:25.614 [Jetty (JenkinsRule)-237] DEBUG org.eclipse.jetty.util.thread.QueuedThreadPool -- run org.eclipse.jetty.io.ManagedSelector$$Lambda$424/0x00000001333325e0@75fb599c in QueuedThreadPool[Jetty (JenkinsRule)]@4ce6dca1{STARTED,8<=8<=200,i=3,r=-1,q=0}[ReservedThreadExecutor@62e6c131{reserved=0/16,pending=0}]
18:14:25.614 [Jetty (JenkinsRule)-237] DEBUG org.eclipse.jetty.util.thread.strategy.EatWhatYouKill -- EatWhatYouKill@13487960/SelectorProducer@5b005e03/IDLE/p=false/QueuedThreadPool[Jetty (JenkinsRule)]@4ce6dca1{STARTED,8<=8<=200,i=3,r=-1,q=0}[ReservedThreadExecutor@62e6c131{reserved=0/16,pending=0}][pc=0,pic=0,pec=0,epc=0]@2024-10-22T18:14:25.61487+05:30 tryProduce false
18:14:25.614 [Jetty (JenkinsRule)-237] DEBUG org.eclipse.jetty.io.ManagedSelector -- updateable 1
18:14:25.614 [Jetty (JenkinsRule)-237] DEBUG org.eclipse.jetty.io.ManagedSelector -- update org.eclipse.jetty.io.ManagedSelector$Start@10c26b7d
18:14:25.614 [Jetty (JenkinsRule)-237] DEBUG org.eclipse.jetty.io.ManagedSelector -- updates 0
18:14:25.615 [Executing testGetSecretContextNotNullAndStoreContextNotNull(org.conjur.jenkins.conjursecrets.ConjurSecretCredentialImplTest)] DEBUG org.eclipse.jetty.util.component.AbstractLifeCycle -- STARTED @16172ms ManagedSelector@623548c0{STARTED} id=4 keys=0 selected=0 updates=0
18:14:25.615 [Jetty (JenkinsRule)-237] DEBUG org.eclipse.jetty.io.ManagedSelector -- Selector sun.nio.ch.KQueueSelectorImpl@4adb0434 waiting with 0 keys
18:14:25.615 [Executing testGetSecretContextNotNullAndStoreContextNotNull(org.conjur.jenkins.conjursecrets.ConjurSecretCredentialImplTest)] DEBUG org.eclipse.jetty.util.component.AbstractLifeCycle -- starting ManagedSelector@2a4d9df{STOPPED} id=5 keys=-1 selected=-1 updates=0
18:14:25.615 [Executing testGetSecretContextNotNullAndStoreContextNotNull(org.conjur.jenkins.conjursecrets.ConjurSecretCredentialImplTest)] DEBUG org.eclipse.jetty.util.component.AbstractLifeCycle -- starting EatWhatYouKill@b5e9f99/SelectorProducer@5b8d64eb/IDLE/p=false/QueuedThreadPool[Jetty (JenkinsRule)]@4ce6dca1{STARTED,8<=8<=200,i=3,r=-1,q=0}[ReservedThreadExecutor@62e6c131{reserved=0/16,pending=0}][pc=0,pic=0,pec=0,epc=0]@2024-10-22T18:14:25.615136+05:30
18:14:25.615 [Executing testGetSecretContextNotNullAndStoreContextNotNull(org.conjur.jenkins.conjursecrets.ConjurSecretCredentialImplTest)] DEBUG org.eclipse.jetty.util.component.AbstractLifeCycle -- STARTED @16172ms EatWhatYouKill@b5e9f99/SelectorProducer@5b8d64eb/IDLE/p=false/QueuedThreadPool[Jetty (JenkinsRule)]@4ce6dca1{STARTED,8<=8<=200,i=3,r=-1,q=0}[ReservedThreadExecutor@62e6c131{reserved=0/16,pending=0}][pc=0,pic=0,pec=0,epc=0]@2024-10-22T18:14:25.615211+05:30
18:14:25.615 [Executing testGetSecretContextNotNullAndStoreContextNotNull(org.conjur.jenkins.conjursecrets.ConjurSecretCredentialImplTest)] DEBUG org.eclipse.jetty.util.thread.QueuedThreadPool -- queue org.eclipse.jetty.io.ManagedSelector$$Lambda$424/0x00000001333325e0@33f648ad startThread=0
18:14:25.615 [Executing testGetSecretContextNotNullAndStoreContextNotNull(org.conjur.jenkins.conjursecrets.ConjurSecretCredentialImplTest)] DEBUG org.eclipse.jetty.io.ManagedSelector -- Queued change lazy=false org.eclipse.jetty.io.ManagedSelector$Start@69eef43d on ManagedSelector@2a4d9df{STARTING} id=5 keys=0 selected=0 updates=0
18:14:25.615 [Jetty (JenkinsRule)-238] DEBUG org.eclipse.jetty.util.thread.QueuedThreadPool -- run org.eclipse.jetty.io.ManagedSelector$$Lambda$424/0x00000001333325e0@33f648ad in QueuedThreadPool[Jetty (JenkinsRule)]@4ce6dca1{STARTED,8<=8<=200,i=2,r=-1,q=0}[ReservedThreadExecutor@62e6c131{reserved=0/16,pending=0}]
18:14:25.615 [Jetty (JenkinsRule)-238] DEBUG org.eclipse.jetty.util.thread.strategy.EatWhatYouKill -- EatWhatYouKill@b5e9f99/SelectorProducer@5b8d64eb/IDLE/p=false/QueuedThreadPool[Jetty (JenkinsRule)]@4ce6dca1{STARTED,8<=8<=200,i=2,r=-1,q=0}[ReservedThreadExecutor@62e6c131{reserved=0/16,pending=0}][pc=0,pic=0,pec=0,epc=0]@2024-10-22T18:14:25.615428+05:30 tryProduce false
18:14:25.615 [Jetty (JenkinsRule)-238] DEBUG org.eclipse.jetty.io.ManagedSelector -- updateable 1
18:14:25.615 [Jetty (JenkinsRule)-238] DEBUG org.eclipse.jetty.io.ManagedSelector -- update org.eclipse.jetty.io.ManagedSelector$Start@69eef43d
18:14:25.615 [Jetty (JenkinsRule)-238] DEBUG org.eclipse.jetty.io.ManagedSelector -- updates 0
18:14:25.615 [Jetty (JenkinsRule)-238] DEBUG org.eclipse.jetty.io.ManagedSelector -- Selector sun.nio.ch.KQueueSelectorImpl@42600771 waiting with 0 keys
18:14:25.615 [Executing testGetSecretContextNotNullAndStoreContextNotNull(org.conjur.jenkins.conjursecrets.ConjurSecretCredentialImplTest)] DEBUG org.eclipse.jetty.util.component.AbstractLifeCycle -- STARTED @16173ms ManagedSelector@2a4d9df{STARTED} id=5 keys=0 selected=0 updates=0
18:14:25.615 [Executing testGetSecretContextNotNullAndStoreContextNotNull(org.conjur.jenkins.conjursecrets.ConjurSecretCredentialImplTest)] DEBUG org.eclipse.jetty.util.component.AbstractLifeCycle -- starting ManagedSelector@5d88ef1{STOPPED} id=6 keys=-1 selected=-1 updates=0
18:14:25.615 [Executing testGetSecretContextNotNullAndStoreContextNotNull(org.conjur.jenkins.conjursecrets.ConjurSecretCredentialImplTest)] DEBUG org.eclipse.jetty.util.component.AbstractLifeCycle -- starting EatWhatYouKill@4a1ff203/SelectorProducer@35420e8e/IDLE/p=false/QueuedThreadPool[Jetty (JenkinsRule)]@4ce6dca1{STARTED,8<=8<=200,i=2,r=-1,q=0}[ReservedThreadExecutor@62e6c131{reserved=0/16,pending=0}][pc=0,pic=0,pec=0,epc=0]@2024-10-22T18:14:25.615691+05:30
18:14:25.615 [Executing testGetSecretContextNotNullAndStoreContextNotNull(org.conjur.jenkins.conjursecrets.ConjurSecretCredentialImplTest)] DEBUG org.eclipse.jetty.util.component.AbstractLifeCycle -- STARTED @16173ms EatWhatYouKill@4a1ff203/SelectorProducer@35420e8e/IDLE/p=false/QueuedThreadPool[Jetty (JenkinsRule)]@4ce6dca1{STARTED,8<=8<=200,i=2,r=-1,q=0}[ReservedThreadExecutor@62e6c131{reserved=0/16,pending=0}][pc=0,pic=0,pec=0,epc=0]@2024-10-22T18:14:25.615772+05:30
18:14:25.615 [Executing testGetSecretContextNotNullAndStoreContextNotNull(org.conjur.jenkins.conjursecrets.ConjurSecretCredentialImplTest)] DEBUG org.eclipse.jetty.util.thread.QueuedThreadPool -- queue org.eclipse.jetty.io.ManagedSelector$$Lambda$424/0x00000001333325e0@46f66725 startThread=0
18:14:25.615 [Executing testGetSecretContextNotNullAndStoreContextNotNull(org.conjur.jenkins.conjursecrets.ConjurSecretCredentialImplTest)] DEBUG org.eclipse.jetty.io.ManagedSelector -- Queued change lazy=false org.eclipse.jetty.io.ManagedSelector$Start@456c6505 on ManagedSelector@5d88ef1{STARTING} id=6 keys=0 selected=0 updates=0
18:14:25.615 [Jetty (JenkinsRule)-239] DEBUG org.eclipse.jetty.util.thread.QueuedThreadPool -- run org.eclipse.jetty.io.ManagedSelector$$Lambda$424/0x00000001333325e0@46f66725 in QueuedThreadPool[Jetty (JenkinsRule)]@4ce6dca1{STARTED,8<=8<=200,i=1,r=-1,q=0}[ReservedThreadExecutor@62e6c131{reserved=0/16,pending=0}]
18:14:25.616 [Jetty (JenkinsRule)-239] DEBUG org.eclipse.jetty.util.thread.strategy.EatWhatYouKill -- EatWhatYouKill@4a1ff203/SelectorProducer@35420e8e/IDLE/p=false/QueuedThreadPool[Jetty (JenkinsRule)]@4ce6dca1{STARTED,8<=8<=200,i=1,r=-1,q=0}[ReservedThreadExecutor@62e6c131{reserved=0/16,pending=0}][pc=0,pic=0,pec=0,epc=0]@2024-10-22T18:14:25.615986+05:30 tryProduce false
18:14:25.616 [Jetty (JenkinsRule)-239] DEBUG org.eclipse.jetty.io.ManagedSelector -- updateable 1
18:14:25.616 [Jetty (JenkinsRule)-239] DEBUG org.eclipse.jetty.io.ManagedSelector -- update org.eclipse.jetty.io.ManagedSelector$Start@456c6505
18:14:25.616 [Jetty (JenkinsRule)-239] DEBUG org.eclipse.jetty.io.ManagedSelector -- updates 0
18:14:25.616 [Jetty (JenkinsRule)-239] DEBUG org.eclipse.jetty.io.ManagedSelector -- Selector sun.nio.ch.KQueueSelectorImpl@693a7a47 waiting with 0 keys
18:14:25.616 [Executing testGetSecretContextNotNullAndStoreContextNotNull(org.conjur.jenkins.conjursecrets.ConjurSecretCredentialImplTest)] DEBUG org.eclipse.jetty.util.component.AbstractLifeCycle -- STARTED @16173ms ManagedSelector@5d88ef1{STARTED} id=6 keys=0 selected=0 updates=0
18:14:25.616 [Executing testGetSecretContextNotNullAndStoreContextNotNull(org.conjur.jenkins.conjursecrets.ConjurSecretCredentialImplTest)] DEBUG org.eclipse.jetty.util.component.AbstractLifeCycle -- starting ManagedSelector@31bfee0a{STOPPED} id=7 keys=-1 selected=-1 updates=0
18:14:25.616 [Executing testGetSecretContextNotNullAndStoreContextNotNull(org.conjur.jenkins.conjursecrets.ConjurSecretCredentialImplTest)] DEBUG org.eclipse.jetty.util.component.AbstractLifeCycle -- starting EatWhatYouKill@2116d5b4/SelectorProducer@142cb47f/IDLE/p=false/QueuedThreadPool[Jetty (JenkinsRule)]@4ce6dca1{STARTED,8<=8<=200,i=1,r=-1,q=0}[ReservedThreadExecutor@62e6c131{reserved=0/16,pending=0}][pc=0,pic=0,pec=0,epc=0]@2024-10-22T18:14:25.616294+05:30
18:14:25.616 [Executing testGetSecretContextNotNullAndStoreContextNotNull(org.conjur.jenkins.conjursecrets.ConjurSecretCredentialImplTest)] DEBUG org.eclipse.jetty.util.component.AbstractLifeCycle -- STARTED @16174ms EatWhatYouKill@2116d5b4/SelectorProducer@142cb47f/IDLE/p=false/QueuedThreadPool[Jetty (JenkinsRule)]@4ce6dca1{STARTED,8<=8<=200,i=1,r=-1,q=0}[ReservedThreadExecutor@62e6c131{reserved=0/16,pending=0}][pc=0,pic=0,pec=0,epc=0]@2024-10-22T18:14:25.616372+05:30
18:14:25.616 [Executing testGetSecretContextNotNullAndStoreContextNotNull(org.conjur.jenkins.conjursecrets.ConjurSecretCredentialImplTest)] DEBUG org.eclipse.jetty.util.thread.QueuedThreadPool -- queue org.eclipse.jetty.io.ManagedSelector$$Lambda$424/0x00000001333325e0@445eee25 startThread=0
18:14:25.616 [Executing testGetSecretContextNotNullAndStoreContextNotNull(org.conjur.jenkins.conjursecrets.ConjurSecretCredentialImplTest)] DEBUG org.eclipse.jetty.io.ManagedSelector -- Queued change lazy=false org.eclipse.jetty.io.ManagedSelector$Start@5a8fb58f on ManagedSelector@31bfee0a{STARTING} id=7 keys=0 selected=0 updates=0
18:14:25.616 [Jetty (JenkinsRule)-240] DEBUG org.eclipse.jetty.util.thread.QueuedThreadPool -- run org.eclipse.jetty.io.ManagedSelector$$Lambda$424/0x00000001333325e0@445eee25 in QueuedThreadPool[Jetty (JenkinsRule)]@4ce6dca1{STARTED,8<=8<=200,i=0,r=-1,q=0}[ReservedThreadExecutor@62e6c131{reserved=0/16,pending=0}]
18:14:25.616 [Jetty (JenkinsRule)-240] DEBUG org.eclipse.jetty.util.thread.strategy.EatWhatYouKill -- EatWhatYouKill@2116d5b4/SelectorProducer@142cb47f/IDLE/p=false/QueuedThreadPool[Jetty (JenkinsRule)]@4ce6dca1{STARTED,8<=8<=200,i=0,r=-1,q=0}[ReservedThreadExecutor@62e6c131{reserved=0/16,pending=0}][pc=0,pic=0,pec=0,epc=0]@2024-10-22T18:14:25.616599+05:30 tryProduce false
18:14:25.616 [Jetty (JenkinsRule)-240] DEBUG org.eclipse.jetty.io.ManagedSelector -- updateable 1
18:14:25.616 [Jetty (JenkinsRule)-240] DEBUG org.eclipse.jetty.io.ManagedSelector -- update org.eclipse.jetty.io.ManagedSelector$Start@5a8fb58f
18:14:25.616 [Jetty (JenkinsRule)-240] DEBUG org.eclipse.jetty.io.ManagedSelector -- updates 0
18:14:25.616 [Jetty (JenkinsRule)-240] DEBUG org.eclipse.jetty.io.ManagedSelector -- Selector sun.nio.ch.KQueueSelectorImpl@7784c84b waiting with 0 keys
18:14:25.616 [Executing testGetSecretContextNotNullAndStoreContextNotNull(org.conjur.jenkins.conjursecrets.ConjurSecretCredentialImplTest)] DEBUG org.eclipse.jetty.util.component.AbstractLifeCycle -- STARTED @16174ms ManagedSelector@31bfee0a{STARTED} id=7 keys=0 selected=0 updates=0
18:14:25.616 [Executing testGetSecretContextNotNullAndStoreContextNotNull(org.conjur.jenkins.conjursecrets.ConjurSecretCredentialImplTest)] DEBUG org.eclipse.jetty.util.component.AbstractLifeCycle -- STARTED @16174ms SelectorManager@ServerConnector@15703fa4{HTTP/1.1, (http/1.1)}{localhost:51426}
18:14:25.616 [Executing testGetSecretContextNotNullAndStoreContextNotNull(org.conjur.jenkins.conjursecrets.ConjurSecretCredentialImplTest)] DEBUG org.eclipse.jetty.util.component.ContainerLifeCycle -- ServerConnector@15703fa4{HTTP/1.1, (http/1.1)}{localhost:51426} added {acceptor-0@2f352eb4,POJO}
18:14:25.616 [Executing testGetSecretContextNotNullAndStoreContextNotNull(org.conjur.jenkins.conjursecrets.ConjurSecretCredentialImplTest)] DEBUG org.eclipse.jetty.util.thread.QueuedThreadPool -- queue acceptor-0@2f352eb4 startThread=1
18:14:25.616 [Executing testGetSecretContextNotNullAndStoreContextNotNull(org.conjur.jenkins.conjursecrets.ConjurSecretCredentialImplTest)] DEBUG org.eclipse.jetty.util.thread.QueuedThreadPool -- Starting Thread[Jetty (JenkinsRule)-242,5,main]
18:14:25.617 [Executing testGetSecretContextNotNullAndStoreContextNotNull(org.conjur.jenkins.conjursecrets.ConjurSecretCredentialImplTest)] DEBUG org.eclipse.jetty.util.component.ContainerLifeCycle -- ServerConnector@15703fa4{HTTP/1.1, (http/1.1)}{localhost:51426} added {acceptor-1@3a4bdac3,POJO}
18:14:25.617 [Executing testGetSecretContextNotNullAndStoreContextNotNull(org.conjur.jenkins.conjursecrets.ConjurSecretCredentialImplTest)] DEBUG org.eclipse.jetty.util.thread.QueuedThreadPool -- queue acceptor-1@3a4bdac3 startThread=1
18:14:25.617 [Jetty (JenkinsRule)-242] DEBUG org.eclipse.jetty.util.thread.QueuedThreadPool -- Runner started for QueuedThreadPool[Jetty (JenkinsRule)]@4ce6dca1{STARTED,8<=9<=200,i=0,r=-1,q=0}[ReservedThreadExecutor@62e6c131{reserved=0/16,pending=0}]
18:14:25.617 [Executing testGetSecretContextNotNullAndStoreContextNotNull(org.conjur.jenkins.conjursecrets.ConjurSecretCredentialImplTest)] DEBUG org.eclipse.jetty.util.thread.QueuedThreadPool -- Starting Thread[Jetty (JenkinsRule)-243,5,main]
18:14:25.617 [Jetty (JenkinsRule)-242] DEBUG org.eclipse.jetty.util.thread.QueuedThreadPool -- run acceptor-0@2f352eb4 in QueuedThreadPool[Jetty (JenkinsRule)]@4ce6dca1{STARTED,8<=10<=200,i=0,r=-1,q=0}[ReservedThreadExecutor@62e6c131{reserved=0/16,pending=0}]
18:14:25.617 [Executing testGetSecretContextNotNullAndStoreContextNotNull(org.conjur.jenkins.conjursecrets.ConjurSecretCredentialImplTest)] INFO org.eclipse.jetty.server.AbstractConnector -- Started ServerConnector@15703fa4{HTTP/1.1, (http/1.1)}{localhost:51426}
18:14:25.617 [Jetty (JenkinsRule)-243] DEBUG org.eclipse.jetty.util.thread.QueuedThreadPool -- Runner started for QueuedThreadPool[Jetty (JenkinsRule)]@4ce6dca1{STARTED,8<=10<=200,i=0,r=-1,q=0}[ReservedThreadExecutor@62e6c131{reserved=0/16,pending=0}]
18:14:25.617 [Jetty (JenkinsRule)-243] DEBUG org.eclipse.jetty.util.thread.QueuedThreadPool -- run acceptor-1@3a4bdac3 in QueuedThreadPool[Jetty (JenkinsRule)]@4ce6dca1{STARTED,8<=10<=200,i=0,r=-1,q=0}[ReservedThreadExecutor@62e6c131{reserved=0/16,pending=0}]
18:14:25.617 [Executing testGetSecretContextNotNullAndStoreContextNotNull(org.conjur.jenkins.conjursecrets.ConjurSecretCredentialImplTest)] DEBUG org.eclipse.jetty.util.component.AbstractLifeCycle -- STARTED @16175ms ServerConnector@15703fa4{HTTP/1.1, (http/1.1)}{localhost:51426}
18:14:25.617 [Executing testGetSecretContextNotNullAndStoreContextNotNull(org.conjur.jenkins.conjursecrets.ConjurSecretCredentialImplTest)] INFO org.eclipse.jetty.server.Server -- Started @16175ms
18:14:25.617 [Executing testGetSecretContextNotNullAndStoreContextNotNull(org.conjur.jenkins.conjursecrets.ConjurSecretCredentialImplTest)] DEBUG org.eclipse.jetty.util.component.AbstractLifeCycle -- STARTED @16175ms Server@461eb7d1{STARTED}[9.4.48.v20220622]
18:14:25.684 [Executing testGetSecretContextNotNullAndStoreContextNotNull(org.conjur.jenkins.conjursecrets.ConjurSecretCredentialImplTest)] DEBUG org.apache.commons.discovery.resource.names.DiscoverNamesInFile -- find: serviceName = 'META-INF/services/org.kohsuke.stapler.Facet'
18:14:25.684 [Executing testGetSecretContextNotNullAndStoreContextNotNull(org.conjur.jenkins.conjursecrets.ConjurSecretCredentialImplTest)] DEBUG org.apache.commons.discovery.resource.DiscoverResources -- find: resourceName='META-INF/services/org.kohsuke.stapler.Facet'
18:14:25.684 [Executing testGetSecretContextNotNullAndStoreContextNotNull(org.conjur.jenkins.conjursecrets.ConjurSecretCredentialImplTest)] DEBUG org.apache.commons.discovery.resource.DiscoverResources -- getNextResources: search using ClassLoader 'jdk.internal.loader.ClassLoaders$AppClassLoader@5ffd2b27'
18:14:25.684 [Executing testGetSecretContextNotNullAndStoreContextNotNull(org.conjur.jenkins.conjursecrets.ConjurSecretCredentialImplTest)] DEBUG org.apache.commons.discovery.resource.DiscoverResources -- getNextResource: next URL='jar:file:/Users/sameer.shaik/.m2/repository/org/kohsuke/stapler/stapler-groovy/1669.v95a_4b_919a_b_a_2/stapler-groovy-1669.v95a_4b_919a_b_a_2.jar!/META-INF/services/org.kohsuke.stapler.Facet'
18:14:25.684 [Executing testGetSecretContextNotNullAndStoreContextNotNull(org.conjur.jenkins.conjursecrets.ConjurSecretCredentialImplTest)] DEBUG org.apache.commons.discovery.resource.names.DiscoverNamesInFile -- getNextClassResource: next class='org.kohsuke.stapler.jelly.groovy.GroovyFacet'
18:14:25.685 [Executing testGetSecretContextNotNullAndStoreContextNotNull(org.conjur.jenkins.conjursecrets.ConjurSecretCredentialImplTest)] DEBUG org.apache.commons.discovery.resource.DiscoverResources -- getNextResource: next URL='jar:file:/Users/sameer.shaik/.m2/repository/org/kohsuke/stapler/stapler-jelly/1669.v95a_4b_919a_b_a_2/stapler-jelly-1669.v95a_4b_919a_b_a_2.jar!/META-INF/services/org.kohsuke.stapler.Facet'
18:14:25.685 [Executing testGetSecretContextNotNullAndStoreContextNotNull(org.conjur.jenkins.conjursecrets.ConjurSecretCredentialImplTest)] DEBUG org.apache.commons.discovery.resource.names.DiscoverNamesInFile -- getNextClassResource: next class='org.kohsuke.stapler.jelly.JellyFacet'
18:14:25.685 [Executing testGetSecretContextNotNullAndStoreContextNotNull(org.conjur.jenkins.conjursecrets.ConjurSecretCredentialImplTest)] DEBUG org.apache.commons.discovery.resource.names.DiscoverNamesInFile -- find: serviceName = 'META-INF/services/org.kohsuke.stapler.Facet'
18:14:25.685 [Executing testGetSecretContextNotNullAndStoreContextNotNull(org.conjur.jenkins.conjursecrets.ConjurSecretCredentialImplTest)] DEBUG org.apache.commons.discovery.resource.DiscoverResources -- find: resourceName='META-INF/services/org.kohsuke.stapler.Facet'
18:14:25.685 [Executing testGetSecretContextNotNullAndStoreContextNotNull(org.conjur.jenkins.conjursecrets.ConjurSecretCredentialImplTest)] DEBUG org.apache.commons.discovery.resource.DiscoverResources -- getNextResources: search using ClassLoader 'jdk.internal.loader.ClassLoaders$AppClassLoader@5ffd2b27'
18:14:25.685 [Executing testGetSecretContextNotNullAndStoreContextNotNull(org.conjur.jenkins.conjursecrets.ConjurSecretCredentialImplTest)] DEBUG org.apache.commons.discovery.resource.DiscoverResources -- getNextResource: next URL='jar:file:/Users/sameer.shaik/.m2/repository/org/kohsuke/stapler/stapler-groovy/1669.v95a_4b_919a_b_a_2/stapler-groovy-1669.v95a_4b_919a_b_a_2.jar!/META-INF/services/org.kohsuke.stapler.Facet'
18:14:25.685 [Executing testGetSecretContextNotNullAndStoreContextNotNull(org.conjur.jenkins.conjursecrets.ConjurSecretCredentialImplTest)] DEBUG org.apache.commons.discovery.resource.names.DiscoverNamesInFile -- getNextClassResource: next class='org.kohsuke.stapler.jelly.groovy.GroovyFacet'
18:14:25.685 [Executing testGetSecretContextNotNullAndStoreContextNotNull(org.conjur.jenkins.conjursecrets.ConjurSecretCredentialImplTest)] DEBUG org.apache.commons.discovery.resource.DiscoverResources -- getNextResource: next URL='jar:file:/Users/sameer.shaik/.m2/repository/org/kohsuke/stapler/stapler-jelly/1669.v95a_4b_919a_b_a_2/stapler-jelly-1669.v95a_4b_919a_b_a_2.jar!/META-INF/services/org.kohsuke.stapler.Facet'
18:14:25.685 [Executing testGetSecretContextNotNullAndStoreContextNotNull(org.conjur.jenkins.conjursecrets.ConjurSecretCredentialImplTest)] DEBUG org.apache.commons.discovery.resource.names.DiscoverNamesInFile -- getNextClassResource: next class='org.kohsuke.stapler.jelly.JellyFacet'
18:14:26.563 [Executing testGetSecretContextNotNullAndStoreContextNotNull(org.conjur.jenkins.conjursecrets.ConjurSecretCredentialImplTest)] DEBUG org.eclipse.jetty.util.component.AbstractLifeCycle -- stopping Server@461eb7d1{STARTED}[9.4.48.v20220622]
18:14:26.563 [Executing testGetSecretContextNotNullAndStoreContextNotNull(org.conjur.jenkins.conjursecrets.ConjurSecretCredentialImplTest)] DEBUG org.eclipse.jetty.server.Server -- doStop Server@461eb7d1{STOPPING}[9.4.48.v20220622]
18:14:26.564 [Executing testGetSecretContextNotNullAndStoreContextNotNull(org.conjur.jenkins.conjursecrets.ConjurSecretCredentialImplTest)] DEBUG org.eclipse.jetty.server.handler.AbstractHandlerContainer -- Graceful shutdown Server@461eb7d1{STOPPING}[9.4.48.v20220622] by 
18:14:26.564 [Jetty (JenkinsRule)-242] DEBUG org.eclipse.jetty.util.thread.QueuedThreadPool -- ran Jetty (JenkinsRule)-242-acceptor-0@2f352eb4-ServerConnector@15703fa4{HTTP/1.1, (http/1.1)}{localhost:51426} in QueuedThreadPool[Jetty (JenkinsRule)]@4ce6dca1{STARTED,8<=10<=200,i=0,r=-1,q=0}[ReservedThreadExecutor@62e6c131{reserved=0/16,pending=0}]
18:14:26.564 [Executing testGetSecretContextNotNullAndStoreContextNotNull(org.conjur.jenkins.conjursecrets.ConjurSecretCredentialImplTest)] DEBUG org.eclipse.jetty.util.component.AbstractLifeCycle -- stopping ServerConnector@15703fa4{HTTP/1.1, (http/1.1)}{localhost:0}
18:14:26.564 [Jetty (JenkinsRule)-243] DEBUG org.eclipse.jetty.util.thread.QueuedThreadPool -- ran Jetty (JenkinsRule)-243-acceptor-1@3a4bdac3-ServerConnector@15703fa4{HTTP/1.1, (http/1.1)}{localhost:51426} in QueuedThreadPool[Jetty (JenkinsRule)]@4ce6dca1{STARTED,8<=10<=200,i=0,r=-1,q=0}[ReservedThreadExecutor@62e6c131{reserved=0/16,pending=0}]
18:14:26.564 [Executing testGetSecretContextNotNullAndStoreContextNotNull(org.conjur.jenkins.conjursecrets.ConjurSecretCredentialImplTest)] DEBUG org.eclipse.jetty.util.component.AbstractLifeCycle -- stopping SelectorManager@ServerConnector@15703fa4{HTTP/1.1, (http/1.1)}{localhost:0}
18:14:26.564 [Executing testGetSecretContextNotNullAndStoreContextNotNull(org.conjur.jenkins.conjursecrets.ConjurSecretCredentialImplTest)] DEBUG org.eclipse.jetty.util.component.AbstractLifeCycle -- stopping ManagedSelector@31bfee0a{STARTED} id=7 keys=0 selected=0 updates=0
18:14:26.564 [Executing testGetSecretContextNotNullAndStoreContextNotNull(org.conjur.jenkins.conjursecrets.ConjurSecretCredentialImplTest)] DEBUG org.eclipse.jetty.io.ManagedSelector -- Queued change lazy=false org.eclipse.jetty.io.ManagedSelector$CloseConnections@6b90ce5c on ManagedSelector@31bfee0a{STOPPING} id=7 keys=0 selected=0 updates=0
18:14:26.564 [Executing testGetSecretContextNotNullAndStoreContextNotNull(org.conjur.jenkins.conjursecrets.ConjurSecretCredentialImplTest)] DEBUG org.eclipse.jetty.io.ManagedSelector -- Wakeup on submit ManagedSelector@31bfee0a{STOPPING} id=7 keys=0 selected=0 updates=1
18:14:26.564 [Jetty (JenkinsRule)-240] DEBUG org.eclipse.jetty.io.ManagedSelector -- Selector sun.nio.ch.KQueueSelectorImpl@7784c84b woken with none selected
18:14:26.564 [Jetty (JenkinsRule)-240] DEBUG org.eclipse.jetty.io.ManagedSelector -- Selector sun.nio.ch.KQueueSelectorImpl@7784c84b woken up from select, 0/0/0 selected
18:14:26.564 [Jetty (JenkinsRule)-240] DEBUG org.eclipse.jetty.io.ManagedSelector -- Selector sun.nio.ch.KQueueSelectorImpl@7784c84b processing 0 keys, 1 updates
18:14:26.564 [Jetty (JenkinsRule)-240] DEBUG org.eclipse.jetty.io.ManagedSelector -- updateable 1
18:14:26.564 [Jetty (JenkinsRule)-240] DEBUG org.eclipse.jetty.io.ManagedSelector -- update org.eclipse.jetty.io.ManagedSelector$CloseConnections@6b90ce5c
18:14:26.564 [Jetty (JenkinsRule)-240] DEBUG org.eclipse.jetty.io.ManagedSelector -- Closing 0 connections on ManagedSelector@31bfee0a{STOPPING} id=7 keys=0 selected=0 updates=0
18:14:26.564 [Jetty (JenkinsRule)-240] DEBUG org.eclipse.jetty.io.ManagedSelector -- updates 0
18:14:26.564 [Jetty (JenkinsRule)-240] DEBUG org.eclipse.jetty.io.ManagedSelector -- Selector sun.nio.ch.KQueueSelectorImpl@7784c84b waiting with 0 keys
18:14:26.564 [Executing testGetSecretContextNotNullAndStoreContextNotNull(org.conjur.jenkins.conjursecrets.ConjurSecretCredentialImplTest)] DEBUG org.eclipse.jetty.io.ManagedSelector -- Queued change lazy=false org.eclipse.jetty.io.ManagedSelector$StopSelector@48515e69 on ManagedSelector@31bfee0a{STOPPING} id=7 keys=0 selected=0 updates=0
18:14:26.564 [Executing testGetSecretContextNotNullAndStoreContextNotNull(org.conjur.jenkins.conjursecrets.ConjurSecretCredentialImplTest)] DEBUG org.eclipse.jetty.io.ManagedSelector -- Wakeup on submit ManagedSelector@31bfee0a{STOPPING} id=7 keys=0 selected=0 updates=1
18:14:26.564 [Jetty (JenkinsRule)-240] DEBUG org.eclipse.jetty.io.ManagedSelector -- Selector sun.nio.ch.KQueueSelectorImpl@7784c84b woken with none selected
18:14:26.564 [Jetty (JenkinsRule)-240] DEBUG org.eclipse.jetty.io.ManagedSelector -- Selector sun.nio.ch.KQueueSelectorImpl@7784c84b woken up from select, 0/0/0 selected
18:14:26.564 [Jetty (JenkinsRule)-240] DEBUG org.eclipse.jetty.io.ManagedSelector -- Selector sun.nio.ch.KQueueSelectorImpl@7784c84b processing 0 keys, 1 updates
18:14:26.564 [Jetty (JenkinsRule)-240] DEBUG org.eclipse.jetty.io.ManagedSelector -- updateable 1
18:14:26.564 [Jetty (JenkinsRule)-240] DEBUG org.eclipse.jetty.io.ManagedSelector -- update org.eclipse.jetty.io.ManagedSelector$StopSelector@48515e69
18:14:26.564 [Jetty (JenkinsRule)-240] DEBUG org.eclipse.jetty.io.ManagedSelector -- updates 0
18:14:26.564 [Jetty (JenkinsRule)-240] DEBUG org.eclipse.jetty.util.thread.QueuedThreadPool -- ran org.eclipse.jetty.io.ManagedSelector$$Lambda$424/0x00000001333325e0@445eee25 in QueuedThreadPool[Jetty (JenkinsRule)]@4ce6dca1{STARTED,8<=10<=200,i=2,r=-1,q=0}[ReservedThreadExecutor@62e6c131{reserved=0/16,pending=0}]
18:14:26.564 [Executing testGetSecretContextNotNullAndStoreContextNotNull(org.conjur.jenkins.conjursecrets.ConjurSecretCredentialImplTest)] DEBUG org.eclipse.jetty.util.component.AbstractLifeCycle -- stopping EatWhatYouKill@2116d5b4/SelectorProducer@142cb47f/IDLE/p=false/QueuedThreadPool[Jetty (JenkinsRule)]@4ce6dca1{STARTED,8<=10<=200,i=2,r=-1,q=0}[ReservedThreadExecutor@62e6c131{reserved=0/16,pending=0}][pc=0,pic=0,pec=0,epc=0]@2024-10-22T18:14:26.564837+05:30
18:14:26.564 [Executing testGetSecretContextNotNullAndStoreContextNotNull(org.conjur.jenkins.conjursecrets.ConjurSecretCredentialImplTest)] DEBUG org.eclipse.jetty.util.component.AbstractLifeCycle -- STOPPED EatWhatYouKill@2116d5b4/SelectorProducer@142cb47f/IDLE/p=false/QueuedThreadPool[Jetty (JenkinsRule)]@4ce6dca1{STARTED,8<=10<=200,i=3,r=-1,q=0}[ReservedThreadExecutor@62e6c131{reserved=0/16,pending=0}][pc=0,pic=0,pec=0,epc=0]@2024-10-22T18:14:26.564947+05:30
18:14:26.564 [Executing testGetSecretContextNotNullAndStoreContextNotNull(org.conjur.jenkins.conjursecrets.ConjurSecretCredentialImplTest)] DEBUG org.eclipse.jetty.util.component.AbstractLifeCycle -- STOPPED ManagedSelector@31bfee0a{STOPPED} id=7 keys=-1 selected=-1 updates=0
18:14:26.565 [Executing testGetSecretContextNotNullAndStoreContextNotNull(org.conjur.jenkins.conjursecrets.ConjurSecretCredentialImplTest)] DEBUG org.eclipse.jetty.util.component.AbstractLifeCycle -- stopping ManagedSelector@5d88ef1{STARTED} id=6 keys=0 selected=0 updates=0
18:14:26.565 [Executing testGetSecretContextNotNullAndStoreContextNotNull(org.conjur.jenkins.conjursecrets.ConjurSecretCredentialImplTest)] DEBUG org.eclipse.jetty.io.ManagedSelector -- Queued change lazy=false org.eclipse.jetty.io.ManagedSelector$CloseConnections@29387321 on ManagedSelector@5d88ef1{STOPPING} id=6 keys=0 selected=0 updates=0
18:14:26.565 [Executing testGetSecretContextNotNullAndStoreContextNotNull(org.conjur.jenkins.conjursecrets.ConjurSecretCredentialImplTest)] DEBUG org.eclipse.jetty.io.ManagedSelector -- Wakeup on submit ManagedSelector@5d88ef1{STOPPING} id=6 keys=0 selected=0 updates=1
18:14:26.565 [Jetty (JenkinsRule)-239] DEBUG org.eclipse.jetty.io.ManagedSelector -- Selector sun.nio.ch.KQueueSelectorImpl@693a7a47 woken with none selected
18:14:26.565 [Jetty (JenkinsRule)-239] DEBUG org.eclipse.jetty.io.ManagedSelector -- Selector sun.nio.ch.KQueueSelectorImpl@693a7a47 woken up from select, 0/0/0 selected
18:14:26.565 [Jetty (JenkinsRule)-239] DEBUG org.eclipse.jetty.io.ManagedSelector -- Selector sun.nio.ch.KQueueSelectorImpl@693a7a47 processing 0 keys, 1 updates
18:14:26.565 [Jetty (JenkinsRule)-239] DEBUG org.eclipse.jetty.io.ManagedSelector -- updateable 1
18:14:26.565 [Jetty (JenkinsRule)-239] DEBUG org.eclipse.jetty.io.ManagedSelector -- update org.eclipse.jetty.io.ManagedSelector$CloseConnections@29387321
18:14:26.565 [Jetty (JenkinsRule)-239] DEBUG org.eclipse.jetty.io.ManagedSelector -- Closing 0 connections on ManagedSelector@5d88ef1{STOPPING} id=6 keys=0 selected=0 updates=0
18:14:26.565 [Jetty (JenkinsRule)-239] DEBUG org.eclipse.jetty.io.ManagedSelector -- updates 0
18:14:26.565 [Jetty (JenkinsRule)-239] DEBUG org.eclipse.jetty.io.ManagedSelector -- Selector sun.nio.ch.KQueueSelectorImpl@693a7a47 waiting with 0 keys
18:14:26.565 [Executing testGetSecretContextNotNullAndStoreContextNotNull(org.conjur.jenkins.conjursecrets.ConjurSecretCredentialImplTest)] DEBUG org.eclipse.jetty.io.ManagedSelector -- Queued change lazy=false org.eclipse.jetty.io.ManagedSelector$StopSelector@8723742 on ManagedSelector@5d88ef1{STOPPING} id=6 keys=0 selected=0 updates=0
18:14:26.565 [Executing testGetSecretContextNotNullAndStoreContextNotNull(org.conjur.jenkins.conjursecrets.ConjurSecretCredentialImplTest)] DEBUG org.eclipse.jetty.io.ManagedSelector -- Wakeup on submit ManagedSelector@5d88ef1{STOPPING} id=6 keys=0 selected=0 updates=1
18:14:26.565 [Jetty (JenkinsRule)-239] DEBUG org.eclipse.jetty.io.ManagedSelector -- Selector sun.nio.ch.KQueueSelectorImpl@693a7a47 woken with none selected
18:14:26.565 [Jetty (JenkinsRule)-239] DEBUG org.eclipse.jetty.io.ManagedSelector -- Selector sun.nio.ch.KQueueSelectorImpl@693a7a47 woken up from select, 0/0/0 selected
18:14:26.565 [Jetty (JenkinsRule)-239] DEBUG org.eclipse.jetty.io.ManagedSelector -- Selector sun.nio.ch.KQueueSelectorImpl@693a7a47 processing 0 keys, 1 updates
18:14:26.565 [Jetty (JenkinsRule)-239] DEBUG org.eclipse.jetty.io.ManagedSelector -- updateable 1
18:14:26.565 [Jetty (JenkinsRule)-239] DEBUG org.eclipse.jetty.io.ManagedSelector -- update org.eclipse.jetty.io.ManagedSelector$StopSelector@8723742
18:14:26.565 [Jetty (JenkinsRule)-239] DEBUG org.eclipse.jetty.io.ManagedSelector -- updates 0
18:14:26.565 [Executing testGetSecretContextNotNullAndStoreContextNotNull(org.conjur.jenkins.conjursecrets.ConjurSecretCredentialImplTest)] DEBUG org.eclipse.jetty.util.component.AbstractLifeCycle -- stopping EatWhatYouKill@4a1ff203/SelectorProducer@35420e8e/PRODUCING/p=false/QueuedThreadPool[Jetty (JenkinsRule)]@4ce6dca1{STARTED,8<=10<=200,i=3,r=-1,q=0}[ReservedThreadExecutor@62e6c131{reserved=0/16,pending=0}][pc=0,pic=0,pec=0,epc=0]@2024-10-22T18:14:26.565507+05:30
18:14:26.565 [Jetty (JenkinsRule)-239] DEBUG org.eclipse.jetty.util.thread.QueuedThreadPool -- ran org.eclipse.jetty.io.ManagedSelector$$Lambda$424/0x00000001333325e0@46f66725 in QueuedThreadPool[Jetty (JenkinsRule)]@4ce6dca1{STARTED,8<=10<=200,i=3,r=-1,q=0}[ReservedThreadExecutor@62e6c131{reserved=0/16,pending=0}]
18:14:26.565 [Executing testGetSecretContextNotNullAndStoreContextNotNull(org.conjur.jenkins.conjursecrets.ConjurSecretCredentialImplTest)] DEBUG org.eclipse.jetty.util.component.AbstractLifeCycle -- STOPPED EatWhatYouKill@4a1ff203/SelectorProducer@35420e8e/IDLE/p=false/QueuedThreadPool[Jetty (JenkinsRule)]@4ce6dca1{STARTED,8<=10<=200,i=3,r=-1,q=0}[ReservedThreadExecutor@62e6c131{reserved=0/16,pending=0}][pc=0,pic=0,pec=0,epc=0]@2024-10-22T18:14:26.565592+05:30
18:14:26.565 [Executing testGetSecretContextNotNullAndStoreContextNotNull(org.conjur.jenkins.conjursecrets.ConjurSecretCredentialImplTest)] DEBUG org.eclipse.jetty.util.component.AbstractLifeCycle -- STOPPED ManagedSelector@5d88ef1{STOPPED} id=6 keys=-1 selected=-1 updates=0
18:14:26.565 [Executing testGetSecretContextNotNullAndStoreContextNotNull(org.conjur.jenkins.conjursecrets.ConjurSecretCredentialImplTest)] DEBUG org.eclipse.jetty.util.component.AbstractLifeCycle -- stopping ManagedSelector@2a4d9df{STARTED} id=5 keys=0 selected=0 updates=0
18:14:26.565 [Executing testGetSecretContextNotNullAndStoreContextNotNull(org.conjur.jenkins.conjursecrets.ConjurSecretCredentialImplTest)] DEBUG org.eclipse.jetty.io.ManagedSelector -- Queued change lazy=false org.eclipse.jetty.io.ManagedSelector$CloseConnections@657dfa3e on ManagedSelector@2a4d9df{STOPPING} id=5 keys=0 selected=0 updates=0
18:14:26.565 [Executing testGetSecretContextNotNullAndStoreContextNotNull(org.conjur.jenkins.conjursecrets.ConjurSecretCredentialImplTest)] DEBUG org.eclipse.jetty.io.ManagedSelector -- Wakeup on submit ManagedSelector@2a4d9df{STOPPING} id=5 keys=0 selected=0 updates=1
18:14:26.565 [Jetty (JenkinsRule)-238] DEBUG org.eclipse.jetty.io.ManagedSelector -- Selector sun.nio.ch.KQueueSelectorImpl@42600771 woken with none selected
18:14:26.565 [Jetty (JenkinsRule)-238] DEBUG org.eclipse.jetty.io.ManagedSelector -- Selector sun.nio.ch.KQueueSelectorImpl@42600771 woken up from select, 0/0/0 selected
18:14:26.565 [Jetty (JenkinsRule)-238] DEBUG org.eclipse.jetty.io.ManagedSelector -- Selector sun.nio.ch.KQueueSelectorImpl@42600771 processing 0 keys, 1 updates
18:14:26.565 [Jetty (JenkinsRule)-238] DEBUG org.eclipse.jetty.io.ManagedSelector -- updateable 1
18:14:26.565 [Jetty (JenkinsRule)-238] DEBUG org.eclipse.jetty.io.ManagedSelector -- update org.eclipse.jetty.io.ManagedSelector$CloseConnections@657dfa3e
18:14:26.565 [Jetty (JenkinsRule)-238] DEBUG org.eclipse.jetty.io.ManagedSelector -- Closing 0 connections on ManagedSelector@2a4d9df{STOPPING} id=5 keys=0 selected=0 updates=0
18:14:26.565 [Jetty (JenkinsRule)-238] DEBUG org.eclipse.jetty.io.ManagedSelector -- updates 0
18:14:26.565 [Jetty (JenkinsRule)-238] DEBUG org.eclipse.jetty.io.ManagedSelector -- Selector sun.nio.ch.KQueueSelectorImpl@42600771 waiting with 0 keys
18:14:26.565 [Executing testGetSecretContextNotNullAndStoreContextNotNull(org.conjur.jenkins.conjursecrets.ConjurSecretCredentialImplTest)] DEBUG org.eclipse.jetty.io.ManagedSelector -- Queued change lazy=false org.eclipse.jetty.io.ManagedSelector$StopSelector@271d52ee on ManagedSelector@2a4d9df{STOPPING} id=5 keys=0 selected=0 updates=0
18:14:26.566 [Executing testGetSecretContextNotNullAndStoreContextNotNull(org.conjur.jenkins.conjursecrets.ConjurSecretCredentialImplTest)] DEBUG org.eclipse.jetty.io.ManagedSelector -- Wakeup on submit ManagedSelector@2a4d9df{STOPPING} id=5 keys=0 selected=0 updates=1
18:14:26.566 [Jetty (JenkinsRule)-238] DEBUG org.eclipse.jetty.io.ManagedSelector -- Selector sun.nio.ch.KQueueSelectorImpl@42600771 woken with none selected
18:14:26.566 [Jetty (JenkinsRule)-238] DEBUG org.eclipse.jetty.io.ManagedSelector -- Selector sun.nio.ch.KQueueSelectorImpl@42600771 woken up from select, 0/0/0 selected
18:14:26.566 [Jetty (JenkinsRule)-238] DEBUG org.eclipse.jetty.io.ManagedSelector -- Selector sun.nio.ch.KQueueSelectorImpl@42600771 processing 0 keys, 1 updates
18:14:26.566 [Jetty (JenkinsRule)-238] DEBUG org.eclipse.jetty.io.ManagedSelector -- updateable 1
18:14:26.566 [Jetty (JenkinsRule)-238] DEBUG org.eclipse.jetty.io.ManagedSelector -- update org.eclipse.jetty.io.ManagedSelector$StopSelector@271d52ee
18:14:26.566 [Jetty (JenkinsRule)-238] DEBUG org.eclipse.jetty.io.ManagedSelector -- updates 0
18:14:26.566 [Executing testGetSecretContextNotNullAndStoreContextNotNull(org.conjur.jenkins.conjursecrets.ConjurSecretCredentialImplTest)] DEBUG org.eclipse.jetty.util.component.AbstractLifeCycle -- stopping EatWhatYouKill@b5e9f99/SelectorProducer@5b8d64eb/PRODUCING/p=false/QueuedThreadPool[Jetty (JenkinsRule)]@4ce6dca1{STARTED,8<=10<=200,i=4,r=-1,q=0}[ReservedThreadExecutor@62e6c131{reserved=0/16,pending=0}][pc=0,pic=0,pec=0,epc=0]@2024-10-22T18:14:26.566215+05:30
18:14:26.566 [Executing testGetSecretContextNotNullAndStoreContextNotNull(org.conjur.jenkins.conjursecrets.ConjurSecretCredentialImplTest)] DEBUG org.eclipse.jetty.util.component.AbstractLifeCycle -- STOPPED EatWhatYouKill@b5e9f99/SelectorProducer@5b8d64eb/PRODUCING/p=false/QueuedThreadPool[Jetty (JenkinsRule)]@4ce6dca1{STARTED,8<=10<=200,i=4,r=-1,q=0}[ReservedThreadExecutor@62e6c131{reserved=0/16,pending=0}][pc=0,pic=0,pec=0,epc=0]@2024-10-22T18:14:26.566287+05:30
18:14:26.566 [Executing testGetSecretContextNotNullAndStoreContextNotNull(org.conjur.jenkins.conjursecrets.ConjurSecretCredentialImplTest)] DEBUG org.eclipse.jetty.util.component.AbstractLifeCycle -- STOPPED ManagedSelector@2a4d9df{STOPPED} id=5 keys=-1 selected=-1 updates=0
18:14:26.566 [Executing testGetSecretContextNotNullAndStoreContextNotNull(org.conjur.jenkins.conjursecrets.ConjurSecretCredentialImplTest)] DEBUG org.eclipse.jetty.util.component.AbstractLifeCycle -- stopping ManagedSelector@623548c0{STARTED} id=4 keys=0 selected=0 updates=0
18:14:26.566 [Jetty (JenkinsRule)-238] DEBUG org.eclipse.jetty.util.thread.QueuedThreadPool -- ran org.eclipse.jetty.io.ManagedSelector$$Lambda$424/0x00000001333325e0@33f648ad in QueuedThreadPool[Jetty (JenkinsRule)]@4ce6dca1{STARTED,8<=10<=200,i=4,r=-1,q=0}[ReservedThreadExecutor@62e6c131{reserved=0/16,pending=0}]
18:14:26.566 [Executing testGetSecretContextNotNullAndStoreContextNotNull(org.conjur.jenkins.conjursecrets.ConjurSecretCredentialImplTest)] DEBUG org.eclipse.jetty.io.ManagedSelector -- Queued change lazy=false org.eclipse.jetty.io.ManagedSelector$CloseConnections@4d568c57 on ManagedSelector@623548c0{STOPPING} id=4 keys=0 selected=0 updates=0
18:14:26.566 [Executing testGetSecretContextNotNullAndStoreContextNotNull(org.conjur.jenkins.conjursecrets.ConjurSecretCredentialImplTest)] DEBUG org.eclipse.jetty.io.ManagedSelector -- Wakeup on submit ManagedSelector@623548c0{STOPPING} id=4 keys=0 selected=0 updates=1
18:14:26.566 [Jetty (JenkinsRule)-237] DEBUG org.eclipse.jetty.io.ManagedSelector -- Selector sun.nio.ch.KQueueSelectorImpl@4adb0434 woken with none selected
18:14:26.566 [Jetty (JenkinsRule)-237] DEBUG org.eclipse.jetty.io.ManagedSelector -- Selector sun.nio.ch.KQueueSelectorImpl@4adb0434 woken up from select, 0/0/0 selected
18:14:26.566 [Jetty (JenkinsRule)-237] DEBUG org.eclipse.jetty.io.ManagedSelector -- Selector sun.nio.ch.KQueueSelectorImpl@4adb0434 processing 0 keys, 1 updates
18:14:26.566 [Jetty (JenkinsRule)-237] DEBUG org.eclipse.jetty.io.ManagedSelector -- updateable 1
18:14:26.566 [Jetty (JenkinsRule)-237] DEBUG org.eclipse.jetty.io.ManagedSelector -- update org.eclipse.jetty.io.ManagedSelector$CloseConnections@4d568c57
18:14:26.566 [Jetty (JenkinsRule)-237] DEBUG org.eclipse.jetty.io.ManagedSelector -- Closing 0 connections on ManagedSelector@623548c0{STOPPING} id=4 keys=0 selected=0 updates=0
18:14:26.566 [Jetty (JenkinsRule)-237] DEBUG org.eclipse.jetty.io.ManagedSelector -- updates 0
18:14:26.566 [Jetty (JenkinsRule)-237] DEBUG org.eclipse.jetty.io.ManagedSelector -- Selector sun.nio.ch.KQueueSelectorImpl@4adb0434 waiting with 0 keys
18:14:26.566 [Executing testGetSecretContextNotNullAndStoreContextNotNull(org.conjur.jenkins.conjursecrets.ConjurSecretCredentialImplTest)] DEBUG org.eclipse.jetty.io.ManagedSelector -- Queued change lazy=false org.eclipse.jetty.io.ManagedSelector$StopSelector@54077a98 on ManagedSelector@623548c0{STOPPING} id=4 keys=0 selected=0 updates=0
18:14:26.566 [Executing testGetSecretContextNotNullAndStoreContextNotNull(org.conjur.jenkins.conjursecrets.ConjurSecretCredentialImplTest)] DEBUG org.eclipse.jetty.io.ManagedSelector -- Wakeup on submit ManagedSelector@623548c0{STOPPING} id=4 keys=0 selected=0 updates=1
18:14:26.566 [Jetty (JenkinsRule)-237] DEBUG org.eclipse.jetty.io.ManagedSelector -- Selector sun.nio.ch.KQueueSelectorImpl@4adb0434 woken with none selected
18:14:26.566 [Jetty (JenkinsRule)-237] DEBUG org.eclipse.jetty.io.ManagedSelector -- Selector sun.nio.ch.KQueueSelectorImpl@4adb0434 woken up from select, 0/0/0 selected
18:14:26.566 [Jetty (JenkinsRule)-237] DEBUG org.eclipse.jetty.io.ManagedSelector -- Selector sun.nio.ch.KQueueSelectorImpl@4adb0434 processing 0 keys, 1 updates
18:14:26.566 [Jetty (JenkinsRule)-237] DEBUG org.eclipse.jetty.io.ManagedSelector -- updateable 1
18:14:26.566 [Jetty (JenkinsRule)-237] DEBUG org.eclipse.jetty.io.ManagedSelector -- update org.eclipse.jetty.io.ManagedSelector$StopSelector@54077a98
18:14:26.566 [Jetty (JenkinsRule)-237] DEBUG org.eclipse.jetty.io.ManagedSelector -- updates 0
18:14:26.566 [Jetty (JenkinsRule)-237] DEBUG org.eclipse.jetty.util.thread.QueuedThreadPool -- ran org.eclipse.jetty.io.ManagedSelector$$Lambda$424/0x00000001333325e0@75fb599c in QueuedThreadPool[Jetty (JenkinsRule)]@4ce6dca1{STARTED,8<=10<=200,i=5,r=-1,q=0}[ReservedThreadExecutor@62e6c131{reserved=0/16,pending=0}]
18:14:26.566 [Executing testGetSecretContextNotNullAndStoreContextNotNull(org.conjur.jenkins.conjursecrets.ConjurSecretCredentialImplTest)] DEBUG org.eclipse.jetty.util.component.AbstractLifeCycle -- stopping EatWhatYouKill@13487960/SelectorProducer@5b005e03/IDLE/p=false/QueuedThreadPool[Jetty (JenkinsRule)]@4ce6dca1{STARTED,8<=10<=200,i=5,r=-1,q=0}[ReservedThreadExecutor@62e6c131{reserved=0/16,pending=0}][pc=0,pic=0,pec=0,epc=0]@2024-10-22T18:14:26.566844+05:30
18:14:26.566 [Executing testGetSecretContextNotNullAndStoreContextNotNull(org.conjur.jenkins.conjursecrets.ConjurSecretCredentialImplTest)] DEBUG org.eclipse.jetty.util.component.AbstractLifeCycle -- STOPPED EatWhatYouKill@13487960/SelectorProducer@5b005e03/IDLE/p=false/QueuedThreadPool[Jetty (JenkinsRule)]@4ce6dca1{STARTED,8<=10<=200,i=6,r=-1,q=0}[ReservedThreadExecutor@62e6c131{reserved=0/16,pending=0}][pc=0,pic=0,pec=0,epc=0]@2024-10-22T18:14:26.566926+05:30
18:14:26.566 [Executing testGetSecretContextNotNullAndStoreContextNotNull(org.conjur.jenkins.conjursecrets.ConjurSecretCredentialImplTest)] DEBUG org.eclipse.jetty.util.component.AbstractLifeCycle -- STOPPED ManagedSelector@623548c0{STOPPED} id=4 keys=-1 selected=-1 updates=0
18:14:26.566 [Executing testGetSecretContextNotNullAndStoreContextNotNull(org.conjur.jenkins.conjursecrets.ConjurSecretCredentialImplTest)] DEBUG org.eclipse.jetty.util.component.AbstractLifeCycle -- stopping ManagedSelector@e4ce9c6{STARTED} id=3 keys=0 selected=0 updates=0
18:14:26.567 [Executing testGetSecretContextNotNullAndStoreContextNotNull(org.conjur.jenkins.conjursecrets.ConjurSecretCredentialImplTest)] DEBUG org.eclipse.jetty.io.ManagedSelector -- Queued change lazy=false org.eclipse.jetty.io.ManagedSelector$CloseConnections@5ea1d62c on ManagedSelector@e4ce9c6{STOPPING} id=3 keys=0 selected=0 updates=0
18:14:26.567 [Executing testGetSecretContextNotNullAndStoreContextNotNull(org.conjur.jenkins.conjursecrets.ConjurSecretCredentialImplTest)] DEBUG org.eclipse.jetty.io.ManagedSelector -- Wakeup on submit ManagedSelector@e4ce9c6{STOPPING} id=3 keys=0 selected=0 updates=1
18:14:26.567 [Jetty (JenkinsRule)-236] DEBUG org.eclipse.jetty.io.ManagedSelector -- Selector sun.nio.ch.KQueueSelectorImpl@536dea2e woken with none selected
18:14:26.567 [Jetty (JenkinsRule)-236] DEBUG org.eclipse.jetty.io.ManagedSelector -- Selector sun.nio.ch.KQueueSelectorImpl@536dea2e woken up from select, 0/0/0 selected
18:14:26.567 [Jetty (JenkinsRule)-236] DEBUG org.eclipse.jetty.io.ManagedSelector -- Selector sun.nio.ch.KQueueSelectorImpl@536dea2e processing 0 keys, 1 updates
18:14:26.567 [Jetty (JenkinsRule)-236] DEBUG org.eclipse.jetty.io.ManagedSelector -- updateable 1
18:14:26.567 [Jetty (JenkinsRule)-236] DEBUG org.eclipse.jetty.io.ManagedSelector -- update org.eclipse.jetty.io.ManagedSelector$CloseConnections@5ea1d62c
18:14:26.567 [Jetty (JenkinsRule)-236] DEBUG org.eclipse.jetty.io.ManagedSelector -- Closing 0 connections on ManagedSelector@e4ce9c6{STOPPING} id=3 keys=0 selected=0 updates=0
18:14:26.567 [Jetty (JenkinsRule)-236] DEBUG org.eclipse.jetty.io.ManagedSelector -- updates 0
18:14:26.567 [Jetty (JenkinsRule)-236] DEBUG org.eclipse.jetty.io.ManagedSelector -- Selector sun.nio.ch.KQueueSelectorImpl@536dea2e waiting with 0 keys
18:14:26.567 [Executing testGetSecretContextNotNullAndStoreContextNotNull(org.conjur.jenkins.conjursecrets.ConjurSecretCredentialImplTest)] DEBUG org.eclipse.jetty.io.ManagedSelector -- Queued change lazy=false org.eclipse.jetty.io.ManagedSelector$StopSelector@13e67534 on ManagedSelector@e4ce9c6{STOPPING} id=3 keys=0 selected=0 updates=0
18:14:26.567 [Executing testGetSecretContextNotNullAndStoreContextNotNull(org.conjur.jenkins.conjursecrets.ConjurSecretCredentialImplTest)] DEBUG org.eclipse.jetty.io.ManagedSelector -- Wakeup on submit ManagedSelector@e4ce9c6{STOPPING} id=3 keys=0 selected=0 updates=1
18:14:26.567 [Jetty (JenkinsRule)-236] DEBUG org.eclipse.jetty.io.ManagedSelector -- Selector sun.nio.ch.KQueueSelectorImpl@536dea2e woken with none selected
18:14:26.567 [Jetty (JenkinsRule)-236] DEBUG org.eclipse.jetty.io.ManagedSelector -- Selector sun.nio.ch.KQueueSelectorImpl@536dea2e woken up from select, 0/0/0 selected
18:14:26.567 [Jetty (JenkinsRule)-236] DEBUG org.eclipse.jetty.io.ManagedSelector -- Selector sun.nio.ch.KQueueSelectorImpl@536dea2e processing 0 keys, 1 updates
18:14:26.567 [Jetty (JenkinsRule)-236] DEBUG org.eclipse.jetty.io.ManagedSelector -- updateable 1
18:14:26.567 [Jetty (JenkinsRule)-236] DEBUG org.eclipse.jetty.io.ManagedSelector -- update org.eclipse.jetty.io.ManagedSelector$StopSelector@13e67534
18:14:26.567 [Jetty (JenkinsRule)-236] DEBUG org.eclipse.jetty.io.ManagedSelector -- updates 0
18:14:26.567 [Executing testGetSecretContextNotNullAndStoreContextNotNull(org.conjur.jenkins.conjursecrets.ConjurSecretCredentialImplTest)] DEBUG org.eclipse.jetty.util.component.AbstractLifeCycle -- stopping EatWhatYouKill@266dddaf/SelectorProducer@15059122/PRODUCING/p=false/QueuedThreadPool[Jetty (JenkinsRule)]@4ce6dca1{STARTED,8<=10<=200,i=6,r=-1,q=0}[ReservedThreadExecutor@62e6c131{reserved=0/16,pending=0}][pc=0,pic=0,pec=0,epc=0]@2024-10-22T18:14:26.567423+05:30
18:14:26.567 [Jetty (JenkinsRule)-236] DEBUG org.eclipse.jetty.util.thread.QueuedThreadPool -- ran org.eclipse.jetty.io.ManagedSelector$$Lambda$424/0x00000001333325e0@2520c6fe in QueuedThreadPool[Jetty (JenkinsRule)]@4ce6dca1{STARTED,8<=10<=200,i=6,r=-1,q=0}[ReservedThreadExecutor@62e6c131{reserved=0/16,pending=0}]
18:14:26.567 [Executing testGetSecretContextNotNullAndStoreContextNotNull(org.conjur.jenkins.conjursecrets.ConjurSecretCredentialImplTest)] DEBUG org.eclipse.jetty.util.component.AbstractLifeCycle -- STOPPED EatWhatYouKill@266dddaf/SelectorProducer@15059122/IDLE/p=false/QueuedThreadPool[Jetty (JenkinsRule)]@4ce6dca1{STARTED,8<=10<=200,i=6,r=-1,q=0}[ReservedThreadExecutor@62e6c131{reserved=0/16,pending=0}][pc=0,pic=0,pec=0,epc=0]@2024-10-22T18:14:26.567502+05:30
18:14:26.567 [Executing testGetSecretContextNotNullAndStoreContextNotNull(org.conjur.jenkins.conjursecrets.ConjurSecretCredentialImplTest)] DEBUG org.eclipse.jetty.util.component.AbstractLifeCycle -- STOPPED ManagedSelector@e4ce9c6{STOPPED} id=3 keys=-1 selected=-1 updates=0
18:14:26.567 [Executing testGetSecretContextNotNullAndStoreContextNotNull(org.conjur.jenkins.conjursecrets.ConjurSecretCredentialImplTest)] DEBUG org.eclipse.jetty.util.component.AbstractLifeCycle -- stopping ManagedSelector@689eb0e7{STARTED} id=2 keys=0 selected=0 updates=0
18:14:26.567 [Executing testGetSecretContextNotNullAndStoreContextNotNull(org.conjur.jenkins.conjursecrets.ConjurSecretCredentialImplTest)] DEBUG org.eclipse.jetty.io.ManagedSelector -- Queued change lazy=false org.eclipse.jetty.io.ManagedSelector$CloseConnections@6aab672b on ManagedSelector@689eb0e7{STOPPING} id=2 keys=0 selected=0 updates=0
18:14:26.567 [Executing testGetSecretContextNotNullAndStoreContextNotNull(org.conjur.jenkins.conjursecrets.ConjurSecretCredentialImplTest)] DEBUG org.eclipse.jetty.io.ManagedSelector -- Wakeup on submit ManagedSelector@689eb0e7{STOPPING} id=2 keys=0 selected=0 updates=1
18:14:26.567 [Jetty (JenkinsRule)-235] DEBUG org.eclipse.jetty.io.ManagedSelector -- Selector sun.nio.ch.KQueueSelectorImpl@6b6f3d89 woken with none selected
18:14:26.567 [Jetty (JenkinsRule)-235] DEBUG org.eclipse.jetty.io.ManagedSelector -- Selector sun.nio.ch.KQueueSelectorImpl@6b6f3d89 woken up from select, 0/0/0 selected
18:14:26.567 [Jetty (JenkinsRule)-235] DEBUG org.eclipse.jetty.io.ManagedSelector -- Selector sun.nio.ch.KQueueSelectorImpl@6b6f3d89 processing 0 keys, 1 updates
18:14:26.567 [Jetty (JenkinsRule)-235] DEBUG org.eclipse.jetty.io.ManagedSelector -- updateable 1
18:14:26.567 [Jetty (JenkinsRule)-235] DEBUG org.eclipse.jetty.io.ManagedSelector -- update org.eclipse.jetty.io.ManagedSelector$CloseConnections@6aab672b
18:14:26.567 [Jetty (JenkinsRule)-235] DEBUG org.eclipse.jetty.io.ManagedSelector -- Closing 0 connections on ManagedSelector@689eb0e7{STOPPING} id=2 keys=0 selected=0 updates=0
18:14:26.567 [Jetty (JenkinsRule)-235] DEBUG org.eclipse.jetty.io.ManagedSelector -- updates 0
18:14:26.567 [Jetty (JenkinsRule)-235] DEBUG org.eclipse.jetty.io.ManagedSelector -- Selector sun.nio.ch.KQueueSelectorImpl@6b6f3d89 waiting with 0 keys
18:14:26.567 [Executing testGetSecretContextNotNullAndStoreContextNotNull(org.conjur.jenkins.conjursecrets.ConjurSecretCredentialImplTest)] DEBUG org.eclipse.jetty.io.ManagedSelector -- Queued change lazy=false org.eclipse.jetty.io.ManagedSelector$StopSelector@517135c on ManagedSelector@689eb0e7{STOPPING} id=2 keys=0 selected=0 updates=0
18:14:26.567 [Executing testGetSecretContextNotNullAndStoreContextNotNull(org.conjur.jenkins.conjursecrets.ConjurSecretCredentialImplTest)] DEBUG org.eclipse.jetty.io.ManagedSelector -- Wakeup on submit ManagedSelector@689eb0e7{STOPPING} id=2 keys=0 selected=0 updates=1
18:14:26.567 [Jetty (JenkinsRule)-235] DEBUG org.eclipse.jetty.io.ManagedSelector -- Selector sun.nio.ch.KQueueSelectorImpl@6b6f3d89 woken with none selected
18:14:26.567 [Jetty (JenkinsRule)-235] DEBUG org.eclipse.jetty.io.ManagedSelector -- Selector sun.nio.ch.KQueueSelectorImpl@6b6f3d89 woken up from select, 0/0/0 selected
18:14:26.567 [Jetty (JenkinsRule)-235] DEBUG org.eclipse.jetty.io.ManagedSelector -- Selector sun.nio.ch.KQueueSelectorImpl@6b6f3d89 processing 0 keys, 1 updates
18:14:26.567 [Jetty (JenkinsRule)-235] DEBUG org.eclipse.jetty.io.ManagedSelector -- updateable 1
18:14:26.567 [Jetty (JenkinsRule)-235] DEBUG org.eclipse.jetty.io.ManagedSelector -- update org.eclipse.jetty.io.ManagedSelector$StopSelector@517135c
18:14:26.567 [Jetty (JenkinsRule)-235] DEBUG org.eclipse.jetty.io.ManagedSelector -- updates 0
18:14:26.568 [Executing testGetSecretContextNotNullAndStoreContextNotNull(org.conjur.jenkins.conjursecrets.ConjurSecretCredentialImplTest)] DEBUG org.eclipse.jetty.util.component.AbstractLifeCycle -- stopping EatWhatYouKill@3b811b43/SelectorProducer@311558fc/PRODUCING/p=false/QueuedThreadPool[Jetty (JenkinsRule)]@4ce6dca1{STARTED,8<=10<=200,i=7,r=-1,q=0}[ReservedThreadExecutor@62e6c131{reserved=0/16,pending=0}][pc=0,pic=0,pec=0,epc=0]@2024-10-22T18:14:26.568015+05:30
18:14:26.568 [Jetty (JenkinsRule)-235] DEBUG org.eclipse.jetty.util.thread.QueuedThreadPool -- ran org.eclipse.jetty.io.ManagedSelector$$Lambda$424/0x00000001333325e0@22a77872 in QueuedThreadPool[Jetty (JenkinsRule)]@4ce6dca1{STARTED,8<=10<=200,i=7,r=-1,q=0}[ReservedThreadExecutor@62e6c131{reserved=0/16,pending=0}]
18:14:26.568 [Executing testGetSecretContextNotNullAndStoreContextNotNull(org.conjur.jenkins.conjursecrets.ConjurSecretCredentialImplTest)] DEBUG org.eclipse.jetty.util.component.AbstractLifeCycle -- STOPPED EatWhatYouKill@3b811b43/SelectorProducer@311558fc/IDLE/p=false/QueuedThreadPool[Jetty (JenkinsRule)]@4ce6dca1{STARTED,8<=10<=200,i=7,r=-1,q=0}[ReservedThreadExecutor@62e6c131{reserved=0/16,pending=0}][pc=0,pic=0,pec=0,epc=0]@2024-10-22T18:14:26.568086+05:30
18:14:26.568 [Executing testGetSecretContextNotNullAndStoreContextNotNull(org.conjur.jenkins.conjursecrets.ConjurSecretCredentialImplTest)] DEBUG org.eclipse.jetty.util.component.AbstractLifeCycle -- STOPPED ManagedSelector@689eb0e7{STOPPED} id=2 keys=-1 selected=-1 updates=0
18:14:26.568 [Executing testGetSecretContextNotNullAndStoreContextNotNull(org.conjur.jenkins.conjursecrets.ConjurSecretCredentialImplTest)] DEBUG org.eclipse.jetty.util.component.AbstractLifeCycle -- stopping ManagedSelector@45517d96{STARTED} id=1 keys=0 selected=0 updates=0
18:14:26.568 [Executing testGetSecretContextNotNullAndStoreContextNotNull(org.conjur.jenkins.conjursecrets.ConjurSecretCredentialImplTest)] DEBUG org.eclipse.jetty.io.ManagedSelector -- Queued change lazy=false org.eclipse.jetty.io.ManagedSelector$CloseConnections@5557a564 on ManagedSelector@45517d96{STOPPING} id=1 keys=0 selected=0 updates=0
18:14:26.568 [Executing testGetSecretContextNotNullAndStoreContextNotNull(org.conjur.jenkins.conjursecrets.ConjurSecretCredentialImplTest)] DEBUG org.eclipse.jetty.io.ManagedSelector -- Wakeup on submit ManagedSelector@45517d96{STOPPING} id=1 keys=0 selected=0 updates=1
18:14:26.568 [Jetty (JenkinsRule)-234] DEBUG org.eclipse.jetty.io.ManagedSelector -- Selector sun.nio.ch.KQueueSelectorImpl@16463021 woken with none selected
18:14:26.568 [Jetty (JenkinsRule)-234] DEBUG org.eclipse.jetty.io.ManagedSelector -- Selector sun.nio.ch.KQueueSelectorImpl@16463021 woken up from select, 0/0/0 selected
18:14:26.568 [Jetty (JenkinsRule)-234] DEBUG org.eclipse.jetty.io.ManagedSelector -- Selector sun.nio.ch.KQueueSelectorImpl@16463021 processing 0 keys, 1 updates
18:14:26.568 [Jetty (JenkinsRule)-234] DEBUG org.eclipse.jetty.io.ManagedSelector -- updateable 1
18:14:26.568 [Jetty (JenkinsRule)-234] DEBUG org.eclipse.jetty.io.ManagedSelector -- update org.eclipse.jetty.io.ManagedSelector$CloseConnections@5557a564
18:14:26.568 [Jetty (JenkinsRule)-234] DEBUG org.eclipse.jetty.io.ManagedSelector -- Closing 0 connections on ManagedSelector@45517d96{STOPPING} id=1 keys=0 selected=0 updates=0
18:14:26.568 [Jetty (JenkinsRule)-234] DEBUG org.eclipse.jetty.io.ManagedSelector -- updates 0
18:14:26.568 [Jetty (JenkinsRule)-234] DEBUG org.eclipse.jetty.io.ManagedSelector -- Selector sun.nio.ch.KQueueSelectorImpl@16463021 waiting with 0 keys
18:14:26.568 [Executing testGetSecretContextNotNullAndStoreContextNotNull(org.conjur.jenkins.conjursecrets.ConjurSecretCredentialImplTest)] DEBUG org.eclipse.jetty.io.ManagedSelector -- Queued change lazy=false org.eclipse.jetty.io.ManagedSelector$StopSelector@75b8252f on ManagedSelector@45517d96{STOPPING} id=1 keys=0 selected=0 updates=0
18:14:26.568 [Executing testGetSecretContextNotNullAndStoreContextNotNull(org.conjur.jenkins.conjursecrets.ConjurSecretCredentialImplTest)] DEBUG org.eclipse.jetty.io.ManagedSelector -- Wakeup on submit ManagedSelector@45517d96{STOPPING} id=1 keys=0 selected=0 updates=1
18:14:26.568 [Jetty (JenkinsRule)-234] DEBUG org.eclipse.jetty.io.ManagedSelector -- Selector sun.nio.ch.KQueueSelectorImpl@16463021 woken with none selected
18:14:26.568 [Jetty (JenkinsRule)-234] DEBUG org.eclipse.jetty.io.ManagedSelector -- Selector sun.nio.ch.KQueueSelectorImpl@16463021 woken up from select, 0/0/0 selected
18:14:26.568 [Jetty (JenkinsRule)-234] DEBUG org.eclipse.jetty.io.ManagedSelector -- Selector sun.nio.ch.KQueueSelectorImpl@16463021 processing 0 keys, 1 updates
18:14:26.568 [Jetty (JenkinsRule)-234] DEBUG org.eclipse.jetty.io.ManagedSelector -- updateable 1
18:14:26.568 [Jetty (JenkinsRule)-234] DEBUG org.eclipse.jetty.io.ManagedSelector -- update org.eclipse.jetty.io.ManagedSelector$StopSelector@75b8252f
18:14:26.568 [Jetty (JenkinsRule)-234] DEBUG org.eclipse.jetty.io.ManagedSelector -- updates 0
18:14:26.568 [Jetty (JenkinsRule)-234] DEBUG org.eclipse.jetty.util.thread.QueuedThreadPool -- ran org.eclipse.jetty.io.ManagedSelector$$Lambda$424/0x00000001333325e0@16035edd in QueuedThreadPool[Jetty (JenkinsRule)]@4ce6dca1{STARTED,8<=10<=200,i=8,r=-1,q=0}[ReservedThreadExecutor@62e6c131{reserved=0/16,pending=0}]
18:14:26.568 [Executing testGetSecretContextNotNullAndStoreContextNotNull(org.conjur.jenkins.conjursecrets.ConjurSecretCredentialImplTest)] DEBUG org.eclipse.jetty.util.component.AbstractLifeCycle -- stopping EatWhatYouKill@790e7215/SelectorProducer@6df69485/IDLE/p=false/QueuedThreadPool[Jetty (JenkinsRule)]@4ce6dca1{STARTED,8<=10<=200,i=8,r=-1,q=0}[ReservedThreadExecutor@62e6c131{reserved=0/16,pending=0}][pc=0,pic=0,pec=0,epc=0]@2024-10-22T18:14:26.568557+05:30
18:14:26.568 [Executing testGetSecretContextNotNullAndStoreContextNotNull(org.conjur.jenkins.conjursecrets.ConjurSecretCredentialImplTest)] DEBUG org.eclipse.jetty.util.component.AbstractLifeCycle -- STOPPED EatWhatYouKill@790e7215/SelectorProducer@6df69485/IDLE/p=false/QueuedThreadPool[Jetty (JenkinsRule)]@4ce6dca1{STARTED,8<=10<=200,i=9,r=-1,q=0}[ReservedThreadExecutor@62e6c131{reserved=0/16,pending=0}][pc=0,pic=0,pec=0,epc=0]@2024-10-22T18:14:26.568637+05:30
18:14:26.568 [Executing testGetSecretContextNotNullAndStoreContextNotNull(org.conjur.jenkins.conjursecrets.ConjurSecretCredentialImplTest)] DEBUG org.eclipse.jetty.util.component.AbstractLifeCycle -- STOPPED ManagedSelector@45517d96{STOPPED} id=1 keys=-1 selected=-1 updates=0
18:14:26.568 [Executing testGetSecretContextNotNullAndStoreContextNotNull(org.conjur.jenkins.conjursecrets.ConjurSecretCredentialImplTest)] DEBUG org.eclipse.jetty.util.component.AbstractLifeCycle -- stopping ManagedSelector@76f282f{STARTED} id=0 keys=0 selected=0 updates=0
18:14:26.568 [Executing testGetSecretContextNotNullAndStoreContextNotNull(org.conjur.jenkins.conjursecrets.ConjurSecretCredentialImplTest)] DEBUG org.eclipse.jetty.io.ManagedSelector -- Queued change lazy=false org.eclipse.jetty.io.ManagedSelector$CloseConnections@449b868c on ManagedSelector@76f282f{STOPPING} id=0 keys=0 selected=0 updates=0
18:14:26.568 [Executing testGetSecretContextNotNullAndStoreContextNotNull(org.conjur.jenkins.conjursecrets.ConjurSecretCredentialImplTest)] DEBUG org.eclipse.jetty.io.ManagedSelector -- Wakeup on submit ManagedSelector@76f282f{STOPPING} id=0 keys=0 selected=0 updates=1
18:14:26.568 [Jetty (JenkinsRule)-233] DEBUG org.eclipse.jetty.io.ManagedSelector -- Selector sun.nio.ch.KQueueSelectorImpl@ca7c8f2 woken with none selected
18:14:26.568 [Jetty (JenkinsRule)-233] DEBUG org.eclipse.jetty.io.ManagedSelector -- Selector sun.nio.ch.KQueueSelectorImpl@ca7c8f2 woken up from select, 0/0/0 selected
18:14:26.568 [Jetty (JenkinsRule)-233] DEBUG org.eclipse.jetty.io.ManagedSelector -- Selector sun.nio.ch.KQueueSelectorImpl@ca7c8f2 processing 0 keys, 1 updates
18:14:26.568 [Jetty (JenkinsRule)-233] DEBUG org.eclipse.jetty.io.ManagedSelector -- updateable 1
18:14:26.568 [Jetty (JenkinsRule)-233] DEBUG org.eclipse.jetty.io.ManagedSelector -- update org.eclipse.jetty.io.ManagedSelector$CloseConnections@449b868c
18:14:26.568 [Jetty (JenkinsRule)-233] DEBUG org.eclipse.jetty.io.ManagedSelector -- Closing 0 connections on ManagedSelector@76f282f{STOPPING} id=0 keys=0 selected=0 updates=0
18:14:26.568 [Jetty (JenkinsRule)-233] DEBUG org.eclipse.jetty.io.ManagedSelector -- updates 0
18:14:26.568 [Jetty (JenkinsRule)-233] DEBUG org.eclipse.jetty.io.ManagedSelector -- Selector sun.nio.ch.KQueueSelectorImpl@ca7c8f2 waiting with 0 keys
18:14:26.568 [Executing testGetSecretContextNotNullAndStoreContextNotNull(org.conjur.jenkins.conjursecrets.ConjurSecretCredentialImplTest)] DEBUG org.eclipse.jetty.io.ManagedSelector -- Queued change lazy=false org.eclipse.jetty.io.ManagedSelector$StopSelector@792be0b0 on ManagedSelector@76f282f{STOPPING} id=0 keys=0 selected=0 updates=0
18:14:26.568 [Executing testGetSecretContextNotNullAndStoreContextNotNull(org.conjur.jenkins.conjursecrets.ConjurSecretCredentialImplTest)] DEBUG org.eclipse.jetty.io.ManagedSelector -- Wakeup on submit ManagedSelector@76f282f{STOPPING} id=0 keys=0 selected=0 updates=1
18:14:26.568 [Jetty (JenkinsRule)-233] DEBUG org.eclipse.jetty.io.ManagedSelector -- Selector sun.nio.ch.KQueueSelectorImpl@ca7c8f2 woken with none selected
18:14:26.568 [Jetty (JenkinsRule)-233] DEBUG org.eclipse.jetty.io.ManagedSelector -- Selector sun.nio.ch.KQueueSelectorImpl@ca7c8f2 woken up from select, 0/0/0 selected
18:14:26.568 [Jetty (JenkinsRule)-233] DEBUG org.eclipse.jetty.io.ManagedSelector -- Selector sun.nio.ch.KQueueSelectorImpl@ca7c8f2 processing 0 keys, 1 updates
18:14:26.568 [Jetty (JenkinsRule)-233] DEBUG org.eclipse.jetty.io.ManagedSelector -- updateable 1
18:14:26.569 [Jetty (JenkinsRule)-233] DEBUG org.eclipse.jetty.io.ManagedSelector -- update org.eclipse.jetty.io.ManagedSelector$StopSelector@792be0b0
18:14:26.569 [Jetty (JenkinsRule)-233] DEBUG org.eclipse.jetty.io.ManagedSelector -- updates 0
18:14:26.569 [Executing testGetSecretContextNotNullAndStoreContextNotNull(org.conjur.jenkins.conjursecrets.ConjurSecretCredentialImplTest)] DEBUG org.eclipse.jetty.util.component.AbstractLifeCycle -- stopping EatWhatYouKill@19c1a5b4/SelectorProducer@6d5db46/PRODUCING/p=false/QueuedThreadPool[Jetty (JenkinsRule)]@4ce6dca1{STARTED,8<=10<=200,i=9,r=-1,q=0}[ReservedThreadExecutor@62e6c131{reserved=0/16,pending=0}][pc=0,pic=0,pec=0,epc=0]@2024-10-22T18:14:26.569096+05:30
18:14:26.569 [Jetty (JenkinsRule)-233] DEBUG org.eclipse.jetty.util.thread.QueuedThreadPool -- ran org.eclipse.jetty.io.ManagedSelector$$Lambda$424/0x00000001333325e0@705141ca in QueuedThreadPool[Jetty (JenkinsRule)]@4ce6dca1{STARTED,8<=10<=200,i=9,r=-1,q=0}[ReservedThreadExecutor@62e6c131{reserved=0/16,pending=0}]
18:14:26.569 [Executing testGetSecretContextNotNullAndStoreContextNotNull(org.conjur.jenkins.conjursecrets.ConjurSecretCredentialImplTest)] DEBUG org.eclipse.jetty.util.component.AbstractLifeCycle -- STOPPED EatWhatYouKill@19c1a5b4/SelectorProducer@6d5db46/IDLE/p=false/QueuedThreadPool[Jetty (JenkinsRule)]@4ce6dca1{STARTED,8<=10<=200,i=9,r=-1,q=0}[ReservedThreadExecutor@62e6c131{reserved=0/16,pending=0}][pc=0,pic=0,pec=0,epc=0]@2024-10-22T18:14:26.56917+05:30
18:14:26.569 [Executing testGetSecretContextNotNullAndStoreContextNotNull(org.conjur.jenkins.conjursecrets.ConjurSecretCredentialImplTest)] DEBUG org.eclipse.jetty.util.component.AbstractLifeCycle -- STOPPED ManagedSelector@76f282f{STOPPED} id=0 keys=-1 selected=-1 updates=0
18:14:26.569 [Executing testGetSecretContextNotNullAndStoreContextNotNull(org.conjur.jenkins.conjursecrets.ConjurSecretCredentialImplTest)] DEBUG org.eclipse.jetty.util.component.AbstractLifeCycle -- STOPPED SelectorManager@ServerConnector@15703fa4{HTTP/1.1, (http/1.1)}{localhost:0}
18:14:26.569 [Executing testGetSecretContextNotNullAndStoreContextNotNull(org.conjur.jenkins.conjursecrets.ConjurSecretCredentialImplTest)] DEBUG org.eclipse.jetty.util.component.AbstractLifeCycle -- stopping HttpConnectionFactory@5f690b17[HTTP/1.1]
18:14:26.569 [Executing testGetSecretContextNotNullAndStoreContextNotNull(org.conjur.jenkins.conjursecrets.ConjurSecretCredentialImplTest)] DEBUG org.eclipse.jetty.util.component.AbstractLifeCycle -- STOPPED HttpConnectionFactory@5f690b17[HTTP/1.1]
18:14:26.569 [Executing testGetSecretContextNotNullAndStoreContextNotNull(org.conjur.jenkins.conjursecrets.ConjurSecretCredentialImplTest)] DEBUG org.eclipse.jetty.util.component.AbstractLifeCycle -- stopping ScheduledExecutorScheduler@3256b3c2{STARTED}
18:14:26.569 [Executing testGetSecretContextNotNullAndStoreContextNotNull(org.conjur.jenkins.conjursecrets.ConjurSecretCredentialImplTest)] DEBUG org.eclipse.jetty.util.component.AbstractLifeCycle -- STOPPED ScheduledExecutorScheduler@3256b3c2{STOPPED}
18:14:26.569 [Executing testGetSecretContextNotNullAndStoreContextNotNull(org.conjur.jenkins.conjursecrets.ConjurSecretCredentialImplTest)] INFO org.eclipse.jetty.server.AbstractConnector -- Stopped ServerConnector@15703fa4{HTTP/1.1, (http/1.1)}{localhost:0}
18:14:26.569 [Executing testGetSecretContextNotNullAndStoreContextNotNull(org.conjur.jenkins.conjursecrets.ConjurSecretCredentialImplTest)] DEBUG org.eclipse.jetty.util.component.AbstractLifeCycle -- STOPPED ServerConnector@15703fa4{HTTP/1.1, (http/1.1)}{localhost:0}
18:14:26.569 [Executing testGetSecretContextNotNullAndStoreContextNotNull(org.conjur.jenkins.conjursecrets.ConjurSecretCredentialImplTest)] DEBUG org.eclipse.jetty.server.handler.AbstractHandler -- stopping Server@461eb7d1{STOPPING}[9.4.48.v20220622]
18:14:26.569 [Executing testGetSecretContextNotNullAndStoreContextNotNull(org.conjur.jenkins.conjursecrets.ConjurSecretCredentialImplTest)] DEBUG org.eclipse.jetty.util.component.AbstractLifeCycle -- stopping DefaultSessionIdManager@101d363d{STARTED}[worker=node0]
18:14:26.569 [Executing testGetSecretContextNotNullAndStoreContextNotNull(org.conjur.jenkins.conjursecrets.ConjurSecretCredentialImplTest)] DEBUG org.eclipse.jetty.util.component.AbstractLifeCycle -- stopping HouseKeeper@1fb89354{STARTED}[interval=600000, ownscheduler=true]
18:14:26.569 [Executing testGetSecretContextNotNullAndStoreContextNotNull(org.conjur.jenkins.conjursecrets.ConjurSecretCredentialImplTest)] INFO org.eclipse.jetty.server.session -- node0 Stopped scavenging
18:14:26.569 [Executing testGetSecretContextNotNullAndStoreContextNotNull(org.conjur.jenkins.conjursecrets.ConjurSecretCredentialImplTest)] DEBUG org.eclipse.jetty.util.component.AbstractLifeCycle -- stopping ScheduledExecutorScheduler@74693982{STARTED}
18:14:26.569 [Executing testGetSecretContextNotNullAndStoreContextNotNull(org.conjur.jenkins.conjursecrets.ConjurSecretCredentialImplTest)] DEBUG org.eclipse.jetty.util.component.AbstractLifeCycle -- STOPPED ScheduledExecutorScheduler@74693982{STOPPED}
18:14:26.569 [Executing testGetSecretContextNotNullAndStoreContextNotNull(org.conjur.jenkins.conjursecrets.ConjurSecretCredentialImplTest)] DEBUG org.eclipse.jetty.util.component.AbstractLifeCycle -- STOPPED HouseKeeper@1fb89354{STOPPED}[interval=600000, ownscheduler=false]
18:14:26.569 [Executing testGetSecretContextNotNullAndStoreContextNotNull(org.conjur.jenkins.conjursecrets.ConjurSecretCredentialImplTest)] DEBUG org.eclipse.jetty.util.component.AbstractLifeCycle -- STOPPED DefaultSessionIdManager@101d363d{STOPPED}[worker=node0]
18:14:26.569 [Executing testGetSecretContextNotNullAndStoreContextNotNull(org.conjur.jenkins.conjursecrets.ConjurSecretCredentialImplTest)] DEBUG org.eclipse.jetty.util.component.AbstractLifeCycle -- stopping ErrorHandler@76ff4d55{STARTED}
18:14:26.569 [Executing testGetSecretContextNotNullAndStoreContextNotNull(org.conjur.jenkins.conjursecrets.ConjurSecretCredentialImplTest)] DEBUG org.eclipse.jetty.server.handler.AbstractHandler -- stopping ErrorHandler@76ff4d55{STOPPING}
18:14:26.569 [Executing testGetSecretContextNotNullAndStoreContextNotNull(org.conjur.jenkins.conjursecrets.ConjurSecretCredentialImplTest)] DEBUG org.eclipse.jetty.util.component.AbstractLifeCycle -- STOPPED ErrorHandler@76ff4d55{STOPPED}
18:14:26.569 [Executing testGetSecretContextNotNullAndStoreContextNotNull(org.conjur.jenkins.conjursecrets.ConjurSecretCredentialImplTest)] DEBUG org.eclipse.jetty.util.component.AbstractLifeCycle -- stopping o.e.j.w.WebAppContext@31c2176{Jenkins v2.346.3,/jenkins,file:///Users/sameer.shaik/MyWorkSpace/17OctV2.2.3-New-BitBucketIssueFixed/conjur-credentials-plugin/target/jenkins-for-test/,SHUTDOWN}{/Users/sameer.shaik/MyWorkSpace/17OctV2.2.3-New-BitBucketIssueFixed/conjur-credentials-plugin/target/jenkins-for-test}
18:14:26.569 [Executing testGetSecretContextNotNullAndStoreContextNotNull(org.conjur.jenkins.conjursecrets.ConjurSecretCredentialImplTest)] DEBUG org.eclipse.jetty.server.handler.AbstractHandlerContainer -- Graceful shutdown o.e.j.w.WebAppContext@31c2176{Jenkins v2.346.3,/jenkins,file:///Users/sameer.shaik/MyWorkSpace/17OctV2.2.3-New-BitBucketIssueFixed/conjur-credentials-plugin/target/jenkins-for-test/,SHUTDOWN}{/Users/sameer.shaik/MyWorkSpace/17OctV2.2.3-New-BitBucketIssueFixed/conjur-credentials-plugin/target/jenkins-for-test} by 
18:14:26.569 [Executing testGetSecretContextNotNullAndStoreContextNotNull(org.conjur.jenkins.conjursecrets.ConjurSecretCredentialImplTest)] DEBUG org.eclipse.jetty.server.handler.AbstractHandler -- stopping o.e.j.w.WebAppContext@31c2176{Jenkins v2.346.3,/jenkins,file:///Users/sameer.shaik/MyWorkSpace/17OctV2.2.3-New-BitBucketIssueFixed/conjur-credentials-plugin/target/jenkins-for-test/,STOPPED}{/Users/sameer.shaik/MyWorkSpace/17OctV2.2.3-New-BitBucketIssueFixed/conjur-credentials-plugin/target/jenkins-for-test}
18:14:26.569 [Executing testGetSecretContextNotNullAndStoreContextNotNull(org.conjur.jenkins.conjursecrets.ConjurSecretCredentialImplTest)] DEBUG org.eclipse.jetty.util.component.AbstractLifeCycle -- stopping NoListenerConfiguration@677dc1bb{STARTED}
18:14:26.569 [Executing testGetSecretContextNotNullAndStoreContextNotNull(org.conjur.jenkins.conjursecrets.ConjurSecretCredentialImplTest)] DEBUG org.eclipse.jetty.util.component.AbstractLifeCycle -- STOPPED NoListenerConfiguration@677dc1bb{STOPPED}
18:14:26.569 [Executing testGetSecretContextNotNullAndStoreContextNotNull(org.conjur.jenkins.conjursecrets.ConjurSecretCredentialImplTest)] DEBUG org.eclipse.jetty.util.component.AbstractLifeCycle -- stopping ErrorPageErrorHandler@1a4216dc{STARTED}
18:14:26.569 [Executing testGetSecretContextNotNullAndStoreContextNotNull(org.conjur.jenkins.conjursecrets.ConjurSecretCredentialImplTest)] DEBUG org.eclipse.jetty.server.handler.AbstractHandler -- stopping ErrorPageErrorHandler@1a4216dc{STOPPING}
18:14:26.570 [Executing testGetSecretContextNotNullAndStoreContextNotNull(org.conjur.jenkins.conjursecrets.ConjurSecretCredentialImplTest)] DEBUG org.eclipse.jetty.util.component.AbstractLifeCycle -- STOPPED ErrorPageErrorHandler@1a4216dc{STOPPED}
18:14:26.570 [Executing testGetSecretContextNotNullAndStoreContextNotNull(org.conjur.jenkins.conjursecrets.ConjurSecretCredentialImplTest)] DEBUG org.eclipse.jetty.util.component.AbstractLifeCycle -- stopping org.eclipse.jetty.server.session.SessionHandler21387510==dftMaxIdleSec=1800
18:14:26.570 [Executing testGetSecretContextNotNullAndStoreContextNotNull(org.conjur.jenkins.conjursecrets.ConjurSecretCredentialImplTest)] DEBUG org.eclipse.jetty.server.session -- Shutdown sessions, invalidating = false
18:14:26.570 [Executing testGetSecretContextNotNullAndStoreContextNotNull(org.conjur.jenkins.conjursecrets.ConjurSecretCredentialImplTest)] DEBUG org.eclipse.jetty.util.component.AbstractLifeCycle -- stopping org.eclipse.jetty.server.session.DefaultSessionCache@532703b2[evict=-1,removeUnloadable=false,saveOnCreate=false,saveOnInactiveEvict=false]
18:14:26.570 [Executing testGetSecretContextNotNullAndStoreContextNotNull(org.conjur.jenkins.conjursecrets.ConjurSecretCredentialImplTest)] DEBUG org.eclipse.jetty.util.component.AbstractLifeCycle -- stopping org.eclipse.jetty.server.session.NullSessionDataStore@2b4cfbad[passivating=false,graceSec=3600]
18:14:26.570 [Executing testGetSecretContextNotNullAndStoreContextNotNull(org.conjur.jenkins.conjursecrets.ConjurSecretCredentialImplTest)] DEBUG org.eclipse.jetty.util.component.AbstractLifeCycle -- STOPPED org.eclipse.jetty.server.session.NullSessionDataStore@2b4cfbad[passivating=false,graceSec=3600]
18:14:26.570 [Executing testGetSecretContextNotNullAndStoreContextNotNull(org.conjur.jenkins.conjursecrets.ConjurSecretCredentialImplTest)] DEBUG org.eclipse.jetty.util.component.AbstractLifeCycle -- STOPPED org.eclipse.jetty.server.session.DefaultSessionCache@532703b2[evict=-1,removeUnloadable=false,saveOnCreate=false,saveOnInactiveEvict=false]
18:14:26.570 [Executing testGetSecretContextNotNullAndStoreContextNotNull(org.conjur.jenkins.conjursecrets.ConjurSecretCredentialImplTest)] DEBUG org.eclipse.jetty.util.component.AbstractLifeCycle -- stopping ScheduledExecutorScheduler@416140c4{STARTED}
18:14:26.570 [Executing testGetSecretContextNotNullAndStoreContextNotNull(org.conjur.jenkins.conjursecrets.ConjurSecretCredentialImplTest)] DEBUG org.eclipse.jetty.util.component.AbstractLifeCycle -- STOPPED ScheduledExecutorScheduler@416140c4{STOPPED}
18:14:26.570 [Executing testGetSecretContextNotNullAndStoreContextNotNull(org.conjur.jenkins.conjursecrets.ConjurSecretCredentialImplTest)] DEBUG org.eclipse.jetty.server.handler.AbstractHandler -- stopping org.eclipse.jetty.server.session.SessionHandler21387510==dftMaxIdleSec=1800
18:14:26.570 [Executing testGetSecretContextNotNullAndStoreContextNotNull(org.conjur.jenkins.conjursecrets.ConjurSecretCredentialImplTest)] DEBUG org.eclipse.jetty.util.component.AbstractLifeCycle -- stopping ConstraintSecurityHandler@6333de39{STARTED}
18:14:26.570 [Executing testGetSecretContextNotNullAndStoreContextNotNull(org.conjur.jenkins.conjursecrets.ConjurSecretCredentialImplTest)] DEBUG org.eclipse.jetty.server.handler.AbstractHandler -- stopping ConstraintSecurityHandler@6333de39{STOPPING}
18:14:26.570 [Executing testGetSecretContextNotNullAndStoreContextNotNull(org.conjur.jenkins.conjursecrets.ConjurSecretCredentialImplTest)] DEBUG org.eclipse.jetty.util.component.AbstractLifeCycle -- stopping HashLoginService@49f6d227[default]
18:14:26.570 [Executing testGetSecretContextNotNullAndStoreContextNotNull(org.conjur.jenkins.conjursecrets.ConjurSecretCredentialImplTest)] DEBUG org.eclipse.jetty.util.component.AbstractLifeCycle -- stopping UserStore@6985783a{STARTED}
18:14:26.570 [Executing testGetSecretContextNotNullAndStoreContextNotNull(org.conjur.jenkins.conjursecrets.ConjurSecretCredentialImplTest)] DEBUG org.eclipse.jetty.util.component.AbstractLifeCycle -- STOPPED UserStore@6985783a{STOPPED}
18:14:26.570 [Executing testGetSecretContextNotNullAndStoreContextNotNull(org.conjur.jenkins.conjursecrets.ConjurSecretCredentialImplTest)] DEBUG org.eclipse.jetty.util.component.AbstractLifeCycle -- STOPPED HashLoginService@49f6d227[default]
18:14:26.570 [Executing testGetSecretContextNotNullAndStoreContextNotNull(org.conjur.jenkins.conjursecrets.ConjurSecretCredentialImplTest)] DEBUG org.eclipse.jetty.util.component.AbstractLifeCycle -- stopping ServletHandler@29f07afc{STARTED}
18:14:26.570 [Executing testGetSecretContextNotNullAndStoreContextNotNull(org.conjur.jenkins.conjursecrets.ConjurSecretCredentialImplTest)] DEBUG org.eclipse.jetty.server.handler.AbstractHandler -- stopping ServletHandler@29f07afc{STOPPING}
18:14:26.570 [Executing testGetSecretContextNotNullAndStoreContextNotNull(org.conjur.jenkins.conjursecrets.ConjurSecretCredentialImplTest)] DEBUG org.eclipse.jetty.util.component.AbstractLifeCycle -- stopping plugins-filter==hudson.util.PluginServletFilter@5c3cfadb{inst=true,async=true,src=DESCRIPTOR:file:///Users/sameer.shaik/MyWorkSpace/17OctV2.2.3-New-BitBucketIssueFixed/conjur-credentials-plugin/target/jenkins-for-test/WEB-INF/web.xml}
18:14:26.570 [Executing testGetSecretContextNotNullAndStoreContextNotNull(org.conjur.jenkins.conjursecrets.ConjurSecretCredentialImplTest)] DEBUG org.eclipse.jetty.util.component.AbstractLifeCycle -- STOPPED plugins-filter==hudson.util.PluginServletFilter@5c3cfadb{inst=false,async=true,src=DESCRIPTOR:file:///Users/sameer.shaik/MyWorkSpace/17OctV2.2.3-New-BitBucketIssueFixed/conjur-credentials-plugin/target/jenkins-for-test/WEB-INF/web.xml}
18:14:26.570 [Executing testGetSecretContextNotNullAndStoreContextNotNull(org.conjur.jenkins.conjursecrets.ConjurSecretCredentialImplTest)] DEBUG org.eclipse.jetty.util.component.AbstractLifeCycle -- stopping csrf-filter==hudson.security.csrf.CrumbFilter@219b210a{inst=true,async=true,src=DESCRIPTOR:file:///Users/sameer.shaik/MyWorkSpace/17OctV2.2.3-New-BitBucketIssueFixed/conjur-credentials-plugin/target/jenkins-for-test/WEB-INF/web.xml}
18:14:26.570 [Executing testGetSecretContextNotNullAndStoreContextNotNull(org.conjur.jenkins.conjursecrets.ConjurSecretCredentialImplTest)] DEBUG org.eclipse.jetty.util.component.AbstractLifeCycle -- STOPPED csrf-filter==hudson.security.csrf.CrumbFilter@219b210a{inst=false,async=true,src=DESCRIPTOR:file:///Users/sameer.shaik/MyWorkSpace/17OctV2.2.3-New-BitBucketIssueFixed/conjur-credentials-plugin/target/jenkins-for-test/WEB-INF/web.xml}
18:14:26.570 [Executing testGetSecretContextNotNullAndStoreContextNotNull(org.conjur.jenkins.conjursecrets.ConjurSecretCredentialImplTest)] DEBUG org.eclipse.jetty.util.component.AbstractLifeCycle -- stopping authentication-filter==hudson.security.HudsonFilter@367865e0{inst=true,async=true,src=DESCRIPTOR:file:///Users/sameer.shaik/MyWorkSpace/17OctV2.2.3-New-BitBucketIssueFixed/conjur-credentials-plugin/target/jenkins-for-test/WEB-INF/web.xml}
18:14:26.570 [Executing testGetSecretContextNotNullAndStoreContextNotNull(org.conjur.jenkins.conjursecrets.ConjurSecretCredentialImplTest)] DEBUG org.eclipse.jetty.util.component.AbstractLifeCycle -- STOPPED authentication-filter==hudson.security.HudsonFilter@367865e0{inst=false,async=true,src=DESCRIPTOR:file:///Users/sameer.shaik/MyWorkSpace/17OctV2.2.3-New-BitBucketIssueFixed/conjur-credentials-plugin/target/jenkins-for-test/WEB-INF/web.xml}
18:14:26.570 [Executing testGetSecretContextNotNullAndStoreContextNotNull(org.conjur.jenkins.conjursecrets.ConjurSecretCredentialImplTest)] DEBUG org.eclipse.jetty.util.component.AbstractLifeCycle -- stopping compression-filter==org.kohsuke.stapler.compression.CompressionFilter@d7ef7bc{inst=true,async=true,src=DESCRIPTOR:file:///Users/sameer.shaik/MyWorkSpace/17OctV2.2.3-New-BitBucketIssueFixed/conjur-credentials-plugin/target/jenkins-for-test/WEB-INF/web.xml}
18:14:26.570 [Executing testGetSecretContextNotNullAndStoreContextNotNull(org.conjur.jenkins.conjursecrets.ConjurSecretCredentialImplTest)] DEBUG org.eclipse.jetty.util.component.AbstractLifeCycle -- STOPPED compression-filter==org.kohsuke.stapler.compression.CompressionFilter@d7ef7bc{inst=false,async=true,src=DESCRIPTOR:file:///Users/sameer.shaik/MyWorkSpace/17OctV2.2.3-New-BitBucketIssueFixed/conjur-credentials-plugin/target/jenkins-for-test/WEB-INF/web.xml}
18:14:26.570 [Executing testGetSecretContextNotNullAndStoreContextNotNull(org.conjur.jenkins.conjursecrets.ConjurSecretCredentialImplTest)] DEBUG org.eclipse.jetty.util.component.AbstractLifeCycle -- stopping encoding-filter==hudson.util.CharacterEncodingFilter@54353de7{inst=true,async=true,src=DESCRIPTOR:file:///Users/sameer.shaik/MyWorkSpace/17OctV2.2.3-New-BitBucketIssueFixed/conjur-credentials-plugin/target/jenkins-for-test/WEB-INF/web.xml}
18:14:26.570 [Executing testGetSecretContextNotNullAndStoreContextNotNull(org.conjur.jenkins.conjursecrets.ConjurSecretCredentialImplTest)] DEBUG org.eclipse.jetty.util.component.AbstractLifeCycle -- STOPPED encoding-filter==hudson.util.CharacterEncodingFilter@54353de7{inst=false,async=true,src=DESCRIPTOR:file:///Users/sameer.shaik/MyWorkSpace/17OctV2.2.3-New-BitBucketIssueFixed/conjur-credentials-plugin/target/jenkins-for-test/WEB-INF/web.xml}
18:14:26.570 [Executing testGetSecretContextNotNullAndStoreContextNotNull(org.conjur.jenkins.conjursecrets.ConjurSecretCredentialImplTest)] DEBUG org.eclipse.jetty.util.component.AbstractLifeCycle -- stopping diagnostic-name-filter==org.kohsuke.stapler.DiagnosticThreadNameFilter@36843e03{inst=true,async=true,src=DESCRIPTOR:file:///Users/sameer.shaik/MyWorkSpace/17OctV2.2.3-New-BitBucketIssueFixed/conjur-credentials-plugin/target/jenkins-for-test/WEB-INF/web.xml}
18:14:26.570 [Executing testGetSecretContextNotNullAndStoreContextNotNull(org.conjur.jenkins.conjursecrets.ConjurSecretCredentialImplTest)] DEBUG org.eclipse.jetty.util.component.AbstractLifeCycle -- STOPPED diagnostic-name-filter==org.kohsuke.stapler.DiagnosticThreadNameFilter@36843e03{inst=false,async=true,src=DESCRIPTOR:file:///Users/sameer.shaik/MyWorkSpace/17OctV2.2.3-New-BitBucketIssueFixed/conjur-credentials-plugin/target/jenkins-for-test/WEB-INF/web.xml}
18:14:26.570 [Executing testGetSecretContextNotNullAndStoreContextNotNull(org.conjur.jenkins.conjursecrets.ConjurSecretCredentialImplTest)] DEBUG org.eclipse.jetty.util.component.AbstractLifeCycle -- stopping suspicious-request-filter==jenkins.security.SuspiciousRequestFilter@658bc6dd{inst=true,async=true,src=DESCRIPTOR:file:///Users/sameer.shaik/MyWorkSpace/17OctV2.2.3-New-BitBucketIssueFixed/conjur-credentials-plugin/target/jenkins-for-test/WEB-INF/web.xml}
18:14:26.570 [Executing testGetSecretContextNotNullAndStoreContextNotNull(org.conjur.jenkins.conjursecrets.ConjurSecretCredentialImplTest)] DEBUG org.eclipse.jetty.util.component.AbstractLifeCycle -- STOPPED suspicious-request-filter==jenkins.security.SuspiciousRequestFilter@658bc6dd{inst=false,async=true,src=DESCRIPTOR:file:///Users/sameer.shaik/MyWorkSpace/17OctV2.2.3-New-BitBucketIssueFixed/conjur-credentials-plugin/target/jenkins-for-test/WEB-INF/web.xml}
18:14:26.570 [Executing testGetSecretContextNotNullAndStoreContextNotNull(org.conjur.jenkins.conjursecrets.ConjurSecretCredentialImplTest)] DEBUG org.eclipse.jetty.util.component.AbstractLifeCycle -- stopping Stapler==org.kohsuke.stapler.Stapler@f222d1a9{jsp=null,order=-1,inst=false,async=true,src=DESCRIPTOR:file:///Users/sameer.shaik/MyWorkSpace/17OctV2.2.3-New-BitBucketIssueFixed/conjur-credentials-plugin/target/jenkins-for-test/WEB-INF/web.xml,STARTED}
18:14:26.570 [Executing testGetSecretContextNotNullAndStoreContextNotNull(org.conjur.jenkins.conjursecrets.ConjurSecretCredentialImplTest)] DEBUG org.eclipse.jetty.util.component.AbstractLifeCycle -- STOPPED Stapler==org.kohsuke.stapler.Stapler@f222d1a9{jsp=null,order=-1,inst=false,async=true,src=DESCRIPTOR:file:///Users/sameer.shaik/MyWorkSpace/17OctV2.2.3-New-BitBucketIssueFixed/conjur-credentials-plugin/target/jenkins-for-test/WEB-INF/web.xml,STOPPED}
18:14:26.570 [Executing testGetSecretContextNotNullAndStoreContextNotNull(org.conjur.jenkins.conjursecrets.ConjurSecretCredentialImplTest)] DEBUG org.eclipse.jetty.util.component.AbstractLifeCycle -- stopping jsp==org.eclipse.jetty.servlet.NoJspServlet@19c47{jsp=null,order=0,inst=true,async=false,src=DESCRIPTOR:jar:file:/Users/sameer.shaik/.m2/repository/org/eclipse/jetty/jetty-webapp/9.4.48.v20220622/jetty-webapp-9.4.48.v20220622.jar!/org/eclipse/jetty/webapp/webdefault.xml,STARTED}
18:14:26.570 [Executing testGetSecretContextNotNullAndStoreContextNotNull(org.conjur.jenkins.conjursecrets.ConjurSecretCredentialImplTest)] DEBUG org.eclipse.jetty.util.component.AbstractLifeCycle -- STOPPED jsp==org.eclipse.jetty.servlet.NoJspServlet@19c47{jsp=null,order=0,inst=false,async=false,src=DESCRIPTOR:jar:file:/Users/sameer.shaik/.m2/repository/org/eclipse/jetty/jetty-webapp/9.4.48.v20220622/jetty-webapp-9.4.48.v20220622.jar!/org/eclipse/jetty/webapp/webdefault.xml,STOPPED}
18:14:26.570 [Executing testGetSecretContextNotNullAndStoreContextNotNull(org.conjur.jenkins.conjursecrets.ConjurSecretCredentialImplTest)] DEBUG org.eclipse.jetty.util.component.AbstractLifeCycle -- stopping default==org.eclipse.jetty.servlet.DefaultServlet@5c13d641{jsp=null,order=0,inst=true,async=false,src=DESCRIPTOR:jar:file:/Users/sameer.shaik/.m2/repository/org/eclipse/jetty/jetty-webapp/9.4.48.v20220622/jetty-webapp-9.4.48.v20220622.jar!/org/eclipse/jetty/webapp/webdefault.xml,STARTED}
18:14:26.570 [Executing testGetSecretContextNotNullAndStoreContextNotNull(org.conjur.jenkins.conjursecrets.ConjurSecretCredentialImplTest)] DEBUG org.eclipse.jetty.util.component.AbstractLifeCycle -- STOPPED default==org.eclipse.jetty.servlet.DefaultServlet@5c13d641{jsp=null,order=0,inst=false,async=false,src=DESCRIPTOR:jar:file:/Users/sameer.shaik/.m2/repository/org/eclipse/jetty/jetty-webapp/9.4.48.v20220622/jetty-webapp-9.4.48.v20220622.jar!/org/eclipse/jetty/webapp/webdefault.xml,STOPPED}
18:14:26.571 [Executing testGetSecretContextNotNullAndStoreContextNotNull(org.conjur.jenkins.conjursecrets.ConjurSecretCredentialImplTest)] DEBUG org.eclipse.jetty.server.handler.ContextHandler -- contextDestroyed: javax.servlet.ServletContextEvent[source=ServletContext@o.e.j.w.WebAppContext@31c2176{Jenkins v2.346.3,/jenkins,file:///Users/sameer.shaik/MyWorkSpace/17OctV2.2.3-New-BitBucketIssueFixed/conjur-credentials-plugin/target/jenkins-for-test/,STOPPED}{/Users/sameer.shaik/MyWorkSpace/17OctV2.2.3-New-BitBucketIssueFixed/conjur-credentials-plugin/target/jenkins-for-test}]->jenkins.util.SystemProperties$Listener@2da41974
18:14:26.571 [Executing testGetSecretContextNotNullAndStoreContextNotNull(org.conjur.jenkins.conjursecrets.ConjurSecretCredentialImplTest)] DEBUG org.eclipse.jetty.server.handler.ContextHandler -- contextDestroyed: javax.servlet.ServletContextEvent[source=ServletContext@o.e.j.w.WebAppContext@31c2176{Jenkins v2.346.3,/jenkins,file:///Users/sameer.shaik/MyWorkSpace/17OctV2.2.3-New-BitBucketIssueFixed/conjur-credentials-plugin/target/jenkins-for-test/,STOPPED}{/Users/sameer.shaik/MyWorkSpace/17OctV2.2.3-New-BitBucketIssueFixed/conjur-credentials-plugin/target/jenkins-for-test}]->org.eclipse.jetty.servlet.listener.IntrospectorCleaner@75a8f27f
18:14:26.571 [Executing testGetSecretContextNotNullAndStoreContextNotNull(org.conjur.jenkins.conjursecrets.ConjurSecretCredentialImplTest)] DEBUG org.eclipse.jetty.server.handler.ContextHandler -- contextDestroyed: javax.servlet.ServletContextEvent[source=ServletContext@o.e.j.w.WebAppContext@31c2176{Jenkins v2.346.3,/jenkins,file:///Users/sameer.shaik/MyWorkSpace/17OctV2.2.3-New-BitBucketIssueFixed/conjur-credentials-plugin/target/jenkins-for-test/,STOPPED}{/Users/sameer.shaik/MyWorkSpace/17OctV2.2.3-New-BitBucketIssueFixed/conjur-credentials-plugin/target/jenkins-for-test}]->org.eclipse.jetty.servlet.listener.ELContextCleaner@3e04e21b
18:14:26.571 [Executing testGetSecretContextNotNullAndStoreContextNotNull(org.conjur.jenkins.conjursecrets.ConjurSecretCredentialImplTest)] DEBUG org.eclipse.jetty.util.component.AbstractLifeCycle -- stopping jenkins.JenkinsHttpSessionListener@35a00d7{src=DESCRIPTOR:file:///Users/sameer.shaik/MyWorkSpace/17OctV2.2.3-New-BitBucketIssueFixed/conjur-credentials-plugin/target/jenkins-for-test/WEB-INF/web.xml}
18:14:26.571 [Executing testGetSecretContextNotNullAndStoreContextNotNull(org.conjur.jenkins.conjursecrets.ConjurSecretCredentialImplTest)] DEBUG org.eclipse.jetty.util.component.AbstractLifeCycle -- STOPPED jenkins.JenkinsHttpSessionListener@35a00d7{src=DESCRIPTOR:file:///Users/sameer.shaik/MyWorkSpace/17OctV2.2.3-New-BitBucketIssueFixed/conjur-credentials-plugin/target/jenkins-for-test/WEB-INF/web.xml}
18:14:26.571 [Executing testGetSecretContextNotNullAndStoreContextNotNull(org.conjur.jenkins.conjursecrets.ConjurSecretCredentialImplTest)] DEBUG org.eclipse.jetty.util.component.AbstractLifeCycle -- stopping hudson.WebAppMain@772fdd6f{src=DESCRIPTOR:file:///Users/sameer.shaik/MyWorkSpace/17OctV2.2.3-New-BitBucketIssueFixed/conjur-credentials-plugin/target/jenkins-for-test/WEB-INF/web.xml}
18:14:26.571 [Executing testGetSecretContextNotNullAndStoreContextNotNull(org.conjur.jenkins.conjursecrets.ConjurSecretCredentialImplTest)] DEBUG org.eclipse.jetty.util.component.AbstractLifeCycle -- STOPPED hudson.WebAppMain@772fdd6f{src=DESCRIPTOR:file:///Users/sameer.shaik/MyWorkSpace/17OctV2.2.3-New-BitBucketIssueFixed/conjur-credentials-plugin/target/jenkins-for-test/WEB-INF/web.xml}
18:14:26.571 [Executing testGetSecretContextNotNullAndStoreContextNotNull(org.conjur.jenkins.conjursecrets.ConjurSecretCredentialImplTest)] DEBUG org.eclipse.jetty.util.component.AbstractLifeCycle -- stopping jenkins.util.SystemProperties$Listener@5d1e320b{src=DESCRIPTOR:file:///Users/sameer.shaik/MyWorkSpace/17OctV2.2.3-New-BitBucketIssueFixed/conjur-credentials-plugin/target/jenkins-for-test/WEB-INF/web.xml}
18:14:26.571 [Executing testGetSecretContextNotNullAndStoreContextNotNull(org.conjur.jenkins.conjursecrets.ConjurSecretCredentialImplTest)] DEBUG org.eclipse.jetty.util.component.AbstractLifeCycle -- STOPPED jenkins.util.SystemProperties$Listener@5d1e320b{src=DESCRIPTOR:file:///Users/sameer.shaik/MyWorkSpace/17OctV2.2.3-New-BitBucketIssueFixed/conjur-credentials-plugin/target/jenkins-for-test/WEB-INF/web.xml}
18:14:26.571 [Executing testGetSecretContextNotNullAndStoreContextNotNull(org.conjur.jenkins.conjursecrets.ConjurSecretCredentialImplTest)] DEBUG org.eclipse.jetty.util.component.AbstractLifeCycle -- stopping org.eclipse.jetty.servlet.listener.IntrospectorCleaner@1d86736b{src=DESCRIPTOR:jar:file:/Users/sameer.shaik/.m2/repository/org/eclipse/jetty/jetty-webapp/9.4.48.v20220622/jetty-webapp-9.4.48.v20220622.jar!/org/eclipse/jetty/webapp/webdefault.xml}
18:14:26.571 [Executing testGetSecretContextNotNullAndStoreContextNotNull(org.conjur.jenkins.conjursecrets.ConjurSecretCredentialImplTest)] DEBUG org.eclipse.jetty.util.component.AbstractLifeCycle -- STOPPED org.eclipse.jetty.servlet.listener.IntrospectorCleaner@1d86736b{src=DESCRIPTOR:jar:file:/Users/sameer.shaik/.m2/repository/org/eclipse/jetty/jetty-webapp/9.4.48.v20220622/jetty-webapp-9.4.48.v20220622.jar!/org/eclipse/jetty/webapp/webdefault.xml}
18:14:26.571 [Executing testGetSecretContextNotNullAndStoreContextNotNull(org.conjur.jenkins.conjursecrets.ConjurSecretCredentialImplTest)] DEBUG org.eclipse.jetty.util.component.AbstractLifeCycle -- stopping org.eclipse.jetty.servlet.listener.ELContextCleaner@264c072c{src=DESCRIPTOR:jar:file:/Users/sameer.shaik/.m2/repository/org/eclipse/jetty/jetty-webapp/9.4.48.v20220622/jetty-webapp-9.4.48.v20220622.jar!/org/eclipse/jetty/webapp/webdefault.xml}
18:14:26.571 [Executing testGetSecretContextNotNullAndStoreContextNotNull(org.conjur.jenkins.conjursecrets.ConjurSecretCredentialImplTest)] DEBUG org.eclipse.jetty.util.component.AbstractLifeCycle -- STOPPED org.eclipse.jetty.servlet.listener.ELContextCleaner@264c072c{src=DESCRIPTOR:jar:file:/Users/sameer.shaik/.m2/repository/org/eclipse/jetty/jetty-webapp/9.4.48.v20220622/jetty-webapp-9.4.48.v20220622.jar!/org/eclipse/jetty/webapp/webdefault.xml}
18:14:26.571 [Executing testGetSecretContextNotNullAndStoreContextNotNull(org.conjur.jenkins.conjursecrets.ConjurSecretCredentialImplTest)] DEBUG org.eclipse.jetty.util.component.AbstractLifeCycle -- STOPPED ServletHandler@29f07afc{STOPPED}
18:14:26.571 [Executing testGetSecretContextNotNullAndStoreContextNotNull(org.conjur.jenkins.conjursecrets.ConjurSecretCredentialImplTest)] DEBUG org.eclipse.jetty.util.component.AbstractLifeCycle -- STOPPED ConstraintSecurityHandler@6333de39{STOPPED}
18:14:26.571 [Executing testGetSecretContextNotNullAndStoreContextNotNull(org.conjur.jenkins.conjursecrets.ConjurSecretCredentialImplTest)] DEBUG org.eclipse.jetty.util.component.AbstractLifeCycle -- STOPPED org.eclipse.jetty.server.session.SessionHandler21387510==dftMaxIdleSec=1800
18:14:26.571 [Executing testGetSecretContextNotNullAndStoreContextNotNull(org.conjur.jenkins.conjursecrets.ConjurSecretCredentialImplTest)] DEBUG org.eclipse.jetty.util.component.AbstractLifeCycle -- stopping SymlinkAllowedResourceAliasChecker@7965e660{base=/Users/sameer.shaik/MyWorkSpace/17OctV2.2.3-New-BitBucketIssueFixed/conjur-credentials-plugin/target/jenkins-for-test,protected=[/WEB-INF, /META-INF]}
18:14:26.571 [Executing testGetSecretContextNotNullAndStoreContextNotNull(org.conjur.jenkins.conjursecrets.ConjurSecretCredentialImplTest)] DEBUG org.eclipse.jetty.util.component.AbstractLifeCycle -- STOPPED SymlinkAllowedResourceAliasChecker@7965e660{base=null,protected=[/WEB-INF, /META-INF]}
18:14:26.571 [Executing testGetSecretContextNotNullAndStoreContextNotNull(org.conjur.jenkins.conjursecrets.ConjurSecretCredentialImplTest)] INFO org.eclipse.jetty.server.handler.ContextHandler -- Stopped o.e.j.w.WebAppContext@31c2176{Jenkins v2.346.3,/jenkins,file:///Users/sameer.shaik/MyWorkSpace/17OctV2.2.3-New-BitBucketIssueFixed/conjur-credentials-plugin/target/jenkins-for-test/,STOPPED}{/Users/sameer.shaik/MyWorkSpace/17OctV2.2.3-New-BitBucketIssueFixed/conjur-credentials-plugin/target/jenkins-for-test}
18:14:26.571 [Executing testGetSecretContextNotNullAndStoreContextNotNull(org.conjur.jenkins.conjursecrets.ConjurSecretCredentialImplTest)] DEBUG org.eclipse.jetty.util.component.AbstractLifeCycle -- STOPPED o.e.j.w.WebAppContext@31c2176{Jenkins v2.346.3,/jenkins,file:///Users/sameer.shaik/MyWorkSpace/17OctV2.2.3-New-BitBucketIssueFixed/conjur-credentials-plugin/target/jenkins-for-test/,STOPPED}{/Users/sameer.shaik/MyWorkSpace/17OctV2.2.3-New-BitBucketIssueFixed/conjur-credentials-plugin/target/jenkins-for-test}
18:14:26.571 [Executing testGetSecretContextNotNullAndStoreContextNotNull(org.conjur.jenkins.conjursecrets.ConjurSecretCredentialImplTest)] DEBUG org.eclipse.jetty.util.component.AbstractLifeCycle -- stopping QueuedThreadPool[Jetty (JenkinsRule)]@4ce6dca1{STARTED,8<=10<=200,i=10,r=-1,q=0}[ReservedThreadExecutor@62e6c131{reserved=0/16,pending=0}]
18:14:26.571 [Executing testGetSecretContextNotNullAndStoreContextNotNull(org.conjur.jenkins.conjursecrets.ConjurSecretCredentialImplTest)] DEBUG org.eclipse.jetty.util.thread.QueuedThreadPool -- Stopping QueuedThreadPool[Jetty (JenkinsRule)]@4ce6dca1{STOPPING,8<=10<=200,i=10,r=-1,q=0}[ReservedThreadExecutor@62e6c131{reserved=0/16,pending=0}]
18:14:26.571 [Executing testGetSecretContextNotNullAndStoreContextNotNull(org.conjur.jenkins.conjursecrets.ConjurSecretCredentialImplTest)] DEBUG org.eclipse.jetty.util.component.AbstractLifeCycle -- stopping ReservedThreadExecutor@62e6c131{reserved=0/16,pending=0}
18:14:26.571 [Executing testGetSecretContextNotNullAndStoreContextNotNull(org.conjur.jenkins.conjursecrets.ConjurSecretCredentialImplTest)] DEBUG org.eclipse.jetty.util.component.AbstractLifeCycle -- STOPPED ReservedThreadExecutor@62e6c131{reserved=-1/16,pending=0}
18:14:26.571 [Executing testGetSecretContextNotNullAndStoreContextNotNull(org.conjur.jenkins.conjursecrets.ConjurSecretCredentialImplTest)] DEBUG org.eclipse.jetty.util.thread.QueuedThreadPool -- Waiting for Thread[Jetty (JenkinsRule)-238,5,main] for 14999
18:14:26.572 [Jetty (JenkinsRule)-242] DEBUG org.eclipse.jetty.util.thread.QueuedThreadPool -- run org.eclipse.jetty.util.thread.QueuedThreadPool$$Lambda$384/0x00000001332e18f0@e0aef1f in QueuedThreadPool[Jetty (JenkinsRule)]@4ce6dca1{STOPPING,8<=0<=200,i=10,r=-1,q=0}[NO_TRY]
18:14:26.572 [Jetty (JenkinsRule)-243] DEBUG org.eclipse.jetty.util.thread.QueuedThreadPool -- run org.eclipse.jetty.util.thread.QueuedThreadPool$$Lambda$384/0x00000001332e18f0@e0aef1f in QueuedThreadPool[Jetty (JenkinsRule)]@4ce6dca1{STOPPING,8<=0<=200,i=10,r=-1,q=0}[NO_TRY]
18:14:26.572 [Jetty (JenkinsRule)-240] DEBUG org.eclipse.jetty.util.thread.QueuedThreadPool -- run org.eclipse.jetty.util.thread.QueuedThreadPool$$Lambda$384/0x00000001332e18f0@e0aef1f in QueuedThreadPool[Jetty (JenkinsRule)]@4ce6dca1{STOPPING,8<=0<=200,i=10,r=-1,q=0}[NO_TRY]
18:14:26.572 [Jetty (JenkinsRule)-242] DEBUG org.eclipse.jetty.util.thread.QueuedThreadPool -- ran org.eclipse.jetty.util.thread.QueuedThreadPool$$Lambda$384/0x00000001332e18f0@e0aef1f in QueuedThreadPool[Jetty (JenkinsRule)]@4ce6dca1{STOPPING,8<=0<=200,i=10,r=-1,q=0}[NO_TRY]
18:14:26.572 [Jetty (JenkinsRule)-243] DEBUG org.eclipse.jetty.util.thread.QueuedThreadPool -- ran org.eclipse.jetty.util.thread.QueuedThreadPool$$Lambda$384/0x00000001332e18f0@e0aef1f in QueuedThreadPool[Jetty (JenkinsRule)]@4ce6dca1{STOPPING,8<=0<=200,i=10,r=-1,q=0}[NO_TRY]
18:14:26.572 [Jetty (JenkinsRule)-239] DEBUG org.eclipse.jetty.util.thread.QueuedThreadPool -- run org.eclipse.jetty.util.thread.QueuedThreadPool$$Lambda$384/0x00000001332e18f0@e0aef1f in QueuedThreadPool[Jetty (JenkinsRule)]@4ce6dca1{STOPPING,8<=0<=200,i=10,r=-1,q=0}[NO_TRY]
18:14:26.572 [Jetty (JenkinsRule)-242] DEBUG org.eclipse.jetty.util.thread.QueuedThreadPool -- Thread[Jetty (JenkinsRule)-242,5,main] exited for QueuedThreadPool[Jetty (JenkinsRule)]@4ce6dca1{STOPPING,8<=0<=200,i=10,r=-1,q=0}[NO_TRY]
18:14:26.572 [Jetty (JenkinsRule)-243] DEBUG org.eclipse.jetty.util.thread.QueuedThreadPool -- Thread[Jetty (JenkinsRule)-243,5,main] exited for QueuedThreadPool[Jetty (JenkinsRule)]@4ce6dca1{STOPPING,8<=0<=200,i=10,r=-1,q=0}[NO_TRY]
18:14:26.572 [Jetty (JenkinsRule)-237] DEBUG org.eclipse.jetty.util.thread.QueuedThreadPool -- run org.eclipse.jetty.util.thread.QueuedThreadPool$$Lambda$384/0x00000001332e18f0@e0aef1f in QueuedThreadPool[Jetty (JenkinsRule)]@4ce6dca1{STOPPING,8<=0<=200,i=10,r=-1,q=0}[NO_TRY]
18:14:26.572 [Jetty (JenkinsRule)-236] DEBUG org.eclipse.jetty.util.thread.QueuedThreadPool -- run org.eclipse.jetty.util.thread.QueuedThreadPool$$Lambda$384/0x00000001332e18f0@e0aef1f in QueuedThreadPool[Jetty (JenkinsRule)]@4ce6dca1{STOPPING,8<=0<=200,i=10,r=-1,q=0}[NO_TRY]
18:14:26.572 [Jetty (JenkinsRule)-240] DEBUG org.eclipse.jetty.util.thread.QueuedThreadPool -- ran org.eclipse.jetty.util.thread.QueuedThreadPool$$Lambda$384/0x00000001332e18f0@e0aef1f in QueuedThreadPool[Jetty (JenkinsRule)]@4ce6dca1{STOPPING,8<=0<=200,i=10,r=-1,q=0}[NO_TRY]
18:14:26.572 [Jetty (JenkinsRule)-235] DEBUG org.eclipse.jetty.util.thread.QueuedThreadPool -- run org.eclipse.jetty.util.thread.QueuedThreadPool$$Lambda$384/0x00000001332e18f0@e0aef1f in QueuedThreadPool[Jetty (JenkinsRule)]@4ce6dca1{STOPPING,8<=0<=200,i=10,r=-1,q=0}[NO_TRY]
18:14:26.572 [Jetty (JenkinsRule)-238] DEBUG org.eclipse.jetty.util.thread.QueuedThreadPool -- run org.eclipse.jetty.util.thread.QueuedThreadPool$$Lambda$384/0x00000001332e18f0@e0aef1f in QueuedThreadPool[Jetty (JenkinsRule)]@4ce6dca1{STOPPING,8<=0<=200,i=10,r=-1,q=0}[NO_TRY]
18:14:26.572 [Jetty (JenkinsRule)-233] DEBUG org.eclipse.jetty.util.thread.QueuedThreadPool -- run org.eclipse.jetty.util.thread.QueuedThreadPool$$Lambda$384/0x00000001332e18f0@e0aef1f in QueuedThreadPool[Jetty (JenkinsRule)]@4ce6dca1{STOPPING,8<=0<=200,i=10,r=-1,q=0}[NO_TRY]
18:14:26.572 [Jetty (JenkinsRule)-239] DEBUG org.eclipse.jetty.util.thread.QueuedThreadPool -- ran org.eclipse.jetty.util.thread.QueuedThreadPool$$Lambda$384/0x00000001332e18f0@e0aef1f in QueuedThreadPool[Jetty (JenkinsRule)]@4ce6dca1{STOPPING,8<=0<=200,i=10,r=-1,q=0}[NO_TRY]
18:14:26.572 [Jetty (JenkinsRule)-238] DEBUG org.eclipse.jetty.util.thread.QueuedThreadPool -- ran org.eclipse.jetty.util.thread.QueuedThreadPool$$Lambda$384/0x00000001332e18f0@e0aef1f in QueuedThreadPool[Jetty (JenkinsRule)]@4ce6dca1{STOPPING,8<=0<=200,i=10,r=-1,q=0}[NO_TRY]
18:14:26.572 [Jetty (JenkinsRule)-237] DEBUG org.eclipse.jetty.util.thread.QueuedThreadPool -- ran org.eclipse.jetty.util.thread.QueuedThreadPool$$Lambda$384/0x00000001332e18f0@e0aef1f in QueuedThreadPool[Jetty (JenkinsRule)]@4ce6dca1{STOPPING,8<=0<=200,i=10,r=-1,q=0}[NO_TRY]
18:14:26.572 [Jetty (JenkinsRule)-236] DEBUG org.eclipse.jetty.util.thread.QueuedThreadPool -- ran org.eclipse.jetty.util.thread.QueuedThreadPool$$Lambda$384/0x00000001332e18f0@e0aef1f in QueuedThreadPool[Jetty (JenkinsRule)]@4ce6dca1{STOPPING,8<=0<=200,i=10,r=-1,q=0}[NO_TRY]
18:14:26.572 [Jetty (JenkinsRule)-238] DEBUG org.eclipse.jetty.util.thread.QueuedThreadPool -- Thread[Jetty (JenkinsRule)-238,5,main] exited for QueuedThreadPool[Jetty (JenkinsRule)]@4ce6dca1{STOPPING,8<=0<=200,i=10,r=-1,q=0}[NO_TRY]
18:14:26.572 [Jetty (JenkinsRule)-239] DEBUG org.eclipse.jetty.util.thread.QueuedThreadPool -- Thread[Jetty (JenkinsRule)-239,5,main] exited for QueuedThreadPool[Jetty (JenkinsRule)]@4ce6dca1{STOPPING,8<=0<=200,i=10,r=-1,q=0}[NO_TRY]
18:14:26.572 [Jetty (JenkinsRule)-234] DEBUG org.eclipse.jetty.util.thread.QueuedThreadPool -- run org.eclipse.jetty.util.thread.QueuedThreadPool$$Lambda$384/0x00000001332e18f0@e0aef1f in QueuedThreadPool[Jetty (JenkinsRule)]@4ce6dca1{STOPPING,8<=0<=200,i=10,r=-1,q=0}[NO_TRY]
18:14:26.572 [Jetty (JenkinsRule)-240] DEBUG org.eclipse.jetty.util.thread.QueuedThreadPool -- Thread[Jetty (JenkinsRule)-240,5,main] exited for QueuedThreadPool[Jetty (JenkinsRule)]@4ce6dca1{STOPPING,8<=0<=200,i=10,r=-1,q=0}[NO_TRY]
18:14:26.572 [Jetty (JenkinsRule)-235] DEBUG org.eclipse.jetty.util.thread.QueuedThreadPool -- ran org.eclipse.jetty.util.thread.QueuedThreadPool$$Lambda$384/0x00000001332e18f0@e0aef1f in QueuedThreadPool[Jetty (JenkinsRule)]@4ce6dca1{STOPPING,8<=0<=200,i=10,r=-1,q=0}[NO_TRY]
18:14:26.572 [Jetty (JenkinsRule)-233] DEBUG org.eclipse.jetty.util.thread.QueuedThreadPool -- ran org.eclipse.jetty.util.thread.QueuedThreadPool$$Lambda$384/0x00000001332e18f0@e0aef1f in QueuedThreadPool[Jetty (JenkinsRule)]@4ce6dca1{STOPPING,8<=0<=200,i=10,r=-1,q=0}[NO_TRY]
18:14:26.572 [Jetty (JenkinsRule)-237] DEBUG org.eclipse.jetty.util.thread.QueuedThreadPool -- Thread[Jetty (JenkinsRule)-237,5,main] exited for QueuedThreadPool[Jetty (JenkinsRule)]@4ce6dca1{STOPPING,8<=0<=200,i=10,r=-1,q=0}[NO_TRY]
18:14:26.572 [Jetty (JenkinsRule)-236] DEBUG org.eclipse.jetty.util.thread.QueuedThreadPool -- Thread[Jetty (JenkinsRule)-236,5,main] exited for QueuedThreadPool[Jetty (JenkinsRule)]@4ce6dca1{STOPPING,8<=0<=200,i=10,r=-1,q=0}[NO_TRY]
18:14:26.572 [Executing testGetSecretContextNotNullAndStoreContextNotNull(org.conjur.jenkins.conjursecrets.ConjurSecretCredentialImplTest)] DEBUG org.eclipse.jetty.util.thread.QueuedThreadPool -- Waiting for Thread[Jetty (JenkinsRule)-239,5,] for 14999
18:14:26.572 [Jetty (JenkinsRule)-234] DEBUG org.eclipse.jetty.util.thread.QueuedThreadPool -- ran org.eclipse.jetty.util.thread.QueuedThreadPool$$Lambda$384/0x00000001332e18f0@e0aef1f in QueuedThreadPool[Jetty (JenkinsRule)]@4ce6dca1{STOPPING,8<=0<=200,i=10,r=-1,q=0}[NO_TRY]
18:14:26.572 [Jetty (JenkinsRule)-235] DEBUG org.eclipse.jetty.util.thread.QueuedThreadPool -- Thread[Jetty (JenkinsRule)-235,5,main] exited for QueuedThreadPool[Jetty (JenkinsRule)]@4ce6dca1{STOPPING,8<=0<=200,i=10,r=-1,q=0}[NO_TRY]
18:14:26.572 [Jetty (JenkinsRule)-233] DEBUG org.eclipse.jetty.util.thread.QueuedThreadPool -- Thread[Jetty (JenkinsRule)-233,5,main] exited for QueuedThreadPool[Jetty (JenkinsRule)]@4ce6dca1{STOPPING,8<=0<=200,i=10,r=-1,q=0}[NO_TRY]
18:14:26.572 [Executing testGetSecretContextNotNullAndStoreContextNotNull(org.conjur.jenkins.conjursecrets.ConjurSecretCredentialImplTest)] DEBUG org.eclipse.jetty.util.thread.QueuedThreadPool -- Waiting for Thread[Jetty (JenkinsRule)-233,5,main] for 14999
18:14:26.572 [Jetty (JenkinsRule)-234] DEBUG org.eclipse.jetty.util.thread.QueuedThreadPool -- Thread[Jetty (JenkinsRule)-234,5,main] exited for QueuedThreadPool[Jetty (JenkinsRule)]@4ce6dca1{STOPPING,8<=0<=200,i=10,r=-1,q=0}[NO_TRY]
18:14:26.572 [Executing testGetSecretContextNotNullAndStoreContextNotNull(org.conjur.jenkins.conjursecrets.ConjurSecretCredentialImplTest)] DEBUG org.eclipse.jetty.util.thread.QueuedThreadPool -- Waiting for Thread[Jetty (JenkinsRule)-234,5,main] for 14999
18:14:26.572 [Executing testGetSecretContextNotNullAndStoreContextNotNull(org.conjur.jenkins.conjursecrets.ConjurSecretCredentialImplTest)] DEBUG org.eclipse.jetty.util.component.AbstractLifeCycle -- STOPPED QueuedThreadPool[Jetty (JenkinsRule)]@4ce6dca1{STOPPED,8<=0<=200,i=10,r=-1,q=0}[NO_TRY]
18:14:26.572 [Executing testGetSecretContextNotNullAndStoreContextNotNull(org.conjur.jenkins.conjursecrets.ConjurSecretCredentialImplTest)] DEBUG org.eclipse.jetty.util.component.AbstractLifeCycle -- STOPPED Server@461eb7d1{STOPPED}[9.4.48.v20220622]
]]></system-out>
    <system-err><![CDATA[   0.027 [id=232]	INFO	o.jvnet.hudson.test.JenkinsRule#createWebServer: Running on http://localhost:51426/jenkins/
   0.100 [id=247]	INFO	jenkins.InitReactorRunner$1#onAttained: Started initialization
   0.101 [id=262]	INFO	jenkins.InitReactorRunner$1#onAttained: Listed all plugins
   0.244 [id=261]	INFO	jenkins.InitReactorRunner$1#onAttained: Prepared all plugins
   0.246 [id=261]	INFO	jenkins.InitReactorRunner$1#onAttained: Started all plugins
   0.246 [id=272]	INFO	jenkins.InitReactorRunner$1#onAttained: Augmented all extensions
   0.805 [id=274]	INFO	jenkins.InitReactorRunner$1#onAttained: System config loaded
   0.805 [id=265]	INFO	jenkins.InitReactorRunner$1#onAttained: System config adapted
   0.805 [id=252]	INFO	jenkins.InitReactorRunner$1#onAttained: Loaded all jobs
   0.806 [id=252]	INFO	jenkins.InitReactorRunner$1#onAttained: Configuration for all jobs updated
   0.846 [id=250]	INFO	jenkins.InitReactorRunner$1#onAttained: Completed initialization
   0.982 [id=232]	INFO	hudson.lifecycle.Lifecycle#onStatusUpdate: Stopping Jenkins
   1.070 [id=232]	INFO	hudson.lifecycle.Lifecycle#onStatusUpdate: Jenkins stopped
]]></system-err>
  </testcase>
  <testcase name="mockGetSecret" classname="org.conjur.jenkins.conjursecrets.ConjurSecretCredentialImplTest" time="0.781">
    <system-out><![CDATA[=== Starting mockGetSecret(org.conjur.jenkins.conjursecrets.ConjurSecretCredentialImplTest)
18:14:26.736 [Executing mockGetSecret(org.conjur.jenkins.conjursecrets.ConjurSecretCredentialImplTest)] DEBUG org.eclipse.jetty.util.component.ContainerLifeCycle -- QueuedThreadPool[qtp784638746]@2ec4a31a{STOPPED,8<=0<=200,i=0,r=-1,q=0}[NO_TRY] added {org.eclipse.jetty.util.thread.ThreadPoolBudget@200348b2,POJO}
18:14:26.736 [Executing mockGetSecret(org.conjur.jenkins.conjursecrets.ConjurSecretCredentialImplTest)] DEBUG org.eclipse.jetty.util.component.ContainerLifeCycle -- Server@243cc86a{STOPPED}[9.4.48.v20220622] added {QueuedThreadPool[Jetty (JenkinsRule)]@2ec4a31a{STOPPED,8<=0<=200,i=0,r=-1,q=0}[NO_TRY],AUTO}
18:14:26.736 [Executing mockGetSecret(org.conjur.jenkins.conjursecrets.ConjurSecretCredentialImplTest)] DEBUG org.eclipse.jetty.util.component.ContainerLifeCycle -- o.e.j.w.WebAppContext@613e4289{/,null,STOPPED} added {SymlinkAllowedResourceAliasChecker@6a69e1c7{base=null,protected=null},MANAGED}
18:14:26.736 [Executing mockGetSecret(org.conjur.jenkins.conjursecrets.ConjurSecretCredentialImplTest)] DEBUG org.eclipse.jetty.util.DecoratedObjectFactory -- Adding Decorator: org.eclipse.jetty.util.DeprecationWarning@501562e0
18:14:26.736 [Executing mockGetSecret(org.conjur.jenkins.conjursecrets.ConjurSecretCredentialImplTest)] DEBUG org.eclipse.jetty.util.component.ContainerLifeCycle -- o.e.j.w.WebAppContext@613e4289{/jenkins,null,STOPPED} added {org.eclipse.jetty.server.session.SessionHandler313040656==dftMaxIdleSec=-1,MANAGED}
18:14:26.736 [Executing mockGetSecret(org.conjur.jenkins.conjursecrets.ConjurSecretCredentialImplTest)] DEBUG org.eclipse.jetty.util.component.ContainerLifeCycle -- ConstraintSecurityHandler@111bdc6{STOPPED} added {org.eclipse.jetty.util.component.DumpableCollection@24d313fa,POJO}
18:14:26.736 [Executing mockGetSecret(org.conjur.jenkins.conjursecrets.ConjurSecretCredentialImplTest)] DEBUG org.eclipse.jetty.util.component.ContainerLifeCycle -- org.eclipse.jetty.server.session.SessionHandler313040656==dftMaxIdleSec=-1 added {ConstraintSecurityHandler@111bdc6{STOPPED},MANAGED}
18:14:26.736 [Executing mockGetSecret(org.conjur.jenkins.conjursecrets.ConjurSecretCredentialImplTest)] DEBUG org.eclipse.jetty.util.component.ContainerLifeCycle -- ConstraintSecurityHandler@111bdc6{STOPPED} added {ServletHandler@5faa77e2{STOPPED},MANAGED}
18:14:26.736 [Executing mockGetSecret(org.conjur.jenkins.conjursecrets.ConjurSecretCredentialImplTest)] DEBUG org.eclipse.jetty.util.component.ContainerLifeCycle -- o.e.j.w.WebAppContext@613e4289{/jenkins,null,STOPPED} added {ErrorPageErrorHandler@9ac3318{STOPPED},MANAGED}
18:14:26.736 [Executing mockGetSecret(org.conjur.jenkins.conjursecrets.ConjurSecretCredentialImplTest)] DEBUG org.eclipse.jetty.util.component.ContainerLifeCycle -- o.e.j.w.WebAppContext@613e4289{/jenkins,null,STOPPED}{/Users/sameer.shaik/MyWorkSpace/17OctV2.2.3-New-BitBucketIssueFixed/conjur-credentials-plugin/target/jenkins-for-test} added {NoListenerConfiguration@55f4066{STOPPED},AUTO}
18:14:26.736 [Executing mockGetSecret(org.conjur.jenkins.conjursecrets.ConjurSecretCredentialImplTest)] DEBUG org.eclipse.jetty.util.component.ContainerLifeCycle -- Server@243cc86a{STOPPED}[9.4.48.v20220622] added {o.e.j.w.WebAppContext@613e4289{/jenkins,null,STOPPED}{/Users/sameer.shaik/MyWorkSpace/17OctV2.2.3-New-BitBucketIssueFixed/conjur-credentials-plugin/target/jenkins-for-test},MANAGED}
18:14:26.736 [Executing mockGetSecret(org.conjur.jenkins.conjursecrets.ConjurSecretCredentialImplTest)] DEBUG org.eclipse.jetty.util.component.ContainerLifeCycle -- HashLoginService@39afcff4[null] added {org.eclipse.jetty.security.DefaultIdentityService@35b6aa44,POJO}
18:14:26.736 [Executing mockGetSecret(org.conjur.jenkins.conjursecrets.ConjurSecretCredentialImplTest)] DEBUG org.eclipse.jetty.util.component.ContainerLifeCycle -- HashLoginService@39afcff4[default] added {UserStore@5dea7b19{STOPPED},AUTO}
18:14:26.736 [Executing mockGetSecret(org.conjur.jenkins.conjursecrets.ConjurSecretCredentialImplTest)] DEBUG org.eclipse.jetty.util.component.ContainerLifeCycle -- ConstraintSecurityHandler@111bdc6{STOPPED} added {HashLoginService@39afcff4[default],AUTO}
18:14:26.736 [Executing mockGetSecret(org.conjur.jenkins.conjursecrets.ConjurSecretCredentialImplTest)] DEBUG org.eclipse.jetty.util.component.ContainerLifeCycle -- HttpConnectionFactory@2016ca77[HTTP/1.1] added {HttpConfiguration@7b8bd0b5{32768/8192,8192/8192,https://:0,[]},POJO}
18:14:26.737 [Executing mockGetSecret(org.conjur.jenkins.conjursecrets.ConjurSecretCredentialImplTest)] DEBUG org.eclipse.jetty.util.component.ContainerLifeCycle -- ServerConnector@6ff5e087{null, ()}{0.0.0.0:0} added {Server@243cc86a{STOPPED}[9.4.48.v20220622],UNMANAGED}
18:14:26.737 [Executing mockGetSecret(org.conjur.jenkins.conjursecrets.ConjurSecretCredentialImplTest)] DEBUG org.eclipse.jetty.util.component.ContainerLifeCycle -- ServerConnector@6ff5e087{null, ()}{0.0.0.0:0} added {QueuedThreadPool[Jetty (JenkinsRule)]@2ec4a31a{STOPPED,8<=0<=200,i=0,r=-1,q=0}[NO_TRY],AUTO}
18:14:26.737 [Executing mockGetSecret(org.conjur.jenkins.conjursecrets.ConjurSecretCredentialImplTest)] DEBUG org.eclipse.jetty.util.component.ContainerLifeCycle -- ServerConnector@6ff5e087{null, ()}{0.0.0.0:0} added {ScheduledExecutorScheduler@5141582f{STOPPED},AUTO}
18:14:26.737 [Executing mockGetSecret(org.conjur.jenkins.conjursecrets.ConjurSecretCredentialImplTest)] DEBUG org.eclipse.jetty.util.component.ContainerLifeCycle -- ServerConnector@6ff5e087{null, ()}{0.0.0.0:0} added {ArrayByteBufferPool@47927502{minBufferCapacity=0, maxBufferCapacity=65536, maxQueueLength=-1, factor=1024},POJO}
18:14:26.737 [Executing mockGetSecret(org.conjur.jenkins.conjursecrets.ConjurSecretCredentialImplTest)] DEBUG org.eclipse.jetty.util.component.ContainerLifeCycle -- ServerConnector@6ff5e087{null, (http/1.1)}{0.0.0.0:0} added {HttpConnectionFactory@2016ca77[HTTP/1.1],AUTO}
18:14:26.737 [Executing mockGetSecret(org.conjur.jenkins.conjursecrets.ConjurSecretCredentialImplTest)] DEBUG org.eclipse.jetty.server.AbstractConnector -- ServerConnector@6ff5e087{HTTP/1.1, (http/1.1)}{0.0.0.0:0} added HttpConnectionFactory@2016ca77[HTTP/1.1]
18:14:26.737 [Executing mockGetSecret(org.conjur.jenkins.conjursecrets.ConjurSecretCredentialImplTest)] DEBUG org.eclipse.jetty.util.component.ContainerLifeCycle -- ServerConnector@6ff5e087{HTTP/1.1, (http/1.1)}{0.0.0.0:0} added {SelectorManager@ServerConnector@6ff5e087{HTTP/1.1, (http/1.1)}{0.0.0.0:0},MANAGED}
18:14:26.737 [Executing mockGetSecret(org.conjur.jenkins.conjursecrets.ConjurSecretCredentialImplTest)] DEBUG org.eclipse.jetty.util.component.ContainerLifeCycle -- Server@243cc86a{STOPPED}[9.4.48.v20220622] added {ServerConnector@6ff5e087{HTTP/1.1, (http/1.1)}{localhost:0},AUTO}
18:14:26.737 [Executing mockGetSecret(org.conjur.jenkins.conjursecrets.ConjurSecretCredentialImplTest)] DEBUG org.eclipse.jetty.util.component.AbstractLifeCycle -- starting Server@243cc86a{STOPPED}[9.4.48.v20220622]
18:14:26.737 [Executing mockGetSecret(org.conjur.jenkins.conjursecrets.ConjurSecretCredentialImplTest)] DEBUG org.eclipse.jetty.util.component.ContainerLifeCycle -- Server@243cc86a{STARTING}[9.4.48.v20220622] added {ErrorHandler@62b90b3d{STOPPED},AUTO}
18:14:26.737 [Executing mockGetSecret(org.conjur.jenkins.conjursecrets.ConjurSecretCredentialImplTest)] INFO org.eclipse.jetty.server.Server -- jetty-9.4.48.v20220622; built: 2022-06-21T20:42:25.880Z; git: 6b67c5719d1f4371b33655ff2d047d24e171e49a; jvm 17.0.11+9-adhoc.admin.jdk17u
18:14:26.737 [Executing mockGetSecret(org.conjur.jenkins.conjursecrets.ConjurSecretCredentialImplTest)] DEBUG org.eclipse.jetty.server.handler.AbstractHandler -- starting Server@243cc86a{STARTING}[9.4.48.v20220622]
18:14:26.737 [Executing mockGetSecret(org.conjur.jenkins.conjursecrets.ConjurSecretCredentialImplTest)] DEBUG org.eclipse.jetty.util.component.AbstractLifeCycle -- starting QueuedThreadPool[Jetty (JenkinsRule)]@2ec4a31a{STOPPED,8<=0<=200,i=0,r=-1,q=0}[NO_TRY]
18:14:26.737 [Executing mockGetSecret(org.conjur.jenkins.conjursecrets.ConjurSecretCredentialImplTest)] DEBUG org.eclipse.jetty.util.thread.ReservedThreadExecutor -- ReservedThreadExecutor@22882e35{reserved=0/16,pending=0}
18:14:26.737 [Executing mockGetSecret(org.conjur.jenkins.conjursecrets.ConjurSecretCredentialImplTest)] DEBUG org.eclipse.jetty.util.component.ContainerLifeCycle -- QueuedThreadPool[Jetty (JenkinsRule)]@2ec4a31a{STARTING,8<=0<=200,i=0,r=-1,q=0}[ReservedThreadExecutor@22882e35{reserved=0/16,pending=0}] added {ReservedThreadExecutor@22882e35{reserved=0/16,pending=0},AUTO}
18:14:26.737 [Executing mockGetSecret(org.conjur.jenkins.conjursecrets.ConjurSecretCredentialImplTest)] DEBUG org.eclipse.jetty.util.component.AbstractLifeCycle -- starting ReservedThreadExecutor@22882e35{reserved=0/16,pending=0}
18:14:26.737 [Executing mockGetSecret(org.conjur.jenkins.conjursecrets.ConjurSecretCredentialImplTest)] DEBUG org.eclipse.jetty.util.component.AbstractLifeCycle -- STARTED @17295ms ReservedThreadExecutor@22882e35{reserved=0/16,pending=0}
18:14:26.737 [Executing mockGetSecret(org.conjur.jenkins.conjursecrets.ConjurSecretCredentialImplTest)] DEBUG org.eclipse.jetty.util.thread.QueuedThreadPool -- Starting Thread[Jetty (JenkinsRule)-296,5,main]
18:14:26.737 [Executing mockGetSecret(org.conjur.jenkins.conjursecrets.ConjurSecretCredentialImplTest)] DEBUG org.eclipse.jetty.util.thread.QueuedThreadPool -- Starting Thread[Jetty (JenkinsRule)-297,5,main]
18:14:26.738 [Jetty (JenkinsRule)-296] DEBUG org.eclipse.jetty.util.thread.QueuedThreadPool -- Runner started for QueuedThreadPool[Jetty (JenkinsRule)]@2ec4a31a{STARTING,8<=2<=200,i=2,r=-1,q=0}[ReservedThreadExecutor@22882e35{reserved=0/16,pending=0}]
18:14:26.738 [Executing mockGetSecret(org.conjur.jenkins.conjursecrets.ConjurSecretCredentialImplTest)] DEBUG org.eclipse.jetty.util.thread.QueuedThreadPool -- Starting Thread[Jetty (JenkinsRule)-298,5,main]
18:14:26.738 [Executing mockGetSecret(org.conjur.jenkins.conjursecrets.ConjurSecretCredentialImplTest)] DEBUG org.eclipse.jetty.util.thread.QueuedThreadPool -- Starting Thread[Jetty (JenkinsRule)-299,5,main]
18:14:26.738 [Jetty (JenkinsRule)-297] DEBUG org.eclipse.jetty.util.thread.QueuedThreadPool -- Runner started for QueuedThreadPool[Jetty (JenkinsRule)]@2ec4a31a{STARTING,8<=3<=200,i=3,r=-1,q=0}[ReservedThreadExecutor@22882e35{reserved=0/16,pending=0}]
18:14:26.738 [Jetty (JenkinsRule)-298] DEBUG org.eclipse.jetty.util.thread.QueuedThreadPool -- Runner started for QueuedThreadPool[Jetty (JenkinsRule)]@2ec4a31a{STARTING,8<=4<=200,i=4,r=-1,q=0}[ReservedThreadExecutor@22882e35{reserved=0/16,pending=0}]
18:14:26.738 [Executing mockGetSecret(org.conjur.jenkins.conjursecrets.ConjurSecretCredentialImplTest)] DEBUG org.eclipse.jetty.util.thread.QueuedThreadPool -- Starting Thread[Jetty (JenkinsRule)-300,5,main]
18:14:26.738 [Jetty (JenkinsRule)-299] DEBUG org.eclipse.jetty.util.thread.QueuedThreadPool -- Runner started for QueuedThreadPool[Jetty (JenkinsRule)]@2ec4a31a{STARTING,8<=5<=200,i=5,r=-1,q=0}[ReservedThreadExecutor@22882e35{reserved=0/16,pending=0}]
18:14:26.739 [Executing mockGetSecret(org.conjur.jenkins.conjursecrets.ConjurSecretCredentialImplTest)] DEBUG org.eclipse.jetty.util.thread.QueuedThreadPool -- Starting Thread[Jetty (JenkinsRule)-301,5,main]
18:14:26.739 [Jetty (JenkinsRule)-300] DEBUG org.eclipse.jetty.util.thread.QueuedThreadPool -- Runner started for QueuedThreadPool[Jetty (JenkinsRule)]@2ec4a31a{STARTING,8<=6<=200,i=6,r=-1,q=0}[ReservedThreadExecutor@22882e35{reserved=0/16,pending=0}]
18:14:26.739 [Executing mockGetSecret(org.conjur.jenkins.conjursecrets.ConjurSecretCredentialImplTest)] DEBUG org.eclipse.jetty.util.thread.QueuedThreadPool -- Starting Thread[Jetty (JenkinsRule)-302,5,main]
18:14:26.739 [Jetty (JenkinsRule)-301] DEBUG org.eclipse.jetty.util.thread.QueuedThreadPool -- Runner started for QueuedThreadPool[Jetty (JenkinsRule)]@2ec4a31a{STARTING,8<=7<=200,i=7,r=-1,q=0}[ReservedThreadExecutor@22882e35{reserved=0/16,pending=0}]
18:14:26.739 [Executing mockGetSecret(org.conjur.jenkins.conjursecrets.ConjurSecretCredentialImplTest)] DEBUG org.eclipse.jetty.util.thread.QueuedThreadPool -- Starting Thread[Jetty (JenkinsRule)-303,5,main]
18:14:26.739 [Jetty (JenkinsRule)-302] DEBUG org.eclipse.jetty.util.thread.QueuedThreadPool -- Runner started for QueuedThreadPool[Jetty (JenkinsRule)]@2ec4a31a{STARTING,8<=8<=200,i=8,r=-1,q=0}[ReservedThreadExecutor@22882e35{reserved=0/16,pending=0}]
18:14:26.739 [Executing mockGetSecret(org.conjur.jenkins.conjursecrets.ConjurSecretCredentialImplTest)] DEBUG org.eclipse.jetty.util.component.AbstractLifeCycle -- STARTED @17297ms QueuedThreadPool[Jetty (JenkinsRule)]@2ec4a31a{STARTED,8<=8<=200,i=8,r=-1,q=0}[ReservedThreadExecutor@22882e35{reserved=0/16,pending=0}]
18:14:26.739 [Executing mockGetSecret(org.conjur.jenkins.conjursecrets.ConjurSecretCredentialImplTest)] DEBUG org.eclipse.jetty.util.component.AbstractLifeCycle -- starting o.e.j.w.WebAppContext@613e4289{/jenkins,file:///Users/sameer.shaik/MyWorkSpace/17OctV2.2.3-New-BitBucketIssueFixed/conjur-credentials-plugin/target/jenkins-for-test/,STOPPED}{/Users/sameer.shaik/MyWorkSpace/17OctV2.2.3-New-BitBucketIssueFixed/conjur-credentials-plugin/target/jenkins-for-test}
18:14:26.739 [Jetty (JenkinsRule)-303] DEBUG org.eclipse.jetty.util.thread.QueuedThreadPool -- Runner started for QueuedThreadPool[Jetty (JenkinsRule)]@2ec4a31a{STARTED,8<=8<=200,i=8,r=-1,q=0}[ReservedThreadExecutor@22882e35{reserved=0/16,pending=0}]
18:14:26.739 [Executing mockGetSecret(org.conjur.jenkins.conjursecrets.ConjurSecretCredentialImplTest)] DEBUG org.eclipse.jetty.webapp.WebAppContext -- Thread Context classloader jdk.internal.loader.ClassLoaders$AppClassLoader@5ffd2b27
18:14:26.739 [Executing mockGetSecret(org.conjur.jenkins.conjursecrets.ConjurSecretCredentialImplTest)] DEBUG org.eclipse.jetty.webapp.WebAppContext -- Parent class loader: jdk.internal.loader.ClassLoaders$PlatformClassLoader@41de5768 
18:14:26.739 [Executing mockGetSecret(org.conjur.jenkins.conjursecrets.ConjurSecretCredentialImplTest)] DEBUG org.eclipse.jetty.webapp.WebAppContext -- preConfigure o.e.j.w.WebAppContext@613e4289{/jenkins,file:///Users/sameer.shaik/MyWorkSpace/17OctV2.2.3-New-BitBucketIssueFixed/conjur-credentials-plugin/target/jenkins-for-test/,STOPPED}{/Users/sameer.shaik/MyWorkSpace/17OctV2.2.3-New-BitBucketIssueFixed/conjur-credentials-plugin/target/jenkins-for-test} with org.eclipse.jetty.webapp.WebXmlConfiguration@3704a3bc
18:14:26.741 [Executing mockGetSecret(org.conjur.jenkins.conjursecrets.ConjurSecretCredentialImplTest)] DEBUG org.eclipse.jetty.webapp.WebDescriptor -- jar:file:/Users/sameer.shaik/.m2/repository/org/eclipse/jetty/jetty-webapp/9.4.48.v20220622/jetty-webapp-9.4.48.v20220622.jar!/org/eclipse/jetty/webapp/webdefault.xml: Calculated metadatacomplete = False with version=3.1
18:14:26.743 [Executing mockGetSecret(org.conjur.jenkins.conjursecrets.ConjurSecretCredentialImplTest)] DEBUG org.eclipse.jetty.webapp.WebDescriptor -- file:///Users/sameer.shaik/MyWorkSpace/17OctV2.2.3-New-BitBucketIssueFixed/conjur-credentials-plugin/target/jenkins-for-test/WEB-INF/web.xml: Calculated metadatacomplete = True with version=3.1
18:14:26.743 [Executing mockGetSecret(org.conjur.jenkins.conjursecrets.ConjurSecretCredentialImplTest)] DEBUG org.eclipse.jetty.webapp.WebAppContext -- configure o.e.j.w.WebAppContext@613e4289{/jenkins,file:///Users/sameer.shaik/MyWorkSpace/17OctV2.2.3-New-BitBucketIssueFixed/conjur-credentials-plugin/target/jenkins-for-test/,STARTING}{/Users/sameer.shaik/MyWorkSpace/17OctV2.2.3-New-BitBucketIssueFixed/conjur-credentials-plugin/target/jenkins-for-test} with org.eclipse.jetty.webapp.WebXmlConfiguration@3704a3bc
18:14:26.743 [Executing mockGetSecret(org.conjur.jenkins.conjursecrets.ConjurSecretCredentialImplTest)] DEBUG org.eclipse.jetty.webapp.MetaData -- metadata resolve o.e.j.w.WebAppContext@613e4289{/jenkins,file:///Users/sameer.shaik/MyWorkSpace/17OctV2.2.3-New-BitBucketIssueFixed/conjur-credentials-plugin/target/jenkins-for-test/,STARTING}{/Users/sameer.shaik/MyWorkSpace/17OctV2.2.3-New-BitBucketIssueFixed/conjur-credentials-plugin/target/jenkins-for-test}
18:14:26.743 [Executing mockGetSecret(org.conjur.jenkins.conjursecrets.ConjurSecretCredentialImplTest)] DEBUG org.eclipse.jetty.util.component.ContainerLifeCycle -- ServletHandler@5faa77e2{STOPPED} added {org.eclipse.jetty.servlet.listener.ELContextCleaner@702acf9c{src=DESCRIPTOR:jar:file:/Users/sameer.shaik/.m2/repository/org/eclipse/jetty/jetty-webapp/9.4.48.v20220622/jetty-webapp-9.4.48.v20220622.jar!/org/eclipse/jetty/webapp/webdefault.xml},AUTO}
18:14:26.743 [Executing mockGetSecret(org.conjur.jenkins.conjursecrets.ConjurSecretCredentialImplTest)] DEBUG org.eclipse.jetty.util.component.ContainerLifeCycle -- ServletHandler@5faa77e2{STOPPED} added {org.eclipse.jetty.servlet.listener.IntrospectorCleaner@78a2c04d{src=DESCRIPTOR:jar:file:/Users/sameer.shaik/.m2/repository/org/eclipse/jetty/jetty-webapp/9.4.48.v20220622/jetty-webapp-9.4.48.v20220622.jar!/org/eclipse/jetty/webapp/webdefault.xml},AUTO}
18:14:26.743 [Executing mockGetSecret(org.conjur.jenkins.conjursecrets.ConjurSecretCredentialImplTest)] DEBUG org.eclipse.jetty.webapp.StandardDescriptorProcessor -- Added mapping [/]=>default 
18:14:26.744 [Executing mockGetSecret(org.conjur.jenkins.conjursecrets.ConjurSecretCredentialImplTest)] INFO org.eclipse.jetty.webapp.StandardDescriptorProcessor -- NO JSP Support for /jenkins, did not find org.eclipse.jetty.jsp.JettyJspServlet
18:14:26.744 [Executing mockGetSecret(org.conjur.jenkins.conjursecrets.ConjurSecretCredentialImplTest)] DEBUG org.eclipse.jetty.webapp.StandardDescriptorProcessor -- Added mapping [*.jsp, *.jspf, *.jspx, *.xsp, *.JSP, *.JSPF, *.JSPX, *.XSP]=>jsp 
18:14:26.744 [Executing mockGetSecret(org.conjur.jenkins.conjursecrets.ConjurSecretCredentialImplTest)] DEBUG org.eclipse.jetty.server.session -- SessionManager default maxInactiveInterval=1800
18:14:26.744 [Executing mockGetSecret(org.conjur.jenkins.conjursecrets.ConjurSecretCredentialImplTest)] DEBUG org.eclipse.jetty.util.component.ContainerLifeCycle -- ServletHandler@5faa77e2{STOPPED} added {default==org.eclipse.jetty.servlet.DefaultServlet@5c13d641{jsp=null,order=0,inst=false,async=false,src=DESCRIPTOR:jar:file:/Users/sameer.shaik/.m2/repository/org/eclipse/jetty/jetty-webapp/9.4.48.v20220622/jetty-webapp-9.4.48.v20220622.jar!/org/eclipse/jetty/webapp/webdefault.xml,STOPPED},AUTO}
18:14:26.744 [Executing mockGetSecret(org.conjur.jenkins.conjursecrets.ConjurSecretCredentialImplTest)] DEBUG org.eclipse.jetty.util.component.ContainerLifeCycle -- ServletHandler@5faa77e2{STOPPED} added {jsp==org.eclipse.jetty.servlet.NoJspServlet@19c47{jsp=null,order=0,inst=false,async=false,src=DESCRIPTOR:jar:file:/Users/sameer.shaik/.m2/repository/org/eclipse/jetty/jetty-webapp/9.4.48.v20220622/jetty-webapp-9.4.48.v20220622.jar!/org/eclipse/jetty/webapp/webdefault.xml,STOPPED},AUTO}
18:14:26.744 [Executing mockGetSecret(org.conjur.jenkins.conjursecrets.ConjurSecretCredentialImplTest)] DEBUG org.eclipse.jetty.util.component.ContainerLifeCycle -- ServletHandler@5faa77e2{STOPPED} added {[/]=>default,POJO}
18:14:26.744 [Executing mockGetSecret(org.conjur.jenkins.conjursecrets.ConjurSecretCredentialImplTest)] DEBUG org.eclipse.jetty.util.component.ContainerLifeCycle -- ServletHandler@5faa77e2{STOPPED} added {[*.jsp, *.jspf, *.jspx, *.xsp, *.JSP, *.JSPF, *.JSPX, *.XSP]=>jsp,POJO}
18:14:26.744 [Executing mockGetSecret(org.conjur.jenkins.conjursecrets.ConjurSecretCredentialImplTest)] DEBUG org.eclipse.jetty.webapp.StandardDescriptorProcessor -- Added mapping [/*]=>Stapler 
18:14:26.744 [Executing mockGetSecret(org.conjur.jenkins.conjursecrets.ConjurSecretCredentialImplTest)] DEBUG org.eclipse.jetty.util.component.ContainerLifeCycle -- ServletHandler@5faa77e2{STOPPED} added {jenkins.util.SystemProperties$Listener@1671257f{src=DESCRIPTOR:file:///Users/sameer.shaik/MyWorkSpace/17OctV2.2.3-New-BitBucketIssueFixed/conjur-credentials-plugin/target/jenkins-for-test/WEB-INF/web.xml},AUTO}
18:14:26.744 [Executing mockGetSecret(org.conjur.jenkins.conjursecrets.ConjurSecretCredentialImplTest)] DEBUG org.eclipse.jetty.util.component.ContainerLifeCycle -- ServletHandler@5faa77e2{STOPPED} added {hudson.WebAppMain@78bf2f54{src=DESCRIPTOR:file:///Users/sameer.shaik/MyWorkSpace/17OctV2.2.3-New-BitBucketIssueFixed/conjur-credentials-plugin/target/jenkins-for-test/WEB-INF/web.xml},AUTO}
18:14:26.744 [Executing mockGetSecret(org.conjur.jenkins.conjursecrets.ConjurSecretCredentialImplTest)] DEBUG org.eclipse.jetty.util.component.ContainerLifeCycle -- ServletHandler@5faa77e2{STOPPED} added {jenkins.JenkinsHttpSessionListener@86f91cf{src=DESCRIPTOR:file:///Users/sameer.shaik/MyWorkSpace/17OctV2.2.3-New-BitBucketIssueFixed/conjur-credentials-plugin/target/jenkins-for-test/WEB-INF/web.xml},AUTO}
18:14:26.745 [Executing mockGetSecret(org.conjur.jenkins.conjursecrets.ConjurSecretCredentialImplTest)] DEBUG org.eclipse.jetty.util.component.ContainerLifeCycle -- ServletHandler@5faa77e2{STOPPED} added {suspicious-request-filter==jenkins.security.SuspiciousRequestFilter@3202edb4{inst=false,async=true,src=DESCRIPTOR:file:///Users/sameer.shaik/MyWorkSpace/17OctV2.2.3-New-BitBucketIssueFixed/conjur-credentials-plugin/target/jenkins-for-test/WEB-INF/web.xml},AUTO}
18:14:26.745 [Executing mockGetSecret(org.conjur.jenkins.conjursecrets.ConjurSecretCredentialImplTest)] DEBUG org.eclipse.jetty.util.component.ContainerLifeCycle -- ServletHandler@5faa77e2{STOPPED} added {diagnostic-name-filter==org.kohsuke.stapler.DiagnosticThreadNameFilter@2dc77c56{inst=false,async=true,src=DESCRIPTOR:file:///Users/sameer.shaik/MyWorkSpace/17OctV2.2.3-New-BitBucketIssueFixed/conjur-credentials-plugin/target/jenkins-for-test/WEB-INF/web.xml},AUTO}
18:14:26.745 [Executing mockGetSecret(org.conjur.jenkins.conjursecrets.ConjurSecretCredentialImplTest)] DEBUG org.eclipse.jetty.util.component.ContainerLifeCycle -- ServletHandler@5faa77e2{STOPPED} added {encoding-filter==hudson.util.CharacterEncodingFilter@2c833335{inst=false,async=true,src=DESCRIPTOR:file:///Users/sameer.shaik/MyWorkSpace/17OctV2.2.3-New-BitBucketIssueFixed/conjur-credentials-plugin/target/jenkins-for-test/WEB-INF/web.xml},AUTO}
18:14:26.745 [Executing mockGetSecret(org.conjur.jenkins.conjursecrets.ConjurSecretCredentialImplTest)] DEBUG org.eclipse.jetty.util.component.ContainerLifeCycle -- ServletHandler@5faa77e2{STOPPED} added {compression-filter==org.kohsuke.stapler.compression.CompressionFilter@58162e83{inst=false,async=true,src=DESCRIPTOR:file:///Users/sameer.shaik/MyWorkSpace/17OctV2.2.3-New-BitBucketIssueFixed/conjur-credentials-plugin/target/jenkins-for-test/WEB-INF/web.xml},AUTO}
18:14:26.745 [Executing mockGetSecret(org.conjur.jenkins.conjursecrets.ConjurSecretCredentialImplTest)] DEBUG org.eclipse.jetty.util.component.ContainerLifeCycle -- ServletHandler@5faa77e2{STOPPED} added {authentication-filter==hudson.security.HudsonFilter@7ddc1778{inst=false,async=true,src=DESCRIPTOR:file:///Users/sameer.shaik/MyWorkSpace/17OctV2.2.3-New-BitBucketIssueFixed/conjur-credentials-plugin/target/jenkins-for-test/WEB-INF/web.xml},AUTO}
18:14:26.745 [Executing mockGetSecret(org.conjur.jenkins.conjursecrets.ConjurSecretCredentialImplTest)] DEBUG org.eclipse.jetty.util.component.ContainerLifeCycle -- ServletHandler@5faa77e2{STOPPED} added {csrf-filter==hudson.security.csrf.CrumbFilter@6beff159{inst=false,async=true,src=DESCRIPTOR:file:///Users/sameer.shaik/MyWorkSpace/17OctV2.2.3-New-BitBucketIssueFixed/conjur-credentials-plugin/target/jenkins-for-test/WEB-INF/web.xml},AUTO}
18:14:26.745 [Executing mockGetSecret(org.conjur.jenkins.conjursecrets.ConjurSecretCredentialImplTest)] DEBUG org.eclipse.jetty.util.component.ContainerLifeCycle -- ServletHandler@5faa77e2{STOPPED} added {plugins-filter==hudson.util.PluginServletFilter@5e407d8a{inst=false,async=true,src=DESCRIPTOR:file:///Users/sameer.shaik/MyWorkSpace/17OctV2.2.3-New-BitBucketIssueFixed/conjur-credentials-plugin/target/jenkins-for-test/WEB-INF/web.xml},AUTO}
18:14:26.745 [Executing mockGetSecret(org.conjur.jenkins.conjursecrets.ConjurSecretCredentialImplTest)] DEBUG org.eclipse.jetty.util.component.ContainerLifeCycle -- ServletHandler@5faa77e2{STOPPED} added {Stapler==org.kohsuke.stapler.Stapler@f222d1a9{jsp=null,order=-1,inst=false,async=true,src=DESCRIPTOR:file:///Users/sameer.shaik/MyWorkSpace/17OctV2.2.3-New-BitBucketIssueFixed/conjur-credentials-plugin/target/jenkins-for-test/WEB-INF/web.xml,STOPPED},AUTO}
18:14:26.745 [Executing mockGetSecret(org.conjur.jenkins.conjursecrets.ConjurSecretCredentialImplTest)] DEBUG org.eclipse.jetty.util.component.ContainerLifeCycle -- ServletHandler@5faa77e2{STOPPED} added {[/*]/[]/[REQUEST]=>suspicious-request-filter,POJO}
18:14:26.745 [Executing mockGetSecret(org.conjur.jenkins.conjursecrets.ConjurSecretCredentialImplTest)] DEBUG org.eclipse.jetty.util.component.ContainerLifeCycle -- ServletHandler@5faa77e2{STOPPED} added {[/*]/[]/[REQUEST]=>diagnostic-name-filter,POJO}
18:14:26.745 [Executing mockGetSecret(org.conjur.jenkins.conjursecrets.ConjurSecretCredentialImplTest)] DEBUG org.eclipse.jetty.util.component.ContainerLifeCycle -- ServletHandler@5faa77e2{STOPPED} added {[/*]/[]/[REQUEST]=>encoding-filter,POJO}
18:14:26.745 [Executing mockGetSecret(org.conjur.jenkins.conjursecrets.ConjurSecretCredentialImplTest)] DEBUG org.eclipse.jetty.util.component.ContainerLifeCycle -- ServletHandler@5faa77e2{STOPPED} added {[/*]/[]/[REQUEST]=>compression-filter,POJO}
18:14:26.745 [Executing mockGetSecret(org.conjur.jenkins.conjursecrets.ConjurSecretCredentialImplTest)] DEBUG org.eclipse.jetty.util.component.ContainerLifeCycle -- ServletHandler@5faa77e2{STOPPED} added {[/*]/[]/[REQUEST]=>authentication-filter,POJO}
18:14:26.745 [Executing mockGetSecret(org.conjur.jenkins.conjursecrets.ConjurSecretCredentialImplTest)] DEBUG org.eclipse.jetty.util.component.ContainerLifeCycle -- ServletHandler@5faa77e2{STOPPED} added {[/*]/[]/[REQUEST]=>csrf-filter,POJO}
18:14:26.745 [Executing mockGetSecret(org.conjur.jenkins.conjursecrets.ConjurSecretCredentialImplTest)] DEBUG org.eclipse.jetty.util.component.ContainerLifeCycle -- ServletHandler@5faa77e2{STOPPED} added {[/*]/[]/[REQUEST]=>plugins-filter,POJO}
18:14:26.745 [Executing mockGetSecret(org.conjur.jenkins.conjursecrets.ConjurSecretCredentialImplTest)] DEBUG org.eclipse.jetty.util.component.ContainerLifeCycle -- ServletHandler@5faa77e2{STOPPED} added {[/*]=>Stapler,POJO}
18:14:26.745 [Executing mockGetSecret(org.conjur.jenkins.conjursecrets.ConjurSecretCredentialImplTest)] DEBUG org.eclipse.jetty.util.component.AbstractLifeCycle -- starting org.eclipse.jetty.servlet.listener.ELContextCleaner@702acf9c{src=DESCRIPTOR:jar:file:/Users/sameer.shaik/.m2/repository/org/eclipse/jetty/jetty-webapp/9.4.48.v20220622/jetty-webapp-9.4.48.v20220622.jar!/org/eclipse/jetty/webapp/webdefault.xml}
18:14:26.745 [Executing mockGetSecret(org.conjur.jenkins.conjursecrets.ConjurSecretCredentialImplTest)] DEBUG org.eclipse.jetty.servlet.BaseHolder -- Holding class org.eclipse.jetty.servlet.listener.ELContextCleaner from jdk.internal.loader.ClassLoaders$AppClassLoader@5ffd2b27
18:14:26.745 [Executing mockGetSecret(org.conjur.jenkins.conjursecrets.ConjurSecretCredentialImplTest)] DEBUG org.eclipse.jetty.util.component.AbstractLifeCycle -- STARTED @17303ms org.eclipse.jetty.servlet.listener.ELContextCleaner@702acf9c{src=DESCRIPTOR:jar:file:/Users/sameer.shaik/.m2/repository/org/eclipse/jetty/jetty-webapp/9.4.48.v20220622/jetty-webapp-9.4.48.v20220622.jar!/org/eclipse/jetty/webapp/webdefault.xml}
18:14:26.745 [Executing mockGetSecret(org.conjur.jenkins.conjursecrets.ConjurSecretCredentialImplTest)] DEBUG org.eclipse.jetty.util.component.AbstractLifeCycle -- starting org.eclipse.jetty.servlet.listener.IntrospectorCleaner@78a2c04d{src=DESCRIPTOR:jar:file:/Users/sameer.shaik/.m2/repository/org/eclipse/jetty/jetty-webapp/9.4.48.v20220622/jetty-webapp-9.4.48.v20220622.jar!/org/eclipse/jetty/webapp/webdefault.xml}
18:14:26.745 [Executing mockGetSecret(org.conjur.jenkins.conjursecrets.ConjurSecretCredentialImplTest)] DEBUG org.eclipse.jetty.servlet.BaseHolder -- Holding class org.eclipse.jetty.servlet.listener.IntrospectorCleaner from jdk.internal.loader.ClassLoaders$AppClassLoader@5ffd2b27
18:14:26.745 [Executing mockGetSecret(org.conjur.jenkins.conjursecrets.ConjurSecretCredentialImplTest)] DEBUG org.eclipse.jetty.util.component.AbstractLifeCycle -- STARTED @17303ms org.eclipse.jetty.servlet.listener.IntrospectorCleaner@78a2c04d{src=DESCRIPTOR:jar:file:/Users/sameer.shaik/.m2/repository/org/eclipse/jetty/jetty-webapp/9.4.48.v20220622/jetty-webapp-9.4.48.v20220622.jar!/org/eclipse/jetty/webapp/webdefault.xml}
18:14:26.745 [Executing mockGetSecret(org.conjur.jenkins.conjursecrets.ConjurSecretCredentialImplTest)] DEBUG org.eclipse.jetty.util.component.AbstractLifeCycle -- starting jenkins.util.SystemProperties$Listener@1671257f{src=DESCRIPTOR:file:///Users/sameer.shaik/MyWorkSpace/17OctV2.2.3-New-BitBucketIssueFixed/conjur-credentials-plugin/target/jenkins-for-test/WEB-INF/web.xml}
18:14:26.745 [Executing mockGetSecret(org.conjur.jenkins.conjursecrets.ConjurSecretCredentialImplTest)] DEBUG org.eclipse.jetty.servlet.BaseHolder -- Holding class jenkins.util.SystemProperties$Listener from jdk.internal.loader.ClassLoaders$AppClassLoader@5ffd2b27
18:14:26.745 [Executing mockGetSecret(org.conjur.jenkins.conjursecrets.ConjurSecretCredentialImplTest)] DEBUG org.eclipse.jetty.util.component.AbstractLifeCycle -- STARTED @17303ms jenkins.util.SystemProperties$Listener@1671257f{src=DESCRIPTOR:file:///Users/sameer.shaik/MyWorkSpace/17OctV2.2.3-New-BitBucketIssueFixed/conjur-credentials-plugin/target/jenkins-for-test/WEB-INF/web.xml}
18:14:26.745 [Executing mockGetSecret(org.conjur.jenkins.conjursecrets.ConjurSecretCredentialImplTest)] DEBUG org.eclipse.jetty.util.component.AbstractLifeCycle -- starting hudson.WebAppMain@78bf2f54{src=DESCRIPTOR:file:///Users/sameer.shaik/MyWorkSpace/17OctV2.2.3-New-BitBucketIssueFixed/conjur-credentials-plugin/target/jenkins-for-test/WEB-INF/web.xml}
18:14:26.745 [Executing mockGetSecret(org.conjur.jenkins.conjursecrets.ConjurSecretCredentialImplTest)] DEBUG org.eclipse.jetty.servlet.BaseHolder -- Holding class hudson.WebAppMain from jdk.internal.loader.ClassLoaders$AppClassLoader@5ffd2b27
18:14:26.745 [Executing mockGetSecret(org.conjur.jenkins.conjursecrets.ConjurSecretCredentialImplTest)] DEBUG org.eclipse.jetty.util.component.AbstractLifeCycle -- STARTED @17303ms hudson.WebAppMain@78bf2f54{src=DESCRIPTOR:file:///Users/sameer.shaik/MyWorkSpace/17OctV2.2.3-New-BitBucketIssueFixed/conjur-credentials-plugin/target/jenkins-for-test/WEB-INF/web.xml}
18:14:26.745 [Executing mockGetSecret(org.conjur.jenkins.conjursecrets.ConjurSecretCredentialImplTest)] DEBUG org.eclipse.jetty.util.component.AbstractLifeCycle -- starting jenkins.JenkinsHttpSessionListener@86f91cf{src=DESCRIPTOR:file:///Users/sameer.shaik/MyWorkSpace/17OctV2.2.3-New-BitBucketIssueFixed/conjur-credentials-plugin/target/jenkins-for-test/WEB-INF/web.xml}
18:14:26.745 [Executing mockGetSecret(org.conjur.jenkins.conjursecrets.ConjurSecretCredentialImplTest)] DEBUG org.eclipse.jetty.servlet.BaseHolder -- Holding class jenkins.JenkinsHttpSessionListener from jdk.internal.loader.ClassLoaders$AppClassLoader@5ffd2b27
18:14:26.745 [Executing mockGetSecret(org.conjur.jenkins.conjursecrets.ConjurSecretCredentialImplTest)] DEBUG org.eclipse.jetty.util.component.ContainerLifeCycle -- org.eclipse.jetty.server.session.SessionHandler313040656==dftMaxIdleSec=1800 added {jenkins.JenkinsHttpSessionListener@374b32f7,UNMANAGED}
18:14:26.745 [Executing mockGetSecret(org.conjur.jenkins.conjursecrets.ConjurSecretCredentialImplTest)] DEBUG org.eclipse.jetty.util.component.AbstractLifeCycle -- STARTED @17303ms jenkins.JenkinsHttpSessionListener@86f91cf{src=DESCRIPTOR:file:///Users/sameer.shaik/MyWorkSpace/17OctV2.2.3-New-BitBucketIssueFixed/conjur-credentials-plugin/target/jenkins-for-test/WEB-INF/web.xml}
18:14:26.745 [Executing mockGetSecret(org.conjur.jenkins.conjursecrets.ConjurSecretCredentialImplTest)] DEBUG org.eclipse.jetty.server.handler.AbstractHandler -- starting o.e.j.w.WebAppContext@613e4289{Jenkins v2.346.3,/jenkins,file:///Users/sameer.shaik/MyWorkSpace/17OctV2.2.3-New-BitBucketIssueFixed/conjur-credentials-plugin/target/jenkins-for-test/,STARTING}{/Users/sameer.shaik/MyWorkSpace/17OctV2.2.3-New-BitBucketIssueFixed/conjur-credentials-plugin/target/jenkins-for-test}
18:14:26.745 [Executing mockGetSecret(org.conjur.jenkins.conjursecrets.ConjurSecretCredentialImplTest)] DEBUG org.eclipse.jetty.util.component.AbstractLifeCycle -- starting SymlinkAllowedResourceAliasChecker@6a69e1c7{base=null,protected=[/WEB-INF, /META-INF]}
18:14:26.745 [Executing mockGetSecret(org.conjur.jenkins.conjursecrets.ConjurSecretCredentialImplTest)] DEBUG org.eclipse.jetty.util.component.AbstractLifeCycle -- STARTED @17303ms SymlinkAllowedResourceAliasChecker@6a69e1c7{base=null,protected=[/WEB-INF, /META-INF]}
18:14:26.745 [Executing mockGetSecret(org.conjur.jenkins.conjursecrets.ConjurSecretCredentialImplTest)] DEBUG org.eclipse.jetty.util.component.AbstractLifeCycle -- starting org.eclipse.jetty.server.session.SessionHandler313040656==dftMaxIdleSec=1800
18:14:26.745 [Executing mockGetSecret(org.conjur.jenkins.conjursecrets.ConjurSecretCredentialImplTest)] DEBUG org.eclipse.jetty.util.component.ContainerLifeCycle -- org.eclipse.jetty.server.session.SessionHandler313040656==dftMaxIdleSec=1800 added {org.eclipse.jetty.server.session.DefaultSessionCache@2ab194b1[evict=-1,removeUnloadable=false,saveOnCreate=false,saveOnInactiveEvict=false],AUTO}
18:14:26.746 [Executing mockGetSecret(org.conjur.jenkins.conjursecrets.ConjurSecretCredentialImplTest)] DEBUG org.eclipse.jetty.util.component.ContainerLifeCycle -- org.eclipse.jetty.server.session.DefaultSessionCache@2ab194b1[evict=-1,removeUnloadable=false,saveOnCreate=false,saveOnInactiveEvict=false] added {org.eclipse.jetty.server.session.NullSessionDataStore@3ec0cd87[passivating=false,graceSec=3600],AUTO}
18:14:26.746 [Executing mockGetSecret(org.conjur.jenkins.conjursecrets.ConjurSecretCredentialImplTest)] DEBUG org.eclipse.jetty.util.component.AbstractLifeCycle -- starting DefaultSessionIdManager@63b14bf8{STOPPED}[worker=null]
18:14:26.746 [Executing mockGetSecret(org.conjur.jenkins.conjursecrets.ConjurSecretCredentialImplTest)] INFO org.eclipse.jetty.server.session -- DefaultSessionIdManager workerName=node0
18:14:26.746 [Executing mockGetSecret(org.conjur.jenkins.conjursecrets.ConjurSecretCredentialImplTest)] INFO org.eclipse.jetty.server.session -- No SessionScavenger set, using defaults
18:14:26.746 [Executing mockGetSecret(org.conjur.jenkins.conjursecrets.ConjurSecretCredentialImplTest)] DEBUG org.eclipse.jetty.util.component.ContainerLifeCycle -- DefaultSessionIdManager@63b14bf8{STARTING}[worker=node0] added {HouseKeeper@d8301f3{STOPPED}[interval=600000, ownscheduler=false],MANAGED}
18:14:26.746 [Executing mockGetSecret(org.conjur.jenkins.conjursecrets.ConjurSecretCredentialImplTest)] DEBUG org.eclipse.jetty.util.component.AbstractLifeCycle -- starting HouseKeeper@d8301f3{STOPPED}[interval=600000, ownscheduler=false]
18:14:26.746 [Executing mockGetSecret(org.conjur.jenkins.conjursecrets.ConjurSecretCredentialImplTest)] DEBUG org.eclipse.jetty.util.component.AbstractLifeCycle -- starting ScheduledExecutorScheduler@2b3108ee{STOPPED}
18:14:26.746 [Executing mockGetSecret(org.conjur.jenkins.conjursecrets.ConjurSecretCredentialImplTest)] DEBUG org.eclipse.jetty.util.component.AbstractLifeCycle -- STARTED @17303ms ScheduledExecutorScheduler@2b3108ee{STARTED}
18:14:26.746 [Executing mockGetSecret(org.conjur.jenkins.conjursecrets.ConjurSecretCredentialImplTest)] DEBUG org.eclipse.jetty.server.session -- Using own scheduler for scavenging
18:14:26.746 [Executing mockGetSecret(org.conjur.jenkins.conjursecrets.ConjurSecretCredentialImplTest)] INFO org.eclipse.jetty.server.session -- node0 Scavenging every 660000ms
18:14:26.746 [Executing mockGetSecret(org.conjur.jenkins.conjursecrets.ConjurSecretCredentialImplTest)] DEBUG org.eclipse.jetty.util.component.AbstractLifeCycle -- STARTED @17304ms HouseKeeper@d8301f3{STARTED}[interval=660000, ownscheduler=true]
18:14:26.746 [Executing mockGetSecret(org.conjur.jenkins.conjursecrets.ConjurSecretCredentialImplTest)] DEBUG org.eclipse.jetty.util.component.AbstractLifeCycle -- STARTED @17304ms DefaultSessionIdManager@63b14bf8{STARTED}[worker=node0]
18:14:26.746 [Executing mockGetSecret(org.conjur.jenkins.conjursecrets.ConjurSecretCredentialImplTest)] DEBUG org.eclipse.jetty.util.component.ContainerLifeCycle -- Server@243cc86a{STARTING}[9.4.48.v20220622] added {DefaultSessionIdManager@63b14bf8{STARTED}[worker=node0],MANAGED}
18:14:26.746 [Executing mockGetSecret(org.conjur.jenkins.conjursecrets.ConjurSecretCredentialImplTest)] DEBUG org.eclipse.jetty.util.component.ContainerLifeCycle -- org.eclipse.jetty.server.session.SessionHandler313040656==dftMaxIdleSec=1800 added {DefaultSessionIdManager@63b14bf8{STARTED}[worker=node0],UNMANAGED}
18:14:26.746 [Executing mockGetSecret(org.conjur.jenkins.conjursecrets.ConjurSecretCredentialImplTest)] DEBUG org.eclipse.jetty.util.component.AbstractLifeCycle -- starting ScheduledExecutorScheduler@7a2233fd{STOPPED}
18:14:26.746 [Executing mockGetSecret(org.conjur.jenkins.conjursecrets.ConjurSecretCredentialImplTest)] DEBUG org.eclipse.jetty.util.component.AbstractLifeCycle -- STARTED @17304ms ScheduledExecutorScheduler@7a2233fd{STARTED}
18:14:26.746 [Executing mockGetSecret(org.conjur.jenkins.conjursecrets.ConjurSecretCredentialImplTest)] DEBUG org.eclipse.jetty.server.handler.AbstractHandler -- starting org.eclipse.jetty.server.session.SessionHandler313040656==dftMaxIdleSec=1800
18:14:26.746 [Executing mockGetSecret(org.conjur.jenkins.conjursecrets.ConjurSecretCredentialImplTest)] DEBUG org.eclipse.jetty.util.component.AbstractLifeCycle -- starting ConstraintSecurityHandler@111bdc6{STOPPED}
18:14:26.746 [Executing mockGetSecret(org.conjur.jenkins.conjursecrets.ConjurSecretCredentialImplTest)] DEBUG org.eclipse.jetty.util.component.ContainerLifeCycle -- ConstraintSecurityHandler@111bdc6{STARTING} added {org.eclipse.jetty.security.DefaultIdentityService@35b6aa44,POJO}
18:14:26.746 [Executing mockGetSecret(org.conjur.jenkins.conjursecrets.ConjurSecretCredentialImplTest)] DEBUG org.eclipse.jetty.security.SecurityHandler -- Created authenticator org.eclipse.jetty.security.authentication.FormAuthenticator@6fbb39d3 with org.eclipse.jetty.security.DefaultAuthenticatorFactory@433300e3
18:14:26.746 [Executing mockGetSecret(org.conjur.jenkins.conjursecrets.ConjurSecretCredentialImplTest)] DEBUG org.eclipse.jetty.util.component.ContainerLifeCycle -- ConstraintSecurityHandler@111bdc6{STARTING} added {org.eclipse.jetty.security.authentication.FormAuthenticator@6fbb39d3,POJO}
18:14:26.746 [Executing mockGetSecret(org.conjur.jenkins.conjursecrets.ConjurSecretCredentialImplTest)] DEBUG org.eclipse.jetty.server.handler.AbstractHandler -- starting ConstraintSecurityHandler@111bdc6{STARTING}
18:14:26.746 [Executing mockGetSecret(org.conjur.jenkins.conjursecrets.ConjurSecretCredentialImplTest)] DEBUG org.eclipse.jetty.util.component.AbstractLifeCycle -- starting ServletHandler@5faa77e2{STOPPED}
18:14:26.746 [Executing mockGetSecret(org.conjur.jenkins.conjursecrets.ConjurSecretCredentialImplTest)] DEBUG org.eclipse.jetty.servlet.ServletHandler -- Path=*.jspx[DESCRIPTOR:jar:file:/Users/sameer.shaik/.m2/repository/org/eclipse/jetty/jetty-webapp/9.4.48.v20220622/jetty-webapp-9.4.48.v20220622.jar!/org/eclipse/jetty/webapp/webdefault.xml] mapped to servlet=jsp[DESCRIPTOR:jar:file:/Users/sameer.shaik/.m2/repository/org/eclipse/jetty/jetty-webapp/9.4.48.v20220622/jetty-webapp-9.4.48.v20220622.jar!/org/eclipse/jetty/webapp/webdefault.xml]
18:14:26.746 [Executing mockGetSecret(org.conjur.jenkins.conjursecrets.ConjurSecretCredentialImplTest)] DEBUG org.eclipse.jetty.http.pathmap.ServletPathSpec -- Creating ServletPathSpec[*.jspx] (group: SUFFIX_GLOB, prefix: "null", suffix: "jspx")
18:14:26.746 [Executing mockGetSecret(org.conjur.jenkins.conjursecrets.ConjurSecretCredentialImplTest)] DEBUG org.eclipse.jetty.http.pathmap.PathMappings -- Added MappedResource[pathSpec=ServletPathSpec@96a7cfb7{*.jspx},resource=jsp==org.eclipse.jetty.servlet.NoJspServlet@19c47{jsp=null,order=0,inst=false,async=false,src=DESCRIPTOR:jar:file:/Users/sameer.shaik/.m2/repository/org/eclipse/jetty/jetty-webapp/9.4.48.v20220622/jetty-webapp-9.4.48.v20220622.jar!/org/eclipse/jetty/webapp/webdefault.xml,STOPPED}] to PathMappings[size=1]
18:14:26.746 [Executing mockGetSecret(org.conjur.jenkins.conjursecrets.ConjurSecretCredentialImplTest)] DEBUG org.eclipse.jetty.servlet.ServletHandler -- Path=*.JSPX[DESCRIPTOR:jar:file:/Users/sameer.shaik/.m2/repository/org/eclipse/jetty/jetty-webapp/9.4.48.v20220622/jetty-webapp-9.4.48.v20220622.jar!/org/eclipse/jetty/webapp/webdefault.xml] mapped to servlet=jsp[DESCRIPTOR:jar:file:/Users/sameer.shaik/.m2/repository/org/eclipse/jetty/jetty-webapp/9.4.48.v20220622/jetty-webapp-9.4.48.v20220622.jar!/org/eclipse/jetty/webapp/webdefault.xml]
18:14:26.746 [Executing mockGetSecret(org.conjur.jenkins.conjursecrets.ConjurSecretCredentialImplTest)] DEBUG org.eclipse.jetty.http.pathmap.ServletPathSpec -- Creating ServletPathSpec[*.JSPX] (group: SUFFIX_GLOB, prefix: "null", suffix: "JSPX")
18:14:26.746 [Executing mockGetSecret(org.conjur.jenkins.conjursecrets.ConjurSecretCredentialImplTest)] DEBUG org.eclipse.jetty.http.pathmap.PathMappings -- Added MappedResource[pathSpec=ServletPathSpec@94d5d7b7{*.JSPX},resource=jsp==org.eclipse.jetty.servlet.NoJspServlet@19c47{jsp=null,order=0,inst=false,async=false,src=DESCRIPTOR:jar:file:/Users/sameer.shaik/.m2/repository/org/eclipse/jetty/jetty-webapp/9.4.48.v20220622/jetty-webapp-9.4.48.v20220622.jar!/org/eclipse/jetty/webapp/webdefault.xml,STOPPED}] to PathMappings[size=2]
18:14:26.746 [Executing mockGetSecret(org.conjur.jenkins.conjursecrets.ConjurSecretCredentialImplTest)] DEBUG org.eclipse.jetty.servlet.ServletHandler -- Path=*.JSPF[DESCRIPTOR:jar:file:/Users/sameer.shaik/.m2/repository/org/eclipse/jetty/jetty-webapp/9.4.48.v20220622/jetty-webapp-9.4.48.v20220622.jar!/org/eclipse/jetty/webapp/webdefault.xml] mapped to servlet=jsp[DESCRIPTOR:jar:file:/Users/sameer.shaik/.m2/repository/org/eclipse/jetty/jetty-webapp/9.4.48.v20220622/jetty-webapp-9.4.48.v20220622.jar!/org/eclipse/jetty/webapp/webdefault.xml]
18:14:26.746 [Executing mockGetSecret(org.conjur.jenkins.conjursecrets.ConjurSecretCredentialImplTest)] DEBUG org.eclipse.jetty.http.pathmap.ServletPathSpec -- Creating ServletPathSpec[*.JSPF] (group: SUFFIX_GLOB, prefix: "null", suffix: "JSPF")
18:14:26.746 [Executing mockGetSecret(org.conjur.jenkins.conjursecrets.ConjurSecretCredentialImplTest)] DEBUG org.eclipse.jetty.http.pathmap.PathMappings -- Added MappedResource[pathSpec=ServletPathSpec@94d5d589{*.JSPF},resource=jsp==org.eclipse.jetty.servlet.NoJspServlet@19c47{jsp=null,order=0,inst=false,async=false,src=DESCRIPTOR:jar:file:/Users/sameer.shaik/.m2/repository/org/eclipse/jetty/jetty-webapp/9.4.48.v20220622/jetty-webapp-9.4.48.v20220622.jar!/org/eclipse/jetty/webapp/webdefault.xml,STOPPED}] to PathMappings[size=3]
18:14:26.746 [Executing mockGetSecret(org.conjur.jenkins.conjursecrets.ConjurSecretCredentialImplTest)] DEBUG org.eclipse.jetty.servlet.ServletHandler -- Path=*.jsp[DESCRIPTOR:jar:file:/Users/sameer.shaik/.m2/repository/org/eclipse/jetty/jetty-webapp/9.4.48.v20220622/jetty-webapp-9.4.48.v20220622.jar!/org/eclipse/jetty/webapp/webdefault.xml] mapped to servlet=jsp[DESCRIPTOR:jar:file:/Users/sameer.shaik/.m2/repository/org/eclipse/jetty/jetty-webapp/9.4.48.v20220622/jetty-webapp-9.4.48.v20220622.jar!/org/eclipse/jetty/webapp/webdefault.xml]
18:14:26.746 [Executing mockGetSecret(org.conjur.jenkins.conjursecrets.ConjurSecretCredentialImplTest)] DEBUG org.eclipse.jetty.http.pathmap.ServletPathSpec -- Creating ServletPathSpec[*.jsp] (group: SUFFIX_GLOB, prefix: "null", suffix: "jsp")
18:14:26.747 [Executing mockGetSecret(org.conjur.jenkins.conjursecrets.ConjurSecretCredentialImplTest)] DEBUG org.eclipse.jetty.http.pathmap.PathMappings -- Added MappedResource[pathSpec=ServletPathSpec@debd2188{*.jsp},resource=jsp==org.eclipse.jetty.servlet.NoJspServlet@19c47{jsp=null,order=0,inst=false,async=false,src=DESCRIPTOR:jar:file:/Users/sameer.shaik/.m2/repository/org/eclipse/jetty/jetty-webapp/9.4.48.v20220622/jetty-webapp-9.4.48.v20220622.jar!/org/eclipse/jetty/webapp/webdefault.xml,STOPPED}] to PathMappings[size=4]
18:14:26.747 [Executing mockGetSecret(org.conjur.jenkins.conjursecrets.ConjurSecretCredentialImplTest)] DEBUG org.eclipse.jetty.servlet.ServletHandler -- Path=*.JSP[DESCRIPTOR:jar:file:/Users/sameer.shaik/.m2/repository/org/eclipse/jetty/jetty-webapp/9.4.48.v20220622/jetty-webapp-9.4.48.v20220622.jar!/org/eclipse/jetty/webapp/webdefault.xml] mapped to servlet=jsp[DESCRIPTOR:jar:file:/Users/sameer.shaik/.m2/repository/org/eclipse/jetty/jetty-webapp/9.4.48.v20220622/jetty-webapp-9.4.48.v20220622.jar!/org/eclipse/jetty/webapp/webdefault.xml]
18:14:26.747 [Executing mockGetSecret(org.conjur.jenkins.conjursecrets.ConjurSecretCredentialImplTest)] DEBUG org.eclipse.jetty.http.pathmap.ServletPathSpec -- Creating ServletPathSpec[*.JSP] (group: SUFFIX_GLOB, prefix: "null", suffix: "JSP")
18:14:26.747 [Executing mockGetSecret(org.conjur.jenkins.conjursecrets.ConjurSecretCredentialImplTest)] DEBUG org.eclipse.jetty.http.pathmap.PathMappings -- Added MappedResource[pathSpec=ServletPathSpec@deae19a8{*.JSP},resource=jsp==org.eclipse.jetty.servlet.NoJspServlet@19c47{jsp=null,order=0,inst=false,async=false,src=DESCRIPTOR:jar:file:/Users/sameer.shaik/.m2/repository/org/eclipse/jetty/jetty-webapp/9.4.48.v20220622/jetty-webapp-9.4.48.v20220622.jar!/org/eclipse/jetty/webapp/webdefault.xml,STOPPED}] to PathMappings[size=5]
18:14:26.747 [Executing mockGetSecret(org.conjur.jenkins.conjursecrets.ConjurSecretCredentialImplTest)] DEBUG org.eclipse.jetty.servlet.ServletHandler -- Path=*.jspf[DESCRIPTOR:jar:file:/Users/sameer.shaik/.m2/repository/org/eclipse/jetty/jetty-webapp/9.4.48.v20220622/jetty-webapp-9.4.48.v20220622.jar!/org/eclipse/jetty/webapp/webdefault.xml] mapped to servlet=jsp[DESCRIPTOR:jar:file:/Users/sameer.shaik/.m2/repository/org/eclipse/jetty/jetty-webapp/9.4.48.v20220622/jetty-webapp-9.4.48.v20220622.jar!/org/eclipse/jetty/webapp/webdefault.xml]
18:14:26.747 [Executing mockGetSecret(org.conjur.jenkins.conjursecrets.ConjurSecretCredentialImplTest)] DEBUG org.eclipse.jetty.http.pathmap.ServletPathSpec -- Creating ServletPathSpec[*.jspf] (group: SUFFIX_GLOB, prefix: "null", suffix: "jspf")
18:14:26.747 [Executing mockGetSecret(org.conjur.jenkins.conjursecrets.ConjurSecretCredentialImplTest)] DEBUG org.eclipse.jetty.http.pathmap.PathMappings -- Added MappedResource[pathSpec=ServletPathSpec@96a7cd89{*.jspf},resource=jsp==org.eclipse.jetty.servlet.NoJspServlet@19c47{jsp=null,order=0,inst=false,async=false,src=DESCRIPTOR:jar:file:/Users/sameer.shaik/.m2/repository/org/eclipse/jetty/jetty-webapp/9.4.48.v20220622/jetty-webapp-9.4.48.v20220622.jar!/org/eclipse/jetty/webapp/webdefault.xml,STOPPED}] to PathMappings[size=6]
18:14:26.747 [Executing mockGetSecret(org.conjur.jenkins.conjursecrets.ConjurSecretCredentialImplTest)] DEBUG org.eclipse.jetty.servlet.ServletHandler -- Path=*.XSP[DESCRIPTOR:jar:file:/Users/sameer.shaik/.m2/repository/org/eclipse/jetty/jetty-webapp/9.4.48.v20220622/jetty-webapp-9.4.48.v20220622.jar!/org/eclipse/jetty/webapp/webdefault.xml] mapped to servlet=jsp[DESCRIPTOR:jar:file:/Users/sameer.shaik/.m2/repository/org/eclipse/jetty/jetty-webapp/9.4.48.v20220622/jetty-webapp-9.4.48.v20220622.jar!/org/eclipse/jetty/webapp/webdefault.xml]
18:14:26.747 [Executing mockGetSecret(org.conjur.jenkins.conjursecrets.ConjurSecretCredentialImplTest)] DEBUG org.eclipse.jetty.http.pathmap.ServletPathSpec -- Creating ServletPathSpec[*.XSP] (group: SUFFIX_GLOB, prefix: "null", suffix: "XSP")
18:14:26.747 [Executing mockGetSecret(org.conjur.jenkins.conjursecrets.ConjurSecretCredentialImplTest)] DEBUG org.eclipse.jetty.http.pathmap.PathMappings -- Added MappedResource[pathSpec=ServletPathSpec@deb476da{*.XSP},resource=jsp==org.eclipse.jetty.servlet.NoJspServlet@19c47{jsp=null,order=0,inst=false,async=false,src=DESCRIPTOR:jar:file:/Users/sameer.shaik/.m2/repository/org/eclipse/jetty/jetty-webapp/9.4.48.v20220622/jetty-webapp-9.4.48.v20220622.jar!/org/eclipse/jetty/webapp/webdefault.xml,STOPPED}] to PathMappings[size=7]
18:14:26.747 [Executing mockGetSecret(org.conjur.jenkins.conjursecrets.ConjurSecretCredentialImplTest)] DEBUG org.eclipse.jetty.servlet.ServletHandler -- Path=*.xsp[DESCRIPTOR:jar:file:/Users/sameer.shaik/.m2/repository/org/eclipse/jetty/jetty-webapp/9.4.48.v20220622/jetty-webapp-9.4.48.v20220622.jar!/org/eclipse/jetty/webapp/webdefault.xml] mapped to servlet=jsp[DESCRIPTOR:jar:file:/Users/sameer.shaik/.m2/repository/org/eclipse/jetty/jetty-webapp/9.4.48.v20220622/jetty-webapp-9.4.48.v20220622.jar!/org/eclipse/jetty/webapp/webdefault.xml]
18:14:26.747 [Executing mockGetSecret(org.conjur.jenkins.conjursecrets.ConjurSecretCredentialImplTest)] DEBUG org.eclipse.jetty.http.pathmap.ServletPathSpec -- Creating ServletPathSpec[*.xsp] (group: SUFFIX_GLOB, prefix: "null", suffix: "xsp")
18:14:26.747 [Executing mockGetSecret(org.conjur.jenkins.conjursecrets.ConjurSecretCredentialImplTest)] DEBUG org.eclipse.jetty.http.pathmap.PathMappings -- Added MappedResource[pathSpec=ServletPathSpec@dec37eba{*.xsp},resource=jsp==org.eclipse.jetty.servlet.NoJspServlet@19c47{jsp=null,order=0,inst=false,async=false,src=DESCRIPTOR:jar:file:/Users/sameer.shaik/.m2/repository/org/eclipse/jetty/jetty-webapp/9.4.48.v20220622/jetty-webapp-9.4.48.v20220622.jar!/org/eclipse/jetty/webapp/webdefault.xml,STOPPED}] to PathMappings[size=8]
18:14:26.747 [Executing mockGetSecret(org.conjur.jenkins.conjursecrets.ConjurSecretCredentialImplTest)] DEBUG org.eclipse.jetty.servlet.ServletHandler -- Path=/*[DESCRIPTOR:file:///Users/sameer.shaik/MyWorkSpace/17OctV2.2.3-New-BitBucketIssueFixed/conjur-credentials-plugin/target/jenkins-for-test/WEB-INF/web.xml] mapped to servlet=Stapler[DESCRIPTOR:file:///Users/sameer.shaik/MyWorkSpace/17OctV2.2.3-New-BitBucketIssueFixed/conjur-credentials-plugin/target/jenkins-for-test/WEB-INF/web.xml]
18:14:26.747 [Executing mockGetSecret(org.conjur.jenkins.conjursecrets.ConjurSecretCredentialImplTest)] DEBUG org.eclipse.jetty.http.pathmap.ServletPathSpec -- Creating ServletPathSpec[/*] (group: PREFIX_GLOB, prefix: "", suffix: "null")
18:14:26.747 [Executing mockGetSecret(org.conjur.jenkins.conjursecrets.ConjurSecretCredentialImplTest)] DEBUG org.eclipse.jetty.http.pathmap.PathMappings -- Added MappedResource[pathSpec=ServletPathSpec@9457a78e{/*},resource=Stapler==org.kohsuke.stapler.Stapler@f222d1a9{jsp=null,order=-1,inst=false,async=true,src=DESCRIPTOR:file:///Users/sameer.shaik/MyWorkSpace/17OctV2.2.3-New-BitBucketIssueFixed/conjur-credentials-plugin/target/jenkins-for-test/WEB-INF/web.xml,STOPPED}] to PathMappings[size=9]
18:14:26.747 [Executing mockGetSecret(org.conjur.jenkins.conjursecrets.ConjurSecretCredentialImplTest)] DEBUG org.eclipse.jetty.servlet.ServletHandler -- Path=/[DESCRIPTOR:jar:file:/Users/sameer.shaik/.m2/repository/org/eclipse/jetty/jetty-webapp/9.4.48.v20220622/jetty-webapp-9.4.48.v20220622.jar!/org/eclipse/jetty/webapp/webdefault.xml] mapped to servlet=default[DESCRIPTOR:jar:file:/Users/sameer.shaik/.m2/repository/org/eclipse/jetty/jetty-webapp/9.4.48.v20220622/jetty-webapp-9.4.48.v20220622.jar!/org/eclipse/jetty/webapp/webdefault.xml]
18:14:26.747 [Executing mockGetSecret(org.conjur.jenkins.conjursecrets.ConjurSecretCredentialImplTest)] DEBUG org.eclipse.jetty.http.pathmap.PathMappings -- Added MappedResource[pathSpec=ServletPathSpec@9457dcb7{/},resource=default==org.eclipse.jetty.servlet.DefaultServlet@5c13d641{jsp=null,order=0,inst=false,async=false,src=DESCRIPTOR:jar:file:/Users/sameer.shaik/.m2/repository/org/eclipse/jetty/jetty-webapp/9.4.48.v20220622/jetty-webapp-9.4.48.v20220622.jar!/org/eclipse/jetty/webapp/webdefault.xml,STOPPED}] to PathMappings[size=10]
18:14:26.747 [Executing mockGetSecret(org.conjur.jenkins.conjursecrets.ConjurSecretCredentialImplTest)] DEBUG org.eclipse.jetty.servlet.ServletHandler -- filterNameMap={csrf-filter=csrf-filter==hudson.security.csrf.CrumbFilter@6beff159{inst=false,async=true,src=DESCRIPTOR:file:///Users/sameer.shaik/MyWorkSpace/17OctV2.2.3-New-BitBucketIssueFixed/conjur-credentials-plugin/target/jenkins-for-test/WEB-INF/web.xml}, encoding-filter=encoding-filter==hudson.util.CharacterEncodingFilter@2c833335{inst=false,async=true,src=DESCRIPTOR:file:///Users/sameer.shaik/MyWorkSpace/17OctV2.2.3-New-BitBucketIssueFixed/conjur-credentials-plugin/target/jenkins-for-test/WEB-INF/web.xml}, diagnostic-name-filter=diagnostic-name-filter==org.kohsuke.stapler.DiagnosticThreadNameFilter@2dc77c56{inst=false,async=true,src=DESCRIPTOR:file:///Users/sameer.shaik/MyWorkSpace/17OctV2.2.3-New-BitBucketIssueFixed/conjur-credentials-plugin/target/jenkins-for-test/WEB-INF/web.xml}, compression-filter=compression-filter==org.kohsuke.stapler.compression.CompressionFilter@58162e83{inst=false,async=true,src=DESCRIPTOR:file:///Users/sameer.shaik/MyWorkSpace/17OctV2.2.3-New-BitBucketIssueFixed/conjur-credentials-plugin/target/jenkins-for-test/WEB-INF/web.xml}, plugins-filter=plugins-filter==hudson.util.PluginServletFilter@5e407d8a{inst=false,async=true,src=DESCRIPTOR:file:///Users/sameer.shaik/MyWorkSpace/17OctV2.2.3-New-BitBucketIssueFixed/conjur-credentials-plugin/target/jenkins-for-test/WEB-INF/web.xml}, authentication-filter=authentication-filter==hudson.security.HudsonFilter@7ddc1778{inst=false,async=true,src=DESCRIPTOR:file:///Users/sameer.shaik/MyWorkSpace/17OctV2.2.3-New-BitBucketIssueFixed/conjur-credentials-plugin/target/jenkins-for-test/WEB-INF/web.xml}, suspicious-request-filter=suspicious-request-filter==jenkins.security.SuspiciousRequestFilter@3202edb4{inst=false,async=true,src=DESCRIPTOR:file:///Users/sameer.shaik/MyWorkSpace/17OctV2.2.3-New-BitBucketIssueFixed/conjur-credentials-plugin/target/jenkins-for-test/WEB-INF/web.xml}}
18:14:26.747 [Executing mockGetSecret(org.conjur.jenkins.conjursecrets.ConjurSecretCredentialImplTest)] DEBUG org.eclipse.jetty.servlet.ServletHandler -- pathFilters=[[/*]/[]/[ASYNC, REQUEST]=>plugins-filter, [/*]/[]/[ASYNC, REQUEST]=>csrf-filter, [/*]/[]/[ASYNC, REQUEST]=>authentication-filter, [/*]/[]/[ASYNC, REQUEST]=>compression-filter, [/*]/[]/[ASYNC, REQUEST]=>encoding-filter, [/*]/[]/[ASYNC, REQUEST]=>diagnostic-name-filter, [/*]/[]/[ASYNC, REQUEST]=>suspicious-request-filter]
18:14:26.747 [Executing mockGetSecret(org.conjur.jenkins.conjursecrets.ConjurSecretCredentialImplTest)] DEBUG org.eclipse.jetty.servlet.ServletHandler -- servletFilterMap={}
18:14:26.747 [Executing mockGetSecret(org.conjur.jenkins.conjursecrets.ConjurSecretCredentialImplTest)] DEBUG org.eclipse.jetty.servlet.ServletHandler -- servletPathMap=PathMappings[size=10]
18:14:26.747 [Executing mockGetSecret(org.conjur.jenkins.conjursecrets.ConjurSecretCredentialImplTest)] DEBUG org.eclipse.jetty.servlet.ServletHandler -- servletNameMap={default=default==org.eclipse.jetty.servlet.DefaultServlet@5c13d641{jsp=null,order=0,inst=false,async=false,src=DESCRIPTOR:jar:file:/Users/sameer.shaik/.m2/repository/org/eclipse/jetty/jetty-webapp/9.4.48.v20220622/jetty-webapp-9.4.48.v20220622.jar!/org/eclipse/jetty/webapp/webdefault.xml,STOPPED}, jsp=jsp==org.eclipse.jetty.servlet.NoJspServlet@19c47{jsp=null,order=0,inst=false,async=false,src=DESCRIPTOR:jar:file:/Users/sameer.shaik/.m2/repository/org/eclipse/jetty/jetty-webapp/9.4.48.v20220622/jetty-webapp-9.4.48.v20220622.jar!/org/eclipse/jetty/webapp/webdefault.xml,STOPPED}, Stapler=Stapler==org.kohsuke.stapler.Stapler@f222d1a9{jsp=null,order=-1,inst=false,async=true,src=DESCRIPTOR:file:///Users/sameer.shaik/MyWorkSpace/17OctV2.2.3-New-BitBucketIssueFixed/conjur-credentials-plugin/target/jenkins-for-test/WEB-INF/web.xml,STOPPED}}
18:14:26.747 [Executing mockGetSecret(org.conjur.jenkins.conjursecrets.ConjurSecretCredentialImplTest)] DEBUG org.eclipse.jetty.server.handler.AbstractHandler -- starting ServletHandler@5faa77e2{STARTING}
18:14:26.747 [Executing mockGetSecret(org.conjur.jenkins.conjursecrets.ConjurSecretCredentialImplTest)] DEBUG org.eclipse.jetty.util.component.AbstractLifeCycle -- STARTED @17305ms ServletHandler@5faa77e2{STARTED}
18:14:26.747 [Executing mockGetSecret(org.conjur.jenkins.conjursecrets.ConjurSecretCredentialImplTest)] DEBUG org.eclipse.jetty.util.component.AbstractLifeCycle -- starting HashLoginService@39afcff4[default]
18:14:26.747 [Executing mockGetSecret(org.conjur.jenkins.conjursecrets.ConjurSecretCredentialImplTest)] DEBUG org.eclipse.jetty.util.component.AbstractLifeCycle -- starting UserStore@5dea7b19{STOPPED}
18:14:26.747 [Executing mockGetSecret(org.conjur.jenkins.conjursecrets.ConjurSecretCredentialImplTest)] DEBUG org.eclipse.jetty.util.component.AbstractLifeCycle -- STARTED @17305ms UserStore@5dea7b19{STARTED}
18:14:26.747 [Executing mockGetSecret(org.conjur.jenkins.conjursecrets.ConjurSecretCredentialImplTest)] DEBUG org.eclipse.jetty.util.component.AbstractLifeCycle -- STARTED @17305ms HashLoginService@39afcff4[default]
18:14:26.747 [Executing mockGetSecret(org.conjur.jenkins.conjursecrets.ConjurSecretCredentialImplTest)] DEBUG org.eclipse.jetty.util.component.AbstractLifeCycle -- STARTED @17305ms ConstraintSecurityHandler@111bdc6{STARTED}
18:14:26.747 [Executing mockGetSecret(org.conjur.jenkins.conjursecrets.ConjurSecretCredentialImplTest)] DEBUG org.eclipse.jetty.util.component.AbstractLifeCycle -- starting org.eclipse.jetty.server.session.DefaultSessionCache@2ab194b1[evict=-1,removeUnloadable=false,saveOnCreate=false,saveOnInactiveEvict=false]
18:14:26.747 [Executing mockGetSecret(org.conjur.jenkins.conjursecrets.ConjurSecretCredentialImplTest)] DEBUG org.eclipse.jetty.util.component.AbstractLifeCycle -- starting org.eclipse.jetty.server.session.NullSessionDataStore@3ec0cd87[passivating=false,graceSec=3600]
18:14:26.747 [Executing mockGetSecret(org.conjur.jenkins.conjursecrets.ConjurSecretCredentialImplTest)] DEBUG org.eclipse.jetty.util.component.AbstractLifeCycle -- STARTED @17305ms org.eclipse.jetty.server.session.NullSessionDataStore@3ec0cd87[passivating=false,graceSec=3600]
18:14:26.747 [Executing mockGetSecret(org.conjur.jenkins.conjursecrets.ConjurSecretCredentialImplTest)] DEBUG org.eclipse.jetty.util.component.AbstractLifeCycle -- STARTED @17305ms org.eclipse.jetty.server.session.DefaultSessionCache@2ab194b1[evict=-1,removeUnloadable=false,saveOnCreate=false,saveOnInactiveEvict=false]
18:14:26.747 [Executing mockGetSecret(org.conjur.jenkins.conjursecrets.ConjurSecretCredentialImplTest)] DEBUG org.eclipse.jetty.util.component.AbstractLifeCycle -- STARTED @17305ms org.eclipse.jetty.server.session.SessionHandler313040656==dftMaxIdleSec=1800
18:14:26.747 [Executing mockGetSecret(org.conjur.jenkins.conjursecrets.ConjurSecretCredentialImplTest)] DEBUG org.eclipse.jetty.util.component.AbstractLifeCycle -- starting ErrorPageErrorHandler@9ac3318{STOPPED}
18:14:26.747 [Executing mockGetSecret(org.conjur.jenkins.conjursecrets.ConjurSecretCredentialImplTest)] DEBUG org.eclipse.jetty.server.handler.AbstractHandler -- starting ErrorPageErrorHandler@9ac3318{STARTING}
18:14:26.747 [Executing mockGetSecret(org.conjur.jenkins.conjursecrets.ConjurSecretCredentialImplTest)] DEBUG org.eclipse.jetty.util.component.AbstractLifeCycle -- STARTED @17305ms ErrorPageErrorHandler@9ac3318{STARTED}
18:14:26.747 [Executing mockGetSecret(org.conjur.jenkins.conjursecrets.ConjurSecretCredentialImplTest)] DEBUG org.eclipse.jetty.util.component.AbstractLifeCycle -- starting NoListenerConfiguration@55f4066{STOPPED}
18:14:26.748 [Executing mockGetSecret(org.conjur.jenkins.conjursecrets.ConjurSecretCredentialImplTest)] DEBUG org.eclipse.jetty.util.component.AbstractLifeCycle -- STARTED @17305ms NoListenerConfiguration@55f4066{STARTED}
18:14:26.748 [Executing mockGetSecret(org.conjur.jenkins.conjursecrets.ConjurSecretCredentialImplTest)] DEBUG org.eclipse.jetty.server.handler.ContextHandler -- contextInitialized: javax.servlet.ServletContextEvent[source=ServletContext@o.e.j.w.WebAppContext@613e4289{Jenkins v2.346.3,/jenkins,file:///Users/sameer.shaik/MyWorkSpace/17OctV2.2.3-New-BitBucketIssueFixed/conjur-credentials-plugin/target/jenkins-for-test/,STARTING}{/Users/sameer.shaik/MyWorkSpace/17OctV2.2.3-New-BitBucketIssueFixed/conjur-credentials-plugin/target/jenkins-for-test}]->org.eclipse.jetty.servlet.listener.ELContextCleaner@75d52541
18:14:26.748 [Executing mockGetSecret(org.conjur.jenkins.conjursecrets.ConjurSecretCredentialImplTest)] DEBUG org.eclipse.jetty.server.handler.ContextHandler -- contextInitialized: javax.servlet.ServletContextEvent[source=ServletContext@o.e.j.w.WebAppContext@613e4289{Jenkins v2.346.3,/jenkins,file:///Users/sameer.shaik/MyWorkSpace/17OctV2.2.3-New-BitBucketIssueFixed/conjur-credentials-plugin/target/jenkins-for-test/,STARTING}{/Users/sameer.shaik/MyWorkSpace/17OctV2.2.3-New-BitBucketIssueFixed/conjur-credentials-plugin/target/jenkins-for-test}]->org.eclipse.jetty.servlet.listener.IntrospectorCleaner@1e834ddd
18:14:26.748 [Executing mockGetSecret(org.conjur.jenkins.conjursecrets.ConjurSecretCredentialImplTest)] DEBUG org.eclipse.jetty.server.handler.ContextHandler -- contextInitialized: javax.servlet.ServletContextEvent[source=ServletContext@o.e.j.w.WebAppContext@613e4289{Jenkins v2.346.3,/jenkins,file:///Users/sameer.shaik/MyWorkSpace/17OctV2.2.3-New-BitBucketIssueFixed/conjur-credentials-plugin/target/jenkins-for-test/,STARTING}{/Users/sameer.shaik/MyWorkSpace/17OctV2.2.3-New-BitBucketIssueFixed/conjur-credentials-plugin/target/jenkins-for-test}]->jenkins.util.SystemProperties$Listener@28c08a7f
18:14:26.748 [Executing mockGetSecret(org.conjur.jenkins.conjursecrets.ConjurSecretCredentialImplTest)] DEBUG org.eclipse.jetty.util.component.AbstractLifeCycle -- starting suspicious-request-filter==jenkins.security.SuspiciousRequestFilter@3202edb4{inst=false,async=true,src=DESCRIPTOR:file:///Users/sameer.shaik/MyWorkSpace/17OctV2.2.3-New-BitBucketIssueFixed/conjur-credentials-plugin/target/jenkins-for-test/WEB-INF/web.xml}
18:14:26.748 [Executing mockGetSecret(org.conjur.jenkins.conjursecrets.ConjurSecretCredentialImplTest)] DEBUG org.eclipse.jetty.servlet.BaseHolder -- Holding class jenkins.security.SuspiciousRequestFilter from jdk.internal.loader.ClassLoaders$AppClassLoader@5ffd2b27
18:14:26.748 [Executing mockGetSecret(org.conjur.jenkins.conjursecrets.ConjurSecretCredentialImplTest)] DEBUG org.eclipse.jetty.util.component.AbstractLifeCycle -- STARTED @17305ms suspicious-request-filter==jenkins.security.SuspiciousRequestFilter@3202edb4{inst=false,async=true,src=DESCRIPTOR:file:///Users/sameer.shaik/MyWorkSpace/17OctV2.2.3-New-BitBucketIssueFixed/conjur-credentials-plugin/target/jenkins-for-test/WEB-INF/web.xml}
18:14:26.748 [Executing mockGetSecret(org.conjur.jenkins.conjursecrets.ConjurSecretCredentialImplTest)] DEBUG org.eclipse.jetty.servlet.FilterHolder -- Filter.init jenkins.security.SuspiciousRequestFilter@15c69e6f
18:14:26.748 [Executing mockGetSecret(org.conjur.jenkins.conjursecrets.ConjurSecretCredentialImplTest)] DEBUG org.eclipse.jetty.util.component.AbstractLifeCycle -- starting diagnostic-name-filter==org.kohsuke.stapler.DiagnosticThreadNameFilter@2dc77c56{inst=false,async=true,src=DESCRIPTOR:file:///Users/sameer.shaik/MyWorkSpace/17OctV2.2.3-New-BitBucketIssueFixed/conjur-credentials-plugin/target/jenkins-for-test/WEB-INF/web.xml}
18:14:26.748 [Executing mockGetSecret(org.conjur.jenkins.conjursecrets.ConjurSecretCredentialImplTest)] DEBUG org.eclipse.jetty.servlet.BaseHolder -- Holding class org.kohsuke.stapler.DiagnosticThreadNameFilter from jdk.internal.loader.ClassLoaders$AppClassLoader@5ffd2b27
18:14:26.748 [Executing mockGetSecret(org.conjur.jenkins.conjursecrets.ConjurSecretCredentialImplTest)] DEBUG org.eclipse.jetty.util.component.AbstractLifeCycle -- STARTED @17306ms diagnostic-name-filter==org.kohsuke.stapler.DiagnosticThreadNameFilter@2dc77c56{inst=false,async=true,src=DESCRIPTOR:file:///Users/sameer.shaik/MyWorkSpace/17OctV2.2.3-New-BitBucketIssueFixed/conjur-credentials-plugin/target/jenkins-for-test/WEB-INF/web.xml}
18:14:26.748 [Executing mockGetSecret(org.conjur.jenkins.conjursecrets.ConjurSecretCredentialImplTest)] DEBUG org.eclipse.jetty.servlet.FilterHolder -- Filter.init org.kohsuke.stapler.DiagnosticThreadNameFilter@49e54ebb
18:14:26.748 [Executing mockGetSecret(org.conjur.jenkins.conjursecrets.ConjurSecretCredentialImplTest)] DEBUG org.eclipse.jetty.util.component.AbstractLifeCycle -- starting encoding-filter==hudson.util.CharacterEncodingFilter@2c833335{inst=false,async=true,src=DESCRIPTOR:file:///Users/sameer.shaik/MyWorkSpace/17OctV2.2.3-New-BitBucketIssueFixed/conjur-credentials-plugin/target/jenkins-for-test/WEB-INF/web.xml}
18:14:26.748 [Executing mockGetSecret(org.conjur.jenkins.conjursecrets.ConjurSecretCredentialImplTest)] DEBUG org.eclipse.jetty.servlet.BaseHolder -- Holding class hudson.util.CharacterEncodingFilter from jdk.internal.loader.ClassLoaders$AppClassLoader@5ffd2b27
18:14:26.748 [Executing mockGetSecret(org.conjur.jenkins.conjursecrets.ConjurSecretCredentialImplTest)] DEBUG org.eclipse.jetty.util.component.AbstractLifeCycle -- STARTED @17306ms encoding-filter==hudson.util.CharacterEncodingFilter@2c833335{inst=false,async=true,src=DESCRIPTOR:file:///Users/sameer.shaik/MyWorkSpace/17OctV2.2.3-New-BitBucketIssueFixed/conjur-credentials-plugin/target/jenkins-for-test/WEB-INF/web.xml}
18:14:26.748 [Executing mockGetSecret(org.conjur.jenkins.conjursecrets.ConjurSecretCredentialImplTest)] DEBUG org.eclipse.jetty.servlet.FilterHolder -- Filter.init hudson.util.CharacterEncodingFilter@4d8c1fff
18:14:26.748 [Executing mockGetSecret(org.conjur.jenkins.conjursecrets.ConjurSecretCredentialImplTest)] DEBUG org.eclipse.jetty.util.component.AbstractLifeCycle -- starting compression-filter==org.kohsuke.stapler.compression.CompressionFilter@58162e83{inst=false,async=true,src=DESCRIPTOR:file:///Users/sameer.shaik/MyWorkSpace/17OctV2.2.3-New-BitBucketIssueFixed/conjur-credentials-plugin/target/jenkins-for-test/WEB-INF/web.xml}
18:14:26.748 [Executing mockGetSecret(org.conjur.jenkins.conjursecrets.ConjurSecretCredentialImplTest)] DEBUG org.eclipse.jetty.servlet.BaseHolder -- Holding class org.kohsuke.stapler.compression.CompressionFilter from jdk.internal.loader.ClassLoaders$AppClassLoader@5ffd2b27
18:14:26.748 [Executing mockGetSecret(org.conjur.jenkins.conjursecrets.ConjurSecretCredentialImplTest)] DEBUG org.eclipse.jetty.util.component.AbstractLifeCycle -- STARTED @17306ms compression-filter==org.kohsuke.stapler.compression.CompressionFilter@58162e83{inst=false,async=true,src=DESCRIPTOR:file:///Users/sameer.shaik/MyWorkSpace/17OctV2.2.3-New-BitBucketIssueFixed/conjur-credentials-plugin/target/jenkins-for-test/WEB-INF/web.xml}
18:14:26.748 [Executing mockGetSecret(org.conjur.jenkins.conjursecrets.ConjurSecretCredentialImplTest)] DEBUG org.eclipse.jetty.servlet.FilterHolder -- Filter.init org.kohsuke.stapler.compression.CompressionFilter@61b3f743
18:14:26.748 [Executing mockGetSecret(org.conjur.jenkins.conjursecrets.ConjurSecretCredentialImplTest)] DEBUG org.eclipse.jetty.util.component.AbstractLifeCycle -- starting authentication-filter==hudson.security.HudsonFilter@7ddc1778{inst=false,async=true,src=DESCRIPTOR:file:///Users/sameer.shaik/MyWorkSpace/17OctV2.2.3-New-BitBucketIssueFixed/conjur-credentials-plugin/target/jenkins-for-test/WEB-INF/web.xml}
18:14:26.748 [Executing mockGetSecret(org.conjur.jenkins.conjursecrets.ConjurSecretCredentialImplTest)] DEBUG org.eclipse.jetty.servlet.BaseHolder -- Holding class hudson.security.HudsonFilter from jdk.internal.loader.ClassLoaders$AppClassLoader@5ffd2b27
18:14:26.748 [Executing mockGetSecret(org.conjur.jenkins.conjursecrets.ConjurSecretCredentialImplTest)] DEBUG org.eclipse.jetty.util.component.AbstractLifeCycle -- STARTED @17306ms authentication-filter==hudson.security.HudsonFilter@7ddc1778{inst=false,async=true,src=DESCRIPTOR:file:///Users/sameer.shaik/MyWorkSpace/17OctV2.2.3-New-BitBucketIssueFixed/conjur-credentials-plugin/target/jenkins-for-test/WEB-INF/web.xml}
18:14:26.748 [Executing mockGetSecret(org.conjur.jenkins.conjursecrets.ConjurSecretCredentialImplTest)] DEBUG org.eclipse.jetty.servlet.FilterHolder -- Filter.init hudson.security.HudsonFilter@40a738fc
18:14:26.748 [Executing mockGetSecret(org.conjur.jenkins.conjursecrets.ConjurSecretCredentialImplTest)] DEBUG org.eclipse.jetty.util.component.AbstractLifeCycle -- starting csrf-filter==hudson.security.csrf.CrumbFilter@6beff159{inst=false,async=true,src=DESCRIPTOR:file:///Users/sameer.shaik/MyWorkSpace/17OctV2.2.3-New-BitBucketIssueFixed/conjur-credentials-plugin/target/jenkins-for-test/WEB-INF/web.xml}
18:14:26.748 [Executing mockGetSecret(org.conjur.jenkins.conjursecrets.ConjurSecretCredentialImplTest)] DEBUG org.eclipse.jetty.servlet.BaseHolder -- Holding class hudson.security.csrf.CrumbFilter from jdk.internal.loader.ClassLoaders$AppClassLoader@5ffd2b27
18:14:26.748 [Executing mockGetSecret(org.conjur.jenkins.conjursecrets.ConjurSecretCredentialImplTest)] DEBUG org.eclipse.jetty.util.component.AbstractLifeCycle -- STARTED @17306ms csrf-filter==hudson.security.csrf.CrumbFilter@6beff159{inst=false,async=true,src=DESCRIPTOR:file:///Users/sameer.shaik/MyWorkSpace/17OctV2.2.3-New-BitBucketIssueFixed/conjur-credentials-plugin/target/jenkins-for-test/WEB-INF/web.xml}
18:14:26.748 [Executing mockGetSecret(org.conjur.jenkins.conjursecrets.ConjurSecretCredentialImplTest)] DEBUG org.eclipse.jetty.servlet.FilterHolder -- Filter.init hudson.security.csrf.CrumbFilter@23d426c5
18:14:26.748 [Executing mockGetSecret(org.conjur.jenkins.conjursecrets.ConjurSecretCredentialImplTest)] DEBUG org.eclipse.jetty.util.component.AbstractLifeCycle -- starting plugins-filter==hudson.util.PluginServletFilter@5e407d8a{inst=false,async=true,src=DESCRIPTOR:file:///Users/sameer.shaik/MyWorkSpace/17OctV2.2.3-New-BitBucketIssueFixed/conjur-credentials-plugin/target/jenkins-for-test/WEB-INF/web.xml}
18:14:26.748 [Executing mockGetSecret(org.conjur.jenkins.conjursecrets.ConjurSecretCredentialImplTest)] DEBUG org.eclipse.jetty.servlet.BaseHolder -- Holding class hudson.util.PluginServletFilter from jdk.internal.loader.ClassLoaders$AppClassLoader@5ffd2b27
18:14:26.748 [Executing mockGetSecret(org.conjur.jenkins.conjursecrets.ConjurSecretCredentialImplTest)] DEBUG org.eclipse.jetty.util.component.AbstractLifeCycle -- STARTED @17306ms plugins-filter==hudson.util.PluginServletFilter@5e407d8a{inst=false,async=true,src=DESCRIPTOR:file:///Users/sameer.shaik/MyWorkSpace/17OctV2.2.3-New-BitBucketIssueFixed/conjur-credentials-plugin/target/jenkins-for-test/WEB-INF/web.xml}
18:14:26.748 [Executing mockGetSecret(org.conjur.jenkins.conjursecrets.ConjurSecretCredentialImplTest)] DEBUG org.eclipse.jetty.servlet.FilterHolder -- Filter.init hudson.util.PluginServletFilter@e8ab6a7
18:14:26.748 [Executing mockGetSecret(org.conjur.jenkins.conjursecrets.ConjurSecretCredentialImplTest)] DEBUG org.eclipse.jetty.util.component.AbstractLifeCycle -- starting Stapler==org.kohsuke.stapler.Stapler@f222d1a9{jsp=null,order=-1,inst=false,async=true,src=DESCRIPTOR:file:///Users/sameer.shaik/MyWorkSpace/17OctV2.2.3-New-BitBucketIssueFixed/conjur-credentials-plugin/target/jenkins-for-test/WEB-INF/web.xml,STOPPED}
18:14:26.748 [Executing mockGetSecret(org.conjur.jenkins.conjursecrets.ConjurSecretCredentialImplTest)] DEBUG org.eclipse.jetty.servlet.BaseHolder -- Holding class org.kohsuke.stapler.Stapler from jdk.internal.loader.ClassLoaders$AppClassLoader@5ffd2b27
18:14:26.748 [Executing mockGetSecret(org.conjur.jenkins.conjursecrets.ConjurSecretCredentialImplTest)] DEBUG org.eclipse.jetty.util.component.AbstractLifeCycle -- STARTED @17306ms Stapler==org.kohsuke.stapler.Stapler@f222d1a9{jsp=null,order=-1,inst=false,async=true,src=DESCRIPTOR:file:///Users/sameer.shaik/MyWorkSpace/17OctV2.2.3-New-BitBucketIssueFixed/conjur-credentials-plugin/target/jenkins-for-test/WEB-INF/web.xml,STARTED}
18:14:26.748 [Executing mockGetSecret(org.conjur.jenkins.conjursecrets.ConjurSecretCredentialImplTest)] DEBUG org.eclipse.jetty.util.component.AbstractLifeCycle -- starting default==org.eclipse.jetty.servlet.DefaultServlet@5c13d641{jsp=null,order=0,inst=false,async=false,src=DESCRIPTOR:jar:file:/Users/sameer.shaik/.m2/repository/org/eclipse/jetty/jetty-webapp/9.4.48.v20220622/jetty-webapp-9.4.48.v20220622.jar!/org/eclipse/jetty/webapp/webdefault.xml,STOPPED}
18:14:26.748 [Executing mockGetSecret(org.conjur.jenkins.conjursecrets.ConjurSecretCredentialImplTest)] DEBUG org.eclipse.jetty.servlet.BaseHolder -- Holding class org.eclipse.jetty.servlet.DefaultServlet from jdk.internal.loader.ClassLoaders$AppClassLoader@5ffd2b27
18:14:26.748 [Executing mockGetSecret(org.conjur.jenkins.conjursecrets.ConjurSecretCredentialImplTest)] DEBUG org.eclipse.jetty.util.component.AbstractLifeCycle -- STARTED @17306ms default==org.eclipse.jetty.servlet.DefaultServlet@5c13d641{jsp=null,order=0,inst=false,async=false,src=DESCRIPTOR:jar:file:/Users/sameer.shaik/.m2/repository/org/eclipse/jetty/jetty-webapp/9.4.48.v20220622/jetty-webapp-9.4.48.v20220622.jar!/org/eclipse/jetty/webapp/webdefault.xml,STARTED}
18:14:26.748 [Executing mockGetSecret(org.conjur.jenkins.conjursecrets.ConjurSecretCredentialImplTest)] DEBUG org.eclipse.jetty.servlet.ServletHolder -- Servlet.init null for default
18:14:26.749 [Executing mockGetSecret(org.conjur.jenkins.conjursecrets.ConjurSecretCredentialImplTest)] DEBUG org.eclipse.jetty.servlet.DefaultServlet -- resource base = null
18:14:26.749 [Executing mockGetSecret(org.conjur.jenkins.conjursecrets.ConjurSecretCredentialImplTest)] DEBUG org.eclipse.jetty.util.component.AbstractLifeCycle -- starting jsp==org.eclipse.jetty.servlet.NoJspServlet@19c47{jsp=null,order=0,inst=false,async=false,src=DESCRIPTOR:jar:file:/Users/sameer.shaik/.m2/repository/org/eclipse/jetty/jetty-webapp/9.4.48.v20220622/jetty-webapp-9.4.48.v20220622.jar!/org/eclipse/jetty/webapp/webdefault.xml,STOPPED}
18:14:26.749 [Executing mockGetSecret(org.conjur.jenkins.conjursecrets.ConjurSecretCredentialImplTest)] DEBUG org.eclipse.jetty.servlet.BaseHolder -- Holding class org.eclipse.jetty.servlet.NoJspServlet from jdk.internal.loader.ClassLoaders$AppClassLoader@5ffd2b27
18:14:26.749 [Executing mockGetSecret(org.conjur.jenkins.conjursecrets.ConjurSecretCredentialImplTest)] DEBUG org.eclipse.jetty.util.component.AbstractLifeCycle -- STARTED @17306ms jsp==org.eclipse.jetty.servlet.NoJspServlet@19c47{jsp=null,order=0,inst=false,async=false,src=DESCRIPTOR:jar:file:/Users/sameer.shaik/.m2/repository/org/eclipse/jetty/jetty-webapp/9.4.48.v20220622/jetty-webapp-9.4.48.v20220622.jar!/org/eclipse/jetty/webapp/webdefault.xml,STARTED}
18:14:26.749 [Executing mockGetSecret(org.conjur.jenkins.conjursecrets.ConjurSecretCredentialImplTest)] DEBUG org.eclipse.jetty.servlet.ServletHolder -- Servlet.init null for jsp
18:14:26.749 [Executing mockGetSecret(org.conjur.jenkins.conjursecrets.ConjurSecretCredentialImplTest)] INFO org.eclipse.jetty.server.handler.ContextHandler -- Started o.e.j.w.WebAppContext@613e4289{Jenkins v2.346.3,/jenkins,file:///Users/sameer.shaik/MyWorkSpace/17OctV2.2.3-New-BitBucketIssueFixed/conjur-credentials-plugin/target/jenkins-for-test/,AVAILABLE}{/Users/sameer.shaik/MyWorkSpace/17OctV2.2.3-New-BitBucketIssueFixed/conjur-credentials-plugin/target/jenkins-for-test}
18:14:26.749 [Executing mockGetSecret(org.conjur.jenkins.conjursecrets.ConjurSecretCredentialImplTest)] DEBUG org.eclipse.jetty.webapp.WebAppContext -- postConfigure o.e.j.w.WebAppContext@613e4289{Jenkins v2.346.3,/jenkins,file:///Users/sameer.shaik/MyWorkSpace/17OctV2.2.3-New-BitBucketIssueFixed/conjur-credentials-plugin/target/jenkins-for-test/,AVAILABLE}{/Users/sameer.shaik/MyWorkSpace/17OctV2.2.3-New-BitBucketIssueFixed/conjur-credentials-plugin/target/jenkins-for-test} with org.eclipse.jetty.webapp.WebXmlConfiguration@3704a3bc
18:14:26.749 [Executing mockGetSecret(org.conjur.jenkins.conjursecrets.ConjurSecretCredentialImplTest)] DEBUG org.eclipse.jetty.util.component.AbstractLifeCycle -- STARTED @17306ms o.e.j.w.WebAppContext@613e4289{Jenkins v2.346.3,/jenkins,file:///Users/sameer.shaik/MyWorkSpace/17OctV2.2.3-New-BitBucketIssueFixed/conjur-credentials-plugin/target/jenkins-for-test/,AVAILABLE}{/Users/sameer.shaik/MyWorkSpace/17OctV2.2.3-New-BitBucketIssueFixed/conjur-credentials-plugin/target/jenkins-for-test}
18:14:26.749 [Executing mockGetSecret(org.conjur.jenkins.conjursecrets.ConjurSecretCredentialImplTest)] DEBUG org.eclipse.jetty.util.component.AbstractLifeCycle -- starting ErrorHandler@62b90b3d{STOPPED}
18:14:26.749 [Executing mockGetSecret(org.conjur.jenkins.conjursecrets.ConjurSecretCredentialImplTest)] DEBUG org.eclipse.jetty.server.handler.AbstractHandler -- starting ErrorHandler@62b90b3d{STARTING}
18:14:26.749 [Executing mockGetSecret(org.conjur.jenkins.conjursecrets.ConjurSecretCredentialImplTest)] DEBUG org.eclipse.jetty.util.component.AbstractLifeCycle -- STARTED @17307ms ErrorHandler@62b90b3d{STARTED}
18:14:26.749 [Executing mockGetSecret(org.conjur.jenkins.conjursecrets.ConjurSecretCredentialImplTest)] DEBUG org.eclipse.jetty.util.component.AbstractLifeCycle -- starting ServerConnector@6ff5e087{HTTP/1.1, (http/1.1)}{localhost:0}
18:14:26.749 [Executing mockGetSecret(org.conjur.jenkins.conjursecrets.ConjurSecretCredentialImplTest)] DEBUG org.eclipse.jetty.util.component.ContainerLifeCycle -- ServerConnector@6ff5e087{HTTP/1.1, (http/1.1)}{localhost:51429} added {sun.nio.ch.ServerSocketChannelImpl[/127.0.0.1:51429],POJO}
18:14:26.749 [Executing mockGetSecret(org.conjur.jenkins.conjursecrets.ConjurSecretCredentialImplTest)] DEBUG org.eclipse.jetty.util.component.AbstractLifeCycle -- starting ScheduledExecutorScheduler@5141582f{STOPPED}
18:14:26.749 [Executing mockGetSecret(org.conjur.jenkins.conjursecrets.ConjurSecretCredentialImplTest)] DEBUG org.eclipse.jetty.util.component.AbstractLifeCycle -- STARTED @17307ms ScheduledExecutorScheduler@5141582f{STARTED}
18:14:26.749 [Executing mockGetSecret(org.conjur.jenkins.conjursecrets.ConjurSecretCredentialImplTest)] DEBUG org.eclipse.jetty.util.component.AbstractLifeCycle -- starting HttpConnectionFactory@2016ca77[HTTP/1.1]
18:14:26.749 [Executing mockGetSecret(org.conjur.jenkins.conjursecrets.ConjurSecretCredentialImplTest)] DEBUG org.eclipse.jetty.util.component.AbstractLifeCycle -- STARTED @17307ms HttpConnectionFactory@2016ca77[HTTP/1.1]
18:14:26.749 [Executing mockGetSecret(org.conjur.jenkins.conjursecrets.ConjurSecretCredentialImplTest)] DEBUG org.eclipse.jetty.util.component.AbstractLifeCycle -- starting SelectorManager@ServerConnector@6ff5e087{HTTP/1.1, (http/1.1)}{localhost:51429}
18:14:26.749 [Executing mockGetSecret(org.conjur.jenkins.conjursecrets.ConjurSecretCredentialImplTest)] DEBUG org.eclipse.jetty.util.component.ContainerLifeCycle -- EatWhatYouKill@b041a06/SelectorProducer@5060aa4f/IDLE/p=false/QueuedThreadPool[Jetty (JenkinsRule)]@2ec4a31a{STARTED,8<=8<=200,i=8,r=-1,q=0}[ReservedThreadExecutor@22882e35{reserved=0/16,pending=0}][pc=0,pic=0,pec=0,epc=0]@2024-10-22T18:14:26.749885+05:30 added {SelectorProducer@5060aa4f,POJO}
18:14:26.749 [Executing mockGetSecret(org.conjur.jenkins.conjursecrets.ConjurSecretCredentialImplTest)] DEBUG org.eclipse.jetty.util.component.ContainerLifeCycle -- EatWhatYouKill@b041a06/SelectorProducer@5060aa4f/IDLE/p=false/QueuedThreadPool[Jetty (JenkinsRule)]@2ec4a31a{STARTED,8<=8<=200,i=8,r=-1,q=0}[ReservedThreadExecutor@22882e35{reserved=0/16,pending=0}][pc=0,pic=0,pec=0,epc=0]@2024-10-22T18:14:26.749946+05:30 added {QueuedThreadPool[Jetty (JenkinsRule)]@2ec4a31a{STARTED,8<=8<=200,i=8,r=-1,q=0}[ReservedThreadExecutor@22882e35{reserved=0/16,pending=0}],UNMANAGED}
18:14:26.750 [Executing mockGetSecret(org.conjur.jenkins.conjursecrets.ConjurSecretCredentialImplTest)] DEBUG org.eclipse.jetty.util.thread.strategy.EatWhatYouKill -- EatWhatYouKill@b041a06/SelectorProducer@5060aa4f/IDLE/p=false/QueuedThreadPool[Jetty (JenkinsRule)]@2ec4a31a{STARTED,8<=8<=200,i=8,r=-1,q=0}[ReservedThreadExecutor@22882e35{reserved=0/16,pending=0}][pc=0,pic=0,pec=0,epc=0]@2024-10-22T18:14:26.750012+05:30 created
18:14:26.750 [Executing mockGetSecret(org.conjur.jenkins.conjursecrets.ConjurSecretCredentialImplTest)] DEBUG org.eclipse.jetty.util.component.ContainerLifeCycle -- ManagedSelector@4a895218{STOPPED} id=0 keys=-1 selected=-1 updates=0 added {EatWhatYouKill@b041a06/SelectorProducer@5060aa4f/IDLE/p=false/QueuedThreadPool[Jetty (JenkinsRule)]@2ec4a31a{STARTED,8<=8<=200,i=8,r=-1,q=0}[ReservedThreadExecutor@22882e35{reserved=0/16,pending=0}][pc=0,pic=0,pec=0,epc=0]@2024-10-22T18:14:26.750099+05:30,MANAGED}
18:14:26.750 [Executing mockGetSecret(org.conjur.jenkins.conjursecrets.ConjurSecretCredentialImplTest)] DEBUG org.eclipse.jetty.util.component.ContainerLifeCycle -- SelectorManager@ServerConnector@6ff5e087{HTTP/1.1, (http/1.1)}{localhost:51429} added {ManagedSelector@4a895218{STOPPED} id=0 keys=-1 selected=-1 updates=0,AUTO}
18:14:26.750 [Executing mockGetSecret(org.conjur.jenkins.conjursecrets.ConjurSecretCredentialImplTest)] DEBUG org.eclipse.jetty.util.component.ContainerLifeCycle -- EatWhatYouKill@647cff47/SelectorProducer@4f830de4/IDLE/p=false/QueuedThreadPool[Jetty (JenkinsRule)]@2ec4a31a{STARTED,8<=8<=200,i=8,r=-1,q=0}[ReservedThreadExecutor@22882e35{reserved=0/16,pending=0}][pc=0,pic=0,pec=0,epc=0]@2024-10-22T18:14:26.750198+05:30 added {SelectorProducer@4f830de4,POJO}
18:14:26.750 [Executing mockGetSecret(org.conjur.jenkins.conjursecrets.ConjurSecretCredentialImplTest)] DEBUG org.eclipse.jetty.util.component.ContainerLifeCycle -- EatWhatYouKill@647cff47/SelectorProducer@4f830de4/IDLE/p=false/QueuedThreadPool[Jetty (JenkinsRule)]@2ec4a31a{STARTED,8<=8<=200,i=8,r=-1,q=0}[ReservedThreadExecutor@22882e35{reserved=0/16,pending=0}][pc=0,pic=0,pec=0,epc=0]@2024-10-22T18:14:26.750246+05:30 added {QueuedThreadPool[Jetty (JenkinsRule)]@2ec4a31a{STARTED,8<=8<=200,i=8,r=-1,q=0}[ReservedThreadExecutor@22882e35{reserved=0/16,pending=0}],UNMANAGED}
18:14:26.750 [Executing mockGetSecret(org.conjur.jenkins.conjursecrets.ConjurSecretCredentialImplTest)] DEBUG org.eclipse.jetty.util.thread.strategy.EatWhatYouKill -- EatWhatYouKill@647cff47/SelectorProducer@4f830de4/IDLE/p=false/QueuedThreadPool[Jetty (JenkinsRule)]@2ec4a31a{STARTED,8<=8<=200,i=8,r=-1,q=0}[ReservedThreadExecutor@22882e35{reserved=0/16,pending=0}][pc=0,pic=0,pec=0,epc=0]@2024-10-22T18:14:26.750309+05:30 created
18:14:26.750 [Executing mockGetSecret(org.conjur.jenkins.conjursecrets.ConjurSecretCredentialImplTest)] DEBUG org.eclipse.jetty.util.component.ContainerLifeCycle -- ManagedSelector@1ae4e489{STOPPED} id=1 keys=-1 selected=-1 updates=0 added {EatWhatYouKill@647cff47/SelectorProducer@4f830de4/IDLE/p=false/QueuedThreadPool[Jetty (JenkinsRule)]@2ec4a31a{STARTED,8<=8<=200,i=8,r=-1,q=0}[ReservedThreadExecutor@22882e35{reserved=0/16,pending=0}][pc=0,pic=0,pec=0,epc=0]@2024-10-22T18:14:26.750365+05:30,MANAGED}
18:14:26.750 [Executing mockGetSecret(org.conjur.jenkins.conjursecrets.ConjurSecretCredentialImplTest)] DEBUG org.eclipse.jetty.util.component.ContainerLifeCycle -- SelectorManager@ServerConnector@6ff5e087{HTTP/1.1, (http/1.1)}{localhost:51429} added {ManagedSelector@1ae4e489{STOPPED} id=1 keys=-1 selected=-1 updates=0,AUTO}
18:14:26.750 [Executing mockGetSecret(org.conjur.jenkins.conjursecrets.ConjurSecretCredentialImplTest)] DEBUG org.eclipse.jetty.util.component.ContainerLifeCycle -- EatWhatYouKill@1a7d6c5f/SelectorProducer@19783e90/IDLE/p=false/QueuedThreadPool[Jetty (JenkinsRule)]@2ec4a31a{STARTED,8<=8<=200,i=8,r=-1,q=0}[ReservedThreadExecutor@22882e35{reserved=0/16,pending=0}][pc=0,pic=0,pec=0,epc=0]@2024-10-22T18:14:26.75047+05:30 added {SelectorProducer@19783e90,POJO}
18:14:26.750 [Executing mockGetSecret(org.conjur.jenkins.conjursecrets.ConjurSecretCredentialImplTest)] DEBUG org.eclipse.jetty.util.component.ContainerLifeCycle -- EatWhatYouKill@1a7d6c5f/SelectorProducer@19783e90/IDLE/p=false/QueuedThreadPool[Jetty (JenkinsRule)]@2ec4a31a{STARTED,8<=8<=200,i=8,r=-1,q=0}[ReservedThreadExecutor@22882e35{reserved=0/16,pending=0}][pc=0,pic=0,pec=0,epc=0]@2024-10-22T18:14:26.750521+05:30 added {QueuedThreadPool[Jetty (JenkinsRule)]@2ec4a31a{STARTED,8<=8<=200,i=8,r=-1,q=0}[ReservedThreadExecutor@22882e35{reserved=0/16,pending=0}],UNMANAGED}
18:14:26.750 [Executing mockGetSecret(org.conjur.jenkins.conjursecrets.ConjurSecretCredentialImplTest)] DEBUG org.eclipse.jetty.util.thread.strategy.EatWhatYouKill -- EatWhatYouKill@1a7d6c5f/SelectorProducer@19783e90/IDLE/p=false/QueuedThreadPool[Jetty (JenkinsRule)]@2ec4a31a{STARTED,8<=8<=200,i=8,r=-1,q=0}[ReservedThreadExecutor@22882e35{reserved=0/16,pending=0}][pc=0,pic=0,pec=0,epc=0]@2024-10-22T18:14:26.750584+05:30 created
18:14:26.750 [Executing mockGetSecret(org.conjur.jenkins.conjursecrets.ConjurSecretCredentialImplTest)] DEBUG org.eclipse.jetty.util.component.ContainerLifeCycle -- ManagedSelector@4ec3fc76{STOPPED} id=2 keys=-1 selected=-1 updates=0 added {EatWhatYouKill@1a7d6c5f/SelectorProducer@19783e90/IDLE/p=false/QueuedThreadPool[Jetty (JenkinsRule)]@2ec4a31a{STARTED,8<=8<=200,i=8,r=-1,q=0}[ReservedThreadExecutor@22882e35{reserved=0/16,pending=0}][pc=0,pic=0,pec=0,epc=0]@2024-10-22T18:14:26.750642+05:30,MANAGED}
18:14:26.750 [Executing mockGetSecret(org.conjur.jenkins.conjursecrets.ConjurSecretCredentialImplTest)] DEBUG org.eclipse.jetty.util.component.ContainerLifeCycle -- SelectorManager@ServerConnector@6ff5e087{HTTP/1.1, (http/1.1)}{localhost:51429} added {ManagedSelector@4ec3fc76{STOPPED} id=2 keys=-1 selected=-1 updates=0,AUTO}
18:14:26.750 [Executing mockGetSecret(org.conjur.jenkins.conjursecrets.ConjurSecretCredentialImplTest)] DEBUG org.eclipse.jetty.util.component.ContainerLifeCycle -- EatWhatYouKill@733e998b/SelectorProducer@2501c27/IDLE/p=false/QueuedThreadPool[Jetty (JenkinsRule)]@2ec4a31a{STARTED,8<=8<=200,i=8,r=-1,q=0}[ReservedThreadExecutor@22882e35{reserved=0/16,pending=0}][pc=0,pic=0,pec=0,epc=0]@2024-10-22T18:14:26.750748+05:30 added {SelectorProducer@2501c27,POJO}
18:14:26.750 [Executing mockGetSecret(org.conjur.jenkins.conjursecrets.ConjurSecretCredentialImplTest)] DEBUG org.eclipse.jetty.util.component.ContainerLifeCycle -- EatWhatYouKill@733e998b/SelectorProducer@2501c27/IDLE/p=false/QueuedThreadPool[Jetty (JenkinsRule)]@2ec4a31a{STARTED,8<=8<=200,i=8,r=-1,q=0}[ReservedThreadExecutor@22882e35{reserved=0/16,pending=0}][pc=0,pic=0,pec=0,epc=0]@2024-10-22T18:14:26.750812+05:30 added {QueuedThreadPool[Jetty (JenkinsRule)]@2ec4a31a{STARTED,8<=8<=200,i=8,r=-1,q=0}[ReservedThreadExecutor@22882e35{reserved=0/16,pending=0}],UNMANAGED}
18:14:26.750 [Executing mockGetSecret(org.conjur.jenkins.conjursecrets.ConjurSecretCredentialImplTest)] DEBUG org.eclipse.jetty.util.thread.strategy.EatWhatYouKill -- EatWhatYouKill@733e998b/SelectorProducer@2501c27/IDLE/p=false/QueuedThreadPool[Jetty (JenkinsRule)]@2ec4a31a{STARTED,8<=8<=200,i=8,r=-1,q=0}[ReservedThreadExecutor@22882e35{reserved=0/16,pending=0}][pc=0,pic=0,pec=0,epc=0]@2024-10-22T18:14:26.750881+05:30 created
18:14:26.750 [Executing mockGetSecret(org.conjur.jenkins.conjursecrets.ConjurSecretCredentialImplTest)] DEBUG org.eclipse.jetty.util.component.ContainerLifeCycle -- ManagedSelector@5a042e43{STOPPED} id=3 keys=-1 selected=-1 updates=0 added {EatWhatYouKill@733e998b/SelectorProducer@2501c27/IDLE/p=false/QueuedThreadPool[Jetty (JenkinsRule)]@2ec4a31a{STARTED,8<=8<=200,i=8,r=-1,q=0}[ReservedThreadExecutor@22882e35{reserved=0/16,pending=0}][pc=0,pic=0,pec=0,epc=0]@2024-10-22T18:14:26.750941+05:30,MANAGED}
18:14:26.750 [Executing mockGetSecret(org.conjur.jenkins.conjursecrets.ConjurSecretCredentialImplTest)] DEBUG org.eclipse.jetty.util.component.ContainerLifeCycle -- SelectorManager@ServerConnector@6ff5e087{HTTP/1.1, (http/1.1)}{localhost:51429} added {ManagedSelector@5a042e43{STOPPED} id=3 keys=-1 selected=-1 updates=0,AUTO}
18:14:26.751 [Executing mockGetSecret(org.conjur.jenkins.conjursecrets.ConjurSecretCredentialImplTest)] DEBUG org.eclipse.jetty.util.component.ContainerLifeCycle -- EatWhatYouKill@b755939/SelectorProducer@c007b1d/IDLE/p=false/QueuedThreadPool[Jetty (JenkinsRule)]@2ec4a31a{STARTED,8<=8<=200,i=8,r=-1,q=0}[ReservedThreadExecutor@22882e35{reserved=0/16,pending=0}][pc=0,pic=0,pec=0,epc=0]@2024-10-22T18:14:26.751043+05:30 added {SelectorProducer@c007b1d,POJO}
18:14:26.751 [Executing mockGetSecret(org.conjur.jenkins.conjursecrets.ConjurSecretCredentialImplTest)] DEBUG org.eclipse.jetty.util.component.ContainerLifeCycle -- EatWhatYouKill@b755939/SelectorProducer@c007b1d/IDLE/p=false/QueuedThreadPool[Jetty (JenkinsRule)]@2ec4a31a{STARTED,8<=8<=200,i=8,r=-1,q=0}[ReservedThreadExecutor@22882e35{reserved=0/16,pending=0}][pc=0,pic=0,pec=0,epc=0]@2024-10-22T18:14:26.751095+05:30 added {QueuedThreadPool[Jetty (JenkinsRule)]@2ec4a31a{STARTED,8<=8<=200,i=8,r=-1,q=0}[ReservedThreadExecutor@22882e35{reserved=0/16,pending=0}],UNMANAGED}
18:14:26.751 [Executing mockGetSecret(org.conjur.jenkins.conjursecrets.ConjurSecretCredentialImplTest)] DEBUG org.eclipse.jetty.util.thread.strategy.EatWhatYouKill -- EatWhatYouKill@b755939/SelectorProducer@c007b1d/IDLE/p=false/QueuedThreadPool[Jetty (JenkinsRule)]@2ec4a31a{STARTED,8<=8<=200,i=8,r=-1,q=0}[ReservedThreadExecutor@22882e35{reserved=0/16,pending=0}][pc=0,pic=0,pec=0,epc=0]@2024-10-22T18:14:26.751157+05:30 created
18:14:26.751 [Executing mockGetSecret(org.conjur.jenkins.conjursecrets.ConjurSecretCredentialImplTest)] DEBUG org.eclipse.jetty.util.component.ContainerLifeCycle -- ManagedSelector@e33ef9e{STOPPED} id=4 keys=-1 selected=-1 updates=0 added {EatWhatYouKill@b755939/SelectorProducer@c007b1d/IDLE/p=false/QueuedThreadPool[Jetty (JenkinsRule)]@2ec4a31a{STARTED,8<=8<=200,i=8,r=-1,q=0}[ReservedThreadExecutor@22882e35{reserved=0/16,pending=0}][pc=0,pic=0,pec=0,epc=0]@2024-10-22T18:14:26.751246+05:30,MANAGED}
18:14:26.751 [Executing mockGetSecret(org.conjur.jenkins.conjursecrets.ConjurSecretCredentialImplTest)] DEBUG org.eclipse.jetty.util.component.ContainerLifeCycle -- SelectorManager@ServerConnector@6ff5e087{HTTP/1.1, (http/1.1)}{localhost:51429} added {ManagedSelector@e33ef9e{STOPPED} id=4 keys=-1 selected=-1 updates=0,AUTO}
18:14:26.751 [Executing mockGetSecret(org.conjur.jenkins.conjursecrets.ConjurSecretCredentialImplTest)] DEBUG org.eclipse.jetty.util.component.ContainerLifeCycle -- EatWhatYouKill@75bebe2d/SelectorProducer@54239d32/IDLE/p=false/QueuedThreadPool[Jetty (JenkinsRule)]@2ec4a31a{STARTED,8<=8<=200,i=8,r=-1,q=0}[ReservedThreadExecutor@22882e35{reserved=0/16,pending=0}][pc=0,pic=0,pec=0,epc=0]@2024-10-22T18:14:26.751347+05:30 added {SelectorProducer@54239d32,POJO}
18:14:26.751 [Executing mockGetSecret(org.conjur.jenkins.conjursecrets.ConjurSecretCredentialImplTest)] DEBUG org.eclipse.jetty.util.component.ContainerLifeCycle -- EatWhatYouKill@75bebe2d/SelectorProducer@54239d32/IDLE/p=false/QueuedThreadPool[Jetty (JenkinsRule)]@2ec4a31a{STARTED,8<=8<=200,i=8,r=-1,q=0}[ReservedThreadExecutor@22882e35{reserved=0/16,pending=0}][pc=0,pic=0,pec=0,epc=0]@2024-10-22T18:14:26.751407+05:30 added {QueuedThreadPool[Jetty (JenkinsRule)]@2ec4a31a{STARTED,8<=8<=200,i=8,r=-1,q=0}[ReservedThreadExecutor@22882e35{reserved=0/16,pending=0}],UNMANAGED}
18:14:26.751 [Executing mockGetSecret(org.conjur.jenkins.conjursecrets.ConjurSecretCredentialImplTest)] DEBUG org.eclipse.jetty.util.thread.strategy.EatWhatYouKill -- EatWhatYouKill@75bebe2d/SelectorProducer@54239d32/IDLE/p=false/QueuedThreadPool[Jetty (JenkinsRule)]@2ec4a31a{STARTED,8<=8<=200,i=8,r=-1,q=0}[ReservedThreadExecutor@22882e35{reserved=0/16,pending=0}][pc=0,pic=0,pec=0,epc=0]@2024-10-22T18:14:26.75148+05:30 created
18:14:26.751 [Executing mockGetSecret(org.conjur.jenkins.conjursecrets.ConjurSecretCredentialImplTest)] DEBUG org.eclipse.jetty.util.component.ContainerLifeCycle -- ManagedSelector@5bf4dc38{STOPPED} id=5 keys=-1 selected=-1 updates=0 added {EatWhatYouKill@75bebe2d/SelectorProducer@54239d32/IDLE/p=false/QueuedThreadPool[Jetty (JenkinsRule)]@2ec4a31a{STARTED,8<=8<=200,i=8,r=-1,q=0}[ReservedThreadExecutor@22882e35{reserved=0/16,pending=0}][pc=0,pic=0,pec=0,epc=0]@2024-10-22T18:14:26.751538+05:30,MANAGED}
18:14:26.751 [Executing mockGetSecret(org.conjur.jenkins.conjursecrets.ConjurSecretCredentialImplTest)] DEBUG org.eclipse.jetty.util.component.ContainerLifeCycle -- SelectorManager@ServerConnector@6ff5e087{HTTP/1.1, (http/1.1)}{localhost:51429} added {ManagedSelector@5bf4dc38{STOPPED} id=5 keys=-1 selected=-1 updates=0,AUTO}
18:14:26.751 [Executing mockGetSecret(org.conjur.jenkins.conjursecrets.ConjurSecretCredentialImplTest)] DEBUG org.eclipse.jetty.util.component.ContainerLifeCycle -- EatWhatYouKill@4aaa87c7/SelectorProducer@4a651769/IDLE/p=false/QueuedThreadPool[Jetty (JenkinsRule)]@2ec4a31a{STARTED,8<=8<=200,i=8,r=-1,q=0}[ReservedThreadExecutor@22882e35{reserved=0/16,pending=0}][pc=0,pic=0,pec=0,epc=0]@2024-10-22T18:14:26.751632+05:30 added {SelectorProducer@4a651769,POJO}
18:14:26.751 [Executing mockGetSecret(org.conjur.jenkins.conjursecrets.ConjurSecretCredentialImplTest)] DEBUG org.eclipse.jetty.util.component.ContainerLifeCycle -- EatWhatYouKill@4aaa87c7/SelectorProducer@4a651769/IDLE/p=false/QueuedThreadPool[Jetty (JenkinsRule)]@2ec4a31a{STARTED,8<=8<=200,i=8,r=-1,q=0}[ReservedThreadExecutor@22882e35{reserved=0/16,pending=0}][pc=0,pic=0,pec=0,epc=0]@2024-10-22T18:14:26.751678+05:30 added {QueuedThreadPool[Jetty (JenkinsRule)]@2ec4a31a{STARTED,8<=8<=200,i=8,r=-1,q=0}[ReservedThreadExecutor@22882e35{reserved=0/16,pending=0}],UNMANAGED}
18:14:26.751 [Executing mockGetSecret(org.conjur.jenkins.conjursecrets.ConjurSecretCredentialImplTest)] DEBUG org.eclipse.jetty.util.thread.strategy.EatWhatYouKill -- EatWhatYouKill@4aaa87c7/SelectorProducer@4a651769/IDLE/p=false/QueuedThreadPool[Jetty (JenkinsRule)]@2ec4a31a{STARTED,8<=8<=200,i=8,r=-1,q=0}[ReservedThreadExecutor@22882e35{reserved=0/16,pending=0}][pc=0,pic=0,pec=0,epc=0]@2024-10-22T18:14:26.751742+05:30 created
18:14:26.751 [Executing mockGetSecret(org.conjur.jenkins.conjursecrets.ConjurSecretCredentialImplTest)] DEBUG org.eclipse.jetty.util.component.ContainerLifeCycle -- ManagedSelector@2e7c91a{STOPPED} id=6 keys=-1 selected=-1 updates=0 added {EatWhatYouKill@4aaa87c7/SelectorProducer@4a651769/IDLE/p=false/QueuedThreadPool[Jetty (JenkinsRule)]@2ec4a31a{STARTED,8<=8<=200,i=8,r=-1,q=0}[ReservedThreadExecutor@22882e35{reserved=0/16,pending=0}][pc=0,pic=0,pec=0,epc=0]@2024-10-22T18:14:26.751796+05:30,MANAGED}
18:14:26.751 [Executing mockGetSecret(org.conjur.jenkins.conjursecrets.ConjurSecretCredentialImplTest)] DEBUG org.eclipse.jetty.util.component.ContainerLifeCycle -- SelectorManager@ServerConnector@6ff5e087{HTTP/1.1, (http/1.1)}{localhost:51429} added {ManagedSelector@2e7c91a{STOPPED} id=6 keys=-1 selected=-1 updates=0,AUTO}
18:14:26.751 [Executing mockGetSecret(org.conjur.jenkins.conjursecrets.ConjurSecretCredentialImplTest)] DEBUG org.eclipse.jetty.util.component.ContainerLifeCycle -- EatWhatYouKill@7f0fd062/SelectorProducer@6185f4fb/IDLE/p=false/QueuedThreadPool[Jetty (JenkinsRule)]@2ec4a31a{STARTED,8<=8<=200,i=8,r=-1,q=0}[ReservedThreadExecutor@22882e35{reserved=0/16,pending=0}][pc=0,pic=0,pec=0,epc=0]@2024-10-22T18:14:26.751896+05:30 added {SelectorProducer@6185f4fb,POJO}
18:14:26.751 [Executing mockGetSecret(org.conjur.jenkins.conjursecrets.ConjurSecretCredentialImplTest)] DEBUG org.eclipse.jetty.util.component.ContainerLifeCycle -- EatWhatYouKill@7f0fd062/SelectorProducer@6185f4fb/IDLE/p=false/QueuedThreadPool[Jetty (JenkinsRule)]@2ec4a31a{STARTED,8<=8<=200,i=8,r=-1,q=0}[ReservedThreadExecutor@22882e35{reserved=0/16,pending=0}][pc=0,pic=0,pec=0,epc=0]@2024-10-22T18:14:26.75195+05:30 added {QueuedThreadPool[Jetty (JenkinsRule)]@2ec4a31a{STARTED,8<=8<=200,i=8,r=-1,q=0}[ReservedThreadExecutor@22882e35{reserved=0/16,pending=0}],UNMANAGED}
18:14:26.752 [Executing mockGetSecret(org.conjur.jenkins.conjursecrets.ConjurSecretCredentialImplTest)] DEBUG org.eclipse.jetty.util.thread.strategy.EatWhatYouKill -- EatWhatYouKill@7f0fd062/SelectorProducer@6185f4fb/IDLE/p=false/QueuedThreadPool[Jetty (JenkinsRule)]@2ec4a31a{STARTED,8<=8<=200,i=8,r=-1,q=0}[ReservedThreadExecutor@22882e35{reserved=0/16,pending=0}][pc=0,pic=0,pec=0,epc=0]@2024-10-22T18:14:26.752021+05:30 created
18:14:26.752 [Executing mockGetSecret(org.conjur.jenkins.conjursecrets.ConjurSecretCredentialImplTest)] DEBUG org.eclipse.jetty.util.component.ContainerLifeCycle -- ManagedSelector@3b979fd{STOPPED} id=7 keys=-1 selected=-1 updates=0 added {EatWhatYouKill@7f0fd062/SelectorProducer@6185f4fb/IDLE/p=false/QueuedThreadPool[Jetty (JenkinsRule)]@2ec4a31a{STARTED,8<=8<=200,i=8,r=-1,q=0}[ReservedThreadExecutor@22882e35{reserved=0/16,pending=0}][pc=0,pic=0,pec=0,epc=0]@2024-10-22T18:14:26.752089+05:30,MANAGED}
18:14:26.752 [Executing mockGetSecret(org.conjur.jenkins.conjursecrets.ConjurSecretCredentialImplTest)] DEBUG org.eclipse.jetty.util.component.ContainerLifeCycle -- SelectorManager@ServerConnector@6ff5e087{HTTP/1.1, (http/1.1)}{localhost:51429} added {ManagedSelector@3b979fd{STOPPED} id=7 keys=-1 selected=-1 updates=0,AUTO}
18:14:26.752 [Executing mockGetSecret(org.conjur.jenkins.conjursecrets.ConjurSecretCredentialImplTest)] DEBUG org.eclipse.jetty.util.component.AbstractLifeCycle -- starting ManagedSelector@4a895218{STOPPED} id=0 keys=-1 selected=-1 updates=0
18:14:26.752 [Executing mockGetSecret(org.conjur.jenkins.conjursecrets.ConjurSecretCredentialImplTest)] DEBUG org.eclipse.jetty.util.component.AbstractLifeCycle -- starting EatWhatYouKill@b041a06/SelectorProducer@5060aa4f/IDLE/p=false/QueuedThreadPool[Jetty (JenkinsRule)]@2ec4a31a{STARTED,8<=8<=200,i=8,r=-1,q=0}[ReservedThreadExecutor@22882e35{reserved=0/16,pending=0}][pc=0,pic=0,pec=0,epc=0]@2024-10-22T18:14:26.752211+05:30
18:14:26.752 [Executing mockGetSecret(org.conjur.jenkins.conjursecrets.ConjurSecretCredentialImplTest)] DEBUG org.eclipse.jetty.util.component.AbstractLifeCycle -- STARTED @17309ms EatWhatYouKill@b041a06/SelectorProducer@5060aa4f/IDLE/p=false/QueuedThreadPool[Jetty (JenkinsRule)]@2ec4a31a{STARTED,8<=8<=200,i=8,r=-1,q=0}[ReservedThreadExecutor@22882e35{reserved=0/16,pending=0}][pc=0,pic=0,pec=0,epc=0]@2024-10-22T18:14:26.752265+05:30
18:14:26.752 [Executing mockGetSecret(org.conjur.jenkins.conjursecrets.ConjurSecretCredentialImplTest)] DEBUG org.eclipse.jetty.util.thread.QueuedThreadPool -- queue org.eclipse.jetty.io.ManagedSelector$$Lambda$424/0x00000001333325e0@3faadf89 startThread=0
18:14:26.752 [Executing mockGetSecret(org.conjur.jenkins.conjursecrets.ConjurSecretCredentialImplTest)] DEBUG org.eclipse.jetty.io.ManagedSelector -- Queued change lazy=false org.eclipse.jetty.io.ManagedSelector$Start@3e2794de on ManagedSelector@4a895218{STARTING} id=0 keys=0 selected=0 updates=0
18:14:26.752 [Jetty (JenkinsRule)-296] DEBUG org.eclipse.jetty.util.thread.QueuedThreadPool -- run org.eclipse.jetty.io.ManagedSelector$$Lambda$424/0x00000001333325e0@3faadf89 in QueuedThreadPool[Jetty (JenkinsRule)]@2ec4a31a{STARTED,8<=8<=200,i=7,r=-1,q=0}[ReservedThreadExecutor@22882e35{reserved=0/16,pending=0}]
18:14:26.752 [Jetty (JenkinsRule)-296] DEBUG org.eclipse.jetty.util.thread.strategy.EatWhatYouKill -- EatWhatYouKill@b041a06/SelectorProducer@5060aa4f/IDLE/p=false/QueuedThreadPool[Jetty (JenkinsRule)]@2ec4a31a{STARTED,8<=8<=200,i=7,r=-1,q=0}[ReservedThreadExecutor@22882e35{reserved=0/16,pending=0}][pc=0,pic=0,pec=0,epc=0]@2024-10-22T18:14:26.75246+05:30 tryProduce false
18:14:26.752 [Jetty (JenkinsRule)-296] DEBUG org.eclipse.jetty.io.ManagedSelector -- updateable 1
18:14:26.752 [Jetty (JenkinsRule)-296] DEBUG org.eclipse.jetty.io.ManagedSelector -- update org.eclipse.jetty.io.ManagedSelector$Start@3e2794de
18:14:26.752 [Jetty (JenkinsRule)-296] DEBUG org.eclipse.jetty.io.ManagedSelector -- updates 0
18:14:26.752 [Jetty (JenkinsRule)-296] DEBUG org.eclipse.jetty.io.ManagedSelector -- Selector sun.nio.ch.KQueueSelectorImpl@6b03e04c waiting with 0 keys
18:14:26.752 [Executing mockGetSecret(org.conjur.jenkins.conjursecrets.ConjurSecretCredentialImplTest)] DEBUG org.eclipse.jetty.util.component.AbstractLifeCycle -- STARTED @17310ms ManagedSelector@4a895218{STARTED} id=0 keys=0 selected=0 updates=0
18:14:26.752 [Executing mockGetSecret(org.conjur.jenkins.conjursecrets.ConjurSecretCredentialImplTest)] DEBUG org.eclipse.jetty.util.component.AbstractLifeCycle -- starting ManagedSelector@1ae4e489{STOPPED} id=1 keys=-1 selected=-1 updates=0
18:14:26.752 [Executing mockGetSecret(org.conjur.jenkins.conjursecrets.ConjurSecretCredentialImplTest)] DEBUG org.eclipse.jetty.util.component.AbstractLifeCycle -- starting EatWhatYouKill@647cff47/SelectorProducer@4f830de4/IDLE/p=false/QueuedThreadPool[Jetty (JenkinsRule)]@2ec4a31a{STARTED,8<=8<=200,i=7,r=-1,q=0}[ReservedThreadExecutor@22882e35{reserved=0/16,pending=0}][pc=0,pic=0,pec=0,epc=0]@2024-10-22T18:14:26.75267+05:30
18:14:26.752 [Executing mockGetSecret(org.conjur.jenkins.conjursecrets.ConjurSecretCredentialImplTest)] DEBUG org.eclipse.jetty.util.component.AbstractLifeCycle -- STARTED @17310ms EatWhatYouKill@647cff47/SelectorProducer@4f830de4/IDLE/p=false/QueuedThreadPool[Jetty (JenkinsRule)]@2ec4a31a{STARTED,8<=8<=200,i=7,r=-1,q=0}[ReservedThreadExecutor@22882e35{reserved=0/16,pending=0}][pc=0,pic=0,pec=0,epc=0]@2024-10-22T18:14:26.752722+05:30
18:14:26.752 [Executing mockGetSecret(org.conjur.jenkins.conjursecrets.ConjurSecretCredentialImplTest)] DEBUG org.eclipse.jetty.util.thread.QueuedThreadPool -- queue org.eclipse.jetty.io.ManagedSelector$$Lambda$424/0x00000001333325e0@704b9dcd startThread=0
18:14:26.752 [Executing mockGetSecret(org.conjur.jenkins.conjursecrets.ConjurSecretCredentialImplTest)] DEBUG org.eclipse.jetty.io.ManagedSelector -- Queued change lazy=false org.eclipse.jetty.io.ManagedSelector$Start@387574a8 on ManagedSelector@1ae4e489{STARTING} id=1 keys=0 selected=0 updates=0
18:14:26.752 [Jetty (JenkinsRule)-297] DEBUG org.eclipse.jetty.util.thread.QueuedThreadPool -- run org.eclipse.jetty.io.ManagedSelector$$Lambda$424/0x00000001333325e0@704b9dcd in QueuedThreadPool[Jetty (JenkinsRule)]@2ec4a31a{STARTED,8<=8<=200,i=6,r=-1,q=0}[ReservedThreadExecutor@22882e35{reserved=0/16,pending=0}]
18:14:26.752 [Jetty (JenkinsRule)-297] DEBUG org.eclipse.jetty.util.thread.strategy.EatWhatYouKill -- EatWhatYouKill@647cff47/SelectorProducer@4f830de4/IDLE/p=false/QueuedThreadPool[Jetty (JenkinsRule)]@2ec4a31a{STARTED,8<=8<=200,i=6,r=-1,q=0}[ReservedThreadExecutor@22882e35{reserved=0/16,pending=0}][pc=0,pic=0,pec=0,epc=0]@2024-10-22T18:14:26.752903+05:30 tryProduce false
18:14:26.752 [Jetty (JenkinsRule)-297] DEBUG org.eclipse.jetty.io.ManagedSelector -- updateable 1
18:14:26.752 [Jetty (JenkinsRule)-297] DEBUG org.eclipse.jetty.io.ManagedSelector -- update org.eclipse.jetty.io.ManagedSelector$Start@387574a8
18:14:26.752 [Jetty (JenkinsRule)-297] DEBUG org.eclipse.jetty.io.ManagedSelector -- updates 0
18:14:26.752 [Jetty (JenkinsRule)-297] DEBUG org.eclipse.jetty.io.ManagedSelector -- Selector sun.nio.ch.KQueueSelectorImpl@7beb87d2 waiting with 0 keys
18:14:26.752 [Executing mockGetSecret(org.conjur.jenkins.conjursecrets.ConjurSecretCredentialImplTest)] DEBUG org.eclipse.jetty.util.component.AbstractLifeCycle -- STARTED @17310ms ManagedSelector@1ae4e489{STARTED} id=1 keys=0 selected=0 updates=0
18:14:26.753 [Executing mockGetSecret(org.conjur.jenkins.conjursecrets.ConjurSecretCredentialImplTest)] DEBUG org.eclipse.jetty.util.component.AbstractLifeCycle -- starting ManagedSelector@4ec3fc76{STOPPED} id=2 keys=-1 selected=-1 updates=0
18:14:26.753 [Executing mockGetSecret(org.conjur.jenkins.conjursecrets.ConjurSecretCredentialImplTest)] DEBUG org.eclipse.jetty.util.component.AbstractLifeCycle -- starting EatWhatYouKill@1a7d6c5f/SelectorProducer@19783e90/IDLE/p=false/QueuedThreadPool[Jetty (JenkinsRule)]@2ec4a31a{STARTED,8<=8<=200,i=6,r=-1,q=0}[ReservedThreadExecutor@22882e35{reserved=0/16,pending=0}][pc=0,pic=0,pec=0,epc=0]@2024-10-22T18:14:26.753093+05:30
18:14:26.753 [Executing mockGetSecret(org.conjur.jenkins.conjursecrets.ConjurSecretCredentialImplTest)] DEBUG org.eclipse.jetty.util.component.AbstractLifeCycle -- STARTED @17310ms EatWhatYouKill@1a7d6c5f/SelectorProducer@19783e90/IDLE/p=false/QueuedThreadPool[Jetty (JenkinsRule)]@2ec4a31a{STARTED,8<=8<=200,i=6,r=-1,q=0}[ReservedThreadExecutor@22882e35{reserved=0/16,pending=0}][pc=0,pic=0,pec=0,epc=0]@2024-10-22T18:14:26.753156+05:30
18:14:26.753 [Executing mockGetSecret(org.conjur.jenkins.conjursecrets.ConjurSecretCredentialImplTest)] DEBUG org.eclipse.jetty.util.thread.QueuedThreadPool -- queue org.eclipse.jetty.io.ManagedSelector$$Lambda$424/0x00000001333325e0@514ab2b8 startThread=0
18:14:26.753 [Executing mockGetSecret(org.conjur.jenkins.conjursecrets.ConjurSecretCredentialImplTest)] DEBUG org.eclipse.jetty.io.ManagedSelector -- Queued change lazy=false org.eclipse.jetty.io.ManagedSelector$Start@53c95d2b on ManagedSelector@4ec3fc76{STARTING} id=2 keys=0 selected=0 updates=0
18:14:26.753 [Jetty (JenkinsRule)-298] DEBUG org.eclipse.jetty.util.thread.QueuedThreadPool -- run org.eclipse.jetty.io.ManagedSelector$$Lambda$424/0x00000001333325e0@514ab2b8 in QueuedThreadPool[Jetty (JenkinsRule)]@2ec4a31a{STARTED,8<=8<=200,i=5,r=-1,q=0}[ReservedThreadExecutor@22882e35{reserved=0/16,pending=0}]
18:14:26.753 [Jetty (JenkinsRule)-298] DEBUG org.eclipse.jetty.util.thread.strategy.EatWhatYouKill -- EatWhatYouKill@1a7d6c5f/SelectorProducer@19783e90/IDLE/p=false/QueuedThreadPool[Jetty (JenkinsRule)]@2ec4a31a{STARTED,8<=8<=200,i=5,r=-1,q=0}[ReservedThreadExecutor@22882e35{reserved=0/16,pending=0}][pc=0,pic=0,pec=0,epc=0]@2024-10-22T18:14:26.75335+05:30 tryProduce false
18:14:26.753 [Jetty (JenkinsRule)-298] DEBUG org.eclipse.jetty.io.ManagedSelector -- updateable 1
18:14:26.753 [Jetty (JenkinsRule)-298] DEBUG org.eclipse.jetty.io.ManagedSelector -- update org.eclipse.jetty.io.ManagedSelector$Start@53c95d2b
18:14:26.753 [Jetty (JenkinsRule)-298] DEBUG org.eclipse.jetty.io.ManagedSelector -- updates 0
18:14:26.753 [Jetty (JenkinsRule)-298] DEBUG org.eclipse.jetty.io.ManagedSelector -- Selector sun.nio.ch.KQueueSelectorImpl@30ddcd6f waiting with 0 keys
18:14:26.753 [Executing mockGetSecret(org.conjur.jenkins.conjursecrets.ConjurSecretCredentialImplTest)] DEBUG org.eclipse.jetty.util.component.AbstractLifeCycle -- STARTED @17311ms ManagedSelector@4ec3fc76{STARTED} id=2 keys=0 selected=0 updates=0
18:14:26.753 [Executing mockGetSecret(org.conjur.jenkins.conjursecrets.ConjurSecretCredentialImplTest)] DEBUG org.eclipse.jetty.util.component.AbstractLifeCycle -- starting ManagedSelector@5a042e43{STOPPED} id=3 keys=-1 selected=-1 updates=0
18:14:26.753 [Executing mockGetSecret(org.conjur.jenkins.conjursecrets.ConjurSecretCredentialImplTest)] DEBUG org.eclipse.jetty.util.component.AbstractLifeCycle -- starting EatWhatYouKill@733e998b/SelectorProducer@2501c27/IDLE/p=false/QueuedThreadPool[Jetty (JenkinsRule)]@2ec4a31a{STARTED,8<=8<=200,i=5,r=-1,q=0}[ReservedThreadExecutor@22882e35{reserved=0/16,pending=0}][pc=0,pic=0,pec=0,epc=0]@2024-10-22T18:14:26.753528+05:30
18:14:26.753 [Executing mockGetSecret(org.conjur.jenkins.conjursecrets.ConjurSecretCredentialImplTest)] DEBUG org.eclipse.jetty.util.component.AbstractLifeCycle -- STARTED @17311ms EatWhatYouKill@733e998b/SelectorProducer@2501c27/IDLE/p=false/QueuedThreadPool[Jetty (JenkinsRule)]@2ec4a31a{STARTED,8<=8<=200,i=5,r=-1,q=0}[ReservedThreadExecutor@22882e35{reserved=0/16,pending=0}][pc=0,pic=0,pec=0,epc=0]@2024-10-22T18:14:26.753586+05:30
18:14:26.753 [Executing mockGetSecret(org.conjur.jenkins.conjursecrets.ConjurSecretCredentialImplTest)] DEBUG org.eclipse.jetty.util.thread.QueuedThreadPool -- queue org.eclipse.jetty.io.ManagedSelector$$Lambda$424/0x00000001333325e0@7f40076a startThread=0
18:14:26.753 [Executing mockGetSecret(org.conjur.jenkins.conjursecrets.ConjurSecretCredentialImplTest)] DEBUG org.eclipse.jetty.io.ManagedSelector -- Queued change lazy=false org.eclipse.jetty.io.ManagedSelector$Start@6c03ec1e on ManagedSelector@5a042e43{STARTING} id=3 keys=0 selected=0 updates=0
18:14:26.753 [Jetty (JenkinsRule)-299] DEBUG org.eclipse.jetty.util.thread.QueuedThreadPool -- run org.eclipse.jetty.io.ManagedSelector$$Lambda$424/0x00000001333325e0@7f40076a in QueuedThreadPool[Jetty (JenkinsRule)]@2ec4a31a{STARTED,8<=8<=200,i=4,r=-1,q=0}[ReservedThreadExecutor@22882e35{reserved=0/16,pending=0}]
18:14:26.753 [Jetty (JenkinsRule)-299] DEBUG org.eclipse.jetty.util.thread.strategy.EatWhatYouKill -- EatWhatYouKill@733e998b/SelectorProducer@2501c27/IDLE/p=false/QueuedThreadPool[Jetty (JenkinsRule)]@2ec4a31a{STARTED,8<=8<=200,i=4,r=-1,q=0}[ReservedThreadExecutor@22882e35{reserved=0/16,pending=0}][pc=0,pic=0,pec=0,epc=0]@2024-10-22T18:14:26.753739+05:30 tryProduce false
18:14:26.754 [Jetty (JenkinsRule)-299] DEBUG org.eclipse.jetty.io.ManagedSelector -- updateable 1
18:14:26.754 [Jetty (JenkinsRule)-299] DEBUG org.eclipse.jetty.io.ManagedSelector -- update org.eclipse.jetty.io.ManagedSelector$Start@6c03ec1e
18:14:26.754 [Jetty (JenkinsRule)-299] DEBUG org.eclipse.jetty.io.ManagedSelector -- updates 0
18:14:26.754 [Jetty (JenkinsRule)-299] DEBUG org.eclipse.jetty.io.ManagedSelector -- Selector sun.nio.ch.KQueueSelectorImpl@162afc80 waiting with 0 keys
18:14:26.754 [Executing mockGetSecret(org.conjur.jenkins.conjursecrets.ConjurSecretCredentialImplTest)] DEBUG org.eclipse.jetty.util.component.AbstractLifeCycle -- STARTED @17312ms ManagedSelector@5a042e43{STARTED} id=3 keys=0 selected=0 updates=0
18:14:26.754 [Executing mockGetSecret(org.conjur.jenkins.conjursecrets.ConjurSecretCredentialImplTest)] DEBUG org.eclipse.jetty.util.component.AbstractLifeCycle -- starting ManagedSelector@e33ef9e{STOPPED} id=4 keys=-1 selected=-1 updates=0
18:14:26.754 [Executing mockGetSecret(org.conjur.jenkins.conjursecrets.ConjurSecretCredentialImplTest)] DEBUG org.eclipse.jetty.util.component.AbstractLifeCycle -- starting EatWhatYouKill@b755939/SelectorProducer@c007b1d/IDLE/p=false/QueuedThreadPool[Jetty (JenkinsRule)]@2ec4a31a{STARTED,8<=8<=200,i=4,r=-1,q=0}[ReservedThreadExecutor@22882e35{reserved=0/16,pending=0}][pc=0,pic=0,pec=0,epc=0]@2024-10-22T18:14:26.75494+05:30
18:14:26.755 [Executing mockGetSecret(org.conjur.jenkins.conjursecrets.ConjurSecretCredentialImplTest)] DEBUG org.eclipse.jetty.util.component.AbstractLifeCycle -- STARTED @17312ms EatWhatYouKill@b755939/SelectorProducer@c007b1d/IDLE/p=false/QueuedThreadPool[Jetty (JenkinsRule)]@2ec4a31a{STARTED,8<=8<=200,i=4,r=-1,q=0}[ReservedThreadExecutor@22882e35{reserved=0/16,pending=0}][pc=0,pic=0,pec=0,epc=0]@2024-10-22T18:14:26.755057+05:30
18:14:26.755 [Executing mockGetSecret(org.conjur.jenkins.conjursecrets.ConjurSecretCredentialImplTest)] DEBUG org.eclipse.jetty.util.thread.QueuedThreadPool -- queue org.eclipse.jetty.io.ManagedSelector$$Lambda$424/0x00000001333325e0@68d85c54 startThread=0
18:14:26.755 [Executing mockGetSecret(org.conjur.jenkins.conjursecrets.ConjurSecretCredentialImplTest)] DEBUG org.eclipse.jetty.io.ManagedSelector -- Queued change lazy=false org.eclipse.jetty.io.ManagedSelector$Start@71e16461 on ManagedSelector@e33ef9e{STARTING} id=4 keys=0 selected=0 updates=0
18:14:26.755 [Jetty (JenkinsRule)-300] DEBUG org.eclipse.jetty.util.thread.QueuedThreadPool -- run org.eclipse.jetty.io.ManagedSelector$$Lambda$424/0x00000001333325e0@68d85c54 in QueuedThreadPool[Jetty (JenkinsRule)]@2ec4a31a{STARTED,8<=8<=200,i=3,r=-1,q=0}[ReservedThreadExecutor@22882e35{reserved=0/16,pending=0}]
18:14:26.755 [Jetty (JenkinsRule)-300] DEBUG org.eclipse.jetty.util.thread.strategy.EatWhatYouKill -- EatWhatYouKill@b755939/SelectorProducer@c007b1d/IDLE/p=false/QueuedThreadPool[Jetty (JenkinsRule)]@2ec4a31a{STARTED,8<=8<=200,i=3,r=-1,q=0}[ReservedThreadExecutor@22882e35{reserved=0/16,pending=0}][pc=0,pic=0,pec=0,epc=0]@2024-10-22T18:14:26.755244+05:30 tryProduce false
18:14:26.755 [Jetty (JenkinsRule)-300] DEBUG org.eclipse.jetty.io.ManagedSelector -- updateable 1
18:14:26.755 [Jetty (JenkinsRule)-300] DEBUG org.eclipse.jetty.io.ManagedSelector -- update org.eclipse.jetty.io.ManagedSelector$Start@71e16461
18:14:26.755 [Jetty (JenkinsRule)-300] DEBUG org.eclipse.jetty.io.ManagedSelector -- updates 0
18:14:26.755 [Jetty (JenkinsRule)-300] DEBUG org.eclipse.jetty.io.ManagedSelector -- Selector sun.nio.ch.KQueueSelectorImpl@46f9fecb waiting with 0 keys
18:14:26.755 [Executing mockGetSecret(org.conjur.jenkins.conjursecrets.ConjurSecretCredentialImplTest)] DEBUG org.eclipse.jetty.util.component.AbstractLifeCycle -- STARTED @17313ms ManagedSelector@e33ef9e{STARTED} id=4 keys=0 selected=0 updates=0
18:14:26.755 [Executing mockGetSecret(org.conjur.jenkins.conjursecrets.ConjurSecretCredentialImplTest)] DEBUG org.eclipse.jetty.util.component.AbstractLifeCycle -- starting ManagedSelector@5bf4dc38{STOPPED} id=5 keys=-1 selected=-1 updates=0
18:14:26.755 [Executing mockGetSecret(org.conjur.jenkins.conjursecrets.ConjurSecretCredentialImplTest)] DEBUG org.eclipse.jetty.util.component.AbstractLifeCycle -- starting EatWhatYouKill@75bebe2d/SelectorProducer@54239d32/IDLE/p=false/QueuedThreadPool[Jetty (JenkinsRule)]@2ec4a31a{STARTED,8<=8<=200,i=3,r=-1,q=0}[ReservedThreadExecutor@22882e35{reserved=0/16,pending=0}][pc=0,pic=0,pec=0,epc=0]@2024-10-22T18:14:26.755384+05:30
18:14:26.755 [Executing mockGetSecret(org.conjur.jenkins.conjursecrets.ConjurSecretCredentialImplTest)] DEBUG org.eclipse.jetty.util.component.AbstractLifeCycle -- STARTED @17313ms EatWhatYouKill@75bebe2d/SelectorProducer@54239d32/IDLE/p=false/QueuedThreadPool[Jetty (JenkinsRule)]@2ec4a31a{STARTED,8<=8<=200,i=3,r=-1,q=0}[ReservedThreadExecutor@22882e35{reserved=0/16,pending=0}][pc=0,pic=0,pec=0,epc=0]@2024-10-22T18:14:26.755434+05:30
18:14:26.755 [Executing mockGetSecret(org.conjur.jenkins.conjursecrets.ConjurSecretCredentialImplTest)] DEBUG org.eclipse.jetty.util.thread.QueuedThreadPool -- queue org.eclipse.jetty.io.ManagedSelector$$Lambda$424/0x00000001333325e0@ee55660 startThread=0
18:14:26.755 [Executing mockGetSecret(org.conjur.jenkins.conjursecrets.ConjurSecretCredentialImplTest)] DEBUG org.eclipse.jetty.io.ManagedSelector -- Queued change lazy=false org.eclipse.jetty.io.ManagedSelector$Start@7d7538be on ManagedSelector@5bf4dc38{STARTING} id=5 keys=0 selected=0 updates=0
18:14:26.755 [Jetty (JenkinsRule)-301] DEBUG org.eclipse.jetty.util.thread.QueuedThreadPool -- run org.eclipse.jetty.io.ManagedSelector$$Lambda$424/0x00000001333325e0@ee55660 in QueuedThreadPool[Jetty (JenkinsRule)]@2ec4a31a{STARTED,8<=8<=200,i=2,r=-1,q=0}[ReservedThreadExecutor@22882e35{reserved=0/16,pending=0}]
18:14:26.755 [Jetty (JenkinsRule)-301] DEBUG org.eclipse.jetty.util.thread.strategy.EatWhatYouKill -- EatWhatYouKill@75bebe2d/SelectorProducer@54239d32/IDLE/p=false/QueuedThreadPool[Jetty (JenkinsRule)]@2ec4a31a{STARTED,8<=8<=200,i=2,r=-1,q=0}[ReservedThreadExecutor@22882e35{reserved=0/16,pending=0}][pc=0,pic=0,pec=0,epc=0]@2024-10-22T18:14:26.755582+05:30 tryProduce false
18:14:26.755 [Jetty (JenkinsRule)-301] DEBUG org.eclipse.jetty.io.ManagedSelector -- updateable 1
18:14:26.755 [Jetty (JenkinsRule)-301] DEBUG org.eclipse.jetty.io.ManagedSelector -- update org.eclipse.jetty.io.ManagedSelector$Start@7d7538be
18:14:26.755 [Jetty (JenkinsRule)-301] DEBUG org.eclipse.jetty.io.ManagedSelector -- updates 0
18:14:26.755 [Jetty (JenkinsRule)-301] DEBUG org.eclipse.jetty.io.ManagedSelector -- Selector sun.nio.ch.KQueueSelectorImpl@6b2041e0 waiting with 0 keys
18:14:26.755 [Executing mockGetSecret(org.conjur.jenkins.conjursecrets.ConjurSecretCredentialImplTest)] DEBUG org.eclipse.jetty.util.component.AbstractLifeCycle -- STARTED @17313ms ManagedSelector@5bf4dc38{STARTED} id=5 keys=0 selected=0 updates=0
18:14:26.755 [Executing mockGetSecret(org.conjur.jenkins.conjursecrets.ConjurSecretCredentialImplTest)] DEBUG org.eclipse.jetty.util.component.AbstractLifeCycle -- starting ManagedSelector@2e7c91a{STOPPED} id=6 keys=-1 selected=-1 updates=0
18:14:26.755 [Executing mockGetSecret(org.conjur.jenkins.conjursecrets.ConjurSecretCredentialImplTest)] DEBUG org.eclipse.jetty.util.component.AbstractLifeCycle -- starting EatWhatYouKill@4aaa87c7/SelectorProducer@4a651769/IDLE/p=false/QueuedThreadPool[Jetty (JenkinsRule)]@2ec4a31a{STARTED,8<=8<=200,i=2,r=-1,q=0}[ReservedThreadExecutor@22882e35{reserved=0/16,pending=0}][pc=0,pic=0,pec=0,epc=0]@2024-10-22T18:14:26.755763+05:30
18:14:26.755 [Executing mockGetSecret(org.conjur.jenkins.conjursecrets.ConjurSecretCredentialImplTest)] DEBUG org.eclipse.jetty.util.component.AbstractLifeCycle -- STARTED @17313ms EatWhatYouKill@4aaa87c7/SelectorProducer@4a651769/IDLE/p=false/QueuedThreadPool[Jetty (JenkinsRule)]@2ec4a31a{STARTED,8<=8<=200,i=2,r=-1,q=0}[ReservedThreadExecutor@22882e35{reserved=0/16,pending=0}][pc=0,pic=0,pec=0,epc=0]@2024-10-22T18:14:26.755831+05:30
18:14:26.755 [Executing mockGetSecret(org.conjur.jenkins.conjursecrets.ConjurSecretCredentialImplTest)] DEBUG org.eclipse.jetty.util.thread.QueuedThreadPool -- queue org.eclipse.jetty.io.ManagedSelector$$Lambda$424/0x00000001333325e0@5765f1b8 startThread=0
18:14:26.755 [Executing mockGetSecret(org.conjur.jenkins.conjursecrets.ConjurSecretCredentialImplTest)] DEBUG org.eclipse.jetty.io.ManagedSelector -- Queued change lazy=false org.eclipse.jetty.io.ManagedSelector$Start@2d5d5559 on ManagedSelector@2e7c91a{STARTING} id=6 keys=0 selected=0 updates=0
18:14:26.755 [Jetty (JenkinsRule)-302] DEBUG org.eclipse.jetty.util.thread.QueuedThreadPool -- run org.eclipse.jetty.io.ManagedSelector$$Lambda$424/0x00000001333325e0@5765f1b8 in QueuedThreadPool[Jetty (JenkinsRule)]@2ec4a31a{STARTED,8<=8<=200,i=1,r=-1,q=0}[ReservedThreadExecutor@22882e35{reserved=0/16,pending=0}]
18:14:26.756 [Jetty (JenkinsRule)-302] DEBUG org.eclipse.jetty.util.thread.strategy.EatWhatYouKill -- EatWhatYouKill@4aaa87c7/SelectorProducer@4a651769/IDLE/p=false/QueuedThreadPool[Jetty (JenkinsRule)]@2ec4a31a{STARTED,8<=8<=200,i=1,r=-1,q=0}[ReservedThreadExecutor@22882e35{reserved=0/16,pending=0}][pc=0,pic=0,pec=0,epc=0]@2024-10-22T18:14:26.755991+05:30 tryProduce false
18:14:26.756 [Jetty (JenkinsRule)-302] DEBUG org.eclipse.jetty.io.ManagedSelector -- updateable 1
18:14:26.756 [Jetty (JenkinsRule)-302] DEBUG org.eclipse.jetty.io.ManagedSelector -- update org.eclipse.jetty.io.ManagedSelector$Start@2d5d5559
18:14:26.756 [Jetty (JenkinsRule)-302] DEBUG org.eclipse.jetty.io.ManagedSelector -- updates 0
18:14:26.756 [Jetty (JenkinsRule)-302] DEBUG org.eclipse.jetty.io.ManagedSelector -- Selector sun.nio.ch.KQueueSelectorImpl@385e27c6 waiting with 0 keys
18:14:26.756 [Executing mockGetSecret(org.conjur.jenkins.conjursecrets.ConjurSecretCredentialImplTest)] DEBUG org.eclipse.jetty.util.component.AbstractLifeCycle -- STARTED @17313ms ManagedSelector@2e7c91a{STARTED} id=6 keys=0 selected=0 updates=0
18:14:26.756 [Executing mockGetSecret(org.conjur.jenkins.conjursecrets.ConjurSecretCredentialImplTest)] DEBUG org.eclipse.jetty.util.component.AbstractLifeCycle -- starting ManagedSelector@3b979fd{STOPPED} id=7 keys=-1 selected=-1 updates=0
18:14:26.756 [Executing mockGetSecret(org.conjur.jenkins.conjursecrets.ConjurSecretCredentialImplTest)] DEBUG org.eclipse.jetty.util.component.AbstractLifeCycle -- starting EatWhatYouKill@7f0fd062/SelectorProducer@6185f4fb/IDLE/p=false/QueuedThreadPool[Jetty (JenkinsRule)]@2ec4a31a{STARTED,8<=8<=200,i=1,r=-1,q=0}[ReservedThreadExecutor@22882e35{reserved=0/16,pending=0}][pc=0,pic=0,pec=0,epc=0]@2024-10-22T18:14:26.756155+05:30
18:14:26.756 [Executing mockGetSecret(org.conjur.jenkins.conjursecrets.ConjurSecretCredentialImplTest)] DEBUG org.eclipse.jetty.util.component.AbstractLifeCycle -- STARTED @17313ms EatWhatYouKill@7f0fd062/SelectorProducer@6185f4fb/IDLE/p=false/QueuedThreadPool[Jetty (JenkinsRule)]@2ec4a31a{STARTED,8<=8<=200,i=1,r=-1,q=0}[ReservedThreadExecutor@22882e35{reserved=0/16,pending=0}][pc=0,pic=0,pec=0,epc=0]@2024-10-22T18:14:26.756201+05:30
18:14:26.756 [Executing mockGetSecret(org.conjur.jenkins.conjursecrets.ConjurSecretCredentialImplTest)] DEBUG org.eclipse.jetty.util.thread.QueuedThreadPool -- queue org.eclipse.jetty.io.ManagedSelector$$Lambda$424/0x00000001333325e0@9af40c4 startThread=0
18:14:26.756 [Executing mockGetSecret(org.conjur.jenkins.conjursecrets.ConjurSecretCredentialImplTest)] DEBUG org.eclipse.jetty.io.ManagedSelector -- Queued change lazy=false org.eclipse.jetty.io.ManagedSelector$Start@5dcb3987 on ManagedSelector@3b979fd{STARTING} id=7 keys=0 selected=0 updates=0
18:14:26.756 [Jetty (JenkinsRule)-303] DEBUG org.eclipse.jetty.util.thread.QueuedThreadPool -- run org.eclipse.jetty.io.ManagedSelector$$Lambda$424/0x00000001333325e0@9af40c4 in QueuedThreadPool[Jetty (JenkinsRule)]@2ec4a31a{STARTED,8<=8<=200,i=0,r=-1,q=0}[ReservedThreadExecutor@22882e35{reserved=0/16,pending=0}]
18:14:26.756 [Jetty (JenkinsRule)-303] DEBUG org.eclipse.jetty.util.thread.strategy.EatWhatYouKill -- EatWhatYouKill@7f0fd062/SelectorProducer@6185f4fb/IDLE/p=false/QueuedThreadPool[Jetty (JenkinsRule)]@2ec4a31a{STARTED,8<=8<=200,i=0,r=-1,q=0}[ReservedThreadExecutor@22882e35{reserved=0/16,pending=0}][pc=0,pic=0,pec=0,epc=0]@2024-10-22T18:14:26.75637+05:30 tryProduce false
18:14:26.756 [Jetty (JenkinsRule)-303] DEBUG org.eclipse.jetty.io.ManagedSelector -- updateable 1
18:14:26.756 [Jetty (JenkinsRule)-303] DEBUG org.eclipse.jetty.io.ManagedSelector -- update org.eclipse.jetty.io.ManagedSelector$Start@5dcb3987
18:14:26.756 [Jetty (JenkinsRule)-303] DEBUG org.eclipse.jetty.io.ManagedSelector -- updates 0
18:14:26.756 [Jetty (JenkinsRule)-303] DEBUG org.eclipse.jetty.io.ManagedSelector -- Selector sun.nio.ch.KQueueSelectorImpl@cf1095b waiting with 0 keys
18:14:26.756 [Executing mockGetSecret(org.conjur.jenkins.conjursecrets.ConjurSecretCredentialImplTest)] DEBUG org.eclipse.jetty.util.component.AbstractLifeCycle -- STARTED @17314ms ManagedSelector@3b979fd{STARTED} id=7 keys=0 selected=0 updates=0
18:14:26.756 [Executing mockGetSecret(org.conjur.jenkins.conjursecrets.ConjurSecretCredentialImplTest)] DEBUG org.eclipse.jetty.util.component.AbstractLifeCycle -- STARTED @17314ms SelectorManager@ServerConnector@6ff5e087{HTTP/1.1, (http/1.1)}{localhost:51429}
18:14:26.756 [Executing mockGetSecret(org.conjur.jenkins.conjursecrets.ConjurSecretCredentialImplTest)] DEBUG org.eclipse.jetty.util.component.ContainerLifeCycle -- ServerConnector@6ff5e087{HTTP/1.1, (http/1.1)}{localhost:51429} added {acceptor-0@255bfbb7,POJO}
18:14:26.756 [Executing mockGetSecret(org.conjur.jenkins.conjursecrets.ConjurSecretCredentialImplTest)] DEBUG org.eclipse.jetty.util.thread.QueuedThreadPool -- queue acceptor-0@255bfbb7 startThread=1
18:14:26.756 [Executing mockGetSecret(org.conjur.jenkins.conjursecrets.ConjurSecretCredentialImplTest)] DEBUG org.eclipse.jetty.util.thread.QueuedThreadPool -- Starting Thread[Jetty (JenkinsRule)-305,5,main]
18:14:26.756 [Executing mockGetSecret(org.conjur.jenkins.conjursecrets.ConjurSecretCredentialImplTest)] DEBUG org.eclipse.jetty.util.component.ContainerLifeCycle -- ServerConnector@6ff5e087{HTTP/1.1, (http/1.1)}{localhost:51429} added {acceptor-1@11315021,POJO}
18:14:26.756 [Executing mockGetSecret(org.conjur.jenkins.conjursecrets.ConjurSecretCredentialImplTest)] DEBUG org.eclipse.jetty.util.thread.QueuedThreadPool -- queue acceptor-1@11315021 startThread=1
18:14:26.756 [Executing mockGetSecret(org.conjur.jenkins.conjursecrets.ConjurSecretCredentialImplTest)] DEBUG org.eclipse.jetty.util.thread.QueuedThreadPool -- Starting Thread[Jetty (JenkinsRule)-306,5,main]
18:14:26.756 [Jetty (JenkinsRule)-305] DEBUG org.eclipse.jetty.util.thread.QueuedThreadPool -- Runner started for QueuedThreadPool[Jetty (JenkinsRule)]@2ec4a31a{STARTED,8<=10<=200,i=0,r=-1,q=0}[ReservedThreadExecutor@22882e35{reserved=0/16,pending=0}]
18:14:26.756 [Jetty (JenkinsRule)-305] DEBUG org.eclipse.jetty.util.thread.QueuedThreadPool -- run acceptor-0@255bfbb7 in QueuedThreadPool[Jetty (JenkinsRule)]@2ec4a31a{STARTED,8<=10<=200,i=0,r=-1,q=0}[ReservedThreadExecutor@22882e35{reserved=0/16,pending=0}]
18:14:26.756 [Executing mockGetSecret(org.conjur.jenkins.conjursecrets.ConjurSecretCredentialImplTest)] INFO org.eclipse.jetty.server.AbstractConnector -- Started ServerConnector@6ff5e087{HTTP/1.1, (http/1.1)}{localhost:51429}
18:14:26.756 [Executing mockGetSecret(org.conjur.jenkins.conjursecrets.ConjurSecretCredentialImplTest)] DEBUG org.eclipse.jetty.util.component.AbstractLifeCycle -- STARTED @17314ms ServerConnector@6ff5e087{HTTP/1.1, (http/1.1)}{localhost:51429}
18:14:26.757 [Executing mockGetSecret(org.conjur.jenkins.conjursecrets.ConjurSecretCredentialImplTest)] INFO org.eclipse.jetty.server.Server -- Started @17314ms
18:14:26.757 [Jetty (JenkinsRule)-306] DEBUG org.eclipse.jetty.util.thread.QueuedThreadPool -- Runner started for QueuedThreadPool[Jetty (JenkinsRule)]@2ec4a31a{STARTED,8<=10<=200,i=0,r=-1,q=0}[ReservedThreadExecutor@22882e35{reserved=0/16,pending=0}]
18:14:26.757 [Executing mockGetSecret(org.conjur.jenkins.conjursecrets.ConjurSecretCredentialImplTest)] DEBUG org.eclipse.jetty.util.component.AbstractLifeCycle -- STARTED @17314ms Server@243cc86a{STARTED}[9.4.48.v20220622]
18:14:26.757 [Jetty (JenkinsRule)-306] DEBUG org.eclipse.jetty.util.thread.QueuedThreadPool -- run acceptor-1@11315021 in QueuedThreadPool[Jetty (JenkinsRule)]@2ec4a31a{STARTED,8<=10<=200,i=0,r=-1,q=0}[ReservedThreadExecutor@22882e35{reserved=0/16,pending=0}]
18:14:26.810 [Executing mockGetSecret(org.conjur.jenkins.conjursecrets.ConjurSecretCredentialImplTest)] DEBUG org.apache.commons.discovery.resource.names.DiscoverNamesInFile -- find: serviceName = 'META-INF/services/org.kohsuke.stapler.Facet'
18:14:26.811 [Executing mockGetSecret(org.conjur.jenkins.conjursecrets.ConjurSecretCredentialImplTest)] DEBUG org.apache.commons.discovery.resource.DiscoverResources -- find: resourceName='META-INF/services/org.kohsuke.stapler.Facet'
18:14:26.811 [Executing mockGetSecret(org.conjur.jenkins.conjursecrets.ConjurSecretCredentialImplTest)] DEBUG org.apache.commons.discovery.resource.DiscoverResources -- getNextResources: search using ClassLoader 'jdk.internal.loader.ClassLoaders$AppClassLoader@5ffd2b27'
18:14:26.811 [Executing mockGetSecret(org.conjur.jenkins.conjursecrets.ConjurSecretCredentialImplTest)] DEBUG org.apache.commons.discovery.resource.DiscoverResources -- getNextResource: next URL='jar:file:/Users/sameer.shaik/.m2/repository/org/kohsuke/stapler/stapler-groovy/1669.v95a_4b_919a_b_a_2/stapler-groovy-1669.v95a_4b_919a_b_a_2.jar!/META-INF/services/org.kohsuke.stapler.Facet'
18:14:26.811 [Executing mockGetSecret(org.conjur.jenkins.conjursecrets.ConjurSecretCredentialImplTest)] DEBUG org.apache.commons.discovery.resource.names.DiscoverNamesInFile -- getNextClassResource: next class='org.kohsuke.stapler.jelly.groovy.GroovyFacet'
18:14:26.811 [Executing mockGetSecret(org.conjur.jenkins.conjursecrets.ConjurSecretCredentialImplTest)] DEBUG org.apache.commons.discovery.resource.DiscoverResources -- getNextResource: next URL='jar:file:/Users/sameer.shaik/.m2/repository/org/kohsuke/stapler/stapler-jelly/1669.v95a_4b_919a_b_a_2/stapler-jelly-1669.v95a_4b_919a_b_a_2.jar!/META-INF/services/org.kohsuke.stapler.Facet'
18:14:26.811 [Executing mockGetSecret(org.conjur.jenkins.conjursecrets.ConjurSecretCredentialImplTest)] DEBUG org.apache.commons.discovery.resource.names.DiscoverNamesInFile -- getNextClassResource: next class='org.kohsuke.stapler.jelly.JellyFacet'
18:14:26.811 [Executing mockGetSecret(org.conjur.jenkins.conjursecrets.ConjurSecretCredentialImplTest)] DEBUG org.apache.commons.discovery.resource.names.DiscoverNamesInFile -- find: serviceName = 'META-INF/services/org.kohsuke.stapler.Facet'
18:14:26.811 [Executing mockGetSecret(org.conjur.jenkins.conjursecrets.ConjurSecretCredentialImplTest)] DEBUG org.apache.commons.discovery.resource.DiscoverResources -- find: resourceName='META-INF/services/org.kohsuke.stapler.Facet'
18:14:26.811 [Executing mockGetSecret(org.conjur.jenkins.conjursecrets.ConjurSecretCredentialImplTest)] DEBUG org.apache.commons.discovery.resource.DiscoverResources -- getNextResources: search using ClassLoader 'jdk.internal.loader.ClassLoaders$AppClassLoader@5ffd2b27'
18:14:26.811 [Executing mockGetSecret(org.conjur.jenkins.conjursecrets.ConjurSecretCredentialImplTest)] DEBUG org.apache.commons.discovery.resource.DiscoverResources -- getNextResource: next URL='jar:file:/Users/sameer.shaik/.m2/repository/org/kohsuke/stapler/stapler-groovy/1669.v95a_4b_919a_b_a_2/stapler-groovy-1669.v95a_4b_919a_b_a_2.jar!/META-INF/services/org.kohsuke.stapler.Facet'
18:14:26.812 [Executing mockGetSecret(org.conjur.jenkins.conjursecrets.ConjurSecretCredentialImplTest)] DEBUG org.apache.commons.discovery.resource.names.DiscoverNamesInFile -- getNextClassResource: next class='org.kohsuke.stapler.jelly.groovy.GroovyFacet'
18:14:26.812 [Executing mockGetSecret(org.conjur.jenkins.conjursecrets.ConjurSecretCredentialImplTest)] DEBUG org.apache.commons.discovery.resource.DiscoverResources -- getNextResource: next URL='jar:file:/Users/sameer.shaik/.m2/repository/org/kohsuke/stapler/stapler-jelly/1669.v95a_4b_919a_b_a_2/stapler-jelly-1669.v95a_4b_919a_b_a_2.jar!/META-INF/services/org.kohsuke.stapler.Facet'
18:14:26.812 [Executing mockGetSecret(org.conjur.jenkins.conjursecrets.ConjurSecretCredentialImplTest)] DEBUG org.apache.commons.discovery.resource.names.DiscoverNamesInFile -- getNextClassResource: next class='org.kohsuke.stapler.jelly.JellyFacet'
18:14:27.375 [Executing mockGetSecret(org.conjur.jenkins.conjursecrets.ConjurSecretCredentialImplTest)] DEBUG org.eclipse.jetty.util.component.AbstractLifeCycle -- stopping Server@243cc86a{STARTED}[9.4.48.v20220622]
18:14:27.375 [Executing mockGetSecret(org.conjur.jenkins.conjursecrets.ConjurSecretCredentialImplTest)] DEBUG org.eclipse.jetty.server.Server -- doStop Server@243cc86a{STOPPING}[9.4.48.v20220622]
18:14:27.375 [Executing mockGetSecret(org.conjur.jenkins.conjursecrets.ConjurSecretCredentialImplTest)] DEBUG org.eclipse.jetty.server.handler.AbstractHandlerContainer -- Graceful shutdown Server@243cc86a{STOPPING}[9.4.48.v20220622] by 
18:14:27.375 [Executing mockGetSecret(org.conjur.jenkins.conjursecrets.ConjurSecretCredentialImplTest)] DEBUG org.eclipse.jetty.util.component.AbstractLifeCycle -- stopping ServerConnector@6ff5e087{HTTP/1.1, (http/1.1)}{localhost:0}
18:14:27.375 [Jetty (JenkinsRule)-305] DEBUG org.eclipse.jetty.util.thread.QueuedThreadPool -- ran Jetty (JenkinsRule)-305-acceptor-0@255bfbb7-ServerConnector@6ff5e087{HTTP/1.1, (http/1.1)}{localhost:51429} in QueuedThreadPool[Jetty (JenkinsRule)]@2ec4a31a{STARTED,8<=10<=200,i=0,r=-1,q=0}[ReservedThreadExecutor@22882e35{reserved=0/16,pending=0}]
18:14:27.375 [Jetty (JenkinsRule)-306] DEBUG org.eclipse.jetty.util.thread.QueuedThreadPool -- ran Jetty (JenkinsRule)-306-acceptor-1@11315021-ServerConnector@6ff5e087{HTTP/1.1, (http/1.1)}{localhost:51429} in QueuedThreadPool[Jetty (JenkinsRule)]@2ec4a31a{STARTED,8<=10<=200,i=0,r=-1,q=0}[ReservedThreadExecutor@22882e35{reserved=0/16,pending=0}]
18:14:27.375 [Executing mockGetSecret(org.conjur.jenkins.conjursecrets.ConjurSecretCredentialImplTest)] DEBUG org.eclipse.jetty.util.component.AbstractLifeCycle -- stopping SelectorManager@ServerConnector@6ff5e087{HTTP/1.1, (http/1.1)}{localhost:0}
18:14:27.376 [Executing mockGetSecret(org.conjur.jenkins.conjursecrets.ConjurSecretCredentialImplTest)] DEBUG org.eclipse.jetty.util.component.AbstractLifeCycle -- stopping ManagedSelector@3b979fd{STARTED} id=7 keys=0 selected=0 updates=0
18:14:27.376 [Executing mockGetSecret(org.conjur.jenkins.conjursecrets.ConjurSecretCredentialImplTest)] DEBUG org.eclipse.jetty.io.ManagedSelector -- Queued change lazy=false org.eclipse.jetty.io.ManagedSelector$CloseConnections@836368c on ManagedSelector@3b979fd{STOPPING} id=7 keys=0 selected=0 updates=0
18:14:27.376 [Executing mockGetSecret(org.conjur.jenkins.conjursecrets.ConjurSecretCredentialImplTest)] DEBUG org.eclipse.jetty.io.ManagedSelector -- Wakeup on submit ManagedSelector@3b979fd{STOPPING} id=7 keys=0 selected=0 updates=1
18:14:27.376 [Jetty (JenkinsRule)-303] DEBUG org.eclipse.jetty.io.ManagedSelector -- Selector sun.nio.ch.KQueueSelectorImpl@cf1095b woken with none selected
18:14:27.376 [Jetty (JenkinsRule)-303] DEBUG org.eclipse.jetty.io.ManagedSelector -- Selector sun.nio.ch.KQueueSelectorImpl@cf1095b woken up from select, 0/0/0 selected
18:14:27.376 [Jetty (JenkinsRule)-303] DEBUG org.eclipse.jetty.io.ManagedSelector -- Selector sun.nio.ch.KQueueSelectorImpl@cf1095b processing 0 keys, 1 updates
18:14:27.376 [Jetty (JenkinsRule)-303] DEBUG org.eclipse.jetty.io.ManagedSelector -- updateable 1
18:14:27.376 [Jetty (JenkinsRule)-303] DEBUG org.eclipse.jetty.io.ManagedSelector -- update org.eclipse.jetty.io.ManagedSelector$CloseConnections@836368c
18:14:27.376 [Jetty (JenkinsRule)-303] DEBUG org.eclipse.jetty.io.ManagedSelector -- Closing 0 connections on ManagedSelector@3b979fd{STOPPING} id=7 keys=0 selected=0 updates=0
18:14:27.376 [Jetty (JenkinsRule)-303] DEBUG org.eclipse.jetty.io.ManagedSelector -- updates 0
18:14:27.376 [Jetty (JenkinsRule)-303] DEBUG org.eclipse.jetty.io.ManagedSelector -- Selector sun.nio.ch.KQueueSelectorImpl@cf1095b waiting with 0 keys
18:14:27.376 [Executing mockGetSecret(org.conjur.jenkins.conjursecrets.ConjurSecretCredentialImplTest)] DEBUG org.eclipse.jetty.io.ManagedSelector -- Queued change lazy=false org.eclipse.jetty.io.ManagedSelector$StopSelector@304e723e on ManagedSelector@3b979fd{STOPPING} id=7 keys=0 selected=0 updates=0
18:14:27.376 [Executing mockGetSecret(org.conjur.jenkins.conjursecrets.ConjurSecretCredentialImplTest)] DEBUG org.eclipse.jetty.io.ManagedSelector -- Wakeup on submit ManagedSelector@3b979fd{STOPPING} id=7 keys=0 selected=0 updates=1
18:14:27.376 [Jetty (JenkinsRule)-303] DEBUG org.eclipse.jetty.io.ManagedSelector -- Selector sun.nio.ch.KQueueSelectorImpl@cf1095b woken with none selected
18:14:27.376 [Jetty (JenkinsRule)-303] DEBUG org.eclipse.jetty.io.ManagedSelector -- Selector sun.nio.ch.KQueueSelectorImpl@cf1095b woken up from select, 0/0/0 selected
18:14:27.376 [Jetty (JenkinsRule)-303] DEBUG org.eclipse.jetty.io.ManagedSelector -- Selector sun.nio.ch.KQueueSelectorImpl@cf1095b processing 0 keys, 1 updates
18:14:27.376 [Jetty (JenkinsRule)-303] DEBUG org.eclipse.jetty.io.ManagedSelector -- updateable 1
18:14:27.376 [Jetty (JenkinsRule)-303] DEBUG org.eclipse.jetty.io.ManagedSelector -- update org.eclipse.jetty.io.ManagedSelector$StopSelector@304e723e
18:14:27.376 [Jetty (JenkinsRule)-303] DEBUG org.eclipse.jetty.io.ManagedSelector -- updates 0
18:14:27.376 [Jetty (JenkinsRule)-303] DEBUG org.eclipse.jetty.util.thread.QueuedThreadPool -- ran org.eclipse.jetty.io.ManagedSelector$$Lambda$424/0x00000001333325e0@9af40c4 in QueuedThreadPool[Jetty (JenkinsRule)]@2ec4a31a{STARTED,8<=10<=200,i=2,r=-1,q=0}[ReservedThreadExecutor@22882e35{reserved=0/16,pending=0}]
18:14:27.376 [Executing mockGetSecret(org.conjur.jenkins.conjursecrets.ConjurSecretCredentialImplTest)] DEBUG org.eclipse.jetty.util.component.AbstractLifeCycle -- stopping EatWhatYouKill@7f0fd062/SelectorProducer@6185f4fb/IDLE/p=false/QueuedThreadPool[Jetty (JenkinsRule)]@2ec4a31a{STARTED,8<=10<=200,i=3,r=-1,q=0}[ReservedThreadExecutor@22882e35{reserved=0/16,pending=0}][pc=0,pic=0,pec=0,epc=0]@2024-10-22T18:14:27.376565+05:30
18:14:27.376 [Executing mockGetSecret(org.conjur.jenkins.conjursecrets.ConjurSecretCredentialImplTest)] DEBUG org.eclipse.jetty.util.component.AbstractLifeCycle -- STOPPED EatWhatYouKill@7f0fd062/SelectorProducer@6185f4fb/IDLE/p=false/QueuedThreadPool[Jetty (JenkinsRule)]@2ec4a31a{STARTED,8<=10<=200,i=3,r=-1,q=0}[ReservedThreadExecutor@22882e35{reserved=0/16,pending=0}][pc=0,pic=0,pec=0,epc=0]@2024-10-22T18:14:27.376618+05:30
18:14:27.376 [Executing mockGetSecret(org.conjur.jenkins.conjursecrets.ConjurSecretCredentialImplTest)] DEBUG org.eclipse.jetty.util.component.AbstractLifeCycle -- STOPPED ManagedSelector@3b979fd{STOPPED} id=7 keys=-1 selected=-1 updates=0
18:14:27.376 [Executing mockGetSecret(org.conjur.jenkins.conjursecrets.ConjurSecretCredentialImplTest)] DEBUG org.eclipse.jetty.util.component.AbstractLifeCycle -- stopping ManagedSelector@2e7c91a{STARTED} id=6 keys=0 selected=0 updates=0
18:14:27.376 [Executing mockGetSecret(org.conjur.jenkins.conjursecrets.ConjurSecretCredentialImplTest)] DEBUG org.eclipse.jetty.io.ManagedSelector -- Queued change lazy=false org.eclipse.jetty.io.ManagedSelector$CloseConnections@2fdbc7f8 on ManagedSelector@2e7c91a{STOPPING} id=6 keys=0 selected=0 updates=0
18:14:27.376 [Executing mockGetSecret(org.conjur.jenkins.conjursecrets.ConjurSecretCredentialImplTest)] DEBUG org.eclipse.jetty.io.ManagedSelector -- Wakeup on submit ManagedSelector@2e7c91a{STOPPING} id=6 keys=0 selected=0 updates=1
18:14:27.376 [Jetty (JenkinsRule)-302] DEBUG org.eclipse.jetty.io.ManagedSelector -- Selector sun.nio.ch.KQueueSelectorImpl@385e27c6 woken with none selected
18:14:27.376 [Jetty (JenkinsRule)-302] DEBUG org.eclipse.jetty.io.ManagedSelector -- Selector sun.nio.ch.KQueueSelectorImpl@385e27c6 woken up from select, 0/0/0 selected
18:14:27.376 [Jetty (JenkinsRule)-302] DEBUG org.eclipse.jetty.io.ManagedSelector -- Selector sun.nio.ch.KQueueSelectorImpl@385e27c6 processing 0 keys, 1 updates
18:14:27.376 [Jetty (JenkinsRule)-302] DEBUG org.eclipse.jetty.io.ManagedSelector -- updateable 1
18:14:27.376 [Jetty (JenkinsRule)-302] DEBUG org.eclipse.jetty.io.ManagedSelector -- update org.eclipse.jetty.io.ManagedSelector$CloseConnections@2fdbc7f8
18:14:27.376 [Jetty (JenkinsRule)-302] DEBUG org.eclipse.jetty.io.ManagedSelector -- Closing 0 connections on ManagedSelector@2e7c91a{STOPPING} id=6 keys=0 selected=0 updates=0
18:14:27.376 [Jetty (JenkinsRule)-302] DEBUG org.eclipse.jetty.io.ManagedSelector -- updates 0
18:14:27.376 [Jetty (JenkinsRule)-302] DEBUG org.eclipse.jetty.io.ManagedSelector -- Selector sun.nio.ch.KQueueSelectorImpl@385e27c6 waiting with 0 keys
18:14:27.376 [Executing mockGetSecret(org.conjur.jenkins.conjursecrets.ConjurSecretCredentialImplTest)] DEBUG org.eclipse.jetty.io.ManagedSelector -- Queued change lazy=false org.eclipse.jetty.io.ManagedSelector$StopSelector@626f1e34 on ManagedSelector@2e7c91a{STOPPING} id=6 keys=0 selected=0 updates=0
18:14:27.376 [Executing mockGetSecret(org.conjur.jenkins.conjursecrets.ConjurSecretCredentialImplTest)] DEBUG org.eclipse.jetty.io.ManagedSelector -- Wakeup on submit ManagedSelector@2e7c91a{STOPPING} id=6 keys=0 selected=0 updates=1
18:14:27.376 [Jetty (JenkinsRule)-302] DEBUG org.eclipse.jetty.io.ManagedSelector -- Selector sun.nio.ch.KQueueSelectorImpl@385e27c6 woken with none selected
18:14:27.376 [Jetty (JenkinsRule)-302] DEBUG org.eclipse.jetty.io.ManagedSelector -- Selector sun.nio.ch.KQueueSelectorImpl@385e27c6 woken up from select, 0/0/0 selected
18:14:27.376 [Jetty (JenkinsRule)-302] DEBUG org.eclipse.jetty.io.ManagedSelector -- Selector sun.nio.ch.KQueueSelectorImpl@385e27c6 processing 0 keys, 1 updates
18:14:27.376 [Jetty (JenkinsRule)-302] DEBUG org.eclipse.jetty.io.ManagedSelector -- updateable 1
18:14:27.376 [Jetty (JenkinsRule)-302] DEBUG org.eclipse.jetty.io.ManagedSelector -- update org.eclipse.jetty.io.ManagedSelector$StopSelector@626f1e34
18:14:27.376 [Jetty (JenkinsRule)-302] DEBUG org.eclipse.jetty.io.ManagedSelector -- updates 0
18:14:27.377 [Jetty (JenkinsRule)-302] DEBUG org.eclipse.jetty.util.thread.QueuedThreadPool -- ran org.eclipse.jetty.io.ManagedSelector$$Lambda$424/0x00000001333325e0@5765f1b8 in QueuedThreadPool[Jetty (JenkinsRule)]@2ec4a31a{STARTED,8<=10<=200,i=3,r=-1,q=0}[ReservedThreadExecutor@22882e35{reserved=0/16,pending=0}]
18:14:27.377 [Executing mockGetSecret(org.conjur.jenkins.conjursecrets.ConjurSecretCredentialImplTest)] DEBUG org.eclipse.jetty.util.component.AbstractLifeCycle -- stopping EatWhatYouKill@4aaa87c7/SelectorProducer@4a651769/IDLE/p=false/QueuedThreadPool[Jetty (JenkinsRule)]@2ec4a31a{STARTED,8<=10<=200,i=3,r=-1,q=0}[ReservedThreadExecutor@22882e35{reserved=0/16,pending=0}][pc=0,pic=0,pec=0,epc=0]@2024-10-22T18:14:27.377073+05:30
18:14:27.377 [Executing mockGetSecret(org.conjur.jenkins.conjursecrets.ConjurSecretCredentialImplTest)] DEBUG org.eclipse.jetty.util.component.AbstractLifeCycle -- STOPPED EatWhatYouKill@4aaa87c7/SelectorProducer@4a651769/IDLE/p=false/QueuedThreadPool[Jetty (JenkinsRule)]@2ec4a31a{STARTED,8<=10<=200,i=4,r=-1,q=0}[ReservedThreadExecutor@22882e35{reserved=0/16,pending=0}][pc=0,pic=0,pec=0,epc=0]@2024-10-22T18:14:27.377123+05:30
18:14:27.377 [Executing mockGetSecret(org.conjur.jenkins.conjursecrets.ConjurSecretCredentialImplTest)] DEBUG org.eclipse.jetty.util.component.AbstractLifeCycle -- STOPPED ManagedSelector@2e7c91a{STOPPED} id=6 keys=-1 selected=-1 updates=0
18:14:27.377 [Executing mockGetSecret(org.conjur.jenkins.conjursecrets.ConjurSecretCredentialImplTest)] DEBUG org.eclipse.jetty.util.component.AbstractLifeCycle -- stopping ManagedSelector@5bf4dc38{STARTED} id=5 keys=0 selected=0 updates=0
18:14:27.377 [Executing mockGetSecret(org.conjur.jenkins.conjursecrets.ConjurSecretCredentialImplTest)] DEBUG org.eclipse.jetty.io.ManagedSelector -- Queued change lazy=false org.eclipse.jetty.io.ManagedSelector$CloseConnections@5bd4c6a3 on ManagedSelector@5bf4dc38{STOPPING} id=5 keys=0 selected=0 updates=0
18:14:27.377 [Executing mockGetSecret(org.conjur.jenkins.conjursecrets.ConjurSecretCredentialImplTest)] DEBUG org.eclipse.jetty.io.ManagedSelector -- Wakeup on submit ManagedSelector@5bf4dc38{STOPPING} id=5 keys=0 selected=0 updates=1
18:14:27.377 [Jetty (JenkinsRule)-301] DEBUG org.eclipse.jetty.io.ManagedSelector -- Selector sun.nio.ch.KQueueSelectorImpl@6b2041e0 woken with none selected
18:14:27.377 [Jetty (JenkinsRule)-301] DEBUG org.eclipse.jetty.io.ManagedSelector -- Selector sun.nio.ch.KQueueSelectorImpl@6b2041e0 woken up from select, 0/0/0 selected
18:14:27.377 [Jetty (JenkinsRule)-301] DEBUG org.eclipse.jetty.io.ManagedSelector -- Selector sun.nio.ch.KQueueSelectorImpl@6b2041e0 processing 0 keys, 1 updates
18:14:27.377 [Jetty (JenkinsRule)-301] DEBUG org.eclipse.jetty.io.ManagedSelector -- updateable 1
18:14:27.377 [Jetty (JenkinsRule)-301] DEBUG org.eclipse.jetty.io.ManagedSelector -- update org.eclipse.jetty.io.ManagedSelector$CloseConnections@5bd4c6a3
18:14:27.377 [Jetty (JenkinsRule)-301] DEBUG org.eclipse.jetty.io.ManagedSelector -- Closing 0 connections on ManagedSelector@5bf4dc38{STOPPING} id=5 keys=0 selected=0 updates=0
18:14:27.377 [Jetty (JenkinsRule)-301] DEBUG org.eclipse.jetty.io.ManagedSelector -- updates 0
18:14:27.377 [Jetty (JenkinsRule)-301] DEBUG org.eclipse.jetty.io.ManagedSelector -- Selector sun.nio.ch.KQueueSelectorImpl@6b2041e0 waiting with 0 keys
18:14:27.377 [Executing mockGetSecret(org.conjur.jenkins.conjursecrets.ConjurSecretCredentialImplTest)] DEBUG org.eclipse.jetty.io.ManagedSelector -- Queued change lazy=false org.eclipse.jetty.io.ManagedSelector$StopSelector@18c89065 on ManagedSelector@5bf4dc38{STOPPING} id=5 keys=0 selected=0 updates=0
18:14:27.377 [Executing mockGetSecret(org.conjur.jenkins.conjursecrets.ConjurSecretCredentialImplTest)] DEBUG org.eclipse.jetty.io.ManagedSelector -- Wakeup on submit ManagedSelector@5bf4dc38{STOPPING} id=5 keys=0 selected=0 updates=1
18:14:27.377 [Jetty (JenkinsRule)-301] DEBUG org.eclipse.jetty.io.ManagedSelector -- Selector sun.nio.ch.KQueueSelectorImpl@6b2041e0 woken with none selected
18:14:27.377 [Jetty (JenkinsRule)-301] DEBUG org.eclipse.jetty.io.ManagedSelector -- Selector sun.nio.ch.KQueueSelectorImpl@6b2041e0 woken up from select, 0/0/0 selected
18:14:27.377 [Jetty (JenkinsRule)-301] DEBUG org.eclipse.jetty.io.ManagedSelector -- Selector sun.nio.ch.KQueueSelectorImpl@6b2041e0 processing 0 keys, 1 updates
18:14:27.377 [Jetty (JenkinsRule)-301] DEBUG org.eclipse.jetty.io.ManagedSelector -- updateable 1
18:14:27.377 [Jetty (JenkinsRule)-301] DEBUG org.eclipse.jetty.io.ManagedSelector -- update org.eclipse.jetty.io.ManagedSelector$StopSelector@18c89065
18:14:27.377 [Jetty (JenkinsRule)-301] DEBUG org.eclipse.jetty.io.ManagedSelector -- updates 0
18:14:27.377 [Jetty (JenkinsRule)-301] DEBUG org.eclipse.jetty.util.thread.QueuedThreadPool -- ran org.eclipse.jetty.io.ManagedSelector$$Lambda$424/0x00000001333325e0@ee55660 in QueuedThreadPool[Jetty (JenkinsRule)]@2ec4a31a{STARTED,8<=10<=200,i=4,r=-1,q=0}[ReservedThreadExecutor@22882e35{reserved=0/16,pending=0}]
18:14:27.377 [Executing mockGetSecret(org.conjur.jenkins.conjursecrets.ConjurSecretCredentialImplTest)] DEBUG org.eclipse.jetty.util.component.AbstractLifeCycle -- stopping EatWhatYouKill@75bebe2d/SelectorProducer@54239d32/IDLE/p=false/QueuedThreadPool[Jetty (JenkinsRule)]@2ec4a31a{STARTED,8<=10<=200,i=4,r=-1,q=0}[ReservedThreadExecutor@22882e35{reserved=0/16,pending=0}][pc=0,pic=0,pec=0,epc=0]@2024-10-22T18:14:27.37764+05:30
18:14:27.377 [Executing mockGetSecret(org.conjur.jenkins.conjursecrets.ConjurSecretCredentialImplTest)] DEBUG org.eclipse.jetty.util.component.AbstractLifeCycle -- STOPPED EatWhatYouKill@75bebe2d/SelectorProducer@54239d32/IDLE/p=false/QueuedThreadPool[Jetty (JenkinsRule)]@2ec4a31a{STARTED,8<=10<=200,i=5,r=-1,q=0}[ReservedThreadExecutor@22882e35{reserved=0/16,pending=0}][pc=0,pic=0,pec=0,epc=0]@2024-10-22T18:14:27.377695+05:30
18:14:27.377 [Executing mockGetSecret(org.conjur.jenkins.conjursecrets.ConjurSecretCredentialImplTest)] DEBUG org.eclipse.jetty.util.component.AbstractLifeCycle -- STOPPED ManagedSelector@5bf4dc38{STOPPED} id=5 keys=-1 selected=-1 updates=0
18:14:27.377 [Executing mockGetSecret(org.conjur.jenkins.conjursecrets.ConjurSecretCredentialImplTest)] DEBUG org.eclipse.jetty.util.component.AbstractLifeCycle -- stopping ManagedSelector@e33ef9e{STARTED} id=4 keys=0 selected=0 updates=0
18:14:27.377 [Executing mockGetSecret(org.conjur.jenkins.conjursecrets.ConjurSecretCredentialImplTest)] DEBUG org.eclipse.jetty.io.ManagedSelector -- Queued change lazy=false org.eclipse.jetty.io.ManagedSelector$CloseConnections@69dd6083 on ManagedSelector@e33ef9e{STOPPING} id=4 keys=0 selected=0 updates=0
18:14:27.377 [Executing mockGetSecret(org.conjur.jenkins.conjursecrets.ConjurSecretCredentialImplTest)] DEBUG org.eclipse.jetty.io.ManagedSelector -- Wakeup on submit ManagedSelector@e33ef9e{STOPPING} id=4 keys=0 selected=0 updates=1
18:14:27.377 [Jetty (JenkinsRule)-300] DEBUG org.eclipse.jetty.io.ManagedSelector -- Selector sun.nio.ch.KQueueSelectorImpl@46f9fecb woken with none selected
18:14:27.377 [Jetty (JenkinsRule)-300] DEBUG org.eclipse.jetty.io.ManagedSelector -- Selector sun.nio.ch.KQueueSelectorImpl@46f9fecb woken up from select, 0/0/0 selected
18:14:27.377 [Jetty (JenkinsRule)-300] DEBUG org.eclipse.jetty.io.ManagedSelector -- Selector sun.nio.ch.KQueueSelectorImpl@46f9fecb processing 0 keys, 1 updates
18:14:27.377 [Jetty (JenkinsRule)-300] DEBUG org.eclipse.jetty.io.ManagedSelector -- updateable 1
18:14:27.377 [Jetty (JenkinsRule)-300] DEBUG org.eclipse.jetty.io.ManagedSelector -- update org.eclipse.jetty.io.ManagedSelector$CloseConnections@69dd6083
18:14:27.377 [Jetty (JenkinsRule)-300] DEBUG org.eclipse.jetty.io.ManagedSelector -- Closing 0 connections on ManagedSelector@e33ef9e{STOPPING} id=4 keys=0 selected=0 updates=0
18:14:27.377 [Jetty (JenkinsRule)-300] DEBUG org.eclipse.jetty.io.ManagedSelector -- updates 0
18:14:27.377 [Jetty (JenkinsRule)-300] DEBUG org.eclipse.jetty.io.ManagedSelector -- Selector sun.nio.ch.KQueueSelectorImpl@46f9fecb waiting with 0 keys
18:14:27.377 [Executing mockGetSecret(org.conjur.jenkins.conjursecrets.ConjurSecretCredentialImplTest)] DEBUG org.eclipse.jetty.io.ManagedSelector -- Queued change lazy=false org.eclipse.jetty.io.ManagedSelector$StopSelector@73594d32 on ManagedSelector@e33ef9e{STOPPING} id=4 keys=0 selected=0 updates=0
18:14:27.377 [Executing mockGetSecret(org.conjur.jenkins.conjursecrets.ConjurSecretCredentialImplTest)] DEBUG org.eclipse.jetty.io.ManagedSelector -- Wakeup on submit ManagedSelector@e33ef9e{STOPPING} id=4 keys=0 selected=0 updates=1
18:14:27.377 [Jetty (JenkinsRule)-300] DEBUG org.eclipse.jetty.io.ManagedSelector -- Selector sun.nio.ch.KQueueSelectorImpl@46f9fecb woken with none selected
18:14:27.377 [Jetty (JenkinsRule)-300] DEBUG org.eclipse.jetty.io.ManagedSelector -- Selector sun.nio.ch.KQueueSelectorImpl@46f9fecb woken up from select, 0/0/0 selected
18:14:27.378 [Jetty (JenkinsRule)-300] DEBUG org.eclipse.jetty.io.ManagedSelector -- Selector sun.nio.ch.KQueueSelectorImpl@46f9fecb processing 0 keys, 1 updates
18:14:27.378 [Jetty (JenkinsRule)-300] DEBUG org.eclipse.jetty.io.ManagedSelector -- updateable 1
18:14:27.378 [Jetty (JenkinsRule)-300] DEBUG org.eclipse.jetty.io.ManagedSelector -- update org.eclipse.jetty.io.ManagedSelector$StopSelector@73594d32
18:14:27.378 [Jetty (JenkinsRule)-300] DEBUG org.eclipse.jetty.io.ManagedSelector -- updates 0
18:14:27.378 [Jetty (JenkinsRule)-300] DEBUG org.eclipse.jetty.util.thread.QueuedThreadPool -- ran org.eclipse.jetty.io.ManagedSelector$$Lambda$424/0x00000001333325e0@68d85c54 in QueuedThreadPool[Jetty (JenkinsRule)]@2ec4a31a{STARTED,8<=10<=200,i=5,r=-1,q=0}[ReservedThreadExecutor@22882e35{reserved=0/16,pending=0}]
18:14:27.378 [Executing mockGetSecret(org.conjur.jenkins.conjursecrets.ConjurSecretCredentialImplTest)] DEBUG org.eclipse.jetty.util.component.AbstractLifeCycle -- stopping EatWhatYouKill@b755939/SelectorProducer@c007b1d/IDLE/p=false/QueuedThreadPool[Jetty (JenkinsRule)]@2ec4a31a{STARTED,8<=10<=200,i=6,r=-1,q=0}[ReservedThreadExecutor@22882e35{reserved=0/16,pending=0}][pc=0,pic=0,pec=0,epc=0]@2024-10-22T18:14:27.378144+05:30
18:14:27.378 [Executing mockGetSecret(org.conjur.jenkins.conjursecrets.ConjurSecretCredentialImplTest)] DEBUG org.eclipse.jetty.util.component.AbstractLifeCycle -- STOPPED EatWhatYouKill@b755939/SelectorProducer@c007b1d/IDLE/p=false/QueuedThreadPool[Jetty (JenkinsRule)]@2ec4a31a{STARTED,8<=10<=200,i=6,r=-1,q=0}[ReservedThreadExecutor@22882e35{reserved=0/16,pending=0}][pc=0,pic=0,pec=0,epc=0]@2024-10-22T18:14:27.378195+05:30
18:14:27.378 [Executing mockGetSecret(org.conjur.jenkins.conjursecrets.ConjurSecretCredentialImplTest)] DEBUG org.eclipse.jetty.util.component.AbstractLifeCycle -- STOPPED ManagedSelector@e33ef9e{STOPPED} id=4 keys=-1 selected=-1 updates=0
18:14:27.378 [Executing mockGetSecret(org.conjur.jenkins.conjursecrets.ConjurSecretCredentialImplTest)] DEBUG org.eclipse.jetty.util.component.AbstractLifeCycle -- stopping ManagedSelector@5a042e43{STARTED} id=3 keys=0 selected=0 updates=0
18:14:27.378 [Executing mockGetSecret(org.conjur.jenkins.conjursecrets.ConjurSecretCredentialImplTest)] DEBUG org.eclipse.jetty.io.ManagedSelector -- Queued change lazy=false org.eclipse.jetty.io.ManagedSelector$CloseConnections@e457c24 on ManagedSelector@5a042e43{STOPPING} id=3 keys=0 selected=0 updates=0
18:14:27.378 [Executing mockGetSecret(org.conjur.jenkins.conjursecrets.ConjurSecretCredentialImplTest)] DEBUG org.eclipse.jetty.io.ManagedSelector -- Wakeup on submit ManagedSelector@5a042e43{STOPPING} id=3 keys=0 selected=0 updates=1
18:14:27.378 [Jetty (JenkinsRule)-299] DEBUG org.eclipse.jetty.io.ManagedSelector -- Selector sun.nio.ch.KQueueSelectorImpl@162afc80 woken with none selected
18:14:27.378 [Jetty (JenkinsRule)-299] DEBUG org.eclipse.jetty.io.ManagedSelector -- Selector sun.nio.ch.KQueueSelectorImpl@162afc80 woken up from select, 0/0/0 selected
18:14:27.378 [Jetty (JenkinsRule)-299] DEBUG org.eclipse.jetty.io.ManagedSelector -- Selector sun.nio.ch.KQueueSelectorImpl@162afc80 processing 0 keys, 1 updates
18:14:27.378 [Jetty (JenkinsRule)-299] DEBUG org.eclipse.jetty.io.ManagedSelector -- updateable 1
18:14:27.378 [Jetty (JenkinsRule)-299] DEBUG org.eclipse.jetty.io.ManagedSelector -- update org.eclipse.jetty.io.ManagedSelector$CloseConnections@e457c24
18:14:27.378 [Jetty (JenkinsRule)-299] DEBUG org.eclipse.jetty.io.ManagedSelector -- Closing 0 connections on ManagedSelector@5a042e43{STOPPING} id=3 keys=0 selected=0 updates=0
18:14:27.378 [Jetty (JenkinsRule)-299] DEBUG org.eclipse.jetty.io.ManagedSelector -- updates 0
18:14:27.378 [Jetty (JenkinsRule)-299] DEBUG org.eclipse.jetty.io.ManagedSelector -- Selector sun.nio.ch.KQueueSelectorImpl@162afc80 waiting with 0 keys
18:14:27.378 [Executing mockGetSecret(org.conjur.jenkins.conjursecrets.ConjurSecretCredentialImplTest)] DEBUG org.eclipse.jetty.io.ManagedSelector -- Queued change lazy=false org.eclipse.jetty.io.ManagedSelector$StopSelector@52d29e31 on ManagedSelector@5a042e43{STOPPING} id=3 keys=0 selected=0 updates=0
18:14:27.378 [Executing mockGetSecret(org.conjur.jenkins.conjursecrets.ConjurSecretCredentialImplTest)] DEBUG org.eclipse.jetty.io.ManagedSelector -- Wakeup on submit ManagedSelector@5a042e43{STOPPING} id=3 keys=0 selected=0 updates=1
18:14:27.378 [Jetty (JenkinsRule)-299] DEBUG org.eclipse.jetty.io.ManagedSelector -- Selector sun.nio.ch.KQueueSelectorImpl@162afc80 woken with none selected
18:14:27.378 [Jetty (JenkinsRule)-299] DEBUG org.eclipse.jetty.io.ManagedSelector -- Selector sun.nio.ch.KQueueSelectorImpl@162afc80 woken up from select, 0/0/0 selected
18:14:27.378 [Jetty (JenkinsRule)-299] DEBUG org.eclipse.jetty.io.ManagedSelector -- Selector sun.nio.ch.KQueueSelectorImpl@162afc80 processing 0 keys, 1 updates
18:14:27.378 [Jetty (JenkinsRule)-299] DEBUG org.eclipse.jetty.io.ManagedSelector -- updateable 1
18:14:27.378 [Jetty (JenkinsRule)-299] DEBUG org.eclipse.jetty.io.ManagedSelector -- update org.eclipse.jetty.io.ManagedSelector$StopSelector@52d29e31
18:14:27.378 [Jetty (JenkinsRule)-299] DEBUG org.eclipse.jetty.io.ManagedSelector -- updates 0
18:14:27.378 [Jetty (JenkinsRule)-299] DEBUG org.eclipse.jetty.util.thread.QueuedThreadPool -- ran org.eclipse.jetty.io.ManagedSelector$$Lambda$424/0x00000001333325e0@7f40076a in QueuedThreadPool[Jetty (JenkinsRule)]@2ec4a31a{STARTED,8<=10<=200,i=6,r=-1,q=0}[ReservedThreadExecutor@22882e35{reserved=0/16,pending=0}]
18:14:27.378 [Executing mockGetSecret(org.conjur.jenkins.conjursecrets.ConjurSecretCredentialImplTest)] DEBUG org.eclipse.jetty.util.component.AbstractLifeCycle -- stopping EatWhatYouKill@733e998b/SelectorProducer@2501c27/IDLE/p=false/QueuedThreadPool[Jetty (JenkinsRule)]@2ec4a31a{STARTED,8<=10<=200,i=7,r=-1,q=0}[ReservedThreadExecutor@22882e35{reserved=0/16,pending=0}][pc=0,pic=0,pec=0,epc=0]@2024-10-22T18:14:27.378641+05:30
18:14:27.378 [Executing mockGetSecret(org.conjur.jenkins.conjursecrets.ConjurSecretCredentialImplTest)] DEBUG org.eclipse.jetty.util.component.AbstractLifeCycle -- STOPPED EatWhatYouKill@733e998b/SelectorProducer@2501c27/IDLE/p=false/QueuedThreadPool[Jetty (JenkinsRule)]@2ec4a31a{STARTED,8<=10<=200,i=7,r=-1,q=0}[ReservedThreadExecutor@22882e35{reserved=0/16,pending=0}][pc=0,pic=0,pec=0,epc=0]@2024-10-22T18:14:27.378695+05:30
18:14:27.378 [Executing mockGetSecret(org.conjur.jenkins.conjursecrets.ConjurSecretCredentialImplTest)] DEBUG org.eclipse.jetty.util.component.AbstractLifeCycle -- STOPPED ManagedSelector@5a042e43{STOPPED} id=3 keys=-1 selected=-1 updates=0
18:14:27.378 [Executing mockGetSecret(org.conjur.jenkins.conjursecrets.ConjurSecretCredentialImplTest)] DEBUG org.eclipse.jetty.util.component.AbstractLifeCycle -- stopping ManagedSelector@4ec3fc76{STARTED} id=2 keys=0 selected=0 updates=0
18:14:27.378 [Executing mockGetSecret(org.conjur.jenkins.conjursecrets.ConjurSecretCredentialImplTest)] DEBUG org.eclipse.jetty.io.ManagedSelector -- Queued change lazy=false org.eclipse.jetty.io.ManagedSelector$CloseConnections@50893590 on ManagedSelector@4ec3fc76{STOPPING} id=2 keys=0 selected=0 updates=0
18:14:27.378 [Executing mockGetSecret(org.conjur.jenkins.conjursecrets.ConjurSecretCredentialImplTest)] DEBUG org.eclipse.jetty.io.ManagedSelector -- Wakeup on submit ManagedSelector@4ec3fc76{STOPPING} id=2 keys=0 selected=0 updates=1
18:14:27.378 [Jetty (JenkinsRule)-298] DEBUG org.eclipse.jetty.io.ManagedSelector -- Selector sun.nio.ch.KQueueSelectorImpl@30ddcd6f woken with none selected
18:14:27.378 [Jetty (JenkinsRule)-298] DEBUG org.eclipse.jetty.io.ManagedSelector -- Selector sun.nio.ch.KQueueSelectorImpl@30ddcd6f woken up from select, 0/0/0 selected
18:14:27.378 [Jetty (JenkinsRule)-298] DEBUG org.eclipse.jetty.io.ManagedSelector -- Selector sun.nio.ch.KQueueSelectorImpl@30ddcd6f processing 0 keys, 1 updates
18:14:27.378 [Jetty (JenkinsRule)-298] DEBUG org.eclipse.jetty.io.ManagedSelector -- updateable 1
18:14:27.378 [Jetty (JenkinsRule)-298] DEBUG org.eclipse.jetty.io.ManagedSelector -- update org.eclipse.jetty.io.ManagedSelector$CloseConnections@50893590
18:14:27.378 [Jetty (JenkinsRule)-298] DEBUG org.eclipse.jetty.io.ManagedSelector -- Closing 0 connections on ManagedSelector@4ec3fc76{STOPPING} id=2 keys=0 selected=0 updates=0
18:14:27.378 [Jetty (JenkinsRule)-298] DEBUG org.eclipse.jetty.io.ManagedSelector -- updates 0
18:14:27.378 [Jetty (JenkinsRule)-298] DEBUG org.eclipse.jetty.io.ManagedSelector -- Selector sun.nio.ch.KQueueSelectorImpl@30ddcd6f waiting with 0 keys
18:14:27.378 [Executing mockGetSecret(org.conjur.jenkins.conjursecrets.ConjurSecretCredentialImplTest)] DEBUG org.eclipse.jetty.io.ManagedSelector -- Queued change lazy=false org.eclipse.jetty.io.ManagedSelector$StopSelector@6900c26e on ManagedSelector@4ec3fc76{STOPPING} id=2 keys=0 selected=0 updates=0
18:14:27.378 [Executing mockGetSecret(org.conjur.jenkins.conjursecrets.ConjurSecretCredentialImplTest)] DEBUG org.eclipse.jetty.io.ManagedSelector -- Wakeup on submit ManagedSelector@4ec3fc76{STOPPING} id=2 keys=0 selected=0 updates=1
18:14:27.378 [Jetty (JenkinsRule)-298] DEBUG org.eclipse.jetty.io.ManagedSelector -- Selector sun.nio.ch.KQueueSelectorImpl@30ddcd6f woken with none selected
18:14:27.379 [Jetty (JenkinsRule)-298] DEBUG org.eclipse.jetty.io.ManagedSelector -- Selector sun.nio.ch.KQueueSelectorImpl@30ddcd6f woken up from select, 0/0/0 selected
18:14:27.379 [Jetty (JenkinsRule)-298] DEBUG org.eclipse.jetty.io.ManagedSelector -- Selector sun.nio.ch.KQueueSelectorImpl@30ddcd6f processing 0 keys, 1 updates
18:14:27.379 [Jetty (JenkinsRule)-298] DEBUG org.eclipse.jetty.io.ManagedSelector -- updateable 1
18:14:27.379 [Jetty (JenkinsRule)-298] DEBUG org.eclipse.jetty.io.ManagedSelector -- update org.eclipse.jetty.io.ManagedSelector$StopSelector@6900c26e
18:14:27.379 [Jetty (JenkinsRule)-298] DEBUG org.eclipse.jetty.io.ManagedSelector -- updates 0
18:14:27.379 [Jetty (JenkinsRule)-298] DEBUG org.eclipse.jetty.util.thread.QueuedThreadPool -- ran org.eclipse.jetty.io.ManagedSelector$$Lambda$424/0x00000001333325e0@514ab2b8 in QueuedThreadPool[Jetty (JenkinsRule)]@2ec4a31a{STARTED,8<=10<=200,i=7,r=-1,q=0}[ReservedThreadExecutor@22882e35{reserved=0/16,pending=0}]
18:14:27.379 [Executing mockGetSecret(org.conjur.jenkins.conjursecrets.ConjurSecretCredentialImplTest)] DEBUG org.eclipse.jetty.util.component.AbstractLifeCycle -- stopping EatWhatYouKill@1a7d6c5f/SelectorProducer@19783e90/IDLE/p=false/QueuedThreadPool[Jetty (JenkinsRule)]@2ec4a31a{STARTED,8<=10<=200,i=7,r=-1,q=0}[ReservedThreadExecutor@22882e35{reserved=0/16,pending=0}][pc=0,pic=0,pec=0,epc=0]@2024-10-22T18:14:27.379119+05:30
18:14:27.379 [Executing mockGetSecret(org.conjur.jenkins.conjursecrets.ConjurSecretCredentialImplTest)] DEBUG org.eclipse.jetty.util.component.AbstractLifeCycle -- STOPPED EatWhatYouKill@1a7d6c5f/SelectorProducer@19783e90/IDLE/p=false/QueuedThreadPool[Jetty (JenkinsRule)]@2ec4a31a{STARTED,8<=10<=200,i=8,r=-1,q=0}[ReservedThreadExecutor@22882e35{reserved=0/16,pending=0}][pc=0,pic=0,pec=0,epc=0]@2024-10-22T18:14:27.379174+05:30
18:14:27.379 [Executing mockGetSecret(org.conjur.jenkins.conjursecrets.ConjurSecretCredentialImplTest)] DEBUG org.eclipse.jetty.util.component.AbstractLifeCycle -- STOPPED ManagedSelector@4ec3fc76{STOPPED} id=2 keys=-1 selected=-1 updates=0
18:14:27.379 [Executing mockGetSecret(org.conjur.jenkins.conjursecrets.ConjurSecretCredentialImplTest)] DEBUG org.eclipse.jetty.util.component.AbstractLifeCycle -- stopping ManagedSelector@1ae4e489{STARTED} id=1 keys=0 selected=0 updates=0
18:14:27.379 [Executing mockGetSecret(org.conjur.jenkins.conjursecrets.ConjurSecretCredentialImplTest)] DEBUG org.eclipse.jetty.io.ManagedSelector -- Queued change lazy=false org.eclipse.jetty.io.ManagedSelector$CloseConnections@4c013736 on ManagedSelector@1ae4e489{STOPPING} id=1 keys=0 selected=0 updates=0
18:14:27.379 [Executing mockGetSecret(org.conjur.jenkins.conjursecrets.ConjurSecretCredentialImplTest)] DEBUG org.eclipse.jetty.io.ManagedSelector -- Wakeup on submit ManagedSelector@1ae4e489{STOPPING} id=1 keys=0 selected=0 updates=1
18:14:27.379 [Jetty (JenkinsRule)-297] DEBUG org.eclipse.jetty.io.ManagedSelector -- Selector sun.nio.ch.KQueueSelectorImpl@7beb87d2 woken with none selected
18:14:27.379 [Jetty (JenkinsRule)-297] DEBUG org.eclipse.jetty.io.ManagedSelector -- Selector sun.nio.ch.KQueueSelectorImpl@7beb87d2 woken up from select, 0/0/0 selected
18:14:27.379 [Jetty (JenkinsRule)-297] DEBUG org.eclipse.jetty.io.ManagedSelector -- Selector sun.nio.ch.KQueueSelectorImpl@7beb87d2 processing 0 keys, 1 updates
18:14:27.379 [Jetty (JenkinsRule)-297] DEBUG org.eclipse.jetty.io.ManagedSelector -- updateable 1
18:14:27.379 [Jetty (JenkinsRule)-297] DEBUG org.eclipse.jetty.io.ManagedSelector -- update org.eclipse.jetty.io.ManagedSelector$CloseConnections@4c013736
18:14:27.379 [Jetty (JenkinsRule)-297] DEBUG org.eclipse.jetty.io.ManagedSelector -- Closing 0 connections on ManagedSelector@1ae4e489{STOPPING} id=1 keys=0 selected=0 updates=0
18:14:27.379 [Jetty (JenkinsRule)-297] DEBUG org.eclipse.jetty.io.ManagedSelector -- updates 0
18:14:27.379 [Jetty (JenkinsRule)-297] DEBUG org.eclipse.jetty.io.ManagedSelector -- Selector sun.nio.ch.KQueueSelectorImpl@7beb87d2 waiting with 0 keys
18:14:27.379 [Executing mockGetSecret(org.conjur.jenkins.conjursecrets.ConjurSecretCredentialImplTest)] DEBUG org.eclipse.jetty.io.ManagedSelector -- Queued change lazy=false org.eclipse.jetty.io.ManagedSelector$StopSelector@ae41b91 on ManagedSelector@1ae4e489{STOPPING} id=1 keys=0 selected=0 updates=0
18:14:27.379 [Executing mockGetSecret(org.conjur.jenkins.conjursecrets.ConjurSecretCredentialImplTest)] DEBUG org.eclipse.jetty.io.ManagedSelector -- Wakeup on submit ManagedSelector@1ae4e489{STOPPING} id=1 keys=0 selected=0 updates=1
18:14:27.379 [Jetty (JenkinsRule)-297] DEBUG org.eclipse.jetty.io.ManagedSelector -- Selector sun.nio.ch.KQueueSelectorImpl@7beb87d2 woken with none selected
18:14:27.379 [Jetty (JenkinsRule)-297] DEBUG org.eclipse.jetty.io.ManagedSelector -- Selector sun.nio.ch.KQueueSelectorImpl@7beb87d2 woken up from select, 0/0/0 selected
18:14:27.379 [Jetty (JenkinsRule)-297] DEBUG org.eclipse.jetty.io.ManagedSelector -- Selector sun.nio.ch.KQueueSelectorImpl@7beb87d2 processing 0 keys, 1 updates
18:14:27.379 [Jetty (JenkinsRule)-297] DEBUG org.eclipse.jetty.io.ManagedSelector -- updateable 1
18:14:27.379 [Jetty (JenkinsRule)-297] DEBUG org.eclipse.jetty.io.ManagedSelector -- update org.eclipse.jetty.io.ManagedSelector$StopSelector@ae41b91
18:14:27.379 [Jetty (JenkinsRule)-297] DEBUG org.eclipse.jetty.io.ManagedSelector -- updates 0
18:14:27.379 [Jetty (JenkinsRule)-297] DEBUG org.eclipse.jetty.util.thread.QueuedThreadPool -- ran org.eclipse.jetty.io.ManagedSelector$$Lambda$424/0x00000001333325e0@704b9dcd in QueuedThreadPool[Jetty (JenkinsRule)]@2ec4a31a{STARTED,8<=10<=200,i=8,r=-1,q=0}[ReservedThreadExecutor@22882e35{reserved=0/16,pending=0}]
18:14:27.379 [Executing mockGetSecret(org.conjur.jenkins.conjursecrets.ConjurSecretCredentialImplTest)] DEBUG org.eclipse.jetty.util.component.AbstractLifeCycle -- stopping EatWhatYouKill@647cff47/SelectorProducer@4f830de4/IDLE/p=false/QueuedThreadPool[Jetty (JenkinsRule)]@2ec4a31a{STARTED,8<=10<=200,i=8,r=-1,q=0}[ReservedThreadExecutor@22882e35{reserved=0/16,pending=0}][pc=0,pic=0,pec=0,epc=0]@2024-10-22T18:14:27.379672+05:30
18:14:27.379 [Executing mockGetSecret(org.conjur.jenkins.conjursecrets.ConjurSecretCredentialImplTest)] DEBUG org.eclipse.jetty.util.component.AbstractLifeCycle -- STOPPED EatWhatYouKill@647cff47/SelectorProducer@4f830de4/IDLE/p=false/QueuedThreadPool[Jetty (JenkinsRule)]@2ec4a31a{STARTED,8<=10<=200,i=9,r=-1,q=0}[ReservedThreadExecutor@22882e35{reserved=0/16,pending=0}][pc=0,pic=0,pec=0,epc=0]@2024-10-22T18:14:27.379727+05:30
18:14:27.379 [Executing mockGetSecret(org.conjur.jenkins.conjursecrets.ConjurSecretCredentialImplTest)] DEBUG org.eclipse.jetty.util.component.AbstractLifeCycle -- STOPPED ManagedSelector@1ae4e489{STOPPED} id=1 keys=-1 selected=-1 updates=0
18:14:27.379 [Executing mockGetSecret(org.conjur.jenkins.conjursecrets.ConjurSecretCredentialImplTest)] DEBUG org.eclipse.jetty.util.component.AbstractLifeCycle -- stopping ManagedSelector@4a895218{STARTED} id=0 keys=0 selected=0 updates=0
18:14:27.379 [Executing mockGetSecret(org.conjur.jenkins.conjursecrets.ConjurSecretCredentialImplTest)] DEBUG org.eclipse.jetty.io.ManagedSelector -- Queued change lazy=false org.eclipse.jetty.io.ManagedSelector$CloseConnections@13588ae8 on ManagedSelector@4a895218{STOPPING} id=0 keys=0 selected=0 updates=0
18:14:27.379 [Executing mockGetSecret(org.conjur.jenkins.conjursecrets.ConjurSecretCredentialImplTest)] DEBUG org.eclipse.jetty.io.ManagedSelector -- Wakeup on submit ManagedSelector@4a895218{STOPPING} id=0 keys=0 selected=0 updates=1
18:14:27.379 [Jetty (JenkinsRule)-296] DEBUG org.eclipse.jetty.io.ManagedSelector -- Selector sun.nio.ch.KQueueSelectorImpl@6b03e04c woken with none selected
18:14:27.379 [Jetty (JenkinsRule)-296] DEBUG org.eclipse.jetty.io.ManagedSelector -- Selector sun.nio.ch.KQueueSelectorImpl@6b03e04c woken up from select, 0/0/0 selected
18:14:27.379 [Jetty (JenkinsRule)-296] DEBUG org.eclipse.jetty.io.ManagedSelector -- Selector sun.nio.ch.KQueueSelectorImpl@6b03e04c processing 0 keys, 1 updates
18:14:27.379 [Jetty (JenkinsRule)-296] DEBUG org.eclipse.jetty.io.ManagedSelector -- updateable 1
18:14:27.379 [Jetty (JenkinsRule)-296] DEBUG org.eclipse.jetty.io.ManagedSelector -- update org.eclipse.jetty.io.ManagedSelector$CloseConnections@13588ae8
18:14:27.379 [Jetty (JenkinsRule)-296] DEBUG org.eclipse.jetty.io.ManagedSelector -- Closing 0 connections on ManagedSelector@4a895218{STOPPING} id=0 keys=0 selected=0 updates=0
18:14:27.379 [Jetty (JenkinsRule)-296] DEBUG org.eclipse.jetty.io.ManagedSelector -- updates 0
18:14:27.379 [Jetty (JenkinsRule)-296] DEBUG org.eclipse.jetty.io.ManagedSelector -- Selector sun.nio.ch.KQueueSelectorImpl@6b03e04c waiting with 0 keys
18:14:27.379 [Executing mockGetSecret(org.conjur.jenkins.conjursecrets.ConjurSecretCredentialImplTest)] DEBUG org.eclipse.jetty.io.ManagedSelector -- Queued change lazy=false org.eclipse.jetty.io.ManagedSelector$StopSelector@7c24395f on ManagedSelector@4a895218{STOPPING} id=0 keys=0 selected=0 updates=0
18:14:27.380 [Executing mockGetSecret(org.conjur.jenkins.conjursecrets.ConjurSecretCredentialImplTest)] DEBUG org.eclipse.jetty.io.ManagedSelector -- Wakeup on submit ManagedSelector@4a895218{STOPPING} id=0 keys=0 selected=0 updates=1
18:14:27.380 [Jetty (JenkinsRule)-296] DEBUG org.eclipse.jetty.io.ManagedSelector -- Selector sun.nio.ch.KQueueSelectorImpl@6b03e04c woken with none selected
18:14:27.380 [Jetty (JenkinsRule)-296] DEBUG org.eclipse.jetty.io.ManagedSelector -- Selector sun.nio.ch.KQueueSelectorImpl@6b03e04c woken up from select, 0/0/0 selected
18:14:27.380 [Jetty (JenkinsRule)-296] DEBUG org.eclipse.jetty.io.ManagedSelector -- Selector sun.nio.ch.KQueueSelectorImpl@6b03e04c processing 0 keys, 1 updates
18:14:27.380 [Jetty (JenkinsRule)-296] DEBUG org.eclipse.jetty.io.ManagedSelector -- updateable 1
18:14:27.380 [Jetty (JenkinsRule)-296] DEBUG org.eclipse.jetty.io.ManagedSelector -- update org.eclipse.jetty.io.ManagedSelector$StopSelector@7c24395f
18:14:27.380 [Jetty (JenkinsRule)-296] DEBUG org.eclipse.jetty.io.ManagedSelector -- updates 0
18:14:27.380 [Jetty (JenkinsRule)-296] DEBUG org.eclipse.jetty.util.thread.QueuedThreadPool -- ran org.eclipse.jetty.io.ManagedSelector$$Lambda$424/0x00000001333325e0@3faadf89 in QueuedThreadPool[Jetty (JenkinsRule)]@2ec4a31a{STARTED,8<=10<=200,i=9,r=-1,q=0}[ReservedThreadExecutor@22882e35{reserved=0/16,pending=0}]
18:14:27.380 [Executing mockGetSecret(org.conjur.jenkins.conjursecrets.ConjurSecretCredentialImplTest)] DEBUG org.eclipse.jetty.util.component.AbstractLifeCycle -- stopping EatWhatYouKill@b041a06/SelectorProducer@5060aa4f/IDLE/p=false/QueuedThreadPool[Jetty (JenkinsRule)]@2ec4a31a{STARTED,8<=10<=200,i=10,r=-1,q=0}[ReservedThreadExecutor@22882e35{reserved=0/16,pending=0}][pc=0,pic=0,pec=0,epc=0]@2024-10-22T18:14:27.380199+05:30
18:14:27.380 [Executing mockGetSecret(org.conjur.jenkins.conjursecrets.ConjurSecretCredentialImplTest)] DEBUG org.eclipse.jetty.util.component.AbstractLifeCycle -- STOPPED EatWhatYouKill@b041a06/SelectorProducer@5060aa4f/IDLE/p=false/QueuedThreadPool[Jetty (JenkinsRule)]@2ec4a31a{STARTED,8<=10<=200,i=10,r=-1,q=0}[ReservedThreadExecutor@22882e35{reserved=0/16,pending=0}][pc=0,pic=0,pec=0,epc=0]@2024-10-22T18:14:27.380249+05:30
18:14:27.380 [Executing mockGetSecret(org.conjur.jenkins.conjursecrets.ConjurSecretCredentialImplTest)] DEBUG org.eclipse.jetty.util.component.AbstractLifeCycle -- STOPPED ManagedSelector@4a895218{STOPPED} id=0 keys=-1 selected=-1 updates=0
18:14:27.380 [Executing mockGetSecret(org.conjur.jenkins.conjursecrets.ConjurSecretCredentialImplTest)] DEBUG org.eclipse.jetty.util.component.AbstractLifeCycle -- STOPPED SelectorManager@ServerConnector@6ff5e087{HTTP/1.1, (http/1.1)}{localhost:0}
18:14:27.380 [Executing mockGetSecret(org.conjur.jenkins.conjursecrets.ConjurSecretCredentialImplTest)] DEBUG org.eclipse.jetty.util.component.AbstractLifeCycle -- stopping HttpConnectionFactory@2016ca77[HTTP/1.1]
18:14:27.380 [Executing mockGetSecret(org.conjur.jenkins.conjursecrets.ConjurSecretCredentialImplTest)] DEBUG org.eclipse.jetty.util.component.AbstractLifeCycle -- STOPPED HttpConnectionFactory@2016ca77[HTTP/1.1]
18:14:27.380 [Executing mockGetSecret(org.conjur.jenkins.conjursecrets.ConjurSecretCredentialImplTest)] DEBUG org.eclipse.jetty.util.component.AbstractLifeCycle -- stopping ScheduledExecutorScheduler@5141582f{STARTED}
18:14:27.380 [Executing mockGetSecret(org.conjur.jenkins.conjursecrets.ConjurSecretCredentialImplTest)] DEBUG org.eclipse.jetty.util.component.AbstractLifeCycle -- STOPPED ScheduledExecutorScheduler@5141582f{STOPPED}
18:14:27.380 [Executing mockGetSecret(org.conjur.jenkins.conjursecrets.ConjurSecretCredentialImplTest)] INFO org.eclipse.jetty.server.AbstractConnector -- Stopped ServerConnector@6ff5e087{HTTP/1.1, (http/1.1)}{localhost:0}
18:14:27.380 [Executing mockGetSecret(org.conjur.jenkins.conjursecrets.ConjurSecretCredentialImplTest)] DEBUG org.eclipse.jetty.util.component.AbstractLifeCycle -- STOPPED ServerConnector@6ff5e087{HTTP/1.1, (http/1.1)}{localhost:0}
18:14:27.380 [Executing mockGetSecret(org.conjur.jenkins.conjursecrets.ConjurSecretCredentialImplTest)] DEBUG org.eclipse.jetty.server.handler.AbstractHandler -- stopping Server@243cc86a{STOPPING}[9.4.48.v20220622]
18:14:27.380 [Executing mockGetSecret(org.conjur.jenkins.conjursecrets.ConjurSecretCredentialImplTest)] DEBUG org.eclipse.jetty.util.component.AbstractLifeCycle -- stopping DefaultSessionIdManager@63b14bf8{STARTED}[worker=node0]
18:14:27.380 [Executing mockGetSecret(org.conjur.jenkins.conjursecrets.ConjurSecretCredentialImplTest)] DEBUG org.eclipse.jetty.util.component.AbstractLifeCycle -- stopping HouseKeeper@d8301f3{STARTED}[interval=660000, ownscheduler=true]
18:14:27.380 [Executing mockGetSecret(org.conjur.jenkins.conjursecrets.ConjurSecretCredentialImplTest)] INFO org.eclipse.jetty.server.session -- node0 Stopped scavenging
18:14:27.380 [Executing mockGetSecret(org.conjur.jenkins.conjursecrets.ConjurSecretCredentialImplTest)] DEBUG org.eclipse.jetty.util.component.AbstractLifeCycle -- stopping ScheduledExecutorScheduler@2b3108ee{STARTED}
18:14:27.380 [Executing mockGetSecret(org.conjur.jenkins.conjursecrets.ConjurSecretCredentialImplTest)] DEBUG org.eclipse.jetty.util.component.AbstractLifeCycle -- STOPPED ScheduledExecutorScheduler@2b3108ee{STOPPED}
18:14:27.380 [Executing mockGetSecret(org.conjur.jenkins.conjursecrets.ConjurSecretCredentialImplTest)] DEBUG org.eclipse.jetty.util.component.AbstractLifeCycle -- STOPPED HouseKeeper@d8301f3{STOPPED}[interval=660000, ownscheduler=false]
18:14:27.380 [Executing mockGetSecret(org.conjur.jenkins.conjursecrets.ConjurSecretCredentialImplTest)] DEBUG org.eclipse.jetty.util.component.AbstractLifeCycle -- STOPPED DefaultSessionIdManager@63b14bf8{STOPPED}[worker=node0]
18:14:27.380 [Executing mockGetSecret(org.conjur.jenkins.conjursecrets.ConjurSecretCredentialImplTest)] DEBUG org.eclipse.jetty.util.component.AbstractLifeCycle -- stopping ErrorHandler@62b90b3d{STARTED}
18:14:27.380 [Executing mockGetSecret(org.conjur.jenkins.conjursecrets.ConjurSecretCredentialImplTest)] DEBUG org.eclipse.jetty.server.handler.AbstractHandler -- stopping ErrorHandler@62b90b3d{STOPPING}
18:14:27.380 [Executing mockGetSecret(org.conjur.jenkins.conjursecrets.ConjurSecretCredentialImplTest)] DEBUG org.eclipse.jetty.util.component.AbstractLifeCycle -- STOPPED ErrorHandler@62b90b3d{STOPPED}
18:14:27.380 [Executing mockGetSecret(org.conjur.jenkins.conjursecrets.ConjurSecretCredentialImplTest)] DEBUG org.eclipse.jetty.util.component.AbstractLifeCycle -- stopping o.e.j.w.WebAppContext@613e4289{Jenkins v2.346.3,/jenkins,file:///Users/sameer.shaik/MyWorkSpace/17OctV2.2.3-New-BitBucketIssueFixed/conjur-credentials-plugin/target/jenkins-for-test/,SHUTDOWN}{/Users/sameer.shaik/MyWorkSpace/17OctV2.2.3-New-BitBucketIssueFixed/conjur-credentials-plugin/target/jenkins-for-test}
18:14:27.380 [Executing mockGetSecret(org.conjur.jenkins.conjursecrets.ConjurSecretCredentialImplTest)] DEBUG org.eclipse.jetty.server.handler.AbstractHandlerContainer -- Graceful shutdown o.e.j.w.WebAppContext@613e4289{Jenkins v2.346.3,/jenkins,file:///Users/sameer.shaik/MyWorkSpace/17OctV2.2.3-New-BitBucketIssueFixed/conjur-credentials-plugin/target/jenkins-for-test/,SHUTDOWN}{/Users/sameer.shaik/MyWorkSpace/17OctV2.2.3-New-BitBucketIssueFixed/conjur-credentials-plugin/target/jenkins-for-test} by 
18:14:27.380 [Executing mockGetSecret(org.conjur.jenkins.conjursecrets.ConjurSecretCredentialImplTest)] DEBUG org.eclipse.jetty.server.handler.AbstractHandler -- stopping o.e.j.w.WebAppContext@613e4289{Jenkins v2.346.3,/jenkins,file:///Users/sameer.shaik/MyWorkSpace/17OctV2.2.3-New-BitBucketIssueFixed/conjur-credentials-plugin/target/jenkins-for-test/,STOPPED}{/Users/sameer.shaik/MyWorkSpace/17OctV2.2.3-New-BitBucketIssueFixed/conjur-credentials-plugin/target/jenkins-for-test}
18:14:27.380 [Executing mockGetSecret(org.conjur.jenkins.conjursecrets.ConjurSecretCredentialImplTest)] DEBUG org.eclipse.jetty.util.component.AbstractLifeCycle -- stopping NoListenerConfiguration@55f4066{STARTED}
18:14:27.380 [Executing mockGetSecret(org.conjur.jenkins.conjursecrets.ConjurSecretCredentialImplTest)] DEBUG org.eclipse.jetty.util.component.AbstractLifeCycle -- STOPPED NoListenerConfiguration@55f4066{STOPPED}
18:14:27.380 [Executing mockGetSecret(org.conjur.jenkins.conjursecrets.ConjurSecretCredentialImplTest)] DEBUG org.eclipse.jetty.util.component.AbstractLifeCycle -- stopping ErrorPageErrorHandler@9ac3318{STARTED}
18:14:27.380 [Executing mockGetSecret(org.conjur.jenkins.conjursecrets.ConjurSecretCredentialImplTest)] DEBUG org.eclipse.jetty.server.handler.AbstractHandler -- stopping ErrorPageErrorHandler@9ac3318{STOPPING}
18:14:27.380 [Executing mockGetSecret(org.conjur.jenkins.conjursecrets.ConjurSecretCredentialImplTest)] DEBUG org.eclipse.jetty.util.component.AbstractLifeCycle -- STOPPED ErrorPageErrorHandler@9ac3318{STOPPED}
18:14:27.380 [Executing mockGetSecret(org.conjur.jenkins.conjursecrets.ConjurSecretCredentialImplTest)] DEBUG org.eclipse.jetty.util.component.AbstractLifeCycle -- stopping org.eclipse.jetty.server.session.SessionHandler313040656==dftMaxIdleSec=1800
18:14:27.380 [Executing mockGetSecret(org.conjur.jenkins.conjursecrets.ConjurSecretCredentialImplTest)] DEBUG org.eclipse.jetty.server.session -- Shutdown sessions, invalidating = false
18:14:27.380 [Executing mockGetSecret(org.conjur.jenkins.conjursecrets.ConjurSecretCredentialImplTest)] DEBUG org.eclipse.jetty.util.component.AbstractLifeCycle -- stopping org.eclipse.jetty.server.session.DefaultSessionCache@2ab194b1[evict=-1,removeUnloadable=false,saveOnCreate=false,saveOnInactiveEvict=false]
18:14:27.380 [Executing mockGetSecret(org.conjur.jenkins.conjursecrets.ConjurSecretCredentialImplTest)] DEBUG org.eclipse.jetty.util.component.AbstractLifeCycle -- stopping org.eclipse.jetty.server.session.NullSessionDataStore@3ec0cd87[passivating=false,graceSec=3600]
18:14:27.380 [Executing mockGetSecret(org.conjur.jenkins.conjursecrets.ConjurSecretCredentialImplTest)] DEBUG org.eclipse.jetty.util.component.AbstractLifeCycle -- STOPPED org.eclipse.jetty.server.session.NullSessionDataStore@3ec0cd87[passivating=false,graceSec=3600]
18:14:27.380 [Executing mockGetSecret(org.conjur.jenkins.conjursecrets.ConjurSecretCredentialImplTest)] DEBUG org.eclipse.jetty.util.component.AbstractLifeCycle -- STOPPED org.eclipse.jetty.server.session.DefaultSessionCache@2ab194b1[evict=-1,removeUnloadable=false,saveOnCreate=false,saveOnInactiveEvict=false]
18:14:27.380 [Executing mockGetSecret(org.conjur.jenkins.conjursecrets.ConjurSecretCredentialImplTest)] DEBUG org.eclipse.jetty.util.component.AbstractLifeCycle -- stopping ScheduledExecutorScheduler@7a2233fd{STARTED}
18:14:27.380 [Executing mockGetSecret(org.conjur.jenkins.conjursecrets.ConjurSecretCredentialImplTest)] DEBUG org.eclipse.jetty.util.component.AbstractLifeCycle -- STOPPED ScheduledExecutorScheduler@7a2233fd{STOPPED}
18:14:27.380 [Executing mockGetSecret(org.conjur.jenkins.conjursecrets.ConjurSecretCredentialImplTest)] DEBUG org.eclipse.jetty.server.handler.AbstractHandler -- stopping org.eclipse.jetty.server.session.SessionHandler313040656==dftMaxIdleSec=1800
18:14:27.380 [Executing mockGetSecret(org.conjur.jenkins.conjursecrets.ConjurSecretCredentialImplTest)] DEBUG org.eclipse.jetty.util.component.AbstractLifeCycle -- stopping ConstraintSecurityHandler@111bdc6{STARTED}
18:14:27.381 [Executing mockGetSecret(org.conjur.jenkins.conjursecrets.ConjurSecretCredentialImplTest)] DEBUG org.eclipse.jetty.server.handler.AbstractHandler -- stopping ConstraintSecurityHandler@111bdc6{STOPPING}
18:14:27.381 [Executing mockGetSecret(org.conjur.jenkins.conjursecrets.ConjurSecretCredentialImplTest)] DEBUG org.eclipse.jetty.util.component.AbstractLifeCycle -- stopping HashLoginService@39afcff4[default]
18:14:27.381 [Executing mockGetSecret(org.conjur.jenkins.conjursecrets.ConjurSecretCredentialImplTest)] DEBUG org.eclipse.jetty.util.component.AbstractLifeCycle -- stopping UserStore@5dea7b19{STARTED}
18:14:27.381 [Executing mockGetSecret(org.conjur.jenkins.conjursecrets.ConjurSecretCredentialImplTest)] DEBUG org.eclipse.jetty.util.component.AbstractLifeCycle -- STOPPED UserStore@5dea7b19{STOPPED}
18:14:27.381 [Executing mockGetSecret(org.conjur.jenkins.conjursecrets.ConjurSecretCredentialImplTest)] DEBUG org.eclipse.jetty.util.component.AbstractLifeCycle -- STOPPED HashLoginService@39afcff4[default]
18:14:27.381 [Executing mockGetSecret(org.conjur.jenkins.conjursecrets.ConjurSecretCredentialImplTest)] DEBUG org.eclipse.jetty.util.component.AbstractLifeCycle -- stopping ServletHandler@5faa77e2{STARTED}
18:14:27.381 [Executing mockGetSecret(org.conjur.jenkins.conjursecrets.ConjurSecretCredentialImplTest)] DEBUG org.eclipse.jetty.server.handler.AbstractHandler -- stopping ServletHandler@5faa77e2{STOPPING}
18:14:27.381 [Executing mockGetSecret(org.conjur.jenkins.conjursecrets.ConjurSecretCredentialImplTest)] DEBUG org.eclipse.jetty.util.component.AbstractLifeCycle -- stopping plugins-filter==hudson.util.PluginServletFilter@5e407d8a{inst=true,async=true,src=DESCRIPTOR:file:///Users/sameer.shaik/MyWorkSpace/17OctV2.2.3-New-BitBucketIssueFixed/conjur-credentials-plugin/target/jenkins-for-test/WEB-INF/web.xml}
18:14:27.381 [Executing mockGetSecret(org.conjur.jenkins.conjursecrets.ConjurSecretCredentialImplTest)] DEBUG org.eclipse.jetty.util.component.AbstractLifeCycle -- STOPPED plugins-filter==hudson.util.PluginServletFilter@5e407d8a{inst=false,async=true,src=DESCRIPTOR:file:///Users/sameer.shaik/MyWorkSpace/17OctV2.2.3-New-BitBucketIssueFixed/conjur-credentials-plugin/target/jenkins-for-test/WEB-INF/web.xml}
18:14:27.381 [Executing mockGetSecret(org.conjur.jenkins.conjursecrets.ConjurSecretCredentialImplTest)] DEBUG org.eclipse.jetty.util.component.AbstractLifeCycle -- stopping csrf-filter==hudson.security.csrf.CrumbFilter@6beff159{inst=true,async=true,src=DESCRIPTOR:file:///Users/sameer.shaik/MyWorkSpace/17OctV2.2.3-New-BitBucketIssueFixed/conjur-credentials-plugin/target/jenkins-for-test/WEB-INF/web.xml}
18:14:27.381 [Executing mockGetSecret(org.conjur.jenkins.conjursecrets.ConjurSecretCredentialImplTest)] DEBUG org.eclipse.jetty.util.component.AbstractLifeCycle -- STOPPED csrf-filter==hudson.security.csrf.CrumbFilter@6beff159{inst=false,async=true,src=DESCRIPTOR:file:///Users/sameer.shaik/MyWorkSpace/17OctV2.2.3-New-BitBucketIssueFixed/conjur-credentials-plugin/target/jenkins-for-test/WEB-INF/web.xml}
18:14:27.381 [Executing mockGetSecret(org.conjur.jenkins.conjursecrets.ConjurSecretCredentialImplTest)] DEBUG org.eclipse.jetty.util.component.AbstractLifeCycle -- stopping authentication-filter==hudson.security.HudsonFilter@7ddc1778{inst=true,async=true,src=DESCRIPTOR:file:///Users/sameer.shaik/MyWorkSpace/17OctV2.2.3-New-BitBucketIssueFixed/conjur-credentials-plugin/target/jenkins-for-test/WEB-INF/web.xml}
18:14:27.381 [Executing mockGetSecret(org.conjur.jenkins.conjursecrets.ConjurSecretCredentialImplTest)] DEBUG org.eclipse.jetty.util.component.AbstractLifeCycle -- STOPPED authentication-filter==hudson.security.HudsonFilter@7ddc1778{inst=false,async=true,src=DESCRIPTOR:file:///Users/sameer.shaik/MyWorkSpace/17OctV2.2.3-New-BitBucketIssueFixed/conjur-credentials-plugin/target/jenkins-for-test/WEB-INF/web.xml}
18:14:27.381 [Executing mockGetSecret(org.conjur.jenkins.conjursecrets.ConjurSecretCredentialImplTest)] DEBUG org.eclipse.jetty.util.component.AbstractLifeCycle -- stopping compression-filter==org.kohsuke.stapler.compression.CompressionFilter@58162e83{inst=true,async=true,src=DESCRIPTOR:file:///Users/sameer.shaik/MyWorkSpace/17OctV2.2.3-New-BitBucketIssueFixed/conjur-credentials-plugin/target/jenkins-for-test/WEB-INF/web.xml}
18:14:27.381 [Executing mockGetSecret(org.conjur.jenkins.conjursecrets.ConjurSecretCredentialImplTest)] DEBUG org.eclipse.jetty.util.component.AbstractLifeCycle -- STOPPED compression-filter==org.kohsuke.stapler.compression.CompressionFilter@58162e83{inst=false,async=true,src=DESCRIPTOR:file:///Users/sameer.shaik/MyWorkSpace/17OctV2.2.3-New-BitBucketIssueFixed/conjur-credentials-plugin/target/jenkins-for-test/WEB-INF/web.xml}
18:14:27.381 [Executing mockGetSecret(org.conjur.jenkins.conjursecrets.ConjurSecretCredentialImplTest)] DEBUG org.eclipse.jetty.util.component.AbstractLifeCycle -- stopping encoding-filter==hudson.util.CharacterEncodingFilter@2c833335{inst=true,async=true,src=DESCRIPTOR:file:///Users/sameer.shaik/MyWorkSpace/17OctV2.2.3-New-BitBucketIssueFixed/conjur-credentials-plugin/target/jenkins-for-test/WEB-INF/web.xml}
18:14:27.381 [Executing mockGetSecret(org.conjur.jenkins.conjursecrets.ConjurSecretCredentialImplTest)] DEBUG org.eclipse.jetty.util.component.AbstractLifeCycle -- STOPPED encoding-filter==hudson.util.CharacterEncodingFilter@2c833335{inst=false,async=true,src=DESCRIPTOR:file:///Users/sameer.shaik/MyWorkSpace/17OctV2.2.3-New-BitBucketIssueFixed/conjur-credentials-plugin/target/jenkins-for-test/WEB-INF/web.xml}
18:14:27.381 [Executing mockGetSecret(org.conjur.jenkins.conjursecrets.ConjurSecretCredentialImplTest)] DEBUG org.eclipse.jetty.util.component.AbstractLifeCycle -- stopping diagnostic-name-filter==org.kohsuke.stapler.DiagnosticThreadNameFilter@2dc77c56{inst=true,async=true,src=DESCRIPTOR:file:///Users/sameer.shaik/MyWorkSpace/17OctV2.2.3-New-BitBucketIssueFixed/conjur-credentials-plugin/target/jenkins-for-test/WEB-INF/web.xml}
18:14:27.381 [Executing mockGetSecret(org.conjur.jenkins.conjursecrets.ConjurSecretCredentialImplTest)] DEBUG org.eclipse.jetty.util.component.AbstractLifeCycle -- STOPPED diagnostic-name-filter==org.kohsuke.stapler.DiagnosticThreadNameFilter@2dc77c56{inst=false,async=true,src=DESCRIPTOR:file:///Users/sameer.shaik/MyWorkSpace/17OctV2.2.3-New-BitBucketIssueFixed/conjur-credentials-plugin/target/jenkins-for-test/WEB-INF/web.xml}
18:14:27.381 [Executing mockGetSecret(org.conjur.jenkins.conjursecrets.ConjurSecretCredentialImplTest)] DEBUG org.eclipse.jetty.util.component.AbstractLifeCycle -- stopping suspicious-request-filter==jenkins.security.SuspiciousRequestFilter@3202edb4{inst=true,async=true,src=DESCRIPTOR:file:///Users/sameer.shaik/MyWorkSpace/17OctV2.2.3-New-BitBucketIssueFixed/conjur-credentials-plugin/target/jenkins-for-test/WEB-INF/web.xml}
18:14:27.381 [Executing mockGetSecret(org.conjur.jenkins.conjursecrets.ConjurSecretCredentialImplTest)] DEBUG org.eclipse.jetty.util.component.AbstractLifeCycle -- STOPPED suspicious-request-filter==jenkins.security.SuspiciousRequestFilter@3202edb4{inst=false,async=true,src=DESCRIPTOR:file:///Users/sameer.shaik/MyWorkSpace/17OctV2.2.3-New-BitBucketIssueFixed/conjur-credentials-plugin/target/jenkins-for-test/WEB-INF/web.xml}
18:14:27.381 [Executing mockGetSecret(org.conjur.jenkins.conjursecrets.ConjurSecretCredentialImplTest)] DEBUG org.eclipse.jetty.util.component.AbstractLifeCycle -- stopping Stapler==org.kohsuke.stapler.Stapler@f222d1a9{jsp=null,order=-1,inst=false,async=true,src=DESCRIPTOR:file:///Users/sameer.shaik/MyWorkSpace/17OctV2.2.3-New-BitBucketIssueFixed/conjur-credentials-plugin/target/jenkins-for-test/WEB-INF/web.xml,STARTED}
18:14:27.381 [Executing mockGetSecret(org.conjur.jenkins.conjursecrets.ConjurSecretCredentialImplTest)] DEBUG org.eclipse.jetty.util.component.AbstractLifeCycle -- STOPPED Stapler==org.kohsuke.stapler.Stapler@f222d1a9{jsp=null,order=-1,inst=false,async=true,src=DESCRIPTOR:file:///Users/sameer.shaik/MyWorkSpace/17OctV2.2.3-New-BitBucketIssueFixed/conjur-credentials-plugin/target/jenkins-for-test/WEB-INF/web.xml,STOPPED}
18:14:27.381 [Executing mockGetSecret(org.conjur.jenkins.conjursecrets.ConjurSecretCredentialImplTest)] DEBUG org.eclipse.jetty.util.component.AbstractLifeCycle -- stopping jsp==org.eclipse.jetty.servlet.NoJspServlet@19c47{jsp=null,order=0,inst=true,async=false,src=DESCRIPTOR:jar:file:/Users/sameer.shaik/.m2/repository/org/eclipse/jetty/jetty-webapp/9.4.48.v20220622/jetty-webapp-9.4.48.v20220622.jar!/org/eclipse/jetty/webapp/webdefault.xml,STARTED}
18:14:27.381 [Executing mockGetSecret(org.conjur.jenkins.conjursecrets.ConjurSecretCredentialImplTest)] DEBUG org.eclipse.jetty.util.component.AbstractLifeCycle -- STOPPED jsp==org.eclipse.jetty.servlet.NoJspServlet@19c47{jsp=null,order=0,inst=false,async=false,src=DESCRIPTOR:jar:file:/Users/sameer.shaik/.m2/repository/org/eclipse/jetty/jetty-webapp/9.4.48.v20220622/jetty-webapp-9.4.48.v20220622.jar!/org/eclipse/jetty/webapp/webdefault.xml,STOPPED}
18:14:27.381 [Executing mockGetSecret(org.conjur.jenkins.conjursecrets.ConjurSecretCredentialImplTest)] DEBUG org.eclipse.jetty.util.component.AbstractLifeCycle -- stopping default==org.eclipse.jetty.servlet.DefaultServlet@5c13d641{jsp=null,order=0,inst=true,async=false,src=DESCRIPTOR:jar:file:/Users/sameer.shaik/.m2/repository/org/eclipse/jetty/jetty-webapp/9.4.48.v20220622/jetty-webapp-9.4.48.v20220622.jar!/org/eclipse/jetty/webapp/webdefault.xml,STARTED}
18:14:27.381 [Executing mockGetSecret(org.conjur.jenkins.conjursecrets.ConjurSecretCredentialImplTest)] DEBUG org.eclipse.jetty.util.component.AbstractLifeCycle -- STOPPED default==org.eclipse.jetty.servlet.DefaultServlet@5c13d641{jsp=null,order=0,inst=false,async=false,src=DESCRIPTOR:jar:file:/Users/sameer.shaik/.m2/repository/org/eclipse/jetty/jetty-webapp/9.4.48.v20220622/jetty-webapp-9.4.48.v20220622.jar!/org/eclipse/jetty/webapp/webdefault.xml,STOPPED}
18:14:27.381 [Executing mockGetSecret(org.conjur.jenkins.conjursecrets.ConjurSecretCredentialImplTest)] DEBUG org.eclipse.jetty.server.handler.ContextHandler -- contextDestroyed: javax.servlet.ServletContextEvent[source=ServletContext@o.e.j.w.WebAppContext@613e4289{Jenkins v2.346.3,/jenkins,file:///Users/sameer.shaik/MyWorkSpace/17OctV2.2.3-New-BitBucketIssueFixed/conjur-credentials-plugin/target/jenkins-for-test/,STOPPED}{/Users/sameer.shaik/MyWorkSpace/17OctV2.2.3-New-BitBucketIssueFixed/conjur-credentials-plugin/target/jenkins-for-test}]->jenkins.util.SystemProperties$Listener@28c08a7f
18:14:27.381 [Executing mockGetSecret(org.conjur.jenkins.conjursecrets.ConjurSecretCredentialImplTest)] DEBUG org.eclipse.jetty.server.handler.ContextHandler -- contextDestroyed: javax.servlet.ServletContextEvent[source=ServletContext@o.e.j.w.WebAppContext@613e4289{Jenkins v2.346.3,/jenkins,file:///Users/sameer.shaik/MyWorkSpace/17OctV2.2.3-New-BitBucketIssueFixed/conjur-credentials-plugin/target/jenkins-for-test/,STOPPED}{/Users/sameer.shaik/MyWorkSpace/17OctV2.2.3-New-BitBucketIssueFixed/conjur-credentials-plugin/target/jenkins-for-test}]->org.eclipse.jetty.servlet.listener.IntrospectorCleaner@1e834ddd
18:14:27.381 [Executing mockGetSecret(org.conjur.jenkins.conjursecrets.ConjurSecretCredentialImplTest)] DEBUG org.eclipse.jetty.server.handler.ContextHandler -- contextDestroyed: javax.servlet.ServletContextEvent[source=ServletContext@o.e.j.w.WebAppContext@613e4289{Jenkins v2.346.3,/jenkins,file:///Users/sameer.shaik/MyWorkSpace/17OctV2.2.3-New-BitBucketIssueFixed/conjur-credentials-plugin/target/jenkins-for-test/,STOPPED}{/Users/sameer.shaik/MyWorkSpace/17OctV2.2.3-New-BitBucketIssueFixed/conjur-credentials-plugin/target/jenkins-for-test}]->org.eclipse.jetty.servlet.listener.ELContextCleaner@75d52541
18:14:27.381 [Executing mockGetSecret(org.conjur.jenkins.conjursecrets.ConjurSecretCredentialImplTest)] DEBUG org.eclipse.jetty.util.component.AbstractLifeCycle -- stopping jenkins.JenkinsHttpSessionListener@86f91cf{src=DESCRIPTOR:file:///Users/sameer.shaik/MyWorkSpace/17OctV2.2.3-New-BitBucketIssueFixed/conjur-credentials-plugin/target/jenkins-for-test/WEB-INF/web.xml}
18:14:27.381 [Executing mockGetSecret(org.conjur.jenkins.conjursecrets.ConjurSecretCredentialImplTest)] DEBUG org.eclipse.jetty.util.component.AbstractLifeCycle -- STOPPED jenkins.JenkinsHttpSessionListener@86f91cf{src=DESCRIPTOR:file:///Users/sameer.shaik/MyWorkSpace/17OctV2.2.3-New-BitBucketIssueFixed/conjur-credentials-plugin/target/jenkins-for-test/WEB-INF/web.xml}
18:14:27.381 [Executing mockGetSecret(org.conjur.jenkins.conjursecrets.ConjurSecretCredentialImplTest)] DEBUG org.eclipse.jetty.util.component.AbstractLifeCycle -- stopping hudson.WebAppMain@78bf2f54{src=DESCRIPTOR:file:///Users/sameer.shaik/MyWorkSpace/17OctV2.2.3-New-BitBucketIssueFixed/conjur-credentials-plugin/target/jenkins-for-test/WEB-INF/web.xml}
18:14:27.381 [Executing mockGetSecret(org.conjur.jenkins.conjursecrets.ConjurSecretCredentialImplTest)] DEBUG org.eclipse.jetty.util.component.AbstractLifeCycle -- STOPPED hudson.WebAppMain@78bf2f54{src=DESCRIPTOR:file:///Users/sameer.shaik/MyWorkSpace/17OctV2.2.3-New-BitBucketIssueFixed/conjur-credentials-plugin/target/jenkins-for-test/WEB-INF/web.xml}
18:14:27.381 [Executing mockGetSecret(org.conjur.jenkins.conjursecrets.ConjurSecretCredentialImplTest)] DEBUG org.eclipse.jetty.util.component.AbstractLifeCycle -- stopping jenkins.util.SystemProperties$Listener@1671257f{src=DESCRIPTOR:file:///Users/sameer.shaik/MyWorkSpace/17OctV2.2.3-New-BitBucketIssueFixed/conjur-credentials-plugin/target/jenkins-for-test/WEB-INF/web.xml}
18:14:27.381 [Executing mockGetSecret(org.conjur.jenkins.conjursecrets.ConjurSecretCredentialImplTest)] DEBUG org.eclipse.jetty.util.component.AbstractLifeCycle -- STOPPED jenkins.util.SystemProperties$Listener@1671257f{src=DESCRIPTOR:file:///Users/sameer.shaik/MyWorkSpace/17OctV2.2.3-New-BitBucketIssueFixed/conjur-credentials-plugin/target/jenkins-for-test/WEB-INF/web.xml}
18:14:27.382 [Executing mockGetSecret(org.conjur.jenkins.conjursecrets.ConjurSecretCredentialImplTest)] DEBUG org.eclipse.jetty.util.component.AbstractLifeCycle -- stopping org.eclipse.jetty.servlet.listener.IntrospectorCleaner@78a2c04d{src=DESCRIPTOR:jar:file:/Users/sameer.shaik/.m2/repository/org/eclipse/jetty/jetty-webapp/9.4.48.v20220622/jetty-webapp-9.4.48.v20220622.jar!/org/eclipse/jetty/webapp/webdefault.xml}
18:14:27.382 [Executing mockGetSecret(org.conjur.jenkins.conjursecrets.ConjurSecretCredentialImplTest)] DEBUG org.eclipse.jetty.util.component.AbstractLifeCycle -- STOPPED org.eclipse.jetty.servlet.listener.IntrospectorCleaner@78a2c04d{src=DESCRIPTOR:jar:file:/Users/sameer.shaik/.m2/repository/org/eclipse/jetty/jetty-webapp/9.4.48.v20220622/jetty-webapp-9.4.48.v20220622.jar!/org/eclipse/jetty/webapp/webdefault.xml}
18:14:27.382 [Executing mockGetSecret(org.conjur.jenkins.conjursecrets.ConjurSecretCredentialImplTest)] DEBUG org.eclipse.jetty.util.component.AbstractLifeCycle -- stopping org.eclipse.jetty.servlet.listener.ELContextCleaner@702acf9c{src=DESCRIPTOR:jar:file:/Users/sameer.shaik/.m2/repository/org/eclipse/jetty/jetty-webapp/9.4.48.v20220622/jetty-webapp-9.4.48.v20220622.jar!/org/eclipse/jetty/webapp/webdefault.xml}
18:14:27.382 [Executing mockGetSecret(org.conjur.jenkins.conjursecrets.ConjurSecretCredentialImplTest)] DEBUG org.eclipse.jetty.util.component.AbstractLifeCycle -- STOPPED org.eclipse.jetty.servlet.listener.ELContextCleaner@702acf9c{src=DESCRIPTOR:jar:file:/Users/sameer.shaik/.m2/repository/org/eclipse/jetty/jetty-webapp/9.4.48.v20220622/jetty-webapp-9.4.48.v20220622.jar!/org/eclipse/jetty/webapp/webdefault.xml}
18:14:27.382 [Executing mockGetSecret(org.conjur.jenkins.conjursecrets.ConjurSecretCredentialImplTest)] DEBUG org.eclipse.jetty.util.component.AbstractLifeCycle -- STOPPED ServletHandler@5faa77e2{STOPPED}
18:14:27.382 [Executing mockGetSecret(org.conjur.jenkins.conjursecrets.ConjurSecretCredentialImplTest)] DEBUG org.eclipse.jetty.util.component.AbstractLifeCycle -- STOPPED ConstraintSecurityHandler@111bdc6{STOPPED}
18:14:27.382 [Executing mockGetSecret(org.conjur.jenkins.conjursecrets.ConjurSecretCredentialImplTest)] DEBUG org.eclipse.jetty.util.component.AbstractLifeCycle -- STOPPED org.eclipse.jetty.server.session.SessionHandler313040656==dftMaxIdleSec=1800
18:14:27.382 [Executing mockGetSecret(org.conjur.jenkins.conjursecrets.ConjurSecretCredentialImplTest)] DEBUG org.eclipse.jetty.util.component.AbstractLifeCycle -- stopping SymlinkAllowedResourceAliasChecker@6a69e1c7{base=/Users/sameer.shaik/MyWorkSpace/17OctV2.2.3-New-BitBucketIssueFixed/conjur-credentials-plugin/target/jenkins-for-test,protected=[/WEB-INF, /META-INF]}
18:14:27.382 [Executing mockGetSecret(org.conjur.jenkins.conjursecrets.ConjurSecretCredentialImplTest)] DEBUG org.eclipse.jetty.util.component.AbstractLifeCycle -- STOPPED SymlinkAllowedResourceAliasChecker@6a69e1c7{base=null,protected=[/WEB-INF, /META-INF]}
18:14:27.382 [Executing mockGetSecret(org.conjur.jenkins.conjursecrets.ConjurSecretCredentialImplTest)] INFO org.eclipse.jetty.server.handler.ContextHandler -- Stopped o.e.j.w.WebAppContext@613e4289{Jenkins v2.346.3,/jenkins,file:///Users/sameer.shaik/MyWorkSpace/17OctV2.2.3-New-BitBucketIssueFixed/conjur-credentials-plugin/target/jenkins-for-test/,STOPPED}{/Users/sameer.shaik/MyWorkSpace/17OctV2.2.3-New-BitBucketIssueFixed/conjur-credentials-plugin/target/jenkins-for-test}
18:14:27.382 [Executing mockGetSecret(org.conjur.jenkins.conjursecrets.ConjurSecretCredentialImplTest)] DEBUG org.eclipse.jetty.util.component.AbstractLifeCycle -- STOPPED o.e.j.w.WebAppContext@613e4289{Jenkins v2.346.3,/jenkins,file:///Users/sameer.shaik/MyWorkSpace/17OctV2.2.3-New-BitBucketIssueFixed/conjur-credentials-plugin/target/jenkins-for-test/,STOPPED}{/Users/sameer.shaik/MyWorkSpace/17OctV2.2.3-New-BitBucketIssueFixed/conjur-credentials-plugin/target/jenkins-for-test}
18:14:27.382 [Executing mockGetSecret(org.conjur.jenkins.conjursecrets.ConjurSecretCredentialImplTest)] DEBUG org.eclipse.jetty.util.component.AbstractLifeCycle -- stopping QueuedThreadPool[Jetty (JenkinsRule)]@2ec4a31a{STARTED,8<=10<=200,i=10,r=-1,q=0}[ReservedThreadExecutor@22882e35{reserved=0/16,pending=0}]
18:14:27.382 [Executing mockGetSecret(org.conjur.jenkins.conjursecrets.ConjurSecretCredentialImplTest)] DEBUG org.eclipse.jetty.util.thread.QueuedThreadPool -- Stopping QueuedThreadPool[Jetty (JenkinsRule)]@2ec4a31a{STOPPING,8<=10<=200,i=10,r=-1,q=0}[ReservedThreadExecutor@22882e35{reserved=0/16,pending=0}]
18:14:27.382 [Executing mockGetSecret(org.conjur.jenkins.conjursecrets.ConjurSecretCredentialImplTest)] DEBUG org.eclipse.jetty.util.component.AbstractLifeCycle -- stopping ReservedThreadExecutor@22882e35{reserved=0/16,pending=0}
18:14:27.382 [Executing mockGetSecret(org.conjur.jenkins.conjursecrets.ConjurSecretCredentialImplTest)] DEBUG org.eclipse.jetty.util.component.AbstractLifeCycle -- STOPPED ReservedThreadExecutor@22882e35{reserved=-1/16,pending=0}
18:14:27.382 [Executing mockGetSecret(org.conjur.jenkins.conjursecrets.ConjurSecretCredentialImplTest)] DEBUG org.eclipse.jetty.util.thread.QueuedThreadPool -- Waiting for Thread[Jetty (JenkinsRule)-303,5,main] for 14999
18:14:27.382 [Jetty (JenkinsRule)-305] DEBUG org.eclipse.jetty.util.thread.QueuedThreadPool -- run org.eclipse.jetty.util.thread.QueuedThreadPool$$Lambda$384/0x00000001332e18f0@e0aef1f in QueuedThreadPool[Jetty (JenkinsRule)]@2ec4a31a{STOPPING,8<=0<=200,i=10,r=-1,q=0}[NO_TRY]
18:14:27.382 [Jetty (JenkinsRule)-305] DEBUG org.eclipse.jetty.util.thread.QueuedThreadPool -- ran org.eclipse.jetty.util.thread.QueuedThreadPool$$Lambda$384/0x00000001332e18f0@e0aef1f in QueuedThreadPool[Jetty (JenkinsRule)]@2ec4a31a{STOPPING,8<=0<=200,i=10,r=-1,q=0}[NO_TRY]
18:14:27.382 [Jetty (JenkinsRule)-306] DEBUG org.eclipse.jetty.util.thread.QueuedThreadPool -- run org.eclipse.jetty.util.thread.QueuedThreadPool$$Lambda$384/0x00000001332e18f0@e0aef1f in QueuedThreadPool[Jetty (JenkinsRule)]@2ec4a31a{STOPPING,8<=0<=200,i=10,r=-1,q=0}[NO_TRY]
18:14:27.382 [Jetty (JenkinsRule)-305] DEBUG org.eclipse.jetty.util.thread.QueuedThreadPool -- Thread[Jetty (JenkinsRule)-305,5,main] exited for QueuedThreadPool[Jetty (JenkinsRule)]@2ec4a31a{STOPPING,8<=0<=200,i=10,r=-1,q=0}[NO_TRY]
18:14:27.382 [Jetty (JenkinsRule)-303] DEBUG org.eclipse.jetty.util.thread.QueuedThreadPool -- run org.eclipse.jetty.util.thread.QueuedThreadPool$$Lambda$384/0x00000001332e18f0@e0aef1f in QueuedThreadPool[Jetty (JenkinsRule)]@2ec4a31a{STOPPING,8<=0<=200,i=10,r=-1,q=0}[NO_TRY]
18:14:27.382 [Jetty (JenkinsRule)-306] DEBUG org.eclipse.jetty.util.thread.QueuedThreadPool -- ran org.eclipse.jetty.util.thread.QueuedThreadPool$$Lambda$384/0x00000001332e18f0@e0aef1f in QueuedThreadPool[Jetty (JenkinsRule)]@2ec4a31a{STOPPING,8<=0<=200,i=10,r=-1,q=0}[NO_TRY]
18:14:27.382 [Jetty (JenkinsRule)-301] DEBUG org.eclipse.jetty.util.thread.QueuedThreadPool -- run org.eclipse.jetty.util.thread.QueuedThreadPool$$Lambda$384/0x00000001332e18f0@e0aef1f in QueuedThreadPool[Jetty (JenkinsRule)]@2ec4a31a{STOPPING,8<=0<=200,i=10,r=-1,q=0}[NO_TRY]
18:14:27.382 [Jetty (JenkinsRule)-302] DEBUG org.eclipse.jetty.util.thread.QueuedThreadPool -- run org.eclipse.jetty.util.thread.QueuedThreadPool$$Lambda$384/0x00000001332e18f0@e0aef1f in QueuedThreadPool[Jetty (JenkinsRule)]@2ec4a31a{STOPPING,8<=0<=200,i=10,r=-1,q=0}[NO_TRY]
18:14:27.382 [Jetty (JenkinsRule)-306] DEBUG org.eclipse.jetty.util.thread.QueuedThreadPool -- Thread[Jetty (JenkinsRule)-306,5,main] exited for QueuedThreadPool[Jetty (JenkinsRule)]@2ec4a31a{STOPPING,8<=0<=200,i=10,r=-1,q=0}[NO_TRY]
18:14:27.382 [Jetty (JenkinsRule)-301] DEBUG org.eclipse.jetty.util.thread.QueuedThreadPool -- ran org.eclipse.jetty.util.thread.QueuedThreadPool$$Lambda$384/0x00000001332e18f0@e0aef1f in QueuedThreadPool[Jetty (JenkinsRule)]@2ec4a31a{STOPPING,8<=0<=200,i=10,r=-1,q=0}[NO_TRY]
18:14:27.382 [Jetty (JenkinsRule)-303] DEBUG org.eclipse.jetty.util.thread.QueuedThreadPool -- ran org.eclipse.jetty.util.thread.QueuedThreadPool$$Lambda$384/0x00000001332e18f0@e0aef1f in QueuedThreadPool[Jetty (JenkinsRule)]@2ec4a31a{STOPPING,8<=0<=200,i=10,r=-1,q=0}[NO_TRY]
18:14:27.382 [Jetty (JenkinsRule)-300] DEBUG org.eclipse.jetty.util.thread.QueuedThreadPool -- run org.eclipse.jetty.util.thread.QueuedThreadPool$$Lambda$384/0x00000001332e18f0@e0aef1f in QueuedThreadPool[Jetty (JenkinsRule)]@2ec4a31a{STOPPING,8<=0<=200,i=10,r=-1,q=0}[NO_TRY]
18:14:27.382 [Jetty (JenkinsRule)-302] DEBUG org.eclipse.jetty.util.thread.QueuedThreadPool -- ran org.eclipse.jetty.util.thread.QueuedThreadPool$$Lambda$384/0x00000001332e18f0@e0aef1f in QueuedThreadPool[Jetty (JenkinsRule)]@2ec4a31a{STOPPING,8<=0<=200,i=10,r=-1,q=0}[NO_TRY]
18:14:27.382 [Jetty (JenkinsRule)-299] DEBUG org.eclipse.jetty.util.thread.QueuedThreadPool -- run org.eclipse.jetty.util.thread.QueuedThreadPool$$Lambda$384/0x00000001332e18f0@e0aef1f in QueuedThreadPool[Jetty (JenkinsRule)]@2ec4a31a{STOPPING,8<=0<=200,i=10,r=-1,q=0}[NO_TRY]
18:14:27.382 [Jetty (JenkinsRule)-301] DEBUG org.eclipse.jetty.util.thread.QueuedThreadPool -- Thread[Jetty (JenkinsRule)-301,5,main] exited for QueuedThreadPool[Jetty (JenkinsRule)]@2ec4a31a{STOPPING,8<=0<=200,i=10,r=-1,q=0}[NO_TRY]
18:14:27.382 [Jetty (JenkinsRule)-300] DEBUG org.eclipse.jetty.util.thread.QueuedThreadPool -- ran org.eclipse.jetty.util.thread.QueuedThreadPool$$Lambda$384/0x00000001332e18f0@e0aef1f in QueuedThreadPool[Jetty (JenkinsRule)]@2ec4a31a{STOPPING,8<=0<=200,i=10,r=-1,q=0}[NO_TRY]
18:14:27.382 [Jetty (JenkinsRule)-303] DEBUG org.eclipse.jetty.util.thread.QueuedThreadPool -- Thread[Jetty (JenkinsRule)-303,5,main] exited for QueuedThreadPool[Jetty (JenkinsRule)]@2ec4a31a{STOPPING,8<=0<=200,i=10,r=-1,q=0}[NO_TRY]
18:14:27.382 [Jetty (JenkinsRule)-302] DEBUG org.eclipse.jetty.util.thread.QueuedThreadPool -- Thread[Jetty (JenkinsRule)-302,5,main] exited for QueuedThreadPool[Jetty (JenkinsRule)]@2ec4a31a{STOPPING,8<=0<=200,i=10,r=-1,q=0}[NO_TRY]
18:14:27.382 [Jetty (JenkinsRule)-298] DEBUG org.eclipse.jetty.util.thread.QueuedThreadPool -- run org.eclipse.jetty.util.thread.QueuedThreadPool$$Lambda$384/0x00000001332e18f0@e0aef1f in QueuedThreadPool[Jetty (JenkinsRule)]@2ec4a31a{STOPPING,8<=0<=200,i=10,r=-1,q=0}[NO_TRY]
18:14:27.382 [Jetty (JenkinsRule)-299] DEBUG org.eclipse.jetty.util.thread.QueuedThreadPool -- ran org.eclipse.jetty.util.thread.QueuedThreadPool$$Lambda$384/0x00000001332e18f0@e0aef1f in QueuedThreadPool[Jetty (JenkinsRule)]@2ec4a31a{STOPPING,8<=0<=200,i=10,r=-1,q=0}[NO_TRY]
18:14:27.382 [Jetty (JenkinsRule)-296] DEBUG org.eclipse.jetty.util.thread.QueuedThreadPool -- run org.eclipse.jetty.util.thread.QueuedThreadPool$$Lambda$384/0x00000001332e18f0@e0aef1f in QueuedThreadPool[Jetty (JenkinsRule)]@2ec4a31a{STOPPING,8<=0<=200,i=10,r=-1,q=0}[NO_TRY]
18:14:27.382 [Jetty (JenkinsRule)-299] DEBUG org.eclipse.jetty.util.thread.QueuedThreadPool -- Thread[Jetty (JenkinsRule)-299,5,main] exited for QueuedThreadPool[Jetty (JenkinsRule)]@2ec4a31a{STOPPING,8<=0<=200,i=10,r=-1,q=0}[NO_TRY]
18:14:27.382 [Jetty (JenkinsRule)-296] DEBUG org.eclipse.jetty.util.thread.QueuedThreadPool -- ran org.eclipse.jetty.util.thread.QueuedThreadPool$$Lambda$384/0x00000001332e18f0@e0aef1f in QueuedThreadPool[Jetty (JenkinsRule)]@2ec4a31a{STOPPING,8<=0<=200,i=10,r=-1,q=0}[NO_TRY]
18:14:27.382 [Jetty (JenkinsRule)-297] DEBUG org.eclipse.jetty.util.thread.QueuedThreadPool -- run org.eclipse.jetty.util.thread.QueuedThreadPool$$Lambda$384/0x00000001332e18f0@e0aef1f in QueuedThreadPool[Jetty (JenkinsRule)]@2ec4a31a{STOPPING,8<=0<=200,i=10,r=-1,q=0}[NO_TRY]
18:14:27.382 [Jetty (JenkinsRule)-296] DEBUG org.eclipse.jetty.util.thread.QueuedThreadPool -- Thread[Jetty (JenkinsRule)-296,5,main] exited for QueuedThreadPool[Jetty (JenkinsRule)]@2ec4a31a{STOPPING,8<=0<=200,i=10,r=-1,q=0}[NO_TRY]
18:14:27.382 [Jetty (JenkinsRule)-300] DEBUG org.eclipse.jetty.util.thread.QueuedThreadPool -- Thread[Jetty (JenkinsRule)-300,5,main] exited for QueuedThreadPool[Jetty (JenkinsRule)]@2ec4a31a{STOPPING,8<=0<=200,i=10,r=-1,q=0}[NO_TRY]
18:14:27.382 [Executing mockGetSecret(org.conjur.jenkins.conjursecrets.ConjurSecretCredentialImplTest)] DEBUG org.eclipse.jetty.util.thread.QueuedThreadPool -- Waiting for Thread[Jetty (JenkinsRule)-305,5,] for 14999
18:14:27.382 [Jetty (JenkinsRule)-297] DEBUG org.eclipse.jetty.util.thread.QueuedThreadPool -- ran org.eclipse.jetty.util.thread.QueuedThreadPool$$Lambda$384/0x00000001332e18f0@e0aef1f in QueuedThreadPool[Jetty (JenkinsRule)]@2ec4a31a{STOPPING,8<=0<=200,i=10,r=-1,q=0}[NO_TRY]
18:14:27.382 [Jetty (JenkinsRule)-298] DEBUG org.eclipse.jetty.util.thread.QueuedThreadPool -- ran org.eclipse.jetty.util.thread.QueuedThreadPool$$Lambda$384/0x00000001332e18f0@e0aef1f in QueuedThreadPool[Jetty (JenkinsRule)]@2ec4a31a{STOPPING,8<=0<=200,i=10,r=-1,q=0}[NO_TRY]
18:14:27.382 [Executing mockGetSecret(org.conjur.jenkins.conjursecrets.ConjurSecretCredentialImplTest)] DEBUG org.eclipse.jetty.util.thread.QueuedThreadPool -- Waiting for Thread[Jetty (JenkinsRule)-306,5,] for 14999
18:14:27.382 [Jetty (JenkinsRule)-297] DEBUG org.eclipse.jetty.util.thread.QueuedThreadPool -- Thread[Jetty (JenkinsRule)-297,5,main] exited for QueuedThreadPool[Jetty (JenkinsRule)]@2ec4a31a{STOPPING,8<=0<=200,i=10,r=-1,q=0}[NO_TRY]
18:14:27.382 [Jetty (JenkinsRule)-298] DEBUG org.eclipse.jetty.util.thread.QueuedThreadPool -- Thread[Jetty (JenkinsRule)-298,5,main] exited for QueuedThreadPool[Jetty (JenkinsRule)]@2ec4a31a{STOPPING,8<=0<=200,i=10,r=-1,q=0}[NO_TRY]
18:14:27.382 [Executing mockGetSecret(org.conjur.jenkins.conjursecrets.ConjurSecretCredentialImplTest)] DEBUG org.eclipse.jetty.util.thread.QueuedThreadPool -- Waiting for Thread[Jetty (JenkinsRule)-298,5,main] for 14999
18:14:27.382 [Executing mockGetSecret(org.conjur.jenkins.conjursecrets.ConjurSecretCredentialImplTest)] DEBUG org.eclipse.jetty.util.component.AbstractLifeCycle -- STOPPED QueuedThreadPool[Jetty (JenkinsRule)]@2ec4a31a{STOPPED,8<=0<=200,i=10,r=-1,q=0}[NO_TRY]
18:14:27.382 [Executing mockGetSecret(org.conjur.jenkins.conjursecrets.ConjurSecretCredentialImplTest)] DEBUG org.eclipse.jetty.util.component.AbstractLifeCycle -- STOPPED Server@243cc86a{STOPPED}[9.4.48.v20220622]
]]></system-out>
    <system-err><![CDATA[   0.022 [id=295]	INFO	o.jvnet.hudson.test.JenkinsRule#createWebServer: Running on http://localhost:51429/jenkins/
   0.082 [id=310]	INFO	jenkins.InitReactorRunner$1#onAttained: Started initialization
   0.083 [id=325]	INFO	jenkins.InitReactorRunner$1#onAttained: Listed all plugins
   0.215 [id=337]	INFO	jenkins.InitReactorRunner$1#onAttained: Prepared all plugins
   0.217 [id=323]	INFO	jenkins.InitReactorRunner$1#onAttained: Started all plugins
   0.217 [id=323]	INFO	jenkins.InitReactorRunner$1#onAttained: Augmented all extensions
   0.404 [id=311]	INFO	jenkins.InitReactorRunner$1#onAttained: System config loaded
   0.404 [id=328]	INFO	jenkins.InitReactorRunner$1#onAttained: System config adapted
   0.404 [id=328]	INFO	jenkins.InitReactorRunner$1#onAttained: Loaded all jobs
   0.405 [id=310]	INFO	jenkins.InitReactorRunner$1#onAttained: Configuration for all jobs updated
   0.428 [id=334]	INFO	jenkins.InitReactorRunner$1#onAttained: Completed initialization
   0.647 [id=295]	INFO	hudson.lifecycle.Lifecycle#onStatusUpdate: Stopping Jenkins
   0.728 [id=295]	INFO	hudson.lifecycle.Lifecycle#onStatusUpdate: Jenkins stopped
]]></system-err>
  </testcase>
</testsuite>